  -8.861 -13.993 -13.993
  -8.599 -14.102 -14.102
  -8.442 -14.043 -14.043
  -8.329 -14.347 -14.347
  -8.239 -14.278 -14.278
  -8.166 -14.451 -14.451
  -8.103 -14.434 -14.434
  -8.048 -14.502 -14.502
  -7.999 -14.490 -14.490
  -7.955 -14.577 -14.577
  -7.916 -14.572 -14.572
  -7.879 -14.594 -14.594
  -7.846 -14.598 -14.598
  -7.815 -14.866 -14.866
  -7.786 -14.320 -14.953
  -7.758 -14.938 -14.938
  -7.733 -14.673 -14.940
  -7.709 -14.621 -14.784
  -7.686 -14.658 -14.925
  -7.664 -14.599 -14.840
  -7.643 -14.845 -15.048
  -7.624 -15.204 -15.204
  -7.605 -14.952 -14.952
  -7.586 -15.266 -15.266
  -7.569 -15.125 -15.125
  -7.552 -15.293 -15.293
  -7.536 -15.200 -15.200
  -7.521 -15.306 -15.306
  -7.506 -15.269 -15.269
  -7.491 -15.383 -15.383
  -7.477 -15.312 -15.312
  -7.464 -15.498 -15.498
  -7.451 -15.419 -15.419
  -7.438 -15.188 -15.188
  -7.425 -15.646 -15.646
  -7.413 -15.028 -15.265
  -7.401 -15.478 -15.478
  -7.390 -15.569 -15.569
  -7.379 -14.858 -15.172
  -7.368 -15.343 -15.657
  -7.357 -15.665 -15.665
  -7.347 -15.160 -15.160
  -7.337 -15.544 -15.544
  -7.327 -15.279 -15.697
  -7.317 -15.392 -15.392
  -7.308 -15.194 -15.420
  -7.299 -15.664 -15.664
  -7.290 -16.003 -16.003
  -7.281 -15.873 -15.873
  -7.272 -15.492 -15.849
  -7.264 -14.471 -15.032
  -7.255 -15.873 -15.873
  -7.247 -15.635 -15.954
  -7.239 -15.271 -16.052
  -7.231 -15.911 -15.911
  -7.223 -15.240 -15.704
  -7.216 -15.621 -15.809
  -7.208 -15.127 -15.493
  -7.201 -15.292 -15.847
  -7.194 -15.860 -15.860
  -7.187 -16.072 -16.283
  -7.180 -15.722 -15.918
  -7.173 -16.087 -16.087
  -7.166 -15.697 -15.697
  -7.159 -14.102 -15.911
  -7.153 -15.699 -15.699
  -7.146 -15.388 -15.797
  -7.140 -14.867 -15.994
  -7.133 -15.728 -15.991
  -7.127 -16.019 -16.259
  -7.121 -14.627 -16.107
  -7.115 -16.015 -16.319
  -7.109 -16.282 -16.282
  -7.103 -16.194 -16.194
  -7.098 -15.674 -16.247
  -7.092 -15.902 -15.902
  -7.086 -15.994 -16.384
  -7.081 -15.745 -15.957
  -7.075 -15.547 -16.072
  -7.070 -16.030 -16.267
  -7.064 -16.611 -16.611
  -7.059 -15.597 -16.120
  -7.054 -16.272 -16.272
  -7.049 -16.269 -16.269
  -7.043 -16.192 -16.192
  -7.038 -15.940 -15.940
  -7.033 -16.540 -16.711
  -7.029 -15.331 -15.510
  -7.024 -15.667 -16.370
  -7.019 -16.531 -16.531
  -7.014 -15.670 -15.856
  -7.009 -16.406 -16.406
  -7.005 -16.419 -16.575
  -7.000 -16.017 -16.186
  -6.995 -16.368 -16.595
  -6.991 -15.822 -16.355
  -6.986 -16.257 -16.792
  -6.982 -15.837 -16.159
  -6.978 -16.459 -16.459
  -6.973 -15.856 -16.145
  -6.969 -15.145 -16.234
  -6.965 -16.416 -16.416
  -6.961 -16.834 -49.500
  -6.956 -16.381 -16.583
  -6.952 -16.095 -16.383
  -6.948 -16.836 -17.008
  -6.944 -16.125 -16.851
  -6.940 -16.541 -16.775
  -6.936 -16.486 -16.486
  -6.932 -16.315 -16.768
  -6.928 -15.386 -16.605
  -6.924 -15.989 -16.154
  -6.920 -49.500     NaN
  -6.917 -16.646 -16.990
  -6.913 -15.110 -17.223
  -6.909 -16.412 -16.412
  -6.905 -16.534 -16.534
  -6.902 -16.755 -49.500
  -6.898 -16.454 -16.454
  -6.894 -16.508 -16.839
  -6.891 -16.492 -16.744
  -6.887 -16.635 -22.267
  -6.884 -16.154 -49.500
  -6.880 -15.904 -16.539
  -6.877 -16.509 -16.509
  -6.873 -49.500     NaN
  -6.870 -16.735 -49.500
  -6.867 -16.498 -16.498
  -6.863 -16.850 -49.500
  -6.860 -16.063 -49.500
  -6.857 -16.211 -16.498
  -6.853 -16.766 -49.500
  -6.850 -16.463 -16.875
  -6.847 -16.348 -17.100
  -6.844 -16.674 -49.500
  -6.840 -15.795 -49.500
  -6.837 -16.727 -49.500
  -6.834 -49.500 -49.500
  -6.831 -16.744 -17.181
  -6.828 -16.527 -16.527
  -6.825 -16.648 -49.500
  -6.822 -16.369 -49.500
  -6.819 -14.761 -16.175
  -6.816 -16.834 -49.500
  -6.813 -16.890 -49.500
  -6.810 -16.111 -16.266
  -6.807 -16.076 -16.551
  -6.804 -49.500     NaN
  -6.801 -15.868 -16.942
  -6.798 -49.500     NaN
  -6.795 -49.500     NaN
  -6.792 -16.158 -49.500
  -6.789 -16.442 -49.500
  -6.787 -49.500     NaN
  -6.784 -49.500     NaN
  -6.781 -49.500     NaN
  -6.778 -16.403 -16.403
  -6.775 -15.481 -49.500
  -6.773 -49.500     NaN
  -6.770 -16.320 -16.869
  -6.767 -14.079 -16.002
  -6.765 -49.500     NaN
  -6.762 -49.500     NaN
  -6.759 -16.684 -17.005
  -6.757 -49.500     NaN
  -6.754 -16.449 -49.500
  -6.751 -15.917 -15.917
  -6.749 -16.452 -49.500
  -6.746 -16.140 -49.500
  -6.744 -16.641 -49.500
  -6.741 -15.361 -16.073
  -6.739 -16.835 -49.500
  -6.736 -49.500 -49.500
  -6.734 -16.951 -49.500
  -6.731 -49.500     NaN
  -6.729 -16.391 -16.653
  -6.726 -16.231 -16.487
  -6.724 -49.500     NaN
  -6.721 -49.500 -49.500
  -6.719 -49.500     NaN
  -6.717 -16.628 -16.628
  -6.714 -16.663 -49.500
  -6.712 -16.425 -16.747
  -6.709 -49.500 -49.500
  -6.707 -49.500 -49.500
  -6.705 -16.768 -49.500
  -6.702 -49.500     NaN
  -6.700 -49.500     NaN
  -6.698 -15.211 -49.500
  -6.696 -16.611 -16.611
  -6.693 -16.352 -49.500
  -6.691 -49.500     NaN
  -6.689 -49.500     NaN
  -6.687 -49.500 -49.500
  -6.684 -49.500 -49.500
  -6.682 -49.500 -49.500
  -6.680 -49.500 -49.500
  -6.678 -49.500 -49.500
  -6.675 -15.644 -49.500
  -6.673 -49.500 -49.500
  -6.671 -49.500 -49.500
  -6.669 -49.500 -49.500
  -6.667 -16.372 -16.372
  -6.665 -16.262 -16.707
  -6.663 -49.500 -49.500
  -6.661 -49.500 -49.500
  -6.658 -49.500 -49.500
  -6.656 -49.500 -49.500
  -6.654 -49.500 -49.500
  -6.652 -49.500 -49.500
  -6.650 -49.500     NaN
  -6.648 -49.500 -49.500
  -6.646 -49.500 -49.500
  -6.644 -49.500 -49.500
  -6.642 -49.500 -49.500
  -6.640 -49.500 -49.500
  -6.638 -49.500     NaN
  -6.636 -49.500 -49.500
  -6.634 -49.500 -49.500
  -6.632 -49.500 -49.500
  -6.630 -49.500 -49.500
  -6.628 -49.500     NaN
  -6.626 -49.500 -49.500
  -6.624 -15.998 -15.998
  -6.622 -15.881 -15.881
  -6.620 -49.500     NaN
  -6.618 -49.500 -49.500
  -6.617 -49.500 -49.500
  -6.615 -49.500 -49.500
  -6.613 -49.500 -49.500
  -6.611 -15.895 -49.500
  -6.609 -49.500 -49.500
  -6.607 -49.500 -49.500
  -6.605 -16.542 -49.500
  -6.603 -49.500 -49.500
  -6.602 -49.500 -49.500
  -6.600 -49.500     NaN
  -6.598 -49.500 -49.500
  -6.596 -49.500 -49.500
  -6.594 -49.500 -49.500
