  -8.861 -13.971 -13.971
  -8.599 -14.090 -14.090
  -8.442 -14.092 -14.092
  -8.329 -14.263 -14.263
  -8.239 -14.333 -14.333
  -8.166 -14.430 -14.430
  -8.103 -14.498 -14.498
  -8.048 -14.470 -14.470
  -7.999 -14.543 -14.543
  -7.955 -14.691 -14.691
  -7.916 -14.617 -14.617
  -7.879 -14.802 -14.802
  -7.846 -14.363 -14.618
  -7.815 -14.738 -14.738
  -7.786 -14.697 -14.697
  -7.758 -14.696 -14.696
  -7.733 -14.790 -14.790
  -7.709 -14.764 -14.764
  -7.686 -14.916 -14.916
  -7.664 -14.817 -14.817
  -7.643 -15.011 -15.192
  -7.624 -14.700 -14.700
  -7.605 -14.940 -15.169
  -7.586 -15.216 -15.216
  -7.569 -14.699 -15.122
  -7.552 -14.910 -14.910
  -7.536 -14.972 -14.972
  -7.521 -14.938 -15.118
  -7.506 -14.894 -14.894
  -7.491 -14.898 -15.281
  -7.477 -15.332 -15.509
  -7.464 -15.003 -15.003
  -7.451 -15.034 -15.034
  -7.438 -15.387 -15.387
  -7.425 -14.991 -15.338
  -7.413 -15.077 -15.366
  -7.401 -15.359 -15.359
  -7.390 -15.170 -15.449
  -7.379 -15.723 -15.723
  -7.368 -15.381 -15.381
  -7.357 -15.024 -15.297
  -7.347 -15.617 -15.617
  -7.337 -14.451 -15.238
  -7.327 -15.412 -15.412
  -7.317 -15.725 -15.725
  -7.308 -15.785 -15.785
  -7.299 -14.889 -15.493
  -7.290 -15.701 -15.701
  -7.281 -15.728 -15.728
  -7.272 -15.506 -15.671
  -7.264 -15.833 -15.833
  -7.255 -15.414 -15.694
  -7.247 -14.717 -15.603
  -7.239 -15.963 -15.963
  -7.231 -15.614 -15.793
  -7.223 -15.893 -15.893
  -7.216 -16.015 -16.015
  -7.208 -15.470 -15.807
  -7.201 -15.881 -16.215
  -7.194 -16.087 -16.087
  -7.187 -15.846 -15.846
  -7.180 -15.703 -15.703
  -7.173 -15.277 -15.657
  -7.166 -15.490 -15.490
  -7.159 -15.625 -15.625
  -7.153 -15.331 -15.571
  -7.146 -15.799 -15.799
  -7.140 -15.953 -15.953
  -7.133 -16.267 -16.267
  -7.127 -14.784 -15.969
  -7.121 -15.790 -16.040
  -7.115 -15.704 -15.971
  -7.109 -15.991 -15.991
  -7.103 -15.940 -16.115
  -7.098 -15.799 -16.068
  -7.092 -15.912 -16.188
  -7.086 -15.745 -15.982
  -7.081 -15.465 -16.012
  -7.075 -15.911 -16.229
  -7.070 -16.130 -16.354
  -7.064 -16.009 -16.182
  -7.059 -15.843 -16.052
  -7.054 -15.583 -15.583
  -7.049 -16.104 -16.104
  -7.043 -15.565 -16.046
  -7.038 -16.261 -16.426
  -7.033 -15.981 -16.213
  -7.029 -16.445 -16.618
  -7.024 -16.030 -16.645
  -7.019 -16.072 -16.576
  -7.014 -16.407 -16.632
  -7.009 -16.023 -16.023
  -7.005 -16.287 -16.473
  -7.000 -16.259 -16.463
  -6.995 -15.623 -16.185
  -6.991 -16.094 -16.476
  -6.986 -16.155 -16.903
  -6.982 -14.799 -15.690
  -6.978 -15.740 -16.692
  -6.973 -16.040 -16.040
  -6.969 -15.933 -16.131
  -6.965 -16.200 -16.200
  -6.961 -16.464 -16.464
  -6.956 -15.529 -16.244
  -6.952 -15.881 -16.664
  -6.948 -15.681 -49.500
  -6.944 -16.344 -16.600
  -6.940 -16.336 -16.585
  -6.936 -16.596 -16.596
  -6.932 -16.369 -16.778
  -6.928 -16.506 -16.506
  -6.924 -16.750 -16.750
  -6.920 -15.635 -16.487
  -6.917 -15.839 -16.587
  -6.913 -15.660 -15.947
  -6.909 -16.266 -16.266
  -6.905 -16.190 -16.190
  -6.902 -16.511 -16.874
  -6.898 -15.663 -16.764
  -6.894 -15.944 -16.546
  -6.891 -16.162 -16.361
  -6.887 -16.226 -16.455
  -6.884 -17.201 -49.500
  -6.880 -16.690 -17.076
  -6.877 -15.789 -49.500
  -6.873 -16.991 -49.500
  -6.870 -49.500     NaN
  -6.867 -14.962 -16.368
  -6.863 -16.293 -16.847
  -6.860 -16.472 -16.675
  -6.857 -16.512 -17.022
  -6.853 -15.801 -16.084
  -6.850 -17.139 -49.500
  -6.847 -16.379 -16.567
  -6.844 -16.646 -17.082
  -6.840 -16.984 -49.500
  -6.837 -15.445 -16.086
  -6.834 -17.048 -49.500
  -6.831 -49.500     NaN
  -6.828 -16.230 -16.525
  -6.825 -49.500     NaN
  -6.822 -17.008 -49.500
  -6.819 -49.500     NaN
  -6.816 -16.453 -16.453
  -6.813 -16.632 -49.500
  -6.810 -49.500     NaN
  -6.807 -16.576 -49.500
  -6.804 -16.391 -16.613
  -6.801 -16.991 -49.500
  -6.798 -16.360 -16.909
  -6.795 -16.555 -49.500
  -6.792 -15.865 -16.822
  -6.789 -49.500     NaN
  -6.787 -16.375 -16.375
  -6.784 -16.961 -16.961
  -6.781 -15.915 -16.697
  -6.778 -49.500     NaN
  -6.775 -16.784 -49.500
  -6.773 -49.500     NaN
  -6.770 -49.500     NaN
  -6.767 -49.500     NaN
  -6.765 -49.500 -49.500
  -6.762 -49.500 -49.500
  -6.759 -16.311 -16.462
  -6.757 -15.945 -16.439
  -6.754 -16.826 -49.500
  -6.751 -49.500 -49.500
  -6.749 -16.703 -49.500
  -6.746 -16.509 -49.500
  -6.744 -16.624 -16.923
  -6.741 -16.408 -49.500
  -6.739 -16.263 -49.500
  -6.736 -16.405 -49.500
  -6.734 -16.499 -49.500
  -6.731 -16.498 -49.500
  -6.729 -49.500 -49.500
  -6.726 -16.902 -17.194
  -6.724 -49.500 -49.500
  -6.721 -16.302 -16.568
  -6.719 -49.500     NaN
  -6.717 -49.500 -49.500
  -6.714 -49.500 -49.500
  -6.712 -49.500 -49.500
  -6.709 -16.195 -16.195
  -6.707 -49.500     NaN
  -6.705 -49.500     NaN
  -6.702 -49.500 -49.500
  -6.700 -49.500 -49.500
  -6.698 -16.074 -49.500
  -6.696 -16.859 -16.859
  -6.693 -49.500     NaN
  -6.691 -49.500 -49.500
  -6.689 -49.500     NaN
  -6.687 -49.500     NaN
  -6.684 -49.500 -49.500
  -6.682 -49.500 -49.500
  -6.680 -49.500     NaN
  -6.678 -16.722 -49.500
  -6.675 -16.096 -16.096
  -6.673 -49.500     NaN
  -6.671 -16.635 -49.500
  -6.669 -15.681 -49.500
  -6.667 -49.500     NaN
  -6.665 -16.481 -49.500
  -6.663 -49.500     NaN
  -6.661 -49.500 -49.500
  -6.658 -49.500 -49.500
  -6.656 -16.948 -49.500
  -6.654 -49.500 -49.500
  -6.652 -16.503 -16.503
  -6.650 -16.589 -16.589
  -6.648 -49.500 -49.500
  -6.646 -49.500 -49.500
  -6.644 -49.500 -49.500
  -6.642 -15.829 -49.500
  -6.640 -49.500 -49.500
  -6.638 -49.500 -49.500
  -6.636 -49.500 -49.500
  -6.634 -49.500 -49.500
  -6.632 -16.209 -16.209
  -6.630 -49.500 -49.500
  -6.628 -49.500 -49.500
  -6.626 -49.500 -49.500
  -6.624 -49.500 -49.500
  -6.622 -49.500 -49.500
  -6.620 -49.500 -49.500
  -6.618 -16.434 -49.500
  -6.617 -49.500     NaN
  -6.615 -49.500 -49.500
  -6.613 -49.500 -49.500
  -6.611 -16.273 -49.500
  -6.609 -49.500 -49.500
  -6.607 -49.500 -49.500
  -6.605 -49.500 -49.500
  -6.603 -49.500 -49.500
  -6.602 -15.539 -15.539
  -6.600 -49.500 -49.500
  -6.598 -16.615 -49.500
  -6.596 -16.041 -16.041
  -6.594 -49.500 -49.500
