  -8.861 -13.977 -13.977
  -8.599 -14.042 -14.042
  -8.442 -14.257 -14.257
  -8.329 -14.375 -14.375
  -8.239 -14.392 -14.392
  -8.166 -14.380 -14.380
  -8.103 -14.185 -14.518
  -8.048 -14.487 -14.487
  -7.999 -14.613 -14.613
  -7.955 -14.709 -14.709
  -7.916 -14.624 -14.624
  -7.879 -14.682 -14.682
  -7.846 -14.842 -14.842
  -7.815 -14.544 -14.544
  -7.786 -14.793 -14.793
  -7.758 -14.835 -14.835
  -7.733 -14.802 -14.802
  -7.709 -14.918 -14.918
  -7.686 -14.693 -14.950
  -7.664 -14.958 -14.958
  -7.643 -14.857 -14.857
  -7.624 -14.987 -14.987
  -7.605 -14.438 -14.999
  -7.586 -14.962 -15.154
  -7.569 -14.764 -14.764
  -7.552 -15.253 -15.253
  -7.536 -15.093 -15.263
  -7.521 -14.836 -15.300
  -7.506 -14.796 -14.796
  -7.491 -15.137 -15.386
  -7.477 -15.178 -15.178
  -7.464 -14.945 -15.410
  -7.451 -14.549 -15.249
  -7.438 -14.759 -14.947
  -7.425 -15.560 -15.560
  -7.413 -14.991 -15.538
  -7.401 -15.251 -15.251
  -7.390 -15.162 -15.403
  -7.379 -15.357 -15.357
  -7.368 -15.326 -15.326
  -7.357 -15.562 -15.562
  -7.347 -15.418 -15.569
  -7.337 -15.461 -15.763
  -7.327 -15.643 -15.643
  -7.317 -15.478 -15.778
  -7.308 -15.318 -15.573
  -7.299 -15.222 -15.488
  -7.290 -15.486 -15.486
  -7.281 -15.600 -15.851
  -7.272 -15.619 -15.619
  -7.264 -14.841 -15.560
  -7.255 -15.923 -15.923
  -7.247 -15.549 -15.549
  -7.239 -14.810 -15.505
  -7.231 -15.565 -15.726
  -7.223 -15.425 -15.425
  -7.216 -15.171 -15.171
  -7.208 -15.797 -15.797
  -7.201 -15.603 -15.974
  -7.194 -15.912 -15.912
  -7.187 -16.059 -16.059
  -7.180 -15.877 -16.030
  -7.173 -15.612 -16.008
  -7.166 -15.894 -15.894
  -7.159 -15.448 -15.760
  -7.153 -15.956 -15.956
  -7.146 -16.319 -16.319
  -7.140 -15.939 -15.939
  -7.133 -15.194 -15.194
  -7.127 -15.647 -15.974
  -7.121 -14.817 -16.182
  -7.115 -15.485 -15.672
  -7.109 -15.125 -16.263
  -7.103 -16.153 -16.343
  -7.098 -16.023 -16.023
  -7.092 -15.445 -15.891
  -7.086 -15.398 -15.679
  -7.081 -15.795 -16.182
  -7.075 -15.589 -16.053
  -7.070 -16.479 -16.707
  -7.064 -14.964 -15.910
  -7.059 -16.273 -16.273
  -7.054 -16.222 -16.484
  -7.049 -15.245 -15.462
  -7.043 -15.639 -16.194
  -7.038 -16.159 -16.159
  -7.033 -15.839 -16.368
  -7.029 -15.083 -15.295
  -7.024 -16.420 -16.725
  -7.019 -16.240 -16.473
  -7.014 -16.263 -16.483
  -7.009 -16.499 -16.499
  -7.005 -16.306 -16.306
  -7.000 -16.090 -16.090
  -6.995 -16.200 -16.727
  -6.991 -16.148 -16.148
  -6.986 -15.984 -16.407
  -6.982 -15.476 -16.127
  -6.978 -15.375 -15.804
  -6.973 -16.542 -16.542
  -6.969 -16.808 -49.500
  -6.965 -15.788 -16.965
  -6.961 -16.309 -16.492
  -6.956 -15.688 -16.912
  -6.952 -16.364 -16.519
  -6.948 -16.606 -16.801
  -6.944 -15.495 -16.132
  -6.940 -15.792 -16.340
  -6.936 -16.634 -17.307
  -6.932 -49.500     NaN
  -6.928 -15.676 -16.371
  -6.924 -16.555 -16.555
  -6.920 -16.952 -17.107
  -6.917 -16.253 -16.424
  -6.913 -16.322 -16.577
  -6.909 -16.583 -16.808
  -6.905 -15.792 -17.020
  -6.902 -15.962 -16.774
  -6.898 -16.613 -16.885
  -6.894 -16.207 -16.691
  -6.891 -16.653 -49.500
  -6.887 -16.754 -17.128
  -6.884 -49.500     NaN
  -6.880 -16.259 -16.425
  -6.877 -16.588 -49.500
  -6.873 -15.207 -49.500
  -6.870 -16.583 -16.814
  -6.867 -15.607 -16.589
  -6.863 -16.431 -49.500
  -6.860 -16.042 -16.231
  -6.857 -16.304 -16.653
  -6.853 -16.456 -16.456
  -6.850 -16.566 -49.500
  -6.847 -16.461 -16.711
  -6.844 -17.157 -49.500
  -6.840 -49.500 -49.500
  -6.837 -16.263 -49.500
  -6.834 -15.789 -49.500
  -6.831 -16.204 -16.511
  -6.828 -16.760 -17.084
  -6.825 -16.234 -16.761
  -6.822 -16.639 -49.500
  -6.819 -16.858 -49.500
  -6.816 -16.544 -16.791
  -6.813 -49.500     NaN
  -6.810 -16.477 -16.655
  -6.807 -16.127 -16.925
  -6.804 -16.367 -49.500
  -6.801 -16.148 -16.148
  -6.798 -15.909 -16.345
  -6.795 -16.464 -49.500
  -6.792 -15.865 -16.701
  -6.789 -16.627 -17.009
  -6.787 -16.099 -16.694
  -6.784 -16.595 -49.500
  -6.781 -15.802 -16.952
  -6.778 -16.217 -16.448
  -6.775 -16.815 -49.500
  -6.773 -49.500     NaN
  -6.770 -15.303 -49.500
  -6.767 -16.329 -49.500
  -6.765 -16.858 -16.858
  -6.762 -16.253 -49.500
  -6.759 -49.500     NaN
  -6.757 -16.245 -16.704
  -6.754 -49.500     NaN
  -6.751 -49.500     NaN
  -6.749 -16.931 -49.500
  -6.746 -49.500     NaN
  -6.744 -49.500 -49.500
  -6.741 -49.500     NaN
  -6.739 -16.391 -16.391
  -6.736 -49.500     NaN
  -6.734 -16.724 -49.500
  -6.731 -49.500     NaN
  -6.729 -16.331 -16.695
  -6.726 -17.169 -49.500
  -6.724 -49.500     NaN
  -6.721 -16.730 -49.500
  -6.719 -16.483 -16.483
  -6.717 -49.500 -49.500
  -6.714 -49.500 -49.500
  -6.712 -49.500     NaN
  -6.709 -16.717 -49.500
  -6.707 -49.500     NaN
  -6.705 -49.500     NaN
  -6.702 -16.505 -49.500
  -6.700 -49.500 -49.500
  -6.698 -16.659 -16.659
  -6.696 -16.256 -49.500
  -6.693 -49.500     NaN
  -6.691 -49.500 -49.500
  -6.689 -16.184 -16.184
  -6.687 -49.500 -49.500
  -6.684 -16.420 -16.420
  -6.682 -49.500     NaN
  -6.680 -49.500     NaN
  -6.678 -16.072 -49.500
  -6.675 -49.500     NaN
  -6.673 -49.500     NaN
  -6.671 -49.500 -49.500
  -6.669 -49.500 -49.500
  -6.667 -49.500 -49.500
  -6.665 -49.500 -49.500
  -6.663 -49.500 -49.500
  -6.661 -49.500 -49.500
  -6.658 -49.500 -49.500
  -6.656 -16.226 -16.226
  -6.654 -49.500 -49.500
  -6.652 -49.500 -49.500
  -6.650 -49.500 -49.500
  -6.648 -49.500 -49.500
  -6.646 -49.500 -49.500
  -6.644 -16.456 -16.456
  -6.642 -49.500 -49.500
  -6.640 -49.500     NaN
  -6.638 -49.500 -49.500
  -6.636 -16.644 -49.500
  -6.634 -49.500 -49.500
  -6.632 -49.500     NaN
  -6.630 -49.500     NaN
  -6.628 -14.951 -14.951
  -6.626 -49.500 -49.500
  -6.624 -17.045 -17.045
  -6.622 -49.500 -49.500
  -6.620 -49.500 -49.500
  -6.618 -49.500 -49.500
  -6.617 -49.500 -49.500
  -6.615 -49.500 -49.500
  -6.613 -49.500 -49.500
  -6.611 -49.500 -49.500
  -6.609 -49.500 -49.500
  -6.607 -49.500 -49.500
  -6.605 -49.500 -49.500
  -6.603 -49.500 -49.500
  -6.602 -49.500 -49.500
  -6.600 -16.085 -16.085
  -6.598 -49.500 -49.500
  -6.596 -49.500 -49.500
  -6.594 -49.500     NaN
