  -8.861 -13.994 -13.994
  -8.599 -14.091 -14.091
  -8.442 -14.206 -14.206
  -8.329 -14.252 -14.252
  -8.239 -14.360 -14.360
  -8.166 -14.439 -14.439
  -8.103 -14.454 -14.454
  -8.048 -14.582 -14.582
  -7.999 -14.596 -14.596
  -7.955 -14.641 -14.641
  -7.916 -14.720 -14.720
  -7.879 -14.398 -14.562
  -7.846 -14.346 -14.760
  -7.815 -14.682 -14.682
  -7.786 -14.895 -14.895
  -7.758 -14.844 -15.015
  -7.733 -14.950 -14.950
  -7.709 -14.871 -14.871
  -7.686 -15.002 -15.002
  -7.664 -14.967 -15.142
  -7.643 -14.785 -14.785
  -7.624 -15.159 -15.159
  -7.605 -15.025 -15.238
  -7.586 -14.564 -15.091
  -7.569 -14.976 -15.140
  -7.552 -15.001 -15.404
  -7.536 -15.208 -15.208
  -7.521 -15.297 -15.297
  -7.506 -15.100 -15.100
  -7.491 -15.375 -15.375
  -7.477 -15.186 -15.186
  -7.464 -15.113 -15.414
  -7.451 -15.191 -15.191
  -7.438 -15.214 -15.379
  -7.425 -15.526 -15.526
  -7.413 -15.104 -15.382
  -7.401 -14.880 -15.042
  -7.390 -15.369 -15.369
  -7.379 -15.552 -15.552
  -7.368 -15.371 -15.371
  -7.357 -14.827 -15.402
  -7.347 -15.496 -15.496
  -7.337 -15.512 -15.512
  -7.327 -15.372 -15.671
  -7.317 -15.847 -15.847
  -7.308 -15.077 -15.639
  -7.299 -15.508 -15.508
  -7.290 -15.381 -15.381
  -7.281 -15.730 -15.730
  -7.272 -15.798 -15.798
  -7.264 -15.475 -15.676
  -7.255 -15.350 -15.590
  -7.247 -15.739 -15.739
  -7.239 -15.188 -15.748
  -7.231 -15.649 -15.649
  -7.223 -15.917 -15.917
  -7.216 -15.435 -15.606
  -7.208 -15.611 -15.611
  -7.201 -15.804 -15.804
  -7.194 -15.532 -15.848
  -7.187 -15.825 -15.825
  -7.180 -15.852 -15.852
  -7.173 -15.522 -15.805
  -7.166 -14.835 -15.806
  -7.159 -15.154 -15.997
  -7.153 -15.813 -16.028
  -7.146 -15.086 -15.488
  -7.140 -16.058 -16.058
  -7.133 -16.277 -16.277
  -7.127 -16.242 -16.242
  -7.121 -16.024 -16.024
  -7.115 -15.671 -15.895
  -7.109 -15.888 -15.888
  -7.103 -15.361 -15.837
  -7.098 -15.960 -16.151
  -7.092 -14.808 -16.454
  -7.086 -15.739 -15.930
  -7.081 -15.114 -16.236
  -7.075 -15.344 -15.898
  -7.070 -15.790 -16.143
  -7.064 -15.506 -15.916
  -7.059 -16.232 -16.437
  -7.054 -16.041 -16.207
  -7.049 -16.288 -16.490
  -7.043 -14.701 -16.066
  -7.038 -16.317 -16.588
  -7.033 -15.650 -15.921
  -7.029 -16.427 -16.427
  -7.024 -15.090 -15.328
  -7.019 -16.504 -16.669
  -7.014 -16.147 -16.468
  -7.009 -16.094 -16.393
  -7.005 -16.135 -16.135
  -7.000 -16.084 -16.084
  -6.995 -15.836 -15.836
  -6.991 -15.420 -16.329
  -6.986 -16.396 -16.575
  -6.982 -15.267 -15.267
  -6.978 -15.713 -15.914
  -6.973 -15.946 -15.946
  -6.969 -15.674 -16.133
  -6.965 -16.182 -17.232
  -6.961 -14.229 -16.058
  -6.956 -15.801 -16.142
  -6.952 -16.340 -16.597
  -6.948 -16.540 -16.540
  -6.944 -16.837 -17.459
  -6.940 -16.186 -16.619
  -6.936 -16.983 -49.500
  -6.932 -15.405 -16.521
  -6.928 -15.983 -16.148
  -6.924 -16.825 -22.894
  -6.920 -16.103 -16.426
  -6.917 -16.030 -16.270
  -6.913 -15.495 -16.631
  -6.909 -15.986 -16.237
  -6.905 -16.515 -16.515
  -6.902 -15.021 -16.514
  -6.898 -16.327 -16.589
  -6.894 -16.624 -22.621
  -6.891 -49.500     NaN
  -6.887 -16.228 -16.454
  -6.884 -16.336 -16.666
  -6.880 -16.366 -17.089
  -6.877 -16.881 -49.500
  -6.873 -16.381 -49.500
  -6.870 -16.576 -16.728
  -6.867 -16.576 -17.183
  -6.863 -16.007 -16.540
  -6.860 -16.999 -49.500
  -6.857 -16.303 -16.303
  -6.853 -16.912 -49.500
  -6.850 -15.941 -16.097
  -6.847 -16.451 -16.719
  -6.844 -17.158 -49.500
  -6.840 -17.228 -49.500
  -6.837 -16.442 -16.442
  -6.834 -15.478 -16.846
  -6.831 -16.281 -16.477
  -6.828 -16.904 -17.346
  -6.825 -15.946 -16.377
  -6.822 -17.009 -49.500
  -6.819 -16.014 -16.528
  -6.816 -17.092 -49.500
  -6.813 -16.496 -16.777
  -6.810 -49.500     NaN
  -6.807 -16.722 -49.500
  -6.804 -16.890 -17.191
  -6.801 -16.455 -49.500
  -6.798 -17.201 -49.500
  -6.795 -16.952 -17.278
  -6.792 -15.052 -16.172
  -6.789 -16.261 -17.144
  -6.787 -16.375 -16.982
  -6.784 -16.216 -16.474
  -6.781 -49.500     NaN
  -6.778 -49.500     NaN
  -6.775 -49.500     NaN
  -6.773 -16.841 -49.500
  -6.770 -49.500 -49.500
  -6.767 -16.483 -49.500
  -6.765 -49.500     NaN
  -6.762 -15.978 -49.500
  -6.759 -16.106 -16.439
  -6.757 -17.280 -49.500
  -6.754 -16.213 -49.500
  -6.751 -49.500     NaN
  -6.749 -49.500 -49.500
  -6.746 -49.500     NaN
  -6.744 -17.037 -49.500
  -6.741 -49.500     NaN
  -6.739 -49.500 -49.500
  -6.736 -49.500     NaN
  -6.734 -16.478 -16.846
  -6.731 -15.950 -49.500
  -6.729 -15.518 -16.767
  -6.726 -49.500 -49.500
  -6.724 -17.061 -49.500
  -6.721 -49.500     NaN
  -6.719 -16.620 -49.500
  -6.717 -16.835 -16.835
  -6.714 -49.500 -49.500
  -6.712 -16.464 -16.464
  -6.709 -49.500     NaN
  -6.707 -16.208 -16.208
  -6.705 -16.425 -49.500
  -6.702 -49.500     NaN
  -6.700 -49.500     NaN
  -6.698 -49.500 -49.500
  -6.696 -16.648 -49.500
  -6.693 -49.500 -49.500
  -6.691 -49.500     NaN
  -6.689 -49.500 -49.500
  -6.687 -49.500 -49.500
  -6.684 -49.500     NaN
  -6.682 -16.737 -16.737
  -6.680 -49.500 -49.500
  -6.678 -17.008 -49.500
  -6.675 -16.100 -49.500
  -6.673 -49.500 -49.500
  -6.671 -16.035 -16.035
  -6.669 -49.500 -49.500
  -6.667 -49.500 -49.500
  -6.665 -49.500 -49.500
  -6.663 -49.500 -49.500
  -6.661 -49.500     NaN
  -6.658 -49.500 -49.500
  -6.656 -49.500 -49.500
  -6.654 -15.152 -15.152
  -6.652 -15.653 -49.500
  -6.650 -49.500     NaN
  -6.648 -49.500 -49.500
  -6.646 -16.414 -16.414
  -6.644 -49.500 -49.500
  -6.642 -49.500 -49.500
  -6.640 -49.500 -49.500
  -6.638 -15.991 -15.991
  -6.636 -49.500     NaN
  -6.634 -49.500 -49.500
  -6.632 -49.500 -49.500
  -6.630 -49.500     NaN
  -6.628 -49.500 -49.500
  -6.626 -49.500 -49.500
  -6.624 -16.634 -49.500
  -6.622 -49.500     NaN
  -6.620 -15.950 -49.500
  -6.618 -49.500 -49.500
  -6.617 -49.500 -49.500
  -6.615 -49.500 -49.500
  -6.613 -49.500     NaN
  -6.611 -17.014 -17.014
  -6.609 -49.500 -49.500
  -6.607 -49.500 -49.500
  -6.605 -49.500 -49.500
  -6.603 -49.500 -49.500
  -6.602 -49.500     NaN
  -6.600 -49.500 -49.500
  -6.598 -49.500 -49.500
  -6.596 -16.248 -16.248
  -6.594 -16.361 -49.500
