  -8.861 -13.959 -13.959
  -8.599 -14.124 -14.124
  -8.442 -14.199 -14.199
  -8.329 -14.323 -14.323
  -8.239 -14.400 -14.400
  -8.166 -14.411 -14.411
  -8.103 -14.393 -14.393
  -8.048 -14.468 -14.468
  -7.999 -14.657 -14.657
  -7.955 -14.484 -14.484
  -7.916 -14.794 -14.794
  -7.879 -14.534 -14.694
  -7.846 -14.668 -14.668
  -7.815 -14.794 -14.794
  -7.786 -14.745 -14.745
  -7.758 -14.691 -14.937
  -7.733 -14.831 -14.831
  -7.709 -14.896 -14.896
  -7.686 -15.060 -15.060
  -7.664 -14.948 -14.948
  -7.643 -14.975 -14.975
  -7.624 -14.894 -14.894
  -7.605 -15.112 -15.112
  -7.586 -14.746 -14.746
  -7.569 -15.096 -15.096
  -7.552 -14.866 -15.147
  -7.536 -14.783 -14.783
  -7.521 -15.345 -15.345
  -7.506 -14.684 -15.210
  -7.491 -15.317 -15.317
  -7.477 -15.248 -15.248
  -7.464 -14.910 -15.436
  -7.451 -15.429 -15.429
  -7.438 -15.494 -15.661
  -7.425 -15.402 -15.402
  -7.413 -15.241 -15.460
  -7.401 -14.982 -15.253
  -7.390 -15.214 -15.214
  -7.379 -15.464 -15.464
  -7.368 -15.313 -15.482
  -7.357 -15.894 -15.894
  -7.347 -15.440 -15.440
  -7.337 -15.039 -15.739
  -7.327 -15.345 -15.345
  -7.317 -15.246 -15.416
  -7.308 -15.804 -15.804
  -7.299 -15.564 -15.564
  -7.290 -15.378 -15.720
  -7.281 -15.353 -15.633
  -7.272 -15.822 -15.822
  -7.264 -15.360 -15.842
  -7.255 -15.721 -15.721
  -7.247 -15.638 -15.826
  -7.239 -15.214 -15.443
  -7.231 -15.467 -15.826
  -7.223 -14.390 -15.177
  -7.216 -15.621 -15.621
  -7.208 -15.604 -15.822
  -7.201 -15.815 -15.815
  -7.194 -15.062 -15.512
  -7.187 -15.872 -16.107
  -7.180 -16.256 -16.256
  -7.173 -16.070 -16.070
  -7.166 -15.881 -15.881
  -7.159 -15.587 -15.983
  -7.153 -15.956 -16.337
  -7.146 -15.983 -16.147
  -7.140 -15.065 -15.529
  -7.133 -16.103 -16.103
  -7.127 -15.932 -15.932
  -7.121 -16.082 -16.082
  -7.115 -15.928 -16.332
  -7.109 -15.599 -15.599
  -7.103 -16.021 -16.194
  -7.098 -15.630 -15.864
  -7.092 -15.711 -16.147
  -7.086 -15.810 -16.023
  -7.081 -15.928 -16.096
  -7.075 -16.517 -16.517
  -7.070 -15.730 -15.923
  -7.064 -15.245 -15.828
  -7.059 -16.399 -16.399
  -7.054 -15.511 -16.180
  -7.049 -16.103 -16.307
  -7.043 -16.137 -16.348
  -7.038 -16.104 -16.519
  -7.033 -16.002 -16.302
  -7.029 -16.259 -16.259
  -7.024 -16.188 -16.188
  -7.019 -16.118 -16.339
  -7.014 -15.976 -16.757
  -7.009 -16.119 -16.119
  -7.005 -16.416 -16.416
  -7.000 -16.066 -16.281
  -6.995 -16.133 -16.448
  -6.991 -16.319 -16.815
  -6.986 -16.713 -16.713
  -6.982 -16.349 -16.519
  -6.978 -16.207 -16.207
  -6.973 -16.328 -16.801
  -6.969 -16.639 -16.639
  -6.965 -16.578 -16.578
  -6.961 -15.748 -15.940
  -6.956 -16.501 -16.652
  -6.952 -16.265 -16.265
  -6.948 -17.075 -49.500
  -6.944 -16.128 -16.554
  -6.940 -16.431 -16.780
  -6.936 -16.009 -16.009
  -6.932 -15.612 -16.333
  -6.928 -16.233 -16.397
  -6.924 -16.290 -16.442
  -6.920 -15.342 -16.221
  -6.917 -15.841 -16.550
  -6.913 -16.454 -16.858
  -6.909 -16.075 -16.448
  -6.905 -15.420 -16.845
  -6.902 -49.500     NaN
  -6.898 -14.854 -16.744
  -6.894 -16.292 -16.508
  -6.891 -16.160 -16.361
  -6.887 -16.388 -16.555
  -6.884 -16.350 -16.994
  -6.880 -16.311 -17.162
  -6.877 -16.523 -16.735
  -6.873 -15.946 -16.478
  -6.870 -16.433 -16.643
  -6.867 -15.326 -16.410
  -6.863 -16.178 -16.736
  -6.860 -16.321 -16.734
  -6.857 -16.055 -16.343
  -6.853 -49.500     NaN
  -6.850 -16.382 -16.382
  -6.847 -49.500 -49.500
  -6.844 -15.717 -16.490
  -6.840 -49.500     NaN
  -6.837 -16.140 -16.484
  -6.834 -16.304 -16.469
  -6.831 -16.810 -17.020
  -6.828 -49.500     NaN
  -6.825 -16.807 -49.500
  -6.822 -16.335 -16.335
  -6.819 -49.500     NaN
  -6.816 -16.521 -49.500
  -6.813 -49.500     NaN
  -6.810 -16.497 -49.500
  -6.807 -16.780 -49.500
  -6.804 -16.087 -16.732
  -6.801 -16.547 -16.946
  -6.798 -49.500     NaN
  -6.795 -49.500     NaN
  -6.792 -15.966 -15.966
  -6.789 -16.887 -49.500
  -6.787 -49.500 -49.500
  -6.784 -16.563 -16.563
  -6.781 -15.613 -49.500
  -6.778 -16.236 -49.500
  -6.775 -49.500     NaN
  -6.773 -49.500     NaN
  -6.770 -15.974 -49.500
  -6.767 -16.688 -16.887
  -6.765 -15.695 -15.695
  -6.762 -49.500     NaN
  -6.759 -49.500     NaN
  -6.757 -15.150 -49.500
  -6.754 -16.282 -16.282
  -6.751 -49.500     NaN
  -6.749 -49.500     NaN
  -6.746 -16.647 -16.647
  -6.744 -49.500     NaN
  -6.741 -15.215 -49.500
  -6.739 -16.451 -16.799
  -6.736 -16.366 -16.919
  -6.734 -49.500 -49.500
  -6.731 -49.500     NaN
  -6.729 -15.830 -15.830
  -6.726 -16.784 -49.500
  -6.724 -16.474 -16.474
  -6.721 -49.500 -49.500
  -6.719 -49.500 -49.500
  -6.717 -49.500     NaN
  -6.714 -49.500 -49.500
  -6.712 -16.607 -49.500
  -6.709 -49.500 -49.500
  -6.707 -16.911 -49.500
  -6.705 -49.500 -49.500
  -6.702 -16.838 -49.500
  -6.700 -49.500     NaN
  -6.698 -49.500 -49.500
  -6.696 -49.500     NaN
  -6.693 -16.328 -49.500
  -6.691 -15.947 -15.947
  -6.689 -49.500     NaN
  -6.687 -49.500 -49.500
  -6.684 -16.836 -49.500
  -6.682 -49.500     NaN
  -6.680 -16.428 -49.500
  -6.678 -16.519 -16.519
  -6.675 -16.485 -49.500
  -6.673 -49.500     NaN
  -6.671 -49.500 -49.500
  -6.669 -16.208 -16.415
  -6.667 -49.500 -49.500
  -6.665 -15.995 -49.500
  -6.663 -16.665 -49.500
  -6.661 -16.298 -49.500
  -6.658 -49.500 -49.500
  -6.656 -49.500 -49.500
  -6.654 -49.500 -49.500
  -6.652 -49.500 -49.500
  -6.650 -49.500 -49.500
  -6.648 -49.500 -49.500
  -6.646 -49.500 -49.500
  -6.644 -49.500     NaN
  -6.642 -16.546 -16.546
  -6.640 -16.732 -49.500
  -6.638 -49.500 -49.500
  -6.636 -16.373 -49.500
  -6.634 -16.601 -16.601
  -6.632 -49.500 -49.500
  -6.630 -17.007 -17.007
  -6.628 -49.500     NaN
  -6.626 -16.818 -49.500
  -6.624 -49.500 -49.500
  -6.622 -49.500 -49.500
  -6.620 -49.500 -49.500
  -6.618 -16.490 -16.641
  -6.617 -49.500 -49.500
  -6.615 -49.500 -49.500
  -6.613 -49.500 -49.500
  -6.611 -16.166 -16.366
  -6.609 -49.500 -49.500
  -6.607 -16.928 -16.928
  -6.605 -49.500 -49.500
  -6.603 -15.527 -49.500
  -6.602 -49.500 -49.500
  -6.600 -49.500 -49.500
  -6.598 -49.500 -49.500
  -6.596 -49.500 -49.500
  -6.594 -49.500 -49.500
