  -8.861 -13.978 -13.978
  -8.599 -14.144 -14.144
  -8.442 -14.179 -14.179
  -8.329 -14.157 -14.157
  -8.239 -14.432 -14.432
  -8.166 -14.470 -14.470
  -8.103 -14.565 -14.565
  -8.048 -14.238 -14.540
  -7.999 -14.621 -14.621
  -7.955 -14.646 -14.646
  -7.916 -14.678 -14.678
  -7.879 -14.792 -14.792
  -7.846 -14.508 -14.704
  -7.815 -14.607 -14.794
  -7.786 -14.297 -14.670
  -7.758 -14.896 -14.896
  -7.733 -14.560 -15.056
  -7.709 -14.686 -14.999
  -7.686 -14.949 -14.949
  -7.664 -14.455 -14.665
  -7.643 -14.924 -15.142
  -7.624 -14.387 -15.116
  -7.605 -15.307 -15.307
  -7.586 -14.026 -14.986
  -7.569 -15.251 -15.416
  -7.552 -15.324 -15.478
  -7.536 -14.958 -15.229
  -7.521 -14.961 -15.204
  -7.506 -15.249 -15.469
  -7.491 -14.555 -14.711
  -7.477 -15.371 -15.371
  -7.464 -14.667 -14.870
  -7.451 -15.411 -15.411
  -7.438 -15.158 -15.499
  -7.425 -15.309 -15.550
  -7.413 -15.619 -15.619
  -7.401 -14.803 -15.234
  -7.390 -15.464 -15.464
  -7.379 -15.303 -15.303
  -7.368 -15.064 -15.322
  -7.357 -15.429 -15.429
  -7.347 -15.571 -15.571
  -7.337 -14.943 -15.320
  -7.327 -15.360 -15.360
  -7.317 -15.334 -15.592
  -7.308 -14.982 -15.439
  -7.299 -15.345 -15.588
  -7.290 -15.522 -15.522
  -7.281 -15.667 -15.667
  -7.272 -15.301 -15.547
  -7.264 -15.427 -15.633
  -7.255 -14.721 -15.675
  -7.247 -14.651 -15.723
  -7.239 -16.014 -16.014
  -7.231 -15.906 -15.906
  -7.223 -15.734 -15.929
  -7.216 -14.823 -16.194
  -7.208 -15.710 -15.912
  -7.201 -15.910 -16.103
  -7.194 -15.850 -16.025
  -7.187 -15.341 -15.341
  -7.180 -15.965 -15.965
  -7.173 -15.854 -15.854
  -7.166 -15.665 -15.665
  -7.159 -15.404 -15.404
  -7.153 -16.007 -16.007
  -7.146 -15.894 -15.894
  -7.140 -15.681 -15.681
  -7.133 -15.916 -15.916
  -7.127 -15.984 -15.984
  -7.121 -15.592 -16.334
  -7.115 -14.220 -15.975
  -7.109 -16.309 -16.309
  -7.103 -16.201 -16.201
  -7.098 -15.593 -15.935
  -7.092 -15.789 -15.789
  -7.086 -15.919 -15.919
  -7.081 -16.289 -16.289
  -7.075 -15.944 -15.944
  -7.070 -15.267 -15.456
  -7.064 -14.999 -15.964
  -7.059 -16.160 -16.160
  -7.054 -16.134 -16.134
  -7.049 -15.932 -16.516
  -7.043 -15.840 -15.993
  -7.038 -16.485 -16.485
  -7.033 -15.560 -16.036
  -7.029 -14.966 -15.714
  -7.024 -15.990 -16.156
  -7.019 -15.806 -15.986
  -7.014 -15.877 -16.101
  -7.009 -15.973 -17.036
  -7.005 -16.619 -16.619
  -7.000 -15.780 -16.548
  -6.995 -16.316 -16.773
  -6.991 -16.543 -16.772
  -6.986 -16.383 -16.383
  -6.982 -16.580 -17.282
  -6.978 -16.310 -16.310
  -6.973 -16.899 -17.163
  -6.969 -15.772 -16.435
  -6.965 -16.091 -16.356
  -6.961 -16.412 -16.607
  -6.956 -16.636 -16.636
  -6.952 -15.346 -16.290
  -6.948 -15.580 -16.205
  -6.944 -15.452 -16.350
  -6.940 -16.307 -16.505
  -6.936 -16.203 -16.365
  -6.932 -16.246 -16.407
  -6.928 -16.567 -16.567
  -6.924 -15.782 -16.464
  -6.920 -16.959 -49.500
  -6.917 -16.746 -22.766
  -6.913 -17.052 -22.886
  -6.909 -16.184 -16.339
  -6.905 -16.661 -16.880
  -6.902 -16.031 -16.031
  -6.898 -16.331 -16.331
  -6.894 -15.497 -16.307
  -6.891 -16.649 -49.500
  -6.887 -16.044 -16.789
  -6.884 -49.500     NaN
  -6.880 -16.214 -16.596
  -6.877 -16.205 -16.640
  -6.873 -16.078 -16.294
  -6.870 -16.350 -16.531
  -6.867 -16.230 -16.552
  -6.863 -16.737 -17.025
  -6.860 -49.500     NaN
  -6.857 -15.465 -15.959
  -6.853 -49.500     NaN
  -6.850 -15.967 -15.967
  -6.847 -16.422 -49.500
  -6.844 -17.005 -49.500
  -6.840 -16.721 -16.900
  -6.837 -16.607 -16.607
  -6.834 -16.677 -49.500
  -6.831 -49.500     NaN
  -6.828 -15.899 -16.610
  -6.825 -15.674 -16.461
  -6.822 -49.500     NaN
  -6.819 -16.373 -49.500
  -6.816 -15.649 -16.577
  -6.813 -15.561 -49.500
  -6.810 -49.500     NaN
  -6.807 -15.821 -17.001
  -6.804 -15.934 -16.736
  -6.801 -16.862 -49.500
  -6.798 -49.500     NaN
  -6.795 -17.182 -49.500
  -6.792 -16.472 -49.500
  -6.789 -16.408 -16.408
  -6.787 -15.448 -17.011
  -6.784 -16.879 -49.500
  -6.781 -49.500     NaN
  -6.778 -49.500     NaN
  -6.775 -16.194 -49.500
  -6.773 -16.004 -16.004
  -6.770 -16.192 -16.433
  -6.767 -49.500     NaN
  -6.765 -16.499 -17.095
  -6.762 -15.886 -49.500
  -6.759 -16.535 -16.735
  -6.757 -17.002 -17.002
  -6.754 -16.783 -16.945
  -6.751 -16.353 -16.997
  -6.749 -17.244 -49.500
  -6.746 -49.500 -49.500
  -6.744 -15.504 -49.500
  -6.741 -15.747 -49.500
  -6.739 -15.884 -49.500
  -6.736 -15.707 -16.857
  -6.734 -16.372 -49.500
  -6.731 -49.500 -49.500
  -6.729 -15.670 -15.670
  -6.726 -49.500     NaN
  -6.724 -49.500 -49.500
  -6.721 -15.821 -16.240
  -6.719 -15.800 -49.500
  -6.717 -49.500     NaN
  -6.714 -49.500     NaN
  -6.712 -16.419 -49.500
  -6.709 -16.147 -16.590
  -6.707 -49.500     NaN
  -6.705 -49.500     NaN
  -6.702 -49.500 -49.500
  -6.700 -49.500     NaN
  -6.698 -49.500     NaN
  -6.696 -15.944 -16.149
  -6.693 -16.257 -16.721
  -6.691 -49.500 -49.500
  -6.689 -49.500 -49.500
  -6.687 -49.500 -49.500
  -6.684 -49.500 -49.500
  -6.682 -16.515 -49.500
  -6.680 -49.500 -49.500
  -6.678 -16.861 -49.500
  -6.675 -49.500     NaN
  -6.673 -15.946 -15.946
  -6.671 -49.500 -49.500
  -6.669 -49.500     NaN
  -6.667 -49.500 -49.500
  -6.665 -49.500     NaN
  -6.663 -49.500 -49.500
  -6.661 -49.500     NaN
  -6.658 -16.706 -49.500
  -6.656 -49.500 -49.500
  -6.654 -49.500 -49.500
  -6.652 -49.500 -49.500
  -6.650 -49.500 -49.500
  -6.648 -16.703 -16.703
  -6.646 -49.500 -49.500
  -6.644 -49.500 -49.500
  -6.642 -49.500 -49.500
  -6.640 -49.500 -49.500
  -6.638 -49.500 -49.500
  -6.636 -49.500 -49.500
  -6.634 -49.500 -49.500
  -6.632 -16.936 -16.936
  -6.630 -16.401 -49.500
  -6.628 -16.605 -16.605
  -6.626 -16.330 -49.500
  -6.624 -49.500     NaN
  -6.622 -49.500 -49.500
  -6.620 -49.500     NaN
  -6.618 -49.500     NaN
  -6.617 -16.506 -16.506
  -6.615 -49.500 -49.500
  -6.613 -49.500 -49.500
  -6.611 -16.626 -16.626
  -6.609 -49.500 -49.500
  -6.607 -16.514 -16.514
  -6.605 -49.500 -49.500
  -6.603 -49.500 -49.500
  -6.602 -49.500 -49.500
  -6.600 -16.793 -16.793
  -6.598 -49.500 -49.500
  -6.596 -49.500 -49.500
  -6.594 -49.500     NaN
