  -8.861 -13.990 -13.990
  -8.599 -14.135 -14.135
  -8.442 -14.206 -14.206
  -8.329 -14.279 -14.279
  -8.239 -14.387 -14.387
  -8.166 -14.439 -14.439
  -8.103 -14.465 -14.465
  -8.048 -14.198 -14.435
  -7.999 -14.696 -14.696
  -7.955 -14.358 -14.656
  -7.916 -14.196 -14.537
  -7.879 -14.632 -14.632
  -7.846 -14.786 -14.786
  -7.815 -14.630 -14.826
  -7.786 -14.975 -14.975
  -7.758 -14.820 -15.057
  -7.733 -14.890 -14.890
  -7.709 -14.725 -14.910
  -7.686 -15.028 -15.028
  -7.664 -14.650 -14.835
  -7.643 -14.979 -14.979
  -7.624 -14.985 -14.985
  -7.605 -14.946 -14.946
  -7.586 -14.935 -15.139
  -7.569 -14.980 -15.149
  -7.552 -15.037 -15.037
  -7.536 -15.238 -15.238
  -7.521 -14.880 -14.880
  -7.506 -14.707 -15.026
  -7.491 -15.406 -15.406
  -7.477 -15.123 -15.123
  -7.464 -15.512 -15.512
  -7.451 -15.390 -15.390
  -7.438 -15.111 -15.111
  -7.425 -15.266 -15.266
  -7.413 -15.080 -15.569
  -7.401 -15.102 -15.102
  -7.390 -15.163 -15.334
  -7.379 -15.399 -15.623
  -7.368 -15.316 -15.519
  -7.357 -14.896 -15.523
  -7.347 -15.780 -15.780
  -7.337 -15.643 -15.643
  -7.327 -14.786 -15.466
  -7.317 -15.366 -15.740
  -7.308 -15.475 -15.716
  -7.299 -15.519 -15.686
  -7.290 -15.880 -15.880
  -7.281 -15.615 -15.615
  -7.272 -15.183 -15.399
  -7.264 -15.683 -15.683
  -7.255 -15.509 -15.748
  -7.247 -15.116 -15.503
  -7.239 -15.924 -15.924
  -7.231 -15.510 -15.811
  -7.223 -15.740 -15.740
  -7.216 -15.696 -15.875
  -7.208 -15.630 -15.906
  -7.201 -15.018 -15.205
  -7.194 -15.869 -15.869
  -7.187 -16.147 -16.147
  -7.180 -15.702 -15.887
  -7.173 -15.166 -15.546
  -7.166 -15.843 -15.843
  -7.159 -16.025 -16.230
  -7.153 -15.504 -16.222
  -7.146 -15.328 -15.774
  -7.140 -15.863 -15.863
  -7.133 -15.506 -15.664
  -7.127 -15.792 -15.792
  -7.121 -15.904 -16.065
  -7.115 -15.368 -16.230
  -7.109 -15.818 -15.978
  -7.103 -16.103 -16.103
  -7.098 -15.078 -15.732
  -7.092 -15.884 -15.884
  -7.086 -15.076 -15.811
  -7.081 -15.620 -15.952
  -7.075 -15.207 -15.822
  -7.070 -16.259 -16.259
  -7.064 -16.462 -16.462
  -7.059 -16.203 -16.361
  -7.054 -16.332 -16.332
  -7.049 -15.796 -16.590
  -7.043 -14.975 -16.284
  -7.038 -15.540 -15.540
  -7.033 -15.724 -16.599
  -7.029 -16.018 -16.018
  -7.024 -16.039 -16.192
  -7.019 -15.675 -15.864
  -7.014 -15.919 -16.443
  -7.009 -16.103 -16.103
  -7.005 -15.479 -16.079
  -7.000 -16.313 -16.313
  -6.995 -15.666 -16.063
  -6.991 -15.270 -16.541
  -6.986 -16.199 -16.532
  -6.982 -16.456 -16.456
  -6.978 -16.189 -16.189
  -6.973 -16.313 -16.503
  -6.969 -15.405 -15.827
  -6.965 -16.274 -16.274
  -6.961 -15.778 -16.674
  -6.956 -16.253 -16.474
  -6.952 -15.831 -16.086
  -6.948 -16.130 -16.306
  -6.944 -16.677 -22.976
  -6.940 -16.076 -16.243
  -6.936 -15.985 -16.426
  -6.932 -15.952 -16.134
  -6.928 -16.450 -16.620
  -6.924 -15.883 -16.463
  -6.920 -16.740 -16.938
  -6.917 -16.738 -16.958
  -6.913 -16.144 -16.474
  -6.909 -17.049 -17.247
  -6.905 -16.229 -16.229
  -6.902 -16.050 -16.337
  -6.898 -16.848 -17.052
  -6.894 -16.917 -17.109
  -6.891 -17.052 -49.500
  -6.887 -16.388 -16.585
  -6.884 -15.553 -16.256
  -6.880 -49.500     NaN
  -6.877 -49.500     NaN
  -6.873 -16.614 -17.050
  -6.870 -49.500     NaN
  -6.867 -16.083 -16.393
  -6.863 -16.002 -49.500
  -6.860 -15.964 -16.248
  -6.857 -15.544 -15.723
  -6.853 -16.641 -49.500
  -6.850 -15.492 -49.500
  -6.847 -17.029 -49.500
  -6.844 -16.605 -49.500
  -6.840 -16.630 -16.809
  -6.837 -16.584 -16.919
  -6.834 -16.743 -49.500
  -6.831 -16.685 -16.926
  -6.828 -16.830 -49.500
  -6.825 -16.141 -16.141
  -6.822 -49.500     NaN
  -6.819 -16.104 -16.568
  -6.816 -16.186 -49.500
  -6.813 -16.072 -16.366
  -6.810 -15.976 -16.286
  -6.807 -16.285 -16.749
  -6.804 -16.740 -49.500
  -6.801 -16.194 -49.500
  -6.798 -16.620 -49.500
  -6.795 -16.390 -16.621
  -6.792 -16.551 -17.093
  -6.789 -16.957 -49.500
  -6.787 -49.500     NaN
  -6.784 -49.500     NaN
  -6.781 -16.408 -16.688
  -6.778 -49.500     NaN
  -6.775 -49.500     NaN
  -6.773 -15.923 -16.869
  -6.770 -16.546 -49.500
  -6.767 -49.500     NaN
  -6.765 -49.500 -49.500
  -6.762 -17.014 -49.500
  -6.759 -49.500     NaN
  -6.757 -49.500     NaN
  -6.754 -16.166 -16.754
  -6.751 -49.500 -49.500
  -6.749 -49.500     NaN
  -6.746 -49.500     NaN
  -6.744 -15.708 -16.825
  -6.741 -49.500     NaN
  -6.739 -49.500 -49.500
  -6.736 -15.467 -16.120
  -6.734 -16.155 -49.500
  -6.731 -49.500     NaN
  -6.729 -49.500 -49.500
  -6.726 -15.699 -49.500
  -6.724 -49.500     NaN
  -6.721 -16.712 -49.500
  -6.719 -16.692 -49.500
  -6.717 -49.500 -49.500
  -6.714 -16.662 -49.500
  -6.712 -16.689 -16.689
  -6.709 -49.500 -49.500
  -6.707 -16.260 -16.260
  -6.705 -49.500 -49.500
  -6.702 -16.316 -17.109
  -6.700 -16.474 -49.500
  -6.698 -49.500 -49.500
  -6.696 -49.500     NaN
  -6.693 -16.537 -16.537
  -6.691 -49.500 -49.500
  -6.689 -49.500 -49.500
  -6.687 -49.500     NaN
  -6.684 -16.385 -16.385
  -6.682 -49.500 -49.500
  -6.680 -16.977 -49.500
  -6.678 -49.500 -49.500
  -6.675 -49.500     NaN
  -6.673 -16.300 -16.300
  -6.671 -16.790 -49.500
  -6.669 -16.414 -49.500
  -6.667 -49.500 -49.500
  -6.665 -49.500 -49.500
  -6.663 -49.500 -49.500
  -6.661 -49.500 -49.500
  -6.658 -15.845 -49.500
  -6.656 -49.500     NaN
  -6.654 -16.429 -16.429
  -6.652 -49.500 -49.500
  -6.650 -16.341 -49.500
  -6.648 -49.500 -49.500
  -6.646 -49.500 -49.500
  -6.644 -49.500 -49.500
  -6.642 -16.716 -49.500
  -6.640 -49.500 -49.500
  -6.638 -49.500 -49.500
  -6.636 -49.500 -49.500
  -6.634 -49.500 -49.500
  -6.632 -49.500     NaN
  -6.630 -16.662 -49.500
  -6.628 -14.885 -49.500
  -6.626 -49.500 -49.500
  -6.624 -16.330 -49.500
  -6.622 -16.108 -49.500
  -6.620 -49.500 -49.500
  -6.618 -49.500 -49.500
  -6.617 -49.500 -49.500
  -6.615 -49.500     NaN
  -6.613 -49.500 -49.500
  -6.611 -49.500 -49.500
  -6.609 -49.500     NaN
  -6.607 -49.500 -49.500
  -6.605 -49.500 -49.500
  -6.603 -49.500 -49.500
  -6.602 -49.500 -49.500
  -6.600 -15.959 -49.500
  -6.598 -16.074 -49.500
  -6.596 -16.392 -16.392
  -6.594 -49.500 -49.500
