  -8.861 -13.958 -13.958
  -8.599 -14.100 -14.100
  -8.442 -14.211 -14.211
  -8.329 -14.300 -14.300
  -8.239 -14.378 -14.378
  -8.166 -14.332 -14.332
  -8.103 -14.471 -14.471
  -8.048 -14.376 -14.376
  -7.999 -14.563 -14.563
  -7.955 -14.568 -14.568
  -7.916 -14.501 -14.501
  -7.879 -14.703 -14.703
  -7.846 -14.817 -14.817
  -7.815 -14.806 -14.806
  -7.786 -14.739 -14.739
  -7.758 -14.675 -14.906
  -7.733 -14.880 -14.880
  -7.709 -14.803 -14.803
  -7.686 -14.732 -14.954
  -7.664 -14.848 -14.848
  -7.643 -15.085 -15.264
  -7.624 -14.926 -15.096
  -7.605 -14.851 -14.851
  -7.586 -15.002 -15.172
  -7.569 -15.125 -15.125
  -7.552 -15.171 -15.171
  -7.536 -15.046 -15.213
  -7.521 -15.180 -15.180
  -7.506 -15.190 -15.190
  -7.491 -15.137 -15.137
  -7.477 -14.651 -15.268
  -7.464 -15.251 -15.251
  -7.451 -15.585 -15.585
  -7.438 -15.080 -15.632
  -7.425 -15.178 -15.555
  -7.413 -15.260 -15.260
  -7.401 -15.303 -15.678
  -7.390 -15.446 -15.601
  -7.379 -14.899 -15.202
  -7.368 -15.429 -15.429
  -7.357 -15.600 -15.600
  -7.347 -15.121 -15.509
  -7.337 -15.044 -15.520
  -7.327 -15.425 -15.609
  -7.317 -14.692 -15.098
  -7.308 -14.366 -15.488
  -7.299 -15.620 -15.892
  -7.290 -15.535 -15.535
  -7.281 -15.003 -15.458
  -7.272 -15.749 -15.749
  -7.264 -15.830 -15.830
  -7.255 -15.628 -15.628
  -7.247 -15.939 -15.939
  -7.239 -15.774 -15.774
  -7.231 -15.902 -15.902
  -7.223 -14.765 -15.230
  -7.216 -15.618 -15.618
  -7.208 -15.562 -15.562
  -7.201 -14.409 -15.224
  -7.194 -15.689 -15.689
  -7.187 -15.916 -15.916
  -7.180 -15.708 -15.708
  -7.173 -15.665 -15.984
  -7.166 -16.078 -16.253
  -7.159 -15.503 -15.503
  -7.153 -15.855 -15.855
  -7.146 -14.922 -16.020
  -7.140 -15.624 -16.139
  -7.133 -15.844 -16.376
  -7.127 -15.874 -15.874
  -7.121 -15.590 -15.590
  -7.115 -15.403 -15.972
  -7.109 -16.070 -16.288
  -7.103 -15.883 -15.883
  -7.098 -16.074 -16.346
  -7.092 -15.770 -15.770
  -7.086 -15.711 -16.004
  -7.081 -15.677 -15.833
  -7.075 -15.722 -16.209
  -7.070 -15.574 -16.134
  -7.064 -15.499 -15.929
  -7.059 -16.829 -16.829
  -7.054 -15.433 -16.064
  -7.049 -15.623 -16.003
  -7.043 -16.465 -16.670
  -7.038 -16.284 -16.284
  -7.033 -16.434 -16.594
  -7.029 -16.089 -16.290
  -7.024 -16.100 -16.100
  -7.019 -15.279 -16.271
  -7.014 -16.219 -16.378
  -7.009 -15.415 -15.605
  -7.005 -16.114 -16.410
  -7.000 -16.270 -16.864
  -6.995 -16.412 -16.412
  -6.991 -17.036 -17.036
  -6.986 -16.035 -16.035
  -6.982 -15.969 -16.216
  -6.978 -16.476 -16.684
  -6.973 -16.757 -16.942
  -6.969 -16.824 -17.213
  -6.965 -15.912 -15.912
  -6.961 -17.304 -23.108
  -6.956 -16.206 -16.931
  -6.952 -16.069 -16.276
  -6.948 -16.227 -16.427
  -6.944 -16.388 -16.594
  -6.940 -15.281 -16.731
  -6.936 -15.971 -15.971
  -6.932 -16.291 -16.740
  -6.928 -16.164 -16.810
  -6.924 -17.563 -22.651
  -6.920 -16.083 -16.292
  -6.917 -15.602 -16.226
  -6.913 -16.221 -16.221
  -6.909 -16.382 -16.624
  -6.905 -16.845 -16.845
  -6.902 -15.819 -17.120
  -6.898 -16.310 -16.310
  -6.894 -15.506 -15.910
  -6.891 -16.946 -17.249
  -6.887 -16.967 -49.500
  -6.884 -16.754 -17.112
  -6.880 -16.338 -16.338
  -6.877 -16.393 -17.235
  -6.873 -49.500     NaN
  -6.870 -16.606 -49.500
  -6.867 -16.277 -49.500
  -6.863 -15.994 -16.687
  -6.860 -15.775 -16.913
  -6.857 -16.386 -16.611
  -6.853 -16.784 -49.500
  -6.850 -16.146 -16.642
  -6.847 -49.500     NaN
  -6.844 -15.817 -49.500
  -6.840 -16.421 -16.636
  -6.837 -16.416 -16.836
  -6.834 -15.156 -49.500
  -6.831 -16.097 -49.500
  -6.828 -16.252 -16.588
  -6.825 -16.440 -16.601
  -6.822 -16.417 -49.500
  -6.819 -49.500     NaN
  -6.816 -16.651 -16.815
  -6.813 -16.476 -16.764
  -6.810 -49.500     NaN
  -6.807 -16.214 -49.500
  -6.804 -16.102 -16.398
  -6.801 -49.500     NaN
  -6.798 -15.751 -49.500
  -6.795 -16.565 -49.500
  -6.792 -16.659 -17.178
  -6.789 -49.500     NaN
  -6.787 -15.553 -16.083
  -6.784 -17.175 -49.500
  -6.781 -49.500     NaN
  -6.778 -16.187 -16.187
  -6.775 -16.034 -16.241
  -6.773 -16.439 -16.753
  -6.770 -49.500 -49.500
  -6.767 -49.500     NaN
  -6.765 -16.805 -49.500
  -6.762 -49.500     NaN
  -6.759 -16.282 -16.941
  -6.757 -49.500     NaN
  -6.754 -49.500 -49.500
  -6.751 -17.178 -49.500
  -6.749 -16.589 -49.500
  -6.746 -16.454 -49.500
  -6.744 -16.560 -49.500
  -6.741 -49.500 -49.500
  -6.739 -16.032 -49.500
  -6.736 -15.638 -49.500
  -6.734 -15.560 -49.500
  -6.731 -15.923 -49.500
  -6.729 -16.603 -49.500
  -6.726 -49.500 -49.500
  -6.724 -16.230 -16.804
  -6.721 -16.990 -49.500
  -6.719 -49.500     NaN
  -6.717 -16.959 -49.500
  -6.714 -49.500     NaN
  -6.712 -16.666 -49.500
  -6.709 -16.461 -16.461
  -6.707 -49.500     NaN
  -6.705 -16.204 -16.475
  -6.702 -16.604 -49.500
  -6.700 -49.500 -49.500
  -6.698 -49.500     NaN
  -6.696 -49.500     NaN
  -6.693 -49.500 -49.500
  -6.691 -49.500     NaN
  -6.689 -16.713 -49.500
  -6.687 -16.728 -49.500
  -6.684 -49.500 -49.500
  -6.682 -49.500     NaN
  -6.680 -49.500 -49.500
  -6.678 -49.500 -49.500
  -6.675 -16.484 -49.500
  -6.673 -49.500     NaN
  -6.671 -49.500 -49.500
  -6.669 -49.500 -49.500
  -6.667 -49.500 -49.500
  -6.665 -16.573 -49.500
  -6.663 -49.500 -49.500
  -6.661 -16.848 -16.848
  -6.658 -49.500 -49.500
  -6.656 -49.500     NaN
  -6.654 -16.258 -49.500
  -6.652 -16.257 -16.257
  -6.650 -49.500     NaN
  -6.648 -49.500     NaN
  -6.646 -49.500 -49.500
  -6.644 -16.750 -16.750
  -6.642 -49.500 -49.500
  -6.640 -16.452 -49.500
  -6.638 -49.500 -49.500
  -6.636 -49.500 -49.500
  -6.634 -16.046 -16.046
  -6.632 -49.500 -49.500
  -6.630 -49.500 -49.500
  -6.628 -49.500 -49.500
  -6.626 -16.920 -16.920
  -6.624 -16.391 -49.500
  -6.622 -49.500 -49.500
  -6.620 -49.500 -49.500
  -6.618 -49.500 -49.500
  -6.617 -49.500 -49.500
  -6.615 -15.934 -49.500
  -6.613 -49.500 -49.500
  -6.611 -16.240 -16.240
  -6.609 -16.264 -49.500
  -6.607 -16.229 -16.229
  -6.605 -49.500 -49.500
  -6.603 -49.500 -49.500
  -6.602 -49.500 -49.500
  -6.600 -49.500 -49.500
  -6.598 -49.500 -49.500
  -6.596 -49.500 -49.500
  -6.594 -49.500 -49.500
