  -8.861 -13.827 -13.996
  -8.599 -14.150 -14.150
  -8.442 -14.178 -14.178
  -8.329 -14.211 -14.211
  -8.239 -14.278 -14.278
  -8.166 -14.379 -14.379
  -8.103 -14.428 -14.428
  -8.048 -14.510 -14.510
  -7.999 -14.710 -14.710
  -7.955 -14.383 -14.383
  -7.916 -14.698 -14.698
  -7.879 -14.682 -14.682
  -7.846 -14.690 -14.963
  -7.815 -14.690 -14.851
  -7.786 -14.662 -14.838
  -7.758 -15.007 -15.007
  -7.733 -14.772 -14.927
  -7.709 -14.936 -14.936
  -7.686 -15.036 -15.036
  -7.664 -14.805 -15.003
  -7.643 -15.018 -15.018
  -7.624 -15.076 -15.076
  -7.605 -15.110 -15.110
  -7.586 -15.172 -15.172
  -7.569 -15.015 -15.015
  -7.552 -15.177 -15.177
  -7.536 -15.168 -15.319
  -7.521 -15.372 -15.372
  -7.506 -15.230 -15.230
  -7.491 -15.058 -15.058
  -7.477 -15.329 -15.329
  -7.464 -15.163 -15.348
  -7.451 -15.035 -15.354
  -7.438 -15.355 -15.355
  -7.425 -15.512 -15.512
  -7.413 -15.140 -15.140
  -7.401 -14.737 -15.125
  -7.390 -15.534 -15.534
  -7.379 -14.678 -14.885
  -7.368 -15.358 -15.634
  -7.357 -15.248 -15.248
  -7.347 -15.454 -15.651
  -7.337 -15.346 -15.346
  -7.327 -15.306 -15.505
  -7.317 -15.726 -15.726
  -7.308 -15.504 -15.504
  -7.299 -15.449 -15.449
  -7.290 -15.230 -15.230
  -7.281 -15.172 -15.172
  -7.272 -15.438 -15.658
  -7.264 -15.528 -15.528
  -7.255 -15.404 -15.833
  -7.247 -15.900 -15.900
  -7.239 -15.355 -15.724
  -7.231 -15.938 -15.938
  -7.223 -15.737 -15.938
  -7.216 -15.795 -15.795
  -7.208 -15.550 -15.855
  -7.201 -15.738 -15.738
  -7.194 -15.994 -15.994
  -7.187 -16.038 -16.038
  -7.180 -15.710 -16.030
  -7.173 -15.412 -15.673
  -7.166 -15.526 -15.771
  -7.159 -15.460 -15.818
  -7.153 -15.664 -15.664
  -7.146 -15.359 -15.359
  -7.140 -15.871 -16.030
  -7.133 -16.161 -16.161
  -7.127 -16.003 -16.177
  -7.121 -16.347 -16.347
  -7.115 -15.347 -15.821
  -7.109 -15.986 -16.405
  -7.103 -15.915 -15.915
  -7.098 -16.109 -16.344
  -7.092 -15.615 -16.055
  -7.086 -16.012 -16.170
  -7.081 -15.220 -16.020
  -7.075 -15.793 -15.793
  -7.070 -16.075 -16.075
  -7.064 -16.106 -16.106
  -7.059 -15.170 -15.836
  -7.054 -15.442 -15.840
  -7.049 -16.457 -16.699
  -7.043 -16.067 -16.264
  -7.038 -16.163 -16.850
  -7.033 -14.393 -16.096
  -7.029 -15.996 -16.149
  -7.024 -16.230 -16.230
  -7.019 -15.944 -15.944
  -7.014 -16.503 -16.901
  -7.009 -16.520 -16.520
  -7.005 -16.134 -16.134
  -7.000 -16.130 -16.389
  -6.995 -16.064 -16.401
  -6.991 -15.436 -15.615
  -6.986 -15.884 -16.406
  -6.982 -15.998 -16.235
  -6.978 -16.201 -16.201
  -6.973 -16.397 -16.397
  -6.969 -15.867 -16.123
  -6.965 -16.074 -16.725
  -6.961 -16.729 -17.083
  -6.956 -14.975 -16.465
  -6.952 -15.999 -16.602
  -6.948 -16.194 -16.407
  -6.944 -16.252 -16.455
  -6.940 -16.032 -16.215
  -6.936 -16.096 -16.278
  -6.932 -16.156 -16.468
  -6.928 -14.951 -15.453
  -6.924 -16.426 -16.701
  -6.920 -15.864 -16.802
  -6.917 -15.693 -16.578
  -6.913 -16.876 -49.500
  -6.909 -49.500     NaN
  -6.905 -16.078 -16.078
  -6.902 -14.980 -16.974
  -6.898 -16.250 -16.771
  -6.894 -15.756 -49.500
  -6.891 -16.205 -16.641
  -6.887 -16.950 -49.500
  -6.884 -16.678 -16.865
  -6.880 -15.669 -16.775
  -6.877 -16.406 -16.722
  -6.873 -16.290 -16.636
  -6.870 -16.463 -49.500
  -6.867 -16.080 -49.500
  -6.863 -16.578 -49.500
  -6.860 -16.398 -16.587
  -6.857 -15.049 -16.428
  -6.853 -16.963 -17.357
  -6.850 -16.591 -16.591
  -6.847 -49.500     NaN
  -6.844 -15.986 -49.500
  -6.840 -16.761 -49.500
  -6.837 -49.500     NaN
  -6.834 -15.346 -16.321
  -6.831 -16.299 -16.884
  -6.828 -17.204 -49.500
  -6.825 -16.341 -16.341
  -6.822 -16.561 -49.500
  -6.819 -49.500     NaN
  -6.816 -16.957 -49.500
  -6.813 -16.867 -17.163
  -6.810 -17.315 -49.500
  -6.807 -16.839 -17.148
  -6.804 -49.500     NaN
  -6.801 -16.016 -16.519
  -6.798 -16.839 -49.500
  -6.795 -15.809 -17.192
  -6.792 -16.786 -49.500
  -6.789 -16.131 -49.500
  -6.787 -16.333 -16.501
  -6.784 -16.206 -49.500
  -6.781 -49.500 -49.500
  -6.778 -16.205 -16.497
  -6.775 -16.455 -49.500
  -6.773 -49.500     NaN
  -6.770 -16.047 -49.500
  -6.767 -16.765 -16.974
  -6.765 -49.500     NaN
  -6.762 -16.415 -16.854
  -6.759 -15.661 -49.500
  -6.757 -49.500     NaN
  -6.754 -16.817 -49.500
  -6.751 -16.585 -49.500
  -6.749 -16.416 -16.663
  -6.746 -49.500     NaN
  -6.744 -16.273 -49.500
  -6.741 -16.231 -49.500
  -6.739 -49.500 -49.500
  -6.736 -49.500     NaN
  -6.734 -49.500 -49.500
  -6.731 -16.062 -16.062
  -6.729 -49.500 -49.500
  -6.726 -49.500     NaN
  -6.724 -49.500 -49.500
  -6.721 -16.706 -16.706
  -6.719 -49.500 -49.500
  -6.717 -49.500 -49.500
  -6.714 -49.500 -49.500
  -6.712 -49.500 -49.500
  -6.709 -16.692 -49.500
  -6.707 -16.162 -16.542
  -6.705 -49.500 -49.500
  -6.702 -16.998 -16.998
  -6.700 -49.500     NaN
  -6.698 -49.500     NaN
  -6.696 -16.460 -16.460
  -6.693 -16.681 -49.500
  -6.691 -16.481 -49.500
  -6.689 -49.500     NaN
  -6.687 -49.500 -49.500
  -6.684 -49.500     NaN
  -6.682 -16.139 -49.500
  -6.680 -49.500 -49.500
  -6.678 -49.500 -49.500
  -6.675 -49.500     NaN
  -6.673 -49.500 -49.500
  -6.671 -49.500     NaN
  -6.669 -49.500     NaN
  -6.667 -49.500     NaN
  -6.665 -15.678 -49.500
  -6.663 -49.500 -49.500
  -6.661 -17.023 -17.023
  -6.658 -16.202 -16.202
  -6.656 -49.500     NaN
  -6.654 -49.500     NaN
  -6.652 -16.649 -16.649
  -6.650 -49.500 -49.500
  -6.648 -16.104 -16.104
  -6.646 -15.851 -49.500
  -6.644 -16.438 -16.438
  -6.642 -17.246 -17.246
  -6.640 -49.500 -49.500
  -6.638 -49.500 -49.500
  -6.636 -49.500 -49.500
  -6.634 -49.500 -49.500
  -6.632 -16.278 -49.500
  -6.630 -16.084 -16.084
  -6.628 -49.500 -49.500
  -6.626 -49.500 -49.500
  -6.624 -16.497 -49.500
  -6.622 -16.667 -16.667
  -6.620 -16.026 -49.500
  -6.618 -49.500 -49.500
  -6.617 -16.149 -16.149
  -6.615 -16.888 -49.500
  -6.613 -49.500 -49.500
  -6.611 -49.500 -49.500
  -6.609 -49.500 -49.500
  -6.607 -49.500 -49.500
  -6.605 -49.500 -49.500
  -6.603 -49.500     NaN
  -6.602 -49.500 -49.500
  -6.600 -49.500 -49.500
  -6.598 -49.500 -49.500
  -6.596 -49.500 -49.500
  -6.594 -49.500 -49.500
