  -8.861 -14.000 -14.000
  -8.599 -14.101 -14.101
  -8.442 -14.212 -14.212
  -8.329 -14.293 -14.293
  -8.239 -14.314 -14.314
  -8.166 -14.396 -14.396
  -8.103 -14.429 -14.429
  -8.048 -14.450 -14.450
  -7.999 -14.545 -14.545
  -7.955 -14.377 -14.377
  -7.916 -14.684 -14.684
  -7.879 -14.043 -14.657
  -7.846 -14.629 -14.629
  -7.815 -14.746 -14.746
  -7.786 -14.301 -14.548
  -7.758 -14.766 -14.935
  -7.733 -15.065 -15.065
  -7.709 -14.742 -14.742
  -7.686 -14.910 -14.910
  -7.664 -15.005 -15.005
  -7.643 -14.574 -14.840
  -7.624 -14.886 -14.886
  -7.605 -14.886 -14.886
  -7.586 -14.558 -15.087
  -7.569 -15.128 -15.128
  -7.552 -15.081 -15.081
  -7.536 -15.135 -15.290
  -7.521 -14.785 -14.785
  -7.506 -15.246 -15.246
  -7.491 -15.003 -15.231
  -7.477 -15.295 -15.589
  -7.464 -15.236 -15.236
  -7.451 -15.277 -15.277
  -7.438 -15.478 -15.478
  -7.425 -14.980 -15.209
  -7.413 -15.301 -15.301
  -7.401 -15.099 -15.099
  -7.390 -15.207 -15.589
  -7.379 -15.266 -15.266
  -7.368 -15.201 -15.380
  -7.357 -15.705 -15.705
  -7.347 -15.206 -15.206
  -7.337 -14.829 -14.829
  -7.327 -15.692 -15.692
  -7.317 -15.605 -15.605
  -7.308 -15.869 -15.869
  -7.299 -15.876 -15.876
  -7.290 -15.392 -15.392
  -7.281 -15.164 -15.719
  -7.272 -15.566 -15.566
  -7.264 -15.595 -15.880
  -7.255 -15.544 -15.544
  -7.247 -15.900 -15.900
  -7.239 -15.447 -15.793
  -7.231 -15.618 -15.802
  -7.223 -15.585 -15.921
  -7.216 -15.319 -15.804
  -7.208 -15.948 -15.948
  -7.201 -15.993 -15.993
  -7.194 -16.114 -16.114
  -7.187 -15.725 -15.725
  -7.180 -15.974 -15.974
  -7.173 -15.711 -15.991
  -7.166 -15.731 -15.731
  -7.159 -15.652 -16.284
  -7.153 -15.523 -15.925
  -7.146 -16.194 -16.355
  -7.140 -15.333 -16.281
  -7.133 -15.893 -15.893
  -7.127 -15.233 -16.014
  -7.121 -14.620 -16.178
  -7.115 -15.875 -15.875
  -7.109 -16.043 -16.238
  -7.103 -15.514 -16.104
  -7.098 -15.421 -16.208
  -7.092 -16.459 -16.701
  -7.086 -16.141 -16.141
  -7.081 -15.393 -15.927
  -7.075 -15.727 -16.000
  -7.070 -16.155 -16.478
  -7.064 -16.158 -16.309
  -7.059 -15.534 -15.876
  -7.054 -15.176 -15.898
  -7.049 -16.591 -16.749
  -7.043 -16.463 -16.463
  -7.038 -15.755 -16.260
  -7.033 -15.704 -16.375
  -7.029 -16.960 -17.345
  -7.024 -16.383 -16.547
  -7.019 -15.215 -15.575
  -7.014 -16.588 -16.864
  -7.009 -15.923 -16.159
  -7.005 -15.921 -15.921
  -7.000 -15.864 -16.270
  -6.995 -16.351 -16.351
  -6.991 -15.778 -15.778
  -6.986 -15.394 -16.109
  -6.982 -16.229 -16.493
  -6.978 -15.832 -16.254
  -6.973 -16.068 -16.068
  -6.969 -15.933 -16.120
  -6.965 -15.634 -16.745
  -6.961 -15.060 -16.734
  -6.956 -16.110 -16.110
  -6.952 -15.949 -16.824
  -6.948 -15.629 -16.153
  -6.944 -16.305 -16.627
  -6.940 -16.489 -16.789
  -6.936 -16.075 -16.687
  -6.932 -15.100 -16.348
  -6.928 -15.697 -15.697
  -6.924 -16.443 -16.605
  -6.920 -16.464 -16.624
  -6.917 -16.451 -16.621
  -6.913 -16.700 -49.500
  -6.909 -16.051 -16.279
  -6.905 -16.571 -16.895
  -6.902 -16.966 -22.292
  -6.898 -15.520 -23.131
  -6.894 -15.961 -17.073
  -6.891 -16.201 -16.631
  -6.887 -17.287 -49.500
  -6.884 -16.381 -16.663
  -6.880 -16.385 -16.861
  -6.877 -16.243 -16.845
  -6.873 -16.176 -16.328
  -6.870 -16.963 -49.500
  -6.867 -16.292 -16.581
  -6.863 -16.402 -16.716
  -6.860 -16.912 -49.500
  -6.857 -16.124 -16.124
  -6.853 -16.166 -16.534
  -6.850 -17.236 -49.500
  -6.847 -49.500     NaN
  -6.844 -16.548 -49.500
  -6.840 -15.843 -16.127
  -6.837 -16.572 -16.743
  -6.834 -49.500     NaN
  -6.831 -15.743 -15.986
  -6.828 -16.389 -16.923
  -6.825 -49.500 -49.500
  -6.822 -16.914 -49.500
  -6.819 -49.500     NaN
  -6.816 -15.951 -16.511
  -6.813 -16.745 -17.134
  -6.810 -17.016 -49.500
  -6.807 -17.239 -49.500
  -6.804 -49.500     NaN
  -6.801 -16.383 -16.585
  -6.798 -16.267 -17.226
  -6.795 -49.500     NaN
  -6.792 -49.500 -49.500
  -6.789 -49.500     NaN
  -6.787 -16.469 -17.158
  -6.784 -16.959 -49.500
  -6.781 -16.232 -49.500
  -6.778 -16.078 -16.635
  -6.775 -16.597 -49.500
  -6.773 -16.716 -49.500
  -6.770 -16.479 -16.662
  -6.767 -16.897 -49.500
  -6.765 -15.868 -49.500
  -6.762 -16.337 -49.500
  -6.759 -49.500 -49.500
  -6.757 -49.500 -49.500
  -6.754 -16.275 -49.500
  -6.751 -49.500     NaN
  -6.749 -16.215 -49.500
  -6.746 -49.500 -49.500
  -6.744 -16.022 -16.435
  -6.741 -49.500     NaN
  -6.739 -16.028 -16.451
  -6.736 -49.500     NaN
  -6.734 -14.885 -16.497
  -6.731 -49.500     NaN
  -6.729 -49.500     NaN
  -6.726 -16.209 -16.782
  -6.724 -49.500     NaN
  -6.721 -49.500     NaN
  -6.719 -49.500 -49.500
  -6.717 -15.588 -49.500
  -6.714 -15.381 -15.381
  -6.712 -49.500     NaN
  -6.709 -49.500 -49.500
  -6.707 -49.500     NaN
  -6.705 -16.563 -17.134
  -6.702 -16.898 -49.500
  -6.700 -49.500 -49.500
  -6.698 -16.818 -16.818
  -6.696 -49.500     NaN
  -6.693 -49.500 -49.500
  -6.691 -49.500 -49.500
  -6.689 -16.239 -16.239
  -6.687 -16.706 -16.706
  -6.684 -16.313 -49.500
  -6.682 -16.898 -49.500
  -6.680 -49.500     NaN
  -6.678 -49.500     NaN
  -6.675 -49.500 -49.500
  -6.673 -49.500 -49.500
  -6.671 -16.314 -16.314
  -6.669 -49.500 -49.500
  -6.667 -16.479 -16.994
  -6.665 -49.500     NaN
  -6.663 -16.563 -49.500
  -6.661 -49.500 -49.500
  -6.658 -49.500 -49.500
  -6.656 -49.500 -49.500
  -6.654 -49.500     NaN
  -6.652 -16.637 -16.637
  -6.650 -49.500     NaN
  -6.648 -49.500 -49.500
  -6.646 -16.896 -49.500
  -6.644 -49.500     NaN
  -6.642 -49.500 -49.500
  -6.640 -49.500 -49.500
  -6.638 -16.708 -16.708
  -6.636 -16.969 -49.500
  -6.634 -49.500 -49.500
  -6.632 -15.948 -49.500
  -6.630 -49.500     NaN
  -6.628 -49.500 -49.500
  -6.626 -49.500 -49.500
  -6.624 -49.500 -49.500
  -6.622 -16.808 -16.808
  -6.620 -49.500 -49.500
  -6.618 -16.807 -16.807
  -6.617 -49.500 -49.500
  -6.615 -49.500 -49.500
  -6.613 -49.500 -49.500
  -6.611 -49.500 -49.500
  -6.609 -49.500     NaN
  -6.607 -49.500 -49.500
  -6.605 -16.207 -16.207
  -6.603 -49.500     NaN
  -6.602 -16.032 -16.032
  -6.600 -49.500 -49.500
  -6.598 -16.826 -16.826
  -6.596 -49.500 -49.500
  -6.594 -16.132 -16.132
