  -8.861 -13.963 -13.963
  -8.599 -14.091 -14.091
  -8.442 -14.208 -14.208
  -8.329 -14.051 -14.219
  -8.239 -14.318 -14.318
  -8.166 -14.482 -14.482
  -8.103 -14.397 -14.397
  -8.048 -14.324 -14.324
  -7.999 -14.438 -14.591
  -7.955 -14.630 -14.630
  -7.916 -14.595 -14.595
  -7.879 -14.664 -14.664
  -7.846 -14.813 -14.813
  -7.815 -14.729 -14.892
  -7.786 -14.609 -15.009
  -7.758 -14.727 -14.727
  -7.733 -14.452 -14.604
  -7.709 -14.774 -14.774
  -7.686 -14.897 -14.897
  -7.664 -14.327 -14.640
  -7.643 -14.807 -14.807
  -7.624 -14.681 -14.681
  -7.605 -15.169 -15.169
  -7.586 -15.000 -15.000
  -7.569 -15.187 -15.187
  -7.552 -15.072 -15.349
  -7.536 -15.011 -15.232
  -7.521 -15.318 -15.318
  -7.506 -15.214 -15.214
  -7.491 -15.381 -15.381
  -7.477 -15.376 -15.376
  -7.464 -15.201 -15.201
  -7.451 -15.378 -15.378
  -7.438 -15.296 -15.296
  -7.425 -15.286 -15.286
  -7.413 -15.141 -15.442
  -7.401 -14.466 -14.866
  -7.390 -15.292 -15.681
  -7.379 -15.328 -15.584
  -7.368 -15.585 -15.585
  -7.357 -15.247 -15.451
  -7.347 -15.287 -15.625
  -7.337 -15.327 -15.552
  -7.327 -15.104 -15.432
  -7.317 -15.745 -15.745
  -7.308 -15.654 -15.654
  -7.299 -15.001 -15.330
  -7.290 -15.880 -15.880
  -7.281 -15.141 -15.141
  -7.272 -15.282 -15.457
  -7.264 -15.546 -15.812
  -7.255 -14.936 -15.209
  -7.247 -15.635 -15.635
  -7.239 -15.953 -15.953
  -7.231 -15.329 -15.329
  -7.223 -15.177 -15.786
  -7.216 -15.104 -15.407
  -7.208 -15.774 -15.774
  -7.201 -15.666 -15.666
  -7.194 -16.102 -16.102
  -7.187 -15.820 -15.820
  -7.180 -15.549 -15.825
  -7.173 -14.766 -15.798
  -7.166 -14.640 -15.488
  -7.159 -15.386 -16.018
  -7.153 -15.900 -15.900
  -7.146 -15.605 -15.605
  -7.140 -15.681 -15.933
  -7.133 -15.497 -15.857
  -7.127 -15.971 -16.165
  -7.121 -14.600 -15.640
  -7.115 -16.048 -16.048
  -7.109 -15.997 -15.997
  -7.103 -15.612 -15.612
  -7.098 -15.920 -16.170
  -7.092 -15.633 -15.904
  -7.086 -15.586 -16.297
  -7.081 -15.962 -16.313
  -7.075 -16.391 -16.629
  -7.070 -15.938 -15.938
  -7.064 -15.865 -16.090
  -7.059 -16.313 -16.313
  -7.054 -15.896 -16.067
  -7.049 -16.093 -16.362
  -7.043 -16.447 -16.634
  -7.038 -16.019 -16.019
  -7.033 -16.380 -17.295
  -7.029 -16.168 -16.451
  -7.024 -15.743 -15.922
  -7.019 -15.651 -16.030
  -7.014 -15.707 -16.290
  -7.009 -15.801 -16.214
  -7.005 -16.898 -17.343
  -7.000 -16.216 -16.216
  -6.995 -15.637 -16.465
  -6.991 -16.442 -16.636
  -6.986 -16.036 -16.036
  -6.982 -15.881 -16.857
  -6.978 -15.378 -15.695
  -6.973 -16.411 -17.419
  -6.969 -15.962 -15.962
  -6.965 -16.250 -16.507
  -6.961 -14.572 -16.311
  -6.956 -15.353 -16.082
  -6.952 -15.751 -16.604
  -6.948 -16.167 -16.812
  -6.944 -16.396 -17.102
  -6.940 -15.732 -16.007
  -6.936 -14.940 -16.542
  -6.932 -16.545 -16.545
  -6.928 -16.057 -16.632
  -6.924 -22.399 -22.399
  -6.920 -15.570 -16.360
  -6.917 -49.500     NaN
  -6.913 -16.276 -16.561
  -6.909 -16.506 -16.761
  -6.905 -16.138 -16.671
  -6.902 -16.004 -16.372
  -6.898 -14.998 -16.541
  -6.894 -15.409 -16.211
  -6.891 -16.307 -16.779
  -6.887 -16.615 -22.495
  -6.884 -16.604 -17.209
  -6.880 -16.722 -49.500
  -6.877 -15.658 -15.854
  -6.873 -15.894 -16.560
  -6.870 -15.497 -16.721
  -6.867 -16.718 -17.001
  -6.863 -16.664 -49.500
  -6.860 -16.150 -16.647
  -6.857 -49.500     NaN
  -6.853 -16.825 -49.500
  -6.850 -49.500 -49.500
  -6.847 -15.613 -16.675
  -6.844 -15.079 -15.631
  -6.840 -16.501 -49.500
  -6.837 -16.400 -16.611
  -6.834 -16.276 -49.500
  -6.831 -16.205 -16.391
  -6.828 -16.699 -17.116
  -6.825 -16.007 -16.173
  -6.822 -16.715 -17.093
  -6.819 -16.581 -16.801
  -6.816 -16.424 -16.992
  -6.813 -16.188 -16.595
  -6.810 -49.500     NaN
  -6.807 -16.174 -16.414
  -6.804 -49.500     NaN
  -6.801 -16.530 -49.500
  -6.798 -49.500     NaN
  -6.795 -16.386 -16.718
  -6.792 -17.042 -49.500
  -6.789 -49.500     NaN
  -6.787 -49.500     NaN
  -6.784 -49.500 -49.500
  -6.781 -49.500 -49.500
  -6.778 -16.100 -49.500
  -6.775 -16.627 -49.500
  -6.773 -16.557 -16.909
  -6.770 -16.544 -49.500
  -6.767 -49.500     NaN
  -6.765 -16.382 -49.500
  -6.762 -16.265 -49.500
  -6.759 -16.270 -16.587
  -6.757 -16.255 -49.500
  -6.754 -49.500     NaN
  -6.751 -16.749 -49.500
  -6.749 -49.500 -49.500
  -6.746 -14.996 -49.500
  -6.744 -49.500     NaN
  -6.741 -16.179 -16.179
  -6.739 -49.500 -49.500
  -6.736 -15.784 -16.509
  -6.734 -49.500 -49.500
  -6.731 -49.500     NaN
  -6.729 -16.490 -49.500
  -6.726 -49.500     NaN
  -6.724 -16.589 -49.500
  -6.721 -16.942 -49.500
  -6.719 -49.500 -49.500
  -6.717 -49.500 -49.500
  -6.714 -49.500     NaN
  -6.712 -49.500     NaN
  -6.709 -15.947 -49.500
  -6.707 -49.500     NaN
  -6.705 -49.500     NaN
  -6.702 -16.399 -49.500
  -6.700 -49.500 -49.500
  -6.698 -49.500 -49.500
  -6.696 -16.622 -16.622
  -6.693 -49.500     NaN
  -6.691 -49.500 -49.500
  -6.689 -16.315 -49.500
  -6.687 -49.500 -49.500
  -6.684 -49.500 -49.500
  -6.682 -49.500     NaN
  -6.680 -16.144 -16.439
  -6.678 -16.557 -16.808
  -6.675 -16.977 -49.500
  -6.673 -49.500     NaN
  -6.671 -49.500 -49.500
  -6.669 -15.554 -16.765
  -6.667 -49.500 -49.500
  -6.665 -49.500     NaN
  -6.663 -49.500     NaN
  -6.661 -49.500 -49.500
  -6.658 -49.500 -49.500
  -6.656 -49.500 -49.500
  -6.654 -49.500     NaN
  -6.652 -49.500 -49.500
  -6.650 -49.500 -49.500
  -6.648 -49.500 -49.500
  -6.646 -17.006 -17.006
  -6.644 -16.628 -16.628
  -6.642 -49.500     NaN
  -6.640 -49.500 -49.500
  -6.638 -16.781 -49.500
  -6.636 -15.275 -15.275
  -6.634 -16.779 -49.500
  -6.632 -16.751 -16.751
  -6.630 -49.500 -49.500
  -6.628 -49.500     NaN
  -6.626 -49.500 -49.500
  -6.624 -16.139 -16.435
  -6.622 -49.500     NaN
  -6.620 -16.324 -16.324
  -6.618 -49.500 -49.500
  -6.617 -49.500 -49.500
  -6.615 -49.500 -49.500
  -6.613 -49.500 -49.500
  -6.611 -49.500 -49.500
  -6.609 -49.500 -49.500
  -6.607 -16.175 -49.500
  -6.605 -49.500 -49.500
  -6.603 -16.662 -16.662
  -6.602 -49.500 -49.500
  -6.600 -49.500 -49.500
  -6.598 -49.500 -49.500
  -6.596 -49.500 -49.500
  -6.594 -49.500 -49.500
