  -8.861 -13.928 -13.928
  -8.599 -14.082 -14.082
  -8.442 -14.199 -14.199
  -8.329 -14.192 -14.192
  -8.239 -14.343 -14.343
  -8.166 -14.316 -14.316
  -8.103 -14.478 -14.478
  -8.048 -14.493 -14.493
  -7.999 -14.451 -14.451
  -7.955 -14.219 -14.600
  -7.916 -14.656 -14.656
  -7.879 -14.603 -14.603
  -7.846 -14.525 -14.525
  -7.815 -14.825 -14.825
  -7.786 -14.770 -14.770
  -7.758 -15.021 -15.021
  -7.733 -14.817 -14.817
  -7.709 -14.659 -14.897
  -7.686 -14.636 -15.046
  -7.664 -14.898 -15.115
  -7.643 -15.080 -15.080
  -7.624 -14.885 -14.885
  -7.605 -15.088 -15.088
  -7.586 -15.083 -15.083
  -7.569 -14.621 -15.035
  -7.552 -14.580 -14.814
  -7.536 -14.969 -14.969
  -7.521 -15.105 -15.105
  -7.506 -15.267 -15.267
  -7.491 -14.738 -15.134
  -7.477 -15.264 -15.264
  -7.464 -15.157 -15.356
  -7.451 -15.070 -15.356
  -7.438 -15.288 -15.288
  -7.425 -15.300 -15.566
  -7.413 -15.408 -15.408
  -7.401 -15.022 -15.022
  -7.390 -15.312 -15.312
  -7.379 -15.321 -15.647
  -7.368 -15.448 -15.448
  -7.357 -15.276 -15.276
  -7.347 -15.755 -15.755
  -7.337 -15.144 -15.443
  -7.327 -15.399 -15.399
  -7.317 -15.472 -15.472
  -7.308 -15.568 -15.568
  -7.299 -15.514 -15.729
  -7.290 -15.621 -15.621
  -7.281 -15.168 -15.643
  -7.272 -14.864 -15.318
  -7.264 -15.319 -15.526
  -7.255 -15.734 -15.734
  -7.247 -15.567 -15.567
  -7.239 -15.405 -15.896
  -7.231 -15.383 -15.732
  -7.223 -15.774 -15.774
  -7.216 -15.897 -15.897
  -7.208 -15.717 -15.966
  -7.201 -15.155 -15.697
  -7.194 -14.944 -15.719
  -7.187 -15.715 -15.878
  -7.180 -15.937 -15.937
  -7.173 -16.245 -16.245
  -7.166 -15.480 -15.754
  -7.159 -15.214 -15.664
  -7.153 -16.004 -16.004
  -7.146 -15.048 -15.236
  -7.140 -15.746 -16.283
  -7.133 -15.444 -15.998
  -7.127 -15.907 -16.146
  -7.121 -15.534 -15.938
  -7.115 -15.331 -15.945
  -7.109 -15.941 -15.941
  -7.103 -15.646 -16.129
  -7.098 -15.206 -16.026
  -7.092 -15.695 -15.991
  -7.086 -16.065 -16.278
  -7.081 -15.259 -15.921
  -7.075 -15.654 -16.079
  -7.070 -15.092 -16.219
  -7.064 -15.222 -15.671
  -7.059 -16.009 -16.184
  -7.054 -15.972 -15.972
  -7.049 -16.224 -16.972
  -7.043 -15.974 -16.540
  -7.038 -15.880 -16.033
  -7.033 -15.712 -15.893
  -7.029 -15.944 -15.944
  -7.024 -16.028 -16.250
  -7.019 -15.531 -16.095
  -7.014 -16.214 -16.214
  -7.009 -15.755 -15.949
  -7.005 -15.997 -15.997
  -7.000 -16.151 -16.525
  -6.995 -15.851 -16.533
  -6.991 -16.255 -16.255
  -6.986 -15.989 -16.265
  -6.982 -16.274 -16.274
  -6.978 -16.232 -16.611
  -6.973 -16.339 -16.527
  -6.969 -15.593 -16.462
  -6.965 -15.958 -15.958
  -6.961 -15.326 -15.688
  -6.956 -16.064 -16.234
  -6.952 -16.373 -16.581
  -6.948 -16.885 -49.500
  -6.944 -16.104 -16.618
  -6.940 -15.889 -16.041
  -6.936 -16.210 -16.506
  -6.932 -14.829 -16.288
  -6.928 -15.264 -16.400
  -6.924 -15.487 -16.530
  -6.920 -16.715 -22.506
  -6.917 -16.349 -16.349
  -6.913 -16.498 -16.655
  -6.909 -16.417 -16.587
  -6.905 -16.774 -17.223
  -6.902 -15.947 -16.962
  -6.898 -49.500     NaN
  -6.894 -15.257 -15.981
  -6.891 -15.650 -16.360
  -6.887 -16.022 -16.441
  -6.884 -15.721 -15.975
  -6.880 -16.636 -16.875
  -6.877 -16.588 -16.810
  -6.873 -16.349 -16.349
  -6.870 -14.994 -16.220
  -6.867 -15.759 -49.500
  -6.863 -16.596 -16.999
  -6.860 -16.192 -16.498
  -6.857 -16.280 -17.032
  -6.853 -16.865 -49.500
  -6.850 -49.500 -49.500
  -6.847 -16.736 -49.500
  -6.844 -49.500     NaN
  -6.840 -49.500     NaN
  -6.837 -15.927 -16.363
  -6.834 -49.500     NaN
  -6.831 -16.098 -16.098
  -6.828 -15.202 -16.941
  -6.825 -49.500     NaN
  -6.822 -15.789 -16.100
  -6.819 -49.500     NaN
  -6.816 -16.820 -49.500
  -6.813 -15.991 -16.969
  -6.810 -16.353 -49.500
  -6.807 -16.539 -17.267
  -6.804 -15.855 -16.924
  -6.801 -49.500     NaN
  -6.798 -17.101 -49.500
  -6.795 -49.500     NaN
  -6.792 -16.402 -49.500
  -6.789 -16.274 -16.274
  -6.787 -16.251 -49.500
  -6.784 -17.235 -49.500
  -6.781 -16.389 -49.500
  -6.778 -16.163 -16.493
  -6.775 -49.500 -49.500
  -6.773 -16.267 -49.500
  -6.770 -16.659 -49.500
  -6.767 -16.427 -16.748
  -6.765 -49.500     NaN
  -6.762 -15.587 -15.587
  -6.759 -49.500     NaN
  -6.757 -16.992 -49.500
  -6.754 -16.635 -49.500
  -6.751 -49.500     NaN
  -6.749 -15.757 -15.757
  -6.746 -16.605 -16.983
  -6.744 -17.090 -49.500
  -6.741 -16.472 -49.500
  -6.739 -16.887 -16.887
  -6.736 -16.242 -16.461
  -6.734 -49.500     NaN
  -6.731 -16.527 -16.527
  -6.729 -15.889 -16.340
  -6.726 -49.500     NaN
  -6.724 -16.833 -49.500
  -6.721 -49.500     NaN
  -6.719 -15.947 -16.243
  -6.717 -49.500     NaN
  -6.714 -16.767 -49.500
  -6.712 -16.672 -49.500
  -6.709 -16.633 -16.786
  -6.707 -15.987 -49.500
  -6.705 -16.397 -16.397
  -6.702 -49.500     NaN
  -6.700 -49.500 -49.500
  -6.698 -49.500 -49.500
  -6.696 -49.500     NaN
  -6.693 -16.906 -49.500
  -6.691 -49.500 -49.500
  -6.689 -49.500     NaN
  -6.687 -49.500 -49.500
  -6.684 -49.500 -49.500
  -6.682 -49.500 -49.500
  -6.680 -49.500 -49.500
  -6.678 -49.500 -49.500
  -6.675 -16.531 -16.531
  -6.673 -16.916 -49.500
  -6.671 -49.500 -49.500
  -6.669 -49.500     NaN
  -6.667 -49.500 -49.500
  -6.665 -17.110 -17.110
  -6.663 -49.500 -49.500
  -6.661 -49.500 -49.500
  -6.658 -15.654 -49.500
  -6.656 -49.500     NaN
  -6.654 -49.500     NaN
  -6.652 -49.500 -49.500
  -6.650 -49.500 -49.500
  -6.648 -49.500 -49.500
  -6.646 -49.500     NaN
  -6.644 -49.500     NaN
  -6.642 -16.846 -49.500
  -6.640 -49.500     NaN
  -6.638 -49.500 -49.500
  -6.636 -49.500 -49.500
  -6.634 -15.674 -15.674
  -6.632 -49.500 -49.500
  -6.630 -16.046 -49.500
  -6.628 -49.500 -49.500
  -6.626 -49.500 -49.500
  -6.624 -15.784 -15.784
  -6.622 -49.500     NaN
  -6.620 -16.280 -49.500
  -6.618 -16.664 -49.500
  -6.617 -16.903 -16.903
  -6.615 -16.777 -16.777
  -6.613 -49.500 -49.500
  -6.611 -49.500 -49.500
  -6.609 -49.500 -49.500
  -6.607 -49.500 -49.500
  -6.605 -49.500 -49.500
  -6.603 -49.500 -49.500
  -6.602 -49.500 -49.500
  -6.600 -49.500 -49.500
  -6.598 -49.500 -49.500
  -6.596 -49.500 -49.500
  -6.594 -49.500     NaN
