  -8.861 -13.988 -13.988
  -8.599 -14.090 -14.090
  -8.442 -14.107 -14.107
  -8.329 -14.235 -14.235
  -8.239 -14.362 -14.362
  -8.166 -14.457 -14.457
  -8.103 -14.397 -14.397
  -8.048 -14.544 -14.544
  -7.999 -14.558 -14.558
  -7.955 -14.281 -14.670
  -7.916 -14.537 -14.717
  -7.879 -14.528 -14.528
  -7.846 -14.744 -14.744
  -7.815 -14.630 -14.630
  -7.786 -14.757 -14.757
  -7.758 -14.935 -14.935
  -7.733 -14.717 -14.915
  -7.709 -14.602 -14.806
  -7.686 -14.493 -14.953
  -7.664 -14.864 -15.033
  -7.643 -14.957 -14.957
  -7.624 -14.991 -14.991
  -7.605 -15.171 -15.171
  -7.586 -15.013 -15.013
  -7.569 -15.112 -15.112
  -7.552 -15.202 -15.202
  -7.536 -14.809 -15.456
  -7.521 -15.063 -15.257
  -7.506 -15.398 -15.398
  -7.491 -14.030 -14.852
  -7.477 -14.781 -14.933
  -7.464 -15.266 -15.266
  -7.451 -14.794 -15.312
  -7.438 -15.390 -15.390
  -7.425 -15.126 -15.634
  -7.413 -15.527 -15.527
  -7.401 -15.519 -15.519
  -7.390 -15.457 -15.457
  -7.379 -15.590 -15.590
  -7.368 -15.401 -15.401
  -7.357 -15.163 -15.349
  -7.347 -14.535 -14.535
  -7.337 -15.005 -15.389
  -7.327 -15.441 -15.441
  -7.317 -15.588 -15.740
  -7.308 -15.758 -15.758
  -7.299 -15.254 -15.423
  -7.290 -15.689 -15.689
  -7.281 -15.688 -15.688
  -7.272 -15.658 -15.658
  -7.264 -15.673 -15.673
  -7.255 -15.809 -15.809
  -7.247 -15.571 -15.851
  -7.239 -15.743 -15.743
  -7.231 -15.615 -15.766
  -7.223 -15.416 -15.416
  -7.216 -16.108 -16.108
  -7.208 -15.723 -16.013
  -7.201 -16.065 -16.065
  -7.194 -15.822 -16.009
  -7.187 -15.463 -15.825
  -7.180 -16.136 -16.136
  -7.173 -15.750 -15.750
  -7.166 -14.934 -15.131
  -7.159 -15.948 -15.948
  -7.153 -15.626 -15.626
  -7.146 -16.340 -16.340
  -7.140 -15.602 -15.784
  -7.133 -16.079 -16.079
  -7.127 -16.044 -16.044
  -7.121 -16.069 -16.069
  -7.115 -15.871 -16.023
  -7.109 -15.806 -16.019
  -7.103 -15.670 -15.839
  -7.098 -15.605 -16.021
  -7.092 -15.480 -15.480
  -7.086 -16.221 -16.404
  -7.081 -15.985 -15.985
  -7.075 -16.078 -16.078
  -7.070 -16.052 -16.052
  -7.064 -16.068 -16.499
  -7.059 -16.499 -16.668
  -7.054 -16.192 -16.348
  -7.049 -16.684 -16.684
  -7.043 -16.193 -16.193
  -7.038 -14.922 -16.039
  -7.033 -15.485 -16.083
  -7.029 -16.342 -16.342
  -7.024 -16.119 -16.295
  -7.019 -16.669 -16.669
  -7.014 -15.344 -16.136
  -7.009 -15.048 -16.641
  -7.005 -16.835 -16.835
  -7.000 -16.109 -16.493
  -6.995 -15.905 -15.905
  -6.991 -16.037 -16.323
  -6.986 -15.963 -16.259
  -6.982 -15.810 -16.066
  -6.978 -15.991 -16.198
  -6.973 -16.113 -16.113
  -6.969 -15.494 -15.812
  -6.965 -17.297 -22.564
  -6.961 -16.534 -16.731
  -6.956 -16.615 -16.615
  -6.952 -15.501 -16.376
  -6.948 -16.337 -16.337
  -6.944 -16.169 -16.538
  -6.940 -16.785 -16.785
  -6.936 -15.259 -15.902
  -6.932 -15.695 -16.334
  -6.928 -16.036 -49.500
  -6.924 -15.840 -49.500
  -6.920 -16.617 -21.729
  -6.917 -16.587 -16.802
  -6.913 -16.034 -16.221
  -6.909 -17.076 -49.500
  -6.905 -16.802 -16.956
  -6.902 -49.500 -49.500
  -6.898 -16.331 -16.711
  -6.894 -16.813 -17.017
  -6.891 -16.489 -16.775
  -6.887 -16.109 -16.274
  -6.884 -14.967 -16.887
  -6.880 -16.449 -17.205
  -6.877 -16.693 -17.039
  -6.873 -16.004 -17.379
  -6.870 -16.405 -16.613
  -6.867 -16.584 -49.500
  -6.863 -16.677 -16.846
  -6.860 -16.662 -49.500
  -6.857 -15.884 -16.151
  -6.853 -16.481 -49.500
  -6.850 -16.522 -16.522
  -6.847 -16.223 -17.042
  -6.844 -16.255 -16.486
  -6.840 -16.575 -16.730
  -6.837 -16.036 -16.560
  -6.834 -16.887 -17.129
  -6.831 -16.753 -17.002
  -6.828 -16.768 -17.086
  -6.825 -15.224 -49.500
  -6.822 -16.681 -17.137
  -6.819 -49.500     NaN
  -6.816 -15.949 -49.500
  -6.813 -16.909 -17.320
  -6.810 -16.224 -16.823
  -6.807 -49.500     NaN
  -6.804 -16.836 -16.995
  -6.801 -16.517 -17.079
  -6.798 -16.482 -49.500
  -6.795 -16.373 -16.836
  -6.792 -16.639 -16.639
  -6.789 -16.693 -49.500
  -6.787 -15.571 -16.926
  -6.784 -16.731 -17.040
  -6.781 -49.500 -49.500
  -6.778 -49.500     NaN
  -6.775 -16.789 -49.500
  -6.773 -49.500     NaN
  -6.770 -15.761 -49.500
  -6.767 -49.500     NaN
  -6.765 -15.564 -15.973
  -6.762 -16.342 -16.342
  -6.759 -49.500     NaN
  -6.757 -16.809 -49.500
  -6.754 -15.605 -49.500
  -6.751 -49.500 -49.500
  -6.749 -16.467 -17.034
  -6.746 -16.550 -49.500
  -6.744 -49.500     NaN
  -6.741 -49.500     NaN
  -6.739 -49.500 -49.500
  -6.736 -49.500 -49.500
  -6.734 -16.775 -49.500
  -6.731 -49.500 -49.500
  -6.729 -49.500 -49.500
  -6.726 -16.790 -49.500
  -6.724 -15.184 -49.500
  -6.721 -49.500     NaN
  -6.719 -49.500     NaN
  -6.717 -49.500 -49.500
  -6.714 -49.500     NaN
  -6.712 -49.500 -49.500
  -6.709 -16.966 -49.500
  -6.707 -16.147 -16.727
  -6.705 -49.500 -49.500
  -6.702 -16.867 -49.500
  -6.700 -16.437 -16.437
  -6.698 -49.500     NaN
  -6.696 -49.500     NaN
  -6.693 -49.500 -49.500
  -6.691 -49.500     NaN
  -6.689 -49.500 -49.500
  -6.687 -16.730 -16.894
  -6.684 -16.359 -16.359
  -6.682 -49.500 -49.500
  -6.680 -16.038 -16.038
  -6.678 -49.500     NaN
  -6.675 -49.500 -49.500
  -6.673 -49.500     NaN
  -6.671 -49.500 -49.500
  -6.669 -49.500 -49.500
  -6.667 -49.500     NaN
  -6.665 -16.304 -16.553
  -6.663 -49.500 -49.500
  -6.661 -16.610 -16.610
  -6.658 -49.500     NaN
  -6.656 -49.500 -49.500
  -6.654 -49.500 -49.500
  -6.652 -49.500 -49.500
  -6.650 -17.110 -17.110
  -6.648 -49.500     NaN
  -6.646 -16.363 -16.732
  -6.644 -49.500 -49.500
  -6.642 -49.500     NaN
  -6.640 -49.500 -49.500
  -6.638 -15.965 -15.965
  -6.636 -16.442 -16.442
  -6.634 -49.500     NaN
  -6.632 -49.500 -49.500
  -6.630 -49.500 -49.500
  -6.628 -49.500     NaN
  -6.626 -49.500 -49.500
  -6.624 -49.500     NaN
  -6.622 -49.500 -49.500
  -6.620 -15.471 -15.471
  -6.618 -16.542 -16.542
  -6.617 -16.645 -49.500
  -6.615 -49.500 -49.500
  -6.613 -49.500     NaN
  -6.611 -16.886 -49.500
  -6.609 -49.500 -49.500
  -6.607 -49.500 -49.500
  -6.605 -49.500 -49.500
  -6.603 -16.441 -16.441
  -6.602 -49.500 -49.500
  -6.600 -49.500 -49.500
  -6.598 -49.500 -49.500
  -6.596 -49.500 -49.500
  -6.594 -49.500 -49.500
