  -8.861 -14.013 -14.013
  -8.599 -14.000 -14.000
  -8.442 -14.245 -14.245
  -8.329 -14.249 -14.249
  -8.239 -14.170 -14.425
  -8.166 -14.342 -14.342
  -8.103 -14.327 -14.327
  -8.048 -14.475 -14.643
  -7.999 -14.633 -14.633
  -7.955 -14.478 -14.478
  -7.916 -14.724 -14.724
  -7.879 -14.614 -14.614
  -7.846 -14.596 -14.791
  -7.815 -14.842 -14.842
  -7.786 -14.531 -14.721
  -7.758 -14.667 -14.667
  -7.733 -15.003 -15.003
  -7.709 -14.655 -14.847
  -7.686 -14.945 -14.945
  -7.664 -14.723 -15.212
  -7.643 -14.539 -15.031
  -7.624 -15.146 -15.146
  -7.605 -14.838 -14.838
  -7.586 -14.615 -14.868
  -7.569 -15.128 -15.348
  -7.552 -14.955 -15.275
  -7.536 -14.480 -15.154
  -7.521 -14.701 -14.943
  -7.506 -14.759 -14.976
  -7.491 -15.095 -15.095
  -7.477 -15.359 -15.359
  -7.464 -14.972 -14.972
  -7.451 -14.015 -15.357
  -7.438 -15.357 -15.357
  -7.425 -15.314 -15.314
  -7.413 -15.041 -15.256
  -7.401 -15.350 -15.557
  -7.390 -15.577 -15.577
  -7.379 -15.623 -15.623
  -7.368 -15.490 -15.490
  -7.357 -15.518 -15.518
  -7.347 -14.605 -15.429
  -7.337 -15.324 -15.324
  -7.327 -15.135 -15.634
  -7.317 -14.934 -15.327
  -7.308 -14.751 -15.726
  -7.299 -15.813 -15.813
  -7.290 -15.300 -15.497
  -7.281 -15.568 -15.568
  -7.272 -15.287 -15.816
  -7.264 -15.326 -15.484
  -7.255 -15.524 -15.524
  -7.247 -15.540 -15.540
  -7.239 -15.963 -15.963
  -7.231 -15.890 -15.890
  -7.223 -15.974 -15.974
  -7.216 -15.449 -15.801
  -7.208 -15.624 -15.850
  -7.201 -15.699 -16.069
  -7.194 -15.128 -15.682
  -7.187 -15.265 -15.801
  -7.180 -15.870 -16.170
  -7.173 -15.742 -15.932
  -7.166 -14.766 -15.628
  -7.159 -15.587 -15.955
  -7.153 -15.199 -15.987
  -7.146 -16.167 -16.167
  -7.140 -16.118 -16.362
  -7.133 -15.581 -15.906
  -7.127 -15.753 -16.014
  -7.121 -16.195 -16.413
  -7.115 -15.542 -15.860
  -7.109 -15.957 -15.957
  -7.103 -16.143 -16.143
  -7.098 -15.530 -16.208
  -7.092 -15.834 -16.220
  -7.086 -16.189 -16.189
  -7.081 -15.837 -15.837
  -7.075 -16.047 -16.047
  -7.070 -15.986 -16.272
  -7.064 -15.846 -16.020
  -7.059 -16.380 -16.540
  -7.054 -16.275 -16.275
  -7.049 -16.111 -16.376
  -7.043 -16.039 -16.211
  -7.038 -16.170 -16.406
  -7.033 -15.518 -15.970
  -7.029 -15.891 -16.055
  -7.024 -16.276 -16.492
  -7.019 -16.452 -16.452
  -7.014 -16.562 -16.562
  -7.009 -15.861 -16.537
  -7.005 -16.545 -16.881
  -7.000 -15.405 -16.179
  -6.995 -16.333 -16.755
  -6.991 -15.920 -15.920
  -6.986 -15.666 -15.963
  -6.982 -16.065 -16.065
  -6.978 -16.105 -16.342
  -6.973 -16.991 -17.254
  -6.969 -16.656 -16.833
  -6.965 -16.064 -16.396
  -6.961 -16.197 -16.422
  -6.956 -15.840 -16.030
  -6.952 -15.551 -16.484
  -6.948 -14.932 -16.457
  -6.944 -16.397 -16.642
  -6.940 -16.580 -16.580
  -6.936 -16.549 -17.367
  -6.932 -16.419 -16.419
  -6.928 -15.983 -16.157
  -6.924 -15.483 -15.698
  -6.920 -16.060 -16.230
  -6.917 -16.165 -16.357
  -6.913 -16.380 -16.545
  -6.909 -16.600 -16.983
  -6.905 -16.250 -17.149
  -6.902 -15.368 -16.884
  -6.898 -15.080 -15.548
  -6.894 -16.473 -17.381
  -6.891 -16.371 -16.551
  -6.887 -16.522 -17.058
  -6.884 -16.638 -16.805
  -6.880 -49.500     NaN
  -6.877 -15.997 -49.500
  -6.873 -16.377 -49.500
  -6.870 -16.464 -49.500
  -6.867 -16.681 -17.043
  -6.863 -16.203 -16.459
  -6.860 -16.246 -16.246
  -6.857 -15.772 -16.512
  -6.853 -16.869 -49.500
  -6.850 -16.802 -49.500
  -6.847 -16.059 -16.059
  -6.844 -15.460 -16.231
  -6.840 -16.519 -16.719
  -6.837 -15.620 -16.030
  -6.834 -15.958 -16.180
  -6.831 -16.811 -17.021
  -6.828 -49.500     NaN
  -6.825 -16.363 -16.570
  -6.822 -15.371 -16.703
  -6.819 -16.275 -49.500
  -6.816 -16.764 -49.500
  -6.813 -49.500     NaN
  -6.810 -15.037 -16.556
  -6.807 -16.379 -16.551
  -6.804 -16.667 -16.871
  -6.801 -49.500     NaN
  -6.798 -49.500 -49.500
  -6.795 -49.500     NaN
  -6.792 -49.500 -49.500
  -6.789 -16.962 -49.500
  -6.787 -16.508 -16.688
  -6.784 -16.573 -16.815
  -6.781 -49.500     NaN
  -6.778 -16.031 -49.500
  -6.775 -16.351 -49.500
  -6.773 -16.675 -49.500
  -6.770 -49.500     NaN
  -6.767 -49.500     NaN
  -6.765 -16.255 -16.871
  -6.762 -16.147 -17.140
  -6.759 -49.500     NaN
  -6.757 -49.500     NaN
  -6.754 -16.249 -16.667
  -6.751 -49.500     NaN
  -6.749 -49.500     NaN
  -6.746 -49.500     NaN
  -6.744 -49.500     NaN
  -6.741 -16.489 -49.500
  -6.739 -49.500     NaN
  -6.736 -16.216 -49.500
  -6.734 -16.525 -16.525
  -6.731 -49.500 -49.500
  -6.729 -49.500 -49.500
  -6.726 -16.329 -16.329
  -6.724 -49.500 -49.500
  -6.721 -16.274 -16.462
  -6.719 -17.065 -49.500
  -6.717 -49.500     NaN
  -6.714 -49.500 -49.500
  -6.712 -14.763 -49.500
  -6.709 -49.500     NaN
  -6.707 -49.500 -49.500
  -6.705 -49.500     NaN
  -6.702 -49.500 -49.500
  -6.700 -16.003 -16.167
  -6.698 -49.500 -49.500
  -6.696 -16.684 -49.500
  -6.693 -49.500 -49.500
  -6.691 -49.500     NaN
  -6.689 -16.495 -16.495
  -6.687 -49.500     NaN
  -6.684 -16.051 -16.314
  -6.682 -49.500 -49.500
  -6.680 -49.500 -49.500
  -6.678 -15.816 -49.500
  -6.675 -49.500     NaN
  -6.673 -49.500 -49.500
  -6.671 -49.500     NaN
  -6.669 -16.472 -49.500
  -6.667 -49.500 -49.500
  -6.665 -16.245 -49.500
  -6.663 -16.299 -16.299
  -6.661 -49.500 -49.500
  -6.658 -16.619 -49.500
  -6.656 -16.582 -49.500
  -6.654 -49.500     NaN
  -6.652 -49.500 -49.500
  -6.650 -16.180 -49.500
  -6.648 -49.500 -49.500
  -6.646 -49.500 -49.500
  -6.644 -49.500 -49.500
  -6.642 -16.441 -16.441
  -6.640 -49.500 -49.500
  -6.638 -49.500     NaN
  -6.636 -49.500     NaN
  -6.634 -49.500 -49.500
  -6.632 -49.500     NaN
  -6.630 -49.500     NaN
  -6.628 -49.500 -49.500
  -6.626 -16.532 -16.532
  -6.624 -16.051 -49.500
  -6.622 -16.470 -16.470
  -6.620 -49.500 -49.500
  -6.618 -49.500     NaN
  -6.617 -49.500 -49.500
  -6.615 -15.851 -15.851
  -6.613 -16.100 -49.500
  -6.611 -49.500 -49.500
  -6.609 -16.453 -16.453
  -6.607 -16.582 -49.500
  -6.605 -15.764 -15.764
  -6.603 -16.555 -49.500
  -6.602 -49.500 -49.500
  -6.600 -49.500 -49.500
  -6.598 -14.894 -14.894
  -6.596 -49.500 -49.500
  -6.594 -49.500 -49.500
