  -8.861 -13.996 -13.996
  -8.599 -14.128 -14.128
  -8.442 -14.178 -14.178
  -8.329 -14.284 -14.284
  -8.239 -14.309 -14.309
  -8.166 -14.466 -14.466
  -8.103 -14.393 -14.393
  -8.048 -14.145 -14.518
  -7.999 -14.588 -14.588
  -7.955 -14.505 -14.505
  -7.916 -14.652 -14.652
  -7.879 -14.761 -14.761
  -7.846 -14.740 -14.740
  -7.815 -14.484 -14.484
  -7.786 -14.935 -14.935
  -7.758 -14.970 -14.970
  -7.733 -15.019 -15.019
  -7.709 -14.445 -14.697
  -7.686 -14.951 -15.102
  -7.664 -14.130 -14.768
  -7.643 -14.610 -14.927
  -7.624 -15.155 -15.155
  -7.605 -14.916 -14.916
  -7.586 -15.200 -15.200
  -7.569 -14.754 -15.055
  -7.552 -14.614 -14.839
  -7.536 -15.013 -15.190
  -7.521 -15.292 -15.292
  -7.506 -14.606 -14.987
  -7.491 -14.731 -15.138
  -7.477 -15.168 -15.337
  -7.464 -14.502 -14.686
  -7.451 -15.329 -15.329
  -7.438 -15.019 -15.019
  -7.425 -15.116 -15.407
  -7.413 -15.538 -15.538
  -7.401 -15.066 -15.237
  -7.390 -15.242 -15.557
  -7.379 -15.635 -15.635
  -7.368 -15.071 -15.301
  -7.357 -15.195 -15.435
  -7.347 -15.189 -15.189
  -7.337 -15.627 -15.627
  -7.327 -15.592 -15.592
  -7.317 -15.135 -15.355
  -7.308 -14.717 -15.468
  -7.299 -15.728 -15.728
  -7.290 -15.273 -15.446
  -7.281 -13.687 -15.229
  -7.272 -15.445 -15.794
  -7.264 -15.667 -15.863
  -7.255 -15.083 -15.653
  -7.247 -15.692 -15.860
  -7.239 -15.373 -15.662
  -7.231 -15.822 -15.822
  -7.223 -15.320 -15.796
  -7.216 -15.834 -15.834
  -7.208 -15.498 -15.498
  -7.201 -15.218 -15.594
  -7.194 -15.931 -15.931
  -7.187 -15.305 -15.799
  -7.180 -15.765 -15.923
  -7.173 -15.541 -15.907
  -7.166 -15.410 -15.724
  -7.159 -15.622 -16.053
  -7.153 -15.479 -15.479
  -7.146 -15.758 -15.952
  -7.140 -16.141 -16.141
  -7.133 -15.860 -16.029
  -7.127 -15.754 -16.211
  -7.121 -15.622 -16.103
  -7.115 -15.586 -16.185
  -7.109 -14.929 -15.665
  -7.103 -15.839 -16.249
  -7.098 -16.359 -16.359
  -7.092 -15.960 -16.165
  -7.086 -15.398 -16.265
  -7.081 -16.063 -16.510
  -7.075 -16.033 -16.219
  -7.070 -15.890 -16.201
  -7.064 -16.134 -16.134
  -7.059 -16.471 -16.621
  -7.054 -15.976 -15.976
  -7.049 -15.657 -16.345
  -7.043 -16.337 -16.337
  -7.038 -15.232 -16.146
  -7.033 -16.045 -16.204
  -7.029 -16.036 -16.503
  -7.024 -15.165 -16.454
  -7.019 -15.673 -16.038
  -7.014 -16.038 -16.038
  -7.009 -15.421 -15.966
  -7.005 -15.225 -15.860
  -7.000 -16.054 -16.207
  -6.995 -15.986 -16.271
  -6.991 -16.297 -16.725
  -6.986 -15.932 -16.453
  -6.982 -15.717 -16.453
  -6.978 -16.425 -16.765
  -6.973 -16.539 -16.539
  -6.969 -16.280 -16.621
  -6.965 -16.366 -16.891
  -6.961 -16.055 -16.483
  -6.956 -16.175 -16.349
  -6.952 -16.554 -16.866
  -6.948 -16.131 -17.420
  -6.944 -15.159 -15.159
  -6.940 -16.112 -16.112
  -6.936 -15.776 -16.146
  -6.932 -16.218 -16.426
  -6.928 -15.714 -49.500
  -6.924 -16.029 -17.160
  -6.920 -15.447 -15.780
  -6.917 -16.628 -16.822
  -6.913 -16.117 -16.438
  -6.909 -17.045 -17.399
  -6.905 -16.460 -16.671
  -6.902 -16.097 -22.709
  -6.898 -16.324 -16.488
  -6.894 -16.083 -16.551
  -6.891 -16.357 -22.705
  -6.887 -17.138 -49.500
  -6.884 -15.974 -49.500
  -6.880 -15.876 -16.605
  -6.877 -15.854 -16.011
  -6.873 -16.487 -49.500
  -6.870 -49.500     NaN
  -6.867 -16.302 -16.844
  -6.863 -16.889 -17.274
  -6.860 -16.957 -16.957
  -6.857 -15.663 -15.921
  -6.853 -49.500     NaN
  -6.850 -16.666 -17.061
  -6.847 -15.457 -16.290
  -6.844 -16.507 -16.507
  -6.840 -16.393 -17.044
  -6.837 -16.708 -49.500
  -6.834 -16.292 -49.500
  -6.831 -16.745 -49.500
  -6.828 -49.500 -49.500
  -6.825 -16.420 -16.623
  -6.822 -49.500     NaN
  -6.819 -16.532 -49.500
  -6.816 -16.741 -16.741
  -6.813 -16.740 -49.500
  -6.810 -16.451 -16.734
  -6.807 -16.932 -17.128
  -6.804 -49.500     NaN
  -6.801 -49.500     NaN
  -6.798 -16.781 -16.781
  -6.795 -15.594 -49.500
  -6.792 -16.751 -49.500
  -6.789 -49.500     NaN
  -6.787 -16.478 -16.478
  -6.784 -49.500     NaN
  -6.781 -16.221 -16.378
  -6.778 -16.547 -49.500
  -6.775 -16.234 -16.704
  -6.773 -16.538 -49.500
  -6.770 -49.500     NaN
  -6.767 -16.294 -16.988
  -6.765 -49.500     NaN
  -6.762 -16.195 -16.420
  -6.759 -49.500     NaN
  -6.757 -49.500     NaN
  -6.754 -16.671 -49.500
  -6.751 -49.500 -49.500
  -6.749 -49.500 -49.500
  -6.746 -15.912 -16.484
  -6.744 -16.257 -16.543
  -6.741 -15.341 -16.361
  -6.739 -49.500 -49.500
  -6.736 -49.500     NaN
  -6.734 -16.839 -16.839
  -6.731 -16.677 -16.677
  -6.729 -16.631 -16.631
  -6.726 -15.499 -16.117
  -6.724 -16.930 -49.500
  -6.721 -16.428 -49.500
  -6.719 -49.500     NaN
  -6.717 -16.799 -49.500
  -6.714 -16.980 -49.500
  -6.712 -16.565 -49.500
  -6.709 -49.500 -49.500
  -6.707 -49.500     NaN
  -6.705 -16.402 -16.402
  -6.702 -16.292 -49.500
  -6.700 -49.500     NaN
  -6.698 -49.500     NaN
  -6.696 -16.325 -49.500
  -6.693 -16.838 -49.500
  -6.691 -49.500     NaN
  -6.689 -16.211 -49.500
  -6.687 -49.500 -49.500
  -6.684 -16.659 -16.659
  -6.682 -49.500 -49.500
  -6.680 -49.500     NaN
  -6.678 -49.500 -49.500
  -6.675 -49.500 -49.500
  -6.673 -49.500 -49.500
  -6.671 -49.500     NaN
  -6.669 -15.563 -15.563
  -6.667 -49.500     NaN
  -6.665 -49.500 -49.500
  -6.663 -49.500     NaN
  -6.661 -49.500 -49.500
  -6.658 -49.500 -49.500
  -6.656 -49.500     NaN
  -6.654 -49.500     NaN
  -6.652 -49.500     NaN
  -6.650 -49.500 -49.500
  -6.648 -16.353 -49.500
  -6.646 -49.500     NaN
  -6.644 -49.500 -49.500
  -6.642 -16.036 -49.500
  -6.640 -15.779 -16.195
  -6.638 -49.500 -49.500
  -6.636 -49.500 -49.500
  -6.634 -49.500 -49.500
  -6.632 -49.500     NaN
  -6.630 -49.500 -49.500
  -6.628 -49.500 -49.500
  -6.626 -49.500 -49.500
  -6.624 -49.500 -49.500
  -6.622 -49.500 -49.500
  -6.620 -49.500 -49.500
  -6.618 -49.500 -49.500
  -6.617 -15.997 -15.997
  -6.615 -16.534 -49.500
  -6.613 -49.500 -49.500
  -6.611 -49.500 -49.500
  -6.609 -49.500 -49.500
  -6.607 -49.500 -49.500
  -6.605 -17.073 -49.500
  -6.603 -49.500 -49.500
  -6.602 -16.743 -16.743
  -6.600 -16.514 -16.514
  -6.598 -15.533 -15.533
  -6.596 -49.500 -49.500
  -6.594 -16.774 -49.500
