  -8.861 -13.952 -13.952
  -8.599 -14.075 -14.075
  -8.442 -14.257 -14.257
  -8.329 -14.314 -14.314
  -8.239 -14.358 -14.358
  -8.166 -14.437 -14.437
  -8.103 -14.511 -14.511
  -8.048 -14.523 -14.523
  -7.999 -14.403 -14.619
  -7.955 -14.633 -14.633
  -7.916 -14.713 -14.713
  -7.879 -14.652 -14.652
  -7.846 -14.818 -14.818
  -7.815 -14.506 -14.506
  -7.786 -14.614 -14.614
  -7.758 -14.796 -14.796
  -7.733 -14.436 -14.913
  -7.709 -14.675 -14.856
  -7.686 -15.138 -15.138
  -7.664 -14.973 -15.149
  -7.643 -14.988 -14.988
  -7.624 -14.369 -15.058
  -7.605 -14.171 -14.701
  -7.586 -14.920 -15.073
  -7.569 -15.185 -15.339
  -7.552 -15.063 -15.063
  -7.536 -15.009 -15.177
  -7.521 -14.954 -15.227
  -7.506 -14.980 -15.342
  -7.491 -14.756 -15.012
  -7.477 -14.056 -15.333
  -7.464 -15.154 -15.332
  -7.451 -15.444 -15.444
  -7.438 -15.696 -15.696
  -7.425 -15.566 -15.566
  -7.413 -15.144 -15.334
  -7.401 -15.259 -15.436
  -7.390 -15.580 -15.580
  -7.379 -15.360 -15.360
  -7.368 -15.524 -15.524
  -7.357 -15.350 -15.533
  -7.347 -14.833 -15.659
  -7.337 -15.639 -15.639
  -7.327 -15.762 -15.762
  -7.317 -15.273 -15.273
  -7.308 -14.891 -15.175
  -7.299 -15.688 -15.929
  -7.290 -15.105 -15.501
  -7.281 -15.655 -15.655
  -7.272 -15.599 -15.599
  -7.264 -15.603 -15.756
  -7.255 -15.407 -15.680
  -7.247 -14.956 -16.100
  -7.239 -15.445 -15.445
  -7.231 -14.507 -15.269
  -7.223 -15.666 -15.666
  -7.216 -15.866 -15.866
  -7.208 -15.711 -15.880
  -7.201 -15.622 -15.622
  -7.194 -15.200 -15.377
  -7.187 -16.072 -16.072
  -7.180 -15.606 -15.606
  -7.173 -15.554 -15.554
  -7.166 -16.059 -16.059
  -7.159 -16.220 -16.220
  -7.153 -15.726 -15.891
  -7.146 -15.606 -16.286
  -7.140 -15.792 -16.110
  -7.133 -16.061 -16.061
  -7.127 -16.012 -16.012
  -7.121 -15.627 -15.845
  -7.115 -15.603 -16.059
  -7.109 -15.557 -15.722
  -7.103 -15.887 -16.157
  -7.098 -15.319 -15.706
  -7.092 -16.256 -16.256
  -7.086 -15.044 -16.261
  -7.081 -16.182 -16.441
  -7.075 -16.080 -16.080
  -7.070 -15.435 -15.848
  -7.064 -16.292 -16.292
  -7.059 -16.555 -16.555
  -7.054 -16.097 -16.097
  -7.049 -15.857 -16.309
  -7.043 -15.729 -16.400
  -7.038 -15.998 -16.356
  -7.033 -16.193 -16.759
  -7.029 -15.520 -15.860
  -7.024 -15.955 -16.632
  -7.019 -16.109 -16.575
  -7.014 -16.296 -16.594
  -7.009 -15.641 -16.397
  -7.005 -15.692 -16.379
  -7.000 -15.142 -16.431
  -6.995 -15.252 -15.922
  -6.991 -16.235 -16.235
  -6.986 -16.253 -16.532
  -6.982 -15.099 -15.656
  -6.978 -16.354 -16.354
  -6.973 -16.767 -17.039
  -6.969 -15.667 -16.230
  -6.965 -16.392 -16.703
  -6.961 -15.793 -16.320
  -6.956 -16.496 -16.672
  -6.952 -16.513 -16.666
  -6.948 -16.683 -17.197
  -6.944 -15.898 -16.595
  -6.940 -16.327 -16.327
  -6.936 -15.464 -16.208
  -6.932 -16.233 -16.392
  -6.928 -16.007 -16.320
  -6.924 -16.551 -16.915
  -6.920 -16.419 -16.419
  -6.917 -16.565 -23.203
  -6.913 -16.818 -16.984
  -6.909 -16.482 -22.833
  -6.905 -16.204 -16.817
  -6.902 -15.697 -16.382
  -6.898 -16.486 -16.643
  -6.894 -16.893 -22.649
  -6.891 -16.710 -16.893
  -6.887 -16.249 -17.160
  -6.884 -16.372 -16.655
  -6.880 -16.911 -49.500
  -6.877 -16.716 -49.500
  -6.873 -16.218 -16.568
  -6.870 -16.303 -17.027
  -6.867 -16.227 -16.619
  -6.863 -17.143 -49.500
  -6.860 -16.490 -49.500
  -6.857 -16.707 -49.500
  -6.853 -17.030 -49.500
  -6.850 -15.515 -17.390
  -6.847 -16.377 -16.637
  -6.844 -49.500     NaN
  -6.840 -16.422 -49.500
  -6.837 -17.182 -49.500
  -6.834 -16.876 -49.500
  -6.831 -16.302 -16.953
  -6.828 -16.525 -16.783
  -6.825 -16.456 -49.500
  -6.822 -49.500     NaN
  -6.819 -16.268 -49.500
  -6.816 -49.500     NaN
  -6.813 -16.534 -49.500
  -6.810 -16.300 -49.500
  -6.807 -16.779 -49.500
  -6.804 -49.500     NaN
  -6.801 -16.710 -49.500
  -6.798 -16.588 -16.588
  -6.795 -49.500 -49.500
  -6.792 -15.687 -49.500
  -6.789 -16.345 -16.345
  -6.787 -16.110 -49.500
  -6.784 -16.519 -16.702
  -6.781 -16.403 -49.500
  -6.778 -16.515 -49.500
  -6.775 -49.500     NaN
  -6.773 -16.386 -16.626
  -6.770 -49.500     NaN
  -6.767 -49.500     NaN
  -6.765 -15.754 -16.230
  -6.762 -49.500     NaN
  -6.759 -16.852 -16.852
  -6.757 -49.500 -49.500
  -6.754 -16.183 -16.183
  -6.751 -16.638 -17.006
  -6.749 -16.147 -49.500
  -6.746 -16.343 -16.518
  -6.744 -49.500     NaN
  -6.741 -16.376 -49.500
  -6.739 -16.830 -49.500
  -6.736 -16.885 -16.885
  -6.734 -16.889 -49.500
  -6.731 -49.500 -49.500
  -6.729 -49.500 -49.500
  -6.726 -16.090 -16.381
  -6.724 -49.500 -49.500
  -6.721 -16.032 -17.175
  -6.719 -16.970 -49.500
  -6.717 -16.500 -49.500
  -6.714 -49.500     NaN
  -6.712 -16.259 -49.500
  -6.709 -49.500 -49.500
  -6.707 -16.469 -49.500
  -6.705 -49.500 -49.500
  -6.702 -49.500 -49.500
  -6.700 -49.500     NaN
  -6.698 -49.500 -49.500
  -6.696 -49.500     NaN
  -6.693 -16.543 -49.500
  -6.691 -49.500 -49.500
  -6.689 -49.500     NaN
  -6.687 -49.500 -49.500
  -6.684 -16.100 -16.634
  -6.682 -16.255 -49.500
  -6.680 -49.500 -49.500
  -6.678 -49.500 -49.500
  -6.675 -16.441 -49.500
  -6.673 -49.500 -49.500
  -6.671 -49.500     NaN
  -6.669 -49.500     NaN
  -6.667 -49.500 -49.500
  -6.665 -49.500 -49.500
  -6.663 -49.500 -49.500
  -6.661 -49.500     NaN
  -6.658 -16.966 -49.500
  -6.656 -49.500     NaN
  -6.654 -49.500     NaN
  -6.652 -49.500 -49.500
  -6.650 -49.500     NaN
  -6.648 -49.500 -49.500
  -6.646 -49.500 -49.500
  -6.644 -16.150 -16.899
  -6.642 -49.500 -49.500
  -6.640 -49.500 -49.500
  -6.638 -15.136 -49.500
  -6.636 -16.798 -16.798
  -6.634 -16.687 -16.687
  -6.632 -49.500 -49.500
  -6.630 -49.500 -49.500
  -6.628 -16.663 -16.663
  -6.626 -49.500     NaN
  -6.624 -49.500     NaN
  -6.622 -49.500     NaN
  -6.620 -49.500 -49.500
  -6.618 -16.064 -49.500
  -6.617 -16.943 -16.943
  -6.615 -49.500     NaN
  -6.613 -49.500 -49.500
  -6.611 -15.232 -49.500
  -6.609 -16.573 -16.573
  -6.607 -49.500     NaN
  -6.605 -15.966 -49.500
  -6.603 -49.500 -49.500
  -6.602 -49.500 -49.500
  -6.600 -49.500 -49.500
  -6.598 -49.500     NaN
  -6.596 -49.500 -49.500
  -6.594 -16.389 -16.389
