  -8.861 -13.991 -13.991
  -8.599 -14.112 -14.112
  -8.442 -14.255 -14.255
  -8.329 -14.313 -14.313
  -8.239 -14.341 -14.341
  -8.166 -14.415 -14.415
  -8.103 -14.544 -14.544
  -8.048 -14.610 -14.610
  -7.999 -14.529 -14.529
  -7.955 -14.650 -14.650
  -7.916 -14.301 -14.710
  -7.879 -14.651 -14.651
  -7.846 -14.294 -14.455
  -7.815 -14.549 -14.549
  -7.786 -14.819 -14.819
  -7.758 -13.787 -14.798
  -7.733 -14.504 -14.956
  -7.709 -15.080 -15.080
  -7.686 -15.045 -15.045
  -7.664 -14.532 -15.024
  -7.643 -14.552 -14.972
  -7.624 -14.872 -15.046
  -7.605 -14.345 -14.508
  -7.586 -15.217 -15.217
  -7.569 -14.875 -14.875
  -7.552 -15.144 -15.144
  -7.536 -15.214 -15.214
  -7.521 -15.309 -15.309
  -7.506 -15.490 -15.490
  -7.491 -15.021 -15.217
  -7.477 -14.804 -15.358
  -7.464 -15.205 -15.205
  -7.451 -15.031 -15.031
  -7.438 -15.129 -15.301
  -7.425 -14.929 -15.400
  -7.413 -14.958 -15.276
  -7.401 -15.413 -15.413
  -7.390 -15.753 -15.753
  -7.379 -15.175 -15.175
  -7.368 -14.741 -15.386
  -7.357 -15.604 -15.604
  -7.347 -15.502 -15.502
  -7.337 -15.598 -15.598
  -7.327 -15.484 -15.644
  -7.317 -14.948 -15.270
  -7.308 -15.333 -15.552
  -7.299 -15.627 -15.627
  -7.290 -15.366 -15.840
  -7.281 -15.458 -15.623
  -7.272 -15.672 -15.672
  -7.264 -15.234 -15.702
  -7.255 -15.349 -15.729
  -7.247 -15.216 -16.204
  -7.239 -15.496 -15.815
  -7.231 -15.616 -15.944
  -7.223 -15.749 -15.749
  -7.216 -15.548 -15.548
  -7.208 -15.621 -15.621
  -7.201 -15.667 -15.667
  -7.194 -15.941 -15.941
  -7.187 -15.157 -15.929
  -7.180 -15.685 -15.685
  -7.173 -15.399 -16.321
  -7.166 -15.871 -15.871
  -7.159 -15.610 -16.036
  -7.153 -15.924 -16.414
  -7.146 -15.666 -15.666
  -7.140 -15.893 -16.068
  -7.133 -15.773 -15.773
  -7.127 -15.987 -15.987
  -7.121 -15.411 -15.598
  -7.115 -15.443 -15.639
  -7.109 -16.151 -16.151
  -7.103 -15.478 -16.358
  -7.098 -15.777 -15.777
  -7.092 -15.976 -16.219
  -7.086 -15.797 -16.052
  -7.081 -15.505 -15.892
  -7.075 -16.245 -16.245
  -7.070 -15.557 -15.850
  -7.064 -16.131 -16.294
  -7.059 -15.916 -16.075
  -7.054 -16.427 -16.427
  -7.049 -15.853 -16.270
  -7.043 -15.858 -16.180
  -7.038 -15.595 -16.405
  -7.033 -16.260 -16.477
  -7.029 -16.116 -16.405
  -7.024 -15.921 -16.073
  -7.019 -16.003 -16.397
  -7.014 -15.501 -16.304
  -7.009 -15.676 -16.053
  -7.005 -15.186 -15.963
  -7.000 -15.643 -15.866
  -6.995 -16.411 -16.411
  -6.991 -17.281 -22.481
  -6.986 -15.691 -15.691
  -6.982 -15.430 -15.780
  -6.978 -16.168 -16.168
  -6.973 -16.548 -16.827
  -6.969 -16.771 -17.226
  -6.965 -16.538 -16.724
  -6.961 -16.656 -16.656
  -6.956 -16.420 -16.666
  -6.952 -16.242 -17.036
  -6.948 -14.658 -16.482
  -6.944 -16.556 -17.243
  -6.940 -15.711 -16.471
  -6.936 -16.108 -16.295
  -6.932 -15.662 -15.831
  -6.928 -16.339 -16.685
  -6.924 -16.165 -16.165
  -6.920 -16.348 -16.563
  -6.917 -16.255 -16.465
  -6.913 -16.395 -16.850
  -6.909 -16.810 -16.998
  -6.905 -16.104 -16.628
  -6.902 -15.811 -16.444
  -6.898 -16.243 -16.487
  -6.894 -16.732 -17.025
  -6.891 -16.333 -16.629
  -6.887 -15.212 -49.500
  -6.884 -16.206 -16.458
  -6.880 -16.261 -49.500
  -6.877 -14.588 -16.744
  -6.873 -16.295 -16.475
  -6.870 -15.616 -15.961
  -6.867 -16.518 -49.500
  -6.863 -16.505 -49.500
  -6.860 -16.656 -17.104
  -6.857 -16.150 -16.306
  -6.853 -16.916 -17.340
  -6.850 -16.267 -16.721
  -6.847 -16.757 -49.500
  -6.844 -15.939 -49.500
  -6.840 -49.500     NaN
  -6.837 -16.655 -49.500
  -6.834 -15.980 -16.294
  -6.831 -16.055 -16.847
  -6.828 -16.692 -16.692
  -6.825 -16.395 -16.749
  -6.822 -15.428 -16.877
  -6.819 -16.892 -17.201
  -6.816 -15.404 -15.664
  -6.813 -16.418 -49.500
  -6.810 -16.357 -49.500
  -6.807 -49.500     NaN
  -6.804 -16.719 -49.500
  -6.801 -16.817 -49.500
  -6.798 -49.500     NaN
  -6.795 -16.667 -16.667
  -6.792 -49.500     NaN
  -6.789 -17.077 -49.500
  -6.787 -16.628 -49.500
  -6.784 -16.611 -49.500
  -6.781 -49.500     NaN
  -6.778 -49.500     NaN
  -6.775 -16.495 -16.937
  -6.773 -49.500     NaN
  -6.770 -16.815 -16.996
  -6.767 -49.500     NaN
  -6.765 -15.760 -49.500
  -6.762 -16.045 -17.021
  -6.759 -16.226 -16.226
  -6.757 -17.067 -49.500
  -6.754 -49.500     NaN
  -6.751 -49.500     NaN
  -6.749 -15.195 -15.458
  -6.746 -49.500     NaN
  -6.744 -49.500     NaN
  -6.741 -17.077 -17.077
  -6.739 -16.597 -16.758
  -6.736 -16.648 -49.500
  -6.734 -49.500     NaN
  -6.731 -49.500     NaN
  -6.729 -49.500 -49.500
  -6.726 -16.692 -16.692
  -6.724 -16.610 -49.500
  -6.721 -16.778 -49.500
  -6.719 -16.178 -49.500
  -6.717 -16.882 -49.500
  -6.714 -49.500     NaN
  -6.712 -16.419 -16.602
  -6.709 -16.964 -49.500
  -6.707 -16.794 -49.500
  -6.705 -16.661 -16.661
  -6.702 -16.099 -16.099
  -6.700 -49.500 -49.500
  -6.698 -49.500     NaN
  -6.696 -16.819 -16.819
  -6.693 -49.500 -49.500
  -6.691 -16.221 -16.221
  -6.689 -49.500     NaN
  -6.687 -49.500 -49.500
  -6.684 -49.500 -49.500
  -6.682 -49.500     NaN
  -6.680 -49.500 -49.500
  -6.678 -16.654 -49.500
  -6.675 -16.196 -16.741
  -6.673 -49.500     NaN
  -6.671 -17.033 -49.500
  -6.669 -49.500 -49.500
  -6.667 -49.500 -49.500
  -6.665 -16.834 -49.500
  -6.663 -49.500 -49.500
  -6.661 -49.500 -49.500
  -6.658 -16.352 -16.352
  -6.656 -15.845 -16.183
  -6.654 -49.500     NaN
  -6.652 -49.500     NaN
  -6.650 -49.500 -49.500
  -6.648 -49.500 -49.500
  -6.646 -16.736 -49.500
  -6.644 -49.500     NaN
  -6.642 -49.500 -49.500
  -6.640 -49.500 -49.500
  -6.638 -49.500 -49.500
  -6.636 -49.500     NaN
  -6.634 -49.500 -49.500
  -6.632 -16.116 -16.116
  -6.630 -15.627 -49.500
  -6.628 -16.712 -49.500
  -6.626 -49.500 -49.500
  -6.624 -49.500 -49.500
  -6.622 -49.500 -49.500
  -6.620 -49.500 -49.500
  -6.618 -49.500 -49.500
  -6.617 -49.500 -49.500
  -6.615 -49.500 -49.500
  -6.613 -16.965 -16.965
  -6.611 -49.500 -49.500
  -6.609 -49.500 -49.500
  -6.607 -49.500 -49.500
  -6.605 -49.500 -49.500
  -6.603 -16.955 -49.500
  -6.602 -49.500 -49.500
  -6.600 -49.500 -49.500
  -6.598 -49.500 -49.500
  -6.596 -49.500 -49.500
  -6.594 -49.500 -49.500
