  -8.861 -13.972 -13.972
  -8.599 -14.067 -14.067
  -8.442 -14.266 -14.266
  -8.329 -14.094 -14.253
  -8.239 -14.366 -14.366
  -8.166 -14.443 -14.443
  -8.103 -14.428 -14.428
  -8.048 -14.586 -14.586
  -7.999 -14.512 -14.512
  -7.955 -14.588 -14.588
  -7.916 -14.143 -14.601
  -7.879 -14.852 -14.852
  -7.846 -14.506 -14.685
  -7.815 -14.494 -14.803
  -7.786 -14.783 -14.783
  -7.758 -14.769 -14.769
  -7.733 -14.633 -14.926
  -7.709 -14.929 -14.929
  -7.686 -14.727 -14.727
  -7.664 -15.005 -15.005
  -7.643 -15.071 -15.071
  -7.624 -14.991 -14.991
  -7.605 -14.974 -15.183
  -7.586 -14.773 -14.955
  -7.569 -15.146 -15.146
  -7.552 -15.074 -15.074
  -7.536 -15.158 -15.158
  -7.521 -15.055 -15.244
  -7.506 -15.120 -15.120
  -7.491 -15.202 -15.202
  -7.477 -14.962 -15.120
  -7.464 -15.475 -15.475
  -7.451 -15.374 -15.374
  -7.438 -15.410 -15.410
  -7.425 -15.180 -15.180
  -7.413 -15.258 -15.258
  -7.401 -15.250 -15.436
  -7.390 -15.319 -15.545
  -7.379 -15.093 -15.558
  -7.368 -15.609 -15.609
  -7.357 -15.568 -15.568
  -7.347 -15.496 -15.777
  -7.337 -15.716 -15.716
  -7.327 -15.286 -15.471
  -7.317 -15.592 -15.592
  -7.308 -15.609 -15.609
  -7.299 -15.717 -15.717
  -7.290 -15.523 -15.523
  -7.281 -15.346 -15.522
  -7.272 -15.762 -15.762
  -7.264 -15.719 -15.719
  -7.255 -14.525 -15.484
  -7.247 -15.080 -15.661
  -7.239 -15.325 -15.792
  -7.231 -15.692 -15.692
  -7.223 -15.669 -15.669
  -7.216 -15.392 -15.392
  -7.208 -15.910 -15.910
  -7.201 -15.674 -15.674
  -7.194 -15.847 -16.008
  -7.187 -14.723 -14.985
  -7.180 -15.596 -15.959
  -7.173 -15.712 -15.920
  -7.166 -15.978 -15.978
  -7.159 -15.477 -15.771
  -7.153 -16.226 -16.226
  -7.146 -15.310 -15.529
  -7.140 -15.537 -15.963
  -7.133 -16.020 -16.020
  -7.127 -15.790 -15.790
  -7.121 -15.726 -15.726
  -7.115 -16.053 -16.053
  -7.109 -15.765 -16.014
  -7.103 -16.430 -16.430
  -7.098 -16.187 -16.413
  -7.092 -15.953 -15.953
  -7.086 -16.367 -16.367
  -7.081 -14.968 -15.375
  -7.075 -16.214 -16.373
  -7.070 -15.353 -16.403
  -7.064 -15.821 -16.206
  -7.059 -15.978 -15.978
  -7.054 -15.902 -16.116
  -7.049 -16.119 -16.119
  -7.043 -15.550 -15.999
  -7.038 -16.646 -16.646
  -7.033 -15.116 -16.318
  -7.029 -16.292 -16.292
  -7.024 -16.304 -16.809
  -7.019 -15.701 -16.217
  -7.014 -16.200 -16.392
  -7.009 -16.291 -16.291
  -7.005 -16.647 -16.647
  -7.000 -15.701 -16.392
  -6.995 -15.575 -16.188
  -6.991 -15.987 -16.597
  -6.986 -16.000 -16.519
  -6.982 -15.841 -15.841
  -6.978 -15.928 -16.449
  -6.973 -16.536 -16.903
  -6.969 -16.058 -16.554
  -6.965 -15.876 -16.032
  -6.961 -16.182 -16.357
  -6.956 -15.778 -16.559
  -6.952 -15.711 -16.150
  -6.948 -16.012 -16.012
  -6.944 -15.762 -16.450
  -6.940 -15.847 -16.377
  -6.936 -16.567 -16.722
  -6.932 -15.984 -15.984
  -6.928 -16.010 -16.364
  -6.924 -16.347 -16.592
  -6.920 -16.781 -49.500
  -6.917 -16.328 -16.546
  -6.913 -16.063 -17.131
  -6.909 -16.487 -16.719
  -6.905 -15.902 -16.221
  -6.902 -15.782 -16.002
  -6.898 -16.405 -16.673
  -6.894 -16.195 -16.195
  -6.891 -15.804 -49.500
  -6.887 -15.627 -16.108
  -6.884 -16.929 -17.178
  -6.880 -16.300 -16.552
  -6.877 -16.234 -16.404
  -6.873 -16.536 -49.500
  -6.870 -16.572 -16.947
  -6.867 -15.403 -16.234
  -6.863 -15.605 -16.034
  -6.860 -16.379 -16.644
  -6.857 -16.986 -49.500
  -6.853 -16.553 -49.500
  -6.850 -16.266 -16.433
  -6.847 -49.500 -49.500
  -6.844 -14.158 -49.500
  -6.840 -14.882 -17.022
  -6.837 -17.028 -49.500
  -6.834 -16.338 -17.121
  -6.831 -16.195 -16.440
  -6.828 -15.992 -49.500
  -6.825 -15.753 -16.955
  -6.822 -16.217 -16.630
  -6.819 -16.369 -16.918
  -6.816 -14.965 -16.628
  -6.813 -16.176 -16.906
  -6.810 -49.500     NaN
  -6.807 -16.130 -16.287
  -6.804 -16.014 -49.500
  -6.801 -49.500     NaN
  -6.798 -16.527 -49.500
  -6.795 -16.414 -16.689
  -6.792 -49.500     NaN
  -6.789 -15.656 -16.230
  -6.787 -16.934 -49.500
  -6.784 -16.932 -49.500
  -6.781 -49.500     NaN
  -6.778 -17.173 -49.500
  -6.775 -15.909 -15.909
  -6.773 -49.500     NaN
  -6.770 -15.810 -16.664
  -6.767 -16.396 -16.396
  -6.765 -16.812 -49.500
  -6.762 -49.500 -49.500
  -6.759 -49.500 -49.500
  -6.757 -16.055 -17.047
  -6.754 -49.500     NaN
  -6.751 -16.937 -49.500
  -6.749 -49.500     NaN
  -6.746 -16.159 -49.500
  -6.744 -49.500     NaN
  -6.741 -14.367 -16.750
  -6.739 -49.500 -49.500
  -6.736 -17.240 -49.500
  -6.734 -49.500 -49.500
  -6.731 -49.500     NaN
  -6.729 -49.500     NaN
  -6.726 -15.747 -15.747
  -6.724 -49.500     NaN
  -6.721 -49.500 -49.500
  -6.719 -49.500     NaN
  -6.717 -16.566 -49.500
  -6.714 -49.500 -49.500
  -6.712 -49.500 -49.500
  -6.709 -16.571 -49.500
  -6.707 -15.871 -15.871
  -6.705 -49.500     NaN
  -6.702 -15.975 -15.975
  -6.700 -16.098 -16.098
  -6.698 -16.162 -16.317
  -6.696 -16.553 -16.808
  -6.693 -49.500 -49.500
  -6.691 -49.500     NaN
  -6.689 -49.500 -49.500
  -6.687 -49.500     NaN
  -6.684 -49.500 -49.500
  -6.682 -16.083 -16.413
  -6.680 -49.500 -49.500
  -6.678 -49.500 -49.500
  -6.675 -49.500     NaN
  -6.673 -49.500 -49.500
  -6.671 -49.500     NaN
  -6.669 -16.257 -16.257
  -6.667 -17.057 -17.057
  -6.665 -49.500 -49.500
  -6.663 -49.500     NaN
  -6.661 -15.404 -15.404
  -6.658 -15.915 -49.500
  -6.656 -49.500     NaN
  -6.654 -49.500     NaN
  -6.652 -49.500 -49.500
  -6.650 -49.500 -49.500
  -6.648 -49.500     NaN
  -6.646 -15.696 -15.696
  -6.644 -49.500 -49.500
  -6.642 -49.500     NaN
  -6.640 -49.500 -49.500
  -6.638 -49.500 -49.500
  -6.636 -49.500 -49.500
  -6.634 -49.500 -49.500
  -6.632 -16.970 -16.970
  -6.630 -49.500 -49.500
  -6.628 -16.588 -16.588
  -6.626 -49.500 -49.500
  -6.624 -49.500 -49.500
  -6.622 -49.500     NaN
  -6.620 -49.500     NaN
  -6.618 -49.500 -49.500
  -6.617 -49.500 -49.500
  -6.615 -16.545 -16.545
  -6.613 -49.500 -49.500
  -6.611 -49.500 -49.500
  -6.609 -49.500     NaN
  -6.607 -49.500 -49.500
  -6.605 -49.500 -49.500
  -6.603 -49.500     NaN
  -6.602 -49.500 -49.500
  -6.600 -49.500 -49.500
  -6.598 -14.748 -14.748
  -6.596 -16.423 -16.423
  -6.594 -49.500 -49.500
