  -8.861 -13.998 -13.998
  -8.599 -14.067 -14.067
  -8.442 -14.170 -14.170
  -8.329 -14.269 -14.269
  -8.239 -14.362 -14.362
  -8.166 -14.447 -14.447
  -8.103 -14.420 -14.420
  -8.048 -14.472 -14.472
  -7.999 -14.407 -14.681
  -7.955 -14.591 -14.591
  -7.916 -14.529 -14.529
  -7.879 -14.662 -14.662
  -7.846 -14.670 -14.670
  -7.815 -14.658 -14.658
  -7.786 -14.106 -14.782
  -7.758 -14.872 -14.872
  -7.733 -14.845 -14.845
  -7.709 -14.961 -14.961
  -7.686 -14.964 -14.964
  -7.664 -15.067 -15.067
  -7.643 -14.722 -15.009
  -7.624 -14.720 -14.909
  -7.605 -14.965 -14.965
  -7.586 -15.080 -15.233
  -7.569 -14.930 -14.930
  -7.552 -15.245 -15.245
  -7.536 -15.156 -15.156
  -7.521 -15.303 -15.486
  -7.506 -15.232 -15.232
  -7.491 -15.240 -15.464
  -7.477 -15.106 -15.106
  -7.464 -15.130 -15.491
  -7.451 -14.632 -14.783
  -7.438 -15.224 -15.395
  -7.425 -15.453 -15.453
  -7.413 -14.994 -15.446
  -7.401 -15.176 -15.459
  -7.390 -14.823 -15.134
  -7.379 -15.547 -15.547
  -7.368 -15.519 -15.745
  -7.357 -15.377 -15.667
  -7.347 -14.815 -15.422
  -7.337 -15.412 -15.412
  -7.327 -15.404 -15.854
  -7.317 -15.520 -15.520
  -7.308 -15.533 -15.533
  -7.299 -14.867 -15.345
  -7.290 -15.519 -15.519
  -7.281 -15.186 -15.772
  -7.272 -15.792 -15.792
  -7.264 -15.362 -15.692
  -7.255 -15.799 -15.799
  -7.247 -15.159 -15.868
  -7.239 -15.186 -15.610
  -7.231 -15.812 -15.812
  -7.223 -15.070 -15.339
  -7.216 -15.509 -15.509
  -7.208 -15.244 -15.447
  -7.201 -15.167 -16.122
  -7.194 -16.094 -16.094
  -7.187 -15.887 -16.038
  -7.180 -15.688 -16.053
  -7.173 -15.259 -15.936
  -7.166 -16.068 -16.068
  -7.159 -15.522 -15.806
  -7.153 -16.306 -16.306
  -7.146 -15.801 -15.801
  -7.140 -16.094 -16.094
  -7.133 -15.966 -15.966
  -7.127 -15.980 -16.300
  -7.121 -15.953 -16.142
  -7.115 -15.954 -15.954
  -7.109 -15.827 -16.138
  -7.103 -15.956 -15.956
  -7.098 -15.973 -16.172
  -7.092 -15.916 -16.242
  -7.086 -15.937 -16.132
  -7.081 -15.377 -15.559
  -7.075 -16.142 -16.376
  -7.070 -15.994 -16.285
  -7.064 -15.587 -16.083
  -7.059 -15.872 -15.872
  -7.054 -16.057 -16.319
  -7.049 -15.059 -15.873
  -7.043 -16.480 -16.480
  -7.038 -15.897 -15.897
  -7.033 -15.924 -16.511
  -7.029 -15.925 -15.925
  -7.024 -16.773 -16.773
  -7.019 -16.043 -16.327
  -7.014 -15.886 -16.361
  -7.009 -16.348 -16.348
  -7.005 -15.914 -16.391
  -7.000 -16.670 -16.670
  -6.995 -16.068 -16.299
  -6.991 -15.976 -16.239
  -6.986 -16.112 -16.112
  -6.982 -16.373 -16.373
  -6.978 -16.361 -16.522
  -6.973 -16.352 -17.441
  -6.969 -16.022 -16.297
  -6.965 -15.888 -16.359
  -6.961 -16.353 -22.456
  -6.956 -15.732 -15.943
  -6.952 -16.492 -16.691
  -6.948 -16.444 -17.156
  -6.944 -15.982 -16.740
  -6.940 -16.339 -16.595
  -6.936 -14.916 -16.085
  -6.932 -16.477 -16.477
  -6.928 -16.275 -16.275
  -6.924 -16.549 -16.549
  -6.920 -16.558 -16.558
  -6.917 -15.906 -16.353
  -6.913 -16.191 -16.819
  -6.909 -16.965 -21.629
  -6.905 -15.990 -16.213
  -6.902 -21.710 -21.710
  -6.898 -16.542 -16.696
  -6.894 -16.339 -22.737
  -6.891 -16.571 -16.880
  -6.887 -16.283 -16.887
  -6.884 -15.694 -16.801
  -6.880 -15.767 -17.366
  -6.877 -16.326 -16.326
  -6.873 -16.037 -16.211
  -6.870 -15.520 -16.302
  -6.867 -16.350 -16.682
  -6.863 -49.500     NaN
  -6.860 -49.500     NaN
  -6.857 -15.894 -16.872
  -6.853 -16.083 -16.638
  -6.850 -49.500 -49.500
  -6.847 -49.500     NaN
  -6.844 -49.500     NaN
  -6.840 -15.361 -49.500
  -6.837 -16.140 -16.362
  -6.834 -15.384 -16.811
  -6.831 -49.500     NaN
  -6.828 -16.402 -17.187
  -6.825 -16.415 -16.580
  -6.822 -49.500     NaN
  -6.819 -17.236 -49.500
  -6.816 -16.702 -49.500
  -6.813 -49.500     NaN
  -6.810 -16.769 -49.500
  -6.807 -16.428 -17.143
  -6.804 -16.584 -49.500
  -6.801 -49.500     NaN
  -6.798 -16.044 -16.583
  -6.795 -49.500 -49.500
  -6.792 -16.528 -16.814
  -6.789 -16.327 -16.542
  -6.787 -15.845 -16.444
  -6.784 -16.745 -49.500
  -6.781 -16.494 -49.500
  -6.778 -49.500     NaN
  -6.775 -16.007 -49.500
  -6.773 -16.609 -16.781
  -6.770 -17.064 -17.064
  -6.767 -15.468 -16.522
  -6.765 -49.500 -49.500
  -6.762 -49.500     NaN
  -6.759 -16.167 -16.641
  -6.757 -49.500 -49.500
  -6.754 -49.500 -49.500
  -6.751 -49.500     NaN
  -6.749 -49.500 -49.500
  -6.746 -49.500     NaN
  -6.744 -49.500 -49.500
  -6.741 -16.406 -49.500
  -6.739 -16.357 -16.531
  -6.736 -15.591 -16.537
  -6.734 -49.500 -49.500
  -6.731 -49.500     NaN
  -6.729 -16.579 -49.500
  -6.726 -49.500     NaN
  -6.724 -49.500 -49.500
  -6.721 -16.440 -16.440
  -6.719 -49.500 -49.500
  -6.717 -16.841 -49.500
  -6.714 -49.500 -49.500
  -6.712 -49.500 -49.500
  -6.709 -49.500 -49.500
  -6.707 -49.500 -49.500
  -6.705 -49.500     NaN
  -6.702 -49.500     NaN
  -6.700 -16.650 -49.500
  -6.698 -16.274 -16.274
  -6.696 -16.622 -16.622
  -6.693 -49.500 -49.500
  -6.691 -16.342 -49.500
  -6.689 -49.500     NaN
  -6.687 -49.500 -49.500
  -6.684 -16.721 -49.500
  -6.682 -49.500     NaN
  -6.680 -49.500     NaN
  -6.678 -49.500 -49.500
  -6.675 -49.500 -49.500
  -6.673 -49.500     NaN
  -6.671 -49.500 -49.500
  -6.669 -16.427 -49.500
  -6.667 -49.500 -49.500
  -6.665 -49.500 -49.500
  -6.663 -15.811 -49.500
  -6.661 -49.500     NaN
  -6.658 -16.196 -49.500
  -6.656 -49.500 -49.500
  -6.654 -49.500 -49.500
  -6.652 -49.500     NaN
  -6.650 -49.500     NaN
  -6.648 -15.956 -15.956
  -6.646 -49.500 -49.500
  -6.644 -49.500 -49.500
  -6.642 -49.500     NaN
  -6.640 -16.623 -16.623
  -6.638 -49.500 -49.500
  -6.636 -16.018 -16.018
  -6.634 -49.500     NaN
  -6.632 -49.500     NaN
  -6.630 -15.793 -15.793
  -6.628 -16.648 -49.500
  -6.626 -49.500 -49.500
  -6.624 -49.500 -49.500
  -6.622 -49.500 -49.500
  -6.620 -49.500     NaN
  -6.618 -16.417 -49.500
  -6.617 -49.500 -49.500
  -6.615 -49.500 -49.500
  -6.613 -49.500 -49.500
  -6.611 -16.305 -16.305
  -6.609 -49.500 -49.500
  -6.607 -15.369 -15.369
  -6.605 -49.500 -49.500
  -6.603 -16.024 -49.500
  -6.602 -16.032 -49.500
  -6.600 -15.466 -49.500
  -6.598 -16.634 -49.500
  -6.596 -49.500 -49.500
  -6.594 -49.500     NaN
