  -8.861 -13.985 -13.985
  -8.599 -14.084 -14.084
  -8.442 -14.235 -14.235
  -8.329 -14.313 -14.313
  -8.239 -14.378 -14.378
  -8.166 -14.435 -14.435
  -8.103 -14.322 -14.322
  -8.048 -14.360 -14.360
  -7.999 -14.446 -14.446
  -7.955 -14.556 -14.720
  -7.916 -14.284 -14.563
  -7.879 -14.618 -14.618
  -7.846 -14.674 -14.674
  -7.815 -14.519 -14.519
  -7.786 -14.610 -14.610
  -7.758 -15.021 -15.021
  -7.733 -14.464 -14.464
  -7.709 -14.655 -14.892
  -7.686 -14.683 -14.683
  -7.664 -14.713 -14.713
  -7.643 -15.122 -15.122
  -7.624 -14.937 -15.111
  -7.605 -14.799 -14.799
  -7.586 -14.610 -14.854
  -7.569 -14.374 -15.116
  -7.552 -14.918 -15.103
  -7.536 -14.864 -14.864
  -7.521 -15.367 -15.367
  -7.506 -14.177 -15.374
  -7.491 -15.344 -15.344
  -7.477 -14.752 -15.140
  -7.464 -15.461 -15.461
  -7.451 -15.286 -15.467
  -7.438 -14.869 -15.376
  -7.425 -15.219 -15.443
  -7.413 -15.209 -15.209
  -7.401 -15.376 -15.376
  -7.390 -15.172 -15.172
  -7.379 -14.545 -15.375
  -7.368 -15.209 -15.542
  -7.357 -15.541 -15.541
  -7.347 -15.349 -15.599
  -7.337 -14.668 -15.265
  -7.327 -15.533 -15.533
  -7.317 -15.316 -15.896
  -7.308 -15.507 -15.507
  -7.299 -15.331 -15.514
  -7.290 -15.652 -15.652
  -7.281 -15.780 -15.780
  -7.272 -15.506 -15.691
  -7.264 -15.503 -15.749
  -7.255 -15.627 -15.823
  -7.247 -15.166 -15.475
  -7.239 -16.027 -16.027
  -7.231 -15.908 -16.083
  -7.223 -15.761 -15.761
  -7.216 -15.747 -15.910
  -7.208 -15.128 -15.999
  -7.201 -15.902 -15.902
  -7.194 -16.216 -16.216
  -7.187 -15.643 -15.643
  -7.180 -15.693 -15.693
  -7.173 -16.050 -16.050
  -7.166 -15.674 -15.912
  -7.159 -15.153 -16.058
  -7.153 -15.757 -15.757
  -7.146 -15.496 -15.863
  -7.140 -15.069 -16.237
  -7.133 -15.695 -15.860
  -7.127 -16.016 -16.016
  -7.121 -15.779 -16.024
  -7.115 -16.094 -16.374
  -7.109 -15.315 -15.891
  -7.103 -15.903 -15.903
  -7.098 -15.842 -15.842
  -7.092 -15.525 -15.946
  -7.086 -15.497 -15.680
  -7.081 -16.118 -16.118
  -7.075 -15.918 -16.129
  -7.070 -15.918 -16.427
  -7.064 -16.028 -16.200
  -7.059 -15.507 -15.872
  -7.054 -15.162 -15.983
  -7.049 -15.920 -16.608
  -7.043 -15.913 -16.161
  -7.038 -16.058 -16.058
  -7.033 -15.220 -15.220
  -7.029 -15.463 -16.003
  -7.024 -15.345 -16.641
  -7.019 -16.105 -16.385
  -7.014 -16.592 -16.756
  -7.009 -15.903 -15.903
  -7.005 -15.976 -16.154
  -7.000 -15.619 -15.834
  -6.995 -16.317 -16.841
  -6.991 -16.848 -17.266
  -6.986 -16.124 -16.124
  -6.982 -16.267 -16.649
  -6.978 -16.143 -16.143
  -6.973 -15.698 -16.042
  -6.969 -15.422 -16.629
  -6.965 -16.289 -16.289
  -6.961 -16.033 -16.033
  -6.956 -16.600 -16.853
  -6.952 -16.687 -16.849
  -6.948 -16.066 -16.066
  -6.944 -16.380 -16.380
  -6.940 -16.093 -16.705
  -6.936 -16.270 -16.646
  -6.932 -16.207 -16.409
  -6.928 -16.424 -16.584
  -6.924 -15.606 -16.572
  -6.920 -16.919 -17.095
  -6.917 -16.261 -16.713
  -6.913 -16.579 -16.790
  -6.909 -16.208 -16.208
  -6.905 -16.925 -49.500
  -6.902 -16.954 -49.500
  -6.898 -16.885 -17.105
  -6.894 -15.854 -16.316
  -6.891 -16.198 -22.736
  -6.887 -49.500     NaN
  -6.884 -16.272 -16.535
  -6.880 -15.663 -16.273
  -6.877 -16.522 -16.690
  -6.873 -16.556 -16.951
  -6.870 -15.986 -17.082
  -6.867 -49.500     NaN
  -6.863 -15.675 -16.992
  -6.860 -16.729 -17.103
  -6.857 -16.820 -16.974
  -6.853 -16.269 -16.269
  -6.850 -15.774 -16.201
  -6.847 -16.631 -16.890
  -6.844 -15.287 -16.780
  -6.840 -49.500     NaN
  -6.837 -17.009 -49.500
  -6.834 -16.770 -49.500
  -6.831 -16.625 -17.167
  -6.828 -16.169 -16.342
  -6.825 -16.605 -16.763
  -6.822 -16.640 -49.500
  -6.819 -15.490 -15.810
  -6.816 -16.437 -16.823
  -6.813 -15.543 -49.500
  -6.810 -16.153 -16.942
  -6.807 -17.132 -49.500
  -6.804 -49.500     NaN
  -6.801 -16.172 -16.534
  -6.798 -16.261 -16.418
  -6.795 -49.500     NaN
  -6.792 -16.162 -49.500
  -6.789 -49.500     NaN
  -6.787 -49.500     NaN
  -6.784 -49.500     NaN
  -6.781 -49.500     NaN
  -6.778 -16.529 -49.500
  -6.775 -16.214 -16.214
  -6.773 -16.482 -16.914
  -6.770 -15.102 -49.500
  -6.767 -15.992 -16.278
  -6.765 -49.500     NaN
  -6.762 -49.500     NaN
  -6.759 -49.500     NaN
  -6.757 -49.500 -49.500
  -6.754 -49.500     NaN
  -6.751 -15.952 -16.238
  -6.749 -16.182 -16.357
  -6.746 -16.392 -16.747
  -6.744 -16.779 -49.500
  -6.741 -16.738 -49.500
  -6.739 -49.500 -49.500
  -6.736 -16.700 -49.500
  -6.734 -15.939 -16.391
  -6.731 -16.323 -49.500
  -6.729 -16.720 -16.720
  -6.726 -49.500     NaN
  -6.724 -49.500     NaN
  -6.721 -49.500 -49.500
  -6.719 -49.500 -49.500
  -6.717 -16.333 -49.500
  -6.714 -16.764 -49.500
  -6.712 -49.500 -49.500
  -6.709 -49.500 -49.500
  -6.707 -49.500     NaN
  -6.705 -15.997 -15.997
  -6.702 -49.500     NaN
  -6.700 -17.002 -49.500
  -6.698 -16.733 -16.733
  -6.696 -16.247 -16.247
  -6.693 -49.500     NaN
  -6.691 -49.500 -49.500
  -6.689 -49.500     NaN
  -6.687 -49.500 -49.500
  -6.684 -49.500     NaN
  -6.682 -49.500     NaN
  -6.680 -49.500 -49.500
  -6.678 -49.500     NaN
  -6.675 -49.500     NaN
  -6.673 -49.500 -49.500
  -6.671 -16.094 -16.407
  -6.669 -49.500 -49.500
  -6.667 -49.500 -49.500
  -6.665 -49.500     NaN
  -6.663 -16.739 -49.500
  -6.661 -49.500 -49.500
  -6.658 -16.891 -49.500
  -6.656 -49.500     NaN
  -6.654 -49.500 -49.500
  -6.652 -49.500 -49.500
  -6.650 -49.500     NaN
  -6.648 -49.500 -49.500
  -6.646 -16.138 -16.138
  -6.644 -49.500 -49.500
  -6.642 -49.500 -49.500
  -6.640 -49.500 -49.500
  -6.638 -16.745 -49.500
  -6.636 -16.308 -16.308
  -6.634 -16.272 -16.272
  -6.632 -49.500 -49.500
  -6.630 -49.500 -49.500
  -6.628 -49.500 -49.500
  -6.626 -49.500 -49.500
  -6.624 -49.500 -49.500
  -6.622 -16.729 -49.500
  -6.620 -49.500 -49.500
  -6.618 -49.500 -49.500
  -6.617 -49.500 -49.500
  -6.615 -15.756 -15.756
  -6.613 -16.345 -49.500
  -6.611 -49.500 -49.500
  -6.609 -49.500 -49.500
  -6.607 -49.500     NaN
  -6.605 -49.500 -49.500
  -6.603 -49.500 -49.500
  -6.602 -49.500 -49.500
  -6.600 -49.500 -49.500
  -6.598 -49.500 -49.500
  -6.596 -49.500 -49.500
  -6.594 -16.549 -16.549
