  -8.861 -13.994 -13.994
  -8.599 -14.069 -14.069
  -8.442 -14.166 -14.166
  -8.329 -14.324 -14.324
  -8.239 -14.375 -14.375
  -8.166 -14.243 -14.243
  -8.103 -14.444 -14.444
  -8.048 -14.537 -14.537
  -7.999 -14.583 -14.583
  -7.955 -14.625 -14.625
  -7.916 -14.673 -14.673
  -7.879 -14.553 -14.746
  -7.846 -14.705 -14.705
  -7.815 -14.355 -14.704
  -7.786 -14.640 -14.640
  -7.758 -14.933 -14.933
  -7.733 -14.776 -14.776
  -7.709 -14.588 -14.791
  -7.686 -14.516 -14.786
  -7.664 -14.746 -14.995
  -7.643 -15.133 -15.133
  -7.624 -15.019 -15.019
  -7.605 -15.126 -15.126
  -7.586 -15.188 -15.188
  -7.569 -15.058 -15.058
  -7.552 -15.085 -15.085
  -7.536 -14.941 -14.941
  -7.521 -15.426 -15.580
  -7.506 -14.578 -15.472
  -7.491 -15.357 -15.357
  -7.477 -15.058 -15.563
  -7.464 -14.984 -15.199
  -7.451 -15.618 -15.618
  -7.438 -15.090 -15.090
  -7.425 -15.144 -15.144
  -7.413 -15.500 -15.500
  -7.401 -15.014 -15.570
  -7.390 -15.319 -15.518
  -7.379 -15.116 -15.274
  -7.368 -15.664 -15.664
  -7.357 -15.632 -15.632
  -7.347 -15.501 -15.501
  -7.337 -15.836 -15.836
  -7.327 -14.292 -15.308
  -7.317 -15.449 -15.449
  -7.308 -14.784 -15.593
  -7.299 -15.377 -15.377
  -7.290 -15.696 -15.696
  -7.281 -15.764 -15.764
  -7.272 -15.283 -15.557
  -7.264 -15.272 -15.727
  -7.255 -15.592 -15.934
  -7.247 -15.031 -15.805
  -7.239 -15.214 -15.689
  -7.231 -15.538 -15.849
  -7.223 -15.483 -16.179
  -7.216 -15.732 -15.732
  -7.208 -16.129 -16.129
  -7.201 -15.247 -15.411
  -7.194 -15.351 -15.684
  -7.187 -15.197 -15.955
  -7.180 -15.572 -15.752
  -7.173 -15.480 -16.181
  -7.166 -15.226 -16.134
  -7.159 -16.340 -16.340
  -7.153 -15.832 -16.104
  -7.146 -15.725 -15.905
  -7.140 -15.224 -15.543
  -7.133 -16.044 -16.044
  -7.127 -16.000 -16.202
  -7.121 -15.977 -16.266
  -7.115 -16.129 -16.129
  -7.109 -15.293 -15.672
  -7.103 -15.459 -16.221
  -7.098 -15.730 -15.912
  -7.092 -15.981 -16.135
  -7.086 -15.698 -16.381
  -7.081 -15.810 -16.189
  -7.075 -15.803 -15.984
  -7.070 -15.905 -16.156
  -7.064 -16.241 -16.241
  -7.059 -15.814 -16.651
  -7.054 -15.822 -15.975
  -7.049 -15.845 -16.002
  -7.043 -15.819 -16.004
  -7.038 -14.483 -15.514
  -7.033 -15.453 -15.700
  -7.029 -16.127 -16.291
  -7.024 -15.489 -16.021
  -7.019 -15.115 -15.429
  -7.014 -16.586 -16.812
  -7.009 -16.012 -16.186
  -7.005 -16.338 -16.689
  -7.000 -16.194 -16.396
  -6.995 -16.358 -16.530
  -6.991 -16.033 -16.033
  -6.986 -15.965 -15.965
  -6.982 -16.544 -16.890
  -6.978 -16.366 -16.630
  -6.973 -16.116 -16.496
  -6.969 -15.801 -16.117
  -6.965 -16.313 -16.488
  -6.961 -15.776 -16.247
  -6.956 -16.417 -16.623
  -6.952 -16.447 -16.447
  -6.948 -16.648 -16.857
  -6.944 -15.970 -16.207
  -6.940 -16.510 -16.510
  -6.936 -15.479 -16.271
  -6.932 -16.261 -16.418
  -6.928 -16.505 -16.841
  -6.924 -16.337 -16.516
  -6.920 -15.867 -16.183
  -6.917 -16.268 -16.823
  -6.913 -16.875 -17.092
  -6.909 -16.945 -17.097
  -6.905 -15.241 -16.020
  -6.902 -17.112 -49.500
  -6.898 -16.417 -49.500
  -6.894 -16.192 -16.667
  -6.891 -15.895 -16.387
  -6.887 -16.966 -49.500
  -6.884 -15.746 -16.421
  -6.880 -16.727 -17.108
  -6.877 -16.705 -17.119
  -6.873 -16.584 -16.844
  -6.870 -15.873 -49.500
  -6.867 -49.500     NaN
  -6.863 -16.607 -16.813
  -6.860 -15.703 -16.330
  -6.857 -16.520 -49.500
  -6.853 -49.500     NaN
  -6.850 -16.504 -16.504
  -6.847 -15.762 -16.168
  -6.844 -16.359 -49.500
  -6.840 -16.489 -49.500
  -6.837 -15.974 -16.298
  -6.834 -16.895 -49.500
  -6.831 -16.585 -16.585
  -6.828 -16.332 -49.500
  -6.825 -49.500 -49.500
  -6.822 -16.375 -16.627
  -6.819 -16.805 -16.990
  -6.816 -16.746 -49.500
  -6.813 -49.500     NaN
  -6.810 -49.500     NaN
  -6.807 -15.746 -16.065
  -6.804 -49.500     NaN
  -6.801 -49.500     NaN
  -6.798 -16.694 -49.500
  -6.795 -16.387 -49.500
  -6.792 -49.500     NaN
  -6.789 -49.500     NaN
  -6.787 -16.407 -49.500
  -6.784 -15.545 -15.969
  -6.781 -16.503 -49.500
  -6.778 -16.552 -16.737
  -6.775 -49.500     NaN
  -6.773 -16.459 -16.459
  -6.770 -49.500     NaN
  -6.767 -49.500 -49.500
  -6.765 -16.433 -16.946
  -6.762 -16.364 -49.500
  -6.759 -15.091 -16.713
  -6.757 -16.260 -16.898
  -6.754 -16.325 -16.325
  -6.751 -16.586 -49.500
  -6.749 -16.519 -49.500
  -6.746 -16.682 -49.500
  -6.744 -49.500 -49.500
  -6.741 -49.500     NaN
  -6.739 -16.434 -16.593
  -6.736 -16.428 -49.500
  -6.734 -49.500     NaN
  -6.731 -49.500     NaN
  -6.729 -16.883 -16.883
  -6.726 -49.500     NaN
  -6.724 -16.675 -49.500
  -6.721 -49.500 -49.500
  -6.719 -49.500 -49.500
  -6.717 -49.500     NaN
  -6.714 -16.559 -49.500
  -6.712 -16.497 -49.500
  -6.709 -16.439 -49.500
  -6.707 -15.912 -49.500
  -6.705 -49.500 -49.500
  -6.702 -49.500 -49.500
  -6.700 -49.500 -49.500
  -6.698 -16.074 -49.500
  -6.696 -49.500 -49.500
  -6.693 -49.500     NaN
  -6.691 -16.196 -16.196
  -6.689 -16.958 -49.500
  -6.687 -16.859 -49.500
  -6.684 -16.609 -16.609
  -6.682 -16.176 -49.500
  -6.680 -49.500 -49.500
  -6.678 -49.500 -49.500
  -6.675 -16.917 -16.917
  -6.673 -49.500     NaN
  -6.671 -49.500     NaN
  -6.669 -49.500 -49.500
  -6.667 -49.500     NaN
  -6.665 -49.500 -49.500
  -6.663 -49.500 -49.500
  -6.661 -49.500 -49.500
  -6.658 -49.500 -49.500
  -6.656 -49.500     NaN
  -6.654 -49.500 -49.500
  -6.652 -49.500 -49.500
  -6.650 -49.500     NaN
  -6.648 -49.500 -49.500
  -6.646 -16.085 -16.085
  -6.644 -16.471 -16.471
  -6.642 -16.446 -16.446
  -6.640 -49.500     NaN
  -6.638 -16.126 -49.500
  -6.636 -49.500 -49.500
  -6.634 -49.500     NaN
  -6.632 -49.500 -49.500
  -6.630 -49.500     NaN
  -6.628 -49.500 -49.500
  -6.626 -49.500 -49.500
  -6.624 -49.500 -49.500
  -6.622 -49.500 -49.500
  -6.620 -49.500 -49.500
  -6.618 -49.500     NaN
  -6.617 -16.327 -49.500
  -6.615 -49.500 -49.500
  -6.613 -49.500     NaN
  -6.611 -49.500 -49.500
  -6.609 -16.614 -49.500
  -6.607 -14.441 -15.417
  -6.605 -16.620 -16.620
  -6.603 -15.745 -15.745
  -6.602 -49.500 -49.500
  -6.600 -49.500 -49.500
  -6.598 -49.500 -49.500
  -6.596 -49.500 -49.500
  -6.594 -16.512 -16.512
