  -8.861 -13.998 -13.998
  -8.599 -14.103 -14.103
  -8.442 -14.190 -14.190
  -8.329 -14.182 -14.182
  -8.239 -14.367 -14.367
  -8.166 -14.111 -14.111
  -8.103 -14.401 -14.401
  -8.048 -14.595 -14.595
  -7.999 -14.533 -14.533
  -7.955 -14.411 -14.411
  -7.916 -14.677 -14.677
  -7.879 -14.603 -14.603
  -7.846 -14.832 -14.832
  -7.815 -14.551 -14.747
  -7.786 -14.625 -14.816
  -7.758 -14.775 -14.970
  -7.733 -14.911 -14.911
  -7.709 -14.992 -14.992
  -7.686 -14.788 -14.788
  -7.664 -15.037 -15.037
  -7.643 -14.620 -14.821
  -7.624 -15.043 -15.043
  -7.605 -14.771 -14.931
  -7.586 -15.163 -15.163
  -7.569 -14.944 -14.944
  -7.552 -14.880 -15.038
  -7.536 -14.998 -15.231
  -7.521 -14.900 -14.900
  -7.506 -15.092 -15.092
  -7.491 -14.739 -15.469
  -7.477 -15.288 -15.579
  -7.464 -15.245 -15.647
  -7.451 -15.476 -15.476
  -7.438 -15.286 -15.286
  -7.425 -15.582 -15.582
  -7.413 -15.450 -15.450
  -7.401 -15.531 -15.531
  -7.390 -15.469 -15.469
  -7.379 -15.255 -15.468
  -7.368 -15.166 -15.166
  -7.357 -15.323 -15.476
  -7.347 -15.191 -15.411
  -7.337 -15.602 -15.602
  -7.327 -15.675 -15.675
  -7.317 -15.556 -15.799
  -7.308 -15.486 -15.486
  -7.299 -15.652 -15.652
  -7.290 -15.727 -15.727
  -7.281 -15.538 -15.899
  -7.272 -15.433 -15.656
  -7.264 -15.699 -15.699
  -7.255 -15.661 -15.661
  -7.247 -15.385 -15.842
  -7.239 -15.595 -15.757
  -7.231 -15.109 -15.527
  -7.223 -15.772 -15.772
  -7.216 -15.824 -15.824
  -7.208 -15.735 -15.735
  -7.201 -15.977 -15.977
  -7.194 -16.298 -16.298
  -7.187 -15.129 -15.978
  -7.180 -15.939 -15.939
  -7.173 -15.116 -16.003
  -7.166 -16.122 -16.122
  -7.159 -15.146 -15.712
  -7.153 -15.517 -16.103
  -7.146 -15.082 -15.866
  -7.140 -15.844 -15.844
  -7.133 -15.628 -15.628
  -7.127 -15.800 -15.800
  -7.121 -16.027 -16.027
  -7.115 -15.626 -16.099
  -7.109 -15.953 -16.234
  -7.103 -15.992 -15.992
  -7.098 -15.621 -15.849
  -7.092 -15.983 -16.157
  -7.086 -15.877 -16.074
  -7.081 -15.013 -15.581
  -7.075 -16.223 -16.513
  -7.070 -15.227 -16.047
  -7.064 -15.990 -16.216
  -7.059 -15.778 -15.778
  -7.054 -15.916 -15.916
  -7.049 -15.374 -15.638
  -7.043 -15.834 -15.834
  -7.038 -16.416 -16.416
  -7.033 -16.156 -16.156
  -7.029 -16.167 -16.167
  -7.024 -16.397 -16.397
  -7.019 -15.905 -16.278
  -7.014 -16.284 -16.284
  -7.009 -14.383 -15.949
  -7.005 -15.403 -16.143
  -7.000 -16.276 -16.276
  -6.995 -16.464 -16.732
  -6.991 -16.032 -16.576
  -6.986 -16.149 -16.468
  -6.982 -15.873 -16.192
  -6.978 -16.465 -16.465
  -6.973 -16.608 -16.828
  -6.969 -16.376 -16.735
  -6.965 -16.446 -16.446
  -6.961 -16.920 -17.083
  -6.956 -16.616 -16.828
  -6.952 -16.423 -16.682
  -6.948 -16.355 -16.582
  -6.944 -16.155 -16.312
  -6.940 -16.358 -16.588
  -6.936 -15.270 -16.280
  -6.932 -16.630 -16.883
  -6.928 -15.232 -16.102
  -6.924 -15.996 -16.332
  -6.920 -16.345 -16.502
  -6.917 -16.695 -17.252
  -6.913 -16.296 -16.516
  -6.909 -16.635 -23.023
  -6.905 -16.499 -16.499
  -6.902 -16.095 -49.500
  -6.898 -16.367 -16.367
  -6.894 -15.958 -16.442
  -6.891 -16.616 -16.844
  -6.887 -16.697 -49.500
  -6.884 -16.057 -16.247
  -6.880 -49.500 -49.500
  -6.877 -16.951 -49.500
  -6.873 -15.873 -16.196
  -6.870 -16.289 -16.682
  -6.867 -15.580 -16.890
  -6.863 -15.577 -16.033
  -6.860 -16.636 -16.995
  -6.857 -16.515 -49.500
  -6.853 -16.449 -49.500
  -6.850 -16.442 -16.442
  -6.847 -17.241 -49.500
  -6.844 -49.500     NaN
  -6.840 -49.500     NaN
  -6.837 -49.500     NaN
  -6.834 -15.689 -16.206
  -6.831 -49.500 -49.500
  -6.828 -16.262 -16.746
  -6.825 -15.099 -15.811
  -6.822 -16.017 -16.342
  -6.819 -49.500     NaN
  -6.816 -16.249 -16.801
  -6.813 -15.384 -16.451
  -6.810 -16.243 -17.014
  -6.807 -15.442 -49.500
  -6.804 -15.880 -16.550
  -6.801 -16.564 -16.564
  -6.798 -49.500     NaN
  -6.795 -49.500     NaN
  -6.792 -49.500     NaN
  -6.789 -49.500     NaN
  -6.787 -16.789 -49.500
  -6.784 -49.500     NaN
  -6.781 -16.323 -49.500
  -6.778 -49.500     NaN
  -6.775 -49.500     NaN
  -6.773 -49.500     NaN
  -6.770 -49.500     NaN
  -6.767 -49.500     NaN
  -6.765 -16.703 -16.703
  -6.762 -17.146 -49.500
  -6.759 -16.130 -17.154
  -6.757 -49.500     NaN
  -6.754 -16.492 -16.839
  -6.751 -16.735 -16.735
  -6.749 -49.500 -49.500
  -6.746 -14.835 -16.408
  -6.744 -49.500 -49.500
  -6.741 -49.500 -49.500
  -6.739 -49.500 -49.500
  -6.736 -16.759 -49.500
  -6.734 -16.695 -17.019
  -6.731 -16.315 -16.929
  -6.729 -49.500 -49.500
  -6.726 -16.235 -16.693
  -6.724 -49.500     NaN
  -6.721 -17.016 -49.500
  -6.719 -49.500     NaN
  -6.717 -15.668 -15.668
  -6.714 -16.251 -49.500
  -6.712 -16.815 -49.500
  -6.709 -16.912 -49.500
  -6.707 -49.500     NaN
  -6.705 -49.500     NaN
  -6.702 -49.500 -49.500
  -6.700 -49.500     NaN
  -6.698 -17.031 -49.500
  -6.696 -49.500     NaN
  -6.693 -49.500 -49.500
  -6.691 -16.286 -16.286
  -6.689 -15.635 -15.635
  -6.687 -49.500     NaN
  -6.684 -49.500     NaN
  -6.682 -49.500     NaN
  -6.680 -49.500 -49.500
  -6.678 -49.500     NaN
  -6.675 -49.500 -49.500
  -6.673 -16.421 -16.421
  -6.671 -49.500     NaN
  -6.669 -49.500 -49.500
  -6.667 -49.500 -49.500
  -6.665 -16.356 -16.356
  -6.663 -16.098 -49.500
  -6.661 -16.214 -16.214
  -6.658 -15.145 -49.500
  -6.656 -16.304 -16.304
  -6.654 -49.500     NaN
  -6.652 -15.808 -16.198
  -6.650 -16.816 -49.500
  -6.648 -49.500 -49.500
  -6.646 -49.500     NaN
  -6.644 -16.024 -16.732
  -6.642 -49.500 -49.500
  -6.640 -49.500     NaN
  -6.638 -49.500 -49.500
  -6.636 -15.265 -15.265
  -6.634 -49.500 -49.500
  -6.632 -49.500 -49.500
  -6.630 -49.500 -49.500
  -6.628 -49.500     NaN
  -6.626 -49.500     NaN
  -6.624 -16.496 -16.496
  -6.622 -49.500     NaN
  -6.620 -49.500 -49.500
  -6.618 -49.500 -49.500
  -6.617 -16.442 -16.442
  -6.615 -49.500 -49.500
  -6.613 -49.500 -49.500
  -6.611 -49.500 -49.500
  -6.609 -49.500 -49.500
  -6.607 -16.763 -16.763
  -6.605 -49.500 -49.500
  -6.603 -49.500     NaN
  -6.602 -49.500 -49.500
  -6.600 -49.500 -49.500
  -6.598 -16.564 -16.564
  -6.596 -49.500 -49.500
  -6.594 -49.500 -49.500
