  -8.861 -13.970 -13.970
  -8.599 -14.136 -14.136
  -8.442 -14.236 -14.236
  -8.329 -14.199 -14.199
  -8.239 -14.371 -14.371
  -8.166 -14.366 -14.366
  -8.103 -14.364 -14.563
  -8.048 -14.430 -14.430
  -7.999 -14.476 -14.476
  -7.955 -14.712 -14.712
  -7.916 -14.724 -14.724
  -7.879 -14.797 -14.797
  -7.846 -14.827 -14.827
  -7.815 -14.860 -14.860
  -7.786 -14.909 -14.909
  -7.758 -14.540 -14.799
  -7.733 -14.958 -14.958
  -7.709 -14.873 -14.873
  -7.686 -14.947 -14.947
  -7.664 -14.838 -14.838
  -7.643 -14.692 -14.692
  -7.624 -14.625 -14.831
  -7.605 -15.056 -15.237
  -7.586 -14.795 -14.795
  -7.569 -15.110 -15.110
  -7.552 -15.190 -15.190
  -7.536 -15.094 -15.271
  -7.521 -15.178 -15.360
  -7.506 -14.707 -15.081
  -7.491 -14.873 -15.340
  -7.477 -14.731 -15.310
  -7.464 -14.647 -15.453
  -7.451 -14.993 -14.993
  -7.438 -15.398 -15.398
  -7.425 -15.145 -15.145
  -7.413 -15.207 -15.378
  -7.401 -15.153 -15.618
  -7.390 -15.159 -15.556
  -7.379 -15.208 -15.208
  -7.368 -15.521 -15.521
  -7.357 -15.162 -15.393
  -7.347 -15.171 -15.493
  -7.337 -15.040 -15.233
  -7.327 -15.604 -15.604
  -7.317 -15.571 -15.571
  -7.308 -15.606 -15.866
  -7.299 -15.648 -15.648
  -7.290 -15.260 -15.260
  -7.281 -15.355 -15.606
  -7.272 -15.421 -15.747
  -7.264 -14.588 -15.768
  -7.255 -16.087 -16.087
  -7.247 -15.348 -15.578
  -7.239 -15.791 -15.986
  -7.231 -15.305 -15.775
  -7.223 -15.810 -15.810
  -7.216 -15.721 -15.721
  -7.208 -16.120 -16.120
  -7.201 -15.598 -15.766
  -7.194 -14.921 -15.531
  -7.187 -15.350 -16.106
  -7.180 -15.683 -15.847
  -7.173 -14.841 -15.602
  -7.166 -15.729 -15.879
  -7.159 -14.823 -16.126
  -7.153 -15.447 -15.886
  -7.146 -15.439 -15.782
  -7.140 -15.560 -15.982
  -7.133 -15.382 -15.819
  -7.127 -15.704 -16.027
  -7.121 -15.991 -16.279
  -7.115 -15.747 -16.057
  -7.109 -15.589 -15.954
  -7.103 -15.903 -16.213
  -7.098 -15.478 -16.031
  -7.092 -16.171 -16.171
  -7.086 -15.802 -15.998
  -7.081 -15.668 -15.870
  -7.075 -15.923 -16.201
  -7.070 -16.500 -16.500
  -7.064 -15.908 -16.354
  -7.059 -16.448 -16.448
  -7.054 -15.877 -16.385
  -7.049 -15.995 -16.399
  -7.043 -16.038 -16.038
  -7.038 -15.980 -15.980
  -7.033 -14.964 -16.060
  -7.029 -15.444 -16.424
  -7.024 -16.208 -16.545
  -7.019 -14.833 -15.842
  -7.014 -16.046 -16.326
  -7.009 -15.350 -16.515
  -7.005 -16.435 -16.702
  -7.000 -16.428 -16.428
  -6.995 -15.726 -15.726
  -6.991 -16.334 -16.334
  -6.986 -15.393 -15.966
  -6.982 -16.451 -16.451
  -6.978 -16.339 -16.552
  -6.973 -15.870 -16.444
  -6.969 -16.441 -16.441
  -6.965 -15.206 -15.554
  -6.961 -16.258 -16.579
  -6.956 -15.733 -16.037
  -6.952 -17.043 -17.257
  -6.948 -16.263 -16.789
  -6.944 -16.896 -17.161
  -6.940 -16.318 -16.639
  -6.936 -16.095 -16.095
  -6.932 -15.519 -16.551
  -6.928 -16.058 -16.521
  -6.924 -15.474 -16.733
  -6.920 -16.634 -16.842
  -6.917 -16.270 -16.480
  -6.913 -16.570 -16.737
  -6.909 -16.364 -16.540
  -6.905 -16.672 -16.897
  -6.902 -16.248 -16.248
  -6.898 -16.581 -16.855
  -6.894 -17.047 -23.313
  -6.891 -16.327 -16.681
  -6.887 -16.646 -16.818
  -6.884 -16.902 -49.500
  -6.880 -16.151 -17.187
  -6.877 -16.498 -16.754
  -6.873 -16.911 -49.500
  -6.870 -16.367 -16.802
  -6.867 -15.135 -15.410
  -6.863 -16.061 -16.233
  -6.860 -15.725 -16.259
  -6.857 -16.303 -16.552
  -6.853 -16.597 -49.500
  -6.850 -49.500     NaN
  -6.847 -49.500     NaN
  -6.844 -16.896 -16.896
  -6.840 -16.379 -16.687
  -6.837 -16.745 -17.094
  -6.834 -16.056 -16.056
  -6.831 -16.396 -16.550
  -6.828 -16.071 -16.628
  -6.825 -16.357 -49.500
  -6.822 -49.500     NaN
  -6.819 -49.500     NaN
  -6.816 -49.500     NaN
  -6.813 -15.814 -49.500
  -6.810 -15.700 -49.500
  -6.807 -16.785 -49.500
  -6.804 -16.253 -49.500
  -6.801 -15.906 -49.500
  -6.798 -49.500     NaN
  -6.795 -49.500     NaN
  -6.792 -16.188 -16.800
  -6.789 -16.483 -49.500
  -6.787 -14.944 -14.944
  -6.784 -49.500     NaN
  -6.781 -16.493 -49.500
  -6.778 -16.225 -16.488
  -6.775 -49.500 -49.500
  -6.773 -49.500     NaN
  -6.770 -16.421 -49.500
  -6.767 -16.565 -49.500
  -6.765 -15.926 -49.500
  -6.762 -16.517 -49.500
  -6.759 -16.053 -16.260
  -6.757 -49.500     NaN
  -6.754 -16.340 -49.500
  -6.751 -49.500     NaN
  -6.749 -49.500 -49.500
  -6.746 -15.956 -49.500
  -6.744 -16.711 -49.500
  -6.741 -16.143 -17.056
  -6.739 -16.863 -49.500
  -6.736 -49.500     NaN
  -6.734 -16.659 -49.500
  -6.731 -49.500 -49.500
  -6.729 -16.188 -49.500
  -6.726 -49.500     NaN
  -6.724 -16.236 -16.236
  -6.721 -49.500     NaN
  -6.719 -16.345 -49.500
  -6.717 -15.931 -16.156
  -6.714 -16.054 -49.500
  -6.712 -49.500 -49.500
  -6.709 -16.625 -49.500
  -6.707 -49.500 -49.500
  -6.705 -15.863 -15.863
  -6.702 -16.039 -16.039
  -6.700 -49.500     NaN
  -6.698 -49.500     NaN
  -6.696 -15.701 -49.500
  -6.693 -49.500 -49.500
  -6.691 -49.500 -49.500
  -6.689 -16.720 -16.720
  -6.687 -49.500     NaN
  -6.684 -16.628 -49.500
  -6.682 -15.275 -15.275
  -6.680 -17.070 -49.500
  -6.678 -49.500 -49.500
  -6.675 -16.150 -49.500
  -6.673 -49.500 -49.500
  -6.671 -49.500     NaN
  -6.669 -16.664 -49.500
  -6.667 -15.545 -15.545
  -6.665 -49.500 -49.500
  -6.663 -49.500 -49.500
  -6.661 -49.500 -49.500
  -6.658 -49.500     NaN
  -6.656 -16.616 -49.500
  -6.654 -49.500 -49.500
  -6.652 -49.500 -49.500
  -6.650 -49.500 -49.500
  -6.648 -49.500     NaN
  -6.646 -49.500 -49.500
  -6.644 -49.500 -49.500
  -6.642 -16.213 -49.500
  -6.640 -49.500 -49.500
  -6.638 -49.500 -49.500
  -6.636 -16.648 -49.500
  -6.634 -49.500 -49.500
  -6.632 -16.053 -49.500
  -6.630 -16.333 -49.500
  -6.628 -49.500 -49.500
  -6.626 -49.500 -49.500
  -6.624 -49.500 -49.500
  -6.622 -49.500 -49.500
  -6.620 -49.500 -49.500
  -6.618 -49.500 -49.500
  -6.617 -49.500     NaN
  -6.615 -16.168 -49.500
  -6.613 -49.500 -49.500
  -6.611 -16.737 -16.737
  -6.609 -49.500 -49.500
  -6.607 -49.500 -49.500
  -6.605 -49.500 -49.500
  -6.603 -15.845 -15.845
  -6.602 -16.779 -16.779
  -6.600 -49.500 -49.500
  -6.598 -16.719 -49.500
  -6.596 -49.500 -49.500
  -6.594 -49.500 -49.500
