  -8.861 -13.971 -13.971
  -8.599 -14.075 -14.075
  -8.442 -14.148 -14.148
  -8.329 -14.283 -14.283
  -8.239 -14.308 -14.308
  -8.166 -14.352 -14.352
  -8.103 -14.486 -14.486
  -8.048 -14.474 -14.474
  -7.999 -14.633 -14.633
  -7.955 -14.700 -14.700
  -7.916 -14.544 -14.544
  -7.879 -14.636 -14.636
  -7.846 -14.751 -14.751
  -7.815 -14.808 -14.808
  -7.786 -14.654 -14.947
  -7.758 -14.718 -14.871
  -7.733 -14.993 -14.993
  -7.709 -14.845 -14.845
  -7.686 -14.646 -14.646
  -7.664 -14.829 -14.983
  -7.643 -14.146 -15.116
  -7.624 -14.862 -15.050
  -7.605 -14.926 -15.129
  -7.586 -14.962 -15.218
  -7.569 -14.679 -15.075
  -7.552 -15.022 -15.207
  -7.536 -14.920 -15.131
  -7.521 -15.016 -15.016
  -7.506 -15.008 -15.008
  -7.491 -15.114 -15.114
  -7.477 -14.929 -14.929
  -7.464 -15.290 -15.290
  -7.451 -15.454 -15.454
  -7.438 -14.916 -15.263
  -7.425 -14.928 -15.449
  -7.413 -15.231 -15.459
  -7.401 -15.382 -15.563
  -7.390 -15.689 -15.689
  -7.379 -15.542 -15.542
  -7.368 -15.546 -15.546
  -7.357 -15.338 -15.495
  -7.347 -14.564 -15.386
  -7.337 -15.670 -15.670
  -7.327 -15.703 -15.703
  -7.317 -15.641 -15.641
  -7.308 -15.324 -15.324
  -7.299 -15.194 -15.674
  -7.290 -15.232 -15.232
  -7.281 -15.500 -15.680
  -7.272 -15.248 -15.697
  -7.264 -15.484 -15.484
  -7.255 -15.817 -15.817
  -7.247 -15.622 -15.944
  -7.239 -15.947 -15.947
  -7.231 -15.633 -15.803
  -7.223 -16.039 -16.039
  -7.216 -15.297 -15.297
  -7.208 -15.092 -15.566
  -7.201 -15.762 -16.006
  -7.194 -15.817 -15.817
  -7.187 -15.910 -15.910
  -7.180 -14.823 -15.885
  -7.173 -14.515 -15.294
  -7.166 -15.482 -15.840
  -7.159 -14.961 -15.886
  -7.153 -15.477 -15.734
  -7.146 -16.220 -16.220
  -7.140 -15.536 -15.695
  -7.133 -15.916 -15.916
  -7.127 -15.817 -15.998
  -7.121 -15.342 -15.903
  -7.115 -15.333 -16.013
  -7.109 -16.303 -16.603
  -7.103 -16.123 -16.333
  -7.098 -16.375 -16.661
  -7.092 -15.950 -15.950
  -7.086 -15.410 -15.854
  -7.081 -16.547 -16.547
  -7.075 -16.361 -16.361
  -7.070 -15.358 -16.062
  -7.064 -16.191 -16.394
  -7.059 -15.809 -16.342
  -7.054 -15.800 -15.971
  -7.049 -15.099 -16.699
  -7.043 -16.092 -16.377
  -7.038 -16.078 -16.634
  -7.033 -15.759 -15.962
  -7.029 -15.644 -15.834
  -7.024 -16.014 -16.720
  -7.019 -15.899 -16.198
  -7.014 -16.020 -16.403
  -7.009 -16.276 -16.721
  -7.005 -14.886 -16.203
  -7.000 -15.084 -16.361
  -6.995 -16.458 -16.458
  -6.991 -16.180 -16.417
  -6.986 -16.708 -17.078
  -6.982 -16.750 -16.907
  -6.978 -16.544 -16.544
  -6.973 -16.090 -16.270
  -6.969 -16.355 -16.637
  -6.965 -15.658 -16.652
  -6.961 -15.934 -16.112
  -6.956 -16.311 -16.634
  -6.952 -15.514 -16.333
  -6.948 -16.770 -16.921
  -6.944 -16.741 -16.894
  -6.940 -16.346 -16.588
  -6.936 -16.378 -16.684
  -6.932 -16.501 -16.810
  -6.928 -16.174 -16.464
  -6.924 -15.356 -16.829
  -6.920 -16.299 -16.299
  -6.917 -16.350 -16.350
  -6.913 -16.282 -16.282
  -6.909 -16.191 -49.500
  -6.905 -16.609 -17.016
  -6.902 -16.405 -16.874
  -6.898 -16.910 -49.500
  -6.894 -16.778 -16.998
  -6.891 -15.890 -16.183
  -6.887 -16.364 -16.364
  -6.884 -15.570 -16.478
  -6.880 -16.386 -16.386
  -6.877 -16.231 -16.231
  -6.873 -16.679 -49.500
  -6.870 -15.595 -16.910
  -6.867 -16.698 -49.500
  -6.863 -16.297 -16.465
  -6.860 -16.884 -49.500
  -6.857 -16.789 -49.500
  -6.853 -15.999 -16.913
  -6.850 -16.225 -16.491
  -6.847 -17.307 -49.500
  -6.844 -49.500     NaN
  -6.840 -49.500     NaN
  -6.837 -15.690 -16.730
  -6.834 -15.839 -49.500
  -6.831 -16.306 -16.470
  -6.828 -16.499 -49.500
  -6.825 -16.589 -16.891
  -6.822 -49.500     NaN
  -6.819 -49.500     NaN
  -6.816 -49.500     NaN
  -6.813 -16.063 -16.652
  -6.810 -49.500     NaN
  -6.807 -16.494 -16.693
  -6.804 -15.719 -49.500
  -6.801 -15.809 -15.809
  -6.798 -16.674 -16.878
  -6.795 -16.568 -16.568
  -6.792 -49.500     NaN
  -6.789 -49.500 -49.500
  -6.787 -16.621 -49.500
  -6.784 -16.816 -49.500
  -6.781 -49.500     NaN
  -6.778 -16.637 -49.500
  -6.775 -16.765 -49.500
  -6.773 -16.335 -49.500
  -6.770 -49.500     NaN
  -6.767 -16.854 -49.500
  -6.765 -15.044 -15.044
  -6.762 -49.500     NaN
  -6.759 -16.368 -16.527
  -6.757 -49.500     NaN
  -6.754 -17.008 -49.500
  -6.751 -16.030 -16.030
  -6.749 -15.500 -49.500
  -6.746 -49.500     NaN
  -6.744 -16.074 -49.500
  -6.741 -49.500 -49.500
  -6.739 -16.028 -49.500
  -6.736 -16.567 -16.842
  -6.734 -49.500     NaN
  -6.731 -17.228 -49.500
  -6.729 -49.500     NaN
  -6.726 -15.638 -15.638
  -6.724 -16.818 -49.500
  -6.721 -16.526 -49.500
  -6.719 -16.950 -16.950
  -6.717 -16.740 -49.500
  -6.714 -16.698 -49.500
  -6.712 -16.622 -49.500
  -6.709 -49.500     NaN
  -6.707 -15.928 -16.136
  -6.705 -49.500 -49.500
  -6.702 -16.826 -49.500
  -6.700 -49.500 -49.500
  -6.698 -15.690 -16.656
  -6.696 -49.500 -49.500
  -6.693 -15.110 -49.500
  -6.691 -15.840 -16.160
  -6.689 -49.500     NaN
  -6.687 -49.500     NaN
  -6.684 -49.500 -49.500
  -6.682 -16.764 -16.764
  -6.680 -16.195 -16.195
  -6.678 -49.500 -49.500
  -6.675 -49.500 -49.500
  -6.673 -49.500 -49.500
  -6.671 -49.500     NaN
  -6.669 -49.500     NaN
  -6.667 -16.923 -49.500
  -6.665 -49.500     NaN
  -6.663 -49.500 -49.500
  -6.661 -49.500 -49.500
  -6.658 -16.135 -16.135
  -6.656 -16.647 -49.500
  -6.654 -16.102 -49.500
  -6.652 -49.500 -49.500
  -6.650 -49.500     NaN
  -6.648 -49.500 -49.500
  -6.646 -16.911 -16.911
  -6.644 -49.500     NaN
  -6.642 -49.500 -49.500
  -6.640 -49.500 -49.500
  -6.638 -49.500 -49.500
  -6.636 -15.653 -16.905
  -6.634 -49.500 -49.500
  -6.632 -49.500 -49.500
  -6.630 -49.500     NaN
  -6.628 -49.500 -49.500
  -6.626 -16.295 -16.295
  -6.624 -49.500 -49.500
  -6.622 -49.500 -49.500
  -6.620 -49.500 -49.500
  -6.618 -16.849 -49.500
  -6.617 -49.500 -49.500
  -6.615 -49.500 -49.500
  -6.613 -49.500 -49.500
  -6.611 -49.500     NaN
  -6.609 -49.500 -49.500
  -6.607 -49.500 -49.500
  -6.605 -49.500 -49.500
  -6.603 -49.500 -49.500
  -6.602 -49.500     NaN
  -6.600 -16.409 -16.409
  -6.598 -49.500 -49.500
  -6.596 -49.500     NaN
  -6.594 -49.500 -49.500
