  -8.861 -13.965 -13.965
  -8.599 -14.115 -14.115
  -8.442 -14.219 -14.219
  -8.329 -14.289 -14.289
  -8.239 -14.400 -14.400
  -8.166 -14.223 -14.223
  -8.103 -14.552 -14.552
  -8.048 -14.297 -14.536
  -7.999 -14.575 -14.575
  -7.955 -14.739 -14.739
  -7.916 -14.557 -14.557
  -7.879 -14.700 -14.700
  -7.846 -14.724 -14.724
  -7.815 -14.344 -14.725
  -7.786 -14.609 -14.609
  -7.758 -14.544 -14.881
  -7.733 -14.865 -14.865
  -7.709 -15.007 -15.007
  -7.686 -15.025 -15.025
  -7.664 -15.010 -15.010
  -7.643 -15.089 -15.089
  -7.624 -14.964 -14.964
  -7.605 -14.967 -14.967
  -7.586 -15.229 -15.229
  -7.569 -14.968 -14.968
  -7.552 -15.007 -15.007
  -7.536 -14.978 -15.204
  -7.521 -14.831 -14.831
  -7.506 -15.023 -15.180
  -7.491 -15.241 -15.241
  -7.477 -15.385 -15.385
  -7.464 -14.522 -14.958
  -7.451 -15.098 -15.293
  -7.438 -15.604 -15.604
  -7.425 -15.563 -15.563
  -7.413 -15.076 -15.076
  -7.401 -15.316 -15.316
  -7.390 -15.429 -15.429
  -7.379 -15.202 -15.375
  -7.368 -15.412 -15.412
  -7.357 -15.410 -15.632
  -7.347 -14.878 -15.508
  -7.337 -15.128 -15.564
  -7.327 -13.966 -15.455
  -7.317 -15.202 -15.739
  -7.308 -15.343 -15.555
  -7.299 -15.788 -15.788
  -7.290 -15.484 -15.724
  -7.281 -15.439 -15.853
  -7.272 -14.956 -15.349
  -7.264 -15.321 -15.477
  -7.255 -15.475 -15.475
  -7.247 -15.683 -15.683
  -7.239 -15.867 -15.867
  -7.231 -15.259 -15.427
  -7.223 -14.488 -15.595
  -7.216 -15.089 -15.841
  -7.208 -15.061 -15.542
  -7.201 -15.067 -15.336
  -7.194 -15.772 -15.772
  -7.187 -15.421 -15.955
  -7.180 -15.806 -15.806
  -7.173 -15.220 -15.942
  -7.166 -16.010 -16.010
  -7.159 -15.725 -15.934
  -7.153 -15.775 -15.775
  -7.146 -14.983 -16.075
  -7.140 -15.700 -15.700
  -7.133 -16.189 -16.189
  -7.127 -15.633 -16.068
  -7.121 -15.778 -16.141
  -7.115 -16.124 -16.317
  -7.109 -15.850 -16.015
  -7.103 -15.721 -15.962
  -7.098 -16.364 -16.364
  -7.092 -16.293 -16.293
  -7.086 -16.159 -16.428
  -7.081 -15.630 -16.175
  -7.075 -16.252 -16.252
  -7.070 -15.408 -15.803
  -7.064 -16.372 -16.372
  -7.059 -15.690 -15.895
  -7.054 -15.982 -15.982
  -7.049 -16.293 -16.569
  -7.043 -15.881 -16.198
  -7.038 -15.927 -16.364
  -7.033 -16.419 -16.419
  -7.029 -16.273 -16.548
  -7.024 -15.972 -16.180
  -7.019 -16.493 -16.493
  -7.014 -16.158 -16.336
  -7.009 -16.258 -16.258
  -7.005 -16.413 -16.627
  -7.000 -15.901 -16.214
  -6.995 -16.967 -17.193
  -6.991 -16.253 -16.763
  -6.986 -16.207 -16.207
  -6.982 -14.879 -15.952
  -6.978 -15.958 -16.219
  -6.973 -16.184 -16.357
  -6.969 -16.742 -16.960
  -6.965 -16.185 -16.523
  -6.961 -16.023 -16.580
  -6.956 -16.178 -16.761
  -6.952 -16.005 -16.321
  -6.948 -16.586 -16.813
  -6.944 -14.857 -16.623
  -6.940 -16.179 -16.374
  -6.936 -15.634 -15.993
  -6.932 -15.841 -16.102
  -6.928 -15.567 -16.576
  -6.924 -16.164 -16.415
  -6.920 -16.275 -16.445
  -6.917 -16.426 -16.631
  -6.913 -16.723 -17.340
  -6.909 -17.424 -49.500
  -6.905 -16.549 -16.997
  -6.902 -15.983 -16.198
  -6.898 -16.294 -16.294
  -6.894 -16.381 -16.542
  -6.891 -15.965 -16.120
  -6.887 -16.613 -16.955
  -6.884 -16.902 -17.098
  -6.880 -16.905 -17.134
  -6.877 -16.098 -16.268
  -6.873 -16.793 -17.147
  -6.870 -17.428 -49.500
  -6.867 -16.558 -17.051
  -6.863 -16.479 -16.854
  -6.860 -16.440 -16.636
  -6.857 -15.997 -16.188
  -6.853 -16.847 -49.500
  -6.850 -16.731 -17.456
  -6.847 -16.560 -16.746
  -6.844 -17.266 -49.500
  -6.840 -16.415 -16.569
  -6.837 -15.976 -16.299
  -6.834 -15.293 -15.822
  -6.831 -49.500     NaN
  -6.828 -16.907 -17.071
  -6.825 -16.228 -16.823
  -6.822 -49.500     NaN
  -6.819 -16.058 -16.341
  -6.816 -16.749 -16.901
  -6.813 -16.809 -49.500
  -6.810 -49.500     NaN
  -6.807 -16.190 -16.393
  -6.804 -15.883 -16.506
  -6.801 -16.662 -49.500
  -6.798 -16.921 -49.500
  -6.795 -16.579 -49.500
  -6.792 -49.500     NaN
  -6.789 -49.500     NaN
  -6.787 -49.500 -49.500
  -6.784 -16.700 -16.982
  -6.781 -49.500 -49.500
  -6.778 -16.050 -16.382
  -6.775 -16.108 -16.408
  -6.773 -49.500     NaN
  -6.770 -16.496 -16.702
  -6.767 -16.024 -16.218
  -6.765 -49.500     NaN
  -6.762 -49.500     NaN
  -6.759 -49.500 -49.500
  -6.757 -16.220 -49.500
  -6.754 -16.252 -17.109
  -6.751 -16.907 -49.500
  -6.749 -16.505 -16.838
  -6.746 -49.500     NaN
  -6.744 -16.406 -49.500
  -6.741 -16.528 -16.684
  -6.739 -16.827 -16.827
  -6.736 -49.500     NaN
  -6.734 -16.221 -16.506
  -6.731 -16.203 -49.500
  -6.729 -49.500     NaN
  -6.726 -16.519 -16.671
  -6.724 -49.500 -49.500
  -6.721 -16.529 -49.500
  -6.719 -49.500 -49.500
  -6.717 -49.500 -49.500
  -6.714 -15.524 -15.524
  -6.712 -16.611 -16.947
  -6.709 -16.203 -16.203
  -6.707 -49.500 -49.500
  -6.705 -16.474 -49.500
  -6.702 -49.500 -49.500
  -6.700 -49.500 -49.500
  -6.698 -49.500     NaN
  -6.696 -49.500     NaN
  -6.693 -49.500     NaN
  -6.691 -16.324 -16.731
  -6.689 -15.388 -15.388
  -6.687 -49.500 -49.500
  -6.684 -49.500 -49.500
  -6.682 -49.500 -49.500
  -6.680 -16.495 -49.500
  -6.678 -49.500     NaN
  -6.675 -16.049 -16.049
  -6.673 -16.574 -16.574
  -6.671 -49.500 -49.500
  -6.669 -49.500 -49.500
  -6.667 -15.926 -16.478
  -6.665 -49.500 -49.500
  -6.663 -49.500 -49.500
  -6.661 -49.500 -49.500
  -6.658 -49.500 -49.500
  -6.656 -49.500 -49.500
  -6.654 -49.500     NaN
  -6.652 -16.216 -49.500
  -6.650 -16.540 -49.500
  -6.648 -49.500 -49.500
  -6.646 -49.500 -49.500
  -6.644 -16.725 -49.500
  -6.642 -49.500     NaN
  -6.640 -16.365 -16.365
  -6.638 -49.500 -49.500
  -6.636 -49.500 -49.500
  -6.634 -16.026 -16.026
  -6.632 -49.500 -49.500
  -6.630 -15.890 -49.500
  -6.628 -49.500 -49.500
  -6.626 -49.500 -49.500
  -6.624 -49.500 -49.500
  -6.622 -49.500 -49.500
  -6.620 -49.500     NaN
  -6.618 -49.500     NaN
  -6.617 -49.500     NaN
  -6.615 -49.500 -49.500
  -6.613 -49.500 -49.500
  -6.611 -49.500 -49.500
  -6.609 -49.500 -49.500
  -6.607 -49.500     NaN
  -6.605 -49.500 -49.500
  -6.603 -49.500 -49.500
  -6.602 -49.500 -49.500
  -6.600 -49.500 -49.500
  -6.598 -49.500     NaN
  -6.596 -49.500 -49.500
  -6.594 -16.659 -16.659
