  -8.861 -14.009 -14.009
  -8.599 -14.048 -14.048
  -8.442 -14.120 -14.120
  -8.329 -14.326 -14.326
  -8.239 -14.313 -14.313
  -8.166 -14.353 -14.353
  -8.103 -14.270 -14.474
  -8.048 -14.443 -14.443
  -7.999 -14.494 -14.494
  -7.955 -14.520 -14.520
  -7.916 -14.556 -14.556
  -7.879 -14.638 -14.638
  -7.846 -14.919 -14.919
  -7.815 -14.827 -14.827
  -7.786 -14.896 -14.896
  -7.758 -14.738 -14.738
  -7.733 -14.986 -14.986
  -7.709 -15.157 -15.157
  -7.686 -14.054 -14.718
  -7.664 -15.009 -15.009
  -7.643 -14.752 -14.752
  -7.624 -15.106 -15.106
  -7.605 -15.075 -15.075
  -7.586 -14.988 -14.988
  -7.569 -15.010 -15.010
  -7.552 -14.984 -14.984
  -7.536 -15.319 -15.319
  -7.521 -15.281 -15.281
  -7.506 -15.371 -15.371
  -7.491 -15.274 -15.447
  -7.477 -15.233 -15.233
  -7.464 -14.441 -15.210
  -7.451 -15.244 -15.435
  -7.438 -14.934 -14.934
  -7.425 -14.789 -14.789
  -7.413 -15.354 -15.354
  -7.401 -14.901 -15.079
  -7.390 -14.532 -15.319
  -7.379 -15.480 -15.480
  -7.368 -15.048 -15.345
  -7.357 -15.115 -15.344
  -7.347 -15.342 -15.342
  -7.337 -15.433 -15.601
  -7.327 -14.897 -15.279
  -7.317 -15.422 -15.583
  -7.308 -15.446 -15.650
  -7.299 -15.432 -15.432
  -7.290 -15.596 -15.596
  -7.281 -15.514 -15.682
  -7.272 -15.222 -15.580
  -7.264 -15.861 -15.861
  -7.255 -15.511 -15.731
  -7.247 -15.557 -15.763
  -7.239 -15.534 -15.754
  -7.231 -15.041 -15.503
  -7.223 -15.771 -15.771
  -7.216 -15.649 -15.834
  -7.208 -14.937 -15.492
  -7.201 -16.087 -16.087
  -7.194 -15.672 -15.874
  -7.187 -15.458 -15.458
  -7.180 -15.461 -15.461
  -7.173 -14.905 -15.326
  -7.166 -15.969 -16.171
  -7.159 -15.167 -15.506
  -7.153 -15.674 -16.044
  -7.146 -15.946 -16.427
  -7.140 -15.689 -15.873
  -7.133 -16.042 -16.042
  -7.127 -15.247 -16.033
  -7.121 -15.912 -15.912
  -7.115 -15.656 -15.656
  -7.109 -16.314 -16.314
  -7.103 -15.856 -16.363
  -7.098 -15.771 -15.771
  -7.092 -14.926 -15.461
  -7.086 -15.752 -15.752
  -7.081 -15.692 -16.432
  -7.075 -15.620 -15.620
  -7.070 -15.922 -16.130
  -7.064 -15.811 -15.811
  -7.059 -15.601 -16.293
  -7.054 -15.641 -16.123
  -7.049 -16.115 -16.479
  -7.043 -16.001 -16.378
  -7.038 -16.287 -16.287
  -7.033 -15.994 -16.336
  -7.029 -16.397 -16.397
  -7.024 -14.359 -15.490
  -7.019 -15.865 -16.107
  -7.014 -16.381 -16.381
  -7.009 -16.300 -16.494
  -7.005 -16.171 -16.171
  -7.000 -15.620 -16.842
  -6.995 -16.488 -16.658
  -6.991 -16.237 -16.443
  -6.986 -15.819 -16.184
  -6.982 -16.183 -16.428
  -6.978 -16.698 -49.500
  -6.973 -15.994 -16.637
  -6.969 -15.899 -15.899
  -6.965 -16.276 -16.276
  -6.961 -16.116 -16.710
  -6.956 -16.277 -16.428
  -6.952 -16.369 -16.544
  -6.948 -16.526 -16.526
  -6.944 -16.541 -16.791
  -6.940 -16.184 -16.184
  -6.936 -17.036 -49.500
  -6.932 -16.284 -16.753
  -6.928 -16.261 -16.454
  -6.924 -16.185 -16.359
  -6.920 -16.127 -16.300
  -6.917 -16.210 -16.568
  -6.913 -17.037 -17.289
  -6.909 -14.885 -16.166
  -6.905 -16.171 -16.877
  -6.902 -16.517 -49.500
  -6.898 -16.697 -49.500
  -6.894 -16.105 -16.817
  -6.891 -17.596 -22.679
  -6.887 -16.460 -16.721
  -6.884 -17.093 -49.500
  -6.880 -49.500     NaN
  -6.877 -16.173 -16.415
  -6.873 -16.109 -16.538
  -6.870 -17.201 -49.500
  -6.867 -15.712 -16.255
  -6.863 -16.402 -16.721
  -6.860 -16.213 -16.460
  -6.857 -15.538 -16.674
  -6.853 -16.817 -49.500
  -6.850 -15.841 -16.833
  -6.847 -16.620 -49.500
  -6.844 -16.644 -49.500
  -6.840 -15.862 -16.378
  -6.837 -17.020 -49.500
  -6.834 -16.421 -17.171
  -6.831 -17.290 -49.500
  -6.828 -16.677 -17.248
  -6.825 -15.890 -16.327
  -6.822 -16.764 -49.500
  -6.819 -16.229 -16.996
  -6.816 -14.258 -16.541
  -6.813 -17.317 -49.500
  -6.810 -14.962 -49.500
  -6.807 -49.500     NaN
  -6.804 -16.075 -16.401
  -6.801 -15.934 -16.262
  -6.798 -49.500     NaN
  -6.795 -16.917 -49.500
  -6.792 -49.500     NaN
  -6.789 -14.550 -16.494
  -6.787 -16.427 -49.500
  -6.784 -16.832 -49.500
  -6.781 -49.500     NaN
  -6.778 -16.639 -49.500
  -6.775 -16.657 -49.500
  -6.773 -49.500     NaN
  -6.770 -49.500 -49.500
  -6.767 -49.500 -49.500
  -6.765 -49.500 -49.500
  -6.762 -16.962 -16.962
  -6.759 -49.500     NaN
  -6.757 -16.134 -16.134
  -6.754 -16.738 -16.989
  -6.751 -49.500     NaN
  -6.749 -16.171 -17.103
  -6.746 -49.500 -49.500
  -6.744 -16.591 -49.500
  -6.741 -49.500     NaN
  -6.739 -49.500 -49.500
  -6.736 -15.935 -49.500
  -6.734 -49.500     NaN
  -6.731 -16.801 -49.500
  -6.729 -14.784 -15.726
  -6.726 -49.500     NaN
  -6.724 -16.681 -49.500
  -6.721 -16.400 -49.500
  -6.719 -16.580 -49.500
  -6.717 -16.523 -49.500
  -6.714 -49.500     NaN
  -6.712 -49.500     NaN
  -6.709 -16.473 -16.473
  -6.707 -16.576 -16.576
  -6.705 -16.684 -49.500
  -6.702 -49.500     NaN
  -6.700 -49.500     NaN
  -6.698 -49.500 -49.500
  -6.696 -16.124 -16.285
  -6.693 -16.373 -16.373
  -6.691 -16.013 -16.013
  -6.689 -16.276 -49.500
  -6.687 -49.500 -49.500
  -6.684 -49.500     NaN
  -6.682 -49.500 -49.500
  -6.680 -49.500     NaN
  -6.678 -49.500     NaN
  -6.675 -49.500     NaN
  -6.673 -15.637 -49.500
  -6.671 -15.099 -49.500
  -6.669 -49.500 -49.500
  -6.667 -49.500 -49.500
  -6.665 -49.500     NaN
  -6.663 -16.009 -16.009
  -6.661 -49.500 -49.500
  -6.658 -49.500 -49.500
  -6.656 -16.569 -49.500
  -6.654 -17.066 -17.066
  -6.652 -49.500 -49.500
  -6.650 -49.500 -49.500
  -6.648 -49.500 -49.500
  -6.646 -49.500     NaN
  -6.644 -16.513 -16.513
  -6.642 -16.280 -16.280
  -6.640 -49.500     NaN
  -6.638 -17.253 -49.500
  -6.636 -49.500 -49.500
  -6.634 -49.500 -49.500
  -6.632 -49.500     NaN
  -6.630 -49.500 -49.500
  -6.628 -49.500 -49.500
  -6.626 -49.500 -49.500
  -6.624 -49.500 -49.500
  -6.622 -49.500 -49.500
  -6.620 -49.500 -49.500
  -6.618 -49.500 -49.500
  -6.617 -49.500     NaN
  -6.615 -49.500 -49.500
  -6.613 -49.500 -49.500
  -6.611 -49.500 -49.500
  -6.609 -49.500     NaN
  -6.607 -49.500 -49.500
  -6.605 -16.318 -16.318
  -6.603 -15.460 -15.460
  -6.602 -49.500 -49.500
  -6.600 -49.500 -49.500
  -6.598 -49.500 -49.500
  -6.596 -49.500 -49.500
  -6.594 -49.500 -49.500
