  -8.861 -13.975 -13.975
  -8.599 -14.128 -14.128
  -8.442 -14.086 -14.086
  -8.329 -14.336 -14.336
  -8.239 -14.286 -14.286
  -8.166 -14.477 -14.477
  -8.103 -14.462 -14.462
  -8.048 -14.547 -14.547
  -7.999 -14.674 -14.674
  -7.955 -14.410 -14.410
  -7.916 -14.674 -14.674
  -7.879 -14.521 -14.521
  -7.846 -14.792 -14.792
  -7.815 -14.799 -14.799
  -7.786 -14.995 -14.995
  -7.758 -14.931 -14.931
  -7.733 -14.801 -14.801
  -7.709 -14.902 -14.902
  -7.686 -14.969 -14.969
  -7.664 -14.986 -14.986
  -7.643 -14.940 -14.940
  -7.624 -14.854 -14.854
  -7.605 -14.859 -14.859
  -7.586 -14.826 -15.159
  -7.569 -15.220 -15.220
  -7.552 -15.112 -15.112
  -7.536 -14.659 -15.313
  -7.521 -15.349 -15.349
  -7.506 -14.868 -15.305
  -7.491 -14.677 -15.115
  -7.477 -14.922 -15.154
  -7.464 -15.302 -15.302
  -7.451 -14.948 -15.377
  -7.438 -15.212 -15.212
  -7.425 -15.335 -15.335
  -7.413 -15.365 -15.365
  -7.401 -15.659 -15.659
  -7.390 -14.558 -15.538
  -7.379 -15.502 -15.502
  -7.368 -15.231 -15.231
  -7.357 -15.474 -15.474
  -7.347 -15.565 -15.757
  -7.337 -15.392 -15.392
  -7.327 -15.594 -15.594
  -7.317 -15.370 -15.789
  -7.308 -15.232 -15.712
  -7.299 -15.666 -15.666
  -7.290 -15.932 -15.932
  -7.281 -14.742 -15.521
  -7.272 -15.483 -15.641
  -7.264 -15.618 -15.618
  -7.255 -15.155 -15.464
  -7.247 -15.770 -15.770
  -7.239 -15.874 -15.874
  -7.231 -15.750 -15.750
  -7.223 -15.944 -15.944
  -7.216 -15.744 -15.744
  -7.208 -15.995 -15.995
  -7.201 -15.528 -15.793
  -7.194 -15.267 -15.839
  -7.187 -15.624 -16.015
  -7.180 -15.648 -16.055
  -7.173 -15.609 -15.609
  -7.166 -15.224 -15.407
  -7.159 -15.707 -15.707
  -7.153 -15.934 -15.934
  -7.146 -15.276 -15.636
  -7.140 -15.944 -15.944
  -7.133 -15.468 -15.468
  -7.127 -15.898 -16.342
  -7.121 -16.087 -16.087
  -7.115 -16.192 -16.356
  -7.109 -15.526 -16.152
  -7.103 -15.898 -16.050
  -7.098 -16.134 -16.372
  -7.092 -14.391 -16.292
  -7.086 -16.221 -16.221
  -7.081 -16.172 -16.172
  -7.075 -15.718 -15.974
  -7.070 -16.173 -16.173
  -7.064 -15.700 -15.913
  -7.059 -16.134 -16.134
  -7.054 -15.896 -16.097
  -7.049 -15.852 -16.148
  -7.043 -16.426 -16.862
  -7.038 -13.676 -15.767
  -7.033 -15.653 -16.113
  -7.029 -16.015 -16.433
  -7.024 -16.379 -16.566
  -7.019 -15.282 -15.834
  -7.014 -16.319 -16.584
  -7.009 -16.693 -16.863
  -7.005 -16.100 -16.100
  -7.000 -16.120 -16.398
  -6.995 -16.283 -16.283
  -6.991 -15.491 -15.491
  -6.986 -16.117 -16.117
  -6.982 -16.267 -16.532
  -6.978 -16.398 -16.607
  -6.973 -16.363 -16.603
  -6.969 -16.288 -17.009
  -6.965 -16.549 -16.549
  -6.961 -16.280 -16.280
  -6.956 -16.577 -16.792
  -6.952 -15.596 -16.449
  -6.948 -16.066 -16.066
  -6.944 -16.490 -16.684
  -6.940 -16.296 -16.926
  -6.936 -16.236 -16.691
  -6.932 -15.959 -16.517
  -6.928 -15.745 -16.270
  -6.924 -16.414 -16.566
  -6.920 -16.467 -16.703
  -6.917 -16.111 -16.363
  -6.913 -17.098 -49.500
  -6.909 -17.083 -49.500
  -6.905 -16.305 -16.457
  -6.902 -16.961 -17.378
  -6.898 -16.201 -16.613
  -6.894 -16.758 -16.975
  -6.891 -16.694 -16.958
  -6.887 -16.483 -16.774
  -6.884 -16.428 -16.688
  -6.880 -16.576 -16.789
  -6.877 -15.368 -16.369
  -6.873 -15.470 -17.152
  -6.870 -49.500 -49.500
  -6.867 -16.422 -16.767
  -6.863 -16.108 -49.500
  -6.860 -17.031 -17.416
  -6.857 -16.686 -17.096
  -6.853 -14.578 -16.809
  -6.850 -16.150 -16.357
  -6.847 -15.999 -16.618
  -6.844 -16.456 -16.879
  -6.840 -15.497 -16.409
  -6.837 -16.380 -16.972
  -6.834 -49.500     NaN
  -6.831 -49.500     NaN
  -6.828 -15.083 -16.950
  -6.825 -49.500     NaN
  -6.822 -16.155 -16.313
  -6.819 -15.861 -16.475
  -6.816 -16.741 -17.055
  -6.813 -16.524 -16.789
  -6.810 -49.500     NaN
  -6.807 -15.911 -16.741
  -6.804 -16.507 -49.500
  -6.801 -16.858 -49.500
  -6.798 -14.913 -49.500
  -6.795 -16.181 -16.655
  -6.792 -16.880 -49.500
  -6.789 -49.500 -49.500
  -6.787 -16.198 -49.500
  -6.784 -49.500     NaN
  -6.781 -15.213 -49.500
  -6.778 -49.500 -49.500
  -6.775 -16.579 -16.933
  -6.773 -49.500 -49.500
  -6.770 -16.158 -16.379
  -6.767 -49.500     NaN
  -6.765 -49.500 -49.500
  -6.762 -16.464 -49.500
  -6.759 -15.252 -16.817
  -6.757 -49.500     NaN
  -6.754 -49.500 -49.500
  -6.751 -16.508 -49.500
  -6.749 -49.500     NaN
  -6.746 -49.500     NaN
  -6.744 -49.500     NaN
  -6.741 -49.500     NaN
  -6.739 -16.833 -49.500
  -6.736 -49.500 -49.500
  -6.734 -49.500     NaN
  -6.731 -16.007 -49.500
  -6.729 -16.732 -49.500
  -6.726 -16.497 -49.500
  -6.724 -16.245 -16.635
  -6.721 -16.564 -16.564
  -6.719 -49.500 -49.500
  -6.717 -49.500     NaN
  -6.714 -15.412 -16.349
  -6.712 -15.571 -16.076
  -6.709 -16.266 -16.266
  -6.707 -16.144 -49.500
  -6.705 -16.836 -49.500
  -6.702 -16.528 -49.500
  -6.700 -15.651 -15.651
  -6.698 -16.541 -16.541
  -6.696 -49.500 -49.500
  -6.693 -49.500     NaN
  -6.691 -49.500     NaN
  -6.689 -49.500     NaN
  -6.687 -16.669 -49.500
  -6.684 -16.738 -16.738
  -6.682 -49.500 -49.500
  -6.680 -14.958 -14.958
  -6.678 -49.500 -49.500
  -6.675 -15.757 -49.500
  -6.673 -49.500 -49.500
  -6.671 -16.626 -16.908
  -6.669 -49.500 -49.500
  -6.667 -49.500 -49.500
  -6.665 -49.500     NaN
  -6.663 -49.500 -49.500
  -6.661 -49.500 -49.500
  -6.658 -17.006 -49.500
  -6.656 -15.505 -49.500
  -6.654 -49.500 -49.500
  -6.652 -49.500     NaN
  -6.650 -49.500 -49.500
  -6.648 -16.488 -49.500
  -6.646 -49.500 -49.500
  -6.644 -49.500 -49.500
  -6.642 -49.500     NaN
  -6.640 -49.500     NaN
  -6.638 -49.500 -49.500
  -6.636 -49.500     NaN
  -6.634 -49.500     NaN
  -6.632 -49.500 -49.500
  -6.630 -49.500     NaN
  -6.628 -49.500 -49.500
  -6.626 -49.500 -49.500
  -6.624 -49.500     NaN
  -6.622 -49.500 -49.500
  -6.620 -49.500 -49.500
  -6.618 -49.500     NaN
  -6.617 -49.500 -49.500
  -6.615 -15.428 -15.428
  -6.613 -49.500 -49.500
  -6.611 -49.500 -49.500
  -6.609 -49.500 -49.500
  -6.607 -49.500 -49.500
  -6.605 -49.500 -49.500
  -6.603 -49.500 -49.500
  -6.602 -15.722 -15.722
  -6.600 -49.500     NaN
  -6.598 -49.500 -49.500
  -6.596 -49.500     NaN
  -6.594 -49.500     NaN
