  -8.861 -13.993 -13.993
  -8.599 -14.106 -14.106
  -8.442 -14.254 -14.254
  -8.329 -14.345 -14.345
  -8.239 -14.448 -14.448
  -8.166 -14.360 -14.360
  -8.103 -14.509 -14.509
  -8.048 -14.574 -14.574
  -7.999 -14.341 -14.573
  -7.955 -14.566 -14.566
  -7.916 -14.839 -14.839
  -7.879 -14.786 -14.786
  -7.846 -14.835 -14.835
  -7.815 -14.287 -14.524
  -7.786 -14.334 -14.590
  -7.758 -14.951 -14.951
  -7.733 -14.770 -14.770
  -7.709 -14.953 -14.953
  -7.686 -15.141 -15.141
  -7.664 -15.145 -15.145
  -7.643 -14.634 -14.973
  -7.624 -14.545 -15.133
  -7.605 -15.115 -15.115
  -7.586 -14.923 -15.126
  -7.569 -14.754 -14.956
  -7.552 -15.232 -15.232
  -7.536 -14.560 -14.788
  -7.521 -15.089 -15.403
  -7.506 -15.007 -15.161
  -7.491 -15.172 -15.172
  -7.477 -15.449 -15.449
  -7.464 -15.038 -15.372
  -7.451 -15.287 -15.441
  -7.438 -15.089 -15.282
  -7.425 -15.490 -15.490
  -7.413 -14.791 -15.135
  -7.401 -15.219 -15.387
  -7.390 -15.035 -15.515
  -7.379 -15.520 -15.520
  -7.368 -15.309 -15.309
  -7.357 -14.443 -14.650
  -7.347 -15.503 -15.503
  -7.337 -15.792 -15.792
  -7.327 -15.339 -15.611
  -7.317 -15.770 -15.770
  -7.308 -14.090 -15.027
  -7.299 -15.370 -15.551
  -7.290 -15.815 -15.815
  -7.281 -15.735 -15.735
  -7.272 -15.586 -15.586
  -7.264 -15.322 -15.322
  -7.255 -15.156 -15.156
  -7.247 -15.383 -15.770
  -7.239 -15.887 -15.887
  -7.231 -15.653 -15.653
  -7.223 -15.597 -15.770
  -7.216 -15.492 -15.492
  -7.208 -15.551 -15.551
  -7.201 -15.720 -15.720
  -7.194 -15.929 -15.929
  -7.187 -16.231 -16.231
  -7.180 -15.595 -15.595
  -7.173 -15.233 -15.864
  -7.166 -16.101 -16.101
  -7.159 -15.832 -15.832
  -7.153 -15.854 -16.021
  -7.146 -15.482 -15.482
  -7.140 -16.128 -16.128
  -7.133 -15.180 -15.451
  -7.127 -15.767 -16.103
  -7.121 -15.598 -15.598
  -7.115 -15.577 -15.577
  -7.109 -16.251 -16.251
  -7.103 -15.818 -16.002
  -7.098 -15.006 -15.438
  -7.092 -15.449 -15.780
  -7.086 -15.737 -15.888
  -7.081 -15.777 -16.178
  -7.075 -15.021 -15.577
  -7.070 -15.883 -16.036
  -7.064 -16.138 -16.138
  -7.059 -14.827 -16.135
  -7.054 -16.202 -16.202
  -7.049 -15.703 -15.894
  -7.043 -15.933 -15.933
  -7.038 -15.742 -15.742
  -7.033 -15.703 -16.263
  -7.029 -16.550 -16.728
  -7.024 -16.444 -16.444
  -7.019 -15.169 -15.488
  -7.014 -15.894 -16.449
  -7.009 -15.500 -15.670
  -7.005 -16.549 -16.549
  -7.000 -15.611 -15.611
  -6.995 -15.995 -16.243
  -6.991 -16.118 -16.358
  -6.986 -15.829 -16.104
  -6.982 -16.164 -16.337
  -6.978 -15.606 -16.324
  -6.973 -15.381 -15.851
  -6.969 -16.384 -16.572
  -6.965 -15.703 -16.337
  -6.961 -16.213 -16.213
  -6.956 -16.120 -16.120
  -6.952 -15.366 -16.648
  -6.948 -15.259 -15.472
  -6.944 -16.159 -16.416
  -6.940 -16.055 -16.309
  -6.936 -16.419 -16.419
  -6.932 -16.105 -16.359
  -6.928 -15.391 -16.673
  -6.924 -15.261 -15.908
  -6.920 -15.194 -15.816
  -6.917 -15.823 -16.033
  -6.913 -16.713 -49.500
  -6.909 -16.588 -17.069
  -6.905 -16.362 -16.362
  -6.902 -15.861 -16.489
  -6.898 -16.521 -16.764
  -6.894 -16.922 -22.776
  -6.891 -15.772 -16.000
  -6.887 -16.856 -17.015
  -6.884 -16.081 -16.236
  -6.880 -15.706 -49.500
  -6.877 -15.766 -16.527
  -6.873 -16.643 -16.916
  -6.870 -16.412 -16.788
  -6.867 -15.146 -16.115
  -6.863 -49.500     NaN
  -6.860 -16.182 -17.097
  -6.857 -49.500     NaN
  -6.853 -16.235 -16.821
  -6.850 -16.329 -16.516
  -6.847 -16.356 -16.356
  -6.844 -16.146 -49.500
  -6.840 -15.457 -15.457
  -6.837 -49.500     NaN
  -6.834 -15.748 -49.500
  -6.831 -15.858 -16.785
  -6.828 -16.589 -16.941
  -6.825 -49.500 -49.500
  -6.822 -16.514 -16.806
  -6.819 -49.500     NaN
  -6.816 -17.029 -49.500
  -6.813 -16.255 -16.538
  -6.810 -16.529 -49.500
  -6.807 -16.642 -16.914
  -6.804 -49.500     NaN
  -6.801 -16.303 -16.981
  -6.798 -16.734 -49.500
  -6.795 -16.640 -16.956
  -6.792 -16.588 -49.500
  -6.789 -16.836 -49.500
  -6.787 -16.190 -49.500
  -6.784 -49.500 -49.500
  -6.781 -16.123 -49.500
  -6.778 -16.171 -49.500
  -6.775 -16.564 -49.500
  -6.773 -16.014 -49.500
  -6.770 -15.666 -16.715
  -6.767 -16.452 -49.500
  -6.765 -16.455 -16.623
  -6.762 -49.500     NaN
  -6.759 -49.500 -49.500
  -6.757 -16.282 -16.480
  -6.754 -49.500     NaN
  -6.751 -16.495 -16.698
  -6.749 -49.500     NaN
  -6.746 -17.032 -49.500
  -6.744 -49.500     NaN
  -6.741 -49.500     NaN
  -6.739 -16.360 -49.500
  -6.736 -49.500     NaN
  -6.734 -16.255 -16.255
  -6.731 -49.500 -49.500
  -6.729 -17.104 -49.500
  -6.726 -17.291 -49.500
  -6.724 -49.500     NaN
  -6.721 -15.746 -15.746
  -6.719 -15.984 -16.164
  -6.717 -16.387 -49.500
  -6.714 -49.500 -49.500
  -6.712 -16.762 -16.762
  -6.709 -49.500 -49.500
  -6.707 -15.958 -15.958
  -6.705 -49.500 -49.500
  -6.702 -49.500 -49.500
  -6.700 -16.380 -16.380
  -6.698 -49.500 -49.500
  -6.696 -49.500 -49.500
  -6.693 -49.500 -49.500
  -6.691 -49.500     NaN
  -6.689 -49.500 -49.500
  -6.687 -49.500 -49.500
  -6.684 -49.500 -49.500
  -6.682 -49.500 -49.500
  -6.680 -49.500     NaN
  -6.678 -16.680 -49.500
  -6.675 -49.500 -49.500
  -6.673 -49.500 -49.500
  -6.671 -49.500     NaN
  -6.669 -49.500     NaN
  -6.667 -49.500     NaN
  -6.665 -16.839 -16.839
  -6.663 -49.500 -49.500
  -6.661 -16.627 -49.500
  -6.658 -49.500 -49.500
  -6.656 -49.500 -49.500
  -6.654 -49.500 -49.500
  -6.652 -49.500     NaN
  -6.650 -16.531 -16.531
  -6.648 -49.500     NaN
  -6.646 -49.500 -49.500
  -6.644 -49.500     NaN
  -6.642 -49.500     NaN
  -6.640 -49.500 -49.500
  -6.638 -49.500 -49.500
  -6.636 -49.500 -49.500
  -6.634 -16.069 -16.069
  -6.632 -49.500 -49.500
  -6.630 -16.539 -49.500
  -6.628 -16.306 -16.306
  -6.626 -49.500     NaN
  -6.624 -16.255 -17.187
  -6.622 -49.500     NaN
  -6.620 -16.636 -49.500
  -6.618 -49.500 -49.500
  -6.617 -49.500 -49.500
  -6.615 -15.168 -49.500
  -6.613 -49.500 -49.500
  -6.611 -49.500 -49.500
  -6.609 -49.500 -49.500
  -6.607 -49.500 -49.500
  -6.605 -49.500 -49.500
  -6.603 -49.500 -49.500
  -6.602 -16.532 -16.532
  -6.600 -49.500 -49.500
  -6.598 -49.500 -49.500
  -6.596 -49.500 -49.500
  -6.594 -49.500     NaN
