  -8.861 -13.960 -13.960
  -8.599 -14.021 -14.021
  -8.442 -14.240 -14.240
  -8.329 -14.057 -14.057
  -8.239 -14.331 -14.331
  -8.166 -14.346 -14.346
  -8.103 -14.169 -14.368
  -8.048 -14.485 -14.485
  -7.999 -14.482 -14.482
  -7.955 -14.420 -14.420
  -7.916 -13.821 -14.641
  -7.879 -14.778 -14.778
  -7.846 -14.703 -14.703
  -7.815 -14.830 -14.830
  -7.786 -14.496 -14.858
  -7.758 -14.845 -15.001
  -7.733 -14.803 -14.803
  -7.709 -14.581 -14.581
  -7.686 -14.982 -14.982
  -7.664 -14.735 -14.735
  -7.643 -15.082 -15.082
  -7.624 -15.155 -15.155
  -7.605 -15.102 -15.102
  -7.586 -15.217 -15.217
  -7.569 -14.770 -15.301
  -7.552 -15.221 -15.221
  -7.536 -15.054 -15.054
  -7.521 -15.124 -15.124
  -7.506 -15.509 -15.509
  -7.491 -14.783 -15.311
  -7.477 -15.284 -15.284
  -7.464 -15.134 -15.134
  -7.451 -14.863 -14.863
  -7.438 -15.174 -15.174
  -7.425 -14.915 -15.216
  -7.413 -15.570 -15.570
  -7.401 -14.974 -15.226
  -7.390 -15.184 -15.491
  -7.379 -15.627 -15.627
  -7.368 -15.621 -15.621
  -7.357 -15.719 -15.719
  -7.347 -15.473 -15.473
  -7.337 -15.494 -15.494
  -7.327 -15.524 -15.524
  -7.317 -15.375 -15.656
  -7.308 -15.225 -15.448
  -7.299 -15.499 -15.499
  -7.290 -15.156 -15.714
  -7.281 -15.008 -15.340
  -7.272 -15.294 -15.472
  -7.264 -15.537 -15.537
  -7.255 -15.636 -15.636
  -7.247 -15.563 -15.748
  -7.239 -15.005 -15.986
  -7.231 -15.332 -15.600
  -7.223 -15.552 -16.139
  -7.216 -15.755 -15.932
  -7.208 -15.351 -15.514
  -7.201 -15.062 -16.019
  -7.194 -15.887 -16.210
  -7.187 -15.727 -15.727
  -7.180 -15.345 -15.862
  -7.173 -14.509 -15.640
  -7.166 -16.137 -16.137
  -7.159 -15.488 -15.848
  -7.153 -15.264 -15.739
  -7.146 -16.061 -16.061
  -7.140 -15.308 -15.810
  -7.133 -16.210 -16.210
  -7.127 -15.859 -16.087
  -7.121 -16.090 -16.090
  -7.115 -15.740 -15.740
  -7.109 -15.472 -16.207
  -7.103 -16.092 -16.352
  -7.098 -14.722 -15.345
  -7.092 -16.142 -16.142
  -7.086 -14.991 -16.251
  -7.081 -15.993 -16.224
  -7.075 -16.282 -16.282
  -7.070 -16.324 -16.324
  -7.064 -15.391 -15.908
  -7.059 -16.532 -16.532
  -7.054 -15.305 -16.517
  -7.049 -16.396 -16.396
  -7.043 -16.574 -16.897
  -7.038 -16.506 -16.506
  -7.033 -16.175 -16.175
  -7.029 -16.041 -16.041
  -7.024 -15.587 -16.216
  -7.019 -15.010 -16.551
  -7.014 -16.286 -16.286
  -7.009 -16.456 -16.809
  -7.005 -16.117 -16.117
  -7.000 -16.428 -16.428
  -6.995 -16.251 -16.251
  -6.991 -15.757 -16.743
  -6.986 -15.956 -16.202
  -6.982 -15.764 -16.279
  -6.978 -16.039 -16.385
  -6.973 -15.937 -16.432
  -6.969 -16.272 -16.272
  -6.965 -16.054 -16.462
  -6.961 -15.930 -16.259
  -6.956 -16.023 -16.023
  -6.952 -16.296 -16.497
  -6.948 -16.061 -16.061
  -6.944 -16.779 -16.989
  -6.940 -15.334 -16.435
  -6.936 -16.554 -16.554
  -6.932 -16.291 -16.291
  -6.928 -16.496 -16.675
  -6.924 -16.082 -16.468
  -6.920 -16.548 -16.852
  -6.917 -15.130 -15.517
  -6.913 -15.973 -16.278
  -6.909 -15.944 -16.277
  -6.905 -15.856 -16.111
  -6.902 -16.996 -49.500
  -6.898 -49.500 -49.500
  -6.894 -16.791 -16.791
  -6.891 -16.673 -17.135
  -6.887 -16.342 -16.857
  -6.884 -16.703 -17.037
  -6.880 -16.470 -17.031
  -6.877 -16.796 -49.500
  -6.873 -16.105 -16.105
  -6.870 -15.919 -16.681
  -6.867 -16.383 -17.053
  -6.863 -16.453 -16.962
  -6.860 -16.255 -16.422
  -6.857 -49.500     NaN
  -6.853 -16.615 -16.887
  -6.850 -16.388 -16.554
  -6.847 -17.012 -49.500
  -6.844 -16.283 -16.463
  -6.840 -15.987 -16.148
  -6.837 -49.500     NaN
  -6.834 -16.690 -49.500
  -6.831 -16.366 -16.366
  -6.828 -49.500 -49.500
  -6.825 -15.141 -17.030
  -6.822 -49.500     NaN
  -6.819 -16.875 -49.500
  -6.816 -16.001 -49.500
  -6.813 -15.802 -16.136
  -6.810 -49.500     NaN
  -6.807 -16.540 -16.765
  -6.804 -16.484 -16.710
  -6.801 -16.588 -16.871
  -6.798 -16.067 -16.464
  -6.795 -16.811 -49.500
  -6.792 -16.526 -49.500
  -6.789 -16.587 -49.500
  -6.787 -16.918 -49.500
  -6.784 -16.640 -49.500
  -6.781 -16.811 -17.085
  -6.778 -15.882 -49.500
  -6.775 -16.266 -49.500
  -6.773 -15.483 -49.500
  -6.770 -49.500     NaN
  -6.767 -15.513 -16.680
  -6.765 -16.201 -49.500
  -6.762 -49.500 -49.500
  -6.759 -49.500     NaN
  -6.757 -16.400 -16.400
  -6.754 -17.171 -49.500
  -6.751 -49.500     NaN
  -6.749 -16.310 -49.500
  -6.746 -49.500     NaN
  -6.744 -49.500 -49.500
  -6.741 -49.500     NaN
  -6.739 -49.500     NaN
  -6.736 -15.988 -49.500
  -6.734 -49.500     NaN
  -6.731 -16.567 -16.567
  -6.729 -16.633 -17.041
  -6.726 -49.500     NaN
  -6.724 -16.372 -16.372
  -6.721 -49.500     NaN
  -6.719 -49.500     NaN
  -6.717 -49.500     NaN
  -6.714 -49.500     NaN
  -6.712 -16.018 -16.391
  -6.709 -49.500     NaN
  -6.707 -49.500     NaN
  -6.705 -49.500 -49.500
  -6.702 -16.203 -16.203
  -6.700 -16.769 -49.500
  -6.698 -49.500 -49.500
  -6.696 -16.957 -49.500
  -6.693 -16.953 -49.500
  -6.691 -16.140 -49.500
  -6.689 -17.347 -17.347
  -6.687 -16.406 -49.500
  -6.684 -49.500     NaN
  -6.682 -49.500 -49.500
  -6.680 -49.500 -49.500
  -6.678 -49.500 -49.500
  -6.675 -16.709 -49.500
  -6.673 -49.500 -49.500
  -6.671 -16.055 -16.055
  -6.669 -49.500     NaN
  -6.667 -15.959 -49.500
  -6.665 -16.356 -16.356
  -6.663 -16.695 -49.500
  -6.661 -16.205 -16.205
  -6.658 -49.500 -49.500
  -6.656 -49.500 -49.500
  -6.654 -49.500 -49.500
  -6.652 -49.500 -49.500
  -6.650 -49.500 -49.500
  -6.648 -49.500     NaN
  -6.646 -49.500 -49.500
  -6.644 -49.500 -49.500
  -6.642 -16.554 -16.554
  -6.640 -49.500 -49.500
  -6.638 -49.500 -49.500
  -6.636 -49.500 -49.500
  -6.634 -49.500 -49.500
  -6.632 -49.500 -49.500
  -6.630 -49.500 -49.500
  -6.628 -16.432 -16.432
  -6.626 -16.447 -16.447
  -6.624 -49.500     NaN
  -6.622 -49.500     NaN
  -6.620 -49.500 -49.500
  -6.618 -16.114 -16.644
  -6.617 -49.500 -49.500
  -6.615 -49.500 -49.500
  -6.613 -16.068 -49.500
  -6.611 -49.500 -49.500
  -6.609 -49.500 -49.500
  -6.607 -49.500 -49.500
  -6.605 -49.500 -49.500
  -6.603 -49.500 -49.500
  -6.602 -49.500 -49.500
  -6.600 -49.500 -49.500
  -6.598 -49.500 -49.500
  -6.596 -49.500 -49.500
  -6.594 -49.500 -49.500
