  -8.861 -13.978 -13.978
  -8.599 -14.119 -14.119
  -8.442 -14.210 -14.210
  -8.329 -14.317 -14.317
  -8.239 -14.200 -14.200
  -8.166 -14.352 -14.352
  -8.103 -14.378 -14.378
  -8.048 -14.525 -14.525
  -7.999 -14.387 -14.387
  -7.955 -14.560 -14.560
  -7.916 -14.657 -14.657
  -7.879 -14.646 -14.646
  -7.846 -14.713 -14.713
  -7.815 -14.784 -14.784
  -7.786 -14.756 -14.911
  -7.758 -14.867 -14.867
  -7.733 -14.949 -14.949
  -7.709 -14.377 -14.864
  -7.686 -14.844 -15.065
  -7.664 -14.746 -14.746
  -7.643 -15.235 -15.235
  -7.624 -15.060 -15.060
  -7.605 -14.895 -15.103
  -7.586 -14.417 -15.025
  -7.569 -15.059 -15.059
  -7.552 -15.012 -15.012
  -7.536 -14.766 -15.156
  -7.521 -15.258 -15.258
  -7.506 -15.372 -15.372
  -7.491 -15.440 -15.440
  -7.477 -15.269 -15.475
  -7.464 -15.603 -15.603
  -7.451 -15.088 -15.325
  -7.438 -15.260 -15.428
  -7.425 -15.552 -15.552
  -7.413 -14.829 -15.223
  -7.401 -14.975 -15.241
  -7.390 -15.579 -15.579
  -7.379 -15.445 -15.445
  -7.368 -15.217 -15.217
  -7.357 -15.221 -15.677
  -7.347 -15.189 -15.552
  -7.337 -15.168 -15.325
  -7.327 -15.669 -15.852
  -7.317 -15.314 -15.481
  -7.308 -15.241 -15.990
  -7.299 -14.393 -15.065
  -7.290 -15.432 -15.655
  -7.281 -15.473 -15.473
  -7.272 -14.907 -15.138
  -7.264 -15.626 -15.626
  -7.255 -15.627 -16.159
  -7.247 -15.649 -15.870
  -7.239 -15.366 -15.906
  -7.231 -15.692 -15.918
  -7.223 -15.703 -15.970
  -7.216 -15.057 -15.848
  -7.208 -15.770 -15.770
  -7.201 -15.622 -15.622
  -7.194 -13.911 -15.803
  -7.187 -15.443 -16.037
  -7.180 -15.906 -16.059
  -7.173 -16.019 -16.019
  -7.166 -15.748 -15.951
  -7.159 -15.475 -15.733
  -7.153 -15.736 -15.966
  -7.146 -15.618 -15.828
  -7.140 -16.000 -16.000
  -7.133 -15.112 -15.834
  -7.127 -16.423 -16.423
  -7.121 -15.877 -16.435
  -7.115 -15.604 -15.826
  -7.109 -16.193 -16.193
  -7.103 -15.869 -15.869
  -7.098 -15.666 -15.858
  -7.092 -16.055 -16.265
  -7.086 -15.835 -16.148
  -7.081 -15.443 -15.966
  -7.075 -14.645 -15.087
  -7.070 -16.012 -16.012
  -7.064 -15.370 -15.905
  -7.059 -16.193 -16.516
  -7.054 -15.879 -16.091
  -7.049 -16.448 -16.448
  -7.043 -16.100 -16.529
  -7.038 -16.258 -16.258
  -7.033 -16.439 -16.439
  -7.029 -16.504 -16.504
  -7.024 -16.233 -16.387
  -7.019 -15.928 -16.246
  -7.014 -15.567 -16.096
  -7.009 -15.521 -15.801
  -7.005 -16.098 -16.318
  -7.000 -15.509 -16.054
  -6.995 -16.200 -16.200
  -6.991 -16.172 -16.172
  -6.986 -15.911 -15.911
  -6.982 -15.652 -15.954
  -6.978 -16.118 -16.548
  -6.973 -15.762 -16.462
  -6.969 -16.914 -17.171
  -6.965 -16.278 -16.838
  -6.961 -16.738 -16.946
  -6.956 -16.653 -16.653
  -6.952 -16.517 -16.903
  -6.948 -15.802 -16.189
  -6.944 -16.231 -16.673
  -6.940 -16.677 -16.677
  -6.936 -16.317 -16.516
  -6.932 -16.578 -16.756
  -6.928 -16.508 -49.500
  -6.924 -22.499 -22.499
  -6.920 -16.594 -16.908
  -6.917 -14.951 -16.193
  -6.913 -16.906 -22.833
  -6.909 -15.958 -16.334
  -6.905 -17.089 -49.500
  -6.902 -15.230 -17.187
  -6.898 -16.028 -16.295
  -6.894 -16.433 -16.679
  -6.891 -15.972 -16.302
  -6.887 -16.849 -17.005
  -6.884 -16.267 -16.267
  -6.880 -49.500 -49.500
  -6.877 -16.125 -16.628
  -6.873 -49.500     NaN
  -6.870 -16.735 -49.500
  -6.867 -15.801 -16.308
  -6.863 -16.270 -49.500
  -6.860 -16.856 -49.500
  -6.857 -16.436 -16.436
  -6.853 -16.848 -17.064
  -6.850 -16.438 -16.611
  -6.847 -49.500 -49.500
  -6.844 -49.500     NaN
  -6.840 -49.500     NaN
  -6.837 -16.312 -16.536
  -6.834 -15.769 -15.948
  -6.831 -16.096 -16.285
  -6.828 -49.500     NaN
  -6.825 -16.821 -49.500
  -6.822 -15.982 -16.239
  -6.819 -16.665 -17.277
  -6.816 -49.500     NaN
  -6.813 -16.604 -49.500
  -6.810 -49.500     NaN
  -6.807 -16.604 -16.791
  -6.804 -15.265 -49.500
  -6.801 -16.933 -49.500
  -6.798 -16.854 -49.500
  -6.795 -17.144 -49.500
  -6.792 -49.500     NaN
  -6.789 -49.500     NaN
  -6.787 -16.810 -16.810
  -6.784 -49.500     NaN
  -6.781 -15.881 -15.881
  -6.778 -49.500     NaN
  -6.775 -15.965 -16.335
  -6.773 -16.578 -16.953
  -6.770 -16.016 -49.500
  -6.767 -49.500 -49.500
  -6.765 -16.230 -16.691
  -6.762 -49.500     NaN
  -6.759 -16.346 -16.685
  -6.757 -49.500     NaN
  -6.754 -16.977 -49.500
  -6.751 -16.884 -49.500
  -6.749 -49.500     NaN
  -6.746 -49.500 -49.500
  -6.744 -15.988 -49.500
  -6.741 -49.500     NaN
  -6.739 -16.180 -16.661
  -6.736 -49.500 -49.500
  -6.734 -49.500 -49.500
  -6.731 -15.901 -16.327
  -6.729 -16.272 -49.500
  -6.726 -15.888 -49.500
  -6.724 -16.684 -49.500
  -6.721 -49.500 -49.500
  -6.719 -49.500     NaN
  -6.717 -49.500 -49.500
  -6.714 -49.500 -49.500
  -6.712 -16.346 -49.500
  -6.709 -49.500 -49.500
  -6.707 -49.500     NaN
  -6.705 -49.500     NaN
  -6.702 -15.542 -16.813
  -6.700 -16.529 -49.500
  -6.698 -16.498 -17.083
  -6.696 -49.500     NaN
  -6.693 -15.894 -49.500
  -6.691 -16.422 -16.652
  -6.689 -16.504 -16.504
  -6.687 -49.500 -49.500
  -6.684 -49.500 -49.500
  -6.682 -49.500     NaN
  -6.680 -49.500 -49.500
  -6.678 -49.500     NaN
  -6.675 -49.500 -49.500
  -6.673 -49.500 -49.500
  -6.671 -14.643 -49.500
  -6.669 -16.194 -16.194
  -6.667 -49.500 -49.500
  -6.665 -49.500 -49.500
  -6.663 -16.156 -16.415
  -6.661 -49.500     NaN
  -6.658 -49.500 -49.500
  -6.656 -49.500 -49.500
  -6.654 -49.500     NaN
  -6.652 -16.044 -16.044
  -6.650 -49.500 -49.500
  -6.648 -49.500     NaN
  -6.646 -49.500 -49.500
  -6.644 -15.979 -49.500
  -6.642 -49.500 -49.500
  -6.640 -49.500 -49.500
  -6.638 -49.500 -49.500
  -6.636 -16.529 -49.500
  -6.634 -15.982 -15.982
  -6.632 -49.500 -49.500
  -6.630 -49.500     NaN
  -6.628 -49.500 -49.500
  -6.626 -49.500 -49.500
  -6.624 -49.500 -49.500
  -6.622 -16.239 -49.500
  -6.620 -49.500 -49.500
  -6.618 -16.046 -49.500
  -6.617 -16.546 -16.546
  -6.615 -49.500 -49.500
  -6.613 -16.819 -49.500
  -6.611 -16.658 -16.658
  -6.609 -49.500 -49.500
  -6.607 -49.500 -49.500
  -6.605 -49.500 -49.500
  -6.603 -49.500 -49.500
  -6.602 -49.500 -49.500
  -6.600 -16.326 -16.326
  -6.598 -49.500 -49.500
  -6.596 -49.500 -49.500
  -6.594 -49.500 -49.500
