  -8.861 -13.974 -13.974
  -8.599 -14.150 -14.150
  -8.442 -14.065 -14.065
  -8.329 -14.048 -14.351
  -8.239 -14.410 -14.410
  -8.166 -14.336 -14.336
  -8.103 -14.512 -14.512
  -8.048 -14.602 -14.602
  -7.999 -14.595 -14.595
  -7.955 -14.713 -14.713
  -7.916 -14.569 -14.569
  -7.879 -14.675 -14.675
  -7.846 -14.838 -14.838
  -7.815 -14.475 -14.646
  -7.786 -14.494 -14.677
  -7.758 -14.784 -14.784
  -7.733 -14.794 -14.794
  -7.709 -14.738 -14.946
  -7.686 -15.063 -15.063
  -7.664 -14.622 -14.622
  -7.643 -14.745 -14.745
  -7.624 -14.856 -15.038
  -7.605 -14.819 -15.201
  -7.586 -15.016 -15.189
  -7.569 -14.980 -15.213
  -7.552 -15.108 -15.108
  -7.536 -14.998 -14.998
  -7.521 -14.769 -15.143
  -7.506 -15.362 -15.362
  -7.491 -15.056 -15.056
  -7.477 -15.305 -15.466
  -7.464 -15.177 -15.177
  -7.451 -15.291 -15.291
  -7.438 -15.467 -15.467
  -7.425 -15.345 -15.345
  -7.413 -15.288 -15.288
  -7.401 -15.227 -15.227
  -7.390 -15.452 -15.452
  -7.379 -14.793 -15.528
  -7.368 -15.132 -15.132
  -7.357 -15.445 -15.445
  -7.347 -15.312 -15.521
  -7.337 -15.224 -15.471
  -7.327 -15.585 -15.585
  -7.317 -15.608 -15.608
  -7.308 -15.487 -15.686
  -7.299 -15.644 -15.797
  -7.290 -15.805 -15.805
  -7.281 -15.874 -15.874
  -7.272 -14.793 -15.079
  -7.264 -15.892 -15.892
  -7.255 -15.561 -15.777
  -7.247 -15.124 -15.487
  -7.239 -15.583 -15.583
  -7.231 -15.408 -15.684
  -7.223 -15.890 -15.890
  -7.216 -15.043 -15.043
  -7.208 -15.799 -15.799
  -7.201 -15.503 -15.847
  -7.194 -15.486 -16.023
  -7.187 -15.605 -15.881
  -7.180 -15.764 -15.991
  -7.173 -15.812 -15.986
  -7.166 -15.719 -15.938
  -7.159 -15.651 -15.651
  -7.153 -15.953 -15.953
  -7.146 -16.011 -16.011
  -7.140 -15.969 -15.969
  -7.133 -16.110 -16.110
  -7.127 -15.534 -15.715
  -7.121 -16.026 -16.026
  -7.115 -15.725 -16.209
  -7.109 -15.826 -15.826
  -7.103 -15.838 -16.253
  -7.098 -15.832 -16.166
  -7.092 -15.799 -15.979
  -7.086 -15.660 -15.660
  -7.081 -15.986 -16.372
  -7.075 -15.609 -15.787
  -7.070 -16.223 -16.506
  -7.064 -16.185 -16.185
  -7.059 -15.500 -15.998
  -7.054 -15.286 -16.186
  -7.049 -15.523 -15.732
  -7.043 -15.951 -15.951
  -7.038 -16.263 -16.263
  -7.033 -16.444 -16.444
  -7.029 -16.464 -16.464
  -7.024 -15.949 -16.204
  -7.019 -15.127 -15.554
  -7.014 -16.618 -16.839
  -7.009 -15.918 -16.564
  -7.005 -15.325 -15.959
  -7.000 -15.627 -16.091
  -6.995 -15.948 -16.188
  -6.991 -15.391 -15.988
  -6.986 -16.757 -16.757
  -6.982 -16.243 -16.395
  -6.978 -15.589 -16.502
  -6.973 -16.555 -16.712
  -6.969 -16.554 -16.554
  -6.965 -16.285 -16.485
  -6.961 -16.452 -16.605
  -6.956 -15.741 -15.741
  -6.952 -16.774 -49.500
  -6.948 -16.022 -16.675
  -6.944 -16.389 -16.624
  -6.940 -15.550 -16.583
  -6.936 -16.316 -16.601
  -6.932 -16.384 -16.384
  -6.928 -17.081 -49.500
  -6.924 -16.476 -16.476
  -6.920 -15.812 -16.631
  -6.917 -15.845 -15.998
  -6.913 -16.137 -16.350
  -6.909 -16.414 -16.997
  -6.905 -16.899 -49.500
  -6.902 -16.816 -16.974
  -6.898 -15.967 -16.190
  -6.894 -15.902 -16.972
  -6.891 -16.669 -17.114
  -6.887 -16.530 -16.696
  -6.884 -15.057 -16.691
  -6.880 -15.233 -16.646
  -6.877 -16.522 -17.191
  -6.873 -16.955 -49.500
  -6.870 -16.463 -49.500
  -6.867 -16.814 -17.056
  -6.863 -49.500 -49.500
  -6.860 -15.970 -16.257
  -6.857 -16.194 -17.494
  -6.853 -16.616 -16.815
  -6.850 -16.983 -49.500
  -6.847 -16.020 -16.581
  -6.844 -15.441 -49.500
  -6.840 -16.002 -16.223
  -6.837 -16.276 -49.500
  -6.834 -49.500 -49.500
  -6.831 -49.500 -49.500
  -6.828 -16.728 -16.922
  -6.825 -16.032 -16.345
  -6.822 -16.375 -49.500
  -6.819 -49.500 -49.500
  -6.816 -16.237 -16.684
  -6.813 -15.710 -16.008
  -6.810 -16.102 -16.328
  -6.807 -16.642 -49.500
  -6.804 -15.541 -49.500
  -6.801 -15.511 -49.500
  -6.798 -49.500 -49.500
  -6.795 -16.040 -16.970
  -6.792 -15.784 -49.500
  -6.789 -16.837 -49.500
  -6.787 -17.014 -49.500
  -6.784 -49.500 -49.500
  -6.781 -49.500 -49.500
  -6.778 -49.500 -49.500
  -6.775 -16.900 -49.500
  -6.773 -16.317 -16.838
  -6.770 -16.535 -49.500
  -6.767 -49.500 -49.500
  -6.765 -16.537 -49.500
  -6.762 -15.791 -49.500
  -6.759 -16.964 -49.500
  -6.757 -16.445 -16.620
  -6.754 -49.500 -49.500
  -6.751 -49.500 -49.500
  -6.749 -49.500 -49.500
  -6.746 -16.590 -16.847
  -6.744 -16.684 -49.500
  -6.741 -49.500 -49.500
  -6.739 -15.982 -16.233
  -6.736 -49.500 -49.500
  -6.734 -49.500 -49.500
  -6.731 -16.606 -49.500
  -6.729 -16.304 -16.693
  -6.726 -49.500 -49.500
  -6.724 -16.176 -49.500
  -6.721 -49.500 -49.500
  -6.719 -16.881 -49.500
  -6.717 -15.643 -16.774
  -6.714 -49.500 -49.500
  -6.712 -16.991 -49.500
  -6.709 -49.500 -49.500
  -6.707 -16.695 -49.500
  -6.705 -49.500 -49.500
  -6.702 -49.500 -49.500
  -6.700 -49.500 -49.500
  -6.698 -15.416 -49.500
  -6.696 -16.734 -49.500
  -6.693 -49.500 -49.500
  -6.691 -49.500 -49.500
  -6.689 -49.500 -49.500
  -6.687 -16.055 -16.529
  -6.684 -49.500 -49.500
  -6.682 -49.500 -49.500
  -6.680 -49.500 -49.500
  -6.678 -16.741 -49.500
  -6.675 -16.780 -49.500
  -6.673 -16.426 -16.712
  -6.671 -16.263 -49.500
  -6.669 -49.500 -49.500
  -6.667 -49.500 -49.500
  -6.665 -49.500 -49.500
  -6.663 -49.500 -49.500
  -6.661 -49.500 -49.500
  -6.658 -49.500 -49.500
  -6.656 -49.500 -49.500
  -6.654 -49.500 -49.500
  -6.652 -49.500 -49.500
  -6.650 -49.500 -49.500
  -6.648 -49.500 -49.500
  -6.646 -15.263 -49.500
  -6.644 -49.500 -49.500
  -6.642 -49.500 -49.500
  -6.640 -49.500 -49.500
  -6.638 -49.500 -49.500
  -6.636 -15.939 -16.134
  -6.634 -16.595 -49.500
  -6.632 -49.500 -49.500
  -6.630 -16.559 -16.733
  -6.628 -49.500 -49.500
  -6.626 -49.500 -49.500
  -6.624 -49.500 -49.500
  -6.622 -49.500 -49.500
  -6.620 -49.500 -49.500
  -6.618 -16.192 -49.500
  -6.617 -49.500 -49.500
  -6.615 -49.500 -49.500
  -6.613 -49.500 -49.500
  -6.611 -49.500 -49.500
  -6.609 -16.920 -49.500
  -6.607 -49.500 -49.500
  -6.605 -49.500 -49.500
  -6.603 -49.500 -49.500
  -6.602 -49.500 -49.500
  -6.600 -49.500 -49.500
  -6.598 -49.500 -49.500
  -6.596 -49.500 -49.500
  -6.594 -49.500 -49.500
