  -8.861 -13.961 -13.961
  -8.599 -14.117 -14.117
  -8.442 -14.150 -14.150
  -8.329 -14.310 -14.310
  -8.239 -14.420 -14.420
  -8.166 -14.470 -14.470
  -8.103 -14.547 -14.547
  -8.048 -14.464 -14.464
  -7.999 -14.685 -14.685
  -7.955 -14.653 -14.653
  -7.916 -14.654 -14.654
  -7.879 -14.594 -14.594
  -7.846 -14.541 -14.794
  -7.815 -14.764 -14.764
  -7.786 -14.485 -14.800
  -7.758 -14.713 -14.713
  -7.733 -14.915 -14.915
  -7.709 -14.967 -14.967
  -7.686 -14.820 -15.035
  -7.664 -14.716 -14.716
  -7.643 -15.152 -15.152
  -7.624 -15.033 -15.033
  -7.605 -14.578 -15.009
  -7.586 -15.047 -15.348
  -7.569 -14.750 -14.750
  -7.552 -15.027 -15.027
  -7.536 -15.292 -15.292
  -7.521 -15.124 -15.124
  -7.506 -15.105 -15.105
  -7.491 -15.158 -15.158
  -7.477 -15.147 -15.310
  -7.464 -14.830 -15.064
  -7.451 -15.371 -15.371
  -7.438 -14.804 -15.090
  -7.425 -14.961 -15.143
  -7.413 -15.178 -15.178
  -7.401 -14.998 -15.693
  -7.390 -15.163 -15.569
  -7.379 -15.486 -15.486
  -7.368 -15.391 -15.597
  -7.357 -14.971 -15.218
  -7.347 -15.138 -15.415
  -7.337 -14.942 -15.444
  -7.327 -15.428 -15.659
  -7.317 -14.569 -15.268
  -7.308 -15.599 -15.599
  -7.299 -15.535 -15.535
  -7.290 -15.539 -15.539
  -7.281 -14.601 -15.690
  -7.272 -15.444 -15.444
  -7.264 -15.493 -15.493
  -7.255 -15.602 -15.602
  -7.247 -15.845 -15.845
  -7.239 -15.668 -15.668
  -7.231 -15.861 -15.861
  -7.223 -15.934 -15.934
  -7.216 -15.499 -15.499
  -7.208 -15.404 -15.818
  -7.201 -15.832 -16.003
  -7.194 -15.072 -15.326
  -7.187 -14.987 -15.599
  -7.180 -15.444 -15.653
  -7.173 -15.518 -15.735
  -7.166 -16.023 -16.023
  -7.159 -16.011 -16.011
  -7.153 -15.776 -16.060
  -7.146 -16.276 -16.276
  -7.140 -15.592 -15.592
  -7.133 -15.434 -15.774
  -7.127 -15.602 -15.824
  -7.121 -15.994 -16.230
  -7.115 -15.097 -15.494
  -7.109 -15.912 -15.912
  -7.103 -15.636 -16.135
  -7.098 -15.583 -16.106
  -7.092 -15.930 -15.930
  -7.086 -16.122 -16.122
  -7.081 -15.764 -15.996
  -7.075 -16.455 -16.651
  -7.070 -15.382 -15.895
  -7.064 -15.860 -16.122
  -7.059 -16.024 -16.356
  -7.054 -16.416 -16.572
  -7.049 -15.609 -15.878
  -7.043 -16.116 -16.564
  -7.038 -15.987 -16.366
  -7.033 -15.700 -15.700
  -7.029 -16.491 -16.666
  -7.024 -15.685 -16.162
  -7.019 -16.389 -16.389
  -7.014 -15.578 -15.849
  -7.009 -16.527 -16.527
  -7.005 -15.122 -15.542
  -7.000 -16.029 -16.029
  -6.995 -15.301 -15.602
  -6.991 -15.630 -16.052
  -6.986 -15.539 -16.444
  -6.982 -16.200 -16.200
  -6.978 -16.193 -16.630
  -6.973 -16.212 -16.423
  -6.969 -15.838 -16.326
  -6.965 -16.031 -16.031
  -6.961 -16.485 -16.485
  -6.956 -15.942 -16.110
  -6.952 -17.002 -49.500
  -6.948 -15.847 -16.299
  -6.944 -15.964 -16.474
  -6.940 -15.341 -15.649
  -6.936 -16.297 -16.297
  -6.932 -16.196 -49.500
  -6.928 -15.964 -16.131
  -6.924 -16.060 -16.576
  -6.920 -16.158 -16.845
  -6.917 -16.591 -17.166
  -6.913 -16.767 -17.271
  -6.909 -17.293 -22.943
  -6.905 -15.442 -16.152
  -6.902 -15.886 -16.293
  -6.898 -14.795 -16.545
  -6.894 -15.988 -16.873
  -6.891 -16.188 -16.188
  -6.887 -15.970 -16.393
  -6.884 -16.150 -16.490
  -6.880 -17.203 -49.500
  -6.877 -16.139 -16.333
  -6.873 -15.560 -16.412
  -6.870 -15.678 -49.500
  -6.867 -16.980 -49.500
  -6.863 -15.919 -16.267
  -6.860 -16.442 -49.500
  -6.857 -16.807 -17.094
  -6.853 -17.060 -49.500
  -6.850 -15.859 -17.010
  -6.847 -16.993 -49.500
  -6.844 -15.991 -49.500
  -6.840 -15.602 -16.643
  -6.837 -15.510 -49.500
  -6.834 -17.248 -49.500
  -6.831 -16.157 -49.500
  -6.828 -16.498 -17.063
  -6.825 -16.244 -17.023
  -6.822 -16.880 -17.357
  -6.819 -16.783 -17.065
  -6.816 -49.500     NaN
  -6.813 -16.243 -49.500
  -6.810 -15.471 -17.310
  -6.807 -16.558 -17.043
  -6.804 -16.482 -17.160
  -6.801 -16.065 -49.500
  -6.798 -16.069 -49.500
  -6.795 -16.055 -16.261
  -6.792 -16.083 -16.717
  -6.789 -16.428 -16.586
  -6.787 -16.439 -16.842
  -6.784 -49.500 -49.500
  -6.781 -16.682 -49.500
  -6.778 -16.563 -49.500
  -6.775 -49.500     NaN
  -6.773 -16.745 -49.500
  -6.770 -49.500     NaN
  -6.767 -49.500     NaN
  -6.765 -16.208 -16.890
  -6.762 -16.333 -16.623
  -6.759 -17.045 -49.500
  -6.757 -16.396 -16.766
  -6.754 -49.500     NaN
  -6.751 -49.500     NaN
  -6.749 -16.386 -49.500
  -6.746 -49.500     NaN
  -6.744 -49.500     NaN
  -6.741 -49.500     NaN
  -6.739 -16.016 -49.500
  -6.736 -49.500     NaN
  -6.734 -16.685 -49.500
  -6.731 -49.500     NaN
  -6.729 -49.500     NaN
  -6.726 -16.173 -16.915
  -6.724 -16.340 -49.500
  -6.721 -49.500 -49.500
  -6.719 -15.632 -15.632
  -6.717 -49.500 -49.500
  -6.714 -49.500 -49.500
  -6.712 -16.961 -49.500
  -6.709 -16.293 -49.500
  -6.707 -16.013 -16.828
  -6.705 -49.500 -49.500
  -6.702 -16.268 -49.500
  -6.700 -16.879 -49.500
  -6.698 -49.500 -49.500
  -6.696 -49.500     NaN
  -6.693 -49.500     NaN
  -6.691 -16.662 -16.662
  -6.689 -49.500     NaN
  -6.687 -49.500     NaN
  -6.684 -49.500 -49.500
  -6.682 -49.500 -49.500
  -6.680 -49.500     NaN
  -6.678 -16.512 -49.500
  -6.675 -16.517 -49.500
  -6.673 -16.553 -16.553
  -6.671 -15.644 -15.644
  -6.669 -49.500     NaN
  -6.667 -49.500 -49.500
  -6.665 -49.500     NaN
  -6.663 -49.500 -49.500
  -6.661 -49.500     NaN
  -6.658 -49.500 -49.500
  -6.656 -49.500 -49.500
  -6.654 -49.500     NaN
  -6.652 -49.500 -49.500
  -6.650 -49.500     NaN
  -6.648 -49.500 -49.500
  -6.646 -16.099 -16.099
  -6.644 -16.202 -16.202
  -6.642 -49.500 -49.500
  -6.640 -16.239 -49.500
  -6.638 -49.500 -49.500
  -6.636 -49.500 -49.500
  -6.634 -49.500 -49.500
  -6.632 -49.500 -49.500
  -6.630 -49.500 -49.500
  -6.628 -49.500 -49.500
  -6.626 -49.500 -49.500
  -6.624 -49.500 -49.500
  -6.622 -49.500 -49.500
  -6.620 -16.164 -16.164
  -6.618 -16.583 -49.500
  -6.617 -49.500 -49.500
  -6.615 -49.500 -49.500
  -6.613 -49.500 -49.500
  -6.611 -49.500     NaN
  -6.609 -49.500 -49.500
  -6.607 -16.683 -49.500
  -6.605 -49.500 -49.500
  -6.603 -49.500 -49.500
  -6.602 -49.500 -49.500
  -6.600 -49.500 -49.500
  -6.598 -49.500 -49.500
  -6.596 -49.500     NaN
  -6.594 -14.950 -14.950
