  -8.861 -14.002 -14.002
  -8.599 -14.082 -14.082
  -8.442 -14.172 -14.172
  -8.329 -14.284 -14.284
  -8.239 -14.342 -14.342
  -8.166 -14.180 -14.180
  -8.103 -13.957 -14.122
  -8.048 -14.488 -14.488
  -7.999 -14.498 -14.498
  -7.955 -14.588 -14.588
  -7.916 -14.748 -14.748
  -7.879 -14.735 -14.735
  -7.846 -14.604 -14.604
  -7.815 -14.134 -14.369
  -7.786 -14.860 -14.860
  -7.758 -13.880 -14.746
  -7.733 -14.911 -14.911
  -7.709 -14.911 -14.911
  -7.686 -14.846 -14.846
  -7.664 -14.788 -14.979
  -7.643 -14.585 -14.747
  -7.624 -14.959 -14.959
  -7.605 -15.110 -15.110
  -7.586 -15.209 -15.209
  -7.569 -14.824 -14.824
  -7.552 -14.924 -14.924
  -7.536 -15.276 -15.276
  -7.521 -15.357 -15.357
  -7.506 -15.065 -15.310
  -7.491 -15.123 -15.123
  -7.477 -15.151 -15.310
  -7.464 -14.703 -15.195
  -7.451 -15.136 -15.386
  -7.438 -14.957 -15.282
  -7.425 -14.938 -15.366
  -7.413 -15.687 -15.687
  -7.401 -15.086 -15.282
  -7.390 -14.895 -14.895
  -7.379 -15.328 -15.328
  -7.368 -14.840 -15.474
  -7.357 -14.763 -15.141
  -7.347 -15.373 -15.373
  -7.337 -15.151 -15.746
  -7.327 -15.705 -15.705
  -7.317 -15.390 -15.706
  -7.308 -14.986 -15.251
  -7.299 -14.983 -15.258
  -7.290 -15.662 -15.933
  -7.281 -15.559 -15.559
  -7.272 -15.355 -15.589
  -7.264 -15.216 -15.568
  -7.255 -15.578 -15.734
  -7.247 -15.603 -15.603
  -7.239 -15.981 -15.981
  -7.231 -15.735 -15.735
  -7.223 -15.415 -15.678
  -7.216 -14.901 -15.081
  -7.208 -15.732 -15.732
  -7.201 -15.423 -15.586
  -7.194 -15.794 -15.794
  -7.187 -16.034 -16.409
  -7.180 -15.995 -16.156
  -7.173 -15.838 -16.084
  -7.166 -15.603 -15.603
  -7.159 -15.054 -15.696
  -7.153 -16.066 -16.229
  -7.146 -15.357 -15.694
  -7.140 -15.592 -15.795
  -7.133 -15.694 -15.844
  -7.127 -15.332 -15.487
  -7.121 -15.948 -15.948
  -7.115 -15.777 -16.135
  -7.109 -15.909 -16.334
  -7.103 -16.332 -16.332
  -7.098 -15.900 -16.095
  -7.092 -15.996 -15.996
  -7.086 -16.018 -16.018
  -7.081 -15.641 -15.978
  -7.075 -15.915 -15.915
  -7.070 -15.705 -15.705
  -7.064 -15.843 -16.122
  -7.059 -15.930 -16.172
  -7.054 -16.335 -16.335
  -7.049 -15.177 -15.633
  -7.043 -15.015 -15.236
  -7.038 -16.090 -16.341
  -7.033 -16.031 -16.236
  -7.029 -15.890 -16.256
  -7.024 -15.766 -16.364
  -7.019 -15.914 -16.105
  -7.014 -16.033 -16.419
  -7.009 -15.735 -16.551
  -7.005 -16.256 -16.641
  -7.000 -16.058 -16.380
  -6.995 -16.045 -16.230
  -6.991 -15.965 -16.349
  -6.986 -15.692 -16.702
  -6.982 -49.500     NaN
  -6.978 -16.417 -17.007
  -6.973 -16.118 -16.326
  -6.969 -15.312 -15.514
  -6.965 -15.786 -16.533
  -6.961 -16.501 -16.689
  -6.956 -16.089 -16.392
  -6.952 -16.045 -16.704
  -6.948 -16.254 -16.507
  -6.944 -15.868 -17.008
  -6.940 -15.447 -16.445
  -6.936 -16.564 -16.564
  -6.932 -16.147 -16.974
  -6.928 -15.999 -16.329
  -6.924 -16.187 -16.780
  -6.920 -16.020 -16.172
  -6.917 -15.652 -16.057
  -6.913 -15.434 -15.722
  -6.909 -16.189 -16.702
  -6.905 -15.388 -16.166
  -6.902 -15.974 -16.148
  -6.898 -15.484 -15.841
  -6.894 -15.791 -16.059
  -6.891 -16.834 -17.080
  -6.887 -15.529 -16.323
  -6.884 -49.500     NaN
  -6.880 -16.653 -17.179
  -6.877 -17.011 -17.166
  -6.873 -49.500     NaN
  -6.870 -16.182 -16.182
  -6.867 -15.629 -16.487
  -6.863 -16.613 -16.979
  -6.860 -15.600 -16.510
  -6.857 -16.879 -49.500
  -6.853 -16.183 -16.655
  -6.850 -16.769 -17.016
  -6.847 -16.784 -16.949
  -6.844 -14.458 -16.388
  -6.840 -15.824 -49.500
  -6.837 -16.222 -16.710
  -6.834 -16.543 -49.500
  -6.831 -16.270 -17.166
  -6.828 -16.905 -49.500
  -6.825 -15.869 -16.116
  -6.822 -15.364 -16.079
  -6.819 -16.317 -16.629
  -6.816 -16.484 -16.694
  -6.813 -16.894 -49.500
  -6.810 -16.908 -49.500
  -6.807 -49.500     NaN
  -6.804 -16.300 -16.575
  -6.801 -16.364 -16.908
  -6.798 -15.529 -16.090
  -6.795 -16.998 -49.500
  -6.792 -49.500     NaN
  -6.789 -49.500     NaN
  -6.787 -16.563 -49.500
  -6.784 -16.441 -49.500
  -6.781 -16.391 -49.500
  -6.778 -16.544 -16.901
  -6.775 -16.287 -16.287
  -6.773 -16.240 -16.686
  -6.770 -16.647 -49.500
  -6.767 -49.500     NaN
  -6.765 -49.500     NaN
  -6.762 -16.166 -49.500
  -6.759 -16.246 -16.718
  -6.757 -16.491 -16.491
  -6.754 -16.462 -49.500
  -6.751 -16.278 -49.500
  -6.749 -49.500 -49.500
  -6.746 -49.500 -49.500
  -6.744 -49.500     NaN
  -6.741 -16.457 -49.500
  -6.739 -16.847 -49.500
  -6.736 -16.443 -49.500
  -6.734 -49.500 -49.500
  -6.731 -16.319 -49.500
  -6.729 -49.500 -49.500
  -6.726 -16.677 -49.500
  -6.724 -16.515 -49.500
  -6.721 -16.904 -49.500
  -6.719 -16.731 -49.500
  -6.717 -49.500     NaN
  -6.714 -16.864 -49.500
  -6.712 -16.855 -49.500
  -6.709 -16.239 -49.500
  -6.707 -49.500     NaN
  -6.705 -49.500 -49.500
  -6.702 -16.313 -49.500
  -6.700 -49.500 -49.500
  -6.698 -16.807 -49.500
  -6.696 -49.500     NaN
  -6.693 -49.500 -49.500
  -6.691 -49.500 -49.500
  -6.689 -49.500 -49.500
  -6.687 -16.604 -49.500
  -6.684 -16.371 -17.007
  -6.682 -49.500 -49.500
  -6.680 -49.500 -49.500
  -6.678 -49.500 -49.500
  -6.675 -15.879 -49.500
  -6.673 -49.500 -49.500
  -6.671 -49.500 -49.500
  -6.669 -49.500 -49.500
  -6.667 -49.500 -49.500
  -6.665 -49.500 -49.500
  -6.663 -15.966 -15.966
  -6.661 -49.500     NaN
  -6.658 -49.500     NaN
  -6.656 -49.500 -49.500
  -6.654 -16.818 -49.500
  -6.652 -16.251 -16.251
  -6.650 -49.500 -49.500
  -6.648 -49.500 -49.500
  -6.646 -49.500 -49.500
  -6.644 -49.500 -49.500
  -6.642 -49.500 -49.500
  -6.640 -49.500 -49.500
  -6.638 -49.500 -49.500
  -6.636 -49.500 -49.500
  -6.634 -15.587 -49.500
  -6.632 -49.500 -49.500
  -6.630 -49.500     NaN
  -6.628 -49.500 -49.500
  -6.626 -49.500 -49.500
  -6.624 -49.500 -49.500
  -6.622 -49.500 -49.500
  -6.620 -49.500 -49.500
  -6.618 -15.469 -49.500
  -6.617 -16.774 -16.774
  -6.615 -49.500 -49.500
  -6.613 -49.500 -49.500
  -6.611 -49.500 -49.500
  -6.609 -16.524 -49.500
  -6.607 -49.500 -49.500
  -6.605 -49.500 -49.500
  -6.603 -49.500 -49.500
  -6.602 -49.500     NaN
  -6.600 -16.379 -16.379
  -6.598 -49.500 -49.500
  -6.596 -49.500 -49.500
  -6.594 -49.500 -49.500
