  -8.861 -14.001 -14.001
  -8.599 -14.041 -14.041
  -8.442 -14.244 -14.244
  -8.329 -14.018 -14.018
  -8.239 -14.414 -14.414
  -8.166 -14.285 -14.285
  -8.103 -14.247 -14.449
  -8.048 -14.540 -14.540
  -7.999 -14.588 -14.588
  -7.955 -14.553 -14.553
  -7.916 -14.597 -14.597
  -7.879 -14.709 -14.709
  -7.846 -14.735 -14.735
  -7.815 -14.710 -14.957
  -7.786 -14.563 -14.783
  -7.758 -14.785 -14.785
  -7.733 -14.853 -14.853
  -7.709 -15.015 -15.015
  -7.686 -14.784 -15.011
  -7.664 -14.555 -14.976
  -7.643 -14.755 -14.938
  -7.624 -15.148 -15.148
  -7.605 -14.972 -15.248
  -7.586 -14.614 -15.017
  -7.569 -14.872 -15.031
  -7.552 -15.050 -15.050
  -7.536 -15.187 -15.187
  -7.521 -15.031 -15.031
  -7.506 -15.198 -15.198
  -7.491 -14.432 -15.244
  -7.477 -15.092 -15.485
  -7.464 -14.995 -15.154
  -7.451 -15.606 -15.606
  -7.438 -14.449 -15.138
  -7.425 -15.210 -15.210
  -7.413 -15.260 -15.445
  -7.401 -14.788 -14.998
  -7.390 -15.332 -15.332
  -7.379 -15.453 -15.636
  -7.368 -15.487 -15.802
  -7.357 -14.729 -14.935
  -7.347 -14.990 -14.990
  -7.337 -15.510 -15.510
  -7.327 -15.015 -15.435
  -7.317 -15.254 -15.506
  -7.308 -15.286 -15.658
  -7.299 -15.059 -15.228
  -7.290 -15.220 -15.779
  -7.281 -15.656 -15.656
  -7.272 -15.746 -15.746
  -7.264 -15.552 -15.749
  -7.255 -15.790 -15.790
  -7.247 -15.516 -15.516
  -7.239 -15.729 -15.729
  -7.231 -15.440 -15.968
  -7.223 -15.496 -15.654
  -7.216 -15.297 -15.297
  -7.208 -15.683 -15.683
  -7.201 -15.916 -16.097
  -7.194 -15.736 -15.736
  -7.187 -15.579 -16.064
  -7.180 -16.081 -16.252
  -7.173 -15.757 -15.954
  -7.166 -15.791 -16.047
  -7.159 -15.450 -15.867
  -7.153 -15.138 -15.682
  -7.146 -14.507 -16.157
  -7.140 -15.562 -15.721
  -7.133 -16.194 -16.194
  -7.127 -16.035 -16.263
  -7.121 -16.225 -16.437
  -7.115 -14.723 -16.052
  -7.109 -15.929 -15.929
  -7.103 -15.282 -16.066
  -7.098 -16.207 -16.547
  -7.092 -15.115 -15.305
  -7.086 -15.419 -15.717
  -7.081 -16.125 -16.125
  -7.075 -15.956 -15.956
  -7.070 -15.914 -15.914
  -7.064 -15.997 -16.417
  -7.059 -16.209 -16.361
  -7.054 -15.740 -15.740
  -7.049 -15.888 -16.053
  -7.043 -16.278 -16.464
  -7.038 -15.861 -16.323
  -7.033 -15.973 -16.645
  -7.029 -15.515 -15.799
  -7.024 -16.536 -16.536
  -7.019 -15.945 -15.945
  -7.014 -16.126 -16.126
  -7.009 -16.359 -16.359
  -7.005 -16.196 -16.196
  -7.000 -16.823 -17.165
  -6.995 -17.111 -21.664
  -6.991 -15.977 -16.138
  -6.986 -16.125 -16.337
  -6.982 -16.462 -16.722
  -6.978 -16.493 -16.493
  -6.973 -16.327 -16.327
  -6.969 -16.499 -16.499
  -6.965 -16.271 -16.641
  -6.961 -16.181 -16.181
  -6.956 -15.211 -15.633
  -6.952 -15.246 -16.082
  -6.948 -16.135 -16.135
  -6.944 -15.806 -16.644
  -6.940 -15.838 -16.431
  -6.936 -17.473 -22.745
  -6.932 -16.402 -16.802
  -6.928 -15.485 -16.458
  -6.924 -16.405 -16.826
  -6.920 -15.921 -16.086
  -6.917 -16.111 -16.111
  -6.913 -16.227 -16.586
  -6.909 -16.635 -16.852
  -6.905 -16.507 -16.732
  -6.902 -21.906 -21.906
  -6.898 -16.700 -17.195
  -6.894 -16.204 -16.441
  -6.891 -15.633 -16.780
  -6.887 -16.349 -16.527
  -6.884 -16.384 -16.738
  -6.880 -16.161 -49.500
  -6.877 -15.833 -16.123
  -6.873 -49.500     NaN
  -6.870 -16.277 -49.500
  -6.867 -49.500     NaN
  -6.863 -15.796 -16.264
  -6.860 -17.183 -49.500
  -6.857 -15.980 -49.500
  -6.853 -16.402 -16.859
  -6.850 -16.754 -16.754
  -6.847 -15.966 -16.668
  -6.844 -16.325 -16.510
  -6.840 -16.543 -16.749
  -6.837 -49.500     NaN
  -6.834 -15.941 -16.919
  -6.831 -15.724 -16.140
  -6.828 -49.500     NaN
  -6.825 -16.774 -17.110
  -6.822 -49.500     NaN
  -6.819 -16.304 -17.254
  -6.816 -16.244 -16.726
  -6.813 -16.666 -16.986
  -6.810 -16.421 -49.500
  -6.807 -16.828 -49.500
  -6.804 -16.761 -49.500
  -6.801 -16.635 -49.500
  -6.798 -16.752 -49.500
  -6.795 -15.343 -16.181
  -6.792 -49.500     NaN
  -6.789 -16.925 -49.500
  -6.787 -16.289 -16.558
  -6.784 -16.959 -49.500
  -6.781 -49.500     NaN
  -6.778 -16.519 -49.500
  -6.775 -49.500     NaN
  -6.773 -49.500 -49.500
  -6.770 -49.500     NaN
  -6.767 -49.500     NaN
  -6.765 -49.500     NaN
  -6.762 -15.933 -15.933
  -6.759 -15.860 -49.500
  -6.757 -16.798 -17.100
  -6.754 -49.500 -49.500
  -6.751 -49.500     NaN
  -6.749 -15.711 -16.923
  -6.746 -49.500     NaN
  -6.744 -15.572 -15.848
  -6.741 -16.566 -49.500
  -6.739 -16.189 -16.361
  -6.736 -15.490 -49.500
  -6.734 -49.500 -49.500
  -6.731 -49.500     NaN
  -6.729 -49.500 -49.500
  -6.726 -16.233 -49.500
  -6.724 -15.411 -49.500
  -6.721 -14.907 -49.500
  -6.719 -49.500 -49.500
  -6.717 -49.500     NaN
  -6.714 -15.952 -49.500
  -6.712 -49.500     NaN
  -6.709 -49.500 -49.500
  -6.707 -49.500     NaN
  -6.705 -49.500     NaN
  -6.702 -16.480 -16.828
  -6.700 -16.354 -49.500
  -6.698 -49.500 -49.500
  -6.696 -15.426 -16.502
  -6.693 -15.912 -16.585
  -6.691 -16.565 -16.565
  -6.689 -16.543 -16.543
  -6.687 -49.500 -49.500
  -6.684 -49.500     NaN
  -6.682 -16.516 -49.500
  -6.680 -49.500 -49.500
  -6.678 -49.500 -49.500
  -6.675 -49.500     NaN
  -6.673 -49.500     NaN
  -6.671 -49.500 -49.500
  -6.669 -49.500 -49.500
  -6.667 -49.500 -49.500
  -6.665 -49.500 -49.500
  -6.663 -49.500 -49.500
  -6.661 -17.170 -49.500
  -6.658 -49.500 -49.500
  -6.656 -15.788 -15.788
  -6.654 -16.785 -49.500
  -6.652 -49.500 -49.500
  -6.650 -49.500 -49.500
  -6.648 -16.072 -16.072
  -6.646 -49.500     NaN
  -6.644 -49.500 -49.500
  -6.642 -49.500 -49.500
  -6.640 -49.500 -49.500
  -6.638 -49.500 -49.500
  -6.636 -49.500 -49.500
  -6.634 -16.485 -16.485
  -6.632 -49.500 -49.500
  -6.630 -49.500 -49.500
  -6.628 -49.500     NaN
  -6.626 -49.500     NaN
  -6.624 -16.060 -16.674
  -6.622 -49.500 -49.500
  -6.620 -49.500 -49.500
  -6.618 -49.500 -49.500
  -6.617 -15.240 -15.240
  -6.615 -49.500 -49.500
  -6.613 -49.500     NaN
  -6.611 -16.321 -49.500
  -6.609 -49.500 -49.500
  -6.607 -49.500 -49.500
  -6.605 -49.500 -49.500
  -6.603 -49.500 -49.500
  -6.602 -49.500 -49.500
  -6.600 -15.647 -49.500
  -6.598 -49.500 -49.500
  -6.596 -16.447 -16.447
  -6.594 -49.500 -49.500
