  -8.861 -13.945 -13.945
  -8.599 -14.127 -14.127
  -8.442 -14.250 -14.250
  -8.329 -14.327 -14.327
  -8.239 -14.348 -14.348
  -8.166 -14.490 -14.490
  -8.103 -14.406 -14.406
  -8.048 -14.464 -14.464
  -7.999 -14.409 -14.409
  -7.955 -14.607 -14.607
  -7.916 -14.529 -14.529
  -7.879 -14.631 -14.806
  -7.846 -14.769 -14.769
  -7.815 -14.582 -14.753
  -7.786 -14.652 -14.652
  -7.758 -14.766 -14.766
  -7.733 -14.235 -14.697
  -7.709 -14.447 -14.601
  -7.686 -15.030 -15.030
  -7.664 -14.604 -14.871
  -7.643 -14.928 -14.928
  -7.624 -14.804 -15.037
  -7.605 -14.766 -14.766
  -7.586 -15.177 -15.177
  -7.569 -15.000 -15.000
  -7.552 -15.312 -15.312
  -7.536 -14.971 -15.138
  -7.521 -15.287 -15.537
  -7.506 -15.254 -15.254
  -7.491 -15.425 -15.425
  -7.477 -15.064 -15.234
  -7.464 -15.153 -15.153
  -7.451 -14.913 -15.164
  -7.438 -15.660 -15.660
  -7.425 -15.079 -15.249
  -7.413 -15.489 -15.489
  -7.401 -14.874 -15.383
  -7.390 -15.130 -15.130
  -7.379 -15.138 -15.579
  -7.368 -15.225 -15.225
  -7.357 -15.362 -15.362
  -7.347 -15.387 -15.564
  -7.337 -14.949 -15.404
  -7.327 -15.234 -15.487
  -7.317 -14.475 -15.845
  -7.308 -15.180 -15.649
  -7.299 -15.629 -15.629
  -7.290 -15.338 -15.509
  -7.281 -15.170 -15.170
  -7.272 -15.754 -15.754
  -7.264 -15.676 -15.676
  -7.255 -15.929 -15.929
  -7.247 -15.187 -15.522
  -7.239 -15.161 -15.316
  -7.231 -15.761 -16.081
  -7.223 -15.620 -15.620
  -7.216 -15.676 -15.963
  -7.208 -15.995 -15.995
  -7.201 -15.535 -15.711
  -7.194 -15.777 -15.777
  -7.187 -15.634 -15.634
  -7.180 -16.155 -16.366
  -7.173 -15.876 -16.094
  -7.166 -15.843 -15.843
  -7.159 -16.201 -16.201
  -7.153 -15.374 -15.374
  -7.146 -15.397 -15.818
  -7.140 -15.422 -16.067
  -7.133 -15.893 -15.893
  -7.127 -15.288 -15.940
  -7.121 -14.088 -15.941
  -7.115 -15.765 -15.765
  -7.109 -15.988 -15.988
  -7.103 -16.574 -16.574
  -7.098 -15.768 -15.965
  -7.092 -15.521 -16.317
  -7.086 -15.698 -16.066
  -7.081 -15.742 -15.742
  -7.075 -15.640 -16.080
  -7.070 -16.327 -16.327
  -7.064 -16.248 -16.248
  -7.059 -15.322 -16.354
  -7.054 -16.398 -16.677
  -7.049 -16.506 -16.506
  -7.043 -16.694 -16.851
  -7.038 -15.839 -16.024
  -7.033 -15.367 -16.102
  -7.029 -15.166 -16.210
  -7.024 -15.106 -16.349
  -7.019 -16.295 -16.295
  -7.014 -16.161 -16.161
  -7.009 -15.911 -16.157
  -7.005 -16.158 -16.394
  -7.000 -16.042 -16.415
  -6.995 -16.167 -16.600
  -6.991 -16.381 -16.797
  -6.986 -15.990 -15.990
  -6.982 -16.114 -16.505
  -6.978 -16.297 -16.297
  -6.973 -15.343 -16.525
  -6.969 -15.831 -16.207
  -6.965 -16.302 -16.947
  -6.961 -16.430 -16.736
  -6.956 -16.714 -17.026
  -6.952 -15.412 -15.829
  -6.948 -16.718 -17.064
  -6.944 -16.442 -16.706
  -6.940 -15.803 -16.113
  -6.936 -16.531 -16.531
  -6.932 -15.772 -15.955
  -6.928 -15.983 -16.425
  -6.924 -16.555 -16.852
  -6.920 -16.814 -17.322
  -6.917 -16.040 -16.232
  -6.913 -16.559 -16.856
  -6.909 -16.702 -16.702
  -6.905 -16.279 -16.746
  -6.902 -16.290 -16.701
  -6.898 -16.663 -17.176
  -6.894 -16.492 -16.700
  -6.891 -16.446 -16.727
  -6.887 -16.556 -17.079
  -6.884 -16.553 -17.020
  -6.880 -17.328 -49.500
  -6.877 -16.085 -16.273
  -6.873 -15.522 -49.500
  -6.870 -16.604 -16.604
  -6.867 -16.603 -16.893
  -6.863 -16.559 -49.500
  -6.860 -16.692 -17.032
  -6.857 -16.042 -16.504
  -6.853 -49.500 -49.500
  -6.850 -16.135 -17.079
  -6.847 -16.451 -16.700
  -6.844 -49.500 -49.500
  -6.840 -16.019 -16.284
  -6.837 -15.995 -15.995
  -6.834 -16.754 -16.754
  -6.831 -16.167 -49.500
  -6.828 -16.305 -49.500
  -6.825 -49.500     NaN
  -6.822 -49.500     NaN
  -6.819 -16.908 -49.500
  -6.816 -16.407 -49.500
  -6.813 -16.951 -49.500
  -6.810 -16.343 -49.500
  -6.807 -16.249 -16.960
  -6.804 -49.500     NaN
  -6.801 -16.762 -49.500
  -6.798 -16.607 -49.500
  -6.795 -15.771 -49.500
  -6.792 -16.290 -16.513
  -6.789 -49.500     NaN
  -6.787 -16.177 -16.497
  -6.784 -16.167 -16.695
  -6.781 -16.043 -49.500
  -6.778 -16.578 -49.500
  -6.775 -16.177 -16.789
  -6.773 -16.733 -49.500
  -6.770 -49.500     NaN
  -6.767 -16.354 -16.756
  -6.765 -16.675 -49.500
  -6.762 -16.955 -17.205
  -6.759 -15.690 -15.690
  -6.757 -16.358 -49.500
  -6.754 -49.500     NaN
  -6.751 -49.500     NaN
  -6.749 -49.500 -49.500
  -6.746 -49.500     NaN
  -6.744 -16.945 -49.500
  -6.741 -49.500 -49.500
  -6.739 -16.817 -49.500
  -6.736 -49.500     NaN
  -6.734 -49.500     NaN
  -6.731 -49.500     NaN
  -6.729 -17.156 -49.500
  -6.726 -16.947 -49.500
  -6.724 -49.500 -49.500
  -6.721 -17.271 -49.500
  -6.719 -49.500 -49.500
  -6.717 -16.680 -49.500
  -6.714 -16.035 -16.035
  -6.712 -16.576 -49.500
  -6.709 -49.500 -49.500
  -6.707 -49.500 -49.500
  -6.705 -49.500     NaN
  -6.702 -49.500     NaN
  -6.700 -16.866 -16.866
  -6.698 -16.159 -16.437
  -6.696 -14.877 -49.500
  -6.693 -17.011 -17.011
  -6.691 -16.755 -49.500
  -6.689 -49.500     NaN
  -6.687 -16.994 -49.500
  -6.684 -49.500     NaN
  -6.682 -14.703 -14.703
  -6.680 -15.871 -49.500
  -6.678 -49.500 -49.500
  -6.675 -49.500 -49.500
  -6.673 -16.164 -16.164
  -6.671 -49.500     NaN
  -6.669 -16.606 -16.606
  -6.667 -49.500 -49.500
  -6.665 -16.527 -16.527
  -6.663 -49.500     NaN
  -6.661 -49.500     NaN
  -6.658 -15.707 -15.707
  -6.656 -49.500 -49.500
  -6.654 -16.289 -16.289
  -6.652 -17.000 -49.500
  -6.650 -49.500 -49.500
  -6.648 -16.378 -49.500
  -6.646 -49.500     NaN
  -6.644 -49.500 -49.500
  -6.642 -16.539 -16.539
  -6.640 -49.500 -49.500
  -6.638 -15.209 -15.209
  -6.636 -49.500 -49.500
  -6.634 -49.500 -49.500
  -6.632 -49.500 -49.500
  -6.630 -49.500 -49.500
  -6.628 -49.500 -49.500
  -6.626 -49.500 -49.500
  -6.624 -49.500     NaN
  -6.622 -49.500     NaN
  -6.620 -49.500 -49.500
  -6.618 -16.475 -16.475
  -6.617 -49.500 -49.500
  -6.615 -49.500     NaN
  -6.613 -49.500 -49.500
  -6.611 -49.500     NaN
  -6.609 -49.500 -49.500
  -6.607 -49.500 -49.500
  -6.605 -49.500 -49.500
  -6.603 -49.500 -49.500
  -6.602 -15.949 -15.949
  -6.600 -49.500 -49.500
  -6.598 -49.500 -49.500
  -6.596 -15.756 -49.500
  -6.594 -16.522 -49.500
