  -8.861 -13.967 -13.967
  -8.599 -14.113 -14.113
  -8.442 -14.162 -14.162
  -8.329 -14.348 -14.348
  -8.239 -14.357 -14.357
  -8.166 -14.346 -14.346
  -8.103 -14.510 -14.510
  -8.048 -14.533 -14.533
  -7.999 -14.540 -14.540
  -7.955 -14.383 -14.383
  -7.916 -14.759 -14.759
  -7.879 -14.622 -14.622
  -7.846 -14.776 -14.776
  -7.815 -14.782 -14.782
  -7.786 -14.773 -14.773
  -7.758 -14.672 -14.672
  -7.733 -14.742 -14.742
  -7.709 -14.918 -14.918
  -7.686 -15.057 -15.057
  -7.664 -14.756 -15.038
  -7.643 -14.934 -14.934
  -7.624 -15.171 -15.171
  -7.605 -15.001 -15.001
  -7.586 -14.888 -14.888
  -7.569 -15.170 -15.340
  -7.552 -15.094 -15.094
  -7.536 -14.559 -15.325
  -7.521 -15.357 -15.357
  -7.506 -14.962 -14.962
  -7.491 -14.725 -15.292
  -7.477 -15.295 -15.295
  -7.464 -14.986 -15.155
  -7.451 -15.439 -15.439
  -7.438 -15.363 -15.363
  -7.425 -15.326 -15.326
  -7.413 -15.065 -15.293
  -7.401 -15.424 -15.424
  -7.390 -15.520 -15.520
  -7.379 -15.409 -15.563
  -7.368 -15.281 -15.281
  -7.357 -15.620 -15.620
  -7.347 -15.194 -15.662
  -7.337 -15.026 -15.616
  -7.327 -15.778 -15.778
  -7.317 -15.447 -15.447
  -7.308 -15.465 -15.674
  -7.299 -15.505 -15.505
  -7.290 -15.612 -15.612
  -7.281 -15.468 -15.468
  -7.272 -15.655 -15.655
  -7.264 -16.075 -16.075
  -7.255 -15.415 -15.415
  -7.247 -15.687 -16.150
  -7.239 -15.515 -15.798
  -7.231 -15.056 -15.766
  -7.223 -15.717 -15.717
  -7.216 -15.777 -15.777
  -7.208 -15.757 -15.757
  -7.201 -15.962 -16.135
  -7.194 -15.841 -16.166
  -7.187 -15.595 -15.984
  -7.180 -15.778 -15.778
  -7.173 -15.789 -15.789
  -7.166 -15.426 -16.007
  -7.159 -15.360 -15.771
  -7.153 -15.785 -15.785
  -7.146 -15.798 -16.044
  -7.140 -15.547 -15.767
  -7.133 -15.839 -16.157
  -7.127 -15.340 -15.768
  -7.121 -16.024 -16.312
  -7.115 -15.460 -15.460
  -7.109 -15.694 -15.694
  -7.103 -15.645 -15.998
  -7.098 -15.602 -16.079
  -7.092 -15.411 -15.882
  -7.086 -16.253 -16.253
  -7.081 -15.849 -16.008
  -7.075 -15.671 -16.339
  -7.070 -16.097 -16.392
  -7.064 -15.742 -16.021
  -7.059 -16.286 -16.286
  -7.054 -16.013 -16.182
  -7.049 -15.554 -15.769
  -7.043 -16.050 -16.233
  -7.038 -16.212 -16.212
  -7.033 -15.092 -16.043
  -7.029 -15.997 -16.559
  -7.024 -15.872 -15.872
  -7.019 -16.202 -16.365
  -7.014 -16.170 -16.170
  -7.009 -16.150 -16.538
  -7.005 -16.780 -17.017
  -7.000 -15.941 -15.941
  -6.995 -15.911 -16.256
  -6.991 -16.658 -16.658
  -6.986 -16.926 -17.303
  -6.982 -15.789 -16.180
  -6.978 -15.740 -16.261
  -6.973 -14.618 -15.761
  -6.969 -16.401 -16.588
  -6.965 -16.754 -17.021
  -6.961 -15.561 -15.733
  -6.956 -15.965 -16.324
  -6.952 -16.485 -16.677
  -6.948 -16.163 -16.544
  -6.944 -15.852 -15.852
  -6.940 -15.771 -16.015
  -6.936 -16.340 -16.499
  -6.932 -16.614 -16.777
  -6.928 -15.957 -16.521
  -6.924 -17.035 -22.476
  -6.920 -15.054 -16.630
  -6.917 -15.962 -16.629
  -6.913 -16.578 -16.578
  -6.909 -15.847 -16.052
  -6.905 -15.116 -16.677
  -6.902 -16.018 -16.427
  -6.898 -17.072 -49.500
  -6.894 -16.673 -16.971
  -6.891 -16.198 -16.198
  -6.887 -16.636 -16.875
  -6.884 -16.259 -16.559
  -6.880 -49.500     NaN
  -6.877 -15.753 -16.574
  -6.873 -16.304 -16.545
  -6.870 -49.500     NaN
  -6.867 -16.073 -17.172
  -6.863 -16.266 -16.509
  -6.860 -16.509 -16.509
  -6.857 -15.459 -16.093
  -6.853 -49.500     NaN
  -6.850 -15.683 -15.971
  -6.847 -16.801 -17.073
  -6.844 -49.500     NaN
  -6.840 -17.293 -49.500
  -6.837 -16.556 -49.500
  -6.834 -16.517 -16.839
  -6.831 -15.873 -16.877
  -6.828 -16.282 -49.500
  -6.825 -16.360 -49.500
  -6.822 -17.407 -49.500
  -6.819 -49.500     NaN
  -6.816 -16.510 -16.667
  -6.813 -16.564 -49.500
  -6.810 -16.587 -16.818
  -6.807 -16.281 -49.500
  -6.804 -15.997 -49.500
  -6.801 -17.146 -49.500
  -6.798 -16.108 -16.697
  -6.795 -49.500     NaN
  -6.792 -15.293 -17.021
  -6.789 -16.977 -49.500
  -6.787 -16.566 -49.500
  -6.784 -15.975 -16.804
  -6.781 -15.911 -16.346
  -6.778 -49.500     NaN
  -6.775 -16.320 -16.565
  -6.773 -49.500     NaN
  -6.770 -16.248 -16.632
  -6.767 -49.500     NaN
  -6.765 -16.464 -16.872
  -6.762 -16.146 -16.533
  -6.759 -17.071 -49.500
  -6.757 -16.857 -49.500
  -6.754 -16.241 -49.500
  -6.751 -16.609 -49.500
  -6.749 -16.731 -49.500
  -6.746 -49.500     NaN
  -6.744 -49.500     NaN
  -6.741 -16.224 -49.500
  -6.739 -16.891 -17.170
  -6.736 -49.500 -49.500
  -6.734 -16.517 -49.500
  -6.731 -16.619 -49.500
  -6.729 -49.500     NaN
  -6.726 -15.585 -15.585
  -6.724 -16.242 -16.242
  -6.721 -49.500 -49.500
  -6.719 -16.059 -49.500
  -6.717 -16.355 -16.355
  -6.714 -15.976 -49.500
  -6.712 -15.911 -16.304
  -6.709 -49.500     NaN
  -6.707 -16.312 -49.500
  -6.705 -49.500 -49.500
  -6.702 -16.394 -49.500
  -6.700 -49.500 -49.500
  -6.698 -49.500 -49.500
  -6.696 -49.500     NaN
  -6.693 -49.500     NaN
  -6.691 -49.500 -49.500
  -6.689 -16.778 -49.500
  -6.687 -49.500 -49.500
  -6.684 -16.473 -49.500
  -6.682 -49.500     NaN
  -6.680 -49.500 -49.500
  -6.678 -49.500 -49.500
  -6.675 -49.500 -49.500
  -6.673 -49.500 -49.500
  -6.671 -49.500 -49.500
  -6.669 -49.500 -49.500
  -6.667 -15.948 -16.940
  -6.665 -16.047 -49.500
  -6.663 -49.500 -49.500
  -6.661 -49.500 -49.500
  -6.658 -49.500     NaN
  -6.656 -15.974 -15.974
  -6.654 -49.500 -49.500
  -6.652 -49.500 -49.500
  -6.650 -49.500 -49.500
  -6.648 -49.500     NaN
  -6.646 -49.500 -49.500
  -6.644 -16.484 -49.500
  -6.642 -49.500     NaN
  -6.640 -16.231 -49.500
  -6.638 -16.285 -16.285
  -6.636 -15.119 -49.500
  -6.634 -49.500 -49.500
  -6.632 -49.500 -49.500
  -6.630 -49.500 -49.500
  -6.628 -49.500 -49.500
  -6.626 -16.279 -49.500
  -6.624 -16.216 -16.216
  -6.622 -49.500 -49.500
  -6.620 -49.500 -49.500
  -6.618 -15.814 -16.164
  -6.617 -49.500 -49.500
  -6.615 -49.500 -49.500
  -6.613 -49.500 -49.500
  -6.611 -49.500 -49.500
  -6.609 -49.500 -49.500
  -6.607 -49.500 -49.500
  -6.605 -15.978 -15.978
  -6.603 -49.500 -49.500
  -6.602 -49.500 -49.500
  -6.600 -49.500 -49.500
  -6.598 -49.500 -49.500
  -6.596 -49.500 -49.500
  -6.594 -49.500 -49.500
