  -8.861 -13.985 -13.985
  -8.599 -14.008 -14.008
  -8.442 -14.159 -14.159
  -8.329 -14.277 -14.277
  -8.239 -14.379 -14.379
  -8.166 -14.343 -14.343
  -8.103 -14.448 -14.448
  -8.048 -14.484 -14.484
  -7.999 -14.555 -14.555
  -7.955 -14.654 -14.654
  -7.916 -13.617 -14.629
  -7.879 -14.625 -14.625
  -7.846 -14.744 -14.744
  -7.815 -14.626 -14.626
  -7.786 -14.724 -14.724
  -7.758 -14.846 -14.846
  -7.733 -14.549 -14.713
  -7.709 -14.975 -14.975
  -7.686 -14.705 -14.705
  -7.664 -15.059 -15.059
  -7.643 -15.008 -15.008
  -7.624 -14.837 -15.024
  -7.605 -15.129 -15.129
  -7.586 -14.803 -15.095
  -7.569 -14.775 -14.775
  -7.552 -15.260 -15.260
  -7.536 -14.846 -15.206
  -7.521 -14.862 -15.331
  -7.506 -15.182 -15.182
  -7.491 -15.359 -15.359
  -7.477 -15.131 -15.424
  -7.464 -14.416 -15.257
  -7.451 -15.340 -15.340
  -7.438 -15.523 -15.523
  -7.425 -15.434 -15.601
  -7.413 -14.936 -14.936
  -7.401 -14.929 -15.110
  -7.390 -15.471 -15.640
  -7.379 -14.997 -15.443
  -7.368 -15.289 -15.289
  -7.357 -15.017 -15.211
  -7.347 -15.319 -15.319
  -7.337 -15.481 -15.481
  -7.327 -15.479 -15.479
  -7.317 -15.600 -15.847
  -7.308 -15.444 -15.780
  -7.299 -15.051 -15.214
  -7.290 -15.284 -15.284
  -7.281 -15.628 -15.628
  -7.272 -15.816 -16.005
  -7.264 -15.437 -15.971
  -7.255 -15.750 -15.750
  -7.247 -15.548 -15.548
  -7.239 -15.605 -15.973
  -7.231 -15.476 -15.923
  -7.223 -14.744 -15.728
  -7.216 -15.799 -15.799
  -7.208 -15.470 -15.726
  -7.201 -15.431 -15.619
  -7.194 -16.183 -16.183
  -7.187 -15.867 -16.038
  -7.180 -15.990 -16.165
  -7.173 -16.013 -16.013
  -7.166 -15.271 -16.017
  -7.159 -15.308 -15.818
  -7.153 -15.732 -15.732
  -7.146 -15.779 -15.779
  -7.140 -15.775 -16.253
  -7.133 -16.188 -16.188
  -7.127 -15.863 -16.037
  -7.121 -15.559 -15.559
  -7.115 -15.754 -16.255
  -7.109 -16.182 -16.399
  -7.103 -16.054 -16.054
  -7.098 -15.377 -15.892
  -7.092 -15.572 -16.237
  -7.086 -15.784 -16.107
  -7.081 -15.417 -16.318
  -7.075 -15.849 -16.220
  -7.070 -15.312 -15.624
  -7.064 -16.318 -16.318
  -7.059 -15.458 -15.970
  -7.054 -15.707 -16.641
  -7.049 -16.024 -16.024
  -7.043 -14.683 -15.982
  -7.038 -16.177 -16.347
  -7.033 -15.853 -16.076
  -7.029 -16.347 -16.347
  -7.024 -15.902 -16.100
  -7.019 -15.286 -16.404
  -7.014 -15.748 -16.195
  -7.009 -16.155 -22.828
  -7.005 -16.091 -16.091
  -7.000 -15.977 -16.278
  -6.995 -16.673 -16.975
  -6.991 -16.111 -16.111
  -6.986 -16.229 -16.544
  -6.982 -15.370 -16.276
  -6.978 -15.564 -16.169
  -6.973 -15.264 -15.972
  -6.969 -16.314 -16.614
  -6.965 -16.496 -16.858
  -6.961 -15.692 -16.542
  -6.956 -16.508 -16.752
  -6.952 -16.177 -16.447
  -6.948 -15.834 -16.035
  -6.944 -16.230 -16.791
  -6.940 -16.561 -16.561
  -6.936 -15.754 -16.767
  -6.932 -16.617 -16.773
  -6.928 -16.962 -17.274
  -6.924 -16.545 -16.545
  -6.920 -16.448 -16.448
  -6.917 -16.333 -16.686
  -6.913 -16.335 -16.818
  -6.909 -15.814 -17.388
  -6.905 -16.142 -16.439
  -6.902 -16.546 -16.922
  -6.898 -16.824 -17.051
  -6.894 -16.685 -16.879
  -6.891 -16.096 -16.096
  -6.887 -16.287 -16.711
  -6.884 -16.544 -16.786
  -6.880 -16.229 -49.500
  -6.877 -16.499 -16.499
  -6.873 -49.500     NaN
  -6.870 -49.500     NaN
  -6.867 -16.064 -16.327
  -6.863 -16.952 -49.500
  -6.860 -16.268 -16.268
  -6.857 -16.432 -49.500
  -6.853 -17.200 -49.500
  -6.850 -16.437 -16.627
  -6.847 -16.262 -16.420
  -6.844 -16.535 -49.500
  -6.840 -16.099 -16.382
  -6.837 -16.496 -17.002
  -6.834 -16.661 -17.031
  -6.831 -16.575 -16.989
  -6.828 -16.828 -17.362
  -6.825 -16.690 -49.500
  -6.822 -16.307 -16.502
  -6.819 -16.620 -16.876
  -6.816 -49.500     NaN
  -6.813 -49.500     NaN
  -6.810 -16.741 -17.288
  -6.807 -16.402 -16.844
  -6.804 -16.419 -49.500
  -6.801 -17.082 -49.500
  -6.798 -49.500     NaN
  -6.795 -49.500     NaN
  -6.792 -16.956 -49.500
  -6.789 -49.500     NaN
  -6.787 -16.609 -16.909
  -6.784 -16.227 -16.477
  -6.781 -16.634 -49.500
  -6.778 -49.500     NaN
  -6.775 -16.582 -49.500
  -6.773 -49.500     NaN
  -6.770 -49.500     NaN
  -6.767 -16.739 -17.122
  -6.765 -49.500 -49.500
  -6.762 -49.500 -49.500
  -6.759 -15.907 -15.907
  -6.757 -49.500     NaN
  -6.754 -16.665 -16.877
  -6.751 -15.714 -16.933
  -6.749 -16.501 -16.878
  -6.746 -16.853 -49.500
  -6.744 -16.720 -49.500
  -6.741 -16.530 -49.500
  -6.739 -49.500 -49.500
  -6.736 -49.500     NaN
  -6.734 -49.500     NaN
  -6.731 -16.841 -16.841
  -6.729 -15.970 -15.970
  -6.726 -49.500     NaN
  -6.724 -16.787 -16.787
  -6.721 -15.112 -15.112
  -6.719 -15.857 -16.623
  -6.717 -16.367 -16.572
  -6.714 -16.606 -49.500
  -6.712 -49.500 -49.500
  -6.709 -16.568 -49.500
  -6.707 -49.500 -49.500
  -6.705 -17.065 -17.065
  -6.702 -49.500 -49.500
  -6.700 -49.500 -49.500
  -6.698 -49.500 -49.500
  -6.696 -49.500 -49.500
  -6.693 -15.984 -49.500
  -6.691 -49.500 -49.500
  -6.689 -16.716 -49.500
  -6.687 -49.500     NaN
  -6.684 -16.784 -49.500
  -6.682 -16.598 -49.500
  -6.680 -16.061 -49.500
  -6.678 -16.844 -49.500
  -6.675 -16.162 -49.500
  -6.673 -15.882 -49.500
  -6.671 -49.500 -49.500
  -6.669 -49.500 -49.500
  -6.667 -49.500 -49.500
  -6.665 -15.793 -16.825
  -6.663 -49.500     NaN
  -6.661 -16.073 -16.073
  -6.658 -49.500 -49.500
  -6.656 -49.500 -49.500
  -6.654 -49.500 -49.500
  -6.652 -49.500 -49.500
  -6.650 -49.500 -49.500
  -6.648 -49.500     NaN
  -6.646 -49.500     NaN
  -6.644 -16.545 -49.500
  -6.642 -49.500 -49.500
  -6.640 -49.500 -49.500
  -6.638 -15.995 -15.995
  -6.636 -16.425 -16.425
  -6.634 -49.500 -49.500
  -6.632 -49.500     NaN
  -6.630 -49.500 -49.500
  -6.628 -16.628 -16.628
  -6.626 -49.500 -49.500
  -6.624 -49.500 -49.500
  -6.622 -49.500 -49.500
  -6.620 -16.440 -49.500
  -6.618 -49.500 -49.500
  -6.617 -49.500 -49.500
  -6.615 -49.500 -49.500
  -6.613 -49.500 -49.500
  -6.611 -49.500     NaN
  -6.609 -49.500 -49.500
  -6.607 -15.694 -49.500
  -6.605 -49.500 -49.500
  -6.603 -49.500 -49.500
  -6.602 -49.500     NaN
  -6.600 -49.500 -49.500
  -6.598 -49.500 -49.500
  -6.596 -16.716 -16.716
  -6.594 -49.500 -49.500
