  -8.861 -13.974 -13.974
  -8.599 -14.111 -14.111
  -8.442 -14.232 -14.232
  -8.329 -14.338 -14.338
  -8.239 -14.378 -14.378
  -8.166 -14.422 -14.422
  -8.103 -14.449 -14.449
  -8.048 -14.505 -14.505
  -7.999 -14.530 -14.530
  -7.955 -14.546 -14.546
  -7.916 -14.388 -14.573
  -7.879 -14.692 -14.692
  -7.846 -14.792 -14.792
  -7.815 -14.587 -14.799
  -7.786 -14.152 -14.689
  -7.758 -14.897 -14.897
  -7.733 -14.736 -14.904
  -7.709 -14.404 -14.905
  -7.686 -15.092 -15.092
  -7.664 -14.595 -14.776
  -7.643 -14.807 -14.807
  -7.624 -15.198 -15.198
  -7.605 -15.189 -15.189
  -7.586 -15.167 -15.167
  -7.569 -14.929 -15.174
  -7.552 -15.028 -15.187
  -7.536 -14.484 -14.963
  -7.521 -15.107 -15.107
  -7.506 -15.101 -15.101
  -7.491 -14.641 -15.499
  -7.477 -15.111 -15.312
  -7.464 -14.650 -15.067
  -7.451 -15.530 -15.530
  -7.438 -15.113 -15.113
  -7.425 -15.007 -15.386
  -7.413 -15.213 -15.374
  -7.401 -15.377 -15.649
  -7.390 -15.525 -15.525
  -7.379 -15.549 -15.703
  -7.368 -15.203 -15.723
  -7.357 -15.477 -15.477
  -7.347 -15.226 -15.410
  -7.337 -15.509 -15.684
  -7.327 -15.726 -15.726
  -7.317 -15.303 -15.467
  -7.308 -14.851 -15.587
  -7.299 -15.413 -15.749
  -7.290 -15.322 -15.526
  -7.281 -15.268 -15.268
  -7.272 -15.935 -15.935
  -7.264 -15.558 -15.558
  -7.255 -15.873 -15.873
  -7.247 -14.857 -15.371
  -7.239 -14.951 -15.433
  -7.231 -15.587 -15.754
  -7.223 -15.032 -15.325
  -7.216 -15.309 -15.495
  -7.208 -15.498 -15.498
  -7.201 -15.484 -15.484
  -7.194 -16.032 -16.032
  -7.187 -15.340 -15.882
  -7.180 -15.173 -15.980
  -7.173 -15.588 -15.820
  -7.166 -14.343 -15.310
  -7.159 -16.055 -16.327
  -7.153 -15.597 -15.870
  -7.146 -15.585 -15.585
  -7.140 -15.830 -15.830
  -7.133 -15.786 -16.046
  -7.127 -15.965 -16.251
  -7.121 -15.828 -15.828
  -7.115 -15.572 -15.572
  -7.109 -16.089 -16.089
  -7.103 -15.488 -15.687
  -7.098 -15.602 -15.869
  -7.092 -15.986 -16.218
  -7.086 -15.219 -15.794
  -7.081 -15.893 -15.893
  -7.075 -16.144 -16.879
  -7.070 -15.904 -15.904
  -7.064 -15.859 -16.027
  -7.059 -15.934 -15.934
  -7.054 -16.042 -16.287
  -7.049 -15.609 -15.958
  -7.043 -14.963 -15.375
  -7.038 -16.433 -16.690
  -7.033 -15.616 -16.365
  -7.029 -16.202 -16.202
  -7.024 -16.235 -16.235
  -7.019 -15.703 -16.357
  -7.014 -16.065 -16.065
  -7.009 -16.368 -16.368
  -7.005 -16.318 -16.623
  -7.000 -15.687 -16.565
  -6.995 -16.138 -16.356
  -6.991 -16.279 -16.768
  -6.986 -16.120 -16.536
  -6.982 -15.484 -16.405
  -6.978 -15.944 -16.215
  -6.973 -16.431 -16.855
  -6.969 -16.439 -16.439
  -6.965 -16.635 -16.635
  -6.961 -16.443 -17.129
  -6.956 -16.117 -16.343
  -6.952 -16.740 -22.496
  -6.948 -16.707 -16.707
  -6.944 -16.123 -16.123
  -6.940 -16.488 -16.949
  -6.936 -16.158 -16.158
  -6.932 -15.796 -49.500
  -6.928 -16.186 -16.359
  -6.924 -16.932 -22.579
  -6.920 -16.495 -16.751
  -6.917 -16.398 -16.571
  -6.913 -16.890 -49.500
  -6.909 -16.807 -49.500
  -6.905 -16.535 -23.333
  -6.902 -15.347 -16.696
  -6.898 -16.159 -17.031
  -6.894 -16.491 -16.810
  -6.891 -14.882 -16.919
  -6.887 -16.123 -49.500
  -6.884 -15.521 -16.587
  -6.880 -16.315 -16.486
  -6.877 -16.670 -17.047
  -6.873 -49.500     NaN
  -6.870 -16.856 -17.190
  -6.867 -16.581 -49.500
  -6.863 -16.741 -17.313
  -6.860 -16.688 -49.500
  -6.857 -49.500     NaN
  -6.853 -16.535 -16.945
  -6.850 -15.644 -16.712
  -6.847 -16.118 -17.001
  -6.844 -49.500     NaN
  -6.840 -16.309 -16.714
  -6.837 -15.786 -16.406
  -6.834 -15.338 -16.761
  -6.831 -16.406 -16.650
  -6.828 -16.310 -16.492
  -6.825 -16.195 -16.368
  -6.822 -49.500     NaN
  -6.819 -16.267 -17.011
  -6.816 -17.169 -49.500
  -6.813 -16.177 -16.561
  -6.810 -15.882 -49.500
  -6.807 -16.834 -49.500
  -6.804 -16.995 -49.500
  -6.801 -16.578 -16.809
  -6.798 -16.337 -16.749
  -6.795 -16.699 -49.500
  -6.792 -16.863 -17.140
  -6.789 -49.500     NaN
  -6.787 -16.355 -16.745
  -6.784 -16.994 -49.500
  -6.781 -49.500     NaN
  -6.778 -49.500     NaN
  -6.775 -49.500 -49.500
  -6.773 -16.659 -49.500
  -6.770 -16.825 -49.500
  -6.767 -15.109 -16.480
  -6.765 -15.800 -16.446
  -6.762 -16.497 -49.500
  -6.759 -49.500     NaN
  -6.757 -16.366 -16.628
  -6.754 -49.500 -49.500
  -6.751 -17.157 -49.500
  -6.749 -49.500 -49.500
  -6.746 -49.500     NaN
  -6.744 -16.625 -16.863
  -6.741 -16.248 -49.500
  -6.739 -49.500     NaN
  -6.736 -49.500     NaN
  -6.734 -17.010 -49.500
  -6.731 -49.500     NaN
  -6.729 -16.286 -16.286
  -6.726 -15.349 -15.349
  -6.724 -16.808 -17.002
  -6.721 -49.500 -49.500
  -6.719 -16.746 -49.500
  -6.717 -16.140 -49.500
  -6.714 -17.002 -17.002
  -6.712 -16.332 -16.332
  -6.709 -49.500 -49.500
  -6.707 -49.500     NaN
  -6.705 -16.311 -49.500
  -6.702 -16.274 -49.500
  -6.700 -49.500 -49.500
  -6.698 -49.500 -49.500
  -6.696 -49.500     NaN
  -6.693 -16.567 -16.567
  -6.691 -16.159 -49.500
  -6.689 -49.500 -49.500
  -6.687 -49.500     NaN
  -6.684 -49.500 -49.500
  -6.682 -16.978 -49.500
  -6.680 -49.500 -49.500
  -6.678 -49.500 -49.500
  -6.675 -16.483 -16.483
  -6.673 -49.500 -49.500
  -6.671 -49.500     NaN
  -6.669 -49.500 -49.500
  -6.667 -49.500     NaN
  -6.665 -49.500 -49.500
  -6.663 -49.500 -49.500
  -6.661 -49.500     NaN
  -6.658 -49.500 -49.500
  -6.656 -49.500     NaN
  -6.654 -49.500 -49.500
  -6.652 -16.396 -16.396
  -6.650 -16.378 -49.500
  -6.648 -49.500 -49.500
  -6.646 -49.500 -49.500
  -6.644 -49.500 -49.500
  -6.642 -49.500     NaN
  -6.640 -49.500 -49.500
  -6.638 -16.100 -16.100
  -6.636 -49.500     NaN
  -6.634 -15.889 -15.889
  -6.632 -49.500 -49.500
  -6.630 -49.500 -49.500
  -6.628 -49.500     NaN
  -6.626 -49.500 -49.500
  -6.624 -16.319 -16.319
  -6.622 -49.500 -49.500
  -6.620 -49.500 -49.500
  -6.618 -49.500 -49.500
  -6.617 -49.500 -49.500
  -6.615 -15.942 -15.942
  -6.613 -49.500 -49.500
  -6.611 -49.500 -49.500
  -6.609 -49.500     NaN
  -6.607 -49.500 -49.500
  -6.605 -17.073 -49.500
  -6.603 -49.500 -49.500
  -6.602 -16.164 -16.164
  -6.600 -16.520 -16.520
  -6.598 -49.500     NaN
  -6.596 -49.500     NaN
  -6.594 -15.523 -49.500
