  -8.861 -13.984 -13.984
  -8.599 -14.107 -14.107
  -8.442 -14.163 -14.163
  -8.329 -14.343 -14.343
  -8.239 -14.335 -14.335
  -8.166 -14.151 -14.151
  -8.103 -14.413 -14.413
  -8.048 -14.138 -14.535
  -7.999 -14.555 -14.555
  -7.955 -14.617 -14.617
  -7.916 -14.685 -14.685
  -7.879 -14.634 -14.634
  -7.846 -14.595 -14.776
  -7.815 -14.778 -14.778
  -7.786 -14.897 -14.897
  -7.758 -14.786 -14.786
  -7.733 -14.670 -14.948
  -7.709 -14.867 -14.867
  -7.686 -14.698 -14.879
  -7.664 -14.969 -14.969
  -7.643 -15.052 -15.052
  -7.624 -14.971 -14.971
  -7.605 -14.886 -14.886
  -7.586 -15.324 -15.324
  -7.569 -15.209 -15.209
  -7.552 -14.891 -15.090
  -7.536 -15.281 -15.281
  -7.521 -14.976 -14.976
  -7.506 -15.389 -15.389
  -7.491 -15.240 -15.240
  -7.477 -15.282 -15.282
  -7.464 -15.392 -15.392
  -7.451 -15.490 -15.490
  -7.438 -15.461 -15.461
  -7.425 -15.454 -15.454
  -7.413 -15.067 -15.456
  -7.401 -15.541 -15.541
  -7.390 -14.903 -15.454
  -7.379 -14.895 -15.168
  -7.368 -14.957 -15.537
  -7.357 -15.729 -15.729
  -7.347 -15.045 -15.797
  -7.337 -15.272 -15.473
  -7.327 -14.999 -15.526
  -7.317 -14.980 -15.369
  -7.308 -15.100 -15.531
  -7.299 -15.901 -15.901
  -7.290 -15.419 -15.419
  -7.281 -15.328 -16.102
  -7.272 -15.596 -15.792
  -7.264 -15.521 -15.521
  -7.255 -15.137 -15.610
  -7.247 -15.651 -15.651
  -7.239 -15.085 -15.565
  -7.231 -15.894 -15.894
  -7.223 -15.560 -15.560
  -7.216 -15.260 -15.465
  -7.208 -16.008 -16.008
  -7.201 -16.000 -16.000
  -7.194 -16.001 -16.001
  -7.187 -15.500 -15.500
  -7.180 -15.470 -15.470
  -7.173 -15.556 -15.556
  -7.166 -16.218 -16.218
  -7.159 -14.914 -16.209
  -7.153 -15.441 -15.966
  -7.146 -15.994 -15.994
  -7.140 -15.972 -15.972
  -7.133 -15.366 -15.961
  -7.127 -15.647 -16.063
  -7.121 -16.036 -16.036
  -7.115 -15.732 -16.293
  -7.109 -16.041 -16.041
  -7.103 -15.657 -16.006
  -7.098 -16.085 -16.361
  -7.092 -15.776 -16.159
  -7.086 -15.740 -16.300
  -7.081 -15.919 -15.919
  -7.075 -16.173 -16.173
  -7.070 -15.455 -15.455
  -7.064 -15.948 -15.948
  -7.059 -15.993 -15.993
  -7.054 -16.422 -16.422
  -7.049 -15.791 -15.791
  -7.043 -16.160 -16.160
  -7.038 -15.413 -16.292
  -7.033 -16.116 -16.474
  -7.029 -16.510 -16.510
  -7.024 -15.998 -16.221
  -7.019 -16.616 -16.616
  -7.014 -15.734 -16.436
  -7.009 -16.101 -16.452
  -7.005 -16.600 -16.600
  -7.000 -16.000 -16.000
  -6.995 -15.631 -15.851
  -6.991 -16.198 -16.541
  -6.986 -16.357 -16.940
  -6.982 -16.187 -16.516
  -6.978 -15.685 -15.841
  -6.973 -15.868 -16.397
  -6.969 -15.857 -16.148
  -6.965 -16.134 -16.303
  -6.961 -14.771 -16.388
  -6.956 -16.127 -16.361
  -6.952 -16.477 -16.885
  -6.948 -16.197 -16.631
  -6.944 -16.205 -16.450
  -6.940 -16.068 -16.316
  -6.936 -16.535 -16.755
  -6.932 -15.720 -16.124
  -6.928 -16.464 -16.771
  -6.924 -16.522 -16.880
  -6.920 -16.156 -16.452
  -6.917 -16.456 -17.197
  -6.913 -16.413 -16.413
  -6.909 -16.150 -16.403
  -6.905 -15.820 -16.635
  -6.902 -16.645 -16.990
  -6.898 -16.822 -49.500
  -6.894 -17.037 -17.300
  -6.891 -15.880 -16.771
  -6.887 -49.500 -49.500
  -6.884 -14.806 -16.668
  -6.880 -15.997 -16.487
  -6.877 -17.371 -49.500
  -6.873 -16.166 -16.166
  -6.870 -16.362 -49.500
  -6.867 -16.035 -17.057
  -6.863 -15.096 -16.651
  -6.860 -16.437 -16.934
  -6.857 -15.953 -16.342
  -6.853 -15.909 -16.395
  -6.850 -49.500     NaN
  -6.847 -17.174 -49.500
  -6.844 -16.982 -49.500
  -6.840 -16.418 -16.767
  -6.837 -15.712 -16.671
  -6.834 -17.074 -49.500
  -6.831 -15.885 -17.069
  -6.828 -15.869 -16.482
  -6.825 -16.275 -16.733
  -6.822 -16.380 -16.557
  -6.819 -17.382 -49.500
  -6.816 -16.115 -16.438
  -6.813 -49.500     NaN
  -6.810 -16.712 -49.500
  -6.807 -16.726 -16.726
  -6.804 -49.500     NaN
  -6.801 -49.500     NaN
  -6.798 -15.478 -16.985
  -6.795 -16.760 -49.500
  -6.792 -16.109 -49.500
  -6.789 -15.540 -16.377
  -6.787 -49.500     NaN
  -6.784 -16.079 -16.924
  -6.781 -16.197 -49.500
  -6.778 -15.661 -49.500
  -6.775 -16.330 -49.500
  -6.773 -15.462 -15.975
  -6.770 -15.687 -16.666
  -6.767 -49.500     NaN
  -6.765 -49.500     NaN
  -6.762 -16.193 -16.526
  -6.759 -49.500 -49.500
  -6.757 -16.519 -16.519
  -6.754 -49.500     NaN
  -6.751 -16.136 -49.500
  -6.749 -49.500 -49.500
  -6.746 -49.500     NaN
  -6.744 -49.500     NaN
  -6.741 -16.576 -16.740
  -6.739 -49.500     NaN
  -6.736 -49.500     NaN
  -6.734 -16.786 -16.786
  -6.731 -16.799 -49.500
  -6.729 -15.914 -16.413
  -6.726 -49.500     NaN
  -6.724 -16.505 -49.500
  -6.721 -49.500     NaN
  -6.719 -16.448 -16.448
  -6.717 -49.500     NaN
  -6.714 -49.500 -49.500
  -6.712 -16.838 -16.838
  -6.709 -49.500     NaN
  -6.707 -49.500     NaN
  -6.705 -49.500 -49.500
  -6.702 -15.564 -15.564
  -6.700 -16.588 -49.500
  -6.698 -49.500 -49.500
  -6.696 -16.458 -49.500
  -6.693 -16.215 -49.500
  -6.691 -49.500 -49.500
  -6.689 -49.500 -49.500
  -6.687 -49.500 -49.500
  -6.684 -16.214 -16.964
  -6.682 -16.677 -49.500
  -6.680 -16.448 -49.500
  -6.678 -17.083 -49.500
  -6.675 -49.500 -49.500
  -6.673 -49.500 -49.500
  -6.671 -49.500     NaN
  -6.669 -49.500 -49.500
  -6.667 -49.500 -49.500
  -6.665 -16.416 -16.416
  -6.663 -16.204 -16.441
  -6.661 -49.500 -49.500
  -6.658 -49.500 -49.500
  -6.656 -49.500 -49.500
  -6.654 -16.266 -16.266
  -6.652 -16.421 -49.500
  -6.650 -49.500     NaN
  -6.648 -49.500 -49.500
  -6.646 -49.500 -49.500
  -6.644 -49.500 -49.500
  -6.642 -49.500 -49.500
  -6.640 -16.088 -16.088
  -6.638 -16.479 -49.500
  -6.636 -49.500 -49.500
  -6.634 -49.500 -49.500
  -6.632 -49.500     NaN
  -6.630 -49.500 -49.500
  -6.628 -49.500     NaN
  -6.626 -49.500 -49.500
  -6.624 -49.500 -49.500
  -6.622 -49.500 -49.500
  -6.620 -49.500 -49.500
  -6.618 -49.500 -49.500
  -6.617 -49.500 -49.500
  -6.615 -49.500 -49.500
  -6.613 -49.500 -49.500
  -6.611 -49.500 -49.500
  -6.609 -49.500     NaN
  -6.607 -49.500 -49.500
  -6.605 -49.500     NaN
  -6.603 -14.750 -14.750
  -6.602 -49.500 -49.500
  -6.600 -49.500     NaN
  -6.598 -49.500 -49.500
  -6.596 -49.500 -49.500
  -6.594 -49.500 -49.500
