  -8.861 -13.996 -13.996
  -8.599 -14.053 -14.053
  -8.442 -14.182 -14.182
  -8.329 -14.296 -14.296
  -8.239 -14.389 -14.389
  -8.166 -14.337 -14.337
  -8.103 -14.540 -14.540
  -8.048 -14.460 -14.460
  -7.999 -14.515 -14.690
  -7.955 -14.509 -14.683
  -7.916 -14.620 -14.620
  -7.879 -14.675 -14.675
  -7.846 -14.749 -14.749
  -7.815 -14.820 -14.820
  -7.786 -14.756 -14.950
  -7.758 -14.295 -14.918
  -7.733 -14.926 -14.926
  -7.709 -14.736 -15.066
  -7.686 -14.811 -14.811
  -7.664 -15.141 -15.141
  -7.643 -14.807 -14.807
  -7.624 -14.816 -15.311
  -7.605 -15.091 -15.091
  -7.586 -14.465 -14.904
  -7.569 -15.174 -15.174
  -7.552 -15.091 -15.091
  -7.536 -14.632 -14.994
  -7.521 -15.276 -15.276
  -7.506 -14.872 -15.089
  -7.491 -15.348 -15.348
  -7.477 -15.001 -15.160
  -7.464 -15.221 -15.221
  -7.451 -15.560 -15.560
  -7.438 -15.340 -15.340
  -7.425 -15.345 -15.345
  -7.413 -15.213 -15.619
  -7.401 -15.596 -15.596
  -7.390 -15.477 -15.477
  -7.379 -15.459 -15.459
  -7.368 -15.272 -15.609
  -7.357 -15.329 -15.329
  -7.347 -15.701 -15.701
  -7.337 -15.458 -15.458
  -7.327 -15.427 -15.427
  -7.317 -15.315 -15.574
  -7.308 -15.751 -15.751
  -7.299 -15.080 -15.310
  -7.290 -15.268 -15.716
  -7.281 -15.577 -15.738
  -7.272 -15.711 -15.711
  -7.264 -15.629 -15.629
  -7.255 -15.620 -16.029
  -7.247 -15.351 -15.351
  -7.239 -15.265 -15.601
  -7.231 -15.849 -15.849
  -7.223 -15.457 -15.875
  -7.216 -15.719 -15.719
  -7.208 -15.954 -15.954
  -7.201 -15.621 -15.806
  -7.194 -15.983 -15.983
  -7.187 -15.343 -15.862
  -7.180 -15.417 -15.859
  -7.173 -15.507 -15.507
  -7.166 -16.061 -16.061
  -7.159 -15.185 -15.801
  -7.153 -15.132 -16.207
  -7.146 -15.528 -15.920
  -7.140 -15.696 -15.696
  -7.133 -15.818 -15.974
  -7.127 -15.657 -16.179
  -7.121 -15.903 -16.143
  -7.115 -15.453 -15.829
  -7.109 -16.101 -16.101
  -7.103 -16.092 -16.344
  -7.098 -15.946 -16.399
  -7.092 -15.657 -15.955
  -7.086 -15.771 -16.497
  -7.081 -15.816 -16.040
  -7.075 -16.215 -16.215
  -7.070 -15.710 -15.710
  -7.064 -16.265 -16.265
  -7.059 -15.973 -16.127
  -7.054 -16.241 -16.241
  -7.049 -16.217 -16.458
  -7.043 -16.121 -16.121
  -7.038 -16.335 -16.574
  -7.033 -15.627 -16.414
  -7.029 -15.102 -16.239
  -7.024 -15.554 -16.380
  -7.019 -16.198 -16.198
  -7.014 -15.408 -16.450
  -7.009 -15.918 -17.448
  -7.005 -15.316 -16.106
  -7.000 -16.063 -16.063
  -6.995 -16.137 -16.137
  -6.991 -17.015 -17.268
  -6.986 -16.052 -16.357
  -6.982 -16.225 -16.561
  -6.978 -16.235 -16.463
  -6.973 -16.492 -16.492
  -6.969 -16.523 -16.523
  -6.965 -15.656 -15.656
  -6.961 -15.511 -16.456
  -6.956 -16.194 -16.463
  -6.952 -16.163 -16.317
  -6.948 -16.328 -16.328
  -6.944 -16.298 -16.586
  -6.940 -15.773 -15.934
  -6.936 -16.271 -16.271
  -6.932 -16.481 -16.775
  -6.928 -16.098 -16.465
  -6.924 -16.310 -16.310
  -6.920 -17.158 -17.396
  -6.917 -16.534 -16.857
  -6.913 -16.192 -16.192
  -6.909 -16.070 -16.313
  -6.905 -16.114 -16.514
  -6.902 -15.968 -16.490
  -6.898 -16.068 -16.319
  -6.894 -16.110 -16.816
  -6.891 -15.959 -16.962
  -6.887 -16.413 -17.047
  -6.884 -49.500     NaN
  -6.880 -15.909 -16.558
  -6.877 -16.495 -16.656
  -6.873 -16.596 -16.759
  -6.870 -15.702 -16.411
  -6.867 -16.671 -16.671
  -6.863 -16.457 -16.457
  -6.860 -16.278 -49.500
  -6.857 -16.104 -16.269
  -6.853 -16.734 -16.929
  -6.850 -15.930 -16.628
  -6.847 -16.171 -16.368
  -6.844 -16.676 -49.500
  -6.840 -15.272 -16.008
  -6.837 -17.006 -49.500
  -6.834 -16.038 -49.500
  -6.831 -16.590 -49.500
  -6.828 -49.500 -49.500
  -6.825 -15.211 -16.246
  -6.822 -16.315 -16.698
  -6.819 -16.752 -49.500
  -6.816 -16.368 -49.500
  -6.813 -16.235 -16.409
  -6.810 -16.046 -16.681
  -6.807 -16.852 -49.500
  -6.804 -16.978 -49.500
  -6.801 -49.500     NaN
  -6.798 -16.630 -49.500
  -6.795 -49.500     NaN
  -6.792 -17.109 -49.500
  -6.789 -17.083 -49.500
  -6.787 -16.090 -49.500
  -6.784 -16.767 -49.500
  -6.781 -49.500     NaN
  -6.778 -16.558 -16.712
  -6.775 -14.700 -16.087
  -6.773 -16.422 -49.500
  -6.770 -49.500 -49.500
  -6.767 -16.302 -16.557
  -6.765 -49.500     NaN
  -6.762 -49.500     NaN
  -6.759 -16.451 -16.936
  -6.757 -16.671 -49.500
  -6.754 -49.500     NaN
  -6.751 -49.500 -49.500
  -6.749 -16.371 -16.532
  -6.746 -49.500     NaN
  -6.744 -16.034 -49.500
  -6.741 -49.500     NaN
  -6.739 -16.240 -49.500
  -6.736 -49.500 -49.500
  -6.734 -49.500 -49.500
  -6.731 -16.071 -49.500
  -6.729 -49.500 -49.500
  -6.726 -49.500 -49.500
  -6.724 -17.087 -49.500
  -6.721 -49.500 -49.500
  -6.719 -16.489 -17.025
  -6.717 -49.500     NaN
  -6.714 -49.500     NaN
  -6.712 -16.356 -49.500
  -6.709 -15.735 -49.500
  -6.707 -15.104 -15.104
  -6.705 -49.500 -49.500
  -6.702 -16.171 -49.500
  -6.700 -49.500     NaN
  -6.698 -16.303 -16.689
  -6.696 -49.500     NaN
  -6.693 -49.500 -49.500
  -6.691 -16.069 -16.069
  -6.689 -49.500     NaN
  -6.687 -16.578 -49.500
  -6.684 -49.500 -49.500
  -6.682 -49.500 -49.500
  -6.680 -49.500     NaN
  -6.678 -14.514 -14.514
  -6.675 -49.500 -49.500
  -6.673 -49.500 -49.500
  -6.671 -16.340 -16.340
  -6.669 -16.121 -16.761
  -6.667 -49.500     NaN
  -6.665 -16.285 -49.500
  -6.663 -49.500     NaN
  -6.661 -49.500 -49.500
  -6.658 -16.428 -49.500
  -6.656 -49.500 -49.500
  -6.654 -49.500 -49.500
  -6.652 -49.500 -49.500
  -6.650 -49.500 -49.500
  -6.648 -16.867 -49.500
  -6.646 -49.500 -49.500
  -6.644 -16.662 -16.662
  -6.642 -49.500 -49.500
  -6.640 -16.386 -16.386
  -6.638 -16.499 -49.500
  -6.636 -49.500     NaN
  -6.634 -49.500     NaN
  -6.632 -16.546 -49.500
  -6.630 -49.500     NaN
  -6.628 -49.500 -49.500
  -6.626 -49.500     NaN
  -6.624 -49.500 -49.500
  -6.622 -49.500 -49.500
  -6.620 -49.500 -49.500
  -6.618 -49.500 -49.500
  -6.617 -49.500 -49.500
  -6.615 -49.500 -49.500
  -6.613 -49.500 -49.500
  -6.611 -49.500 -49.500
  -6.609 -49.500 -49.500
  -6.607 -49.500 -49.500
  -6.605 -49.500     NaN
  -6.603 -49.500 -49.500
  -6.602 -49.500 -49.500
  -6.600 -16.380 -49.500
  -6.598 -49.500 -49.500
  -6.596 -16.324 -16.324
  -6.594 -15.171 -15.171
