  -8.861 -13.895 -13.895
  -8.599 -14.145 -14.145
  -8.442 -14.204 -14.204
  -8.329 -14.279 -14.279
  -8.239 -14.400 -14.400
  -8.166 -14.437 -14.437
  -8.103 -14.516 -14.516
  -8.048 -14.416 -14.416
  -7.999 -14.538 -14.538
  -7.955 -14.546 -14.546
  -7.916 -14.554 -14.554
  -7.879 -14.558 -14.714
  -7.846 -14.643 -14.817
  -7.815 -14.917 -14.917
  -7.786 -14.795 -14.795
  -7.758 -14.671 -14.907
  -7.733 -14.818 -14.818
  -7.709 -14.828 -14.828
  -7.686 -14.848 -14.848
  -7.664 -15.084 -15.084
  -7.643 -14.635 -15.048
  -7.624 -14.875 -15.076
  -7.605 -15.236 -15.236
  -7.586 -14.882 -14.882
  -7.569 -14.979 -15.147
  -7.552 -14.608 -14.894
  -7.536 -14.631 -15.053
  -7.521 -15.216 -15.216
  -7.506 -14.827 -15.210
  -7.491 -15.453 -15.453
  -7.477 -15.079 -15.398
  -7.464 -14.628 -14.795
  -7.451 -15.212 -15.519
  -7.438 -15.407 -15.407
  -7.425 -14.936 -14.936
  -7.413 -15.322 -15.604
  -7.401 -14.161 -15.416
  -7.390 -15.004 -15.538
  -7.379 -15.159 -15.338
  -7.368 -15.375 -15.568
  -7.357 -15.721 -15.721
  -7.347 -15.296 -15.447
  -7.337 -15.208 -15.208
  -7.327 -15.864 -15.864
  -7.317 -14.973 -15.496
  -7.308 -14.760 -15.107
  -7.299 -15.419 -15.770
  -7.290 -15.011 -15.849
  -7.281 -15.062 -15.711
  -7.272 -15.403 -15.403
  -7.264 -15.697 -15.697
  -7.255 -15.458 -15.832
  -7.247 -15.489 -15.489
  -7.239 -15.661 -15.661
  -7.231 -15.141 -15.391
  -7.223 -15.813 -15.813
  -7.216 -15.145 -15.777
  -7.208 -15.624 -15.624
  -7.201 -15.402 -15.569
  -7.194 -15.763 -15.763
  -7.187 -15.835 -16.043
  -7.180 -15.556 -15.844
  -7.173 -15.502 -15.656
  -7.166 -15.943 -15.943
  -7.159 -15.331 -15.513
  -7.153 -16.026 -16.026
  -7.146 -15.885 -16.170
  -7.140 -15.550 -15.824
  -7.133 -16.445 -16.445
  -7.127 -15.904 -15.904
  -7.121 -15.725 -15.725
  -7.115 -15.181 -15.341
  -7.109 -15.156 -15.646
  -7.103 -15.524 -16.003
  -7.098 -15.596 -15.984
  -7.092 -15.801 -16.175
  -7.086 -15.485 -15.732
  -7.081 -16.106 -16.106
  -7.075 -16.186 -16.186
  -7.070 -15.692 -16.290
  -7.064 -15.985 -16.143
  -7.059 -15.683 -15.683
  -7.054 -15.754 -16.499
  -7.049 -16.359 -16.359
  -7.043 -16.297 -16.297
  -7.038 -16.079 -16.246
  -7.033 -15.797 -16.299
  -7.029 -16.259 -16.649
  -7.024 -16.158 -16.158
  -7.019 -16.307 -16.554
  -7.014 -16.216 -16.763
  -7.009 -16.414 -16.678
  -7.005 -16.199 -16.464
  -7.000 -15.533 -16.645
  -6.995 -15.652 -15.982
  -6.991 -16.173 -16.396
  -6.986 -16.011 -16.292
  -6.982 -16.283 -16.639
  -6.978 -15.697 -16.607
  -6.973 -16.490 -16.490
  -6.969 -16.040 -16.316
  -6.965 -16.200 -16.809
  -6.961 -16.498 -17.068
  -6.956 -16.596 -16.827
  -6.952 -15.458 -16.383
  -6.948 -15.561 -16.107
  -6.944 -16.317 -22.641
  -6.940 -16.544 -16.762
  -6.936 -16.134 -16.584
  -6.932 -16.159 -16.616
  -6.928 -15.815 -16.748
  -6.924 -16.289 -16.613
  -6.920 -16.354 -16.529
  -6.917 -16.326 -16.490
  -6.913 -16.534 -17.167
  -6.909 -16.618 -16.618
  -6.905 -17.104 -22.289
  -6.902 -21.830 -21.830
  -6.898 -15.901 -16.372
  -6.894 -15.939 -16.833
  -6.891 -15.276 -15.527
  -6.887 -15.733 -16.592
  -6.884 -15.659 -16.295
  -6.880 -16.318 -16.476
  -6.877 -16.031 -16.275
  -6.873 -15.906 -16.397
  -6.870 -16.676 -49.500
  -6.867 -17.181 -49.500
  -6.863 -16.844 -49.500
  -6.860 -17.195 -49.500
  -6.857 -16.388 -16.388
  -6.853 -15.475 -16.387
  -6.850 -16.546 -49.500
  -6.847 -16.961 -49.500
  -6.844 -14.923 -16.701
  -6.840 -16.083 -16.429
  -6.837 -16.527 -49.500
  -6.834 -16.885 -49.500
  -6.831 -15.625 -16.023
  -6.828 -15.220 -49.500
  -6.825 -16.358 -16.915
  -6.822 -17.063 -49.500
  -6.819 -16.272 -49.500
  -6.816 -16.051 -17.033
  -6.813 -16.409 -16.619
  -6.810 -16.764 -49.500
  -6.807 -17.161 -49.500
  -6.804 -49.500     NaN
  -6.801 -16.685 -17.207
  -6.798 -16.116 -49.500
  -6.795 -49.500 -49.500
  -6.792 -49.500     NaN
  -6.789 -16.885 -49.500
  -6.787 -49.500     NaN
  -6.784 -15.650 -15.818
  -6.781 -16.794 -49.500
  -6.778 -49.500     NaN
  -6.775 -16.334 -16.672
  -6.773 -49.500     NaN
  -6.770 -49.500     NaN
  -6.767 -16.214 -49.500
  -6.765 -16.599 -17.112
  -6.762 -16.377 -49.500
  -6.759 -16.282 -16.282
  -6.757 -16.569 -16.768
  -6.754 -49.500     NaN
  -6.751 -15.995 -16.624
  -6.749 -16.583 -49.500
  -6.746 -15.842 -49.500
  -6.744 -49.500 -49.500
  -6.741 -16.057 -16.905
  -6.739 -49.500     NaN
  -6.736 -49.500 -49.500
  -6.734 -49.500 -49.500
  -6.731 -49.500 -49.500
  -6.729 -49.500     NaN
  -6.726 -16.549 -16.549
  -6.724 -16.608 -49.500
  -6.721 -15.947 -16.155
  -6.719 -49.500 -49.500
  -6.717 -16.492 -49.500
  -6.714 -49.500 -49.500
  -6.712 -49.500     NaN
  -6.709 -49.500 -49.500
  -6.707 -16.510 -49.500
  -6.705 -16.512 -49.500
  -6.702 -16.653 -49.500
  -6.700 -16.759 -49.500
  -6.698 -49.500 -49.500
  -6.696 -16.599 -49.500
  -6.693 -49.500     NaN
  -6.691 -49.500 -49.500
  -6.689 -49.500 -49.500
  -6.687 -49.500 -49.500
  -6.684 -49.500 -49.500
  -6.682 -49.500 -49.500
  -6.680 -49.500 -49.500
  -6.678 -49.500 -49.500
  -6.675 -16.137 -49.500
  -6.673 -49.500 -49.500
  -6.671 -49.500 -49.500
  -6.669 -16.044 -16.044
  -6.667 -49.500 -49.500
  -6.665 -15.821 -49.500
  -6.663 -49.500 -49.500
  -6.661 -49.500     NaN
  -6.658 -49.500 -49.500
  -6.656 -49.500     NaN
  -6.654 -49.500 -49.500
  -6.652 -49.500     NaN
  -6.650 -49.500 -49.500
  -6.648 -16.093 -16.093
  -6.646 -16.086 -49.500
  -6.644 -16.381 -49.500
  -6.642 -49.500 -49.500
  -6.640 -49.500 -49.500
  -6.638 -49.500 -49.500
  -6.636 -49.500 -49.500
  -6.634 -49.500 -49.500
  -6.632 -49.500     NaN
  -6.630 -49.500     NaN
  -6.628 -49.500 -49.500
  -6.626 -49.500 -49.500
  -6.624 -49.500 -49.500
  -6.622 -49.500 -49.500
  -6.620 -49.500 -49.500
  -6.618 -49.500     NaN
  -6.617 -49.500 -49.500
  -6.615 -49.500     NaN
  -6.613 -49.500 -49.500
  -6.611 -49.500 -49.500
  -6.609 -16.549 -16.549
  -6.607 -15.727 -15.727
  -6.605 -16.029 -49.500
  -6.603 -49.500 -49.500
  -6.602 -15.936 -15.936
  -6.600 -15.614 -49.500
  -6.598 -49.500 -49.500
  -6.596 -49.500 -49.500
  -6.594 -16.653 -49.500
