  -8.861 -13.991 -13.991
  -8.599 -14.129 -14.129
  -8.442 -14.189 -14.189
  -8.329 -14.303 -14.303
  -8.239 -14.274 -14.274
  -8.166 -14.425 -14.425
  -8.103 -14.379 -14.379
  -8.048 -14.257 -14.497
  -7.999 -14.718 -14.718
  -7.955 -14.655 -14.655
  -7.916 -14.647 -14.647
  -7.879 -14.407 -14.707
  -7.846 -14.561 -14.561
  -7.815 -14.427 -14.752
  -7.786 -14.831 -14.831
  -7.758 -14.821 -15.047
  -7.733 -14.678 -14.678
  -7.709 -14.994 -14.994
  -7.686 -14.917 -15.124
  -7.664 -14.865 -14.865
  -7.643 -14.948 -14.948
  -7.624 -15.008 -15.008
  -7.605 -15.015 -15.216
  -7.586 -14.774 -14.774
  -7.569 -15.166 -15.166
  -7.552 -15.058 -15.058
  -7.536 -15.058 -15.256
  -7.521 -15.043 -15.043
  -7.506 -15.311 -15.311
  -7.491 -15.293 -15.293
  -7.477 -15.246 -15.246
  -7.464 -15.350 -15.350
  -7.451 -15.092 -15.248
  -7.438 -15.346 -15.346
  -7.425 -15.347 -15.347
  -7.413 -15.447 -15.668
  -7.401 -15.586 -15.586
  -7.390 -15.444 -15.444
  -7.379 -15.203 -15.203
  -7.368 -15.343 -15.657
  -7.357 -15.639 -15.639
  -7.347 -15.549 -15.549
  -7.337 -15.202 -15.510
  -7.327 -14.791 -15.646
  -7.317 -15.033 -15.772
  -7.308 -15.506 -15.506
  -7.299 -15.840 -15.840
  -7.290 -15.741 -15.902
  -7.281 -14.924 -15.156
  -7.272 -15.108 -15.108
  -7.264 -15.291 -15.291
  -7.255 -14.900 -15.762
  -7.247 -15.680 -15.680
  -7.239 -15.418 -15.418
  -7.231 -16.059 -16.059
  -7.223 -15.882 -15.882
  -7.216 -15.897 -15.897
  -7.208 -15.785 -15.785
  -7.201 -15.950 -16.131
  -7.194 -16.054 -16.054
  -7.187 -15.892 -15.892
  -7.180 -15.320 -15.320
  -7.173 -15.620 -15.869
  -7.166 -15.146 -15.498
  -7.159 -14.812 -16.174
  -7.153 -15.901 -15.901
  -7.146 -15.946 -15.946
  -7.140 -16.047 -16.047
  -7.133 -15.849 -15.849
  -7.127 -15.537 -15.818
  -7.121 -16.046 -16.046
  -7.115 -16.236 -16.236
  -7.109 -15.868 -15.868
  -7.103 -15.933 -16.185
  -7.098 -15.417 -16.007
  -7.092 -15.955 -16.303
  -7.086 -16.037 -16.037
  -7.081 -15.872 -16.271
  -7.075 -16.518 -16.518
  -7.070 -16.243 -16.243
  -7.064 -15.660 -15.847
  -7.059 -16.035 -16.223
  -7.054 -16.419 -16.968
  -7.049 -15.063 -15.565
  -7.043 -16.251 -16.404
  -7.038 -16.548 -16.713
  -7.033 -16.069 -16.069
  -7.029 -16.481 -16.920
  -7.024 -15.854 -16.071
  -7.019 -16.153 -16.363
  -7.014 -16.055 -16.308
  -7.009 -16.093 -16.370
  -7.005 -16.599 -16.893
  -7.000 -16.515 -16.515
  -6.995 -16.191 -16.448
  -6.991 -16.359 -17.088
  -6.986 -16.287 -16.473
  -6.982 -16.467 -16.467
  -6.978 -15.453 -15.932
  -6.973 -16.881 -16.881
  -6.969 -16.162 -16.162
  -6.965 -15.708 -15.942
  -6.961 -15.381 -15.673
  -6.956 -15.652 -15.652
  -6.952 -15.637 -16.282
  -6.948 -15.809 -16.291
  -6.944 -16.265 -16.265
  -6.940 -15.694 -16.856
  -6.936 -16.713 -49.500
  -6.932 -15.958 -15.958
  -6.928 -17.217 -22.152
  -6.924 -16.066 -16.996
  -6.920 -15.856 -16.211
  -6.917 -16.084 -16.477
  -6.913 -16.185 -16.653
  -6.909 -17.080 -49.500
  -6.905 -16.220 -16.563
  -6.902 -16.586 -17.065
  -6.898 -16.655 -16.655
  -6.894 -16.087 -16.620
  -6.891 -16.135 -16.867
  -6.887 -16.251 -16.448
  -6.884 -16.723 -16.723
  -6.880 -15.982 -16.723
  -6.877 -15.830 -16.023
  -6.873 -49.500     NaN
  -6.870 -16.282 -16.945
  -6.867 -16.241 -16.671
  -6.863 -17.063 -49.500
  -6.860 -15.981 -15.981
  -6.857 -16.492 -16.815
  -6.853 -16.119 -16.305
  -6.850 -16.563 -49.500
  -6.847 -16.629 -17.090
  -6.844 -16.131 -16.302
  -6.840 -16.826 -49.500
  -6.837 -16.336 -17.117
  -6.834 -15.440 -17.043
  -6.831 -16.729 -49.500
  -6.828 -16.205 -49.500
  -6.825 -16.243 -16.666
  -6.822 -15.591 -15.776
  -6.819 -16.372 -16.576
  -6.816 -16.481 -49.500
  -6.813 -15.306 -16.148
  -6.810 -16.752 -17.042
  -6.807 -16.995 -49.500
  -6.804 -16.788 -49.500
  -6.801 -16.905 -49.500
  -6.798 -17.468 -49.500
  -6.795 -17.185 -49.500
  -6.792 -49.500     NaN
  -6.789 -16.594 -49.500
  -6.787 -16.294 -49.500
  -6.784 -49.500     NaN
  -6.781 -16.491 -49.500
  -6.778 -49.500 -49.500
  -6.775 -16.385 -16.555
  -6.773 -16.708 -16.946
  -6.770 -49.500     NaN
  -6.767 -16.492 -49.500
  -6.765 -16.029 -49.500
  -6.762 -49.500     NaN
  -6.759 -15.804 -49.500
  -6.757 -16.174 -16.543
  -6.754 -16.524 -49.500
  -6.751 -16.927 -49.500
  -6.749 -16.489 -16.913
  -6.746 -49.500     NaN
  -6.744 -49.500     NaN
  -6.741 -49.500     NaN
  -6.739 -49.500 -49.500
  -6.736 -49.500 -49.500
  -6.734 -14.374 -49.500
  -6.731 -49.500     NaN
  -6.729 -16.661 -16.661
  -6.726 -16.572 -49.500
  -6.724 -14.912 -49.500
  -6.721 -49.500     NaN
  -6.719 -16.134 -16.134
  -6.717 -49.500     NaN
  -6.714 -49.500     NaN
  -6.712 -49.500 -49.500
  -6.709 -49.500     NaN
  -6.707 -49.500 -49.500
  -6.705 -49.500 -49.500
  -6.702 -49.500 -49.500
  -6.700 -49.500 -49.500
  -6.698 -15.697 -15.697
  -6.696 -16.401 -16.679
  -6.693 -16.206 -16.206
  -6.691 -49.500 -49.500
  -6.689 -49.500 -49.500
  -6.687 -16.792 -49.500
  -6.684 -16.926 -49.500
  -6.682 -49.500     NaN
  -6.680 -49.500     NaN
  -6.678 -49.500 -49.500
  -6.675 -49.500 -49.500
  -6.673 -49.500 -49.500
  -6.671 -16.820 -49.500
  -6.669 -49.500 -49.500
  -6.667 -49.500     NaN
  -6.665 -16.339 -49.500
  -6.663 -49.500 -49.500
  -6.661 -16.847 -49.500
  -6.658 -49.500 -49.500
  -6.656 -49.500 -49.500
  -6.654 -49.500     NaN
  -6.652 -49.500     NaN
  -6.650 -49.500 -49.500
  -6.648 -49.500 -49.500
  -6.646 -49.500 -49.500
  -6.644 -16.720 -16.720
  -6.642 -49.500 -49.500
  -6.640 -15.647 -15.647
  -6.638 -49.500 -49.500
  -6.636 -49.500     NaN
  -6.634 -49.500 -49.500
  -6.632 -16.241 -16.618
  -6.630 -49.500 -49.500
  -6.628 -15.892 -15.892
  -6.626 -49.500 -49.500
  -6.624 -49.500 -49.500
  -6.622 -49.500     NaN
  -6.620 -16.161 -16.161
  -6.618 -49.500 -49.500
  -6.617 -49.500 -49.500
  -6.615 -49.500 -49.500
  -6.613 -16.273 -16.429
  -6.611 -49.500 -49.500
  -6.609 -49.500     NaN
  -6.607 -49.500 -49.500
  -6.605 -49.500     NaN
  -6.603 -49.500 -49.500
  -6.602 -49.500 -49.500
  -6.600 -49.500 -49.500
  -6.598 -16.364 -16.364
  -6.596 -16.593 -16.593
  -6.594 -49.500 -49.500
