  -8.861 -13.976 -13.976
  -8.599 -14.099 -14.099
  -8.442 -14.241 -14.241
  -8.329 -14.258 -14.258
  -8.239 -14.183 -14.183
  -8.166 -14.245 -14.245
  -8.103 -14.398 -14.398
  -8.048 -14.490 -14.490
  -7.999 -14.554 -14.554
  -7.955 -14.644 -14.644
  -7.916 -14.737 -14.737
  -7.879 -14.748 -14.748
  -7.846 -14.806 -14.806
  -7.815 -14.622 -14.774
  -7.786 -14.797 -14.797
  -7.758 -14.947 -14.947
  -7.733 -14.789 -14.789
  -7.709 -14.908 -14.908
  -7.686 -15.103 -15.103
  -7.664 -15.129 -15.129
  -7.643 -15.065 -15.220
  -7.624 -15.064 -15.064
  -7.605 -15.183 -15.183
  -7.586 -15.054 -15.054
  -7.569 -15.108 -15.108
  -7.552 -15.164 -15.164
  -7.536 -15.350 -15.350
  -7.521 -15.243 -15.243
  -7.506 -14.777 -15.238
  -7.491 -15.073 -15.356
  -7.477 -15.092 -15.483
  -7.464 -14.951 -15.277
  -7.451 -15.506 -15.506
  -7.438 -15.068 -15.317
  -7.425 -15.469 -15.469
  -7.413 -15.428 -15.428
  -7.401 -15.803 -15.803
  -7.390 -15.482 -15.482
  -7.379 -15.489 -15.489
  -7.368 -15.083 -15.083
  -7.357 -15.660 -15.660
  -7.347 -15.392 -15.392
  -7.337 -15.447 -15.813
  -7.327 -15.304 -15.580
  -7.317 -15.420 -15.769
  -7.308 -15.454 -15.769
  -7.299 -15.574 -15.574
  -7.290 -15.669 -15.832
  -7.281 -15.821 -16.008
  -7.272 -15.811 -15.811
  -7.264 -15.404 -15.684
  -7.255 -15.440 -15.792
  -7.247 -15.928 -15.928
  -7.239 -14.864 -15.017
  -7.231 -15.931 -15.931
  -7.223 -15.504 -15.504
  -7.216 -15.572 -15.572
  -7.208 -14.950 -15.492
  -7.201 -15.804 -15.804
  -7.194 -15.763 -15.763
  -7.187 -15.828 -15.828
  -7.180 -15.421 -15.587
  -7.173 -15.831 -15.831
  -7.166 -14.866 -15.349
  -7.159 -15.821 -15.989
  -7.153 -15.659 -15.813
  -7.146 -16.095 -16.095
  -7.140 -15.548 -16.015
  -7.133 -15.893 -16.112
  -7.127 -16.007 -16.007
  -7.121 -15.932 -15.932
  -7.115 -15.793 -15.968
  -7.109 -15.661 -15.661
  -7.103 -15.547 -15.547
  -7.098 -16.259 -16.259
  -7.092 -15.567 -15.930
  -7.086 -16.320 -16.320
  -7.081 -16.050 -16.293
  -7.075 -15.541 -15.790
  -7.070 -15.826 -16.070
  -7.064 -16.594 -16.594
  -7.059 -15.733 -15.733
  -7.054 -15.958 -16.180
  -7.049 -15.460 -16.150
  -7.043 -16.282 -16.282
  -7.038 -16.131 -16.343
  -7.033 -16.382 -16.538
  -7.029 -16.183 -16.183
  -7.024 -16.142 -16.394
  -7.019 -16.138 -16.409
  -7.014 -15.743 -15.935
  -7.009 -15.486 -15.965
  -7.005 -15.460 -15.765
  -7.000 -15.725 -15.965
  -6.995 -16.022 -16.719
  -6.991 -16.224 -16.454
  -6.986 -16.511 -16.849
  -6.982 -16.156 -16.156
  -6.978 -16.317 -16.317
  -6.973 -16.400 -16.619
  -6.969 -16.156 -16.328
  -6.965 -15.258 -16.225
  -6.961 -16.280 -16.280
  -6.956 -16.430 -16.640
  -6.952 -16.052 -16.312
  -6.948 -16.090 -16.090
  -6.944 -16.648 -16.913
  -6.940 -16.413 -16.605
  -6.936 -16.311 -16.771
  -6.932 -16.735 -16.735
  -6.928 -16.396 -49.500
  -6.924 -16.329 -16.505
  -6.920 -16.223 -16.223
  -6.917 -16.373 -17.115
  -6.913 -15.823 -16.909
  -6.909 -16.275 -16.554
  -6.905 -15.834 -16.143
  -6.902 -15.755 -16.419
  -6.898 -16.364 -16.555
  -6.894 -15.837 -16.057
  -6.891 -16.645 -16.823
  -6.887 -16.548 -16.854
  -6.884 -16.842 -49.500
  -6.880 -16.229 -49.500
  -6.877 -15.961 -16.204
  -6.873 -49.500     NaN
  -6.870 -16.484 -16.742
  -6.867 -16.471 -17.112
  -6.863 -17.266 -49.500
  -6.860 -16.387 -16.786
  -6.857 -16.434 -16.726
  -6.853 -16.642 -16.822
  -6.850 -16.267 -16.536
  -6.847 -15.751 -16.860
  -6.844 -16.009 -16.525
  -6.840 -15.994 -49.500
  -6.837 -16.680 -49.500
  -6.834 -15.823 -16.489
  -6.831 -16.088 -16.377
  -6.828 -16.677 -49.500
  -6.825 -15.921 -16.339
  -6.822 -16.287 -16.446
  -6.819 -16.425 -16.597
  -6.816 -15.857 -16.142
  -6.813 -16.058 -16.729
  -6.810 -15.677 -17.029
  -6.807 -16.901 -49.500
  -6.804 -17.131 -17.319
  -6.801 -49.500     NaN
  -6.798 -16.164 -16.439
  -6.795 -16.546 -49.500
  -6.792 -16.158 -16.935
  -6.789 -14.501 -49.500
  -6.787 -15.984 -16.890
  -6.784 -16.338 -49.500
  -6.781 -16.329 -49.500
  -6.778 -49.500     NaN
  -6.775 -15.981 -17.097
  -6.773 -49.500     NaN
  -6.770 -16.713 -49.500
  -6.767 -16.144 -49.500
  -6.765 -16.755 -16.958
  -6.762 -49.500     NaN
  -6.759 -14.987 -49.500
  -6.757 -49.500     NaN
  -6.754 -49.500 -49.500
  -6.751 -16.849 -49.500
  -6.749 -14.387 -49.500
  -6.746 -49.500     NaN
  -6.744 -49.500     NaN
  -6.741 -49.500     NaN
  -6.739 -17.046 -49.500
  -6.736 -15.772 -15.772
  -6.734 -49.500     NaN
  -6.731 -16.966 -49.500
  -6.729 -49.500 -49.500
  -6.726 -49.500     NaN
  -6.724 -16.027 -16.828
  -6.721 -49.500     NaN
  -6.719 -17.306 -49.500
  -6.717 -49.500 -49.500
  -6.714 -49.500     NaN
  -6.712 -49.500     NaN
  -6.709 -16.293 -49.500
  -6.707 -49.500     NaN
  -6.705 -16.313 -16.313
  -6.702 -15.982 -16.579
  -6.700 -49.500 -49.500
  -6.698 -49.500     NaN
  -6.696 -16.365 -49.500
  -6.693 -49.500 -49.500
  -6.691 -49.500 -49.500
  -6.689 -49.500 -49.500
  -6.687 -49.500 -49.500
  -6.684 -49.500     NaN
  -6.682 -49.500 -49.500
  -6.680 -16.363 -49.500
  -6.678 -49.500 -49.500
  -6.675 -49.500 -49.500
  -6.673 -49.500     NaN
  -6.671 -49.500 -49.500
  -6.669 -49.500 -49.500
  -6.667 -49.500 -49.500
  -6.665 -49.500 -49.500
  -6.663 -16.426 -49.500
  -6.661 -49.500 -49.500
  -6.658 -49.500 -49.500
  -6.656 -49.500 -49.500
  -6.654 -49.500     NaN
  -6.652 -49.500 -49.500
  -6.650 -49.500 -49.500
  -6.648 -49.500     NaN
  -6.646 -16.674 -16.674
  -6.644 -16.285 -16.285
  -6.642 -16.343 -16.343
  -6.640 -16.513 -49.500
  -6.638 -49.500 -49.500
  -6.636 -49.500 -49.500
  -6.634 -16.792 -49.500
  -6.632 -49.500 -49.500
  -6.630 -49.500     NaN
  -6.628 -49.500 -49.500
  -6.626 -49.500 -49.500
  -6.624 -49.500     NaN
  -6.622 -15.901 -15.901
  -6.620 -49.500     NaN
  -6.618 -49.500 -49.500
  -6.617 -16.030 -16.030
  -6.615 -49.500 -49.500
  -6.613 -49.500 -49.500
  -6.611 -49.500 -49.500
  -6.609 -16.283 -16.283
  -6.607 -16.722 -49.500
  -6.605 -49.500 -49.500
  -6.603 -49.500 -49.500
  -6.602 -49.500 -49.500
  -6.600 -49.500 -49.500
  -6.598 -49.500 -49.500
  -6.596 -49.500 -49.500
  -6.594 -49.500 -49.500
