  -8.861 -13.993 -13.993
  -8.599 -14.130 -14.130
  -8.442 -14.218 -14.218
  -8.329 -14.218 -14.218
  -8.239 -14.384 -14.384
  -8.166 -14.113 -14.113
  -8.103 -14.442 -14.442
  -8.048 -14.486 -14.486
  -7.999 -14.657 -14.657
  -7.955 -14.613 -14.613
  -7.916 -14.710 -14.710
  -7.879 -14.678 -14.678
  -7.846 -14.738 -14.738
  -7.815 -14.624 -14.624
  -7.786 -14.742 -14.901
  -7.758 -14.927 -14.927
  -7.733 -14.961 -14.961
  -7.709 -14.886 -14.886
  -7.686 -14.764 -14.764
  -7.664 -14.741 -14.741
  -7.643 -14.961 -14.961
  -7.624 -15.180 -15.180
  -7.605 -14.894 -14.894
  -7.586 -14.931 -14.931
  -7.569 -14.867 -15.102
  -7.552 -15.173 -15.173
  -7.536 -15.401 -15.401
  -7.521 -15.230 -15.230
  -7.506 -15.220 -15.220
  -7.491 -15.341 -15.341
  -7.477 -14.796 -15.073
  -7.464 -15.364 -15.364
  -7.451 -14.944 -14.944
  -7.438 -15.380 -15.380
  -7.425 -15.091 -15.331
  -7.413 -14.804 -15.127
  -7.401 -15.528 -15.528
  -7.390 -14.876 -15.234
  -7.379 -14.793 -15.692
  -7.368 -15.129 -15.487
  -7.357 -15.671 -15.671
  -7.347 -15.611 -15.611
  -7.337 -15.403 -15.622
  -7.327 -14.616 -15.126
  -7.317 -15.551 -15.551
  -7.308 -15.698 -15.698
  -7.299 -15.316 -15.562
  -7.290 -14.716 -15.708
  -7.281 -15.294 -15.294
  -7.272 -15.823 -15.823
  -7.264 -15.885 -15.885
  -7.255 -15.501 -15.501
  -7.247 -15.695 -15.695
  -7.239 -15.430 -15.589
  -7.231 -15.218 -15.596
  -7.223 -15.648 -15.648
  -7.216 -16.031 -16.031
  -7.208 -15.393 -15.546
  -7.201 -15.468 -15.973
  -7.194 -15.402 -15.606
  -7.187 -16.147 -16.147
  -7.180 -15.817 -16.019
  -7.173 -15.716 -15.959
  -7.166 -15.681 -15.906
  -7.159 -15.946 -15.946
  -7.153 -15.803 -16.094
  -7.146 -15.601 -15.793
  -7.140 -15.477 -15.682
  -7.133 -15.682 -16.001
  -7.127 -15.811 -15.976
  -7.121 -16.124 -16.124
  -7.115 -16.007 -16.007
  -7.109 -15.781 -15.968
  -7.103 -15.933 -16.093
  -7.098 -15.324 -15.684
  -7.092 -15.840 -15.840
  -7.086 -15.076 -15.752
  -7.081 -16.058 -16.307
  -7.075 -16.055 -16.055
  -7.070 -16.111 -16.328
  -7.064 -16.298 -16.298
  -7.059 -16.447 -16.699
  -7.054 -15.896 -15.896
  -7.049 -15.596 -15.882
  -7.043 -15.148 -15.420
  -7.038 -15.783 -16.398
  -7.033 -15.819 -16.317
  -7.029 -15.284 -16.156
  -7.024 -16.078 -16.078
  -7.019 -16.158 -16.158
  -7.014 -15.890 -16.168
  -7.009 -15.868 -16.102
  -7.005 -16.311 -16.311
  -7.000 -15.913 -16.305
  -6.995 -15.985 -15.985
  -6.991 -15.901 -16.119
  -6.986 -15.871 -16.220
  -6.982 -16.307 -16.460
  -6.978 -16.216 -16.459
  -6.973 -16.450 -16.652
  -6.969 -15.783 -15.996
  -6.965 -16.238 -16.677
  -6.961 -16.365 -17.271
  -6.956 -16.088 -16.292
  -6.952 -15.937 -16.535
  -6.948 -16.600 -16.775
  -6.944 -16.048 -16.048
  -6.940 -16.628 -16.628
  -6.936 -16.535 -16.868
  -6.932 -15.628 -16.661
  -6.928 -15.926 -15.926
  -6.924 -16.962 -49.500
  -6.920 -16.597 -17.125
  -6.917 -16.030 -16.458
  -6.913 -16.140 -16.729
  -6.909 -16.427 -22.505
  -6.905 -16.174 -16.341
  -6.902 -17.137 -17.447
  -6.898 -16.180 -16.449
  -6.894 -15.948 -16.201
  -6.891 -15.811 -49.500
  -6.887 -16.465 -16.796
  -6.884 -49.500     NaN
  -6.880 -49.500     NaN
  -6.877 -15.557 -49.500
  -6.873 -15.336 -49.500
  -6.870 -15.824 -16.201
  -6.867 -16.405 -16.658
  -6.863 -16.201 -16.762
  -6.860 -49.500     NaN
  -6.857 -49.500     NaN
  -6.853 -49.500     NaN
  -6.850 -49.500     NaN
  -6.847 -15.599 -16.745
  -6.844 -15.936 -16.181
  -6.840 -16.426 -16.600
  -6.837 -49.500     NaN
  -6.834 -16.476 -49.500
  -6.831 -16.716 -16.869
  -6.828 -16.837 -17.030
  -6.825 -16.359 -17.250
  -6.822 -49.500     NaN
  -6.819 -16.250 -16.679
  -6.816 -49.500     NaN
  -6.813 -16.877 -49.500
  -6.810 -16.481 -16.722
  -6.807 -16.404 -16.556
  -6.804 -16.152 -49.500
  -6.801 -16.655 -49.500
  -6.798 -49.500     NaN
  -6.795 -16.205 -16.205
  -6.792 -17.178 -49.500
  -6.789 -16.938 -49.500
  -6.787 -49.500 -49.500
  -6.784 -16.331 -16.826
  -6.781 -49.500     NaN
  -6.778 -49.500     NaN
  -6.775 -49.500     NaN
  -6.773 -15.582 -16.785
  -6.770 -16.044 -16.044
  -6.767 -16.857 -49.500
  -6.765 -15.740 -16.024
  -6.762 -16.754 -49.500
  -6.759 -49.500     NaN
  -6.757 -16.613 -49.500
  -6.754 -49.500     NaN
  -6.751 -49.500     NaN
  -6.749 -49.500     NaN
  -6.746 -49.500     NaN
  -6.744 -49.500     NaN
  -6.741 -17.060 -49.500
  -6.739 -49.500 -49.500
  -6.736 -15.858 -15.858
  -6.734 -49.500     NaN
  -6.731 -49.500     NaN
  -6.729 -49.500     NaN
  -6.726 -49.500 -49.500
  -6.724 -16.483 -49.500
  -6.721 -16.400 -49.500
  -6.719 -16.675 -49.500
  -6.717 -17.132 -49.500
  -6.714 -49.500 -49.500
  -6.712 -49.500 -49.500
  -6.709 -15.987 -15.987
  -6.707 -15.894 -15.894
  -6.705 -49.500 -49.500
  -6.702 -16.786 -49.500
  -6.700 -49.500 -49.500
  -6.698 -16.479 -16.479
  -6.696 -49.500 -49.500
  -6.693 -49.500     NaN
  -6.691 -16.825 -49.500
  -6.689 -49.500 -49.500
  -6.687 -49.500     NaN
  -6.684 -16.734 -16.734
  -6.682 -16.703 -49.500
  -6.680 -49.500 -49.500
  -6.678 -49.500 -49.500
  -6.675 -16.684 -49.500
  -6.673 -49.500 -49.500
  -6.671 -49.500     NaN
  -6.669 -16.706 -16.706
  -6.667 -17.147 -49.500
  -6.665 -49.500 -49.500
  -6.663 -16.477 -16.973
  -6.661 -49.500 -49.500
  -6.658 -16.332 -16.732
  -6.656 -49.500     NaN
  -6.654 -49.500     NaN
  -6.652 -49.500 -49.500
  -6.650 -49.500 -49.500
  -6.648 -49.500 -49.500
  -6.646 -49.500 -49.500
  -6.644 -49.500 -49.500
  -6.642 -49.500 -49.500
  -6.640 -49.500 -49.500
  -6.638 -49.500     NaN
  -6.636 -49.500 -49.500
  -6.634 -16.825 -49.500
  -6.632 -49.500     NaN
  -6.630 -15.988 -16.340
  -6.628 -16.176 -49.500
  -6.626 -49.500 -49.500
  -6.624 -49.500 -49.500
  -6.622 -49.500 -49.500
  -6.620 -49.500 -49.500
  -6.618 -16.348 -16.348
  -6.617 -49.500 -49.500
  -6.615 -14.952 -14.952
  -6.613 -49.500 -49.500
  -6.611 -49.500     NaN
  -6.609 -16.245 -16.245
  -6.607 -49.500 -49.500
  -6.605 -16.963 -16.963
  -6.603 -49.500 -49.500
  -6.602 -49.500 -49.500
  -6.600 -49.500     NaN
  -6.598 -49.500     NaN
  -6.596 -49.500 -49.500
  -6.594 -49.500 -49.500
