  -8.861 -13.983 -13.983
  -8.599 -13.940 -13.940
  -8.442 -14.135 -14.135
  -8.329 -14.117 -14.117
  -8.239 -14.354 -14.354
  -8.166 -14.453 -14.453
  -8.103 -14.325 -14.325
  -8.048 -14.551 -14.551
  -7.999 -14.586 -14.586
  -7.955 -14.630 -14.630
  -7.916 -14.516 -14.516
  -7.879 -14.634 -14.634
  -7.846 -14.752 -14.752
  -7.815 -14.505 -14.913
  -7.786 -14.387 -14.742
  -7.758 -14.674 -14.927
  -7.733 -14.921 -14.921
  -7.709 -14.861 -14.861
  -7.686 -14.328 -15.020
  -7.664 -14.942 -14.942
  -7.643 -15.198 -15.198
  -7.624 -14.920 -14.920
  -7.605 -15.084 -15.084
  -7.586 -14.755 -15.051
  -7.569 -15.187 -15.187
  -7.552 -14.969 -14.969
  -7.536 -15.202 -15.202
  -7.521 -15.251 -15.251
  -7.506 -15.091 -15.091
  -7.491 -15.351 -15.351
  -7.477 -14.836 -15.221
  -7.464 -15.206 -15.374
  -7.451 -15.032 -15.032
  -7.438 -15.144 -15.499
  -7.425 -15.416 -15.416
  -7.413 -15.603 -15.603
  -7.401 -14.835 -15.272
  -7.390 -15.309 -15.547
  -7.379 -15.446 -15.663
  -7.368 -15.406 -15.740
  -7.357 -15.512 -15.512
  -7.347 -15.658 -15.658
  -7.337 -15.706 -15.706
  -7.327 -15.561 -15.561
  -7.317 -15.710 -15.710
  -7.308 -15.514 -15.684
  -7.299 -14.668 -15.600
  -7.290 -15.325 -15.914
  -7.281 -15.677 -15.677
  -7.272 -15.437 -15.731
  -7.264 -15.482 -15.669
  -7.255 -15.577 -15.807
  -7.247 -15.492 -15.738
  -7.239 -15.793 -15.793
  -7.231 -15.753 -15.907
  -7.223 -15.411 -15.411
  -7.216 -15.617 -15.617
  -7.208 -15.829 -15.829
  -7.201 -15.972 -15.972
  -7.194 -15.842 -15.842
  -7.187 -15.782 -15.964
  -7.180 -15.692 -16.002
  -7.173 -15.713 -15.896
  -7.166 -15.753 -15.753
  -7.159 -15.562 -15.562
  -7.153 -15.520 -15.520
  -7.146 -15.626 -15.931
  -7.140 -15.692 -15.919
  -7.133 -15.711 -15.711
  -7.127 -15.523 -15.725
  -7.121 -15.556 -15.742
  -7.115 -16.654 -16.654
  -7.109 -15.405 -15.741
  -7.103 -16.365 -16.365
  -7.098 -16.487 -16.487
  -7.092 -14.918 -15.820
  -7.086 -16.202 -16.202
  -7.081 -15.461 -15.843
  -7.075 -15.777 -15.777
  -7.070 -16.122 -16.122
  -7.064 -16.327 -16.484
  -7.059 -15.895 -16.575
  -7.054 -15.884 -16.162
  -7.049 -15.247 -15.571
  -7.043 -15.896 -15.896
  -7.038 -16.001 -16.001
  -7.033 -16.145 -16.383
  -7.029 -16.196 -16.436
  -7.024 -16.081 -16.305
  -7.019 -16.566 -16.760
  -7.014 -16.568 -16.762
  -7.009 -16.184 -16.375
  -7.005 -15.946 -15.946
  -7.000 -15.965 -16.336
  -6.995 -15.995 -16.229
  -6.991 -15.961 -16.420
  -6.986 -16.248 -16.566
  -6.982 -16.265 -16.558
  -6.978 -15.974 -16.126
  -6.973 -16.151 -16.151
  -6.969 -16.300 -16.649
  -6.965 -16.149 -16.149
  -6.961 -16.129 -16.129
  -6.956 -15.933 -16.456
  -6.952 -16.241 -16.667
  -6.948 -15.940 -15.940
  -6.944 -16.241 -16.495
  -6.940 -16.192 -16.455
  -6.936 -16.047 -16.500
  -6.932 -15.742 -16.487
  -6.928 -16.334 -16.754
  -6.924 -16.281 -16.765
  -6.920 -49.500     NaN
  -6.917 -16.048 -16.220
  -6.913 -16.443 -16.443
  -6.909 -15.743 -16.037
  -6.905 -17.076 -22.461
  -6.902 -16.694 -16.920
  -6.898 -17.146 -17.493
  -6.894 -15.890 -16.698
  -6.891 -16.568 -17.170
  -6.887 -16.212 -16.577
  -6.884 -15.466 -16.502
  -6.880 -16.756 -16.940
  -6.877 -16.051 -16.556
  -6.873 -16.816 -17.209
  -6.870 -15.778 -16.498
  -6.867 -15.975 -16.292
  -6.863 -16.057 -16.501
  -6.860 -16.201 -16.201
  -6.857 -15.631 -16.074
  -6.853 -15.074 -49.500
  -6.850 -49.500     NaN
  -6.847 -16.566 -49.500
  -6.844 -49.500     NaN
  -6.840 -16.442 -16.829
  -6.837 -16.360 -49.500
  -6.834 -49.500 -49.500
  -6.831 -15.557 -49.500
  -6.828 -17.258 -49.500
  -6.825 -17.143 -49.500
  -6.822 -16.821 -49.500
  -6.819 -16.479 -16.778
  -6.816 -16.344 -49.500
  -6.813 -16.960 -49.500
  -6.810 -15.896 -16.859
  -6.807 -16.173 -16.358
  -6.804 -16.908 -49.500
  -6.801 -16.469 -16.893
  -6.798 -49.500     NaN
  -6.795 -15.932 -16.128
  -6.792 -49.500     NaN
  -6.789 -15.011 -16.765
  -6.787 -17.117 -49.500
  -6.784 -16.113 -16.651
  -6.781 -49.500     NaN
  -6.778 -49.500     NaN
  -6.775 -49.500 -49.500
  -6.773 -49.500     NaN
  -6.770 -16.172 -49.500
  -6.767 -16.628 -49.500
  -6.765 -16.364 -16.364
  -6.762 -49.500     NaN
  -6.759 -49.500     NaN
  -6.757 -49.500     NaN
  -6.754 -16.112 -16.112
  -6.751 -15.884 -15.884
  -6.749 -15.167 -17.216
  -6.746 -16.123 -16.123
  -6.744 -16.633 -49.500
  -6.741 -49.500 -49.500
  -6.739 -16.828 -49.500
  -6.736 -16.427 -16.427
  -6.734 -49.500     NaN
  -6.731 -49.500 -49.500
  -6.729 -16.124 -49.500
  -6.726 -49.500 -49.500
  -6.724 -17.085 -49.500
  -6.721 -49.500 -49.500
  -6.719 -49.500     NaN
  -6.717 -49.500     NaN
  -6.714 -49.500 -49.500
  -6.712 -16.364 -16.636
  -6.709 -16.292 -49.500
  -6.707 -17.148 -49.500
  -6.705 -49.500     NaN
  -6.702 -49.500 -49.500
  -6.700 -16.164 -16.969
  -6.698 -16.111 -49.500
  -6.696 -49.500     NaN
  -6.693 -49.500     NaN
  -6.691 -16.317 -16.490
  -6.689 -49.500 -49.500
  -6.687 -49.500 -49.500
  -6.684 -49.500     NaN
  -6.682 -49.500 -49.500
  -6.680 -49.500 -49.500
  -6.678 -49.500     NaN
  -6.675 -49.500     NaN
  -6.673 -49.500 -49.500
  -6.671 -16.900 -49.500
  -6.669 -49.500     NaN
  -6.667 -49.500 -49.500
  -6.665 -49.500 -49.500
  -6.663 -16.486 -16.486
  -6.661 -49.500     NaN
  -6.658 -49.500     NaN
  -6.656 -16.352 -16.352
  -6.654 -49.500     NaN
  -6.652 -49.500     NaN
  -6.650 -49.500     NaN
  -6.648 -49.500 -49.500
  -6.646 -49.500 -49.500
  -6.644 -49.500 -49.500
  -6.642 -49.500     NaN
  -6.640 -49.500 -49.500
  -6.638 -16.662 -16.662
  -6.636 -49.500 -49.500
  -6.634 -49.500 -49.500
  -6.632 -17.221 -17.221
  -6.630 -16.209 -16.209
  -6.628 -49.500 -49.500
  -6.626 -16.578 -16.578
  -6.624 -49.500 -49.500
  -6.622 -49.500 -49.500
  -6.620 -49.500 -49.500
  -6.618 -49.500 -49.500
  -6.617 -49.500 -49.500
  -6.615 -15.983 -15.983
  -6.613 -49.500     NaN
  -6.611 -49.500 -49.500
  -6.609 -49.500     NaN
  -6.607 -49.500 -49.500
  -6.605 -16.201 -49.500
  -6.603 -49.500 -49.500
  -6.602 -49.500     NaN
  -6.600 -16.815 -16.815
  -6.598 -49.500 -49.500
  -6.596 -49.500 -49.500
  -6.594 -49.500 -49.500
