  -8.861 -13.963 -13.963
  -8.599 -14.090 -14.090
  -8.442 -14.197 -14.197
  -8.329 -14.327 -14.327
  -8.239 -14.411 -14.411
  -8.166 -14.437 -14.437
  -8.103 -14.567 -14.567
  -8.048 -14.670 -14.670
  -7.999 -14.407 -14.407
  -7.955 -14.466 -14.466
  -7.916 -14.682 -14.682
  -7.879 -14.606 -14.606
  -7.846 -14.690 -14.929
  -7.815 -14.529 -14.529
  -7.786 -14.686 -14.686
  -7.758 -14.706 -14.904
  -7.733 -14.850 -14.850
  -7.709 -14.844 -14.844
  -7.686 -14.882 -14.882
  -7.664 -14.469 -15.008
  -7.643 -15.010 -15.010
  -7.624 -15.037 -15.037
  -7.605 -15.205 -15.205
  -7.586 -15.147 -15.147
  -7.569 -15.196 -15.196
  -7.552 -15.161 -15.161
  -7.536 -15.295 -15.295
  -7.521 -14.968 -15.130
  -7.506 -15.270 -15.270
  -7.491 -15.340 -15.340
  -7.477 -15.323 -15.323
  -7.464 -15.155 -15.320
  -7.451 -15.277 -15.277
  -7.438 -15.260 -15.260
  -7.425 -15.207 -15.207
  -7.413 -15.056 -15.363
  -7.401 -15.425 -15.425
  -7.390 -15.232 -15.232
  -7.379 -15.169 -15.400
  -7.368 -15.525 -15.525
  -7.357 -15.512 -15.512
  -7.347 -15.094 -15.321
  -7.337 -15.637 -15.637
  -7.327 -15.361 -15.513
  -7.317 -15.520 -15.865
  -7.308 -15.388 -15.672
  -7.299 -15.091 -15.091
  -7.290 -15.691 -15.691
  -7.281 -15.072 -15.790
  -7.272 -15.642 -15.642
  -7.264 -15.682 -15.682
  -7.255 -15.259 -15.964
  -7.247 -14.764 -15.335
  -7.239 -15.457 -15.637
  -7.231 -15.820 -15.820
  -7.223 -15.806 -15.806
  -7.216 -15.736 -15.944
  -7.208 -15.496 -15.897
  -7.201 -15.975 -15.975
  -7.194 -15.494 -15.981
  -7.187 -15.652 -15.849
  -7.180 -16.094 -16.094
  -7.173 -14.791 -15.725
  -7.166 -15.705 -15.951
  -7.159 -15.268 -16.178
  -7.153 -15.780 -15.780
  -7.146 -15.693 -16.155
  -7.140 -15.785 -15.785
  -7.133 -16.031 -16.385
  -7.127 -15.686 -16.192
  -7.121 -14.950 -15.963
  -7.115 -14.839 -15.666
  -7.109 -15.941 -15.941
  -7.103 -16.220 -16.402
  -7.098 -15.916 -16.126
  -7.092 -15.816 -16.099
  -7.086 -15.690 -15.690
  -7.081 -15.811 -16.237
  -7.075 -15.580 -16.360
  -7.070 -15.975 -15.975
  -7.064 -16.019 -16.199
  -7.059 -15.998 -16.180
  -7.054 -16.207 -16.458
  -7.049 -14.860 -16.056
  -7.043 -16.367 -16.367
  -7.038 -16.371 -16.656
  -7.033 -15.955 -16.191
  -7.029 -15.707 -15.707
  -7.024 -15.955 -15.955
  -7.019 -16.265 -16.265
  -7.014 -16.379 -16.668
  -7.009 -16.290 -16.547
  -7.005 -15.753 -15.989
  -7.000 -17.019 -22.999
  -6.995 -15.978 -15.978
  -6.991 -16.689 -16.840
  -6.986 -15.984 -16.384
  -6.982 -15.955 -16.230
  -6.978 -16.416 -16.612
  -6.973 -16.126 -16.317
  -6.969 -16.266 -16.437
  -6.965 -16.363 -16.543
  -6.961 -15.925 -16.348
  -6.956 -16.383 -16.786
  -6.952 -16.063 -16.748
  -6.948 -17.152 -20.187
  -6.944 -16.244 -16.244
  -6.940 -17.111 -17.265
  -6.936 -16.336 -17.257
  -6.932 -16.689 -17.217
  -6.928 -16.104 -16.322
  -6.924 -16.392 -16.633
  -6.920 -16.488 -16.669
  -6.917 -15.780 -16.657
  -6.913 -16.013 -17.011
  -6.909 -15.367 -16.254
  -6.905 -16.705 -17.359
  -6.902 -16.783 -21.903
  -6.898 -15.192 -16.973
  -6.894 -16.574 -16.841
  -6.891 -16.013 -16.497
  -6.887 -16.653 -16.956
  -6.884 -16.380 -16.927
  -6.880 -15.764 -16.113
  -6.877 -13.982 -16.737
  -6.873 -16.059 -16.059
  -6.870 -16.264 -16.477
  -6.867 -16.810 -49.500
  -6.863 -16.783 -17.019
  -6.860 -16.799 -49.500
  -6.857 -16.334 -16.488
  -6.853 -49.500 -49.500
  -6.850 -49.500     NaN
  -6.847 -16.177 -16.773
  -6.844 -16.165 -49.500
  -6.840 -16.671 -17.039
  -6.837 -16.386 -16.874
  -6.834 -15.956 -16.332
  -6.831 -49.500     NaN
  -6.828 -15.439 -16.677
  -6.825 -49.500     NaN
  -6.822 -16.739 -17.145
  -6.819 -49.500     NaN
  -6.816 -16.049 -49.500
  -6.813 -49.500     NaN
  -6.810 -15.203 -16.332
  -6.807 -16.345 -16.704
  -6.804 -16.598 -49.500
  -6.801 -49.500     NaN
  -6.798 -16.331 -49.500
  -6.795 -16.176 -16.555
  -6.792 -49.500     NaN
  -6.789 -49.500 -49.500
  -6.787 -17.162 -49.500
  -6.784 -17.107 -49.500
  -6.781 -16.439 -49.500
  -6.778 -16.332 -49.500
  -6.775 -16.740 -16.959
  -6.773 -49.500     NaN
  -6.770 -16.762 -49.500
  -6.767 -16.461 -49.500
  -6.765 -15.813 -49.500
  -6.762 -49.500 -49.500
  -6.759 -49.500 -49.500
  -6.757 -16.589 -49.500
  -6.754 -15.734 -49.500
  -6.751 -16.649 -49.500
  -6.749 -16.655 -49.500
  -6.746 -49.500     NaN
  -6.744 -49.500     NaN
  -6.741 -16.690 -16.998
  -6.739 -49.500     NaN
  -6.736 -49.500 -49.500
  -6.734 -49.500 -49.500
  -6.731 -49.500     NaN
  -6.729 -16.566 -49.500
  -6.726 -14.671 -15.673
  -6.724 -16.626 -49.500
  -6.721 -15.519 -15.519
  -6.719 -49.500 -49.500
  -6.717 -15.213 -16.426
  -6.714 -49.500 -49.500
  -6.712 -49.500 -49.500
  -6.709 -49.500 -49.500
  -6.707 -16.067 -49.500
  -6.705 -16.585 -49.500
  -6.702 -16.657 -49.500
  -6.700 -16.739 -49.500
  -6.698 -49.500 -49.500
  -6.696 -49.500 -49.500
  -6.693 -49.500 -49.500
  -6.691 -16.416 -16.416
  -6.689 -49.500     NaN
  -6.687 -49.500 -49.500
  -6.684 -16.438 -49.500
  -6.682 -49.500 -49.500
  -6.680 -49.500 -49.500
  -6.678 -16.325 -49.500
  -6.675 -16.086 -16.086
  -6.673 -49.500 -49.500
  -6.671 -49.500     NaN
  -6.669 -16.896 -49.500
  -6.667 -49.500 -49.500
  -6.665 -49.500 -49.500
  -6.663 -49.500     NaN
  -6.661 -49.500     NaN
  -6.658 -49.500 -49.500
  -6.656 -49.500 -49.500
  -6.654 -49.500 -49.500
  -6.652 -49.500 -49.500
  -6.650 -49.500     NaN
  -6.648 -13.927 -13.927
  -6.646 -49.500 -49.500
  -6.644 -49.500 -49.500
  -6.642 -49.500 -49.500
  -6.640 -49.500 -49.500
  -6.638 -16.236 -49.500
  -6.636 -49.500 -49.500
  -6.634 -49.500 -49.500
  -6.632 -16.459 -49.500
  -6.630 -49.500 -49.500
  -6.628 -49.500 -49.500
  -6.626 -15.411 -49.500
  -6.624 -49.500     NaN
  -6.622 -49.500     NaN
  -6.620 -16.600 -16.600
  -6.618 -49.500 -49.500
  -6.617 -16.457 -16.457
  -6.615 -49.500 -49.500
  -6.613 -16.670 -16.670
  -6.611 -49.500 -49.500
  -6.609 -49.500 -49.500
  -6.607 -49.500 -49.500
  -6.605 -49.500     NaN
  -6.603 -14.793 -49.500
  -6.602 -15.869 -16.746
  -6.600 -15.738 -15.738
  -6.598 -49.500 -49.500
  -6.596 -49.500 -49.500
  -6.594 -49.500 -49.500
