  -8.861 -13.981 -13.981
  -8.599 -14.042 -14.042
  -8.442 -14.198 -14.198
  -8.329 -14.254 -14.254
  -8.239 -14.448 -14.448
  -8.166 -14.162 -14.416
  -8.103 -14.455 -14.455
  -8.048 -14.530 -14.530
  -7.999 -14.635 -14.635
  -7.955 -14.692 -14.692
  -7.916 -14.754 -14.754
  -7.879 -14.757 -14.757
  -7.846 -14.800 -14.800
  -7.815 -14.788 -14.788
  -7.786 -14.660 -14.964
  -7.758 -14.847 -14.847
  -7.733 -14.763 -14.763
  -7.709 -14.808 -15.018
  -7.686 -15.007 -15.007
  -7.664 -14.800 -15.060
  -7.643 -15.125 -15.125
  -7.624 -15.203 -15.203
  -7.605 -14.845 -14.845
  -7.586 -15.133 -15.133
  -7.569 -14.834 -15.119
  -7.552 -15.300 -15.300
  -7.536 -13.982 -15.149
  -7.521 -14.239 -15.029
  -7.506 -14.828 -14.999
  -7.491 -15.294 -15.294
  -7.477 -14.900 -15.209
  -7.464 -14.414 -15.378
  -7.451 -15.110 -15.110
  -7.438 -14.826 -15.158
  -7.425 -15.354 -15.354
  -7.413 -14.890 -15.475
  -7.401 -14.766 -15.329
  -7.390 -15.465 -15.465
  -7.379 -15.560 -15.560
  -7.368 -15.308 -15.490
  -7.357 -14.958 -15.372
  -7.347 -15.461 -15.646
  -7.337 -15.430 -15.586
  -7.327 -15.206 -15.442
  -7.317 -15.629 -15.828
  -7.308 -15.426 -15.589
  -7.299 -15.496 -15.718
  -7.290 -15.470 -15.470
  -7.281 -15.633 -15.633
  -7.272 -15.462 -15.657
  -7.264 -15.707 -15.707
  -7.255 -15.551 -15.551
  -7.247 -15.433 -15.623
  -7.239 -16.147 -16.336
  -7.231 -15.992 -15.992
  -7.223 -15.470 -15.898
  -7.216 -15.771 -15.771
  -7.208 -15.868 -16.066
  -7.201 -15.351 -15.775
  -7.194 -15.698 -15.895
  -7.187 -15.778 -15.778
  -7.180 -14.726 -15.539
  -7.173 -15.613 -15.916
  -7.166 -15.307 -15.767
  -7.159 -15.558 -16.039
  -7.153 -15.692 -16.161
  -7.146 -15.765 -15.931
  -7.140 -15.602 -16.122
  -7.133 -15.737 -15.737
  -7.127 -15.497 -16.008
  -7.121 -15.591 -15.591
  -7.115 -16.081 -16.081
  -7.109 -15.816 -15.816
  -7.103 -15.447 -15.997
  -7.098 -16.277 -16.277
  -7.092 -15.052 -16.122
  -7.086 -15.667 -16.241
  -7.081 -15.499 -15.849
  -7.075 -15.038 -16.171
  -7.070 -15.703 -15.703
  -7.064 -16.191 -16.191
  -7.059 -15.177 -16.017
  -7.054 -16.150 -16.150
  -7.049 -16.061 -16.061
  -7.043 -15.709 -15.901
  -7.038 -15.899 -16.184
  -7.033 -15.420 -16.252
  -7.029 -15.816 -16.044
  -7.024 -16.448 -16.761
  -7.019 -15.679 -17.154
  -7.014 -15.151 -16.074
  -7.009 -15.903 -16.192
  -7.005 -16.722 -17.070
  -7.000 -16.506 -16.506
  -6.995 -15.964 -16.141
  -6.991 -15.828 -15.828
  -6.986 -16.136 -16.136
  -6.982 -16.629 -16.877
  -6.978 -16.324 -16.548
  -6.973 -16.087 -16.725
  -6.969 -16.159 -16.568
  -6.965 -16.450 -16.689
  -6.961 -15.796 -15.956
  -6.956 -16.310 -16.310
  -6.952 -16.671 -16.856
  -6.948 -16.196 -16.196
  -6.944 -49.500 -49.500
  -6.940 -16.710 -16.891
  -6.936 -16.740 -16.904
  -6.932 -15.794 -16.318
  -6.928 -16.382 -17.079
  -6.924 -16.899 -22.837
  -6.920 -17.032 -17.235
  -6.917 -49.500     NaN
  -6.913 -16.161 -16.161
  -6.909 -16.240 -16.491
  -6.905 -16.156 -16.422
  -6.902 -16.508 -16.508
  -6.898 -16.308 -16.609
  -6.894 -16.063 -16.390
  -6.891 -49.500     NaN
  -6.887 -16.308 -21.807
  -6.884 -16.160 -16.660
  -6.880 -16.307 -16.459
  -6.877 -15.896 -16.107
  -6.873 -16.486 -16.724
  -6.870 -16.346 -49.500
  -6.867 -16.766 -49.500
  -6.863 -16.632 -16.963
  -6.860 -16.708 -17.089
  -6.857 -16.287 -49.500
  -6.853 -49.500     NaN
  -6.850 -16.159 -16.614
  -6.847 -15.987 -16.250
  -6.844 -15.921 -16.106
  -6.840 -16.964 -49.500
  -6.837 -49.500     NaN
  -6.834 -15.454 -17.074
  -6.831 -16.686 -16.927
  -6.828 -17.132 -49.500
  -6.825 -16.171 -16.385
  -6.822 -15.977 -49.500
  -6.819 -49.500     NaN
  -6.816 -16.268 -16.860
  -6.813 -16.355 -49.500
  -6.810 -16.293 -16.672
  -6.807 -16.701 -17.005
  -6.804 -16.680 -49.500
  -6.801 -16.372 -16.614
  -6.798 -15.359 -49.500
  -6.795 -49.500     NaN
  -6.792 -17.355 -49.500
  -6.789 -15.464 -16.026
  -6.787 -49.500     NaN
  -6.784 -49.500     NaN
  -6.781 -16.898 -49.500
  -6.778 -16.412 -49.500
  -6.775 -49.500     NaN
  -6.773 -49.500     NaN
  -6.770 -16.896 -49.500
  -6.767 -49.500     NaN
  -6.765 -49.500     NaN
  -6.762 -49.500 -49.500
  -6.759 -16.751 -49.500
  -6.757 -49.500     NaN
  -6.754 -16.483 -49.500
  -6.751 -16.638 -49.500
  -6.749 -16.389 -49.500
  -6.746 -16.131 -49.500
  -6.744 -15.939 -49.500
  -6.741 -16.764 -16.764
  -6.739 -49.500 -49.500
  -6.736 -15.981 -49.500
  -6.734 -16.448 -16.679
  -6.731 -16.032 -49.500
  -6.729 -49.500 -49.500
  -6.726 -49.500 -49.500
  -6.724 -16.702 -49.500
  -6.721 -16.640 -49.500
  -6.719 -16.384 -16.384
  -6.717 -49.500     NaN
  -6.714 -49.500 -49.500
  -6.712 -16.840 -49.500
  -6.709 -15.879 -49.500
  -6.707 -49.500 -49.500
  -6.705 -49.500     NaN
  -6.702 -49.500 -49.500
  -6.700 -16.802 -49.500
  -6.698 -49.500     NaN
  -6.696 -16.716 -16.716
  -6.693 -49.500 -49.500
  -6.691 -49.500 -49.500
  -6.689 -16.320 -16.320
  -6.687 -49.500 -49.500
  -6.684 -15.691 -49.500
  -6.682 -16.467 -16.467
  -6.680 -16.387 -49.500
  -6.678 -16.273 -49.500
  -6.675 -49.500 -49.500
  -6.673 -16.080 -16.651
  -6.671 -49.500 -49.500
  -6.669 -16.590 -16.590
  -6.667 -49.500 -49.500
  -6.665 -49.500 -49.500
  -6.663 -49.500     NaN
  -6.661 -49.500 -49.500
  -6.658 -49.500 -49.500
  -6.656 -16.760 -49.500
  -6.654 -49.500 -49.500
  -6.652 -49.500 -49.500
  -6.650 -16.687 -49.500
  -6.648 -49.500     NaN
  -6.646 -49.500 -49.500
  -6.644 -49.500 -49.500
  -6.642 -49.500 -49.500
  -6.640 -49.500 -49.500
  -6.638 -49.500 -49.500
  -6.636 -49.500 -49.500
  -6.634 -49.500 -49.500
  -6.632 -49.500 -49.500
  -6.630 -49.500 -49.500
  -6.628 -49.500 -49.500
  -6.626 -49.500     NaN
  -6.624 -16.577 -49.500
  -6.622 -49.500 -49.500
  -6.620 -49.500 -49.500
  -6.618 -16.312 -16.464
  -6.617 -49.500     NaN
  -6.615 -49.500 -49.500
  -6.613 -16.113 -49.500
  -6.611 -15.672 -16.099
  -6.609 -49.500 -49.500
  -6.607 -49.500 -49.500
  -6.605 -49.500 -49.500
  -6.603 -49.500 -49.500
  -6.602 -49.500 -49.500
  -6.600 -49.500 -49.500
  -6.598 -49.500 -49.500
  -6.596 -49.500 -49.500
  -6.594 -49.500 -49.500
