  -8.861 -13.984 -13.984
  -8.599 -14.096 -14.096
  -8.442 -14.192 -14.192
  -8.329 -14.315 -14.315
  -8.239 -14.247 -14.247
  -8.166 -14.459 -14.459
  -8.103 -14.462 -14.462
  -8.048 -14.400 -14.400
  -7.999 -14.572 -14.572
  -7.955 -14.598 -14.598
  -7.916 -14.352 -14.352
  -7.879 -14.659 -14.659
  -7.846 -14.593 -14.593
  -7.815 -14.664 -14.664
  -7.786 -14.750 -14.750
  -7.758 -14.786 -14.994
  -7.733 -14.546 -14.700
  -7.709 -14.937 -14.937
  -7.686 -14.192 -15.061
  -7.664 -15.143 -15.143
  -7.643 -14.597 -14.950
  -7.624 -14.805 -15.005
  -7.605 -14.402 -14.612
  -7.586 -15.181 -15.181
  -7.569 -14.859 -15.129
  -7.552 -15.277 -15.431
  -7.536 -15.253 -15.253
  -7.521 -14.799 -15.040
  -7.506 -14.587 -14.985
  -7.491 -15.385 -15.558
  -7.477 -14.857 -14.857
  -7.464 -15.201 -15.201
  -7.451 -15.114 -15.442
  -7.438 -15.232 -15.232
  -7.425 -15.291 -15.291
  -7.413 -15.159 -15.399
  -7.401 -15.506 -15.506
  -7.390 -15.605 -15.605
  -7.379 -15.654 -15.654
  -7.368 -15.388 -15.388
  -7.357 -15.399 -15.399
  -7.347 -15.211 -15.609
  -7.337 -15.138 -15.322
  -7.327 -14.468 -15.737
  -7.317 -15.418 -15.418
  -7.308 -14.817 -15.042
  -7.299 -15.348 -15.692
  -7.290 -15.647 -15.808
  -7.281 -15.718 -15.718
  -7.272 -15.325 -15.891
  -7.264 -14.751 -15.230
  -7.255 -15.636 -16.017
  -7.247 -15.031 -15.435
  -7.239 -14.801 -15.423
  -7.231 -15.777 -15.777
  -7.223 -15.730 -15.884
  -7.216 -15.917 -15.917
  -7.208 -15.267 -15.267
  -7.201 -15.694 -15.694
  -7.194 -15.353 -15.658
  -7.187 -15.691 -15.691
  -7.180 -15.618 -15.805
  -7.173 -14.750 -15.640
  -7.166 -15.382 -15.382
  -7.159 -15.745 -15.909
  -7.153 -14.854 -15.891
  -7.146 -16.063 -16.063
  -7.140 -14.837 -15.837
  -7.133 -15.904 -15.904
  -7.127 -15.502 -15.854
  -7.121 -16.122 -16.122
  -7.115 -16.062 -16.062
  -7.109 -15.292 -16.010
  -7.103 -15.217 -15.497
  -7.098 -15.758 -15.758
  -7.092 -16.329 -16.329
  -7.086 -14.791 -15.630
  -7.081 -16.484 -16.761
  -7.075 -15.506 -15.813
  -7.070 -16.167 -16.453
  -7.064 -15.996 -15.996
  -7.059 -16.298 -16.492
  -7.054 -15.920 -16.194
  -7.049 -15.159 -16.467
  -7.043 -16.082 -16.283
  -7.038 -16.089 -16.304
  -7.033 -16.023 -16.223
  -7.029 -15.448 -16.156
  -7.024 -15.906 -16.258
  -7.019 -15.822 -16.498
  -7.014 -16.067 -16.717
  -7.009 -16.048 -16.669
  -7.005 -16.748 -17.014
  -7.000 -16.368 -16.580
  -6.995 -16.609 -16.609
  -6.991 -16.409 -16.409
  -6.986 -15.902 -16.176
  -6.982 -16.084 -16.730
  -6.978 -15.731 -15.945
  -6.973 -15.835 -16.563
  -6.969 -16.187 -16.187
  -6.965 -15.671 -16.122
  -6.961 -15.596 -16.482
  -6.956 -16.468 -16.694
  -6.952 -15.614 -17.280
  -6.948 -15.839 -16.953
  -6.944 -15.502 -16.589
  -6.940 -16.041 -16.324
  -6.936 -16.097 -16.415
  -6.932 -16.478 -16.478
  -6.928 -16.004 -16.625
  -6.924 -49.500     NaN
  -6.920 -16.771 -49.500
  -6.917 -16.011 -16.510
  -6.913 -16.579 -16.579
  -6.909 -15.989 -15.989
  -6.905 -15.894 -16.196
  -6.902 -15.988 -16.322
  -6.898 -15.651 -16.380
  -6.894 -15.811 -16.418
  -6.891 -16.625 -16.807
  -6.887 -49.500     NaN
  -6.884 -17.137 -49.500
  -6.880 -16.326 -16.326
  -6.877 -16.871 -17.082
  -6.873 -16.626 -49.500
  -6.870 -14.840 -16.352
  -6.867 -16.211 -17.064
  -6.863 -16.673 -17.040
  -6.860 -49.500     NaN
  -6.857 -16.892 -49.500
  -6.853 -49.500     NaN
  -6.850 -16.230 -49.500
  -6.847 -16.253 -49.500
  -6.844 -15.766 -16.265
  -6.840 -16.180 -16.653
  -6.837 -16.980 -17.226
  -6.834 -49.500     NaN
  -6.831 -17.023 -49.500
  -6.828 -15.665 -16.119
  -6.825 -16.767 -49.500
  -6.822 -49.500     NaN
  -6.819 -49.500     NaN
  -6.816 -17.205 -49.500
  -6.813 -16.333 -49.500
  -6.810 -15.392 -16.418
  -6.807 -16.537 -49.500
  -6.804 -49.500     NaN
  -6.801 -49.500     NaN
  -6.798 -16.695 -17.043
  -6.795 -15.998 -16.428
  -6.792 -49.500     NaN
  -6.789 -49.500     NaN
  -6.787 -15.990 -16.569
  -6.784 -16.096 -49.500
  -6.781 -49.500     NaN
  -6.778 -16.577 -16.577
  -6.775 -49.500     NaN
  -6.773 -16.124 -16.124
  -6.770 -16.596 -16.753
  -6.767 -15.777 -15.977
  -6.765 -17.143 -49.500
  -6.762 -49.500     NaN
  -6.759 -16.855 -49.500
  -6.757 -16.533 -49.500
  -6.754 -49.500     NaN
  -6.751 -49.500     NaN
  -6.749 -49.500 -49.500
  -6.746 -16.674 -49.500
  -6.744 -49.500 -49.500
  -6.741 -16.011 -49.500
  -6.739 -16.582 -16.840
  -6.736 -49.500     NaN
  -6.734 -16.475 -49.500
  -6.731 -49.500     NaN
  -6.729 -16.736 -49.500
  -6.726 -49.500 -49.500
  -6.724 -49.500 -49.500
  -6.721 -16.893 -49.500
  -6.719 -16.125 -49.500
  -6.717 -17.012 -49.500
  -6.714 -49.500 -49.500
  -6.712 -49.500     NaN
  -6.709 -16.737 -49.500
  -6.707 -15.947 -15.947
  -6.705 -49.500     NaN
  -6.702 -15.198 -49.500
  -6.700 -16.348 -16.348
  -6.698 -16.030 -16.898
  -6.696 -16.108 -16.573
  -6.693 -49.500     NaN
  -6.691 -49.500 -49.500
  -6.689 -49.500     NaN
  -6.687 -49.500     NaN
  -6.684 -49.500 -49.500
  -6.682 -16.200 -49.500
  -6.680 -16.403 -49.500
  -6.678 -49.500 -49.500
  -6.675 -49.500 -49.500
  -6.673 -15.737 -15.737
  -6.671 -16.390 -49.500
  -6.669 -16.635 -49.500
  -6.667 -17.032 -49.500
  -6.665 -49.500 -49.500
  -6.663 -16.721 -16.721
  -6.661 -49.500 -49.500
  -6.658 -49.500     NaN
  -6.656 -49.500     NaN
  -6.654 -49.500 -49.500
  -6.652 -49.500 -49.500
  -6.650 -49.500 -49.500
  -6.648 -49.500 -49.500
  -6.646 -49.500 -49.500
  -6.644 -49.500 -49.500
  -6.642 -49.500 -49.500
  -6.640 -49.500 -49.500
  -6.638 -49.500 -49.500
  -6.636 -49.500 -49.500
  -6.634 -49.500 -49.500
  -6.632 -16.742 -49.500
  -6.630 -49.500 -49.500
  -6.628 -16.430 -16.660
  -6.626 -49.500 -49.500
  -6.624 -49.500 -49.500
  -6.622 -49.500 -49.500
  -6.620 -49.500 -49.500
  -6.618 -49.500     NaN
  -6.617 -15.955 -15.955
  -6.615 -49.500     NaN
  -6.613 -49.500     NaN
  -6.611 -49.500 -49.500
  -6.609 -49.500 -49.500
  -6.607 -49.500 -49.500
  -6.605 -49.500 -49.500
  -6.603 -49.500 -49.500
  -6.602 -49.500 -49.500
  -6.600 -49.500 -49.500
  -6.598 -49.500 -49.500
  -6.596 -16.785 -16.785
  -6.594 -16.404 -16.404
