  -8.861 -13.959 -13.959
  -8.599 -14.004 -14.004
  -8.442 -14.161 -14.161
  -8.329 -14.326 -14.326
  -8.239 -14.333 -14.333
  -8.166 -14.421 -14.421
  -8.103 -14.505 -14.505
  -8.048 -14.412 -14.412
  -7.999 -14.617 -14.617
  -7.955 -14.382 -14.382
  -7.916 -14.680 -14.680
  -7.879 -14.800 -14.800
  -7.846 -14.721 -14.721
  -7.815 -14.778 -15.032
  -7.786 -14.800 -14.800
  -7.758 -14.968 -14.968
  -7.733 -14.805 -14.995
  -7.709 -14.142 -14.990
  -7.686 -14.991 -14.991
  -7.664 -15.101 -15.101
  -7.643 -14.724 -14.724
  -7.624 -14.901 -15.075
  -7.605 -15.065 -15.251
  -7.586 -15.225 -15.225
  -7.569 -14.984 -14.984
  -7.552 -15.160 -15.160
  -7.536 -14.790 -14.790
  -7.521 -15.069 -15.221
  -7.506 -14.176 -14.348
  -7.491 -14.649 -15.247
  -7.477 -15.153 -15.153
  -7.464 -15.443 -15.443
  -7.451 -15.126 -15.485
  -7.438 -15.486 -15.486
  -7.425 -15.053 -15.592
  -7.413 -15.522 -15.522
  -7.401 -15.567 -15.567
  -7.390 -15.445 -15.633
  -7.379 -15.486 -15.486
  -7.368 -14.978 -15.372
  -7.357 -15.633 -15.633
  -7.347 -14.904 -15.401
  -7.337 -15.548 -15.548
  -7.327 -15.539 -15.539
  -7.317 -15.827 -15.827
  -7.308 -15.346 -15.533
  -7.299 -15.791 -15.791
  -7.290 -14.486 -15.635
  -7.281 -15.434 -15.763
  -7.272 -15.443 -15.715
  -7.264 -15.630 -15.630
  -7.255 -15.590 -15.758
  -7.247 -15.258 -15.702
  -7.239 -15.676 -15.676
  -7.231 -15.271 -15.604
  -7.223 -15.831 -16.082
  -7.216 -15.669 -15.669
  -7.208 -15.987 -15.987
  -7.201 -15.247 -16.144
  -7.194 -15.730 -15.912
  -7.187 -15.747 -15.747
  -7.180 -16.111 -16.111
  -7.173 -15.423 -15.612
  -7.166 -15.702 -16.075
  -7.159 -15.859 -16.190
  -7.153 -16.150 -16.150
  -7.146 -15.583 -15.964
  -7.140 -16.040 -16.204
  -7.133 -15.834 -15.834
  -7.127 -15.554 -16.029
  -7.121 -16.262 -16.262
  -7.115 -15.464 -16.033
  -7.109 -15.953 -16.245
  -7.103 -15.763 -16.044
  -7.098 -14.934 -15.725
  -7.092 -15.254 -15.689
  -7.086 -16.155 -16.155
  -7.081 -16.018 -16.241
  -7.075 -16.289 -16.289
  -7.070 -16.068 -16.068
  -7.064 -16.710 -16.710
  -7.059 -16.313 -16.313
  -7.054 -15.777 -16.125
  -7.049 -15.848 -16.243
  -7.043 -16.310 -16.310
  -7.038 -15.644 -16.187
  -7.033 -16.149 -16.149
  -7.029 -15.563 -15.720
  -7.024 -15.833 -16.052
  -7.019 -15.198 -15.464
  -7.014 -14.377 -15.270
  -7.009 -16.393 -16.915
  -7.005 -15.910 -15.910
  -7.000 -16.048 -16.261
  -6.995 -16.348 -16.524
  -6.991 -15.643 -16.861
  -6.986 -16.360 -16.360
  -6.982 -16.010 -16.307
  -6.978 -16.876 -17.281
  -6.973 -15.348 -15.848
  -6.969 -16.756 -49.500
  -6.965 -15.225 -16.560
  -6.961 -16.400 -16.604
  -6.956 -16.148 -16.329
  -6.952 -16.832 -17.105
  -6.948 -23.195 -23.195
  -6.944 -16.570 -16.817
  -6.940 -16.282 -16.629
  -6.936 -16.522 -16.522
  -6.932 -15.800 -16.044
  -6.928 -16.730 -16.901
  -6.924 -16.378 -16.977
  -6.920 -15.411 -16.417
  -6.917 -16.733 -16.733
  -6.913 -16.046 -16.976
  -6.909 -16.145 -16.145
  -6.905 -16.067 -16.229
  -6.902 -16.744 -22.542
  -6.898 -16.383 -16.579
  -6.894 -16.392 -17.094
  -6.891 -14.955 -16.578
  -6.887 -16.540 -16.760
  -6.884 -16.344 -49.500
  -6.880 -15.999 -16.548
  -6.877 -15.425 -16.207
  -6.873 -16.318 -16.817
  -6.870 -49.500     NaN
  -6.867 -16.335 -16.492
  -6.863 -16.004 -16.323
  -6.860 -16.553 -16.921
  -6.857 -49.500     NaN
  -6.853 -16.674 -16.674
  -6.850 -15.974 -49.500
  -6.847 -16.382 -49.500
  -6.844 -17.182 -49.500
  -6.840 -16.939 -49.500
  -6.837 -15.663 -16.494
  -6.834 -16.187 -16.720
  -6.831 -49.500     NaN
  -6.828 -17.021 -17.247
  -6.825 -15.936 -16.948
  -6.822 -16.710 -49.500
  -6.819 -16.222 -16.450
  -6.816 -15.805 -16.277
  -6.813 -49.500     NaN
  -6.810 -49.500     NaN
  -6.807 -49.500     NaN
  -6.804 -16.859 -49.500
  -6.801 -15.595 -16.497
  -6.798 -16.200 -49.500
  -6.795 -15.640 -16.006
  -6.792 -49.500     NaN
  -6.789 -15.800 -16.637
  -6.787 -16.737 -17.086
  -6.784 -16.529 -49.500
  -6.781 -15.599 -16.722
  -6.778 -49.500     NaN
  -6.775 -17.072 -49.500
  -6.773 -16.371 -16.371
  -6.770 -49.500     NaN
  -6.767 -17.012 -49.500
  -6.765 -16.738 -16.738
  -6.762 -49.500     NaN
  -6.759 -16.413 -49.500
  -6.757 -16.295 -16.659
  -6.754 -49.500     NaN
  -6.751 -16.324 -49.500
  -6.749 -16.121 -49.500
  -6.746 -15.586 -16.692
  -6.744 -16.005 -16.949
  -6.741 -49.500     NaN
  -6.739 -16.184 -49.500
  -6.736 -49.500     NaN
  -6.734 -49.500 -49.500
  -6.731 -49.500 -49.500
  -6.729 -49.500 -49.500
  -6.726 -49.500 -49.500
  -6.724 -16.479 -16.820
  -6.721 -14.094 -14.094
  -6.719 -49.500     NaN
  -6.717 -49.500     NaN
  -6.714 -16.436 -49.500
  -6.712 -16.380 -49.500
  -6.709 -49.500     NaN
  -6.707 -49.500     NaN
  -6.705 -16.966 -16.966
  -6.702 -49.500     NaN
  -6.700 -49.500 -49.500
  -6.698 -49.500 -49.500
  -6.696 -49.500 -49.500
  -6.693 -16.551 -49.500
  -6.691 -49.500 -49.500
  -6.689 -49.500     NaN
  -6.687 -49.500 -49.500
  -6.684 -15.551 -16.248
  -6.682 -16.412 -49.500
  -6.680 -15.895 -49.500
  -6.678 -16.320 -16.320
  -6.675 -16.532 -49.500
  -6.673 -16.223 -49.500
  -6.671 -49.500 -49.500
  -6.669 -49.500 -49.500
  -6.667 -49.500 -49.500
  -6.665 -15.855 -15.855
  -6.663 -49.500 -49.500
  -6.661 -49.500 -49.500
  -6.658 -49.500 -49.500
  -6.656 -49.500     NaN
  -6.654 -49.500 -49.500
  -6.652 -16.360 -49.500
  -6.650 -49.500 -49.500
  -6.648 -16.935 -49.500
  -6.646 -49.500     NaN
  -6.644 -49.500 -49.500
  -6.642 -49.500 -49.500
  -6.640 -49.500 -49.500
  -6.638 -49.500     NaN
  -6.636 -49.500     NaN
  -6.634 -49.500 -49.500
  -6.632 -49.500 -49.500
  -6.630 -49.500     NaN
  -6.628 -49.500 -49.500
  -6.626 -49.500 -49.500
  -6.624 -49.500 -49.500
  -6.622 -49.500     NaN
  -6.620 -49.500 -49.500
  -6.618 -49.500     NaN
  -6.617 -49.500 -49.500
  -6.615 -49.500 -49.500
  -6.613 -49.500 -49.500
  -6.611 -49.500 -49.500
  -6.609 -16.449 -49.500
  -6.607 -49.500 -49.500
  -6.605 -49.500 -49.500
  -6.603 -49.500 -49.500
  -6.602 -49.500 -49.500
  -6.600 -16.282 -49.500
  -6.598 -49.500 -49.500
  -6.596 -49.500 -49.500
  -6.594 -16.100 -16.100
