  -8.861 -13.975 -13.975
  -8.599 -14.106 -14.106
  -8.442 -14.207 -14.207
  -8.329 -14.285 -14.285
  -8.239 -14.337 -14.337
  -8.166 -14.271 -14.271
  -8.103 -14.476 -14.476
  -8.048 -14.372 -14.372
  -7.999 -14.569 -14.569
  -7.955 -14.641 -14.641
  -7.916 -14.616 -14.616
  -7.879 -14.625 -14.625
  -7.846 -14.694 -14.694
  -7.815 -14.629 -14.791
  -7.786 -14.739 -14.739
  -7.758 -15.012 -15.012
  -7.733 -14.894 -14.894
  -7.709 -14.621 -14.621
  -7.686 -14.733 -14.733
  -7.664 -14.651 -14.919
  -7.643 -14.792 -15.070
  -7.624 -15.017 -15.017
  -7.605 -14.806 -15.095
  -7.586 -15.161 -15.161
  -7.569 -14.958 -14.958
  -7.552 -14.655 -15.131
  -7.536 -14.781 -15.361
  -7.521 -14.753 -14.753
  -7.506 -15.308 -15.308
  -7.491 -15.175 -15.175
  -7.477 -15.455 -15.455
  -7.464 -14.603 -15.360
  -7.451 -15.381 -15.381
  -7.438 -14.766 -15.399
  -7.425 -15.476 -15.476
  -7.413 -15.278 -15.463
  -7.401 -15.666 -15.666
  -7.390 -14.812 -15.374
  -7.379 -15.122 -15.530
  -7.368 -15.132 -15.317
  -7.357 -15.622 -15.780
  -7.347 -15.240 -15.753
  -7.337 -15.531 -15.531
  -7.327 -15.559 -15.559
  -7.317 -15.357 -15.875
  -7.308 -15.164 -15.164
  -7.299 -15.292 -15.565
  -7.290 -15.696 -15.696
  -7.281 -15.591 -15.783
  -7.272 -15.686 -15.686
  -7.264 -15.645 -15.645
  -7.255 -15.164 -15.326
  -7.247 -15.233 -15.386
  -7.239 -15.281 -15.496
  -7.231 -15.064 -15.064
  -7.223 -15.724 -15.724
  -7.216 -15.396 -15.571
  -7.208 -14.626 -14.947
  -7.201 -15.769 -15.769
  -7.194 -15.532 -15.745
  -7.187 -15.928 -15.928
  -7.180 -15.946 -16.149
  -7.173 -15.682 -15.682
  -7.166 -15.770 -15.770
  -7.159 -15.278 -16.104
  -7.153 -16.327 -16.327
  -7.146 -14.812 -15.466
  -7.140 -15.549 -15.549
  -7.133 -16.190 -16.190
  -7.127 -15.772 -16.080
  -7.121 -16.057 -16.057
  -7.115 -16.103 -16.103
  -7.109 -16.047 -16.047
  -7.103 -15.889 -15.889
  -7.098 -15.689 -15.689
  -7.092 -15.127 -15.127
  -7.086 -15.522 -15.716
  -7.081 -15.824 -15.824
  -7.075 -16.220 -16.470
  -7.070 -14.792 -15.623
  -7.064 -16.133 -16.363
  -7.059 -15.420 -15.940
  -7.054 -16.314 -16.314
  -7.049 -15.988 -16.415
  -7.043 -15.578 -16.211
  -7.038 -15.878 -16.097
  -7.033 -16.275 -16.275
  -7.029 -16.164 -16.364
  -7.024 -16.306 -16.306
  -7.019 -16.404 -16.579
  -7.014 -16.255 -16.255
  -7.009 -16.227 -16.227
  -7.005 -16.245 -16.559
  -7.000 -16.727 -16.990
  -6.995 -15.678 -16.438
  -6.991 -16.391 -16.391
  -6.986 -16.392 -16.561
  -6.982 -16.288 -16.288
  -6.978 -15.742 -15.742
  -6.973 -17.008 -22.423
  -6.969 -15.836 -16.584
  -6.965 -15.475 -15.985
  -6.961 -15.568 -16.212
  -6.956 -15.935 -16.142
  -6.952 -15.742 -16.309
  -6.948 -16.493 -17.199
  -6.944 -16.238 -16.709
  -6.940 -16.719 -16.934
  -6.936 -17.205 -17.370
  -6.932 -16.434 -16.686
  -6.928 -16.035 -16.411
  -6.924 -16.275 -16.275
  -6.920 -49.500     NaN
  -6.917 -16.636 -16.812
  -6.913 -16.300 -16.518
  -6.909 -16.131 -16.291
  -6.905 -16.908 -49.500
  -6.902 -16.780 -16.780
  -6.898 -16.331 -16.537
  -6.894 -16.619 -16.797
  -6.891 -15.588 -16.985
  -6.887 -16.437 -16.780
  -6.884 -16.854 -17.446
  -6.880 -15.729 -16.825
  -6.877 -15.642 -16.281
  -6.873 -16.348 -17.026
  -6.870 -15.875 -16.792
  -6.867 -16.339 -16.631
  -6.863 -16.050 -16.401
  -6.860 -16.632 -16.632
  -6.857 -16.889 -17.159
  -6.853 -16.427 -49.500
  -6.850 -16.750 -49.500
  -6.847 -15.450 -16.333
  -6.844 -16.632 -49.500
  -6.840 -17.069 -49.500
  -6.837 -16.603 -49.500
  -6.834 -15.468 -15.684
  -6.831 -49.500     NaN
  -6.828 -49.500     NaN
  -6.825 -16.689 -16.901
  -6.822 -16.856 -49.500
  -6.819 -15.671 -16.154
  -6.816 -16.685 -17.060
  -6.813 -16.791 -49.500
  -6.810 -16.322 -17.112
  -6.807 -16.014 -16.758
  -6.804 -16.100 -16.307
  -6.801 -16.393 -16.596
  -6.798 -15.907 -16.160
  -6.795 -49.500     NaN
  -6.792 -49.500 -49.500
  -6.789 -49.500     NaN
  -6.787 -17.022 -49.500
  -6.784 -49.500     NaN
  -6.781 -16.416 -16.735
  -6.778 -16.310 -16.614
  -6.775 -49.500     NaN
  -6.773 -15.625 -16.315
  -6.770 -49.500 -49.500
  -6.767 -16.586 -49.500
  -6.765 -49.500     NaN
  -6.762 -16.058 -16.600
  -6.759 -15.021 -49.500
  -6.757 -49.500     NaN
  -6.754 -15.651 -16.112
  -6.751 -16.556 -17.140
  -6.749 -17.078 -49.500
  -6.746 -16.578 -49.500
  -6.744 -16.802 -49.500
  -6.741 -49.500     NaN
  -6.739 -15.909 -16.364
  -6.736 -49.500 -49.500
  -6.734 -49.500 -49.500
  -6.731 -49.500     NaN
  -6.729 -49.500 -49.500
  -6.726 -49.500     NaN
  -6.724 -16.059 -49.500
  -6.721 -49.500 -49.500
  -6.719 -16.329 -49.500
  -6.717 -49.500     NaN
  -6.714 -49.500 -49.500
  -6.712 -49.500     NaN
  -6.709 -49.500     NaN
  -6.707 -49.500 -49.500
  -6.705 -16.864 -16.864
  -6.702 -49.500 -49.500
  -6.700 -49.500 -49.500
  -6.698 -49.500 -49.500
  -6.696 -49.500 -49.500
  -6.693 -17.044 -49.500
  -6.691 -49.500 -49.500
  -6.689 -49.500     NaN
  -6.687 -49.500 -49.500
  -6.684 -16.449 -16.449
  -6.682 -16.932 -49.500
  -6.680 -49.500     NaN
  -6.678 -49.500     NaN
  -6.675 -49.500 -49.500
  -6.673 -16.163 -16.163
  -6.671 -49.500 -49.500
  -6.669 -49.500 -49.500
  -6.667 -49.500     NaN
  -6.665 -16.615 -16.615
  -6.663 -49.500 -49.500
  -6.661 -15.537 -15.537
  -6.658 -16.473 -49.500
  -6.656 -49.500     NaN
  -6.654 -16.205 -16.205
  -6.652 -49.500 -49.500
  -6.650 -49.500 -49.500
  -6.648 -16.758 -16.758
  -6.646 -15.641 -49.500
  -6.644 -49.500     NaN
  -6.642 -16.584 -49.500
  -6.640 -49.500     NaN
  -6.638 -49.500 -49.500
  -6.636 -49.500 -49.500
  -6.634 -49.500 -49.500
  -6.632 -49.500 -49.500
  -6.630 -16.222 -49.500
  -6.628 -16.255 -49.500
  -6.626 -49.500 -49.500
  -6.624 -49.500     NaN
  -6.622 -49.500     NaN
  -6.620 -49.500 -49.500
  -6.618 -49.500     NaN
  -6.617 -16.459 -16.459
  -6.615 -49.500 -49.500
  -6.613 -49.500 -49.500
  -6.611 -49.500 -49.500
  -6.609 -49.500 -49.500
  -6.607 -49.500     NaN
  -6.605 -49.500 -49.500
  -6.603 -49.500 -49.500
  -6.602 -49.500 -49.500
  -6.600 -49.500 -49.500
  -6.598 -49.500 -49.500
  -6.596 -49.500 -49.500
  -6.594 -49.500     NaN
