  -8.861 -13.972 -13.972
  -8.599 -14.135 -14.135
  -8.442 -14.219 -14.219
  -8.329 -14.261 -14.261
  -8.239 -14.289 -14.289
  -8.166 -14.451 -14.451
  -8.103 -14.519 -14.519
  -8.048 -14.562 -14.562
  -7.999 -14.567 -14.567
  -7.955 -14.794 -14.794
  -7.916 -14.558 -14.558
  -7.879 -14.637 -14.637
  -7.846 -14.793 -14.793
  -7.815 -14.912 -14.912
  -7.786 -14.797 -14.797
  -7.758 -14.726 -14.726
  -7.733 -14.937 -14.937
  -7.709 -14.759 -15.153
  -7.686 -14.926 -14.926
  -7.664 -14.655 -14.900
  -7.643 -14.733 -14.895
  -7.624 -14.642 -14.837
  -7.605 -14.539 -14.971
  -7.586 -15.065 -15.065
  -7.569 -14.759 -15.143
  -7.552 -15.154 -15.154
  -7.536 -15.275 -15.275
  -7.521 -15.122 -15.335
  -7.506 -15.400 -15.400
  -7.491 -14.937 -15.211
  -7.477 -15.356 -15.356
  -7.464 -15.493 -15.493
  -7.451 -15.119 -15.492
  -7.438 -14.856 -15.446
  -7.425 -15.261 -15.261
  -7.413 -15.237 -15.408
  -7.401 -15.218 -15.472
  -7.390 -15.249 -15.586
  -7.379 -14.977 -15.334
  -7.368 -15.255 -15.588
  -7.357 -15.357 -15.357
  -7.347 -15.195 -15.195
  -7.337 -15.182 -15.404
  -7.327 -14.829 -15.124
  -7.317 -15.190 -15.617
  -7.308 -15.000 -15.302
  -7.299 -15.401 -15.401
  -7.290 -15.562 -15.799
  -7.281 -15.279 -15.439
  -7.272 -15.682 -15.682
  -7.264 -15.434 -15.763
  -7.255 -15.195 -15.441
  -7.247 -15.237 -15.979
  -7.239 -15.942 -15.942
  -7.231 -15.763 -15.936
  -7.223 -15.545 -15.545
  -7.216 -16.012 -16.012
  -7.208 -15.313 -15.714
  -7.201 -15.387 -15.768
  -7.194 -16.146 -16.418
  -7.187 -15.897 -15.897
  -7.180 -15.642 -15.642
  -7.173 -14.835 -15.863
  -7.166 -15.098 -15.303
  -7.159 -15.580 -16.052
  -7.153 -14.995 -16.059
  -7.146 -16.323 -16.531
  -7.140 -16.005 -16.261
  -7.133 -15.661 -15.962
  -7.127 -15.339 -15.339
  -7.121 -15.105 -15.745
  -7.115 -16.019 -16.227
  -7.109 -16.112 -16.112
  -7.103 -16.329 -16.329
  -7.098 -15.754 -16.424
  -7.092 -15.521 -15.681
  -7.086 -16.079 -16.079
  -7.081 -15.664 -16.007
  -7.075 -15.828 -16.081
  -7.070 -15.932 -16.104
  -7.064 -16.258 -16.258
  -7.059 -15.910 -15.910
  -7.054 -15.919 -16.300
  -7.049 -16.277 -16.277
  -7.043 -16.030 -16.030
  -7.038 -16.402 -16.565
  -7.033 -15.171 -16.031
  -7.029 -16.200 -16.571
  -7.024 -16.147 -16.147
  -7.019 -16.056 -16.056
  -7.014 -16.142 -16.361
  -7.009 -16.311 -16.311
  -7.005 -15.348 -16.006
  -7.000 -16.363 -16.598
  -6.995 -16.291 -16.626
  -6.991 -15.974 -16.290
  -6.986 -15.781 -15.982
  -6.982 -15.977 -16.151
  -6.978 -15.984 -16.632
  -6.973 -17.114 -49.500
  -6.969 -16.637 -16.822
  -6.965 -16.202 -16.621
  -6.961 -15.944 -16.661
  -6.956 -15.224 -16.243
  -6.952 -15.210 -16.049
  -6.948 -16.209 -16.592
  -6.944 -16.491 -16.796
  -6.940 -16.040 -16.594
  -6.936 -16.655 -16.655
  -6.932 -16.421 -16.421
  -6.928 -49.500     NaN
  -6.924 -16.077 -16.315
  -6.920 -15.786 -16.628
  -6.917 -17.388 -49.500
  -6.913 -16.345 -16.345
  -6.909 -49.500 -49.500
  -6.905 -16.332 -16.743
  -6.902 -16.286 -16.503
  -6.898 -16.984 -22.878
  -6.894 -15.635 -16.548
  -6.891 -15.771 -16.564
  -6.887 -16.155 -16.332
  -6.884 -16.162 -16.371
  -6.880 -16.401 -16.607
  -6.877 -16.080 -17.085
  -6.873 -15.806 -49.500
  -6.870 -16.760 -49.500
  -6.867 -16.238 -16.238
  -6.863 -15.894 -16.379
  -6.860 -16.633 -49.500
  -6.857 -17.019 -49.500
  -6.853 -49.500     NaN
  -6.850 -17.033 -49.500
  -6.847 -49.500     NaN
  -6.844 -16.455 -16.785
  -6.840 -15.872 -49.500
  -6.837 -49.500     NaN
  -6.834 -17.346 -49.500
  -6.831 -16.806 -16.987
  -6.828 -16.678 -17.130
  -6.825 -16.619 -17.000
  -6.822 -16.457 -49.500
  -6.819 -16.829 -49.500
  -6.816 -16.036 -16.679
  -6.813 -16.247 -16.490
  -6.810 -16.554 -16.948
  -6.807 -17.072 -49.500
  -6.804 -16.946 -49.500
  -6.801 -17.123 -49.500
  -6.798 -15.306 -16.364
  -6.795 -49.500 -49.500
  -6.792 -49.500     NaN
  -6.789 -17.002 -49.500
  -6.787 -15.897 -16.483
  -6.784 -16.322 -49.500
  -6.781 -15.889 -16.622
  -6.778 -15.720 -16.514
  -6.775 -16.320 -49.500
  -6.773 -17.122 -49.500
  -6.770 -15.513 -49.500
  -6.767 -49.500 -49.500
  -6.765 -49.500     NaN
  -6.762 -49.500     NaN
  -6.759 -16.647 -16.946
  -6.757 -49.500     NaN
  -6.754 -15.256 -49.500
  -6.751 -49.500 -49.500
  -6.749 -49.500 -49.500
  -6.746 -16.569 -49.500
  -6.744 -49.500     NaN
  -6.741 -49.500 -49.500
  -6.739 -49.500     NaN
  -6.736 -49.500 -49.500
  -6.734 -49.500     NaN
  -6.731 -16.728 -16.728
  -6.729 -16.876 -16.876
  -6.726 -49.500     NaN
  -6.724 -49.500 -49.500
  -6.721 -49.500     NaN
  -6.719 -49.500     NaN
  -6.717 -16.393 -16.393
  -6.714 -16.770 -49.500
  -6.712 -49.500     NaN
  -6.709 -16.570 -49.500
  -6.707 -49.500     NaN
  -6.705 -16.210 -49.500
  -6.702 -49.500 -49.500
  -6.700 -49.500     NaN
  -6.698 -16.818 -17.010
  -6.696 -49.500     NaN
  -6.693 -15.343 -49.500
  -6.691 -16.854 -49.500
  -6.689 -49.500 -49.500
  -6.687 -49.500 -49.500
  -6.684 -49.500 -49.500
  -6.682 -49.500     NaN
  -6.680 -49.500 -49.500
  -6.678 -49.500 -49.500
  -6.675 -49.500 -49.500
  -6.673 -49.500 -49.500
  -6.671 -49.500     NaN
  -6.669 -49.500     NaN
  -6.667 -16.592 -16.592
  -6.665 -49.500 -49.500
  -6.663 -16.161 -16.161
  -6.661 -16.454 -49.500
  -6.658 -16.730 -49.500
  -6.656 -49.500 -49.500
  -6.654 -16.400 -16.400
  -6.652 -49.500 -49.500
  -6.650 -15.527 -15.527
  -6.648 -49.500 -49.500
  -6.646 -14.983 -16.607
  -6.644 -49.500 -49.500
  -6.642 -49.500 -49.500
  -6.640 -15.615 -49.500
  -6.638 -49.500 -49.500
  -6.636 -49.500     NaN
  -6.634 -49.500     NaN
  -6.632 -49.500 -49.500
  -6.630 -49.500 -49.500
  -6.628 -49.500 -49.500
  -6.626 -49.500 -49.500
  -6.624 -16.145 -16.145
  -6.622 -49.500 -49.500
  -6.620 -49.500 -49.500
  -6.618 -16.956 -16.956
  -6.617 -49.500 -49.500
  -6.615 -49.500 -49.500
  -6.613 -49.500 -49.500
  -6.611 -49.500 -49.500
  -6.609 -49.500 -49.500
  -6.607 -49.500 -49.500
  -6.605 -49.500 -49.500
  -6.603 -49.500 -49.500
  -6.602 -49.500 -49.500
  -6.600 -49.500 -49.500
  -6.598 -49.500 -49.500
  -6.596 -16.618 -17.014
  -6.594 -49.500 -49.500
