  -8.861 -13.965 -13.965
  -8.599 -14.052 -14.052
  -8.442 -14.161 -14.161
  -8.329 -14.309 -14.309
  -8.239 -14.395 -14.395
  -8.166 -14.374 -14.374
  -8.103 -14.450 -14.450
  -8.048 -14.370 -14.531
  -7.999 -14.252 -14.421
  -7.955 -14.633 -14.633
  -7.916 -14.043 -14.669
  -7.879 -14.813 -14.813
  -7.846 -14.410 -14.595
  -7.815 -14.894 -14.894
  -7.786 -14.757 -14.757
  -7.758 -14.701 -14.952
  -7.733 -14.833 -14.833
  -7.709 -14.647 -14.945
  -7.686 -14.692 -14.866
  -7.664 -15.039 -15.039
  -7.643 -15.048 -15.048
  -7.624 -15.000 -15.000
  -7.605 -15.335 -15.335
  -7.586 -15.069 -15.295
  -7.569 -15.064 -15.064
  -7.552 -15.074 -15.238
  -7.536 -14.922 -14.922
  -7.521 -15.135 -15.135
  -7.506 -14.858 -15.244
  -7.491 -15.509 -15.509
  -7.477 -14.666 -15.376
  -7.464 -15.059 -15.059
  -7.451 -14.908 -14.908
  -7.438 -14.896 -15.222
  -7.425 -15.204 -15.204
  -7.413 -15.329 -15.512
  -7.401 -14.960 -15.262
  -7.390 -15.651 -15.651
  -7.379 -15.500 -15.500
  -7.368 -15.467 -15.467
  -7.357 -15.528 -15.528
  -7.347 -15.540 -15.540
  -7.337 -15.634 -15.634
  -7.327 -15.762 -15.762
  -7.317 -15.336 -15.689
  -7.308 -15.275 -15.442
  -7.299 -14.490 -15.335
  -7.290 -15.748 -15.935
  -7.281 -15.631 -15.631
  -7.272 -15.494 -15.789
  -7.264 -15.847 -15.847
  -7.255 -15.893 -16.048
  -7.247 -15.615 -15.789
  -7.239 -15.783 -15.783
  -7.231 -15.745 -15.745
  -7.223 -15.211 -15.530
  -7.216 -15.592 -15.592
  -7.208 -15.797 -15.797
  -7.201 -15.712 -15.987
  -7.194 -15.392 -15.643
  -7.187 -16.236 -16.236
  -7.180 -15.744 -15.744
  -7.173 -15.384 -15.384
  -7.166 -15.422 -15.783
  -7.159 -14.919 -15.841
  -7.153 -15.172 -15.980
  -7.146 -15.995 -15.995
  -7.140 -16.314 -16.314
  -7.133 -16.064 -16.064
  -7.127 -15.499 -15.836
  -7.121 -16.264 -16.423
  -7.115 -15.643 -16.284
  -7.109 -16.074 -16.074
  -7.103 -16.062 -16.062
  -7.098 -15.554 -15.802
  -7.092 -16.001 -16.001
  -7.086 -16.195 -16.195
  -7.081 -15.294 -15.968
  -7.075 -15.393 -15.959
  -7.070 -15.768 -16.332
  -7.064 -15.761 -16.103
  -7.059 -15.668 -15.941
  -7.054 -16.433 -16.433
  -7.049 -16.374 -16.374
  -7.043 -15.554 -15.713
  -7.038 -16.357 -16.357
  -7.033 -16.308 -16.308
  -7.029 -16.289 -16.571
  -7.024 -16.267 -16.267
  -7.019 -16.131 -16.131
  -7.014 -15.769 -16.077
  -7.009 -16.167 -16.167
  -7.005 -16.094 -16.433
  -7.000 -16.089 -16.351
  -6.995 -14.557 -15.887
  -6.991 -15.757 -16.210
  -6.986 -15.644 -15.644
  -6.982 -16.363 -16.797
  -6.978 -16.114 -16.650
  -6.973 -15.115 -16.275
  -6.969 -16.625 -16.625
  -6.965 -16.059 -16.539
  -6.961 -16.198 -16.618
  -6.956 -16.621 -16.829
  -6.952 -15.633 -16.624
  -6.948 -16.609 -16.922
  -6.944 -16.344 -16.859
  -6.940 -16.079 -16.460
  -6.936 -14.971 -16.180
  -6.932 -16.768 -17.047
  -6.928 -15.407 -16.202
  -6.924 -16.660 -16.829
  -6.920 -16.373 -16.645
  -6.917 -16.351 -16.651
  -6.913 -15.664 -16.067
  -6.909 -16.118 -16.118
  -6.905 -16.337 -16.337
  -6.902 -15.321 -16.480
  -6.898 -16.590 -16.964
  -6.894 -15.890 -16.278
  -6.891 -49.500     NaN
  -6.887 -16.666 -16.666
  -6.884 -16.959 -49.500
  -6.880 -15.926 -16.898
  -6.877 -49.500     NaN
  -6.873 -15.085 -16.454
  -6.870 -15.319 -16.800
  -6.867 -15.417 -16.198
  -6.863 -15.524 -15.897
  -6.860 -16.552 -49.500
  -6.857 -49.500     NaN
  -6.853 -16.799 -49.500
  -6.850 -16.261 -16.584
  -6.847 -16.265 -49.500
  -6.844 -17.214 -49.500
  -6.840 -49.500 -49.500
  -6.837 -16.257 -49.500
  -6.834 -49.500     NaN
  -6.831 -49.500     NaN
  -6.828 -15.460 -49.500
  -6.825 -16.463 -49.500
  -6.822 -15.986 -16.733
  -6.819 -16.255 -49.500
  -6.816 -16.557 -49.500
  -6.813 -49.500     NaN
  -6.810 -49.500     NaN
  -6.807 -49.500     NaN
  -6.804 -16.935 -49.500
  -6.801 -16.266 -16.547
  -6.798 -16.525 -49.500
  -6.795 -16.846 -49.500
  -6.792 -49.500     NaN
  -6.789 -15.988 -49.500
  -6.787 -49.500     NaN
  -6.784 -16.139 -49.500
  -6.781 -14.096 -49.500
  -6.778 -17.055 -49.500
  -6.775 -16.473 -49.500
  -6.773 -49.500 -49.500
  -6.770 -16.896 -49.500
  -6.767 -16.627 -17.016
  -6.765 -16.807 -49.500
  -6.762 -15.535 -16.314
  -6.759 -16.182 -16.571
  -6.757 -16.587 -49.500
  -6.754 -49.500     NaN
  -6.751 -49.500 -49.500
  -6.749 -16.565 -16.874
  -6.746 -49.500 -49.500
  -6.744 -49.500     NaN
  -6.741 -16.946 -49.500
  -6.739 -16.303 -16.303
  -6.736 -49.500     NaN
  -6.734 -16.703 -16.703
  -6.731 -16.188 -16.188
  -6.729 -15.909 -16.803
  -6.726 -49.500     NaN
  -6.724 -49.500 -49.500
  -6.721 -49.500 -49.500
  -6.719 -16.513 -16.698
  -6.717 -49.500 -49.500
  -6.714 -49.500     NaN
  -6.712 -49.500 -49.500
  -6.709 -16.745 -49.500
  -6.707 -16.852 -49.500
  -6.705 -49.500     NaN
  -6.702 -49.500 -49.500
  -6.700 -15.736 -15.736
  -6.698 -16.993 -49.500
  -6.696 -49.500 -49.500
  -6.693 -49.500 -49.500
  -6.691 -16.822 -16.822
  -6.689 -16.891 -49.500
  -6.687 -16.849 -49.500
  -6.684 -49.500 -49.500
  -6.682 -49.500 -49.500
  -6.680 -16.925 -49.500
  -6.678 -49.500 -49.500
  -6.675 -49.500 -49.500
  -6.673 -16.492 -16.492
  -6.671 -49.500 -49.500
  -6.669 -16.498 -16.498
  -6.667 -49.500 -49.500
  -6.665 -49.500 -49.500
  -6.663 -49.500     NaN
  -6.661 -49.500     NaN
  -6.658 -15.652 -15.652
  -6.656 -49.500 -49.500
  -6.654 -16.199 -49.500
  -6.652 -16.540 -49.500
  -6.650 -16.155 -49.500
  -6.648 -49.500 -49.500
  -6.646 -16.717 -49.500
  -6.644 -16.346 -16.770
  -6.642 -49.500 -49.500
  -6.640 -16.441 -49.500
  -6.638 -49.500     NaN
  -6.636 -49.500     NaN
  -6.634 -49.500 -49.500
  -6.632 -49.500     NaN
  -6.630 -16.571 -49.500
  -6.628 -49.500     NaN
  -6.626 -16.151 -16.151
  -6.624 -17.004 -17.004
  -6.622 -49.500 -49.500
  -6.620 -49.500 -49.500
  -6.618 -49.500 -49.500
  -6.617 -49.500     NaN
  -6.615 -49.500 -49.500
  -6.613 -49.500 -49.500
  -6.611 -49.500 -49.500
  -6.609 -16.753 -49.500
  -6.607 -16.059 -49.500
  -6.605 -49.500     NaN
  -6.603 -49.500     NaN
  -6.602 -16.414 -16.414
  -6.600 -49.500 -49.500
  -6.598 -15.552 -15.552
  -6.596 -49.500 -49.500
  -6.594 -49.500 -49.500
