  -8.861 -13.965 -13.965
  -8.599 -14.120 -14.120
  -8.442 -14.239 -14.239
  -8.329 -14.317 -14.317
  -8.239 -14.358 -14.358
  -8.166 -14.398 -14.398
  -8.103 -14.350 -14.350
  -8.048 -14.642 -14.642
  -7.999 -14.595 -14.595
  -7.955 -14.535 -14.535
  -7.916 -14.746 -14.746
  -7.879 -14.673 -14.673
  -7.846 -14.740 -14.941
  -7.815 -14.743 -14.743
  -7.786 -14.776 -14.776
  -7.758 -14.492 -14.774
  -7.733 -14.506 -14.728
  -7.709 -14.914 -14.914
  -7.686 -14.796 -14.948
  -7.664 -14.328 -14.982
  -7.643 -14.028 -14.722
  -7.624 -14.532 -14.532
  -7.605 -15.123 -15.123
  -7.586 -15.221 -15.221
  -7.569 -14.677 -14.835
  -7.552 -14.973 -14.973
  -7.536 -15.380 -15.380
  -7.521 -15.050 -15.263
  -7.506 -15.396 -15.396
  -7.491 -14.175 -14.904
  -7.477 -15.312 -15.312
  -7.464 -15.377 -15.377
  -7.451 -15.160 -15.524
  -7.438 -15.290 -15.290
  -7.425 -14.898 -15.309
  -7.413 -15.367 -15.367
  -7.401 -15.292 -15.292
  -7.390 -15.755 -15.755
  -7.379 -15.520 -15.520
  -7.368 -14.982 -15.156
  -7.357 -14.999 -15.475
  -7.347 -15.501 -15.792
  -7.337 -15.459 -15.906
  -7.327 -15.058 -15.058
  -7.317 -15.519 -15.519
  -7.308 -15.698 -15.698
  -7.299 -15.396 -15.396
  -7.290 -15.150 -15.598
  -7.281 -15.613 -15.613
  -7.272 -15.495 -15.669
  -7.264 -15.610 -15.828
  -7.255 -15.799 -16.041
  -7.247 -15.674 -15.674
  -7.239 -15.011 -15.817
  -7.231 -15.204 -15.589
  -7.223 -16.013 -16.013
  -7.216 -15.199 -15.445
  -7.208 -15.577 -15.577
  -7.201 -15.834 -15.834
  -7.194 -15.142 -16.060
  -7.187 -15.787 -15.951
  -7.180 -15.210 -15.797
  -7.173 -15.844 -15.844
  -7.166 -15.536 -15.536
  -7.159 -15.661 -15.816
  -7.153 -16.015 -16.015
  -7.146 -14.792 -15.106
  -7.140 -15.744 -15.744
  -7.133 -15.623 -16.395
  -7.127 -15.950 -16.173
  -7.121 -15.507 -16.063
  -7.115 -15.982 -16.161
  -7.109 -15.022 -15.526
  -7.103 -16.258 -16.258
  -7.098 -16.078 -16.249
  -7.092 -15.939 -15.939
  -7.086 -16.295 -16.295
  -7.081 -15.832 -16.454
  -7.075 -16.332 -16.332
  -7.070 -15.492 -16.199
  -7.064 -15.857 -15.857
  -7.059 -16.003 -16.375
  -7.054 -16.218 -16.218
  -7.049 -16.208 -16.208
  -7.043 -15.959 -15.959
  -7.038 -16.377 -16.377
  -7.033 -15.704 -15.882
  -7.029 -15.809 -15.974
  -7.024 -16.251 -16.547
  -7.019 -16.135 -16.388
  -7.014 -15.736 -16.487
  -7.009 -16.098 -16.655
  -7.005 -15.867 -16.329
  -7.000 -16.499 -16.717
  -6.995 -16.141 -16.321
  -6.991 -16.280 -16.763
  -6.986 -16.358 -16.575
  -6.982 -16.212 -16.212
  -6.978 -16.355 -16.599
  -6.973 -17.026 -49.500
  -6.969 -16.245 -16.506
  -6.965 -16.388 -16.665
  -6.961 -15.646 -15.646
  -6.956 -16.637 -16.637
  -6.952 -15.910 -16.438
  -6.948 -15.530 -15.711
  -6.944 -14.950 -15.104
  -6.940 -16.211 -16.546
  -6.936 -16.194 -16.194
  -6.932 -16.335 -16.696
  -6.928 -15.856 -16.707
  -6.924 -16.210 -21.651
  -6.920 -16.390 -16.913
  -6.917 -49.500     NaN
  -6.913 -16.197 -16.197
  -6.909 -16.843 -49.500
  -6.905 -16.226 -17.041
  -6.902 -16.318 -16.551
  -6.898 -16.492 -22.159
  -6.894 -15.926 -16.372
  -6.891 -15.837 -16.452
  -6.887 -16.098 -16.098
  -6.884 -16.716 -17.128
  -6.880 -16.570 -16.916
  -6.877 -16.509 -16.747
  -6.873 -16.356 -16.628
  -6.870 -49.500     NaN
  -6.867 -16.916 -17.121
  -6.863 -16.041 -16.353
  -6.860 -15.225 -17.158
  -6.857 -16.254 -16.727
  -6.853 -16.262 -16.627
  -6.850 -17.157 -49.500
  -6.847 -16.635 -49.500
  -6.844 -16.830 -17.037
  -6.840 -16.343 -16.343
  -6.837 -15.193 -16.241
  -6.834 -16.604 -16.813
  -6.831 -16.700 -16.984
  -6.828 -16.113 -17.016
  -6.825 -16.734 -17.246
  -6.822 -16.938 -49.500
  -6.819 -16.269 -49.500
  -6.816 -15.455 -16.178
  -6.813 -16.827 -49.500
  -6.810 -16.566 -49.500
  -6.807 -49.500     NaN
  -6.804 -16.495 -16.648
  -6.801 -16.539 -49.500
  -6.798 -16.646 -16.873
  -6.795 -49.500     NaN
  -6.792 -49.500 -49.500
  -6.789 -16.944 -49.500
  -6.787 -15.796 -16.520
  -6.784 -49.500     NaN
  -6.781 -16.370 -49.500
  -6.778 -49.500 -49.500
  -6.775 -16.063 -16.769
  -6.773 -15.441 -16.670
  -6.770 -49.500     NaN
  -6.767 -16.723 -49.500
  -6.765 -15.918 -49.500
  -6.762 -15.510 -49.500
  -6.759 -49.500     NaN
  -6.757 -16.581 -49.500
  -6.754 -15.910 -16.082
  -6.751 -16.709 -49.500
  -6.749 -15.276 -49.500
  -6.746 -15.733 -16.558
  -6.744 -16.956 -49.500
  -6.741 -49.500     NaN
  -6.739 -15.505 -49.500
  -6.736 -49.500     NaN
  -6.734 -17.358 -49.500
  -6.731 -49.500 -49.500
  -6.729 -49.500 -49.500
  -6.726 -49.500     NaN
  -6.724 -16.279 -16.572
  -6.721 -16.731 -16.731
  -6.719 -49.500     NaN
  -6.717 -49.500     NaN
  -6.714 -49.500     NaN
  -6.712 -16.111 -16.812
  -6.709 -49.500 -49.500
  -6.707 -17.177 -49.500
  -6.705 -49.500 -49.500
  -6.702 -49.500 -49.500
  -6.700 -16.568 -49.500
  -6.698 -15.987 -49.500
  -6.696 -49.500 -49.500
  -6.693 -49.500     NaN
  -6.691 -49.500 -49.500
  -6.689 -49.500     NaN
  -6.687 -16.561 -16.561
  -6.684 -49.500     NaN
  -6.682 -49.500 -49.500
  -6.680 -49.500 -49.500
  -6.678 -49.500     NaN
  -6.675 -16.046 -49.500
  -6.673 -49.500 -49.500
  -6.671 -49.500     NaN
  -6.669 -15.062 -15.062
  -6.667 -49.500 -49.500
  -6.665 -49.500 -49.500
  -6.663 -16.420 -49.500
  -6.661 -49.500 -49.500
  -6.658 -16.918 -16.918
  -6.656 -49.500 -49.500
  -6.654 -49.500     NaN
  -6.652 -49.500 -49.500
  -6.650 -49.500 -49.500
  -6.648 -16.647 -16.647
  -6.646 -49.500 -49.500
  -6.644 -49.500 -49.500
  -6.642 -49.500 -49.500
  -6.640 -49.500     NaN
  -6.638 -49.500 -49.500
  -6.636 -15.709 -15.709
  -6.634 -49.500 -49.500
  -6.632 -49.500 -49.500
  -6.630 -15.790 -49.500
  -6.628 -16.247 -49.500
  -6.626 -49.500 -49.500
  -6.624 -15.391 -16.346
  -6.622 -16.686 -16.686
  -6.620 -49.500 -49.500
  -6.618 -49.500 -49.500
  -6.617 -49.500 -49.500
  -6.615 -49.500 -49.500
  -6.613 -16.643 -16.643
  -6.611 -16.238 -49.500
  -6.609 -49.500 -49.500
  -6.607 -49.500 -49.500
  -6.605 -49.500 -49.500
  -6.603 -49.500     NaN
  -6.602 -49.500 -49.500
  -6.600 -49.500 -49.500
  -6.598 -15.899 -15.899
  -6.596 -49.500 -49.500
  -6.594 -49.500     NaN
