  -8.861 -13.957 -13.957
  -8.599 -14.077 -14.077
  -8.442 -14.159 -14.159
  -8.329 -14.330 -14.330
  -8.239 -14.299 -14.299
  -8.166 -14.450 -14.450
  -8.103 -14.519 -14.519
  -8.048 -14.537 -14.537
  -7.999 -14.576 -14.576
  -7.955 -14.507 -14.507
  -7.916 -14.719 -14.719
  -7.879 -14.678 -14.678
  -7.846 -14.749 -14.749
  -7.815 -14.776 -14.776
  -7.786 -14.821 -14.821
  -7.758 -14.943 -14.943
  -7.733 -14.888 -14.888
  -7.709 -14.770 -14.923
  -7.686 -14.716 -14.962
  -7.664 -15.046 -15.231
  -7.643 -14.894 -14.894
  -7.624 -14.901 -14.901
  -7.605 -14.413 -15.233
  -7.586 -14.901 -15.246
  -7.569 -15.034 -15.034
  -7.552 -15.374 -15.374
  -7.536 -15.125 -15.125
  -7.521 -14.827 -15.071
  -7.506 -15.380 -15.380
  -7.491 -15.185 -15.395
  -7.477 -14.933 -15.087
  -7.464 -14.942 -14.942
  -7.451 -15.579 -15.579
  -7.438 -15.102 -15.289
  -7.425 -15.358 -15.358
  -7.413 -15.142 -15.394
  -7.401 -15.267 -15.464
  -7.390 -15.525 -15.525
  -7.379 -15.509 -15.509
  -7.368 -14.955 -15.746
  -7.357 -15.376 -15.376
  -7.347 -15.336 -15.680
  -7.337 -15.654 -15.654
  -7.327 -15.725 -15.725
  -7.317 -15.432 -15.608
  -7.308 -15.729 -15.729
  -7.299 -15.660 -15.660
  -7.290 -15.216 -15.387
  -7.281 -15.395 -15.756
  -7.272 -15.815 -15.815
  -7.264 -15.162 -15.944
  -7.255 -15.097 -15.544
  -7.247 -15.943 -15.943
  -7.239 -15.509 -15.509
  -7.231 -15.622 -15.622
  -7.223 -15.792 -15.988
  -7.216 -15.178 -15.703
  -7.208 -15.910 -15.910
  -7.201 -15.878 -15.878
  -7.194 -15.848 -15.848
  -7.187 -15.410 -15.868
  -7.180 -15.900 -16.076
  -7.173 -15.173 -15.773
  -7.166 -15.962 -15.962
  -7.159 -15.407 -15.677
  -7.153 -15.689 -15.845
  -7.146 -15.438 -16.227
  -7.140 -16.093 -16.093
  -7.133 -16.544 -16.544
  -7.127 -15.238 -15.452
  -7.121 -15.754 -15.754
  -7.115 -16.313 -16.531
  -7.109 -15.986 -15.986
  -7.103 -14.520 -15.738
  -7.098 -16.062 -16.221
  -7.092 -15.853 -16.053
  -7.086 -16.315 -16.315
  -7.081 -15.925 -16.100
  -7.075 -15.543 -16.056
  -7.070 -16.061 -16.273
  -7.064 -15.160 -15.944
  -7.059 -16.113 -16.705
  -7.054 -16.018 -16.360
  -7.049 -15.762 -16.002
  -7.043 -16.378 -16.594
  -7.038 -16.325 -16.622
  -7.033 -16.255 -16.429
  -7.029 -16.336 -16.741
  -7.024 -15.275 -15.776
  -7.019 -16.356 -16.356
  -7.014 -16.284 -16.284
  -7.009 -15.417 -16.375
  -7.005 -15.578 -15.885
  -7.000 -16.070 -16.242
  -6.995 -16.206 -16.206
  -6.991 -15.940 -15.940
  -6.986 -15.783 -15.956
  -6.982 -16.334 -16.600
  -6.978 -15.186 -16.070
  -6.973 -17.553 -49.500
  -6.969 -15.843 -16.147
  -6.965 -16.538 -16.750
  -6.961 -16.301 -16.500
  -6.956 -16.622 -16.790
  -6.952 -15.370 -15.853
  -6.948 -16.431 -16.431
  -6.944 -15.177 -16.526
  -6.940 -16.100 -16.257
  -6.936 -16.668 -17.077
  -6.932 -16.872 -17.040
  -6.928 -16.297 -16.566
  -6.924 -15.480 -15.803
  -6.920 -16.168 -16.463
  -6.917 -16.456 -49.500
  -6.913 -15.480 -16.276
  -6.909 -16.644 -16.843
  -6.905 -15.678 -16.254
  -6.902 -16.301 -16.463
  -6.898 -16.161 -16.378
  -6.894 -15.914 -16.383
  -6.891 -16.548 -16.548
  -6.887 -16.477 -16.749
  -6.884 -16.892 -17.210
  -6.880 -17.336 -49.500
  -6.877 -16.473 -49.500
  -6.873 -16.839 -17.041
  -6.870 -16.650 -16.912
  -6.867 -49.500     NaN
  -6.863 -17.025 -49.500
  -6.860 -16.537 -49.500
  -6.857 -15.730 -15.945
  -6.853 -16.841 -17.072
  -6.850 -16.224 -49.500
  -6.847 -16.726 -49.500
  -6.844 -16.026 -16.535
  -6.840 -17.241 -49.500
  -6.837 -16.343 -16.560
  -6.834 -15.003 -17.226
  -6.831 -17.396 -49.500
  -6.828 -16.266 -49.500
  -6.825 -49.500     NaN
  -6.822 -16.535 -49.500
  -6.819 -49.500     NaN
  -6.816 -49.500     NaN
  -6.813 -17.126 -17.126
  -6.810 -49.500     NaN
  -6.807 -16.278 -49.500
  -6.804 -49.500 -49.500
  -6.801 -17.303 -49.500
  -6.798 -49.500     NaN
  -6.795 -16.193 -49.500
  -6.792 -15.478 -16.752
  -6.789 -15.731 -15.930
  -6.787 -49.500     NaN
  -6.784 -16.929 -49.500
  -6.781 -16.774 -17.059
  -6.778 -16.461 -49.500
  -6.775 -16.293 -16.713
  -6.773 -16.567 -49.500
  -6.770 -17.379 -49.500
  -6.767 -49.500     NaN
  -6.765 -16.348 -49.500
  -6.762 -16.268 -49.500
  -6.759 -16.997 -49.500
  -6.757 -16.926 -49.500
  -6.754 -49.500     NaN
  -6.751 -49.500 -49.500
  -6.749 -16.083 -16.292
  -6.746 -16.148 -16.148
  -6.744 -16.193 -17.187
  -6.741 -49.500 -49.500
  -6.739 -49.500     NaN
  -6.736 -49.500     NaN
  -6.734 -15.514 -49.500
  -6.731 -15.915 -15.915
  -6.729 -16.570 -49.500
  -6.726 -15.986 -16.142
  -6.724 -16.250 -16.893
  -6.721 -49.500     NaN
  -6.719 -49.500 -49.500
  -6.717 -16.290 -16.290
  -6.714 -16.277 -16.277
  -6.712 -49.500 -49.500
  -6.709 -49.500 -49.500
  -6.707 -49.500     NaN
  -6.705 -49.500     NaN
  -6.702 -16.641 -16.641
  -6.700 -16.277 -49.500
  -6.698 -49.500     NaN
  -6.696 -49.500     NaN
  -6.693 -49.500 -49.500
  -6.691 -49.500 -49.500
  -6.689 -16.339 -16.882
  -6.687 -49.500     NaN
  -6.684 -16.497 -16.497
  -6.682 -49.500 -49.500
  -6.680 -16.665 -49.500
  -6.678 -49.500 -49.500
  -6.675 -15.971 -49.500
  -6.673 -49.500 -49.500
  -6.671 -49.500 -49.500
  -6.669 -49.500 -49.500
  -6.667 -15.540 -49.500
  -6.665 -49.500 -49.500
  -6.663 -49.500 -49.500
  -6.661 -16.152 -49.500
  -6.658 -16.180 -16.180
  -6.656 -49.500     NaN
  -6.654 -49.500 -49.500
  -6.652 -49.500     NaN
  -6.650 -16.525 -49.500
  -6.648 -16.776 -16.776
  -6.646 -49.500     NaN
  -6.644 -49.500 -49.500
  -6.642 -49.500 -49.500
  -6.640 -49.500 -49.500
  -6.638 -15.814 -15.814
  -6.636 -49.500 -49.500
  -6.634 -15.433 -16.194
  -6.632 -49.500 -49.500
  -6.630 -17.053 -17.053
  -6.628 -16.258 -49.500
  -6.626 -49.500     NaN
  -6.624 -49.500 -49.500
  -6.622 -16.537 -16.537
  -6.620 -49.500 -49.500
  -6.618 -15.526 -15.526
  -6.617 -49.500 -49.500
  -6.615 -49.500 -49.500
  -6.613 -49.500     NaN
  -6.611 -49.500     NaN
  -6.609 -49.500 -49.500
  -6.607 -49.500 -49.500
  -6.605 -49.500 -49.500
  -6.603 -49.500     NaN
  -6.602 -49.500 -49.500
  -6.600 -49.500     NaN
  -6.598 -49.500 -49.500
  -6.596 -49.500 -49.500
  -6.594 -49.500 -49.500
