  -8.861 -13.999 -13.999
  -8.599 -14.133 -14.133
  -8.442 -14.208 -14.208
  -8.329 -14.258 -14.258
  -8.239 -14.329 -14.329
  -8.166 -13.968 -14.215
  -8.103 -14.615 -14.615
  -8.048 -14.451 -14.451
  -7.999 -14.552 -14.552
  -7.955 -14.415 -14.415
  -7.916 -14.702 -14.702
  -7.879 -14.736 -14.736
  -7.846 -14.748 -14.748
  -7.815 -14.965 -14.965
  -7.786 -14.696 -14.696
  -7.758 -14.714 -14.714
  -7.733 -14.942 -14.942
  -7.709 -14.959 -14.959
  -7.686 -14.646 -14.646
  -7.664 -15.041 -15.041
  -7.643 -14.572 -14.572
  -7.624 -15.061 -15.061
  -7.605 -15.002 -15.002
  -7.586 -13.884 -15.116
  -7.569 -15.098 -15.098
  -7.552 -14.843 -15.098
  -7.536 -14.994 -14.994
  -7.521 -15.308 -15.561
  -7.506 -15.124 -15.124
  -7.491 -14.898 -15.186
  -7.477 -14.986 -15.219
  -7.464 -15.362 -15.362
  -7.451 -14.920 -15.078
  -7.438 -15.108 -15.108
  -7.425 -14.919 -15.249
  -7.413 -15.553 -15.553
  -7.401 -15.347 -15.347
  -7.390 -15.257 -15.257
  -7.379 -15.686 -15.686
  -7.368 -15.178 -15.178
  -7.357 -14.831 -15.610
  -7.347 -15.456 -15.456
  -7.337 -14.880 -15.668
  -7.327 -15.720 -15.720
  -7.317 -15.016 -15.464
  -7.308 -15.157 -15.705
  -7.299 -15.844 -15.844
  -7.290 -15.314 -15.314
  -7.281 -15.697 -15.697
  -7.272 -15.686 -15.686
  -7.264 -14.880 -15.226
  -7.255 -15.200 -15.852
  -7.247 -15.020 -15.382
  -7.239 -15.443 -15.443
  -7.231 -16.003 -16.003
  -7.223 -15.316 -15.709
  -7.216 -15.313 -15.970
  -7.208 -15.820 -15.820
  -7.201 -15.891 -15.891
  -7.194 -16.037 -16.037
  -7.187 -15.751 -15.751
  -7.180 -15.356 -15.513
  -7.173 -15.880 -15.880
  -7.166 -15.459 -15.762
  -7.159 -16.023 -16.023
  -7.153 -15.814 -15.814
  -7.146 -15.794 -15.794
  -7.140 -15.703 -15.887
  -7.133 -15.357 -15.932
  -7.127 -15.276 -15.864
  -7.121 -15.275 -15.901
  -7.115 -15.492 -16.413
  -7.109 -15.872 -16.069
  -7.103 -16.161 -16.161
  -7.098 -16.027 -16.181
  -7.092 -16.308 -16.308
  -7.086 -15.130 -15.682
  -7.081 -15.196 -16.268
  -7.075 -15.660 -16.178
  -7.070 -15.645 -16.244
  -7.064 -16.252 -16.552
  -7.059 -16.403 -16.403
  -7.054 -15.410 -16.407
  -7.049 -16.236 -16.236
  -7.043 -16.165 -16.434
  -7.038 -15.714 -16.027
  -7.033 -16.524 -16.524
  -7.029 -16.176 -16.368
  -7.024 -16.414 -16.761
  -7.019 -16.023 -16.183
  -7.014 -16.096 -16.096
  -7.009 -15.738 -16.045
  -7.005 -15.690 -16.016
  -7.000 -16.189 -16.189
  -6.995 -16.416 -16.618
  -6.991 -15.882 -16.271
  -6.986 -15.832 -16.459
  -6.982 -16.379 -16.534
  -6.978 -16.429 -16.429
  -6.973 -16.081 -16.081
  -6.969 -15.637 -16.208
  -6.965 -15.892 -16.267
  -6.961 -16.235 -16.235
  -6.956 -15.757 -16.206
  -6.952 -15.453 -16.284
  -6.948 -17.190 -22.111
  -6.944 -16.196 -16.648
  -6.940 -16.312 -16.469
  -6.936 -16.429 -16.784
  -6.932 -16.481 -16.773
  -6.928 -14.653 -16.287
  -6.924 -15.853 -16.385
  -6.920 -16.309 -16.309
  -6.917 -16.447 -16.943
  -6.913 -16.280 -16.938
  -6.909 -16.646 -16.978
  -6.905 -22.941 -22.941
  -6.902 -17.269 -49.500
  -6.898 -15.343 -16.393
  -6.894 -15.743 -15.965
  -6.891 -16.217 -16.515
  -6.887 -16.786 -17.008
  -6.884 -49.500     NaN
  -6.880 -17.177 -49.500
  -6.877 -15.763 -16.576
  -6.873 -16.190 -16.465
  -6.870 -16.738 -17.003
  -6.867 -16.001 -16.776
  -6.863 -16.262 -16.747
  -6.860 -49.500     NaN
  -6.857 -16.481 -16.481
  -6.853 -15.827 -16.398
  -6.850 -16.431 -49.500
  -6.847 -16.762 -16.999
  -6.844 -49.500     NaN
  -6.840 -49.500     NaN
  -6.837 -15.930 -16.378
  -6.834 -16.364 -16.528
  -6.831 -16.553 -16.816
  -6.828 -16.621 -16.923
  -6.825 -16.365 -16.585
  -6.822 -16.865 -49.500
  -6.819 -16.117 -16.778
  -6.816 -17.226 -49.500
  -6.813 -49.500     NaN
  -6.810 -16.398 -49.500
  -6.807 -16.648 -49.500
  -6.804 -49.500     NaN
  -6.801 -49.500     NaN
  -6.798 -16.684 -16.684
  -6.795 -16.645 -16.645
  -6.792 -16.948 -49.500
  -6.789 -49.500     NaN
  -6.787 -16.130 -16.321
  -6.784 -17.049 -49.500
  -6.781 -16.089 -16.721
  -6.778 -16.232 -49.500
  -6.775 -16.318 -49.500
  -6.773 -49.500 -49.500
  -6.770 -49.500 -49.500
  -6.767 -15.951 -49.500
  -6.765 -15.618 -49.500
  -6.762 -49.500     NaN
  -6.759 -16.586 -49.500
  -6.757 -16.125 -49.500
  -6.754 -16.693 -49.500
  -6.751 -49.500 -49.500
  -6.749 -15.868 -16.784
  -6.746 -49.500     NaN
  -6.744 -16.925 -49.500
  -6.741 -16.785 -49.500
  -6.739 -16.369 -49.500
  -6.736 -49.500     NaN
  -6.734 -49.500 -49.500
  -6.731 -16.249 -16.592
  -6.729 -49.500 -49.500
  -6.726 -49.500     NaN
  -6.724 -15.785 -49.500
  -6.721 -49.500 -49.500
  -6.719 -16.164 -16.541
  -6.717 -16.266 -49.500
  -6.714 -49.500     NaN
  -6.712 -16.563 -49.500
  -6.709 -16.980 -49.500
  -6.707 -16.144 -49.500
  -6.705 -49.500 -49.500
  -6.702 -16.404 -49.500
  -6.700 -15.491 -49.500
  -6.698 -49.500 -49.500
  -6.696 -49.500     NaN
  -6.693 -16.634 -49.500
  -6.691 -49.500 -49.500
  -6.689 -49.500 -49.500
  -6.687 -17.069 -17.069
  -6.684 -16.423 -49.500
  -6.682 -49.500     NaN
  -6.680 -16.610 -49.500
  -6.678 -49.500 -49.500
  -6.675 -49.500 -49.500
  -6.673 -16.885 -49.500
  -6.671 -15.174 -16.398
  -6.669 -16.255 -16.501
  -6.667 -14.940 -49.500
  -6.665 -16.862 -16.862
  -6.663 -49.500     NaN
  -6.661 -49.500 -49.500
  -6.658 -49.500     NaN
  -6.656 -49.500 -49.500
  -6.654 -49.500     NaN
  -6.652 -49.500 -49.500
  -6.650 -16.135 -16.135
  -6.648 -15.851 -16.901
  -6.646 -49.500 -49.500
  -6.644 -49.500 -49.500
  -6.642 -49.500 -49.500
  -6.640 -49.500 -49.500
  -6.638 -49.500 -49.500
  -6.636 -49.500     NaN
  -6.634 -15.893 -15.893
  -6.632 -49.500 -49.500
  -6.630 -49.500     NaN
  -6.628 -49.500 -49.500
  -6.626 -49.500     NaN
  -6.624 -49.500 -49.500
  -6.622 -49.500     NaN
  -6.620 -49.500 -49.500
  -6.618 -49.500 -49.500
  -6.617 -49.500 -49.500
  -6.615 -49.500 -49.500
  -6.613 -49.500 -49.500
  -6.611 -49.500     NaN
  -6.609 -49.500 -49.500
  -6.607 -49.500 -49.500
  -6.605 -16.681 -49.500
  -6.603 -49.500     NaN
  -6.602 -49.500 -49.500
  -6.600 -49.500 -49.500
  -6.598 -49.500 -49.500
  -6.596 -49.500 -49.500
  -6.594 -49.500 -49.500
