  -8.861 -13.970 -13.970
  -8.599 -14.082 -14.082
  -8.442 -14.266 -14.266
  -8.329 -14.268 -14.268
  -8.239 -14.355 -14.355
  -8.166 -14.472 -14.472
  -8.103 -14.499 -14.499
  -8.048 -14.407 -14.407
  -7.999 -14.642 -14.642
  -7.955 -14.658 -14.658
  -7.916 -14.745 -14.745
  -7.879 -14.724 -14.724
  -7.846 -14.690 -14.690
  -7.815 -14.841 -14.841
  -7.786 -14.213 -14.600
  -7.758 -14.940 -14.940
  -7.733 -14.754 -14.754
  -7.709 -14.940 -14.940
  -7.686 -14.918 -15.130
  -7.664 -14.465 -15.068
  -7.643 -15.027 -15.027
  -7.624 -14.959 -14.959
  -7.605 -14.917 -14.917
  -7.586 -14.717 -15.124
  -7.569 -15.161 -15.161
  -7.552 -15.230 -15.230
  -7.536 -15.209 -15.209
  -7.521 -15.262 -15.262
  -7.506 -15.289 -15.505
  -7.491 -15.204 -15.204
  -7.477 -15.127 -15.381
  -7.464 -14.367 -14.367
  -7.451 -15.340 -15.340
  -7.438 -14.309 -15.206
  -7.425 -15.361 -15.361
  -7.413 -15.056 -15.385
  -7.401 -15.460 -15.460
  -7.390 -15.492 -15.653
  -7.379 -15.377 -15.743
  -7.368 -15.502 -15.502
  -7.357 -15.561 -15.561
  -7.347 -14.685 -15.674
  -7.337 -14.196 -15.547
  -7.327 -15.612 -15.612
  -7.317 -14.862 -15.526
  -7.308 -15.625 -15.879
  -7.299 -15.655 -15.655
  -7.290 -15.563 -15.833
  -7.281 -15.676 -15.676
  -7.272 -15.016 -15.275
  -7.264 -15.385 -15.874
  -7.255 -15.868 -15.868
  -7.247 -15.294 -15.294
  -7.239 -15.616 -15.993
  -7.231 -15.924 -15.924
  -7.223 -14.648 -15.847
  -7.216 -15.394 -15.678
  -7.208 -15.431 -15.654
  -7.201 -15.836 -15.836
  -7.194 -15.509 -15.917
  -7.187 -15.317 -15.994
  -7.180 -14.808 -15.897
  -7.173 -15.612 -15.805
  -7.166 -15.910 -15.910
  -7.159 -15.580 -15.749
  -7.153 -16.106 -16.106
  -7.146 -15.880 -16.347
  -7.140 -15.675 -16.176
  -7.133 -16.274 -16.274
  -7.127 -15.431 -16.044
  -7.121 -16.215 -16.453
  -7.115 -15.708 -15.708
  -7.109 -15.479 -15.756
  -7.103 -16.068 -16.230
  -7.098 -16.360 -16.512
  -7.092 -16.043 -16.043
  -7.086 -14.798 -15.961
  -7.081 -15.873 -16.327
  -7.075 -15.991 -16.151
  -7.070 -15.893 -15.893
  -7.064 -16.569 -16.569
  -7.059 -16.399 -16.399
  -7.054 -15.382 -15.991
  -7.049 -16.168 -16.168
  -7.043 -16.206 -16.206
  -7.038 -15.936 -16.282
  -7.033 -15.293 -16.319
  -7.029 -16.582 -16.582
  -7.024 -16.010 -16.010
  -7.019 -16.603 -16.603
  -7.014 -16.251 -16.251
  -7.009 -15.734 -16.020
  -7.005 -15.387 -16.563
  -7.000 -16.201 -16.920
  -6.995 -15.831 -16.536
  -6.991 -15.408 -16.452
  -6.986 -16.442 -16.696
  -6.982 -16.104 -16.360
  -6.978 -16.458 -16.770
  -6.973 -14.912 -16.792
  -6.969 -16.387 -16.387
  -6.965 -16.367 -16.564
  -6.961 -16.085 -16.342
  -6.956 -15.655 -15.840
  -6.952 -15.583 -15.932
  -6.948 -16.009 -16.550
  -6.944 -16.451 -16.451
  -6.940 -15.780 -16.262
  -6.936 -16.505 -16.505
  -6.932 -15.984 -16.256
  -6.928 -15.900 -16.137
  -6.924 -16.197 -16.424
  -6.920 -16.603 -16.603
  -6.917 -16.658 -16.945
  -6.913 -16.878 -17.175
  -6.909 -16.733 -16.958
  -6.905 -16.984 -49.500
  -6.902 -16.056 -16.474
  -6.898 -16.586 -16.586
  -6.894 -16.515 -16.713
  -6.891 -16.478 -16.478
  -6.887 -16.675 -16.675
  -6.884 -16.420 -49.500
  -6.880 -15.832 -16.559
  -6.877 -16.252 -16.456
  -6.873 -16.071 -16.315
  -6.870 -15.342 -16.606
  -6.867 -16.587 -17.295
  -6.863 -16.198 -16.391
  -6.860 -16.833 -16.833
  -6.857 -16.450 -17.016
  -6.853 -16.304 -16.468
  -6.850 -15.810 -16.938
  -6.847 -17.044 -49.500
  -6.844 -15.724 -16.267
  -6.840 -16.530 -17.137
  -6.837 -17.014 -49.500
  -6.834 -16.893 -17.149
  -6.831 -49.500     NaN
  -6.828 -16.126 -16.126
  -6.825 -49.500     NaN
  -6.822 -15.795 -15.960
  -6.819 -14.997 -16.494
  -6.816 -16.177 -49.500
  -6.813 -16.538 -49.500
  -6.810 -49.500     NaN
  -6.807 -16.373 -16.556
  -6.804 -16.059 -16.257
  -6.801 -15.460 -16.186
  -6.798 -49.500     NaN
  -6.795 -16.646 -49.500
  -6.792 -16.600 -49.500
  -6.789 -15.098 -49.500
  -6.787 -49.500     NaN
  -6.784 -16.709 -49.500
  -6.781 -16.278 -16.816
  -6.778 -49.500 -49.500
  -6.775 -16.833 -49.500
  -6.773 -16.644 -16.893
  -6.770 -16.191 -49.500
  -6.767 -16.377 -16.532
  -6.765 -49.500     NaN
  -6.762 -16.254 -16.489
  -6.759 -16.504 -49.500
  -6.757 -49.500 -49.500
  -6.754 -16.270 -16.561
  -6.751 -16.290 -49.500
  -6.749 -16.505 -49.500
  -6.746 -49.500     NaN
  -6.744 -15.474 -15.936
  -6.741 -16.647 -16.647
  -6.739 -49.500 -49.500
  -6.736 -16.794 -49.500
  -6.734 -49.500     NaN
  -6.731 -49.500     NaN
  -6.729 -16.174 -49.500
  -6.726 -49.500 -49.500
  -6.724 -49.500     NaN
  -6.721 -49.500 -49.500
  -6.719 -49.500     NaN
  -6.717 -15.672 -15.672
  -6.714 -49.500     NaN
  -6.712 -49.500     NaN
  -6.709 -49.500     NaN
  -6.707 -49.500     NaN
  -6.705 -49.500     NaN
  -6.702 -49.500 -49.500
  -6.700 -49.500 -49.500
  -6.698 -16.677 -16.677
  -6.696 -16.668 -16.668
  -6.693 -15.961 -49.500
  -6.691 -49.500     NaN
  -6.689 -16.599 -16.817
  -6.687 -49.500     NaN
  -6.684 -49.500     NaN
  -6.682 -49.500 -49.500
  -6.680 -49.500 -49.500
  -6.678 -49.500 -49.500
  -6.675 -49.500 -49.500
  -6.673 -49.500 -49.500
  -6.671 -17.262 -49.500
  -6.669 -49.500 -49.500
  -6.667 -16.889 -16.889
  -6.665 -16.866 -49.500
  -6.663 -16.047 -49.500
  -6.661 -49.500 -49.500
  -6.658 -16.726 -49.500
  -6.656 -49.500 -49.500
  -6.654 -17.264 -49.500
  -6.652 -49.500 -49.500
  -6.650 -49.500     NaN
  -6.648 -49.500     NaN
  -6.646 -49.500     NaN
  -6.644 -49.500 -49.500
  -6.642 -49.500 -49.500
  -6.640 -49.500 -49.500
  -6.638 -49.500 -49.500
  -6.636 -49.500 -49.500
  -6.634 -49.500 -49.500
  -6.632 -16.368 -49.500
  -6.630 -16.180 -49.500
  -6.628 -49.500 -49.500
  -6.626 -49.500 -49.500
  -6.624 -49.500 -49.500
  -6.622 -15.520 -16.879
  -6.620 -49.500 -49.500
  -6.618 -49.500 -49.500
  -6.617 -49.500     NaN
  -6.615 -49.500     NaN
  -6.613 -49.500     NaN
  -6.611 -15.654 -15.654
  -6.609 -49.500 -49.500
  -6.607 -49.500     NaN
  -6.605 -49.500 -49.500
  -6.603 -49.500 -49.500
  -6.602 -49.500 -49.500
  -6.600 -49.500 -49.500
  -6.598 -16.393 -16.393
  -6.596 -49.500 -49.500
  -6.594 -16.307 -49.500
