  -8.861 -13.972 -13.972
  -8.599 -14.112 -14.112
  -8.442 -14.180 -14.180
  -8.329 -14.280 -14.280
  -8.239 -14.388 -14.388
  -8.166 -14.505 -14.505
  -8.103 -14.294 -14.482
  -8.048 -14.597 -14.597
  -7.999 -14.527 -14.527
  -7.955 -14.580 -14.580
  -7.916 -14.728 -14.728
  -7.879 -14.663 -14.663
  -7.846 -14.918 -14.918
  -7.815 -14.746 -14.746
  -7.786 -14.436 -14.830
  -7.758 -14.553 -14.821
  -7.733 -15.015 -15.015
  -7.709 -14.774 -14.981
  -7.686 -14.885 -14.885
  -7.664 -15.003 -15.003
  -7.643 -15.005 -15.005
  -7.624 -14.939 -14.939
  -7.605 -14.863 -14.863
  -7.586 -15.307 -15.307
  -7.569 -15.103 -15.103
  -7.552 -14.812 -14.978
  -7.536 -15.190 -15.190
  -7.521 -14.972 -15.594
  -7.506 -15.297 -15.297
  -7.491 -15.039 -15.239
  -7.477 -15.185 -15.185
  -7.464 -14.945 -15.222
  -7.451 -15.230 -15.230
  -7.438 -15.286 -15.286
  -7.425 -15.014 -15.628
  -7.413 -15.578 -15.578
  -7.401 -15.695 -15.695
  -7.390 -14.926 -15.471
  -7.379 -15.222 -15.424
  -7.368 -15.401 -15.401
  -7.357 -15.658 -15.658
  -7.347 -15.436 -15.694
  -7.337 -15.493 -15.493
  -7.327 -15.716 -15.716
  -7.317 -15.186 -15.826
  -7.308 -15.399 -15.399
  -7.299 -15.596 -15.596
  -7.290 -15.069 -15.526
  -7.281 -15.545 -15.545
  -7.272 -15.136 -15.492
  -7.264 -15.515 -15.738
  -7.255 -15.499 -15.835
  -7.247 -15.676 -15.995
  -7.239 -15.634 -15.634
  -7.231 -15.864 -15.864
  -7.223 -15.745 -15.985
  -7.216 -15.899 -15.899
  -7.208 -15.689 -15.935
  -7.201 -15.562 -15.748
  -7.194 -16.073 -16.073
  -7.187 -15.015 -15.577
  -7.180 -15.248 -15.844
  -7.173 -15.975 -15.975
  -7.166 -16.043 -16.043
  -7.159 -16.287 -16.287
  -7.153 -15.897 -15.897
  -7.146 -16.121 -16.121
  -7.140 -15.890 -15.890
  -7.133 -13.514 -15.399
  -7.127 -15.743 -16.163
  -7.121 -15.720 -15.884
  -7.115 -15.657 -16.164
  -7.109 -16.157 -16.157
  -7.103 -15.918 -15.918
  -7.098 -15.633 -16.342
  -7.092 -15.921 -16.073
  -7.086 -16.287 -16.287
  -7.081 -16.205 -16.385
  -7.075 -16.136 -16.136
  -7.070 -15.555 -16.281
  -7.064 -15.731 -15.934
  -7.059 -15.680 -15.852
  -7.054 -15.613 -15.773
  -7.049 -15.467 -16.164
  -7.043 -16.625 -16.625
  -7.038 -16.144 -16.490
  -7.033 -16.234 -16.463
  -7.029 -15.937 -16.338
  -7.024 -16.079 -16.264
  -7.019 -15.881 -16.617
  -7.014 -15.369 -16.196
  -7.009 -16.338 -16.657
  -7.005 -16.047 -16.581
  -7.000 -16.191 -16.634
  -6.995 -16.225 -16.432
  -6.991 -16.604 -16.760
  -6.986 -16.145 -16.316
  -6.982 -15.212 -15.522
  -6.978 -13.725 -16.721
  -6.973 -16.260 -16.616
  -6.969 -16.120 -16.286
  -6.965 -16.753 -17.111
  -6.961 -16.273 -16.655
  -6.956 -16.387 -16.570
  -6.952 -16.667 -16.966
  -6.948 -16.739 -21.670
  -6.944 -16.602 -16.761
  -6.940 -16.371 -17.210
  -6.936 -16.591 -16.796
  -6.932 -15.953 -16.559
  -6.928 -15.464 -16.491
  -6.924 -15.783 -16.852
  -6.920 -16.023 -17.087
  -6.917 -15.561 -16.530
  -6.913 -16.270 -49.500
  -6.909 -16.146 -16.146
  -6.905 -16.080 -16.355
  -6.902 -16.421 -17.009
  -6.898 -16.501 -16.677
  -6.894 -15.905 -16.067
  -6.891 -15.883 -17.115
  -6.887 -16.484 -16.928
  -6.884 -14.740 -17.285
  -6.880 -15.163 -16.253
  -6.877 -16.622 -49.500
  -6.873 -15.873 -16.963
  -6.870 -16.344 -16.988
  -6.867 -16.098 -16.392
  -6.863 -16.608 -16.608
  -6.860 -15.898 -16.251
  -6.857 -16.476 -16.682
  -6.853 -15.635 -16.393
  -6.850 -14.928 -15.245
  -6.847 -16.577 -49.500
  -6.844 -16.509 -16.750
  -6.840 -16.716 -16.911
  -6.837 -15.564 -49.500
  -6.834 -16.961 -17.266
  -6.831 -16.674 -49.500
  -6.828 -16.147 -17.086
  -6.825 -16.027 -16.730
  -6.822 -15.791 -15.791
  -6.819 -16.980 -49.500
  -6.816 -49.500     NaN
  -6.813 -15.831 -16.295
  -6.810 -15.751 -17.244
  -6.807 -49.500     NaN
  -6.804 -49.500     NaN
  -6.801 -16.829 -16.829
  -6.798 -16.385 -16.554
  -6.795 -16.398 -17.186
  -6.792 -49.500     NaN
  -6.789 -16.829 -49.500
  -6.787 -49.500     NaN
  -6.784 -16.295 -49.500
  -6.781 -16.689 -49.500
  -6.778 -49.500     NaN
  -6.775 -49.500     NaN
  -6.773 -16.526 -16.526
  -6.770 -15.590 -49.500
  -6.767 -15.992 -49.500
  -6.765 -15.769 -16.652
  -6.762 -49.500     NaN
  -6.759 -17.381 -49.500
  -6.757 -16.514 -16.672
  -6.754 -16.844 -16.844
  -6.751 -16.648 -16.648
  -6.749 -15.901 -49.500
  -6.746 -15.988 -16.155
  -6.744 -16.337 -49.500
  -6.741 -49.500     NaN
  -6.739 -16.176 -49.500
  -6.736 -49.500     NaN
  -6.734 -16.680 -49.500
  -6.731 -49.500     NaN
  -6.729 -16.149 -16.149
  -6.726 -49.500 -49.500
  -6.724 -49.500     NaN
  -6.721 -49.500     NaN
  -6.719 -49.500 -49.500
  -6.717 -49.500 -49.500
  -6.714 -49.500     NaN
  -6.712 -16.367 -49.500
  -6.709 -16.326 -49.500
  -6.707 -49.500     NaN
  -6.705 -49.500 -49.500
  -6.702 -16.141 -16.490
  -6.700 -16.341 -49.500
  -6.698 -49.500 -49.500
  -6.696 -49.500     NaN
  -6.693 -49.500     NaN
  -6.691 -49.500 -49.500
  -6.689 -49.500 -49.500
  -6.687 -49.500 -49.500
  -6.684 -49.500     NaN
  -6.682 -16.328 -16.328
  -6.680 -49.500 -49.500
  -6.678 -49.500 -49.500
  -6.675 -15.915 -16.759
  -6.673 -16.437 -49.500
  -6.671 -49.500 -49.500
  -6.669 -49.500     NaN
  -6.667 -49.500 -49.500
  -6.665 -14.257 -49.500
  -6.663 -49.500 -49.500
  -6.661 -49.500     NaN
  -6.658 -49.500 -49.500
  -6.656 -16.241 -16.241
  -6.654 -16.678 -49.500
  -6.652 -16.038 -16.038
  -6.650 -49.500 -49.500
  -6.648 -15.410 -49.500
  -6.646 -49.500 -49.500
  -6.644 -15.781 -49.500
  -6.642 -49.500 -49.500
  -6.640 -49.500 -49.500
  -6.638 -16.222 -16.222
  -6.636 -49.500 -49.500
  -6.634 -49.500 -49.500
  -6.632 -49.500 -49.500
  -6.630 -49.500 -49.500
  -6.628 -49.500     NaN
  -6.626 -15.700 -15.700
  -6.624 -49.500 -49.500
  -6.622 -49.500 -49.500
  -6.620 -49.500     NaN
  -6.618 -49.500 -49.500
  -6.617 -49.500 -49.500
  -6.615 -49.500 -49.500
  -6.613 -49.500 -49.500
  -6.611 -49.500     NaN
  -6.609 -16.757 -16.757
  -6.607 -16.519 -16.519
  -6.605 -49.500 -49.500
  -6.603 -16.840 -16.840
  -6.602 -49.500 -49.500
  -6.600 -49.500 -49.500
  -6.598 -16.617 -16.929
  -6.596 -49.500     NaN
  -6.594 -49.500 -49.500
