  -8.861 -13.882 -13.882
  -8.599 -14.136 -14.136
  -8.442 -14.174 -14.174
  -8.329 -14.265 -14.265
  -8.239 -14.413 -14.413
  -8.166 -14.418 -14.418
  -8.103 -14.148 -14.406
  -8.048 -14.559 -14.559
  -7.999 -14.567 -14.567
  -7.955 -14.611 -14.611
  -7.916 -14.607 -14.607
  -7.879 -14.705 -14.870
  -7.846 -14.614 -14.614
  -7.815 -14.038 -14.222
  -7.786 -14.822 -14.822
  -7.758 -14.639 -14.800
  -7.733 -14.907 -14.907
  -7.709 -14.777 -14.777
  -7.686 -15.049 -15.049
  -7.664 -14.806 -14.806
  -7.643 -14.894 -14.894
  -7.624 -14.896 -14.896
  -7.605 -15.036 -15.036
  -7.586 -14.824 -14.824
  -7.569 -15.107 -15.107
  -7.552 -15.186 -15.186
  -7.536 -15.270 -15.270
  -7.521 -15.152 -15.325
  -7.506 -15.432 -15.432
  -7.491 -15.195 -15.195
  -7.477 -14.108 -14.802
  -7.464 -14.963 -15.392
  -7.451 -15.381 -15.381
  -7.438 -14.664 -15.382
  -7.425 -15.347 -15.347
  -7.413 -15.436 -15.436
  -7.401 -15.244 -15.449
  -7.390 -15.591 -15.591
  -7.379 -15.527 -15.527
  -7.368 -15.352 -15.640
  -7.357 -14.346 -15.701
  -7.347 -15.335 -15.335
  -7.337 -15.259 -15.581
  -7.327 -15.314 -15.314
  -7.317 -15.578 -15.787
  -7.308 -15.377 -15.377
  -7.299 -15.826 -15.826
  -7.290 -15.138 -15.399
  -7.281 -14.784 -15.772
  -7.272 -15.485 -15.676
  -7.264 -15.907 -15.907
  -7.255 -15.190 -15.679
  -7.247 -15.037 -15.295
  -7.239 -15.932 -15.932
  -7.231 -15.636 -15.636
  -7.223 -15.564 -15.877
  -7.216 -16.005 -16.005
  -7.208 -14.828 -15.967
  -7.201 -14.988 -15.156
  -7.194 -15.600 -15.972
  -7.187 -15.913 -15.913
  -7.180 -16.025 -16.025
  -7.173 -16.025 -16.025
  -7.166 -16.045 -16.260
  -7.159 -15.566 -15.720
  -7.153 -16.148 -16.346
  -7.146 -15.580 -15.972
  -7.140 -15.733 -15.733
  -7.133 -16.246 -16.246
  -7.127 -15.516 -15.516
  -7.121 -15.103 -16.128
  -7.115 -16.299 -16.299
  -7.109 -15.448 -15.760
  -7.103 -15.853 -15.853
  -7.098 -15.793 -15.969
  -7.092 -15.408 -16.041
  -7.086 -15.460 -15.460
  -7.081 -15.950 -15.950
  -7.075 -16.043 -16.043
  -7.070 -16.041 -16.041
  -7.064 -16.148 -16.148
  -7.059 -14.952 -16.341
  -7.054 -16.428 -16.428
  -7.049 -16.185 -16.185
  -7.043 -15.767 -16.003
  -7.038 -15.498 -15.713
  -7.033 -15.990 -16.359
  -7.029 -16.073 -16.621
  -7.024 -16.015 -16.270
  -7.019 -16.248 -16.429
  -7.014 -16.112 -16.272
  -7.009 -16.486 -16.486
  -7.005 -16.325 -16.579
  -7.000 -15.962 -16.197
  -6.995 -15.128 -15.726
  -6.991 -16.400 -16.880
  -6.986 -15.471 -16.292
  -6.982 -15.689 -16.862
  -6.978 -15.498 -16.386
  -6.973 -16.038 -16.334
  -6.969 -16.402 -16.634
  -6.965 -16.619 -16.784
  -6.961 -15.784 -16.694
  -6.956 -15.821 -16.085
  -6.952 -16.468 -16.911
  -6.948 -16.948 -22.739
  -6.944 -16.338 -16.677
  -6.940 -16.476 -16.728
  -6.936 -15.407 -16.706
  -6.932 -16.074 -16.525
  -6.928 -15.629 -15.993
  -6.924 -15.728 -16.421
  -6.920 -16.459 -16.459
  -6.917 -16.043 -16.251
  -6.913 -16.514 -17.109
  -6.909 -15.808 -16.277
  -6.905 -49.500     NaN
  -6.902 -16.412 -16.737
  -6.898 -16.571 -49.500
  -6.894 -16.526 -16.687
  -6.891 -16.880 -22.608
  -6.887 -16.596 -16.885
  -6.884 -16.460 -16.723
  -6.880 -16.366 -16.366
  -6.877 -16.480 -16.480
  -6.873 -16.445 -16.643
  -6.870 -15.880 -16.911
  -6.867 -16.464 -16.720
  -6.863 -17.094 -49.500
  -6.860 -15.489 -16.632
  -6.857 -49.500     NaN
  -6.853 -14.653 -15.965
  -6.850 -16.141 -49.500
  -6.847 -15.042 -49.500
  -6.844 -16.778 -49.500
  -6.840 -16.479 -49.500
  -6.837 -15.479 -16.720
  -6.834 -16.786 -49.500
  -6.831 -16.661 -49.500
  -6.828 -16.235 -16.509
  -6.825 -16.469 -16.866
  -6.822 -16.180 -16.588
  -6.819 -49.500     NaN
  -6.816 -15.899 -16.784
  -6.813 -49.500     NaN
  -6.810 -16.436 -16.789
  -6.807 -16.311 -16.633
  -6.804 -16.673 -16.850
  -6.801 -16.668 -17.090
  -6.798 -16.738 -49.500
  -6.795 -16.423 -16.581
  -6.792 -49.500     NaN
  -6.789 -49.500     NaN
  -6.787 -49.500     NaN
  -6.784 -16.747 -49.500
  -6.781 -15.836 -49.500
  -6.778 -49.500     NaN
  -6.775 -16.872 -49.500
  -6.773 -16.299 -16.859
  -6.770 -16.090 -16.276
  -6.767 -49.500     NaN
  -6.765 -15.882 -16.850
  -6.762 -16.972 -49.500
  -6.759 -16.898 -49.500
  -6.757 -16.188 -16.188
  -6.754 -49.500     NaN
  -6.751 -16.220 -16.601
  -6.749 -49.500     NaN
  -6.746 -16.334 -49.500
  -6.744 -16.638 -49.500
  -6.741 -16.639 -16.639
  -6.739 -16.835 -49.500
  -6.736 -49.500     NaN
  -6.734 -49.500 -49.500
  -6.731 -16.912 -49.500
  -6.729 -14.362 -14.362
  -6.726 -49.500     NaN
  -6.724 -49.500     NaN
  -6.721 -16.963 -16.963
  -6.719 -16.683 -16.683
  -6.717 -16.428 -49.500
  -6.714 -49.500 -49.500
  -6.712 -49.500 -49.500
  -6.709 -49.500 -49.500
  -6.707 -49.500 -49.500
  -6.705 -49.500     NaN
  -6.702 -49.500     NaN
  -6.700 -16.763 -49.500
  -6.698 -49.500     NaN
  -6.696 -49.500 -49.500
  -6.693 -49.500 -49.500
  -6.691 -16.614 -49.500
  -6.689 -49.500     NaN
  -6.687 -49.500 -49.500
  -6.684 -16.173 -17.023
  -6.682 -49.500 -49.500
  -6.680 -49.500 -49.500
  -6.678 -49.500 -49.500
  -6.675 -49.500     NaN
  -6.673 -49.500     NaN
  -6.671 -16.639 -16.639
  -6.669 -49.500     NaN
  -6.667 -49.500     NaN
  -6.665 -49.500 -49.500
  -6.663 -16.226 -16.599
  -6.661 -49.500     NaN
  -6.658 -49.500 -49.500
  -6.656 -49.500 -49.500
  -6.654 -49.500 -49.500
  -6.652 -49.500 -49.500
  -6.650 -49.500 -49.500
  -6.648 -49.500     NaN
  -6.646 -16.479 -16.479
  -6.644 -49.500     NaN
  -6.642 -49.500 -49.500
  -6.640 -49.500 -49.500
  -6.638 -49.500     NaN
  -6.636 -16.600 -16.600
  -6.634 -49.500 -49.500
  -6.632 -49.500     NaN
  -6.630 -16.092 -49.500
  -6.628 -49.500 -49.500
  -6.626 -49.500 -49.500
  -6.624 -49.500     NaN
  -6.622 -49.500 -49.500
  -6.620 -49.500 -49.500
  -6.618 -49.500     NaN
  -6.617 -49.500     NaN
  -6.615 -49.500 -49.500
  -6.613 -49.500 -49.500
  -6.611 -49.500 -49.500
  -6.609 -49.500 -49.500
  -6.607 -49.500     NaN
  -6.605 -49.500 -49.500
  -6.603 -49.500 -49.500
  -6.602 -16.916 -16.916
  -6.600 -16.182 -16.182
  -6.598 -49.500 -49.500
  -6.596 -49.500 -49.500
  -6.594 -49.500 -49.500
