  -8.861 -13.957 -13.957
  -8.599 -14.100 -14.100
  -8.442 -14.167 -14.167
  -8.329 -14.291 -14.291
  -8.239 -14.258 -14.258
  -8.166 -14.245 -14.245
  -8.103 -14.527 -14.527
  -8.048 -14.434 -14.434
  -7.999 -14.350 -14.350
  -7.955 -14.060 -14.349
  -7.916 -14.679 -14.679
  -7.879 -14.505 -14.505
  -7.846 -14.694 -14.694
  -7.815 -14.588 -14.588
  -7.786 -14.819 -14.819
  -7.758 -14.748 -14.929
  -7.733 -14.579 -14.579
  -7.709 -14.691 -14.890
  -7.686 -14.959 -14.959
  -7.664 -15.132 -15.132
  -7.643 -14.926 -14.926
  -7.624 -14.492 -14.882
  -7.605 -14.434 -15.040
  -7.586 -15.118 -15.118
  -7.569 -15.114 -15.114
  -7.552 -15.360 -15.360
  -7.536 -15.269 -15.269
  -7.521 -15.230 -15.230
  -7.506 -15.245 -15.245
  -7.491 -15.024 -15.274
  -7.477 -14.800 -15.126
  -7.464 -15.067 -15.241
  -7.451 -15.455 -15.455
  -7.438 -15.182 -15.340
  -7.425 -14.878 -15.415
  -7.413 -15.274 -15.274
  -7.401 -14.939 -15.518
  -7.390 -15.075 -15.231
  -7.379 -15.788 -15.788
  -7.368 -15.613 -15.613
  -7.357 -15.308 -15.308
  -7.347 -15.557 -15.782
  -7.337 -15.681 -15.849
  -7.327 -15.426 -15.426
  -7.317 -15.598 -15.766
  -7.308 -15.739 -15.739
  -7.299 -15.643 -15.643
  -7.290 -15.630 -15.875
  -7.281 -15.763 -15.763
  -7.272 -15.520 -15.672
  -7.264 -15.289 -15.289
  -7.255 -15.236 -16.028
  -7.247 -15.451 -15.659
  -7.239 -15.055 -15.517
  -7.231 -15.679 -16.058
  -7.223 -15.846 -16.001
  -7.216 -15.420 -15.821
  -7.208 -15.112 -15.425
  -7.201 -14.738 -15.802
  -7.194 -15.980 -16.150
  -7.187 -15.907 -16.115
  -7.180 -15.563 -15.814
  -7.173 -16.323 -16.323
  -7.166 -15.979 -15.979
  -7.159 -14.878 -15.220
  -7.153 -15.099 -15.478
  -7.146 -15.620 -15.882
  -7.140 -16.001 -16.001
  -7.133 -15.559 -16.088
  -7.127 -15.202 -15.814
  -7.121 -16.114 -16.114
  -7.115 -15.553 -15.832
  -7.109 -15.694 -15.899
  -7.103 -14.657 -16.005
  -7.098 -15.942 -16.216
  -7.092 -16.091 -16.091
  -7.086 -16.351 -16.351
  -7.081 -15.440 -15.690
  -7.075 -15.570 -15.958
  -7.070 -16.120 -16.120
  -7.064 -15.907 -16.273
  -7.059 -16.350 -16.350
  -7.054 -15.660 -15.660
  -7.049 -15.904 -16.144
  -7.043 -14.896 -15.429
  -7.038 -16.286 -16.286
  -7.033 -16.041 -16.041
  -7.029 -15.258 -15.829
  -7.024 -15.555 -16.053
  -7.019 -16.373 -16.855
  -7.014 -16.539 -16.539
  -7.009 -16.666 -16.666
  -7.005 -16.158 -16.158
  -7.000 -14.855 -16.709
  -6.995 -15.903 -15.903
  -6.991 -15.802 -16.346
  -6.986 -16.043 -16.689
  -6.982 -15.952 -16.212
  -6.978 -16.177 -16.177
  -6.973 -16.334 -16.334
  -6.969 -16.551 -16.783
  -6.965 -15.879 -16.625
  -6.961 -16.446 -16.808
  -6.956 -16.444 -16.444
  -6.952 -15.687 -16.503
  -6.948 -16.259 -16.463
  -6.944 -16.368 -16.574
  -6.940 -15.863 -15.863
  -6.936 -16.327 -16.327
  -6.932 -16.535 -16.700
  -6.928 -16.770 -17.127
  -6.924 -17.063 -22.577
  -6.920 -16.379 -16.706
  -6.917 -16.534 -16.869
  -6.913 -49.500     NaN
  -6.909 -16.016 -16.803
  -6.905 -16.553 -16.553
  -6.902 -16.104 -16.104
  -6.898 -14.836 -16.667
  -6.894 -16.154 -16.312
  -6.891 -16.559 -49.500
  -6.887 -16.130 -16.510
  -6.884 -16.064 -16.345
  -6.880 -15.933 -16.301
  -6.877 -16.658 -16.658
  -6.873 -16.485 -17.110
  -6.870 -16.356 -16.639
  -6.867 -16.535 -16.943
  -6.863 -16.276 -16.477
  -6.860 -16.166 -16.166
  -6.857 -16.179 -16.634
  -6.853 -16.859 -49.500
  -6.850 -15.015 -16.859
  -6.847 -49.500     NaN
  -6.844 -17.229 -49.500
  -6.840 -16.484 -16.815
  -6.837 -16.996 -49.500
  -6.834 -15.932 -16.561
  -6.831 -16.401 -49.500
  -6.828 -16.632 -49.500
  -6.825 -16.502 -16.800
  -6.822 -16.126 -16.364
  -6.819 -16.565 -16.755
  -6.816 -16.077 -16.443
  -6.813 -16.132 -49.500
  -6.810 -16.698 -49.500
  -6.807 -16.518 -16.795
  -6.804 -16.130 -16.760
  -6.801 -49.500     NaN
  -6.798 -16.195 -49.500
  -6.795 -49.500 -49.500
  -6.792 -16.919 -49.500
  -6.789 -15.567 -49.500
  -6.787 -16.576 -16.788
  -6.784 -16.709 -16.709
  -6.781 -15.865 -16.956
  -6.778 -16.260 -16.416
  -6.775 -49.500     NaN
  -6.773 -16.685 -49.500
  -6.770 -49.500     NaN
  -6.767 -16.511 -49.500
  -6.765 -16.818 -49.500
  -6.762 -49.500     NaN
  -6.759 -49.500     NaN
  -6.757 -49.500 -49.500
  -6.754 -16.287 -16.850
  -6.751 -49.500 -49.500
  -6.749 -49.500     NaN
  -6.746 -17.087 -17.087
  -6.744 -15.855 -16.954
  -6.741 -16.782 -49.500
  -6.739 -49.500 -49.500
  -6.736 -16.007 -16.509
  -6.734 -49.500 -49.500
  -6.731 -16.152 -16.152
  -6.729 -16.643 -49.500
  -6.726 -16.578 -49.500
  -6.724 -49.500     NaN
  -6.721 -16.381 -16.381
  -6.719 -16.541 -49.500
  -6.717 -16.142 -16.562
  -6.714 -49.500     NaN
  -6.712 -49.500 -49.500
  -6.709 -49.500     NaN
  -6.707 -49.500 -49.500
  -6.705 -16.550 -49.500
  -6.702 -49.500     NaN
  -6.700 -15.928 -49.500
  -6.698 -16.073 -16.073
  -6.696 -49.500     NaN
  -6.693 -49.500     NaN
  -6.691 -49.500     NaN
  -6.689 -16.799 -49.500
  -6.687 -16.839 -49.500
  -6.684 -16.220 -16.220
  -6.682 -49.500 -49.500
  -6.680 -49.500     NaN
  -6.678 -49.500     NaN
  -6.675 -49.500     NaN
  -6.673 -49.500 -49.500
  -6.671 -49.500     NaN
  -6.669 -49.500     NaN
  -6.667 -49.500 -49.500
  -6.665 -49.500     NaN
  -6.663 -16.632 -49.500
  -6.661 -49.500 -49.500
  -6.658 -49.500 -49.500
  -6.656 -49.500     NaN
  -6.654 -49.500 -49.500
  -6.652 -49.500 -49.500
  -6.650 -49.500 -49.500
  -6.648 -49.500 -49.500
  -6.646 -49.500 -49.500
  -6.644 -16.714 -16.714
  -6.642 -49.500 -49.500
  -6.640 -49.500 -49.500
  -6.638 -49.500     NaN
  -6.636 -49.500 -49.500
  -6.634 -49.500 -49.500
  -6.632 -49.500 -49.500
  -6.630 -49.500     NaN
  -6.628 -49.500 -49.500
  -6.626 -49.500 -49.500
  -6.624 -16.317 -16.317
  -6.622 -49.500 -49.500
  -6.620 -49.500 -49.500
  -6.618 -49.500 -49.500
  -6.617 -49.500 -49.500
  -6.615 -49.500 -49.500
  -6.613 -49.500 -49.500
  -6.611 -49.500     NaN
  -6.609 -15.430 -15.430
  -6.607 -16.244 -16.244
  -6.605 -49.500     NaN
  -6.603 -16.023 -16.023
  -6.602 -49.500 -49.500
  -6.600 -49.500 -49.500
  -6.598 -16.143 -16.143
  -6.596 -16.791 -49.500
  -6.594 -49.500 -49.500
