  -8.861 -13.965 -13.965
  -8.599 -14.150 -14.150
  -8.442 -14.200 -14.200
  -8.329 -14.306 -14.306
  -8.239 -14.288 -14.288
  -8.166 -14.336 -14.336
  -8.103 -14.591 -14.591
  -8.048 -14.565 -14.565
  -7.999 -14.571 -14.571
  -7.955 -14.553 -14.553
  -7.916 -14.753 -14.753
  -7.879 -14.656 -14.656
  -7.846 -14.736 -14.736
  -7.815 -14.888 -14.888
  -7.786 -14.782 -14.782
  -7.758 -14.221 -14.778
  -7.733 -14.810 -14.810
  -7.709 -14.937 -14.937
  -7.686 -15.007 -15.007
  -7.664 -15.001 -15.001
  -7.643 -15.052 -15.052
  -7.624 -15.107 -15.107
  -7.605 -15.148 -15.148
  -7.586 -14.655 -15.154
  -7.569 -15.030 -15.335
  -7.552 -14.685 -14.974
  -7.536 -15.426 -15.426
  -7.521 -15.168 -15.168
  -7.506 -14.918 -15.079
  -7.491 -14.939 -15.231
  -7.477 -15.025 -15.025
  -7.464 -15.068 -15.068
  -7.451 -15.142 -15.296
  -7.438 -15.140 -15.140
  -7.425 -15.423 -15.655
  -7.413 -15.553 -15.553
  -7.401 -15.301 -15.301
  -7.390 -15.177 -15.177
  -7.379 -15.522 -15.522
  -7.368 -15.478 -15.478
  -7.357 -15.336 -15.336
  -7.347 -15.212 -15.366
  -7.337 -15.153 -15.405
  -7.327 -14.673 -15.934
  -7.317 -15.246 -15.417
  -7.308 -14.885 -15.683
  -7.299 -15.226 -15.628
  -7.290 -14.993 -15.626
  -7.281 -15.523 -15.815
  -7.272 -15.849 -15.849
  -7.264 -15.112 -15.734
  -7.255 -15.673 -15.673
  -7.247 -16.026 -16.026
  -7.239 -15.279 -15.472
  -7.231 -15.164 -15.727
  -7.223 -15.384 -15.977
  -7.216 -15.758 -15.758
  -7.208 -15.168 -15.379
  -7.201 -15.362 -15.968
  -7.194 -15.775 -15.775
  -7.187 -15.628 -15.896
  -7.180 -15.710 -15.870
  -7.173 -15.946 -15.946
  -7.166 -16.079 -16.079
  -7.159 -15.515 -16.002
  -7.153 -15.698 -15.882
  -7.146 -15.299 -15.797
  -7.140 -15.348 -15.720
  -7.133 -15.974 -16.210
  -7.127 -15.011 -16.012
  -7.121 -16.144 -16.144
  -7.115 -15.546 -16.122
  -7.109 -14.968 -15.850
  -7.103 -16.057 -16.214
  -7.098 -16.029 -16.029
  -7.092 -15.971 -16.136
  -7.086 -15.747 -16.125
  -7.081 -15.920 -16.095
  -7.075 -15.967 -16.140
  -7.070 -15.805 -15.966
  -7.064 -16.507 -16.507
  -7.059 -16.060 -16.060
  -7.054 -15.546 -15.823
  -7.049 -16.205 -16.205
  -7.043 -17.026 -17.445
  -7.038 -15.831 -15.831
  -7.033 -15.470 -15.794
  -7.029 -16.231 -16.599
  -7.024 -15.606 -16.085
  -7.019 -15.844 -16.273
  -7.014 -16.105 -16.634
  -7.009 -14.355 -16.355
  -7.005 -15.623 -16.334
  -7.000 -15.861 -16.581
  -6.995 -16.251 -16.495
  -6.991 -16.483 -16.647
  -6.986 -15.983 -16.166
  -6.982 -15.938 -16.341
  -6.978 -16.887 -16.887
  -6.973 -15.951 -15.951
  -6.969 -15.989 -16.154
  -6.965 -16.698 -16.872
  -6.961 -16.155 -16.155
  -6.956 -15.854 -16.692
  -6.952 -17.018 -17.182
  -6.948 -16.189 -16.189
  -6.944 -16.499 -16.855
  -6.940 -16.404 -16.591
  -6.936 -16.560 -16.753
  -6.932 -16.311 -16.562
  -6.928 -16.799 -16.983
  -6.924 -16.019 -16.019
  -6.920 -16.541 -49.500
  -6.917 -15.950 -16.318
  -6.913 -16.713 -17.111
  -6.909 -15.943 -16.187
  -6.905 -16.465 -16.981
  -6.902 -16.495 -16.495
  -6.898 -16.338 -16.338
  -6.894 -16.407 -16.964
  -6.891 -16.358 -16.511
  -6.887 -16.475 -16.475
  -6.884 -49.500     NaN
  -6.880 -16.767 -16.926
  -6.877 -16.823 -17.255
  -6.873 -16.882 -49.500
  -6.870 -16.545 -16.922
  -6.867 -16.721 -49.500
  -6.863 -16.129 -16.532
  -6.860 -16.185 -16.534
  -6.857 -49.500     NaN
  -6.853 -16.060 -16.630
  -6.850 -16.113 -16.332
  -6.847 -16.575 -49.500
  -6.844 -15.589 -16.495
  -6.840 -16.715 -16.715
  -6.837 -16.050 -17.003
  -6.834 -16.296 -49.500
  -6.831 -16.692 -49.500
  -6.828 -16.901 -16.901
  -6.825 -16.432 -49.500
  -6.822 -49.500     NaN
  -6.819 -16.679 -16.890
  -6.816 -49.500     NaN
  -6.813 -17.098 -49.500
  -6.810 -49.500     NaN
  -6.807 -16.199 -49.500
  -6.804 -16.643 -49.500
  -6.801 -15.550 -16.478
  -6.798 -16.223 -16.716
  -6.795 -17.392 -49.500
  -6.792 -17.009 -49.500
  -6.789 -16.352 -16.563
  -6.787 -16.968 -49.500
  -6.784 -15.741 -15.956
  -6.781 -16.353 -16.568
  -6.778 -16.267 -49.500
  -6.775 -15.656 -16.159
  -6.773 -16.092 -49.500
  -6.770 -49.500     NaN
  -6.767 -49.500     NaN
  -6.765 -16.211 -49.500
  -6.762 -15.943 -49.500
  -6.759 -49.500 -49.500
  -6.757 -49.500     NaN
  -6.754 -16.761 -16.761
  -6.751 -49.500     NaN
  -6.749 -49.500     NaN
  -6.746 -49.500     NaN
  -6.744 -15.891 -16.421
  -6.741 -16.745 -49.500
  -6.739 -49.500 -49.500
  -6.736 -16.465 -49.500
  -6.734 -16.090 -16.779
  -6.731 -49.500 -49.500
  -6.729 -16.853 -49.500
  -6.726 -49.500     NaN
  -6.724 -16.361 -17.091
  -6.721 -49.500 -49.500
  -6.719 -49.500 -49.500
  -6.717 -16.676 -49.500
  -6.714 -16.203 -16.819
  -6.712 -49.500 -49.500
  -6.709 -49.500 -49.500
  -6.707 -49.500     NaN
  -6.705 -49.500 -49.500
  -6.702 -16.484 -49.500
  -6.700 -16.361 -49.500
  -6.698 -49.500     NaN
  -6.696 -49.500     NaN
  -6.693 -49.500 -49.500
  -6.691 -16.781 -16.781
  -6.689 -49.500     NaN
  -6.687 -49.500 -49.500
  -6.684 -16.490 -49.500
  -6.682 -16.786 -49.500
  -6.680 -49.500 -49.500
  -6.678 -49.500 -49.500
  -6.675 -15.931 -49.500
  -6.673 -49.500     NaN
  -6.671 -15.882 -49.500
  -6.669 -16.736 -16.736
  -6.667 -16.931 -16.931
  -6.665 -49.500 -49.500
  -6.663 -49.500 -49.500
  -6.661 -49.500 -49.500
  -6.658 -49.500 -49.500
  -6.656 -16.256 -16.575
  -6.654 -16.142 -16.142
  -6.652 -49.500 -49.500
  -6.650 -49.500 -49.500
  -6.648 -49.500 -49.500
  -6.646 -15.826 -15.826
  -6.644 -49.500     NaN
  -6.642 -49.500 -49.500
  -6.640 -49.500 -49.500
  -6.638 -49.500 -49.500
  -6.636 -49.500 -49.500
  -6.634 -49.500 -49.500
  -6.632 -16.492 -49.500
  -6.630 -49.500 -49.500
  -6.628 -15.467 -49.500
  -6.626 -49.500 -49.500
  -6.624 -16.073 -16.073
  -6.622 -49.500     NaN
  -6.620 -49.500 -49.500
  -6.618 -49.500 -49.500
  -6.617 -49.500 -49.500
  -6.615 -49.500 -49.500
  -6.613 -49.500 -49.500
  -6.611 -49.500 -49.500
  -6.609 -49.500 -49.500
  -6.607 -49.500 -49.500
  -6.605 -49.500     NaN
  -6.603 -15.831 -15.831
  -6.602 -49.500 -49.500
  -6.600 -49.500     NaN
  -6.598 -49.500 -49.500
  -6.596 -49.500 -49.500
  -6.594 -49.500     NaN
