  -8.861 -13.973 -13.973
  -8.599 -14.137 -14.137
  -8.442 -14.223 -14.223
  -8.329 -14.385 -14.385
  -8.239 -14.385 -14.385
  -8.166 -14.483 -14.483
  -8.103 -14.432 -14.432
  -8.048 -14.519 -14.519
  -7.999 -14.434 -14.590
  -7.955 -14.615 -14.775
  -7.916 -14.533 -14.684
  -7.879 -14.709 -14.709
  -7.846 -14.561 -14.561
  -7.815 -14.748 -14.748
  -7.786 -14.761 -14.761
  -7.758 -15.029 -15.029
  -7.733 -14.538 -15.031
  -7.709 -14.833 -14.833
  -7.686 -14.929 -14.929
  -7.664 -14.812 -15.091
  -7.643 -15.099 -15.099
  -7.624 -14.110 -14.568
  -7.605 -14.921 -14.921
  -7.586 -14.981 -14.981
  -7.569 -14.849 -14.849
  -7.552 -14.966 -15.302
  -7.536 -15.109 -15.109
  -7.521 -15.368 -15.368
  -7.506 -15.396 -15.396
  -7.491 -15.425 -15.425
  -7.477 -15.119 -15.436
  -7.464 -15.159 -15.159
  -7.451 -14.892 -15.238
  -7.438 -15.307 -15.307
  -7.425 -15.416 -15.416
  -7.413 -14.701 -15.232
  -7.401 -15.476 -15.476
  -7.390 -15.845 -15.845
  -7.379 -14.581 -15.459
  -7.368 -15.303 -15.303
  -7.357 -14.949 -15.167
  -7.347 -15.114 -15.859
  -7.337 -15.055 -15.055
  -7.327 -15.475 -15.475
  -7.317 -15.412 -15.412
  -7.308 -15.652 -15.652
  -7.299 -15.642 -15.642
  -7.290 -15.187 -15.366
  -7.281 -15.493 -15.828
  -7.272 -15.392 -15.561
  -7.264 -15.843 -15.843
  -7.255 -14.957 -15.899
  -7.247 -15.696 -15.862
  -7.239 -15.258 -15.258
  -7.231 -15.956 -15.956
  -7.223 -15.109 -15.836
  -7.216 -15.727 -15.727
  -7.208 -15.894 -15.894
  -7.201 -16.025 -16.025
  -7.194 -15.346 -15.609
  -7.187 -15.852 -15.852
  -7.180 -15.274 -16.029
  -7.173 -15.860 -15.860
  -7.166 -15.682 -16.066
  -7.159 -15.588 -16.045
  -7.153 -15.934 -15.934
  -7.146 -15.595 -15.928
  -7.140 -16.048 -16.048
  -7.133 -15.414 -16.390
  -7.127 -15.812 -16.138
  -7.121 -15.810 -16.010
  -7.115 -16.121 -16.121
  -7.109 -16.230 -16.230
  -7.103 -16.152 -16.152
  -7.098 -15.865 -15.865
  -7.092 -15.304 -15.846
  -7.086 -15.009 -16.139
  -7.081 -16.058 -16.453
  -7.075 -15.433 -16.098
  -7.070 -16.020 -16.020
  -7.064 -15.090 -15.374
  -7.059 -16.046 -16.308
  -7.054 -15.431 -15.710
  -7.049 -15.686 -15.837
  -7.043 -16.162 -16.337
  -7.038 -15.587 -15.925
  -7.033 -16.024 -16.024
  -7.029 -15.849 -16.078
  -7.024 -16.653 -16.877
  -7.019 -16.242 -16.242
  -7.014 -15.969 -16.295
  -7.009 -15.710 -15.898
  -7.005 -16.066 -16.271
  -7.000 -16.196 -16.375
  -6.995 -15.832 -16.288
  -6.991 -15.541 -15.792
  -6.986 -16.325 -16.654
  -6.982 -16.111 -16.111
  -6.978 -15.312 -15.996
  -6.973 -16.162 -16.738
  -6.969 -16.580 -17.099
  -6.965 -16.523 -16.747
  -6.961 -16.216 -16.216
  -6.956 -15.499 -16.162
  -6.952 -16.407 -16.407
  -6.948 -16.232 -16.522
  -6.944 -16.666 -16.666
  -6.940 -15.213 -16.333
  -6.936 -16.711 -21.970
  -6.932 -16.784 -16.985
  -6.928 -16.696 -16.696
  -6.924 -16.803 -49.500
  -6.920 -16.479 -16.720
  -6.917 -16.917 -16.917
  -6.913 -15.659 -16.427
  -6.909 -15.741 -15.997
  -6.905 -16.228 -16.423
  -6.902 -16.541 -16.541
  -6.898 -16.998 -49.500
  -6.894 -16.422 -16.734
  -6.891 -15.735 -16.594
  -6.887 -16.156 -49.500
  -6.884 -16.217 -49.500
  -6.880 -16.366 -16.566
  -6.877 -16.389 -17.255
  -6.873 -16.355 -16.676
  -6.870 -15.809 -16.839
  -6.867 -16.146 -16.397
  -6.863 -15.997 -15.997
  -6.860 -16.947 -49.500
  -6.857 -16.013 -16.636
  -6.853 -16.264 -16.628
  -6.850 -16.920 -17.357
  -6.847 -15.749 -49.500
  -6.844 -17.114 -49.500
  -6.840 -16.222 -16.222
  -6.837 -15.939 -49.500
  -6.834 -16.615 -16.615
  -6.831 -16.577 -16.834
  -6.828 -16.435 -16.724
  -6.825 -49.500     NaN
  -6.822 -16.538 -16.762
  -6.819 -16.647 -49.500
  -6.816 -16.680 -49.500
  -6.813 -17.179 -49.500
  -6.810 -16.304 -16.594
  -6.807 -15.858 -16.530
  -6.804 -15.670 -17.061
  -6.801 -16.639 -49.500
  -6.798 -49.500     NaN
  -6.795 -16.513 -49.500
  -6.792 -16.512 -49.500
  -6.789 -16.772 -17.099
  -6.787 -15.587 -16.461
  -6.784 -16.320 -49.500
  -6.781 -17.037 -49.500
  -6.778 -49.500     NaN
  -6.775 -16.346 -49.500
  -6.773 -16.268 -49.500
  -6.770 -15.680 -16.072
  -6.767 -49.500     NaN
  -6.765 -49.500 -49.500
  -6.762 -16.688 -49.500
  -6.759 -15.031 -16.915
  -6.757 -49.500     NaN
  -6.754 -49.500 -49.500
  -6.751 -16.238 -16.697
  -6.749 -16.351 -49.500
  -6.746 -49.500     NaN
  -6.744 -16.732 -49.500
  -6.741 -16.733 -49.500
  -6.739 -49.500     NaN
  -6.736 -16.344 -49.500
  -6.734 -15.838 -49.500
  -6.731 -49.500     NaN
  -6.729 -49.500 -49.500
  -6.726 -16.706 -16.893
  -6.724 -49.500     NaN
  -6.721 -15.616 -16.685
  -6.719 -49.500     NaN
  -6.717 -49.500 -49.500
  -6.714 -16.185 -16.185
  -6.712 -16.215 -16.215
  -6.709 -16.605 -49.500
  -6.707 -16.994 -49.500
  -6.705 -16.706 -49.500
  -6.702 -49.500     NaN
  -6.700 -49.500     NaN
  -6.698 -49.500 -49.500
  -6.696 -49.500     NaN
  -6.693 -49.500     NaN
  -6.691 -16.660 -49.500
  -6.689 -49.500 -49.500
  -6.687 -16.277 -16.433
  -6.684 -16.528 -49.500
  -6.682 -16.828 -16.828
  -6.680 -49.500 -49.500
  -6.678 -49.500 -49.500
  -6.675 -49.500     NaN
  -6.673 -49.500 -49.500
  -6.671 -49.500     NaN
  -6.669 -16.744 -49.500
  -6.667 -16.781 -49.500
  -6.665 -49.500 -49.500
  -6.663 -49.500     NaN
  -6.661 -49.500 -49.500
  -6.658 -15.646 -15.646
  -6.656 -49.500 -49.500
  -6.654 -49.500     NaN
  -6.652 -49.500     NaN
  -6.650 -49.500 -49.500
  -6.648 -49.500 -49.500
  -6.646 -49.500 -49.500
  -6.644 -49.500 -49.500
  -6.642 -49.500     NaN
  -6.640 -49.500     NaN
  -6.638 -16.742 -16.742
  -6.636 -16.497 -16.497
  -6.634 -15.716 -15.716
  -6.632 -16.746 -16.746
  -6.630 -49.500 -49.500
  -6.628 -49.500 -49.500
  -6.626 -16.891 -49.500
  -6.624 -49.500 -49.500
  -6.622 -49.500 -49.500
  -6.620 -16.238 -16.238
  -6.618 -49.500 -49.500
  -6.617 -49.500 -49.500
  -6.615 -49.500 -49.500
  -6.613 -49.500     NaN
  -6.611 -49.500 -49.500
  -6.609 -49.500 -49.500
  -6.607 -49.500 -49.500
  -6.605 -49.500 -49.500
  -6.603 -49.500 -49.500
  -6.602 -15.972 -15.972
  -6.600 -16.501 -16.501
  -6.598 -49.500 -49.500
  -6.596 -49.500 -49.500
  -6.594 -49.500 -49.500
