  -8.861 -14.010 -14.010
  -8.599 -14.103 -14.103
  -8.442 -14.241 -14.241
  -8.329 -14.286 -14.286
  -8.239 -14.376 -14.376
  -8.166 -14.369 -14.369
  -8.103 -14.292 -14.292
  -8.048 -14.168 -14.361
  -7.999 -14.563 -14.563
  -7.955 -14.515 -14.515
  -7.916 -14.566 -14.744
  -7.879 -14.831 -14.831
  -7.846 -14.448 -14.761
  -7.815 -14.706 -14.858
  -7.786 -14.156 -14.525
  -7.758 -14.932 -14.932
  -7.733 -14.903 -14.903
  -7.709 -14.733 -14.733
  -7.686 -14.574 -14.574
  -7.664 -14.641 -14.893
  -7.643 -14.783 -15.000
  -7.624 -14.829 -14.982
  -7.605 -14.654 -15.130
  -7.586 -15.083 -15.083
  -7.569 -15.250 -15.250
  -7.552 -15.471 -15.471
  -7.536 -14.904 -15.345
  -7.521 -15.027 -15.027
  -7.506 -15.086 -15.276
  -7.491 -14.553 -14.749
  -7.477 -15.287 -15.287
  -7.464 -15.314 -15.314
  -7.451 -15.425 -15.425
  -7.438 -14.847 -15.250
  -7.425 -14.908 -15.060
  -7.413 -14.713 -15.081
  -7.401 -15.296 -15.296
  -7.390 -14.978 -15.480
  -7.379 -15.334 -15.334
  -7.368 -15.727 -15.727
  -7.357 -15.040 -15.252
  -7.347 -15.317 -15.582
  -7.337 -15.106 -15.268
  -7.327 -15.547 -15.547
  -7.317 -15.720 -15.720
  -7.308 -15.475 -15.735
  -7.299 -15.827 -15.827
  -7.290 -15.431 -15.636
  -7.281 -15.362 -15.362
  -7.272 -15.306 -15.683
  -7.264 -15.078 -15.452
  -7.255 -15.965 -15.965
  -7.247 -15.836 -16.029
  -7.239 -15.366 -15.815
  -7.231 -15.868 -15.868
  -7.223 -15.074 -15.074
  -7.216 -15.826 -15.826
  -7.208 -15.644 -15.644
  -7.201 -16.128 -16.128
  -7.194 -15.966 -16.230
  -7.187 -15.401 -15.401
  -7.180 -15.796 -16.248
  -7.173 -14.950 -15.900
  -7.166 -15.838 -15.838
  -7.159 -16.144 -16.144
  -7.153 -16.055 -16.055
  -7.146 -15.501 -15.865
  -7.140 -15.793 -15.999
  -7.133 -15.904 -15.904
  -7.127 -16.223 -16.396
  -7.121 -15.650 -16.047
  -7.115 -14.932 -15.589
  -7.109 -15.806 -15.806
  -7.103 -15.772 -16.064
  -7.098 -15.901 -16.233
  -7.092 -16.155 -16.398
  -7.086 -15.763 -15.972
  -7.081 -16.314 -16.314
  -7.075 -15.374 -15.893
  -7.070 -15.594 -15.985
  -7.064 -15.590 -16.468
  -7.059 -16.152 -16.152
  -7.054 -15.561 -16.650
  -7.049 -15.688 -16.007
  -7.043 -15.733 -16.117
  -7.038 -15.801 -15.801
  -7.033 -16.414 -16.414
  -7.029 -15.593 -16.037
  -7.024 -16.000 -16.164
  -7.019 -16.168 -16.326
  -7.014 -15.608 -16.645
  -7.009 -15.837 -16.483
  -7.005 -16.089 -16.421
  -7.000 -16.216 -16.462
  -6.995 -15.141 -16.002
  -6.991 -15.908 -15.908
  -6.986 -15.688 -16.773
  -6.982 -16.040 -16.230
  -6.978 -15.544 -16.006
  -6.973 -16.532 -16.716
  -6.969 -16.182 -16.789
  -6.965 -15.510 -17.319
  -6.961 -16.458 -16.458
  -6.956 -15.437 -16.838
  -6.952 -16.173 -16.173
  -6.948 -16.223 -16.949
  -6.944 -15.484 -15.959
  -6.940 -17.393 -49.500
  -6.936 -16.188 -16.449
  -6.932 -15.911 -21.275
  -6.928 -16.040 -16.413
  -6.924 -15.596 -16.827
  -6.920 -16.607 -16.779
  -6.917 -16.108 -16.475
  -6.913 -15.896 -16.950
  -6.909 -16.749 -17.049
  -6.905 -17.008 -49.500
  -6.902 -16.481 -16.791
  -6.898 -16.700 -16.965
  -6.894 -16.867 -22.810
  -6.891 -16.247 -16.582
  -6.887 -16.920 -17.183
  -6.884 -15.907 -16.146
  -6.880 -16.414 -16.736
  -6.877 -16.195 -16.688
  -6.873 -16.420 -16.733
  -6.870 -16.633 -16.888
  -6.867 -16.396 -16.396
  -6.863 -15.680 -49.500
  -6.860 -49.500 -49.500
  -6.857 -49.500     NaN
  -6.853 -16.999 -17.239
  -6.850 -14.345 -16.373
  -6.847 -16.733 -16.977
  -6.844 -49.500     NaN
  -6.840 -16.425 -17.106
  -6.837 -15.700 -16.385
  -6.834 -49.500 -49.500
  -6.831 -16.939 -49.500
  -6.828 -16.204 -16.697
  -6.825 -15.819 -17.200
  -6.822 -49.500     NaN
  -6.819 -49.500     NaN
  -6.816 -16.239 -16.660
  -6.813 -16.288 -16.579
  -6.810 -49.500     NaN
  -6.807 -49.500     NaN
  -6.804 -15.909 -17.263
  -6.801 -49.500     NaN
  -6.798 -49.500     NaN
  -6.795 -49.500 -49.500
  -6.792 -16.145 -49.500
  -6.789 -16.218 -16.409
  -6.787 -15.355 -16.067
  -6.784 -49.500     NaN
  -6.781 -49.500     NaN
  -6.778 -49.500     NaN
  -6.775 -49.500 -49.500
  -6.773 -16.267 -49.500
  -6.770 -16.501 -16.729
  -6.767 -49.500     NaN
  -6.765 -49.500     NaN
  -6.762 -16.087 -16.520
  -6.759 -16.029 -49.500
  -6.757 -16.311 -49.500
  -6.754 -15.864 -15.864
  -6.751 -49.500     NaN
  -6.749 -49.500     NaN
  -6.746 -16.891 -49.500
  -6.744 -49.500     NaN
  -6.741 -16.257 -17.061
  -6.739 -49.500 -49.500
  -6.736 -49.500     NaN
  -6.734 -15.404 -15.404
  -6.731 -49.500     NaN
  -6.729 -49.500     NaN
  -6.726 -16.357 -49.500
  -6.724 -49.500     NaN
  -6.721 -16.166 -49.500
  -6.719 -15.955 -49.500
  -6.717 -49.500     NaN
  -6.714 -49.500     NaN
  -6.712 -49.500     NaN
  -6.709 -15.865 -15.865
  -6.707 -49.500     NaN
  -6.705 -49.500 -49.500
  -6.702 -49.500     NaN
  -6.700 -49.500     NaN
  -6.698 -49.500 -49.500
  -6.696 -16.291 -16.291
  -6.693 -16.808 -49.500
  -6.691 -16.642 -16.642
  -6.689 -49.500     NaN
  -6.687 -16.670 -49.500
  -6.684 -16.673 -49.500
  -6.682 -16.127 -16.608
  -6.680 -16.117 -16.117
  -6.678 -49.500     NaN
  -6.675 -49.500 -49.500
  -6.673 -49.500     NaN
  -6.671 -49.500 -49.500
  -6.669 -16.137 -16.137
  -6.667 -49.500 -49.500
  -6.665 -49.500 -49.500
  -6.663 -16.257 -16.257
  -6.661 -16.204 -16.204
  -6.658 -49.500 -49.500
  -6.656 -15.015 -15.015
  -6.654 -49.500 -49.500
  -6.652 -49.500 -49.500
  -6.650 -16.360 -49.500
  -6.648 -16.566 -16.566
  -6.646 -49.500     NaN
  -6.644 -49.500 -49.500
  -6.642 -49.500     NaN
  -6.640 -49.500 -49.500
  -6.638 -49.500 -49.500
  -6.636 -49.500 -49.500
  -6.634 -49.500     NaN
  -6.632 -15.015 -15.015
  -6.630 -49.500 -49.500
  -6.628 -15.708 -49.500
  -6.626 -15.451 -15.451
  -6.624 -49.500 -49.500
  -6.622 -16.836 -16.836
  -6.620 -49.500 -49.500
  -6.618 -49.500 -49.500
  -6.617 -16.433 -49.500
  -6.615 -49.500 -49.500
  -6.613 -49.500 -49.500
  -6.611 -16.542 -16.744
  -6.609 -49.500 -49.500
  -6.607 -16.611 -49.500
  -6.605 -49.500 -49.500
  -6.603 -49.500 -49.500
  -6.602 -49.500 -49.500
  -6.600 -16.633 -16.633
  -6.598 -49.500 -49.500
  -6.596 -49.500 -49.500
  -6.594 -49.500 -49.500
