  -8.861 -13.945 -13.945
  -8.599 -14.138 -14.138
  -8.442 -14.127 -14.127
  -8.329 -14.272 -14.272
  -8.239 -14.336 -14.336
  -8.166 -14.075 -14.075
  -8.103 -14.343 -14.542
  -8.048 -14.532 -14.532
  -7.999 -14.532 -14.532
  -7.955 -14.694 -14.694
  -7.916 -14.801 -14.801
  -7.879 -14.666 -14.666
  -7.846 -14.727 -14.727
  -7.815 -14.598 -14.598
  -7.786 -14.244 -14.849
  -7.758 -14.579 -14.919
  -7.733 -14.754 -14.984
  -7.709 -14.750 -14.750
  -7.686 -14.630 -14.630
  -7.664 -14.785 -15.162
  -7.643 -14.925 -15.090
  -7.624 -14.873 -14.873
  -7.605 -14.785 -14.976
  -7.586 -15.130 -15.130
  -7.569 -14.095 -15.106
  -7.552 -15.240 -15.240
  -7.536 -15.199 -15.199
  -7.521 -14.099 -14.973
  -7.506 -15.376 -15.376
  -7.491 -15.132 -15.307
  -7.477 -15.332 -15.332
  -7.464 -15.003 -15.218
  -7.451 -15.235 -15.235
  -7.438 -14.986 -14.986
  -7.425 -15.290 -15.290
  -7.413 -15.487 -15.487
  -7.401 -15.484 -15.484
  -7.390 -15.564 -15.564
  -7.379 -14.545 -15.303
  -7.368 -15.457 -15.457
  -7.357 -15.278 -15.437
  -7.347 -15.588 -15.588
  -7.337 -15.341 -15.341
  -7.327 -14.958 -15.491
  -7.317 -15.381 -15.381
  -7.308 -15.013 -15.419
  -7.299 -15.678 -15.849
  -7.290 -15.503 -15.714
  -7.281 -15.725 -15.725
  -7.272 -15.173 -15.433
  -7.264 -15.739 -15.739
  -7.255 -15.567 -15.567
  -7.247 -15.443 -15.606
  -7.239 -15.496 -15.496
  -7.231 -15.857 -15.857
  -7.223 -15.732 -15.732
  -7.216 -15.915 -16.091
  -7.208 -15.596 -15.760
  -7.201 -15.024 -15.434
  -7.194 -15.798 -15.798
  -7.187 -15.469 -15.635
  -7.180 -15.730 -16.057
  -7.173 -15.845 -15.845
  -7.166 -15.764 -16.193
  -7.159 -15.657 -15.987
  -7.153 -15.943 -15.943
  -7.146 -16.076 -16.076
  -7.140 -15.603 -16.013
  -7.133 -15.737 -15.916
  -7.127 -15.556 -15.912
  -7.121 -15.369 -15.985
  -7.115 -15.857 -16.085
  -7.109 -16.183 -16.360
  -7.103 -16.132 -16.132
  -7.098 -16.158 -16.317
  -7.092 -16.217 -16.217
  -7.086 -15.752 -16.066
  -7.081 -15.901 -16.263
  -7.075 -15.799 -16.131
  -7.070 -15.774 -16.214
  -7.064 -14.816 -15.267
  -7.059 -15.562 -15.792
  -7.054 -16.124 -16.124
  -7.049 -15.785 -15.985
  -7.043 -15.553 -15.924
  -7.038 -15.911 -16.237
  -7.033 -15.843 -16.048
  -7.029 -16.313 -16.313
  -7.024 -16.265 -16.265
  -7.019 -16.019 -16.528
  -7.014 -15.954 -15.954
  -7.009 -16.126 -16.701
  -7.005 -15.784 -16.366
  -7.000 -16.440 -16.440
  -6.995 -16.416 -16.416
  -6.991 -15.990 -16.612
  -6.986 -16.010 -16.233
  -6.982 -16.319 -16.712
  -6.978 -16.148 -16.415
  -6.973 -15.735 -16.088
  -6.969 -16.864 -17.076
  -6.965 -15.822 -16.331
  -6.961 -15.809 -15.809
  -6.956 -15.667 -16.234
  -6.952 -15.854 -16.018
  -6.948 -15.821 -16.671
  -6.944 -15.593 -16.340
  -6.940 -15.575 -16.363
  -6.936 -16.628 -16.628
  -6.932 -16.159 -16.443
  -6.928 -16.560 -17.059
  -6.924 -16.741 -16.893
  -6.920 -16.536 -16.754
  -6.917 -16.414 -16.640
  -6.913 -16.671 -16.871
  -6.909 -16.244 -16.699
  -6.905 -16.185 -16.945
  -6.902 -17.308 -49.500
  -6.898 -16.853 -17.059
  -6.894 -16.208 -16.456
  -6.891 -15.863 -16.320
  -6.887 -22.784 -22.784
  -6.884 -16.163 -49.500
  -6.880 -16.886 -49.500
  -6.877 -16.837 -17.030
  -6.873 -16.525 -16.689
  -6.870 -16.304 -16.461
  -6.867 -15.455 -16.873
  -6.863 -16.349 -16.585
  -6.860 -16.374 -16.374
  -6.857 -16.783 -17.174
  -6.853 -17.008 -49.500
  -6.850 -49.500     NaN
  -6.847 -49.500     NaN
  -6.844 -16.779 -49.500
  -6.840 -16.246 -16.418
  -6.837 -17.066 -49.500
  -6.834 -16.158 -49.500
  -6.831 -16.622 -16.622
  -6.828 -15.126 -15.445
  -6.825 -17.170 -49.500
  -6.822 -16.380 -49.500
  -6.819 -15.240 -15.736
  -6.816 -16.479 -16.650
  -6.813 -16.868 -49.500
  -6.810 -16.576 -49.500
  -6.807 -16.888 -49.500
  -6.804 -15.512 -16.565
  -6.801 -16.588 -16.588
  -6.798 -15.818 -49.500
  -6.795 -16.773 -17.014
  -6.792 -49.500     NaN
  -6.789 -16.282 -16.855
  -6.787 -49.500 -49.500
  -6.784 -49.500 -49.500
  -6.781 -16.712 -49.500
  -6.778 -49.500     NaN
  -6.775 -16.391 -17.009
  -6.773 -16.709 -49.500
  -6.770 -49.500     NaN
  -6.767 -16.775 -49.500
  -6.765 -15.492 -49.500
  -6.762 -16.872 -49.500
  -6.759 -49.500     NaN
  -6.757 -16.349 -16.834
  -6.754 -16.424 -16.424
  -6.751 -15.904 -49.500
  -6.749 -49.500 -49.500
  -6.746 -49.500     NaN
  -6.744 -49.500     NaN
  -6.741 -16.253 -49.500
  -6.739 -16.568 -16.877
  -6.736 -16.140 -49.500
  -6.734 -16.196 -49.500
  -6.731 -16.372 -49.500
  -6.729 -16.474 -49.500
  -6.726 -49.500     NaN
  -6.724 -16.281 -49.500
  -6.721 -16.785 -16.960
  -6.719 -16.741 -16.986
  -6.717 -49.500 -49.500
  -6.714 -16.828 -49.500
  -6.712 -49.500     NaN
  -6.709 -49.500 -49.500
  -6.707 -49.500 -49.500
  -6.705 -49.500 -49.500
  -6.702 -49.500     NaN
  -6.700 -49.500     NaN
  -6.698 -49.500 -49.500
  -6.696 -16.646 -16.834
  -6.693 -49.500 -49.500
  -6.691 -15.170 -15.170
  -6.689 -49.500 -49.500
  -6.687 -49.500     NaN
  -6.684 -16.520 -49.500
  -6.682 -49.500 -49.500
  -6.680 -49.500 -49.500
  -6.678 -49.500     NaN
  -6.675 -49.500 -49.500
  -6.673 -49.500 -49.500
  -6.671 -16.389 -49.500
  -6.669 -49.500 -49.500
  -6.667 -49.500 -49.500
  -6.665 -49.500 -49.500
  -6.663 -49.500 -49.500
  -6.661 -49.500 -49.500
  -6.658 -49.500 -49.500
  -6.656 -49.500 -49.500
  -6.654 -49.500 -49.500
  -6.652 -16.079 -16.311
  -6.650 -49.500     NaN
  -6.648 -49.500 -49.500
  -6.646 -49.500 -49.500
  -6.644 -49.500 -49.500
  -6.642 -49.500     NaN
  -6.640 -49.500 -49.500
  -6.638 -49.500 -49.500
  -6.636 -49.500 -49.500
  -6.634 -49.500 -49.500
  -6.632 -16.522 -49.500
  -6.630 -49.500     NaN
  -6.628 -16.063 -49.500
  -6.626 -49.500 -49.500
  -6.624 -49.500 -49.500
  -6.622 -49.500 -49.500
  -6.620 -49.500 -49.500
  -6.618 -16.382 -49.500
  -6.617 -16.837 -49.500
  -6.615 -49.500 -49.500
  -6.613 -49.500 -49.500
  -6.611 -49.500 -49.500
  -6.609 -16.666 -49.500
  -6.607 -49.500 -49.500
  -6.605 -49.500 -49.500
  -6.603 -15.427 -15.427
  -6.602 -49.500     NaN
  -6.600 -49.500 -49.500
  -6.598 -49.500 -49.500
  -6.596 -49.500 -49.500
  -6.594 -16.164 -16.164
