  -8.861 -13.969 -13.969
  -8.599 -14.123 -14.123
  -8.442 -14.220 -14.220
  -8.329 -14.337 -14.337
  -8.239 -14.243 -14.408
  -8.166 -14.365 -14.365
  -8.103 -14.026 -14.472
  -8.048 -14.471 -14.471
  -7.999 -14.581 -14.581
  -7.955 -14.604 -14.604
  -7.916 -14.750 -14.750
  -7.879 -14.667 -14.667
  -7.846 -14.557 -14.557
  -7.815 -14.685 -14.685
  -7.786 -14.880 -14.880
  -7.758 -14.683 -14.845
  -7.733 -14.853 -14.853
  -7.709 -14.793 -14.793
  -7.686 -15.060 -15.060
  -7.664 -14.870 -15.149
  -7.643 -14.891 -14.891
  -7.624 -15.029 -15.029
  -7.605 -14.950 -15.105
  -7.586 -14.953 -14.953
  -7.569 -15.331 -15.331
  -7.552 -15.036 -15.036
  -7.536 -15.144 -15.144
  -7.521 -14.858 -14.858
  -7.506 -15.294 -15.294
  -7.491 -14.777 -15.187
  -7.477 -15.260 -15.412
  -7.464 -15.298 -15.298
  -7.451 -15.228 -15.413
  -7.438 -15.167 -15.353
  -7.425 -15.191 -15.472
  -7.413 -15.318 -15.605
  -7.401 -15.484 -15.484
  -7.390 -15.370 -15.814
  -7.379 -15.578 -15.578
  -7.368 -15.259 -15.259
  -7.357 -15.522 -15.522
  -7.347 -14.596 -14.774
  -7.337 -15.347 -15.347
  -7.327 -14.932 -15.556
  -7.317 -15.821 -15.821
  -7.308 -15.090 -15.459
  -7.299 -15.731 -15.731
  -7.290 -15.414 -15.680
  -7.281 -14.705 -15.460
  -7.272 -14.836 -15.201
  -7.264 -15.677 -15.677
  -7.255 -15.316 -15.316
  -7.247 -15.112 -15.559
  -7.239 -15.592 -15.592
  -7.231 -15.453 -15.637
  -7.223 -16.047 -16.047
  -7.216 -15.421 -15.689
  -7.208 -15.416 -15.654
  -7.201 -15.840 -15.840
  -7.194 -15.922 -15.922
  -7.187 -15.693 -15.993
  -7.180 -15.717 -15.884
  -7.173 -15.926 -15.926
  -7.166 -15.384 -15.655
  -7.159 -16.062 -16.062
  -7.153 -15.192 -15.880
  -7.146 -15.889 -16.104
  -7.140 -15.466 -15.466
  -7.133 -15.086 -15.493
  -7.127 -15.659 -15.835
  -7.121 -15.401 -16.014
  -7.115 -15.930 -16.082
  -7.109 -15.841 -16.104
  -7.103 -15.918 -16.149
  -7.098 -16.074 -16.269
  -7.092 -14.771 -15.783
  -7.086 -15.371 -16.279
  -7.081 -16.049 -16.049
  -7.075 -15.202 -15.886
  -7.070 -15.770 -16.105
  -7.064 -15.288 -15.981
  -7.059 -15.773 -15.773
  -7.054 -16.399 -16.591
  -7.049 -16.235 -16.235
  -7.043 -16.265 -16.432
  -7.038 -15.996 -16.190
  -7.033 -16.114 -16.423
  -7.029 -16.699 -16.699
  -7.024 -16.331 -16.331
  -7.019 -14.808 -16.203
  -7.014 -16.053 -16.482
  -7.009 -15.746 -16.429
  -7.005 -16.040 -16.888
  -7.000 -16.010 -16.236
  -6.995 -16.096 -16.336
  -6.991 -16.127 -16.127
  -6.986 -16.226 -16.226
  -6.982 -14.511 -15.821
  -6.978 -15.789 -16.187
  -6.973 -15.692 -15.692
  -6.969 -16.228 -16.649
  -6.965 -16.504 -16.504
  -6.961 -16.277 -16.512
  -6.956 -16.366 -16.782
  -6.952 -16.779 -16.989
  -6.948 -15.150 -16.300
  -6.944 -16.046 -16.259
  -6.940 -15.933 -16.626
  -6.936 -16.483 -16.701
  -6.932 -16.093 -16.311
  -6.928 -16.699 -17.179
  -6.924 -16.062 -22.544
  -6.920 -49.500     NaN
  -6.917 -16.176 -16.425
  -6.913 -14.644 -16.713
  -6.909 -16.438 -22.899
  -6.905 -15.306 -16.620
  -6.902 -16.040 -49.500
  -6.898 -15.734 -16.256
  -6.894 -15.968 -16.120
  -6.891 -17.203 -21.294
  -6.887 -16.744 -16.959
  -6.884 -16.716 -49.500
  -6.880 -16.526 -16.688
  -6.877 -14.759 -17.236
  -6.873 -16.584 -17.140
  -6.870 -15.998 -16.700
  -6.867 -49.500     NaN
  -6.863 -16.288 -16.626
  -6.860 -49.500     NaN
  -6.857 -16.280 -16.509
  -6.853 -15.915 -16.079
  -6.850 -16.413 -16.948
  -6.847 -16.355 -49.500
  -6.844 -16.539 -17.003
  -6.840 -16.812 -49.500
  -6.837 -49.500     NaN
  -6.834 -49.500     NaN
  -6.831 -49.500     NaN
  -6.828 -49.500     NaN
  -6.825 -16.335 -16.560
  -6.822 -16.706 -17.051
  -6.819 -15.424 -16.542
  -6.816 -49.500     NaN
  -6.813 -49.500     NaN
  -6.810 -16.768 -49.500
  -6.807 -16.723 -49.500
  -6.804 -15.974 -16.799
  -6.801 -49.500     NaN
  -6.798 -16.273 -49.500
  -6.795 -16.252 -16.695
  -6.792 -16.944 -17.302
  -6.789 -49.500     NaN
  -6.787 -49.500     NaN
  -6.784 -16.662 -49.500
  -6.781 -49.500     NaN
  -6.778 -16.450 -49.500
  -6.775 -49.500     NaN
  -6.773 -49.500     NaN
  -6.770 -16.454 -16.694
  -6.767 -16.091 -16.091
  -6.765 -16.718 -49.500
  -6.762 -49.500     NaN
  -6.759 -16.278 -49.500
  -6.757 -17.063 -49.500
  -6.754 -16.524 -16.922
  -6.751 -16.220 -16.586
  -6.749 -17.047 -49.500
  -6.746 -49.500     NaN
  -6.744 -49.500 -49.500
  -6.741 -16.555 -16.555
  -6.739 -49.500     NaN
  -6.736 -49.500     NaN
  -6.734 -15.969 -49.500
  -6.731 -15.238 -16.442
  -6.729 -49.500 -49.500
  -6.726 -49.500 -49.500
  -6.724 -16.671 -49.500
  -6.721 -49.500 -49.500
  -6.719 -16.201 -16.201
  -6.717 -49.500     NaN
  -6.714 -49.500     NaN
  -6.712 -49.500 -49.500
  -6.709 -49.500 -49.500
  -6.707 -49.500     NaN
  -6.705 -15.902 -15.902
  -6.702 -15.956 -16.119
  -6.700 -16.510 -49.500
  -6.698 -16.502 -49.500
  -6.696 -49.500 -49.500
  -6.693 -16.046 -16.865
  -6.691 -49.500     NaN
  -6.689 -16.996 -16.996
  -6.687 -16.722 -16.722
  -6.684 -16.613 -49.500
  -6.682 -49.500     NaN
  -6.680 -49.500 -49.500
  -6.678 -49.500 -49.500
  -6.675 -49.500 -49.500
  -6.673 -16.616 -49.500
  -6.671 -49.500     NaN
  -6.669 -16.123 -16.298
  -6.667 -49.500 -49.500
  -6.665 -49.500 -49.500
  -6.663 -49.500     NaN
  -6.661 -49.500     NaN
  -6.658 -49.500 -49.500
  -6.656 -49.500 -49.500
  -6.654 -14.779 -14.779
  -6.652 -49.500 -49.500
  -6.650 -16.000 -16.000
  -6.648 -16.155 -49.500
  -6.646 -49.500 -49.500
  -6.644 -49.500 -49.500
  -6.642 -49.500 -49.500
  -6.640 -49.500 -49.500
  -6.638 -49.500 -49.500
  -6.636 -49.500     NaN
  -6.634 -17.115 -49.500
  -6.632 -49.500 -49.500
  -6.630 -16.434 -49.500
  -6.628 -49.500     NaN
  -6.626 -49.500     NaN
  -6.624 -16.284 -49.500
  -6.622 -49.500     NaN
  -6.620 -49.500 -49.500
  -6.618 -49.500 -49.500
  -6.617 -49.500 -49.500
  -6.615 -49.500 -49.500
  -6.613 -49.500 -49.500
  -6.611 -49.500 -49.500
  -6.609 -49.500 -49.500
  -6.607 -16.639 -16.639
  -6.605 -16.356 -16.356
  -6.603 -49.500 -49.500
  -6.602 -49.500 -49.500
  -6.600 -49.500 -49.500
  -6.598 -49.500 -49.500
  -6.596 -49.500     NaN
  -6.594 -49.500 -49.500
