  -8.861 -13.986 -13.986
  -8.599 -14.017 -14.017
  -8.442 -14.188 -14.188
  -8.329 -14.297 -14.297
  -8.239 -14.250 -14.250
  -8.166 -14.392 -14.392
  -8.103 -14.385 -14.385
  -8.048 -14.398 -14.575
  -7.999 -14.210 -14.210
  -7.955 -14.613 -14.613
  -7.916 -14.648 -14.648
  -7.879 -14.570 -14.570
  -7.846 -14.521 -14.770
  -7.815 -14.641 -14.641
  -7.786 -14.330 -14.481
  -7.758 -14.844 -14.844
  -7.733 -14.793 -14.793
  -7.709 -14.878 -15.067
  -7.686 -14.865 -14.865
  -7.664 -15.072 -15.072
  -7.643 -15.212 -15.212
  -7.624 -14.941 -14.941
  -7.605 -15.252 -15.252
  -7.586 -15.328 -15.328
  -7.569 -14.696 -15.243
  -7.552 -15.197 -15.197
  -7.536 -14.797 -15.311
  -7.521 -15.021 -15.021
  -7.506 -14.864 -15.156
  -7.491 -15.056 -15.207
  -7.477 -14.429 -15.328
  -7.464 -15.289 -15.289
  -7.451 -15.130 -15.130
  -7.438 -14.968 -15.191
  -7.425 -15.083 -15.083
  -7.413 -14.780 -15.545
  -7.401 -15.403 -15.403
  -7.390 -14.733 -15.283
  -7.379 -15.416 -15.416
  -7.368 -15.440 -15.440
  -7.357 -15.324 -15.324
  -7.347 -15.676 -15.676
  -7.337 -15.404 -15.404
  -7.327 -15.585 -15.585
  -7.317 -15.017 -15.316
  -7.308 -15.962 -15.962
  -7.299 -15.557 -15.728
  -7.290 -14.885 -15.264
  -7.281 -15.880 -15.880
  -7.272 -15.970 -15.970
  -7.264 -15.686 -15.686
  -7.255 -15.524 -15.709
  -7.247 -15.428 -15.614
  -7.239 -15.094 -15.674
  -7.231 -14.870 -15.420
  -7.223 -15.789 -15.789
  -7.216 -15.066 -15.469
  -7.208 -15.981 -15.981
  -7.201 -15.832 -15.832
  -7.194 -15.618 -15.936
  -7.187 -14.883 -15.741
  -7.180 -15.855 -16.048
  -7.173 -15.927 -15.927
  -7.166 -14.976 -16.007
  -7.159 -15.751 -16.064
  -7.153 -15.999 -15.999
  -7.146 -15.835 -16.020
  -7.140 -15.670 -15.947
  -7.133 -15.327 -15.561
  -7.127 -15.895 -16.194
  -7.121 -15.184 -16.082
  -7.115 -15.721 -16.156
  -7.109 -16.082 -16.082
  -7.103 -14.728 -16.032
  -7.098 -16.229 -16.229
  -7.092 -15.501 -15.927
  -7.086 -15.166 -15.986
  -7.081 -16.056 -16.303
  -7.075 -16.058 -16.058
  -7.070 -15.787 -16.069
  -7.064 -15.823 -16.081
  -7.059 -16.002 -16.002
  -7.054 -15.894 -16.274
  -7.049 -16.410 -16.410
  -7.043 -15.782 -16.176
  -7.038 -15.265 -16.546
  -7.033 -16.162 -16.319
  -7.029 -16.445 -16.620
  -7.024 -16.518 -16.689
  -7.019 -16.175 -16.385
  -7.014 -16.008 -16.276
  -7.009 -16.357 -16.592
  -7.005 -16.230 -16.230
  -7.000 -16.152 -16.456
  -6.995 -15.236 -16.295
  -6.991 -16.056 -16.434
  -6.986 -16.639 -16.639
  -6.982 -16.415 -16.567
  -6.978 -16.119 -16.467
  -6.973 -16.735 -16.735
  -6.969 -15.525 -15.825
  -6.965 -16.232 -16.506
  -6.961 -15.888 -16.109
  -6.956 -16.399 -16.597
  -6.952 -15.564 -16.379
  -6.948 -15.847 -16.162
  -6.944 -16.524 -16.524
  -6.940 -16.385 -16.779
  -6.936 -49.500     NaN
  -6.932 -15.521 -15.797
  -6.928 -17.082 -22.602
  -6.924 -16.739 -16.739
  -6.920 -17.233 -49.500
  -6.917 -16.476 -16.682
  -6.913 -15.099 -16.382
  -6.909 -16.690 -16.875
  -6.905 -16.238 -16.867
  -6.902 -16.471 -16.471
  -6.898 -16.545 -23.107
  -6.894 -14.858 -15.397
  -6.891 -17.004 -22.237
  -6.887 -16.819 -17.322
  -6.884 -16.154 -16.373
  -6.880 -16.154 -16.557
  -6.877 -16.251 -16.583
  -6.873 -15.564 -16.448
  -6.870 -17.015 -49.500
  -6.867 -16.657 -16.822
  -6.863 -15.925 -16.612
  -6.860 -49.500     NaN
  -6.857 -16.361 -17.392
  -6.853 -49.500     NaN
  -6.850 -15.754 -17.027
  -6.847 -49.500     NaN
  -6.844 -49.500 -49.500
  -6.840 -16.258 -16.588
  -6.837 -49.500 -49.500
  -6.834 -16.198 -16.426
  -6.831 -16.388 -16.805
  -6.828 -16.084 -16.439
  -6.825 -49.500     NaN
  -6.822 -49.500     NaN
  -6.819 -15.505 -16.057
  -6.816 -16.158 -16.158
  -6.813 -49.500     NaN
  -6.810 -16.142 -16.331
  -6.807 -49.500     NaN
  -6.804 -49.500     NaN
  -6.801 -15.956 -49.500
  -6.798 -16.804 -17.032
  -6.795 -16.280 -16.491
  -6.792 -49.500     NaN
  -6.789 -16.473 -16.650
  -6.787 -16.091 -16.488
  -6.784 -49.500     NaN
  -6.781 -49.500     NaN
  -6.778 -49.500 -49.500
  -6.775 -49.500     NaN
  -6.773 -16.695 -49.500
  -6.770 -49.500     NaN
  -6.767 -16.891 -49.500
  -6.765 -49.500     NaN
  -6.762 -49.500 -49.500
  -6.759 -16.019 -49.500
  -6.757 -16.517 -49.500
  -6.754 -49.500     NaN
  -6.751 -49.500 -49.500
  -6.749 -49.500     NaN
  -6.746 -16.404 -16.404
  -6.744 -16.759 -49.500
  -6.741 -49.500     NaN
  -6.739 -49.500     NaN
  -6.736 -16.095 -16.095
  -6.734 -15.839 -16.406
  -6.731 -16.315 -16.794
  -6.729 -49.500     NaN
  -6.726 -49.500 -49.500
  -6.724 -16.078 -16.624
  -6.721 -16.106 -16.896
  -6.719 -49.500     NaN
  -6.717 -16.403 -49.500
  -6.714 -49.500 -49.500
  -6.712 -49.500 -49.500
  -6.709 -16.190 -16.190
  -6.707 -49.500 -49.500
  -6.705 -49.500 -49.500
  -6.702 -16.607 -49.500
  -6.700 -17.020 -49.500
  -6.698 -49.500     NaN
  -6.696 -49.500 -49.500
  -6.693 -16.861 -49.500
  -6.691 -49.500     NaN
  -6.689 -49.500     NaN
  -6.687 -16.342 -16.342
  -6.684 -49.500 -49.500
  -6.682 -15.533 -15.533
  -6.680 -16.795 -16.979
  -6.678 -16.963 -16.963
  -6.675 -49.500 -49.500
  -6.673 -15.971 -49.500
  -6.671 -17.159 -17.159
  -6.669 -49.500     NaN
  -6.667 -49.500 -49.500
  -6.665 -49.500 -49.500
  -6.663 -49.500 -49.500
  -6.661 -49.500 -49.500
  -6.658 -49.500 -49.500
  -6.656 -49.500     NaN
  -6.654 -49.500 -49.500
  -6.652 -49.500 -49.500
  -6.650 -49.500 -49.500
  -6.648 -49.500 -49.500
  -6.646 -16.090 -49.500
  -6.644 -14.543 -14.543
  -6.642 -49.500 -49.500
  -6.640 -49.500 -49.500
  -6.638 -16.361 -16.361
  -6.636 -49.500     NaN
  -6.634 -49.500 -49.500
  -6.632 -16.015 -49.500
  -6.630 -49.500 -49.500
  -6.628 -16.342 -49.500
  -6.626 -49.500 -49.500
  -6.624 -49.500 -49.500
  -6.622 -16.189 -49.500
  -6.620 -49.500     NaN
  -6.618 -49.500 -49.500
  -6.617 -49.500 -49.500
  -6.615 -49.500 -49.500
  -6.613 -49.500     NaN
  -6.611 -49.500 -49.500
  -6.609 -49.500 -49.500
  -6.607 -49.500     NaN
  -6.605 -49.500 -49.500
  -6.603 -49.500 -49.500
  -6.602 -49.500 -49.500
  -6.600 -49.500 -49.500
  -6.598 -49.500 -49.500
  -6.596 -16.847 -16.847
  -6.594 -49.500 -49.500
