  -8.861 -13.973 -13.973
  -8.599 -14.150 -14.150
  -8.442 -14.216 -14.216
  -8.329 -14.330 -14.330
  -8.239 -14.188 -14.439
  -8.166 -14.283 -14.283
  -8.103 -14.468 -14.468
  -8.048 -14.548 -14.548
  -7.999 -14.548 -14.548
  -7.955 -14.606 -14.606
  -7.916 -14.628 -14.628
  -7.879 -14.513 -14.810
  -7.846 -14.244 -14.545
  -7.815 -14.720 -14.720
  -7.786 -14.816 -14.816
  -7.758 -14.857 -14.857
  -7.733 -14.538 -14.538
  -7.709 -14.821 -14.821
  -7.686 -14.931 -14.931
  -7.664 -14.699 -14.981
  -7.643 -14.923 -14.923
  -7.624 -14.936 -14.936
  -7.605 -14.815 -15.050
  -7.586 -15.281 -15.281
  -7.569 -14.849 -15.022
  -7.552 -15.134 -15.134
  -7.536 -14.656 -15.006
  -7.521 -15.034 -15.253
  -7.506 -14.996 -14.996
  -7.491 -15.281 -15.281
  -7.477 -15.131 -15.131
  -7.464 -15.478 -15.478
  -7.451 -15.157 -15.408
  -7.438 -14.934 -15.197
  -7.425 -14.811 -15.472
  -7.413 -15.113 -15.310
  -7.401 -15.288 -15.288
  -7.390 -15.476 -15.476
  -7.379 -15.377 -15.377
  -7.368 -15.681 -15.681
  -7.357 -15.362 -15.725
  -7.347 -15.306 -15.611
  -7.337 -15.509 -15.509
  -7.327 -15.452 -15.452
  -7.317 -14.791 -14.791
  -7.308 -15.725 -15.725
  -7.299 -15.397 -15.634
  -7.290 -15.541 -15.541
  -7.281 -15.501 -15.720
  -7.272 -14.365 -15.479
  -7.264 -14.993 -15.959
  -7.255 -15.798 -15.798
  -7.247 -15.339 -15.339
  -7.239 -14.962 -15.405
  -7.231 -15.196 -15.441
  -7.223 -15.065 -15.781
  -7.216 -15.680 -15.997
  -7.208 -15.822 -15.974
  -7.201 -15.301 -15.996
  -7.194 -15.337 -16.091
  -7.187 -16.070 -16.070
  -7.180 -15.610 -15.784
  -7.173 -15.580 -15.787
  -7.166 -15.917 -15.917
  -7.159 -15.295 -15.992
  -7.153 -15.875 -16.138
  -7.146 -15.624 -16.006
  -7.140 -15.582 -15.815
  -7.133 -15.889 -16.333
  -7.127 -15.263 -16.286
  -7.121 -14.828 -16.181
  -7.115 -15.880 -16.071
  -7.109 -15.823 -16.025
  -7.103 -15.812 -16.231
  -7.098 -15.839 -16.471
  -7.092 -15.798 -16.041
  -7.086 -15.934 -16.116
  -7.081 -16.242 -16.242
  -7.075 -16.375 -16.725
  -7.070 -15.844 -16.143
  -7.064 -15.794 -16.071
  -7.059 -15.522 -15.850
  -7.054 -16.336 -16.336
  -7.049 -15.895 -16.194
  -7.043 -15.741 -16.016
  -7.038 -15.793 -15.964
  -7.033 -16.204 -16.355
  -7.029 -15.424 -16.288
  -7.024 -15.837 -16.039
  -7.019 -15.752 -15.997
  -7.014 -15.909 -16.074
  -7.009 -15.828 -16.278
  -7.005 -16.635 -16.869
  -7.000 -15.751 -16.077
  -6.995 -15.961 -16.151
  -6.991 -15.560 -16.160
  -6.986 -16.577 -16.826
  -6.982 -16.068 -16.220
  -6.978 -15.491 -16.176
  -6.973 -16.408 -16.575
  -6.969 -16.091 -16.449
  -6.965 -16.668 -16.850
  -6.961 -16.462 -16.740
  -6.956 -16.805 -16.805
  -6.952 -15.385 -15.800
  -6.948 -16.411 -16.580
  -6.944 -16.187 -16.187
  -6.940 -16.564 -16.763
  -6.936 -15.345 -16.812
  -6.932 -16.266 -16.549
  -6.928 -15.868 -22.196
  -6.924 -49.500     NaN
  -6.920 -16.269 -16.269
  -6.917 -49.500     NaN
  -6.913 -15.875 -16.183
  -6.909 -15.972 -15.972
  -6.905 -16.474 -16.474
  -6.902 -16.066 -16.506
  -6.898 -15.538 -16.104
  -6.894 -16.924 -17.151
  -6.891 -16.225 -16.437
  -6.887 -16.316 -16.316
  -6.884 -16.114 -16.114
  -6.880 -15.951 -16.605
  -6.877 -16.621 -16.621
  -6.873 -15.668 -16.066
  -6.870 -15.354 -16.920
  -6.867 -16.773 -49.500
  -6.863 -16.626 -49.500
  -6.860 -17.159 -49.500
  -6.857 -49.500     NaN
  -6.853 -16.191 -16.830
  -6.850 -49.500     NaN
  -6.847 -49.500 -49.500
  -6.844 -16.604 -49.500
  -6.840 -16.592 -49.500
  -6.837 -15.877 -49.500
  -6.834 -15.488 -16.254
  -6.831 -15.185 -16.799
  -6.828 -16.978 -49.500
  -6.825 -16.400 -16.400
  -6.822 -16.746 -49.500
  -6.819 -16.120 -16.690
  -6.816 -16.819 -16.972
  -6.813 -16.374 -49.500
  -6.810 -16.783 -49.500
  -6.807 -16.104 -49.500
  -6.804 -16.729 -49.500
  -6.801 -16.505 -49.500
  -6.798 -16.726 -49.500
  -6.795 -14.989 -49.500
  -6.792 -16.229 -16.507
  -6.789 -49.500 -49.500
  -6.787 -16.195 -49.500
  -6.784 -16.586 -49.500
  -6.781 -49.500     NaN
  -6.778 -16.513 -49.500
  -6.775 -16.214 -16.608
  -6.773 -15.964 -16.836
  -6.770 -16.718 -17.006
  -6.767 -49.500 -49.500
  -6.765 -49.500     NaN
  -6.762 -16.685 -49.500
  -6.759 -17.053 -49.500
  -6.757 -16.460 -17.175
  -6.754 -15.966 -49.500
  -6.751 -49.500     NaN
  -6.749 -49.500     NaN
  -6.746 -16.663 -49.500
  -6.744 -49.500     NaN
  -6.741 -16.711 -16.711
  -6.739 -16.489 -49.500
  -6.736 -15.505 -49.500
  -6.734 -16.349 -49.500
  -6.731 -49.500 -49.500
  -6.729 -49.500     NaN
  -6.726 -49.500     NaN
  -6.724 -15.377 -15.377
  -6.721 -49.500 -49.500
  -6.719 -49.500     NaN
  -6.717 -15.825 -49.500
  -6.714 -49.500     NaN
  -6.712 -49.500 -49.500
  -6.709 -16.609 -16.791
  -6.707 -15.496 -49.500
  -6.705 -16.513 -49.500
  -6.702 -16.059 -16.507
  -6.700 -49.500 -49.500
  -6.698 -49.500 -49.500
  -6.696 -49.500     NaN
  -6.693 -16.157 -16.157
  -6.691 -49.500     NaN
  -6.689 -14.820 -14.820
  -6.687 -49.500 -49.500
  -6.684 -49.500     NaN
  -6.682 -49.500     NaN
  -6.680 -16.890 -16.890
  -6.678 -49.500 -49.500
  -6.675 -49.500     NaN
  -6.673 -15.772 -49.500
  -6.671 -49.500     NaN
  -6.669 -49.500 -49.500
  -6.667 -16.656 -49.500
  -6.665 -16.310 -16.775
  -6.663 -16.514 -16.514
  -6.661 -16.676 -16.676
  -6.658 -49.500 -49.500
  -6.656 -49.500 -49.500
  -6.654 -16.144 -16.144
  -6.652 -49.500 -49.500
  -6.650 -49.500     NaN
  -6.648 -49.500 -49.500
  -6.646 -16.889 -49.500
  -6.644 -49.500     NaN
  -6.642 -49.500 -49.500
  -6.640 -49.500 -49.500
  -6.638 -49.500 -49.500
  -6.636 -49.500 -49.500
  -6.634 -49.500 -49.500
  -6.632 -49.500 -49.500
  -6.630 -49.500 -49.500
  -6.628 -15.935 -49.500
  -6.626 -49.500 -49.500
  -6.624 -49.500 -49.500
  -6.622 -49.500 -49.500
  -6.620 -49.500     NaN
  -6.618 -49.500 -49.500
  -6.617 -49.500 -49.500
  -6.615 -49.500 -49.500
  -6.613 -49.500 -49.500
  -6.611 -49.500 -49.500
  -6.609 -49.500 -49.500
  -6.607 -49.500 -49.500
  -6.605 -49.500 -49.500
  -6.603 -49.500 -49.500
  -6.602 -49.500 -49.500
  -6.600 -49.500 -49.500
  -6.598 -49.500 -49.500
  -6.596 -16.357 -16.576
  -6.594 -16.079 -16.079
