  -8.861 -13.982 -13.982
  -8.599 -14.053 -14.053
  -8.442 -14.230 -14.230
  -8.329 -14.167 -14.167
  -8.239 -14.167 -14.167
  -8.166 -14.281 -14.281
  -8.103 -14.466 -14.466
  -8.048 -14.592 -14.592
  -7.999 -14.557 -14.557
  -7.955 -14.526 -14.526
  -7.916 -14.349 -14.528
  -7.879 -14.713 -14.713
  -7.846 -14.659 -14.882
  -7.815 -14.694 -14.694
  -7.786 -14.631 -14.883
  -7.758 -14.856 -14.856
  -7.733 -14.476 -14.784
  -7.709 -14.897 -14.897
  -7.686 -14.687 -14.853
  -7.664 -14.658 -14.932
  -7.643 -14.814 -15.101
  -7.624 -14.634 -14.634
  -7.605 -14.220 -14.969
  -7.586 -14.937 -14.937
  -7.569 -14.743 -14.905
  -7.552 -15.155 -15.155
  -7.536 -15.057 -15.057
  -7.521 -14.913 -15.095
  -7.506 -15.154 -15.154
  -7.491 -15.420 -15.420
  -7.477 -14.644 -15.135
  -7.464 -15.116 -15.116
  -7.451 -14.650 -15.412
  -7.438 -15.293 -15.293
  -7.425 -15.092 -15.567
  -7.413 -15.381 -15.381
  -7.401 -15.398 -15.398
  -7.390 -15.397 -15.397
  -7.379 -15.513 -15.513
  -7.368 -15.307 -15.307
  -7.357 -15.156 -15.456
  -7.347 -15.371 -15.371
  -7.337 -15.302 -15.581
  -7.327 -15.424 -15.424
  -7.317 -15.699 -15.699
  -7.308 -15.575 -15.575
  -7.299 -15.649 -15.649
  -7.290 -15.808 -15.808
  -7.281 -15.266 -15.587
  -7.272 -15.481 -15.772
  -7.264 -15.888 -15.888
  -7.255 -15.535 -15.535
  -7.247 -14.804 -15.870
  -7.239 -15.665 -15.665
  -7.231 -15.717 -15.717
  -7.223 -15.320 -15.699
  -7.216 -15.920 -15.920
  -7.208 -16.072 -16.072
  -7.201 -15.741 -16.031
  -7.194 -15.999 -15.999
  -7.187 -15.876 -16.204
  -7.180 -14.878 -15.670
  -7.173 -15.797 -15.797
  -7.166 -15.593 -15.796
  -7.159 -15.884 -16.039
  -7.153 -16.108 -16.108
  -7.146 -15.644 -15.644
  -7.140 -16.078 -16.078
  -7.133 -15.453 -15.829
  -7.127 -15.704 -15.704
  -7.121 -15.049 -15.272
  -7.115 -15.480 -15.795
  -7.109 -16.428 -16.428
  -7.103 -16.012 -16.012
  -7.098 -15.858 -16.095
  -7.092 -15.831 -15.831
  -7.086 -15.758 -15.987
  -7.081 -15.729 -16.339
  -7.075 -15.754 -16.465
  -7.070 -15.287 -15.609
  -7.064 -14.821 -16.039
  -7.059 -16.115 -16.348
  -7.054 -15.759 -15.913
  -7.049 -16.519 -16.519
  -7.043 -15.907 -16.735
  -7.038 -15.531 -15.884
  -7.033 -16.018 -16.428
  -7.029 -16.135 -16.438
  -7.024 -16.494 -16.788
  -7.019 -16.008 -16.181
  -7.014 -16.461 -16.854
  -7.009 -15.748 -16.110
  -7.005 -16.702 -16.950
  -7.000 -16.449 -16.644
  -6.995 -15.196 -15.653
  -6.991 -16.055 -16.498
  -6.986 -15.733 -16.244
  -6.982 -14.863 -16.124
  -6.978 -15.029 -15.809
  -6.973 -15.780 -16.424
  -6.969 -16.177 -16.177
  -6.965 -16.155 -16.155
  -6.961 -16.794 -16.991
  -6.956 -15.779 -16.136
  -6.952 -15.653 -16.202
  -6.948 -16.290 -16.290
  -6.944 -15.439 -16.353
  -6.940 -16.341 -16.586
  -6.936 -16.146 -16.146
  -6.932 -16.555 -16.861
  -6.928 -16.315 -16.786
  -6.924 -16.415 -16.868
  -6.920 -16.361 -16.521
  -6.917 -15.901 -16.646
  -6.913 -16.515 -17.142
  -6.909 -15.888 -16.309
  -6.905 -16.022 -16.253
  -6.902 -15.961 -17.022
  -6.898 -16.956 -17.325
  -6.894 -15.811 -16.228
  -6.891 -49.500     NaN
  -6.887 -16.060 -16.487
  -6.884 -16.064 -16.241
  -6.880 -15.803 -16.529
  -6.877 -49.500     NaN
  -6.873 -16.804 -16.804
  -6.870 -16.146 -16.306
  -6.867 -16.564 -17.284
  -6.863 -16.818 -49.500
  -6.860 -49.500     NaN
  -6.857 -16.553 -16.730
  -6.853 -16.559 -16.880
  -6.850 -16.036 -16.635
  -6.847 -16.047 -16.567
  -6.844 -16.241 -16.241
  -6.840 -15.826 -16.329
  -6.837 -16.358 -16.358
  -6.834 -49.500     NaN
  -6.831 -49.500     NaN
  -6.828 -16.944 -49.500
  -6.825 -15.388 -15.705
  -6.822 -16.276 -16.458
  -6.819 -16.642 -16.840
  -6.816 -16.450 -49.500
  -6.813 -15.950 -49.500
  -6.810 -15.980 -17.128
  -6.807 -16.485 -16.683
  -6.804 -16.250 -16.848
  -6.801 -16.532 -49.500
  -6.798 -16.979 -17.410
  -6.795 -16.498 -49.500
  -6.792 -16.428 -49.500
  -6.789 -17.011 -49.500
  -6.787 -16.943 -49.500
  -6.784 -49.500     NaN
  -6.781 -49.500     NaN
  -6.778 -16.582 -49.500
  -6.775 -17.085 -49.500
  -6.773 -49.500 -49.500
  -6.770 -49.500 -49.500
  -6.767 -16.661 -16.812
  -6.765 -49.500 -49.500
  -6.762 -16.213 -16.766
  -6.759 -16.318 -49.500
  -6.757 -49.500     NaN
  -6.754 -16.002 -49.500
  -6.751 -16.654 -49.500
  -6.749 -16.442 -16.821
  -6.746 -14.640 -49.500
  -6.744 -16.275 -49.500
  -6.741 -16.401 -16.709
  -6.739 -49.500 -49.500
  -6.736 -49.500     NaN
  -6.734 -16.564 -49.500
  -6.731 -49.500     NaN
  -6.729 -16.140 -16.976
  -6.726 -49.500     NaN
  -6.724 -49.500     NaN
  -6.721 -15.349 -49.500
  -6.719 -15.574 -16.292
  -6.717 -49.500     NaN
  -6.714 -49.500     NaN
  -6.712 -49.500     NaN
  -6.709 -16.266 -49.500
  -6.707 -15.380 -49.500
  -6.705 -49.500     NaN
  -6.702 -15.776 -49.500
  -6.700 -49.500 -49.500
  -6.698 -49.500 -49.500
  -6.696 -49.500     NaN
  -6.693 -15.276 -49.500
  -6.691 -49.500 -49.500
  -6.689 -49.500 -49.500
  -6.687 -14.625 -15.834
  -6.684 -49.500 -49.500
  -6.682 -49.500     NaN
  -6.680 -16.948 -16.948
  -6.678 -16.152 -16.152
  -6.675 -49.500     NaN
  -6.673 -15.995 -15.995
  -6.671 -16.613 -16.613
  -6.669 -49.500     NaN
  -6.667 -49.500 -49.500
  -6.665 -15.780 -16.826
  -6.663 -49.500     NaN
  -6.661 -49.500 -49.500
  -6.658 -49.500 -49.500
  -6.656 -49.500     NaN
  -6.654 -49.500 -49.500
  -6.652 -16.662 -17.191
  -6.650 -49.500 -49.500
  -6.648 -16.730 -16.730
  -6.646 -49.500 -49.500
  -6.644 -49.500 -49.500
  -6.642 -49.500 -49.500
  -6.640 -15.806 -15.806
  -6.638 -16.622 -49.500
  -6.636 -49.500 -49.500
  -6.634 -49.500 -49.500
  -6.632 -15.979 -15.979
  -6.630 -49.500 -49.500
  -6.628 -49.500 -49.500
  -6.626 -49.500 -49.500
  -6.624 -16.296 -16.296
  -6.622 -49.500 -49.500
  -6.620 -49.500     NaN
  -6.618 -49.500 -49.500
  -6.617 -49.500 -49.500
  -6.615 -49.500 -49.500
  -6.613 -49.500 -49.500
  -6.611 -16.411 -49.500
  -6.609 -49.500 -49.500
  -6.607 -49.500 -49.500
  -6.605 -49.500 -49.500
  -6.603 -49.500     NaN
  -6.602 -49.500 -49.500
  -6.600 -49.500 -49.500
  -6.598 -49.500 -49.500
  -6.596 -49.500 -49.500
  -6.594 -49.500     NaN
