  -8.861 -13.991 -13.991
  -8.599 -14.064 -14.064
  -8.442 -14.200 -14.200
  -8.329 -14.289 -14.289
  -8.239 -14.313 -14.313
  -8.166 -13.888 -14.369
  -8.103 -14.367 -14.367
  -8.048 -14.563 -14.563
  -7.999 -14.544 -14.544
  -7.955 -14.697 -14.697
  -7.916 -14.197 -14.448
  -7.879 -14.412 -14.412
  -7.846 -14.553 -14.781
  -7.815 -14.671 -14.671
  -7.786 -14.985 -14.985
  -7.758 -14.826 -14.826
  -7.733 -14.438 -14.682
  -7.709 -14.910 -14.910
  -7.686 -14.797 -14.797
  -7.664 -14.784 -14.784
  -7.643 -14.515 -15.189
  -7.624 -14.974 -15.182
  -7.605 -15.023 -15.023
  -7.586 -14.956 -14.956
  -7.569 -14.985 -14.985
  -7.552 -15.008 -15.008
  -7.536 -15.269 -15.269
  -7.521 -15.040 -15.395
  -7.506 -14.887 -15.039
  -7.491 -15.169 -15.169
  -7.477 -15.240 -15.240
  -7.464 -15.369 -15.369
  -7.451 -15.172 -15.172
  -7.438 -15.431 -15.431
  -7.425 -14.953 -15.240
  -7.413 -15.337 -15.337
  -7.401 -15.589 -15.589
  -7.390 -15.148 -15.430
  -7.379 -15.362 -15.597
  -7.368 -14.898 -15.414
  -7.357 -14.830 -15.394
  -7.347 -15.045 -15.672
  -7.337 -15.257 -15.643
  -7.327 -15.469 -15.749
  -7.317 -15.466 -15.683
  -7.308 -15.475 -15.475
  -7.299 -15.399 -15.399
  -7.290 -15.375 -15.375
  -7.281 -15.629 -15.785
  -7.272 -15.829 -16.012
  -7.264 -15.815 -15.815
  -7.255 -15.815 -15.815
  -7.247 -15.059 -15.318
  -7.239 -14.907 -15.479
  -7.231 -15.972 -15.972
  -7.223 -15.962 -15.962
  -7.216 -15.874 -15.874
  -7.208 -15.394 -15.583
  -7.201 -15.735 -15.735
  -7.194 -15.652 -15.652
  -7.187 -15.650 -15.650
  -7.180 -14.662 -15.588
  -7.173 -15.665 -15.665
  -7.166 -15.622 -15.949
  -7.159 -15.373 -15.749
  -7.153 -15.794 -16.036
  -7.146 -16.098 -16.098
  -7.140 -15.691 -16.059
  -7.133 -15.643 -16.276
  -7.127 -16.506 -16.681
  -7.121 -15.920 -15.920
  -7.115 -15.883 -15.883
  -7.109 -15.376 -16.280
  -7.103 -16.159 -16.159
  -7.098 -16.025 -16.025
  -7.092 -15.527 -16.106
  -7.086 -15.452 -16.254
  -7.081 -15.397 -15.752
  -7.075 -15.672 -15.945
  -7.070 -16.271 -16.271
  -7.064 -16.227 -16.450
  -7.059 -15.965 -16.145
  -7.054 -16.472 -16.472
  -7.049 -14.944 -15.179
  -7.043 -16.447 -16.447
  -7.038 -15.292 -16.408
  -7.033 -16.204 -16.204
  -7.029 -16.442 -16.442
  -7.024 -15.989 -15.989
  -7.019 -16.150 -16.305
  -7.014 -15.898 -16.203
  -7.009 -16.001 -16.001
  -7.005 -16.024 -16.577
  -7.000 -16.353 -16.506
  -6.995 -16.061 -16.249
  -6.991 -16.104 -16.104
  -6.986 -15.509 -15.966
  -6.982 -15.880 -15.880
  -6.978 -16.627 -17.083
  -6.973 -16.197 -16.197
  -6.969 -16.034 -16.186
  -6.965 -16.293 -16.293
  -6.961 -15.875 -16.130
  -6.956 -16.316 -16.476
  -6.952 -16.327 -16.791
  -6.948 -16.633 -49.500
  -6.944 -16.619 -16.826
  -6.940 -15.544 -15.784
  -6.936 -15.793 -16.033
  -6.932 -15.255 -15.585
  -6.928 -16.096 -16.329
  -6.924 -16.861 -22.316
  -6.920 -17.119 -17.328
  -6.917 -16.974 -49.500
  -6.913 -16.098 -16.252
  -6.909 -16.571 -16.809
  -6.905 -15.331 -17.052
  -6.902 -16.268 -16.427
  -6.898 -15.450 -16.478
  -6.894 -16.073 -16.548
  -6.891 -16.277 -16.706
  -6.887 -14.972 -49.500
  -6.884 -16.453 -16.682
  -6.880 -16.144 -49.500
  -6.877 -16.345 -16.703
  -6.873 -15.663 -16.249
  -6.870 -15.711 -15.897
  -6.867 -15.643 -16.110
  -6.863 -17.136 -49.500
  -6.860 -16.890 -49.500
  -6.857 -49.500 -49.500
  -6.853 -16.742 -16.943
  -6.850 -16.097 -16.351
  -6.847 -15.165 -49.500
  -6.844 -49.500     NaN
  -6.840 -16.564 -16.564
  -6.837 -16.641 -49.500
  -6.834 -16.986 -49.500
  -6.831 -17.015 -49.500
  -6.828 -16.537 -16.975
  -6.825 -16.810 -17.034
  -6.822 -16.567 -16.851
  -6.819 -16.464 -49.500
  -6.816 -16.473 -49.500
  -6.813 -16.742 -16.923
  -6.810 -49.500     NaN
  -6.807 -16.895 -49.500
  -6.804 -16.031 -16.206
  -6.801 -17.031 -49.500
  -6.798 -17.217 -49.500
  -6.795 -16.496 -16.752
  -6.792 -16.501 -49.500
  -6.789 -15.956 -49.500
  -6.787 -49.500     NaN
  -6.784 -16.951 -49.500
  -6.781 -16.594 -49.500
  -6.778 -17.040 -49.500
  -6.775 -16.585 -49.500
  -6.773 -49.500 -49.500
  -6.770 -49.500     NaN
  -6.767 -16.829 -16.829
  -6.765 -16.662 -49.500
  -6.762 -16.320 -16.733
  -6.759 -16.085 -16.996
  -6.757 -16.744 -17.019
  -6.754 -16.914 -49.500
  -6.751 -16.593 -16.767
  -6.749 -16.325 -49.500
  -6.746 -16.105 -49.500
  -6.744 -16.005 -16.005
  -6.741 -49.500 -49.500
  -6.739 -16.080 -49.500
  -6.736 -16.445 -16.763
  -6.734 -49.500     NaN
  -6.731 -49.500     NaN
  -6.729 -49.500     NaN
  -6.726 -49.500     NaN
  -6.724 -15.436 -49.500
  -6.721 -16.573 -16.573
  -6.719 -16.578 -16.792
  -6.717 -49.500 -49.500
  -6.714 -49.500     NaN
  -6.712 -49.500 -49.500
  -6.709 -16.857 -49.500
  -6.707 -15.640 -16.427
  -6.705 -49.500     NaN
  -6.702 -16.860 -49.500
  -6.700 -16.494 -49.500
  -6.698 -49.500 -49.500
  -6.696 -49.500 -49.500
  -6.693 -49.500 -49.500
  -6.691 -49.500     NaN
  -6.689 -49.500 -49.500
  -6.687 -49.500 -49.500
  -6.684 -49.500     NaN
  -6.682 -49.500 -49.500
  -6.680 -49.500 -49.500
  -6.678 -16.889 -49.500
  -6.675 -49.500 -49.500
  -6.673 -49.500 -49.500
  -6.671 -16.260 -49.500
  -6.669 -16.127 -49.500
  -6.667 -49.500     NaN
  -6.665 -49.500 -49.500
  -6.663 -49.500 -49.500
  -6.661 -49.500 -49.500
  -6.658 -49.500 -49.500
  -6.656 -16.648 -16.648
  -6.654 -49.500     NaN
  -6.652 -16.758 -16.758
  -6.650 -49.500 -49.500
  -6.648 -49.500 -49.500
  -6.646 -49.500 -49.500
  -6.644 -49.500 -49.500
  -6.642 -49.500 -49.500
  -6.640 -49.500     NaN
  -6.638 -49.500 -49.500
  -6.636 -49.500     NaN
  -6.634 -16.537 -49.500
  -6.632 -49.500 -49.500
  -6.630 -16.222 -16.222
  -6.628 -49.500 -49.500
  -6.626 -16.374 -49.500
  -6.624 -16.708 -16.708
  -6.622 -16.067 -49.500
  -6.620 -49.500     NaN
  -6.618 -16.382 -16.382
  -6.617 -49.500 -49.500
  -6.615 -49.500 -49.500
  -6.613 -49.500 -49.500
  -6.611 -49.500 -49.500
  -6.609 -49.500     NaN
  -6.607 -49.500 -49.500
  -6.605 -49.500 -49.500
  -6.603 -49.500 -49.500
  -6.602 -49.500 -49.500
  -6.600 -49.500 -49.500
  -6.598 -49.500 -49.500
  -6.596 -49.500 -49.500
  -6.594 -16.416 -16.614
