  -8.861 -13.985 -13.985
  -8.599 -14.094 -14.094
  -8.442 -14.112 -14.112
  -8.329 -14.180 -14.180
  -8.239 -14.406 -14.406
  -8.166 -14.466 -14.466
  -8.103 -14.566 -14.566
  -8.048 -14.525 -14.525
  -7.999 -14.588 -14.588
  -7.955 -14.535 -14.535
  -7.916 -14.727 -14.727
  -7.879 -14.753 -14.753
  -7.846 -14.894 -14.894
  -7.815 -14.844 -14.844
  -7.786 -14.800 -14.800
  -7.758 -14.756 -14.756
  -7.733 -14.843 -14.843
  -7.709 -14.973 -14.973
  -7.686 -14.824 -14.824
  -7.664 -15.088 -15.088
  -7.643 -15.045 -15.045
  -7.624 -14.920 -15.138
  -7.605 -14.964 -14.964
  -7.586 -15.208 -15.208
  -7.569 -14.989 -15.151
  -7.552 -14.959 -15.118
  -7.536 -14.606 -15.097
  -7.521 -15.094 -15.094
  -7.506 -14.876 -15.095
  -7.491 -15.031 -15.031
  -7.477 -14.965 -15.292
  -7.464 -15.023 -15.253
  -7.451 -15.128 -15.128
  -7.438 -15.125 -15.125
  -7.425 -15.345 -15.345
  -7.413 -14.948 -15.102
  -7.401 -15.198 -15.550
  -7.390 -15.099 -15.099
  -7.379 -15.525 -15.525
  -7.368 -14.931 -15.409
  -7.357 -15.309 -15.695
  -7.347 -14.992 -15.269
  -7.337 -14.665 -15.736
  -7.327 -15.466 -15.641
  -7.317 -15.480 -15.716
  -7.308 -15.386 -15.386
  -7.299 -15.680 -15.680
  -7.290 -14.817 -14.994
  -7.281 -14.957 -15.530
  -7.272 -15.094 -15.853
  -7.264 -15.211 -15.908
  -7.255 -15.804 -15.804
  -7.247 -15.008 -15.427
  -7.239 -15.403 -15.939
  -7.231 -15.161 -15.398
  -7.223 -15.072 -15.809
  -7.216 -15.616 -15.616
  -7.208 -15.936 -15.936
  -7.201 -15.602 -15.602
  -7.194 -15.088 -15.353
  -7.187 -15.709 -15.709
  -7.180 -15.471 -15.471
  -7.173 -15.533 -15.707
  -7.166 -15.972 -15.972
  -7.159 -15.814 -16.104
  -7.153 -15.905 -15.905
  -7.146 -15.890 -16.299
  -7.140 -15.793 -15.793
  -7.133 -15.326 -15.936
  -7.127 -15.618 -15.881
  -7.121 -16.198 -16.198
  -7.115 -15.624 -15.624
  -7.109 -15.562 -15.804
  -7.103 -15.693 -16.282
  -7.098 -15.832 -15.987
  -7.092 -14.714 -15.866
  -7.086 -15.890 -15.890
  -7.081 -15.268 -15.597
  -7.075 -16.017 -16.263
  -7.070 -15.804 -15.998
  -7.064 -15.532 -16.460
  -7.059 -16.095 -16.095
  -7.054 -15.883 -16.573
  -7.049 -15.793 -15.793
  -7.043 -15.120 -15.706
  -7.038 -16.001 -16.296
  -7.033 -16.113 -16.277
  -7.029 -16.268 -16.453
  -7.024 -16.237 -16.395
  -7.019 -15.992 -16.220
  -7.014 -16.172 -16.674
  -7.009 -16.099 -16.099
  -7.005 -15.108 -16.024
  -7.000 -15.499 -16.231
  -6.995 -15.895 -15.895
  -6.991 -16.428 -16.428
  -6.986 -16.396 -17.389
  -6.982 -16.995 -16.995
  -6.978 -16.187 -16.342
  -6.973 -15.357 -16.108
  -6.969 -16.223 -16.563
  -6.965 -16.263 -16.263
  -6.961 -15.906 -15.906
  -6.956 -15.937 -16.596
  -6.952 -15.981 -16.392
  -6.948 -16.229 -16.229
  -6.944 -16.284 -16.284
  -6.940 -16.786 -16.786
  -6.936 -16.178 -16.353
  -6.932 -49.500     NaN
  -6.928 -16.662 -17.334
  -6.924 -16.826 -17.046
  -6.920 -16.403 -16.755
  -6.917 -16.324 -16.914
  -6.913 -16.480 -17.133
  -6.909 -16.582 -16.857
  -6.905 -15.692 -16.161
  -6.902 -16.866 -22.640
  -6.898 -16.457 -16.837
  -6.894 -16.821 -49.500
  -6.891 -16.563 -16.769
  -6.887 -16.863 -17.173
  -6.884 -17.453 -49.500
  -6.880 -16.808 -17.340
  -6.877 -16.077 -16.077
  -6.873 -15.277 -16.089
  -6.870 -16.329 -16.863
  -6.867 -49.500 -49.500
  -6.863 -15.772 -16.674
  -6.860 -14.894 -15.432
  -6.857 -15.986 -16.578
  -6.853 -16.931 -49.500
  -6.850 -16.531 -16.851
  -6.847 -15.445 -16.526
  -6.844 -16.834 -49.500
  -6.840 -15.985 -16.304
  -6.837 -16.538 -16.697
  -6.834 -49.500     NaN
  -6.831 -16.514 -17.028
  -6.828 -49.500     NaN
  -6.825 -49.500     NaN
  -6.822 -16.147 -49.500
  -6.819 -16.586 -49.500
  -6.816 -16.037 -16.260
  -6.813 -15.952 -16.829
  -6.810 -16.168 -49.500
  -6.807 -16.391 -16.391
  -6.804 -17.305 -49.500
  -6.801 -15.869 -16.474
  -6.798 -49.500     NaN
  -6.795 -49.500     NaN
  -6.792 -15.910 -16.284
  -6.789 -16.320 -16.320
  -6.787 -16.516 -49.500
  -6.784 -16.490 -49.500
  -6.781 -15.946 -16.494
  -6.778 -16.840 -49.500
  -6.775 -16.623 -49.500
  -6.773 -16.251 -49.500
  -6.770 -17.136 -49.500
  -6.767 -16.824 -49.500
  -6.765 -16.302 -49.500
  -6.762 -49.500     NaN
  -6.759 -49.500     NaN
  -6.757 -16.912 -49.500
  -6.754 -49.500 -49.500
  -6.751 -16.850 -49.500
  -6.749 -16.549 -49.500
  -6.746 -49.500 -49.500
  -6.744 -16.001 -49.500
  -6.741 -16.305 -49.500
  -6.739 -49.500 -49.500
  -6.736 -49.500     NaN
  -6.734 -16.837 -49.500
  -6.731 -16.966 -49.500
  -6.729 -49.500 -49.500
  -6.726 -49.500     NaN
  -6.724 -49.500     NaN
  -6.721 -16.685 -49.500
  -6.719 -16.808 -16.808
  -6.717 -49.500 -49.500
  -6.714 -15.686 -49.500
  -6.712 -49.500     NaN
  -6.709 -49.500 -49.500
  -6.707 -49.500 -49.500
  -6.705 -49.500     NaN
  -6.702 -49.500     NaN
  -6.700 -16.658 -49.500
  -6.698 -49.500     NaN
  -6.696 -15.647 -16.106
  -6.693 -49.500 -49.500
  -6.691 -17.320 -49.500
  -6.689 -49.500     NaN
  -6.687 -16.497 -49.500
  -6.684 -15.544 -16.868
  -6.682 -49.500     NaN
  -6.680 -49.500     NaN
  -6.678 -49.500 -49.500
  -6.675 -49.500 -49.500
  -6.673 -49.500 -49.500
  -6.671 -49.500 -49.500
  -6.669 -49.500     NaN
  -6.667 -49.500 -49.500
  -6.665 -49.500 -49.500
  -6.663 -16.241 -16.241
  -6.661 -49.500 -49.500
  -6.658 -49.500 -49.500
  -6.656 -49.500     NaN
  -6.654 -15.838 -49.500
  -6.652 -49.500     NaN
  -6.650 -49.500     NaN
  -6.648 -49.500 -49.500
  -6.646 -49.500     NaN
  -6.644 -49.500 -49.500
  -6.642 -16.420 -16.420
  -6.640 -49.500     NaN
  -6.638 -49.500     NaN
  -6.636 -16.608 -49.500
  -6.634 -15.946 -15.946
  -6.632 -49.500 -49.500
  -6.630 -49.500 -49.500
  -6.628 -49.500 -49.500
  -6.626 -49.500 -49.500
  -6.624 -49.500 -49.500
  -6.622 -16.456 -16.456
  -6.620 -16.015 -16.015
  -6.618 -49.500 -49.500
  -6.617 -49.500 -49.500
  -6.615 -16.473 -49.500
  -6.613 -49.500 -49.500
  -6.611 -49.500 -49.500
  -6.609 -16.014 -16.014
  -6.607 -49.500 -49.500
  -6.605 -49.500     NaN
  -6.603 -17.149 -17.149
  -6.602 -16.381 -16.381
  -6.600 -49.500 -49.500
  -6.598 -49.500     NaN
  -6.596 -49.500 -49.500
  -6.594 -49.500 -49.500
