  -8.861 -14.013 -14.013
  -8.599 -14.117 -14.117
  -8.442 -14.142 -14.142
  -8.329 -14.300 -14.300
  -8.239 -14.350 -14.350
  -8.166 -14.472 -14.472
  -8.103 -14.381 -14.381
  -8.048 -14.528 -14.528
  -7.999 -14.558 -14.558
  -7.955 -14.682 -14.682
  -7.916 -14.629 -14.629
  -7.879 -14.759 -14.759
  -7.846 -14.665 -14.665
  -7.815 -14.650 -14.837
  -7.786 -14.926 -14.926
  -7.758 -14.938 -14.938
  -7.733 -15.027 -15.027
  -7.709 -14.859 -14.859
  -7.686 -14.528 -14.992
  -7.664 -14.739 -15.041
  -7.643 -14.919 -14.919
  -7.624 -14.783 -15.003
  -7.605 -14.645 -14.954
  -7.586 -14.817 -15.214
  -7.569 -14.664 -14.952
  -7.552 -15.175 -15.175
  -7.536 -15.060 -15.060
  -7.521 -15.089 -15.287
  -7.506 -14.956 -15.598
  -7.491 -14.732 -14.732
  -7.477 -14.682 -14.917
  -7.464 -14.748 -15.172
  -7.451 -15.064 -15.064
  -7.438 -14.690 -15.234
  -7.425 -14.225 -15.085
  -7.413 -15.550 -15.550
  -7.401 -15.343 -15.596
  -7.390 -14.797 -15.504
  -7.379 -15.138 -15.561
  -7.368 -15.541 -15.541
  -7.357 -15.395 -15.691
  -7.347 -15.500 -15.500
  -7.337 -15.377 -15.377
  -7.327 -15.252 -15.471
  -7.317 -15.590 -15.590
  -7.308 -15.525 -15.525
  -7.299 -15.414 -15.414
  -7.290 -15.835 -15.835
  -7.281 -15.478 -15.718
  -7.272 -15.576 -15.795
  -7.264 -15.798 -15.952
  -7.255 -15.811 -15.811
  -7.247 -15.772 -16.004
  -7.239 -15.843 -15.843
  -7.231 -15.460 -15.700
  -7.223 -15.878 -15.878
  -7.216 -15.414 -15.586
  -7.208 -15.859 -16.046
  -7.201 -15.606 -15.919
  -7.194 -15.471 -15.883
  -7.187 -16.109 -16.109
  -7.180 -15.127 -15.362
  -7.173 -15.427 -15.672
  -7.166 -15.933 -16.193
  -7.159 -15.673 -16.107
  -7.153 -15.511 -15.908
  -7.146 -15.326 -15.488
  -7.140 -15.837 -15.992
  -7.133 -15.937 -15.937
  -7.127 -15.922 -15.922
  -7.121 -15.832 -15.832
  -7.115 -15.614 -16.167
  -7.109 -16.180 -16.180
  -7.103 -15.774 -15.774
  -7.098 -15.592 -15.794
  -7.092 -15.771 -16.346
  -7.086 -15.441 -15.647
  -7.081 -16.328 -16.328
  -7.075 -15.664 -16.030
  -7.070 -15.834 -15.834
  -7.064 -16.001 -16.001
  -7.059 -16.327 -16.327
  -7.054 -16.089 -16.089
  -7.049 -16.057 -16.409
  -7.043 -16.089 -16.089
  -7.038 -15.512 -16.256
  -7.033 -15.845 -16.655
  -7.029 -15.740 -16.036
  -7.024 -16.023 -16.023
  -7.019 -15.938 -16.098
  -7.014 -16.425 -16.616
  -7.009 -16.373 -16.905
  -7.005 -16.358 -16.981
  -7.000 -15.932 -16.111
  -6.995 -16.339 -16.543
  -6.991 -16.117 -16.382
  -6.986 -16.781 -49.500
  -6.982 -16.308 -16.308
  -6.978 -16.109 -16.364
  -6.973 -16.644 -16.928
  -6.969 -15.190 -16.177
  -6.965 -16.236 -16.236
  -6.961 -16.752 -16.905
  -6.956 -16.648 -16.865
  -6.952 -15.480 -16.206
  -6.948 -16.650 -16.832
  -6.944 -15.466 -16.241
  -6.940 -16.307 -16.625
  -6.936 -15.846 -16.349
  -6.932 -16.293 -17.039
  -6.928 -16.481 -16.481
  -6.924 -15.996 -16.580
  -6.920 -16.511 -16.863
  -6.917 -16.185 -16.350
  -6.913 -17.254 -49.500
  -6.909 -16.452 -17.231
  -6.905 -16.236 -16.236
  -6.902 -16.142 -16.572
  -6.898 -16.243 -16.243
  -6.894 -15.990 -16.477
  -6.891 -16.386 -16.541
  -6.887 -15.340 -16.183
  -6.884 -15.600 -16.033
  -6.880 -16.563 -17.163
  -6.877 -16.767 -49.500
  -6.873 -15.666 -16.615
  -6.870 -49.500     NaN
  -6.867 -16.895 -49.500
  -6.863 -16.802 -49.500
  -6.860 -17.009 -49.500
  -6.857 -49.500     NaN
  -6.853 -16.703 -16.874
  -6.850 -16.164 -16.848
  -6.847 -16.065 -16.065
  -6.844 -16.831 -49.500
  -6.840 -16.275 -16.731
  -6.837 -16.988 -17.327
  -6.834 -16.780 -49.500
  -6.831 -15.721 -16.084
  -6.828 -49.500     NaN
  -6.825 -16.651 -49.500
  -6.822 -16.717 -49.500
  -6.819 -16.647 -49.500
  -6.816 -16.335 -49.500
  -6.813 -15.293 -16.810
  -6.810 -16.742 -49.500
  -6.807 -16.245 -49.500
  -6.804 -16.439 -16.733
  -6.801 -16.717 -16.874
  -6.798 -49.500     NaN
  -6.795 -49.500     NaN
  -6.792 -14.881 -16.303
  -6.789 -16.426 -16.700
  -6.787 -16.814 -49.500
  -6.784 -16.499 -17.069
  -6.781 -16.485 -16.684
  -6.778 -16.783 -49.500
  -6.775 -16.571 -49.500
  -6.773 -15.944 -16.301
  -6.770 -49.500     NaN
  -6.767 -49.500 -49.500
  -6.765 -49.500     NaN
  -6.762 -49.500     NaN
  -6.759 -16.894 -16.894
  -6.757 -16.847 -49.500
  -6.754 -49.500     NaN
  -6.751 -49.500 -49.500
  -6.749 -16.860 -49.500
  -6.746 -49.500     NaN
  -6.744 -16.950 -49.500
  -6.741 -16.000 -49.500
  -6.739 -17.208 -49.500
  -6.736 -16.197 -16.683
  -6.734 -16.418 -16.418
  -6.731 -16.281 -49.500
  -6.729 -15.275 -49.500
  -6.726 -16.267 -49.500
  -6.724 -16.470 -49.500
  -6.721 -17.009 -49.500
  -6.719 -16.190 -49.500
  -6.717 -49.500 -49.500
  -6.714 -16.537 -49.500
  -6.712 -15.108 -49.500
  -6.709 -49.500 -49.500
  -6.707 -49.500 -49.500
  -6.705 -49.500 -49.500
  -6.702 -49.500 -49.500
  -6.700 -49.500     NaN
  -6.698 -49.500 -49.500
  -6.696 -49.500 -49.500
  -6.693 -49.500 -49.500
  -6.691 -49.500     NaN
  -6.689 -15.902 -16.647
  -6.687 -49.500 -49.500
  -6.684 -49.500     NaN
  -6.682 -49.500 -49.500
  -6.680 -49.500     NaN
  -6.678 -49.500 -49.500
  -6.675 -49.500     NaN
  -6.673 -49.500 -49.500
  -6.671 -16.356 -16.737
  -6.669 -15.711 -16.286
  -6.667 -15.750 -16.777
  -6.665 -49.500 -49.500
  -6.663 -49.500 -49.500
  -6.661 -49.500 -49.500
  -6.658 -16.442 -49.500
  -6.656 -49.500     NaN
  -6.654 -49.500 -49.500
  -6.652 -49.500 -49.500
  -6.650 -49.500 -49.500
  -6.648 -49.500 -49.500
  -6.646 -49.500 -49.500
  -6.644 -16.240 -16.240
  -6.642 -49.500 -49.500
  -6.640 -49.500 -49.500
  -6.638 -49.500     NaN
  -6.636 -49.500 -49.500
  -6.634 -49.500     NaN
  -6.632 -49.500 -49.500
  -6.630 -49.500 -49.500
  -6.628 -15.793 -15.793
  -6.626 -49.500 -49.500
  -6.624 -15.859 -15.859
  -6.622 -49.500 -49.500
  -6.620 -16.619 -49.500
  -6.618 -49.500 -49.500
  -6.617 -49.500 -49.500
  -6.615 -49.500 -49.500
  -6.613 -49.500     NaN
  -6.611 -49.500 -49.500
  -6.609 -49.500 -49.500
  -6.607 -49.500     NaN
  -6.605 -49.500 -49.500
  -6.603 -49.500 -49.500
  -6.602 -16.437 -16.437
  -6.600 -49.500 -49.500
  -6.598 -49.500 -49.500
  -6.596 -49.500 -49.500
  -6.594 -49.500 -49.500
