  -8.861 -13.766 -13.766
  -8.599 -13.895 -13.895
  -8.442 -13.942 -13.942
  -8.329 -13.922 -13.922
  -8.239 -14.049 -14.049
  -8.166 -14.231 -14.231
  -8.103 -14.143 -14.143
  -8.048 -14.270 -14.270
  -7.999 -14.236 -14.396
  -7.955 -14.369 -14.369
  -7.916 -14.471 -14.471
  -7.879 -14.482 -14.482
  -7.846 -14.563 -14.563
  -7.815 -14.448 -14.448
  -7.786 -14.546 -14.546
  -7.758 -14.719 -14.719
  -7.733 -14.691 -14.691
  -7.709 -14.708 -14.708
  -7.686 -14.675 -14.675
  -7.664 -14.786 -14.786
  -7.643 -14.882 -14.882
  -7.624 -14.742 -14.742
  -7.605 -14.863 -14.863
  -7.586 -14.744 -14.744
  -7.569 -14.895 -14.895
  -7.552 -14.857 -14.857
  -7.536 -14.922 -14.922
  -7.521 -14.743 -15.109
  -7.506 -14.937 -14.937
  -7.491 -15.136 -15.136
  -7.477 -14.885 -14.885
  -7.464 -14.839 -15.102
  -7.451 -14.941 -15.171
  -7.438 -15.111 -15.111
  -7.425 -15.214 -15.214
  -7.413 -15.005 -15.170
  -7.401 -15.102 -15.102
  -7.390 -14.923 -15.217
  -7.379 -15.106 -15.106
  -7.368 -14.971 -14.971
  -7.357 -14.816 -15.312
  -7.347 -14.374 -14.573
  -7.337 -15.419 -15.419
  -7.327 -15.121 -15.358
  -7.317 -14.898 -15.062
  -7.308 -14.185 -15.367
  -7.299 -14.755 -15.010
  -7.290 -15.069 -15.278
  -7.281 -15.250 -15.515
  -7.272 -15.621 -15.621
  -7.264 -15.410 -15.591
  -7.255 -14.582 -14.765
  -7.247 -14.821 -15.322
  -7.239 -15.281 -15.281
  -7.231 -14.971 -15.181
  -7.223 -15.161 -15.602
  -7.216 -14.844 -15.892
  -7.208 -15.250 -15.250
  -7.201 -15.474 -15.745
  -7.194 -15.098 -15.611
  -7.187 -15.324 -15.742
  -7.180 -15.707 -15.707
  -7.173 -15.587 -15.866
  -7.166 -15.286 -15.606
  -7.159 -15.453 -15.806
  -7.153 -15.311 -15.311
  -7.146 -14.837 -15.521
  -7.140 -14.798 -15.499
  -7.133 -16.195 -16.195
  -7.127 -15.299 -15.588
  -7.121 -15.503 -15.503
  -7.115 -15.191 -15.551
  -7.109 -15.591 -15.944
  -7.103 -14.829 -15.908
  -7.098 -15.893 -15.893
  -7.092 -15.225 -15.623
  -7.086 -15.137 -15.293
  -7.081 -15.488 -15.784
  -7.075 -15.921 -15.921
  -7.070 -14.644 -15.740
  -7.064 -15.844 -15.844
  -7.059 -15.587 -15.587
  -7.054 -15.472 -16.136
  -7.049 -16.424 -16.424
  -7.043 -15.899 -16.052
  -7.038 -16.067 -16.067
  -7.033 -16.301 -16.301
  -7.029 -15.757 -16.088
  -7.024 -15.590 -15.796
  -7.019 -16.065 -16.065
  -7.014 -15.760 -16.122
  -7.009 -16.050 -16.050
  -7.005 -16.153 -16.321
  -7.000 -15.936 -15.936
  -6.995 -15.480 -15.841
  -6.991 -15.923 -16.422
  -6.986 -15.352 -15.589
  -6.982 -15.855 -15.855
  -6.978 -15.834 -16.114
  -6.973 -15.045 -16.226
  -6.969 -16.185 -16.185
  -6.965 -15.218 -15.591
  -6.961 -15.844 -16.014
  -6.956 -15.396 -15.937
  -6.952 -15.240 -16.290
  -6.948 -16.104 -16.262
  -6.944 -15.646 -16.009
  -6.940 -15.677 -15.677
  -6.936 -15.851 -16.289
  -6.932 -15.997 -16.351
  -6.928 -15.292 -15.848
  -6.924 -15.574 -16.013
  -6.920 -15.500 -16.522
  -6.917 -15.267 -15.696
  -6.913 -16.089 -16.550
  -6.909 -15.634 -16.052
  -6.905 -16.569 -17.006
  -6.902 -16.587 -16.876
  -6.898 -16.161 -16.857
  -6.894 -17.003 -17.330
  -6.891 -15.705 -16.237
  -6.887 -16.099 -16.327
  -6.884 -16.221 -16.221
  -6.880 -16.432 -16.669
  -6.877 -16.297 -16.653
  -6.873 -14.906 -15.836
  -6.870 -16.255 -16.255
  -6.867 -16.313 -16.537
  -6.863 -16.443 -16.785
  -6.860 -15.174 -49.500
  -6.857 -15.877 -16.546
  -6.853 -15.340 -15.857
  -6.850 -15.246 -16.234
  -6.847 -16.008 -16.008
  -6.844 -15.903 -49.500
  -6.840 -13.689 -16.165
  -6.837 -16.586 -16.804
  -6.834 -15.624 -16.486
  -6.831 -16.750 -16.750
  -6.828 -16.513 -16.670
  -6.825 -14.911 -16.311
  -6.822 -49.500     NaN
  -6.819 -16.252 -16.473
  -6.816 -15.707 -16.177
  -6.813 -15.972 -16.937
  -6.810 -49.500     NaN
  -6.807 -16.535 -49.500
  -6.804 -16.991 -49.500
  -6.801 -15.082 -16.565
  -6.798 -16.469 -16.842
  -6.795 -49.500     NaN
  -6.792 -49.500     NaN
  -6.789 -16.195 -16.638
  -6.787 -16.928 -49.500
  -6.784 -16.650 -49.500
  -6.781 -16.563 -16.786
  -6.778 -49.500     NaN
  -6.775 -16.478 -49.500
  -6.773 -16.374 -16.650
  -6.770 -49.500     NaN
  -6.767 -16.037 -49.500
  -6.765 -16.919 -16.919
  -6.762 -16.267 -16.778
  -6.759 -16.207 -16.412
  -6.757 -16.330 -16.875
  -6.754 -16.482 -49.500
  -6.751 -16.455 -16.455
  -6.749 -16.312 -16.795
  -6.746 -15.005 -16.579
  -6.744 -16.343 -16.595
  -6.741 -16.091 -16.543
  -6.739 -15.694 -16.295
  -6.736 -16.731 -49.500
  -6.734 -15.740 -16.556
  -6.731 -16.135 -16.135
  -6.729 -49.500     NaN
  -6.726 -15.788 -16.190
  -6.724 -16.472 -16.709
  -6.721 -49.500     NaN
  -6.719 -17.091 -49.500
  -6.717 -49.500 -49.500
  -6.714 -16.763 -16.763
  -6.712 -17.198 -49.500
  -6.709 -16.661 -49.500
  -6.707 -16.891 -49.500
  -6.705 -49.500     NaN
  -6.702 -15.837 -16.132
  -6.700 -17.285 -49.500
  -6.698 -49.500     NaN
  -6.696 -49.500     NaN
  -6.693 -49.500     NaN
  -6.691 -15.792 -49.500
  -6.689 -49.500     NaN
  -6.687 -16.943 -49.500
  -6.684 -16.565 -49.500
  -6.682 -16.579 -49.500
  -6.680 -16.053 -16.306
  -6.678 -49.500 -49.500
  -6.675 -49.500 -49.500
  -6.673 -16.164 -16.729
  -6.671 -16.075 -16.587
  -6.669 -49.500     NaN
  -6.667 -14.408 -49.500
  -6.665 -49.500     NaN
  -6.663 -16.570 -16.570
  -6.661 -16.745 -16.745
  -6.658 -49.500 -49.500
  -6.656 -49.500     NaN
  -6.654 -49.500 -49.500
  -6.652 -15.971 -49.500
  -6.650 -49.500     NaN
  -6.648 -49.500 -49.500
  -6.646 -16.642 -16.642
  -6.644 -16.672 -16.672
  -6.642 -16.373 -49.500
  -6.640 -16.043 -16.436
  -6.638 -49.500 -49.500
  -6.636 -49.500 -49.500
  -6.634 -49.500     NaN
  -6.632 -49.500 -49.500
  -6.630 -16.489 -49.500
  -6.628 -15.949 -16.233
  -6.626 -49.500 -49.500
  -6.624 -49.500     NaN
  -6.622 -49.500     NaN
  -6.620 -49.500     NaN
  -6.618 -49.500     NaN
  -6.617 -49.500 -49.500
  -6.615 -16.624 -16.624
  -6.613 -49.500 -49.500
  -6.611 -16.057 -16.288
  -6.609 -49.500 -49.500
  -6.607 -17.025 -17.025
  -6.605 -49.500     NaN
  -6.603 -49.500 -49.500
  -6.602 -49.500 -49.500
  -6.600 -49.500     NaN
  -6.598 -16.581 -16.581
  -6.596 -49.500     NaN
  -6.594 -49.500 -49.500
