  -8.861 -13.758 -13.758
  -8.599 -13.816 -13.816
  -8.442 -13.988 -13.988
  -8.329 -14.053 -14.053
  -8.239 -14.170 -14.170
  -8.166 -14.085 -14.085
  -8.103 -14.272 -14.272
  -8.048 -14.221 -14.221
  -7.999 -14.256 -14.256
  -7.955 -14.428 -14.428
  -7.916 -14.501 -14.501
  -7.879 -14.471 -14.471
  -7.846 -14.141 -14.506
  -7.815 -14.584 -14.584
  -7.786 -14.668 -14.668
  -7.758 -14.531 -14.531
  -7.733 -14.352 -14.352
  -7.709 -14.628 -14.628
  -7.686 -14.726 -14.726
  -7.664 -14.666 -14.666
  -7.643 -14.658 -14.658
  -7.624 -14.911 -14.911
  -7.605 -14.305 -14.713
  -7.586 -14.664 -14.664
  -7.569 -14.565 -14.565
  -7.552 -14.433 -14.816
  -7.536 -15.020 -15.020
  -7.521 -14.777 -14.777
  -7.506 -14.704 -15.010
  -7.491 -14.812 -14.812
  -7.477 -14.819 -14.819
  -7.464 -14.916 -14.916
  -7.451 -15.154 -15.154
  -7.438 -14.663 -14.855
  -7.425 -15.144 -15.144
  -7.413 -15.069 -15.069
  -7.401 -14.816 -15.043
  -7.390 -15.169 -15.169
  -7.379 -15.153 -15.153
  -7.368 -14.898 -15.143
  -7.357 -15.143 -15.143
  -7.347 -15.292 -15.292
  -7.337 -15.237 -15.237
  -7.327 -15.367 -15.367
  -7.317 -15.197 -15.464
  -7.308 -15.418 -15.418
  -7.299 -14.923 -14.923
  -7.290 -15.426 -15.426
  -7.281 -14.740 -15.384
  -7.272 -15.283 -15.283
  -7.264 -15.016 -15.515
  -7.255 -15.175 -15.175
  -7.247 -15.529 -15.692
  -7.239 -14.725 -15.269
  -7.231 -15.564 -15.564
  -7.223 -15.448 -15.448
  -7.216 -15.296 -15.447
  -7.208 -15.320 -15.537
  -7.201 -15.602 -15.602
  -7.194 -15.196 -15.414
  -7.187 -15.803 -15.803
  -7.180 -15.188 -15.792
  -7.173 -15.572 -15.572
  -7.166 -15.290 -15.501
  -7.159 -15.823 -15.823
  -7.153 -14.654 -15.055
  -7.146 -15.078 -15.394
  -7.140 -15.142 -15.305
  -7.133 -15.214 -15.811
  -7.127 -15.329 -15.483
  -7.121 -15.128 -15.339
  -7.115 -15.511 -15.890
  -7.109 -15.218 -15.699
  -7.103 -15.645 -15.810
  -7.098 -15.622 -15.927
  -7.092 -15.646 -15.646
  -7.086 -15.563 -15.563
  -7.081 -15.878 -15.878
  -7.075 -15.489 -15.643
  -7.070 -15.191 -16.009
  -7.064 -15.567 -15.753
  -7.059 -14.787 -15.648
  -7.054 -15.928 -15.928
  -7.049 -14.683 -15.891
  -7.043 -16.042 -16.042
  -7.038 -15.560 -15.768
  -7.033 -14.717 -15.203
  -7.029 -15.686 -15.686
  -7.024 -15.821 -15.976
  -7.019 -15.944 -15.944
  -7.014 -16.096 -16.096
  -7.009 -15.789 -16.081
  -7.005 -16.362 -16.362
  -7.000 -14.312 -15.990
  -6.995 -15.808 -16.027
  -6.991 -15.689 -16.162
  -6.986 -15.306 -15.698
  -6.982 -15.793 -15.793
  -6.978 -15.401 -16.698
  -6.973 -16.174 -16.174
  -6.969 -15.311 -15.809
  -6.965 -14.588 -15.993
  -6.961 -16.132 -16.132
  -6.956 -16.145 -16.391
  -6.952 -14.747 -15.472
  -6.948 -14.740 -16.103
  -6.944 -15.800 -16.098
  -6.940 -15.402 -15.810
  -6.936 -15.900 -16.052
  -6.932 -16.118 -16.118
  -6.928 -15.326 -16.119
  -6.924 -15.799 -16.654
  -6.920 -16.642 -16.809
  -6.917 -17.396 -49.500
  -6.913 -15.814 -16.217
  -6.909 -14.712 -16.393
  -6.905 -15.936 -16.456
  -6.902 -16.286 -16.286
  -6.898 -15.773 -16.177
  -6.894 -15.826 -16.528
  -6.891 -15.508 -16.099
  -6.887 -16.467 -17.037
  -6.884 -16.713 -17.225
  -6.880 -16.266 -16.484
  -6.877 -15.852 -16.135
  -6.873 -16.901 -49.500
  -6.870 -14.974 -16.203
  -6.867 -16.502 -16.502
  -6.863 -15.983 -16.185
  -6.860 -16.370 -16.940
  -6.857 -15.956 -16.855
  -6.853 -16.076 -49.500
  -6.850 -16.179 -16.566
  -6.847 -16.433 -16.433
  -6.844 -16.360 -16.596
  -6.840 -49.500     NaN
  -6.837 -16.367 -16.531
  -6.834 -15.777 -16.009
  -6.831 -15.890 -16.606
  -6.828 -15.872 -16.685
  -6.825 -49.500     NaN
  -6.822 -15.948 -16.531
  -6.819 -16.190 -16.509
  -6.816 -15.445 -15.944
  -6.813 -15.025 -15.824
  -6.810 -16.424 -16.843
  -6.807 -16.720 -16.884
  -6.804 -16.049 -16.494
  -6.801 -16.542 -16.894
  -6.798 -15.973 -16.598
  -6.795 -16.890 -17.080
  -6.792 -16.095 -16.300
  -6.789 -15.633 -16.958
  -6.787 -16.203 -16.582
  -6.784 -15.916 -16.491
  -6.781 -15.053 -16.618
  -6.778 -16.354 -49.500
  -6.775 -15.697 -49.500
  -6.773 -16.511 -16.834
  -6.770 -16.892 -49.500
  -6.767 -16.528 -49.500
  -6.765 -49.500     NaN
  -6.762 -16.162 -17.111
  -6.759 -49.500     NaN
  -6.757 -15.625 -15.792
  -6.754 -15.839 -16.317
  -6.751 -16.678 -49.500
  -6.749 -49.500     NaN
  -6.746 -15.849 -16.010
  -6.744 -16.750 -49.500
  -6.741 -16.350 -16.350
  -6.739 -16.735 -17.019
  -6.736 -49.500     NaN
  -6.734 -15.516 -16.293
  -6.731 -16.182 -17.026
  -6.729 -15.468 -49.500
  -6.726 -16.809 -49.500
  -6.724 -16.936 -49.500
  -6.721 -16.797 -49.500
  -6.719 -16.582 -49.500
  -6.717 -49.500     NaN
  -6.714 -49.500     NaN
  -6.712 -49.500     NaN
  -6.709 -16.803 -49.500
  -6.707 -16.583 -49.500
  -6.705 -49.500 -49.500
  -6.702 -49.500 -49.500
  -6.700 -16.210 -17.040
  -6.698 -16.142 -17.092
  -6.696 -49.500     NaN
  -6.693 -49.500     NaN
  -6.691 -16.146 -16.439
  -6.689 -49.500     NaN
  -6.687 -49.500     NaN
  -6.684 -16.816 -49.500
  -6.682 -16.703 -49.500
  -6.680 -16.577 -49.500
  -6.678 -15.617 -49.500
  -6.675 -49.500     NaN
  -6.673 -16.181 -16.181
  -6.671 -49.500     NaN
  -6.669 -16.043 -16.691
  -6.667 -16.828 -49.500
  -6.665 -49.500     NaN
  -6.663 -49.500     NaN
  -6.661 -16.645 -16.645
  -6.658 -16.970 -49.500
  -6.656 -49.500 -49.500
  -6.654 -16.444 -16.595
  -6.652 -49.500 -49.500
  -6.650 -16.747 -49.500
  -6.648 -49.500     NaN
  -6.646 -49.500     NaN
  -6.644 -49.500 -49.500
  -6.642 -49.500     NaN
  -6.640 -49.500 -49.500
  -6.638 -49.500 -49.500
  -6.636 -49.500 -49.500
  -6.634 -15.801 -49.500
  -6.632 -49.500 -49.500
  -6.630 -49.500     NaN
  -6.628 -49.500 -49.500
  -6.626 -16.600 -49.500
  -6.624 -49.500 -49.500
  -6.622 -16.477 -49.500
  -6.620 -49.500     NaN
  -6.618 -49.500 -49.500
  -6.617 -49.500     NaN
  -6.615 -49.500 -49.500
  -6.613 -49.500     NaN
  -6.611 -49.500     NaN
  -6.609 -49.500     NaN
  -6.607 -16.544 -16.544
  -6.605 -49.500 -49.500
  -6.603 -49.500 -49.500
  -6.602 -49.500 -49.500
  -6.600 -49.500     NaN
  -6.598 -16.644 -16.644
  -6.596 -49.500 -49.500
  -6.594 -15.782 -49.500
