  -8.861 -13.742 -13.742
  -8.599 -13.901 -13.901
  -8.442 -13.898 -13.898
  -8.329 -14.076 -14.076
  -8.239 -14.076 -14.076
  -8.166 -14.237 -14.237
  -8.103 -14.335 -14.335
  -8.048 -14.363 -14.363
  -7.999 -14.139 -14.313
  -7.955 -14.372 -14.372
  -7.916 -14.395 -14.395
  -7.879 -14.460 -14.460
  -7.846 -14.696 -14.696
  -7.815 -14.405 -14.557
  -7.786 -14.341 -14.341
  -7.758 -14.647 -14.647
  -7.733 -14.775 -14.775
  -7.709 -14.552 -14.552
  -7.686 -14.670 -14.670
  -7.664 -14.800 -14.800
  -7.643 -14.721 -14.721
  -7.624 -14.653 -14.653
  -7.605 -14.980 -14.980
  -7.586 -14.834 -14.834
  -7.569 -14.405 -14.405
  -7.552 -14.797 -15.011
  -7.536 -15.048 -15.048
  -7.521 -14.919 -14.919
  -7.506 -14.808 -15.101
  -7.491 -14.851 -14.851
  -7.477 -15.023 -15.023
  -7.464 -15.178 -15.178
  -7.451 -14.744 -15.082
  -7.438 -14.946 -15.240
  -7.425 -14.694 -15.006
  -7.413 -14.886 -14.886
  -7.401 -15.355 -15.355
  -7.390 -15.068 -15.068
  -7.379 -15.054 -15.054
  -7.368 -15.084 -15.084
  -7.357 -15.335 -15.335
  -7.347 -15.096 -15.096
  -7.337 -14.995 -15.232
  -7.327 -15.140 -15.140
  -7.317 -15.295 -15.295
  -7.308 -15.154 -15.154
  -7.299 -14.859 -15.218
  -7.290 -15.189 -15.189
  -7.281 -14.711 -14.711
  -7.272 -14.701 -14.909
  -7.264 -15.110 -15.284
  -7.255 -15.416 -15.416
  -7.247 -15.455 -15.614
  -7.239 -15.339 -15.813
  -7.231 -15.579 -15.579
  -7.223 -14.653 -15.354
  -7.216 -15.227 -15.714
  -7.208 -14.807 -15.142
  -7.201 -14.764 -15.872
  -7.194 -15.255 -15.617
  -7.187 -15.194 -15.545
  -7.180 -15.814 -15.814
  -7.173 -15.552 -15.704
  -7.166 -15.214 -15.214
  -7.159 -15.393 -15.806
  -7.153 -15.376 -15.716
  -7.146 -15.043 -15.219
  -7.140 -15.461 -15.820
  -7.133 -15.123 -15.835
  -7.127 -14.955 -15.884
  -7.121 -15.716 -15.716
  -7.115 -15.564 -15.564
  -7.109 -15.307 -15.834
  -7.103 -15.242 -15.894
  -7.098 -15.262 -15.262
  -7.092 -16.140 -16.140
  -7.086 -15.879 -15.879
  -7.081 -15.946 -15.946
  -7.075 -14.890 -15.767
  -7.070 -15.773 -15.773
  -7.064 -15.658 -15.658
  -7.059 -15.747 -15.949
  -7.054 -15.167 -15.887
  -7.049 -15.987 -15.987
  -7.043 -14.245 -14.581
  -7.038 -15.230 -15.525
  -7.033 -15.522 -16.081
  -7.029 -16.156 -16.156
  -7.024 -15.633 -16.119
  -7.019 -15.575 -15.872
  -7.014 -15.823 -16.605
  -7.009 -16.265 -16.265
  -7.005 -15.965 -16.334
  -7.000 -15.740 -16.137
  -6.995 -16.071 -16.071
  -6.991 -15.732 -16.041
  -6.986 -15.458 -16.189
  -6.982 -15.889 -16.227
  -6.978 -15.611 -16.083
  -6.973 -16.281 -16.448
  -6.969 -15.737 -16.138
  -6.965 -15.412 -16.179
  -6.961 -15.798 -15.798
  -6.956 -16.104 -16.104
  -6.952 -16.100 -16.612
  -6.948 -15.570 -15.889
  -6.944 -15.472 -16.627
  -6.940 -16.032 -16.357
  -6.936 -16.288 -16.649
  -6.932 -15.542 -15.790
  -6.928 -16.094 -16.342
  -6.924 -15.214 -15.494
  -6.920 -16.300 -22.149
  -6.917 -16.337 -16.685
  -6.913 -16.172 -16.447
  -6.909 -16.195 -16.195
  -6.905 -15.899 -16.429
  -6.902 -16.268 -16.268
  -6.898 -16.364 -16.364
  -6.894 -16.389 -16.767
  -6.891 -15.844 -17.190
  -6.887 -15.652 -17.133
  -6.884 -16.068 -16.642
  -6.880 -16.359 -16.622
  -6.877 -16.768 -17.096
  -6.873 -16.143 -16.143
  -6.870 -16.199 -16.364
  -6.867 -16.467 -16.618
  -6.863 -15.935 -16.187
  -6.860 -16.532 -16.727
  -6.857 -16.142 -16.142
  -6.853 -14.563 -16.185
  -6.850 -16.883 -49.500
  -6.847 -16.557 -16.557
  -6.844 -16.001 -16.001
  -6.840 -16.508 -16.662
  -6.837 -15.920 -16.296
  -6.834 -15.571 -15.771
  -6.831 -16.379 -16.530
  -6.828 -16.153 -16.752
  -6.825 -16.314 -16.800
  -6.822 -16.087 -16.087
  -6.819 -16.504 -17.017
  -6.816 -15.889 -16.045
  -6.813 -16.635 -49.500
  -6.810 -16.536 -49.500
  -6.807 -49.500     NaN
  -6.804 -16.270 -49.500
  -6.801 -16.378 -16.868
  -6.798 -49.500     NaN
  -6.795 -16.347 -49.500
  -6.792 -16.190 -16.385
  -6.789 -16.278 -16.473
  -6.787 -15.754 -16.157
  -6.784 -16.663 -49.500
  -6.781 -49.500     NaN
  -6.778 -16.220 -16.410
  -6.775 -16.545 -49.500
  -6.773 -15.482 -15.707
  -6.770 -16.473 -16.909
  -6.767 -16.832 -49.500
  -6.765 -49.500     NaN
  -6.762 -15.629 -16.607
  -6.759 -15.879 -49.500
  -6.757 -16.114 -16.669
  -6.754 -16.786 -49.500
  -6.751 -15.143 -49.500
  -6.749 -49.500     NaN
  -6.746 -16.579 -49.500
  -6.744 -49.500 -49.500
  -6.741 -16.093 -16.564
  -6.739 -16.356 -16.880
  -6.736 -16.281 -16.858
  -6.734 -16.028 -16.690
  -6.731 -49.500 -49.500
  -6.729 -15.980 -16.675
  -6.726 -16.176 -16.733
  -6.724 -49.500     NaN
  -6.721 -49.500 -49.500
  -6.719 -16.588 -16.868
  -6.717 -14.626 -16.396
  -6.714 -49.500     NaN
  -6.712 -49.500     NaN
  -6.709 -49.500     NaN
  -6.707 -15.446 -16.868
  -6.705 -13.324 -16.375
  -6.702 -16.836 -49.500
  -6.700 -16.415 -49.500
  -6.698 -49.500 -49.500
  -6.696 -16.645 -16.645
  -6.693 -16.810 -49.500
  -6.691 -16.495 -49.500
  -6.689 -16.905 -49.500
  -6.687 -49.500     NaN
  -6.684 -49.500 -49.500
  -6.682 -49.500 -49.500
  -6.680 -15.788 -49.500
  -6.678 -16.623 -49.500
  -6.675 -49.500 -49.500
  -6.673 -16.442 -49.500
  -6.671 -15.316 -49.500
  -6.669 -15.686 -15.686
  -6.667 -16.694 -16.911
  -6.665 -16.060 -49.500
  -6.663 -49.500     NaN
  -6.661 -16.382 -16.382
  -6.658 -49.500 -49.500
  -6.656 -16.077 -16.314
  -6.654 -49.500     NaN
  -6.652 -49.500     NaN
  -6.650 -16.671 -49.500
  -6.648 -16.338 -49.500
  -6.646 -49.500 -49.500
  -6.644 -16.170 -16.170
  -6.642 -16.721 -16.952
  -6.640 -49.500 -49.500
  -6.638 -49.500     NaN
  -6.636 -49.500 -49.500
  -6.634 -49.500 -49.500
  -6.632 -49.500     NaN
  -6.630 -49.500     NaN
  -6.628 -49.500 -49.500
  -6.626 -49.500 -49.500
  -6.624 -16.108 -49.500
  -6.622 -49.500     NaN
  -6.620 -16.406 -49.500
  -6.618 -15.911 -16.507
  -6.617 -49.500     NaN
  -6.615 -49.500     NaN
  -6.613 -16.280 -49.500
  -6.611 -49.500     NaN
  -6.609 -15.710 -49.500
  -6.607 -16.979 -49.500
  -6.605 -16.588 -49.500
  -6.603 -16.791 -49.500
  -6.602 -49.500     NaN
  -6.600 -16.509 -49.500
  -6.598 -49.500 -49.500
  -6.596 -16.404 -49.500
  -6.594 -49.500 -49.500
