  -8.861 -13.761 -13.761
  -8.599 -13.871 -13.871
  -8.442 -13.913 -13.913
  -8.329 -14.066 -14.066
  -8.239 -13.903 -14.091
  -8.166 -14.124 -14.124
  -8.103 -14.193 -14.193
  -8.048 -14.113 -14.368
  -7.999 -14.313 -14.313
  -7.955 -13.944 -14.457
  -7.916 -14.418 -14.418
  -7.879 -14.326 -14.326
  -7.846 -14.142 -14.574
  -7.815 -13.728 -14.342
  -7.786 -14.474 -14.474
  -7.758 -14.547 -14.547
  -7.733 -14.639 -14.639
  -7.709 -14.702 -14.702
  -7.686 -14.543 -14.543
  -7.664 -14.705 -14.705
  -7.643 -14.767 -14.767
  -7.624 -14.730 -14.730
  -7.605 -14.477 -14.847
  -7.586 -14.408 -14.679
  -7.569 -14.725 -14.725
  -7.552 -14.924 -14.924
  -7.536 -15.079 -15.079
  -7.521 -14.528 -14.528
  -7.506 -15.057 -15.057
  -7.491 -14.458 -14.737
  -7.477 -14.961 -15.143
  -7.464 -15.205 -15.205
  -7.451 -14.759 -15.139
  -7.438 -15.114 -15.114
  -7.425 -15.202 -15.202
  -7.413 -14.848 -15.055
  -7.401 -14.296 -14.626
  -7.390 -14.759 -15.078
  -7.379 -15.477 -15.477
  -7.368 -14.641 -14.907
  -7.357 -14.393 -14.722
  -7.347 -14.933 -15.358
  -7.337 -15.350 -15.350
  -7.327 -15.004 -15.004
  -7.317 -15.004 -15.004
  -7.308 -15.107 -15.465
  -7.299 -15.355 -15.355
  -7.290 -14.605 -15.411
  -7.281 -15.482 -15.482
  -7.272 -15.438 -15.438
  -7.264 -15.175 -15.175
  -7.255 -15.185 -15.487
  -7.247 -15.399 -15.568
  -7.239 -15.568 -15.568
  -7.231 -15.128 -15.468
  -7.223 -15.504 -15.504
  -7.216 -15.213 -15.592
  -7.208 -14.553 -15.412
  -7.201 -15.468 -15.468
  -7.194 -15.537 -15.537
  -7.187 -15.434 -15.750
  -7.180 -14.543 -14.952
  -7.173 -15.621 -15.621
  -7.166 -15.463 -15.898
  -7.159 -15.047 -15.831
  -7.153 -15.240 -15.589
  -7.146 -15.007 -15.610
  -7.140 -15.532 -16.006
  -7.133 -15.406 -15.689
  -7.127 -15.688 -15.910
  -7.121 -15.131 -15.917
  -7.115 -15.411 -15.985
  -7.109 -15.649 -16.085
  -7.103 -15.258 -15.626
  -7.098 -15.635 -15.848
  -7.092 -15.923 -15.923
  -7.086 -15.846 -16.130
  -7.081 -15.136 -15.639
  -7.075 -16.257 -16.257
  -7.070 -15.672 -15.856
  -7.064 -16.125 -16.125
  -7.059 -16.060 -16.060
  -7.054 -15.189 -15.660
  -7.049 -15.793 -16.142
  -7.043 -15.592 -16.005
  -7.038 -15.756 -15.996
  -7.033 -16.101 -16.101
  -7.029 -16.282 -16.282
  -7.024 -15.878 -15.878
  -7.019 -15.509 -16.184
  -7.014 -14.433 -15.649
  -7.009 -15.590 -16.005
  -7.005 -15.366 -16.055
  -7.000 -16.456 -16.659
  -6.995 -16.037 -16.037
  -6.991 -15.916 -16.075
  -6.986 -15.541 -15.784
  -6.982 -16.194 -16.928
  -6.978 -15.730 -16.316
  -6.973 -15.955 -16.340
  -6.969 -15.165 -15.412
  -6.965 -15.396 -16.080
  -6.961 -15.717 -15.967
  -6.956 -16.449 -16.449
  -6.952 -16.082 -16.082
  -6.948 -16.057 -16.057
  -6.944 -16.250 -16.250
  -6.940 -16.091 -16.638
  -6.936 -15.708 -15.859
  -6.932 -16.210 -16.210
  -6.928 -15.976 -16.351
  -6.924 -16.220 -16.677
  -6.920 -16.331 -16.331
  -6.917 -16.803 -16.963
  -6.913 -16.741 -16.741
  -6.909 -14.601 -15.780
  -6.905 -16.271 -16.271
  -6.902 -16.244 -16.244
  -6.898 -16.622 -17.111
  -6.894 -15.988 -16.209
  -6.891 -16.493 -16.493
  -6.887 -16.128 -16.128
  -6.884 -16.732 -16.919
  -6.880 -15.745 -16.225
  -6.877 -15.813 -16.111
  -6.873 -16.208 -16.208
  -6.870 -15.814 -16.405
  -6.867 -15.982 -16.404
  -6.863 -15.782 -16.151
  -6.860 -14.606 -15.418
  -6.857 -49.500     NaN
  -6.853 -15.726 -15.891
  -6.850 -15.185 -16.180
  -6.847 -16.077 -16.757
  -6.844 -15.878 -16.039
  -6.840 -16.564 -16.811
  -6.837 -16.790 -17.274
  -6.834 -16.888 -49.500
  -6.831 -15.870 -16.309
  -6.828 -16.193 -16.421
  -6.825 -15.910 -16.178
  -6.822 -49.500     NaN
  -6.819 -49.500     NaN
  -6.816 -16.429 -16.941
  -6.813 -16.209 -16.594
  -6.810 -16.608 -49.500
  -6.807 -16.077 -16.077
  -6.804 -16.681 -49.500
  -6.801 -49.500     NaN
  -6.798 -15.134 -16.689
  -6.795 -16.739 -49.500
  -6.792 -16.471 -16.665
  -6.789 -16.120 -16.507
  -6.787 -16.527 -17.021
  -6.784 -16.148 -16.351
  -6.781 -16.902 -17.110
  -6.778 -15.959 -49.500
  -6.775 -16.482 -49.500
  -6.773 -15.938 -16.478
  -6.770 -14.860 -15.624
  -6.767 -16.478 -16.478
  -6.765 -49.500     NaN
  -6.762 -16.228 -16.228
  -6.759 -16.528 -16.528
  -6.757 -15.874 -16.177
  -6.754 -16.715 -16.873
  -6.751 -17.077 -49.500
  -6.749 -15.505 -16.995
  -6.746 -16.082 -16.934
  -6.744 -16.307 -16.779
  -6.741 -49.500     NaN
  -6.739 -49.500     NaN
  -6.736 -16.294 -49.500
  -6.734 -49.500     NaN
  -6.731 -16.936 -49.500
  -6.729 -49.500     NaN
  -6.726 -16.854 -49.500
  -6.724 -15.929 -16.339
  -6.721 -15.753 -16.585
  -6.719 -49.500     NaN
  -6.717 -16.801 -49.500
  -6.714 -16.539 -16.839
  -6.712 -49.500     NaN
  -6.709 -49.500 -49.500
  -6.707 -16.660 -16.660
  -6.705 -16.199 -49.500
  -6.702 -16.397 -49.500
  -6.700 -16.136 -16.582
  -6.698 -15.838 -16.072
  -6.696 -16.846 -17.271
  -6.693 -16.620 -16.842
  -6.691 -16.425 -16.840
  -6.689 -49.500     NaN
  -6.687 -16.186 -16.186
  -6.684 -49.500     NaN
  -6.682 -15.511 -15.824
  -6.680 -16.799 -49.500
  -6.678 -49.500     NaN
  -6.675 -16.519 -49.500
  -6.673 -16.006 -16.170
  -6.671 -16.763 -49.500
  -6.669 -49.500     NaN
  -6.667 -49.500     NaN
  -6.665 -16.176 -16.906
  -6.663 -49.500     NaN
  -6.661 -16.356 -16.356
  -6.658 -15.318 -15.318
  -6.656 -49.500 -49.500
  -6.654 -49.500 -49.500
  -6.652 -49.500 -49.500
  -6.650 -49.500     NaN
  -6.648 -49.500     NaN
  -6.646 -16.958 -49.500
  -6.644 -15.289 -16.710
  -6.642 -49.500 -49.500
  -6.640 -16.072 -49.500
  -6.638 -49.500 -49.500
  -6.636 -16.602 -16.602
  -6.634 -15.073 -16.287
  -6.632 -16.489 -49.500
  -6.630 -49.500     NaN
  -6.628 -49.500 -49.500
  -6.626 -16.361 -49.500
  -6.624 -49.500     NaN
  -6.622 -49.500 -49.500
  -6.620 -49.500     NaN
  -6.618 -49.500     NaN
  -6.617 -16.177 -49.500
  -6.615 -49.500     NaN
  -6.613 -49.500 -49.500
  -6.611 -16.569 -49.500
  -6.609 -16.135 -49.500
  -6.607 -49.500     NaN
  -6.605 -49.500 -49.500
  -6.603 -16.113 -49.500
  -6.602 -49.500 -49.500
  -6.600 -49.500 -49.500
  -6.598 -49.500     NaN
  -6.596 -16.089 -49.500
  -6.594 -16.770 -49.500
