  -8.861 -13.703 -13.703
  -8.599 -13.861 -13.861
  -8.442 -13.932 -13.932
  -8.329 -13.982 -13.982
  -8.239 -14.079 -14.079
  -8.166 -14.230 -14.230
  -8.103 -14.161 -14.161
  -8.048 -13.987 -13.987
  -7.999 -14.128 -14.344
  -7.955 -14.388 -14.388
  -7.916 -14.239 -14.437
  -7.879 -14.614 -14.614
  -7.846 -14.438 -14.438
  -7.815 -14.519 -14.683
  -7.786 -14.650 -14.650
  -7.758 -14.443 -14.737
  -7.733 -14.686 -14.686
  -7.709 -14.543 -14.543
  -7.686 -14.477 -14.477
  -7.664 -14.370 -14.636
  -7.643 -14.816 -14.816
  -7.624 -14.388 -14.774
  -7.605 -14.487 -14.788
  -7.586 -14.754 -14.754
  -7.569 -14.776 -14.776
  -7.552 -14.478 -14.758
  -7.536 -14.611 -14.611
  -7.521 -14.148 -14.774
  -7.506 -14.986 -14.986
  -7.491 -14.857 -15.035
  -7.477 -15.202 -15.202
  -7.464 -15.293 -15.293
  -7.451 -14.582 -15.155
  -7.438 -14.648 -15.324
  -7.425 -15.093 -15.093
  -7.413 -15.221 -15.221
  -7.401 -14.972 -15.217
  -7.390 -15.130 -15.308
  -7.379 -15.112 -15.274
  -7.368 -15.116 -15.116
  -7.357 -14.881 -14.881
  -7.347 -15.260 -15.260
  -7.337 -15.421 -15.421
  -7.327 -15.330 -15.330
  -7.317 -15.020 -15.020
  -7.308 -14.754 -14.928
  -7.299 -15.271 -15.271
  -7.290 -15.051 -15.051
  -7.281 -15.071 -15.314
  -7.272 -15.015 -15.491
  -7.264 -15.381 -15.381
  -7.255 -15.536 -15.536
  -7.247 -15.189 -15.482
  -7.239 -14.582 -15.266
  -7.231 -14.884 -15.488
  -7.223 -15.607 -15.607
  -7.216 -15.292 -15.292
  -7.208 -15.345 -15.345
  -7.201 -15.583 -15.738
  -7.194 -15.244 -15.584
  -7.187 -15.653 -15.653
  -7.180 -15.776 -15.776
  -7.173 -15.750 -15.750
  -7.166 -14.820 -15.722
  -7.159 -15.441 -15.875
  -7.153 -15.234 -15.234
  -7.146 -15.376 -15.376
  -7.140 -15.628 -15.781
  -7.133 -15.543 -16.043
  -7.127 -15.219 -15.801
  -7.121 -15.317 -15.924
  -7.115 -15.651 -15.651
  -7.109 -15.465 -15.855
  -7.103 -15.586 -15.772
  -7.098 -15.583 -16.053
  -7.092 -15.326 -15.738
  -7.086 -15.704 -15.929
  -7.081 -15.700 -16.059
  -7.075 -15.458 -15.624
  -7.070 -15.315 -16.165
  -7.064 -15.973 -16.165
  -7.059 -16.000 -16.169
  -7.054 -15.105 -15.776
  -7.049 -15.518 -16.072
  -7.043 -14.744 -16.149
  -7.038 -15.522 -15.830
  -7.033 -15.921 -15.921
  -7.029 -15.196 -16.173
  -7.024 -15.938 -16.376
  -7.019 -16.408 -16.408
  -7.014 -15.858 -15.858
  -7.009 -16.103 -16.103
  -7.005 -15.972 -15.972
  -7.000 -16.037 -16.195
  -6.995 -16.131 -16.131
  -6.991 -16.134 -16.134
  -6.986 -15.881 -15.881
  -6.982 -15.258 -16.349
  -6.978 -16.034 -16.034
  -6.973 -16.002 -16.233
  -6.969 -16.308 -16.308
  -6.965 -16.064 -16.301
  -6.961 -15.956 -15.956
  -6.956 -15.823 -16.001
  -6.952 -16.340 -16.340
  -6.948 -15.736 -15.909
  -6.944 -16.264 -16.484
  -6.940 -15.411 -15.623
  -6.936 -16.153 -16.153
  -6.932 -16.112 -16.278
  -6.928 -16.138 -16.729
  -6.924 -16.399 -16.399
  -6.920 -15.866 -16.479
  -6.917 -14.104 -15.865
  -6.913 -16.007 -16.196
  -6.909 -15.682 -16.072
  -6.905 -16.139 -16.139
  -6.902 -16.099 -16.913
  -6.898 -16.143 -16.370
  -6.894 -16.577 -16.577
  -6.891 -16.224 -16.542
  -6.887 -15.902 -16.556
  -6.884 -14.848 -15.927
  -6.880 -17.329 -49.500
  -6.877 -16.138 -16.919
  -6.873 -49.500     NaN
  -6.870 -16.187 -16.187
  -6.867 -15.489 -16.171
  -6.863 -16.493 -16.848
  -6.860 -17.035 -17.220
  -6.857 -16.946 -49.500
  -6.853 -15.814 -16.011
  -6.850 -16.320 -16.320
  -6.847 -15.987 -16.142
  -6.844 -16.067 -16.246
  -6.840 -49.500     NaN
  -6.837 -16.322 -49.500
  -6.834 -16.193 -16.386
  -6.831 -15.670 -16.199
  -6.828 -16.203 -16.203
  -6.825 -49.500     NaN
  -6.822 -16.056 -16.505
  -6.819 -15.550 -16.233
  -6.816 -15.368 -15.705
  -6.813 -49.500     NaN
  -6.810 -15.142 -15.748
  -6.807 -15.669 -15.987
  -6.804 -16.612 -17.282
  -6.801 -16.376 -49.500
  -6.798 -16.902 -49.500
  -6.795 -16.028 -16.227
  -6.792 -16.640 -16.927
  -6.789 -16.358 -16.358
  -6.787 -15.908 -16.330
  -6.784 -49.500     NaN
  -6.781 -16.167 -17.000
  -6.778 -15.709 -49.500
  -6.775 -49.500     NaN
  -6.773 -15.976 -16.238
  -6.770 -16.699 -49.500
  -6.767 -16.536 -49.500
  -6.765 -49.500     NaN
  -6.762 -49.500     NaN
  -6.759 -16.653 -49.500
  -6.757 -49.500 -49.500
  -6.754 -15.982 -16.258
  -6.751 -49.500 -49.500
  -6.749 -16.863 -16.863
  -6.746 -15.945 -16.819
  -6.744 -17.006 -17.348
  -6.741 -15.957 -15.957
  -6.739 -49.500     NaN
  -6.736 -49.500     NaN
  -6.734 -16.298 -16.298
  -6.731 -15.716 -16.242
  -6.729 -15.647 -16.275
  -6.726 -49.500 -49.500
  -6.724 -49.500     NaN
  -6.721 -49.500     NaN
  -6.719 -49.500     NaN
  -6.717 -49.500     NaN
  -6.714 -16.070 -16.923
  -6.712 -15.908 -49.500
  -6.709 -16.164 -16.459
  -6.707 -16.409 -49.500
  -6.705 -15.859 -16.475
  -6.702 -16.004 -49.500
  -6.700 -49.500     NaN
  -6.698 -49.500     NaN
  -6.696 -49.500     NaN
  -6.693 -49.500 -49.500
  -6.691 -16.793 -49.500
  -6.689 -16.389 -49.500
  -6.687 -16.489 -49.500
  -6.684 -16.444 -16.768
  -6.682 -16.939 -16.939
  -6.680 -49.500     NaN
  -6.678 -49.500     NaN
  -6.675 -49.500     NaN
  -6.673 -16.662 -16.662
  -6.671 -49.500 -49.500
  -6.669 -16.449 -16.686
  -6.667 -15.796 -49.500
  -6.665 -15.975 -15.975
  -6.663 -49.500 -49.500
  -6.661 -49.500 -49.500
  -6.658 -17.064 -49.500
  -6.656 -49.500 -49.500
  -6.654 -16.329 -16.329
  -6.652 -16.512 -16.685
  -6.650 -16.597 -49.500
  -6.648 -49.500     NaN
  -6.646 -49.500     NaN
  -6.644 -49.500     NaN
  -6.642 -16.075 -49.500
  -6.640 -16.192 -16.653
  -6.638 -49.500     NaN
  -6.636 -49.500 -49.500
  -6.634 -49.500     NaN
  -6.632 -16.509 -49.500
  -6.630 -15.321 -15.590
  -6.628 -49.500 -49.500
  -6.626 -16.627 -49.500
  -6.624 -49.500 -49.500
  -6.622 -17.116 -49.500
  -6.620 -16.629 -16.629
  -6.618 -49.500     NaN
  -6.617 -49.500 -49.500
  -6.615 -16.344 -49.500
  -6.613 -16.231 -49.500
  -6.611 -49.500     NaN
  -6.609 -49.500     NaN
  -6.607 -16.801 -16.801
  -6.605 -49.500 -49.500
  -6.603 -13.829 -13.829
  -6.602 -16.350 -49.500
  -6.600 -49.500     NaN
  -6.598 -16.429 -16.429
  -6.596 -49.500     NaN
  -6.594 -49.500 -49.500
