  -8.861 -13.752 -13.752
  -8.599 -13.848 -13.848
  -8.442 -13.992 -13.992
  -8.329 -13.965 -13.965
  -8.239 -13.971 -13.971
  -8.166 -14.095 -14.095
  -8.103 -14.230 -14.230
  -8.048 -14.292 -14.292
  -7.999 -14.457 -14.457
  -7.955 -14.402 -14.402
  -7.916 -14.326 -14.326
  -7.879 -14.097 -14.097
  -7.846 -14.638 -14.638
  -7.815 -14.467 -14.467
  -7.786 -14.520 -14.520
  -7.758 -14.439 -14.439
  -7.733 -14.593 -14.593
  -7.709 -14.460 -14.460
  -7.686 -14.357 -14.357
  -7.664 -14.792 -14.792
  -7.643 -14.607 -14.774
  -7.624 -14.902 -14.902
  -7.605 -14.689 -14.689
  -7.586 -14.876 -14.876
  -7.569 -14.760 -15.011
  -7.552 -14.850 -14.850
  -7.536 -14.954 -14.954
  -7.521 -14.569 -15.007
  -7.506 -14.875 -14.875
  -7.491 -15.001 -15.001
  -7.477 -14.959 -14.959
  -7.464 -14.714 -15.115
  -7.451 -14.998 -15.171
  -7.438 -14.515 -14.741
  -7.425 -15.016 -15.016
  -7.413 -15.228 -15.228
  -7.401 -14.193 -15.250
  -7.390 -15.276 -15.276
  -7.379 -14.753 -15.045
  -7.368 -15.194 -15.194
  -7.357 -14.845 -15.105
  -7.347 -15.370 -15.370
  -7.337 -15.302 -15.302
  -7.327 -14.657 -15.071
  -7.317 -15.519 -15.519
  -7.308 -15.490 -15.644
  -7.299 -14.647 -15.174
  -7.290 -14.462 -14.996
  -7.281 -15.031 -15.372
  -7.272 -15.425 -15.425
  -7.264 -14.896 -15.056
  -7.255 -15.142 -15.439
  -7.247 -14.243 -15.643
  -7.239 -14.941 -15.743
  -7.231 -15.400 -15.400
  -7.223 -15.505 -15.505
  -7.216 -15.551 -15.551
  -7.208 -15.435 -15.435
  -7.201 -15.175 -15.175
  -7.194 -15.560 -15.560
  -7.187 -15.522 -15.713
  -7.180 -15.350 -15.615
  -7.173 -14.822 -15.833
  -7.166 -15.147 -15.573
  -7.159 -15.670 -15.670
  -7.153 -15.863 -15.863
  -7.146 -15.907 -16.062
  -7.140 -15.336 -15.336
  -7.133 -15.335 -15.335
  -7.127 -15.686 -15.686
  -7.121 -15.620 -15.620
  -7.115 -15.577 -15.577
  -7.109 -15.680 -15.680
  -7.103 -14.853 -15.309
  -7.098 -16.095 -16.095
  -7.092 -15.819 -15.819
  -7.086 -16.185 -16.185
  -7.081 -15.552 -15.756
  -7.075 -15.528 -15.681
  -7.070 -16.120 -16.120
  -7.064 -15.319 -15.474
  -7.059 -15.935 -15.935
  -7.054 -16.035 -16.394
  -7.049 -15.992 -16.157
  -7.043 -15.060 -15.953
  -7.038 -15.980 -15.980
  -7.033 -15.630 -15.853
  -7.029 -15.650 -15.827
  -7.024 -15.450 -15.868
  -7.019 -15.101 -15.663
  -7.014 -15.881 -16.047
  -7.009 -16.112 -16.506
  -7.005 -15.968 -16.255
  -7.000 -16.077 -16.312
  -6.995 -16.205 -16.527
  -6.991 -15.627 -15.797
  -6.986 -15.924 -15.924
  -6.982 -15.751 -15.751
  -6.978 -15.965 -16.230
  -6.973 -15.697 -16.040
  -6.969 -15.905 -16.092
  -6.965 -16.538 -16.538
  -6.961 -15.743 -15.953
  -6.956 -15.770 -15.922
  -6.952 -15.821 -16.262
  -6.948 -16.379 -16.379
  -6.944 -16.087 -16.611
  -6.940 -15.563 -15.990
  -6.936 -15.817 -15.973
  -6.932 -16.183 -16.596
  -6.928 -15.999 -16.181
  -6.924 -16.292 -16.292
  -6.920 -15.781 -15.991
  -6.917 -16.332 -16.493
  -6.913 -15.452 -15.984
  -6.909 -15.134 -16.238
  -6.905 -16.339 -16.554
  -6.902 -16.194 -16.417
  -6.898 -16.972 -23.418
  -6.894 -16.136 -16.314
  -6.891 -16.238 -23.056
  -6.887 -16.408 -16.408
  -6.884 -16.623 -17.063
  -6.880 -15.693 -16.337
  -6.877 -15.791 -16.085
  -6.873 -16.066 -16.249
  -6.870 -15.193 -15.682
  -6.867 -16.143 -16.559
  -6.863 -16.824 -17.024
  -6.860 -15.958 -16.617
  -6.857 -16.189 -16.343
  -6.853 -15.560 -15.990
  -6.850 -16.933 -49.500
  -6.847 -15.898 -16.269
  -6.844 -14.208 -16.621
  -6.840 -15.905 -49.500
  -6.837 -16.053 -16.741
  -6.834 -16.374 -16.839
  -6.831 -15.904 -16.495
  -6.828 -16.052 -16.052
  -6.825 -15.917 -49.500
  -6.822 -16.514 -17.286
  -6.819 -16.818 -17.143
  -6.816 -15.463 -16.262
  -6.813 -15.863 -16.269
  -6.810 -16.561 -16.741
  -6.807 -49.500     NaN
  -6.804 -16.250 -49.500
  -6.801 -15.661 -16.584
  -6.798 -49.500     NaN
  -6.795 -16.271 -16.905
  -6.792 -49.500     NaN
  -6.789 -16.432 -16.686
  -6.787 -16.495 -16.495
  -6.784 -16.428 -49.500
  -6.781 -15.926 -16.105
  -6.778 -15.641 -16.125
  -6.775 -15.378 -16.328
  -6.773 -17.019 -49.500
  -6.770 -15.497 -16.360
  -6.767 -16.763 -49.500
  -6.765 -49.500     NaN
  -6.762 -49.500 -49.500
  -6.759 -16.885 -49.500
  -6.757 -15.141 -15.817
  -6.754 -16.666 -49.500
  -6.751 -49.500     NaN
  -6.749 -16.013 -16.328
  -6.746 -16.159 -17.079
  -6.744 -15.887 -16.410
  -6.741 -49.500 -49.500
  -6.739 -16.020 -16.209
  -6.736 -16.582 -49.500
  -6.734 -15.571 -15.752
  -6.731 -15.920 -15.920
  -6.729 -16.356 -49.500
  -6.726 -16.065 -17.114
  -6.724 -15.321 -16.239
  -6.721 -16.226 -16.447
  -6.719 -16.602 -16.602
  -6.717 -16.372 -16.747
  -6.714 -14.898 -49.500
  -6.712 -49.500     NaN
  -6.709 -49.500     NaN
  -6.707 -49.500 -49.500
  -6.705 -49.500     NaN
  -6.702 -16.260 -16.468
  -6.700 -16.434 -16.859
  -6.698 -16.873 -49.500
  -6.696 -49.500 -49.500
  -6.693 -15.876 -16.604
  -6.691 -15.722 -49.500
  -6.689 -49.500 -49.500
  -6.687 -16.055 -49.500
  -6.684 -16.211 -49.500
  -6.682 -16.484 -49.500
  -6.680 -16.370 -49.500
  -6.678 -15.785 -49.500
  -6.675 -49.500     NaN
  -6.673 -49.500     NaN
  -6.671 -16.684 -16.684
  -6.669 -15.904 -49.500
  -6.667 -49.500 -49.500
  -6.665 -49.500     NaN
  -6.663 -16.989 -49.500
  -6.661 -16.324 -49.500
  -6.658 -49.500     NaN
  -6.656 -16.058 -49.500
  -6.654 -16.527 -49.500
  -6.652 -49.500 -49.500
  -6.650 -16.747 -49.500
  -6.648 -16.493 -16.887
  -6.646 -49.500     NaN
  -6.644 -49.500     NaN
  -6.642 -49.500 -49.500
  -6.640 -49.500     NaN
  -6.638 -49.500 -49.500
  -6.636 -49.500     NaN
  -6.634 -14.944 -49.500
  -6.632 -49.500 -49.500
  -6.630 -49.500     NaN
  -6.628 -49.500 -49.500
  -6.626 -49.500     NaN
  -6.624 -49.500 -49.500
  -6.622 -49.500 -49.500
  -6.620 -49.500 -49.500
  -6.618 -49.500     NaN
  -6.617 -49.500 -49.500
  -6.615 -16.301 -49.500
  -6.613 -49.500 -49.500
  -6.611 -49.500     NaN
  -6.609 -15.084 -49.500
  -6.607 -16.358 -16.358
  -6.605 -49.500     NaN
  -6.603 -49.500 -49.500
  -6.602 -49.500 -49.500
  -6.600 -49.500 -49.500
  -6.598 -49.500     NaN
  -6.596 -17.159 -49.500
  -6.594 -49.500 -49.500
