  -8.861 -13.759 -13.759
  -8.599 -13.836 -13.836
  -8.442 -13.927 -13.927
  -8.329 -14.082 -14.082
  -8.239 -14.046 -14.046
  -8.166 -14.095 -14.095
  -8.103 -14.255 -14.255
  -8.048 -14.353 -14.353
  -7.999 -13.848 -14.221
  -7.955 -14.313 -14.313
  -7.916 -14.486 -14.486
  -7.879 -14.477 -14.477
  -7.846 -14.460 -14.460
  -7.815 -14.369 -14.369
  -7.786 -14.584 -14.584
  -7.758 -14.624 -14.624
  -7.733 -14.496 -14.739
  -7.709 -14.519 -14.698
  -7.686 -14.704 -14.704
  -7.664 -14.659 -14.659
  -7.643 -15.009 -15.009
  -7.624 -14.616 -14.616
  -7.605 -14.278 -14.828
  -7.586 -14.924 -14.924
  -7.569 -14.789 -15.082
  -7.552 -14.531 -14.965
  -7.536 -15.104 -15.104
  -7.521 -14.613 -14.893
  -7.506 -14.975 -14.975
  -7.491 -14.625 -14.871
  -7.477 -14.789 -14.789
  -7.464 -14.876 -14.876
  -7.451 -14.703 -14.971
  -7.438 -15.250 -15.250
  -7.425 -15.094 -15.094
  -7.413 -14.829 -14.829
  -7.401 -15.375 -15.375
  -7.390 -15.193 -15.193
  -7.379 -15.399 -15.399
  -7.368 -15.105 -15.364
  -7.357 -15.162 -15.162
  -7.347 -15.516 -15.516
  -7.337 -14.817 -15.359
  -7.327 -14.940 -15.370
  -7.317 -15.111 -15.267
  -7.308 -15.120 -15.432
  -7.299 -15.174 -15.441
  -7.290 -15.300 -15.300
  -7.281 -15.285 -15.494
  -7.272 -15.234 -15.408
  -7.264 -14.741 -15.097
  -7.255 -15.207 -15.442
  -7.247 -15.183 -15.183
  -7.239 -15.764 -15.764
  -7.231 -15.524 -15.524
  -7.223 -15.590 -15.590
  -7.216 -15.070 -15.816
  -7.208 -15.647 -15.647
  -7.201 -15.292 -15.501
  -7.194 -14.748 -15.482
  -7.187 -14.630 -14.857
  -7.180 -14.547 -15.250
  -7.173 -15.364 -15.594
  -7.166 -15.196 -15.435
  -7.159 -15.645 -15.645
  -7.153 -15.663 -15.663
  -7.146 -15.964 -15.964
  -7.140 -15.029 -15.653
  -7.133 -15.352 -15.598
  -7.127 -15.164 -15.791
  -7.121 -14.867 -15.302
  -7.115 -16.044 -16.302
  -7.109 -15.909 -15.909
  -7.103 -15.256 -16.055
  -7.098 -14.826 -15.345
  -7.092 -15.717 -15.941
  -7.086 -15.679 -15.679
  -7.081 -15.685 -15.685
  -7.075 -15.379 -15.784
  -7.070 -15.650 -15.912
  -7.064 -14.798 -15.091
  -7.059 -14.448 -15.390
  -7.054 -16.145 -16.145
  -7.049 -15.468 -15.753
  -7.043 -15.818 -15.818
  -7.038 -15.728 -15.728
  -7.033 -14.414 -15.351
  -7.029 -15.680 -16.321
  -7.024 -15.808 -15.808
  -7.019 -16.054 -16.258
  -7.014 -14.855 -15.965
  -7.009 -16.015 -16.250
  -7.005 -16.366 -16.366
  -7.000 -15.466 -16.023
  -6.995 -15.815 -15.815
  -6.991 -15.656 -16.175
  -6.986 -15.856 -16.465
  -6.982 -16.222 -16.222
  -6.978 -15.590 -15.768
  -6.973 -14.820 -16.259
  -6.969 -15.552 -15.926
  -6.965 -15.990 -15.990
  -6.961 -16.129 -16.708
  -6.956 -15.122 -15.544
  -6.952 -14.612 -16.175
  -6.948 -15.714 -15.864
  -6.944 -15.633 -16.240
  -6.940 -16.102 -16.280
  -6.936 -15.828 -16.630
  -6.932 -16.014 -16.014
  -6.928 -15.324 -16.354
  -6.924 -16.262 -16.535
  -6.920 -16.253 -16.437
  -6.917 -15.423 -16.078
  -6.913 -16.333 -16.500
  -6.909 -15.987 -16.243
  -6.905 -16.668 -16.824
  -6.902 -15.026 -16.097
  -6.898 -15.425 -16.011
  -6.894 -15.135 -16.305
  -6.891 -16.082 -16.598
  -6.887 -15.834 -16.787
  -6.884 -16.137 -16.390
  -6.880 -16.137 -16.461
  -6.877 -16.129 -16.682
  -6.873 -14.578 -16.458
  -6.870 -16.037 -16.719
  -6.867 -16.132 -16.900
  -6.863 -15.837 -17.621
  -6.860 -16.254 -16.254
  -6.857 -15.684 -16.107
  -6.853 -16.071 -16.071
  -6.850 -15.356 -15.812
  -6.847 -15.324 -16.083
  -6.844 -15.993 -16.454
  -6.840 -16.074 -16.504
  -6.837 -16.451 -16.748
  -6.834 -16.315 -16.616
  -6.831 -14.504 -16.212
  -6.828 -16.599 -16.599
  -6.825 -16.879 -49.500
  -6.822 -16.409 -16.409
  -6.819 -15.376 -16.611
  -6.816 -16.496 -16.681
  -6.813 -15.468 -49.500
  -6.810 -16.492 -16.669
  -6.807 -16.956 -49.500
  -6.804 -49.500     NaN
  -6.801 -16.616 -49.500
  -6.798 -16.608 -49.500
  -6.795 -16.280 -16.459
  -6.792 -16.536 -49.500
  -6.789 -49.500     NaN
  -6.787 -16.737 -16.912
  -6.784 -17.120 -17.356
  -6.781 -15.036 -16.638
  -6.778 -16.912 -49.500
  -6.775 -16.810 -17.143
  -6.773 -14.511 -16.291
  -6.770 -15.303 -15.303
  -6.767 -16.881 -49.500
  -6.765 -17.316 -49.500
  -6.762 -49.500     NaN
  -6.759 -16.320 -16.700
  -6.757 -15.854 -16.084
  -6.754 -16.417 -49.500
  -6.751 -15.480 -16.820
  -6.749 -49.500     NaN
  -6.746 -15.130 -15.842
  -6.744 -49.500 -49.500
  -6.741 -49.500 -49.500
  -6.739 -17.118 -49.500
  -6.736 -16.511 -49.500
  -6.734 -15.488 -16.146
  -6.731 -16.116 -16.799
  -6.729 -15.531 -16.457
  -6.726 -16.246 -16.599
  -6.724 -49.500     NaN
  -6.721 -16.450 -49.500
  -6.719 -16.759 -16.984
  -6.717 -16.493 -17.154
  -6.714 -49.500 -49.500
  -6.712 -49.500     NaN
  -6.709 -49.500 -49.500
  -6.707 -49.500     NaN
  -6.705 -49.500     NaN
  -6.702 -16.058 -16.327
  -6.700 -16.548 -49.500
  -6.698 -16.558 -16.558
  -6.696 -16.020 -49.500
  -6.693 -49.500 -49.500
  -6.691 -16.364 -16.771
  -6.689 -49.500     NaN
  -6.687 -16.423 -16.617
  -6.684 -49.500     NaN
  -6.682 -49.500     NaN
  -6.680 -16.954 -49.500
  -6.678 -15.984 -15.984
  -6.675 -16.336 -49.500
  -6.673 -49.500 -49.500
  -6.671 -15.517 -15.517
  -6.669 -49.500 -49.500
  -6.667 -49.500     NaN
  -6.665 -49.500     NaN
  -6.663 -49.500     NaN
  -6.661 -15.911 -49.500
  -6.658 -49.500     NaN
  -6.656 -16.015 -49.500
  -6.654 -49.500 -49.500
  -6.652 -16.862 -49.500
  -6.650 -49.500 -49.500
  -6.648 -16.554 -49.500
  -6.646 -15.838 -16.735
  -6.644 -16.755 -49.500
  -6.642 -49.500 -49.500
  -6.640 -49.500 -49.500
  -6.638 -16.370 -49.500
  -6.636 -49.500 -49.500
  -6.634 -49.500 -49.500
  -6.632 -16.406 -49.500
  -6.630 -16.376 -49.500
  -6.628 -49.500     NaN
  -6.626 -15.284 -15.284
  -6.624 -16.945 -49.500
  -6.622 -15.985 -49.500
  -6.620 -49.500 -49.500
  -6.618 -49.500 -49.500
  -6.617 -49.500 -49.500
  -6.615 -15.406 -15.406
  -6.613 -49.500 -49.500
  -6.611 -49.500 -49.500
  -6.609 -49.500     NaN
  -6.607 -49.500 -49.500
  -6.605 -14.967 -14.967
  -6.603 -49.500     NaN
  -6.602 -16.228 -49.500
  -6.600 -15.797 -16.218
  -6.598 -49.500 -49.500
  -6.596 -16.170 -49.500
  -6.594 -49.500     NaN
