  -8.861 -13.764 -13.764
  -8.599 -13.866 -13.866
  -8.442 -13.986 -13.986
  -8.329 -13.779 -14.126
  -8.239 -13.971 -13.971
  -8.166 -14.022 -14.226
  -8.103 -14.235 -14.235
  -8.048 -14.305 -14.305
  -7.999 -14.352 -14.352
  -7.955 -14.125 -14.358
  -7.916 -14.508 -14.508
  -7.879 -14.094 -14.445
  -7.846 -14.509 -14.509
  -7.815 -14.562 -14.562
  -7.786 -14.517 -14.517
  -7.758 -14.670 -14.670
  -7.733 -14.734 -14.734
  -7.709 -14.650 -14.650
  -7.686 -14.697 -14.697
  -7.664 -14.648 -14.803
  -7.643 -14.561 -14.860
  -7.624 -14.496 -14.496
  -7.605 -14.696 -14.696
  -7.586 -14.752 -14.752
  -7.569 -14.846 -15.023
  -7.552 -14.940 -14.940
  -7.536 -14.684 -15.004
  -7.521 -15.049 -15.049
  -7.506 -14.986 -14.986
  -7.491 -14.610 -15.026
  -7.477 -15.176 -15.176
  -7.464 -15.004 -15.004
  -7.451 -15.109 -15.109
  -7.438 -14.680 -14.680
  -7.425 -15.073 -15.073
  -7.413 -14.948 -14.948
  -7.401 -14.707 -14.707
  -7.390 -15.098 -15.098
  -7.379 -14.777 -15.423
  -7.368 -14.989 -15.250
  -7.357 -14.811 -14.967
  -7.347 -15.388 -15.388
  -7.337 -14.614 -15.194
  -7.327 -14.562 -14.900
  -7.317 -15.306 -15.306
  -7.308 -15.366 -15.366
  -7.299 -15.239 -15.239
  -7.290 -14.795 -15.554
  -7.281 -14.629 -15.301
  -7.272 -15.147 -15.403
  -7.264 -15.351 -15.543
  -7.255 -15.423 -15.639
  -7.247 -15.312 -15.566
  -7.239 -15.402 -15.402
  -7.231 -14.653 -15.104
  -7.223 -15.522 -15.727
  -7.216 -15.529 -15.746
  -7.208 -15.420 -15.637
  -7.201 -14.019 -15.002
  -7.194 -15.677 -15.927
  -7.187 -15.113 -15.656
  -7.180 -15.736 -15.736
  -7.173 -15.397 -15.397
  -7.166 -15.846 -15.846
  -7.159 -15.228 -15.518
  -7.153 -14.970 -15.295
  -7.146 -15.436 -15.667
  -7.140 -15.668 -15.668
  -7.133 -15.289 -15.503
  -7.127 -15.928 -15.928
  -7.121 -16.093 -16.093
  -7.115 -16.050 -16.050
  -7.109 -15.573 -15.865
  -7.103 -15.856 -16.044
  -7.098 -15.613 -16.012
  -7.092 -14.091 -15.831
  -7.086 -15.671 -15.671
  -7.081 -15.608 -15.759
  -7.075 -15.662 -15.662
  -7.070 -15.380 -15.694
  -7.064 -15.316 -15.661
  -7.059 -15.831 -16.129
  -7.054 -15.985 -16.201
  -7.049 -16.310 -16.310
  -7.043 -15.340 -15.842
  -7.038 -15.386 -16.133
  -7.033 -16.192 -16.192
  -7.029 -16.084 -16.084
  -7.024 -15.422 -15.636
  -7.019 -16.025 -16.025
  -7.014 -15.858 -15.858
  -7.009 -15.652 -15.652
  -7.005 -15.296 -15.449
  -7.000 -15.916 -16.088
  -6.995 -15.844 -16.352
  -6.991 -15.587 -15.745
  -6.986 -15.656 -15.932
  -6.982 -16.053 -16.053
  -6.978 -15.595 -15.785
  -6.973 -16.139 -16.323
  -6.969 -14.879 -15.843
  -6.965 -16.020 -16.760
  -6.961 -16.229 -16.435
  -6.956 -16.080 -16.697
  -6.952 -16.448 -16.448
  -6.948 -15.474 -15.474
  -6.944 -16.146 -16.146
  -6.940 -15.543 -15.918
  -6.936 -15.634 -16.290
  -6.932 -16.273 -16.528
  -6.928 -16.180 -16.180
  -6.924 -16.107 -16.317
  -6.920 -15.985 -16.294
  -6.917 -15.510 -15.957
  -6.913 -15.829 -16.340
  -6.909 -16.713 -17.142
  -6.905 -16.059 -16.059
  -6.902 -15.685 -16.132
  -6.898 -15.927 -16.669
  -6.894 -16.469 -16.469
  -6.891 -16.758 -16.941
  -6.887 -16.404 -16.599
  -6.884 -15.617 -16.791
  -6.880 -16.009 -16.363
  -6.877 -16.444 -16.444
  -6.873 -16.225 -16.603
  -6.870 -15.653 -16.344
  -6.867 -16.322 -16.560
  -6.863 -16.559 -16.825
  -6.860 -16.467 -16.467
  -6.857 -16.193 -16.448
  -6.853 -16.994 -49.500
  -6.850 -16.987 -49.500
  -6.847 -15.911 -16.192
  -6.844 -16.577 -49.500
  -6.840 -16.653 -16.653
  -6.837 -17.068 -49.500
  -6.834 -16.022 -16.022
  -6.831 -15.618 -49.500
  -6.828 -16.056 -16.612
  -6.825 -49.500     NaN
  -6.822 -16.038 -16.317
  -6.819 -15.661 -16.793
  -6.816 -17.238 -49.500
  -6.813 -16.385 -49.500
  -6.810 -16.214 -16.459
  -6.807 -16.196 -16.356
  -6.804 -49.500     NaN
  -6.801 -15.997 -16.410
  -6.798 -15.861 -49.500
  -6.795 -16.665 -49.500
  -6.792 -15.935 -16.116
  -6.789 -15.977 -15.977
  -6.787 -16.741 -16.951
  -6.784 -16.322 -49.500
  -6.781 -16.642 -16.868
  -6.778 -49.500     NaN
  -6.775 -16.279 -16.685
  -6.773 -16.225 -16.422
  -6.770 -49.500     NaN
  -6.767 -49.500 -49.500
  -6.765 -16.351 -16.560
  -6.762 -16.868 -16.868
  -6.759 -49.500     NaN
  -6.757 -15.709 -17.030
  -6.754 -16.062 -16.398
  -6.751 -16.101 -16.595
  -6.749 -16.812 -49.500
  -6.746 -16.178 -17.008
  -6.744 -49.500     NaN
  -6.741 -15.956 -15.956
  -6.739 -15.951 -16.568
  -6.736 -49.500     NaN
  -6.734 -49.500 -49.500
  -6.731 -16.818 -49.500
  -6.729 -16.124 -16.827
  -6.726 -17.046 -49.500
  -6.724 -17.022 -49.500
  -6.721 -49.500     NaN
  -6.719 -15.467 -15.846
  -6.717 -49.500     NaN
  -6.714 -49.500     NaN
  -6.712 -16.468 -49.500
  -6.709 -49.500     NaN
  -6.707 -49.500     NaN
  -6.705 -16.267 -16.267
  -6.702 -49.500 -49.500
  -6.700 -49.500     NaN
  -6.698 -16.229 -16.781
  -6.696 -15.872 -15.872
  -6.693 -49.500     NaN
  -6.691 -49.500     NaN
  -6.689 -49.500     NaN
  -6.687 -16.653 -16.846
  -6.684 -49.500     NaN
  -6.682 -16.581 -49.500
  -6.680 -15.966 -49.500
  -6.678 -15.607 -49.500
  -6.675 -49.500     NaN
  -6.673 -15.509 -49.500
  -6.671 -16.468 -49.500
  -6.669 -49.500 -49.500
  -6.667 -16.359 -49.500
  -6.665 -49.500     NaN
  -6.663 -16.799 -49.500
  -6.661 -16.539 -16.965
  -6.658 -16.947 -49.500
  -6.656 -15.469 -15.469
  -6.654 -49.500     NaN
  -6.652 -16.419 -16.625
  -6.650 -17.044 -49.500
  -6.648 -16.726 -49.500
  -6.646 -16.004 -49.500
  -6.644 -49.500     NaN
  -6.642 -49.500 -49.500
  -6.640 -49.500 -49.500
  -6.638 -49.500 -49.500
  -6.636 -49.500 -49.500
  -6.634 -49.500 -49.500
  -6.632 -49.500     NaN
  -6.630 -16.945 -49.500
  -6.628 -49.500     NaN
  -6.626 -49.500     NaN
  -6.624 -49.500 -49.500
  -6.622 -16.322 -49.500
  -6.620 -16.362 -49.500
  -6.618 -49.500     NaN
  -6.617 -16.662 -16.662
  -6.615 -15.997 -16.227
  -6.613 -49.500     NaN
  -6.611 -49.500 -49.500
  -6.609 -49.500 -49.500
  -6.607 -49.500     NaN
  -6.605 -15.642 -16.082
  -6.603 -49.500 -49.500
  -6.602 -16.239 -49.500
  -6.600 -49.500 -49.500
  -6.598 -16.297 -49.500
  -6.596 -16.596 -49.500
  -6.594 -49.500 -49.500
