  -8.861 -13.763 -13.763
  -8.599 -13.897 -13.897
  -8.442 -14.050 -14.050
  -8.329 -14.011 -14.011
  -8.239 -14.039 -14.039
  -8.166 -14.219 -14.219
  -8.103 -14.194 -14.194
  -8.048 -14.299 -14.299
  -7.999 -14.479 -14.479
  -7.955 -14.420 -14.420
  -7.916 -14.170 -14.170
  -7.879 -14.462 -14.462
  -7.846 -14.484 -14.484
  -7.815 -14.610 -14.610
  -7.786 -14.371 -14.624
  -7.758 -14.637 -14.637
  -7.733 -14.575 -14.575
  -7.709 -14.533 -14.533
  -7.686 -14.897 -14.897
  -7.664 -14.454 -14.760
  -7.643 -14.348 -14.507
  -7.624 -14.821 -14.821
  -7.605 -14.886 -14.886
  -7.586 -14.847 -14.847
  -7.569 -14.650 -14.833
  -7.552 -14.827 -14.827
  -7.536 -14.637 -14.637
  -7.521 -15.013 -15.013
  -7.506 -15.016 -15.016
  -7.491 -14.724 -14.724
  -7.477 -15.050 -15.050
  -7.464 -14.887 -15.112
  -7.451 -15.062 -15.062
  -7.438 -15.137 -15.395
  -7.425 -14.896 -15.125
  -7.413 -14.856 -14.856
  -7.401 -15.292 -15.292
  -7.390 -15.303 -15.303
  -7.379 -14.749 -15.367
  -7.368 -15.164 -15.164
  -7.357 -14.468 -15.107
  -7.347 -15.269 -15.269
  -7.337 -14.922 -15.145
  -7.327 -15.359 -15.359
  -7.317 -14.879 -14.879
  -7.308 -15.159 -15.159
  -7.299 -15.289 -15.289
  -7.290 -15.022 -15.350
  -7.281 -15.064 -15.064
  -7.272 -15.038 -15.038
  -7.264 -14.702 -15.402
  -7.255 -15.248 -15.478
  -7.247 -15.062 -15.411
  -7.239 -15.361 -15.361
  -7.231 -15.170 -15.170
  -7.223 -15.531 -15.531
  -7.216 -15.329 -15.329
  -7.208 -15.513 -15.513
  -7.201 -15.421 -15.421
  -7.194 -15.692 -15.692
  -7.187 -15.296 -15.476
  -7.180 -15.439 -15.616
  -7.173 -15.538 -15.538
  -7.166 -15.899 -15.899
  -7.159 -15.395 -15.803
  -7.153 -14.784 -14.969
  -7.146 -15.720 -15.720
  -7.140 -15.511 -15.850
  -7.133 -15.797 -15.797
  -7.127 -15.895 -15.895
  -7.121 -15.886 -15.886
  -7.115 -14.782 -15.272
  -7.109 -15.470 -15.957
  -7.103 -15.518 -15.764
  -7.098 -13.986 -15.791
  -7.092 -15.626 -16.112
  -7.086 -15.823 -15.823
  -7.081 -15.861 -15.861
  -7.075 -15.057 -15.806
  -7.070 -15.294 -15.446
  -7.064 -15.101 -15.645
  -7.059 -15.879 -16.229
  -7.054 -16.092 -16.092
  -7.049 -15.418 -15.594
  -7.043 -15.629 -16.068
  -7.038 -15.938 -15.938
  -7.033 -15.417 -16.501
  -7.029 -15.521 -15.933
  -7.024 -14.964 -15.739
  -7.019 -15.368 -15.985
  -7.014 -16.485 -16.721
  -7.009 -16.013 -16.232
  -7.005 -14.964 -15.910
  -7.000 -15.605 -16.194
  -6.995 -15.043 -15.996
  -6.991 -16.060 -16.060
  -6.986 -15.800 -16.028
  -6.982 -16.252 -16.549
  -6.978 -16.125 -16.125
  -6.973 -14.800 -15.047
  -6.969 -16.103 -16.103
  -6.965 -16.442 -16.621
  -6.961 -16.350 -16.350
  -6.956 -15.575 -16.431
  -6.952 -15.658 -16.126
  -6.948 -16.191 -16.524
  -6.944 -16.168 -16.450
  -6.940 -16.248 -16.248
  -6.936 -15.432 -15.742
  -6.932 -15.280 -15.963
  -6.928 -16.104 -16.417
  -6.924 -15.385 -16.720
  -6.920 -16.076 -16.076
  -6.917 -15.853 -16.324
  -6.913 -15.207 -16.864
  -6.909 -15.391 -15.583
  -6.905 -14.857 -15.616
  -6.902 -16.317 -16.317
  -6.898 -16.038 -16.356
  -6.894 -15.876 -16.473
  -6.891 -15.958 -16.706
  -6.887 -15.943 -16.245
  -6.884 -15.856 -16.826
  -6.880 -16.316 -16.316
  -6.877 -14.971 -15.813
  -6.873 -16.165 -16.474
  -6.870 -16.202 -16.202
  -6.867 -15.766 -15.943
  -6.863 -15.693 -16.501
  -6.860 -16.791 -49.500
  -6.857 -15.433 -16.568
  -6.853 -15.608 -16.613
  -6.850 -16.505 -16.505
  -6.847 -16.311 -17.010
  -6.844 -16.152 -17.293
  -6.840 -16.711 -17.159
  -6.837 -16.321 -17.213
  -6.834 -15.979 -16.325
  -6.831 -15.889 -16.058
  -6.828 -16.450 -16.690
  -6.825 -16.312 -16.976
  -6.822 -16.627 -17.001
  -6.819 -16.748 -17.161
  -6.816 -16.442 -16.442
  -6.813 -15.999 -16.497
  -6.810 -16.217 -16.889
  -6.807 -16.314 -17.262
  -6.804 -17.343 -49.500
  -6.801 -16.494 -49.500
  -6.798 -16.293 -16.746
  -6.795 -16.675 -49.500
  -6.792 -16.575 -16.968
  -6.789 -15.695 -16.514
  -6.787 -16.595 -49.500
  -6.784 -15.993 -16.827
  -6.781 -15.669 -15.828
  -6.778 -49.500 -49.500
  -6.775 -15.805 -16.157
  -6.773 -16.550 -16.819
  -6.770 -15.635 -16.704
  -6.767 -15.591 -16.256
  -6.765 -15.962 -16.251
  -6.762 -49.500     NaN
  -6.759 -16.976 -49.500
  -6.757 -15.001 -16.706
  -6.754 -15.676 -49.500
  -6.751 -16.433 -16.807
  -6.749 -49.500     NaN
  -6.746 -16.164 -16.164
  -6.744 -49.500     NaN
  -6.741 -49.500     NaN
  -6.739 -49.500     NaN
  -6.736 -15.961 -16.486
  -6.734 -16.617 -16.978
  -6.731 -16.695 -49.500
  -6.729 -16.473 -16.669
  -6.726 -49.500     NaN
  -6.724 -16.474 -16.937
  -6.721 -49.500     NaN
  -6.719 -49.500 -49.500
  -6.717 -49.500 -49.500
  -6.714 -16.402 -49.500
  -6.712 -16.658 -49.500
  -6.709 -49.500     NaN
  -6.707 -49.500     NaN
  -6.705 -16.529 -49.500
  -6.702 -16.636 -49.500
  -6.700 -15.593 -49.500
  -6.698 -15.837 -49.500
  -6.696 -49.500 -49.500
  -6.693 -49.500 -49.500
  -6.691 -16.375 -17.028
  -6.689 -49.500     NaN
  -6.687 -49.500     NaN
  -6.684 -49.500     NaN
  -6.682 -49.500     NaN
  -6.680 -16.377 -49.500
  -6.678 -49.500     NaN
  -6.675 -16.158 -49.500
  -6.673 -16.493 -16.493
  -6.671 -49.500 -49.500
  -6.669 -15.438 -15.655
  -6.667 -16.576 -49.500
  -6.665 -49.500     NaN
  -6.663 -16.336 -49.500
  -6.661 -16.983 -49.500
  -6.658 -49.500 -49.500
  -6.656 -49.500     NaN
  -6.654 -16.361 -49.500
  -6.652 -49.500 -49.500
  -6.650 -16.401 -16.738
  -6.648 -16.075 -16.552
  -6.646 -16.579 -49.500
  -6.644 -49.500 -49.500
  -6.642 -16.160 -16.947
  -6.640 -49.500 -49.500
  -6.638 -16.165 -49.500
  -6.636 -49.500     NaN
  -6.634 -49.500 -49.500
  -6.632 -49.500 -49.500
  -6.630 -49.500     NaN
  -6.628 -49.500     NaN
  -6.626 -49.500     NaN
  -6.624 -49.500     NaN
  -6.622 -16.553 -16.553
  -6.620 -49.500 -49.500
  -6.618 -17.231 -49.500
  -6.617 -49.500 -49.500
  -6.615 -49.500 -49.500
  -6.613 -14.756 -49.500
  -6.611 -49.500     NaN
  -6.609 -49.500 -49.500
  -6.607 -49.500     NaN
  -6.605 -49.500 -49.500
  -6.603 -49.500 -49.500
  -6.602 -16.802 -16.802
  -6.600 -49.500     NaN
  -6.598 -49.500     NaN
  -6.596 -16.267 -49.500
  -6.594 -16.036 -16.329
