  -8.861 -13.729 -13.729
  -8.599 -13.858 -13.858
  -8.442 -13.959 -13.959
  -8.329 -13.929 -13.929
  -8.239 -14.155 -14.155
  -8.166 -14.138 -14.138
  -8.103 -14.136 -14.136
  -8.048 -14.251 -14.251
  -7.999 -13.987 -14.217
  -7.955 -14.344 -14.344
  -7.916 -14.393 -14.393
  -7.879 -14.468 -14.468
  -7.846 -14.184 -14.461
  -7.815 -14.547 -14.547
  -7.786 -14.211 -14.658
  -7.758 -14.439 -14.699
  -7.733 -14.208 -14.535
  -7.709 -14.819 -14.819
  -7.686 -14.542 -14.718
  -7.664 -14.847 -14.847
  -7.643 -14.429 -14.649
  -7.624 -14.567 -14.747
  -7.605 -14.747 -14.747
  -7.586 -14.677 -14.677
  -7.569 -15.129 -15.129
  -7.552 -14.404 -15.055
  -7.536 -14.843 -14.843
  -7.521 -14.732 -14.894
  -7.506 -14.831 -14.993
  -7.491 -14.578 -15.180
  -7.477 -15.025 -15.025
  -7.464 -14.631 -14.869
  -7.451 -14.958 -14.958
  -7.438 -15.055 -15.055
  -7.425 -14.921 -15.093
  -7.413 -15.178 -15.362
  -7.401 -14.588 -14.944
  -7.390 -15.225 -15.225
  -7.379 -15.229 -15.229
  -7.368 -15.361 -15.361
  -7.357 -14.935 -15.217
  -7.347 -14.901 -15.328
  -7.337 -15.092 -15.594
  -7.327 -15.180 -15.180
  -7.317 -15.443 -15.443
  -7.308 -15.301 -15.301
  -7.299 -15.462 -15.672
  -7.290 -15.429 -15.429
  -7.281 -15.317 -15.317
  -7.272 -15.186 -15.360
  -7.264 -15.148 -15.148
  -7.255 -15.405 -15.867
  -7.247 -15.496 -15.496
  -7.239 -15.193 -15.193
  -7.231 -15.114 -15.345
  -7.223 -15.346 -15.914
  -7.216 -15.842 -15.842
  -7.208 -14.756 -15.242
  -7.201 -15.029 -15.455
  -7.194 -15.159 -15.393
  -7.187 -15.677 -15.677
  -7.180 -15.982 -15.982
  -7.173 -15.120 -15.452
  -7.166 -16.056 -16.056
  -7.159 -15.705 -15.906
  -7.153 -15.776 -15.776
  -7.146 -15.323 -15.323
  -7.140 -14.940 -15.557
  -7.133 -15.780 -15.780
  -7.127 -15.595 -15.890
  -7.121 -15.292 -15.600
  -7.115 -15.841 -16.120
  -7.109 -15.813 -16.007
  -7.103 -15.188 -15.188
  -7.098 -15.020 -15.382
  -7.092 -15.811 -15.811
  -7.086 -15.573 -15.573
  -7.081 -15.152 -15.401
  -7.075 -15.507 -15.924
  -7.070 -15.815 -15.815
  -7.064 -15.318 -15.512
  -7.059 -15.694 -15.694
  -7.054 -14.793 -15.130
  -7.049 -15.310 -15.471
  -7.043 -16.095 -16.095
  -7.038 -15.936 -16.116
  -7.033 -15.914 -16.233
  -7.029 -16.084 -16.269
  -7.024 -15.618 -15.811
  -7.019 -15.432 -15.432
  -7.014 -15.979 -15.979
  -7.009 -15.939 -16.093
  -7.005 -15.814 -15.814
  -7.000 -15.723 -16.100
  -6.995 -16.366 -16.366
  -6.991 -16.190 -16.369
  -6.986 -15.152 -15.696
  -6.982 -15.598 -16.119
  -6.978 -16.158 -16.158
  -6.973 -15.629 -15.985
  -6.969 -15.394 -16.702
  -6.965 -14.896 -15.842
  -6.961 -16.089 -16.437
  -6.956 -16.401 -16.401
  -6.952 -15.958 -16.155
  -6.948 -16.389 -16.389
  -6.944 -15.962 -15.962
  -6.940 -15.925 -16.101
  -6.936 -15.978 -16.177
  -6.932 -16.320 -16.320
  -6.928 -15.654 -16.179
  -6.924 -16.101 -16.101
  -6.920 -16.069 -16.069
  -6.917 -16.083 -16.299
  -6.913 -16.412 -17.038
  -6.909 -16.279 -16.611
  -6.905 -15.961 -16.430
  -6.902 -16.247 -16.544
  -6.898 -15.924 -16.112
  -6.894 -15.698 -16.126
  -6.891 -15.782 -16.353
  -6.887 -16.898 -17.100
  -6.884 -16.502 -16.502
  -6.880 -16.434 -16.664
  -6.877 -16.484 -16.727
  -6.873 -16.806 -17.299
  -6.870 -15.766 -16.000
  -6.867 -16.428 -16.616
  -6.863 -16.395 -16.395
  -6.860 -17.386 -49.500
  -6.857 -16.616 -16.616
  -6.853 -15.722 -16.316
  -6.850 -15.725 -16.040
  -6.847 -16.187 -16.187
  -6.844 -16.781 -49.500
  -6.840 -16.353 -16.730
  -6.837 -16.429 -16.762
  -6.834 -17.068 -49.500
  -6.831 -49.500     NaN
  -6.828 -16.624 -16.624
  -6.825 -16.111 -16.300
  -6.822 -16.094 -49.500
  -6.819 -16.351 -17.389
  -6.816 -16.275 -16.435
  -6.813 -16.374 -49.500
  -6.810 -15.918 -16.865
  -6.807 -15.210 -15.700
  -6.804 -15.791 -16.669
  -6.801 -16.052 -49.500
  -6.798 -15.570 -16.080
  -6.795 -49.500     NaN
  -6.792 -16.139 -16.703
  -6.789 -49.500     NaN
  -6.787 -16.796 -49.500
  -6.784 -15.903 -16.715
  -6.781 -15.567 -16.400
  -6.778 -15.366 -15.666
  -6.775 -16.930 -49.500
  -6.773 -16.619 -17.045
  -6.770 -16.452 -49.500
  -6.767 -16.435 -16.989
  -6.765 -16.988 -49.500
  -6.762 -15.245 -16.475
  -6.759 -15.993 -49.500
  -6.757 -15.601 -16.885
  -6.754 -49.500     NaN
  -6.751 -15.968 -16.477
  -6.749 -15.757 -49.500
  -6.746 -16.919 -49.500
  -6.744 -16.337 -16.537
  -6.741 -49.500     NaN
  -6.739 -49.500     NaN
  -6.736 -16.012 -16.164
  -6.734 -16.888 -49.500
  -6.731 -16.251 -49.500
  -6.729 -49.500     NaN
  -6.726 -49.500 -49.500
  -6.724 -14.613 -15.571
  -6.721 -16.548 -49.500
  -6.719 -15.928 -16.780
  -6.717 -16.510 -49.500
  -6.714 -16.778 -49.500
  -6.712 -16.524 -49.500
  -6.709 -16.706 -16.706
  -6.707 -15.414 -49.500
  -6.705 -49.500 -49.500
  -6.702 -16.124 -16.647
  -6.700 -49.500     NaN
  -6.698 -16.332 -49.500
  -6.696 -15.508 -49.500
  -6.693 -16.268 -49.500
  -6.691 -49.500 -49.500
  -6.689 -16.526 -49.500
  -6.687 -49.500     NaN
  -6.684 -49.500     NaN
  -6.682 -49.500     NaN
  -6.680 -16.536 -49.500
  -6.678 -16.671 -16.671
  -6.675 -15.635 -15.635
  -6.673 -15.691 -49.500
  -6.671 -49.500     NaN
  -6.669 -16.115 -16.664
  -6.667 -49.500     NaN
  -6.665 -49.500     NaN
  -6.663 -16.369 -16.369
  -6.661 -49.500     NaN
  -6.658 -16.911 -49.500
  -6.656 -49.500     NaN
  -6.654 -49.500     NaN
  -6.652 -16.086 -16.086
  -6.650 -49.500 -49.500
  -6.648 -49.500     NaN
  -6.646 -49.500 -49.500
  -6.644 -15.805 -16.379
  -6.642 -49.500 -49.500
  -6.640 -49.500     NaN
  -6.638 -49.500 -49.500
  -6.636 -16.356 -16.356
  -6.634 -16.138 -49.500
  -6.632 -49.500     NaN
  -6.630 -16.114 -16.459
  -6.628 -49.500 -49.500
  -6.626 -49.500     NaN
  -6.624 -16.286 -16.286
  -6.622 -49.500     NaN
  -6.620 -16.674 -49.500
  -6.618 -49.500     NaN
  -6.617 -16.771 -49.500
  -6.615 -49.500 -49.500
  -6.613 -49.500     NaN
  -6.611 -16.075 -49.500
  -6.609 -16.618 -49.500
  -6.607 -17.160 -49.500
  -6.605 -49.500 -49.500
  -6.603 -49.500 -49.500
  -6.602 -15.725 -49.500
  -6.600 -49.500     NaN
  -6.598 -49.500 -49.500
  -6.596 -15.754 -15.754
  -6.594 -13.867 -16.003
