  -8.861 -13.781 -13.781
  -8.599 -13.895 -13.895
  -8.442 -13.962 -13.962
  -8.329 -14.044 -14.044
  -8.239 -13.899 -14.142
  -8.166 -14.201 -14.201
  -8.103 -14.192 -14.192
  -8.048 -14.273 -14.273
  -7.999 -14.351 -14.351
  -7.955 -14.243 -14.451
  -7.916 -14.324 -14.324
  -7.879 -14.393 -14.626
  -7.846 -14.447 -14.447
  -7.815 -14.350 -14.350
  -7.786 -14.399 -14.399
  -7.758 -14.655 -14.655
  -7.733 -14.628 -14.628
  -7.709 -14.399 -14.399
  -7.686 -14.727 -14.727
  -7.664 -14.660 -14.660
  -7.643 -14.875 -14.875
  -7.624 -14.858 -14.858
  -7.605 -14.757 -14.757
  -7.586 -14.678 -14.981
  -7.569 -14.767 -14.767
  -7.552 -15.043 -15.043
  -7.536 -14.914 -14.914
  -7.521 -14.166 -14.562
  -7.506 -14.890 -14.890
  -7.491 -14.796 -14.796
  -7.477 -14.772 -15.015
  -7.464 -14.818 -15.165
  -7.451 -15.178 -15.178
  -7.438 -14.940 -15.357
  -7.425 -14.937 -15.205
  -7.413 -15.086 -15.086
  -7.401 -14.441 -15.129
  -7.390 -15.217 -15.419
  -7.379 -15.294 -15.294
  -7.368 -14.689 -15.184
  -7.357 -15.300 -15.487
  -7.347 -15.172 -15.172
  -7.337 -14.526 -15.036
  -7.327 -15.409 -15.632
  -7.317 -15.288 -15.579
  -7.308 -14.968 -15.176
  -7.299 -15.452 -15.452
  -7.290 -15.474 -15.474
  -7.281 -15.289 -15.461
  -7.272 -15.525 -15.525
  -7.264 -15.267 -15.706
  -7.255 -15.587 -15.587
  -7.247 -15.521 -15.521
  -7.239 -14.580 -15.575
  -7.231 -14.881 -15.078
  -7.223 -15.693 -15.693
  -7.216 -15.590 -15.590
  -7.208 -15.663 -15.818
  -7.201 -14.653 -15.647
  -7.194 -15.236 -15.475
  -7.187 -15.412 -15.412
  -7.180 -16.005 -16.005
  -7.173 -15.760 -15.760
  -7.166 -15.646 -16.000
  -7.159 -15.519 -15.680
  -7.153 -15.349 -15.675
  -7.146 -14.957 -15.599
  -7.140 -15.085 -15.375
  -7.133 -15.545 -15.545
  -7.127 -15.905 -15.905
  -7.121 -14.647 -14.647
  -7.115 -15.306 -15.629
  -7.109 -15.742 -15.742
  -7.103 -15.487 -15.740
  -7.098 -15.966 -15.966
  -7.092 -15.481 -15.809
  -7.086 -15.862 -16.032
  -7.081 -15.763 -15.763
  -7.075 -15.622 -15.622
  -7.070 -15.718 -15.718
  -7.064 -15.731 -15.946
  -7.059 -16.131 -16.131
  -7.054 -15.429 -15.802
  -7.049 -15.388 -15.748
  -7.043 -15.284 -15.707
  -7.038 -15.458 -15.670
  -7.033 -15.144 -15.981
  -7.029 -15.428 -15.922
  -7.024 -15.631 -16.011
  -7.019 -16.300 -16.300
  -7.014 -15.432 -16.086
  -7.009 -16.110 -16.110
  -7.005 -15.623 -15.623
  -7.000 -15.795 -16.078
  -6.995 -15.786 -15.936
  -6.991 -16.260 -16.260
  -6.986 -15.916 -16.120
  -6.982 -15.833 -16.041
  -6.978 -15.732 -15.978
  -6.973 -15.526 -15.998
  -6.969 -16.415 -16.602
  -6.965 -16.228 -16.382
  -6.961 -16.116 -16.116
  -6.956 -14.866 -15.998
  -6.952 -16.171 -16.171
  -6.948 -15.999 -15.999
  -6.944 -16.100 -16.605
  -6.940 -16.114 -16.114
  -6.936 -16.553 -16.710
  -6.932 -16.392 -16.392
  -6.928 -15.965 -16.305
  -6.924 -16.385 -16.544
  -6.920 -16.263 -16.263
  -6.917 -16.595 -16.750
  -6.913 -15.964 -16.365
  -6.909 -15.782 -15.782
  -6.905 -15.778 -16.479
  -6.902 -15.572 -16.430
  -6.898 -16.124 -16.124
  -6.894 -16.264 -16.554
  -6.891 -16.206 -16.732
  -6.887 -14.541 -15.675
  -6.884 -16.375 -16.375
  -6.880 -15.357 -16.119
  -6.877 -15.482 -16.171
  -6.873 -16.326 -16.561
  -6.870 -16.690 -16.690
  -6.867 -15.380 -16.325
  -6.863 -16.789 -17.052
  -6.860 -16.221 -16.221
  -6.857 -15.818 -16.325
  -6.853 -15.382 -16.131
  -6.850 -49.500 -49.500
  -6.847 -16.367 -16.551
  -6.844 -49.500     NaN
  -6.840 -16.452 -16.747
  -6.837 -15.892 -16.519
  -6.834 -16.377 -16.600
  -6.831 -16.156 -16.513
  -6.828 -16.377 -16.377
  -6.825 -16.335 -16.813
  -6.822 -16.604 -49.500
  -6.819 -17.113 -49.500
  -6.816 -16.054 -16.281
  -6.813 -16.634 -49.500
  -6.810 -16.289 -16.571
  -6.807 -15.169 -16.418
  -6.804 -15.866 -16.349
  -6.801 -16.215 -16.706
  -6.798 -16.976 -49.500
  -6.795 -15.959 -16.233
  -6.792 -15.843 -15.843
  -6.789 -16.597 -16.995
  -6.787 -49.500     NaN
  -6.784 -16.666 -49.500
  -6.781 -16.298 -16.670
  -6.778 -16.314 -16.876
  -6.775 -49.500     NaN
  -6.773 -16.567 -49.500
  -6.770 -16.736 -49.500
  -6.767 -16.867 -49.500
  -6.765 -15.974 -17.077
  -6.762 -16.394 -49.500
  -6.759 -16.190 -16.448
  -6.757 -15.723 -15.723
  -6.754 -16.388 -49.500
  -6.751 -16.733 -49.500
  -6.749 -16.531 -16.741
  -6.746 -49.500     NaN
  -6.744 -16.162 -17.143
  -6.741 -15.821 -15.972
  -6.739 -49.500     NaN
  -6.736 -16.699 -16.996
  -6.734 -49.500     NaN
  -6.731 -49.500     NaN
  -6.729 -16.265 -16.484
  -6.726 -49.500 -49.500
  -6.724 -16.834 -17.343
  -6.721 -16.533 -49.500
  -6.719 -49.500     NaN
  -6.717 -16.311 -49.500
  -6.714 -16.352 -16.352
  -6.712 -16.469 -16.469
  -6.709 -15.785 -16.936
  -6.707 -16.103 -16.654
  -6.705 -49.500 -49.500
  -6.702 -16.067 -16.761
  -6.700 -16.557 -49.500
  -6.698 -16.688 -49.500
  -6.696 -49.500     NaN
  -6.693 -15.961 -15.961
  -6.691 -16.726 -49.500
  -6.689 -16.212 -16.400
  -6.687 -16.710 -49.500
  -6.684 -49.500     NaN
  -6.682 -49.500     NaN
  -6.680 -16.469 -49.500
  -6.678 -16.455 -17.062
  -6.675 -49.500 -49.500
  -6.673 -49.500 -49.500
  -6.671 -16.679 -16.679
  -6.669 -49.500     NaN
  -6.667 -49.500 -49.500
  -6.665 -16.732 -49.500
  -6.663 -49.500 -49.500
  -6.661 -15.356 -49.500
  -6.658 -16.408 -49.500
  -6.656 -49.500 -49.500
  -6.654 -15.572 -16.360
  -6.652 -49.500 -49.500
  -6.650 -15.722 -49.500
  -6.648 -17.116 -49.500
  -6.646 -49.500     NaN
  -6.644 -49.500 -49.500
  -6.642 -49.500     NaN
  -6.640 -16.552 -49.500
  -6.638 -16.670 -49.500
  -6.636 -49.500 -49.500
  -6.634 -16.070 -16.720
  -6.632 -16.189 -49.500
  -6.630 -49.500 -49.500
  -6.628 -49.500     NaN
  -6.626 -49.500 -49.500
  -6.624 -49.500     NaN
  -6.622 -16.665 -49.500
  -6.620 -16.227 -49.500
  -6.618 -16.953 -49.500
  -6.617 -49.500 -49.500
  -6.615 -49.500 -49.500
  -6.613 -16.914 -49.500
  -6.611 -49.500     NaN
  -6.609 -16.672 -49.500
  -6.607 -16.245 -49.500
  -6.605 -49.500     NaN
  -6.603 -49.500 -49.500
  -6.602 -49.500     NaN
  -6.600 -49.500 -49.500
  -6.598 -49.500     NaN
  -6.596 -49.500 -49.500
  -6.594 -15.678 -49.500
