  -8.861 -13.768 -13.768
  -8.599 -13.865 -13.865
  -8.442 -13.513 -13.979
  -8.329 -14.075 -14.075
  -8.239 -14.089 -14.089
  -8.166 -14.291 -14.291
  -8.103 -14.063 -14.221
  -8.048 -14.172 -14.391
  -7.999 -14.325 -14.325
  -7.955 -14.290 -14.460
  -7.916 -14.360 -14.360
  -7.879 -14.418 -14.418
  -7.846 -14.333 -14.333
  -7.815 -14.497 -14.497
  -7.786 -14.407 -14.407
  -7.758 -14.419 -14.419
  -7.733 -14.563 -14.563
  -7.709 -14.725 -14.725
  -7.686 -14.821 -14.821
  -7.664 -14.471 -14.471
  -7.643 -14.744 -14.744
  -7.624 -14.474 -14.654
  -7.605 -14.901 -14.901
  -7.586 -14.911 -14.911
  -7.569 -14.941 -14.941
  -7.552 -14.268 -15.133
  -7.536 -14.432 -14.730
  -7.521 -14.645 -14.812
  -7.506 -14.597 -15.309
  -7.491 -14.915 -15.189
  -7.477 -14.762 -14.762
  -7.464 -14.649 -14.649
  -7.451 -15.364 -15.364
  -7.438 -14.753 -15.179
  -7.425 -15.127 -15.127
  -7.413 -14.520 -14.921
  -7.401 -14.904 -15.064
  -7.390 -15.127 -15.127
  -7.379 -15.390 -15.390
  -7.368 -14.894 -14.894
  -7.357 -15.167 -15.416
  -7.347 -14.656 -15.043
  -7.337 -15.330 -15.330
  -7.327 -15.186 -15.186
  -7.317 -15.530 -15.530
  -7.308 -14.867 -15.197
  -7.299 -15.151 -15.151
  -7.290 -15.330 -15.330
  -7.281 -15.566 -15.566
  -7.272 -14.714 -14.983
  -7.264 -15.470 -15.470
  -7.255 -15.517 -15.517
  -7.247 -15.367 -15.801
  -7.239 -15.419 -15.644
  -7.231 -15.140 -15.417
  -7.223 -15.813 -15.813
  -7.216 -15.279 -15.670
  -7.208 -15.438 -15.438
  -7.201 -15.159 -15.743
  -7.194 -14.987 -15.602
  -7.187 -15.487 -15.487
  -7.180 -15.968 -15.968
  -7.173 -15.322 -15.657
  -7.166 -14.951 -15.162
  -7.159 -14.733 -15.091
  -7.153 -15.585 -15.749
  -7.146 -15.279 -15.683
  -7.140 -15.605 -15.796
  -7.133 -15.037 -15.410
  -7.127 -15.395 -15.552
  -7.121 -15.277 -15.277
  -7.115 -15.796 -15.796
  -7.109 -15.433 -15.640
  -7.103 -14.639 -14.882
  -7.098 -14.852 -15.857
  -7.092 -15.153 -15.731
  -7.086 -15.574 -16.064
  -7.081 -15.924 -16.145
  -7.075 -16.061 -16.277
  -7.070 -15.788 -16.097
  -7.064 -16.131 -16.131
  -7.059 -15.761 -16.023
  -7.054 -16.242 -16.242
  -7.049 -15.306 -15.695
  -7.043 -16.283 -16.523
  -7.038 -15.543 -15.953
  -7.033 -16.176 -16.176
  -7.029 -15.939 -16.112
  -7.024 -15.973 -16.168
  -7.019 -16.068 -16.290
  -7.014 -14.911 -15.440
  -7.009 -15.250 -15.744
  -7.005 -16.223 -16.434
  -7.000 -16.462 -16.462
  -6.995 -15.581 -15.848
  -6.991 -15.047 -16.212
  -6.986 -15.853 -15.853
  -6.982 -16.153 -16.153
  -6.978 -15.699 -15.872
  -6.973 -15.697 -16.471
  -6.969 -15.553 -16.035
  -6.965 -15.304 -15.483
  -6.961 -16.089 -16.392
  -6.956 -15.494 -16.015
  -6.952 -16.002 -16.522
  -6.948 -15.636 -15.867
  -6.944 -16.457 -16.638
  -6.940 -16.485 -16.715
  -6.936 -16.649 -16.649
  -6.932 -15.466 -15.904
  -6.928 -16.552 -16.552
  -6.924 -15.993 -16.260
  -6.920 -15.899 -15.899
  -6.917 -16.164 -16.164
  -6.913 -16.002 -16.451
  -6.909 -14.529 -15.849
  -6.905 -15.349 -16.251
  -6.902 -16.688 -16.688
  -6.898 -16.533 -16.827
  -6.894 -16.288 -16.505
  -6.891 -15.669 -16.731
  -6.887 -15.126 -16.462
  -6.884 -49.500     NaN
  -6.880 -15.818 -16.117
  -6.877 -16.182 -16.342
  -6.873 -15.778 -15.992
  -6.870 -15.121 -16.181
  -6.867 -49.500     NaN
  -6.863 -15.355 -16.545
  -6.860 -16.463 -16.463
  -6.857 -15.214 -16.337
  -6.853 -16.316 -16.841
  -6.850 -16.483 -16.769
  -6.847 -15.861 -16.074
  -6.844 -15.621 -16.234
  -6.840 -16.279 -49.500
  -6.837 -16.708 -16.868
  -6.834 -16.583 -49.500
  -6.831 -15.695 -16.634
  -6.828 -15.973 -16.391
  -6.825 -15.623 -16.897
  -6.822 -16.370 -49.500
  -6.819 -15.982 -16.524
  -6.816 -15.270 -16.545
  -6.813 -15.917 -16.725
  -6.810 -16.387 -17.024
  -6.807 -16.719 -17.207
  -6.804 -15.527 -16.223
  -6.801 -15.656 -49.500
  -6.798 -15.065 -16.134
  -6.795 -16.429 -16.994
  -6.792 -16.604 -49.500
  -6.789 -16.603 -49.500
  -6.787 -49.500     NaN
  -6.784 -16.939 -49.500
  -6.781 -16.196 -16.351
  -6.778 -15.809 -16.618
  -6.775 -16.051 -17.405
  -6.773 -49.500     NaN
  -6.770 -15.520 -16.278
  -6.767 -49.500     NaN
  -6.765 -15.749 -16.049
  -6.762 -17.051 -49.500
  -6.759 -15.722 -16.412
  -6.757 -16.013 -16.470
  -6.754 -49.500 -49.500
  -6.751 -16.097 -16.097
  -6.749 -49.500     NaN
  -6.746 -15.834 -15.987
  -6.744 -17.022 -49.500
  -6.741 -15.795 -16.445
  -6.739 -49.500     NaN
  -6.736 -49.500     NaN
  -6.734 -16.240 -16.240
  -6.731 -15.765 -49.500
  -6.729 -16.345 -49.500
  -6.726 -16.892 -49.500
  -6.724 -16.262 -16.847
  -6.721 -49.500     NaN
  -6.719 -49.500     NaN
  -6.717 -16.294 -16.901
  -6.714 -16.159 -16.159
  -6.712 -16.587 -49.500
  -6.709 -16.890 -49.500
  -6.707 -15.734 -16.064
  -6.705 -49.500     NaN
  -6.702 -16.614 -49.500
  -6.700 -16.900 -49.500
  -6.698 -16.475 -49.500
  -6.696 -15.528 -16.564
  -6.693 -16.831 -16.831
  -6.691 -49.500     NaN
  -6.689 -15.898 -49.500
  -6.687 -49.500 -49.500
  -6.684 -15.650 -15.650
  -6.682 -49.500 -49.500
  -6.680 -16.685 -49.500
  -6.678 -49.500 -49.500
  -6.675 -49.500 -49.500
  -6.673 -49.500 -49.500
  -6.671 -49.500     NaN
  -6.669 -16.488 -49.500
  -6.667 -49.500     NaN
  -6.665 -49.500 -49.500
  -6.663 -16.977 -49.500
  -6.661 -16.224 -16.224
  -6.658 -49.500     NaN
  -6.656 -14.951 -16.651
  -6.654 -15.739 -49.500
  -6.652 -15.766 -49.500
  -6.650 -49.500 -49.500
  -6.648 -49.500 -49.500
  -6.646 -49.500 -49.500
  -6.644 -49.500 -49.500
  -6.642 -16.743 -49.500
  -6.640 -49.500 -49.500
  -6.638 -49.500     NaN
  -6.636 -49.500 -49.500
  -6.634 -49.500     NaN
  -6.632 -16.683 -49.500
  -6.630 -16.032 -16.032
  -6.628 -49.500 -49.500
  -6.626 -49.500 -49.500
  -6.624 -16.551 -49.500
  -6.622 -49.500     NaN
  -6.620 -49.500     NaN
  -6.618 -49.500     NaN
  -6.617 -49.500 -49.500
  -6.615 -16.178 -49.500
  -6.613 -49.500     NaN
  -6.611 -49.500     NaN
  -6.609 -49.500 -49.500
  -6.607 -49.500 -49.500
  -6.605 -16.745 -16.745
  -6.603 -49.500 -49.500
  -6.602 -49.500     NaN
  -6.600 -49.500 -49.500
  -6.598 -16.585 -49.500
  -6.596 -16.603 -16.603
  -6.594 -49.500     NaN
