  -8.861 -13.734 -13.734
  -8.599 -13.873 -13.873
  -8.442 -13.947 -13.947
  -8.329 -13.873 -13.873
  -8.239 -14.094 -14.094
  -8.166 -13.965 -13.965
  -8.103 -14.204 -14.204
  -8.048 -14.146 -14.146
  -7.999 -14.236 -14.433
  -7.955 -14.428 -14.428
  -7.916 -13.873 -14.298
  -7.879 -14.136 -14.373
  -7.846 -13.777 -14.430
  -7.815 -14.442 -14.442
  -7.786 -14.648 -14.648
  -7.758 -14.326 -14.326
  -7.733 -14.352 -14.352
  -7.709 -14.017 -14.441
  -7.686 -14.472 -14.472
  -7.664 -14.469 -14.812
  -7.643 -14.787 -14.787
  -7.624 -14.356 -14.356
  -7.605 -13.966 -14.880
  -7.586 -15.018 -15.018
  -7.569 -14.106 -14.866
  -7.552 -14.697 -14.880
  -7.536 -14.950 -14.950
  -7.521 -14.960 -14.960
  -7.506 -15.034 -15.034
  -7.491 -14.814 -15.105
  -7.477 -15.053 -15.053
  -7.464 -14.648 -14.932
  -7.451 -14.891 -15.058
  -7.438 -15.122 -15.122
  -7.425 -15.002 -15.319
  -7.413 -14.803 -15.106
  -7.401 -15.011 -15.011
  -7.390 -15.486 -15.486
  -7.379 -15.045 -15.045
  -7.368 -15.285 -15.285
  -7.357 -15.386 -15.386
  -7.347 -15.101 -15.327
  -7.337 -15.439 -15.439
  -7.327 -15.129 -15.129
  -7.317 -14.879 -15.300
  -7.308 -15.023 -15.251
  -7.299 -15.200 -15.410
  -7.290 -15.148 -15.148
  -7.281 -14.618 -14.618
  -7.272 -15.516 -15.516
  -7.264 -15.698 -15.698
  -7.255 -15.522 -15.522
  -7.247 -15.713 -15.713
  -7.239 -15.459 -15.459
  -7.231 -15.454 -15.622
  -7.223 -15.285 -15.285
  -7.216 -15.349 -15.526
  -7.208 -15.779 -15.779
  -7.201 -15.568 -15.568
  -7.194 -15.876 -15.876
  -7.187 -14.831 -15.463
  -7.180 -14.710 -15.311
  -7.173 -14.072 -15.520
  -7.166 -15.692 -15.692
  -7.159 -15.427 -15.807
  -7.153 -15.555 -15.555
  -7.146 -15.568 -15.568
  -7.140 -15.870 -16.086
  -7.133 -14.817 -14.994
  -7.127 -14.938 -15.259
  -7.121 -14.915 -15.746
  -7.115 -15.504 -15.849
  -7.109 -15.450 -15.450
  -7.103 -14.805 -15.218
  -7.098 -14.654 -15.799
  -7.092 -15.213 -15.213
  -7.086 -15.997 -16.212
  -7.081 -16.050 -16.050
  -7.075 -15.924 -16.185
  -7.070 -15.331 -15.841
  -7.064 -15.646 -15.875
  -7.059 -16.007 -16.007
  -7.054 -15.291 -15.985
  -7.049 -16.105 -16.105
  -7.043 -15.529 -15.696
  -7.038 -15.505 -15.807
  -7.033 -16.022 -16.022
  -7.029 -15.838 -16.205
  -7.024 -16.107 -16.258
  -7.019 -15.595 -15.861
  -7.014 -16.064 -16.260
  -7.009 -15.402 -15.981
  -7.005 -16.305 -16.578
  -7.000 -16.118 -16.329
  -6.995 -15.547 -15.547
  -6.991 -15.814 -16.058
  -6.986 -15.843 -16.041
  -6.982 -15.961 -16.133
  -6.978 -15.514 -16.065
  -6.973 -14.891 -16.602
  -6.969 -15.816 -16.243
  -6.965 -15.581 -16.094
  -6.961 -15.345 -15.741
  -6.956 -16.230 -16.417
  -6.952 -14.417 -15.444
  -6.948 -15.761 -16.346
  -6.944 -16.048 -16.290
  -6.940 -15.978 -16.335
  -6.936 -16.204 -16.204
  -6.932 -16.060 -16.415
  -6.928 -15.867 -16.323
  -6.924 -15.939 -16.304
  -6.920 -15.892 -15.892
  -6.917 -15.655 -16.040
  -6.913 -16.161 -16.161
  -6.909 -16.492 -16.701
  -6.905 -16.340 -16.578
  -6.902 -15.727 -15.878
  -6.898 -15.816 -16.328
  -6.894 -16.016 -16.439
  -6.891 -15.981 -16.237
  -6.887 -16.184 -16.509
  -6.884 -16.532 -16.532
  -6.880 -16.363 -16.604
  -6.877 -16.818 -49.500
  -6.873 -15.582 -15.923
  -6.870 -15.056 -49.500
  -6.867 -16.054 -16.383
  -6.863 -15.503 -15.953
  -6.860 -16.010 -16.270
  -6.857 -17.080 -17.244
  -6.853 -16.230 -16.230
  -6.850 -16.256 -16.747
  -6.847 -15.888 -16.609
  -6.844 -16.617 -17.285
  -6.840 -17.059 -17.285
  -6.837 -15.556 -16.023
  -6.834 -16.279 -16.856
  -6.831 -16.927 -49.500
  -6.828 -16.105 -17.000
  -6.825 -15.393 -16.801
  -6.822 -15.493 -16.444
  -6.819 -15.565 -16.673
  -6.816 -15.675 -49.500
  -6.813 -15.967 -49.500
  -6.810 -15.588 -15.889
  -6.807 -15.137 -16.372
  -6.804 -15.801 -49.500
  -6.801 -16.319 -49.500
  -6.798 -16.541 -16.692
  -6.795 -16.439 -16.439
  -6.792 -16.180 -49.500
  -6.789 -16.207 -16.870
  -6.787 -16.160 -16.587
  -6.784 -17.175 -49.500
  -6.781 -16.787 -49.500
  -6.778 -16.441 -16.716
  -6.775 -15.648 -15.987
  -6.773 -49.500     NaN
  -6.770 -16.599 -49.500
  -6.767 -16.243 -16.938
  -6.765 -16.715 -16.930
  -6.762 -16.009 -16.470
  -6.759 -15.458 -16.104
  -6.757 -49.500     NaN
  -6.754 -14.683 -16.402
  -6.751 -16.684 -49.500
  -6.749 -16.487 -16.764
  -6.746 -16.851 -49.500
  -6.744 -17.303 -49.500
  -6.741 -16.216 -17.003
  -6.739 -16.518 -49.500
  -6.736 -16.063 -16.342
  -6.734 -49.500     NaN
  -6.731 -49.500 -49.500
  -6.729 -49.500 -49.500
  -6.726 -16.548 -16.736
  -6.724 -16.519 -49.500
  -6.721 -49.500     NaN
  -6.719 -14.739 -14.963
  -6.717 -49.500     NaN
  -6.714 -16.743 -49.500
  -6.712 -16.766 -49.500
  -6.709 -15.962 -49.500
  -6.707 -16.463 -49.500
  -6.705 -49.500     NaN
  -6.702 -16.524 -49.500
  -6.700 -16.276 -49.500
  -6.698 -49.500     NaN
  -6.696 -16.833 -49.500
  -6.693 -16.018 -49.500
  -6.691 -15.132 -15.845
  -6.689 -16.516 -49.500
  -6.687 -49.500     NaN
  -6.684 -16.031 -16.906
  -6.682 -49.500     NaN
  -6.680 -16.161 -49.500
  -6.678 -16.523 -49.500
  -6.675 -16.693 -49.500
  -6.673 -49.500 -49.500
  -6.671 -16.723 -49.500
  -6.669 -49.500     NaN
  -6.667 -49.500 -49.500
  -6.665 -49.500     NaN
  -6.663 -16.200 -16.200
  -6.661 -49.500 -49.500
  -6.658 -17.148 -49.500
  -6.656 -16.250 -49.500
  -6.654 -16.107 -16.744
  -6.652 -16.967 -49.500
  -6.650 -49.500     NaN
  -6.648 -49.500 -49.500
  -6.646 -49.500     NaN
  -6.644 -49.500     NaN
  -6.642 -16.644 -49.500
  -6.640 -49.500     NaN
  -6.638 -49.500 -49.500
  -6.636 -49.500     NaN
  -6.634 -49.500 -49.500
  -6.632 -17.135 -49.500
  -6.630 -49.500 -49.500
  -6.628 -49.500 -49.500
  -6.626 -49.500 -49.500
  -6.624 -15.391 -49.500
  -6.622 -15.475 -15.475
  -6.620 -49.500 -49.500
  -6.618 -49.500     NaN
  -6.617 -16.493 -49.500
  -6.615 -49.500 -49.500
  -6.613 -15.590 -15.590
  -6.611 -16.742 -49.500
  -6.609 -49.500 -49.500
  -6.607 -49.500 -49.500
  -6.605 -49.500     NaN
  -6.603 -49.500     NaN
  -6.602 -16.467 -16.626
  -6.600 -16.169 -49.500
  -6.598 -49.500 -49.500
  -6.596 -49.500     NaN
  -6.594 -16.282 -16.282
