  -8.861 -13.757 -13.757
  -8.599 -13.910 -13.910
  -8.442 -13.939 -13.939
  -8.329 -14.006 -14.006
  -8.239 -14.023 -14.023
  -8.166 -14.156 -14.156
  -8.103 -14.197 -14.197
  -8.048 -14.381 -14.381
  -7.999 -14.242 -14.242
  -7.955 -14.282 -14.282
  -7.916 -14.493 -14.493
  -7.879 -14.402 -14.402
  -7.846 -14.466 -14.466
  -7.815 -14.587 -14.587
  -7.786 -14.548 -14.714
  -7.758 -14.551 -14.551
  -7.733 -14.569 -14.569
  -7.709 -14.705 -14.705
  -7.686 -14.713 -14.713
  -7.664 -14.670 -14.670
  -7.643 -14.754 -14.754
  -7.624 -14.306 -14.726
  -7.605 -14.757 -14.757
  -7.586 -14.948 -14.948
  -7.569 -14.984 -14.984
  -7.552 -15.072 -15.072
  -7.536 -14.737 -14.737
  -7.521 -14.622 -14.915
  -7.506 -14.791 -14.942
  -7.491 -14.976 -14.976
  -7.477 -15.048 -15.048
  -7.464 -14.980 -14.980
  -7.451 -14.994 -14.994
  -7.438 -14.559 -14.718
  -7.425 -15.150 -15.150
  -7.413 -14.704 -14.931
  -7.401 -15.006 -15.006
  -7.390 -15.020 -15.211
  -7.379 -15.174 -15.174
  -7.368 -15.318 -15.318
  -7.357 -15.422 -15.422
  -7.347 -15.073 -15.073
  -7.337 -15.391 -15.660
  -7.327 -15.305 -15.305
  -7.317 -14.590 -14.891
  -7.308 -15.451 -15.451
  -7.299 -14.659 -14.918
  -7.290 -14.934 -15.182
  -7.281 -15.228 -15.228
  -7.272 -15.586 -15.586
  -7.264 -15.282 -15.282
  -7.255 -15.143 -15.554
  -7.247 -15.401 -15.602
  -7.239 -15.387 -15.387
  -7.231 -15.655 -15.655
  -7.223 -15.667 -15.667
  -7.216 -15.219 -15.607
  -7.208 -15.446 -15.446
  -7.201 -14.797 -15.240
  -7.194 -14.533 -15.503
  -7.187 -15.192 -15.574
  -7.180 -15.279 -15.759
  -7.173 -14.593 -15.682
  -7.166 -15.438 -15.438
  -7.159 -15.805 -15.805
  -7.153 -15.652 -15.919
  -7.146 -15.472 -15.661
  -7.140 -15.220 -15.629
  -7.133 -15.334 -15.504
  -7.127 -15.510 -15.510
  -7.121 -15.400 -15.937
  -7.115 -15.650 -15.987
  -7.109 -15.778 -16.009
  -7.103 -15.486 -15.638
  -7.098 -15.681 -15.681
  -7.092 -15.284 -15.961
  -7.086 -14.673 -15.356
  -7.081 -15.911 -15.911
  -7.075 -15.938 -15.938
  -7.070 -16.068 -16.302
  -7.064 -16.080 -16.080
  -7.059 -15.694 -15.694
  -7.054 -15.239 -15.968
  -7.049 -15.290 -15.847
  -7.043 -15.652 -15.652
  -7.038 -16.346 -16.346
  -7.033 -15.957 -15.957
  -7.029 -16.127 -16.127
  -7.024 -15.967 -16.218
  -7.019 -15.821 -16.145
  -7.014 -16.130 -16.130
  -7.009 -15.283 -15.853
  -7.005 -15.519 -16.188
  -7.000 -15.975 -15.975
  -6.995 -15.768 -15.950
  -6.991 -15.905 -15.905
  -6.986 -16.496 -16.686
  -6.982 -16.095 -16.297
  -6.978 -16.000 -16.163
  -6.973 -15.757 -15.757
  -6.969 -15.589 -15.927
  -6.965 -15.983 -16.340
  -6.961 -15.999 -15.999
  -6.956 -16.106 -16.474
  -6.952 -16.071 -16.482
  -6.948 -15.606 -15.606
  -6.944 -15.724 -16.095
  -6.940 -16.282 -16.282
  -6.936 -15.936 -16.108
  -6.932 -16.000 -16.492
  -6.928 -14.630 -16.449
  -6.924 -15.829 -16.206
  -6.920 -16.109 -16.655
  -6.917 -15.666 -16.322
  -6.913 -16.380 -16.380
  -6.909 -16.025 -16.025
  -6.905 -15.915 -16.172
  -6.902 -16.496 -16.994
  -6.898 -14.811 -15.225
  -6.894 -15.221 -16.624
  -6.891 -15.979 -16.520
  -6.887 -17.013 -22.432
  -6.884 -16.450 -16.651
  -6.880 -15.274 -16.620
  -6.877 -15.489 -15.746
  -6.873 -16.135 -16.329
  -6.870 -16.054 -16.054
  -6.867 -16.596 -16.794
  -6.863 -15.714 -15.880
  -6.860 -16.564 -16.825
  -6.857 -15.669 -16.269
  -6.853 -16.469 -16.694
  -6.850 -16.848 -49.500
  -6.847 -16.194 -16.753
  -6.844 -16.836 -49.500
  -6.840 -16.074 -16.245
  -6.837 -16.080 -16.080
  -6.834 -16.358 -16.602
  -6.831 -16.360 -16.360
  -6.828 -49.500     NaN
  -6.825 -15.406 -16.240
  -6.822 -16.192 -16.810
  -6.819 -15.721 -15.990
  -6.816 -16.390 -16.580
  -6.813 -15.626 -15.832
  -6.810 -49.500     NaN
  -6.807 -16.092 -16.092
  -6.804 -49.500     NaN
  -6.801 -16.487 -16.721
  -6.798 -15.809 -15.809
  -6.795 -17.203 -49.500
  -6.792 -16.461 -16.808
  -6.789 -16.095 -16.359
  -6.787 -16.234 -16.448
  -6.784 -16.084 -16.243
  -6.781 -15.414 -16.906
  -6.778 -15.242 -15.731
  -6.775 -16.606 -49.500
  -6.773 -17.277 -49.500
  -6.770 -16.689 -16.689
  -6.767 -15.244 -49.500
  -6.765 -49.500     NaN
  -6.762 -16.801 -49.500
  -6.759 -15.923 -16.227
  -6.757 -15.437 -16.073
  -6.754 -16.384 -16.569
  -6.751 -49.500 -49.500
  -6.749 -49.500     NaN
  -6.746 -15.833 -16.136
  -6.744 -49.500     NaN
  -6.741 -15.616 -16.775
  -6.739 -16.913 -49.500
  -6.736 -16.726 -16.899
  -6.734 -49.500 -49.500
  -6.731 -16.475 -49.500
  -6.729 -15.442 -49.500
  -6.726 -16.506 -16.506
  -6.724 -49.500     NaN
  -6.721 -17.017 -49.500
  -6.719 -49.500     NaN
  -6.717 -49.500     NaN
  -6.714 -49.500     NaN
  -6.712 -16.660 -16.881
  -6.709 -49.500 -49.500
  -6.707 -16.815 -49.500
  -6.705 -49.500     NaN
  -6.702 -49.500 -49.500
  -6.700 -49.500     NaN
  -6.698 -49.500 -49.500
  -6.696 -15.772 -16.116
  -6.693 -15.758 -49.500
  -6.691 -16.355 -49.500
  -6.689 -49.500     NaN
  -6.687 -49.500 -49.500
  -6.684 -15.965 -16.120
  -6.682 -49.500     NaN
  -6.680 -16.778 -16.778
  -6.678 -17.038 -49.500
  -6.675 -16.396 -49.500
  -6.673 -16.735 -49.500
  -6.671 -16.502 -49.500
  -6.669 -16.991 -49.500
  -6.667 -49.500 -49.500
  -6.665 -49.500     NaN
  -6.663 -16.181 -16.636
  -6.661 -49.500 -49.500
  -6.658 -49.500     NaN
  -6.656 -16.918 -49.500
  -6.654 -49.500     NaN
  -6.652 -49.500     NaN
  -6.650 -16.394 -16.625
  -6.648 -14.965 -49.500
  -6.646 -49.500 -49.500
  -6.644 -49.500     NaN
  -6.642 -49.500 -49.500
  -6.640 -49.500 -49.500
  -6.638 -15.927 -49.500
  -6.636 -15.740 -17.014
  -6.634 -16.373 -49.500
  -6.632 -49.500     NaN
  -6.630 -15.429 -16.605
  -6.628 -49.500     NaN
  -6.626 -14.888 -16.146
  -6.624 -49.500     NaN
  -6.622 -16.309 -49.500
  -6.620 -49.500 -49.500
  -6.618 -49.500     NaN
  -6.617 -49.500     NaN
  -6.615 -49.500 -49.500
  -6.613 -16.340 -17.169
  -6.611 -49.500 -49.500
  -6.609 -16.864 -49.500
  -6.607 -49.500 -49.500
  -6.605 -49.500 -49.500
  -6.603 -49.500 -49.500
  -6.602 -49.500 -49.500
  -6.600 -49.500 -49.500
  -6.598 -16.382 -16.382
  -6.596 -16.288 -49.500
  -6.594 -49.500 -49.500
