  -8.861 -13.767 -13.767
  -8.599 -13.852 -13.852
  -8.442 -14.016 -14.016
  -8.329 -14.002 -14.002
  -8.239 -14.139 -14.139
  -8.166 -14.105 -14.105
  -8.103 -14.297 -14.297
  -8.048 -14.233 -14.233
  -7.999 -14.291 -14.291
  -7.955 -14.194 -14.488
  -7.916 -14.215 -14.466
  -7.879 -14.362 -14.362
  -7.846 -14.429 -14.429
  -7.815 -14.462 -14.462
  -7.786 -14.062 -14.538
  -7.758 -14.247 -14.247
  -7.733 -14.593 -14.593
  -7.709 -14.388 -14.388
  -7.686 -14.627 -14.627
  -7.664 -14.534 -14.534
  -7.643 -14.712 -14.712
  -7.624 -14.654 -14.654
  -7.605 -14.940 -14.940
  -7.586 -14.878 -14.878
  -7.569 -14.774 -14.998
  -7.552 -14.938 -14.938
  -7.536 -14.627 -14.627
  -7.521 -14.892 -14.892
  -7.506 -14.812 -14.812
  -7.491 -14.924 -14.924
  -7.477 -14.750 -14.984
  -7.464 -15.217 -15.217
  -7.451 -14.557 -14.909
  -7.438 -14.928 -14.928
  -7.425 -15.142 -15.338
  -7.413 -14.893 -14.893
  -7.401 -15.155 -15.155
  -7.390 -15.073 -15.073
  -7.379 -15.146 -15.451
  -7.368 -15.126 -15.126
  -7.357 -14.816 -15.238
  -7.347 -14.325 -15.234
  -7.337 -14.849 -15.121
  -7.327 -15.451 -15.451
  -7.317 -15.402 -15.402
  -7.308 -14.581 -15.455
  -7.299 -15.255 -15.255
  -7.290 -15.374 -15.374
  -7.281 -15.343 -15.343
  -7.272 -14.961 -15.583
  -7.264 -15.318 -15.318
  -7.255 -15.402 -15.402
  -7.247 -15.357 -15.666
  -7.239 -14.952 -15.123
  -7.231 -15.461 -15.461
  -7.223 -15.769 -15.769
  -7.216 -14.582 -15.444
  -7.208 -15.706 -15.706
  -7.201 -15.783 -15.783
  -7.194 -15.074 -15.546
  -7.187 -15.514 -15.794
  -7.180 -15.451 -15.659
  -7.173 -15.504 -15.717
  -7.166 -14.861 -15.285
  -7.159 -15.161 -15.810
  -7.153 -15.736 -15.736
  -7.146 -15.730 -15.730
  -7.140 -15.418 -15.956
  -7.133 -15.494 -15.804
  -7.127 -15.656 -15.809
  -7.121 -15.544 -15.831
  -7.115 -15.789 -16.059
  -7.109 -14.215 -14.803
  -7.103 -15.645 -15.924
  -7.098 -15.852 -15.852
  -7.092 -15.284 -15.940
  -7.086 -15.637 -16.059
  -7.081 -15.161 -15.794
  -7.075 -15.116 -15.707
  -7.070 -15.672 -15.877
  -7.064 -15.820 -16.096
  -7.059 -15.208 -15.556
  -7.054 -15.549 -16.181
  -7.049 -16.176 -16.176
  -7.043 -16.026 -16.026
  -7.038 -16.156 -16.156
  -7.033 -15.699 -15.923
  -7.029 -15.514 -16.190
  -7.024 -15.914 -15.914
  -7.019 -16.233 -16.233
  -7.014 -15.876 -15.876
  -7.009 -16.046 -16.278
  -7.005 -14.970 -15.244
  -7.000 -15.175 -16.048
  -6.995 -16.126 -16.126
  -6.991 -15.730 -16.257
  -6.986 -15.892 -16.470
  -6.982 -16.330 -16.330
  -6.978 -16.009 -16.373
  -6.973 -15.652 -15.935
  -6.969 -15.753 -16.199
  -6.965 -15.784 -16.014
  -6.961 -15.691 -15.910
  -6.956 -16.667 -16.667
  -6.952 -15.179 -16.071
  -6.948 -16.337 -16.709
  -6.944 -16.376 -16.376
  -6.940 -16.473 -16.473
  -6.936 -16.333 -16.605
  -6.932 -15.566 -16.005
  -6.928 -16.058 -16.495
  -6.924 -15.691 -15.903
  -6.920 -15.049 -16.101
  -6.917 -16.137 -16.534
  -6.913 -16.175 -16.359
  -6.909 -16.004 -16.637
  -6.905 -16.381 -16.609
  -6.902 -16.065 -16.065
  -6.898 -16.417 -16.621
  -6.894 -15.982 -16.162
  -6.891 -16.254 -16.663
  -6.887 -15.820 -16.233
  -6.884 -15.883 -16.050
  -6.880 -15.193 -15.926
  -6.877 -16.535 -16.759
  -6.873 -16.293 -16.552
  -6.870 -16.918 -49.500
  -6.867 -16.580 -49.500
  -6.863 -16.237 -16.237
  -6.860 -16.202 -16.536
  -6.857 -16.209 -16.415
  -6.853 -16.047 -16.246
  -6.850 -15.380 -15.930
  -6.847 -16.179 -16.576
  -6.844 -14.882 -16.159
  -6.840 -49.500     NaN
  -6.837 -16.806 -16.806
  -6.834 -16.184 -16.873
  -6.831 -15.588 -17.124
  -6.828 -15.836 -16.113
  -6.825 -16.191 -16.818
  -6.822 -15.644 -16.209
  -6.819 -16.364 -49.500
  -6.816 -16.069 -49.500
  -6.813 -16.561 -49.500
  -6.810 -15.984 -16.389
  -6.807 -16.151 -16.733
  -6.804 -16.053 -16.263
  -6.801 -16.344 -16.581
  -6.798 -16.225 -16.944
  -6.795 -49.500     NaN
  -6.792 -15.734 -16.469
  -6.789 -15.562 -15.857
  -6.787 -49.500     NaN
  -6.784 -16.696 -17.077
  -6.781 -16.926 -49.500
  -6.778 -16.752 -17.107
  -6.775 -16.247 -16.247
  -6.773 -15.730 -16.698
  -6.770 -16.192 -16.905
  -6.767 -16.658 -49.500
  -6.765 -17.165 -49.500
  -6.762 -49.500     NaN
  -6.759 -16.245 -49.500
  -6.757 -16.729 -49.500
  -6.754 -49.500     NaN
  -6.751 -16.494 -16.826
  -6.749 -49.500     NaN
  -6.746 -15.531 -16.274
  -6.744 -16.311 -16.520
  -6.741 -49.500     NaN
  -6.739 -16.205 -16.384
  -6.736 -15.577 -49.500
  -6.734 -49.500     NaN
  -6.731 -49.500     NaN
  -6.729 -17.023 -17.023
  -6.726 -16.266 -16.763
  -6.724 -16.861 -49.500
  -6.721 -16.116 -16.116
  -6.719 -49.500 -49.500
  -6.717 -49.500     NaN
  -6.714 -15.860 -49.500
  -6.712 -16.862 -49.500
  -6.709 -16.179 -49.500
  -6.707 -49.500 -49.500
  -6.705 -16.719 -16.944
  -6.702 -15.890 -15.890
  -6.700 -16.868 -49.500
  -6.698 -49.500     NaN
  -6.696 -16.443 -49.500
  -6.693 -16.454 -17.005
  -6.691 -49.500     NaN
  -6.689 -49.500     NaN
  -6.687 -15.959 -16.767
  -6.684 -49.500     NaN
  -6.682 -16.774 -17.172
  -6.680 -16.817 -49.500
  -6.678 -49.500     NaN
  -6.675 -16.533 -49.500
  -6.673 -49.500 -49.500
  -6.671 -16.410 -16.767
  -6.669 -16.377 -49.500
  -6.667 -49.500 -49.500
  -6.665 -49.500 -49.500
  -6.663 -49.500     NaN
  -6.661 -16.306 -49.500
  -6.658 -16.202 -16.461
  -6.656 -16.493 -49.500
  -6.654 -49.500     NaN
  -6.652 -17.178 -49.500
  -6.650 -49.500 -49.500
  -6.648 -49.500     NaN
  -6.646 -16.631 -49.500
  -6.644 -16.566 -49.500
  -6.642 -49.500     NaN
  -6.640 -49.500 -49.500
  -6.638 -49.500     NaN
  -6.636 -16.660 -49.500
  -6.634 -49.500 -49.500
  -6.632 -49.500     NaN
  -6.630 -49.500 -49.500
  -6.628 -15.462 -16.888
  -6.626 -16.376 -16.376
  -6.624 -49.500 -49.500
  -6.622 -16.259 -49.500
  -6.620 -16.214 -49.500
  -6.618 -16.537 -49.500
  -6.617 -49.500 -49.500
  -6.615 -49.500 -49.500
  -6.613 -49.500     NaN
  -6.611 -49.500 -49.500
  -6.609 -16.226 -49.500
  -6.607 -49.500 -49.500
  -6.605 -16.708 -49.500
  -6.603 -15.698 -49.500
  -6.602 -49.500     NaN
  -6.600 -49.500     NaN
  -6.598 -49.500 -49.500
  -6.596 -15.316 -15.316
  -6.594 -49.500     NaN
