  -8.861 -13.743 -13.743
  -8.599 -13.870 -13.870
  -8.442 -13.999 -13.999
  -8.329 -14.048 -14.048
  -8.239 -13.975 -13.975
  -8.166 -14.217 -14.217
  -8.103 -14.105 -14.105
  -8.048 -14.296 -14.296
  -7.999 -14.301 -14.301
  -7.955 -14.199 -14.199
  -7.916 -14.310 -14.310
  -7.879 -14.520 -14.520
  -7.846 -14.613 -14.613
  -7.815 -14.523 -14.523
  -7.786 -14.636 -14.636
  -7.758 -14.565 -14.565
  -7.733 -14.442 -14.608
  -7.709 -14.164 -14.619
  -7.686 -14.519 -14.519
  -7.664 -14.653 -14.653
  -7.643 -14.776 -14.776
  -7.624 -14.523 -14.523
  -7.605 -14.582 -14.803
  -7.586 -14.843 -14.843
  -7.569 -14.387 -14.793
  -7.552 -14.715 -14.930
  -7.536 -14.516 -14.516
  -7.521 -14.827 -14.827
  -7.506 -15.055 -15.055
  -7.491 -14.665 -15.075
  -7.477 -15.025 -15.025
  -7.464 -15.081 -15.241
  -7.451 -14.991 -15.268
  -7.438 -14.272 -14.605
  -7.425 -14.926 -15.079
  -7.413 -15.456 -15.456
  -7.401 -15.305 -15.305
  -7.390 -14.953 -15.163
  -7.379 -14.976 -14.976
  -7.368 -15.257 -15.439
  -7.357 -15.451 -15.451
  -7.347 -15.197 -15.197
  -7.337 -15.368 -15.368
  -7.327 -14.893 -14.893
  -7.317 -15.261 -15.538
  -7.308 -14.754 -15.548
  -7.299 -15.177 -15.177
  -7.290 -14.993 -14.993
  -7.281 -15.403 -15.403
  -7.272 -15.603 -15.603
  -7.264 -15.299 -15.299
  -7.255 -15.448 -15.670
  -7.247 -15.270 -15.729
  -7.239 -15.564 -15.564
  -7.231 -15.570 -15.570
  -7.223 -15.007 -15.587
  -7.216 -15.208 -15.539
  -7.208 -15.714 -15.714
  -7.201 -15.030 -15.608
  -7.194 -15.291 -15.583
  -7.187 -15.494 -15.494
  -7.180 -15.297 -15.707
  -7.173 -15.681 -15.858
  -7.166 -15.227 -15.227
  -7.159 -15.028 -15.429
  -7.153 -15.783 -15.954
  -7.146 -15.752 -15.752
  -7.140 -14.797 -15.585
  -7.133 -15.849 -15.849
  -7.127 -15.894 -16.077
  -7.121 -15.683 -15.683
  -7.115 -14.180 -15.558
  -7.109 -14.817 -15.775
  -7.103 -16.019 -16.019
  -7.098 -15.088 -16.045
  -7.092 -15.305 -15.596
  -7.086 -15.364 -15.752
  -7.081 -15.570 -15.760
  -7.075 -15.579 -15.950
  -7.070 -15.741 -16.070
  -7.064 -16.024 -16.024
  -7.059 -15.704 -15.704
  -7.054 -14.879 -15.529
  -7.049 -15.442 -15.657
  -7.043 -16.024 -16.024
  -7.038 -15.895 -15.895
  -7.033 -15.587 -15.929
  -7.029 -15.849 -16.186
  -7.024 -15.521 -16.254
  -7.019 -15.594 -15.594
  -7.014 -14.993 -15.606
  -7.009 -15.965 -15.965
  -7.005 -15.562 -15.793
  -7.000 -16.148 -16.361
  -6.995 -15.993 -16.377
  -6.991 -14.806 -16.047
  -6.986 -15.679 -15.985
  -6.982 -15.401 -15.875
  -6.978 -15.679 -16.295
  -6.973 -15.515 -15.986
  -6.969 -16.429 -16.429
  -6.965 -15.959 -16.478
  -6.961 -15.557 -16.142
  -6.956 -16.431 -16.431
  -6.952 -15.680 -16.294
  -6.948 -15.936 -16.278
  -6.944 -16.224 -16.442
  -6.940 -15.950 -16.266
  -6.936 -15.825 -16.195
  -6.932 -16.709 -16.709
  -6.928 -16.149 -16.422
  -6.924 -15.646 -16.055
  -6.920 -15.828 -15.828
  -6.917 -16.840 -49.500
  -6.913 -16.241 -16.478
  -6.909 -15.770 -16.028
  -6.905 -16.244 -16.244
  -6.902 -16.205 -16.205
  -6.898 -15.947 -16.464
  -6.894 -16.055 -16.329
  -6.891 -15.620 -16.382
  -6.887 -16.090 -16.616
  -6.884 -16.884 -17.067
  -6.880 -16.599 -16.599
  -6.877 -16.995 -17.186
  -6.873 -15.792 -16.838
  -6.870 -15.786 -16.031
  -6.867 -15.817 -16.005
  -6.863 -16.071 -16.390
  -6.860 -16.431 -16.659
  -6.857 -15.127 -15.686
  -6.853 -16.492 -16.935
  -6.850 -15.638 -15.818
  -6.847 -15.586 -16.000
  -6.844 -16.122 -16.442
  -6.840 -15.819 -16.322
  -6.837 -14.635 -16.250
  -6.834 -16.518 -16.518
  -6.831 -15.319 -15.874
  -6.828 -15.892 -17.181
  -6.825 -16.249 -16.541
  -6.822 -16.657 -16.878
  -6.819 -16.216 -16.498
  -6.816 -16.253 -16.570
  -6.813 -16.346 -16.661
  -6.810 -16.214 -16.607
  -6.807 -16.564 -16.740
  -6.804 -49.500     NaN
  -6.801 -16.448 -16.722
  -6.798 -15.091 -16.512
  -6.795 -49.500     NaN
  -6.792 -16.929 -49.500
  -6.789 -15.154 -16.371
  -6.787 -16.164 -16.559
  -6.784 -16.087 -16.392
  -6.781 -49.500 -49.500
  -6.778 -16.234 -16.234
  -6.775 -16.704 -49.500
  -6.773 -16.892 -49.500
  -6.770 -49.500     NaN
  -6.767 -49.500     NaN
  -6.765 -16.495 -17.123
  -6.762 -16.373 -16.604
  -6.759 -17.018 -49.500
  -6.757 -16.245 -16.458
  -6.754 -49.500     NaN
  -6.751 -15.768 -16.733
  -6.749 -16.623 -49.500
  -6.746 -49.500     NaN
  -6.744 -16.278 -16.278
  -6.741 -16.136 -16.718
  -6.739 -16.112 -49.500
  -6.736 -49.500     NaN
  -6.734 -49.500     NaN
  -6.731 -15.847 -16.954
  -6.729 -16.044 -49.500
  -6.726 -16.622 -49.500
  -6.724 -16.557 -49.500
  -6.721 -16.904 -17.063
  -6.719 -49.500     NaN
  -6.717 -49.500     NaN
  -6.714 -16.875 -49.500
  -6.712 -15.718 -16.396
  -6.709 -16.561 -49.500
  -6.707 -49.500 -49.500
  -6.705 -16.546 -49.500
  -6.702 -49.500     NaN
  -6.700 -16.418 -16.580
  -6.698 -49.500 -49.500
  -6.696 -49.500 -49.500
  -6.693 -14.406 -16.720
  -6.691 -16.148 -49.500
  -6.689 -16.522 -16.694
  -6.687 -49.500     NaN
  -6.684 -15.548 -49.500
  -6.682 -16.091 -16.091
  -6.680 -15.690 -49.500
  -6.678 -16.990 -49.500
  -6.675 -16.591 -49.500
  -6.673 -17.003 -49.500
  -6.671 -15.346 -16.160
  -6.669 -15.526 -49.500
  -6.667 -16.109 -16.500
  -6.665 -16.725 -49.500
  -6.663 -15.704 -16.813
  -6.661 -49.500 -49.500
  -6.658 -16.700 -49.500
  -6.656 -49.500 -49.500
  -6.654 -49.500     NaN
  -6.652 -49.500 -49.500
  -6.650 -49.500     NaN
  -6.648 -15.692 -16.204
  -6.646 -49.500     NaN
  -6.644 -49.500 -49.500
  -6.642 -49.500 -49.500
  -6.640 -49.500 -49.500
  -6.638 -49.500 -49.500
  -6.636 -49.500     NaN
  -6.634 -49.500     NaN
  -6.632 -49.500     NaN
  -6.630 -49.500     NaN
  -6.628 -49.500 -49.500
  -6.626 -49.500 -49.500
  -6.624 -49.500 -49.500
  -6.622 -49.500 -49.500
  -6.620 -49.500 -49.500
  -6.618 -49.500     NaN
  -6.617 -49.500 -49.500
  -6.615 -49.500 -49.500
  -6.613 -16.500 -16.942
  -6.611 -49.500     NaN
  -6.609 -49.500     NaN
  -6.607 -49.500 -49.500
  -6.605 -15.927 -15.927
  -6.603 -49.500 -49.500
  -6.602 -49.500     NaN
  -6.600 -16.920 -16.920
  -6.598 -16.506 -49.500
  -6.596 -49.500 -49.500
  -6.594 -16.595 -49.500
