  -8.861 -13.718 -13.718
  -8.599 -13.799 -13.799
  -8.442 -13.997 -13.997
  -8.329 -13.791 -14.002
  -8.239 -14.090 -14.090
  -8.166 -14.134 -14.134
  -8.103 -14.193 -14.193
  -8.048 -14.247 -14.247
  -7.999 -14.207 -14.207
  -7.955 -14.422 -14.422
  -7.916 -14.445 -14.445
  -7.879 -14.239 -14.239
  -7.846 -14.504 -14.504
  -7.815 -14.548 -14.548
  -7.786 -14.719 -14.719
  -7.758 -14.714 -14.714
  -7.733 -14.693 -14.693
  -7.709 -14.659 -14.659
  -7.686 -14.222 -14.663
  -7.664 -14.605 -14.605
  -7.643 -14.678 -14.678
  -7.624 -14.772 -14.939
  -7.605 -14.833 -14.833
  -7.586 -14.739 -14.739
  -7.569 -14.722 -14.722
  -7.552 -14.962 -14.962
  -7.536 -14.893 -15.050
  -7.521 -14.816 -14.988
  -7.506 -14.294 -14.729
  -7.491 -14.571 -14.797
  -7.477 -14.848 -14.848
  -7.464 -15.063 -15.337
  -7.451 -14.909 -14.909
  -7.438 -14.987 -15.165
  -7.425 -14.834 -15.024
  -7.413 -14.473 -14.473
  -7.401 -14.175 -15.137
  -7.390 -14.900 -15.421
  -7.379 -15.285 -15.285
  -7.368 -15.348 -15.348
  -7.357 -14.932 -14.932
  -7.347 -14.749 -15.377
  -7.337 -15.243 -15.243
  -7.327 -15.267 -15.523
  -7.317 -14.863 -15.024
  -7.308 -14.788 -15.262
  -7.299 -15.263 -15.263
  -7.290 -15.245 -15.523
  -7.281 -14.966 -15.661
  -7.272 -14.848 -15.182
  -7.264 -15.692 -15.692
  -7.255 -15.298 -15.298
  -7.247 -14.812 -15.675
  -7.239 -15.202 -15.380
  -7.231 -15.788 -15.788
  -7.223 -15.198 -15.493
  -7.216 -15.247 -15.546
  -7.208 -15.259 -15.530
  -7.201 -15.169 -15.169
  -7.194 -15.047 -15.359
  -7.187 -14.356 -15.459
  -7.180 -15.634 -15.634
  -7.173 -16.165 -16.165
  -7.166 -15.429 -15.429
  -7.159 -15.561 -15.713
  -7.153 -15.302 -15.460
  -7.146 -15.912 -16.178
  -7.140 -15.725 -16.113
  -7.133 -13.686 -15.854
  -7.127 -15.526 -15.776
  -7.121 -15.678 -15.678
  -7.115 -15.522 -15.991
  -7.109 -15.438 -15.750
  -7.103 -14.909 -15.072
  -7.098 -15.443 -15.835
  -7.092 -15.956 -16.372
  -7.086 -15.348 -15.520
  -7.081 -16.069 -16.069
  -7.075 -15.175 -15.789
  -7.070 -15.509 -15.664
  -7.064 -15.055 -15.528
  -7.059 -15.089 -15.694
  -7.054 -15.099 -15.606
  -7.049 -15.520 -15.781
  -7.043 -15.629 -15.802
  -7.038 -15.710 -15.710
  -7.033 -15.628 -16.333
  -7.029 -15.412 -16.043
  -7.024 -15.898 -15.898
  -7.019 -15.847 -16.282
  -7.014 -15.551 -15.551
  -7.009 -16.245 -16.618
  -7.005 -14.931 -16.284
  -7.000 -14.783 -16.107
  -6.995 -15.186 -16.304
  -6.991 -16.253 -16.253
  -6.986 -16.089 -16.089
  -6.982 -16.009 -16.234
  -6.978 -14.848 -16.374
  -6.973 -15.524 -16.703
  -6.969 -14.973 -16.386
  -6.965 -14.659 -15.684
  -6.961 -16.205 -16.205
  -6.956 -16.116 -16.116
  -6.952 -15.869 -16.239
  -6.948 -15.985 -16.168
  -6.944 -15.601 -15.601
  -6.940 -15.573 -15.881
  -6.936 -15.872 -16.401
  -6.932 -15.715 -16.024
  -6.928 -15.392 -15.665
  -6.924 -16.117 -16.439
  -6.920 -16.301 -16.301
  -6.917 -16.314 -16.314
  -6.913 -16.024 -16.318
  -6.909 -15.480 -15.655
  -6.905 -16.044 -16.044
  -6.902 -15.775 -16.663
  -6.898 -16.233 -16.466
  -6.894 -14.218 -15.539
  -6.891 -15.573 -17.077
  -6.887 -16.097 -16.259
  -6.884 -15.825 -16.152
  -6.880 -49.500     NaN
  -6.877 -15.858 -16.040
  -6.873 -15.657 -16.490
  -6.870 -16.288 -16.442
  -6.867 -15.705 -16.082
  -6.863 -16.675 -17.537
  -6.860 -16.337 -16.674
  -6.857 -15.937 -16.778
  -6.853 -16.310 -16.497
  -6.850 -16.184 -16.336
  -6.847 -16.097 -16.383
  -6.844 -16.606 -16.900
  -6.840 -15.975 -16.138
  -6.837 -16.688 -16.946
  -6.834 -15.853 -16.447
  -6.831 -15.629 -16.412
  -6.828 -15.459 -16.032
  -6.825 -16.155 -16.861
  -6.822 -16.564 -16.564
  -6.819 -16.389 -16.574
  -6.816 -16.417 -16.922
  -6.813 -15.480 -16.910
  -6.810 -15.892 -16.360
  -6.807 -16.111 -16.277
  -6.804 -16.715 -49.500
  -6.801 -16.142 -16.620
  -6.798 -49.500     NaN
  -6.795 -17.106 -49.500
  -6.792 -15.587 -16.932
  -6.789 -16.269 -16.923
  -6.787 -15.764 -16.439
  -6.784 -16.345 -49.500
  -6.781 -49.500     NaN
  -6.778 -49.500     NaN
  -6.775 -49.500     NaN
  -6.773 -17.009 -49.500
  -6.770 -15.813 -16.504
  -6.767 -16.324 -16.493
  -6.765 -49.500     NaN
  -6.762 -16.066 -16.066
  -6.759 -16.455 -16.755
  -6.757 -16.178 -49.500
  -6.754 -49.500     NaN
  -6.751 -16.311 -16.611
  -6.749 -49.500     NaN
  -6.746 -15.351 -49.500
  -6.744 -15.622 -15.873
  -6.741 -16.180 -16.650
  -6.739 -16.259 -16.440
  -6.736 -49.500     NaN
  -6.734 -16.613 -17.169
  -6.731 -49.500     NaN
  -6.729 -49.500     NaN
  -6.726 -15.944 -16.578
  -6.724 -49.500     NaN
  -6.721 -49.500     NaN
  -6.719 -49.500     NaN
  -6.717 -16.463 -16.463
  -6.714 -15.772 -16.232
  -6.712 -49.500 -49.500
  -6.709 -16.408 -16.408
  -6.707 -15.156 -16.097
  -6.705 -49.500     NaN
  -6.702 -49.500 -49.500
  -6.700 -49.500     NaN
  -6.698 -16.573 -49.500
  -6.696 -49.500     NaN
  -6.693 -16.664 -49.500
  -6.691 -49.500     NaN
  -6.689 -49.500     NaN
  -6.687 -16.332 -16.332
  -6.684 -16.107 -16.259
  -6.682 -49.500     NaN
  -6.680 -49.500     NaN
  -6.678 -49.500     NaN
  -6.675 -16.598 -16.598
  -6.673 -49.500 -49.500
  -6.671 -16.103 -17.260
  -6.669 -14.591 -49.500
  -6.667 -16.336 -16.336
  -6.665 -16.500 -16.935
  -6.663 -16.182 -49.500
  -6.661 -49.500     NaN
  -6.658 -49.500     NaN
  -6.656 -16.382 -49.500
  -6.654 -49.500 -49.500
  -6.652 -17.206 -49.500
  -6.650 -15.986 -15.986
  -6.648 -49.500 -49.500
  -6.646 -16.229 -49.500
  -6.644 -16.326 -49.500
  -6.642 -49.500     NaN
  -6.640 -49.500 -49.500
  -6.638 -49.500 -49.500
  -6.636 -16.183 -16.183
  -6.634 -16.213 -16.213
  -6.632 -16.166 -49.500
  -6.630 -16.585 -49.500
  -6.628 -16.058 -16.757
  -6.626 -49.500     NaN
  -6.624 -49.500 -49.500
  -6.622 -16.222 -49.500
  -6.620 -17.010 -17.010
  -6.618 -16.472 -49.500
  -6.617 -16.192 -49.500
  -6.615 -17.038 -49.500
  -6.613 -49.500 -49.500
  -6.611 -49.500     NaN
  -6.609 -49.500     NaN
  -6.607 -49.500 -49.500
  -6.605 -49.500 -49.500
  -6.603 -16.724 -49.500
  -6.602 -49.500 -49.500
  -6.600 -49.500     NaN
  -6.598 -49.500 -49.500
  -6.596 -49.500 -49.500
  -6.594 -15.848 -16.158
