  -8.861 -13.747 -13.747
  -8.599 -13.886 -13.886
  -8.442 -13.976 -13.976
  -8.329 -13.992 -13.992
  -8.239 -14.163 -14.163
  -8.166 -14.141 -14.141
  -8.103 -14.165 -14.165
  -8.048 -14.318 -14.318
  -7.999 -14.268 -14.268
  -7.955 -14.277 -14.277
  -7.916 -14.481 -14.481
  -7.879 -14.215 -14.428
  -7.846 -14.435 -14.642
  -7.815 -14.515 -14.515
  -7.786 -14.373 -14.373
  -7.758 -13.650 -14.696
  -7.733 -14.578 -14.578
  -7.709 -14.580 -14.580
  -7.686 -14.686 -14.686
  -7.664 -14.763 -14.763
  -7.643 -14.879 -14.879
  -7.624 -14.432 -14.960
  -7.605 -14.943 -14.943
  -7.586 -14.691 -14.849
  -7.569 -14.958 -14.958
  -7.552 -14.635 -14.635
  -7.536 -14.510 -14.748
  -7.521 -14.731 -14.958
  -7.506 -14.202 -14.801
  -7.491 -15.018 -15.018
  -7.477 -14.942 -14.942
  -7.464 -15.128 -15.128
  -7.451 -14.943 -14.943
  -7.438 -14.902 -15.066
  -7.425 -14.101 -15.237
  -7.413 -15.268 -15.268
  -7.401 -14.989 -14.989
  -7.390 -15.119 -15.119
  -7.379 -15.046 -15.046
  -7.368 -15.172 -15.346
  -7.357 -14.629 -15.068
  -7.347 -15.435 -15.435
  -7.337 -15.424 -15.424
  -7.327 -15.459 -15.659
  -7.317 -15.219 -15.219
  -7.308 -15.326 -15.511
  -7.299 -15.209 -15.398
  -7.290 -14.994 -15.215
  -7.281 -15.348 -15.348
  -7.272 -15.037 -15.235
  -7.264 -15.682 -15.682
  -7.255 -15.626 -15.626
  -7.247 -15.364 -15.602
  -7.239 -15.162 -15.618
  -7.231 -14.223 -14.425
  -7.223 -15.255 -15.542
  -7.216 -15.427 -15.427
  -7.208 -15.179 -15.654
  -7.201 -15.093 -15.350
  -7.194 -15.593 -15.593
  -7.187 -15.253 -15.507
  -7.180 -15.197 -15.471
  -7.173 -15.785 -15.958
  -7.166 -15.228 -15.498
  -7.159 -15.886 -15.886
  -7.153 -15.414 -15.931
  -7.146 -15.439 -15.603
  -7.140 -15.666 -15.874
  -7.133 -15.699 -15.853
  -7.127 -15.136 -15.709
  -7.121 -15.239 -15.831
  -7.115 -15.675 -15.675
  -7.109 -15.792 -15.792
  -7.103 -14.824 -15.650
  -7.098 -15.654 -15.985
  -7.092 -15.596 -15.596
  -7.086 -15.693 -15.693
  -7.081 -15.433 -16.073
  -7.075 -15.648 -15.819
  -7.070 -15.975 -16.144
  -7.064 -15.764 -15.934
  -7.059 -15.891 -15.891
  -7.054 -15.633 -15.633
  -7.049 -15.719 -15.719
  -7.043 -16.267 -16.267
  -7.038 -15.744 -16.178
  -7.033 -15.403 -15.853
  -7.029 -16.140 -16.140
  -7.024 -15.294 -15.807
  -7.019 -15.726 -15.726
  -7.014 -15.923 -16.303
  -7.009 -15.937 -15.937
  -7.005 -15.410 -15.752
  -7.000 -15.672 -15.957
  -6.995 -16.385 -16.570
  -6.991 -15.222 -16.044
  -6.986 -15.744 -15.926
  -6.982 -15.898 -16.275
  -6.978 -15.969 -15.969
  -6.973 -15.289 -15.708
  -6.969 -15.178 -16.095
  -6.965 -16.385 -16.385
  -6.961 -15.785 -15.785
  -6.956 -16.316 -16.316
  -6.952 -15.795 -16.087
  -6.948 -16.019 -16.263
  -6.944 -15.948 -16.159
  -6.940 -16.010 -16.451
  -6.936 -15.901 -16.252
  -6.932 -15.508 -16.374
  -6.928 -15.574 -16.361
  -6.924 -16.088 -16.088
  -6.920 -16.465 -16.683
  -6.917 -15.904 -16.482
  -6.913 -16.883 -17.038
  -6.909 -15.784 -16.707
  -6.905 -16.765 -16.765
  -6.902 -15.901 -16.477
  -6.898 -16.340 -16.684
  -6.894 -14.760 -16.748
  -6.891 -16.111 -16.278
  -6.887 -16.231 -16.640
  -6.884 -16.280 -16.624
  -6.880 -14.953 -16.193
  -6.877 -16.703 -16.925
  -6.873 -15.754 -16.257
  -6.870 -15.868 -16.743
  -6.867 -16.734 -16.734
  -6.863 -16.133 -16.321
  -6.860 -16.426 -16.877
  -6.857 -15.747 -16.024
  -6.853 -17.002 -49.500
  -6.850 -16.267 -16.749
  -6.847 -15.558 -16.606
  -6.844 -16.967 -49.500
  -6.840 -15.992 -16.364
  -6.837 -15.982 -17.481
  -6.834 -15.402 -15.682
  -6.831 -16.730 -17.455
  -6.828 -16.739 -16.897
  -6.825 -16.691 -16.906
  -6.822 -15.866 -16.313
  -6.819 -16.275 -16.513
  -6.816 -49.500     NaN
  -6.813 -49.500     NaN
  -6.810 -15.132 -15.846
  -6.807 -16.199 -49.500
  -6.804 -16.440 -49.500
  -6.801 -15.614 -49.500
  -6.798 -16.397 -16.657
  -6.795 -16.436 -16.436
  -6.792 -15.278 -16.519
  -6.789 -15.990 -49.500
  -6.787 -15.621 -17.035
  -6.784 -16.710 -49.500
  -6.781 -49.500     NaN
  -6.778 -16.602 -49.500
  -6.775 -16.403 -49.500
  -6.773 -15.848 -16.431
  -6.770 -14.636 -16.757
  -6.767 -15.691 -16.133
  -6.765 -15.735 -16.621
  -6.762 -16.713 -49.500
  -6.759 -15.611 -16.111
  -6.757 -49.500     NaN
  -6.754 -16.615 -17.063
  -6.751 -16.636 -49.500
  -6.749 -16.443 -16.770
  -6.746 -17.152 -17.152
  -6.744 -16.531 -16.800
  -6.741 -16.257 -16.474
  -6.739 -15.689 -49.500
  -6.736 -49.500     NaN
  -6.734 -16.620 -17.030
  -6.731 -16.515 -49.500
  -6.729 -16.142 -16.338
  -6.726 -16.887 -49.500
  -6.724 -16.353 -16.557
  -6.721 -49.500     NaN
  -6.719 -16.492 -16.492
  -6.717 -16.575 -49.500
  -6.714 -15.373 -16.754
  -6.712 -16.181 -16.333
  -6.709 -16.578 -49.500
  -6.707 -49.500 -49.500
  -6.705 -16.279 -49.500
  -6.702 -49.500 -49.500
  -6.700 -49.500 -49.500
  -6.698 -49.500 -49.500
  -6.696 -49.500 -49.500
  -6.693 -49.500     NaN
  -6.691 -49.500     NaN
  -6.689 -16.090 -49.500
  -6.687 -49.500     NaN
  -6.684 -49.500 -49.500
  -6.682 -49.500 -49.500
  -6.680 -49.500 -49.500
  -6.678 -49.500     NaN
  -6.675 -49.500 -49.500
  -6.673 -15.934 -16.516
  -6.671 -16.500 -49.500
  -6.669 -15.277 -16.881
  -6.667 -49.500 -49.500
  -6.665 -16.367 -49.500
  -6.663 -49.500     NaN
  -6.661 -49.500     NaN
  -6.658 -49.500 -49.500
  -6.656 -49.500 -49.500
  -6.654 -16.877 -49.500
  -6.652 -49.500     NaN
  -6.650 -49.500 -49.500
  -6.648 -49.500     NaN
  -6.646 -49.500 -49.500
  -6.644 -16.041 -16.041
  -6.642 -16.216 -16.216
  -6.640 -16.126 -49.500
  -6.638 -49.500 -49.500
  -6.636 -16.000 -49.500
  -6.634 -49.500 -49.500
  -6.632 -16.768 -49.500
  -6.630 -16.488 -49.500
  -6.628 -16.366 -49.500
  -6.626 -49.500     NaN
  -6.624 -49.500 -49.500
  -6.622 -49.500 -49.500
  -6.620 -49.500 -49.500
  -6.618 -16.255 -16.255
  -6.617 -49.500 -49.500
  -6.615 -49.500 -49.500
  -6.613 -16.724 -16.724
  -6.611 -16.002 -16.002
  -6.609 -16.284 -49.500
  -6.607 -16.625 -49.500
  -6.605 -16.662 -49.500
  -6.603 -49.500 -49.500
  -6.602 -49.500 -49.500
  -6.600 -49.500     NaN
  -6.598 -49.500     NaN
  -6.596 -49.500     NaN
  -6.594 -49.500 -49.500
