  -8.861 -13.762 -13.762
  -8.599 -13.826 -13.826
  -8.442 -13.886 -13.886
  -8.329 -13.921 -13.921
  -8.239 -14.108 -14.108
  -8.166 -14.314 -14.314
  -8.103 -14.213 -14.213
  -8.048 -14.348 -14.348
  -7.999 -14.309 -14.309
  -7.955 -14.267 -14.267
  -7.916 -14.423 -14.423
  -7.879 -14.483 -14.483
  -7.846 -14.329 -14.329
  -7.815 -14.409 -14.409
  -7.786 -14.430 -14.430
  -7.758 -14.434 -14.434
  -7.733 -14.715 -14.715
  -7.709 -14.624 -14.624
  -7.686 -14.821 -14.821
  -7.664 -14.669 -14.669
  -7.643 -14.591 -14.864
  -7.624 -14.812 -14.812
  -7.605 -13.943 -14.133
  -7.586 -14.548 -14.721
  -7.569 -14.709 -14.886
  -7.552 -14.129 -14.906
  -7.536 -14.915 -14.915
  -7.521 -14.244 -15.011
  -7.506 -14.839 -15.054
  -7.491 -14.712 -14.962
  -7.477 -14.926 -14.926
  -7.464 -14.986 -14.986
  -7.451 -14.741 -15.323
  -7.438 -15.117 -15.117
  -7.425 -14.947 -15.213
  -7.413 -14.384 -15.083
  -7.401 -15.022 -15.319
  -7.390 -15.046 -15.245
  -7.379 -14.965 -15.264
  -7.368 -14.407 -15.419
  -7.357 -14.815 -15.105
  -7.347 -14.950 -15.111
  -7.337 -15.054 -15.254
  -7.327 -15.425 -15.720
  -7.317 -15.186 -15.614
  -7.308 -15.453 -15.453
  -7.299 -15.350 -15.350
  -7.290 -15.108 -15.379
  -7.281 -15.075 -15.440
  -7.272 -14.728 -14.728
  -7.264 -15.063 -15.484
  -7.255 -15.239 -15.239
  -7.247 -15.134 -15.301
  -7.239 -15.528 -15.888
  -7.231 -15.633 -15.633
  -7.223 -15.627 -15.836
  -7.216 -15.542 -15.781
  -7.208 -15.147 -15.797
  -7.201 -15.173 -15.559
  -7.194 -15.502 -15.819
  -7.187 -14.670 -15.793
  -7.180 -15.822 -15.822
  -7.173 -15.262 -15.702
  -7.166 -15.728 -15.728
  -7.159 -15.545 -15.545
  -7.153 -14.981 -15.939
  -7.146 -15.991 -15.991
  -7.140 -15.181 -15.589
  -7.133 -15.077 -15.826
  -7.127 -15.307 -15.497
  -7.121 -14.658 -15.460
  -7.115 -15.579 -15.579
  -7.109 -16.161 -16.161
  -7.103 -15.108 -15.340
  -7.098 -14.679 -15.858
  -7.092 -14.648 -15.531
  -7.086 -15.440 -15.924
  -7.081 -15.119 -16.106
  -7.075 -15.856 -15.856
  -7.070 -16.034 -16.034
  -7.064 -15.683 -15.683
  -7.059 -15.791 -16.172
  -7.054 -14.990 -15.674
  -7.049 -15.754 -16.039
  -7.043 -15.498 -15.934
  -7.038 -16.232 -16.232
  -7.033 -14.926 -15.924
  -7.029 -15.500 -16.303
  -7.024 -15.793 -15.793
  -7.019 -15.842 -16.052
  -7.014 -16.093 -16.253
  -7.009 -15.568 -16.067
  -7.005 -15.883 -16.162
  -7.000 -16.149 -16.149
  -6.995 -16.042 -16.042
  -6.991 -16.378 -16.378
  -6.986 -15.253 -15.950
  -6.982 -15.923 -16.152
  -6.978 -16.171 -16.171
  -6.973 -15.678 -15.896
  -6.969 -16.064 -16.064
  -6.965 -15.883 -16.117
  -6.961 -15.148 -16.192
  -6.956 -15.830 -16.336
  -6.952 -15.998 -16.698
  -6.948 -16.130 -16.407
  -6.944 -16.547 -16.547
  -6.940 -15.834 -16.080
  -6.936 -15.329 -15.480
  -6.932 -16.650 -16.650
  -6.928 -15.951 -16.187
  -6.924 -15.886 -16.092
  -6.920 -15.957 -16.326
  -6.917 -15.569 -15.921
  -6.913 -15.944 -15.944
  -6.909 -16.456 -16.456
  -6.905 -15.590 -15.790
  -6.902 -16.494 -16.675
  -6.898 -16.832 -16.832
  -6.894 -14.816 -16.717
  -6.891 -16.193 -16.426
  -6.887 -16.122 -16.294
  -6.884 -15.498 -15.676
  -6.880 -16.039 -17.307
  -6.877 -16.104 -16.503
  -6.873 -16.124 -16.646
  -6.870 -15.789 -16.042
  -6.867 -16.426 -16.630
  -6.863 -16.638 -16.797
  -6.860 -16.033 -16.033
  -6.857 -15.847 -16.665
  -6.853 -16.496 -16.693
  -6.850 -15.186 -17.051
  -6.847 -16.186 -16.438
  -6.844 -15.931 -16.522
  -6.840 -16.736 -49.500
  -6.837 -16.401 -16.401
  -6.834 -16.293 -16.588
  -6.831 -16.440 -16.757
  -6.828 -17.088 -49.500
  -6.825 -16.108 -16.108
  -6.822 -17.130 -49.500
  -6.819 -15.625 -16.534
  -6.816 -16.455 -49.500
  -6.813 -16.510 -16.743
  -6.810 -16.518 -16.518
  -6.807 -15.917 -16.474
  -6.804 -15.772 -16.582
  -6.801 -16.020 -16.193
  -6.798 -16.610 -16.775
  -6.795 -16.095 -16.536
  -6.792 -16.897 -17.098
  -6.789 -15.884 -16.289
  -6.787 -15.859 -16.797
  -6.784 -15.597 -16.761
  -6.781 -16.162 -16.162
  -6.778 -16.555 -49.500
  -6.775 -16.286 -49.500
  -6.773 -49.500     NaN
  -6.770 -16.146 -49.500
  -6.767 -14.979 -49.500
  -6.765 -49.500     NaN
  -6.762 -14.361 -16.280
  -6.759 -49.500     NaN
  -6.757 -16.471 -17.173
  -6.754 -15.894 -17.196
  -6.751 -16.514 -49.500
  -6.749 -16.244 -16.244
  -6.746 -16.926 -16.926
  -6.744 -16.938 -49.500
  -6.741 -15.600 -49.500
  -6.739 -49.500     NaN
  -6.736 -49.500     NaN
  -6.734 -49.500     NaN
  -6.731 -16.828 -16.828
  -6.729 -49.500     NaN
  -6.726 -49.500     NaN
  -6.724 -16.973 -49.500
  -6.721 -16.711 -16.711
  -6.719 -16.228 -17.046
  -6.717 -49.500     NaN
  -6.714 -15.638 -49.500
  -6.712 -49.500 -49.500
  -6.709 -16.774 -17.031
  -6.707 -16.414 -17.044
  -6.705 -16.587 -16.960
  -6.702 -49.500     NaN
  -6.700 -16.234 -16.630
  -6.698 -16.244 -49.500
  -6.696 -49.500     NaN
  -6.693 -49.500     NaN
  -6.691 -15.662 -49.500
  -6.689 -16.384 -16.651
  -6.687 -49.500 -49.500
  -6.684 -49.500 -49.500
  -6.682 -49.500 -49.500
  -6.680 -49.500     NaN
  -6.678 -16.822 -49.500
  -6.675 -16.588 -49.500
  -6.673 -16.680 -49.500
  -6.671 -16.682 -49.500
  -6.669 -16.800 -16.958
  -6.667 -49.500 -49.500
  -6.665 -16.217 -49.500
  -6.663 -16.545 -49.500
  -6.661 -15.612 -15.612
  -6.658 -16.532 -49.500
  -6.656 -49.500 -49.500
  -6.654 -49.500 -49.500
  -6.652 -15.581 -16.391
  -6.650 -16.662 -49.500
  -6.648 -16.206 -16.461
  -6.646 -49.500 -49.500
  -6.644 -17.013 -49.500
  -6.642 -16.023 -16.023
  -6.640 -15.544 -16.474
  -6.638 -16.607 -49.500
  -6.636 -16.554 -16.928
  -6.634 -49.500     NaN
  -6.632 -49.500 -49.500
  -6.630 -15.461 -15.461
  -6.628 -49.500 -49.500
  -6.626 -16.358 -49.500
  -6.624 -49.500     NaN
  -6.622 -15.368 -15.368
  -6.620 -49.500     NaN
  -6.618 -49.500     NaN
  -6.617 -49.500     NaN
  -6.615 -49.500     NaN
  -6.613 -49.500 -49.500
  -6.611 -16.300 -49.500
  -6.609 -15.896 -49.500
  -6.607 -49.500 -49.500
  -6.605 -16.168 -49.500
  -6.603 -49.500 -49.500
  -6.602 -14.190 -16.694
  -6.600 -49.500     NaN
  -6.598 -49.500     NaN
  -6.596 -49.500 -49.500
  -6.594 -49.500 -49.500
