  -8.861 -13.762 -13.762
  -8.599 -13.914 -13.914
  -8.442 -14.009 -14.009
  -8.329 -14.054 -14.054
  -8.239 -14.099 -14.099
  -8.166 -14.170 -14.170
  -8.103 -14.259 -14.259
  -8.048 -14.319 -14.319
  -7.999 -14.321 -14.321
  -7.955 -14.362 -14.362
  -7.916 -14.550 -14.550
  -7.879 -14.420 -14.420
  -7.846 -14.509 -14.509
  -7.815 -14.520 -14.520
  -7.786 -14.681 -14.681
  -7.758 -14.005 -14.602
  -7.733 -14.397 -14.397
  -7.709 -14.456 -14.456
  -7.686 -14.792 -14.792
  -7.664 -14.691 -14.691
  -7.643 -14.819 -14.819
  -7.624 -14.704 -14.704
  -7.605 -13.915 -14.890
  -7.586 -14.913 -14.913
  -7.569 -14.746 -14.746
  -7.552 -14.601 -14.898
  -7.536 -14.974 -14.974
  -7.521 -14.934 -14.934
  -7.506 -14.851 -14.851
  -7.491 -14.798 -14.798
  -7.477 -14.782 -14.782
  -7.464 -14.973 -14.973
  -7.451 -15.161 -15.161
  -7.438 -15.139 -15.139
  -7.425 -14.632 -14.632
  -7.413 -15.053 -15.053
  -7.401 -14.997 -14.997
  -7.390 -14.915 -15.113
  -7.379 -15.213 -15.373
  -7.368 -14.889 -15.058
  -7.357 -15.376 -15.376
  -7.347 -15.601 -15.601
  -7.337 -14.990 -15.365
  -7.327 -15.029 -15.029
  -7.317 -14.736 -15.493
  -7.308 -15.652 -15.652
  -7.299 -15.604 -15.604
  -7.290 -14.941 -15.126
  -7.281 -15.018 -15.529
  -7.272 -14.827 -15.094
  -7.264 -15.412 -15.659
  -7.255 -15.464 -15.464
  -7.247 -15.293 -15.616
  -7.239 -15.387 -15.387
  -7.231 -15.190 -15.190
  -7.223 -14.483 -15.184
  -7.216 -15.788 -15.788
  -7.208 -14.644 -15.677
  -7.201 -15.497 -15.497
  -7.194 -15.334 -15.603
  -7.187 -14.926 -15.295
  -7.180 -14.725 -15.357
  -7.173 -15.578 -15.763
  -7.166 -15.267 -15.674
  -7.159 -15.496 -15.872
  -7.153 -15.077 -15.692
  -7.146 -15.222 -15.485
  -7.140 -15.739 -15.739
  -7.133 -15.457 -15.661
  -7.127 -14.842 -15.682
  -7.121 -15.980 -15.980
  -7.115 -15.507 -15.683
  -7.109 -15.447 -15.447
  -7.103 -15.768 -15.768
  -7.098 -15.681 -15.871
  -7.092 -15.605 -15.861
  -7.086 -16.000 -16.161
  -7.081 -15.721 -15.721
  -7.075 -15.911 -16.142
  -7.070 -16.035 -16.035
  -7.064 -15.501 -15.501
  -7.059 -15.951 -15.951
  -7.054 -15.471 -15.471
  -7.049 -15.591 -15.591
  -7.043 -15.564 -16.073
  -7.038 -15.797 -16.135
  -7.033 -16.135 -16.135
  -7.029 -15.679 -15.679
  -7.024 -15.831 -16.140
  -7.019 -16.290 -16.290
  -7.014 -16.199 -16.374
  -7.009 -15.927 -16.155
  -7.005 -14.718 -15.753
  -7.000 -15.713 -16.234
  -6.995 -15.668 -15.822
  -6.991 -15.787 -15.787
  -6.986 -15.937 -16.477
  -6.982 -15.899 -15.899
  -6.978 -16.406 -16.650
  -6.973 -15.959 -16.165
  -6.969 -16.431 -16.670
  -6.965 -15.303 -15.727
  -6.961 -15.034 -16.077
  -6.956 -15.643 -15.932
  -6.952 -16.642 -16.642
  -6.948 -15.111 -15.438
  -6.944 -16.078 -16.078
  -6.940 -15.554 -15.712
  -6.936 -15.879 -16.131
  -6.932 -16.088 -16.246
  -6.928 -15.945 -16.412
  -6.924 -16.170 -16.331
  -6.920 -16.101 -16.377
  -6.917 -16.271 -16.568
  -6.913 -15.765 -16.270
  -6.909 -16.341 -16.341
  -6.905 -16.482 -16.731
  -6.902 -15.278 -15.858
  -6.898 -16.831 -17.028
  -6.894 -15.263 -15.767
  -6.891 -16.571 -16.571
  -6.887 -16.742 -17.015
  -6.884 -16.175 -16.462
  -6.880 -16.186 -16.645
  -6.877 -15.629 -15.851
  -6.873 -16.336 -16.336
  -6.870 -16.534 -16.772
  -6.867 -16.363 -16.574
  -6.863 -15.572 -16.613
  -6.860 -15.910 -16.583
  -6.857 -16.302 -16.640
  -6.853 -15.119 -15.891
  -6.850 -16.525 -16.733
  -6.847 -16.849 -17.016
  -6.844 -16.808 -49.500
  -6.840 -16.520 -16.978
  -6.837 -16.445 -16.445
  -6.834 -15.820 -15.820
  -6.831 -16.347 -16.347
  -6.828 -16.709 -49.500
  -6.825 -16.168 -16.417
  -6.822 -16.775 -17.016
  -6.819 -15.330 -16.322
  -6.816 -15.850 -16.027
  -6.813 -15.649 -16.436
  -6.810 -16.562 -49.500
  -6.807 -16.054 -16.398
  -6.804 -16.369 -16.811
  -6.801 -15.537 -16.989
  -6.798 -15.627 -16.894
  -6.795 -15.660 -15.899
  -6.792 -14.939 -16.364
  -6.789 -16.674 -17.178
  -6.787 -16.866 -49.500
  -6.784 -16.786 -49.500
  -6.781 -17.401 -49.500
  -6.778 -16.505 -49.500
  -6.775 -16.859 -49.500
  -6.773 -15.805 -16.202
  -6.770 -16.036 -49.500
  -6.767 -16.863 -49.500
  -6.765 -16.545 -16.733
  -6.762 -16.165 -16.165
  -6.759 -16.339 -49.500
  -6.757 -16.388 -49.500
  -6.754 -16.623 -49.500
  -6.751 -16.435 -49.500
  -6.749 -15.410 -16.139
  -6.746 -15.949 -49.500
  -6.744 -16.207 -49.500
  -6.741 -16.704 -49.500
  -6.739 -49.500 -49.500
  -6.736 -17.064 -49.500
  -6.734 -49.500 -49.500
  -6.731 -15.310 -15.644
  -6.729 -16.572 -49.500
  -6.726 -16.044 -49.500
  -6.724 -16.352 -49.500
  -6.721 -49.500 -49.500
  -6.719 -49.500     NaN
  -6.717 -16.371 -16.371
  -6.714 -49.500     NaN
  -6.712 -16.126 -16.772
  -6.709 -16.376 -16.631
  -6.707 -16.385 -17.044
  -6.705 -49.500     NaN
  -6.702 -16.076 -16.414
  -6.700 -17.017 -17.017
  -6.698 -49.500 -49.500
  -6.696 -49.500     NaN
  -6.693 -16.969 -49.500
  -6.691 -15.816 -16.097
  -6.689 -16.042 -16.669
  -6.687 -49.500 -49.500
  -6.684 -16.047 -49.500
  -6.682 -15.482 -16.307
  -6.680 -16.028 -16.988
  -6.678 -16.210 -49.500
  -6.675 -15.424 -49.500
  -6.673 -15.797 -49.500
  -6.671 -17.011 -49.500
  -6.669 -49.500     NaN
  -6.667 -16.723 -49.500
  -6.665 -49.500 -49.500
  -6.663 -15.960 -49.500
  -6.661 -15.602 -49.500
  -6.658 -49.500     NaN
  -6.656 -16.407 -49.500
  -6.654 -16.283 -49.500
  -6.652 -49.500     NaN
  -6.650 -49.500     NaN
  -6.648 -16.784 -16.784
  -6.646 -16.510 -49.500
  -6.644 -16.030 -49.500
  -6.642 -16.453 -49.500
  -6.640 -16.256 -49.500
  -6.638 -49.500 -49.500
  -6.636 -49.500     NaN
  -6.634 -49.500     NaN
  -6.632 -49.500 -49.500
  -6.630 -49.500 -49.500
  -6.628 -16.282 -49.500
  -6.626 -16.428 -16.428
  -6.624 -49.500 -49.500
  -6.622 -49.500 -49.500
  -6.620 -16.909 -49.500
  -6.618 -49.500 -49.500
  -6.617 -49.500     NaN
  -6.615 -49.500 -49.500
  -6.613 -17.010 -49.500
  -6.611 -16.241 -16.468
  -6.609 -15.932 -15.932
  -6.607 -16.801 -16.801
  -6.605 -49.500     NaN
  -6.603 -49.500 -49.500
  -6.602 -49.500     NaN
  -6.600 -16.837 -49.500
  -6.598 -49.500     NaN
  -6.596 -16.128 -49.500
  -6.594 -17.265 -49.500
