  -8.861 -13.765 -13.765
  -8.599 -13.918 -13.918
  -8.442 -13.870 -13.870
  -8.329 -14.003 -14.003
  -8.239 -14.167 -14.167
  -8.166 -14.137 -14.137
  -8.103 -14.311 -14.311
  -8.048 -14.327 -14.327
  -7.999 -14.397 -14.397
  -7.955 -14.400 -14.400
  -7.916 -14.107 -14.489
  -7.879 -14.192 -14.357
  -7.846 -14.367 -14.367
  -7.815 -14.476 -14.476
  -7.786 -14.655 -14.655
  -7.758 -14.122 -14.656
  -7.733 -14.442 -14.616
  -7.709 -14.736 -14.736
  -7.686 -14.809 -14.809
  -7.664 -14.587 -14.587
  -7.643 -14.644 -14.644
  -7.624 -14.789 -14.789
  -7.605 -14.824 -14.824
  -7.586 -14.918 -14.918
  -7.569 -14.469 -14.848
  -7.552 -14.772 -14.962
  -7.536 -14.892 -14.892
  -7.521 -15.148 -15.148
  -7.506 -14.906 -14.906
  -7.491 -14.830 -15.076
  -7.477 -14.798 -15.024
  -7.464 -15.354 -15.354
  -7.451 -14.971 -14.971
  -7.438 -15.054 -15.054
  -7.425 -14.886 -14.886
  -7.413 -14.826 -15.055
  -7.401 -15.202 -15.202
  -7.390 -14.430 -15.324
  -7.379 -14.982 -15.198
  -7.368 -15.042 -15.314
  -7.357 -15.288 -15.288
  -7.347 -15.048 -15.048
  -7.337 -15.255 -15.255
  -7.327 -15.163 -15.163
  -7.317 -15.323 -15.555
  -7.308 -15.442 -15.442
  -7.299 -15.054 -15.584
  -7.290 -14.580 -15.247
  -7.281 -15.530 -15.530
  -7.272 -15.291 -15.291
  -7.264 -15.227 -15.227
  -7.255 -15.963 -15.963
  -7.247 -15.416 -15.416
  -7.239 -15.375 -15.375
  -7.231 -15.022 -15.418
  -7.223 -15.200 -15.448
  -7.216 -15.281 -15.707
  -7.208 -15.253 -15.785
  -7.201 -15.428 -15.428
  -7.194 -15.428 -15.428
  -7.187 -15.678 -15.678
  -7.180 -14.522 -14.718
  -7.173 -15.660 -15.660
  -7.166 -15.746 -15.746
  -7.159 -15.461 -15.830
  -7.153 -15.503 -15.801
  -7.146 -15.356 -15.576
  -7.140 -15.515 -15.515
  -7.133 -15.753 -15.753
  -7.127 -15.388 -15.767
  -7.121 -16.128 -16.128
  -7.115 -15.887 -15.887
  -7.109 -15.465 -15.640
  -7.103 -16.042 -16.042
  -7.098 -15.641 -15.641
  -7.092 -16.072 -16.072
  -7.086 -15.721 -15.721
  -7.081 -15.195 -15.817
  -7.075 -15.933 -15.933
  -7.070 -16.302 -16.302
  -7.064 -15.223 -15.654
  -7.059 -16.057 -16.057
  -7.054 -16.044 -16.250
  -7.049 -15.448 -16.103
  -7.043 -15.402 -15.929
  -7.038 -15.491 -15.491
  -7.033 -16.015 -16.278
  -7.029 -15.942 -15.942
  -7.024 -15.508 -16.355
  -7.019 -15.142 -16.294
  -7.014 -16.786 -17.065
  -7.009 -15.424 -15.816
  -7.005 -15.898 -16.183
  -7.000 -16.427 -16.864
  -6.995 -15.805 -16.467
  -6.991 -16.125 -16.125
  -6.986 -15.690 -16.055
  -6.982 -16.213 -16.213
  -6.978 -16.146 -16.299
  -6.973 -16.186 -16.186
  -6.969 -15.106 -15.714
  -6.965 -16.150 -16.338
  -6.961 -16.145 -16.145
  -6.956 -16.284 -16.284
  -6.952 -15.976 -16.416
  -6.948 -15.828 -16.003
  -6.944 -16.141 -16.447
  -6.940 -16.216 -16.422
  -6.936 -16.161 -16.161
  -6.932 -16.073 -16.333
  -6.928 -15.997 -16.152
  -6.924 -15.884 -15.884
  -6.920 -16.193 -16.193
  -6.917 -16.158 -16.979
  -6.913 -15.629 -16.056
  -6.909 -15.516 -15.981
  -6.905 -15.859 -16.127
  -6.902 -15.580 -15.992
  -6.898 -15.540 -15.761
  -6.894 -16.039 -16.333
  -6.891 -15.888 -15.888
  -6.887 -16.440 -16.440
  -6.884 -15.976 -16.255
  -6.880 -14.998 -15.674
  -6.877 -15.623 -16.066
  -6.873 -16.666 -16.958
  -6.870 -16.121 -16.396
  -6.867 -16.097 -16.289
  -6.863 -16.320 -49.500
  -6.860 -15.939 -16.730
  -6.857 -15.737 -16.136
  -6.853 -16.479 -16.691
  -6.850 -16.169 -16.436
  -6.847 -16.075 -16.075
  -6.844 -15.726 -15.911
  -6.840 -16.251 -16.646
  -6.837 -16.070 -16.222
  -6.834 -15.857 -16.648
  -6.831 -16.076 -16.726
  -6.828 -16.256 -49.500
  -6.825 -16.419 -17.195
  -6.822 -16.688 -16.942
  -6.819 -49.500     NaN
  -6.816 -16.024 -49.500
  -6.813 -16.758 -17.029
  -6.810 -16.337 -16.604
  -6.807 -16.392 -16.392
  -6.804 -49.500     NaN
  -6.801 -15.168 -17.174
  -6.798 -16.681 -49.500
  -6.795 -16.576 -17.117
  -6.792 -49.500     NaN
  -6.789 -16.057 -16.368
  -6.787 -16.350 -49.500
  -6.784 -16.150 -16.150
  -6.781 -15.411 -15.814
  -6.778 -15.730 -16.855
  -6.775 -16.110 -16.647
  -6.773 -16.687 -49.500
  -6.770 -16.601 -17.095
  -6.767 -16.321 -16.640
  -6.765 -16.146 -16.910
  -6.762 -15.911 -16.129
  -6.759 -15.303 -49.500
  -6.757 -16.152 -16.454
  -6.754 -16.508 -16.826
  -6.751 -15.951 -49.500
  -6.749 -49.500 -49.500
  -6.746 -16.224 -16.527
  -6.744 -16.637 -49.500
  -6.741 -17.009 -49.500
  -6.739 -15.867 -16.335
  -6.736 -15.865 -17.272
  -6.734 -16.364 -16.364
  -6.731 -16.201 -49.500
  -6.729 -16.495 -49.500
  -6.726 -16.723 -49.500
  -6.724 -49.500     NaN
  -6.721 -14.147 -49.500
  -6.719 -49.500 -49.500
  -6.717 -49.500     NaN
  -6.714 -15.818 -16.217
  -6.712 -16.358 -49.500
  -6.709 -16.495 -49.500
  -6.707 -16.630 -16.844
  -6.705 -16.905 -49.500
  -6.702 -16.036 -16.302
  -6.700 -49.500 -49.500
  -6.698 -16.294 -17.046
  -6.696 -16.697 -16.944
  -6.693 -15.565 -49.500
  -6.691 -49.500     NaN
  -6.689 -16.595 -16.767
  -6.687 -17.066 -49.500
  -6.684 -49.500 -49.500
  -6.682 -49.500 -49.500
  -6.680 -49.500     NaN
  -6.678 -16.463 -49.500
  -6.675 -49.500 -49.500
  -6.673 -49.500 -49.500
  -6.671 -16.249 -49.500
  -6.669 -16.612 -16.612
  -6.667 -49.500     NaN
  -6.665 -49.500     NaN
  -6.663 -16.314 -49.500
  -6.661 -16.154 -49.500
  -6.658 -49.500     NaN
  -6.656 -49.500     NaN
  -6.654 -16.090 -16.317
  -6.652 -16.361 -49.500
  -6.650 -49.500 -49.500
  -6.648 -49.500 -49.500
  -6.646 -49.500     NaN
  -6.644 -16.693 -49.500
  -6.642 -16.504 -49.500
  -6.640 -49.500 -49.500
  -6.638 -49.500     NaN
  -6.636 -16.413 -16.413
  -6.634 -49.500     NaN
  -6.632 -15.135 -16.396
  -6.630 -49.500 -49.500
  -6.628 -15.710 -15.710
  -6.626 -49.500 -49.500
  -6.624 -49.500     NaN
  -6.622 -49.500 -49.500
  -6.620 -49.500 -49.500
  -6.618 -49.500 -49.500
  -6.617 -49.500 -49.500
  -6.615 -49.500     NaN
  -6.613 -16.267 -16.876
  -6.611 -49.500 -49.500
  -6.609 -16.494 -16.494
  -6.607 -49.500     NaN
  -6.605 -16.433 -16.433
  -6.603 -15.787 -49.500
  -6.602 -49.500     NaN
  -6.600 -49.500     NaN
  -6.598 -49.500     NaN
  -6.596 -49.500     NaN
  -6.594 -15.832 -15.832
