  -8.861 -13.749 -13.749
  -8.599 -13.876 -13.876
  -8.442 -14.016 -14.016
  -8.329 -14.102 -14.102
  -8.239 -14.081 -14.081
  -8.166 -14.264 -14.264
  -8.103 -14.285 -14.285
  -8.048 -14.200 -14.200
  -7.999 -14.249 -14.249
  -7.955 -14.191 -14.191
  -7.916 -14.305 -14.305
  -7.879 -14.275 -14.546
  -7.846 -14.433 -14.433
  -7.815 -14.684 -14.684
  -7.786 -14.500 -14.757
  -7.758 -14.545 -14.545
  -7.733 -14.661 -14.821
  -7.709 -14.495 -14.694
  -7.686 -14.588 -14.760
  -7.664 -14.833 -14.833
  -7.643 -14.934 -14.934
  -7.624 -14.546 -14.942
  -7.605 -14.671 -14.671
  -7.586 -14.822 -14.822
  -7.569 -14.823 -14.823
  -7.552 -14.629 -14.823
  -7.536 -14.529 -15.150
  -7.521 -14.948 -14.948
  -7.506 -14.880 -14.880
  -7.491 -15.136 -15.136
  -7.477 -14.925 -15.084
  -7.464 -15.218 -15.218
  -7.451 -14.746 -14.940
  -7.438 -15.177 -15.177
  -7.425 -14.509 -15.232
  -7.413 -15.091 -15.091
  -7.401 -15.386 -15.386
  -7.390 -15.378 -15.607
  -7.379 -14.915 -14.915
  -7.368 -15.170 -15.170
  -7.357 -15.055 -15.338
  -7.347 -14.772 -14.951
  -7.337 -15.375 -15.375
  -7.327 -14.984 -15.144
  -7.317 -15.054 -15.453
  -7.308 -15.213 -15.395
  -7.299 -15.285 -15.285
  -7.290 -14.954 -15.248
  -7.281 -15.286 -15.502
  -7.272 -14.814 -15.527
  -7.264 -15.188 -15.535
  -7.255 -14.973 -15.597
  -7.247 -15.214 -15.629
  -7.239 -14.709 -15.370
  -7.231 -15.399 -15.399
  -7.223 -14.918 -15.176
  -7.216 -15.714 -15.714
  -7.208 -15.617 -15.617
  -7.201 -15.449 -15.449
  -7.194 -15.408 -15.408
  -7.187 -14.668 -15.020
  -7.180 -15.259 -15.522
  -7.173 -15.483 -15.717
  -7.166 -15.565 -15.565
  -7.159 -14.813 -15.189
  -7.153 -15.173 -15.173
  -7.146 -15.720 -15.890
  -7.140 -15.914 -15.914
  -7.133 -16.088 -16.088
  -7.127 -15.674 -15.674
  -7.121 -14.742 -15.815
  -7.115 -15.631 -15.631
  -7.109 -15.663 -15.814
  -7.103 -15.307 -15.795
  -7.098 -15.200 -15.200
  -7.092 -15.978 -15.978
  -7.086 -15.983 -15.983
  -7.081 -16.193 -16.193
  -7.075 -14.959 -14.959
  -7.070 -16.097 -16.097
  -7.064 -15.696 -15.696
  -7.059 -15.793 -16.324
  -7.054 -15.447 -16.103
  -7.049 -15.749 -15.749
  -7.043 -15.051 -16.043
  -7.038 -16.017 -16.017
  -7.033 -14.628 -15.800
  -7.029 -15.343 -15.639
  -7.024 -16.286 -16.286
  -7.019 -15.964 -15.964
  -7.014 -15.612 -15.787
  -7.009 -16.036 -16.310
  -7.005 -16.015 -16.233
  -7.000 -16.172 -16.519
  -6.995 -15.974 -16.185
  -6.991 -16.294 -16.294
  -6.986 -14.865 -15.205
  -6.982 -15.781 -16.592
  -6.978 -16.236 -16.236
  -6.973 -15.681 -15.681
  -6.969 -16.591 -16.591
  -6.965 -15.608 -16.036
  -6.961 -15.980 -16.348
  -6.956 -15.801 -16.109
  -6.952 -15.107 -15.572
  -6.948 -15.960 -16.214
  -6.944 -15.397 -15.780
  -6.940 -16.764 -17.006
  -6.936 -16.283 -16.491
  -6.932 -16.104 -16.104
  -6.928 -13.990 -15.429
  -6.924 -15.973 -15.973
  -6.920 -16.227 -16.227
  -6.917 -16.175 -16.175
  -6.913 -16.534 -16.982
  -6.909 -15.850 -16.349
  -6.905 -15.295 -15.552
  -6.902 -16.136 -16.326
  -6.898 -15.961 -16.729
  -6.894 -16.163 -17.008
  -6.891 -15.990 -15.990
  -6.887 -16.007 -16.007
  -6.884 -16.335 -16.525
  -6.880 -15.492 -15.671
  -6.877 -16.355 -16.355
  -6.873 -16.015 -16.467
  -6.870 -15.682 -15.901
  -6.867 -16.593 -16.746
  -6.863 -16.256 -16.510
  -6.860 -16.096 -16.781
  -6.857 -16.415 -16.806
  -6.853 -15.343 -16.368
  -6.850 -16.285 -16.667
  -6.847 -16.057 -16.370
  -6.844 -16.565 -49.500
  -6.840 -16.542 -49.500
  -6.837 -16.328 -16.328
  -6.834 -15.972 -16.140
  -6.831 -15.147 -17.331
  -6.828 -15.919 -16.128
  -6.825 -16.646 -49.500
  -6.822 -15.470 -15.990
  -6.819 -49.500     NaN
  -6.816 -16.094 -16.378
  -6.813 -16.798 -16.958
  -6.810 -16.597 -16.920
  -6.807 -16.464 -16.759
  -6.804 -16.376 -16.579
  -6.801 -16.737 -49.500
  -6.798 -16.178 -16.916
  -6.795 -16.014 -16.243
  -6.792 -15.615 -16.556
  -6.789 -16.447 -16.732
  -6.787 -16.244 -16.519
  -6.784 -15.741 -16.971
  -6.781 -16.411 -16.650
  -6.778 -49.500     NaN
  -6.775 -14.880 -16.181
  -6.773 -16.810 -49.500
  -6.770 -16.863 -49.500
  -6.767 -16.316 -16.316
  -6.765 -17.051 -49.500
  -6.762 -16.750 -17.029
  -6.759 -16.215 -16.982
  -6.757 -16.911 -49.500
  -6.754 -16.761 -16.985
  -6.751 -16.419 -16.828
  -6.749 -15.325 -49.500
  -6.746 -15.434 -49.500
  -6.744 -49.500     NaN
  -6.741 -16.177 -16.447
  -6.739 -49.500 -49.500
  -6.736 -49.500     NaN
  -6.734 -16.320 -16.835
  -6.731 -16.028 -16.272
  -6.729 -49.500 -49.500
  -6.726 -16.954 -49.500
  -6.724 -16.211 -49.500
  -6.721 -16.252 -16.890
  -6.719 -49.500     NaN
  -6.717 -49.500     NaN
  -6.714 -16.526 -16.964
  -6.712 -49.500     NaN
  -6.709 -49.500 -49.500
  -6.707 -16.215 -49.500
  -6.705 -49.500 -49.500
  -6.702 -49.500     NaN
  -6.700 -16.362 -16.362
  -6.698 -16.341 -16.634
  -6.696 -49.500     NaN
  -6.693 -15.992 -16.215
  -6.691 -49.500     NaN
  -6.689 -49.500     NaN
  -6.687 -16.560 -49.500
  -6.684 -16.583 -49.500
  -6.682 -49.500 -49.500
  -6.680 -16.380 -49.500
  -6.678 -16.147 -16.724
  -6.675 -49.500     NaN
  -6.673 -17.180 -49.500
  -6.671 -49.500     NaN
  -6.669 -17.078 -49.500
  -6.667 -49.500 -49.500
  -6.665 -16.030 -16.663
  -6.663 -15.861 -49.500
  -6.661 -49.500     NaN
  -6.658 -16.515 -49.500
  -6.656 -49.500     NaN
  -6.654 -16.572 -49.500
  -6.652 -49.500 -49.500
  -6.650 -16.084 -16.084
  -6.648 -16.413 -49.500
  -6.646 -16.095 -16.651
  -6.644 -16.674 -49.500
  -6.642 -17.047 -49.500
  -6.640 -16.513 -49.500
  -6.638 -49.500 -49.500
  -6.636 -49.500     NaN
  -6.634 -17.176 -49.500
  -6.632 -49.500 -49.500
  -6.630 -49.500     NaN
  -6.628 -16.654 -49.500
  -6.626 -49.500 -49.500
  -6.624 -49.500     NaN
  -6.622 -49.500 -49.500
  -6.620 -49.500 -49.500
  -6.618 -49.500     NaN
  -6.617 -49.500 -49.500
  -6.615 -49.500     NaN
  -6.613 -49.500 -49.500
  -6.611 -49.500     NaN
  -6.609 -14.899 -14.899
  -6.607 -16.669 -16.669
  -6.605 -14.929 -49.500
  -6.603 -49.500 -49.500
  -6.602 -49.500     NaN
  -6.600 -49.500 -49.500
  -6.598 -49.500 -49.500
  -6.596 -49.500     NaN
  -6.594 -49.500     NaN
