  -8.861 -13.743 -13.743
  -8.599 -13.902 -13.902
  -8.442 -14.018 -14.018
  -8.329 -14.063 -14.063
  -8.239 -14.162 -14.162
  -8.166 -14.141 -14.141
  -8.103 -14.251 -14.251
  -8.048 -14.297 -14.297
  -7.999 -14.469 -14.469
  -7.955 -14.522 -14.522
  -7.916 -14.521 -14.521
  -7.879 -14.332 -14.332
  -7.846 -14.305 -14.305
  -7.815 -14.566 -14.566
  -7.786 -14.462 -14.462
  -7.758 -14.649 -14.649
  -7.733 -14.523 -14.523
  -7.709 -14.600 -14.600
  -7.686 -13.979 -14.565
  -7.664 -14.753 -14.753
  -7.643 -14.610 -14.610
  -7.624 -14.688 -14.688
  -7.605 -14.754 -14.754
  -7.586 -14.970 -14.970
  -7.569 -14.817 -14.817
  -7.552 -14.923 -14.923
  -7.536 -14.732 -14.732
  -7.521 -15.009 -15.009
  -7.506 -14.663 -15.037
  -7.491 -14.875 -14.875
  -7.477 -14.618 -14.942
  -7.464 -14.714 -15.155
  -7.451 -14.643 -15.041
  -7.438 -14.846 -15.002
  -7.425 -15.238 -15.238
  -7.413 -15.015 -15.256
  -7.401 -15.047 -15.047
  -7.390 -15.344 -15.344
  -7.379 -15.262 -15.262
  -7.368 -14.598 -14.825
  -7.357 -15.300 -15.300
  -7.347 -15.327 -15.327
  -7.337 -15.234 -15.234
  -7.327 -15.159 -15.450
  -7.317 -15.221 -15.450
  -7.308 -15.253 -15.253
  -7.299 -15.441 -15.441
  -7.290 -15.136 -15.414
  -7.281 -15.696 -15.696
  -7.272 -15.115 -15.330
  -7.264 -15.765 -15.765
  -7.255 -15.601 -15.601
  -7.247 -15.466 -15.466
  -7.239 -15.072 -15.274
  -7.231 -15.329 -15.329
  -7.223 -14.810 -14.810
  -7.216 -15.508 -15.508
  -7.208 -15.353 -15.725
  -7.201 -15.683 -15.683
  -7.194 -15.243 -15.410
  -7.187 -15.797 -15.797
  -7.180 -15.145 -15.725
  -7.173 -15.727 -15.886
  -7.166 -15.724 -15.976
  -7.159 -15.151 -15.805
  -7.153 -15.525 -15.525
  -7.146 -15.619 -15.783
  -7.140 -15.484 -15.484
  -7.133 -15.497 -15.497
  -7.127 -15.724 -15.724
  -7.121 -15.369 -15.562
  -7.115 -15.774 -15.926
  -7.109 -15.634 -15.634
  -7.103 -15.663 -16.003
  -7.098 -15.692 -15.692
  -7.092 -14.872 -15.257
  -7.086 -15.390 -15.619
  -7.081 -15.541 -15.541
  -7.075 -15.763 -15.763
  -7.070 -15.306 -15.680
  -7.064 -15.689 -15.689
  -7.059 -15.608 -15.904
  -7.054 -15.580 -16.221
  -7.049 -14.801 -15.669
  -7.043 -15.908 -16.186
  -7.038 -15.766 -16.363
  -7.033 -15.803 -15.978
  -7.029 -15.589 -15.869
  -7.024 -14.698 -16.165
  -7.019 -15.347 -15.873
  -7.014 -15.679 -15.908
  -7.009 -16.051 -16.236
  -7.005 -15.453 -15.779
  -7.000 -16.076 -16.076
  -6.995 -15.930 -16.232
  -6.991 -16.116 -16.116
  -6.986 -15.527 -15.849
  -6.982 -14.820 -15.169
  -6.978 -16.287 -16.287
  -6.973 -15.899 -16.080
  -6.969 -15.616 -15.616
  -6.965 -16.532 -16.532
  -6.961 -16.043 -16.043
  -6.956 -15.533 -16.047
  -6.952 -15.908 -16.405
  -6.948 -15.724 -15.882
  -6.944 -16.091 -16.091
  -6.940 -15.220 -16.676
  -6.936 -15.901 -16.074
  -6.932 -15.911 -16.277
  -6.928 -16.258 -16.431
  -6.924 -15.157 -16.545
  -6.920 -16.572 -16.727
  -6.917 -15.943 -15.943
  -6.913 -15.397 -15.955
  -6.909 -16.262 -16.522
  -6.905 -16.268 -16.429
  -6.902 -15.474 -15.739
  -6.898 -15.639 -15.897
  -6.894 -15.773 -16.367
  -6.891 -16.557 -16.557
  -6.887 -16.227 -16.695
  -6.884 -16.219 -16.583
  -6.880 -15.161 -16.560
  -6.877 -16.657 -16.910
  -6.873 -15.732 -16.026
  -6.870 -49.500     NaN
  -6.867 -16.534 -17.053
  -6.863 -16.636 -16.951
  -6.860 -16.416 -16.720
  -6.857 -16.911 -49.500
  -6.853 -15.871 -16.159
  -6.850 -16.003 -16.303
  -6.847 -16.453 -16.710
  -6.844 -15.520 -15.520
  -6.840 -16.159 -16.925
  -6.837 -16.034 -16.219
  -6.834 -16.191 -17.039
  -6.831 -16.279 -16.895
  -6.828 -16.311 -16.463
  -6.825 -15.664 -16.308
  -6.822 -16.437 -16.603
  -6.819 -15.275 -15.800
  -6.816 -16.035 -49.500
  -6.813 -16.399 -16.908
  -6.810 -16.647 -49.500
  -6.807 -17.064 -49.500
  -6.804 -49.500     NaN
  -6.801 -14.500 -15.498
  -6.798 -15.988 -16.167
  -6.795 -15.993 -17.003
  -6.792 -49.500     NaN
  -6.789 -17.024 -49.500
  -6.787 -49.500     NaN
  -6.784 -49.500     NaN
  -6.781 -16.075 -16.312
  -6.778 -15.653 -16.376
  -6.775 -16.565 -16.736
  -6.773 -16.031 -16.940
  -6.770 -49.500     NaN
  -6.767 -16.276 -16.568
  -6.765 -16.620 -49.500
  -6.762 -13.906 -16.066
  -6.759 -49.500     NaN
  -6.757 -16.653 -49.500
  -6.754 -14.196 -49.500
  -6.751 -15.893 -16.466
  -6.749 -16.432 -17.068
  -6.746 -16.306 -16.517
  -6.744 -16.977 -49.500
  -6.741 -16.723 -49.500
  -6.739 -16.457 -49.500
  -6.736 -49.500     NaN
  -6.734 -16.319 -49.500
  -6.731 -16.470 -16.470
  -6.729 -49.500     NaN
  -6.726 -16.118 -16.399
  -6.724 -16.331 -49.500
  -6.721 -16.398 -16.747
  -6.719 -16.846 -17.011
  -6.717 -16.451 -49.500
  -6.714 -49.500     NaN
  -6.712 -16.325 -17.104
  -6.709 -16.327 -16.486
  -6.707 -49.500     NaN
  -6.705 -15.852 -16.497
  -6.702 -49.500     NaN
  -6.700 -16.580 -16.894
  -6.698 -49.500     NaN
  -6.696 -16.336 -16.522
  -6.693 -15.668 -49.500
  -6.691 -16.067 -49.500
  -6.689 -49.500     NaN
  -6.687 -16.232 -49.500
  -6.684 -49.500 -49.500
  -6.682 -49.500 -49.500
  -6.680 -49.500     NaN
  -6.678 -16.301 -49.500
  -6.675 -16.931 -16.931
  -6.673 -49.500     NaN
  -6.671 -15.566 -49.500
  -6.669 -49.500 -49.500
  -6.667 -17.053 -17.053
  -6.665 -49.500     NaN
  -6.663 -16.253 -49.500
  -6.661 -16.500 -49.500
  -6.658 -49.500 -49.500
  -6.656 -16.427 -16.427
  -6.654 -15.854 -49.500
  -6.652 -16.237 -49.500
  -6.650 -49.500     NaN
  -6.648 -15.535 -15.535
  -6.646 -16.761 -49.500
  -6.644 -16.483 -16.483
  -6.642 -49.500 -49.500
  -6.640 -15.946 -49.500
  -6.638 -49.500 -49.500
  -6.636 -49.500 -49.500
  -6.634 -49.500 -49.500
  -6.632 -16.125 -16.125
  -6.630 -16.588 -17.091
  -6.628 -49.500 -49.500
  -6.626 -49.500 -49.500
  -6.624 -49.500     NaN
  -6.622 -49.500 -49.500
  -6.620 -49.500 -49.500
  -6.618 -49.500 -49.500
  -6.617 -16.898 -49.500
  -6.615 -16.658 -16.955
  -6.613 -16.700 -49.500
  -6.611 -49.500 -49.500
  -6.609 -49.500 -49.500
  -6.607 -15.412 -49.500
  -6.605 -16.682 -49.500
  -6.603 -16.337 -16.337
  -6.602 -49.500 -49.500
  -6.600 -49.500 -49.500
  -6.598 -49.500 -49.500
  -6.596 -16.497 -16.497
  -6.594 -16.348 -49.500
