  -8.861 -13.745 -13.745
  -8.599 -13.914 -13.914
  -8.442 -13.990 -13.990
  -8.329 -14.065 -14.065
  -8.239 -14.043 -14.043
  -8.166 -14.205 -14.205
  -8.103 -14.178 -14.178
  -8.048 -14.212 -14.212
  -7.999 -14.413 -14.413
  -7.955 -14.480 -14.480
  -7.916 -14.083 -14.445
  -7.879 -14.353 -14.353
  -7.846 -14.296 -14.565
  -7.815 -14.528 -14.528
  -7.786 -14.277 -14.765
  -7.758 -13.589 -14.207
  -7.733 -14.616 -14.616
  -7.709 -14.727 -14.727
  -7.686 -14.786 -14.786
  -7.664 -14.134 -14.661
  -7.643 -14.680 -14.897
  -7.624 -14.597 -14.782
  -7.605 -14.617 -14.804
  -7.586 -15.023 -15.023
  -7.569 -14.811 -14.966
  -7.552 -14.803 -14.803
  -7.536 -15.024 -15.024
  -7.521 -14.514 -14.718
  -7.506 -14.476 -14.865
  -7.491 -14.931 -14.931
  -7.477 -14.719 -14.952
  -7.464 -14.749 -14.921
  -7.451 -14.965 -15.171
  -7.438 -14.946 -14.946
  -7.425 -15.332 -15.332
  -7.413 -15.110 -15.110
  -7.401 -14.799 -15.217
  -7.390 -14.911 -15.072
  -7.379 -15.006 -15.006
  -7.368 -14.812 -15.012
  -7.357 -14.903 -15.104
  -7.347 -15.166 -15.166
  -7.337 -15.325 -15.325
  -7.327 -15.061 -15.061
  -7.317 -15.347 -15.518
  -7.308 -15.431 -15.431
  -7.299 -15.226 -15.226
  -7.290 -15.161 -15.161
  -7.281 -14.566 -15.339
  -7.272 -14.307 -15.051
  -7.264 -14.688 -14.912
  -7.255 -15.309 -15.309
  -7.247 -15.481 -15.655
  -7.239 -15.582 -15.582
  -7.231 -15.210 -15.419
  -7.223 -15.645 -15.645
  -7.216 -15.246 -15.497
  -7.208 -15.369 -15.369
  -7.201 -14.893 -15.288
  -7.194 -14.636 -15.507
  -7.187 -15.646 -15.882
  -7.180 -15.574 -15.882
  -7.173 -14.908 -15.255
  -7.166 -15.268 -15.268
  -7.159 -15.329 -15.501
  -7.153 -15.123 -15.522
  -7.146 -15.215 -15.408
  -7.140 -15.733 -15.733
  -7.133 -15.548 -15.548
  -7.127 -14.623 -15.293
  -7.121 -15.093 -15.919
  -7.115 -15.652 -16.095
  -7.109 -15.764 -15.929
  -7.103 -16.160 -16.160
  -7.098 -15.610 -15.610
  -7.092 -14.590 -15.533
  -7.086 -14.240 -15.944
  -7.081 -15.626 -15.947
  -7.075 -15.769 -15.769
  -7.070 -15.055 -15.558
  -7.064 -15.819 -16.115
  -7.059 -15.458 -16.201
  -7.054 -15.605 -15.605
  -7.049 -15.503 -15.974
  -7.043 -15.765 -15.765
  -7.038 -15.349 -15.606
  -7.033 -15.448 -15.836
  -7.029 -15.468 -16.217
  -7.024 -16.210 -16.524
  -7.019 -14.311 -15.905
  -7.014 -15.425 -15.962
  -7.009 -15.449 -16.005
  -7.005 -15.849 -15.849
  -7.000 -15.930 -15.930
  -6.995 -16.046 -16.046
  -6.991 -15.534 -15.820
  -6.986 -16.175 -16.359
  -6.982 -15.415 -15.839
  -6.978 -16.113 -16.320
  -6.973 -16.302 -16.457
  -6.969 -15.276 -15.575
  -6.965 -16.409 -16.409
  -6.961 -16.099 -16.099
  -6.956 -15.820 -15.989
  -6.952 -16.354 -16.585
  -6.948 -15.821 -16.075
  -6.944 -15.040 -15.506
  -6.940 -15.121 -15.736
  -6.936 -15.930 -16.314
  -6.932 -16.050 -16.239
  -6.928 -15.442 -16.039
  -6.924 -15.862 -16.150
  -6.920 -15.806 -16.837
  -6.917 -15.617 -16.145
  -6.913 -16.194 -16.499
  -6.909 -15.951 -16.833
  -6.905 -16.318 -16.800
  -6.902 -16.250 -16.250
  -6.898 -15.744 -16.624
  -6.894 -16.271 -16.590
  -6.891 -16.245 -16.245
  -6.887 -15.856 -17.031
  -6.884 -16.154 -16.154
  -6.880 -16.222 -16.222
  -6.877 -14.974 -15.510
  -6.873 -15.787 -15.787
  -6.870 -15.894 -15.894
  -6.867 -49.500     NaN
  -6.863 -16.166 -16.166
  -6.860 -16.042 -16.418
  -6.857 -16.468 -17.032
  -6.853 -16.151 -16.151
  -6.850 -16.305 -16.762
  -6.847 -16.075 -16.244
  -6.844 -16.435 -16.945
  -6.840 -16.241 -16.519
  -6.837 -16.771 -17.317
  -6.834 -16.296 -17.554
  -6.831 -16.458 -16.777
  -6.828 -16.379 -16.548
  -6.825 -16.223 -16.395
  -6.822 -16.920 -49.500
  -6.819 -16.714 -17.111
  -6.816 -16.442 -16.966
  -6.813 -16.362 -16.362
  -6.810 -16.349 -17.018
  -6.807 -16.501 -49.500
  -6.804 -16.026 -16.488
  -6.801 -16.244 -16.951
  -6.798 -16.553 -16.747
  -6.795 -16.703 -16.703
  -6.792 -16.016 -16.016
  -6.789 -16.780 -49.500
  -6.787 -15.957 -16.224
  -6.784 -49.500     NaN
  -6.781 -16.193 -16.384
  -6.778 -15.318 -16.119
  -6.775 -14.944 -16.850
  -6.773 -49.500     NaN
  -6.770 -17.071 -49.500
  -6.767 -15.986 -16.547
  -6.765 -16.186 -16.423
  -6.762 -16.464 -16.791
  -6.759 -16.736 -49.500
  -6.757 -16.137 -16.376
  -6.754 -16.571 -49.500
  -6.751 -16.765 -49.500
  -6.749 -16.395 -16.885
  -6.746 -16.820 -49.500
  -6.744 -17.040 -49.500
  -6.741 -16.873 -49.500
  -6.739 -16.125 -49.500
  -6.736 -16.500 -49.500
  -6.734 -49.500     NaN
  -6.731 -16.198 -49.500
  -6.729 -16.039 -49.500
  -6.726 -16.913 -49.500
  -6.724 -16.819 -49.500
  -6.721 -16.536 -49.500
  -6.719 -16.229 -16.960
  -6.717 -16.704 -49.500
  -6.714 -49.500     NaN
  -6.712 -16.375 -16.730
  -6.709 -16.413 -16.587
  -6.707 -16.586 -49.500
  -6.705 -15.879 -49.500
  -6.702 -16.548 -17.030
  -6.700 -16.739 -49.500
  -6.698 -16.591 -16.910
  -6.696 -16.392 -17.127
  -6.693 -17.048 -49.500
  -6.691 -49.500 -49.500
  -6.689 -49.500 -49.500
  -6.687 -16.538 -49.500
  -6.684 -16.859 -49.500
  -6.682 -49.500     NaN
  -6.680 -16.260 -17.067
  -6.678 -49.500 -49.500
  -6.675 -16.682 -49.500
  -6.673 -49.500     NaN
  -6.671 -14.965 -15.921
  -6.669 -49.500 -49.500
  -6.667 -16.218 -49.500
  -6.665 -49.500 -49.500
  -6.663 -16.357 -16.682
  -6.661 -16.056 -49.500
  -6.658 -49.500     NaN
  -6.656 -16.967 -49.500
  -6.654 -49.500 -49.500
  -6.652 -49.500     NaN
  -6.650 -16.175 -49.500
  -6.648 -49.500 -49.500
  -6.646 -49.500     NaN
  -6.644 -49.500     NaN
  -6.642 -49.500 -49.500
  -6.640 -49.500     NaN
  -6.638 -49.500 -49.500
  -6.636 -49.500     NaN
  -6.634 -49.500     NaN
  -6.632 -49.500 -49.500
  -6.630 -49.500     NaN
  -6.628 -49.500 -49.500
  -6.626 -16.615 -49.500
  -6.624 -49.500 -49.500
  -6.622 -49.500 -49.500
  -6.620 -16.759 -49.500
  -6.618 -49.500 -49.500
  -6.617 -49.500 -49.500
  -6.615 -49.500     NaN
  -6.613 -16.649 -49.500
  -6.611 -49.500     NaN
  -6.609 -15.519 -15.900
  -6.607 -15.537 -16.513
  -6.605 -16.038 -16.038
  -6.603 -49.500     NaN
  -6.602 -49.500     NaN
  -6.600 -49.500 -49.500
  -6.598 -16.419 -16.731
  -6.596 -49.500 -49.500
  -6.594 -16.551 -49.500
