  -8.861 -13.729 -13.729
  -8.599 -13.910 -13.910
  -8.442 -13.982 -13.982
  -8.329 -14.075 -14.075
  -8.239 -14.102 -14.102
  -8.166 -13.975 -14.283
  -8.103 -14.233 -14.233
  -8.048 -14.282 -14.282
  -7.999 -14.191 -14.191
  -7.955 -14.320 -14.320
  -7.916 -14.477 -14.477
  -7.879 -14.402 -14.402
  -7.846 -14.559 -14.559
  -7.815 -14.417 -14.417
  -7.786 -14.457 -14.457
  -7.758 -14.546 -14.811
  -7.733 -14.574 -14.574
  -7.709 -14.693 -14.693
  -7.686 -14.769 -14.769
  -7.664 -14.581 -14.581
  -7.643 -14.521 -14.677
  -7.624 -14.851 -14.851
  -7.605 -14.806 -14.806
  -7.586 -14.785 -15.030
  -7.569 -14.695 -14.695
  -7.552 -14.794 -14.794
  -7.536 -15.139 -15.139
  -7.521 -14.874 -14.874
  -7.506 -14.900 -14.900
  -7.491 -15.089 -15.089
  -7.477 -14.733 -14.919
  -7.464 -14.023 -14.577
  -7.451 -14.734 -15.111
  -7.438 -15.051 -15.051
  -7.425 -15.019 -15.178
  -7.413 -15.214 -15.214
  -7.401 -15.247 -15.247
  -7.390 -14.606 -15.249
  -7.379 -15.089 -15.246
  -7.368 -14.725 -15.145
  -7.357 -14.876 -15.303
  -7.347 -15.488 -15.488
  -7.337 -15.263 -15.263
  -7.327 -15.530 -15.530
  -7.317 -15.426 -15.426
  -7.308 -14.743 -15.436
  -7.299 -15.130 -15.130
  -7.290 -14.570 -15.295
  -7.281 -14.946 -15.178
  -7.272 -15.425 -15.425
  -7.264 -14.950 -15.762
  -7.255 -15.142 -15.142
  -7.247 -15.104 -15.450
  -7.239 -15.627 -15.627
  -7.231 -14.865 -15.240
  -7.223 -15.591 -15.591
  -7.216 -15.199 -15.675
  -7.208 -15.550 -15.703
  -7.201 -15.851 -15.851
  -7.194 -15.558 -15.558
  -7.187 -15.674 -15.674
  -7.180 -15.306 -15.661
  -7.173 -15.550 -15.550
  -7.166 -15.396 -15.396
  -7.159 -15.419 -15.701
  -7.153 -14.157 -14.483
  -7.146 -14.108 -15.143
  -7.140 -15.863 -16.035
  -7.133 -15.854 -16.033
  -7.127 -15.621 -15.901
  -7.121 -15.302 -15.302
  -7.115 -15.486 -15.486
  -7.109 -15.397 -15.674
  -7.103 -15.859 -15.859
  -7.098 -15.149 -15.386
  -7.092 -15.213 -15.518
  -7.086 -15.868 -15.868
  -7.081 -15.826 -15.982
  -7.075 -15.571 -15.976
  -7.070 -15.613 -15.977
  -7.064 -15.455 -15.455
  -7.059 -15.090 -15.930
  -7.054 -15.489 -15.661
  -7.049 -15.962 -16.186
  -7.043 -15.622 -15.622
  -7.038 -16.010 -16.010
  -7.033 -15.659 -15.659
  -7.029 -15.969 -15.969
  -7.024 -14.660 -15.738
  -7.019 -15.873 -15.873
  -7.014 -16.330 -16.495
  -7.009 -16.014 -16.014
  -7.005 -16.319 -16.319
  -7.000 -15.232 -16.240
  -6.995 -15.508 -16.092
  -6.991 -15.752 -16.469
  -6.986 -15.351 -15.976
  -6.982 -15.550 -16.522
  -6.978 -15.736 -16.015
  -6.973 -16.292 -16.292
  -6.969 -15.678 -16.225
  -6.965 -15.307 -15.838
  -6.961 -15.095 -15.428
  -6.956 -15.670 -16.388
  -6.952 -16.208 -16.208
  -6.948 -15.161 -15.839
  -6.944 -16.484 -16.484
  -6.940 -14.863 -16.290
  -6.936 -16.134 -16.305
  -6.932 -15.988 -16.439
  -6.928 -15.727 -15.970
  -6.924 -15.618 -15.970
  -6.920 -16.497 -17.158
  -6.917 -15.907 -16.468
  -6.913 -15.766 -16.169
  -6.909 -15.975 -15.975
  -6.905 -15.859 -16.284
  -6.902 -14.247 -16.670
  -6.898 -15.365 -15.586
  -6.894 -15.865 -16.709
  -6.891 -16.045 -16.215
  -6.887 -16.435 -16.698
  -6.884 -15.744 -16.315
  -6.880 -16.329 -16.811
  -6.877 -15.945 -16.110
  -6.873 -15.912 -16.356
  -6.870 -16.031 -16.194
  -6.867 -16.102 -16.102
  -6.863 -16.297 -16.529
  -6.860 -49.500     NaN
  -6.857 -16.599 -16.599
  -6.853 -16.398 -16.555
  -6.850 -16.161 -16.420
  -6.847 -15.936 -16.127
  -6.844 -16.123 -16.686
  -6.840 -16.056 -16.056
  -6.837 -16.356 -16.519
  -6.834 -16.298 -16.566
  -6.831 -16.363 -16.363
  -6.828 -15.472 -16.216
  -6.825 -16.418 -16.664
  -6.822 -49.500     NaN
  -6.819 -16.553 -49.500
  -6.816 -16.089 -16.526
  -6.813 -16.472 -16.837
  -6.810 -16.307 -16.851
  -6.807 -16.604 -16.792
  -6.804 -15.817 -16.168
  -6.801 -16.110 -16.710
  -6.798 -16.621 -16.788
  -6.795 -16.078 -49.500
  -6.792 -16.753 -49.500
  -6.789 -16.578 -49.500
  -6.787 -15.749 -16.867
  -6.784 -15.921 -16.445
  -6.781 -14.778 -15.286
  -6.778 -16.325 -16.796
  -6.775 -16.158 -16.403
  -6.773 -15.008 -16.249
  -6.770 -16.114 -16.862
  -6.767 -49.500     NaN
  -6.765 -16.414 -49.500
  -6.762 -16.344 -49.500
  -6.759 -16.947 -49.500
  -6.757 -16.402 -16.402
  -6.754 -15.117 -15.324
  -6.751 -16.204 -16.368
  -6.749 -49.500     NaN
  -6.746 -15.662 -16.491
  -6.744 -49.500     NaN
  -6.741 -15.695 -49.500
  -6.739 -16.112 -16.779
  -6.736 -16.716 -49.500
  -6.734 -49.500     NaN
  -6.731 -16.055 -16.349
  -6.729 -16.636 -16.816
  -6.726 -16.435 -49.500
  -6.724 -49.500     NaN
  -6.721 -16.783 -49.500
  -6.719 -49.500     NaN
  -6.717 -16.535 -49.500
  -6.714 -15.706 -17.016
  -6.712 -15.050 -49.500
  -6.709 -17.051 -17.051
  -6.707 -49.500     NaN
  -6.705 -49.500 -49.500
  -6.702 -49.500     NaN
  -6.700 -15.908 -49.500
  -6.698 -16.874 -16.874
  -6.696 -16.010 -49.500
  -6.693 -49.500     NaN
  -6.691 -49.500     NaN
  -6.689 -16.204 -16.204
  -6.687 -16.408 -49.500
  -6.684 -16.190 -49.500
  -6.682 -49.500     NaN
  -6.680 -49.500 -49.500
  -6.678 -16.337 -16.562
  -6.675 -49.500     NaN
  -6.673 -16.296 -49.500
  -6.671 -15.965 -49.500
  -6.669 -16.872 -49.500
  -6.667 -16.976 -49.500
  -6.665 -49.500     NaN
  -6.663 -49.500     NaN
  -6.661 -16.461 -49.500
  -6.658 -15.754 -49.500
  -6.656 -49.500     NaN
  -6.654 -49.500     NaN
  -6.652 -15.339 -16.505
  -6.650 -49.500     NaN
  -6.648 -16.367 -16.750
  -6.646 -49.500 -49.500
  -6.644 -16.350 -16.350
  -6.642 -17.120 -49.500
  -6.640 -15.791 -16.744
  -6.638 -49.500     NaN
  -6.636 -15.771 -49.500
  -6.634 -49.500 -49.500
  -6.632 -15.741 -49.500
  -6.630 -49.500     NaN
  -6.628 -16.941 -49.500
  -6.626 -15.941 -15.941
  -6.624 -49.500 -49.500
  -6.622 -16.565 -49.500
  -6.620 -16.646 -49.500
  -6.618 -49.500 -49.500
  -6.617 -16.791 -49.500
  -6.615 -49.500 -49.500
  -6.613 -16.237 -16.237
  -6.611 -49.500     NaN
  -6.609 -49.500 -49.500
  -6.607 -49.500 -49.500
  -6.605 -49.500 -49.500
  -6.603 -16.100 -49.500
  -6.602 -49.500 -49.500
  -6.600 -49.500 -49.500
  -6.598 -49.500 -49.500
  -6.596 -49.500 -49.500
  -6.594 -49.500 -49.500
