  -8.861 -13.777 -13.777
  -8.599 -13.845 -13.845
  -8.442 -13.936 -13.936
  -8.329 -14.051 -14.051
  -8.239 -14.145 -14.145
  -8.166 -14.169 -14.169
  -8.103 -14.285 -14.285
  -8.048 -14.277 -14.277
  -7.999 -14.309 -14.309
  -7.955 -14.297 -14.297
  -7.916 -14.380 -14.380
  -7.879 -14.093 -14.551
  -7.846 -14.339 -14.339
  -7.815 -14.524 -14.524
  -7.786 -14.642 -14.642
  -7.758 -14.452 -14.741
  -7.733 -14.673 -14.673
  -7.709 -14.675 -14.675
  -7.686 -13.997 -14.705
  -7.664 -14.724 -14.927
  -7.643 -14.746 -14.746
  -7.624 -14.509 -14.712
  -7.605 -14.879 -14.879
  -7.586 -14.890 -14.890
  -7.569 -14.751 -14.931
  -7.552 -15.013 -15.013
  -7.536 -14.533 -14.814
  -7.521 -14.840 -14.840
  -7.506 -14.786 -14.786
  -7.491 -15.061 -15.061
  -7.477 -14.930 -15.102
  -7.464 -14.620 -14.875
  -7.451 -14.873 -15.222
  -7.438 -14.815 -14.815
  -7.425 -15.188 -15.188
  -7.413 -15.271 -15.271
  -7.401 -14.946 -15.390
  -7.390 -14.520 -14.943
  -7.379 -15.114 -15.267
  -7.368 -15.399 -15.399
  -7.357 -15.122 -15.122
  -7.347 -14.955 -14.955
  -7.337 -15.348 -15.348
  -7.327 -14.933 -14.933
  -7.317 -15.038 -15.038
  -7.308 -15.109 -15.348
  -7.299 -15.401 -15.401
  -7.290 -15.253 -15.567
  -7.281 -15.010 -15.327
  -7.272 -14.730 -15.167
  -7.264 -15.094 -15.272
  -7.255 -15.045 -15.261
  -7.247 -14.610 -15.181
  -7.239 -14.413 -15.349
  -7.231 -15.589 -15.589
  -7.223 -15.037 -15.438
  -7.216 -15.616 -15.616
  -7.208 -14.787 -15.598
  -7.201 -15.623 -15.623
  -7.194 -15.574 -15.574
  -7.187 -15.726 -15.726
  -7.180 -15.154 -15.831
  -7.173 -15.898 -15.898
  -7.166 -15.664 -15.664
  -7.159 -15.506 -15.506
  -7.153 -15.665 -15.665
  -7.146 -15.143 -15.844
  -7.140 -15.442 -15.699
  -7.133 -15.528 -15.754
  -7.127 -14.549 -15.778
  -7.121 -15.681 -15.833
  -7.115 -15.762 -15.925
  -7.109 -15.533 -15.777
  -7.103 -15.363 -15.866
  -7.098 -15.895 -15.895
  -7.092 -15.424 -15.817
  -7.086 -15.859 -15.859
  -7.081 -15.370 -15.959
  -7.075 -15.647 -15.892
  -7.070 -15.463 -15.835
  -7.064 -15.999 -16.219
  -7.059 -15.206 -15.206
  -7.054 -15.514 -15.768
  -7.049 -16.235 -16.235
  -7.043 -15.377 -15.529
  -7.038 -16.048 -16.371
  -7.033 -15.941 -15.941
  -7.029 -15.210 -16.000
  -7.024 -16.516 -16.516
  -7.019 -15.275 -16.024
  -7.014 -15.743 -16.117
  -7.009 -16.018 -16.188
  -7.005 -16.088 -16.247
  -7.000 -16.094 -16.377
  -6.995 -16.274 -16.274
  -6.991 -15.263 -15.913
  -6.986 -15.623 -15.831
  -6.982 -15.763 -15.763
  -6.978 -15.263 -16.073
  -6.973 -15.803 -15.971
  -6.969 -15.920 -16.136
  -6.965 -15.727 -16.241
  -6.961 -16.437 -16.437
  -6.956 -16.000 -16.000
  -6.952 -15.357 -16.094
  -6.948 -15.977 -15.977
  -6.944 -15.766 -16.456
  -6.940 -16.017 -16.186
  -6.936 -15.514 -15.883
  -6.932 -16.170 -16.395
  -6.928 -16.341 -16.341
  -6.924 -16.403 -16.587
  -6.920 -15.747 -16.206
  -6.917 -15.979 -15.979
  -6.913 -15.915 -15.915
  -6.909 -16.267 -17.077
  -6.905 -16.370 -16.370
  -6.902 -16.227 -16.937
  -6.898 -15.932 -16.271
  -6.894 -16.577 -17.046
  -6.891 -15.832 -16.358
  -6.887 -16.182 -16.665
  -6.884 -16.410 -16.655
  -6.880 -16.661 -16.835
  -6.877 -16.450 -16.774
  -6.873 -15.738 -16.042
  -6.870 -49.500     NaN
  -6.867 -15.645 -16.000
  -6.863 -16.313 -49.500
  -6.860 -16.272 -16.697
  -6.857 -15.216 -15.765
  -6.853 -15.464 -16.341
  -6.850 -15.585 -16.393
  -6.847 -16.496 -16.679
  -6.844 -15.135 -16.387
  -6.840 -16.562 -16.897
  -6.837 -16.382 -16.382
  -6.834 -16.499 -16.776
  -6.831 -15.688 -17.262
  -6.828 -16.187 -16.187
  -6.825 -15.618 -16.562
  -6.822 -15.376 -16.214
  -6.819 -16.120 -16.693
  -6.816 -16.541 -16.824
  -6.813 -14.708 -15.175
  -6.810 -16.827 -17.074
  -6.807 -15.862 -16.090
  -6.804 -16.850 -49.500
  -6.801 -16.930 -49.500
  -6.798 -16.634 -16.834
  -6.795 -16.259 -17.104
  -6.792 -15.888 -16.451
  -6.789 -16.627 -49.500
  -6.787 -16.928 -49.500
  -6.784 -16.489 -49.500
  -6.781 -16.662 -49.500
  -6.778 -16.701 -17.325
  -6.775 -16.296 -49.500
  -6.773 -16.131 -16.431
  -6.770 -16.621 -16.975
  -6.767 -16.727 -49.500
  -6.765 -16.131 -16.608
  -6.762 -16.682 -49.500
  -6.759 -16.138 -16.925
  -6.757 -16.035 -16.924
  -6.754 -16.298 -17.211
  -6.751 -16.818 -49.500
  -6.749 -16.915 -49.500
  -6.746 -15.928 -16.545
  -6.744 -16.459 -49.500
  -6.741 -49.500     NaN
  -6.739 -16.155 -16.897
  -6.736 -17.169 -49.500
  -6.734 -15.965 -16.315
  -6.731 -49.500     NaN
  -6.729 -16.625 -16.936
  -6.726 -16.167 -16.917
  -6.724 -49.500     NaN
  -6.721 -49.500     NaN
  -6.719 -15.783 -49.500
  -6.717 -49.500     NaN
  -6.714 -16.382 -49.500
  -6.712 -16.094 -16.094
  -6.709 -49.500 -49.500
  -6.707 -16.865 -49.500
  -6.705 -16.380 -49.500
  -6.702 -16.102 -16.353
  -6.700 -49.500     NaN
  -6.698 -16.608 -49.500
  -6.696 -16.618 -49.500
  -6.693 -16.769 -49.500
  -6.691 -49.500 -49.500
  -6.689 -15.904 -16.815
  -6.687 -49.500     NaN
  -6.684 -15.801 -16.886
  -6.682 -15.843 -16.724
  -6.680 -14.803 -16.171
  -6.678 -16.530 -16.530
  -6.675 -49.500     NaN
  -6.673 -15.674 -16.208
  -6.671 -49.500 -49.500
  -6.669 -49.500 -49.500
  -6.667 -16.185 -49.500
  -6.665 -49.500 -49.500
  -6.663 -49.500     NaN
  -6.661 -16.284 -16.745
  -6.658 -49.500     NaN
  -6.656 -49.500     NaN
  -6.654 -16.205 -49.500
  -6.652 -49.500     NaN
  -6.650 -49.500     NaN
  -6.648 -16.572 -49.500
  -6.646 -16.317 -49.500
  -6.644 -49.500     NaN
  -6.642 -49.500     NaN
  -6.640 -16.326 -16.326
  -6.638 -49.500 -49.500
  -6.636 -16.922 -49.500
  -6.634 -49.500 -49.500
  -6.632 -49.500 -49.500
  -6.630 -49.500     NaN
  -6.628 -49.500 -49.500
  -6.626 -16.755 -49.500
  -6.624 -49.500 -49.500
  -6.622 -16.502 -49.500
  -6.620 -16.739 -49.500
  -6.618 -49.500 -49.500
  -6.617 -49.500 -49.500
  -6.615 -49.500 -49.500
  -6.613 -49.500 -49.500
  -6.611 -15.903 -49.500
  -6.609 -49.500 -49.500
  -6.607 -16.599 -49.500
  -6.605 -49.500 -49.500
  -6.603 -15.919 -49.500
  -6.602 -16.909 -16.909
  -6.600 -49.500 -49.500
  -6.598 -49.500 -49.500
  -6.596 -16.096 -49.500
  -6.594 -49.500 -49.500
