  -8.861 -13.751 -13.751
  -8.599 -13.867 -13.867
  -8.442 -13.956 -13.956
  -8.329 -14.098 -14.098
  -8.239 -14.091 -14.091
  -8.166 -14.169 -14.169
  -8.103 -14.178 -14.178
  -8.048 -13.848 -14.228
  -7.999 -14.431 -14.431
  -7.955 -14.458 -14.458
  -7.916 -14.443 -14.443
  -7.879 -14.394 -14.610
  -7.846 -14.398 -14.398
  -7.815 -14.430 -14.430
  -7.786 -14.632 -14.632
  -7.758 -14.488 -14.488
  -7.733 -14.628 -14.628
  -7.709 -14.726 -14.726
  -7.686 -14.398 -14.639
  -7.664 -14.555 -14.555
  -7.643 -14.708 -14.708
  -7.624 -14.821 -14.821
  -7.605 -14.697 -14.697
  -7.586 -14.878 -14.878
  -7.569 -14.796 -14.796
  -7.552 -14.904 -14.904
  -7.536 -14.797 -14.797
  -7.521 -14.814 -14.814
  -7.506 -14.929 -14.929
  -7.491 -15.031 -15.031
  -7.477 -14.755 -14.755
  -7.464 -14.873 -15.033
  -7.451 -14.965 -14.965
  -7.438 -15.263 -15.263
  -7.425 -15.408 -15.408
  -7.413 -14.923 -15.294
  -7.401 -15.046 -15.046
  -7.390 -15.033 -15.239
  -7.379 -15.181 -15.181
  -7.368 -14.743 -15.076
  -7.357 -15.385 -15.385
  -7.347 -15.120 -15.120
  -7.337 -14.671 -15.275
  -7.327 -15.337 -15.337
  -7.317 -15.563 -15.563
  -7.308 -14.942 -14.942
  -7.299 -14.570 -14.866
  -7.290 -15.224 -15.806
  -7.281 -15.379 -15.379
  -7.272 -15.084 -15.292
  -7.264 -15.038 -15.268
  -7.255 -15.235 -15.407
  -7.247 -15.373 -15.373
  -7.239 -15.525 -15.525
  -7.231 -15.205 -15.205
  -7.223 -14.985 -14.985
  -7.216 -15.088 -15.739
  -7.208 -15.362 -15.716
  -7.201 -14.989 -15.389
  -7.194 -15.677 -15.677
  -7.187 -15.935 -15.935
  -7.180 -15.024 -15.341
  -7.173 -15.474 -15.733
  -7.166 -15.218 -15.218
  -7.159 -15.095 -15.499
  -7.153 -15.090 -15.090
  -7.146 -15.449 -15.719
  -7.140 -15.897 -15.897
  -7.133 -15.571 -15.735
  -7.127 -15.747 -15.747
  -7.121 -15.704 -15.913
  -7.115 -15.812 -15.812
  -7.109 -15.686 -15.888
  -7.103 -15.430 -15.890
  -7.098 -15.860 -15.860
  -7.092 -15.857 -15.857
  -7.086 -15.550 -15.920
  -7.081 -15.531 -15.798
  -7.075 -15.996 -15.996
  -7.070 -15.922 -15.922
  -7.064 -15.440 -15.936
  -7.059 -15.532 -15.960
  -7.054 -15.256 -15.656
  -7.049 -16.090 -16.090
  -7.043 -15.871 -15.871
  -7.038 -15.572 -15.958
  -7.033 -15.647 -15.812
  -7.029 -14.649 -15.252
  -7.024 -15.415 -15.824
  -7.019 -15.037 -16.061
  -7.014 -15.958 -15.958
  -7.009 -15.889 -16.188
  -7.005 -15.474 -16.284
  -7.000 -15.651 -15.953
  -6.995 -14.890 -15.540
  -6.991 -16.157 -16.157
  -6.986 -15.333 -16.084
  -6.982 -15.981 -16.246
  -6.978 -15.747 -16.199
  -6.973 -15.995 -16.201
  -6.969 -14.509 -16.523
  -6.965 -15.513 -15.764
  -6.961 -15.930 -16.101
  -6.956 -15.931 -16.158
  -6.952 -15.779 -15.961
  -6.948 -15.963 -16.541
  -6.944 -15.096 -16.125
  -6.940 -15.960 -16.138
  -6.936 -16.459 -16.664
  -6.932 -15.994 -16.171
  -6.928 -16.540 -16.540
  -6.924 -15.901 -16.272
  -6.920 -16.158 -16.388
  -6.917 -15.684 -16.229
  -6.913 -15.431 -16.242
  -6.909 -16.219 -16.418
  -6.905 -16.036 -16.036
  -6.902 -22.378 -22.378
  -6.898 -15.671 -16.511
  -6.894 -15.714 -16.067
  -6.891 -16.159 -16.584
  -6.887 -15.610 -16.903
  -6.884 -15.814 -16.046
  -6.880 -16.174 -16.582
  -6.877 -16.644 -16.838
  -6.873 -15.567 -16.629
  -6.870 -15.329 -16.940
  -6.867 -15.794 -15.955
  -6.863 -16.365 -16.612
  -6.860 -16.839 -17.047
  -6.857 -16.625 -16.840
  -6.853 -16.544 -17.199
  -6.850 -16.019 -16.468
  -6.847 -15.001 -16.025
  -6.844 -17.128 -49.500
  -6.840 -15.431 -16.411
  -6.837 -16.641 -49.500
  -6.834 -16.899 -49.500
  -6.831 -16.199 -17.080
  -6.828 -16.838 -49.500
  -6.825 -15.525 -16.853
  -6.822 -49.500     NaN
  -6.819 -15.470 -16.442
  -6.816 -16.411 -16.742
  -6.813 -16.583 -17.190
  -6.810 -17.045 -49.500
  -6.807 -16.476 -16.711
  -6.804 -16.976 -49.500
  -6.801 -17.139 -49.500
  -6.798 -16.881 -49.500
  -6.795 -16.438 -16.610
  -6.792 -49.500     NaN
  -6.789 -16.741 -17.041
  -6.787 -16.393 -16.687
  -6.784 -16.699 -17.138
  -6.781 -15.250 -49.500
  -6.778 -16.838 -49.500
  -6.775 -15.887 -16.564
  -6.773 -15.218 -17.118
  -6.770 -15.587 -16.897
  -6.767 -15.498 -16.061
  -6.765 -16.377 -16.377
  -6.762 -16.831 -49.500
  -6.759 -15.299 -16.688
  -6.757 -16.844 -49.500
  -6.754 -16.392 -16.722
  -6.751 -49.500     NaN
  -6.749 -16.241 -16.717
  -6.746 -16.581 -17.203
  -6.744 -14.800 -16.718
  -6.741 -16.276 -49.500
  -6.739 -49.500     NaN
  -6.736 -49.500     NaN
  -6.734 -16.678 -17.115
  -6.731 -14.919 -15.313
  -6.729 -16.544 -49.500
  -6.726 -15.236 -16.497
  -6.724 -17.181 -49.500
  -6.721 -49.500 -49.500
  -6.719 -49.500     NaN
  -6.717 -49.500     NaN
  -6.714 -49.500     NaN
  -6.712 -16.909 -16.909
  -6.709 -49.500     NaN
  -6.707 -15.353 -49.500
  -6.705 -49.500 -49.500
  -6.702 -49.500     NaN
  -6.700 -16.746 -49.500
  -6.698 -15.983 -49.500
  -6.696 -16.322 -49.500
  -6.693 -16.561 -16.785
  -6.691 -16.164 -49.500
  -6.689 -16.701 -49.500
  -6.687 -16.486 -16.651
  -6.684 -49.500 -49.500
  -6.682 -15.078 -16.800
  -6.680 -49.500     NaN
  -6.678 -16.473 -49.500
  -6.675 -16.172 -16.790
  -6.673 -49.500     NaN
  -6.671 -16.490 -49.500
  -6.669 -49.500 -49.500
  -6.667 -49.500 -49.500
  -6.665 -49.500 -49.500
  -6.663 -49.500 -49.500
  -6.661 -16.323 -49.500
  -6.658 -16.946 -49.500
  -6.656 -49.500 -49.500
  -6.654 -49.500 -49.500
  -6.652 -16.410 -49.500
  -6.650 -49.500 -49.500
  -6.648 -16.585 -16.585
  -6.646 -14.937 -49.500
  -6.644 -16.759 -16.759
  -6.642 -49.500 -49.500
  -6.640 -16.488 -49.500
  -6.638 -16.146 -16.146
  -6.636 -16.013 -49.500
  -6.634 -49.500 -49.500
  -6.632 -49.500 -49.500
  -6.630 -16.151 -16.511
  -6.628 -49.500 -49.500
  -6.626 -49.500 -49.500
  -6.624 -49.500 -49.500
  -6.622 -16.333 -49.500
  -6.620 -49.500 -49.500
  -6.618 -49.500 -49.500
  -6.617 -49.500 -49.500
  -6.615 -49.500 -49.500
  -6.613 -15.821 -49.500
  -6.611 -16.531 -16.873
  -6.609 -49.500 -49.500
  -6.607 -49.500     NaN
  -6.605 -16.141 -17.026
  -6.603 -49.500 -49.500
  -6.602 -16.118 -49.500
  -6.600 -49.500     NaN
  -6.598 -16.634 -16.915
  -6.596 -49.500     NaN
  -6.594 -16.236 -49.500
