  -8.861 -13.714 -13.714
  -8.599 -13.882 -13.882
  -8.442 -14.031 -14.031
  -8.329 -14.056 -14.056
  -8.239 -14.138 -14.138
  -8.166 -14.048 -14.048
  -8.103 -13.901 -14.181
  -8.048 -14.179 -14.179
  -7.999 -14.359 -14.359
  -7.955 -13.883 -14.464
  -7.916 -14.456 -14.456
  -7.879 -14.327 -14.327
  -7.846 -14.639 -14.639
  -7.815 -14.170 -14.757
  -7.786 -14.605 -14.605
  -7.758 -14.580 -14.580
  -7.733 -14.587 -14.587
  -7.709 -14.806 -14.806
  -7.686 -14.536 -14.536
  -7.664 -14.399 -14.399
  -7.643 -14.572 -14.825
  -7.624 -14.784 -14.784
  -7.605 -14.883 -14.883
  -7.586 -14.833 -14.833
  -7.569 -15.004 -15.004
  -7.552 -14.558 -14.912
  -7.536 -14.884 -14.884
  -7.521 -14.974 -14.974
  -7.506 -15.210 -15.210
  -7.491 -14.924 -15.141
  -7.477 -14.919 -15.099
  -7.464 -14.275 -15.147
  -7.451 -15.211 -15.211
  -7.438 -15.232 -15.232
  -7.425 -15.059 -15.059
  -7.413 -15.264 -15.264
  -7.401 -15.040 -15.040
  -7.390 -14.676 -14.960
  -7.379 -14.739 -14.972
  -7.368 -14.861 -15.163
  -7.357 -15.048 -15.048
  -7.347 -15.058 -15.058
  -7.337 -15.360 -15.360
  -7.327 -15.135 -15.512
  -7.317 -15.485 -15.485
  -7.308 -15.267 -15.597
  -7.299 -15.519 -15.519
  -7.290 -15.164 -15.164
  -7.281 -15.304 -15.304
  -7.272 -15.603 -15.603
  -7.264 -13.994 -15.349
  -7.255 -15.417 -15.417
  -7.247 -14.770 -15.333
  -7.239 -15.115 -15.375
  -7.231 -15.450 -15.450
  -7.223 -15.014 -15.701
  -7.216 -14.934 -15.089
  -7.208 -14.894 -15.470
  -7.201 -15.717 -15.717
  -7.194 -15.329 -15.766
  -7.187 -14.889 -15.278
  -7.180 -15.519 -15.763
  -7.173 -15.926 -15.926
  -7.166 -15.847 -15.847
  -7.159 -14.349 -15.748
  -7.153 -15.825 -15.825
  -7.146 -15.481 -15.779
  -7.140 -16.058 -16.058
  -7.133 -15.299 -15.705
  -7.127 -14.968 -15.275
  -7.121 -16.007 -16.007
  -7.115 -15.807 -16.015
  -7.109 -15.392 -15.872
  -7.103 -14.958 -15.520
  -7.098 -15.779 -15.779
  -7.092 -16.083 -16.269
  -7.086 -15.150 -15.540
  -7.081 -15.833 -15.833
  -7.075 -16.029 -16.219
  -7.070 -15.054 -15.559
  -7.064 -15.176 -15.958
  -7.059 -16.000 -16.000
  -7.054 -16.017 -16.218
  -7.049 -15.658 -15.826
  -7.043 -15.743 -15.743
  -7.038 -15.964 -15.964
  -7.033 -15.728 -15.728
  -7.029 -15.844 -16.383
  -7.024 -15.473 -15.824
  -7.019 -15.810 -15.962
  -7.014 -15.480 -15.816
  -7.009 -15.966 -16.134
  -7.005 -16.036 -16.314
  -7.000 -16.363 -16.568
  -6.995 -15.940 -15.940
  -6.991 -15.887 -16.096
  -6.986 -16.163 -16.163
  -6.982 -16.260 -16.260
  -6.978 -15.399 -16.321
  -6.973 -15.777 -15.777
  -6.969 -16.133 -16.133
  -6.965 -15.245 -15.619
  -6.961 -16.447 -16.672
  -6.956 -16.272 -16.472
  -6.952 -16.120 -16.120
  -6.948 -15.164 -15.944
  -6.944 -16.024 -16.222
  -6.940 -15.758 -16.027
  -6.936 -15.885 -16.187
  -6.932 -15.954 -16.784
  -6.928 -14.860 -16.011
  -6.924 -15.176 -16.191
  -6.920 -16.074 -16.273
  -6.917 -15.486 -15.923
  -6.913 -15.988 -15.988
  -6.909 -16.275 -16.552
  -6.905 -15.058 -16.776
  -6.902 -15.561 -16.638
  -6.898 -15.825 -16.025
  -6.894 -15.915 -16.642
  -6.891 -14.748 -14.925
  -6.887 -16.012 -16.402
  -6.884 -15.358 -16.282
  -6.880 -16.666 -16.932
  -6.877 -14.701 -15.935
  -6.873 -16.418 -17.146
  -6.870 -16.283 -16.283
  -6.867 -16.168 -16.437
  -6.863 -16.219 -16.401
  -6.860 -16.528 -16.528
  -6.857 -16.704 -49.500
  -6.853 -15.561 -16.284
  -6.850 -16.173 -16.173
  -6.847 -16.165 -16.165
  -6.844 -16.983 -17.254
  -6.840 -16.487 -17.032
  -6.837 -15.750 -17.396
  -6.834 -16.316 -16.316
  -6.831 -15.964 -16.123
  -6.828 -16.521 -16.681
  -6.825 -15.489 -16.522
  -6.822 -16.249 -16.472
  -6.819 -15.867 -16.177
  -6.816 -15.515 -16.148
  -6.813 -49.500     NaN
  -6.810 -16.207 -16.622
  -6.807 -15.243 -15.908
  -6.804 -15.253 -16.068
  -6.801 -15.620 -16.425
  -6.798 -16.169 -16.544
  -6.795 -16.734 -16.985
  -6.792 -16.232 -16.232
  -6.789 -16.151 -49.500
  -6.787 -16.430 -49.500
  -6.784 -15.773 -16.669
  -6.781 -16.196 -16.497
  -6.778 -16.587 -16.930
  -6.775 -16.305 -16.651
  -6.773 -16.223 -16.455
  -6.770 -49.500     NaN
  -6.767 -16.789 -16.789
  -6.765 -16.394 -49.500
  -6.762 -16.164 -49.500
  -6.759 -16.708 -49.500
  -6.757 -49.500     NaN
  -6.754 -16.578 -16.768
  -6.751 -16.487 -49.500
  -6.749 -16.632 -49.500
  -6.746 -49.500     NaN
  -6.744 -16.300 -16.300
  -6.741 -16.060 -16.657
  -6.739 -16.202 -16.797
  -6.736 -49.500     NaN
  -6.734 -16.820 -49.500
  -6.731 -49.500     NaN
  -6.729 -16.269 -49.500
  -6.726 -16.314 -49.500
  -6.724 -16.324 -49.500
  -6.721 -16.776 -49.500
  -6.719 -17.184 -49.500
  -6.717 -16.332 -16.332
  -6.714 -49.500 -49.500
  -6.712 -16.122 -16.625
  -6.709 -15.732 -16.515
  -6.707 -49.500     NaN
  -6.705 -15.669 -16.451
  -6.702 -49.500     NaN
  -6.700 -49.500 -49.500
  -6.698 -16.501 -17.034
  -6.696 -49.500 -49.500
  -6.693 -15.936 -49.500
  -6.691 -16.488 -49.500
  -6.689 -49.500     NaN
  -6.687 -15.867 -49.500
  -6.684 -16.687 -49.500
  -6.682 -15.650 -16.696
  -6.680 -49.500     NaN
  -6.678 -16.315 -16.315
  -6.675 -49.500 -49.500
  -6.673 -16.596 -16.596
  -6.671 -15.924 -49.500
  -6.669 -49.500 -49.500
  -6.667 -49.500 -49.500
  -6.665 -16.546 -49.500
  -6.663 -49.500 -49.500
  -6.661 -15.137 -16.459
  -6.658 -49.500     NaN
  -6.656 -16.340 -49.500
  -6.654 -49.500 -49.500
  -6.652 -49.500     NaN
  -6.650 -49.500 -49.500
  -6.648 -15.813 -16.767
  -6.646 -16.739 -49.500
  -6.644 -16.643 -49.500
  -6.642 -49.500     NaN
  -6.640 -15.533 -16.885
  -6.638 -16.808 -16.808
  -6.636 -16.358 -16.603
  -6.634 -16.200 -49.500
  -6.632 -49.500     NaN
  -6.630 -16.884 -49.500
  -6.628 -16.883 -49.500
  -6.626 -15.844 -49.500
  -6.624 -16.638 -49.500
  -6.622 -49.500 -49.500
  -6.620 -49.500     NaN
  -6.618 -49.500     NaN
  -6.617 -49.500 -49.500
  -6.615 -49.500 -49.500
  -6.613 -49.500 -49.500
  -6.611 -49.500 -49.500
  -6.609 -16.540 -49.500
  -6.607 -49.500     NaN
  -6.605 -49.500 -49.500
  -6.603 -49.500 -49.500
  -6.602 -49.500     NaN
  -6.600 -16.721 -49.500
  -6.598 -16.188 -16.436
  -6.596 -49.500 -49.500
  -6.594 -49.500     NaN
