  -8.861 -13.771 -13.771
  -8.599 -13.888 -13.888
  -8.442 -14.006 -14.006
  -8.329 -14.123 -14.123
  -8.239 -14.131 -14.131
  -8.166 -14.238 -14.238
  -8.103 -14.311 -14.311
  -8.048 -14.179 -14.179
  -7.999 -14.262 -14.262
  -7.955 -14.506 -14.506
  -7.916 -14.147 -14.147
  -7.879 -14.536 -14.536
  -7.846 -14.564 -14.564
  -7.815 -14.552 -14.552
  -7.786 -13.891 -14.479
  -7.758 -14.660 -14.660
  -7.733 -14.616 -14.616
  -7.709 -14.717 -14.717
  -7.686 -14.595 -14.798
  -7.664 -14.921 -14.921
  -7.643 -14.190 -14.794
  -7.624 -14.209 -14.813
  -7.605 -14.790 -14.790
  -7.586 -14.835 -14.835
  -7.569 -14.823 -14.823
  -7.552 -14.893 -15.121
  -7.536 -14.454 -14.753
  -7.521 -14.810 -14.810
  -7.506 -14.705 -14.867
  -7.491 -14.689 -14.965
  -7.477 -14.868 -14.868
  -7.464 -15.249 -15.249
  -7.451 -15.056 -15.056
  -7.438 -14.938 -14.938
  -7.425 -15.005 -15.298
  -7.413 -15.051 -15.051
  -7.401 -14.679 -15.085
  -7.390 -15.037 -15.220
  -7.379 -14.756 -14.986
  -7.368 -15.109 -15.109
  -7.357 -15.174 -15.174
  -7.347 -14.367 -15.230
  -7.337 -15.424 -15.424
  -7.327 -14.462 -15.341
  -7.317 -15.459 -15.459
  -7.308 -15.050 -15.221
  -7.299 -15.370 -15.370
  -7.290 -14.862 -15.257
  -7.281 -15.283 -15.283
  -7.272 -15.074 -15.332
  -7.264 -15.328 -15.768
  -7.255 -15.600 -15.600
  -7.247 -15.662 -15.662
  -7.239 -15.712 -15.712
  -7.231 -15.725 -15.725
  -7.223 -15.328 -15.488
  -7.216 -15.113 -15.372
  -7.208 -15.700 -15.853
  -7.201 -15.114 -15.393
  -7.194 -15.317 -15.652
  -7.187 -14.877 -14.877
  -7.180 -15.670 -15.670
  -7.173 -15.481 -15.663
  -7.166 -15.256 -15.696
  -7.159 -15.664 -15.664
  -7.153 -14.829 -15.377
  -7.146 -14.881 -15.595
  -7.140 -15.739 -15.739
  -7.133 -14.310 -15.468
  -7.127 -15.903 -15.903
  -7.121 -15.978 -16.256
  -7.115 -14.082 -15.563
  -7.109 -15.607 -15.607
  -7.103 -16.208 -16.208
  -7.098 -15.927 -15.927
  -7.092 -16.033 -16.217
  -7.086 -16.093 -16.093
  -7.081 -15.870 -16.065
  -7.075 -15.472 -15.911
  -7.070 -15.911 -16.126
  -7.064 -16.008 -16.008
  -7.059 -15.810 -16.275
  -7.054 -15.327 -15.878
  -7.049 -14.587 -15.954
  -7.043 -15.820 -16.004
  -7.038 -16.088 -16.326
  -7.033 -15.563 -15.563
  -7.029 -15.383 -15.853
  -7.024 -16.043 -16.043
  -7.019 -15.213 -15.963
  -7.014 -16.392 -16.392
  -7.009 -15.874 -15.874
  -7.005 -15.725 -15.725
  -7.000 -14.835 -16.432
  -6.995 -15.695 -16.104
  -6.991 -15.916 -16.127
  -6.986 -15.511 -15.853
  -6.982 -14.936 -16.067
  -6.978 -16.430 -16.690
  -6.973 -15.495 -15.495
  -6.969 -15.851 -15.851
  -6.965 -15.385 -16.131
  -6.961 -16.319 -16.495
  -6.956 -16.155 -16.318
  -6.952 -16.271 -16.460
  -6.948 -16.163 -16.450
  -6.944 -15.154 -15.822
  -6.940 -15.590 -15.938
  -6.936 -16.288 -16.533
  -6.932 -16.049 -16.810
  -6.928 -15.004 -15.406
  -6.924 -15.865 -16.311
  -6.920 -16.247 -16.523
  -6.917 -16.182 -16.804
  -6.913 -16.201 -16.201
  -6.909 -16.202 -16.382
  -6.905 -15.378 -15.818
  -6.902 -15.939 -16.141
  -6.898 -15.820 -17.272
  -6.894 -15.328 -16.246
  -6.891 -16.406 -16.406
  -6.887 -16.758 -17.176
  -6.884 -16.300 -16.567
  -6.880 -16.623 -16.623
  -6.877 -16.207 -16.207
  -6.873 -16.075 -16.250
  -6.870 -15.730 -16.095
  -6.867 -15.826 -16.322
  -6.863 -15.946 -16.308
  -6.860 -16.731 -49.500
  -6.857 -15.222 -16.066
  -6.853 -16.604 -17.128
  -6.850 -16.722 -17.029
  -6.847 -16.663 -16.851
  -6.844 -16.218 -16.449
  -6.840 -49.500     NaN
  -6.837 -17.283 -49.500
  -6.834 -16.760 -49.500
  -6.831 -16.492 -16.861
  -6.828 -16.121 -16.121
  -6.825 -16.169 -16.396
  -6.822 -15.993 -16.266
  -6.819 -16.317 -49.500
  -6.816 -16.516 -16.712
  -6.813 -16.145 -16.571
  -6.810 -15.932 -16.293
  -6.807 -16.736 -16.906
  -6.804 -16.560 -16.765
  -6.801 -15.909 -16.208
  -6.798 -16.965 -17.391
  -6.795 -14.351 -49.500
  -6.792 -17.458 -49.500
  -6.789 -16.304 -16.459
  -6.787 -16.511 -49.500
  -6.784 -16.089 -16.543
  -6.781 -15.947 -16.752
  -6.778 -15.573 -16.178
  -6.775 -16.375 -49.500
  -6.773 -16.786 -49.500
  -6.770 -15.973 -16.220
  -6.767 -16.498 -16.863
  -6.765 -49.500     NaN
  -6.762 -49.500     NaN
  -6.759 -49.500     NaN
  -6.757 -16.048 -16.309
  -6.754 -16.104 -16.955
  -6.751 -15.872 -16.639
  -6.749 -16.046 -16.296
  -6.746 -49.500     NaN
  -6.744 -49.500     NaN
  -6.741 -15.315 -16.297
  -6.739 -16.661 -49.500
  -6.736 -16.488 -16.488
  -6.734 -15.670 -15.670
  -6.731 -16.561 -16.877
  -6.729 -16.862 -49.500
  -6.726 -49.500 -49.500
  -6.724 -15.779 -15.939
  -6.721 -16.137 -16.398
  -6.719 -16.154 -49.500
  -6.717 -16.143 -49.500
  -6.714 -16.345 -17.022
  -6.712 -49.500     NaN
  -6.709 -16.071 -16.687
  -6.707 -16.728 -49.500
  -6.705 -15.048 -49.500
  -6.702 -16.367 -49.500
  -6.700 -49.500     NaN
  -6.698 -16.333 -16.743
  -6.696 -49.500     NaN
  -6.693 -49.500 -49.500
  -6.691 -15.957 -49.500
  -6.689 -49.500     NaN
  -6.687 -16.080 -16.080
  -6.684 -49.500     NaN
  -6.682 -16.111 -16.442
  -6.680 -49.500 -49.500
  -6.678 -49.500     NaN
  -6.675 -17.027 -17.027
  -6.673 -15.231 -49.500
  -6.671 -16.612 -49.500
  -6.669 -49.500     NaN
  -6.667 -16.271 -49.500
  -6.665 -49.500     NaN
  -6.663 -49.500     NaN
  -6.661 -14.903 -49.500
  -6.658 -14.312 -16.679
  -6.656 -49.500     NaN
  -6.654 -49.500     NaN
  -6.652 -49.500 -49.500
  -6.650 -16.091 -49.500
  -6.648 -15.876 -49.500
  -6.646 -16.527 -49.500
  -6.644 -49.500 -49.500
  -6.642 -49.500 -49.500
  -6.640 -49.500     NaN
  -6.638 -16.319 -49.500
  -6.636 -49.500 -49.500
  -6.634 -49.500 -49.500
  -6.632 -16.586 -49.500
  -6.630 -17.045 -49.500
  -6.628 -16.605 -49.500
  -6.626 -49.500 -49.500
  -6.624 -15.327 -49.500
  -6.622 -49.500     NaN
  -6.620 -16.947 -49.500
  -6.618 -49.500 -49.500
  -6.617 -16.639 -16.639
  -6.615 -49.500 -49.500
  -6.613 -49.500     NaN
  -6.611 -49.500     NaN
  -6.609 -16.673 -49.500
  -6.607 -16.296 -16.296
  -6.605 -49.500 -49.500
  -6.603 -49.500 -49.500
  -6.602 -49.500 -49.500
  -6.600 -49.500 -49.500
  -6.598 -49.500     NaN
  -6.596 -49.500 -49.500
  -6.594 -16.036 -16.383
