  -8.861 -13.763 -13.763
  -8.599 -13.753 -13.753
  -8.442 -14.036 -14.036
  -8.329 -14.080 -14.080
  -8.239 -14.135 -14.135
  -8.166 -14.147 -14.147
  -8.103 -14.169 -14.169
  -8.048 -14.234 -14.234
  -7.999 -14.152 -14.152
  -7.955 -14.267 -14.267
  -7.916 -14.396 -14.396
  -7.879 -14.350 -14.350
  -7.846 -14.465 -14.465
  -7.815 -14.584 -14.584
  -7.786 -14.601 -14.601
  -7.758 -14.209 -14.803
  -7.733 -14.577 -14.577
  -7.709 -14.120 -14.605
  -7.686 -14.674 -14.674
  -7.664 -14.804 -14.804
  -7.643 -14.753 -14.957
  -7.624 -14.681 -14.681
  -7.605 -14.752 -14.752
  -7.586 -14.929 -14.929
  -7.569 -14.719 -14.986
  -7.552 -14.278 -14.622
  -7.536 -14.685 -14.685
  -7.521 -14.823 -15.121
  -7.506 -15.098 -15.098
  -7.491 -15.159 -15.332
  -7.477 -14.961 -14.961
  -7.464 -14.790 -15.236
  -7.451 -14.926 -14.926
  -7.438 -14.980 -14.980
  -7.425 -14.920 -15.177
  -7.413 -15.240 -15.240
  -7.401 -14.163 -14.539
  -7.390 -15.236 -15.236
  -7.379 -15.185 -15.185
  -7.368 -14.718 -14.874
  -7.357 -15.226 -15.226
  -7.347 -15.054 -15.054
  -7.337 -14.394 -14.692
  -7.327 -15.087 -15.286
  -7.317 -14.661 -15.240
  -7.308 -15.155 -15.595
  -7.299 -15.147 -15.147
  -7.290 -15.409 -15.409
  -7.281 -15.411 -15.411
  -7.272 -15.226 -15.226
  -7.264 -15.291 -15.635
  -7.255 -15.511 -15.511
  -7.247 -14.885 -15.366
  -7.239 -15.413 -15.413
  -7.231 -15.237 -15.237
  -7.223 -15.218 -15.445
  -7.216 -15.453 -15.453
  -7.208 -15.369 -15.603
  -7.201 -14.827 -15.074
  -7.194 -15.544 -15.544
  -7.187 -14.881 -15.166
  -7.180 -15.496 -15.496
  -7.173 -15.556 -15.556
  -7.166 -15.538 -15.777
  -7.159 -15.444 -15.815
  -7.153 -15.320 -15.686
  -7.146 -15.926 -16.103
  -7.140 -15.598 -15.598
  -7.133 -15.126 -15.655
  -7.127 -15.882 -15.882
  -7.121 -15.433 -15.585
  -7.115 -15.562 -15.562
  -7.109 -15.827 -15.827
  -7.103 -14.788 -15.547
  -7.098 -15.309 -15.484
  -7.092 -15.373 -15.837
  -7.086 -16.184 -16.184
  -7.081 -15.951 -15.951
  -7.075 -15.846 -16.176
  -7.070 -15.678 -15.881
  -7.064 -15.463 -15.875
  -7.059 -16.153 -16.153
  -7.054 -16.060 -16.060
  -7.049 -15.589 -15.962
  -7.043 -15.365 -15.874
  -7.038 -15.716 -16.088
  -7.033 -15.381 -15.943
  -7.029 -14.813 -15.220
  -7.024 -15.205 -15.854
  -7.019 -15.302 -15.769
  -7.014 -15.267 -15.770
  -7.009 -15.662 -15.829
  -7.005 -16.004 -16.004
  -7.000 -15.755 -16.086
  -6.995 -15.581 -15.581
  -6.991 -15.090 -15.689
  -6.986 -16.117 -16.385
  -6.982 -15.687 -16.090
  -6.978 -16.479 -16.479
  -6.973 -16.296 -16.296
  -6.969 -14.818 -15.977
  -6.965 -15.595 -15.981
  -6.961 -14.800 -16.284
  -6.956 -16.339 -16.620
  -6.952 -16.208 -16.745
  -6.948 -16.045 -16.045
  -6.944 -15.270 -16.663
  -6.940 -15.947 -16.153
  -6.936 -16.019 -16.389
  -6.932 -16.027 -16.027
  -6.928 -16.048 -16.048
  -6.924 -16.281 -16.281
  -6.920 -15.855 -15.855
  -6.917 -16.103 -16.103
  -6.913 -16.082 -16.428
  -6.909 -15.998 -16.452
  -6.905 -16.281 -16.281
  -6.902 -16.117 -16.559
  -6.898 -15.293 -16.402
  -6.894 -16.387 -16.658
  -6.891 -16.088 -16.276
  -6.887 -16.444 -16.444
  -6.884 -15.451 -15.712
  -6.880 -14.836 -15.959
  -6.877 -16.427 -16.813
  -6.873 -49.500     NaN
  -6.870 -16.229 -16.381
  -6.867 -15.073 -15.683
  -6.863 -14.352 -16.390
  -6.860 -16.481 -16.637
  -6.857 -16.152 -16.488
  -6.853 -15.409 -16.627
  -6.850 -16.383 -16.383
  -6.847 -16.447 -16.686
  -6.844 -16.272 -16.272
  -6.840 -16.841 -49.500
  -6.837 -15.921 -16.122
  -6.834 -16.174 -16.976
  -6.831 -16.255 -49.500
  -6.828 -16.604 -49.500
  -6.825 -16.981 -17.169
  -6.822 -16.336 -16.656
  -6.819 -15.768 -15.952
  -6.816 -16.700 -16.911
  -6.813 -16.063 -49.500
  -6.810 -16.058 -16.232
  -6.807 -16.896 -49.500
  -6.804 -16.519 -16.846
  -6.801 -49.500     NaN
  -6.798 -16.811 -17.209
  -6.795 -16.118 -49.500
  -6.792 -16.480 -49.500
  -6.789 -16.959 -17.255
  -6.787 -16.356 -16.996
  -6.784 -49.500     NaN
  -6.781 -16.409 -16.562
  -6.778 -15.088 -16.523
  -6.775 -16.488 -49.500
  -6.773 -16.436 -16.436
  -6.770 -15.233 -17.068
  -6.767 -49.500     NaN
  -6.765 -16.746 -49.500
  -6.762 -16.666 -16.887
  -6.759 -15.769 -49.500
  -6.757 -16.877 -17.357
  -6.754 -16.230 -16.494
  -6.751 -16.814 -49.500
  -6.749 -16.372 -49.500
  -6.746 -49.500     NaN
  -6.744 -49.500     NaN
  -6.741 -15.876 -16.296
  -6.739 -49.500 -49.500
  -6.736 -49.500     NaN
  -6.734 -49.500     NaN
  -6.731 -16.708 -49.500
  -6.729 -17.018 -49.500
  -6.726 -16.880 -49.500
  -6.724 -16.809 -49.500
  -6.721 -16.454 -49.500
  -6.719 -49.500     NaN
  -6.717 -49.500 -49.500
  -6.714 -13.393 -16.472
  -6.712 -16.480 -16.662
  -6.709 -16.196 -16.359
  -6.707 -49.500 -49.500
  -6.705 -16.592 -49.500
  -6.702 -16.681 -49.500
  -6.700 -15.768 -16.470
  -6.698 -16.831 -49.500
  -6.696 -49.500 -49.500
  -6.693 -16.315 -49.500
  -6.691 -15.978 -16.676
  -6.689 -16.087 -16.812
  -6.687 -49.500     NaN
  -6.684 -16.640 -49.500
  -6.682 -16.780 -49.500
  -6.680 -16.780 -49.500
  -6.678 -15.735 -49.500
  -6.675 -15.010 -16.974
  -6.673 -16.197 -16.779
  -6.671 -49.500     NaN
  -6.669 -16.138 -49.500
  -6.667 -49.500 -49.500
  -6.665 -49.500     NaN
  -6.663 -15.385 -49.500
  -6.661 -49.500 -49.500
  -6.658 -16.574 -49.500
  -6.656 -16.359 -16.359
  -6.654 -16.558 -49.500
  -6.652 -49.500     NaN
  -6.650 -49.500     NaN
  -6.648 -16.492 -49.500
  -6.646 -14.953 -49.500
  -6.644 -49.500     NaN
  -6.642 -49.500 -49.500
  -6.640 -49.500 -49.500
  -6.638 -49.500 -49.500
  -6.636 -15.152 -16.911
  -6.634 -16.326 -49.500
  -6.632 -15.399 -15.577
  -6.630 -16.479 -16.479
  -6.628 -16.434 -49.500
  -6.626 -16.022 -49.500
  -6.624 -14.753 -16.185
  -6.622 -49.500     NaN
  -6.620 -49.500 -49.500
  -6.618 -49.500 -49.500
  -6.617 -49.500     NaN
  -6.615 -15.776 -16.530
  -6.613 -15.009 -49.500
  -6.611 -16.488 -49.500
  -6.609 -49.500     NaN
  -6.607 -16.240 -49.500
  -6.605 -49.500     NaN
  -6.603 -15.778 -49.500
  -6.602 -49.500 -49.500
  -6.600 -16.724 -16.724
  -6.598 -49.500 -49.500
  -6.596 -16.408 -16.408
  -6.594 -16.648 -16.648
