  -8.861 -13.755 -13.755
  -8.599 -13.900 -13.900
  -8.442 -13.938 -13.938
  -8.329 -14.017 -14.017
  -8.239 -14.176 -14.176
  -8.166 -14.189 -14.189
  -8.103 -14.213 -14.213
  -8.048 -14.274 -14.274
  -7.999 -14.201 -14.201
  -7.955 -14.278 -14.278
  -7.916 -14.481 -14.481
  -7.879 -14.405 -14.405
  -7.846 -14.604 -14.604
  -7.815 -14.552 -14.552
  -7.786 -14.208 -14.567
  -7.758 -14.570 -14.570
  -7.733 -14.793 -14.793
  -7.709 -14.565 -14.565
  -7.686 -14.637 -14.637
  -7.664 -14.530 -14.530
  -7.643 -14.693 -14.693
  -7.624 -14.788 -14.788
  -7.605 -14.517 -14.517
  -7.586 -14.926 -14.926
  -7.569 -13.879 -14.407
  -7.552 -14.874 -14.874
  -7.536 -14.801 -14.801
  -7.521 -14.901 -14.901
  -7.506 -14.948 -14.948
  -7.491 -14.883 -15.038
  -7.477 -14.749 -14.989
  -7.464 -15.137 -15.137
  -7.451 -14.675 -15.052
  -7.438 -15.195 -15.195
  -7.425 -15.139 -15.139
  -7.413 -14.527 -14.927
  -7.401 -14.533 -15.100
  -7.390 -15.221 -15.221
  -7.379 -14.785 -15.130
  -7.368 -15.188 -15.188
  -7.357 -15.577 -15.577
  -7.347 -15.396 -15.396
  -7.337 -14.542 -14.992
  -7.327 -14.585 -15.075
  -7.317 -15.317 -15.317
  -7.308 -14.960 -15.164
  -7.299 -14.785 -15.188
  -7.290 -14.879 -15.284
  -7.281 -14.881 -15.385
  -7.272 -15.165 -15.165
  -7.264 -15.396 -15.579
  -7.255 -15.761 -15.761
  -7.247 -15.107 -15.336
  -7.239 -15.469 -15.469
  -7.231 -15.581 -15.581
  -7.223 -14.887 -15.045
  -7.216 -14.983 -15.242
  -7.208 -15.011 -15.296
  -7.201 -15.639 -15.810
  -7.194 -15.557 -15.758
  -7.187 -15.590 -15.590
  -7.180 -15.119 -15.467
  -7.173 -15.178 -15.423
  -7.166 -14.844 -15.002
  -7.159 -15.605 -15.930
  -7.153 -14.705 -15.302
  -7.146 -14.243 -14.937
  -7.140 -15.649 -15.649
  -7.133 -15.609 -15.609
  -7.127 -15.218 -15.719
  -7.121 -15.598 -15.885
  -7.115 -15.444 -15.697
  -7.109 -15.619 -15.954
  -7.103 -15.979 -15.979
  -7.098 -15.047 -15.781
  -7.092 -15.711 -15.963
  -7.086 -15.326 -15.676
  -7.081 -14.945 -15.832
  -7.075 -15.550 -15.745
  -7.070 -15.274 -15.616
  -7.064 -16.108 -16.108
  -7.059 -15.728 -15.890
  -7.054 -15.183 -15.851
  -7.049 -15.204 -16.250
  -7.043 -15.731 -15.900
  -7.038 -15.762 -15.990
  -7.033 -14.289 -14.587
  -7.029 -16.030 -16.030
  -7.024 -14.990 -15.510
  -7.019 -16.095 -16.489
  -7.014 -15.508 -15.693
  -7.009 -15.469 -15.976
  -7.005 -15.593 -15.868
  -7.000 -16.196 -16.196
  -6.995 -16.189 -16.189
  -6.991 -15.769 -16.513
  -6.986 -16.149 -16.149
  -6.982 -16.443 -16.443
  -6.978 -15.790 -16.354
  -6.973 -16.505 -16.505
  -6.969 -15.698 -16.003
  -6.965 -16.247 -16.247
  -6.961 -15.865 -16.705
  -6.956 -15.925 -16.144
  -6.952 -15.838 -16.130
  -6.948 -16.054 -16.054
  -6.944 -16.465 -16.465
  -6.940 -16.339 -16.339
  -6.936 -15.913 -15.913
  -6.932 -15.549 -15.757
  -6.928 -16.414 -16.661
  -6.924 -14.591 -16.403
  -6.920 -16.732 -17.202
  -6.917 -16.539 -16.539
  -6.913 -16.715 -16.919
  -6.909 -16.802 -17.070
  -6.905 -15.598 -16.098
  -6.902 -15.528 -16.198
  -6.898 -16.072 -16.290
  -6.894 -16.382 -16.568
  -6.891 -16.356 -16.804
  -6.887 -15.338 -15.927
  -6.884 -16.036 -16.192
  -6.880 -16.179 -16.179
  -6.877 -16.304 -16.542
  -6.873 -15.980 -17.032
  -6.870 -15.157 -16.343
  -6.867 -16.170 -16.170
  -6.863 -16.428 -16.635
  -6.860 -49.500     NaN
  -6.857 -16.666 -17.087
  -6.853 -16.281 -16.471
  -6.850 -16.094 -49.500
  -6.847 -15.929 -16.510
  -6.844 -16.180 -16.180
  -6.840 -15.473 -16.441
  -6.837 -15.282 -16.295
  -6.834 -16.416 -16.633
  -6.831 -15.157 -16.772
  -6.828 -16.472 -16.671
  -6.825 -16.537 -49.500
  -6.822 -15.685 -16.609
  -6.819 -16.984 -49.500
  -6.816 -16.326 -16.513
  -6.813 -15.664 -16.680
  -6.810 -16.205 -16.370
  -6.807 -15.998 -16.597
  -6.804 -15.913 -16.453
  -6.801 -15.526 -49.500
  -6.798 -49.500     NaN
  -6.795 -49.500     NaN
  -6.792 -49.500     NaN
  -6.789 -16.018 -16.609
  -6.787 -15.893 -49.500
  -6.784 -49.500 -49.500
  -6.781 -16.159 -16.983
  -6.778 -16.444 -16.702
  -6.775 -15.640 -49.500
  -6.773 -16.324 -16.324
  -6.770 -49.500     NaN
  -6.767 -16.871 -49.500
  -6.765 -16.718 -49.500
  -6.762 -16.470 -16.621
  -6.759 -16.727 -49.500
  -6.757 -16.394 -49.500
  -6.754 -16.331 -16.638
  -6.751 -15.765 -49.500
  -6.749 -16.609 -16.853
  -6.746 -16.609 -16.791
  -6.744 -49.500     NaN
  -6.741 -15.163 -16.316
  -6.739 -14.848 -16.780
  -6.736 -15.461 -16.398
  -6.734 -16.330 -49.500
  -6.731 -16.169 -49.500
  -6.729 -17.135 -49.500
  -6.726 -49.500     NaN
  -6.724 -49.500     NaN
  -6.721 -49.500     NaN
  -6.719 -17.115 -49.500
  -6.717 -16.614 -49.500
  -6.714 -16.385 -49.500
  -6.712 -16.901 -49.500
  -6.709 -49.500 -49.500
  -6.707 -17.061 -49.500
  -6.705 -16.406 -49.500
  -6.702 -16.812 -49.500
  -6.700 -17.126 -49.500
  -6.698 -16.099 -16.602
  -6.696 -14.385 -15.686
  -6.693 -49.500 -49.500
  -6.691 -16.997 -16.997
  -6.689 -16.055 -16.302
  -6.687 -49.500 -49.500
  -6.684 -15.180 -15.180
  -6.682 -15.926 -16.432
  -6.680 -16.709 -49.500
  -6.678 -16.820 -49.500
  -6.675 -15.757 -16.018
  -6.673 -49.500     NaN
  -6.671 -15.799 -49.500
  -6.669 -49.500 -49.500
  -6.667 -49.500 -49.500
  -6.665 -16.159 -16.590
  -6.663 -16.202 -16.647
  -6.661 -49.500 -49.500
  -6.658 -16.260 -49.500
  -6.656 -16.212 -49.500
  -6.654 -49.500     NaN
  -6.652 -15.703 -16.699
  -6.650 -49.500 -49.500
  -6.648 -16.551 -16.712
  -6.646 -15.773 -49.500
  -6.644 -16.803 -49.500
  -6.642 -49.500     NaN
  -6.640 -49.500     NaN
  -6.638 -15.737 -49.500
  -6.636 -16.650 -49.500
  -6.634 -49.500 -49.500
  -6.632 -15.558 -16.337
  -6.630 -49.500 -49.500
  -6.628 -17.079 -17.079
  -6.626 -49.500 -49.500
  -6.624 -49.500 -49.500
  -6.622 -49.500 -49.500
  -6.620 -49.500     NaN
  -6.618 -49.500     NaN
  -6.617 -15.793 -15.793
  -6.615 -49.500     NaN
  -6.613 -16.288 -49.500
  -6.611 -16.789 -49.500
  -6.609 -49.500 -49.500
  -6.607 -49.500 -49.500
  -6.605 -49.500 -49.500
  -6.603 -49.500 -49.500
  -6.602 -16.984 -49.500
  -6.600 -49.500 -49.500
  -6.598 -49.500     NaN
  -6.596 -49.500     NaN
  -6.594 -16.431 -16.431
