  -8.861 -13.704 -13.704
  -8.599 -13.834 -13.834
  -8.442 -13.989 -13.989
  -8.329 -14.124 -14.124
  -8.239 -14.005 -14.005
  -8.166 -14.084 -14.084
  -8.103 -14.333 -14.333
  -8.048 -14.219 -14.219
  -7.999 -14.258 -14.258
  -7.955 -14.384 -14.384
  -7.916 -14.126 -14.478
  -7.879 -14.415 -14.415
  -7.846 -14.140 -14.374
  -7.815 -14.395 -14.395
  -7.786 -14.728 -14.728
  -7.758 -14.445 -14.709
  -7.733 -14.594 -14.594
  -7.709 -14.601 -14.909
  -7.686 -14.200 -14.569
  -7.664 -14.855 -14.855
  -7.643 -14.414 -14.656
  -7.624 -14.758 -14.758
  -7.605 -14.797 -14.797
  -7.586 -14.611 -14.805
  -7.569 -14.675 -14.914
  -7.552 -15.024 -15.024
  -7.536 -14.955 -15.138
  -7.521 -15.019 -15.019
  -7.506 -14.690 -14.893
  -7.491 -14.906 -14.906
  -7.477 -14.992 -14.992
  -7.464 -14.649 -15.113
  -7.451 -14.890 -14.890
  -7.438 -14.988 -15.213
  -7.425 -14.989 -15.171
  -7.413 -14.120 -15.236
  -7.401 -15.108 -15.108
  -7.390 -15.158 -15.344
  -7.379 -15.120 -15.120
  -7.368 -15.354 -15.354
  -7.357 -15.293 -15.293
  -7.347 -14.835 -15.091
  -7.337 -14.741 -14.959
  -7.327 -15.081 -15.326
  -7.317 -14.986 -15.346
  -7.308 -14.952 -15.170
  -7.299 -15.666 -15.666
  -7.290 -15.554 -15.721
  -7.281 -14.990 -14.990
  -7.272 -14.919 -15.528
  -7.264 -15.422 -15.422
  -7.255 -14.616 -15.444
  -7.247 -15.516 -15.516
  -7.239 -15.386 -15.685
  -7.231 -15.509 -15.509
  -7.223 -15.278 -15.278
  -7.216 -15.478 -15.666
  -7.208 -15.484 -15.639
  -7.201 -15.558 -15.558
  -7.194 -15.352 -15.635
  -7.187 -15.455 -15.455
  -7.180 -14.587 -15.156
  -7.173 -15.231 -15.455
  -7.166 -14.743 -15.411
  -7.159 -15.380 -15.733
  -7.153 -16.014 -16.014
  -7.146 -15.068 -15.344
  -7.140 -15.657 -15.657
  -7.133 -15.097 -15.556
  -7.127 -15.800 -16.116
  -7.121 -15.888 -16.070
  -7.115 -15.593 -15.593
  -7.109 -15.466 -15.466
  -7.103 -15.960 -15.960
  -7.098 -15.847 -16.063
  -7.092 -15.225 -16.055
  -7.086 -15.792 -15.792
  -7.081 -15.873 -15.873
  -7.075 -15.432 -15.951
  -7.070 -15.682 -15.682
  -7.064 -15.779 -15.930
  -7.059 -15.709 -15.888
  -7.054 -14.644 -15.768
  -7.049 -15.591 -15.591
  -7.043 -15.613 -16.032
  -7.038 -15.955 -16.166
  -7.033 -16.064 -16.263
  -7.029 -15.889 -16.137
  -7.024 -15.569 -16.285
  -7.019 -14.641 -16.232
  -7.014 -15.962 -16.184
  -7.009 -15.637 -16.124
  -7.005 -15.998 -15.998
  -7.000 -16.365 -16.365
  -6.995 -15.873 -16.094
  -6.991 -15.772 -15.772
  -6.986 -15.369 -16.192
  -6.982 -15.941 -15.941
  -6.978 -16.108 -16.108
  -6.973 -15.431 -16.089
  -6.969 -16.249 -16.404
  -6.965 -15.997 -16.238
  -6.961 -13.730 -16.109
  -6.956 -16.036 -16.256
  -6.952 -15.223 -15.451
  -6.948 -16.215 -16.509
  -6.944 -15.214 -15.792
  -6.940 -16.240 -16.240
  -6.936 -15.642 -15.865
  -6.932 -16.376 -16.735
  -6.928 -14.606 -16.101
  -6.924 -15.600 -15.826
  -6.920 -15.873 -16.232
  -6.917 -16.023 -17.057
  -6.913 -15.541 -16.135
  -6.909 -15.777 -16.487
  -6.905 -16.300 -16.300
  -6.902 -16.389 -16.389
  -6.898 -15.919 -16.577
  -6.894 -15.269 -15.973
  -6.891 -15.686 -15.955
  -6.887 -15.839 -16.293
  -6.884 -15.738 -16.051
  -6.880 -16.895 -16.895
  -6.877 -16.316 -16.650
  -6.873 -15.642 -16.733
  -6.870 -16.117 -16.434
  -6.867 -16.640 -16.640
  -6.863 -16.202 -16.202
  -6.860 -16.213 -49.500
  -6.857 -16.980 -16.980
  -6.853 -15.978 -16.545
  -6.850 -16.012 -49.500
  -6.847 -16.575 -16.763
  -6.844 -15.832 -16.088
  -6.840 -15.835 -49.500
  -6.837 -16.240 -16.694
  -6.834 -14.538 -15.445
  -6.831 -15.045 -16.754
  -6.828 -16.260 -16.797
  -6.825 -14.980 -16.105
  -6.822 -15.393 -15.558
  -6.819 -16.458 -16.670
  -6.816 -16.756 -49.500
  -6.813 -16.186 -16.341
  -6.810 -16.090 -17.075
  -6.807 -16.663 -49.500
  -6.804 -16.505 -49.500
  -6.801 -15.382 -16.466
  -6.798 -15.844 -16.554
  -6.795 -15.602 -16.536
  -6.792 -14.864 -16.874
  -6.789 -17.032 -49.500
  -6.787 -49.500     NaN
  -6.784 -15.530 -16.397
  -6.781 -15.548 -16.252
  -6.778 -49.500     NaN
  -6.775 -16.536 -49.500
  -6.773 -16.949 -49.500
  -6.770 -49.500     NaN
  -6.767 -16.579 -49.500
  -6.765 -16.765 -49.500
  -6.762 -15.607 -16.556
  -6.759 -16.136 -49.500
  -6.757 -16.359 -16.563
  -6.754 -15.455 -16.262
  -6.751 -15.772 -16.669
  -6.749 -16.418 -49.500
  -6.746 -49.500     NaN
  -6.744 -16.814 -49.500
  -6.741 -49.500     NaN
  -6.739 -15.846 -49.500
  -6.736 -16.203 -16.660
  -6.734 -16.406 -49.500
  -6.731 -16.225 -49.500
  -6.729 -16.433 -49.500
  -6.726 -16.186 -49.500
  -6.724 -15.298 -15.298
  -6.721 -16.243 -49.500
  -6.719 -49.500     NaN
  -6.717 -49.500     NaN
  -6.714 -15.889 -16.717
  -6.712 -49.500     NaN
  -6.709 -15.638 -15.859
  -6.707 -49.500     NaN
  -6.705 -17.133 -49.500
  -6.702 -16.241 -17.003
  -6.700 -16.016 -49.500
  -6.698 -16.916 -49.500
  -6.696 -49.500 -49.500
  -6.693 -49.500     NaN
  -6.691 -16.014 -16.956
  -6.689 -16.210 -49.500
  -6.687 -15.426 -49.500
  -6.684 -49.500 -49.500
  -6.682 -49.500 -49.500
  -6.680 -49.500     NaN
  -6.678 -49.500     NaN
  -6.675 -16.551 -49.500
  -6.673 -17.212 -49.500
  -6.671 -16.941 -16.941
  -6.669 -49.500 -49.500
  -6.667 -15.502 -49.500
  -6.665 -49.500 -49.500
  -6.663 -49.500     NaN
  -6.661 -15.476 -16.150
  -6.658 -49.500     NaN
  -6.656 -16.499 -49.500
  -6.654 -49.500     NaN
  -6.652 -49.500     NaN
  -6.650 -16.686 -16.933
  -6.648 -49.500     NaN
  -6.646 -16.680 -17.101
  -6.644 -49.500 -49.500
  -6.642 -49.500     NaN
  -6.640 -16.368 -16.368
  -6.638 -49.500     NaN
  -6.636 -16.356 -49.500
  -6.634 -16.468 -49.500
  -6.632 -49.500 -49.500
  -6.630 -49.500 -49.500
  -6.628 -16.687 -49.500
  -6.626 -49.500 -49.500
  -6.624 -15.431 -49.500
  -6.622 -49.500 -49.500
  -6.620 -49.500     NaN
  -6.618 -49.500 -49.500
  -6.617 -16.284 -16.462
  -6.615 -15.265 -15.265
  -6.613 -49.500 -49.500
  -6.611 -49.500 -49.500
  -6.609 -49.500 -49.500
  -6.607 -49.500     NaN
  -6.605 -49.500     NaN
  -6.603 -49.500     NaN
  -6.602 -16.053 -16.625
  -6.600 -16.547 -49.500
  -6.598 -16.876 -49.500
  -6.596 -49.500     NaN
  -6.594 -49.500     NaN
