  -8.861 -13.618 -13.618
  -8.599 -13.870 -13.870
  -8.442 -13.862 -14.023
  -8.329 -13.962 -13.962
  -8.239 -13.997 -13.997
  -8.166 -14.077 -14.077
  -8.103 -14.146 -14.146
  -8.048 -14.304 -14.304
  -7.999 -14.092 -14.248
  -7.955 -14.260 -14.260
  -7.916 -14.153 -14.336
  -7.879 -13.982 -14.215
  -7.846 -14.330 -14.330
  -7.815 -14.670 -14.670
  -7.786 -14.658 -14.658
  -7.758 -14.641 -14.641
  -7.733 -14.743 -14.743
  -7.709 -14.531 -14.712
  -7.686 -14.562 -14.880
  -7.664 -14.714 -14.714
  -7.643 -14.710 -14.710
  -7.624 -14.477 -14.781
  -7.605 -14.591 -14.591
  -7.586 -14.981 -14.981
  -7.569 -14.709 -14.709
  -7.552 -14.792 -14.792
  -7.536 -15.061 -15.061
  -7.521 -14.639 -14.639
  -7.506 -15.063 -15.063
  -7.491 -14.390 -14.806
  -7.477 -15.183 -15.183
  -7.464 -15.004 -15.004
  -7.451 -14.843 -15.174
  -7.438 -14.988 -14.988
  -7.425 -15.317 -15.317
  -7.413 -15.213 -15.213
  -7.401 -15.158 -15.158
  -7.390 -14.892 -14.892
  -7.379 -15.178 -15.342
  -7.368 -14.940 -14.940
  -7.357 -15.060 -15.060
  -7.347 -14.957 -14.957
  -7.337 -14.905 -14.905
  -7.327 -15.446 -15.446
  -7.317 -15.119 -15.317
  -7.308 -15.509 -15.509
  -7.299 -14.956 -15.296
  -7.290 -15.655 -15.655
  -7.281 -15.391 -15.391
  -7.272 -15.228 -15.550
  -7.264 -15.416 -15.416
  -7.255 -15.512 -15.512
  -7.247 -15.214 -15.436
  -7.239 -15.902 -15.902
  -7.231 -14.913 -14.913
  -7.223 -15.024 -15.382
  -7.216 -15.134 -15.445
  -7.208 -15.521 -15.899
  -7.201 -15.796 -15.796
  -7.194 -15.357 -15.357
  -7.187 -15.387 -15.387
  -7.180 -14.969 -15.133
  -7.173 -15.178 -15.682
  -7.166 -15.582 -15.842
  -7.159 -15.233 -15.389
  -7.153 -14.539 -15.361
  -7.146 -15.287 -15.990
  -7.140 -15.965 -15.965
  -7.133 -15.584 -15.584
  -7.127 -15.639 -15.639
  -7.121 -15.281 -15.880
  -7.115 -15.814 -15.965
  -7.109 -15.588 -16.042
  -7.103 -15.856 -15.856
  -7.098 -15.646 -15.646
  -7.092 -14.497 -15.779
  -7.086 -15.432 -15.432
  -7.081 -15.628 -16.043
  -7.075 -16.167 -16.167
  -7.070 -15.466 -15.766
  -7.064 -15.470 -15.659
  -7.059 -15.831 -16.162
  -7.054 -14.639 -15.629
  -7.049 -14.345 -15.232
  -7.043 -15.890 -15.890
  -7.038 -16.365 -16.365
  -7.033 -15.800 -15.978
  -7.029 -15.702 -16.081
  -7.024 -15.519 -15.519
  -7.019 -15.499 -15.499
  -7.014 -15.910 -16.089
  -7.009 -16.025 -16.025
  -7.005 -16.226 -16.226
  -7.000 -16.532 -16.532
  -6.995 -14.957 -15.275
  -6.991 -15.573 -16.634
  -6.986 -16.156 -16.367
  -6.982 -15.538 -16.136
  -6.978 -15.623 -16.239
  -6.973 -15.487 -16.035
  -6.969 -15.794 -15.949
  -6.965 -15.969 -15.969
  -6.961 -16.067 -16.223
  -6.956 -17.142 -49.500
  -6.952 -16.044 -16.405
  -6.948 -14.697 -14.879
  -6.944 -15.905 -16.126
  -6.940 -15.515 -16.016
  -6.936 -16.230 -16.230
  -6.932 -15.950 -16.102
  -6.928 -16.215 -16.374
  -6.924 -16.069 -16.069
  -6.920 -15.959 -15.959
  -6.917 -15.418 -15.648
  -6.913 -16.003 -16.217
  -6.909 -15.812 -16.138
  -6.905 -16.299 -16.299
  -6.902 -15.992 -15.992
  -6.898 -16.377 -16.377
  -6.894 -15.713 -15.864
  -6.891 -14.917 -16.070
  -6.887 -15.779 -16.107
  -6.884 -16.294 -16.556
  -6.880 -15.665 -16.925
  -6.877 -15.037 -16.052
  -6.873 -16.595 -16.941
  -6.870 -16.148 -16.603
  -6.867 -17.240 -49.500
  -6.863 -16.252 -16.538
  -6.860 -15.750 -15.750
  -6.857 -16.395 -16.770
  -6.853 -15.128 -16.766
  -6.850 -15.424 -15.592
  -6.847 -16.404 -16.747
  -6.844 -16.321 -17.158
  -6.840 -15.750 -16.908
  -6.837 -16.540 -17.039
  -6.834 -16.360 -16.594
  -6.831 -16.337 -16.529
  -6.828 -16.187 -16.392
  -6.825 -16.569 -16.806
  -6.822 -16.961 -17.122
  -6.819 -15.880 -16.554
  -6.816 -16.445 -16.791
  -6.813 -16.574 -16.729
  -6.810 -16.306 -17.181
  -6.807 -16.568 -16.770
  -6.804 -15.116 -16.232
  -6.801 -16.170 -16.357
  -6.798 -49.500     NaN
  -6.795 -15.006 -15.984
  -6.792 -16.663 -17.150
  -6.789 -16.925 -49.500
  -6.787 -15.639 -16.214
  -6.784 -16.810 -49.500
  -6.781 -17.208 -49.500
  -6.778 -16.581 -49.500
  -6.775 -16.590 -16.795
  -6.773 -16.706 -17.085
  -6.770 -15.558 -16.467
  -6.767 -16.341 -16.905
  -6.765 -17.004 -49.500
  -6.762 -16.118 -16.650
  -6.759 -16.647 -49.500
  -6.757 -15.499 -16.338
  -6.754 -16.853 -17.226
  -6.751 -49.500     NaN
  -6.749 -49.500     NaN
  -6.746 -49.500     NaN
  -6.744 -16.507 -16.722
  -6.741 -15.398 -16.544
  -6.739 -16.391 -16.648
  -6.736 -16.431 -49.500
  -6.734 -16.394 -49.500
  -6.731 -16.888 -16.888
  -6.729 -49.500     NaN
  -6.726 -15.733 -16.351
  -6.724 -16.174 -16.963
  -6.721 -16.171 -49.500
  -6.719 -16.317 -16.317
  -6.717 -16.306 -16.518
  -6.714 -15.941 -16.408
  -6.712 -16.921 -49.500
  -6.709 -49.500     NaN
  -6.707 -15.102 -16.544
  -6.705 -49.500 -49.500
  -6.702 -49.500 -49.500
  -6.700 -16.539 -49.500
  -6.698 -16.555 -16.757
  -6.696 -49.500     NaN
  -6.693 -49.500     NaN
  -6.691 -16.249 -16.249
  -6.689 -49.500 -49.500
  -6.687 -49.500 -49.500
  -6.684 -49.500 -49.500
  -6.682 -15.654 -15.951
  -6.680 -49.500 -49.500
  -6.678 -49.500     NaN
  -6.675 -49.500 -49.500
  -6.673 -16.258 -49.500
  -6.671 -16.808 -16.808
  -6.669 -49.500 -49.500
  -6.667 -49.500     NaN
  -6.665 -49.500     NaN
  -6.663 -16.377 -16.566
  -6.661 -49.500 -49.500
  -6.658 -16.591 -49.500
  -6.656 -49.500     NaN
  -6.654 -49.500     NaN
  -6.652 -16.389 -49.500
  -6.650 -16.761 -49.500
  -6.648 -16.536 -49.500
  -6.646 -49.500     NaN
  -6.644 -49.500     NaN
  -6.642 -49.500 -49.500
  -6.640 -16.880 -49.500
  -6.638 -49.500     NaN
  -6.636 -15.412 -49.500
  -6.634 -49.500 -49.500
  -6.632 -49.500     NaN
  -6.630 -49.500     NaN
  -6.628 -49.500 -49.500
  -6.626 -14.728 -49.500
  -6.624 -49.500     NaN
  -6.622 -16.061 -16.511
  -6.620 -49.500 -49.500
  -6.618 -16.280 -49.500
  -6.617 -15.303 -15.303
  -6.615 -16.495 -16.495
  -6.613 -49.500     NaN
  -6.611 -16.093 -49.500
  -6.609 -49.500     NaN
  -6.607 -49.500 -49.500
  -6.605 -49.500 -49.500
  -6.603 -49.500 -49.500
  -6.602 -15.664 -49.500
  -6.600 -49.500 -49.500
  -6.598 -16.752 -49.500
  -6.596 -49.500     NaN
  -6.594 -49.500 -49.500
