  -8.861 -13.737 -13.737
  -8.599 -13.870 -13.870
  -8.442 -13.940 -13.940
  -8.329 -13.906 -13.906
  -8.239 -14.178 -14.178
  -8.166 -14.138 -14.138
  -8.103 -14.216 -14.216
  -8.048 -14.279 -14.279
  -7.999 -14.202 -14.399
  -7.955 -14.491 -14.491
  -7.916 -14.438 -14.438
  -7.879 -14.273 -14.273
  -7.846 -14.008 -14.406
  -7.815 -14.665 -14.665
  -7.786 -14.374 -14.374
  -7.758 -14.385 -14.564
  -7.733 -14.542 -14.542
  -7.709 -14.588 -14.783
  -7.686 -14.589 -14.589
  -7.664 -14.570 -14.930
  -7.643 -14.754 -14.754
  -7.624 -14.982 -14.982
  -7.605 -14.760 -14.920
  -7.586 -14.233 -14.569
  -7.569 -14.510 -14.772
  -7.552 -14.467 -14.876
  -7.536 -14.700 -14.909
  -7.521 -14.353 -14.600
  -7.506 -14.937 -14.937
  -7.491 -14.625 -14.957
  -7.477 -14.788 -14.788
  -7.464 -15.000 -15.000
  -7.451 -15.221 -15.221
  -7.438 -14.787 -14.787
  -7.425 -14.877 -15.037
  -7.413 -15.049 -15.049
  -7.401 -14.920 -15.172
  -7.390 -15.152 -15.152
  -7.379 -14.593 -14.593
  -7.368 -15.133 -15.133
  -7.357 -15.364 -15.364
  -7.347 -15.001 -15.655
  -7.337 -14.419 -14.755
  -7.327 -14.597 -15.004
  -7.317 -15.081 -15.265
  -7.308 -14.492 -15.287
  -7.299 -15.233 -15.233
  -7.290 -15.514 -15.514
  -7.281 -14.973 -15.343
  -7.272 -15.251 -15.251
  -7.264 -15.459 -15.459
  -7.255 -15.402 -15.402
  -7.247 -15.557 -15.557
  -7.239 -15.617 -15.617
  -7.231 -15.484 -15.653
  -7.223 -15.600 -15.600
  -7.216 -15.419 -15.419
  -7.208 -15.677 -15.677
  -7.201 -15.068 -15.535
  -7.194 -15.532 -15.532
  -7.187 -15.223 -15.386
  -7.180 -15.233 -15.441
  -7.173 -15.792 -15.792
  -7.166 -15.401 -15.624
  -7.159 -15.870 -15.870
  -7.153 -15.705 -15.705
  -7.146 -15.475 -15.911
  -7.140 -15.795 -16.045
  -7.133 -15.450 -15.782
  -7.127 -15.446 -15.446
  -7.121 -15.718 -15.718
  -7.115 -15.724 -15.724
  -7.109 -15.331 -16.076
  -7.103 -15.882 -16.045
  -7.098 -15.428 -15.669
  -7.092 -15.339 -15.945
  -7.086 -15.395 -15.884
  -7.081 -15.540 -15.764
  -7.075 -15.048 -15.977
  -7.070 -15.804 -16.085
  -7.064 -15.794 -15.794
  -7.059 -16.016 -16.016
  -7.054 -15.390 -15.607
  -7.049 -15.877 -16.162
  -7.043 -15.756 -16.018
  -7.038 -15.984 -15.984
  -7.033 -15.643 -15.643
  -7.029 -15.968 -15.968
  -7.024 -15.104 -15.570
  -7.019 -15.485 -15.746
  -7.014 -15.441 -15.928
  -7.009 -16.224 -16.409
  -7.005 -15.831 -16.182
  -7.000 -15.421 -16.185
  -6.995 -15.754 -16.225
  -6.991 -16.079 -16.548
  -6.986 -16.426 -16.426
  -6.982 -16.672 -16.672
  -6.978 -15.406 -16.316
  -6.973 -15.785 -15.785
  -6.969 -15.830 -16.108
  -6.965 -16.540 -16.540
  -6.961 -16.105 -16.105
  -6.956 -15.635 -16.077
  -6.952 -15.993 -16.171
  -6.948 -15.932 -15.932
  -6.944 -16.048 -16.048
  -6.940 -16.450 -16.762
  -6.936 -16.078 -16.564
  -6.932 -15.957 -16.444
  -6.928 -16.183 -16.183
  -6.924 -15.777 -16.622
  -6.920 -15.744 -16.765
  -6.917 -16.083 -16.481
  -6.913 -16.861 -17.015
  -6.909 -14.681 -16.356
  -6.905 -16.199 -16.467
  -6.902 -16.016 -16.249
  -6.898 -16.251 -16.251
  -6.894 -16.502 -16.502
  -6.891 -16.311 -16.600
  -6.887 -15.598 -15.753
  -6.884 -16.386 -16.571
  -6.880 -16.963 -17.186
  -6.877 -16.696 -16.941
  -6.873 -16.055 -16.055
  -6.870 -15.644 -16.190
  -6.867 -14.921 -15.947
  -6.863 -16.393 -49.500
  -6.860 -16.099 -16.455
  -6.857 -15.626 -16.034
  -6.853 -16.117 -16.519
  -6.850 -14.969 -16.044
  -6.847 -16.164 -16.164
  -6.844 -16.380 -16.657
  -6.840 -16.442 -49.500
  -6.837 -16.511 -17.040
  -6.834 -15.444 -16.271
  -6.831 -16.477 -16.477
  -6.828 -16.468 -16.879
  -6.825 -16.617 -16.954
  -6.822 -16.297 -16.550
  -6.819 -16.195 -16.195
  -6.816 -15.513 -15.810
  -6.813 -15.081 -15.823
  -6.810 -15.715 -16.718
  -6.807 -16.886 -49.500
  -6.804 -16.335 -17.080
  -6.801 -16.574 -49.500
  -6.798 -15.591 -16.500
  -6.795 -15.694 -16.620
  -6.792 -16.144 -16.567
  -6.789 -16.212 -16.768
  -6.787 -17.105 -49.500
  -6.784 -15.399 -16.445
  -6.781 -16.595 -16.809
  -6.778 -16.349 -17.105
  -6.775 -16.764 -49.500
  -6.773 -15.578 -16.067
  -6.770 -49.500     NaN
  -6.767 -16.976 -49.500
  -6.765 -16.916 -49.500
  -6.762 -16.065 -49.500
  -6.759 -49.500     NaN
  -6.757 -49.500 -49.500
  -6.754 -15.631 -16.567
  -6.751 -16.796 -49.500
  -6.749 -16.156 -16.494
  -6.746 -16.495 -16.495
  -6.744 -16.857 -49.500
  -6.741 -16.149 -16.649
  -6.739 -49.500     NaN
  -6.736 -49.500     NaN
  -6.734 -16.684 -49.500
  -6.731 -16.187 -16.187
  -6.729 -16.685 -49.500
  -6.726 -49.500     NaN
  -6.724 -15.870 -49.500
  -6.721 -15.942 -16.791
  -6.719 -16.638 -16.852
  -6.717 -16.222 -16.726
  -6.714 -16.258 -49.500
  -6.712 -16.609 -49.500
  -6.709 -16.301 -49.500
  -6.707 -14.519 -49.500
  -6.705 -15.665 -16.510
  -6.702 -49.500 -49.500
  -6.700 -16.305 -49.500
  -6.698 -16.901 -49.500
  -6.696 -49.500 -49.500
  -6.693 -49.500 -49.500
  -6.691 -16.291 -49.500
  -6.689 -15.362 -16.363
  -6.687 -49.500 -49.500
  -6.684 -49.500     NaN
  -6.682 -49.500     NaN
  -6.680 -49.500     NaN
  -6.678 -16.980 -49.500
  -6.675 -49.500 -49.500
  -6.673 -49.500     NaN
  -6.671 -49.500 -49.500
  -6.669 -16.175 -16.388
  -6.667 -16.793 -17.068
  -6.665 -49.500     NaN
  -6.663 -49.500 -49.500
  -6.661 -15.784 -15.784
  -6.658 -49.500     NaN
  -6.656 -16.376 -16.622
  -6.654 -49.500 -49.500
  -6.652 -49.500     NaN
  -6.650 -49.500 -49.500
  -6.648 -49.500     NaN
  -6.646 -49.500 -49.500
  -6.644 -16.331 -49.500
  -6.642 -15.784 -49.500
  -6.640 -49.500     NaN
  -6.638 -49.500     NaN
  -6.636 -15.805 -49.500
  -6.634 -49.500 -49.500
  -6.632 -49.500     NaN
  -6.630 -49.500     NaN
  -6.628 -49.500 -49.500
  -6.626 -16.657 -16.657
  -6.624 -16.677 -16.877
  -6.622 -49.500 -49.500
  -6.620 -49.500     NaN
  -6.618 -16.367 -49.500
  -6.617 -49.500 -49.500
  -6.615 -15.705 -16.669
  -6.613 -16.753 -49.500
  -6.611 -16.124 -49.500
  -6.609 -49.500     NaN
  -6.607 -49.500 -49.500
  -6.605 -49.500 -49.500
  -6.603 -49.500 -49.500
  -6.602 -49.500 -49.500
  -6.600 -16.601 -49.500
  -6.598 -49.500 -49.500
  -6.596 -49.500     NaN
  -6.594 -49.500     NaN
