  -8.861 -13.753 -13.753
  -8.599 -13.865 -13.865
  -8.442 -13.947 -13.947
  -8.329 -13.956 -13.956
  -8.239 -14.034 -14.034
  -8.166 -14.160 -14.160
  -8.103 -14.283 -14.283
  -8.048 -14.312 -14.312
  -7.999 -14.444 -14.444
  -7.955 -14.217 -14.383
  -7.916 -13.834 -14.323
  -7.879 -14.441 -14.441
  -7.846 -14.391 -14.391
  -7.815 -14.550 -14.550
  -7.786 -14.376 -14.376
  -7.758 -14.457 -14.634
  -7.733 -13.890 -14.504
  -7.709 -14.593 -14.826
  -7.686 -14.500 -14.500
  -7.664 -13.999 -14.331
  -7.643 -14.522 -14.522
  -7.624 -14.537 -14.694
  -7.605 -14.299 -14.740
  -7.586 -14.804 -14.804
  -7.569 -14.758 -14.976
  -7.552 -14.903 -15.061
  -7.536 -14.743 -14.930
  -7.521 -14.687 -14.891
  -7.506 -14.554 -14.834
  -7.491 -14.404 -14.577
  -7.477 -14.858 -15.027
  -7.464 -14.591 -14.765
  -7.451 -14.851 -15.010
  -7.438 -15.088 -15.088
  -7.425 -14.452 -15.023
  -7.413 -15.217 -15.217
  -7.401 -15.362 -15.362
  -7.390 -15.079 -15.079
  -7.379 -15.120 -15.120
  -7.368 -14.890 -15.388
  -7.357 -15.160 -15.160
  -7.347 -15.085 -15.258
  -7.337 -15.029 -15.295
  -7.327 -15.036 -15.406
  -7.317 -14.853 -15.217
  -7.308 -15.278 -15.278
  -7.299 -15.106 -15.276
  -7.290 -15.136 -15.405
  -7.281 -14.480 -15.518
  -7.272 -15.526 -15.526
  -7.264 -14.901 -15.196
  -7.255 -15.370 -15.370
  -7.247 -15.451 -15.451
  -7.239 -15.790 -15.790
  -7.231 -15.626 -15.626
  -7.223 -15.531 -15.531
  -7.216 -15.044 -15.360
  -7.208 -15.164 -15.480
  -7.201 -15.087 -15.419
  -7.194 -15.363 -15.363
  -7.187 -15.554 -15.554
  -7.180 -15.469 -15.628
  -7.173 -14.427 -15.452
  -7.166 -15.580 -15.775
  -7.159 -15.757 -15.757
  -7.153 -15.476 -15.766
  -7.146 -15.794 -15.794
  -7.140 -15.335 -15.335
  -7.133 -15.590 -15.590
  -7.127 -15.314 -15.518
  -7.121 -15.583 -15.583
  -7.115 -15.870 -15.870
  -7.109 -15.949 -15.949
  -7.103 -15.807 -15.807
  -7.098 -15.687 -15.687
  -7.092 -15.934 -15.934
  -7.086 -15.948 -16.138
  -7.081 -15.687 -15.946
  -7.075 -15.050 -15.522
  -7.070 -15.463 -15.793
  -7.064 -15.900 -15.900
  -7.059 -15.585 -15.930
  -7.054 -15.594 -15.760
  -7.049 -15.523 -15.758
  -7.043 -15.164 -15.747
  -7.038 -16.515 -16.515
  -7.033 -15.665 -15.855
  -7.029 -16.020 -16.198
  -7.024 -15.800 -15.800
  -7.019 -15.983 -15.983
  -7.014 -15.900 -16.061
  -7.009 -15.729 -15.967
  -7.005 -16.345 -16.345
  -7.000 -15.249 -15.811
  -6.995 -16.325 -16.325
  -6.991 -15.961 -16.130
  -6.986 -15.726 -15.726
  -6.982 -15.540 -15.540
  -6.978 -16.231 -16.558
  -6.973 -16.509 -16.726
  -6.969 -15.985 -16.172
  -6.965 -15.724 -15.724
  -6.961 -15.995 -16.734
  -6.956 -15.592 -15.592
  -6.952 -15.714 -16.549
  -6.948 -16.125 -16.125
  -6.944 -15.667 -16.189
  -6.940 -16.133 -16.290
  -6.936 -14.993 -16.407
  -6.932 -15.820 -16.473
  -6.928 -16.513 -16.513
  -6.924 -16.625 -16.782
  -6.920 -16.069 -16.281
  -6.917 -16.580 -16.580
  -6.913 -16.568 -16.568
  -6.909 -16.586 -17.076
  -6.905 -16.871 -49.500
  -6.902 -15.622 -15.913
  -6.898 -15.828 -16.132
  -6.894 -14.651 -15.548
  -6.891 -16.051 -16.494
  -6.887 -15.290 -15.708
  -6.884 -16.138 -17.063
  -6.880 -16.369 -16.369
  -6.877 -17.188 -49.500
  -6.873 -16.021 -16.766
  -6.870 -16.202 -16.202
  -6.867 -17.177 -49.500
  -6.863 -16.427 -16.427
  -6.860 -14.382 -15.876
  -6.857 -15.251 -16.359
  -6.853 -16.217 -16.681
  -6.850 -15.124 -16.407
  -6.847 -15.645 -15.966
  -6.844 -15.584 -16.773
  -6.840 -15.553 -16.624
  -6.837 -16.021 -16.350
  -6.834 -15.038 -15.337
  -6.831 -16.399 -16.873
  -6.828 -15.308 -16.237
  -6.825 -15.676 -16.432
  -6.822 -14.913 -15.977
  -6.819 -15.568 -16.202
  -6.816 -16.118 -16.118
  -6.813 -16.424 -17.060
  -6.810 -16.330 -16.902
  -6.807 -16.383 -16.606
  -6.804 -16.350 -16.665
  -6.801 -49.500     NaN
  -6.798 -15.954 -49.500
  -6.795 -16.121 -16.341
  -6.792 -16.805 -16.993
  -6.789 -16.224 -16.381
  -6.787 -16.756 -16.950
  -6.784 -16.244 -16.964
  -6.781 -16.584 -16.746
  -6.778 -15.944 -16.247
  -6.775 -16.761 -17.214
  -6.773 -16.331 -16.570
  -6.770 -16.314 -16.692
  -6.767 -16.174 -49.500
  -6.765 -16.203 -16.446
  -6.762 -16.191 -16.345
  -6.759 -16.813 -49.500
  -6.757 -16.173 -16.368
  -6.754 -49.500     NaN
  -6.751 -49.500     NaN
  -6.749 -16.189 -16.456
  -6.746 -16.446 -49.500
  -6.744 -49.500     NaN
  -6.741 -16.610 -17.158
  -6.739 -16.190 -16.695
  -6.736 -14.614 -16.744
  -6.734 -16.684 -17.075
  -6.731 -16.318 -16.671
  -6.729 -16.632 -49.500
  -6.726 -16.086 -49.500
  -6.724 -15.055 -16.839
  -6.721 -16.698 -49.500
  -6.719 -16.944 -49.500
  -6.717 -49.500     NaN
  -6.714 -49.500 -49.500
  -6.712 -49.500 -49.500
  -6.709 -16.566 -49.500
  -6.707 -16.548 -49.500
  -6.705 -17.198 -49.500
  -6.702 -49.500 -49.500
  -6.700 -16.044 -16.251
  -6.698 -16.472 -17.106
  -6.696 -49.500     NaN
  -6.693 -17.075 -49.500
  -6.691 -16.548 -49.500
  -6.689 -17.337 -49.500
  -6.687 -16.494 -16.694
  -6.684 -15.586 -16.824
  -6.682 -49.500     NaN
  -6.680 -16.166 -16.366
  -6.678 -16.587 -49.500
  -6.675 -15.765 -15.765
  -6.673 -49.500     NaN
  -6.671 -49.500     NaN
  -6.669 -49.500 -49.500
  -6.667 -49.500     NaN
  -6.665 -15.496 -16.096
  -6.663 -49.500     NaN
  -6.661 -16.191 -49.500
  -6.658 -49.500     NaN
  -6.656 -49.500 -49.500
  -6.654 -49.500     NaN
  -6.652 -16.931 -49.500
  -6.650 -49.500     NaN
  -6.648 -49.500 -49.500
  -6.646 -17.005 -49.500
  -6.644 -15.395 -15.834
  -6.642 -16.193 -49.500
  -6.640 -49.500 -49.500
  -6.638 -49.500     NaN
  -6.636 -16.251 -16.251
  -6.634 -49.500     NaN
  -6.632 -49.500 -49.500
  -6.630 -49.500     NaN
  -6.628 -16.308 -16.308
  -6.626 -49.500 -49.500
  -6.624 -49.500     NaN
  -6.622 -49.500 -49.500
  -6.620 -49.500 -49.500
  -6.618 -16.444 -49.500
  -6.617 -49.500     NaN
  -6.615 -15.802 -49.500
  -6.613 -49.500     NaN
  -6.611 -15.963 -49.500
  -6.609 -49.500 -49.500
  -6.607 -49.500 -49.500
  -6.605 -49.500 -49.500
  -6.603 -49.500 -49.500
  -6.602 -49.500     NaN
  -6.600 -49.500     NaN
  -6.598 -49.500 -49.500
  -6.596 -49.500 -49.500
  -6.594 -49.500     NaN
