  -8.861 -13.717 -13.717
  -8.599 -13.822 -13.822
  -8.442 -13.962 -13.962
  -8.329 -13.807 -13.807
  -8.239 -14.134 -14.134
  -8.166 -14.159 -14.159
  -8.103 -13.791 -14.146
  -8.048 -14.352 -14.352
  -7.999 -14.283 -14.283
  -7.955 -14.509 -14.509
  -7.916 -14.371 -14.371
  -7.879 -14.381 -14.381
  -7.846 -14.646 -14.646
  -7.815 -14.362 -14.663
  -7.786 -14.194 -14.464
  -7.758 -14.582 -14.582
  -7.733 -14.537 -14.537
  -7.709 -14.557 -14.722
  -7.686 -14.659 -14.659
  -7.664 -14.615 -14.769
  -7.643 -14.693 -14.693
  -7.624 -14.678 -14.678
  -7.605 -14.828 -14.828
  -7.586 -14.570 -14.882
  -7.569 -14.829 -14.829
  -7.552 -14.798 -14.798
  -7.536 -14.520 -14.679
  -7.521 -15.088 -15.088
  -7.506 -14.807 -15.010
  -7.491 -14.724 -14.724
  -7.477 -14.926 -14.926
  -7.464 -14.973 -15.135
  -7.451 -15.154 -15.154
  -7.438 -14.896 -15.333
  -7.425 -15.241 -15.241
  -7.413 -15.232 -15.232
  -7.401 -15.360 -15.360
  -7.390 -15.369 -15.369
  -7.379 -15.272 -15.272
  -7.368 -15.408 -15.408
  -7.357 -15.114 -15.311
  -7.347 -14.314 -15.298
  -7.337 -14.754 -15.479
  -7.327 -14.930 -15.125
  -7.317 -14.836 -15.159
  -7.308 -15.312 -15.519
  -7.299 -14.156 -14.993
  -7.290 -15.116 -15.275
  -7.281 -15.515 -15.515
  -7.272 -14.887 -15.317
  -7.264 -15.403 -15.403
  -7.255 -15.487 -15.487
  -7.247 -15.325 -15.542
  -7.239 -15.359 -15.359
  -7.231 -15.097 -15.330
  -7.223 -15.746 -15.746
  -7.216 -15.488 -15.488
  -7.208 -15.771 -15.922
  -7.201 -15.294 -15.537
  -7.194 -15.732 -15.912
  -7.187 -15.313 -15.723
  -7.180 -15.420 -15.845
  -7.173 -14.969 -15.807
  -7.166 -15.050 -15.426
  -7.159 -15.700 -15.700
  -7.153 -15.813 -15.813
  -7.146 -15.414 -15.414
  -7.140 -15.517 -15.517
  -7.133 -15.799 -15.799
  -7.127 -15.684 -15.684
  -7.121 -15.648 -15.912
  -7.115 -15.548 -15.802
  -7.109 -15.829 -15.829
  -7.103 -15.439 -15.775
  -7.098 -15.606 -15.606
  -7.092 -14.764 -15.704
  -7.086 -15.835 -16.093
  -7.081 -15.264 -15.972
  -7.075 -14.950 -15.979
  -7.070 -15.933 -15.933
  -7.064 -15.784 -16.067
  -7.059 -15.361 -15.927
  -7.054 -15.692 -15.887
  -7.049 -15.190 -15.467
  -7.043 -15.477 -16.133
  -7.038 -16.031 -16.031
  -7.033 -15.466 -15.633
  -7.029 -16.172 -16.172
  -7.024 -14.865 -15.352
  -7.019 -15.812 -15.812
  -7.014 -15.461 -16.070
  -7.009 -15.717 -15.717
  -7.005 -14.576 -16.175
  -7.000 -15.922 -16.224
  -6.995 -15.925 -16.307
  -6.991 -14.786 -15.725
  -6.986 -16.321 -16.799
  -6.982 -16.602 -16.602
  -6.978 -16.093 -16.455
  -6.973 -16.549 -16.549
  -6.969 -15.843 -16.099
  -6.965 -15.643 -16.114
  -6.961 -15.850 -16.270
  -6.956 -16.172 -16.172
  -6.952 -16.292 -16.292
  -6.948 -16.545 -16.742
  -6.944 -15.555 -16.271
  -6.940 -16.240 -16.240
  -6.936 -15.837 -15.989
  -6.932 -16.352 -16.535
  -6.928 -16.040 -16.040
  -6.924 -15.159 -16.459
  -6.920 -16.600 -16.809
  -6.917 -16.453 -16.818
  -6.913 -16.091 -16.475
  -6.909 -15.307 -15.926
  -6.905 -15.508 -15.934
  -6.902 -15.838 -16.056
  -6.898 -15.888 -16.062
  -6.894 -15.749 -16.217
  -6.891 -16.020 -16.258
  -6.887 -16.277 -16.463
  -6.884 -15.945 -16.199
  -6.880 -16.498 -17.219
  -6.877 -17.058 -17.273
  -6.873 -15.796 -16.692
  -6.870 -16.105 -16.455
  -6.867 -14.893 -16.704
  -6.863 -16.413 -16.413
  -6.860 -15.983 -16.227
  -6.857 -16.178 -16.178
  -6.853 -16.172 -16.693
  -6.850 -16.017 -16.632
  -6.847 -15.984 -16.264
  -6.844 -17.287 -49.500
  -6.840 -15.945 -16.132
  -6.837 -49.500     NaN
  -6.834 -16.316 -49.500
  -6.831 -14.905 -16.336
  -6.828 -16.378 -16.620
  -6.825 -16.710 -49.500
  -6.822 -16.748 -49.500
  -6.819 -16.792 -49.500
  -6.816 -16.169 -16.640
  -6.813 -16.628 -16.874
  -6.810 -16.493 -16.766
  -6.807 -49.500     NaN
  -6.804 -15.951 -16.381
  -6.801 -16.197 -16.197
  -6.798 -16.100 -16.100
  -6.795 -16.388 -17.112
  -6.792 -15.723 -16.498
  -6.789 -15.585 -17.166
  -6.787 -16.300 -49.500
  -6.784 -16.531 -49.500
  -6.781 -15.180 -15.946
  -6.778 -16.843 -49.500
  -6.775 -15.462 -16.627
  -6.773 -15.417 -16.093
  -6.770 -49.500     NaN
  -6.767 -15.774 -15.774
  -6.765 -49.500     NaN
  -6.762 -16.896 -17.086
  -6.759 -15.645 -49.500
  -6.757 -15.314 -16.646
  -6.754 -49.500     NaN
  -6.751 -16.993 -49.500
  -6.749 -16.632 -49.500
  -6.746 -49.500     NaN
  -6.744 -49.500     NaN
  -6.741 -49.500     NaN
  -6.739 -15.235 -16.116
  -6.736 -16.602 -49.500
  -6.734 -16.933 -49.500
  -6.731 -16.297 -49.500
  -6.729 -16.602 -49.500
  -6.726 -15.858 -15.858
  -6.724 -15.796 -15.952
  -6.721 -49.500 -49.500
  -6.719 -49.500 -49.500
  -6.717 -16.613 -49.500
  -6.714 -49.500     NaN
  -6.712 -16.931 -49.500
  -6.709 -16.347 -17.211
  -6.707 -49.500 -49.500
  -6.705 -49.500     NaN
  -6.702 -16.457 -49.500
  -6.700 -49.500 -49.500
  -6.698 -17.077 -49.500
  -6.696 -16.424 -17.096
  -6.693 -16.442 -49.500
  -6.691 -49.500 -49.500
  -6.689 -49.500 -49.500
  -6.687 -16.354 -16.700
  -6.684 -14.887 -16.962
  -6.682 -16.156 -16.156
  -6.680 -49.500     NaN
  -6.678 -49.500     NaN
  -6.675 -16.747 -16.747
  -6.673 -16.371 -49.500
  -6.671 -16.131 -49.500
  -6.669 -16.367 -49.500
  -6.667 -49.500 -49.500
  -6.665 -15.421 -16.274
  -6.663 -49.500 -49.500
  -6.661 -49.500 -49.500
  -6.658 -49.500 -49.500
  -6.656 -16.691 -16.691
  -6.654 -49.500     NaN
  -6.652 -16.098 -16.098
  -6.650 -49.500 -49.500
  -6.648 -16.353 -49.500
  -6.646 -49.500 -49.500
  -6.644 -17.086 -49.500
  -6.642 -49.500 -49.500
  -6.640 -16.941 -16.941
  -6.638 -49.500 -49.500
  -6.636 -49.500 -49.500
  -6.634 -49.500 -49.500
  -6.632 -15.987 -49.500
  -6.630 -49.500 -49.500
  -6.628 -49.500     NaN
  -6.626 -16.935 -49.500
  -6.624 -16.582 -49.500
  -6.622 -49.500     NaN
  -6.620 -49.500 -49.500
  -6.618 -49.500 -49.500
  -6.617 -49.500     NaN
  -6.615 -49.500     NaN
  -6.613 -49.500     NaN
  -6.611 -49.500 -49.500
  -6.609 -16.314 -49.500
  -6.607 -49.500     NaN
  -6.605 -49.500     NaN
  -6.603 -16.591 -16.591
  -6.602 -15.846 -16.325
  -6.600 -49.500     NaN
  -6.598 -16.344 -16.344
  -6.596 -49.500     NaN
  -6.594 -16.170 -49.500
