  -8.861 -13.755 -13.755
  -8.599 -13.883 -13.883
  -8.442 -13.943 -13.943
  -8.329 -14.055 -14.055
  -8.239 -14.178 -14.178
  -8.166 -14.182 -14.182
  -8.103 -14.068 -14.291
  -8.048 -14.215 -14.215
  -7.999 -14.157 -14.157
  -7.955 -14.431 -14.431
  -7.916 -14.252 -14.252
  -7.879 -14.523 -14.523
  -7.846 -14.677 -14.677
  -7.815 -14.222 -14.494
  -7.786 -14.382 -14.535
  -7.758 -14.548 -14.548
  -7.733 -14.675 -14.675
  -7.709 -14.399 -14.753
  -7.686 -14.694 -14.925
  -7.664 -14.757 -14.757
  -7.643 -14.846 -14.846
  -7.624 -14.536 -14.961
  -7.605 -14.879 -14.879
  -7.586 -14.807 -14.807
  -7.569 -14.764 -14.764
  -7.552 -14.901 -14.901
  -7.536 -14.935 -14.935
  -7.521 -15.026 -15.026
  -7.506 -15.010 -15.010
  -7.491 -14.713 -15.191
  -7.477 -15.223 -15.223
  -7.464 -15.225 -15.225
  -7.451 -14.962 -15.166
  -7.438 -15.009 -15.197
  -7.425 -14.248 -14.638
  -7.413 -14.928 -15.263
  -7.401 -14.946 -15.196
  -7.390 -14.813 -15.130
  -7.379 -14.703 -15.099
  -7.368 -15.196 -15.196
  -7.357 -13.968 -15.069
  -7.347 -14.936 -14.936
  -7.337 -15.304 -15.304
  -7.327 -14.995 -15.528
  -7.317 -15.295 -15.295
  -7.308 -14.861 -15.582
  -7.299 -15.324 -15.324
  -7.290 -14.512 -15.722
  -7.281 -15.013 -15.639
  -7.272 -15.139 -15.139
  -7.264 -15.547 -15.547
  -7.255 -15.454 -15.454
  -7.247 -15.034 -15.530
  -7.239 -15.485 -15.485
  -7.231 -15.239 -15.239
  -7.223 -15.365 -15.365
  -7.216 -14.901 -15.606
  -7.208 -15.650 -15.650
  -7.201 -15.548 -15.548
  -7.194 -15.269 -15.544
  -7.187 -15.759 -15.759
  -7.180 -15.510 -15.510
  -7.173 -15.438 -16.015
  -7.166 -14.656 -15.682
  -7.159 -14.773 -15.058
  -7.153 -14.733 -15.779
  -7.146 -15.715 -15.715
  -7.140 -15.522 -15.876
  -7.133 -15.453 -15.902
  -7.127 -15.633 -15.633
  -7.121 -15.790 -15.790
  -7.115 -15.217 -15.737
  -7.109 -15.517 -15.517
  -7.103 -15.847 -15.847
  -7.098 -15.707 -15.707
  -7.092 -15.288 -16.026
  -7.086 -15.618 -16.001
  -7.081 -15.915 -15.915
  -7.075 -16.020 -16.020
  -7.070 -15.553 -15.726
  -7.064 -15.572 -15.772
  -7.059 -15.336 -15.848
  -7.054 -16.091 -16.091
  -7.049 -15.575 -15.727
  -7.043 -15.708 -15.911
  -7.038 -15.105 -15.365
  -7.033 -15.313 -15.499
  -7.029 -15.239 -15.766
  -7.024 -15.620 -15.620
  -7.019 -15.676 -15.944
  -7.014 -15.946 -16.349
  -7.009 -16.123 -16.366
  -7.005 -16.004 -16.004
  -7.000 -15.785 -15.973
  -6.995 -15.305 -15.920
  -6.991 -16.216 -16.216
  -6.986 -15.948 -16.288
  -6.982 -15.943 -16.319
  -6.978 -16.625 -16.781
  -6.973 -15.380 -15.854
  -6.969 -15.747 -16.849
  -6.965 -15.115 -16.397
  -6.961 -14.557 -15.104
  -6.956 -15.934 -15.934
  -6.952 -16.227 -16.227
  -6.948 -15.365 -15.616
  -6.944 -15.606 -15.757
  -6.940 -16.288 -16.288
  -6.936 -16.120 -16.385
  -6.932 -15.328 -15.644
  -6.928 -15.739 -15.739
  -6.924 -16.232 -16.232
  -6.920 -16.406 -16.406
  -6.917 -15.797 -16.187
  -6.913 -16.296 -16.501
  -6.909 -16.454 -16.454
  -6.905 -16.485 -16.803
  -6.902 -16.085 -16.366
  -6.898 -16.541 -16.729
  -6.894 -16.309 -16.750
  -6.891 -16.350 -16.633
  -6.887 -15.981 -16.165
  -6.884 -15.788 -16.515
  -6.880 -16.704 -16.927
  -6.877 -15.970 -16.356
  -6.873 -16.626 -16.796
  -6.870 -16.204 -16.386
  -6.867 -15.798 -16.137
  -6.863 -15.546 -16.019
  -6.860 -49.500 -49.500
  -6.857 -15.128 -16.199
  -6.853 -15.489 -17.324
  -6.850 -16.279 -16.434
  -6.847 -16.957 -49.500
  -6.844 -16.557 -16.745
  -6.840 -16.499 -16.683
  -6.837 -15.823 -16.179
  -6.834 -15.415 -17.017
  -6.831 -49.500     NaN
  -6.828 -16.980 -49.500
  -6.825 -16.043 -17.399
  -6.822 -16.037 -16.037
  -6.819 -15.882 -15.882
  -6.816 -16.512 -49.500
  -6.813 -15.571 -49.500
  -6.810 -16.175 -16.402
  -6.807 -16.260 -16.260
  -6.804 -16.575 -16.768
  -6.801 -15.743 -15.743
  -6.798 -16.140 -16.441
  -6.795 -16.458 -16.885
  -6.792 -16.340 -16.735
  -6.789 -49.500 -49.500
  -6.787 -15.434 -15.854
  -6.784 -15.994 -16.242
  -6.781 -15.866 -16.543
  -6.778 -16.044 -49.500
  -6.775 -16.100 -49.500
  -6.773 -16.427 -49.500
  -6.770 -16.322 -16.946
  -6.767 -49.500     NaN
  -6.765 -15.773 -16.420
  -6.762 -16.141 -49.500
  -6.759 -16.366 -49.500
  -6.757 -16.415 -49.500
  -6.754 -16.143 -16.727
  -6.751 -17.026 -49.500
  -6.749 -16.398 -16.717
  -6.746 -16.805 -49.500
  -6.744 -16.573 -49.500
  -6.741 -49.500     NaN
  -6.739 -15.359 -49.500
  -6.736 -15.797 -16.442
  -6.734 -16.191 -16.191
  -6.731 -16.749 -49.500
  -6.729 -16.883 -49.500
  -6.726 -16.476 -49.500
  -6.724 -15.966 -16.241
  -6.721 -15.939 -49.500
  -6.719 -49.500     NaN
  -6.717 -49.500     NaN
  -6.714 -15.910 -16.378
  -6.712 -49.500 -49.500
  -6.709 -49.500     NaN
  -6.707 -49.500 -49.500
  -6.705 -49.500     NaN
  -6.702 -16.641 -49.500
  -6.700 -49.500 -49.500
  -6.698 -16.867 -49.500
  -6.696 -16.709 -16.895
  -6.693 -49.500     NaN
  -6.691 -16.723 -49.500
  -6.689 -49.500 -49.500
  -6.687 -49.500 -49.500
  -6.684 -16.804 -49.500
  -6.682 -49.500     NaN
  -6.680 -16.519 -17.030
  -6.678 -15.948 -16.874
  -6.675 -49.500 -49.500
  -6.673 -16.768 -49.500
  -6.671 -17.153 -49.500
  -6.669 -49.500 -49.500
  -6.667 -16.518 -49.500
  -6.665 -16.663 -49.500
  -6.663 -16.376 -49.500
  -6.661 -16.195 -49.500
  -6.658 -15.662 -49.500
  -6.656 -49.500 -49.500
  -6.654 -49.500     NaN
  -6.652 -49.500 -49.500
  -6.650 -49.500     NaN
  -6.648 -49.500     NaN
  -6.646 -16.132 -49.500
  -6.644 -49.500     NaN
  -6.642 -49.500     NaN
  -6.640 -49.500 -49.500
  -6.638 -49.500 -49.500
  -6.636 -16.714 -49.500
  -6.634 -49.500 -49.500
  -6.632 -49.500 -49.500
  -6.630 -49.500 -49.500
  -6.628 -49.500     NaN
  -6.626 -16.017 -16.267
  -6.624 -15.997 -49.500
  -6.622 -49.500 -49.500
  -6.620 -15.946 -16.891
  -6.618 -15.555 -16.693
  -6.617 -16.467 -16.467
  -6.615 -49.500     NaN
  -6.613 -49.500 -49.500
  -6.611 -49.500 -49.500
  -6.609 -15.876 -49.500
  -6.607 -49.500     NaN
  -6.605 -49.500     NaN
  -6.603 -49.500 -49.500
  -6.602 -49.500 -49.500
  -6.600 -49.500     NaN
  -6.598 -14.857 -49.500
  -6.596 -49.500     NaN
  -6.594 -49.500     NaN
