  -8.861 -13.733 -13.733
  -8.599 -13.870 -13.870
  -8.442 -13.920 -13.920
  -8.329 -14.087 -14.087
  -8.239 -14.086 -14.086
  -8.166 -14.211 -14.211
  -8.103 -14.152 -14.152
  -8.048 -14.189 -14.189
  -7.999 -14.342 -14.342
  -7.955 -14.064 -14.352
  -7.916 -14.442 -14.442
  -7.879 -14.356 -14.356
  -7.846 -14.503 -14.503
  -7.815 -14.446 -14.665
  -7.786 -14.642 -14.795
  -7.758 -14.455 -14.455
  -7.733 -14.561 -14.561
  -7.709 -14.586 -14.586
  -7.686 -14.837 -14.837
  -7.664 -14.667 -14.667
  -7.643 -14.771 -14.771
  -7.624 -14.761 -14.761
  -7.605 -14.966 -14.966
  -7.586 -14.999 -14.999
  -7.569 -14.998 -14.998
  -7.552 -14.676 -14.848
  -7.536 -14.853 -14.853
  -7.521 -14.941 -14.941
  -7.506 -14.928 -14.928
  -7.491 -14.607 -15.194
  -7.477 -14.557 -14.968
  -7.464 -14.978 -15.142
  -7.451 -15.187 -15.187
  -7.438 -15.197 -15.197
  -7.425 -14.812 -15.012
  -7.413 -15.221 -15.221
  -7.401 -15.571 -15.571
  -7.390 -14.872 -15.092
  -7.379 -14.822 -15.063
  -7.368 -15.020 -15.020
  -7.357 -15.290 -15.290
  -7.347 -15.155 -15.155
  -7.337 -15.076 -15.365
  -7.327 -14.900 -15.173
  -7.317 -15.571 -15.571
  -7.308 -14.827 -15.044
  -7.299 -14.118 -15.041
  -7.290 -15.210 -15.395
  -7.281 -15.336 -15.562
  -7.272 -15.590 -15.812
  -7.264 -15.583 -15.583
  -7.255 -15.087 -15.542
  -7.247 -15.241 -15.398
  -7.239 -15.151 -15.151
  -7.231 -15.527 -15.527
  -7.223 -15.579 -15.579
  -7.216 -15.697 -15.697
  -7.208 -14.980 -15.238
  -7.201 -14.949 -15.158
  -7.194 -15.279 -15.279
  -7.187 -14.723 -14.723
  -7.180 -15.189 -15.441
  -7.173 -15.624 -15.852
  -7.166 -15.465 -15.465
  -7.159 -15.178 -15.933
  -7.153 -15.381 -15.630
  -7.146 -15.226 -15.226
  -7.140 -15.867 -15.867
  -7.133 -15.439 -15.787
  -7.127 -15.573 -15.573
  -7.121 -15.604 -15.604
  -7.115 -15.027 -15.195
  -7.109 -15.591 -15.591
  -7.103 -15.869 -15.869
  -7.098 -15.853 -16.243
  -7.092 -15.776 -15.776
  -7.086 -15.392 -15.392
  -7.081 -15.492 -15.713
  -7.075 -15.089 -15.828
  -7.070 -15.767 -15.767
  -7.064 -15.842 -16.091
  -7.059 -15.365 -16.081
  -7.054 -15.869 -15.869
  -7.049 -15.553 -16.016
  -7.043 -15.996 -16.241
  -7.038 -15.394 -15.684
  -7.033 -15.928 -16.130
  -7.029 -15.694 -16.126
  -7.024 -15.310 -16.133
  -7.019 -15.965 -16.126
  -7.014 -15.338 -15.884
  -7.009 -15.977 -15.977
  -7.005 -15.932 -16.127
  -7.000 -16.076 -16.389
  -6.995 -15.922 -15.922
  -6.991 -15.542 -15.695
  -6.986 -15.398 -15.822
  -6.982 -15.840 -16.212
  -6.978 -16.070 -16.070
  -6.973 -16.168 -16.168
  -6.969 -15.601 -15.834
  -6.965 -16.415 -16.415
  -6.961 -13.878 -15.635
  -6.956 -15.936 -16.205
  -6.952 -16.438 -16.438
  -6.948 -16.345 -16.345
  -6.944 -15.558 -15.799
  -6.940 -16.285 -16.563
  -6.936 -15.919 -15.919
  -6.932 -16.146 -16.315
  -6.928 -16.120 -16.120
  -6.924 -15.153 -15.913
  -6.920 -16.154 -16.308
  -6.917 -15.991 -16.194
  -6.913 -16.203 -16.784
  -6.909 -16.496 -16.767
  -6.905 -15.305 -15.983
  -6.902 -16.073 -16.655
  -6.898 -16.256 -16.855
  -6.894 -16.630 -16.832
  -6.891 -16.582 -16.582
  -6.887 -16.238 -16.406
  -6.884 -17.003 -49.500
  -6.880 -16.239 -16.403
  -6.877 -16.045 -16.556
  -6.873 -16.493 -16.700
  -6.870 -16.496 -16.684
  -6.867 -16.191 -16.758
  -6.863 -15.956 -16.109
  -6.860 -16.037 -16.385
  -6.857 -16.887 -49.500
  -6.853 -15.714 -16.653
  -6.850 -16.034 -16.192
  -6.847 -16.412 -16.412
  -6.844 -16.315 -16.590
  -6.840 -16.112 -16.409
  -6.837 -16.149 -16.149
  -6.834 -17.222 -49.500
  -6.831 -14.981 -16.265
  -6.828 -16.048 -16.204
  -6.825 -16.637 -16.807
  -6.822 -16.228 -16.556
  -6.819 -16.695 -49.500
  -6.816 -16.222 -16.826
  -6.813 -16.527 -16.805
  -6.810 -16.234 -17.180
  -6.807 -16.265 -16.503
  -6.804 -49.500     NaN
  -6.801 -16.044 -16.265
  -6.798 -16.040 -16.726
  -6.795 -16.655 -49.500
  -6.792 -15.753 -16.476
  -6.789 -16.144 -16.728
  -6.787 -16.196 -16.807
  -6.784 -16.208 -16.520
  -6.781 -16.428 -17.031
  -6.778 -16.891 -49.500
  -6.775 -49.500     NaN
  -6.773 -49.500     NaN
  -6.770 -16.068 -16.304
  -6.767 -15.799 -16.769
  -6.765 -15.871 -16.142
  -6.762 -16.699 -49.500
  -6.759 -49.500     NaN
  -6.757 -16.088 -16.523
  -6.754 -16.908 -17.413
  -6.751 -16.633 -16.633
  -6.749 -16.976 -49.500
  -6.746 -15.929 -16.424
  -6.744 -15.994 -16.154
  -6.741 -16.394 -49.500
  -6.739 -16.187 -49.500
  -6.736 -16.486 -16.720
  -6.734 -15.687 -16.037
  -6.731 -49.500 -49.500
  -6.729 -15.938 -49.500
  -6.726 -16.554 -16.914
  -6.724 -16.563 -16.741
  -6.721 -16.618 -49.500
  -6.719 -15.137 -49.500
  -6.717 -16.332 -16.332
  -6.714 -15.989 -49.500
  -6.712 -14.714 -16.290
  -6.709 -49.500 -49.500
  -6.707 -49.500 -49.500
  -6.705 -15.531 -49.500
  -6.702 -16.941 -49.500
  -6.700 -16.295 -16.730
  -6.698 -49.500     NaN
  -6.696 -49.500 -49.500
  -6.693 -16.545 -49.500
  -6.691 -16.915 -49.500
  -6.689 -49.500     NaN
  -6.687 -49.500 -49.500
  -6.684 -49.500     NaN
  -6.682 -17.180 -49.500
  -6.680 -49.500     NaN
  -6.678 -15.643 -49.500
  -6.675 -49.500     NaN
  -6.673 -16.645 -17.123
  -6.671 -49.500     NaN
  -6.669 -16.284 -49.500
  -6.667 -49.500     NaN
  -6.665 -49.500 -49.500
  -6.663 -17.116 -17.116
  -6.661 -15.825 -16.130
  -6.658 -49.500 -49.500
  -6.656 -49.500 -49.500
  -6.654 -49.500 -49.500
  -6.652 -49.500     NaN
  -6.650 -15.765 -49.500
  -6.648 -16.372 -49.500
  -6.646 -49.500     NaN
  -6.644 -49.500 -49.500
  -6.642 -49.500     NaN
  -6.640 -16.381 -49.500
  -6.638 -49.500 -49.500
  -6.636 -49.500 -49.500
  -6.634 -16.754 -49.500
  -6.632 -49.500 -49.500
  -6.630 -15.431 -49.500
  -6.628 -16.399 -16.868
  -6.626 -49.500 -49.500
  -6.624 -49.500 -49.500
  -6.622 -49.500     NaN
  -6.620 -49.500 -49.500
  -6.618 -49.500     NaN
  -6.617 -49.500 -49.500
  -6.615 -16.839 -49.500
  -6.613 -49.500 -49.500
  -6.611 -16.535 -49.500
  -6.609 -49.500 -49.500
  -6.607 -49.500     NaN
  -6.605 -17.024 -49.500
  -6.603 -49.500 -49.500
  -6.602 -49.500 -49.500
  -6.600 -49.500 -49.500
  -6.598 -49.500     NaN
  -6.596 -49.500 -49.500
  -6.594 -16.539 -16.539
