  -8.861 -13.752 -13.752
  -8.599 -13.877 -13.877
  -8.442 -14.004 -14.004
  -8.329 -14.068 -14.068
  -8.239 -14.126 -14.126
  -8.166 -14.142 -14.142
  -8.103 -14.242 -14.242
  -8.048 -14.371 -14.371
  -7.999 -13.876 -14.369
  -7.955 -14.338 -14.338
  -7.916 -14.316 -14.316
  -7.879 -14.467 -14.467
  -7.846 -14.042 -14.237
  -7.815 -14.648 -14.648
  -7.786 -14.489 -14.489
  -7.758 -14.397 -14.397
  -7.733 -14.453 -14.745
  -7.709 -14.034 -14.651
  -7.686 -14.629 -14.800
  -7.664 -14.821 -14.821
  -7.643 -14.975 -14.975
  -7.624 -14.708 -14.708
  -7.605 -14.745 -14.745
  -7.586 -14.754 -14.754
  -7.569 -14.815 -14.815
  -7.552 -14.818 -15.026
  -7.536 -14.954 -14.954
  -7.521 -14.941 -14.941
  -7.506 -14.532 -14.726
  -7.491 -14.937 -14.937
  -7.477 -14.100 -14.914
  -7.464 -14.880 -14.880
  -7.451 -14.783 -15.151
  -7.438 -14.791 -14.791
  -7.425 -15.243 -15.243
  -7.413 -14.841 -15.184
  -7.401 -15.131 -15.284
  -7.390 -14.936 -15.102
  -7.379 -15.080 -15.244
  -7.368 -15.277 -15.277
  -7.357 -14.916 -15.109
  -7.347 -15.090 -15.398
  -7.337 -15.200 -15.409
  -7.327 -14.607 -15.215
  -7.317 -15.608 -15.608
  -7.308 -15.289 -15.289
  -7.299 -14.915 -15.075
  -7.290 -15.473 -15.473
  -7.281 -15.335 -15.335
  -7.272 -14.451 -15.042
  -7.264 -14.990 -14.990
  -7.255 -14.307 -15.219
  -7.247 -15.212 -15.684
  -7.239 -15.712 -15.712
  -7.231 -14.824 -15.149
  -7.223 -15.542 -15.542
  -7.216 -15.439 -15.638
  -7.208 -15.067 -15.587
  -7.201 -15.152 -15.414
  -7.194 -15.417 -15.417
  -7.187 -15.718 -15.718
  -7.180 -15.808 -16.048
  -7.173 -15.525 -15.767
  -7.166 -14.995 -15.589
  -7.159 -15.764 -15.764
  -7.153 -14.777 -15.569
  -7.146 -15.207 -15.597
  -7.140 -15.589 -15.757
  -7.133 -15.331 -15.612
  -7.127 -14.977 -15.221
  -7.121 -15.771 -15.771
  -7.115 -15.328 -15.495
  -7.109 -15.857 -15.857
  -7.103 -15.696 -15.696
  -7.098 -15.297 -15.544
  -7.092 -15.764 -15.981
  -7.086 -15.098 -15.586
  -7.081 -15.932 -16.265
  -7.075 -15.567 -15.567
  -7.070 -15.579 -15.744
  -7.064 -15.870 -15.870
  -7.059 -15.763 -16.208
  -7.054 -15.985 -15.985
  -7.049 -15.466 -15.827
  -7.043 -15.004 -16.140
  -7.038 -15.894 -16.089
  -7.033 -14.795 -16.445
  -7.029 -16.046 -16.265
  -7.024 -15.930 -15.930
  -7.019 -15.761 -15.761
  -7.014 -15.689 -15.689
  -7.009 -15.776 -15.776
  -7.005 -14.910 -15.567
  -7.000 -15.353 -15.642
  -6.995 -15.747 -16.170
  -6.991 -15.628 -15.915
  -6.986 -16.442 -16.442
  -6.982 -15.182 -15.909
  -6.978 -16.112 -16.112
  -6.973 -14.972 -15.740
  -6.969 -16.078 -16.078
  -6.965 -16.017 -16.220
  -6.961 -15.791 -16.387
  -6.956 -16.271 -16.450
  -6.952 -15.504 -15.686
  -6.948 -15.994 -15.994
  -6.944 -15.462 -16.210
  -6.940 -15.949 -16.166
  -6.936 -15.709 -16.283
  -6.932 -16.744 -16.952
  -6.928 -15.210 -15.861
  -6.924 -16.444 -16.718
  -6.920 -16.571 -16.931
  -6.917 -16.300 -16.300
  -6.913 -16.062 -16.245
  -6.909 -16.566 -16.730
  -6.905 -16.095 -16.311
  -6.902 -15.860 -16.837
  -6.898 -15.400 -16.096
  -6.894 -15.670 -15.918
  -6.891 -15.465 -16.844
  -6.887 -16.131 -16.292
  -6.884 -16.564 -16.776
  -6.880 -15.890 -16.552
  -6.877 -16.095 -16.474
  -6.873 -15.911 -16.129
  -6.870 -17.256 -49.500
  -6.867 -16.684 -16.684
  -6.863 -16.520 -16.797
  -6.860 -15.891 -16.217
  -6.857 -16.164 -16.383
  -6.853 -15.528 -15.795
  -6.850 -16.305 -16.562
  -6.847 -16.539 -17.152
  -6.844 -15.993 -16.535
  -6.840 -15.897 -16.446
  -6.837 -16.159 -16.847
  -6.834 -16.657 -17.067
  -6.831 -15.535 -16.977
  -6.828 -16.490 -16.804
  -6.825 -15.834 -16.546
  -6.822 -16.875 -49.500
  -6.819 -16.672 -16.869
  -6.816 -15.259 -15.706
  -6.813 -16.255 -49.500
  -6.810 -15.450 -16.805
  -6.807 -16.368 -49.500
  -6.804 -16.490 -16.744
  -6.801 -16.765 -17.142
  -6.798 -15.550 -16.153
  -6.795 -14.677 -15.769
  -6.792 -16.629 -49.500
  -6.789 -49.500     NaN
  -6.787 -16.708 -16.915
  -6.784 -16.822 -49.500
  -6.781 -16.400 -49.500
  -6.778 -15.708 -16.165
  -6.775 -16.108 -49.500
  -6.773 -15.836 -16.140
  -6.770 -15.522 -49.500
  -6.767 -16.503 -49.500
  -6.765 -16.309 -49.500
  -6.762 -17.077 -49.500
  -6.759 -16.912 -49.500
  -6.757 -16.596 -17.002
  -6.754 -49.500     NaN
  -6.751 -15.299 -16.269
  -6.749 -15.255 -16.191
  -6.746 -16.779 -49.500
  -6.744 -15.373 -16.909
  -6.741 -49.500     NaN
  -6.739 -15.458 -16.826
  -6.736 -16.165 -17.003
  -6.734 -16.786 -49.500
  -6.731 -49.500     NaN
  -6.729 -15.909 -17.030
  -6.726 -16.052 -16.393
  -6.724 -16.550 -49.500
  -6.721 -16.427 -49.500
  -6.719 -49.500     NaN
  -6.717 -16.025 -16.620
  -6.714 -16.388 -49.500
  -6.712 -49.500     NaN
  -6.709 -49.500     NaN
  -6.707 -16.436 -16.862
  -6.705 -17.149 -49.500
  -6.702 -15.613 -49.500
  -6.700 -49.500     NaN
  -6.698 -16.556 -49.500
  -6.696 -16.240 -16.459
  -6.693 -16.332 -16.847
  -6.691 -49.500 -49.500
  -6.689 -16.637 -49.500
  -6.687 -16.285 -49.500
  -6.684 -49.500     NaN
  -6.682 -15.970 -16.542
  -6.680 -49.500     NaN
  -6.678 -49.500 -49.500
  -6.675 -49.500     NaN
  -6.673 -16.280 -49.500
  -6.671 -49.500     NaN
  -6.669 -49.500 -49.500
  -6.667 -16.517 -49.500
  -6.665 -49.500 -49.500
  -6.663 -16.179 -16.179
  -6.661 -16.106 -49.500
  -6.658 -49.500     NaN
  -6.656 -15.998 -49.500
  -6.654 -49.500 -49.500
  -6.652 -16.979 -49.500
  -6.650 -15.948 -16.125
  -6.648 -49.500 -49.500
  -6.646 -16.636 -17.044
  -6.644 -49.500     NaN
  -6.642 -16.389 -49.500
  -6.640 -15.550 -49.500
  -6.638 -49.500     NaN
  -6.636 -49.500 -49.500
  -6.634 -16.784 -49.500
  -6.632 -49.500     NaN
  -6.630 -49.500 -49.500
  -6.628 -16.860 -16.860
  -6.626 -49.500     NaN
  -6.624 -49.500 -49.500
  -6.622 -16.594 -16.594
  -6.620 -16.555 -49.500
  -6.618 -16.160 -16.739
  -6.617 -49.500     NaN
  -6.615 -16.358 -49.500
  -6.613 -49.500     NaN
  -6.611 -15.490 -17.045
  -6.609 -49.500 -49.500
  -6.607 -49.500     NaN
  -6.605 -49.500     NaN
  -6.603 -49.500 -49.500
  -6.602 -49.500 -49.500
  -6.600 -14.831 -16.614
  -6.598 -15.545 -15.734
  -6.596 -49.500 -49.500
  -6.594 -49.500 -49.500
