  -8.861 -13.771 -13.771
  -8.599 -13.897 -13.897
  -8.442 -13.993 -13.993
  -8.329 -14.073 -14.073
  -8.239 -14.121 -14.121
  -8.166 -14.109 -14.109
  -8.103 -14.279 -14.279
  -8.048 -14.280 -14.280
  -7.999 -14.254 -14.432
  -7.955 -14.495 -14.495
  -7.916 -14.542 -14.542
  -7.879 -14.044 -14.263
  -7.846 -14.499 -14.499
  -7.815 -14.569 -14.569
  -7.786 -14.599 -14.599
  -7.758 -14.700 -14.700
  -7.733 -14.433 -14.433
  -7.709 -14.639 -14.639
  -7.686 -14.566 -14.566
  -7.664 -14.366 -14.641
  -7.643 -14.402 -14.402
  -7.624 -14.584 -14.584
  -7.605 -14.331 -14.787
  -7.586 -14.571 -15.017
  -7.569 -14.808 -14.963
  -7.552 -14.843 -14.843
  -7.536 -14.811 -14.977
  -7.521 -14.905 -14.905
  -7.506 -14.579 -14.779
  -7.491 -15.132 -15.132
  -7.477 -14.895 -15.074
  -7.464 -14.531 -14.863
  -7.451 -14.948 -14.948
  -7.438 -14.636 -15.143
  -7.425 -14.871 -14.871
  -7.413 -15.310 -15.555
  -7.401 -14.474 -14.895
  -7.390 -14.356 -15.042
  -7.379 -15.365 -15.574
  -7.368 -15.219 -15.219
  -7.357 -14.881 -14.881
  -7.347 -15.033 -15.033
  -7.337 -15.266 -15.266
  -7.327 -14.877 -15.521
  -7.317 -15.340 -15.518
  -7.308 -15.432 -15.432
  -7.299 -15.308 -15.308
  -7.290 -15.030 -15.231
  -7.281 -15.136 -15.552
  -7.272 -14.876 -15.115
  -7.264 -14.493 -14.668
  -7.255 -15.608 -15.608
  -7.247 -14.850 -15.071
  -7.239 -15.480 -15.480
  -7.231 -15.725 -15.725
  -7.223 -15.424 -15.424
  -7.216 -15.331 -15.627
  -7.208 -14.830 -15.030
  -7.201 -14.614 -14.888
  -7.194 -15.004 -15.641
  -7.187 -15.882 -15.882
  -7.180 -14.960 -15.420
  -7.173 -15.413 -15.756
  -7.166 -15.572 -15.572
  -7.159 -14.952 -15.160
  -7.153 -15.402 -15.402
  -7.146 -15.091 -15.456
  -7.140 -15.378 -15.691
  -7.133 -15.770 -15.926
  -7.127 -15.443 -15.764
  -7.121 -15.787 -15.787
  -7.115 -15.678 -16.011
  -7.109 -15.607 -15.809
  -7.103 -15.417 -15.770
  -7.098 -15.456 -16.065
  -7.092 -15.449 -15.849
  -7.086 -15.359 -15.977
  -7.081 -15.349 -15.806
  -7.075 -15.820 -15.820
  -7.070 -15.451 -15.669
  -7.064 -15.477 -15.784
  -7.059 -15.125 -15.682
  -7.054 -15.708 -15.708
  -7.049 -14.790 -16.373
  -7.043 -15.257 -15.878
  -7.038 -15.898 -15.898
  -7.033 -15.458 -15.918
  -7.029 -15.933 -15.933
  -7.024 -15.286 -16.006
  -7.019 -15.629 -15.918
  -7.014 -15.952 -16.267
  -7.009 -15.846 -15.846
  -7.005 -16.086 -16.277
  -7.000 -15.462 -15.902
  -6.995 -15.552 -15.968
  -6.991 -16.068 -16.319
  -6.986 -15.266 -16.081
  -6.982 -15.984 -15.984
  -6.978 -16.398 -16.398
  -6.973 -16.222 -16.562
  -6.969 -15.478 -15.773
  -6.965 -15.961 -16.168
  -6.961 -15.956 -16.142
  -6.956 -15.555 -15.555
  -6.952 -16.442 -16.442
  -6.948 -16.113 -16.313
  -6.944 -16.016 -16.016
  -6.940 -15.783 -15.783
  -6.936 -16.198 -16.198
  -6.932 -15.975 -16.278
  -6.928 -15.921 -16.388
  -6.924 -16.005 -16.293
  -6.920 -16.387 -16.387
  -6.917 -16.458 -16.458
  -6.913 -16.193 -16.193
  -6.909 -15.836 -16.025
  -6.905 -15.714 -16.220
  -6.902 -16.612 -16.612
  -6.898 -16.272 -16.438
  -6.894 -16.160 -16.447
  -6.891 -15.884 -16.969
  -6.887 -16.265 -16.265
  -6.884 -16.354 -16.505
  -6.880 -15.882 -16.357
  -6.877 -15.281 -16.112
  -6.873 -15.426 -15.824
  -6.870 -16.135 -16.555
  -6.867 -16.679 -49.500
  -6.863 -16.054 -16.054
  -6.860 -49.500     NaN
  -6.857 -15.388 -16.383
  -6.853 -16.330 -16.330
  -6.850 -16.341 -17.177
  -6.847 -15.854 -16.139
  -6.844 -15.898 -16.650
  -6.840 -16.059 -49.500
  -6.837 -15.192 -15.558
  -6.834 -15.769 -16.579
  -6.831 -16.606 -17.089
  -6.828 -15.805 -16.455
  -6.825 -16.925 -49.500
  -6.822 -49.500     NaN
  -6.819 -16.372 -17.230
  -6.816 -16.440 -16.440
  -6.813 -16.288 -49.500
  -6.810 -15.962 -16.552
  -6.807 -16.099 -17.373
  -6.804 -16.919 -49.500
  -6.801 -49.500     NaN
  -6.798 -16.485 -16.720
  -6.795 -16.355 -49.500
  -6.792 -15.845 -16.044
  -6.789 -14.400 -16.079
  -6.787 -16.050 -16.050
  -6.784 -15.197 -16.873
  -6.781 -16.369 -16.609
  -6.778 -16.637 -49.500
  -6.775 -16.158 -16.309
  -6.773 -15.627 -16.590
  -6.770 -16.563 -16.563
  -6.767 -16.534 -16.985
  -6.765 -14.923 -49.500
  -6.762 -49.500 -49.500
  -6.759 -16.629 -49.500
  -6.757 -49.500 -49.500
  -6.754 -16.827 -49.500
  -6.751 -15.638 -49.500
  -6.749 -49.500     NaN
  -6.746 -16.311 -16.791
  -6.744 -16.412 -16.614
  -6.741 -16.096 -16.096
  -6.739 -15.844 -16.759
  -6.736 -49.500     NaN
  -6.734 -16.637 -16.895
  -6.731 -16.036 -16.896
  -6.729 -16.621 -49.500
  -6.726 -15.951 -49.500
  -6.724 -14.715 -16.369
  -6.721 -49.500 -49.500
  -6.719 -49.500 -49.500
  -6.717 -16.246 -49.500
  -6.714 -16.965 -16.965
  -6.712 -14.686 -16.984
  -6.709 -15.958 -49.500
  -6.707 -49.500     NaN
  -6.705 -16.071 -49.500
  -6.702 -16.660 -49.500
  -6.700 -17.020 -49.500
  -6.698 -49.500 -49.500
  -6.696 -49.500 -49.500
  -6.693 -49.500     NaN
  -6.691 -16.497 -49.500
  -6.689 -16.508 -49.500
  -6.687 -17.044 -49.500
  -6.684 -16.686 -49.500
  -6.682 -16.583 -16.583
  -6.680 -16.349 -49.500
  -6.678 -15.618 -16.100
  -6.675 -49.500 -49.500
  -6.673 -49.500 -49.500
  -6.671 -49.500     NaN
  -6.669 -16.381 -16.880
  -6.667 -16.809 -49.500
  -6.665 -15.264 -49.500
  -6.663 -49.500     NaN
  -6.661 -15.244 -49.500
  -6.658 -49.500 -49.500
  -6.656 -49.500     NaN
  -6.654 -16.303 -16.560
  -6.652 -16.720 -49.500
  -6.650 -16.230 -49.500
  -6.648 -16.846 -49.500
  -6.646 -49.500 -49.500
  -6.644 -16.531 -49.500
  -6.642 -49.500 -49.500
  -6.640 -16.338 -16.572
  -6.638 -16.464 -49.500
  -6.636 -16.241 -16.241
  -6.634 -49.500     NaN
  -6.632 -15.714 -15.714
  -6.630 -49.500     NaN
  -6.628 -49.500 -49.500
  -6.626 -16.470 -49.500
  -6.624 -49.500     NaN
  -6.622 -49.500     NaN
  -6.620 -16.693 -49.500
  -6.618 -49.500 -49.500
  -6.617 -49.500 -49.500
  -6.615 -49.500     NaN
  -6.613 -49.500     NaN
  -6.611 -15.907 -15.907
  -6.609 -49.500 -49.500
  -6.607 -49.500 -49.500
  -6.605 -49.500 -49.500
  -6.603 -16.446 -49.500
  -6.602 -49.500     NaN
  -6.600 -49.500 -49.500
  -6.598 -15.972 -15.972
  -6.596 -49.500 -49.500
  -6.594 -49.500 -49.500
