  -8.861 -13.736 -13.736
  -8.599 -13.829 -13.829
  -8.442 -13.979 -13.979
  -8.329 -13.950 -13.950
  -8.239 -14.097 -14.097
  -8.166 -14.184 -14.184
  -8.103 -14.235 -14.235
  -8.048 -14.252 -14.252
  -7.999 -14.216 -14.216
  -7.955 -14.407 -14.407
  -7.916 -14.494 -14.494
  -7.879 -14.337 -14.337
  -7.846 -14.543 -14.543
  -7.815 -14.467 -14.467
  -7.786 -14.671 -14.671
  -7.758 -14.545 -14.545
  -7.733 -14.622 -14.622
  -7.709 -14.462 -14.462
  -7.686 -14.600 -14.600
  -7.664 -14.609 -14.609
  -7.643 -14.775 -14.775
  -7.624 -14.833 -14.833
  -7.605 -14.810 -14.810
  -7.586 -14.972 -14.972
  -7.569 -14.666 -14.871
  -7.552 -14.849 -15.031
  -7.536 -14.968 -14.968
  -7.521 -14.522 -14.522
  -7.506 -14.951 -14.951
  -7.491 -14.945 -14.945
  -7.477 -14.681 -14.902
  -7.464 -14.855 -14.855
  -7.451 -15.262 -15.262
  -7.438 -14.601 -14.774
  -7.425 -14.879 -14.879
  -7.413 -14.868 -15.110
  -7.401 -14.850 -15.136
  -7.390 -14.980 -15.274
  -7.379 -15.007 -15.007
  -7.368 -14.732 -15.098
  -7.357 -15.022 -15.022
  -7.347 -14.655 -15.007
  -7.337 -15.042 -15.042
  -7.327 -15.157 -15.157
  -7.317 -14.886 -15.107
  -7.308 -14.440 -15.144
  -7.299 -15.317 -15.682
  -7.290 -14.973 -15.143
  -7.281 -15.183 -15.475
  -7.272 -15.287 -15.287
  -7.264 -15.477 -15.673
  -7.255 -15.567 -15.567
  -7.247 -15.595 -15.595
  -7.239 -14.805 -15.197
  -7.231 -15.848 -15.848
  -7.223 -15.205 -15.568
  -7.216 -14.464 -15.746
  -7.208 -14.955 -15.478
  -7.201 -15.950 -15.950
  -7.194 -14.758 -15.722
  -7.187 -15.715 -15.715
  -7.180 -15.651 -15.911
  -7.173 -15.610 -15.610
  -7.166 -15.458 -15.689
  -7.159 -15.839 -15.839
  -7.153 -15.399 -15.399
  -7.146 -14.693 -15.731
  -7.140 -14.546 -15.714
  -7.133 -15.280 -15.280
  -7.127 -15.901 -15.901
  -7.121 -15.723 -15.723
  -7.115 -15.714 -16.231
  -7.109 -15.518 -15.669
  -7.103 -14.971 -15.892
  -7.098 -15.767 -16.004
  -7.092 -15.181 -15.712
  -7.086 -14.670 -15.440
  -7.081 -15.648 -15.799
  -7.075 -15.871 -15.871
  -7.070 -15.449 -15.843
  -7.064 -16.008 -16.243
  -7.059 -15.735 -16.193
  -7.054 -15.963 -15.963
  -7.049 -15.834 -16.207
  -7.043 -15.596 -16.328
  -7.038 -14.864 -15.426
  -7.033 -15.437 -16.065
  -7.029 -15.022 -16.025
  -7.024 -16.057 -16.057
  -7.019 -15.600 -15.897
  -7.014 -16.201 -16.201
  -7.009 -15.831 -16.224
  -7.005 -15.814 -15.978
  -7.000 -15.974 -16.172
  -6.995 -15.526 -15.886
  -6.991 -14.513 -15.440
  -6.986 -15.841 -16.282
  -6.982 -15.840 -15.840
  -6.978 -14.863 -16.019
  -6.973 -15.458 -16.173
  -6.969 -15.744 -15.930
  -6.965 -15.097 -16.012
  -6.961 -15.808 -15.968
  -6.956 -15.849 -15.849
  -6.952 -15.705 -16.460
  -6.948 -16.245 -16.245
  -6.944 -16.166 -16.891
  -6.940 -16.030 -16.030
  -6.936 -16.215 -16.643
  -6.932 -15.668 -15.852
  -6.928 -16.165 -16.329
  -6.924 -15.352 -15.583
  -6.920 -16.146 -16.507
  -6.917 -15.898 -16.092
  -6.913 -15.760 -15.968
  -6.909 -15.718 -16.386
  -6.905 -15.939 -16.660
  -6.902 -14.356 -16.131
  -6.898 -16.263 -16.263
  -6.894 -16.122 -16.839
  -6.891 -15.530 -15.775
  -6.887 -16.723 -16.723
  -6.884 -16.022 -16.213
  -6.880 -15.817 -16.997
  -6.877 -49.500     NaN
  -6.873 -15.605 -16.912
  -6.870 -16.192 -16.642
  -6.867 -17.024 -17.382
  -6.863 -16.444 -16.612
  -6.860 -17.098 -49.500
  -6.857 -15.449 -16.389
  -6.853 -15.408 -15.792
  -6.850 -16.260 -17.056
  -6.847 -17.038 -49.500
  -6.844 -16.665 -16.665
  -6.840 -16.735 -49.500
  -6.837 -16.171 -16.500
  -6.834 -16.447 -16.910
  -6.831 -49.500     NaN
  -6.828 -15.890 -16.651
  -6.825 -16.180 -16.365
  -6.822 -15.941 -16.356
  -6.819 -16.735 -17.141
  -6.816 -16.292 -16.574
  -6.813 -49.500     NaN
  -6.810 -15.911 -16.531
  -6.807 -16.754 -16.924
  -6.804 -15.783 -16.271
  -6.801 -16.973 -49.500
  -6.798 -17.352 -49.500
  -6.795 -16.665 -49.500
  -6.792 -14.726 -16.350
  -6.789 -16.957 -49.500
  -6.787 -17.213 -49.500
  -6.784 -16.326 -16.653
  -6.781 -49.500     NaN
  -6.778 -49.500     NaN
  -6.775 -16.565 -16.953
  -6.773 -17.053 -49.500
  -6.770 -16.699 -49.500
  -6.767 -16.780 -17.090
  -6.765 -16.173 -16.984
  -6.762 -49.500     NaN
  -6.759 -16.620 -49.500
  -6.757 -49.500     NaN
  -6.754 -15.780 -16.186
  -6.751 -49.500     NaN
  -6.749 -15.907 -16.661
  -6.746 -15.876 -16.279
  -6.744 -16.327 -16.944
  -6.741 -16.290 -16.511
  -6.739 -49.500     NaN
  -6.736 -16.003 -16.662
  -6.734 -49.500 -49.500
  -6.731 -16.953 -49.500
  -6.729 -16.276 -49.500
  -6.726 -16.731 -49.500
  -6.724 -15.690 -17.132
  -6.721 -49.500     NaN
  -6.719 -16.257 -16.257
  -6.717 -16.151 -16.403
  -6.714 -15.087 -17.089
  -6.712 -16.454 -49.500
  -6.709 -15.607 -49.500
  -6.707 -16.208 -16.508
  -6.705 -16.004 -49.500
  -6.702 -49.500     NaN
  -6.700 -14.666 -49.500
  -6.698 -16.623 -16.623
  -6.696 -16.752 -16.998
  -6.693 -16.617 -49.500
  -6.691 -16.426 -49.500
  -6.689 -49.500     NaN
  -6.687 -49.500 -49.500
  -6.684 -49.500     NaN
  -6.682 -16.307 -16.307
  -6.680 -16.165 -49.500
  -6.678 -49.500     NaN
  -6.675 -15.902 -16.278
  -6.673 -16.874 -16.874
  -6.671 -49.500 -49.500
  -6.669 -49.500 -49.500
  -6.667 -49.500     NaN
  -6.665 -49.500     NaN
  -6.663 -15.169 -16.235
  -6.661 -49.500 -49.500
  -6.658 -16.460 -16.460
  -6.656 -16.022 -16.741
  -6.654 -16.474 -49.500
  -6.652 -49.500 -49.500
  -6.650 -49.500     NaN
  -6.648 -49.500     NaN
  -6.646 -15.603 -16.449
  -6.644 -16.175 -16.485
  -6.642 -15.529 -49.500
  -6.640 -49.500     NaN
  -6.638 -16.663 -49.500
  -6.636 -16.346 -16.346
  -6.634 -49.500 -49.500
  -6.632 -16.452 -49.500
  -6.630 -15.577 -49.500
  -6.628 -49.500 -49.500
  -6.626 -49.500     NaN
  -6.624 -49.500 -49.500
  -6.622 -49.500 -49.500
  -6.620 -16.890 -49.500
  -6.618 -16.290 -16.290
  -6.617 -49.500 -49.500
  -6.615 -49.500     NaN
  -6.613 -16.708 -16.708
  -6.611 -49.500     NaN
  -6.609 -49.500     NaN
  -6.607 -49.500     NaN
  -6.605 -49.500 -49.500
  -6.603 -49.500     NaN
  -6.602 -49.500 -49.500
  -6.600 -49.500     NaN
  -6.598 -49.500     NaN
  -6.596 -16.602 -49.500
  -6.594 -14.643 -16.772
