  -8.861 -13.736 -13.736
  -8.599 -13.927 -13.927
  -8.442 -13.857 -13.857
  -8.329 -14.076 -14.076
  -8.239 -14.139 -14.139
  -8.166 -14.058 -14.058
  -8.103 -14.163 -14.163
  -8.048 -14.351 -14.351
  -7.999 -14.108 -14.108
  -7.955 -14.380 -14.380
  -7.916 -14.494 -14.494
  -7.879 -14.291 -14.522
  -7.846 -14.540 -14.540
  -7.815 -14.579 -14.579
  -7.786 -14.639 -14.639
  -7.758 -14.678 -14.678
  -7.733 -14.462 -14.462
  -7.709 -14.634 -14.634
  -7.686 -14.591 -14.591
  -7.664 -14.810 -14.810
  -7.643 -14.782 -14.782
  -7.624 -14.813 -14.813
  -7.605 -14.805 -14.805
  -7.586 -14.419 -14.419
  -7.569 -14.491 -14.854
  -7.552 -14.680 -15.018
  -7.536 -14.799 -14.952
  -7.521 -14.655 -14.942
  -7.506 -14.937 -14.937
  -7.491 -15.126 -15.126
  -7.477 -14.860 -14.860
  -7.464 -14.861 -14.861
  -7.451 -15.143 -15.143
  -7.438 -15.069 -15.069
  -7.425 -15.124 -15.350
  -7.413 -15.259 -15.259
  -7.401 -15.117 -15.341
  -7.390 -15.004 -15.226
  -7.379 -14.757 -15.086
  -7.368 -14.978 -14.978
  -7.357 -14.488 -15.238
  -7.347 -14.187 -15.060
  -7.337 -14.662 -15.446
  -7.327 -14.742 -15.590
  -7.317 -15.564 -15.564
  -7.308 -15.127 -15.616
  -7.299 -15.252 -15.405
  -7.290 -15.514 -15.514
  -7.281 -14.929 -15.552
  -7.272 -15.173 -15.337
  -7.264 -14.680 -15.108
  -7.255 -15.617 -15.617
  -7.247 -14.986 -15.444
  -7.239 -15.175 -15.513
  -7.231 -15.194 -15.194
  -7.223 -15.346 -15.545
  -7.216 -14.754 -14.973
  -7.208 -15.444 -15.444
  -7.201 -15.376 -15.376
  -7.194 -15.637 -15.637
  -7.187 -15.758 -15.758
  -7.180 -15.373 -16.063
  -7.173 -15.569 -15.569
  -7.166 -15.566 -15.905
  -7.159 -14.295 -14.595
  -7.153 -15.187 -15.621
  -7.146 -15.000 -15.340
  -7.140 -15.478 -15.641
  -7.133 -15.831 -15.831
  -7.127 -15.878 -15.878
  -7.121 -15.519 -15.519
  -7.115 -15.377 -15.655
  -7.109 -15.125 -15.496
  -7.103 -15.820 -15.820
  -7.098 -15.226 -15.514
  -7.092 -15.352 -15.510
  -7.086 -15.436 -15.436
  -7.081 -15.969 -15.969
  -7.075 -15.764 -15.764
  -7.070 -15.843 -16.244
  -7.064 -15.625 -15.625
  -7.059 -15.333 -15.552
  -7.054 -16.013 -16.013
  -7.049 -16.005 -16.005
  -7.043 -15.188 -15.987
  -7.038 -15.768 -15.768
  -7.033 -15.482 -15.482
  -7.029 -15.440 -16.139
  -7.024 -15.956 -16.109
  -7.019 -16.048 -16.048
  -7.014 -15.386 -15.724
  -7.009 -15.633 -16.127
  -7.005 -15.908 -16.098
  -7.000 -15.786 -16.067
  -6.995 -15.555 -16.171
  -6.991 -16.241 -16.485
  -6.986 -14.915 -15.430
  -6.982 -14.772 -15.562
  -6.978 -16.322 -16.322
  -6.973 -15.776 -15.776
  -6.969 -15.344 -16.077
  -6.965 -15.689 -15.942
  -6.961 -15.788 -15.788
  -6.956 -15.593 -15.882
  -6.952 -16.111 -16.388
  -6.948 -16.243 -16.243
  -6.944 -15.725 -16.231
  -6.940 -15.668 -16.211
  -6.936 -16.140 -16.486
  -6.932 -16.545 -23.080
  -6.928 -16.383 -16.704
  -6.924 -16.250 -16.250
  -6.920 -15.826 -16.337
  -6.917 -15.500 -15.706
  -6.913 -16.237 -16.237
  -6.909 -15.272 -15.498
  -6.905 -16.450 -16.618
  -6.902 -16.486 -16.770
  -6.898 -16.202 -16.202
  -6.894 -16.274 -16.661
  -6.891 -16.191 -16.191
  -6.887 -16.087 -16.304
  -6.884 -16.223 -16.755
  -6.880 -16.104 -16.556
  -6.877 -16.004 -16.362
  -6.873 -16.486 -17.152
  -6.870 -16.522 -16.522
  -6.867 -16.163 -16.163
  -6.863 -16.772 -49.500
  -6.860 -16.445 -16.660
  -6.857 -16.214 -16.462
  -6.853 -15.407 -16.092
  -6.850 -15.721 -16.176
  -6.847 -16.498 -16.730
  -6.844 -16.946 -49.500
  -6.840 -15.788 -16.713
  -6.837 -16.785 -17.009
  -6.834 -15.724 -16.385
  -6.831 -16.187 -16.187
  -6.828 -16.758 -49.500
  -6.825 -17.008 -49.500
  -6.822 -15.840 -16.389
  -6.819 -16.631 -16.938
  -6.816 -17.041 -49.500
  -6.813 -16.780 -49.500
  -6.810 -16.140 -16.350
  -6.807 -49.500     NaN
  -6.804 -15.996 -16.506
  -6.801 -16.015 -16.463
  -6.798 -16.023 -16.628
  -6.795 -16.680 -17.022
  -6.792 -16.247 -16.911
  -6.789 -16.525 -16.745
  -6.787 -16.373 -49.500
  -6.784 -16.218 -16.218
  -6.781 -16.579 -49.500
  -6.778 -15.938 -16.538
  -6.775 -16.430 -16.692
  -6.773 -49.500     NaN
  -6.770 -16.907 -49.500
  -6.767 -49.500     NaN
  -6.765 -16.414 -49.500
  -6.762 -15.641 -49.500
  -6.759 -15.287 -49.500
  -6.757 -16.208 -16.208
  -6.754 -16.374 -16.551
  -6.751 -16.205 -16.205
  -6.749 -49.500 -49.500
  -6.746 -49.500     NaN
  -6.744 -16.281 -17.187
  -6.741 -16.846 -49.500
  -6.739 -16.811 -49.500
  -6.736 -16.434 -16.836
  -6.734 -16.461 -49.500
  -6.731 -49.500     NaN
  -6.729 -49.500     NaN
  -6.726 -16.731 -16.904
  -6.724 -15.519 -16.908
  -6.721 -16.378 -49.500
  -6.719 -16.065 -16.381
  -6.717 -14.856 -49.500
  -6.714 -15.671 -49.500
  -6.712 -49.500 -49.500
  -6.709 -16.578 -16.937
  -6.707 -16.787 -49.500
  -6.705 -49.500     NaN
  -6.702 -16.102 -16.850
  -6.700 -49.500     NaN
  -6.698 -16.039 -16.249
  -6.696 -16.468 -49.500
  -6.693 -49.500 -49.500
  -6.691 -49.500     NaN
  -6.689 -16.537 -17.001
  -6.687 -49.500     NaN
  -6.684 -49.500     NaN
  -6.682 -16.273 -49.500
  -6.680 -16.716 -16.716
  -6.678 -16.385 -16.595
  -6.675 -49.500     NaN
  -6.673 -16.730 -49.500
  -6.671 -49.500 -49.500
  -6.669 -16.029 -49.500
  -6.667 -49.500     NaN
  -6.665 -16.438 -17.106
  -6.663 -49.500     NaN
  -6.661 -49.500     NaN
  -6.658 -16.120 -49.500
  -6.656 -49.500     NaN
  -6.654 -49.500 -49.500
  -6.652 -16.444 -49.500
  -6.650 -16.723 -49.500
  -6.648 -49.500 -49.500
  -6.646 -49.500     NaN
  -6.644 -16.615 -49.500
  -6.642 -49.500     NaN
  -6.640 -49.500 -49.500
  -6.638 -15.792 -16.104
  -6.636 -49.500 -49.500
  -6.634 -49.500 -49.500
  -6.632 -16.820 -16.820
  -6.630 -49.500 -49.500
  -6.628 -16.627 -49.500
  -6.626 -49.500 -49.500
  -6.624 -17.016 -49.500
  -6.622 -15.608 -49.500
  -6.620 -15.411 -49.500
  -6.618 -49.500 -49.500
  -6.617 -16.720 -49.500
  -6.615 -16.414 -16.414
  -6.613 -15.918 -49.500
  -6.611 -49.500     NaN
  -6.609 -16.177 -49.500
  -6.607 -49.500 -49.500
  -6.605 -16.096 -16.096
  -6.603 -49.500 -49.500
  -6.602 -49.500     NaN
  -6.600 -49.500 -49.500
  -6.598 -49.500 -49.500
  -6.596 -49.500 -49.500
  -6.594 -15.627 -49.500
