  -8.861 -13.730 -13.730
  -8.599 -13.867 -13.867
  -8.442 -13.937 -13.937
  -8.329 -14.122 -14.122
  -8.239 -14.104 -14.104
  -8.166 -14.177 -14.177
  -8.103 -14.009 -14.260
  -8.048 -14.222 -14.222
  -7.999 -14.243 -14.243
  -7.955 -14.237 -14.414
  -7.916 -14.384 -14.384
  -7.879 -14.543 -14.543
  -7.846 -14.515 -14.515
  -7.815 -14.602 -14.602
  -7.786 -14.574 -14.574
  -7.758 -14.394 -14.394
  -7.733 -14.482 -14.482
  -7.709 -14.415 -14.415
  -7.686 -14.689 -14.689
  -7.664 -14.641 -14.641
  -7.643 -14.716 -14.716
  -7.624 -14.316 -14.763
  -7.605 -14.993 -14.993
  -7.586 -14.829 -14.829
  -7.569 -14.851 -14.851
  -7.552 -14.555 -14.555
  -7.536 -14.877 -14.877
  -7.521 -15.165 -15.318
  -7.506 -14.596 -14.596
  -7.491 -14.784 -15.161
  -7.477 -15.151 -15.151
  -7.464 -14.779 -15.098
  -7.451 -14.864 -14.864
  -7.438 -15.040 -15.040
  -7.425 -14.880 -15.167
  -7.413 -13.846 -15.008
  -7.401 -14.729 -15.003
  -7.390 -14.757 -15.123
  -7.379 -14.954 -14.954
  -7.368 -15.350 -15.350
  -7.357 -14.990 -15.142
  -7.347 -15.570 -15.570
  -7.337 -15.402 -15.402
  -7.327 -15.431 -15.431
  -7.317 -15.246 -15.246
  -7.308 -15.274 -15.274
  -7.299 -14.908 -15.095
  -7.290 -15.038 -15.446
  -7.281 -14.790 -15.209
  -7.272 -15.314 -15.314
  -7.264 -15.339 -15.339
  -7.255 -15.014 -15.289
  -7.247 -15.598 -15.598
  -7.239 -15.011 -15.179
  -7.231 -15.327 -15.551
  -7.223 -15.598 -15.862
  -7.216 -15.438 -15.654
  -7.208 -15.556 -15.556
  -7.201 -14.913 -15.783
  -7.194 -15.131 -15.542
  -7.187 -15.742 -15.742
  -7.180 -15.889 -15.889
  -7.173 -15.889 -15.889
  -7.166 -15.710 -15.940
  -7.159 -15.589 -15.589
  -7.153 -15.302 -15.752
  -7.146 -15.303 -15.893
  -7.140 -15.310 -15.652
  -7.133 -15.999 -15.999
  -7.127 -16.170 -16.170
  -7.121 -15.949 -16.131
  -7.115 -16.048 -16.048
  -7.109 -15.926 -15.926
  -7.103 -14.989 -16.079
  -7.098 -15.239 -15.518
  -7.092 -15.496 -15.675
  -7.086 -15.742 -15.742
  -7.081 -15.894 -16.084
  -7.075 -15.415 -15.415
  -7.070 -16.093 -16.347
  -7.064 -15.110 -15.405
  -7.059 -15.368 -15.521
  -7.054 -14.806 -15.289
  -7.049 -15.631 -15.800
  -7.043 -16.122 -16.122
  -7.038 -15.843 -16.087
  -7.033 -15.422 -15.656
  -7.029 -15.755 -15.973
  -7.024 -15.859 -15.859
  -7.019 -14.885 -16.227
  -7.014 -16.024 -16.024
  -7.009 -16.013 -16.013
  -7.005 -15.309 -16.045
  -7.000 -15.547 -15.833
  -6.995 -15.968 -15.968
  -6.991 -15.050 -15.645
  -6.986 -14.903 -15.659
  -6.982 -15.223 -15.800
  -6.978 -16.169 -16.169
  -6.973 -15.338 -15.610
  -6.969 -16.282 -16.282
  -6.965 -16.333 -16.922
  -6.961 -14.506 -15.790
  -6.956 -15.687 -16.659
  -6.952 -15.731 -16.831
  -6.948 -16.462 -16.749
  -6.944 -15.889 -16.448
  -6.940 -15.858 -16.008
  -6.936 -15.725 -16.483
  -6.932 -15.967 -16.213
  -6.928 -16.271 -16.491
  -6.924 -15.297 -16.168
  -6.920 -15.825 -16.231
  -6.917 -16.463 -16.759
  -6.913 -15.670 -16.672
  -6.909 -16.069 -16.069
  -6.905 -15.408 -16.082
  -6.902 -15.893 -15.893
  -6.898 -16.379 -16.379
  -6.894 -16.281 -16.749
  -6.891 -15.993 -15.993
  -6.887 -15.965 -16.823
  -6.884 -16.290 -16.904
  -6.880 -15.899 -16.392
  -6.877 -16.276 -16.436
  -6.873 -16.405 -16.660
  -6.870 -16.523 -16.887
  -6.867 -16.042 -16.269
  -6.863 -16.399 -16.560
  -6.860 -17.218 -49.500
  -6.857 -15.317 -16.121
  -6.853 -16.954 -17.114
  -6.850 -16.342 -17.037
  -6.847 -15.419 -16.683
  -6.844 -15.051 -15.592
  -6.840 -15.849 -16.380
  -6.837 -15.470 -16.094
  -6.834 -15.816 -16.184
  -6.831 -16.198 -16.905
  -6.828 -16.146 -16.433
  -6.825 -16.085 -16.085
  -6.822 -15.535 -16.076
  -6.819 -49.500     NaN
  -6.816 -15.935 -15.935
  -6.813 -16.835 -16.835
  -6.810 -17.035 -49.500
  -6.807 -16.333 -16.532
  -6.804 -15.860 -16.331
  -6.801 -16.572 -16.872
  -6.798 -16.325 -16.812
  -6.795 -16.102 -16.102
  -6.792 -15.755 -49.500
  -6.789 -16.303 -16.591
  -6.787 -16.743 -49.500
  -6.784 -16.577 -49.500
  -6.781 -16.436 -49.500
  -6.778 -16.276 -16.481
  -6.775 -16.520 -16.888
  -6.773 -49.500     NaN
  -6.770 -15.999 -49.500
  -6.767 -16.329 -49.500
  -6.765 -15.892 -17.094
  -6.762 -16.057 -16.247
  -6.759 -16.079 -16.765
  -6.757 -15.678 -16.001
  -6.754 -15.788 -16.366
  -6.751 -16.948 -49.500
  -6.749 -16.803 -16.958
  -6.746 -16.130 -17.084
  -6.744 -16.641 -16.641
  -6.741 -49.500     NaN
  -6.739 -16.882 -49.500
  -6.736 -49.500     NaN
  -6.734 -49.500     NaN
  -6.731 -16.205 -16.381
  -6.729 -17.078 -49.500
  -6.726 -16.107 -49.500
  -6.724 -49.500     NaN
  -6.721 -49.500     NaN
  -6.719 -15.317 -16.633
  -6.717 -16.878 -49.500
  -6.714 -49.500 -49.500
  -6.712 -14.872 -16.857
  -6.709 -49.500     NaN
  -6.707 -16.140 -16.140
  -6.705 -49.500 -49.500
  -6.702 -16.398 -49.500
  -6.700 -15.974 -16.351
  -6.698 -49.500 -49.500
  -6.696 -15.365 -16.917
  -6.693 -16.926 -49.500
  -6.691 -49.500     NaN
  -6.689 -16.419 -49.500
  -6.687 -49.500 -49.500
  -6.684 -16.684 -49.500
  -6.682 -49.500     NaN
  -6.680 -49.500 -49.500
  -6.678 -49.500 -49.500
  -6.675 -16.405 -49.500
  -6.673 -49.500     NaN
  -6.671 -49.500     NaN
  -6.669 -15.481 -15.481
  -6.667 -15.934 -17.064
  -6.665 -49.500 -49.500
  -6.663 -16.677 -49.500
  -6.661 -49.500     NaN
  -6.658 -16.308 -16.622
  -6.656 -16.493 -16.493
  -6.654 -16.800 -16.800
  -6.652 -15.391 -49.500
  -6.650 -16.262 -49.500
  -6.648 -16.413 -49.500
  -6.646 -49.500 -49.500
  -6.644 -16.190 -16.190
  -6.642 -15.738 -16.212
  -6.640 -49.500 -49.500
  -6.638 -49.500     NaN
  -6.636 -49.500 -49.500
  -6.634 -49.500 -49.500
  -6.632 -16.372 -49.500
  -6.630 -49.500 -49.500
  -6.628 -49.500     NaN
  -6.626 -49.500 -49.500
  -6.624 -49.500 -49.500
  -6.622 -49.500     NaN
  -6.620 -49.500 -49.500
  -6.618 -49.500     NaN
  -6.617 -49.500 -49.500
  -6.615 -49.500 -49.500
  -6.613 -16.199 -49.500
  -6.611 -49.500     NaN
  -6.609 -49.500     NaN
  -6.607 -49.500 -49.500
  -6.605 -15.469 -49.500
  -6.603 -49.500 -49.500
  -6.602 -16.711 -49.500
  -6.600 -49.500 -49.500
  -6.598 -49.500 -49.500
  -6.596 -49.500 -49.500
  -6.594 -49.500 -49.500
