  -8.861 -13.763 -13.763
  -8.599 -13.838 -13.838
  -8.442 -14.014 -14.014
  -8.329 -14.024 -14.024
  -8.239 -14.194 -14.194
  -8.166 -14.120 -14.120
  -8.103 -14.264 -14.264
  -8.048 -14.383 -14.383
  -7.999 -14.335 -14.335
  -7.955 -14.498 -14.498
  -7.916 -14.393 -14.393
  -7.879 -14.449 -14.449
  -7.846 -14.368 -14.574
  -7.815 -14.559 -14.559
  -7.786 -14.283 -14.614
  -7.758 -14.787 -14.787
  -7.733 -14.638 -14.638
  -7.709 -14.602 -14.787
  -7.686 -14.855 -14.855
  -7.664 -14.726 -14.726
  -7.643 -14.790 -14.790
  -7.624 -14.455 -14.782
  -7.605 -14.852 -14.852
  -7.586 -14.923 -14.923
  -7.569 -14.264 -14.862
  -7.552 -14.723 -14.723
  -7.536 -14.795 -14.795
  -7.521 -14.945 -14.945
  -7.506 -14.780 -15.046
  -7.491 -14.569 -14.782
  -7.477 -15.097 -15.097
  -7.464 -14.896 -14.896
  -7.451 -14.849 -15.034
  -7.438 -15.143 -15.143
  -7.425 -15.329 -15.329
  -7.413 -15.210 -15.210
  -7.401 -14.848 -15.110
  -7.390 -15.003 -15.003
  -7.379 -15.271 -15.271
  -7.368 -15.189 -15.189
  -7.357 -14.849 -15.185
  -7.347 -15.275 -15.469
  -7.337 -14.917 -15.069
  -7.327 -15.184 -15.184
  -7.317 -15.327 -15.557
  -7.308 -15.565 -15.565
  -7.299 -15.281 -15.281
  -7.290 -15.151 -15.361
  -7.281 -15.698 -15.698
  -7.272 -15.147 -15.560
  -7.264 -15.305 -15.305
  -7.255 -15.092 -15.270
  -7.247 -14.477 -15.618
  -7.239 -15.367 -15.367
  -7.231 -15.307 -15.307
  -7.223 -15.719 -15.719
  -7.216 -14.956 -14.956
  -7.208 -15.323 -15.608
  -7.201 -15.653 -15.653
  -7.194 -15.787 -15.787
  -7.187 -15.368 -15.667
  -7.180 -15.429 -15.674
  -7.173 -15.586 -15.586
  -7.166 -15.583 -15.583
  -7.159 -15.615 -15.615
  -7.153 -15.064 -15.271
  -7.146 -15.730 -15.730
  -7.140 -15.725 -15.725
  -7.133 -15.472 -15.835
  -7.127 -15.245 -15.744
  -7.121 -15.332 -15.332
  -7.115 -15.623 -15.623
  -7.109 -15.612 -15.612
  -7.103 -15.614 -16.090
  -7.098 -15.777 -16.025
  -7.092 -15.466 -15.853
  -7.086 -15.198 -15.198
  -7.081 -15.794 -15.948
  -7.075 -16.059 -16.059
  -7.070 -15.235 -15.675
  -7.064 -14.691 -15.466
  -7.059 -15.907 -16.166
  -7.054 -16.032 -16.032
  -7.049 -15.300 -15.480
  -7.043 -15.887 -15.887
  -7.038 -16.184 -16.184
  -7.033 -15.679 -15.679
  -7.029 -15.552 -15.834
  -7.024 -15.723 -16.190
  -7.019 -16.309 -16.309
  -7.014 -15.803 -15.803
  -7.009 -15.581 -16.243
  -7.005 -16.112 -16.112
  -7.000 -15.697 -15.940
  -6.995 -16.065 -16.306
  -6.991 -15.995 -15.995
  -6.986 -15.498 -15.498
  -6.982 -16.077 -16.077
  -6.978 -16.311 -16.746
  -6.973 -15.509 -15.769
  -6.969 -15.040 -16.395
  -6.965 -15.933 -16.245
  -6.961 -15.970 -15.970
  -6.956 -16.296 -16.296
  -6.952 -15.466 -16.321
  -6.948 -15.591 -15.591
  -6.944 -15.800 -16.141
  -6.940 -15.153 -16.017
  -6.936 -16.036 -16.430
  -6.932 -16.338 -16.338
  -6.928 -15.043 -15.811
  -6.924 -15.790 -16.006
  -6.920 -16.242 -16.576
  -6.917 -15.662 -16.141
  -6.913 -16.323 -16.323
  -6.909 -14.982 -15.756
  -6.905 -16.178 -16.178
  -6.902 -16.291 -16.444
  -6.898 -14.739 -16.470
  -6.894 -16.171 -16.171
  -6.891 -15.707 -15.872
  -6.887 -15.800 -16.762
  -6.884 -15.134 -16.126
  -6.880 -15.935 -16.160
  -6.877 -16.513 -16.722
  -6.873 -14.445 -16.465
  -6.870 -15.866 -16.401
  -6.867 -16.416 -16.617
  -6.863 -16.414 -16.805
  -6.860 -15.764 -16.478
  -6.857 -16.681 -17.144
  -6.853 -16.454 -16.700
  -6.850 -16.643 -49.500
  -6.847 -16.462 -17.112
  -6.844 -16.562 -49.500
  -6.840 -14.634 -15.728
  -6.837 -16.635 -16.858
  -6.834 -16.263 -16.564
  -6.831 -16.489 -16.489
  -6.828 -16.891 -49.500
  -6.825 -16.746 -17.012
  -6.822 -16.379 -49.500
  -6.819 -16.597 -16.783
  -6.816 -15.828 -16.001
  -6.813 -16.265 -16.797
  -6.810 -15.922 -16.438
  -6.807 -17.315 -49.500
  -6.804 -16.898 -49.500
  -6.801 -15.854 -16.245
  -6.798 -16.201 -16.201
  -6.795 -16.206 -16.483
  -6.792 -16.323 -16.742
  -6.789 -16.710 -16.956
  -6.787 -16.484 -16.927
  -6.784 -16.667 -16.932
  -6.781 -16.446 -49.500
  -6.778 -16.687 -49.500
  -6.775 -16.928 -49.500
  -6.773 -16.623 -49.500
  -6.770 -16.109 -16.109
  -6.767 -16.593 -16.593
  -6.765 -49.500     NaN
  -6.762 -16.570 -16.986
  -6.759 -15.757 -16.356
  -6.757 -16.337 -49.500
  -6.754 -16.688 -49.500
  -6.751 -49.500     NaN
  -6.749 -15.144 -49.500
  -6.746 -16.746 -49.500
  -6.744 -16.430 -49.500
  -6.741 -16.584 -17.016
  -6.739 -16.968 -49.500
  -6.736 -16.025 -16.209
  -6.734 -16.589 -49.500
  -6.731 -49.500 -49.500
  -6.729 -15.820 -16.215
  -6.726 -16.510 -49.500
  -6.724 -49.500     NaN
  -6.721 -16.537 -16.864
  -6.719 -49.500     NaN
  -6.717 -16.688 -49.500
  -6.714 -16.530 -49.500
  -6.712 -16.330 -49.500
  -6.709 -16.344 -49.500
  -6.707 -15.308 -16.171
  -6.705 -16.801 -49.500
  -6.702 -16.468 -49.500
  -6.700 -16.698 -49.500
  -6.698 -49.500 -49.500
  -6.696 -49.500     NaN
  -6.693 -16.945 -49.500
  -6.691 -16.032 -16.625
  -6.689 -49.500     NaN
  -6.687 -49.500     NaN
  -6.684 -16.699 -49.500
  -6.682 -49.500 -49.500
  -6.680 -14.784 -16.078
  -6.678 -49.500     NaN
  -6.675 -49.500 -49.500
  -6.673 -49.500     NaN
  -6.671 -16.593 -16.955
  -6.669 -49.500     NaN
  -6.667 -16.626 -49.500
  -6.665 -16.167 -49.500
  -6.663 -49.500 -49.500
  -6.661 -49.500 -49.500
  -6.658 -49.500 -49.500
  -6.656 -49.500 -49.500
  -6.654 -16.193 -16.374
  -6.652 -49.500     NaN
  -6.650 -49.500 -49.500
  -6.648 -16.998 -49.500
  -6.646 -16.484 -16.640
  -6.644 -15.544 -16.903
  -6.642 -49.500     NaN
  -6.640 -49.500     NaN
  -6.638 -49.500 -49.500
  -6.636 -49.500 -49.500
  -6.634 -15.356 -15.356
  -6.632 -49.500     NaN
  -6.630 -49.500     NaN
  -6.628 -16.015 -16.249
  -6.626 -49.500     NaN
  -6.624 -16.518 -49.500
  -6.622 -16.213 -49.500
  -6.620 -49.500 -49.500
  -6.618 -49.500     NaN
  -6.617 -16.085 -16.772
  -6.615 -49.500     NaN
  -6.613 -49.500 -49.500
  -6.611 -16.578 -16.578
  -6.609 -16.601 -49.500
  -6.607 -49.500     NaN
  -6.605 -16.323 -49.500
  -6.603 -16.716 -49.500
  -6.602 -16.554 -16.554
  -6.600 -49.500     NaN
  -6.598 -49.500 -49.500
  -6.596 -49.500 -49.500
  -6.594 -49.500 -49.500
