  -8.861 -13.743 -13.743
  -8.599 -13.848 -13.848
  -8.442 -14.017 -14.017
  -8.329 -14.073 -14.073
  -8.239 -14.177 -14.177
  -8.166 -14.226 -14.226
  -8.103 -14.189 -14.189
  -8.048 -14.291 -14.291
  -7.999 -14.435 -14.435
  -7.955 -14.348 -14.348
  -7.916 -14.570 -14.570
  -7.879 -14.501 -14.501
  -7.846 -14.599 -14.599
  -7.815 -14.443 -14.443
  -7.786 -14.476 -14.476
  -7.758 -14.503 -14.503
  -7.733 -14.433 -14.640
  -7.709 -14.289 -14.472
  -7.686 -14.973 -14.973
  -7.664 -14.526 -14.748
  -7.643 -14.697 -14.697
  -7.624 -14.685 -14.685
  -7.605 -14.829 -14.829
  -7.586 -14.699 -14.900
  -7.569 -14.834 -14.834
  -7.552 -14.715 -14.715
  -7.536 -14.983 -14.983
  -7.521 -14.937 -14.937
  -7.506 -14.611 -14.864
  -7.491 -14.435 -14.587
  -7.477 -14.614 -14.768
  -7.464 -15.251 -15.251
  -7.451 -15.223 -15.223
  -7.438 -14.604 -14.883
  -7.425 -14.879 -15.162
  -7.413 -15.036 -15.301
  -7.401 -14.635 -15.070
  -7.390 -15.302 -15.302
  -7.379 -15.523 -15.523
  -7.368 -15.092 -15.092
  -7.357 -14.931 -15.207
  -7.347 -14.731 -15.333
  -7.337 -14.198 -15.201
  -7.327 -15.299 -15.299
  -7.317 -15.030 -15.385
  -7.308 -15.205 -15.205
  -7.299 -15.365 -15.365
  -7.290 -15.059 -15.059
  -7.281 -15.258 -15.412
  -7.272 -14.512 -15.472
  -7.264 -14.812 -15.310
  -7.255 -15.541 -15.789
  -7.247 -15.620 -15.620
  -7.239 -15.202 -15.433
  -7.231 -14.773 -15.072
  -7.223 -15.666 -15.666
  -7.216 -15.355 -15.891
  -7.208 -14.266 -15.254
  -7.201 -15.569 -15.968
  -7.194 -15.591 -15.789
  -7.187 -15.490 -15.490
  -7.180 -15.387 -15.675
  -7.173 -15.111 -15.810
  -7.166 -15.496 -15.496
  -7.159 -15.614 -15.614
  -7.153 -14.587 -14.783
  -7.146 -15.318 -15.869
  -7.140 -15.961 -15.961
  -7.133 -15.538 -15.538
  -7.127 -16.002 -16.002
  -7.121 -14.020 -15.581
  -7.115 -15.739 -15.739
  -7.109 -15.548 -16.123
  -7.103 -14.957 -15.257
  -7.098 -15.725 -15.725
  -7.092 -15.832 -15.832
  -7.086 -15.420 -15.685
  -7.081 -15.435 -15.928
  -7.075 -15.334 -15.893
  -7.070 -15.559 -16.292
  -7.064 -15.655 -15.655
  -7.059 -14.968 -15.259
  -7.054 -15.933 -16.328
  -7.049 -15.777 -16.064
  -7.043 -15.872 -16.030
  -7.038 -16.153 -16.153
  -7.033 -15.086 -15.556
  -7.029 -15.218 -16.408
  -7.024 -16.223 -16.223
  -7.019 -15.651 -15.901
  -7.014 -15.465 -16.283
  -7.009 -16.056 -16.056
  -7.005 -15.688 -16.003
  -7.000 -15.298 -16.044
  -6.995 -15.603 -16.323
  -6.991 -15.248 -15.701
  -6.986 -16.181 -16.539
  -6.982 -16.260 -16.554
  -6.978 -16.189 -16.189
  -6.973 -16.365 -16.556
  -6.969 -15.723 -15.902
  -6.965 -15.368 -15.592
  -6.961 -16.451 -16.690
  -6.956 -15.427 -15.812
  -6.952 -15.643 -16.105
  -6.948 -16.146 -16.424
  -6.944 -15.612 -16.265
  -6.940 -14.943 -15.685
  -6.936 -16.004 -16.004
  -6.932 -15.643 -16.003
  -6.928 -16.296 -16.449
  -6.924 -15.852 -15.852
  -6.920 -15.117 -16.014
  -6.917 -15.971 -16.465
  -6.913 -15.508 -16.139
  -6.909 -16.351 -16.351
  -6.905 -16.427 -16.610
  -6.902 -16.106 -16.106
  -6.898 -15.864 -16.225
  -6.894 -16.089 -16.401
  -6.891 -15.501 -16.118
  -6.887 -16.409 -17.055
  -6.884 -16.629 -16.795
  -6.880 -15.782 -15.954
  -6.877 -16.374 -16.562
  -6.873 -16.359 -16.616
  -6.870 -49.500     NaN
  -6.867 -16.351 -16.550
  -6.863 -16.240 -16.416
  -6.860 -15.945 -16.846
  -6.857 -15.453 -16.678
  -6.853 -16.374 -16.746
  -6.850 -16.572 -16.572
  -6.847 -16.089 -16.738
  -6.844 -15.771 -16.067
  -6.840 -16.411 -16.710
  -6.837 -15.825 -16.141
  -6.834 -16.032 -16.387
  -6.831 -15.559 -15.907
  -6.828 -15.967 -16.128
  -6.825 -16.106 -16.405
  -6.822 -16.575 -49.500
  -6.819 -16.172 -16.410
  -6.816 -15.337 -15.784
  -6.813 -16.440 -17.064
  -6.810 -16.351 -16.510
  -6.807 -16.502 -16.717
  -6.804 -16.060 -16.788
  -6.801 -49.500     NaN
  -6.798 -16.582 -49.500
  -6.795 -16.193 -16.520
  -6.792 -16.044 -16.514
  -6.789 -16.084 -17.070
  -6.787 -16.869 -17.066
  -6.784 -49.500 -49.500
  -6.781 -49.500     NaN
  -6.778 -16.027 -16.655
  -6.775 -49.500     NaN
  -6.773 -16.925 -49.500
  -6.770 -15.349 -49.500
  -6.767 -16.261 -16.417
  -6.765 -16.728 -16.880
  -6.762 -49.500     NaN
  -6.759 -49.500     NaN
  -6.757 -49.500     NaN
  -6.754 -15.547 -16.109
  -6.751 -16.601 -49.500
  -6.749 -16.633 -49.500
  -6.746 -16.044 -16.504
  -6.744 -16.227 -16.227
  -6.741 -15.514 -49.500
  -6.739 -16.783 -49.500
  -6.736 -15.639 -49.500
  -6.734 -15.879 -16.577
  -6.731 -16.583 -16.940
  -6.729 -16.205 -49.500
  -6.726 -16.559 -16.718
  -6.724 -16.332 -49.500
  -6.721 -49.500     NaN
  -6.719 -16.934 -49.500
  -6.717 -49.500     NaN
  -6.714 -16.302 -16.904
  -6.712 -16.310 -16.602
  -6.709 -15.800 -49.500
  -6.707 -49.500     NaN
  -6.705 -49.500 -49.500
  -6.702 -16.469 -49.500
  -6.700 -16.438 -49.500
  -6.698 -15.870 -16.459
  -6.696 -49.500     NaN
  -6.693 -15.201 -16.636
  -6.691 -49.500     NaN
  -6.689 -49.500     NaN
  -6.687 -16.105 -49.500
  -6.684 -16.937 -16.937
  -6.682 -49.500     NaN
  -6.680 -49.500     NaN
  -6.678 -49.500 -49.500
  -6.675 -16.517 -49.500
  -6.673 -15.387 -16.577
  -6.671 -49.500 -49.500
  -6.669 -16.518 -49.500
  -6.667 -49.500     NaN
  -6.665 -49.500 -49.500
  -6.663 -16.337 -16.524
  -6.661 -49.500 -49.500
  -6.658 -17.034 -49.500
  -6.656 -17.031 -49.500
  -6.654 -15.780 -49.500
  -6.652 -49.500 -49.500
  -6.650 -16.490 -49.500
  -6.648 -15.910 -15.910
  -6.646 -16.393 -49.500
  -6.644 -16.434 -49.500
  -6.642 -15.798 -49.500
  -6.640 -49.500 -49.500
  -6.638 -16.816 -49.500
  -6.636 -49.500 -49.500
  -6.634 -49.500 -49.500
  -6.632 -49.500     NaN
  -6.630 -15.919 -49.500
  -6.628 -16.595 -49.500
  -6.626 -16.280 -49.500
  -6.624 -16.093 -49.500
  -6.622 -15.925 -49.500
  -6.620 -49.500 -49.500
  -6.618 -49.500 -49.500
  -6.617 -49.500     NaN
  -6.615 -15.957 -16.470
  -6.613 -49.500     NaN
  -6.611 -16.022 -49.500
  -6.609 -16.582 -49.500
  -6.607 -49.500 -49.500
  -6.605 -49.500     NaN
  -6.603 -16.476 -49.500
  -6.602 -49.500     NaN
  -6.600 -15.946 -49.500
  -6.598 -15.114 -49.500
  -6.596 -49.500 -49.500
  -6.594 -49.500     NaN
