  -8.861 -13.707 -13.707
  -8.599 -13.852 -13.852
  -8.442 -13.857 -13.857
  -8.329 -14.048 -14.048
  -8.239 -14.118 -14.118
  -8.166 -14.138 -14.138
  -8.103 -14.159 -14.159
  -8.048 -14.122 -14.122
  -7.999 -14.483 -14.483
  -7.955 -14.222 -14.222
  -7.916 -14.424 -14.424
  -7.879 -14.304 -14.461
  -7.846 -14.384 -14.384
  -7.815 -14.333 -14.488
  -7.786 -14.606 -14.606
  -7.758 -14.703 -14.703
  -7.733 -14.874 -14.874
  -7.709 -14.477 -14.477
  -7.686 -14.613 -14.613
  -7.664 -14.795 -14.795
  -7.643 -14.574 -14.574
  -7.624 -14.377 -14.931
  -7.605 -14.989 -14.989
  -7.586 -14.576 -14.996
  -7.569 -14.708 -14.952
  -7.552 -14.764 -14.764
  -7.536 -15.003 -15.003
  -7.521 -14.754 -14.754
  -7.506 -14.677 -14.945
  -7.491 -14.771 -15.137
  -7.477 -14.982 -15.135
  -7.464 -14.920 -14.920
  -7.451 -14.318 -14.996
  -7.438 -15.225 -15.482
  -7.425 -15.054 -15.054
  -7.413 -15.039 -15.039
  -7.401 -15.051 -15.051
  -7.390 -15.176 -15.363
  -7.379 -15.135 -15.321
  -7.368 -14.554 -15.485
  -7.357 -14.988 -14.988
  -7.347 -15.111 -15.111
  -7.337 -15.368 -15.368
  -7.327 -15.201 -15.551
  -7.317 -14.951 -14.951
  -7.308 -15.467 -15.467
  -7.299 -15.120 -15.447
  -7.290 -15.285 -15.285
  -7.281 -15.415 -15.567
  -7.272 -14.790 -15.478
  -7.264 -14.974 -15.270
  -7.255 -15.224 -15.408
  -7.247 -14.723 -14.933
  -7.239 -15.618 -15.618
  -7.231 -14.892 -15.514
  -7.223 -14.894 -15.365
  -7.216 -15.340 -15.340
  -7.208 -15.818 -15.818
  -7.201 -15.305 -15.545
  -7.194 -15.493 -15.493
  -7.187 -15.076 -15.494
  -7.180 -15.340 -15.786
  -7.173 -15.166 -15.378
  -7.166 -15.349 -15.749
  -7.159 -15.058 -15.979
  -7.153 -15.341 -15.652
  -7.146 -15.434 -15.434
  -7.140 -15.673 -15.673
  -7.133 -14.451 -15.589
  -7.127 -15.243 -15.448
  -7.121 -15.761 -15.761
  -7.115 -15.700 -16.116
  -7.109 -15.280 -15.966
  -7.103 -15.678 -15.906
  -7.098 -15.867 -15.867
  -7.092 -15.625 -15.914
  -7.086 -15.178 -15.790
  -7.081 -15.771 -15.771
  -7.075 -14.749 -15.020
  -7.070 -16.043 -16.043
  -7.064 -15.582 -15.773
  -7.059 -14.614 -16.061
  -7.054 -15.630 -15.921
  -7.049 -15.764 -16.187
  -7.043 -15.872 -16.113
  -7.038 -15.542 -15.829
  -7.033 -15.960 -16.118
  -7.029 -15.849 -16.491
  -7.024 -14.944 -16.261
  -7.019 -15.583 -16.180
  -7.014 -15.713 -16.431
  -7.009 -16.051 -16.051
  -7.005 -15.745 -16.077
  -7.000 -16.052 -16.052
  -6.995 -15.858 -16.199
  -6.991 -15.588 -15.919
  -6.986 -15.954 -15.954
  -6.982 -16.037 -16.566
  -6.978 -15.281 -15.511
  -6.973 -15.898 -15.898
  -6.969 -16.519 -16.519
  -6.965 -15.704 -16.467
  -6.961 -15.858 -16.017
  -6.956 -16.040 -16.040
  -6.952 -16.045 -16.236
  -6.948 -15.395 -16.504
  -6.944 -15.564 -15.962
  -6.940 -16.331 -16.518
  -6.936 -15.918 -16.091
  -6.932 -15.274 -15.741
  -6.928 -16.348 -16.348
  -6.924 -16.276 -16.455
  -6.920 -15.950 -16.508
  -6.917 -16.599 -16.757
  -6.913 -16.298 -16.892
  -6.909 -15.840 -15.840
  -6.905 -16.070 -16.361
  -6.902 -16.032 -16.388
  -6.898 -16.212 -16.399
  -6.894 -16.180 -16.350
  -6.891 -15.503 -15.928
  -6.887 -16.066 -16.612
  -6.884 -16.875 -49.500
  -6.880 -16.288 -16.448
  -6.877 -16.245 -16.545
  -6.873 -16.041 -16.321
  -6.870 -16.037 -16.383
  -6.867 -16.321 -16.321
  -6.863 -15.998 -16.257
  -6.860 -15.119 -16.104
  -6.857 -16.579 -16.851
  -6.853 -16.725 -16.725
  -6.850 -14.021 -16.523
  -6.847 -16.100 -16.251
  -6.844 -15.004 -16.334
  -6.840 -16.224 -16.393
  -6.837 -15.805 -16.491
  -6.834 -15.906 -16.442
  -6.831 -49.500     NaN
  -6.828 -15.912 -16.364
  -6.825 -14.100 -17.091
  -6.822 -16.093 -16.861
  -6.819 -15.975 -16.329
  -6.816 -16.987 -17.270
  -6.813 -14.478 -16.474
  -6.810 -16.127 -16.440
  -6.807 -16.494 -49.500
  -6.804 -16.624 -49.500
  -6.801 -15.505 -15.709
  -6.798 -16.463 -49.500
  -6.795 -15.377 -15.917
  -6.792 -16.263 -49.500
  -6.789 -16.134 -16.299
  -6.787 -49.500 -49.500
  -6.784 -17.007 -49.500
  -6.781 -49.500     NaN
  -6.778 -16.037 -16.665
  -6.775 -16.594 -49.500
  -6.773 -15.962 -16.141
  -6.770 -49.500     NaN
  -6.767 -16.940 -49.500
  -6.765 -15.592 -16.516
  -6.762 -16.356 -16.356
  -6.759 -15.650 -49.500
  -6.757 -16.564 -49.500
  -6.754 -49.500 -49.500
  -6.751 -49.500     NaN
  -6.749 -16.006 -17.111
  -6.746 -49.500     NaN
  -6.744 -16.321 -49.500
  -6.741 -49.500     NaN
  -6.739 -16.107 -49.500
  -6.736 -49.500     NaN
  -6.734 -14.052 -17.061
  -6.731 -15.186 -16.398
  -6.729 -16.636 -49.500
  -6.726 -16.419 -49.500
  -6.724 -16.560 -17.123
  -6.721 -15.603 -15.905
  -6.719 -49.500 -49.500
  -6.717 -16.849 -49.500
  -6.714 -49.500     NaN
  -6.712 -16.589 -49.500
  -6.709 -16.562 -49.500
  -6.707 -15.746 -16.897
  -6.705 -16.937 -16.937
  -6.702 -16.242 -16.724
  -6.700 -16.124 -16.359
  -6.698 -16.141 -49.500
  -6.696 -16.889 -16.889
  -6.693 -49.500 -49.500
  -6.691 -49.500 -49.500
  -6.689 -49.500     NaN
  -6.687 -49.500 -49.500
  -6.684 -49.500 -49.500
  -6.682 -49.500     NaN
  -6.680 -49.500     NaN
  -6.678 -49.500 -49.500
  -6.675 -14.046 -16.635
  -6.673 -16.207 -49.500
  -6.671 -15.376 -15.972
  -6.669 -16.558 -49.500
  -6.667 -16.162 -49.500
  -6.665 -49.500 -49.500
  -6.663 -49.500 -49.500
  -6.661 -49.500     NaN
  -6.658 -16.026 -16.026
  -6.656 -49.500 -49.500
  -6.654 -16.636 -49.500
  -6.652 -16.163 -16.163
  -6.650 -49.500 -49.500
  -6.648 -49.500     NaN
  -6.646 -49.500     NaN
  -6.644 -49.500 -49.500
  -6.642 -15.822 -16.456
  -6.640 -16.079 -49.500
  -6.638 -49.500 -49.500
  -6.636 -16.169 -16.169
  -6.634 -15.829 -16.426
  -6.632 -49.500     NaN
  -6.630 -16.339 -49.500
  -6.628 -16.224 -16.224
  -6.626 -16.250 -16.250
  -6.624 -49.500     NaN
  -6.622 -49.500 -49.500
  -6.620 -49.500 -49.500
  -6.618 -16.004 -49.500
  -6.617 -16.161 -49.500
  -6.615 -49.500     NaN
  -6.613 -16.069 -49.500
  -6.611 -49.500 -49.500
  -6.609 -16.530 -49.500
  -6.607 -49.500     NaN
  -6.605 -49.500     NaN
  -6.603 -17.200 -49.500
  -6.602 -16.563 -49.500
  -6.600 -49.500 -49.500
  -6.598 -16.065 -49.500
  -6.596 -49.500 -49.500
  -6.594 -16.820 -49.500
