  -8.861 -13.753 -13.753
  -8.599 -13.878 -13.878
  -8.442 -14.009 -14.009
  -8.329 -14.073 -14.073
  -8.239 -14.078 -14.078
  -8.166 -14.036 -14.036
  -8.103 -14.298 -14.298
  -8.048 -14.282 -14.282
  -7.999 -14.141 -14.141
  -7.955 -14.058 -14.408
  -7.916 -14.399 -14.399
  -7.879 -14.289 -14.471
  -7.846 -14.521 -14.521
  -7.815 -14.574 -14.574
  -7.786 -14.500 -14.500
  -7.758 -14.545 -14.545
  -7.733 -14.621 -14.621
  -7.709 -14.740 -14.740
  -7.686 -14.562 -14.562
  -7.664 -14.002 -14.455
  -7.643 -14.743 -14.743
  -7.624 -14.737 -14.737
  -7.605 -14.615 -14.810
  -7.586 -13.443 -14.568
  -7.569 -14.623 -14.796
  -7.552 -15.121 -15.121
  -7.536 -14.325 -15.033
  -7.521 -15.079 -15.079
  -7.506 -14.793 -15.029
  -7.491 -15.049 -15.049
  -7.477 -14.268 -15.076
  -7.464 -14.810 -14.810
  -7.451 -15.129 -15.129
  -7.438 -14.972 -14.972
  -7.425 -14.903 -14.903
  -7.413 -14.705 -15.071
  -7.401 -14.710 -14.995
  -7.390 -14.553 -14.866
  -7.379 -15.269 -15.445
  -7.368 -14.783 -15.117
  -7.357 -14.973 -15.310
  -7.347 -14.644 -15.118
  -7.337 -14.929 -15.382
  -7.327 -14.962 -15.373
  -7.317 -14.977 -15.176
  -7.308 -15.071 -15.383
  -7.299 -14.430 -15.234
  -7.290 -15.464 -15.464
  -7.281 -15.218 -15.643
  -7.272 -14.641 -15.386
  -7.264 -15.398 -15.398
  -7.255 -15.095 -15.095
  -7.247 -15.169 -15.341
  -7.239 -15.189 -15.407
  -7.231 -15.711 -15.711
  -7.223 -15.460 -15.460
  -7.216 -15.539 -15.539
  -7.208 -15.590 -15.590
  -7.201 -15.328 -15.720
  -7.194 -15.911 -15.911
  -7.187 -15.325 -15.494
  -7.180 -15.568 -15.568
  -7.173 -15.649 -15.649
  -7.166 -15.359 -15.710
  -7.159 -15.720 -15.720
  -7.153 -15.527 -15.750
  -7.146 -15.300 -16.045
  -7.140 -15.904 -16.057
  -7.133 -15.861 -15.861
  -7.127 -15.692 -15.692
  -7.121 -14.661 -15.413
  -7.115 -15.778 -16.075
  -7.109 -15.794 -15.794
  -7.103 -15.413 -15.933
  -7.098 -15.702 -15.855
  -7.092 -15.441 -15.649
  -7.086 -16.006 -16.006
  -7.081 -15.134 -15.615
  -7.075 -15.793 -15.793
  -7.070 -16.056 -16.056
  -7.064 -15.924 -15.924
  -7.059 -15.719 -16.391
  -7.054 -16.216 -16.385
  -7.049 -14.332 -15.657
  -7.043 -15.505 -15.746
  -7.038 -15.693 -15.996
  -7.033 -15.585 -15.815
  -7.029 -15.336 -15.639
  -7.024 -15.940 -15.940
  -7.019 -15.495 -15.737
  -7.014 -15.681 -15.838
  -7.009 -15.148 -15.789
  -7.005 -15.812 -16.062
  -7.000 -15.748 -15.905
  -6.995 -15.547 -15.744
  -6.991 -15.590 -16.341
  -6.986 -15.077 -15.971
  -6.982 -16.539 -16.694
  -6.978 -16.021 -16.179
  -6.973 -15.275 -16.149
  -6.969 -16.755 -16.755
  -6.965 -16.155 -16.326
  -6.961 -15.420 -15.420
  -6.956 -15.701 -15.913
  -6.952 -15.976 -16.253
  -6.948 -15.622 -16.263
  -6.944 -14.938 -16.441
  -6.940 -15.959 -15.959
  -6.936 -16.750 -16.750
  -6.932 -15.834 -16.314
  -6.928 -15.819 -15.819
  -6.924 -16.093 -16.566
  -6.920 -16.608 -16.608
  -6.917 -16.201 -16.750
  -6.913 -15.750 -16.225
  -6.909 -16.527 -16.527
  -6.905 -15.688 -16.913
  -6.902 -16.962 -17.198
  -6.898 -16.172 -16.342
  -6.894 -16.046 -16.046
  -6.891 -15.961 -15.961
  -6.887 -16.758 -16.758
  -6.884 -16.288 -16.541
  -6.880 -16.424 -16.424
  -6.877 -15.933 -16.378
  -6.873 -16.477 -16.670
  -6.870 -16.160 -16.616
  -6.867 -15.876 -16.729
  -6.863 -16.362 -16.575
  -6.860 -16.279 -16.856
  -6.857 -16.207 -16.423
  -6.853 -16.713 -16.878
  -6.850 -16.510 -16.746
  -6.847 -16.065 -16.319
  -6.844 -14.803 -16.325
  -6.840 -16.077 -16.644
  -6.837 -16.210 -16.551
  -6.834 -15.883 -16.286
  -6.831 -17.005 -49.500
  -6.828 -15.201 -16.257
  -6.825 -16.232 -16.232
  -6.822 -15.111 -15.392
  -6.819 -15.641 -15.797
  -6.816 -13.944 -15.863
  -6.813 -15.395 -16.585
  -6.810 -16.236 -49.500
  -6.807 -16.395 -16.944
  -6.804 -16.741 -17.289
  -6.801 -16.018 -16.788
  -6.798 -49.500     NaN
  -6.795 -16.568 -17.205
  -6.792 -16.587 -16.845
  -6.789 -16.962 -49.500
  -6.787 -16.356 -16.543
  -6.784 -16.308 -17.005
  -6.781 -49.500     NaN
  -6.778 -17.146 -49.500
  -6.775 -16.029 -17.270
  -6.773 -15.945 -16.419
  -6.770 -16.472 -16.717
  -6.767 -16.414 -16.768
  -6.765 -49.500 -49.500
  -6.762 -14.329 -16.359
  -6.759 -16.342 -16.560
  -6.757 -49.500     NaN
  -6.754 -16.298 -16.559
  -6.751 -49.500     NaN
  -6.749 -16.763 -49.500
  -6.746 -16.830 -49.500
  -6.744 -16.037 -16.368
  -6.741 -16.715 -49.500
  -6.739 -49.500     NaN
  -6.736 -16.242 -16.458
  -6.734 -16.358 -16.568
  -6.731 -16.533 -49.500
  -6.729 -49.500     NaN
  -6.726 -49.500     NaN
  -6.724 -15.917 -49.500
  -6.721 -49.500 -49.500
  -6.719 -49.500     NaN
  -6.717 -16.941 -49.500
  -6.714 -15.887 -16.455
  -6.712 -49.500     NaN
  -6.709 -49.500     NaN
  -6.707 -15.104 -15.104
  -6.705 -49.500     NaN
  -6.702 -49.500     NaN
  -6.700 -49.500     NaN
  -6.698 -16.366 -49.500
  -6.696 -16.547 -49.500
  -6.693 -14.433 -16.930
  -6.691 -49.500     NaN
  -6.689 -49.500     NaN
  -6.687 -16.022 -16.495
  -6.684 -16.015 -49.500
  -6.682 -16.763 -49.500
  -6.680 -49.500 -49.500
  -6.678 -49.500     NaN
  -6.675 -49.500 -49.500
  -6.673 -16.644 -49.500
  -6.671 -15.966 -49.500
  -6.669 -49.500 -49.500
  -6.667 -49.500     NaN
  -6.665 -16.333 -49.500
  -6.663 -49.500     NaN
  -6.661 -16.859 -49.500
  -6.658 -16.589 -49.500
  -6.656 -14.903 -15.546
  -6.654 -15.459 -17.189
  -6.652 -49.500     NaN
  -6.650 -49.500 -49.500
  -6.648 -16.865 -49.500
  -6.646 -49.500 -49.500
  -6.644 -49.500 -49.500
  -6.642 -49.500 -49.500
  -6.640 -49.500 -49.500
  -6.638 -16.835 -49.500
  -6.636 -49.500 -49.500
  -6.634 -49.500 -49.500
  -6.632 -49.500     NaN
  -6.630 -16.313 -16.313
  -6.628 -49.500 -49.500
  -6.626 -15.766 -49.500
  -6.624 -15.354 -49.500
  -6.622 -49.500 -49.500
  -6.620 -16.225 -49.500
  -6.618 -16.866 -16.866
  -6.617 -15.938 -16.340
  -6.615 -49.500 -49.500
  -6.613 -49.500 -49.500
  -6.611 -15.349 -15.349
  -6.609 -49.500 -49.500
  -6.607 -15.865 -15.865
  -6.605 -14.633 -16.670
  -6.603 -49.500 -49.500
  -6.602 -16.622 -49.500
  -6.600 -16.367 -49.500
  -6.598 -49.500 -49.500
  -6.596 -15.457 -16.319
  -6.594 -49.500 -49.500
