  -8.861 -13.765 -13.765
  -8.599 -13.866 -13.866
  -8.442 -13.917 -13.917
  -8.329 -13.941 -13.941
  -8.239 -14.075 -14.075
  -8.166 -14.202 -14.202
  -8.103 -14.233 -14.233
  -8.048 -14.100 -14.346
  -7.999 -14.389 -14.389
  -7.955 -14.300 -14.300
  -7.916 -14.336 -14.562
  -7.879 -14.503 -14.503
  -7.846 -14.364 -14.364
  -7.815 -14.672 -14.672
  -7.786 -14.381 -14.544
  -7.758 -14.611 -14.611
  -7.733 -14.706 -14.706
  -7.709 -14.776 -14.776
  -7.686 -14.751 -14.917
  -7.664 -14.290 -14.563
  -7.643 -14.608 -14.608
  -7.624 -14.860 -14.860
  -7.605 -14.579 -14.989
  -7.586 -14.979 -14.979
  -7.569 -14.791 -14.791
  -7.552 -14.904 -14.904
  -7.536 -14.758 -14.758
  -7.521 -14.935 -14.935
  -7.506 -15.036 -15.036
  -7.491 -14.984 -14.984
  -7.477 -15.073 -15.073
  -7.464 -14.783 -14.783
  -7.451 -15.169 -15.169
  -7.438 -15.156 -15.156
  -7.425 -14.715 -14.893
  -7.413 -15.038 -15.234
  -7.401 -14.753 -15.160
  -7.390 -14.455 -14.652
  -7.379 -14.767 -15.247
  -7.368 -15.164 -15.401
  -7.357 -15.185 -15.185
  -7.347 -14.781 -15.004
  -7.337 -15.275 -15.275
  -7.327 -14.643 -15.136
  -7.317 -14.293 -15.129
  -7.308 -15.581 -15.581
  -7.299 -15.399 -15.582
  -7.290 -15.471 -15.471
  -7.281 -15.590 -15.590
  -7.272 -15.621 -15.621
  -7.264 -15.176 -15.176
  -7.255 -15.199 -15.443
  -7.247 -15.682 -15.682
  -7.239 -15.273 -15.480
  -7.231 -15.191 -15.191
  -7.223 -15.865 -15.865
  -7.216 -15.297 -15.297
  -7.208 -15.455 -15.740
  -7.201 -14.406 -15.435
  -7.194 -15.697 -15.862
  -7.187 -15.138 -15.810
  -7.180 -15.010 -15.696
  -7.173 -16.003 -16.003
  -7.166 -14.763 -15.144
  -7.159 -15.096 -15.485
  -7.153 -15.822 -15.822
  -7.146 -15.766 -15.766
  -7.140 -15.753 -15.753
  -7.133 -15.798 -16.124
  -7.127 -14.584 -15.561
  -7.121 -15.643 -15.952
  -7.115 -15.924 -15.924
  -7.109 -15.576 -15.576
  -7.103 -15.488 -15.488
  -7.098 -15.032 -15.221
  -7.092 -15.158 -15.158
  -7.086 -15.602 -15.878
  -7.081 -15.344 -15.514
  -7.075 -15.680 -15.834
  -7.070 -16.032 -16.032
  -7.064 -15.874 -15.874
  -7.059 -15.586 -16.084
  -7.054 -15.923 -16.182
  -7.049 -15.355 -15.971
  -7.043 -15.435 -15.435
  -7.038 -15.627 -15.907
  -7.033 -15.653 -16.009
  -7.029 -15.765 -16.238
  -7.024 -16.005 -16.005
  -7.019 -16.045 -16.045
  -7.014 -16.126 -16.126
  -7.009 -16.186 -16.186
  -7.005 -15.659 -15.819
  -7.000 -16.434 -16.597
  -6.995 -15.850 -16.318
  -6.991 -16.031 -16.031
  -6.986 -15.466 -16.215
  -6.982 -13.706 -15.983
  -6.978 -14.917 -15.302
  -6.973 -15.483 -15.637
  -6.969 -16.205 -16.583
  -6.965 -16.487 -16.487
  -6.961 -15.418 -15.845
  -6.956 -15.338 -15.491
  -6.952 -16.321 -16.625
  -6.948 -16.002 -16.002
  -6.944 -16.324 -16.577
  -6.940 -15.969 -16.299
  -6.936 -16.014 -16.014
  -6.932 -15.918 -16.502
  -6.928 -15.745 -15.965
  -6.924 -15.839 -15.839
  -6.920 -15.228 -16.214
  -6.917 -15.475 -16.053
  -6.913 -16.283 -16.283
  -6.909 -16.394 -16.606
  -6.905 -16.411 -16.411
  -6.902 -15.958 -16.369
  -6.898 -15.877 -16.220
  -6.894 -15.585 -15.804
  -6.891 -16.271 -16.271
  -6.887 -15.734 -16.226
  -6.884 -16.300 -16.589
  -6.880 -16.153 -16.153
  -6.877 -16.180 -16.392
  -6.873 -16.183 -16.384
  -6.870 -16.009 -16.181
  -6.867 -16.266 -16.266
  -6.863 -16.449 -16.709
  -6.860 -16.090 -49.500
  -6.857 -16.083 -16.257
  -6.853 -15.498 -16.372
  -6.850 -16.462 -16.758
  -6.847 -16.020 -16.216
  -6.844 -16.099 -16.914
  -6.840 -16.481 -16.653
  -6.837 -16.321 -49.500
  -6.834 -16.717 -49.500
  -6.831 -16.675 -16.675
  -6.828 -16.308 -17.132
  -6.825 -16.151 -16.337
  -6.822 -16.826 -17.039
  -6.819 -16.562 -16.562
  -6.816 -49.500     NaN
  -6.813 -16.097 -16.585
  -6.810 -16.030 -49.500
  -6.807 -16.698 -17.332
  -6.804 -15.729 -15.905
  -6.801 -16.466 -49.500
  -6.798 -16.620 -16.891
  -6.795 -15.716 -16.369
  -6.792 -16.231 -49.500
  -6.789 -16.456 -16.756
  -6.787 -15.966 -49.500
  -6.784 -16.018 -16.293
  -6.781 -16.145 -16.389
  -6.778 -16.413 -16.677
  -6.775 -16.306 -16.593
  -6.773 -16.535 -49.500
  -6.770 -16.211 -16.516
  -6.767 -49.500     NaN
  -6.765 -16.233 -16.559
  -6.762 -16.630 -16.844
  -6.759 -16.901 -49.500
  -6.757 -15.670 -16.202
  -6.754 -15.421 -15.421
  -6.751 -16.313 -16.867
  -6.749 -16.304 -16.844
  -6.746 -16.249 -49.500
  -6.744 -14.840 -16.311
  -6.741 -16.403 -16.606
  -6.739 -15.903 -49.500
  -6.736 -49.500     NaN
  -6.734 -49.500     NaN
  -6.731 -16.884 -49.500
  -6.729 -16.946 -49.500
  -6.726 -16.695 -16.695
  -6.724 -49.500 -49.500
  -6.721 -16.807 -16.970
  -6.719 -49.500     NaN
  -6.717 -49.500     NaN
  -6.714 -49.500     NaN
  -6.712 -49.500     NaN
  -6.709 -49.500 -49.500
  -6.707 -15.904 -16.729
  -6.705 -15.808 -17.193
  -6.702 -15.972 -16.191
  -6.700 -16.399 -16.600
  -6.698 -16.414 -16.844
  -6.696 -16.137 -49.500
  -6.693 -49.500     NaN
  -6.691 -16.326 -16.565
  -6.689 -15.754 -16.100
  -6.687 -49.500     NaN
  -6.684 -16.501 -49.500
  -6.682 -16.936 -49.500
  -6.680 -16.741 -16.741
  -6.678 -49.500 -49.500
  -6.675 -49.500 -49.500
  -6.673 -49.500 -49.500
  -6.671 -49.500 -49.500
  -6.669 -16.827 -49.500
  -6.667 -16.152 -49.500
  -6.665 -16.282 -49.500
  -6.663 -17.026 -49.500
  -6.661 -16.205 -49.500
  -6.658 -49.500     NaN
  -6.656 -16.166 -49.500
  -6.654 -49.500 -49.500
  -6.652 -16.430 -16.430
  -6.650 -49.500     NaN
  -6.648 -16.728 -16.728
  -6.646 -49.500     NaN
  -6.644 -16.299 -16.299
  -6.642 -16.163 -49.500
  -6.640 -16.442 -49.500
  -6.638 -49.500 -49.500
  -6.636 -16.955 -16.955
  -6.634 -49.500     NaN
  -6.632 -15.666 -49.500
  -6.630 -16.735 -49.500
  -6.628 -49.500 -49.500
  -6.626 -49.500     NaN
  -6.624 -49.500     NaN
  -6.622 -49.500 -49.500
  -6.620 -16.053 -49.500
  -6.618 -49.500 -49.500
  -6.617 -16.304 -16.684
  -6.615 -49.500     NaN
  -6.613 -16.947 -49.500
  -6.611 -49.500     NaN
  -6.609 -49.500 -49.500
  -6.607 -49.500     NaN
  -6.605 -49.500 -49.500
  -6.603 -49.500 -49.500
  -6.602 -16.418 -16.845
  -6.600 -49.500 -49.500
  -6.598 -16.255 -49.500
  -6.596 -49.500     NaN
  -6.594 -16.149 -49.500
