  -8.861 -13.757 -13.757
  -8.599 -13.855 -13.855
  -8.442 -13.988 -13.988
  -8.329 -14.073 -14.073
  -8.239 -14.093 -14.093
  -8.166 -14.113 -14.113
  -8.103 -14.038 -14.287
  -8.048 -14.410 -14.410
  -7.999 -14.319 -14.319
  -7.955 -14.401 -14.401
  -7.916 -14.185 -14.185
  -7.879 -14.231 -14.489
  -7.846 -14.563 -14.563
  -7.815 -14.593 -14.593
  -7.786 -14.190 -14.391
  -7.758 -14.611 -14.611
  -7.733 -14.495 -14.694
  -7.709 -14.754 -14.754
  -7.686 -13.992 -14.233
  -7.664 -14.642 -14.642
  -7.643 -14.679 -14.679
  -7.624 -14.703 -14.703
  -7.605 -14.748 -14.748
  -7.586 -15.002 -15.002
  -7.569 -14.639 -14.639
  -7.552 -14.816 -14.816
  -7.536 -14.614 -15.060
  -7.521 -14.629 -15.046
  -7.506 -14.712 -14.712
  -7.491 -14.926 -14.926
  -7.477 -14.904 -14.904
  -7.464 -15.192 -15.192
  -7.451 -14.979 -14.979
  -7.438 -15.071 -15.071
  -7.425 -14.945 -14.945
  -7.413 -14.975 -14.975
  -7.401 -15.225 -15.225
  -7.390 -15.215 -15.215
  -7.379 -14.755 -14.950
  -7.368 -15.533 -15.533
  -7.357 -14.696 -15.035
  -7.347 -15.522 -15.522
  -7.337 -14.709 -14.875
  -7.327 -15.028 -15.281
  -7.317 -14.725 -14.936
  -7.308 -14.781 -14.781
  -7.299 -14.911 -15.314
  -7.290 -15.231 -15.644
  -7.281 -15.286 -15.611
  -7.272 -15.196 -15.359
  -7.264 -15.141 -15.488
  -7.255 -15.381 -15.381
  -7.247 -15.295 -15.467
  -7.239 -15.358 -15.665
  -7.231 -14.966 -15.464
  -7.223 -15.216 -15.564
  -7.216 -15.085 -15.589
  -7.208 -14.977 -15.246
  -7.201 -15.715 -15.715
  -7.194 -15.322 -15.667
  -7.187 -15.607 -15.607
  -7.180 -15.398 -15.599
  -7.173 -15.533 -15.533
  -7.166 -15.807 -15.807
  -7.159 -14.822 -15.348
  -7.153 -15.206 -15.703
  -7.146 -15.875 -15.875
  -7.140 -14.987 -15.484
  -7.133 -16.003 -16.003
  -7.127 -15.583 -16.112
  -7.121 -15.642 -15.642
  -7.115 -15.382 -15.740
  -7.109 -15.643 -15.940
  -7.103 -15.300 -15.499
  -7.098 -15.646 -15.646
  -7.092 -15.303 -15.493
  -7.086 -15.723 -15.723
  -7.081 -15.512 -15.798
  -7.075 -15.201 -15.554
  -7.070 -15.859 -16.034
  -7.064 -16.139 -16.139
  -7.059 -15.504 -15.912
  -7.054 -15.178 -15.681
  -7.049 -15.184 -15.478
  -7.043 -15.257 -15.470
  -7.038 -15.723 -16.008
  -7.033 -15.750 -15.750
  -7.029 -16.268 -16.268
  -7.024 -16.144 -16.144
  -7.019 -15.988 -16.180
  -7.014 -15.646 -15.838
  -7.009 -16.570 -16.570
  -7.005 -15.991 -16.211
  -7.000 -15.709 -16.095
  -6.995 -15.963 -16.145
  -6.991 -15.555 -15.798
  -6.986 -15.760 -16.083
  -6.982 -15.837 -16.287
  -6.978 -16.046 -16.046
  -6.973 -16.405 -16.405
  -6.969 -15.840 -16.277
  -6.965 -15.734 -16.154
  -6.961 -15.241 -15.571
  -6.956 -16.841 -16.841
  -6.952 -16.313 -16.313
  -6.948 -15.769 -15.939
  -6.944 -16.475 -16.643
  -6.940 -15.665 -15.665
  -6.936 -16.369 -16.369
  -6.932 -15.812 -16.203
  -6.928 -15.814 -16.012
  -6.924 -15.865 -16.057
  -6.920 -15.196 -16.255
  -6.917 -16.239 -16.239
  -6.913 -16.126 -16.607
  -6.909 -16.137 -16.137
  -6.905 -16.489 -16.489
  -6.902 -15.694 -16.348
  -6.898 -16.189 -16.557
  -6.894 -15.910 -16.202
  -6.891 -16.583 -16.910
  -6.887 -16.400 -22.930
  -6.884 -16.462 -16.843
  -6.880 -16.214 -16.572
  -6.877 -14.930 -16.015
  -6.873 -17.054 -49.500
  -6.870 -15.911 -17.067
  -6.867 -16.283 -16.511
  -6.863 -15.988 -15.988
  -6.860 -15.716 -16.033
  -6.857 -16.251 -16.426
  -6.853 -16.341 -16.619
  -6.850 -16.327 -16.899
  -6.847 -15.907 -16.562
  -6.844 -15.920 -16.630
  -6.840 -16.380 -17.189
  -6.837 -16.681 -17.058
  -6.834 -16.568 -49.500
  -6.831 -16.102 -16.367
  -6.828 -16.029 -16.389
  -6.825 -16.095 -16.657
  -6.822 -15.933 -16.672
  -6.819 -49.500     NaN
  -6.816 -16.557 -17.151
  -6.813 -15.501 -16.048
  -6.810 -49.500     NaN
  -6.807 -16.558 -16.840
  -6.804 -16.151 -16.824
  -6.801 -15.714 -16.680
  -6.798 -15.891 -16.371
  -6.795 -16.042 -16.473
  -6.792 -49.500     NaN
  -6.789 -16.304 -16.648
  -6.787 -16.398 -49.500
  -6.784 -16.045 -16.281
  -6.781 -16.437 -16.842
  -6.778 -16.471 -49.500
  -6.775 -16.276 -49.500
  -6.773 -16.707 -49.500
  -6.770 -15.405 -49.500
  -6.767 -16.359 -16.359
  -6.765 -15.619 -16.102
  -6.762 -49.500     NaN
  -6.759 -16.153 -16.505
  -6.757 -16.379 -49.500
  -6.754 -15.146 -49.500
  -6.751 -15.784 -16.762
  -6.749 -16.522 -16.717
  -6.746 -16.319 -49.500
  -6.744 -16.698 -49.500
  -6.741 -49.500     NaN
  -6.739 -16.437 -16.657
  -6.736 -16.626 -49.500
  -6.734 -49.500     NaN
  -6.731 -15.840 -16.517
  -6.729 -16.280 -49.500
  -6.726 -16.413 -16.413
  -6.724 -14.937 -16.085
  -6.721 -16.315 -16.779
  -6.719 -16.849 -16.849
  -6.717 -17.026 -49.500
  -6.714 -16.971 -49.500
  -6.712 -16.710 -49.500
  -6.709 -49.500     NaN
  -6.707 -16.355 -49.500
  -6.705 -15.708 -49.500
  -6.702 -16.544 -49.500
  -6.700 -16.686 -16.874
  -6.698 -49.500 -49.500
  -6.696 -16.662 -49.500
  -6.693 -49.500     NaN
  -6.691 -49.500     NaN
  -6.689 -49.500     NaN
  -6.687 -16.116 -16.409
  -6.684 -16.686 -49.500
  -6.682 -49.500 -49.500
  -6.680 -16.349 -49.500
  -6.678 -49.500 -49.500
  -6.675 -49.500     NaN
  -6.673 -49.500 -49.500
  -6.671 -16.979 -17.236
  -6.669 -49.500     NaN
  -6.667 -16.660 -49.500
  -6.665 -49.500 -49.500
  -6.663 -49.500 -49.500
  -6.661 -15.503 -15.503
  -6.658 -16.250 -16.657
  -6.656 -49.500     NaN
  -6.654 -49.500     NaN
  -6.652 -49.500 -49.500
  -6.650 -49.500     NaN
  -6.648 -49.500 -49.500
  -6.646 -49.500     NaN
  -6.644 -16.595 -49.500
  -6.642 -16.342 -49.500
  -6.640 -49.500     NaN
  -6.638 -49.500 -49.500
  -6.636 -16.065 -49.500
  -6.634 -49.500 -49.500
  -6.632 -49.500 -49.500
  -6.630 -49.500     NaN
  -6.628 -16.521 -49.500
  -6.626 -16.576 -16.822
  -6.624 -16.222 -49.500
  -6.622 -49.500 -49.500
  -6.620 -16.998 -49.500
  -6.618 -16.019 -16.313
  -6.617 -15.888 -15.888
  -6.615 -16.432 -49.500
  -6.613 -49.500 -49.500
  -6.611 -15.910 -49.500
  -6.609 -49.500 -49.500
  -6.607 -49.500 -49.500
  -6.605 -49.500 -49.500
  -6.603 -49.500 -49.500
  -6.602 -49.500 -49.500
  -6.600 -49.500 -49.500
  -6.598 -49.500     NaN
  -6.596 -49.500     NaN
  -6.594 -49.500     NaN
