  -8.861 -13.753 -13.753
  -8.599 -13.913 -13.913
  -8.442 -14.039 -14.039
  -8.329 -14.092 -14.092
  -8.239 -14.077 -14.077
  -8.166 -14.236 -14.236
  -8.103 -14.000 -14.000
  -8.048 -14.120 -14.313
  -7.999 -14.405 -14.405
  -7.955 -14.334 -14.334
  -7.916 -14.475 -14.475
  -7.879 -14.495 -14.495
  -7.846 -14.467 -14.467
  -7.815 -14.373 -14.373
  -7.786 -14.490 -14.490
  -7.758 -14.070 -14.588
  -7.733 -14.692 -14.692
  -7.709 -14.554 -14.554
  -7.686 -14.062 -14.757
  -7.664 -14.542 -14.699
  -7.643 -14.336 -14.336
  -7.624 -14.315 -14.474
  -7.605 -14.991 -14.991
  -7.586 -14.689 -14.689
  -7.569 -14.844 -14.844
  -7.552 -14.938 -14.938
  -7.536 -14.669 -14.904
  -7.521 -15.041 -15.041
  -7.506 -14.663 -14.991
  -7.491 -14.852 -15.014
  -7.477 -15.119 -15.119
  -7.464 -14.850 -14.850
  -7.451 -14.990 -15.193
  -7.438 -14.978 -14.978
  -7.425 -14.470 -14.895
  -7.413 -14.641 -14.942
  -7.401 -14.816 -14.816
  -7.390 -14.889 -15.202
  -7.379 -14.909 -15.220
  -7.368 -14.746 -14.959
  -7.357 -15.120 -15.343
  -7.347 -15.281 -15.482
  -7.337 -15.094 -15.094
  -7.327 -14.606 -15.060
  -7.317 -14.681 -15.043
  -7.308 -15.174 -15.174
  -7.299 -15.376 -15.376
  -7.290 -14.635 -14.985
  -7.281 -14.825 -15.061
  -7.272 -15.273 -15.273
  -7.264 -15.273 -15.540
  -7.255 -15.425 -15.425
  -7.247 -15.568 -15.568
  -7.239 -15.237 -15.455
  -7.231 -15.332 -15.332
  -7.223 -14.988 -15.169
  -7.216 -15.054 -15.566
  -7.208 -15.378 -15.577
  -7.201 -15.778 -15.778
  -7.194 -14.978 -15.429
  -7.187 -15.535 -15.711
  -7.180 -15.414 -15.863
  -7.173 -14.934 -15.448
  -7.166 -15.002 -15.468
  -7.159 -15.700 -15.700
  -7.153 -14.948 -15.225
  -7.146 -14.838 -15.065
  -7.140 -15.311 -15.504
  -7.133 -15.250 -15.462
  -7.127 -15.842 -16.007
  -7.121 -15.137 -15.543
  -7.115 -15.116 -15.496
  -7.109 -15.477 -15.750
  -7.103 -15.365 -15.779
  -7.098 -15.870 -15.870
  -7.092 -14.476 -14.796
  -7.086 -15.985 -16.150
  -7.081 -15.895 -16.138
  -7.075 -15.300 -15.963
  -7.070 -15.775 -15.775
  -7.064 -16.000 -16.165
  -7.059 -15.923 -15.923
  -7.054 -15.485 -15.832
  -7.049 -15.956 -15.956
  -7.043 -16.229 -16.229
  -7.038 -16.013 -16.285
  -7.033 -15.691 -16.166
  -7.029 -15.556 -16.060
  -7.024 -15.600 -15.600
  -7.019 -15.757 -16.017
  -7.014 -16.172 -16.172
  -7.009 -15.916 -15.916
  -7.005 -16.236 -16.236
  -7.000 -16.154 -16.391
  -6.995 -15.654 -16.000
  -6.991 -15.291 -15.628
  -6.986 -15.825 -15.825
  -6.982 -16.334 -16.535
  -6.978 -15.831 -16.291
  -6.973 -16.789 -16.789
  -6.969 -15.036 -16.319
  -6.965 -14.905 -16.117
  -6.961 -15.123 -15.293
  -6.956 -15.704 -15.974
  -6.952 -14.774 -15.571
  -6.948 -16.041 -16.789
  -6.944 -15.732 -15.892
  -6.940 -15.733 -16.057
  -6.936 -15.500 -16.603
  -6.932 -15.983 -16.593
  -6.928 -16.128 -16.128
  -6.924 -16.394 -16.394
  -6.920 -16.560 -16.560
  -6.917 -16.298 -16.693
  -6.913 -17.127 -22.574
  -6.909 -15.785 -15.995
  -6.905 -15.097 -16.104
  -6.902 -15.702 -22.330
  -6.898 -15.606 -16.133
  -6.894 -15.688 -16.399
  -6.891 -16.144 -16.329
  -6.887 -16.954 -17.492
  -6.884 -16.071 -16.071
  -6.880 -16.146 -16.311
  -6.877 -15.796 -16.173
  -6.873 -16.518 -16.673
  -6.870 -16.256 -16.491
  -6.867 -17.311 -49.500
  -6.863 -16.565 -49.500
  -6.860 -16.567 -16.816
  -6.857 -16.359 -16.617
  -6.853 -15.806 -16.250
  -6.850 -14.413 -16.425
  -6.847 -15.321 -15.998
  -6.844 -49.500     NaN
  -6.840 -15.817 -16.281
  -6.837 -16.563 -16.753
  -6.834 -16.263 -16.749
  -6.831 -16.567 -16.877
  -6.828 -15.626 -16.540
  -6.825 -15.749 -16.143
  -6.822 -17.073 -49.500
  -6.819 -16.432 -16.801
  -6.816 -16.387 -16.718
  -6.813 -15.474 -16.267
  -6.810 -15.420 -16.385
  -6.807 -16.868 -49.500
  -6.804 -15.475 -16.881
  -6.801 -16.266 -16.266
  -6.798 -15.184 -17.184
  -6.795 -16.222 -49.500
  -6.792 -16.150 -16.982
  -6.789 -15.721 -16.262
  -6.787 -15.805 -16.389
  -6.784 -16.182 -16.369
  -6.781 -15.887 -16.243
  -6.778 -15.293 -16.573
  -6.775 -15.903 -16.297
  -6.773 -16.743 -49.500
  -6.770 -16.127 -16.446
  -6.767 -49.500     NaN
  -6.765 -16.471 -49.500
  -6.762 -15.875 -16.815
  -6.759 -49.500     NaN
  -6.757 -16.655 -16.655
  -6.754 -16.924 -49.500
  -6.751 -16.622 -49.500
  -6.749 -16.727 -49.500
  -6.746 -49.500 -49.500
  -6.744 -15.975 -49.500
  -6.741 -16.651 -49.500
  -6.739 -16.032 -16.920
  -6.736 -16.804 -49.500
  -6.734 -16.757 -49.500
  -6.731 -15.114 -16.354
  -6.729 -49.500     NaN
  -6.726 -16.118 -16.426
  -6.724 -49.500     NaN
  -6.721 -49.500     NaN
  -6.719 -16.728 -49.500
  -6.717 -49.500     NaN
  -6.714 -49.500     NaN
  -6.712 -49.500 -49.500
  -6.709 -16.087 -49.500
  -6.707 -49.500     NaN
  -6.705 -49.500 -49.500
  -6.702 -49.500 -49.500
  -6.700 -49.500     NaN
  -6.698 -16.271 -16.271
  -6.696 -16.278 -16.278
  -6.693 -15.708 -49.500
  -6.691 -49.500 -49.500
  -6.689 -49.500 -49.500
  -6.687 -49.500     NaN
  -6.684 -16.086 -16.355
  -6.682 -49.500     NaN
  -6.680 -16.254 -49.500
  -6.678 -49.500 -49.500
  -6.675 -49.500 -49.500
  -6.673 -49.500     NaN
  -6.671 -16.682 -49.500
  -6.669 -15.809 -15.809
  -6.667 -49.500     NaN
  -6.665 -49.500     NaN
  -6.663 -15.952 -16.596
  -6.661 -49.500     NaN
  -6.658 -16.382 -49.500
  -6.656 -49.500 -49.500
  -6.654 -49.500     NaN
  -6.652 -49.500     NaN
  -6.650 -49.500 -49.500
  -6.648 -49.500     NaN
  -6.646 -49.500 -49.500
  -6.644 -49.500     NaN
  -6.642 -49.500 -49.500
  -6.640 -16.449 -49.500
  -6.638 -16.677 -49.500
  -6.636 -49.500 -49.500
  -6.634 -16.335 -49.500
  -6.632 -49.500 -49.500
  -6.630 -49.500     NaN
  -6.628 -16.063 -16.288
  -6.626 -16.739 -49.500
  -6.624 -16.753 -16.753
  -6.622 -49.500 -49.500
  -6.620 -15.711 -15.711
  -6.618 -49.500 -49.500
  -6.617 -49.500 -49.500
  -6.615 -49.500 -49.500
  -6.613 -16.814 -49.500
  -6.611 -16.337 -49.500
  -6.609 -49.500     NaN
  -6.607 -16.029 -49.500
  -6.605 -16.619 -49.500
  -6.603 -15.935 -16.640
  -6.602 -49.500     NaN
  -6.600 -16.070 -16.627
  -6.598 -16.658 -49.500
  -6.596 -49.500     NaN
  -6.594 -49.500 -49.500
