  -8.861 -13.733 -13.733
  -8.599 -13.882 -13.882
  -8.442 -13.914 -13.914
  -8.329 -13.909 -13.909
  -8.239 -14.181 -14.181
  -8.166 -14.175 -14.175
  -8.103 -14.090 -14.338
  -8.048 -14.241 -14.241
  -7.999 -14.354 -14.354
  -7.955 -14.304 -14.304
  -7.916 -14.387 -14.387
  -7.879 -14.348 -14.348
  -7.846 -14.408 -14.408
  -7.815 -14.506 -14.506
  -7.786 -14.210 -14.553
  -7.758 -14.332 -14.664
  -7.733 -14.743 -14.743
  -7.709 -14.420 -14.420
  -7.686 -14.790 -14.790
  -7.664 -13.623 -14.865
  -7.643 -14.493 -14.778
  -7.624 -14.570 -14.570
  -7.605 -14.875 -14.875
  -7.586 -14.681 -14.681
  -7.569 -14.709 -14.968
  -7.552 -14.712 -14.712
  -7.536 -14.930 -14.930
  -7.521 -15.228 -15.228
  -7.506 -14.545 -14.916
  -7.491 -14.981 -14.981
  -7.477 -14.744 -14.744
  -7.464 -15.073 -15.073
  -7.451 -14.650 -14.650
  -7.438 -14.819 -14.819
  -7.425 -14.761 -14.761
  -7.413 -14.859 -15.136
  -7.401 -14.691 -14.858
  -7.390 -14.614 -15.083
  -7.379 -15.061 -15.061
  -7.368 -15.163 -15.163
  -7.357 -15.144 -15.308
  -7.347 -15.372 -15.372
  -7.337 -14.883 -15.182
  -7.327 -15.514 -15.514
  -7.317 -15.207 -15.207
  -7.308 -15.652 -15.652
  -7.299 -14.983 -15.269
  -7.290 -15.122 -15.331
  -7.281 -15.321 -15.321
  -7.272 -14.819 -15.127
  -7.264 -15.297 -15.463
  -7.255 -14.844 -15.340
  -7.247 -14.984 -15.439
  -7.239 -15.348 -15.348
  -7.231 -15.626 -15.804
  -7.223 -14.972 -15.390
  -7.216 -15.267 -15.267
  -7.208 -15.321 -15.321
  -7.201 -14.779 -15.580
  -7.194 -15.322 -15.589
  -7.187 -15.450 -15.450
  -7.180 -15.623 -15.790
  -7.173 -15.683 -15.683
  -7.166 -15.684 -15.857
  -7.159 -15.763 -15.923
  -7.153 -15.999 -15.999
  -7.146 -15.570 -15.570
  -7.140 -15.647 -15.877
  -7.133 -15.672 -16.087
  -7.127 -15.746 -16.168
  -7.121 -15.824 -15.824
  -7.115 -14.812 -15.622
  -7.109 -14.718 -15.322
  -7.103 -15.317 -15.508
  -7.098 -15.554 -15.783
  -7.092 -16.031 -16.031
  -7.086 -15.646 -15.646
  -7.081 -15.916 -16.091
  -7.075 -14.913 -15.468
  -7.070 -15.433 -15.922
  -7.064 -15.929 -15.929
  -7.059 -15.757 -15.757
  -7.054 -15.248 -15.715
  -7.049 -15.313 -15.573
  -7.043 -15.972 -15.972
  -7.038 -16.015 -16.015
  -7.033 -13.852 -16.265
  -7.029 -15.246 -15.561
  -7.024 -16.042 -16.042
  -7.019 -16.010 -16.378
  -7.014 -15.810 -15.992
  -7.009 -15.565 -16.043
  -7.005 -15.748 -15.748
  -7.000 -15.666 -16.062
  -6.995 -15.423 -16.258
  -6.991 -16.163 -16.938
  -6.986 -15.588 -15.849
  -6.982 -16.267 -16.440
  -6.978 -15.900 -15.900
  -6.973 -16.292 -16.497
  -6.969 -15.863 -16.113
  -6.965 -16.373 -16.373
  -6.961 -15.673 -16.404
  -6.956 -15.778 -16.044
  -6.952 -16.190 -16.190
  -6.948 -16.177 -16.352
  -6.944 -16.313 -16.313
  -6.940 -16.333 -16.911
  -6.936 -15.416 -16.206
  -6.932 -16.340 -16.702
  -6.928 -15.822 -16.048
  -6.924 -16.439 -16.710
  -6.920 -15.172 -16.089
  -6.917 -16.121 -16.284
  -6.913 -15.941 -15.941
  -6.909 -15.970 -16.161
  -6.905 -16.386 -16.655
  -6.902 -16.240 -16.576
  -6.898 -16.185 -16.185
  -6.894 -16.782 -16.975
  -6.891 -16.103 -16.307
  -6.887 -16.446 -16.734
  -6.884 -16.380 -16.617
  -6.880 -15.171 -16.142
  -6.877 -15.641 -16.527
  -6.873 -16.438 -16.670
  -6.870 -16.447 -16.623
  -6.867 -16.740 -17.014
  -6.863 -15.590 -15.880
  -6.860 -16.028 -16.312
  -6.857 -16.108 -16.796
  -6.853 -15.560 -49.500
  -6.850 -16.513 -49.500
  -6.847 -16.433 -16.600
  -6.844 -16.164 -49.500
  -6.840 -16.042 -16.356
  -6.837 -16.835 -17.183
  -6.834 -49.500 -49.500
  -6.831 -17.039 -49.500
  -6.828 -15.968 -16.749
  -6.825 -15.378 -16.145
  -6.822 -16.432 -16.589
  -6.819 -16.614 -16.798
  -6.816 -16.207 -16.858
  -6.813 -16.353 -49.500
  -6.810 -15.938 -16.325
  -6.807 -16.659 -49.500
  -6.804 -15.929 -16.093
  -6.801 -17.040 -49.500
  -6.798 -16.552 -49.500
  -6.795 -49.500     NaN
  -6.792 -49.500     NaN
  -6.789 -15.412 -16.134
  -6.787 -17.153 -17.375
  -6.784 -16.686 -17.205
  -6.781 -16.099 -16.346
  -6.778 -16.714 -49.500
  -6.775 -15.997 -49.500
  -6.773 -16.369 -16.369
  -6.770 -17.078 -17.078
  -6.767 -16.195 -49.500
  -6.765 -16.934 -49.500
  -6.762 -16.018 -16.343
  -6.759 -14.865 -16.075
  -6.757 -16.349 -16.349
  -6.754 -49.500     NaN
  -6.751 -49.500     NaN
  -6.749 -15.852 -16.755
  -6.746 -16.212 -49.500
  -6.744 -16.615 -17.211
  -6.741 -16.631 -49.500
  -6.739 -49.500     NaN
  -6.736 -16.826 -49.500
  -6.734 -49.500     NaN
  -6.731 -49.500     NaN
  -6.729 -49.500     NaN
  -6.726 -15.781 -16.779
  -6.724 -49.500     NaN
  -6.721 -49.500 -49.500
  -6.719 -16.808 -16.808
  -6.717 -49.500     NaN
  -6.714 -16.953 -49.500
  -6.712 -16.382 -49.500
  -6.709 -15.745 -16.487
  -6.707 -14.945 -14.945
  -6.705 -49.500 -49.500
  -6.702 -49.500     NaN
  -6.700 -16.372 -16.578
  -6.698 -49.500     NaN
  -6.696 -16.264 -49.500
  -6.693 -16.481 -49.500
  -6.691 -15.819 -16.081
  -6.689 -16.993 -49.500
  -6.687 -49.500     NaN
  -6.684 -16.398 -16.398
  -6.682 -16.259 -16.882
  -6.680 -15.944 -49.500
  -6.678 -14.778 -49.500
  -6.675 -49.500 -49.500
  -6.673 -49.500     NaN
  -6.671 -49.500     NaN
  -6.669 -15.498 -16.615
  -6.667 -16.828 -49.500
  -6.665 -49.500     NaN
  -6.663 -49.500 -49.500
  -6.661 -15.170 -16.844
  -6.658 -49.500 -49.500
  -6.656 -16.109 -16.952
  -6.654 -49.500     NaN
  -6.652 -49.500     NaN
  -6.650 -49.500 -49.500
  -6.648 -15.988 -16.368
  -6.646 -49.500 -49.500
  -6.644 -16.307 -16.486
  -6.642 -49.500     NaN
  -6.640 -49.500 -49.500
  -6.638 -16.750 -49.500
  -6.636 -49.500 -49.500
  -6.634 -16.861 -49.500
  -6.632 -16.196 -16.701
  -6.630 -49.500     NaN
  -6.628 -49.500     NaN
  -6.626 -49.500 -49.500
  -6.624 -49.500     NaN
  -6.622 -49.500     NaN
  -6.620 -49.500 -49.500
  -6.618 -49.500 -49.500
  -6.617 -49.500 -49.500
  -6.615 -16.633 -49.500
  -6.613 -15.936 -15.936
  -6.611 -49.500     NaN
  -6.609 -49.500 -49.500
  -6.607 -49.500 -49.500
  -6.605 -49.500     NaN
  -6.603 -49.500     NaN
  -6.602 -49.500     NaN
  -6.600 -49.500     NaN
  -6.598 -16.913 -49.500
  -6.596 -49.500     NaN
  -6.594 -49.500     NaN
