  -8.861 -13.776 -13.776
  -8.599 -13.844 -13.844
  -8.442 -14.028 -14.028
  -8.329 -14.000 -14.000
  -8.239 -14.071 -14.071
  -8.166 -14.110 -14.110
  -8.103 -14.202 -14.202
  -8.048 -14.306 -14.306
  -7.999 -14.098 -14.249
  -7.955 -14.431 -14.431
  -7.916 -14.456 -14.456
  -7.879 -14.495 -14.495
  -7.846 -14.318 -14.318
  -7.815 -14.442 -14.442
  -7.786 -14.594 -14.594
  -7.758 -14.486 -14.486
  -7.733 -14.664 -14.664
  -7.709 -14.427 -14.764
  -7.686 -14.442 -14.619
  -7.664 -14.669 -14.871
  -7.643 -14.675 -14.839
  -7.624 -14.717 -14.886
  -7.605 -14.456 -14.793
  -7.586 -14.123 -14.590
  -7.569 -14.814 -14.814
  -7.552 -14.906 -15.096
  -7.536 -14.662 -14.662
  -7.521 -14.975 -15.143
  -7.506 -14.658 -15.043
  -7.491 -14.890 -15.167
  -7.477 -14.865 -15.017
  -7.464 -15.016 -15.016
  -7.451 -15.126 -15.126
  -7.438 -14.780 -14.780
  -7.425 -15.231 -15.231
  -7.413 -15.271 -15.271
  -7.401 -15.012 -15.271
  -7.390 -14.513 -14.733
  -7.379 -15.431 -15.431
  -7.368 -15.251 -15.251
  -7.357 -14.833 -15.066
  -7.347 -14.933 -15.113
  -7.337 -15.414 -15.588
  -7.327 -14.510 -14.510
  -7.317 -15.396 -15.396
  -7.308 -15.133 -15.607
  -7.299 -15.120 -15.271
  -7.290 -14.992 -15.204
  -7.281 -15.381 -15.603
  -7.272 -15.256 -15.441
  -7.264 -14.785 -15.163
  -7.255 -14.944 -14.944
  -7.247 -15.633 -15.633
  -7.239 -14.766 -15.355
  -7.231 -14.904 -15.551
  -7.223 -15.162 -15.162
  -7.216 -15.509 -15.509
  -7.208 -15.531 -15.783
  -7.201 -15.583 -15.583
  -7.194 -15.082 -15.393
  -7.187 -14.839 -15.821
  -7.180 -14.502 -14.936
  -7.173 -15.268 -15.487
  -7.166 -15.123 -15.123
  -7.159 -15.039 -15.650
  -7.153 -15.681 -15.681
  -7.146 -15.036 -15.226
  -7.140 -15.594 -15.796
  -7.133 -15.164 -15.634
  -7.127 -15.152 -15.309
  -7.121 -16.099 -16.099
  -7.115 -15.275 -15.526
  -7.109 -15.576 -15.576
  -7.103 -14.787 -15.623
  -7.098 -15.645 -15.645
  -7.092 -15.641 -15.982
  -7.086 -14.624 -15.686
  -7.081 -15.485 -15.931
  -7.075 -15.249 -15.763
  -7.070 -15.365 -15.365
  -7.064 -15.650 -16.129
  -7.059 -15.760 -15.926
  -7.054 -15.569 -15.741
  -7.049 -15.598 -15.779
  -7.043 -15.372 -15.649
  -7.038 -15.768 -16.122
  -7.033 -14.887 -15.265
  -7.029 -14.261 -15.855
  -7.024 -16.230 -16.477
  -7.019 -15.876 -15.876
  -7.014 -16.077 -16.077
  -7.009 -16.001 -16.001
  -7.005 -15.178 -16.122
  -7.000 -16.088 -16.088
  -6.995 -15.321 -15.668
  -6.991 -15.992 -16.241
  -6.986 -16.325 -16.325
  -6.982 -16.241 -16.424
  -6.978 -15.306 -16.428
  -6.973 -16.086 -16.246
  -6.969 -15.216 -16.117
  -6.965 -15.961 -16.299
  -6.961 -15.967 -16.148
  -6.956 -15.714 -15.714
  -6.952 -15.345 -15.718
  -6.948 -16.178 -16.178
  -6.944 -15.937 -16.107
  -6.940 -15.756 -15.933
  -6.936 -15.852 -16.171
  -6.932 -15.923 -16.952
  -6.928 -16.551 -16.551
  -6.924 -16.322 -16.562
  -6.920 -15.365 -15.786
  -6.917 -15.125 -15.548
  -6.913 -16.273 -16.576
  -6.909 -15.836 -16.673
  -6.905 -16.094 -16.584
  -6.902 -15.800 -16.291
  -6.898 -15.912 -16.137
  -6.894 -15.492 -15.924
  -6.891 -16.937 -22.556
  -6.887 -16.365 -22.125
  -6.884 -16.637 -16.637
  -6.880 -15.948 -16.145
  -6.877 -16.491 -16.672
  -6.873 -16.633 -16.787
  -6.870 -16.550 -49.500
  -6.867 -16.249 -16.249
  -6.863 -16.076 -16.076
  -6.860 -15.661 -49.500
  -6.857 -15.959 -16.672
  -6.853 -16.630 -16.839
  -6.850 -16.202 -16.529
  -6.847 -16.055 -16.457
  -6.844 -16.243 -16.674
  -6.840 -16.305 -17.350
  -6.837 -15.582 -16.650
  -6.834 -16.609 -49.500
  -6.831 -16.398 -16.550
  -6.828 -16.143 -16.491
  -6.825 -16.223 -16.558
  -6.822 -17.112 -49.500
  -6.819 -16.205 -49.500
  -6.816 -16.316 -16.516
  -6.813 -16.079 -16.079
  -6.810 -16.380 -17.022
  -6.807 -15.974 -16.140
  -6.804 -16.798 -17.068
  -6.801 -16.553 -16.888
  -6.798 -16.574 -16.772
  -6.795 -16.560 -49.500
  -6.792 -49.500     NaN
  -6.789 -16.445 -16.445
  -6.787 -49.500 -49.500
  -6.784 -15.730 -17.025
  -6.781 -16.138 -49.500
  -6.778 -16.498 -49.500
  -6.775 -17.127 -49.500
  -6.773 -16.302 -16.712
  -6.770 -16.840 -49.500
  -6.767 -15.215 -16.730
  -6.765 -16.868 -17.244
  -6.762 -16.324 -16.718
  -6.759 -16.809 -17.004
  -6.757 -49.500     NaN
  -6.754 -15.599 -15.838
  -6.751 -16.199 -49.500
  -6.749 -49.500     NaN
  -6.746 -49.500     NaN
  -6.744 -16.829 -49.500
  -6.741 -16.368 -49.500
  -6.739 -16.408 -16.720
  -6.736 -49.500     NaN
  -6.734 -15.869 -16.155
  -6.731 -49.500     NaN
  -6.729 -16.079 -16.383
  -6.726 -16.026 -16.026
  -6.724 -49.500 -49.500
  -6.721 -49.500     NaN
  -6.719 -49.500     NaN
  -6.717 -15.755 -49.500
  -6.714 -16.684 -16.980
  -6.712 -16.781 -49.500
  -6.709 -16.606 -49.500
  -6.707 -15.977 -49.500
  -6.705 -15.927 -16.874
  -6.702 -49.500 -49.500
  -6.700 -49.500     NaN
  -6.698 -49.500     NaN
  -6.696 -16.342 -16.342
  -6.693 -49.500 -49.500
  -6.691 -16.707 -16.981
  -6.689 -49.500     NaN
  -6.687 -14.990 -16.590
  -6.684 -49.500 -49.500
  -6.682 -49.500 -49.500
  -6.680 -49.500     NaN
  -6.678 -49.500 -49.500
  -6.675 -16.064 -16.064
  -6.673 -49.500 -49.500
  -6.671 -16.202 -16.551
  -6.669 -17.161 -49.500
  -6.667 -16.565 -16.565
  -6.665 -16.119 -49.500
  -6.663 -15.814 -16.629
  -6.661 -14.741 -15.989
  -6.658 -16.691 -17.031
  -6.656 -16.445 -49.500
  -6.654 -15.558 -49.500
  -6.652 -16.298 -16.298
  -6.650 -16.145 -16.145
  -6.648 -49.500     NaN
  -6.646 -49.500 -49.500
  -6.644 -16.528 -16.756
  -6.642 -49.500     NaN
  -6.640 -17.016 -49.500
  -6.638 -49.500 -49.500
  -6.636 -49.500 -49.500
  -6.634 -49.500     NaN
  -6.632 -49.500 -49.500
  -6.630 -15.930 -15.930
  -6.628 -16.148 -16.371
  -6.626 -49.500 -49.500
  -6.624 -15.884 -15.884
  -6.622 -49.500 -49.500
  -6.620 -49.500 -49.500
  -6.618 -16.087 -16.507
  -6.617 -16.029 -49.500
  -6.615 -49.500 -49.500
  -6.613 -49.500     NaN
  -6.611 -49.500 -49.500
  -6.609 -16.748 -49.500
  -6.607 -16.062 -49.500
  -6.605 -49.500 -49.500
  -6.603 -49.500     NaN
  -6.602 -49.500 -49.500
  -6.600 -49.500     NaN
  -6.598 -49.500     NaN
  -6.596 -16.669 -49.500
  -6.594 -49.500 -49.500
