  -8.861 -13.756 -13.756
  -8.599 -13.878 -13.878
  -8.442 -13.842 -14.023
  -8.329 -14.089 -14.089
  -8.239 -14.176 -14.176
  -8.166 -14.230 -14.230
  -8.103 -14.085 -14.085
  -8.048 -14.283 -14.283
  -7.999 -14.090 -14.090
  -7.955 -14.394 -14.394
  -7.916 -14.400 -14.400
  -7.879 -13.858 -14.523
  -7.846 -14.360 -14.556
  -7.815 -14.440 -14.440
  -7.786 -14.365 -14.745
  -7.758 -14.580 -14.580
  -7.733 -14.563 -14.750
  -7.709 -14.778 -14.778
  -7.686 -14.754 -14.754
  -7.664 -14.346 -14.508
  -7.643 -14.578 -14.888
  -7.624 -14.321 -14.758
  -7.605 -14.803 -14.965
  -7.586 -14.926 -14.926
  -7.569 -15.021 -15.021
  -7.552 -14.610 -14.610
  -7.536 -14.808 -14.808
  -7.521 -14.589 -14.589
  -7.506 -15.173 -15.173
  -7.491 -15.075 -15.314
  -7.477 -15.003 -15.003
  -7.464 -15.022 -15.022
  -7.451 -14.852 -14.852
  -7.438 -15.042 -15.042
  -7.425 -14.772 -15.160
  -7.413 -15.268 -15.428
  -7.401 -14.888 -15.173
  -7.390 -15.395 -15.395
  -7.379 -15.262 -15.262
  -7.368 -15.142 -15.142
  -7.357 -15.235 -15.392
  -7.347 -15.079 -15.352
  -7.337 -15.304 -15.304
  -7.327 -14.691 -14.691
  -7.317 -14.567 -15.352
  -7.308 -15.027 -15.027
  -7.299 -14.796 -15.490
  -7.290 -15.648 -15.648
  -7.281 -15.227 -15.227
  -7.272 -15.356 -15.356
  -7.264 -15.237 -15.799
  -7.255 -14.501 -14.663
  -7.247 -15.189 -15.631
  -7.239 -15.324 -15.632
  -7.231 -14.323 -15.092
  -7.223 -15.305 -15.305
  -7.216 -15.332 -15.636
  -7.208 -15.622 -15.622
  -7.201 -15.027 -15.685
  -7.194 -15.686 -15.899
  -7.187 -15.022 -15.528
  -7.180 -14.596 -15.539
  -7.173 -15.584 -15.584
  -7.166 -14.610 -15.612
  -7.159 -15.715 -15.715
  -7.153 -15.318 -15.318
  -7.146 -15.394 -15.546
  -7.140 -14.928 -15.161
  -7.133 -14.967 -15.832
  -7.127 -15.848 -15.848
  -7.121 -15.371 -15.890
  -7.115 -15.513 -15.811
  -7.109 -15.907 -16.254
  -7.103 -15.957 -15.957
  -7.098 -15.523 -15.523
  -7.092 -15.179 -15.634
  -7.086 -14.583 -15.328
  -7.081 -15.585 -15.585
  -7.075 -16.050 -16.050
  -7.070 -15.672 -15.864
  -7.064 -15.750 -16.148
  -7.059 -15.951 -16.159
  -7.054 -15.295 -15.619
  -7.049 -15.457 -15.651
  -7.043 -14.329 -16.047
  -7.038 -15.255 -15.507
  -7.033 -15.988 -15.988
  -7.029 -15.712 -16.161
  -7.024 -15.801 -16.534
  -7.019 -15.808 -16.255
  -7.014 -14.844 -15.294
  -7.009 -15.744 -15.896
  -7.005 -15.682 -15.933
  -7.000 -14.502 -15.339
  -6.995 -16.334 -16.519
  -6.991 -15.998 -16.155
  -6.986 -16.374 -16.744
  -6.982 -15.887 -16.252
  -6.978 -16.212 -16.392
  -6.973 -15.901 -16.178
  -6.969 -15.447 -15.618
  -6.965 -15.466 -16.072
  -6.961 -16.130 -16.512
  -6.956 -15.383 -15.825
  -6.952 -16.445 -16.445
  -6.948 -16.339 -16.503
  -6.944 -16.158 -16.158
  -6.940 -16.511 -16.709
  -6.936 -15.934 -16.187
  -6.932 -16.196 -16.196
  -6.928 -15.896 -16.450
  -6.924 -15.996 -16.592
  -6.920 -15.960 -16.259
  -6.917 -15.471 -15.656
  -6.913 -16.263 -22.321
  -6.909 -16.285 -16.701
  -6.905 -16.201 -16.415
  -6.902 -14.821 -16.406
  -6.898 -14.039 -16.188
  -6.894 -15.802 -16.502
  -6.891 -16.520 -16.815
  -6.887 -16.354 -16.549
  -6.884 -16.971 -49.500
  -6.880 -16.168 -16.168
  -6.877 -16.689 -16.689
  -6.873 -16.423 -17.029
  -6.870 -16.370 -16.560
  -6.867 -16.018 -16.491
  -6.863 -16.650 -16.650
  -6.860 -16.070 -16.818
  -6.857 -16.481 -16.663
  -6.853 -15.899 -16.301
  -6.850 -16.548 -17.220
  -6.847 -16.567 -49.500
  -6.844 -15.908 -49.500
  -6.840 -16.248 -16.544
  -6.837 -15.706 -16.034
  -6.834 -16.239 -16.476
  -6.831 -16.401 -16.674
  -6.828 -16.302 -16.479
  -6.825 -16.381 -16.381
  -6.822 -15.171 -15.471
  -6.819 -15.785 -16.578
  -6.816 -15.599 -15.834
  -6.813 -15.690 -15.983
  -6.810 -16.475 -16.702
  -6.807 -49.500     NaN
  -6.804 -16.831 -17.085
  -6.801 -16.433 -16.433
  -6.798 -16.105 -16.293
  -6.795 -15.737 -16.903
  -6.792 -49.500     NaN
  -6.789 -16.548 -49.500
  -6.787 -16.005 -16.456
  -6.784 -15.586 -17.275
  -6.781 -16.844 -49.500
  -6.778 -16.907 -49.500
  -6.775 -49.500     NaN
  -6.773 -16.104 -16.104
  -6.770 -15.889 -16.202
  -6.767 -49.500     NaN
  -6.765 -16.341 -16.992
  -6.762 -17.131 -49.500
  -6.759 -16.645 -16.820
  -6.757 -16.896 -49.500
  -6.754 -16.202 -16.653
  -6.751 -49.500     NaN
  -6.749 -15.895 -16.764
  -6.746 -16.679 -49.500
  -6.744 -49.500     NaN
  -6.741 -16.433 -49.500
  -6.739 -16.666 -17.000
  -6.736 -49.500     NaN
  -6.734 -17.008 -17.008
  -6.731 -16.708 -16.970
  -6.729 -16.316 -49.500
  -6.726 -49.500     NaN
  -6.724 -16.090 -16.603
  -6.721 -16.706 -17.035
  -6.719 -49.500     NaN
  -6.717 -16.511 -49.500
  -6.714 -49.500     NaN
  -6.712 -17.085 -49.500
  -6.709 -16.841 -16.841
  -6.707 -15.623 -49.500
  -6.705 -49.500     NaN
  -6.702 -49.500 -49.500
  -6.700 -15.850 -49.500
  -6.698 -16.470 -16.857
  -6.696 -16.432 -49.500
  -6.693 -49.500     NaN
  -6.691 -16.530 -49.500
  -6.689 -16.375 -17.100
  -6.687 -49.500     NaN
  -6.684 -16.863 -49.500
  -6.682 -49.500 -49.500
  -6.680 -49.500     NaN
  -6.678 -49.500     NaN
  -6.675 -49.500 -49.500
  -6.673 -49.500 -49.500
  -6.671 -16.708 -49.500
  -6.669 -15.616 -49.500
  -6.667 -49.500     NaN
  -6.665 -49.500 -49.500
  -6.663 -49.500     NaN
  -6.661 -49.500     NaN
  -6.658 -16.369 -16.369
  -6.656 -16.680 -49.500
  -6.654 -15.539 -16.686
  -6.652 -16.947 -16.947
  -6.650 -49.500     NaN
  -6.648 -49.500 -49.500
  -6.646 -49.500 -49.500
  -6.644 -49.500 -49.500
  -6.642 -16.923 -16.923
  -6.640 -16.755 -49.500
  -6.638 -49.500 -49.500
  -6.636 -49.500 -49.500
  -6.634 -16.585 -49.500
  -6.632 -49.500 -49.500
  -6.630 -49.500     NaN
  -6.628 -16.183 -49.500
  -6.626 -49.500 -49.500
  -6.624 -49.500 -49.500
  -6.622 -16.831 -49.500
  -6.620 -15.936 -16.165
  -6.618 -49.500 -49.500
  -6.617 -49.500 -49.500
  -6.615 -49.500 -49.500
  -6.613 -16.061 -16.292
  -6.611 -49.500     NaN
  -6.609 -16.457 -16.457
  -6.607 -16.940 -49.500
  -6.605 -16.776 -16.776
  -6.603 -49.500 -49.500
  -6.602 -49.500     NaN
  -6.600 -49.500 -49.500
  -6.598 -49.500     NaN
  -6.596 -49.500     NaN
  -6.594 -16.470 -16.470
