  -8.861 -13.746 -13.746
  -8.599 -13.884 -13.884
  -8.442 -13.922 -13.922
  -8.329 -14.038 -14.038
  -8.239 -14.161 -14.161
  -8.166 -14.092 -14.092
  -8.103 -14.316 -14.316
  -8.048 -13.946 -14.310
  -7.999 -14.253 -14.253
  -7.955 -14.439 -14.439
  -7.916 -14.445 -14.445
  -7.879 -14.184 -14.467
  -7.846 -14.434 -14.592
  -7.815 -14.658 -14.658
  -7.786 -14.730 -14.730
  -7.758 -14.618 -14.618
  -7.733 -14.622 -14.622
  -7.709 -14.873 -14.873
  -7.686 -14.793 -14.793
  -7.664 -14.730 -14.730
  -7.643 -14.873 -14.873
  -7.624 -14.533 -14.795
  -7.605 -14.640 -14.640
  -7.586 -14.425 -14.617
  -7.569 -14.764 -14.764
  -7.552 -14.469 -14.469
  -7.536 -14.939 -14.939
  -7.521 -14.991 -14.991
  -7.506 -14.519 -15.025
  -7.491 -14.737 -14.893
  -7.477 -14.819 -14.819
  -7.464 -13.924 -14.821
  -7.451 -14.808 -14.808
  -7.438 -15.071 -15.071
  -7.425 -14.810 -14.810
  -7.413 -14.771 -15.074
  -7.401 -14.279 -14.825
  -7.390 -14.611 -14.914
  -7.379 -14.193 -14.878
  -7.368 -14.660 -14.894
  -7.357 -15.384 -15.384
  -7.347 -14.646 -14.923
  -7.337 -14.224 -15.010
  -7.327 -15.049 -15.701
  -7.317 -15.106 -15.106
  -7.308 -15.436 -15.436
  -7.299 -14.974 -15.211
  -7.290 -15.689 -15.689
  -7.281 -15.562 -15.562
  -7.272 -15.453 -15.453
  -7.264 -15.192 -15.590
  -7.255 -14.382 -15.387
  -7.247 -14.925 -15.396
  -7.239 -15.372 -15.615
  -7.231 -14.907 -15.310
  -7.223 -14.576 -14.932
  -7.216 -15.367 -15.367
  -7.208 -15.061 -15.314
  -7.201 -15.179 -15.365
  -7.194 -15.486 -15.777
  -7.187 -14.964 -15.553
  -7.180 -15.437 -15.437
  -7.173 -15.569 -15.569
  -7.166 -15.033 -15.237
  -7.159 -15.656 -15.656
  -7.153 -15.501 -15.787
  -7.146 -15.783 -15.989
  -7.140 -14.986 -15.708
  -7.133 -15.391 -15.560
  -7.127 -15.302 -15.302
  -7.121 -15.598 -15.875
  -7.115 -14.912 -15.540
  -7.109 -15.862 -16.042
  -7.103 -15.302 -15.821
  -7.098 -15.628 -16.027
  -7.092 -15.665 -15.855
  -7.086 -16.045 -16.045
  -7.081 -14.978 -15.312
  -7.075 -15.850 -15.850
  -7.070 -16.095 -16.285
  -7.064 -15.590 -16.050
  -7.059 -15.923 -16.107
  -7.054 -15.885 -15.885
  -7.049 -15.131 -15.646
  -7.043 -14.990 -15.571
  -7.038 -15.994 -16.178
  -7.033 -15.719 -16.029
  -7.029 -15.717 -15.964
  -7.024 -14.335 -15.646
  -7.019 -16.524 -16.524
  -7.014 -16.008 -16.008
  -7.009 -15.643 -15.965
  -7.005 -15.436 -15.791
  -7.000 -16.297 -16.297
  -6.995 -16.417 -16.672
  -6.991 -15.775 -16.338
  -6.986 -15.045 -15.275
  -6.982 -15.995 -16.199
  -6.978 -16.180 -16.375
  -6.973 -15.786 -16.087
  -6.969 -16.607 -16.966
  -6.965 -15.408 -15.408
  -6.961 -15.827 -15.994
  -6.956 -15.905 -15.905
  -6.952 -15.922 -15.922
  -6.948 -15.302 -15.785
  -6.944 -15.579 -15.847
  -6.940 -16.170 -16.170
  -6.936 -15.408 -16.111
  -6.932 -16.139 -16.305
  -6.928 -15.166 -16.384
  -6.924 -15.854 -16.020
  -6.920 -16.375 -16.375
  -6.917 -16.015 -16.191
  -6.913 -16.580 -16.747
  -6.909 -16.553 -16.751
  -6.905 -16.134 -16.134
  -6.902 -16.718 -17.247
  -6.898 -17.250 -49.500
  -6.894 -16.782 -16.973
  -6.891 -15.756 -15.927
  -6.887 -16.175 -16.369
  -6.884 -16.446 -17.238
  -6.880 -15.583 -16.275
  -6.877 -16.389 -16.389
  -6.873 -15.793 -16.909
  -6.870 -16.503 -16.809
  -6.867 -49.500     NaN
  -6.863 -16.596 -16.832
  -6.860 -16.320 -16.481
  -6.857 -15.356 -15.541
  -6.853 -17.021 -49.500
  -6.850 -15.740 -15.923
  -6.847 -15.444 -15.882
  -6.844 -15.622 -16.257
  -6.840 -16.421 -16.858
  -6.837 -16.332 -16.502
  -6.834 -15.528 -16.421
  -6.831 -16.313 -49.500
  -6.828 -16.211 -16.418
  -6.825 -16.484 -16.943
  -6.822 -16.780 -17.154
  -6.819 -16.030 -16.244
  -6.816 -15.939 -16.091
  -6.813 -16.853 -49.500
  -6.810 -16.841 -16.841
  -6.807 -16.800 -49.500
  -6.804 -16.192 -49.500
  -6.801 -16.003 -16.213
  -6.798 -16.401 -16.890
  -6.795 -16.074 -16.410
  -6.792 -15.706 -16.351
  -6.789 -16.157 -49.500
  -6.787 -16.323 -16.477
  -6.784 -16.719 -17.009
  -6.781 -16.744 -49.500
  -6.778 -16.134 -16.392
  -6.775 -15.828 -16.696
  -6.773 -49.500     NaN
  -6.770 -16.680 -49.500
  -6.767 -15.322 -17.273
  -6.765 -16.205 -17.063
  -6.762 -15.867 -16.469
  -6.759 -49.500     NaN
  -6.757 -16.691 -49.500
  -6.754 -17.103 -49.500
  -6.751 -15.808 -16.211
  -6.749 -16.012 -49.500
  -6.746 -16.614 -17.141
  -6.744 -16.676 -16.883
  -6.741 -49.500     NaN
  -6.739 -15.772 -16.109
  -6.736 -16.489 -17.064
  -6.734 -14.266 -16.603
  -6.731 -15.999 -15.999
  -6.729 -17.200 -49.500
  -6.726 -16.829 -49.500
  -6.724 -16.565 -49.500
  -6.721 -17.141 -49.500
  -6.719 -16.839 -49.500
  -6.717 -16.189 -49.500
  -6.714 -16.024 -16.502
  -6.712 -16.449 -16.824
  -6.709 -49.500 -49.500
  -6.707 -16.325 -49.500
  -6.705 -16.353 -49.500
  -6.702 -49.500     NaN
  -6.700 -16.273 -16.273
  -6.698 -16.344 -49.500
  -6.696 -49.500     NaN
  -6.693 -16.342 -49.500
  -6.691 -49.500     NaN
  -6.689 -49.500 -49.500
  -6.687 -49.500     NaN
  -6.684 -49.500     NaN
  -6.682 -49.500 -49.500
  -6.680 -15.065 -15.065
  -6.678 -49.500     NaN
  -6.675 -16.370 -17.058
  -6.673 -16.625 -49.500
  -6.671 -49.500     NaN
  -6.669 -17.001 -49.500
  -6.667 -49.500     NaN
  -6.665 -49.500     NaN
  -6.663 -14.718 -16.285
  -6.661 -16.398 -49.500
  -6.658 -49.500 -49.500
  -6.656 -49.500     NaN
  -6.654 -49.500     NaN
  -6.652 -49.500 -49.500
  -6.650 -49.500     NaN
  -6.648 -16.418 -16.649
  -6.646 -16.468 -16.468
  -6.644 -49.500     NaN
  -6.642 -49.500     NaN
  -6.640 -49.500     NaN
  -6.638 -49.500     NaN
  -6.636 -49.500 -49.500
  -6.634 -49.500 -49.500
  -6.632 -49.500 -49.500
  -6.630 -49.500 -49.500
  -6.628 -49.500 -49.500
  -6.626 -49.500     NaN
  -6.624 -16.036 -16.036
  -6.622 -16.674 -16.674
  -6.620 -49.500 -49.500
  -6.618 -16.355 -49.500
  -6.617 -49.500     NaN
  -6.615 -49.500 -49.500
  -6.613 -16.548 -49.500
  -6.611 -49.500 -49.500
  -6.609 -49.500 -49.500
  -6.607 -49.500 -49.500
  -6.605 -49.500 -49.500
  -6.603 -49.500     NaN
  -6.602 -49.500 -49.500
  -6.600 -49.500 -49.500
  -6.598 -49.500     NaN
  -6.596 -49.500     NaN
  -6.594 -15.656 -49.500
