  -8.861 -13.767 -13.767
  -8.599 -13.882 -13.882
  -8.442 -13.992 -13.992
  -8.329 -13.969 -13.969
  -8.239 -14.104 -14.104
  -8.166 -14.184 -14.184
  -8.103 -14.276 -14.276
  -8.048 -14.193 -14.352
  -7.999 -13.998 -14.234
  -7.955 -13.998 -14.223
  -7.916 -14.559 -14.559
  -7.879 -14.484 -14.484
  -7.846 -14.424 -14.424
  -7.815 -14.504 -14.504
  -7.786 -14.162 -14.456
  -7.758 -14.164 -14.450
  -7.733 -14.273 -14.679
  -7.709 -14.601 -14.601
  -7.686 -14.556 -14.556
  -7.664 -14.311 -14.596
  -7.643 -14.761 -14.761
  -7.624 -14.768 -14.768
  -7.605 -14.886 -14.886
  -7.586 -14.791 -15.068
  -7.569 -14.427 -14.779
  -7.552 -14.679 -14.679
  -7.536 -15.005 -15.005
  -7.521 -13.943 -14.731
  -7.506 -14.454 -14.454
  -7.491 -14.779 -15.057
  -7.477 -15.010 -15.010
  -7.464 -14.707 -14.960
  -7.451 -14.948 -15.140
  -7.438 -14.701 -14.942
  -7.425 -14.972 -15.162
  -7.413 -15.098 -15.098
  -7.401 -15.362 -15.362
  -7.390 -15.121 -15.121
  -7.379 -15.317 -15.317
  -7.368 -14.799 -15.390
  -7.357 -15.080 -15.261
  -7.347 -14.798 -15.044
  -7.337 -15.190 -15.190
  -7.327 -14.949 -15.189
  -7.317 -15.223 -15.525
  -7.308 -15.306 -15.306
  -7.299 -15.261 -15.261
  -7.290 -15.190 -15.190
  -7.281 -15.092 -15.092
  -7.272 -14.450 -15.336
  -7.264 -14.945 -15.110
  -7.255 -15.325 -15.510
  -7.247 -15.154 -15.640
  -7.239 -15.641 -15.810
  -7.231 -14.766 -15.058
  -7.223 -15.710 -15.876
  -7.216 -15.330 -15.486
  -7.208 -15.444 -15.444
  -7.201 -15.548 -15.548
  -7.194 -15.607 -15.607
  -7.187 -15.495 -15.685
  -7.180 -15.662 -15.662
  -7.173 -15.294 -15.453
  -7.166 -14.957 -15.385
  -7.159 -15.679 -15.897
  -7.153 -15.416 -15.840
  -7.146 -15.511 -16.009
  -7.140 -15.103 -15.532
  -7.133 -15.625 -15.851
  -7.127 -15.457 -15.457
  -7.121 -15.515 -15.515
  -7.115 -16.050 -16.050
  -7.109 -15.992 -16.166
  -7.103 -15.353 -15.855
  -7.098 -15.953 -15.953
  -7.092 -15.793 -15.964
  -7.086 -15.451 -15.664
  -7.081 -15.300 -15.625
  -7.075 -16.112 -16.352
  -7.070 -15.459 -15.617
  -7.064 -15.516 -15.846
  -7.059 -15.489 -15.979
  -7.054 -15.270 -15.842
  -7.049 -15.744 -15.998
  -7.043 -15.578 -15.895
  -7.038 -15.535 -16.036
  -7.033 -15.176 -15.466
  -7.029 -16.149 -16.325
  -7.024 -15.969 -15.969
  -7.019 -15.335 -15.604
  -7.014 -15.606 -15.606
  -7.009 -15.908 -16.121
  -7.005 -15.517 -16.224
  -7.000 -16.169 -16.169
  -6.995 -15.976 -15.976
  -6.991 -15.953 -16.123
  -6.986 -15.912 -15.912
  -6.982 -15.683 -16.205
  -6.978 -16.057 -16.057
  -6.973 -15.351 -15.620
  -6.969 -15.576 -15.871
  -6.965 -15.985 -16.325
  -6.961 -15.804 -15.990
  -6.956 -15.724 -16.155
  -6.952 -16.460 -16.460
  -6.948 -16.505 -16.505
  -6.944 -16.204 -16.204
  -6.940 -15.006 -16.081
  -6.936 -15.774 -16.178
  -6.932 -15.933 -16.218
  -6.928 -15.434 -15.980
  -6.924 -14.955 -16.154
  -6.920 -16.452 -16.651
  -6.917 -16.080 -16.382
  -6.913 -15.117 -15.831
  -6.909 -15.839 -16.168
  -6.905 -15.714 -16.185
  -6.902 -16.032 -16.440
  -6.898 -15.384 -17.069
  -6.894 -16.087 -16.666
  -6.891 -15.238 -16.925
  -6.887 -15.936 -16.172
  -6.884 -16.104 -16.369
  -6.880 -15.964 -16.222
  -6.877 -14.937 -16.555
  -6.873 -16.612 -16.921
  -6.870 -16.636 -16.636
  -6.867 -16.105 -16.588
  -6.863 -16.429 -16.783
  -6.860 -15.935 -16.606
  -6.857 -16.484 -16.665
  -6.853 -16.497 -17.011
  -6.850 -15.953 -16.932
  -6.847 -16.725 -16.998
  -6.844 -16.653 -17.092
  -6.840 -16.117 -16.117
  -6.837 -15.407 -16.664
  -6.834 -16.139 -16.139
  -6.831 -16.141 -16.141
  -6.828 -16.013 -16.212
  -6.825 -16.360 -16.752
  -6.822 -49.500     NaN
  -6.819 -15.654 -16.263
  -6.816 -16.071 -16.733
  -6.813 -17.141 -49.500
  -6.810 -16.399 -16.660
  -6.807 -16.732 -49.500
  -6.804 -16.074 -49.500
  -6.801 -16.156 -16.523
  -6.798 -49.500     NaN
  -6.795 -16.206 -16.472
  -6.792 -15.509 -15.966
  -6.789 -15.354 -49.500
  -6.787 -14.718 -15.443
  -6.784 -16.003 -16.453
  -6.781 -16.473 -49.500
  -6.778 -16.454 -49.500
  -6.775 -15.781 -16.419
  -6.773 -17.111 -49.500
  -6.770 -15.376 -16.283
  -6.767 -49.500     NaN
  -6.765 -15.753 -16.998
  -6.762 -15.063 -49.500
  -6.759 -49.500 -49.500
  -6.757 -16.123 -16.279
  -6.754 -49.500     NaN
  -6.751 -16.525 -16.890
  -6.749 -16.388 -49.500
  -6.746 -15.544 -16.170
  -6.744 -49.500 -49.500
  -6.741 -16.525 -16.690
  -6.739 -49.500     NaN
  -6.736 -16.164 -16.371
  -6.734 -16.651 -16.840
  -6.731 -16.884 -49.500
  -6.729 -16.580 -49.500
  -6.726 -16.067 -16.245
  -6.724 -15.839 -49.500
  -6.721 -16.005 -49.500
  -6.719 -49.500 -49.500
  -6.717 -16.945 -49.500
  -6.714 -16.697 -49.500
  -6.712 -15.471 -15.754
  -6.709 -49.500     NaN
  -6.707 -16.798 -49.500
  -6.705 -49.500     NaN
  -6.702 -49.500     NaN
  -6.700 -16.333 -49.500
  -6.698 -49.500 -49.500
  -6.696 -15.740 -15.937
  -6.693 -16.495 -16.837
  -6.691 -16.776 -49.500
  -6.689 -15.400 -16.705
  -6.687 -16.633 -16.925
  -6.684 -16.269 -49.500
  -6.682 -49.500 -49.500
  -6.680 -49.500     NaN
  -6.678 -16.403 -16.403
  -6.675 -15.382 -49.500
  -6.673 -49.500     NaN
  -6.671 -49.500     NaN
  -6.669 -49.500     NaN
  -6.667 -16.281 -17.314
  -6.665 -15.459 -15.459
  -6.663 -16.423 -16.423
  -6.661 -49.500     NaN
  -6.658 -16.501 -49.500
  -6.656 -49.500     NaN
  -6.654 -49.500 -49.500
  -6.652 -49.500 -49.500
  -6.650 -16.021 -49.500
  -6.648 -16.845 -49.500
  -6.646 -49.500 -49.500
  -6.644 -49.500     NaN
  -6.642 -16.672 -16.825
  -6.640 -49.500     NaN
  -6.638 -49.500     NaN
  -6.636 -49.500 -49.500
  -6.634 -49.500     NaN
  -6.632 -49.500     NaN
  -6.630 -49.500 -49.500
  -6.628 -49.500 -49.500
  -6.626 -49.500 -49.500
  -6.624 -49.500     NaN
  -6.622 -15.976 -16.831
  -6.620 -16.513 -16.513
  -6.618 -16.624 -49.500
  -6.617 -16.159 -16.887
  -6.615 -49.500 -49.500
  -6.613 -15.945 -15.945
  -6.611 -49.500 -49.500
  -6.609 -16.768 -49.500
  -6.607 -16.638 -17.090
  -6.605 -16.401 -16.401
  -6.603 -16.377 -16.377
  -6.602 -49.500     NaN
  -6.600 -49.500     NaN
  -6.598 -49.500 -49.500
  -6.596 -49.500     NaN
  -6.594 -16.203 -49.500
