  -8.861 -13.756 -13.756
  -8.599 -13.899 -13.899
  -8.442 -13.923 -13.923
  -8.329 -13.967 -13.967
  -8.239 -14.130 -14.130
  -8.166 -14.145 -14.145
  -8.103 -14.062 -14.062
  -8.048 -14.280 -14.280
  -7.999 -14.038 -14.302
  -7.955 -14.261 -14.261
  -7.916 -14.491 -14.491
  -7.879 -14.361 -14.361
  -7.846 -14.464 -14.464
  -7.815 -14.276 -14.615
  -7.786 -14.398 -14.398
  -7.758 -14.674 -14.674
  -7.733 -14.385 -14.780
  -7.709 -14.698 -14.698
  -7.686 -14.867 -14.867
  -7.664 -14.707 -14.894
  -7.643 -14.334 -14.763
  -7.624 -14.496 -14.932
  -7.605 -14.832 -14.832
  -7.586 -15.040 -15.040
  -7.569 -14.959 -14.959
  -7.552 -15.024 -15.024
  -7.536 -15.118 -15.118
  -7.521 -14.798 -14.798
  -7.506 -14.594 -14.778
  -7.491 -14.564 -15.002
  -7.477 -15.010 -15.010
  -7.464 -14.884 -14.884
  -7.451 -14.919 -14.919
  -7.438 -15.039 -15.039
  -7.425 -14.699 -14.699
  -7.413 -14.979 -15.132
  -7.401 -14.485 -14.662
  -7.390 -14.739 -15.021
  -7.379 -15.247 -15.247
  -7.368 -14.333 -14.786
  -7.357 -15.121 -15.121
  -7.347 -14.963 -15.119
  -7.337 -15.457 -15.457
  -7.327 -14.973 -14.973
  -7.317 -14.975 -15.496
  -7.308 -15.246 -15.603
  -7.299 -15.338 -15.338
  -7.290 -14.864 -15.025
  -7.281 -14.839 -15.454
  -7.272 -15.241 -15.434
  -7.264 -14.608 -14.834
  -7.255 -15.301 -15.497
  -7.247 -15.194 -15.404
  -7.239 -14.843 -15.073
  -7.231 -15.627 -15.875
  -7.223 -15.370 -15.603
  -7.216 -14.996 -15.282
  -7.208 -14.132 -15.194
  -7.201 -15.492 -15.648
  -7.194 -13.545 -15.501
  -7.187 -15.435 -15.658
  -7.180 -15.745 -15.745
  -7.173 -15.235 -15.455
  -7.166 -15.064 -15.603
  -7.159 -15.212 -15.578
  -7.153 -15.644 -15.644
  -7.146 -15.211 -15.390
  -7.140 -15.656 -15.656
  -7.133 -15.928 -16.116
  -7.127 -15.826 -16.036
  -7.121 -15.819 -15.819
  -7.115 -15.654 -15.816
  -7.109 -15.503 -15.721
  -7.103 -15.438 -15.657
  -7.098 -15.872 -15.872
  -7.092 -15.828 -15.828
  -7.086 -16.031 -16.031
  -7.081 -15.730 -15.730
  -7.075 -15.502 -15.502
  -7.070 -14.605 -15.886
  -7.064 -15.518 -15.518
  -7.059 -15.831 -15.831
  -7.054 -14.652 -15.312
  -7.049 -16.104 -16.104
  -7.043 -15.888 -16.349
  -7.038 -15.646 -15.879
  -7.033 -15.683 -15.878
  -7.029 -15.680 -15.680
  -7.024 -15.783 -15.783
  -7.019 -15.542 -16.033
  -7.014 -15.704 -16.119
  -7.009 -15.896 -15.896
  -7.005 -16.121 -16.121
  -7.000 -15.054 -15.293
  -6.995 -16.050 -16.351
  -6.991 -15.805 -15.805
  -6.986 -16.063 -16.063
  -6.982 -15.872 -15.872
  -6.978 -15.863 -15.863
  -6.973 -15.801 -16.273
  -6.969 -16.062 -16.377
  -6.965 -15.577 -15.814
  -6.961 -15.833 -15.990
  -6.956 -15.782 -16.050
  -6.952 -15.992 -16.461
  -6.948 -16.086 -16.281
  -6.944 -16.007 -16.381
  -6.940 -16.152 -16.548
  -6.936 -16.272 -16.531
  -6.932 -16.292 -16.788
  -6.928 -16.478 -16.645
  -6.924 -16.478 -16.651
  -6.920 -16.286 -16.286
  -6.917 -15.662 -16.363
  -6.913 -15.557 -15.754
  -6.909 -15.933 -15.933
  -6.905 -14.945 -15.861
  -6.902 -15.848 -16.565
  -6.898 -14.835 -16.461
  -6.894 -16.263 -16.653
  -6.891 -16.558 -16.730
  -6.887 -49.500     NaN
  -6.884 -16.077 -16.436
  -6.880 -14.783 -15.932
  -6.877 -15.683 -16.511
  -6.873 -16.598 -17.033
  -6.870 -15.427 -16.330
  -6.867 -16.036 -16.267
  -6.863 -15.975 -16.943
  -6.860 -15.580 -16.843
  -6.857 -16.163 -49.500
  -6.853 -16.090 -49.500
  -6.850 -16.137 -16.461
  -6.847 -16.407 -16.759
  -6.844 -16.121 -16.476
  -6.840 -16.454 -16.873
  -6.837 -16.160 -16.321
  -6.834 -16.300 -16.574
  -6.831 -16.341 -16.614
  -6.828 -16.759 -49.500
  -6.825 -15.517 -17.215
  -6.822 -16.104 -16.280
  -6.819 -16.387 -49.500
  -6.816 -16.106 -16.106
  -6.813 -16.455 -16.844
  -6.810 -15.171 -15.807
  -6.807 -15.882 -15.882
  -6.804 -16.040 -16.213
  -6.801 -16.256 -16.813
  -6.798 -16.946 -49.500
  -6.795 -49.500     NaN
  -6.792 -16.070 -49.500
  -6.789 -16.711 -16.711
  -6.787 -14.663 -49.500
  -6.784 -16.402 -16.402
  -6.781 -14.804 -16.586
  -6.778 -15.655 -16.860
  -6.775 -15.974 -16.268
  -6.773 -49.500 -49.500
  -6.770 -14.601 -49.500
  -6.767 -16.927 -49.500
  -6.765 -16.804 -49.500
  -6.762 -49.500     NaN
  -6.759 -15.643 -16.882
  -6.757 -16.904 -49.500
  -6.754 -15.598 -16.465
  -6.751 -16.202 -49.500
  -6.749 -16.052 -16.710
  -6.746 -16.329 -16.489
  -6.744 -15.206 -15.206
  -6.741 -49.500     NaN
  -6.739 -16.509 -16.693
  -6.736 -15.907 -16.427
  -6.734 -16.464 -16.627
  -6.731 -49.500     NaN
  -6.729 -16.053 -49.500
  -6.726 -16.428 -49.500
  -6.724 -49.500     NaN
  -6.721 -16.463 -16.702
  -6.719 -16.942 -49.500
  -6.717 -49.500     NaN
  -6.714 -49.500 -49.500
  -6.712 -17.149 -49.500
  -6.709 -49.500     NaN
  -6.707 -49.500     NaN
  -6.705 -15.986 -49.500
  -6.702 -49.500     NaN
  -6.700 -16.517 -49.500
  -6.698 -16.009 -49.500
  -6.696 -49.500     NaN
  -6.693 -16.363 -49.500
  -6.691 -16.615 -49.500
  -6.689 -49.500     NaN
  -6.687 -16.845 -49.500
  -6.684 -16.286 -16.606
  -6.682 -15.660 -49.500
  -6.680 -49.500     NaN
  -6.678 -16.872 -49.500
  -6.675 -49.500     NaN
  -6.673 -49.500 -49.500
  -6.671 -16.644 -49.500
  -6.669 -16.851 -49.500
  -6.667 -49.500     NaN
  -6.665 -49.500 -49.500
  -6.663 -14.608 -49.500
  -6.661 -49.500     NaN
  -6.658 -49.500 -49.500
  -6.656 -49.500 -49.500
  -6.654 -15.935 -49.500
  -6.652 -16.392 -49.500
  -6.650 -49.500 -49.500
  -6.648 -16.657 -16.657
  -6.646 -16.965 -49.500
  -6.644 -49.500     NaN
  -6.642 -49.500     NaN
  -6.640 -16.539 -49.500
  -6.638 -49.500     NaN
  -6.636 -16.368 -49.500
  -6.634 -49.500 -49.500
  -6.632 -49.500 -49.500
  -6.630 -49.500     NaN
  -6.628 -15.822 -49.500
  -6.626 -16.875 -16.875
  -6.624 -49.500     NaN
  -6.622 -16.852 -16.852
  -6.620 -49.500 -49.500
  -6.618 -49.500     NaN
  -6.617 -49.500     NaN
  -6.615 -49.500 -49.500
  -6.613 -49.500 -49.500
  -6.611 -49.500     NaN
  -6.609 -16.267 -49.500
  -6.607 -16.064 -49.500
  -6.605 -16.337 -49.500
  -6.603 -16.614 -16.863
  -6.602 -15.574 -49.500
  -6.600 -49.500 -49.500
  -6.598 -16.321 -49.500
  -6.596 -49.500     NaN
  -6.594 -49.500     NaN
