  -8.861 -13.706 -13.706
  -8.599 -13.898 -13.898
  -8.442 -14.018 -14.018
  -8.329 -14.076 -14.076
  -8.239 -14.203 -14.203
  -8.166 -14.202 -14.202
  -8.103 -14.257 -14.257
  -8.048 -14.247 -14.247
  -7.999 -14.331 -14.331
  -7.955 -14.463 -14.463
  -7.916 -14.340 -14.340
  -7.879 -14.500 -14.500
  -7.846 -14.475 -14.631
  -7.815 -14.055 -14.602
  -7.786 -14.308 -14.493
  -7.758 -14.301 -14.741
  -7.733 -14.638 -14.638
  -7.709 -14.609 -14.609
  -7.686 -14.531 -14.531
  -7.664 -14.786 -14.786
  -7.643 -14.917 -14.917
  -7.624 -14.737 -14.737
  -7.605 -14.908 -14.908
  -7.586 -14.619 -14.894
  -7.569 -14.738 -14.738
  -7.552 -14.897 -14.897
  -7.536 -15.043 -15.043
  -7.521 -14.691 -14.896
  -7.506 -15.110 -15.110
  -7.491 -14.918 -14.918
  -7.477 -14.984 -14.984
  -7.464 -14.901 -14.901
  -7.451 -14.845 -15.171
  -7.438 -15.335 -15.335
  -7.425 -15.139 -15.139
  -7.413 -14.948 -14.948
  -7.401 -15.103 -15.103
  -7.390 -15.123 -15.308
  -7.379 -15.352 -15.352
  -7.368 -15.183 -15.404
  -7.357 -15.367 -15.367
  -7.347 -14.619 -15.239
  -7.337 -15.059 -15.328
  -7.327 -15.273 -15.443
  -7.317 -15.207 -15.430
  -7.308 -15.302 -15.507
  -7.299 -15.310 -15.310
  -7.290 -15.404 -15.404
  -7.281 -15.049 -15.342
  -7.272 -14.977 -15.317
  -7.264 -15.236 -15.488
  -7.255 -15.442 -15.644
  -7.247 -15.593 -15.593
  -7.239 -15.395 -15.636
  -7.231 -15.534 -15.534
  -7.223 -15.717 -15.717
  -7.216 -14.833 -15.785
  -7.208 -14.584 -15.954
  -7.201 -15.481 -15.695
  -7.194 -15.826 -15.826
  -7.187 -15.184 -15.184
  -7.180 -15.229 -15.229
  -7.173 -15.891 -15.891
  -7.166 -15.653 -16.016
  -7.159 -14.661 -15.374
  -7.153 -15.301 -15.592
  -7.146 -15.620 -15.620
  -7.140 -15.662 -15.662
  -7.133 -15.231 -15.715
  -7.127 -15.345 -15.734
  -7.121 -15.954 -15.954
  -7.115 -15.909 -15.909
  -7.109 -15.982 -16.134
  -7.103 -15.990 -15.990
  -7.098 -15.584 -15.813
  -7.092 -15.556 -15.556
  -7.086 -15.966 -15.966
  -7.081 -14.742 -15.704
  -7.075 -15.782 -15.782
  -7.070 -15.304 -15.687
  -7.064 -15.424 -15.850
  -7.059 -15.393 -15.642
  -7.054 -15.664 -15.996
  -7.049 -16.018 -16.250
  -7.043 -15.579 -15.788
  -7.038 -14.850 -15.762
  -7.033 -15.827 -16.050
  -7.029 -14.848 -15.642
  -7.024 -15.261 -15.977
  -7.019 -15.181 -16.138
  -7.014 -16.121 -16.121
  -7.009 -14.503 -16.210
  -7.005 -15.713 -15.713
  -7.000 -15.882 -16.435
  -6.995 -15.394 -15.966
  -6.991 -15.454 -15.833
  -6.986 -15.935 -16.181
  -6.982 -16.521 -16.698
  -6.978 -16.173 -16.173
  -6.973 -16.058 -16.058
  -6.969 -15.902 -15.902
  -6.965 -15.907 -16.082
  -6.961 -16.110 -16.110
  -6.956 -16.019 -16.213
  -6.952 -15.700 -16.162
  -6.948 -16.149 -16.496
  -6.944 -16.530 -17.017
  -6.940 -15.942 -15.942
  -6.936 -16.157 -16.157
  -6.932 -16.198 -16.377
  -6.928 -16.707 -17.006
  -6.924 -16.451 -16.687
  -6.920 -15.663 -16.019
  -6.917 -16.029 -16.282
  -6.913 -16.232 -16.571
  -6.909 -15.887 -16.278
  -6.905 -16.133 -16.380
  -6.902 -16.000 -16.193
  -6.898 -16.634 -17.142
  -6.894 -16.121 -16.121
  -6.891 -16.432 -16.432
  -6.887 -16.441 -16.645
  -6.884 -16.483 -16.852
  -6.880 -16.594 -49.500
  -6.877 -15.446 -16.383
  -6.873 -16.781 -49.500
  -6.870 -16.397 -16.397
  -6.867 -16.737 -17.018
  -6.863 -16.694 -16.911
  -6.860 -16.462 -16.778
  -6.857 -16.253 -17.039
  -6.853 -16.504 -16.660
  -6.850 -16.452 -16.657
  -6.847 -15.837 -15.837
  -6.844 -16.203 -16.492
  -6.840 -15.887 -16.209
  -6.837 -15.950 -16.196
  -6.834 -16.168 -16.426
  -6.831 -16.971 -49.500
  -6.828 -15.173 -16.309
  -6.825 -17.125 -49.500
  -6.822 -15.612 -16.099
  -6.819 -17.219 -49.500
  -6.816 -16.173 -16.883
  -6.813 -15.354 -15.579
  -6.810 -16.552 -16.929
  -6.807 -17.222 -49.500
  -6.804 -16.313 -17.052
  -6.801 -15.994 -49.500
  -6.798 -16.449 -49.500
  -6.795 -15.515 -15.994
  -6.792 -16.481 -16.481
  -6.789 -16.625 -16.973
  -6.787 -16.493 -16.697
  -6.784 -15.981 -16.624
  -6.781 -16.685 -17.076
  -6.778 -15.861 -16.375
  -6.775 -17.004 -49.500
  -6.773 -16.088 -16.369
  -6.770 -16.652 -49.500
  -6.767 -15.651 -16.496
  -6.765 -16.357 -16.357
  -6.762 -49.500     NaN
  -6.759 -16.222 -49.500
  -6.757 -16.456 -16.937
  -6.754 -16.599 -16.881
  -6.751 -49.500 -49.500
  -6.749 -49.500     NaN
  -6.746 -15.835 -16.807
  -6.744 -17.356 -49.500
  -6.741 -16.767 -16.767
  -6.739 -49.500     NaN
  -6.736 -16.250 -16.587
  -6.734 -49.500     NaN
  -6.731 -15.843 -17.104
  -6.729 -49.500     NaN
  -6.726 -16.104 -16.526
  -6.724 -16.309 -16.525
  -6.721 -17.100 -49.500
  -6.719 -16.599 -49.500
  -6.717 -16.644 -16.644
  -6.714 -16.615 -16.890
  -6.712 -16.531 -49.500
  -6.709 -16.280 -49.500
  -6.707 -16.238 -49.500
  -6.705 -16.546 -49.500
  -6.702 -49.500     NaN
  -6.700 -49.500 -49.500
  -6.698 -16.237 -16.514
  -6.696 -16.296 -49.500
  -6.693 -49.500     NaN
  -6.691 -16.550 -49.500
  -6.689 -49.500 -49.500
  -6.687 -49.500     NaN
  -6.684 -16.478 -16.828
  -6.682 -16.777 -49.500
  -6.680 -16.717 -49.500
  -6.678 -49.500 -49.500
  -6.675 -16.699 -49.500
  -6.673 -49.500 -49.500
  -6.671 -16.013 -49.500
  -6.669 -49.500     NaN
  -6.667 -49.500 -49.500
  -6.665 -15.746 -16.255
  -6.663 -49.500     NaN
  -6.661 -16.888 -49.500
  -6.658 -49.500     NaN
  -6.656 -49.500 -49.500
  -6.654 -49.500     NaN
  -6.652 -49.500     NaN
  -6.650 -15.844 -16.716
  -6.648 -49.500     NaN
  -6.646 -49.500     NaN
  -6.644 -49.500 -49.500
  -6.642 -16.476 -49.500
  -6.640 -16.910 -49.500
  -6.638 -49.500     NaN
  -6.636 -49.500     NaN
  -6.634 -15.524 -49.500
  -6.632 -15.822 -15.822
  -6.630 -49.500 -49.500
  -6.628 -49.500     NaN
  -6.626 -49.500     NaN
  -6.624 -16.094 -16.094
  -6.622 -49.500 -49.500
  -6.620 -49.500 -49.500
  -6.618 -15.901 -15.901
  -6.617 -16.013 -49.500
  -6.615 -16.598 -16.598
  -6.613 -14.923 -14.923
  -6.611 -14.477 -49.500
  -6.609 -49.500 -49.500
  -6.607 -49.500     NaN
  -6.605 -49.500     NaN
  -6.603 -49.500 -49.500
  -6.602 -16.378 -49.500
  -6.600 -49.500 -49.500
  -6.598 -16.193 -49.500
  -6.596 -49.500     NaN
  -6.594 -15.912 -49.500
