  -8.861 -13.762 -13.762
  -8.599 -13.838 -13.838
  -8.442 -13.963 -13.963
  -8.329 -14.101 -14.101
  -8.239 -14.137 -14.137
  -8.166 -14.225 -14.225
  -8.103 -14.240 -14.240
  -8.048 -14.254 -14.254
  -7.999 -14.292 -14.292
  -7.955 -14.297 -14.297
  -7.916 -14.444 -14.444
  -7.879 -14.333 -14.486
  -7.846 -14.311 -14.311
  -7.815 -14.169 -14.327
  -7.786 -14.546 -14.546
  -7.758 -14.725 -14.725
  -7.733 -13.830 -14.510
  -7.709 -14.633 -14.633
  -7.686 -14.677 -14.677
  -7.664 -14.682 -14.682
  -7.643 -14.751 -14.751
  -7.624 -14.712 -14.712
  -7.605 -14.835 -14.835
  -7.586 -13.799 -14.973
  -7.569 -14.653 -14.653
  -7.552 -14.892 -14.892
  -7.536 -14.798 -14.798
  -7.521 -14.916 -14.916
  -7.506 -14.865 -14.865
  -7.491 -14.729 -14.729
  -7.477 -15.135 -15.135
  -7.464 -14.755 -14.755
  -7.451 -14.916 -14.916
  -7.438 -15.030 -15.030
  -7.425 -15.229 -15.229
  -7.413 -15.063 -15.227
  -7.401 -15.211 -15.211
  -7.390 -14.741 -15.082
  -7.379 -15.289 -15.289
  -7.368 -15.210 -15.447
  -7.357 -15.295 -15.295
  -7.347 -14.687 -15.479
  -7.337 -15.269 -15.269
  -7.327 -15.166 -15.166
  -7.317 -15.354 -15.354
  -7.308 -15.048 -15.466
  -7.299 -15.502 -15.502
  -7.290 -15.113 -15.348
  -7.281 -15.104 -15.384
  -7.272 -15.434 -15.434
  -7.264 -15.554 -15.554
  -7.255 -15.231 -15.587
  -7.247 -15.273 -15.462
  -7.239 -15.526 -15.526
  -7.231 -15.460 -15.460
  -7.223 -15.391 -15.391
  -7.216 -15.128 -15.365
  -7.208 -15.521 -15.705
  -7.201 -15.168 -15.772
  -7.194 -14.852 -15.493
  -7.187 -15.064 -15.291
  -7.180 -15.430 -15.430
  -7.173 -15.817 -15.817
  -7.166 -15.848 -15.848
  -7.159 -15.459 -15.662
  -7.153 -15.621 -15.621
  -7.146 -15.567 -16.059
  -7.140 -15.492 -15.649
  -7.133 -15.882 -15.882
  -7.127 -15.352 -15.352
  -7.121 -15.745 -15.901
  -7.115 -15.180 -15.478
  -7.109 -16.197 -16.197
  -7.103 -15.413 -15.785
  -7.098 -14.358 -15.699
  -7.092 -15.092 -15.432
  -7.086 -15.869 -15.869
  -7.081 -15.266 -15.588
  -7.075 -15.942 -16.163
  -7.070 -15.287 -15.619
  -7.064 -16.294 -16.294
  -7.059 -15.633 -16.063
  -7.054 -15.726 -16.001
  -7.049 -15.690 -15.690
  -7.043 -16.013 -16.013
  -7.038 -15.368 -15.523
  -7.033 -15.913 -16.255
  -7.029 -14.818 -15.445
  -7.024 -15.965 -16.138
  -7.019 -15.792 -16.180
  -7.014 -16.027 -16.027
  -7.009 -16.123 -16.123
  -7.005 -15.242 -15.652
  -7.000 -15.932 -16.113
  -6.995 -16.229 -16.229
  -6.991 -16.222 -16.222
  -6.986 -15.318 -15.908
  -6.982 -15.832 -16.026
  -6.978 -16.130 -16.557
  -6.973 -15.801 -16.179
  -6.969 -15.579 -16.380
  -6.965 -15.646 -16.040
  -6.961 -15.672 -15.941
  -6.956 -16.578 -17.262
  -6.952 -16.442 -16.442
  -6.948 -15.490 -15.820
  -6.944 -15.607 -15.812
  -6.940 -16.079 -16.565
  -6.936 -16.739 -16.972
  -6.932 -15.746 -16.310
  -6.928 -15.896 -16.147
  -6.924 -15.475 -15.675
  -6.920 -15.818 -16.107
  -6.917 -16.266 -16.575
  -6.913 -16.233 -16.506
  -6.909 -15.751 -16.857
  -6.905 -15.686 -15.958
  -6.902 -16.239 -16.440
  -6.898 -16.323 -17.297
  -6.894 -15.787 -16.408
  -6.891 -17.369 -49.500
  -6.887 -16.258 -16.518
  -6.884 -16.274 -16.745
  -6.880 -14.672 -16.339
  -6.877 -15.238 -16.183
  -6.873 -16.189 -16.469
  -6.870 -16.888 -49.500
  -6.867 -15.773 -16.597
  -6.863 -16.107 -16.268
  -6.860 -16.117 -16.646
  -6.857 -16.583 -17.357
  -6.853 -16.389 -16.608
  -6.850 -16.410 -16.573
  -6.847 -15.634 -16.700
  -6.844 -16.579 -16.912
  -6.840 -16.461 -16.631
  -6.837 -14.432 -16.513
  -6.834 -16.062 -16.506
  -6.831 -16.273 -16.426
  -6.828 -16.343 -16.519
  -6.825 -15.725 -16.358
  -6.822 -16.604 -16.841
  -6.819 -49.500     NaN
  -6.816 -17.051 -49.500
  -6.813 -16.225 -16.694
  -6.810 -14.965 -16.508
  -6.807 -15.789 -16.842
  -6.804 -16.264 -16.435
  -6.801 -16.362 -16.784
  -6.798 -16.521 -16.954
  -6.795 -16.031 -16.237
  -6.792 -16.663 -16.814
  -6.789 -16.640 -16.809
  -6.787 -16.243 -49.500
  -6.784 -16.317 -49.500
  -6.781 -15.560 -15.836
  -6.778 -16.341 -16.341
  -6.775 -15.867 -49.500
  -6.773 -15.865 -16.186
  -6.770 -16.355 -16.515
  -6.767 -15.994 -16.780
  -6.765 -16.032 -16.417
  -6.762 -49.500     NaN
  -6.759 -16.038 -49.500
  -6.757 -16.845 -49.500
  -6.754 -16.470 -49.500
  -6.751 -16.079 -16.282
  -6.749 -16.675 -16.910
  -6.746 -49.500     NaN
  -6.744 -16.243 -16.547
  -6.741 -16.813 -49.500
  -6.739 -16.509 -16.777
  -6.736 -16.878 -49.500
  -6.734 -16.283 -16.523
  -6.731 -16.599 -16.929
  -6.729 -17.086 -49.500
  -6.726 -15.406 -15.716
  -6.724 -49.500     NaN
  -6.721 -49.500     NaN
  -6.719 -16.531 -49.500
  -6.717 -16.621 -49.500
  -6.714 -49.500     NaN
  -6.712 -15.871 -15.871
  -6.709 -16.430 -16.900
  -6.707 -16.267 -49.500
  -6.705 -49.500     NaN
  -6.702 -49.500 -49.500
  -6.700 -49.500     NaN
  -6.698 -49.500     NaN
  -6.696 -15.761 -16.289
  -6.693 -49.500     NaN
  -6.691 -16.071 -16.609
  -6.689 -49.500 -49.500
  -6.687 -49.500     NaN
  -6.684 -49.500     NaN
  -6.682 -15.094 -17.052
  -6.680 -15.597 -49.500
  -6.678 -16.038 -49.500
  -6.675 -49.500 -49.500
  -6.673 -16.480 -49.500
  -6.671 -16.405 -49.500
  -6.669 -49.500     NaN
  -6.667 -17.006 -49.500
  -6.665 -16.575 -49.500
  -6.663 -15.299 -16.714
  -6.661 -49.500     NaN
  -6.658 -16.182 -16.182
  -6.656 -16.619 -16.619
  -6.654 -49.500 -49.500
  -6.652 -49.500     NaN
  -6.650 -49.500 -49.500
  -6.648 -49.500 -49.500
  -6.646 -15.892 -15.892
  -6.644 -49.500 -49.500
  -6.642 -16.839 -49.500
  -6.640 -49.500 -49.500
  -6.638 -49.500     NaN
  -6.636 -49.500     NaN
  -6.634 -49.500     NaN
  -6.632 -49.500     NaN
  -6.630 -49.500     NaN
  -6.628 -49.500     NaN
  -6.626 -49.500     NaN
  -6.624 -16.803 -16.803
  -6.622 -15.865 -49.500
  -6.620 -16.199 -49.500
  -6.618 -49.500 -49.500
  -6.617 -49.500 -49.500
  -6.615 -15.910 -49.500
  -6.613 -15.981 -15.981
  -6.611 -17.136 -49.500
  -6.609 -16.453 -16.453
  -6.607 -49.500     NaN
  -6.605 -16.185 -16.717
  -6.603 -16.612 -49.500
  -6.602 -17.177 -49.500
  -6.600 -49.500     NaN
  -6.598 -49.500     NaN
  -6.596 -49.500 -49.500
  -6.594 -49.500     NaN
