  -8.861 -13.751 -13.751
  -8.599 -13.895 -13.895
  -8.442 -14.003 -14.003
  -8.329 -13.973 -13.973
  -8.239 -14.149 -14.149
  -8.166 -14.223 -14.223
  -8.103 -14.170 -14.170
  -8.048 -14.342 -14.342
  -7.999 -14.396 -14.396
  -7.955 -14.200 -14.200
  -7.916 -14.366 -14.366
  -7.879 -14.395 -14.395
  -7.846 -14.566 -14.566
  -7.815 -14.435 -14.435
  -7.786 -14.689 -14.689
  -7.758 -14.363 -14.704
  -7.733 -14.238 -14.701
  -7.709 -14.693 -14.693
  -7.686 -14.754 -14.754
  -7.664 -14.686 -14.686
  -7.643 -14.676 -14.676
  -7.624 -14.597 -14.597
  -7.605 -14.359 -14.687
  -7.586 -14.579 -14.756
  -7.569 -15.058 -15.058
  -7.552 -14.895 -14.895
  -7.536 -14.823 -15.110
  -7.521 -14.881 -15.075
  -7.506 -14.759 -14.759
  -7.491 -14.700 -14.963
  -7.477 -15.293 -15.293
  -7.464 -14.826 -14.826
  -7.451 -14.483 -14.651
  -7.438 -14.715 -15.117
  -7.425 -14.847 -15.154
  -7.413 -15.038 -15.220
  -7.401 -14.939 -14.939
  -7.390 -14.934 -14.934
  -7.379 -15.183 -15.183
  -7.368 -15.073 -15.073
  -7.357 -15.356 -15.356
  -7.347 -15.219 -15.219
  -7.337 -14.877 -15.204
  -7.327 -14.856 -15.097
  -7.317 -14.949 -15.237
  -7.308 -15.154 -15.154
  -7.299 -15.036 -15.036
  -7.290 -15.384 -15.644
  -7.281 -15.427 -15.427
  -7.272 -14.898 -15.207
  -7.264 -14.631 -14.894
  -7.255 -15.132 -15.444
  -7.247 -15.276 -15.476
  -7.239 -14.958 -15.347
  -7.231 -14.918 -15.144
  -7.223 -15.623 -15.623
  -7.216 -14.179 -15.127
  -7.208 -15.231 -15.760
  -7.201 -14.504 -15.376
  -7.194 -15.371 -15.708
  -7.187 -15.471 -15.471
  -7.180 -15.483 -15.483
  -7.173 -15.241 -15.446
  -7.166 -15.886 -15.886
  -7.159 -15.354 -15.684
  -7.153 -15.996 -15.996
  -7.146 -15.490 -15.685
  -7.140 -14.839 -15.192
  -7.133 -14.575 -15.600
  -7.127 -15.504 -15.504
  -7.121 -15.542 -15.695
  -7.115 -15.422 -15.422
  -7.109 -16.016 -16.016
  -7.103 -15.911 -15.911
  -7.098 -15.370 -15.370
  -7.092 -15.682 -15.682
  -7.086 -15.635 -15.931
  -7.081 -15.178 -15.576
  -7.075 -15.596 -15.596
  -7.070 -15.911 -16.092
  -7.064 -15.899 -15.899
  -7.059 -15.008 -15.625
  -7.054 -15.550 -15.550
  -7.049 -15.517 -15.949
  -7.043 -16.212 -16.212
  -7.038 -16.188 -16.188
  -7.033 -16.149 -16.149
  -7.029 -15.927 -16.217
  -7.024 -14.576 -15.558
  -7.019 -15.705 -16.304
  -7.014 -16.282 -16.282
  -7.009 -15.814 -15.814
  -7.005 -14.638 -15.910
  -7.000 -16.338 -16.338
  -6.995 -14.416 -15.747
  -6.991 -15.849 -16.057
  -6.986 -15.089 -15.596
  -6.982 -16.326 -16.572
  -6.978 -15.979 -15.979
  -6.973 -15.274 -16.220
  -6.969 -16.308 -16.308
  -6.965 -15.909 -16.073
  -6.961 -16.148 -16.148
  -6.956 -15.601 -15.777
  -6.952 -15.646 -16.973
  -6.948 -15.739 -16.236
  -6.944 -16.342 -16.342
  -6.940 -16.277 -16.658
  -6.936 -16.468 -16.468
  -6.932 -15.967 -16.292
  -6.928 -16.443 -16.443
  -6.924 -14.824 -16.294
  -6.920 -16.662 -49.500
  -6.917 -16.101 -16.340
  -6.913 -16.096 -16.096
  -6.909 -16.091 -16.359
  -6.905 -15.896 -16.357
  -6.902 -16.234 -16.933
  -6.898 -15.992 -16.446
  -6.894 -16.830 -17.117
  -6.891 -15.919 -16.418
  -6.887 -15.570 -15.570
  -6.884 -15.737 -16.253
  -6.880 -15.053 -16.498
  -6.877 -15.650 -15.816
  -6.873 -16.518 -16.518
  -6.870 -15.746 -16.464
  -6.867 -16.705 -16.983
  -6.863 -16.670 -17.278
  -6.860 -15.088 -16.134
  -6.857 -16.033 -16.598
  -6.853 -15.023 -16.082
  -6.850 -16.427 -17.107
  -6.847 -15.692 -15.843
  -6.844 -49.500     NaN
  -6.840 -16.474 -49.500
  -6.837 -15.905 -16.149
  -6.834 -16.212 -16.661
  -6.831 -15.888 -16.696
  -6.828 -16.430 -16.584
  -6.825 -16.907 -49.500
  -6.822 -49.500     NaN
  -6.819 -16.934 -49.500
  -6.816 -16.529 -16.691
  -6.813 -16.571 -49.500
  -6.810 -49.500     NaN
  -6.807 -16.184 -16.871
  -6.804 -15.574 -15.781
  -6.801 -16.357 -16.533
  -6.798 -15.972 -16.300
  -6.795 -16.334 -16.506
  -6.792 -16.633 -49.500
  -6.789 -16.641 -49.500
  -6.787 -16.554 -16.876
  -6.784 -16.215 -16.477
  -6.781 -15.967 -17.112
  -6.778 -15.814 -16.122
  -6.775 -49.500     NaN
  -6.773 -16.008 -49.500
  -6.770 -16.654 -49.500
  -6.767 -16.776 -17.021
  -6.765 -15.397 -15.865
  -6.762 -15.593 -15.593
  -6.759 -16.880 -49.500
  -6.757 -16.151 -16.734
  -6.754 -16.209 -16.209
  -6.751 -16.520 -49.500
  -6.749 -16.815 -49.500
  -6.746 -49.500     NaN
  -6.744 -49.500     NaN
  -6.741 -49.500     NaN
  -6.739 -49.500 -49.500
  -6.736 -16.213 -16.809
  -6.734 -49.500     NaN
  -6.731 -16.539 -16.705
  -6.729 -16.607 -16.798
  -6.726 -15.993 -16.440
  -6.724 -15.242 -15.499
  -6.721 -15.456 -15.799
  -6.719 -16.366 -49.500
  -6.717 -49.500     NaN
  -6.714 -16.649 -49.500
  -6.712 -16.771 -49.500
  -6.709 -49.500 -49.500
  -6.707 -16.843 -49.500
  -6.705 -17.020 -49.500
  -6.702 -49.500     NaN
  -6.700 -16.484 -16.484
  -6.698 -16.038 -49.500
  -6.696 -49.500     NaN
  -6.693 -49.500     NaN
  -6.691 -16.474 -49.500
  -6.689 -49.500     NaN
  -6.687 -49.500     NaN
  -6.684 -49.500 -49.500
  -6.682 -17.041 -49.500
  -6.680 -16.206 -16.622
  -6.678 -16.771 -49.500
  -6.675 -16.223 -49.500
  -6.673 -49.500     NaN
  -6.671 -16.744 -16.976
  -6.669 -16.661 -49.500
  -6.667 -49.500     NaN
  -6.665 -49.500     NaN
  -6.663 -49.500 -49.500
  -6.661 -15.840 -49.500
  -6.658 -49.500     NaN
  -6.656 -15.763 -16.472
  -6.654 -16.024 -16.210
  -6.652 -49.500     NaN
  -6.650 -49.500     NaN
  -6.648 -15.858 -16.051
  -6.646 -16.525 -49.500
  -6.644 -49.500 -49.500
  -6.642 -49.500     NaN
  -6.640 -49.500 -49.500
  -6.638 -49.500 -49.500
  -6.636 -16.650 -49.500
  -6.634 -16.550 -49.500
  -6.632 -16.910 -49.500
  -6.630 -49.500 -49.500
  -6.628 -49.500     NaN
  -6.626 -49.500     NaN
  -6.624 -16.506 -16.786
  -6.622 -49.500 -49.500
  -6.620 -49.500 -49.500
  -6.618 -49.500 -49.500
  -6.617 -16.583 -49.500
  -6.615 -16.451 -49.500
  -6.613 -15.696 -49.500
  -6.611 -16.552 -16.552
  -6.609 -49.500     NaN
  -6.607 -49.500     NaN
  -6.605 -49.500 -49.500
  -6.603 -16.057 -16.057
  -6.602 -49.500 -49.500
  -6.600 -16.800 -49.500
  -6.598 -49.500 -49.500
  -6.596 -49.500 -49.500
  -6.594 -49.500 -49.500
