  -8.861 -13.742 -13.742
  -8.599 -13.873 -13.873
  -8.442 -14.012 -14.012
  -8.329 -13.988 -13.988
  -8.239 -14.152 -14.152
  -8.166 -14.115 -14.115
  -8.103 -14.132 -14.132
  -8.048 -14.243 -14.243
  -7.999 -14.237 -14.237
  -7.955 -14.500 -14.500
  -7.916 -14.439 -14.439
  -7.879 -14.462 -14.462
  -7.846 -14.492 -14.492
  -7.815 -14.237 -14.499
  -7.786 -14.612 -14.612
  -7.758 -14.514 -14.792
  -7.733 -14.580 -14.580
  -7.709 -14.684 -14.684
  -7.686 -14.490 -14.796
  -7.664 -14.663 -14.663
  -7.643 -14.982 -14.982
  -7.624 -14.736 -14.736
  -7.605 -14.644 -14.644
  -7.586 -14.899 -14.899
  -7.569 -14.496 -14.668
  -7.552 -14.636 -14.636
  -7.536 -14.684 -14.878
  -7.521 -14.864 -14.864
  -7.506 -14.873 -14.873
  -7.491 -14.631 -14.867
  -7.477 -14.744 -14.744
  -7.464 -14.789 -15.030
  -7.451 -15.023 -15.023
  -7.438 -14.912 -14.912
  -7.425 -14.893 -15.187
  -7.413 -15.277 -15.277
  -7.401 -15.290 -15.290
  -7.390 -15.269 -15.269
  -7.379 -15.288 -15.288
  -7.368 -15.230 -15.230
  -7.357 -15.308 -15.308
  -7.347 -14.916 -14.916
  -7.337 -14.937 -15.141
  -7.327 -15.139 -15.139
  -7.317 -14.763 -15.068
  -7.308 -15.037 -15.037
  -7.299 -14.799 -15.293
  -7.290 -15.533 -15.533
  -7.281 -14.942 -15.233
  -7.272 -15.053 -15.053
  -7.264 -15.313 -15.653
  -7.255 -14.567 -15.358
  -7.247 -15.736 -15.736
  -7.239 -14.455 -14.798
  -7.231 -15.557 -15.557
  -7.223 -15.171 -15.348
  -7.216 -15.223 -15.511
  -7.208 -15.335 -15.500
  -7.201 -15.281 -15.488
  -7.194 -15.106 -15.400
  -7.187 -15.540 -15.540
  -7.180 -15.569 -15.951
  -7.173 -15.407 -15.587
  -7.166 -15.054 -15.228
  -7.159 -14.971 -15.492
  -7.153 -15.782 -15.782
  -7.146 -15.221 -15.610
  -7.140 -14.603 -14.907
  -7.133 -15.744 -15.744
  -7.127 -15.042 -15.901
  -7.121 -15.198 -15.740
  -7.115 -15.792 -15.792
  -7.109 -16.005 -16.005
  -7.103 -15.008 -16.100
  -7.098 -15.403 -15.640
  -7.092 -15.623 -15.623
  -7.086 -15.884 -16.044
  -7.081 -14.414 -15.667
  -7.075 -15.121 -15.423
  -7.070 -15.925 -15.925
  -7.064 -16.205 -16.394
  -7.059 -15.729 -16.133
  -7.054 -16.171 -16.330
  -7.049 -15.295 -15.594
  -7.043 -15.940 -16.401
  -7.038 -16.016 -16.016
  -7.033 -15.865 -16.158
  -7.029 -15.744 -16.301
  -7.024 -15.872 -16.062
  -7.019 -14.651 -16.026
  -7.014 -15.761 -15.761
  -7.009 -16.226 -16.226
  -7.005 -15.658 -15.658
  -7.000 -15.943 -15.943
  -6.995 -15.941 -16.138
  -6.991 -16.375 -16.375
  -6.986 -15.154 -16.071
  -6.982 -16.700 -17.053
  -6.978 -15.762 -15.762
  -6.973 -15.855 -15.855
  -6.969 -16.559 -16.559
  -6.965 -15.822 -15.822
  -6.961 -15.939 -15.939
  -6.956 -15.925 -16.119
  -6.952 -15.844 -16.000
  -6.948 -16.301 -16.301
  -6.944 -16.037 -16.456
  -6.940 -16.206 -16.683
  -6.936 -15.516 -16.179
  -6.932 -15.617 -15.617
  -6.928 -16.413 -16.689
  -6.924 -15.259 -15.906
  -6.920 -16.129 -16.483
  -6.917 -15.729 -16.168
  -6.913 -16.228 -16.385
  -6.909 -15.945 -16.159
  -6.905 -16.174 -16.608
  -6.902 -16.523 -16.786
  -6.898 -15.347 -15.580
  -6.894 -16.784 -17.243
  -6.891 -16.030 -16.673
  -6.887 -22.984 -22.984
  -6.884 -15.026 -16.016
  -6.880 -16.000 -16.483
  -6.877 -16.920 -17.097
  -6.873 -15.941 -16.630
  -6.870 -16.237 -16.237
  -6.867 -16.127 -16.380
  -6.863 -15.864 -16.184
  -6.860 -16.186 -16.415
  -6.857 -16.487 -49.500
  -6.853 -16.076 -16.471
  -6.850 -15.854 -16.049
  -6.847 -16.968 -49.500
  -6.844 -16.184 -16.421
  -6.840 -16.427 -16.736
  -6.837 -15.887 -16.224
  -6.834 -16.549 -16.701
  -6.831 -16.311 -16.569
  -6.828 -16.040 -16.523
  -6.825 -16.822 -17.099
  -6.822 -16.048 -17.163
  -6.819 -49.500     NaN
  -6.816 -15.774 -16.261
  -6.813 -16.652 -16.931
  -6.810 -15.886 -16.198
  -6.807 -16.514 -16.681
  -6.804 -15.720 -15.906
  -6.801 -16.804 -49.500
  -6.798 -16.517 -49.500
  -6.795 -16.093 -16.093
  -6.792 -17.022 -49.500
  -6.789 -16.044 -17.066
  -6.787 -16.225 -16.765
  -6.784 -16.646 -16.986
  -6.781 -15.839 -16.309
  -6.778 -16.626 -17.054
  -6.775 -49.500 -49.500
  -6.773 -15.424 -16.795
  -6.770 -15.920 -16.947
  -6.767 -15.150 -17.039
  -6.765 -16.882 -49.500
  -6.762 -15.979 -49.500
  -6.759 -16.483 -16.804
  -6.757 -15.755 -17.012
  -6.754 -15.365 -16.715
  -6.751 -15.892 -16.461
  -6.749 -16.682 -16.984
  -6.746 -16.443 -49.500
  -6.744 -49.500     NaN
  -6.741 -16.254 -16.871
  -6.739 -49.500     NaN
  -6.736 -16.326 -49.500
  -6.734 -14.995 -14.995
  -6.731 -49.500 -49.500
  -6.729 -16.176 -49.500
  -6.726 -16.335 -49.500
  -6.724 -49.500 -49.500
  -6.721 -16.187 -49.500
  -6.719 -15.982 -16.685
  -6.717 -49.500 -49.500
  -6.714 -49.500     NaN
  -6.712 -49.500 -49.500
  -6.709 -16.514 -16.514
  -6.707 -16.482 -49.500
  -6.705 -49.500     NaN
  -6.702 -49.500 -49.500
  -6.700 -16.908 -49.500
  -6.698 -49.500     NaN
  -6.696 -16.818 -49.500
  -6.693 -16.528 -49.500
  -6.691 -49.500 -49.500
  -6.689 -49.500 -49.500
  -6.687 -16.582 -17.150
  -6.684 -49.500     NaN
  -6.682 -49.500 -49.500
  -6.680 -16.220 -49.500
  -6.678 -16.489 -49.500
  -6.675 -15.839 -16.404
  -6.673 -49.500     NaN
  -6.671 -49.500     NaN
  -6.669 -16.777 -49.500
  -6.667 -16.507 -49.500
  -6.665 -49.500     NaN
  -6.663 -16.359 -49.500
  -6.661 -49.500 -49.500
  -6.658 -16.705 -49.500
  -6.656 -49.500 -49.500
  -6.654 -16.236 -17.328
  -6.652 -16.311 -49.500
  -6.650 -15.910 -16.625
  -6.648 -16.013 -49.500
  -6.646 -49.500     NaN
  -6.644 -16.933 -49.500
  -6.642 -16.213 -16.373
  -6.640 -49.500     NaN
  -6.638 -15.735 -49.500
  -6.636 -49.500     NaN
  -6.634 -16.787 -49.500
  -6.632 -16.624 -49.500
  -6.630 -16.252 -16.252
  -6.628 -15.882 -15.882
  -6.626 -49.500     NaN
  -6.624 -49.500 -49.500
  -6.622 -16.563 -17.057
  -6.620 -49.500 -49.500
  -6.618 -49.500 -49.500
  -6.617 -16.176 -49.500
  -6.615 -49.500 -49.500
  -6.613 -15.582 -49.500
  -6.611 -49.500     NaN
  -6.609 -15.972 -49.500
  -6.607 -17.144 -49.500
  -6.605 -15.690 -16.773
  -6.603 -49.500 -49.500
  -6.602 -16.712 -49.500
  -6.600 -16.207 -49.500
  -6.598 -49.500 -49.500
  -6.596 -15.614 -15.614
  -6.594 -15.906 -49.500
