  -8.861 -13.748 -13.748
  -8.599 -13.896 -13.896
  -8.442 -13.986 -13.986
  -8.329 -14.058 -14.058
  -8.239 -14.175 -14.175
  -8.166 -14.031 -14.031
  -8.103 -14.257 -14.257
  -8.048 -14.055 -14.353
  -7.999 -14.277 -14.277
  -7.955 -14.488 -14.488
  -7.916 -13.967 -14.278
  -7.879 -14.261 -14.521
  -7.846 -14.343 -14.343
  -7.815 -14.556 -14.556
  -7.786 -14.541 -14.541
  -7.758 -14.653 -14.653
  -7.733 -14.594 -14.594
  -7.709 -14.354 -14.506
  -7.686 -14.751 -14.751
  -7.664 -14.553 -14.741
  -7.643 -14.312 -14.540
  -7.624 -14.695 -14.695
  -7.605 -14.692 -14.692
  -7.586 -14.749 -14.749
  -7.569 -14.857 -14.857
  -7.552 -14.882 -15.061
  -7.536 -14.701 -14.701
  -7.521 -14.093 -14.425
  -7.506 -15.067 -15.067
  -7.491 -15.221 -15.221
  -7.477 -14.738 -14.932
  -7.464 -15.018 -15.208
  -7.451 -14.869 -14.869
  -7.438 -14.852 -14.852
  -7.425 -14.717 -15.095
  -7.413 -15.299 -15.299
  -7.401 -15.013 -15.013
  -7.390 -15.471 -15.471
  -7.379 -14.705 -14.939
  -7.368 -14.761 -15.028
  -7.357 -14.560 -14.944
  -7.347 -14.817 -15.330
  -7.337 -14.946 -15.169
  -7.327 -15.059 -15.059
  -7.317 -14.800 -15.279
  -7.308 -15.119 -15.272
  -7.299 -15.403 -15.403
  -7.290 -15.237 -15.237
  -7.281 -15.528 -15.528
  -7.272 -15.370 -15.370
  -7.264 -15.332 -15.332
  -7.255 -14.911 -15.239
  -7.247 -15.305 -15.305
  -7.239 -15.117 -15.117
  -7.231 -15.268 -15.539
  -7.223 -15.249 -15.536
  -7.216 -15.617 -15.617
  -7.208 -15.357 -15.357
  -7.201 -15.187 -15.187
  -7.194 -15.561 -15.561
  -7.187 -15.404 -15.601
  -7.180 -15.173 -15.603
  -7.173 -15.693 -15.693
  -7.166 -15.666 -15.666
  -7.159 -15.666 -15.666
  -7.153 -15.457 -15.873
  -7.146 -15.957 -15.957
  -7.140 -15.093 -15.371
  -7.133 -15.809 -15.809
  -7.127 -15.478 -15.478
  -7.121 -15.571 -15.777
  -7.115 -14.997 -15.660
  -7.109 -15.656 -15.656
  -7.103 -16.103 -16.103
  -7.098 -15.216 -15.581
  -7.092 -15.173 -15.324
  -7.086 -15.358 -15.624
  -7.081 -15.468 -15.776
  -7.075 -15.080 -15.080
  -7.070 -15.425 -15.624
  -7.064 -15.862 -16.042
  -7.059 -15.412 -15.595
  -7.054 -15.733 -15.988
  -7.049 -15.793 -15.793
  -7.043 -16.347 -16.347
  -7.038 -15.887 -16.047
  -7.033 -15.990 -15.990
  -7.029 -15.438 -15.698
  -7.024 -15.858 -16.026
  -7.019 -15.587 -16.304
  -7.014 -15.056 -15.056
  -7.009 -14.989 -15.863
  -7.005 -16.113 -16.367
  -7.000 -15.563 -15.792
  -6.995 -15.494 -15.967
  -6.991 -15.094 -15.739
  -6.986 -15.484 -15.484
  -6.982 -15.389 -16.016
  -6.978 -15.256 -16.103
  -6.973 -16.320 -16.320
  -6.969 -14.294 -15.910
  -6.965 -15.816 -15.816
  -6.961 -16.263 -16.479
  -6.956 -16.046 -16.358
  -6.952 -15.706 -15.999
  -6.948 -16.070 -16.248
  -6.944 -16.039 -16.039
  -6.940 -16.516 -16.516
  -6.936 -16.583 -16.583
  -6.932 -16.237 -16.460
  -6.928 -16.338 -16.338
  -6.924 -16.980 -22.467
  -6.920 -15.080 -15.375
  -6.917 -15.794 -16.461
  -6.913 -15.789 -15.789
  -6.909 -15.861 -16.050
  -6.905 -16.113 -16.279
  -6.902 -16.010 -16.304
  -6.898 -15.173 -16.207
  -6.894 -16.241 -16.241
  -6.891 -15.980 -16.626
  -6.887 -16.610 -16.841
  -6.884 -16.561 -16.731
  -6.880 -16.128 -16.128
  -6.877 -15.838 -16.385
  -6.873 -14.875 -16.443
  -6.870 -16.699 -16.874
  -6.867 -16.234 -16.506
  -6.863 -16.205 -16.456
  -6.860 -49.500     NaN
  -6.857 -16.364 -16.654
  -6.853 -49.500     NaN
  -6.850 -17.265 -49.500
  -6.847 -16.485 -49.500
  -6.844 -16.501 -16.501
  -6.840 -15.835 -16.292
  -6.837 -16.127 -16.673
  -6.834 -16.412 -16.857
  -6.831 -16.118 -16.293
  -6.828 -16.481 -16.962
  -6.825 -16.616 -17.030
  -6.822 -16.227 -16.755
  -6.819 -16.106 -49.500
  -6.816 -15.587 -16.762
  -6.813 -14.455 -16.393
  -6.810 -16.284 -16.969
  -6.807 -16.921 -49.500
  -6.804 -16.268 -16.427
  -6.801 -15.885 -16.985
  -6.798 -15.619 -16.380
  -6.795 -15.918 -16.184
  -6.792 -16.478 -49.500
  -6.789 -16.163 -49.500
  -6.787 -15.637 -16.698
  -6.784 -16.783 -49.500
  -6.781 -16.731 -49.500
  -6.778 -16.280 -16.553
  -6.775 -15.911 -17.092
  -6.773 -15.494 -17.024
  -6.770 -16.785 -49.500
  -6.767 -15.907 -16.167
  -6.765 -16.067 -16.699
  -6.762 -16.379 -49.500
  -6.759 -16.373 -16.979
  -6.757 -16.683 -49.500
  -6.754 -49.500     NaN
  -6.751 -16.525 -16.682
  -6.749 -16.567 -49.500
  -6.746 -16.838 -49.500
  -6.744 -16.560 -49.500
  -6.741 -16.044 -16.769
  -6.739 -16.370 -16.598
  -6.736 -49.500 -49.500
  -6.734 -17.265 -49.500
  -6.731 -16.428 -49.500
  -6.729 -49.500     NaN
  -6.726 -16.603 -49.500
  -6.724 -16.391 -16.747
  -6.721 -16.543 -16.986
  -6.719 -16.974 -49.500
  -6.717 -16.898 -49.500
  -6.714 -16.594 -49.500
  -6.712 -16.521 -16.890
  -6.709 -16.486 -16.722
  -6.707 -49.500     NaN
  -6.705 -15.785 -49.500
  -6.702 -16.424 -17.194
  -6.700 -16.886 -49.500
  -6.698 -49.500 -49.500
  -6.696 -16.401 -16.609
  -6.693 -16.448 -16.788
  -6.691 -49.500 -49.500
  -6.689 -16.467 -16.824
  -6.687 -16.184 -16.184
  -6.684 -15.645 -49.500
  -6.682 -16.356 -49.500
  -6.680 -16.480 -16.480
  -6.678 -49.500     NaN
  -6.675 -15.940 -15.940
  -6.673 -49.500     NaN
  -6.671 -49.500 -49.500
  -6.669 -49.500     NaN
  -6.667 -16.297 -16.297
  -6.665 -49.500     NaN
  -6.663 -49.500     NaN
  -6.661 -16.855 -49.500
  -6.658 -49.500 -49.500
  -6.656 -49.500     NaN
  -6.654 -16.629 -16.944
  -6.652 -49.500     NaN
  -6.650 -16.841 -49.500
  -6.648 -49.500     NaN
  -6.646 -49.500     NaN
  -6.644 -49.500 -49.500
  -6.642 -49.500     NaN
  -6.640 -16.332 -16.520
  -6.638 -49.500 -49.500
  -6.636 -16.281 -16.431
  -6.634 -49.500 -49.500
  -6.632 -16.275 -49.500
  -6.630 -49.500 -49.500
  -6.628 -49.500     NaN
  -6.626 -49.500 -49.500
  -6.624 -49.500 -49.500
  -6.622 -16.207 -16.207
  -6.620 -49.500 -49.500
  -6.618 -49.500     NaN
  -6.617 -49.500 -49.500
  -6.615 -49.500 -49.500
  -6.613 -49.500     NaN
  -6.611 -49.500     NaN
  -6.609 -49.500 -49.500
  -6.607 -49.500 -49.500
  -6.605 -49.500     NaN
  -6.603 -16.171 -16.171
  -6.602 -49.500 -49.500
  -6.600 -49.500 -49.500
  -6.598 -49.500 -49.500
  -6.596 -49.500     NaN
  -6.594 -49.500 -49.500
