  -8.861 -13.771 -13.771
  -8.599 -13.883 -13.883
  -8.442 -13.687 -14.018
  -8.329 -14.092 -14.092
  -8.239 -14.000 -14.000
  -8.166 -14.219 -14.219
  -8.103 -14.057 -14.057
  -8.048 -14.341 -14.341
  -7.999 -14.402 -14.402
  -7.955 -14.333 -14.333
  -7.916 -14.442 -14.442
  -7.879 -14.544 -14.544
  -7.846 -14.502 -14.502
  -7.815 -14.257 -14.607
  -7.786 -14.689 -14.689
  -7.758 -14.329 -14.616
  -7.733 -14.185 -14.431
  -7.709 -14.736 -14.736
  -7.686 -14.686 -14.686
  -7.664 -14.433 -14.433
  -7.643 -14.843 -14.843
  -7.624 -14.986 -14.986
  -7.605 -14.788 -14.788
  -7.586 -14.849 -14.849
  -7.569 -14.627 -14.960
  -7.552 -14.837 -14.837
  -7.536 -14.953 -14.953
  -7.521 -15.113 -15.113
  -7.506 -14.783 -15.108
  -7.491 -15.171 -15.171
  -7.477 -14.802 -14.955
  -7.464 -14.736 -14.736
  -7.451 -15.104 -15.104
  -7.438 -14.816 -14.816
  -7.425 -14.559 -15.288
  -7.413 -14.530 -14.803
  -7.401 -15.250 -15.250
  -7.390 -15.171 -15.171
  -7.379 -15.296 -15.296
  -7.368 -14.925 -15.150
  -7.357 -14.451 -14.779
  -7.347 -14.765 -15.111
  -7.337 -14.603 -15.276
  -7.327 -14.959 -15.168
  -7.317 -14.616 -15.564
  -7.308 -15.335 -15.335
  -7.299 -14.850 -15.044
  -7.290 -15.014 -15.014
  -7.281 -14.827 -15.306
  -7.272 -15.358 -15.358
  -7.264 -15.439 -15.439
  -7.255 -14.849 -15.347
  -7.247 -15.455 -15.455
  -7.239 -15.587 -15.758
  -7.231 -15.357 -15.357
  -7.223 -15.399 -15.772
  -7.216 -15.440 -15.615
  -7.208 -15.681 -15.681
  -7.201 -14.916 -15.458
  -7.194 -15.271 -15.491
  -7.187 -15.039 -15.039
  -7.180 -15.888 -15.888
  -7.173 -15.684 -15.888
  -7.166 -15.010 -15.742
  -7.159 -15.300 -15.742
  -7.153 -14.923 -15.816
  -7.146 -15.346 -15.981
  -7.140 -15.869 -15.869
  -7.133 -15.673 -15.673
  -7.127 -15.642 -15.642
  -7.121 -15.636 -15.636
  -7.115 -15.878 -15.878
  -7.109 -15.658 -15.658
  -7.103 -15.530 -16.054
  -7.098 -15.801 -15.801
  -7.092 -15.480 -15.762
  -7.086 -15.134 -15.861
  -7.081 -15.053 -15.995
  -7.075 -15.298 -15.958
  -7.070 -15.829 -16.017
  -7.064 -14.458 -15.065
  -7.059 -15.559 -15.559
  -7.054 -15.167 -15.354
  -7.049 -14.844 -16.036
  -7.043 -15.943 -16.280
  -7.038 -16.162 -16.162
  -7.033 -15.722 -15.899
  -7.029 -15.421 -15.885
  -7.024 -15.896 -15.896
  -7.019 -15.943 -16.155
  -7.014 -15.601 -15.601
  -7.009 -15.893 -16.305
  -7.005 -15.733 -15.733
  -7.000 -15.547 -16.534
  -6.995 -16.357 -16.357
  -6.991 -14.888 -16.053
  -6.986 -15.850 -16.009
  -6.982 -15.547 -15.547
  -6.978 -16.290 -16.290
  -6.973 -15.671 -16.079
  -6.969 -16.135 -16.135
  -6.965 -15.973 -15.973
  -6.961 -16.172 -16.172
  -6.956 -15.432 -15.891
  -6.952 -15.676 -16.570
  -6.948 -15.892 -16.108
  -6.944 -15.630 -16.122
  -6.940 -15.732 -15.994
  -6.936 -15.587 -15.904
  -6.932 -16.244 -16.244
  -6.928 -15.834 -16.195
  -6.924 -16.124 -16.303
  -6.920 -16.213 -16.510
  -6.917 -15.911 -16.081
  -6.913 -16.358 -16.570
  -6.909 -15.786 -16.033
  -6.905 -15.659 -16.070
  -6.902 -14.965 -16.409
  -6.898 -16.641 -16.641
  -6.894 -16.497 -16.497
  -6.891 -16.209 -16.364
  -6.887 -16.166 -16.453
  -6.884 -16.188 -16.351
  -6.880 -16.177 -16.477
  -6.877 -16.581 -16.977
  -6.873 -16.034 -16.406
  -6.870 -15.672 -16.329
  -6.867 -16.100 -16.100
  -6.863 -14.957 -15.146
  -6.860 -15.799 -16.061
  -6.857 -15.883 -16.371
  -6.853 -16.496 -16.762
  -6.850 -16.132 -16.311
  -6.847 -14.797 -16.206
  -6.844 -16.516 -16.914
  -6.840 -16.284 -16.574
  -6.837 -16.131 -49.500
  -6.834 -16.553 -16.786
  -6.831 -16.021 -16.575
  -6.828 -49.500     NaN
  -6.825 -15.754 -49.500
  -6.822 -17.043 -49.500
  -6.819 -16.566 -16.920
  -6.816 -15.409 -15.668
  -6.813 -14.580 -15.264
  -6.810 -16.481 -49.500
  -6.807 -16.271 -16.600
  -6.804 -16.583 -16.828
  -6.801 -17.043 -49.500
  -6.798 -16.750 -17.135
  -6.795 -14.801 -49.500
  -6.792 -49.500     NaN
  -6.789 -16.088 -16.360
  -6.787 -15.941 -16.368
  -6.784 -16.392 -16.678
  -6.781 -16.673 -16.973
  -6.778 -15.763 -16.939
  -6.775 -16.255 -16.411
  -6.773 -49.500     NaN
  -6.770 -15.626 -15.914
  -6.767 -15.856 -16.192
  -6.765 -16.265 -16.482
  -6.762 -15.510 -16.329
  -6.759 -15.195 -15.444
  -6.757 -16.796 -49.500
  -6.754 -16.346 -49.500
  -6.751 -49.500     NaN
  -6.749 -16.798 -49.500
  -6.746 -16.662 -16.888
  -6.744 -49.500     NaN
  -6.741 -17.006 -49.500
  -6.739 -16.430 -49.500
  -6.736 -15.228 -16.617
  -6.734 -15.690 -49.500
  -6.731 -15.495 -16.969
  -6.729 -49.500     NaN
  -6.726 -49.500 -49.500
  -6.724 -49.500     NaN
  -6.721 -15.899 -49.500
  -6.719 -16.648 -16.648
  -6.717 -49.500     NaN
  -6.714 -16.603 -49.500
  -6.712 -49.500     NaN
  -6.709 -16.455 -49.500
  -6.707 -49.500 -49.500
  -6.705 -15.994 -49.500
  -6.702 -49.500 -49.500
  -6.700 -15.437 -49.500
  -6.698 -49.500 -49.500
  -6.696 -16.966 -49.500
  -6.693 -49.500 -49.500
  -6.691 -16.045 -49.500
  -6.689 -49.500     NaN
  -6.687 -49.500     NaN
  -6.684 -16.909 -49.500
  -6.682 -15.881 -17.196
  -6.680 -16.490 -16.490
  -6.678 -49.500     NaN
  -6.675 -16.787 -17.164
  -6.673 -16.700 -49.500
  -6.671 -15.620 -15.620
  -6.669 -49.500     NaN
  -6.667 -49.500     NaN
  -6.665 -49.500 -49.500
  -6.663 -49.500 -49.500
  -6.661 -16.033 -49.500
  -6.658 -16.470 -49.500
  -6.656 -16.615 -49.500
  -6.654 -49.500     NaN
  -6.652 -16.604 -49.500
  -6.650 -16.140 -16.140
  -6.648 -15.976 -16.213
  -6.646 -16.332 -49.500
  -6.644 -49.500 -49.500
  -6.642 -16.200 -16.569
  -6.640 -49.500 -49.500
  -6.638 -49.500 -49.500
  -6.636 -16.298 -49.500
  -6.634 -49.500     NaN
  -6.632 -49.500     NaN
  -6.630 -16.183 -16.444
  -6.628 -49.500     NaN
  -6.626 -49.500 -49.500
  -6.624 -49.500 -49.500
  -6.622 -49.500 -49.500
  -6.620 -16.823 -16.823
  -6.618 -16.243 -16.462
  -6.617 -49.500     NaN
  -6.615 -49.500 -49.500
  -6.613 -49.500 -49.500
  -6.611 -49.500 -49.500
  -6.609 -49.500 -49.500
  -6.607 -49.500 -49.500
  -6.605 -49.500     NaN
  -6.603 -16.347 -49.500
  -6.602 -49.500     NaN
  -6.600 -16.219 -16.219
  -6.598 -49.500 -49.500
  -6.596 -16.742 -49.500
  -6.594 -17.024 -49.500
