  -8.861 -13.743 -13.743
  -8.599 -13.892 -13.892
  -8.442 -13.859 -13.859
  -8.329 -13.989 -13.989
  -8.239 -14.190 -14.190
  -8.166 -14.127 -14.127
  -8.103 -14.245 -14.245
  -8.048 -14.187 -14.187
  -7.999 -14.386 -14.386
  -7.955 -14.314 -14.314
  -7.916 -14.470 -14.470
  -7.879 -14.519 -14.519
  -7.846 -14.531 -14.531
  -7.815 -14.634 -14.634
  -7.786 -14.654 -14.654
  -7.758 -14.353 -14.608
  -7.733 -14.779 -14.779
  -7.709 -14.248 -14.425
  -7.686 -14.535 -14.535
  -7.664 -14.488 -14.661
  -7.643 -14.261 -14.414
  -7.624 -14.817 -14.817
  -7.605 -14.953 -14.953
  -7.586 -14.808 -14.808
  -7.569 -14.515 -14.886
  -7.552 -14.855 -14.855
  -7.536 -14.680 -14.680
  -7.521 -14.922 -15.156
  -7.506 -14.946 -15.222
  -7.491 -14.975 -14.975
  -7.477 -15.092 -15.301
  -7.464 -14.971 -14.971
  -7.451 -15.111 -15.111
  -7.438 -15.183 -15.183
  -7.425 -15.422 -15.422
  -7.413 -15.220 -15.220
  -7.401 -15.091 -15.091
  -7.390 -15.022 -15.022
  -7.379 -14.475 -14.849
  -7.368 -15.309 -15.309
  -7.357 -14.918 -15.149
  -7.347 -14.559 -15.171
  -7.337 -15.373 -15.373
  -7.327 -14.668 -15.373
  -7.317 -15.444 -15.444
  -7.308 -15.131 -15.344
  -7.299 -14.920 -14.920
  -7.290 -15.092 -15.471
  -7.281 -15.245 -15.555
  -7.272 -14.876 -15.707
  -7.264 -15.145 -15.384
  -7.255 -15.073 -15.073
  -7.247 -15.404 -15.404
  -7.239 -14.883 -15.171
  -7.231 -15.613 -15.613
  -7.223 -15.110 -15.265
  -7.216 -15.876 -15.876
  -7.208 -14.990 -15.477
  -7.201 -15.227 -15.227
  -7.194 -15.424 -15.424
  -7.187 -15.802 -15.802
  -7.180 -14.725 -15.505
  -7.173 -15.451 -15.724
  -7.166 -15.306 -15.686
  -7.159 -15.768 -15.768
  -7.153 -15.724 -15.724
  -7.146 -15.571 -15.722
  -7.140 -15.170 -15.340
  -7.133 -15.545 -15.727
  -7.127 -15.651 -15.802
  -7.121 -15.972 -15.972
  -7.115 -15.780 -15.780
  -7.109 -15.858 -15.858
  -7.103 -15.729 -15.729
  -7.098 -15.744 -16.008
  -7.092 -15.487 -15.487
  -7.086 -14.676 -15.004
  -7.081 -15.801 -15.801
  -7.075 -15.960 -16.153
  -7.070 -15.483 -15.483
  -7.064 -15.976 -15.976
  -7.059 -16.218 -16.218
  -7.054 -15.673 -16.014
  -7.049 -15.766 -16.048
  -7.043 -15.788 -15.971
  -7.038 -15.741 -15.741
  -7.033 -15.203 -15.918
  -7.029 -15.596 -15.887
  -7.024 -15.818 -15.818
  -7.019 -16.275 -16.275
  -7.014 -15.545 -15.927
  -7.009 -16.101 -16.101
  -7.005 -15.726 -16.035
  -7.000 -14.556 -16.096
  -6.995 -15.256 -16.088
  -6.991 -15.638 -16.094
  -6.986 -15.232 -15.636
  -6.982 -15.702 -16.253
  -6.978 -15.486 -16.078
  -6.973 -15.123 -16.294
  -6.969 -15.943 -16.219
  -6.965 -15.761 -16.327
  -6.961 -15.922 -15.922
  -6.956 -16.050 -16.050
  -6.952 -16.042 -16.042
  -6.948 -16.341 -16.582
  -6.944 -16.053 -16.217
  -6.940 -15.701 -16.369
  -6.936 -16.220 -16.220
  -6.932 -16.154 -16.154
  -6.928 -15.318 -16.031
  -6.924 -16.229 -16.229
  -6.920 -14.961 -16.430
  -6.917 -16.039 -16.202
  -6.913 -16.358 -16.521
  -6.909 -15.795 -15.795
  -6.905 -15.399 -15.750
  -6.902 -16.295 -16.700
  -6.898 -16.184 -16.707
  -6.894 -16.111 -16.557
  -6.891 -16.603 -16.603
  -6.887 -16.163 -16.562
  -6.884 -15.450 -16.240
  -6.880 -15.879 -16.145
  -6.877 -15.782 -16.390
  -6.873 -16.408 -16.408
  -6.870 -15.138 -16.095
  -6.867 -16.327 -16.327
  -6.863 -16.207 -16.522
  -6.860 -15.905 -16.117
  -6.857 -16.137 -16.333
  -6.853 -16.110 -16.483
  -6.850 -15.663 -16.430
  -6.847 -16.429 -16.429
  -6.844 -15.957 -16.133
  -6.840 -49.500     NaN
  -6.837 -15.982 -16.197
  -6.834 -15.839 -16.596
  -6.831 -16.234 -16.765
  -6.828 -49.500     NaN
  -6.825 -16.124 -16.785
  -6.822 -16.395 -16.922
  -6.819 -16.742 -16.915
  -6.816 -15.694 -16.969
  -6.813 -15.508 -16.174
  -6.810 -16.314 -16.825
  -6.807 -16.270 -16.544
  -6.804 -16.300 -16.561
  -6.801 -15.966 -16.428
  -6.798 -16.047 -16.445
  -6.795 -16.843 -49.500
  -6.792 -49.500     NaN
  -6.789 -15.767 -16.601
  -6.787 -16.513 -16.729
  -6.784 -15.848 -16.732
  -6.781 -16.201 -16.386
  -6.778 -49.500     NaN
  -6.775 -16.572 -16.572
  -6.773 -16.281 -49.500
  -6.770 -16.311 -17.056
  -6.767 -16.429 -49.500
  -6.765 -49.500     NaN
  -6.762 -49.500     NaN
  -6.759 -15.346 -16.501
  -6.757 -49.500 -49.500
  -6.754 -17.230 -49.500
  -6.751 -15.779 -16.287
  -6.749 -16.399 -49.500
  -6.746 -16.679 -49.500
  -6.744 -16.181 -16.333
  -6.741 -49.500     NaN
  -6.739 -16.601 -16.896
  -6.736 -16.436 -49.500
  -6.734 -15.599 -16.415
  -6.731 -49.500     NaN
  -6.729 -16.436 -16.725
  -6.726 -16.742 -49.500
  -6.724 -16.139 -16.730
  -6.721 -16.863 -49.500
  -6.719 -16.064 -16.857
  -6.717 -16.249 -49.500
  -6.714 -16.093 -16.941
  -6.712 -49.500     NaN
  -6.709 -49.500     NaN
  -6.707 -49.500 -49.500
  -6.705 -15.508 -15.866
  -6.702 -49.500     NaN
  -6.700 -49.500     NaN
  -6.698 -16.021 -16.892
  -6.696 -49.500     NaN
  -6.693 -16.228 -49.500
  -6.691 -49.500     NaN
  -6.689 -49.500 -49.500
  -6.687 -16.055 -49.500
  -6.684 -49.500     NaN
  -6.682 -16.149 -16.149
  -6.680 -49.500 -49.500
  -6.678 -16.078 -16.691
  -6.675 -49.500 -49.500
  -6.673 -49.500     NaN
  -6.671 -16.817 -16.817
  -6.669 -16.286 -49.500
  -6.667 -16.091 -49.500
  -6.665 -16.218 -49.500
  -6.663 -49.500     NaN
  -6.661 -49.500     NaN
  -6.658 -49.500 -49.500
  -6.656 -49.500     NaN
  -6.654 -49.500 -49.500
  -6.652 -49.500 -49.500
  -6.650 -16.692 -16.894
  -6.648 -49.500     NaN
  -6.646 -15.641 -16.322
  -6.644 -49.500 -49.500
  -6.642 -49.500     NaN
  -6.640 -49.500     NaN
  -6.638 -16.595 -16.787
  -6.636 -49.500 -49.500
  -6.634 -16.488 -49.500
  -6.632 -16.136 -49.500
  -6.630 -16.180 -49.500
  -6.628 -49.500 -49.500
  -6.626 -49.500 -49.500
  -6.624 -15.805 -16.250
  -6.622 -15.783 -49.500
  -6.620 -16.317 -49.500
  -6.618 -49.500 -49.500
  -6.617 -16.084 -16.475
  -6.615 -16.607 -49.500
  -6.613 -16.564 -49.500
  -6.611 -49.500 -49.500
  -6.609 -49.500 -49.500
  -6.607 -16.058 -49.500
  -6.605 -49.500     NaN
  -6.603 -15.285 -16.271
  -6.602 -15.412 -17.082
  -6.600 -49.500 -49.500
  -6.598 -49.500 -49.500
  -6.596 -49.500     NaN
  -6.594 -49.500 -49.500
