  -8.861 -14.181 -14.181
  -8.599 -14.256 -14.256
  -8.442 -14.309 -14.309
  -8.329 -14.303 -14.303
  -8.239 -14.427 -14.427
  -8.166 -14.509 -14.509
  -8.103 -14.522 -14.522
  -8.048 -14.563 -14.563
  -7.999 -14.341 -14.578
  -7.955 -14.607 -14.607
  -7.916 -14.554 -14.554
  -7.879 -14.568 -14.568
  -7.846 -14.726 -14.726
  -7.815 -14.605 -14.605
  -7.786 -14.823 -14.823
  -7.758 -14.919 -14.919
  -7.733 -14.730 -14.912
  -7.709 -14.831 -14.831
  -7.686 -14.821 -14.821
  -7.664 -14.891 -14.891
  -7.643 -14.882 -14.882
  -7.624 -14.855 -14.855
  -7.605 -15.072 -15.072
  -7.586 -15.017 -15.017
  -7.569 -14.975 -14.975
  -7.552 -14.791 -14.791
  -7.536 -14.710 -14.710
  -7.521 -15.115 -15.115
  -7.506 -15.077 -15.077
  -7.491 -15.010 -15.226
  -7.477 -15.244 -15.244
  -7.464 -14.973 -14.973
  -7.451 -14.876 -15.059
  -7.438 -15.183 -15.371
  -7.425 -15.005 -15.211
  -7.413 -14.917 -15.222
  -7.401 -15.313 -15.313
  -7.390 -14.412 -15.368
  -7.379 -14.752 -14.991
  -7.368 -15.418 -15.418
  -7.357 -15.588 -15.588
  -7.347 -15.390 -15.390
  -7.337 -15.217 -15.217
  -7.327 -15.309 -15.309
  -7.317 -15.205 -15.423
  -7.308 -15.291 -15.291
  -7.299 -15.191 -15.381
  -7.290 -15.349 -15.349
  -7.281 -15.044 -15.253
  -7.272 -15.298 -15.538
  -7.264 -15.253 -15.253
  -7.255 -15.424 -15.755
  -7.247 -15.103 -15.103
  -7.239 -15.532 -15.532
  -7.231 -15.526 -15.526
  -7.223 -15.683 -15.683
  -7.216 -15.014 -15.209
  -7.208 -15.309 -15.309
  -7.201 -15.558 -15.711
  -7.194 -15.405 -15.405
  -7.187 -15.437 -15.647
  -7.180 -15.320 -15.674
  -7.173 -15.583 -15.915
  -7.166 -14.854 -15.730
  -7.159 -15.379 -15.673
  -7.153 -15.881 -15.881
  -7.146 -15.574 -15.760
  -7.140 -15.429 -15.688
  -7.133 -15.688 -15.688
  -7.127 -15.531 -15.712
  -7.121 -15.652 -15.979
  -7.115 -15.485 -15.992
  -7.109 -15.641 -15.869
  -7.103 -15.259 -15.805
  -7.098 -13.963 -15.875
  -7.092 -15.341 -15.792
  -7.086 -16.093 -16.093
  -7.081 -15.136 -15.656
  -7.075 -15.759 -16.234
  -7.070 -15.805 -15.805
  -7.064 -15.469 -15.665
  -7.059 -15.550 -15.550
  -7.054 -16.349 -16.516
  -7.049 -15.954 -16.343
  -7.043 -15.762 -15.938
  -7.038 -16.006 -16.380
  -7.033 -15.874 -16.026
  -7.029 -15.852 -16.213
  -7.024 -16.472 -16.751
  -7.019 -15.970 -16.391
  -7.014 -15.575 -15.767
  -7.009 -15.571 -15.812
  -7.005 -16.130 -16.667
  -7.000 -15.380 -16.529
  -6.995 -15.847 -16.011
  -6.991 -14.931 -15.327
  -6.986 -15.496 -15.943
  -6.982 -15.719 -16.769
  -6.978 -15.345 -15.345
  -6.973 -16.184 -16.733
  -6.969 -15.774 -15.774
  -6.965 -14.661 -15.947
  -6.961 -15.935 -16.230
  -6.956 -15.681 -15.681
  -6.952 -22.574 -22.574
  -6.948 -15.075 -15.316
  -6.944 -49.500 -49.500
  -6.940 -15.589 -16.041
  -6.936 -16.330 -16.585
  -6.932 -16.143 -16.563
  -6.928 -15.791 -16.021
  -6.924 -15.649 -16.926
  -6.920 -16.085 -16.085
  -6.917 -15.829 -16.048
  -6.913 -15.493 -16.295
  -6.909 -15.650 -16.115
  -6.905 -16.391 -16.391
  -6.902 -16.357 -16.600
  -6.898 -15.870 -16.287
  -6.894 -49.500     NaN
  -6.891 -15.824 -21.779
  -6.887 -15.951 -15.951
  -6.884 -15.881 -16.035
  -6.880 -16.383 -49.500
  -6.877 -15.661 -16.052
  -6.873 -49.500     NaN
  -6.870 -15.873 -16.032
  -6.867 -15.748 -16.302
  -6.863 -14.809 -16.078
  -6.860 -16.107 -16.269
  -6.857 -16.151 -16.681
  -6.853 -16.801 -49.500
  -6.850 -15.941 -16.134
  -6.847 -16.453 -49.500
  -6.844 -15.828 -16.087
  -6.840 -16.708 -49.500
  -6.837 -16.158 -49.500
  -6.834 -16.606 -49.500
  -6.831 -16.167 -49.500
  -6.828 -16.580 -49.500
  -6.825 -14.509 -16.465
  -6.822 -49.500     NaN
  -6.819 -49.500     NaN
  -6.816 -16.528 -17.028
  -6.813 -49.500     NaN
  -6.810 -16.341 -49.500
  -6.807 -49.500     NaN
  -6.804 -16.670 -49.500
  -6.801 -16.197 -16.953
  -6.798 -49.500     NaN
  -6.795 -16.410 -49.500
  -6.792 -16.802 -49.500
  -6.789 -49.500 -49.500
  -6.787 -16.669 -49.500
  -6.784 -49.500     NaN
  -6.781 -15.708 -16.603
  -6.778 -15.668 -16.323
  -6.775 -16.217 -49.500
  -6.773 -14.907 -15.999
  -6.770 -15.898 -16.880
  -6.767 -16.161 -49.500
  -6.765 -49.500     NaN
  -6.762 -49.500     NaN
  -6.759 -16.231 -16.543
  -6.757 -15.593 -15.593
  -6.754 -16.369 -49.500
  -6.751 -16.604 -49.500
  -6.749 -16.378 -49.500
  -6.746 -49.500     NaN
  -6.744 -49.500 -49.500
  -6.741 -49.500 -49.500
  -6.739 -49.500     NaN
  -6.736 -49.500     NaN
  -6.734 -49.500     NaN
  -6.731 -16.061 -16.291
  -6.729 -49.500     NaN
  -6.726 -49.500 -49.500
  -6.724 -49.500     NaN
  -6.721 -16.808 -16.808
  -6.719 -16.276 -16.276
  -6.717 -16.357 -16.744
  -6.714 -16.382 -16.382
  -6.712 -49.500 -49.500
  -6.709 -49.500 -49.500
  -6.707 -15.964 -49.500
  -6.705 -49.500     NaN
  -6.702 -49.500 -49.500
  -6.700 -15.743 -15.743
  -6.698 -16.644 -49.500
  -6.696 -49.500 -49.500
  -6.693 -49.500     NaN
  -6.691 -16.686 -49.500
  -6.689 -49.500 -49.500
  -6.687 -49.500 -49.500
  -6.684 -49.500 -49.500
  -6.682 -15.847 -49.500
  -6.680 -49.500     NaN
  -6.678 -49.500 -49.500
  -6.675 -49.500 -49.500
  -6.673 -49.500 -49.500
  -6.671 -49.500 -49.500
  -6.669 -15.864 -49.500
  -6.667 -49.500 -49.500
  -6.665 -15.950 -15.950
  -6.663 -16.422 -49.500
  -6.661 -49.500 -49.500
  -6.658 -16.126 -16.281
  -6.656 -49.500     NaN
  -6.654 -49.500 -49.500
  -6.652 -49.500 -49.500
  -6.650 -16.314 -49.500
  -6.648 -16.080 -49.500
  -6.646 -49.500 -49.500
  -6.644 -49.500     NaN
  -6.642 -49.500 -49.500
  -6.640 -16.162 -16.348
  -6.638 -49.500 -49.500
  -6.636 -49.500 -49.500
  -6.634 -15.639 -15.639
  -6.632 -16.267 -49.500
  -6.630 -16.385 -49.500
  -6.628 -49.500 -49.500
  -6.626 -16.731 -16.731
  -6.624 -49.500 -49.500
  -6.622 -49.500 -49.500
  -6.620 -49.500     NaN
  -6.618 -16.628 -16.839
  -6.617 -16.670 -16.670
  -6.615 -49.500 -49.500
  -6.613 -49.500 -49.500
  -6.611 -49.500 -49.500
  -6.609 -49.500 -49.500
  -6.607 -49.500 -49.500
  -6.605 -49.500 -49.500
  -6.603 -49.500 -49.500
  -6.602 -49.500     NaN
  -6.600 -49.500 -49.500
  -6.598 -49.500 -49.500
  -6.596 -49.500     NaN
  -6.594 -49.500 -49.500
