  -8.861 -14.152 -14.152
  -8.599 -14.244 -14.244
  -8.442 -14.268 -14.268
  -8.329 -14.352 -14.352
  -8.239 -14.425 -14.425
  -8.166 -14.461 -14.461
  -8.103 -14.450 -14.450
  -8.048 -14.524 -14.524
  -7.999 -14.518 -14.518
  -7.955 -14.646 -14.646
  -7.916 -14.600 -14.600
  -7.879 -14.583 -14.583
  -7.846 -14.734 -14.734
  -7.815 -14.588 -14.748
  -7.786 -14.734 -14.734
  -7.758 -14.812 -14.812
  -7.733 -14.937 -14.937
  -7.709 -14.790 -14.790
  -7.686 -14.773 -14.773
  -7.664 -14.906 -14.906
  -7.643 -14.933 -14.933
  -7.624 -14.844 -14.844
  -7.605 -14.886 -15.082
  -7.586 -14.823 -14.823
  -7.569 -15.066 -15.066
  -7.552 -14.752 -14.927
  -7.536 -14.978 -14.978
  -7.521 -15.213 -15.213
  -7.506 -15.270 -15.270
  -7.491 -15.166 -15.166
  -7.477 -15.396 -15.396
  -7.464 -15.202 -15.202
  -7.451 -15.078 -15.331
  -7.438 -15.343 -15.343
  -7.425 -15.235 -15.235
  -7.413 -15.039 -15.329
  -7.401 -14.920 -15.102
  -7.390 -15.364 -15.364
  -7.379 -15.122 -15.448
  -7.368 -14.663 -14.984
  -7.357 -14.843 -15.383
  -7.347 -14.981 -15.311
  -7.337 -15.488 -15.488
  -7.327 -15.143 -15.308
  -7.317 -15.163 -15.474
  -7.308 -15.494 -15.494
  -7.299 -15.489 -15.489
  -7.290 -14.737 -15.077
  -7.281 -15.740 -15.740
  -7.272 -15.513 -15.513
  -7.264 -15.169 -15.401
  -7.255 -15.504 -15.504
  -7.247 -15.159 -15.444
  -7.239 -15.409 -15.409
  -7.231 -15.143 -15.143
  -7.223 -14.995 -15.218
  -7.216 -15.579 -15.911
  -7.208 -15.498 -16.083
  -7.201 -15.060 -15.428
  -7.194 -15.711 -15.711
  -7.187 -15.868 -15.868
  -7.180 -15.545 -15.701
  -7.173 -15.672 -15.672
  -7.166 -15.511 -15.511
  -7.159 -15.145 -15.753
  -7.153 -15.230 -15.230
  -7.146 -15.202 -15.448
  -7.140 -15.185 -15.381
  -7.133 -15.591 -15.952
  -7.127 -16.015 -16.015
  -7.121 -15.568 -15.789
  -7.115 -15.571 -15.571
  -7.109 -15.427 -16.126
  -7.103 -15.329 -15.638
  -7.098 -15.341 -15.987
  -7.092 -15.874 -15.874
  -7.086 -15.798 -15.798
  -7.081 -14.295 -15.165
  -7.075 -15.667 -15.947
  -7.070 -15.513 -15.689
  -7.064 -14.963 -15.913
  -7.059 -15.660 -15.660
  -7.054 -14.632 -16.137
  -7.049 -15.565 -15.741
  -7.043 -15.559 -15.559
  -7.038 -16.103 -16.103
  -7.033 -15.915 -16.145
  -7.029 -16.235 -16.235
  -7.024 -16.169 -16.329
  -7.019 -16.316 -16.316
  -7.014 -15.615 -15.786
  -7.009 -15.970 -16.353
  -7.005 -15.637 -15.826
  -7.000 -16.440 -16.440
  -6.995 -15.967 -15.967
  -6.991 -15.763 -16.096
  -6.986 -16.031 -16.285
  -6.982 -16.148 -16.331
  -6.978 -15.619 -15.829
  -6.973 -15.410 -15.624
  -6.969 -16.511 -16.791
  -6.965 -16.367 -16.367
  -6.961 -15.889 -15.889
  -6.956 -16.340 -16.340
  -6.952 -15.294 -15.695
  -6.948 -15.616 -15.616
  -6.944 -15.598 -15.598
  -6.940 -15.910 -16.186
  -6.936 -16.284 -16.829
  -6.932 -16.120 -16.695
  -6.928 -15.389 -16.180
  -6.924 -15.128 -15.450
  -6.920 -15.550 -15.728
  -6.917 -16.288 -16.532
  -6.913 -16.261 -16.261
  -6.909 -15.769 -49.500
  -6.905 -16.041 -16.236
  -6.902 -16.655 -49.500
  -6.898 -15.481 -15.766
  -6.894 -15.948 -15.948
  -6.891 -15.938 -16.806
  -6.887 -16.113 -49.500
  -6.884 -15.721 -49.500
  -6.880 -15.893 -16.094
  -6.877 -15.839 -16.356
  -6.873 -16.526 -49.500
  -6.870 -15.668 -16.410
  -6.867 -16.317 -16.592
  -6.863 -15.676 -17.164
  -6.860 -16.056 -49.500
  -6.857 -16.791 -49.500
  -6.853 -49.500     NaN
  -6.850 -16.810 -49.500
  -6.847 -16.449 -16.693
  -6.844 -17.010 -49.500
  -6.840 -15.396 -15.939
  -6.837 -49.500 -49.500
  -6.834 -49.500 -49.500
  -6.831 -15.901 -16.735
  -6.828 -15.018 -16.351
  -6.825 -15.031 -49.500
  -6.822 -14.809 -49.500
  -6.819 -15.623 -15.941
  -6.816 -15.704 -16.364
  -6.813 -49.500     NaN
  -6.810 -16.293 -16.454
  -6.807 -15.955 -16.227
  -6.804 -16.042 -16.769
  -6.801 -15.642 -16.204
  -6.798 -49.500     NaN
  -6.795 -49.500     NaN
  -6.792 -16.665 -49.500
  -6.789 -15.857 -49.500
  -6.787 -16.345 -16.545
  -6.784 -16.426 -49.500
  -6.781 -15.892 -49.500
  -6.778 -49.500     NaN
  -6.775 -16.044 -49.500
  -6.773 -16.534 -49.500
  -6.770 -16.330 -49.500
  -6.767 -49.500     NaN
  -6.765 -16.170 -49.500
  -6.762 -15.049 -49.500
  -6.759 -49.500     NaN
  -6.757 -16.066 -49.500
  -6.754 -49.500     NaN
  -6.751 -49.500     NaN
  -6.749 -49.500     NaN
  -6.746 -49.500 -49.500
  -6.744 -49.500     NaN
  -6.741 -16.236 -16.503
  -6.739 -16.470 -49.500
  -6.736 -16.273 -16.574
  -6.734 -49.500     NaN
  -6.731 -16.711 -16.711
  -6.729 -49.500     NaN
  -6.726 -16.202 -16.202
  -6.724 -49.500     NaN
  -6.721 -49.500 -49.500
  -6.719 -15.870 -16.308
  -6.717 -16.763 -49.500
  -6.714 -16.285 -49.500
  -6.712 -49.500     NaN
  -6.709 -49.500 -49.500
  -6.707 -49.500 -49.500
  -6.705 -49.500 -49.500
  -6.702 -16.604 -49.500
  -6.700 -49.500 -49.500
  -6.698 -49.500 -49.500
  -6.696 -49.500 -49.500
  -6.693 -15.663 -49.500
  -6.691 -49.500 -49.500
  -6.689 -15.784 -16.651
  -6.687 -16.402 -16.402
  -6.684 -49.500 -49.500
  -6.682 -49.500 -49.500
  -6.680 -15.787 -15.787
  -6.678 -49.500     NaN
  -6.675 -49.500 -49.500
  -6.673 -49.500     NaN
  -6.671 -16.207 -49.500
  -6.669 -49.500 -49.500
  -6.667 -49.500 -49.500
  -6.665 -49.500 -49.500
  -6.663 -15.881 -49.500
  -6.661 -49.500 -49.500
  -6.658 -16.604 -49.500
  -6.656 -15.527 -16.620
  -6.654 -16.449 -16.449
  -6.652 -49.500 -49.500
  -6.650 -49.500 -49.500
  -6.648 -15.573 -49.500
  -6.646 -16.405 -16.405
  -6.644 -49.500 -49.500
  -6.642 -49.500 -49.500
  -6.640 -49.500     NaN
  -6.638 -49.500 -49.500
  -6.636 -49.500 -49.500
  -6.634 -49.500     NaN
  -6.632 -49.500 -49.500
  -6.630 -49.500 -49.500
  -6.628 -49.500 -49.500
  -6.626 -49.500 -49.500
  -6.624 -49.500 -49.500
  -6.622 -49.500 -49.500
  -6.620 -49.500 -49.500
  -6.618 -16.114 -16.114
  -6.617 -15.305 -49.500
  -6.615 -49.500 -49.500
  -6.613 -49.500 -49.500
  -6.611 -49.500 -49.500
  -6.609 -49.500     NaN
  -6.607 -49.500 -49.500
  -6.605 -49.500 -49.500
  -6.603 -49.500 -49.500
  -6.602 -49.500 -49.500
  -6.600 -49.500 -49.500
  -6.598 -16.607 -49.500
  -6.596 -49.500     NaN
  -6.594 -16.496 -16.496
