  -8.861 -14.171 -14.171
  -8.599 -14.246 -14.246
  -8.442 -14.267 -14.267
  -8.329 -14.356 -14.356
  -8.239 -14.389 -14.389
  -8.166 -14.467 -14.467
  -8.103 -14.511 -14.511
  -8.048 -14.588 -14.588
  -7.999 -14.282 -14.557
  -7.955 -14.648 -14.648
  -7.916 -14.670 -14.670
  -7.879 -14.759 -14.759
  -7.846 -14.709 -14.709
  -7.815 -14.771 -14.771
  -7.786 -14.772 -14.772
  -7.758 -14.462 -14.462
  -7.733 -14.833 -14.833
  -7.709 -14.739 -14.739
  -7.686 -14.908 -14.908
  -7.664 -14.589 -14.844
  -7.643 -14.680 -14.973
  -7.624 -14.742 -14.742
  -7.605 -15.099 -15.099
  -7.586 -14.938 -14.938
  -7.569 -14.777 -14.777
  -7.552 -14.953 -14.953
  -7.536 -15.241 -15.241
  -7.521 -14.962 -14.962
  -7.506 -15.083 -15.083
  -7.491 -15.062 -15.062
  -7.477 -14.788 -15.090
  -7.464 -15.080 -15.263
  -7.451 -15.055 -15.249
  -7.438 -15.327 -15.327
  -7.425 -15.065 -15.312
  -7.413 -15.207 -15.207
  -7.401 -15.117 -15.117
  -7.390 -15.146 -15.343
  -7.379 -15.235 -15.235
  -7.368 -15.422 -15.422
  -7.357 -15.317 -15.317
  -7.347 -15.382 -15.382
  -7.337 -15.245 -15.245
  -7.327 -15.305 -15.305
  -7.317 -14.991 -15.198
  -7.308 -15.255 -15.469
  -7.299 -15.566 -15.566
  -7.290 -15.544 -15.544
  -7.281 -15.515 -15.515
  -7.272 -15.248 -15.248
  -7.264 -15.558 -15.558
  -7.255 -15.546 -15.546
  -7.247 -15.276 -15.522
  -7.239 -15.672 -15.925
  -7.231 -15.495 -15.495
  -7.223 -15.662 -15.913
  -7.216 -15.477 -15.639
  -7.208 -15.502 -15.824
  -7.201 -15.864 -15.864
  -7.194 -15.688 -15.688
  -7.187 -15.634 -15.634
  -7.180 -15.665 -15.947
  -7.173 -14.225 -15.862
  -7.166 -15.744 -15.744
  -7.159 -15.398 -15.819
  -7.153 -15.414 -15.716
  -7.146 -15.287 -15.446
  -7.140 -15.622 -15.622
  -7.133 -15.572 -15.784
  -7.127 -15.616 -15.616
  -7.121 -16.022 -16.208
  -7.115 -15.094 -15.529
  -7.109 -15.965 -16.174
  -7.103 -15.623 -15.892
  -7.098 -15.712 -15.913
  -7.092 -15.548 -15.937
  -7.086 -15.794 -16.180
  -7.081 -14.662 -15.707
  -7.075 -15.491 -15.491
  -7.070 -15.938 -16.114
  -7.064 -15.895 -16.277
  -7.059 -16.066 -16.066
  -7.054 -16.093 -16.257
  -7.049 -15.663 -15.663
  -7.043 -15.681 -15.980
  -7.038 -15.465 -15.981
  -7.033 -15.706 -15.886
  -7.029 -15.873 -16.028
  -7.024 -15.956 -15.956
  -7.019 -15.952 -15.952
  -7.014 -15.946 -15.946
  -7.009 -15.896 -16.484
  -7.005 -16.021 -16.021
  -7.000 -15.434 -16.301
  -6.995 -16.242 -16.242
  -6.991 -15.990 -15.990
  -6.986 -15.995 -16.475
  -6.982 -16.096 -16.260
  -6.978 -15.745 -16.188
  -6.973 -15.992 -15.992
  -6.969 -15.154 -15.769
  -6.965 -16.223 -16.436
  -6.961 -15.722 -16.369
  -6.956 -15.921 -16.174
  -6.952 -15.979 -16.310
  -6.948 -16.166 -16.166
  -6.944 -15.407 -16.358
  -6.940 -15.885 -16.100
  -6.936 -16.176 -16.176
  -6.932 -15.722 -16.517
  -6.928 -15.207 -15.973
  -6.924 -16.824 -17.240
  -6.920 -16.343 -16.343
  -6.917 -16.189 -16.348
  -6.913 -16.315 -16.593
  -6.909 -49.500 -49.500
  -6.905 -15.316 -16.313
  -6.902 -15.188 -15.912
  -6.898 -16.406 -16.702
  -6.894 -16.649 -16.930
  -6.891 -16.581 -49.500
  -6.887 -16.962 -22.797
  -6.884 -49.500     NaN
  -6.880 -15.749 -16.324
  -6.877 -15.583 -16.309
  -6.873 -14.858 -15.701
  -6.870 -15.815 -16.255
  -6.867 -16.585 -49.500
  -6.863 -16.024 -49.500
  -6.860 -15.378 -15.968
  -6.857 -16.047 -16.047
  -6.853 -16.195 -16.195
  -6.850 -16.098 -49.500
  -6.847 -49.500     NaN
  -6.844 -15.289 -16.865
  -6.840 -49.500     NaN
  -6.837 -16.227 -49.500
  -6.834 -49.500     NaN
  -6.831 -16.710 -49.500
  -6.828 -15.352 -49.500
  -6.825 -49.500     NaN
  -6.822 -16.806 -49.500
  -6.819 -15.314 -16.110
  -6.816 -49.500     NaN
  -6.813 -49.500     NaN
  -6.810 -16.387 -49.500
  -6.807 -16.802 -49.500
  -6.804 -16.048 -16.343
  -6.801 -16.365 -16.587
  -6.798 -15.411 -49.500
  -6.795 -16.385 -49.500
  -6.792 -16.317 -16.581
  -6.789 -16.814 -49.500
  -6.787 -15.512 -16.018
  -6.784 -15.432 -15.864
  -6.781 -49.500     NaN
  -6.778 -49.500     NaN
  -6.775 -16.797 -16.797
  -6.773 -49.500     NaN
  -6.770 -49.500 -49.500
  -6.767 -16.848 -49.500
  -6.765 -15.908 -49.500
  -6.762 -49.500 -49.500
  -6.759 -49.500     NaN
  -6.757 -49.500     NaN
  -6.754 -49.500     NaN
  -6.751 -49.500     NaN
  -6.749 -49.500     NaN
  -6.746 -15.983 -16.574
  -6.744 -15.661 -16.065
  -6.741 -16.506 -16.506
  -6.739 -49.500     NaN
  -6.736 -16.683 -49.500
  -6.734 -16.159 -16.159
  -6.731 -15.608 -49.500
  -6.729 -49.500 -49.500
  -6.726 -49.500     NaN
  -6.724 -15.842 -49.500
  -6.721 -49.500     NaN
  -6.719 -49.500 -49.500
  -6.717 -49.500     NaN
  -6.714 -49.500     NaN
  -6.712 -49.500 -49.500
  -6.709 -49.500 -49.500
  -6.707 -49.500 -49.500
  -6.705 -16.218 -16.218
  -6.702 -16.547 -16.547
  -6.700 -15.919 -16.751
  -6.698 -49.500 -49.500
  -6.696 -15.881 -16.255
  -6.693 -16.551 -16.551
  -6.691 -16.858 -49.500
  -6.689 -49.500 -49.500
  -6.687 -49.500 -49.500
  -6.684 -49.500 -49.500
  -6.682 -16.332 -49.500
  -6.680 -49.500     NaN
  -6.678 -49.500     NaN
  -6.675 -49.500     NaN
  -6.673 -16.283 -16.283
  -6.671 -49.500     NaN
  -6.669 -16.682 -49.500
  -6.667 -49.500     NaN
  -6.665 -49.500 -49.500
  -6.663 -49.500 -49.500
  -6.661 -49.500 -49.500
  -6.658 -49.500     NaN
  -6.656 -16.510 -49.500
  -6.654 -15.477 -15.477
  -6.652 -15.631 -49.500
  -6.650 -49.500 -49.500
  -6.648 -49.500 -49.500
  -6.646 -49.500     NaN
  -6.644 -49.500     NaN
  -6.642 -16.621 -16.621
  -6.640 -16.231 -16.231
  -6.638 -49.500 -49.500
  -6.636 -16.318 -16.318
  -6.634 -49.500 -49.500
  -6.632 -49.500 -49.500
  -6.630 -49.500 -49.500
  -6.628 -49.500     NaN
  -6.626 -49.500 -49.500
  -6.624 -49.500 -49.500
  -6.622 -49.500     NaN
  -6.620 -49.500 -49.500
  -6.618 -49.500 -49.500
  -6.617 -49.500 -49.500
  -6.615 -16.039 -49.500
  -6.613 -49.500 -49.500
  -6.611 -16.424 -49.500
  -6.609 -49.500 -49.500
  -6.607 -49.500 -49.500
  -6.605 -15.662 -15.662
  -6.603 -49.500 -49.500
  -6.602 -49.500 -49.500
  -6.600 -49.500     NaN
  -6.598 -49.500 -49.500
  -6.596 -49.500 -49.500
  -6.594 -49.500 -49.500
