  -8.861 -14.154 -14.154
  -8.599 -14.250 -14.250
  -8.442 -14.300 -14.300
  -8.329 -14.356 -14.356
  -8.239 -14.453 -14.453
  -8.166 -14.479 -14.479
  -8.103 -14.488 -14.488
  -8.048 -14.511 -14.511
  -7.999 -14.596 -14.596
  -7.955 -14.648 -14.648
  -7.916 -14.708 -14.708
  -7.879 -14.596 -14.596
  -7.846 -14.683 -14.683
  -7.815 -14.550 -14.550
  -7.786 -14.608 -14.608
  -7.758 -14.814 -14.814
  -7.733 -14.405 -14.637
  -7.709 -14.621 -14.909
  -7.686 -14.864 -14.864
  -7.664 -15.039 -15.039
  -7.643 -14.771 -14.771
  -7.624 -14.904 -14.904
  -7.605 -14.935 -15.154
  -7.586 -14.683 -14.941
  -7.569 -15.058 -15.058
  -7.552 -14.960 -14.960
  -7.536 -14.869 -15.026
  -7.521 -14.962 -15.118
  -7.506 -15.000 -15.000
  -7.491 -15.007 -15.007
  -7.477 -15.097 -15.097
  -7.464 -15.182 -15.182
  -7.451 -14.862 -15.119
  -7.438 -15.230 -15.230
  -7.425 -15.249 -15.249
  -7.413 -15.405 -15.405
  -7.401 -14.714 -14.980
  -7.390 -15.040 -15.256
  -7.379 -15.355 -15.524
  -7.368 -14.873 -15.186
  -7.357 -15.395 -15.395
  -7.347 -14.891 -15.216
  -7.337 -15.371 -15.371
  -7.327 -15.489 -15.489
  -7.317 -15.392 -15.392
  -7.308 -15.224 -15.224
  -7.299 -15.368 -15.368
  -7.290 -15.384 -15.822
  -7.281 -15.268 -15.482
  -7.272 -15.312 -15.312
  -7.264 -15.269 -15.462
  -7.255 -14.778 -15.519
  -7.247 -15.424 -15.424
  -7.239 -15.308 -15.516
  -7.231 -15.442 -15.442
  -7.223 -15.533 -15.533
  -7.216 -15.658 -15.658
  -7.208 -15.161 -15.584
  -7.201 -15.521 -15.521
  -7.194 -15.461 -15.766
  -7.187 -14.996 -15.439
  -7.180 -15.126 -15.690
  -7.173 -15.302 -15.664
  -7.166 -15.748 -15.748
  -7.159 -15.332 -15.757
  -7.153 -14.940 -15.444
  -7.146 -15.922 -16.140
  -7.140 -15.593 -15.593
  -7.133 -15.881 -15.881
  -7.127 -15.693 -15.693
  -7.121 -15.993 -15.993
  -7.115 -15.622 -15.879
  -7.109 -16.013 -16.013
  -7.103 -15.662 -15.943
  -7.098 -15.769 -15.938
  -7.092 -15.850 -15.850
  -7.086 -15.951 -15.951
  -7.081 -15.808 -15.808
  -7.075 -15.997 -15.997
  -7.070 -15.964 -16.296
  -7.064 -15.982 -16.174
  -7.059 -15.658 -16.093
  -7.054 -14.942 -16.348
  -7.049 -15.252 -15.982
  -7.043 -15.718 -15.718
  -7.038 -15.869 -15.869
  -7.033 -15.901 -16.086
  -7.029 -15.661 -16.204
  -7.024 -16.122 -16.122
  -7.019 -16.020 -16.535
  -7.014 -15.420 -15.585
  -7.009 -15.066 -15.726
  -7.005 -15.553 -15.750
  -7.000 -16.097 -16.097
  -6.995 -15.991 -15.991
  -6.991 -16.686 -17.095
  -6.986 -15.751 -15.751
  -6.982 -15.254 -16.187
  -6.978 -16.272 -16.727
  -6.973 -15.537 -15.912
  -6.969 -15.767 -16.170
  -6.965 -15.333 -15.821
  -6.961 -15.466 -16.185
  -6.956 -15.810 -16.000
  -6.952 -15.324 -15.918
  -6.948 -16.454 -16.454
  -6.944 -15.794 -16.710
  -6.940 -15.942 -15.942
  -6.936 -15.771 -16.186
  -6.932 -15.193 -16.143
  -6.928 -16.426 -17.153
  -6.924 -16.598 -16.870
  -6.920 -15.585 -16.167
  -6.917 -16.877 -49.500
  -6.913 -16.501 -16.665
  -6.909 -16.725 -49.500
  -6.905 -15.940 -49.500
  -6.902 -15.971 -15.971
  -6.898 -16.100 -16.277
  -6.894 -15.785 -49.500
  -6.891 -16.405 -16.405
  -6.887 -16.691 -49.500
  -6.884 -15.672 -16.513
  -6.880 -16.394 -49.500
  -6.877 -49.500     NaN
  -6.873 -15.860 -16.266
  -6.870 -16.315 -16.315
  -6.867 -16.184 -16.863
  -6.863 -16.159 -16.314
  -6.860 -15.443 -49.500
  -6.857 -15.470 -16.066
  -6.853 -16.454 -16.631
  -6.850 -16.243 -16.406
  -6.847 -16.413 -49.500
  -6.844 -16.675 -49.500
  -6.840 -16.297 -49.500
  -6.837 -49.500     NaN
  -6.834 -49.500     NaN
  -6.831 -15.914 -16.657
  -6.828 -16.790 -49.500
  -6.825 -16.156 -49.500
  -6.822 -49.500     NaN
  -6.819 -49.500     NaN
  -6.816 -16.733 -16.733
  -6.813 -15.757 -16.320
  -6.810 -49.500 -49.500
  -6.807 -15.465 -16.238
  -6.804 -16.430 -16.934
  -6.801 -16.767 -49.500
  -6.798 -49.500     NaN
  -6.795 -16.227 -16.484
  -6.792 -49.500     NaN
  -6.789 -16.150 -16.309
  -6.787 -49.500     NaN
  -6.784 -16.248 -49.500
  -6.781 -16.725 -49.500
  -6.778 -49.500     NaN
  -6.775 -49.500     NaN
  -6.773 -49.500     NaN
  -6.770 -15.447 -49.500
  -6.767 -15.203 -15.455
  -6.765 -16.308 -16.528
  -6.762 -16.356 -49.500
  -6.759 -49.500     NaN
  -6.757 -16.582 -49.500
  -6.754 -49.500 -49.500
  -6.751 -15.996 -15.996
  -6.749 -16.139 -16.521
  -6.746 -49.500 -49.500
  -6.744 -16.612 -16.612
  -6.741 -49.500     NaN
  -6.739 -16.757 -49.500
  -6.736 -15.987 -15.987
  -6.734 -16.573 -49.500
  -6.731 -16.102 -16.446
  -6.729 -16.587 -49.500
  -6.726 -16.348 -49.500
  -6.724 -16.608 -16.608
  -6.721 -16.702 -49.500
  -6.719 -49.500 -49.500
  -6.717 -17.003 -17.003
  -6.714 -49.500     NaN
  -6.712 -16.769 -49.500
  -6.709 -49.500     NaN
  -6.707 -16.313 -16.313
  -6.705 -16.033 -16.033
  -6.702 -16.359 -49.500
  -6.700 -49.500     NaN
  -6.698 -49.500     NaN
  -6.696 -49.500     NaN
  -6.693 -49.500 -49.500
  -6.691 -16.118 -49.500
  -6.689 -49.500     NaN
  -6.687 -49.500     NaN
  -6.684 -49.500 -49.500
  -6.682 -49.500 -49.500
  -6.680 -16.557 -49.500
  -6.678 -49.500 -49.500
  -6.675 -49.500     NaN
  -6.673 -49.500     NaN
  -6.671 -49.500 -49.500
  -6.669 -16.194 -49.500
  -6.667 -16.195 -49.500
  -6.665 -49.500 -49.500
  -6.663 -49.500 -49.500
  -6.661 -49.500 -49.500
  -6.658 -49.500 -49.500
  -6.656 -49.500 -49.500
  -6.654 -49.500 -49.500
  -6.652 -16.237 -16.237
  -6.650 -49.500 -49.500
  -6.648 -49.500     NaN
  -6.646 -49.500 -49.500
  -6.644 -49.500 -49.500
  -6.642 -49.500 -49.500
  -6.640 -49.500 -49.500
  -6.638 -15.893 -49.500
  -6.636 -49.500 -49.500
  -6.634 -15.370 -49.500
  -6.632 -49.500 -49.500
  -6.630 -49.500 -49.500
  -6.628 -16.095 -49.500
  -6.626 -49.500     NaN
  -6.624 -15.841 -16.690
  -6.622 -49.500 -49.500
  -6.620 -49.500 -49.500
  -6.618 -49.500 -49.500
  -6.617 -49.500 -49.500
  -6.615 -49.500 -49.500
  -6.613 -49.500 -49.500
  -6.611 -49.500 -49.500
  -6.609 -49.500 -49.500
  -6.607 -49.500 -49.500
  -6.605 -49.500     NaN
  -6.603 -49.500 -49.500
  -6.602 -16.184 -49.500
  -6.600 -49.500 -49.500
  -6.598 -15.851 -15.851
  -6.596 -49.500 -49.500
  -6.594 -49.500 -49.500
