  -8.861 -14.168 -14.168
  -8.599 -14.234 -14.234
  -8.442 -14.334 -14.334
  -8.329 -14.342 -14.342
  -8.239 -14.428 -14.428
  -8.166 -14.457 -14.457
  -8.103 -14.475 -14.475
  -8.048 -14.536 -14.536
  -7.999 -14.625 -14.625
  -7.955 -14.564 -14.564
  -7.916 -14.618 -14.618
  -7.879 -14.689 -14.689
  -7.846 -14.708 -14.863
  -7.815 -14.726 -14.726
  -7.786 -14.777 -14.777
  -7.758 -14.838 -14.838
  -7.733 -14.682 -14.682
  -7.709 -14.806 -14.806
  -7.686 -14.898 -14.898
  -7.664 -14.835 -14.835
  -7.643 -14.705 -14.705
  -7.624 -14.783 -14.783
  -7.605 -14.991 -14.991
  -7.586 -14.976 -14.976
  -7.569 -14.629 -14.806
  -7.552 -14.994 -14.994
  -7.536 -15.251 -15.251
  -7.521 -15.134 -15.134
  -7.506 -14.872 -14.872
  -7.491 -15.037 -15.210
  -7.477 -15.168 -15.168
  -7.464 -14.934 -15.227
  -7.451 -14.928 -14.928
  -7.438 -15.137 -15.137
  -7.425 -15.129 -15.129
  -7.413 -14.993 -15.387
  -7.401 -14.850 -14.850
  -7.390 -15.433 -15.433
  -7.379 -15.153 -15.153
  -7.368 -14.902 -14.902
  -7.357 -14.827 -15.138
  -7.347 -14.606 -15.404
  -7.337 -14.897 -15.280
  -7.327 -14.806 -15.310
  -7.317 -15.546 -15.546
  -7.308 -15.153 -15.436
  -7.299 -15.599 -15.599
  -7.290 -15.188 -15.188
  -7.281 -15.347 -15.644
  -7.272 -15.260 -15.260
  -7.264 -14.898 -15.280
  -7.255 -14.839 -15.254
  -7.247 -14.965 -15.179
  -7.239 -15.709 -15.709
  -7.231 -15.052 -15.502
  -7.223 -15.783 -15.783
  -7.216 -15.690 -15.690
  -7.208 -15.649 -15.649
  -7.201 -15.861 -15.861
  -7.194 -15.449 -15.449
  -7.187 -15.903 -15.903
  -7.180 -15.601 -15.824
  -7.173 -14.676 -15.402
  -7.166 -14.553 -15.444
  -7.159 -15.238 -15.660
  -7.153 -15.444 -16.119
  -7.146 -15.739 -15.739
  -7.140 -15.663 -15.663
  -7.133 -15.897 -15.897
  -7.127 -16.026 -16.227
  -7.121 -15.998 -15.998
  -7.115 -16.019 -16.019
  -7.109 -15.274 -15.648
  -7.103 -14.924 -15.620
  -7.098 -15.803 -16.155
  -7.092 -15.114 -16.010
  -7.086 -15.814 -15.976
  -7.081 -15.663 -15.663
  -7.075 -15.424 -15.724
  -7.070 -15.881 -15.881
  -7.064 -15.533 -15.799
  -7.059 -15.243 -15.792
  -7.054 -15.815 -16.168
  -7.049 -16.068 -16.322
  -7.043 -15.839 -16.039
  -7.038 -15.498 -16.178
  -7.033 -16.037 -16.037
  -7.029 -16.040 -16.221
  -7.024 -15.150 -15.399
  -7.019 -15.513 -15.712
  -7.014 -14.762 -15.291
  -7.009 -15.075 -15.581
  -7.005 -16.781 -16.943
  -7.000 -14.382 -15.572
  -6.995 -15.603 -16.000
  -6.991 -16.717 -16.717
  -6.986 -16.094 -16.448
  -6.982 -16.084 -16.239
  -6.978 -15.789 -16.113
  -6.973 -16.116 -16.116
  -6.969 -15.855 -16.078
  -6.965 -16.183 -16.447
  -6.961 -16.316 -16.540
  -6.956 -15.999 -16.300
  -6.952 -16.495 -16.769
  -6.948 -15.049 -15.691
  -6.944 -16.014 -16.450
  -6.940 -15.878 -16.170
  -6.936 -15.867 -15.867
  -6.932 -16.422 -49.500
  -6.928 -15.399 -15.922
  -6.924 -16.156 -16.324
  -6.920 -15.979 -16.200
  -6.917 -16.939 -23.085
  -6.913 -16.145 -16.529
  -6.909 -15.912 -16.103
  -6.905 -15.211 -15.936
  -6.902 -16.283 -16.283
  -6.898 -14.785 -15.953
  -6.894 -15.580 -17.089
  -6.891 -23.163 -23.163
  -6.887 -16.466 -16.742
  -6.884 -16.220 -16.377
  -6.880 -16.113 -49.500
  -6.877 -15.849 -16.299
  -6.873 -49.500     NaN
  -6.870 -16.370 -16.605
  -6.867 -15.966 -16.181
  -6.863 -16.320 -16.917
  -6.860 -49.500     NaN
  -6.857 -15.550 -16.080
  -6.853 -16.538 -49.500
  -6.850 -16.254 -16.575
  -6.847 -15.915 -16.568
  -6.844 -16.375 -49.500
  -6.840 -16.307 -16.469
  -6.837 -16.216 -16.496
  -6.834 -16.172 -16.472
  -6.831 -49.500     NaN
  -6.828 -16.127 -16.127
  -6.825 -49.500     NaN
  -6.822 -49.500     NaN
  -6.819 -49.500     NaN
  -6.816 -49.500     NaN
  -6.813 -15.809 -15.809
  -6.810 -16.575 -49.500
  -6.807 -16.019 -49.500
  -6.804 -49.500     NaN
  -6.801 -15.421 -49.500
  -6.798 -49.500 -49.500
  -6.795 -16.045 -49.500
  -6.792 -15.714 -16.935
  -6.789 -16.679 -49.500
  -6.787 -15.516 -15.516
  -6.784 -16.254 -16.783
  -6.781 -49.500     NaN
  -6.778 -15.593 -15.593
  -6.775 -15.546 -16.578
  -6.773 -16.494 -49.500
  -6.770 -16.499 -49.500
  -6.767 -49.500     NaN
  -6.765 -16.279 -49.500
  -6.762 -16.689 -49.500
  -6.759 -16.200 -49.500
  -6.757 -49.500     NaN
  -6.754 -49.500 -49.500
  -6.751 -16.510 -49.500
  -6.749 -49.500 -49.500
  -6.746 -16.336 -16.780
  -6.744 -15.998 -16.164
  -6.741 -16.512 -49.500
  -6.739 -49.500     NaN
  -6.736 -16.485 -49.500
  -6.734 -16.385 -16.689
  -6.731 -49.500 -49.500
  -6.729 -49.500     NaN
  -6.726 -16.004 -16.195
  -6.724 -49.500 -49.500
  -6.721 -15.859 -49.500
  -6.719 -15.856 -16.172
  -6.717 -16.205 -16.670
  -6.714 -49.500     NaN
  -6.712 -16.395 -16.687
  -6.709 -49.500     NaN
  -6.707 -16.112 -49.500
  -6.705 -49.500 -49.500
  -6.702 -49.500     NaN
  -6.700 -15.552 -49.500
  -6.698 -16.311 -49.500
  -6.696 -49.500 -49.500
  -6.693 -15.716 -49.500
  -6.691 -49.500     NaN
  -6.689 -16.297 -16.297
  -6.687 -16.918 -49.500
  -6.684 -49.500     NaN
  -6.682 -49.500 -49.500
  -6.680 -49.500 -49.500
  -6.678 -49.500 -49.500
  -6.675 -16.079 -16.079
  -6.673 -49.500     NaN
  -6.671 -16.473 -49.500
  -6.669 -49.500 -49.500
  -6.667 -49.500 -49.500
  -6.665 -49.500     NaN
  -6.663 -49.500     NaN
  -6.661 -49.500 -49.500
  -6.658 -49.500 -49.500
  -6.656 -16.392 -49.500
  -6.654 -49.500 -49.500
  -6.652 -49.500     NaN
  -6.650 -49.500     NaN
  -6.648 -49.500 -49.500
  -6.646 -49.500     NaN
  -6.644 -49.500 -49.500
  -6.642 -49.500 -49.500
  -6.640 -49.500     NaN
  -6.638 -49.500 -49.500
  -6.636 -49.500     NaN
  -6.634 -16.330 -16.330
  -6.632 -49.500 -49.500
  -6.630 -49.500 -49.500
  -6.628 -16.750 -16.750
  -6.626 -49.500 -49.500
  -6.624 -49.500 -49.500
  -6.622 -15.949 -49.500
  -6.620 -49.500 -49.500
  -6.618 -49.500 -49.500
  -6.617 -49.500 -49.500
  -6.615 -16.825 -49.500
  -6.613 -49.500 -49.500
  -6.611 -49.500 -49.500
  -6.609 -49.500 -49.500
  -6.607 -49.500 -49.500
  -6.605 -49.500 -49.500
  -6.603 -16.239 -16.239
  -6.602 -49.500 -49.500
  -6.600 -49.500 -49.500
  -6.598 -49.500 -49.500
  -6.596 -49.500 -49.500
  -6.594 -49.500 -49.500
