  -8.861 -14.145 -14.145
  -8.599 -14.229 -14.229
  -8.442 -14.302 -14.302
  -8.329 -14.394 -14.394
  -8.239 -14.459 -14.459
  -8.166 -14.528 -14.528
  -8.103 -14.504 -14.504
  -8.048 -14.521 -14.521
  -7.999 -14.645 -14.645
  -7.955 -14.478 -14.478
  -7.916 -14.638 -14.638
  -7.879 -14.764 -14.764
  -7.846 -14.703 -14.703
  -7.815 -14.705 -14.705
  -7.786 -14.545 -14.545
  -7.758 -14.733 -14.733
  -7.733 -14.899 -14.899
  -7.709 -14.917 -14.917
  -7.686 -14.752 -14.752
  -7.664 -14.770 -14.770
  -7.643 -14.945 -14.945
  -7.624 -14.909 -14.909
  -7.605 -14.774 -14.774
  -7.586 -14.661 -14.661
  -7.569 -14.803 -15.072
  -7.552 -15.180 -15.180
  -7.536 -15.083 -15.083
  -7.521 -14.950 -15.240
  -7.506 -14.996 -15.254
  -7.491 -14.958 -15.154
  -7.477 -15.150 -15.150
  -7.464 -14.955 -15.199
  -7.451 -15.055 -15.055
  -7.438 -15.346 -15.346
  -7.425 -14.779 -14.970
  -7.413 -14.988 -14.988
  -7.401 -15.287 -15.287
  -7.390 -14.942 -15.368
  -7.379 -15.002 -15.333
  -7.368 -14.672 -15.031
  -7.357 -15.265 -15.265
  -7.347 -15.067 -15.532
  -7.337 -15.208 -15.208
  -7.327 -14.939 -15.227
  -7.317 -15.274 -15.274
  -7.308 -15.620 -15.620
  -7.299 -15.397 -15.714
  -7.290 -15.244 -15.543
  -7.281 -15.371 -15.371
  -7.272 -15.327 -15.327
  -7.264 -15.307 -15.780
  -7.255 -14.798 -15.444
  -7.247 -15.396 -15.782
  -7.239 -15.764 -15.764
  -7.231 -15.751 -15.751
  -7.223 -15.407 -15.621
  -7.216 -15.349 -15.678
  -7.208 -15.764 -15.764
  -7.201 -15.720 -15.720
  -7.194 -15.634 -15.634
  -7.187 -15.479 -15.906
  -7.180 -15.411 -15.731
  -7.173 -15.767 -16.102
  -7.166 -15.508 -15.707
  -7.159 -15.584 -15.584
  -7.153 -15.756 -15.943
  -7.146 -15.274 -15.831
  -7.140 -15.434 -15.874
  -7.133 -15.498 -15.894
  -7.127 -15.334 -15.334
  -7.121 -15.760 -15.760
  -7.115 -15.684 -15.934
  -7.109 -15.877 -15.877
  -7.103 -15.910 -15.910
  -7.098 -15.767 -15.767
  -7.092 -15.426 -16.033
  -7.086 -15.963 -16.134
  -7.081 -16.092 -16.323
  -7.075 -15.705 -15.705
  -7.070 -15.753 -15.913
  -7.064 -16.130 -16.291
  -7.059 -15.987 -15.987
  -7.054 -16.105 -16.409
  -7.049 -15.943 -15.943
  -7.043 -15.959 -16.199
  -7.038 -15.152 -15.957
  -7.033 -15.821 -15.821
  -7.029 -15.816 -15.993
  -7.024 -15.507 -16.141
  -7.019 -15.939 -15.939
  -7.014 -15.619 -15.900
  -7.009 -15.759 -16.086
  -7.005 -15.798 -15.798
  -7.000 -15.898 -15.898
  -6.995 -16.193 -16.193
  -6.991 -15.721 -16.166
  -6.986 -15.909 -15.909
  -6.982 -15.991 -16.700
  -6.978 -16.064 -16.064
  -6.973 -15.764 -16.235
  -6.969 -15.288 -16.139
  -6.965 -15.527 -16.339
  -6.961 -15.816 -16.049
  -6.956 -16.362 -16.557
  -6.952 -15.660 -15.994
  -6.948 -16.143 -16.393
  -6.944 -16.109 -16.109
  -6.940 -15.151 -15.788
  -6.936 -16.020 -16.814
  -6.932 -22.928 -22.928
  -6.928 -16.445 -16.598
  -6.924 -15.334 -15.640
  -6.920 -16.186 -16.399
  -6.917 -15.115 -15.892
  -6.913 -16.274 -16.780
  -6.909 -16.296 -22.407
  -6.905 -16.109 -16.322
  -6.902 -16.725 -49.500
  -6.898 -16.136 -16.903
  -6.894 -16.600 -16.841
  -6.891 -16.013 -16.348
  -6.887 -16.695 -17.079
  -6.884 -16.868 -49.500
  -6.880 -16.315 -16.737
  -6.877 -16.016 -49.500
  -6.873 -15.964 -16.400
  -6.870 -49.500 -49.500
  -6.867 -16.204 -16.791
  -6.863 -16.494 -16.799
  -6.860 -16.182 -16.389
  -6.857 -49.500     NaN
  -6.853 -15.827 -16.086
  -6.850 -49.500     NaN
  -6.847 -16.371 -16.522
  -6.844 -16.158 -16.802
  -6.840 -16.561 -16.871
  -6.837 -16.325 -16.325
  -6.834 -16.322 -16.322
  -6.831 -16.832 -49.500
  -6.828 -49.500 -49.500
  -6.825 -16.216 -16.610
  -6.822 -14.783 -49.500
  -6.819 -16.826 -49.500
  -6.816 -16.258 -16.548
  -6.813 -15.834 -49.500
  -6.810 -16.291 -49.500
  -6.807 -16.170 -49.500
  -6.804 -15.725 -16.142
  -6.801 -16.570 -49.500
  -6.798 -16.013 -16.524
  -6.795 -16.847 -49.500
  -6.792 -49.500     NaN
  -6.789 -49.500     NaN
  -6.787 -16.258 -16.504
  -6.784 -16.076 -16.076
  -6.781 -49.500 -49.500
  -6.778 -49.500     NaN
  -6.775 -49.500     NaN
  -6.773 -15.940 -49.500
  -6.770 -49.500 -49.500
  -6.767 -15.214 -49.500
  -6.765 -16.467 -49.500
  -6.762 -49.500 -49.500
  -6.759 -49.500 -49.500
  -6.757 -16.665 -49.500
  -6.754 -49.500     NaN
  -6.751 -15.492 -15.492
  -6.749 -16.704 -49.500
  -6.746 -16.553 -49.500
  -6.744 -49.500 -49.500
  -6.741 -49.500     NaN
  -6.739 -16.719 -49.500
  -6.736 -49.500     NaN
  -6.734 -49.500 -49.500
  -6.731 -16.281 -49.500
  -6.729 -16.220 -49.500
  -6.726 -49.500     NaN
  -6.724 -49.500     NaN
  -6.721 -14.675 -49.500
  -6.719 -16.158 -16.830
  -6.717 -49.500     NaN
  -6.714 -49.500     NaN
  -6.712 -15.647 -15.647
  -6.709 -49.500 -49.500
  -6.707 -16.379 -16.559
  -6.705 -49.500 -49.500
  -6.702 -15.815 -16.072
  -6.700 -15.706 -15.706
  -6.698 -49.500 -49.500
  -6.696 -15.865 -15.865
  -6.693 -49.500     NaN
  -6.691 -16.306 -16.650
  -6.689 -16.695 -49.500
  -6.687 -16.273 -16.273
  -6.684 -49.500 -49.500
  -6.682 -15.912 -49.500
  -6.680 -49.500 -49.500
  -6.678 -16.618 -49.500
  -6.675 -49.500     NaN
  -6.673 -16.909 -16.909
  -6.671 -49.500     NaN
  -6.669 -16.922 -16.922
  -6.667 -49.500 -49.500
  -6.665 -49.500 -49.500
  -6.663 -15.184 -15.703
  -6.661 -49.500 -49.500
  -6.658 -49.500     NaN
  -6.656 -49.500 -49.500
  -6.654 -15.526 -16.187
  -6.652 -15.604 -49.500
  -6.650 -49.500 -49.500
  -6.648 -49.500     NaN
  -6.646 -49.500 -49.500
  -6.644 -49.500     NaN
  -6.642 -49.500 -49.500
  -6.640 -49.500     NaN
  -6.638 -49.500 -49.500
  -6.636 -49.500 -49.500
  -6.634 -49.500 -49.500
  -6.632 -16.668 -49.500
  -6.630 -49.500     NaN
  -6.628 -49.500 -49.500
  -6.626 -16.200 -49.500
  -6.624 -49.500 -49.500
  -6.622 -49.500 -49.500
  -6.620 -14.931 -14.931
  -6.618 -49.500 -49.500
  -6.617 -49.500 -49.500
  -6.615 -49.500 -49.500
  -6.613 -49.500 -49.500
  -6.611 -15.294 -49.500
  -6.609 -16.147 -49.500
  -6.607 -49.500     NaN
  -6.605 -49.500 -49.500
  -6.603 -49.500 -49.500
  -6.602 -49.500 -49.500
  -6.600 -49.500 -49.500
  -6.598 -49.500 -49.500
  -6.596 -49.500 -49.500
  -6.594 -49.500 -49.500
