  -8.861 -14.157 -14.157
  -8.599 -14.253 -14.253
  -8.442 -14.288 -14.288
  -8.329 -14.370 -14.370
  -8.239 -14.423 -14.423
  -8.166 -14.495 -14.495
  -8.103 -14.463 -14.463
  -8.048 -14.484 -14.484
  -7.999 -14.638 -14.638
  -7.955 -14.472 -14.472
  -7.916 -14.467 -14.467
  -7.879 -14.708 -14.708
  -7.846 -14.342 -14.669
  -7.815 -14.550 -14.550
  -7.786 -14.797 -14.797
  -7.758 -14.706 -14.706
  -7.733 -14.872 -14.872
  -7.709 -14.696 -14.696
  -7.686 -14.961 -14.961
  -7.664 -14.903 -14.903
  -7.643 -14.813 -14.813
  -7.624 -14.931 -14.931
  -7.605 -14.690 -14.891
  -7.586 -14.692 -14.692
  -7.569 -14.772 -14.772
  -7.552 -14.913 -15.115
  -7.536 -14.853 -14.853
  -7.521 -15.223 -15.223
  -7.506 -15.001 -15.001
  -7.491 -15.151 -15.151
  -7.477 -14.347 -15.217
  -7.464 -14.724 -15.215
  -7.451 -14.796 -15.240
  -7.438 -15.202 -15.202
  -7.425 -15.159 -15.336
  -7.413 -15.115 -15.115
  -7.401 -15.129 -15.129
  -7.390 -15.313 -15.313
  -7.379 -15.445 -15.445
  -7.368 -14.802 -14.985
  -7.357 -15.405 -15.405
  -7.347 -15.200 -15.200
  -7.337 -15.458 -15.458
  -7.327 -15.254 -15.254
  -7.317 -15.124 -15.124
  -7.308 -15.563 -15.563
  -7.299 -15.174 -15.441
  -7.290 -15.457 -15.699
  -7.281 -15.158 -15.520
  -7.272 -15.291 -15.453
  -7.264 -15.479 -15.479
  -7.255 -14.962 -15.236
  -7.247 -15.592 -15.592
  -7.239 -15.222 -15.972
  -7.231 -15.369 -15.369
  -7.223 -15.537 -15.537
  -7.216 -15.156 -15.467
  -7.208 -15.919 -15.919
  -7.201 -15.634 -15.634
  -7.194 -15.482 -15.482
  -7.187 -15.735 -16.056
  -7.180 -15.533 -15.697
  -7.173 -15.185 -15.412
  -7.166 -16.069 -16.069
  -7.159 -15.795 -15.795
  -7.153 -15.448 -15.925
  -7.146 -15.714 -15.714
  -7.140 -15.719 -15.719
  -7.133 -15.781 -15.781
  -7.127 -16.183 -16.183
  -7.121 -14.568 -15.734
  -7.115 -15.553 -15.553
  -7.109 -15.769 -16.031
  -7.103 -15.936 -16.183
  -7.098 -15.895 -15.895
  -7.092 -16.080 -16.278
  -7.086 -16.042 -16.042
  -7.081 -16.033 -16.033
  -7.075 -15.441 -15.833
  -7.070 -15.694 -15.965
  -7.064 -16.043 -16.277
  -7.059 -15.599 -16.021
  -7.054 -15.733 -15.924
  -7.049 -15.475 -15.925
  -7.043 -16.124 -16.124
  -7.038 -16.273 -16.506
  -7.033 -15.662 -15.865
  -7.029 -15.985 -15.985
  -7.024 -16.092 -16.092
  -7.019 -15.912 -16.100
  -7.014 -15.157 -15.489
  -7.009 -15.947 -16.363
  -7.005 -15.852 -16.022
  -7.000 -15.750 -16.118
  -6.995 -15.991 -15.991
  -6.991 -15.765 -15.765
  -6.986 -15.819 -16.042
  -6.982 -15.746 -16.093
  -6.978 -16.047 -16.428
  -6.973 -16.309 -16.604
  -6.969 -15.745 -16.036
  -6.965 -15.746 -15.907
  -6.961 -15.326 -15.915
  -6.956 -16.215 -16.555
  -6.952 -15.688 -16.600
  -6.948 -16.967 -49.500
  -6.944 -15.795 -16.180
  -6.940 -16.914 -22.429
  -6.936 -16.569 -16.727
  -6.932 -16.426 -16.711
  -6.928 -16.952 -49.500
  -6.924 -15.649 -15.888
  -6.920 -16.043 -16.302
  -6.917 -14.689 -15.362
  -6.913 -16.069 -16.458
  -6.909 -16.557 -21.453
  -6.905 -16.213 -16.582
  -6.902 -16.421 -16.582
  -6.898 -16.211 -49.500
  -6.894 -16.069 -16.740
  -6.891 -15.859 -16.761
  -6.887 -15.268 -49.500
  -6.884 -16.656 -17.008
  -6.880 -49.500     NaN
  -6.877 -16.665 -17.170
  -6.873 -16.467 -49.500
  -6.870 -16.182 -16.521
  -6.867 -16.076 -16.076
  -6.863 -16.162 -16.322
  -6.860 -16.151 -16.611
  -6.857 -16.574 -49.500
  -6.853 -16.825 -49.500
  -6.850 -16.077 -16.077
  -6.847 -15.969 -16.312
  -6.844 -16.864 -49.500
  -6.840 -49.500 -49.500
  -6.837 -16.010 -16.459
  -6.834 -15.886 -16.049
  -6.831 -16.456 -49.500
  -6.828 -15.962 -49.500
  -6.825 -49.500     NaN
  -6.822 -15.791 -16.079
  -6.819 -49.500     NaN
  -6.816 -49.500     NaN
  -6.813 -49.500     NaN
  -6.810 -16.227 -16.723
  -6.807 -49.500     NaN
  -6.804 -16.160 -49.500
  -6.801 -15.647 -49.500
  -6.798 -16.127 -16.127
  -6.795 -49.500     NaN
  -6.792 -16.941 -49.500
  -6.789 -16.593 -49.500
  -6.787 -16.344 -49.500
  -6.784 -49.500     NaN
  -6.781 -49.500     NaN
  -6.778 -16.092 -49.500
  -6.775 -15.955 -15.955
  -6.773 -49.500     NaN
  -6.770 -16.265 -49.500
  -6.767 -49.500 -49.500
  -6.765 -16.455 -16.689
  -6.762 -16.028 -16.703
  -6.759 -15.796 -16.077
  -6.757 -49.500     NaN
  -6.754 -15.287 -17.061
  -6.751 -16.455 -16.664
  -6.749 -14.481 -15.940
  -6.746 -49.500     NaN
  -6.744 -16.168 -49.500
  -6.741 -16.305 -49.500
  -6.739 -49.500     NaN
  -6.736 -16.312 -16.510
  -6.734 -49.500 -49.500
  -6.731 -16.383 -49.500
  -6.729 -16.112 -16.676
  -6.726 -16.058 -49.500
  -6.724 -15.681 -15.681
  -6.721 -49.500     NaN
  -6.719 -15.483 -15.978
  -6.717 -16.835 -49.500
  -6.714 -16.283 -49.500
  -6.712 -16.624 -16.624
  -6.709 -16.165 -49.500
  -6.707 -49.500     NaN
  -6.705 -49.500 -49.500
  -6.702 -49.500 -49.500
  -6.700 -16.046 -16.046
  -6.698 -49.500 -49.500
  -6.696 -49.500 -49.500
  -6.693 -49.500 -49.500
  -6.691 -49.500 -49.500
  -6.689 -16.321 -49.500
  -6.687 -49.500 -49.500
  -6.684 -49.500 -49.500
  -6.682 -49.500 -49.500
  -6.680 -16.711 -49.500
  -6.678 -49.500 -49.500
  -6.675 -49.500     NaN
  -6.673 -49.500 -49.500
  -6.671 -49.500     NaN
  -6.669 -49.500     NaN
  -6.667 -49.500 -49.500
  -6.665 -16.509 -49.500
  -6.663 -49.500 -49.500
  -6.661 -16.509 -49.500
  -6.658 -49.500     NaN
  -6.656 -49.500 -49.500
  -6.654 -49.500 -49.500
  -6.652 -16.613 -16.613
  -6.650 -49.500     NaN
  -6.648 -49.500 -49.500
  -6.646 -49.500 -49.500
  -6.644 -16.564 -49.500
  -6.642 -49.500 -49.500
  -6.640 -49.500 -49.500
  -6.638 -16.169 -16.169
  -6.636 -49.500 -49.500
  -6.634 -49.500 -49.500
  -6.632 -49.500 -49.500
  -6.630 -49.500 -49.500
  -6.628 -49.500     NaN
  -6.626 -49.500     NaN
  -6.624 -49.500 -49.500
  -6.622 -49.500     NaN
  -6.620 -49.500 -49.500
  -6.618 -49.500 -49.500
  -6.617 -49.500 -49.500
  -6.615 -49.500 -49.500
  -6.613 -49.500     NaN
  -6.611 -49.500 -49.500
  -6.609 -15.195 -15.195
  -6.607 -16.299 -16.299
  -6.605 -49.500 -49.500
  -6.603 -16.328 -49.500
  -6.602 -49.500 -49.500
  -6.600 -49.500 -49.500
  -6.598 -49.500 -49.500
  -6.596 -49.500 -49.500
  -6.594 -15.416 -49.500
