  -8.861 -14.163 -14.163
  -8.599 -14.259 -14.259
  -8.442 -14.293 -14.293
  -8.329 -14.383 -14.383
  -8.239 -14.435 -14.435
  -8.166 -14.508 -14.508
  -8.103 -14.544 -14.544
  -8.048 -14.392 -14.588
  -7.999 -14.510 -14.510
  -7.955 -14.607 -14.607
  -7.916 -14.431 -14.431
  -7.879 -14.669 -14.669
  -7.846 -14.722 -14.722
  -7.815 -14.724 -14.724
  -7.786 -14.827 -14.827
  -7.758 -14.760 -14.760
  -7.733 -14.822 -14.822
  -7.709 -14.772 -14.772
  -7.686 -14.998 -14.998
  -7.664 -14.808 -14.808
  -7.643 -14.906 -14.906
  -7.624 -14.708 -14.977
  -7.605 -14.929 -14.929
  -7.586 -14.738 -14.738
  -7.569 -14.954 -14.954
  -7.552 -15.084 -15.084
  -7.536 -14.986 -14.986
  -7.521 -15.090 -15.090
  -7.506 -15.151 -15.151
  -7.491 -14.948 -15.182
  -7.477 -15.122 -15.122
  -7.464 -15.110 -15.110
  -7.451 -14.778 -15.266
  -7.438 -14.917 -14.917
  -7.425 -14.972 -15.358
  -7.413 -15.282 -15.282
  -7.401 -14.633 -15.094
  -7.390 -15.221 -15.221
  -7.379 -15.518 -15.518
  -7.368 -15.404 -15.585
  -7.357 -15.426 -15.426
  -7.347 -15.472 -15.472
  -7.337 -15.438 -15.438
  -7.327 -14.976 -15.191
  -7.317 -14.847 -14.847
  -7.308 -14.957 -15.126
  -7.299 -15.043 -15.043
  -7.290 -15.460 -15.810
  -7.281 -15.144 -15.144
  -7.272 -14.869 -15.146
  -7.264 -14.930 -15.234
  -7.255 -15.436 -15.436
  -7.247 -15.487 -15.672
  -7.239 -15.400 -15.826
  -7.231 -15.305 -15.743
  -7.223 -15.504 -15.769
  -7.216 -15.554 -15.837
  -7.208 -15.795 -15.985
  -7.201 -15.177 -15.479
  -7.194 -15.733 -15.894
  -7.187 -15.455 -15.702
  -7.180 -15.021 -15.336
  -7.173 -14.999 -15.218
  -7.166 -15.502 -15.744
  -7.159 -15.620 -15.782
  -7.153 -15.537 -15.756
  -7.146 -14.939 -15.299
  -7.140 -15.445 -15.823
  -7.133 -15.711 -15.711
  -7.127 -14.821 -15.398
  -7.121 -15.835 -15.835
  -7.115 -14.850 -15.859
  -7.109 -15.606 -15.956
  -7.103 -16.155 -16.155
  -7.098 -15.843 -15.843
  -7.092 -14.977 -15.218
  -7.086 -14.571 -15.698
  -7.081 -15.438 -16.143
  -7.075 -15.377 -15.878
  -7.070 -15.969 -15.969
  -7.064 -15.725 -15.725
  -7.059 -14.445 -15.585
  -7.054 -15.782 -15.988
  -7.049 -16.058 -16.058
  -7.043 -15.712 -15.889
  -7.038 -15.845 -16.028
  -7.033 -15.886 -16.239
  -7.029 -15.722 -16.144
  -7.024 -15.592 -15.898
  -7.019 -15.247 -15.985
  -7.014 -15.722 -15.722
  -7.009 -15.821 -16.089
  -7.005 -16.010 -16.010
  -7.000 -16.249 -16.524
  -6.995 -15.185 -16.203
  -6.991 -16.486 -16.649
  -6.986 -15.927 -16.185
  -6.982 -15.073 -15.914
  -6.978 -16.339 -16.339
  -6.973 -16.538 -16.538
  -6.969 -15.661 -16.005
  -6.965 -15.877 -16.129
  -6.961 -16.576 -16.576
  -6.956 -15.134 -16.586
  -6.952 -15.193 -16.372
  -6.948 -15.759 -15.759
  -6.944 -16.354 -16.911
  -6.940 -16.579 -16.928
  -6.936 -15.486 -15.677
  -6.932 -15.811 -16.561
  -6.928 -15.862 -16.229
  -6.924 -15.705 -16.217
  -6.920 -16.090 -16.090
  -6.917 -16.765 -49.500
  -6.913 -17.355 -22.398
  -6.909 -49.500     NaN
  -6.905 -15.443 -15.653
  -6.902 -22.316 -22.316
  -6.898 -16.389 -49.500
  -6.894 -16.457 -16.837
  -6.891 -16.681 -16.882
  -6.887 -15.871 -17.025
  -6.884 -17.008 -49.500
  -6.880 -49.500     NaN
  -6.877 -16.019 -16.201
  -6.873 -16.712 -16.943
  -6.870 -16.837 -17.110
  -6.867 -15.922 -16.374
  -6.863 -15.514 -16.176
  -6.860 -49.500     NaN
  -6.857 -15.175 -16.216
  -6.853 -15.657 -16.111
  -6.850 -49.500 -49.500
  -6.847 -16.405 -16.729
  -6.844 -16.158 -16.495
  -6.840 -49.500     NaN
  -6.837 -15.687 -15.880
  -6.834 -16.170 -16.444
  -6.831 -16.384 -16.601
  -6.828 -15.021 -16.633
  -6.825 -16.342 -49.500
  -6.822 -16.813 -49.500
  -6.819 -15.750 -49.500
  -6.816 -15.911 -16.329
  -6.813 -15.740 -16.549
  -6.810 -15.171 -15.432
  -6.807 -15.545 -16.827
  -6.804 -16.260 -49.500
  -6.801 -49.500     NaN
  -6.798 -49.500 -49.500
  -6.795 -14.823 -16.432
  -6.792 -16.231 -16.231
  -6.789 -16.058 -16.374
  -6.787 -49.500     NaN
  -6.784 -16.616 -49.500
  -6.781 -15.662 -16.122
  -6.778 -49.500 -49.500
  -6.775 -15.772 -16.603
  -6.773 -49.500 -49.500
  -6.770 -16.598 -49.500
  -6.767 -49.500     NaN
  -6.765 -16.012 -16.337
  -6.762 -49.500 -49.500
  -6.759 -49.500     NaN
  -6.757 -49.500     NaN
  -6.754 -15.951 -49.500
  -6.751 -16.533 -49.500
  -6.749 -16.196 -49.500
  -6.746 -16.404 -49.500
  -6.744 -49.500 -49.500
  -6.741 -49.500 -49.500
  -6.739 -16.739 -49.500
  -6.736 -14.415 -49.500
  -6.734 -49.500     NaN
  -6.731 -49.500 -49.500
  -6.729 -49.500 -49.500
  -6.726 -15.760 -15.983
  -6.724 -49.500     NaN
  -6.721 -15.203 -15.203
  -6.719 -49.500 -49.500
  -6.717 -17.195 -49.500
  -6.714 -49.500     NaN
  -6.712 -49.500     NaN
  -6.709 -15.544 -49.500
  -6.707 -49.500 -49.500
  -6.705 -15.451 -16.280
  -6.702 -14.858 -49.500
  -6.700 -49.500     NaN
  -6.698 -49.500 -49.500
  -6.696 -16.560 -49.500
  -6.693 -49.500     NaN
  -6.691 -16.305 -16.305
  -6.689 -49.500 -49.500
  -6.687 -49.500     NaN
  -6.684 -49.500 -49.500
  -6.682 -49.500     NaN
  -6.680 -49.500 -49.500
  -6.678 -49.500 -49.500
  -6.675 -49.500     NaN
  -6.673 -49.500 -49.500
  -6.671 -49.500 -49.500
  -6.669 -49.500 -49.500
  -6.667 -49.500 -49.500
  -6.665 -49.500 -49.500
  -6.663 -15.828 -15.828
  -6.661 -49.500 -49.500
  -6.658 -49.500     NaN
  -6.656 -49.500 -49.500
  -6.654 -49.500 -49.500
  -6.652 -49.500 -49.500
  -6.650 -49.500 -49.500
  -6.648 -15.397 -15.397
  -6.646 -49.500 -49.500
  -6.644 -49.500     NaN
  -6.642 -49.500 -49.500
  -6.640 -16.528 -49.500
  -6.638 -49.500 -49.500
  -6.636 -49.500     NaN
  -6.634 -49.500     NaN
  -6.632 -49.500     NaN
  -6.630 -16.372 -16.372
  -6.628 -49.500 -49.500
  -6.626 -49.500 -49.500
  -6.624 -49.500 -49.500
  -6.622 -15.895 -15.895
  -6.620 -49.500 -49.500
  -6.618 -49.500 -49.500
  -6.617 -49.500 -49.500
  -6.615 -49.500     NaN
  -6.613 -16.138 -16.138
  -6.611 -49.500 -49.500
  -6.609 -49.500 -49.500
  -6.607 -49.500 -49.500
  -6.605 -49.500 -49.500
  -6.603 -49.500 -49.500
  -6.602 -49.500     NaN
  -6.600 -16.056 -49.500
  -6.598 -49.500 -49.500
  -6.596 -49.500 -49.500
  -6.594 -49.500 -49.500
