  -8.861 -14.100 -14.100
  -8.599 -14.191 -14.191
  -8.442 -14.317 -14.317
  -8.329 -14.406 -14.406
  -8.239 -14.400 -14.400
  -8.166 -14.384 -14.384
  -8.103 -14.506 -14.506
  -8.048 -14.526 -14.526
  -7.999 -14.567 -14.567
  -7.955 -14.598 -14.598
  -7.916 -14.710 -14.710
  -7.879 -14.736 -14.736
  -7.846 -14.679 -14.679
  -7.815 -14.692 -14.692
  -7.786 -14.658 -14.877
  -7.758 -14.610 -14.610
  -7.733 -14.797 -14.797
  -7.709 -14.780 -14.780
  -7.686 -14.971 -14.971
  -7.664 -14.791 -14.791
  -7.643 -14.890 -14.890
  -7.624 -14.859 -14.859
  -7.605 -15.060 -15.060
  -7.586 -15.009 -15.009
  -7.569 -14.914 -14.914
  -7.552 -15.101 -15.101
  -7.536 -14.732 -15.117
  -7.521 -15.031 -15.031
  -7.506 -15.070 -15.070
  -7.491 -14.763 -14.994
  -7.477 -14.878 -14.878
  -7.464 -14.978 -14.978
  -7.451 -15.246 -15.246
  -7.438 -15.180 -15.180
  -7.425 -15.168 -15.168
  -7.413 -15.279 -15.279
  -7.401 -15.399 -15.589
  -7.390 -15.061 -15.061
  -7.379 -15.194 -15.345
  -7.368 -15.151 -15.325
  -7.357 -14.933 -15.655
  -7.347 -15.491 -15.491
  -7.337 -14.828 -15.124
  -7.327 -15.439 -15.439
  -7.317 -15.374 -15.374
  -7.308 -15.145 -15.647
  -7.299 -15.182 -15.182
  -7.290 -15.540 -15.540
  -7.281 -14.708 -15.369
  -7.272 -15.212 -15.579
  -7.264 -15.536 -15.738
  -7.255 -15.354 -15.354
  -7.247 -15.128 -15.388
  -7.239 -14.985 -15.537
  -7.231 -14.808 -15.478
  -7.223 -15.153 -15.533
  -7.216 -15.518 -15.745
  -7.208 -14.855 -15.614
  -7.201 -14.983 -15.574
  -7.194 -15.694 -15.694
  -7.187 -15.927 -16.108
  -7.180 -15.584 -15.584
  -7.173 -15.210 -15.605
  -7.166 -15.173 -15.448
  -7.159 -15.853 -15.853
  -7.153 -15.732 -16.036
  -7.146 -15.455 -15.768
  -7.140 -16.249 -16.249
  -7.133 -15.799 -15.957
  -7.127 -15.717 -15.717
  -7.121 -15.901 -15.901
  -7.115 -15.629 -15.912
  -7.109 -15.109 -15.771
  -7.103 -15.416 -15.665
  -7.098 -15.546 -15.546
  -7.092 -15.975 -15.975
  -7.086 -16.041 -16.313
  -7.081 -15.739 -15.935
  -7.075 -15.485 -15.663
  -7.070 -15.752 -15.984
  -7.064 -15.218 -15.950
  -7.059 -15.620 -16.116
  -7.054 -16.051 -16.051
  -7.049 -15.884 -16.156
  -7.043 -15.800 -15.800
  -7.038 -16.148 -16.334
  -7.033 -14.683 -15.486
  -7.029 -15.963 -16.255
  -7.024 -15.613 -15.846
  -7.019 -16.108 -16.108
  -7.014 -15.712 -16.117
  -7.009 -15.744 -15.744
  -7.005 -16.531 -16.531
  -7.000 -16.329 -16.329
  -6.995 -14.631 -15.362
  -6.991 -16.377 -16.541
  -6.986 -16.124 -16.332
  -6.982 -15.456 -15.819
  -6.978 -16.343 -16.343
  -6.973 -15.424 -15.424
  -6.969 -15.332 -15.877
  -6.965 -16.002 -16.002
  -6.961 -15.988 -16.188
  -6.956 -16.182 -16.344
  -6.952 -16.023 -16.251
  -6.948 -15.874 -15.874
  -6.944 -15.188 -16.403
  -6.940 -15.492 -15.795
  -6.936 -16.994 -17.456
  -6.932 -16.200 -16.364
  -6.928 -15.986 -16.473
  -6.924 -16.020 -16.330
  -6.920 -16.344 -16.344
  -6.917 -16.479 -16.674
  -6.913 -16.384 -16.952
  -6.909 -15.797 -17.090
  -6.905 -16.450 -16.670
  -6.902 -15.745 -16.039
  -6.898 -16.042 -16.552
  -6.894 -16.422 -16.597
  -6.891 -16.449 -16.449
  -6.887 -16.314 -16.506
  -6.884 -16.102 -49.500
  -6.880 -16.945 -49.500
  -6.877 -15.591 -15.814
  -6.873 -16.440 -49.500
  -6.870 -16.590 -17.343
  -6.867 -15.753 -16.256
  -6.863 -15.908 -16.190
  -6.860 -16.182 -16.628
  -6.857 -15.525 -16.393
  -6.853 -49.500 -49.500
  -6.850 -16.310 -49.500
  -6.847 -16.385 -16.584
  -6.844 -49.500     NaN
  -6.840 -16.186 -49.500
  -6.837 -15.848 -16.656
  -6.834 -49.500     NaN
  -6.831 -16.375 -49.500
  -6.828 -16.356 -49.500
  -6.825 -15.744 -49.500
  -6.822 -15.860 -16.235
  -6.819 -15.637 -49.500
  -6.816 -15.889 -49.500
  -6.813 -16.149 -16.505
  -6.810 -16.014 -16.306
  -6.807 -49.500     NaN
  -6.804 -16.357 -16.534
  -6.801 -49.500     NaN
  -6.798 -16.975 -49.500
  -6.795 -16.431 -16.689
  -6.792 -49.500     NaN
  -6.789 -49.500     NaN
  -6.787 -16.022 -16.209
  -6.784 -16.187 -16.670
  -6.781 -16.195 -16.360
  -6.778 -49.500     NaN
  -6.775 -16.274 -17.035
  -6.773 -49.500 -49.500
  -6.770 -49.500 -49.500
  -6.767 -15.916 -15.916
  -6.765 -16.081 -49.500
  -6.762 -15.832 -15.991
  -6.759 -49.500     NaN
  -6.757 -49.500 -49.500
  -6.754 -49.500     NaN
  -6.751 -15.803 -16.175
  -6.749 -49.500     NaN
  -6.746 -49.500 -49.500
  -6.744 -16.029 -16.218
  -6.741 -49.500 -49.500
  -6.739 -49.500     NaN
  -6.736 -49.500     NaN
  -6.734 -49.500     NaN
  -6.731 -49.500 -49.500
  -6.729 -16.246 -49.500
  -6.726 -49.500     NaN
  -6.724 -16.205 -16.205
  -6.721 -16.258 -16.258
  -6.719 -49.500 -49.500
  -6.717 -49.500 -49.500
  -6.714 -16.402 -16.402
  -6.712 -49.500 -49.500
  -6.709 -16.429 -49.500
  -6.707 -49.500     NaN
  -6.705 -49.500 -49.500
  -6.702 -16.282 -49.500
  -6.700 -49.500 -49.500
  -6.698 -16.189 -49.500
  -6.696 -49.500     NaN
  -6.693 -16.601 -16.601
  -6.691 -49.500 -49.500
  -6.689 -49.500     NaN
  -6.687 -49.500 -49.500
  -6.684 -49.500     NaN
  -6.682 -49.500     NaN
  -6.680 -49.500     NaN
  -6.678 -15.945 -49.500
  -6.675 -49.500 -49.500
  -6.673 -16.367 -16.367
  -6.671 -49.500 -49.500
  -6.669 -15.116 -15.116
  -6.667 -49.500 -49.500
  -6.665 -16.349 -16.349
  -6.663 -49.500 -49.500
  -6.661 -49.500 -49.500
  -6.658 -15.493 -49.500
  -6.656 -49.500 -49.500
  -6.654 -49.500 -49.500
  -6.652 -49.500 -49.500
  -6.650 -49.500 -49.500
  -6.648 -49.500     NaN
  -6.646 -49.500 -49.500
  -6.644 -15.748 -16.082
  -6.642 -15.096 -49.500
  -6.640 -49.500 -49.500
  -6.638 -49.500 -49.500
  -6.636 -15.927 -15.927
  -6.634 -49.500 -49.500
  -6.632 -49.500 -49.500
  -6.630 -16.042 -49.500
  -6.628 -49.500 -49.500
  -6.626 -49.500 -49.500
  -6.624 -49.500 -49.500
  -6.622 -49.500     NaN
  -6.620 -49.500 -49.500
  -6.618 -49.500 -49.500
  -6.617 -49.500 -49.500
  -6.615 -49.500 -49.500
  -6.613 -49.500     NaN
  -6.611 -49.500 -49.500
  -6.609 -49.500 -49.500
  -6.607 -49.500 -49.500
  -6.605 -49.500 -49.500
  -6.603 -49.500 -49.500
  -6.602 -49.500 -49.500
  -6.600 -49.500     NaN
  -6.598 -16.420 -49.500
  -6.596 -49.500 -49.500
  -6.594 -49.500 -49.500
