  -8.861 -14.181 -14.181
  -8.599 -14.248 -14.248
  -8.442 -14.320 -14.320
  -8.329 -14.352 -14.352
  -8.239 -14.435 -14.435
  -8.166 -14.448 -14.448
  -8.103 -14.547 -14.547
  -8.048 -14.572 -14.572
  -7.999 -14.501 -14.501
  -7.955 -14.628 -14.628
  -7.916 -14.704 -14.704
  -7.879 -14.783 -14.783
  -7.846 -14.812 -14.812
  -7.815 -14.649 -14.649
  -7.786 -14.766 -14.766
  -7.758 -14.676 -14.676
  -7.733 -14.844 -14.844
  -7.709 -14.762 -14.762
  -7.686 -14.800 -14.800
  -7.664 -14.971 -14.971
  -7.643 -14.886 -14.886
  -7.624 -14.786 -14.786
  -7.605 -14.928 -14.928
  -7.586 -15.074 -15.074
  -7.569 -15.034 -15.034
  -7.552 -14.974 -14.974
  -7.536 -14.987 -14.987
  -7.521 -15.120 -15.120
  -7.506 -15.055 -15.055
  -7.491 -15.116 -15.116
  -7.477 -15.318 -15.318
  -7.464 -15.228 -15.228
  -7.451 -15.159 -15.159
  -7.438 -15.455 -15.455
  -7.425 -15.518 -15.518
  -7.413 -15.213 -15.213
  -7.401 -15.020 -15.020
  -7.390 -15.268 -15.268
  -7.379 -15.208 -15.208
  -7.368 -15.045 -15.045
  -7.357 -15.117 -15.380
  -7.347 -15.251 -15.492
  -7.337 -15.293 -15.293
  -7.327 -14.270 -14.993
  -7.317 -15.116 -15.327
  -7.308 -15.355 -15.538
  -7.299 -15.426 -15.426
  -7.290 -15.570 -15.570
  -7.281 -15.225 -15.504
  -7.272 -15.488 -15.488
  -7.264 -15.722 -15.722
  -7.255 -15.551 -15.551
  -7.247 -15.567 -15.734
  -7.239 -15.713 -15.713
  -7.231 -15.332 -15.574
  -7.223 -15.490 -15.490
  -7.216 -15.461 -15.816
  -7.208 -15.694 -15.864
  -7.201 -15.385 -15.385
  -7.194 -15.824 -15.824
  -7.187 -15.897 -15.897
  -7.180 -15.676 -15.676
  -7.173 -15.212 -15.212
  -7.166 -15.909 -16.134
  -7.159 -15.722 -15.722
  -7.153 -14.655 -15.864
  -7.146 -15.354 -15.517
  -7.140 -14.424 -15.871
  -7.133 -15.549 -15.718
  -7.127 -15.213 -15.945
  -7.121 -15.580 -15.746
  -7.115 -16.274 -16.471
  -7.109 -15.490 -15.490
  -7.103 -15.960 -15.960
  -7.098 -15.628 -15.848
  -7.092 -15.713 -15.909
  -7.086 -15.756 -15.925
  -7.081 -15.886 -15.886
  -7.075 -16.003 -16.003
  -7.070 -15.919 -16.105
  -7.064 -15.619 -15.956
  -7.059 -16.155 -16.323
  -7.054 -15.828 -16.171
  -7.049 -16.087 -16.087
  -7.043 -15.688 -15.845
  -7.038 -14.424 -15.743
  -7.033 -14.730 -15.673
  -7.029 -16.148 -16.469
  -7.024 -15.806 -16.219
  -7.019 -16.086 -16.086
  -7.014 -15.861 -16.215
  -7.009 -16.067 -16.067
  -7.005 -16.131 -16.131
  -7.000 -15.773 -15.941
  -6.995 -15.829 -16.033
  -6.991 -15.165 -15.800
  -6.986 -15.984 -15.984
  -6.982 -16.320 -16.738
  -6.978 -15.694 -16.000
  -6.973 -16.053 -16.282
  -6.969 -15.793 -16.005
  -6.965 -16.426 -16.623
  -6.961 -14.356 -15.854
  -6.956 -15.404 -15.826
  -6.952 -15.790 -16.278
  -6.948 -15.658 -15.817
  -6.944 -15.267 -22.728
  -6.940 -16.662 -49.500
  -6.936 -15.611 -15.930
  -6.932 -15.301 -16.161
  -6.928 -16.756 -17.042
  -6.924 -16.163 -16.430
  -6.920 -16.632 -49.500
  -6.917 -15.663 -16.059
  -6.913 -15.271 -16.194
  -6.909 -16.067 -16.067
  -6.905 -16.106 -16.371
  -6.902 -17.052 -21.607
  -6.898 -15.442 -16.245
  -6.894 -15.604 -16.081
  -6.891 -16.049 -17.386
  -6.887 -15.277 -16.634
  -6.884 -49.500     NaN
  -6.880 -16.341 -49.500
  -6.877 -15.688 -16.081
  -6.873 -16.065 -16.513
  -6.870 -49.500     NaN
  -6.867 -15.971 -16.599
  -6.863 -16.673 -49.500
  -6.860 -15.722 -16.167
  -6.857 -16.476 -16.696
  -6.853 -16.570 -49.500
  -6.850 -16.079 -16.864
  -6.847 -15.995 -16.235
  -6.844 -49.500     NaN
  -6.840 -49.500     NaN
  -6.837 -15.354 -16.858
  -6.834 -15.923 -16.273
  -6.831 -15.968 -16.232
  -6.828 -16.634 -16.811
  -6.825 -15.342 -16.002
  -6.822 -16.748 -17.073
  -6.819 -49.500     NaN
  -6.816 -49.500     NaN
  -6.813 -49.500     NaN
  -6.810 -16.319 -49.500
  -6.807 -16.524 -49.500
  -6.804 -16.211 -16.992
  -6.801 -16.587 -49.500
  -6.798 -16.585 -49.500
  -6.795 -15.980 -49.500
  -6.792 -49.500     NaN
  -6.789 -49.500     NaN
  -6.787 -49.500     NaN
  -6.784 -15.839 -16.438
  -6.781 -16.483 -49.500
  -6.778 -49.500     NaN
  -6.775 -16.381 -49.500
  -6.773 -16.360 -16.360
  -6.770 -15.710 -49.500
  -6.767 -49.500     NaN
  -6.765 -16.601 -49.500
  -6.762 -16.306 -49.500
  -6.759 -16.856 -49.500
  -6.757 -16.379 -16.582
  -6.754 -16.154 -16.664
  -6.751 -15.725 -49.500
  -6.749 -49.500     NaN
  -6.746 -16.132 -16.132
  -6.744 -16.740 -16.970
  -6.741 -49.500     NaN
  -6.739 -49.500     NaN
  -6.736 -16.336 -49.500
  -6.734 -49.500 -49.500
  -6.731 -49.500     NaN
  -6.729 -16.538 -49.500
  -6.726 -16.331 -49.500
  -6.724 -49.500 -49.500
  -6.721 -49.500     NaN
  -6.719 -49.500     NaN
  -6.717 -49.500     NaN
  -6.714 -49.500     NaN
  -6.712 -49.500     NaN
  -6.709 -49.500 -49.500
  -6.707 -16.216 -16.216
  -6.705 -49.500     NaN
  -6.702 -49.500 -49.500
  -6.700 -16.916 -49.500
  -6.698 -49.500 -49.500
  -6.696 -49.500     NaN
  -6.693 -49.500     NaN
  -6.691 -16.910 -16.910
  -6.689 -49.500     NaN
  -6.687 -49.500 -49.500
  -6.684 -16.331 -16.331
  -6.682 -49.500 -49.500
  -6.680 -49.500 -49.500
  -6.678 -16.323 -49.500
  -6.675 -49.500 -49.500
  -6.673 -49.500 -49.500
  -6.671 -16.061 -16.061
  -6.669 -49.500 -49.500
  -6.667 -15.602 -15.602
  -6.665 -49.500     NaN
  -6.663 -15.909 -15.909
  -6.661 -49.500 -49.500
  -6.658 -49.500 -49.500
  -6.656 -15.728 -49.500
  -6.654 -49.500 -49.500
  -6.652 -16.381 -16.381
  -6.650 -49.500 -49.500
  -6.648 -16.311 -16.311
  -6.646 -49.500 -49.500
  -6.644 -16.479 -49.500
  -6.642 -49.500 -49.500
  -6.640 -49.500 -49.500
  -6.638 -49.500 -49.500
  -6.636 -49.500 -49.500
  -6.634 -16.716 -49.500
  -6.632 -49.500 -49.500
  -6.630 -49.500     NaN
  -6.628 -49.500 -49.500
  -6.626 -49.500 -49.500
  -6.624 -49.500 -49.500
  -6.622 -49.500 -49.500
  -6.620 -49.500 -49.500
  -6.618 -49.500 -49.500
  -6.617 -15.223 -15.223
  -6.615 -49.500 -49.500
  -6.613 -49.500 -49.500
  -6.611 -49.500 -49.500
  -6.609 -49.500 -49.500
  -6.607 -16.583 -49.500
  -6.605 -49.500 -49.500
  -6.603 -49.500     NaN
  -6.602 -16.331 -16.331
  -6.600 -15.349 -15.349
  -6.598 -15.929 -49.500
  -6.596 -49.500     NaN
  -6.594 -15.619 -15.619
