  -8.861 -14.175 -14.175
  -8.599 -14.244 -14.244
  -8.442 -14.308 -14.308
  -8.329 -14.318 -14.318
  -8.239 -14.427 -14.427
  -8.166 -14.414 -14.414
  -8.103 -14.521 -14.521
  -8.048 -14.504 -14.504
  -7.999 -14.572 -14.572
  -7.955 -14.605 -14.605
  -7.916 -14.602 -14.602
  -7.879 -14.658 -14.658
  -7.846 -14.691 -14.691
  -7.815 -14.825 -14.825
  -7.786 -14.722 -14.722
  -7.758 -14.858 -14.858
  -7.733 -14.768 -14.768
  -7.709 -14.940 -14.940
  -7.686 -14.432 -14.971
  -7.664 -14.871 -14.871
  -7.643 -14.526 -14.526
  -7.624 -15.020 -15.020
  -7.605 -14.912 -14.912
  -7.586 -14.961 -14.961
  -7.569 -14.856 -14.856
  -7.552 -14.941 -14.941
  -7.536 -15.112 -15.112
  -7.521 -14.777 -15.090
  -7.506 -15.275 -15.275
  -7.491 -14.874 -15.036
  -7.477 -15.003 -15.003
  -7.464 -15.123 -15.123
  -7.451 -14.990 -15.142
  -7.438 -15.147 -15.147
  -7.425 -15.165 -15.165
  -7.413 -15.015 -15.015
  -7.401 -15.158 -15.423
  -7.390 -15.211 -15.211
  -7.379 -14.864 -15.428
  -7.368 -15.372 -15.372
  -7.357 -15.300 -15.300
  -7.347 -15.185 -15.185
  -7.337 -15.431 -15.431
  -7.327 -15.347 -15.347
  -7.317 -15.395 -15.395
  -7.308 -14.812 -14.812
  -7.299 -15.479 -15.479
  -7.290 -15.277 -15.277
  -7.281 -15.413 -15.413
  -7.272 -15.515 -15.731
  -7.264 -15.094 -15.362
  -7.255 -15.464 -15.625
  -7.247 -15.153 -15.350
  -7.239 -15.506 -15.506
  -7.231 -15.544 -15.544
  -7.223 -14.898 -15.681
  -7.216 -15.551 -15.551
  -7.208 -14.916 -15.574
  -7.201 -15.278 -15.519
  -7.194 -15.519 -15.857
  -7.187 -14.816 -15.094
  -7.180 -15.177 -15.433
  -7.173 -15.341 -15.341
  -7.166 -15.447 -15.819
  -7.159 -15.735 -15.928
  -7.153 -15.120 -15.672
  -7.146 -15.655 -15.655
  -7.140 -15.656 -15.656
  -7.133 -15.720 -15.720
  -7.127 -15.724 -15.724
  -7.121 -15.939 -15.939
  -7.115 -15.831 -16.001
  -7.109 -15.921 -15.921
  -7.103 -15.594 -15.815
  -7.098 -16.049 -16.049
  -7.092 -15.966 -16.124
  -7.086 -15.820 -15.820
  -7.081 -15.306 -15.572
  -7.075 -16.093 -16.247
  -7.070 -15.473 -16.195
  -7.064 -15.335 -16.040
  -7.059 -15.273 -15.862
  -7.054 -16.266 -16.266
  -7.049 -15.338 -15.338
  -7.043 -15.901 -15.901
  -7.038 -15.733 -16.058
  -7.033 -15.951 -16.339
  -7.029 -15.229 -15.961
  -7.024 -15.956 -16.120
  -7.019 -15.779 -16.167
  -7.014 -16.352 -16.714
  -7.009 -15.342 -16.212
  -7.005 -16.134 -16.134
  -7.000 -15.876 -15.876
  -6.995 -15.520 -15.671
  -6.991 -15.945 -16.130
  -6.986 -16.232 -16.232
  -6.982 -16.208 -16.463
  -6.978 -15.441 -15.825
  -6.973 -15.935 -15.935
  -6.969 -16.756 -49.500
  -6.965 -16.041 -16.974
  -6.961 -15.396 -15.653
  -6.956 -15.625 -15.916
  -6.952 -16.668 -49.500
  -6.948 -16.461 -16.616
  -6.944 -49.500     NaN
  -6.940 -16.199 -16.777
  -6.936 -16.808 -17.007
  -6.932 -15.437 -16.279
  -6.928 -16.101 -16.515
  -6.924 -16.044 -16.499
  -6.920 -16.214 -16.214
  -6.917 -16.342 -16.550
  -6.913 -15.259 -16.302
  -6.909 -16.284 -16.569
  -6.905 -15.860 -16.035
  -6.902 -15.995 -16.247
  -6.898 -16.235 -16.417
  -6.894 -16.827 -49.500
  -6.891 -15.454 -16.272
  -6.887 -22.129 -22.129
  -6.884 -15.675 -16.594
  -6.880 -15.193 -16.499
  -6.877 -15.578 -16.639
  -6.873 -15.371 -16.148
  -6.870 -15.822 -49.500
  -6.867 -15.985 -16.785
  -6.863 -16.221 -16.431
  -6.860 -16.110 -16.909
  -6.857 -15.573 -15.889
  -6.853 -16.587 -49.500
  -6.850 -16.424 -49.500
  -6.847 -15.781 -49.500
  -6.844 -16.468 -49.500
  -6.840 -16.167 -49.500
  -6.837 -16.541 -49.500
  -6.834 -16.733 -49.500
  -6.831 -16.772 -49.500
  -6.828 -49.500     NaN
  -6.825 -16.265 -49.500
  -6.822 -49.500     NaN
  -6.819 -49.500     NaN
  -6.816 -16.282 -49.500
  -6.813 -15.513 -49.500
  -6.810 -16.734 -49.500
  -6.807 -15.624 -16.166
  -6.804 -16.330 -16.554
  -6.801 -16.131 -16.131
  -6.798 -15.920 -16.199
  -6.795 -16.702 -49.500
  -6.792 -15.417 -16.456
  -6.789 -16.091 -16.414
  -6.787 -49.500     NaN
  -6.784 -15.790 -49.500
  -6.781 -49.500     NaN
  -6.778 -49.500     NaN
  -6.775 -16.333 -49.500
  -6.773 -49.500     NaN
  -6.770 -49.500     NaN
  -6.767 -16.090 -16.518
  -6.765 -16.154 -49.500
  -6.762 -16.445 -49.500
  -6.759 -16.214 -16.375
  -6.757 -49.500     NaN
  -6.754 -16.261 -49.500
  -6.751 -49.500     NaN
  -6.749 -15.136 -16.114
  -6.746 -49.500 -49.500
  -6.744 -16.507 -49.500
  -6.741 -16.468 -16.851
  -6.739 -16.705 -16.705
  -6.736 -49.500 -49.500
  -6.734 -49.500 -49.500
  -6.731 -16.348 -49.500
  -6.729 -16.452 -49.500
  -6.726 -16.701 -49.500
  -6.724 -49.500     NaN
  -6.721 -49.500 -49.500
  -6.719 -49.500     NaN
  -6.717 -16.127 -49.500
  -6.714 -49.500 -49.500
  -6.712 -49.500 -49.500
  -6.709 -15.998 -16.815
  -6.707 -49.500 -49.500
  -6.705 -16.211 -16.211
  -6.702 -16.644 -16.644
  -6.700 -49.500 -49.500
  -6.698 -49.500 -49.500
  -6.696 -16.210 -49.500
  -6.693 -49.500 -49.500
  -6.691 -49.500 -49.500
  -6.689 -49.500 -49.500
  -6.687 -15.378 -49.500
  -6.684 -49.500     NaN
  -6.682 -49.500     NaN
  -6.680 -49.500 -49.500
  -6.678 -49.500 -49.500
  -6.675 -16.400 -49.500
  -6.673 -49.500 -49.500
  -6.671 -49.500 -49.500
  -6.669 -49.500 -49.500
  -6.667 -49.500 -49.500
  -6.665 -49.500 -49.500
  -6.663 -49.500 -49.500
  -6.661 -16.244 -16.244
  -6.658 -16.190 -49.500
  -6.656 -16.579 -49.500
  -6.654 -49.500     NaN
  -6.652 -49.500 -49.500
  -6.650 -49.500 -49.500
  -6.648 -16.579 -49.500
  -6.646 -49.500     NaN
  -6.644 -49.500 -49.500
  -6.642 -49.500 -49.500
  -6.640 -49.500 -49.500
  -6.638 -16.685 -49.500
  -6.636 -16.337 -49.500
  -6.634 -49.500 -49.500
  -6.632 -49.500 -49.500
  -6.630 -49.500 -49.500
  -6.628 -16.101 -49.500
  -6.626 -49.500 -49.500
  -6.624 -49.500 -49.500
  -6.622 -16.333 -16.333
  -6.620 -15.997 -15.997
  -6.618 -49.500 -49.500
  -6.617 -49.500     NaN
  -6.615 -15.649 -49.500
  -6.613 -49.500 -49.500
  -6.611 -49.500     NaN
  -6.609 -49.500 -49.500
  -6.607 -16.476 -16.476
  -6.605 -49.500 -49.500
  -6.603 -49.500 -49.500
  -6.602 -49.500 -49.500
  -6.600 -49.500 -49.500
  -6.598 -49.500 -49.500
  -6.596 -49.500 -49.500
  -6.594 -49.500 -49.500
