  -8.861 -14.164 -14.164
  -8.599 -14.247 -14.247
  -8.442 -14.309 -14.309
  -8.329 -14.357 -14.357
  -8.239 -14.413 -14.413
  -8.166 -14.476 -14.476
  -8.103 -14.498 -14.498
  -8.048 -14.569 -14.569
  -7.999 -14.613 -14.613
  -7.955 -14.306 -14.516
  -7.916 -14.720 -14.720
  -7.879 -14.706 -14.706
  -7.846 -14.785 -14.785
  -7.815 -14.825 -14.825
  -7.786 -14.769 -14.769
  -7.758 -14.801 -14.801
  -7.733 -14.885 -14.885
  -7.709 -14.895 -14.895
  -7.686 -14.837 -14.837
  -7.664 -15.087 -15.087
  -7.643 -14.921 -14.921
  -7.624 -14.949 -14.949
  -7.605 -14.916 -14.916
  -7.586 -14.836 -14.836
  -7.569 -14.990 -14.990
  -7.552 -14.735 -15.132
  -7.536 -15.113 -15.113
  -7.521 -15.188 -15.188
  -7.506 -14.930 -14.930
  -7.491 -14.920 -14.920
  -7.477 -14.862 -15.049
  -7.464 -15.159 -15.159
  -7.451 -15.403 -15.403
  -7.438 -15.209 -15.209
  -7.425 -15.045 -15.045
  -7.413 -14.939 -15.475
  -7.401 -15.298 -15.298
  -7.390 -15.114 -15.114
  -7.379 -14.722 -15.218
  -7.368 -14.685 -15.162
  -7.357 -14.970 -14.970
  -7.347 -15.262 -15.262
  -7.337 -15.127 -15.353
  -7.327 -15.261 -15.261
  -7.317 -15.581 -15.581
  -7.308 -15.253 -15.253
  -7.299 -15.139 -15.139
  -7.290 -15.264 -15.510
  -7.281 -15.272 -15.439
  -7.272 -15.584 -15.584
  -7.264 -15.408 -15.810
  -7.255 -15.236 -15.489
  -7.247 -15.605 -15.605
  -7.239 -15.519 -15.730
  -7.231 -15.282 -15.549
  -7.223 -15.357 -15.357
  -7.216 -14.800 -15.246
  -7.208 -15.288 -15.558
  -7.201 -15.551 -15.551
  -7.194 -15.863 -15.863
  -7.187 -15.427 -15.427
  -7.180 -15.546 -15.831
  -7.173 -15.164 -15.667
  -7.166 -15.521 -15.521
  -7.159 -15.720 -15.720
  -7.153 -15.748 -15.915
  -7.146 -15.121 -15.753
  -7.140 -15.745 -15.745
  -7.133 -15.404 -15.404
  -7.127 -15.804 -16.002
  -7.121 -16.099 -16.099
  -7.115 -15.426 -15.932
  -7.109 -15.618 -15.618
  -7.103 -15.669 -15.903
  -7.098 -15.569 -15.884
  -7.092 -15.671 -15.671
  -7.086 -16.001 -16.001
  -7.081 -15.922 -15.922
  -7.075 -15.763 -16.049
  -7.070 -14.532 -15.097
  -7.064 -15.788 -15.788
  -7.059 -15.712 -16.043
  -7.054 -15.732 -15.732
  -7.049 -15.848 -16.370
  -7.043 -15.258 -15.672
  -7.038 -15.117 -15.390
  -7.033 -15.179 -15.179
  -7.029 -15.797 -15.797
  -7.024 -16.096 -16.096
  -7.019 -15.274 -15.528
  -7.014 -16.151 -16.419
  -7.009 -15.722 -15.951
  -7.005 -15.260 -16.038
  -7.000 -15.965 -16.209
  -6.995 -16.052 -16.422
  -6.991 -15.760 -15.760
  -6.986 -15.742 -16.416
  -6.982 -15.464 -15.909
  -6.978 -16.075 -16.943
  -6.973 -15.691 -16.141
  -6.969 -16.208 -16.363
  -6.965 -16.052 -16.052
  -6.961 -15.936 -15.936
  -6.956 -16.220 -16.220
  -6.952 -15.660 -16.007
  -6.948 -15.614 -15.801
  -6.944 -15.582 -15.582
  -6.940 -16.200 -49.500
  -6.936 -14.529 -15.695
  -6.932 -16.509 -16.666
  -6.928 -16.295 -16.657
  -6.924 -14.787 -15.614
  -6.920 -15.652 -16.549
  -6.917 -16.915 -23.083
  -6.913 -16.337 -16.566
  -6.909 -16.455 -49.500
  -6.905 -16.493 -16.694
  -6.902 -16.014 -16.335
  -6.898 -16.188 -16.403
  -6.894 -15.986 -16.765
  -6.891 -16.584 -16.762
  -6.887 -16.492 -17.023
  -6.884 -49.500     NaN
  -6.880 -16.385 -49.500
  -6.877 -16.410 -16.897
  -6.873 -16.311 -49.500
  -6.870 -16.102 -16.615
  -6.867 -16.149 -16.149
  -6.863 -15.984 -16.462
  -6.860 -15.879 -16.981
  -6.857 -15.805 -15.997
  -6.853 -14.995 -16.392
  -6.850 -16.041 -16.247
  -6.847 -16.245 -16.576
  -6.844 -16.738 -49.500
  -6.840 -15.548 -15.736
  -6.837 -17.237 -49.500
  -6.834 -16.865 -49.500
  -6.831 -49.500     NaN
  -6.828 -15.844 -16.271
  -6.825 -16.388 -49.500
  -6.822 -16.311 -49.500
  -6.819 -16.325 -49.500
  -6.816 -16.824 -49.500
  -6.813 -16.501 -49.500
  -6.810 -16.073 -49.500
  -6.807 -16.341 -16.563
  -6.804 -16.293 -49.500
  -6.801 -49.500     NaN
  -6.798 -16.036 -49.500
  -6.795 -16.917 -49.500
  -6.792 -16.774 -49.500
  -6.789 -16.415 -49.500
  -6.787 -16.799 -49.500
  -6.784 -14.559 -16.090
  -6.781 -16.094 -49.500
  -6.778 -15.542 -16.680
  -6.775 -16.066 -16.856
  -6.773 -49.500     NaN
  -6.770 -15.590 -16.467
  -6.767 -16.547 -16.547
  -6.765 -16.523 -49.500
  -6.762 -14.758 -16.055
  -6.759 -49.500 -49.500
  -6.757 -15.978 -49.500
  -6.754 -49.500 -49.500
  -6.751 -49.500 -49.500
  -6.749 -15.966 -49.500
  -6.746 -15.983 -16.154
  -6.744 -49.500     NaN
  -6.741 -49.500     NaN
  -6.739 -16.424 -16.424
  -6.736 -16.578 -16.843
  -6.734 -49.500 -49.500
  -6.731 -15.193 -15.961
  -6.729 -49.500     NaN
  -6.726 -49.500 -49.500
  -6.724 -49.500     NaN
  -6.721 -16.135 -16.135
  -6.719 -16.508 -49.500
  -6.717 -49.500 -49.500
  -6.714 -49.500 -49.500
  -6.712 -49.500     NaN
  -6.709 -49.500 -49.500
  -6.707 -49.500 -49.500
  -6.705 -15.983 -15.983
  -6.702 -49.500 -49.500
  -6.700 -16.007 -16.392
  -6.698 -49.500     NaN
  -6.696 -49.500 -49.500
  -6.693 -49.500     NaN
  -6.691 -49.500 -49.500
  -6.689 -49.500 -49.500
  -6.687 -49.500 -49.500
  -6.684 -49.500     NaN
  -6.682 -49.500 -49.500
  -6.680 -15.882 -49.500
  -6.678 -49.500     NaN
  -6.675 -15.690 -15.690
  -6.673 -16.009 -49.500
  -6.671 -49.500 -49.500
  -6.669 -16.604 -49.500
  -6.667 -49.500     NaN
  -6.665 -49.500 -49.500
  -6.663 -16.137 -16.491
  -6.661 -49.500     NaN
  -6.658 -49.500 -49.500
  -6.656 -49.500 -49.500
  -6.654 -49.500 -49.500
  -6.652 -49.500     NaN
  -6.650 -49.500 -49.500
  -6.648 -49.500 -49.500
  -6.646 -15.756 -49.500
  -6.644 -49.500 -49.500
  -6.642 -49.500     NaN
  -6.640 -49.500 -49.500
  -6.638 -49.500 -49.500
  -6.636 -49.500 -49.500
  -6.634 -49.500     NaN
  -6.632 -49.500 -49.500
  -6.630 -16.163 -49.500
  -6.628 -49.500 -49.500
  -6.626 -49.500 -49.500
  -6.624 -49.500     NaN
  -6.622 -15.340 -15.340
  -6.620 -49.500 -49.500
  -6.618 -16.269 -16.269
  -6.617 -16.823 -49.500
  -6.615 -49.500     NaN
  -6.613 -49.500 -49.500
  -6.611 -49.500 -49.500
  -6.609 -49.500 -49.500
  -6.607 -49.500 -49.500
  -6.605 -49.500 -49.500
  -6.603 -49.500 -49.500
  -6.602 -49.500 -49.500
  -6.600 -49.500 -49.500
  -6.598 -49.500 -49.500
  -6.596 -49.500 -49.500
  -6.594 -49.500 -49.500
