  -8.861 -14.166 -14.166
  -8.599 -14.264 -14.264
  -8.442 -14.300 -14.300
  -8.329 -14.393 -14.393
  -8.239 -14.425 -14.425
  -8.166 -14.510 -14.510
  -8.103 -14.550 -14.550
  -8.048 -14.585 -14.585
  -7.999 -14.564 -14.564
  -7.955 -14.625 -14.625
  -7.916 -14.629 -14.629
  -7.879 -14.751 -14.751
  -7.846 -14.676 -14.676
  -7.815 -14.718 -14.718
  -7.786 -14.768 -14.768
  -7.758 -14.827 -14.827
  -7.733 -14.801 -14.801
  -7.709 -14.795 -14.795
  -7.686 -14.852 -14.852
  -7.664 -14.670 -14.869
  -7.643 -14.804 -15.062
  -7.624 -14.924 -14.924
  -7.605 -15.110 -15.110
  -7.586 -15.045 -15.045
  -7.569 -15.014 -15.014
  -7.552 -14.834 -15.021
  -7.536 -15.179 -15.179
  -7.521 -15.169 -15.169
  -7.506 -15.234 -15.234
  -7.491 -15.099 -15.253
  -7.477 -14.738 -15.335
  -7.464 -14.811 -14.811
  -7.451 -15.092 -15.092
  -7.438 -15.240 -15.240
  -7.425 -15.189 -15.189
  -7.413 -14.931 -15.327
  -7.401 -15.283 -15.283
  -7.390 -15.312 -15.312
  -7.379 -14.646 -14.807
  -7.368 -15.264 -15.264
  -7.357 -15.345 -15.578
  -7.347 -15.165 -15.379
  -7.337 -15.106 -15.302
  -7.327 -15.066 -15.262
  -7.317 -14.860 -15.539
  -7.308 -15.481 -15.481
  -7.299 -15.188 -15.534
  -7.290 -15.628 -15.793
  -7.281 -14.720 -15.468
  -7.272 -15.250 -15.250
  -7.264 -15.370 -15.370
  -7.255 -15.464 -15.464
  -7.247 -15.163 -15.591
  -7.239 -14.896 -15.260
  -7.231 -15.345 -15.661
  -7.223 -15.758 -15.758
  -7.216 -15.260 -15.708
  -7.208 -15.674 -15.863
  -7.201 -15.869 -15.869
  -7.194 -15.608 -15.848
  -7.187 -15.916 -15.916
  -7.180 -15.478 -15.849
  -7.173 -15.591 -15.750
  -7.166 -15.515 -15.515
  -7.159 -15.681 -15.864
  -7.153 -15.350 -15.863
  -7.146 -15.277 -15.601
  -7.140 -15.265 -15.452
  -7.133 -15.371 -15.570
  -7.127 -15.343 -15.959
  -7.121 -15.765 -15.765
  -7.115 -15.364 -15.948
  -7.109 -15.896 -15.896
  -7.103 -15.514 -15.718
  -7.098 -15.793 -15.793
  -7.092 -15.278 -16.028
  -7.086 -15.753 -16.037
  -7.081 -16.178 -16.347
  -7.075 -15.617 -15.888
  -7.070 -15.009 -16.162
  -7.064 -16.138 -16.138
  -7.059 -15.541 -15.844
  -7.054 -15.545 -15.747
  -7.049 -15.500 -15.780
  -7.043 -15.447 -15.992
  -7.038 -15.686 -15.686
  -7.033 -15.486 -16.141
  -7.029 -16.259 -16.259
  -7.024 -16.094 -16.335
  -7.019 -15.926 -15.926
  -7.014 -16.087 -16.276
  -7.009 -16.335 -16.335
  -7.005 -14.765 -16.020
  -7.000 -15.434 -15.666
  -6.995 -16.375 -16.375
  -6.991 -16.080 -16.505
  -6.986 -15.569 -16.125
  -6.982 -15.484 -15.715
  -6.978 -15.486 -15.920
  -6.973 -16.391 -16.391
  -6.969 -15.882 -16.169
  -6.965 -16.730 -17.168
  -6.961 -15.760 -16.140
  -6.956 -15.816 -16.623
  -6.952 -16.034 -16.034
  -6.948 -16.342 -16.342
  -6.944 -16.087 -16.363
  -6.940 -17.213 -22.488
  -6.936 -15.910 -16.789
  -6.932 -16.211 -49.500
  -6.928 -15.665 -16.025
  -6.924 -16.545 -16.545
  -6.920 -16.617 -16.902
  -6.917 -15.119 -16.857
  -6.913 -15.305 -16.037
  -6.909 -16.193 -16.421
  -6.905 -15.532 -16.358
  -6.902 -15.792 -16.021
  -6.898 -16.092 -16.092
  -6.894 -15.911 -16.425
  -6.891 -21.779 -21.779
  -6.887 -15.693 -16.296
  -6.884 -16.562 -16.855
  -6.880 -15.562 -15.842
  -6.877 -49.500     NaN
  -6.873 -16.931 -49.500
  -6.870 -16.186 -16.473
  -6.867 -16.219 -16.442
  -6.863 -17.489 -49.500
  -6.860 -16.383 -49.500
  -6.857 -16.626 -49.500
  -6.853 -49.500     NaN
  -6.850 -49.500     NaN
  -6.847 -49.500     NaN
  -6.844 -16.518 -16.711
  -6.840 -16.715 -16.874
  -6.837 -17.049 -49.500
  -6.834 -16.833 -49.500
  -6.831 -15.880 -16.604
  -6.828 -49.500     NaN
  -6.825 -16.707 -49.500
  -6.822 -15.964 -16.247
  -6.819 -16.731 -49.500
  -6.816 -16.163 -49.500
  -6.813 -16.371 -16.921
  -6.810 -49.500     NaN
  -6.807 -16.096 -16.286
  -6.804 -16.255 -17.048
  -6.801 -16.318 -16.580
  -6.798 -49.500     NaN
  -6.795 -16.441 -16.666
  -6.792 -17.067 -49.500
  -6.789 -16.202 -16.382
  -6.787 -15.947 -15.947
  -6.784 -16.536 -49.500
  -6.781 -15.772 -49.500
  -6.778 -15.688 -16.550
  -6.775 -49.500     NaN
  -6.773 -15.885 -16.540
  -6.770 -49.500     NaN
  -6.767 -16.365 -16.365
  -6.765 -15.765 -49.500
  -6.762 -49.500 -49.500
  -6.759 -49.500     NaN
  -6.757 -15.913 -49.500
  -6.754 -49.500     NaN
  -6.751 -49.500     NaN
  -6.749 -49.500     NaN
  -6.746 -49.500 -49.500
  -6.744 -16.573 -49.500
  -6.741 -16.721 -49.500
  -6.739 -49.500     NaN
  -6.736 -16.880 -49.500
  -6.734 -49.500 -49.500
  -6.731 -16.688 -49.500
  -6.729 -16.556 -49.500
  -6.726 -16.781 -49.500
  -6.724 -16.149 -49.500
  -6.721 -49.500     NaN
  -6.719 -16.325 -49.500
  -6.717 -15.763 -15.763
  -6.714 -49.500 -49.500
  -6.712 -49.500 -49.500
  -6.709 -16.884 -49.500
  -6.707 -49.500     NaN
  -6.705 -15.959 -49.500
  -6.702 -49.500     NaN
  -6.700 -16.417 -49.500
  -6.698 -49.500 -49.500
  -6.696 -15.482 -16.184
  -6.693 -49.500     NaN
  -6.691 -49.500 -49.500
  -6.689 -49.500 -49.500
  -6.687 -49.500 -49.500
  -6.684 -49.500 -49.500
  -6.682 -15.535 -15.535
  -6.680 -49.500 -49.500
  -6.678 -49.500 -49.500
  -6.675 -15.820 -16.375
  -6.673 -16.189 -16.189
  -6.671 -15.995 -49.500
  -6.669 -49.500 -49.500
  -6.667 -49.500 -49.500
  -6.665 -13.980 -49.500
  -6.663 -49.500 -49.500
  -6.661 -49.500 -49.500
  -6.658 -49.500 -49.500
  -6.656 -49.500 -49.500
  -6.654 -49.500 -49.500
  -6.652 -16.404 -49.500
  -6.650 -15.796 -15.796
  -6.648 -49.500 -49.500
  -6.646 -16.518 -49.500
  -6.644 -15.684 -15.684
  -6.642 -15.926 -15.926
  -6.640 -16.228 -16.228
  -6.638 -49.500     NaN
  -6.636 -49.500 -49.500
  -6.634 -49.500     NaN
  -6.632 -49.500 -49.500
  -6.630 -49.500 -49.500
  -6.628 -16.174 -16.174
  -6.626 -49.500 -49.500
  -6.624 -49.500 -49.500
  -6.622 -49.500 -49.500
  -6.620 -49.500 -49.500
  -6.618 -49.500 -49.500
  -6.617 -49.500 -49.500
  -6.615 -49.500 -49.500
  -6.613 -49.500 -49.500
  -6.611 -16.770 -16.770
  -6.609 -49.500 -49.500
  -6.607 -49.500 -49.500
  -6.605 -49.500 -49.500
  -6.603 -49.500 -49.500
  -6.602 -49.500 -49.500
  -6.600 -49.500 -49.500
  -6.598 -49.500 -49.500
  -6.596 -49.500 -49.500
  -6.594 -49.500     NaN
