  -8.861 -14.158 -14.158
  -8.599 -14.226 -14.226
  -8.442 -14.323 -14.323
  -8.329 -14.384 -14.384
  -8.239 -14.387 -14.387
  -8.166 -14.478 -14.478
  -8.103 -14.532 -14.532
  -8.048 -14.505 -14.505
  -7.999 -14.638 -14.638
  -7.955 -14.627 -14.627
  -7.916 -14.668 -14.668
  -7.879 -14.567 -14.567
  -7.846 -14.695 -14.876
  -7.815 -14.706 -14.706
  -7.786 -14.797 -14.797
  -7.758 -14.653 -14.653
  -7.733 -14.849 -14.849
  -7.709 -14.872 -14.872
  -7.686 -14.801 -14.801
  -7.664 -14.978 -14.978
  -7.643 -15.071 -15.071
  -7.624 -14.931 -14.931
  -7.605 -15.050 -15.050
  -7.586 -14.785 -14.937
  -7.569 -14.948 -14.948
  -7.552 -15.030 -15.030
  -7.536 -15.011 -15.011
  -7.521 -14.806 -14.806
  -7.506 -14.956 -15.318
  -7.491 -15.125 -15.125
  -7.477 -15.156 -15.156
  -7.464 -15.224 -15.224
  -7.451 -14.862 -14.862
  -7.438 -15.056 -15.056
  -7.425 -15.176 -15.176
  -7.413 -15.070 -15.070
  -7.401 -15.039 -15.204
  -7.390 -14.880 -15.094
  -7.379 -15.313 -15.313
  -7.368 -15.115 -15.115
  -7.357 -14.886 -15.312
  -7.347 -15.133 -15.133
  -7.337 -15.322 -15.476
  -7.327 -15.385 -15.385
  -7.317 -14.903 -15.582
  -7.308 -15.013 -15.388
  -7.299 -15.512 -15.512
  -7.290 -14.738 -15.262
  -7.281 -15.135 -15.581
  -7.272 -14.575 -15.081
  -7.264 -15.600 -15.600
  -7.255 -15.548 -15.941
  -7.247 -14.826 -15.735
  -7.239 -15.568 -15.568
  -7.231 -15.103 -15.736
  -7.223 -15.456 -15.456
  -7.216 -15.731 -15.731
  -7.208 -15.294 -15.772
  -7.201 -15.523 -15.523
  -7.194 -15.785 -15.785
  -7.187 -15.317 -15.590
  -7.180 -15.475 -15.475
  -7.173 -15.686 -15.854
  -7.166 -15.771 -15.771
  -7.159 -15.185 -15.434
  -7.153 -15.269 -15.667
  -7.146 -15.418 -15.815
  -7.140 -15.696 -15.869
  -7.133 -15.542 -15.988
  -7.127 -15.810 -15.810
  -7.121 -15.417 -15.634
  -7.115 -16.144 -16.389
  -7.109 -15.766 -15.766
  -7.103 -16.081 -16.081
  -7.098 -15.281 -15.532
  -7.092 -15.800 -15.800
  -7.086 -15.645 -15.645
  -7.081 -15.975 -16.171
  -7.075 -15.967 -16.123
  -7.070 -15.391 -16.103
  -7.064 -15.172 -15.719
  -7.059 -15.226 -15.707
  -7.054 -15.577 -16.102
  -7.049 -15.761 -15.761
  -7.043 -15.338 -15.511
  -7.038 -15.917 -16.091
  -7.033 -15.454 -15.705
  -7.029 -15.236 -15.680
  -7.024 -15.951 -16.125
  -7.019 -16.061 -16.231
  -7.014 -16.077 -16.077
  -7.009 -15.562 -15.729
  -7.005 -16.319 -16.516
  -7.000 -16.593 -17.008
  -6.995 -15.677 -15.677
  -6.991 -16.464 -16.687
  -6.986 -16.196 -16.196
  -6.982 -16.044 -16.044
  -6.978 -14.928 -15.718
  -6.973 -16.671 -49.500
  -6.969 -15.951 -16.295
  -6.965 -16.026 -16.026
  -6.961 -15.345 -16.335
  -6.956 -15.339 -22.093
  -6.952 -15.246 -15.509
  -6.948 -15.693 -16.658
  -6.944 -16.061 -16.061
  -6.940 -16.447 -16.698
  -6.936 -15.713 -16.836
  -6.932 -16.762 -17.242
  -6.928 -15.612 -15.810
  -6.924 -15.943 -16.333
  -6.920 -16.181 -16.515
  -6.917 -16.224 -16.831
  -6.913 -15.911 -15.911
  -6.909 -15.797 -16.050
  -6.905 -15.706 -16.056
  -6.902 -16.034 -16.735
  -6.898 -15.372 -16.121
  -6.894 -16.609 -16.837
  -6.891 -16.197 -16.377
  -6.887 -15.996 -49.500
  -6.884 -16.285 -16.626
  -6.880 -16.729 -49.500
  -6.877 -16.170 -16.369
  -6.873 -49.500     NaN
  -6.870 -49.500     NaN
  -6.867 -15.444 -16.264
  -6.863 -16.093 -16.855
  -6.860 -16.363 -16.971
  -6.857 -16.478 -16.631
  -6.853 -49.500 -49.500
  -6.850 -15.962 -16.430
  -6.847 -16.479 -49.500
  -6.844 -16.006 -16.426
  -6.840 -16.857 -49.500
  -6.837 -16.285 -16.486
  -6.834 -16.638 -17.119
  -6.831 -15.912 -49.500
  -6.828 -16.083 -16.252
  -6.825 -16.709 -49.500
  -6.822 -49.500     NaN
  -6.819 -15.786 -16.214
  -6.816 -16.435 -49.500
  -6.813 -16.146 -16.478
  -6.810 -14.805 -16.133
  -6.807 -16.413 -49.500
  -6.804 -16.214 -16.843
  -6.801 -16.691 -49.500
  -6.798 -16.427 -49.500
  -6.795 -16.838 -49.500
  -6.792 -15.029 -16.489
  -6.789 -15.673 -16.187
  -6.787 -49.500     NaN
  -6.784 -49.500     NaN
  -6.781 -16.155 -49.500
  -6.778 -49.500     NaN
  -6.775 -49.500 -49.500
  -6.773 -15.956 -16.167
  -6.770 -16.979 -49.500
  -6.767 -16.869 -49.500
  -6.765 -49.500     NaN
  -6.762 -49.500     NaN
  -6.759 -16.563 -16.563
  -6.757 -15.666 -49.500
  -6.754 -15.855 -15.855
  -6.751 -49.500     NaN
  -6.749 -15.986 -49.500
  -6.746 -16.129 -16.129
  -6.744 -15.911 -16.183
  -6.741 -16.451 -16.704
  -6.739 -16.455 -49.500
  -6.736 -49.500 -49.500
  -6.734 -16.110 -17.076
  -6.731 -49.500     NaN
  -6.729 -49.500 -49.500
  -6.726 -16.828 -49.500
  -6.724 -49.500 -49.500
  -6.721 -49.500 -49.500
  -6.719 -49.500     NaN
  -6.717 -49.500 -49.500
  -6.714 -49.500     NaN
  -6.712 -15.803 -15.803
  -6.709 -16.868 -49.500
  -6.707 -49.500     NaN
  -6.705 -16.430 -49.500
  -6.702 -49.500 -49.500
  -6.700 -16.153 -49.500
  -6.698 -49.500 -49.500
  -6.696 -49.500 -49.500
  -6.693 -49.500     NaN
  -6.691 -15.871 -15.871
  -6.689 -16.273 -49.500
  -6.687 -49.500     NaN
  -6.684 -49.500 -49.500
  -6.682 -49.500     NaN
  -6.680 -49.500     NaN
  -6.678 -16.154 -16.400
  -6.675 -49.500     NaN
  -6.673 -49.500     NaN
  -6.671 -49.500 -49.500
  -6.669 -49.500 -49.500
  -6.667 -49.500 -49.500
  -6.665 -16.815 -49.500
  -6.663 -49.500 -49.500
  -6.661 -16.299 -49.500
  -6.658 -49.500     NaN
  -6.656 -15.832 -49.500
  -6.654 -49.500 -49.500
  -6.652 -49.500 -49.500
  -6.650 -49.500 -49.500
  -6.648 -49.500 -49.500
  -6.646 -49.500     NaN
  -6.644 -49.500 -49.500
  -6.642 -49.500 -49.500
  -6.640 -49.500 -49.500
  -6.638 -49.500 -49.500
  -6.636 -16.188 -16.188
  -6.634 -15.510 -15.510
  -6.632 -49.500     NaN
  -6.630 -49.500 -49.500
  -6.628 -49.500 -49.500
  -6.626 -49.500     NaN
  -6.624 -49.500 -49.500
  -6.622 -49.500 -49.500
  -6.620 -49.500 -49.500
  -6.618 -49.500 -49.500
  -6.617 -49.500 -49.500
  -6.615 -49.500 -49.500
  -6.613 -49.500 -49.500
  -6.611 -49.500 -49.500
  -6.609 -49.500 -49.500
  -6.607 -49.500 -49.500
  -6.605 -49.500     NaN
  -6.603 -16.514 -16.514
  -6.602 -16.033 -49.500
  -6.600 -49.500     NaN
  -6.598 -49.500 -49.500
  -6.596 -16.643 -49.500
  -6.594 -49.500 -49.500
