  -8.861 -14.167 -14.167
  -8.599 -14.249 -14.249
  -8.442 -14.309 -14.309
  -8.329 -14.390 -14.390
  -8.239 -14.395 -14.395
  -8.166 -14.427 -14.427
  -8.103 -14.525 -14.525
  -8.048 -14.582 -14.582
  -7.999 -14.612 -14.612
  -7.955 -14.647 -14.647
  -7.916 -14.691 -14.691
  -7.879 -14.659 -14.659
  -7.846 -14.627 -14.627
  -7.815 -14.746 -14.746
  -7.786 -14.699 -14.699
  -7.758 -14.808 -14.808
  -7.733 -14.641 -14.641
  -7.709 -14.873 -14.873
  -7.686 -15.057 -15.057
  -7.664 -15.042 -15.042
  -7.643 -14.753 -14.753
  -7.624 -14.824 -15.027
  -7.605 -14.848 -14.848
  -7.586 -15.059 -15.059
  -7.569 -15.200 -15.200
  -7.552 -14.896 -14.896
  -7.536 -14.657 -15.306
  -7.521 -14.927 -14.927
  -7.506 -14.951 -14.951
  -7.491 -15.309 -15.309
  -7.477 -14.547 -15.102
  -7.464 -15.066 -15.066
  -7.451 -15.220 -15.220
  -7.438 -15.223 -15.223
  -7.425 -15.265 -15.265
  -7.413 -15.219 -15.219
  -7.401 -14.767 -15.050
  -7.390 -15.094 -15.094
  -7.379 -15.313 -15.313
  -7.368 -15.257 -15.257
  -7.357 -15.466 -15.466
  -7.347 -15.271 -15.271
  -7.337 -15.321 -15.321
  -7.327 -15.469 -15.469
  -7.317 -15.379 -15.546
  -7.308 -14.922 -15.099
  -7.299 -15.057 -15.209
  -7.290 -15.233 -15.413
  -7.281 -14.987 -15.148
  -7.272 -15.573 -15.573
  -7.264 -15.120 -15.543
  -7.255 -15.115 -15.115
  -7.247 -15.769 -15.922
  -7.239 -14.887 -15.348
  -7.231 -15.620 -15.620
  -7.223 -15.710 -15.710
  -7.216 -15.667 -15.667
  -7.208 -15.396 -15.691
  -7.201 -15.372 -15.372
  -7.194 -15.442 -15.442
  -7.187 -15.545 -15.545
  -7.180 -14.873 -15.448
  -7.173 -15.366 -15.760
  -7.166 -15.103 -15.379
  -7.159 -15.832 -15.832
  -7.153 -15.781 -15.992
  -7.146 -15.657 -15.657
  -7.140 -15.756 -15.756
  -7.133 -15.699 -15.699
  -7.127 -15.489 -15.660
  -7.121 -15.698 -15.906
  -7.115 -15.944 -15.944
  -7.109 -15.725 -15.725
  -7.103 -15.792 -15.792
  -7.098 -15.170 -15.802
  -7.092 -15.602 -16.065
  -7.086 -16.119 -16.119
  -7.081 -15.636 -15.894
  -7.075 -15.979 -16.149
  -7.070 -15.672 -15.917
  -7.064 -14.640 -16.224
  -7.059 -16.428 -16.428
  -7.054 -15.581 -16.232
  -7.049 -16.033 -16.365
  -7.043 -15.537 -15.780
  -7.038 -15.912 -15.912
  -7.033 -15.496 -16.211
  -7.029 -15.811 -16.129
  -7.024 -15.695 -15.856
  -7.019 -15.798 -15.974
  -7.014 -15.840 -15.840
  -7.009 -15.926 -16.276
  -7.005 -16.345 -16.345
  -7.000 -15.167 -16.045
  -6.995 -15.904 -15.904
  -6.991 -16.466 -16.466
  -6.986 -15.489 -15.856
  -6.982 -16.152 -16.304
  -6.978 -15.794 -16.001
  -6.973 -15.771 -16.264
  -6.969 -16.315 -16.577
  -6.965 -16.263 -16.263
  -6.961 -16.528 -16.728
  -6.956 -16.376 -16.577
  -6.952 -16.449 -16.744
  -6.948 -15.405 -16.010
  -6.944 -16.190 -16.190
  -6.940 -16.062 -16.820
  -6.936 -16.145 -16.905
  -6.932 -15.834 -15.834
  -6.928 -15.902 -16.198
  -6.924 -15.746 -16.947
  -6.920 -16.311 -16.311
  -6.917 -16.041 -16.725
  -6.913 -15.401 -15.954
  -6.909 -15.665 -16.188
  -6.905 -15.989 -16.143
  -6.902 -17.044 -49.500
  -6.898 -15.973 -22.469
  -6.894 -15.983 -16.463
  -6.891 -15.371 -16.278
  -6.887 -15.442 -15.442
  -6.884 -16.216 -16.565
  -6.880 -16.329 -16.951
  -6.877 -15.572 -16.061
  -6.873 -16.434 -16.596
  -6.870 -16.115 -16.328
  -6.867 -15.586 -16.565
  -6.863 -15.835 -16.213
  -6.860 -16.206 -16.849
  -6.857 -16.089 -16.249
  -6.853 -49.500     NaN
  -6.850 -49.500     NaN
  -6.847 -15.820 -49.500
  -6.844 -15.450 -16.433
  -6.840 -16.270 -49.500
  -6.837 -49.500     NaN
  -6.834 -15.935 -16.184
  -6.831 -16.186 -49.500
  -6.828 -16.605 -49.500
  -6.825 -16.992 -49.500
  -6.822 -15.474 -49.500
  -6.819 -16.367 -49.500
  -6.816 -16.166 -16.486
  -6.813 -16.228 -16.421
  -6.810 -15.698 -49.500
  -6.807 -15.796 -16.792
  -6.804 -16.287 -16.673
  -6.801 -16.474 -49.500
  -6.798 -15.334 -15.672
  -6.795 -49.500     NaN
  -6.792 -15.962 -16.519
  -6.789 -15.878 -16.125
  -6.787 -15.711 -16.297
  -6.784 -49.500     NaN
  -6.781 -49.500     NaN
  -6.778 -16.302 -16.302
  -6.775 -15.722 -49.500
  -6.773 -49.500 -49.500
  -6.770 -16.895 -49.500
  -6.767 -16.175 -16.364
  -6.765 -16.178 -16.892
  -6.762 -49.500     NaN
  -6.759 -16.503 -49.500
  -6.757 -49.500 -49.500
  -6.754 -49.500     NaN
  -6.751 -15.840 -49.500
  -6.749 -49.500     NaN
  -6.746 -49.500 -49.500
  -6.744 -16.777 -49.500
  -6.741 -49.500     NaN
  -6.739 -15.858 -16.806
  -6.736 -49.500     NaN
  -6.734 -49.500 -49.500
  -6.731 -15.370 -16.904
  -6.729 -49.500     NaN
  -6.726 -15.542 -49.500
  -6.724 -16.092 -49.500
  -6.721 -49.500     NaN
  -6.719 -16.757 -16.757
  -6.717 -49.500 -49.500
  -6.714 -16.400 -49.500
  -6.712 -49.500     NaN
  -6.709 -49.500 -49.500
  -6.707 -15.351 -16.857
  -6.705 -49.500     NaN
  -6.702 -49.500 -49.500
  -6.700 -49.500     NaN
  -6.698 -16.243 -16.243
  -6.696 -49.500 -49.500
  -6.693 -15.740 -15.740
  -6.691 -49.500 -49.500
  -6.689 -49.500 -49.500
  -6.687 -16.070 -49.500
  -6.684 -49.500     NaN
  -6.682 -15.296 -49.500
  -6.680 -49.500     NaN
  -6.678 -49.500 -49.500
  -6.675 -49.500     NaN
  -6.673 -49.500     NaN
  -6.671 -49.500 -49.500
  -6.669 -49.500 -49.500
  -6.667 -49.500     NaN
  -6.665 -49.500 -49.500
  -6.663 -49.500 -49.500
  -6.661 -16.200 -49.500
  -6.658 -49.500 -49.500
  -6.656 -49.500 -49.500
  -6.654 -15.672 -49.500
  -6.652 -49.500 -49.500
  -6.650 -16.717 -49.500
  -6.648 -49.500 -49.500
  -6.646 -16.540 -16.540
  -6.644 -49.500 -49.500
  -6.642 -49.500 -49.500
  -6.640 -49.500 -49.500
  -6.638 -49.500 -49.500
  -6.636 -16.002 -16.002
  -6.634 -49.500 -49.500
  -6.632 -49.500 -49.500
  -6.630 -49.500 -49.500
  -6.628 -16.566 -49.500
  -6.626 -49.500     NaN
  -6.624 -49.500 -49.500
  -6.622 -49.500 -49.500
  -6.620 -49.500 -49.500
  -6.618 -49.500 -49.500
  -6.617 -49.500 -49.500
  -6.615 -16.468 -49.500
  -6.613 -49.500     NaN
  -6.611 -49.500 -49.500
  -6.609 -16.057 -16.057
  -6.607 -49.500 -49.500
  -6.605 -49.500 -49.500
  -6.603 -49.500 -49.500
  -6.602 -49.500 -49.500
  -6.600 -49.500 -49.500
  -6.598 -16.209 -16.209
  -6.596 -49.500 -49.500
  -6.594 -49.500 -49.500
