  -8.861 -14.161 -14.161
  -8.599 -14.257 -14.257
  -8.442 -14.320 -14.320
  -8.329 -14.400 -14.400
  -8.239 -14.363 -14.363
  -8.166 -14.487 -14.487
  -8.103 -14.478 -14.478
  -8.048 -14.598 -14.598
  -7.999 -14.499 -14.499
  -7.955 -14.601 -14.601
  -7.916 -14.647 -14.647
  -7.879 -14.698 -14.698
  -7.846 -14.539 -14.539
  -7.815 -14.623 -14.623
  -7.786 -14.352 -14.838
  -7.758 -14.539 -14.728
  -7.733 -14.853 -14.853
  -7.709 -14.844 -14.844
  -7.686 -14.966 -14.966
  -7.664 -14.977 -14.977
  -7.643 -14.820 -14.820
  -7.624 -14.843 -14.843
  -7.605 -15.047 -15.047
  -7.586 -15.023 -15.023
  -7.569 -14.419 -15.003
  -7.552 -15.125 -15.125
  -7.536 -14.777 -14.777
  -7.521 -15.257 -15.257
  -7.506 -15.161 -15.161
  -7.491 -15.015 -15.015
  -7.477 -15.039 -15.039
  -7.464 -15.160 -15.160
  -7.451 -15.047 -15.047
  -7.438 -15.403 -15.403
  -7.425 -15.353 -15.353
  -7.413 -15.271 -15.271
  -7.401 -15.348 -15.554
  -7.390 -15.052 -15.052
  -7.379 -14.866 -14.866
  -7.368 -15.356 -15.356
  -7.357 -15.172 -15.405
  -7.347 -15.215 -15.438
  -7.337 -15.210 -15.210
  -7.327 -15.187 -15.187
  -7.317 -15.614 -15.614
  -7.308 -15.255 -15.419
  -7.299 -14.990 -15.347
  -7.290 -15.581 -15.581
  -7.281 -15.257 -15.588
  -7.272 -15.493 -15.715
  -7.264 -15.106 -15.106
  -7.255 -15.687 -15.687
  -7.247 -15.410 -15.410
  -7.239 -14.925 -15.303
  -7.231 -15.495 -15.747
  -7.223 -15.340 -15.725
  -7.216 -15.859 -15.859
  -7.208 -15.589 -15.589
  -7.201 -15.267 -15.712
  -7.194 -15.301 -15.800
  -7.187 -15.408 -15.801
  -7.180 -15.660 -16.026
  -7.173 -15.535 -15.535
  -7.166 -15.254 -15.783
  -7.159 -15.546 -16.060
  -7.153 -15.244 -15.615
  -7.146 -15.519 -15.519
  -7.140 -15.793 -16.031
  -7.133 -15.433 -15.433
  -7.127 -15.939 -16.124
  -7.121 -15.769 -15.997
  -7.115 -15.622 -15.833
  -7.109 -15.472 -15.892
  -7.103 -15.348 -15.516
  -7.098 -15.460 -15.732
  -7.092 -15.924 -15.924
  -7.086 -15.999 -15.999
  -7.081 -15.925 -16.107
  -7.075 -15.735 -16.275
  -7.070 -16.272 -16.272
  -7.064 -15.923 -15.923
  -7.059 -15.355 -15.588
  -7.054 -15.639 -16.054
  -7.049 -15.979 -16.188
  -7.043 -15.083 -16.118
  -7.038 -15.576 -15.966
  -7.033 -15.836 -16.039
  -7.029 -15.960 -16.551
  -7.024 -15.710 -16.119
  -7.019 -16.118 -16.118
  -7.014 -15.766 -16.072
  -7.009 -16.133 -16.308
  -7.005 -15.849 -16.016
  -7.000 -16.038 -16.583
  -6.995 -15.809 -16.912
  -6.991 -15.747 -16.534
  -6.986 -16.188 -16.418
  -6.982 -16.283 -16.609
  -6.978 -15.848 -15.848
  -6.973 -15.753 -15.953
  -6.969 -15.829 -16.354
  -6.965 -15.341 -15.830
  -6.961 -15.888 -15.888
  -6.956 -16.104 -16.104
  -6.952 -16.249 -16.548
  -6.948 -15.848 -16.055
  -6.944 -15.539 -15.689
  -6.940 -16.702 -49.500
  -6.936 -16.326 -22.917
  -6.932 -15.749 -16.402
  -6.928 -16.933 -17.179
  -6.924 -16.065 -16.237
  -6.920 -16.570 -23.035
  -6.917 -15.611 -16.192
  -6.913 -16.026 -16.442
  -6.909 -15.799 -15.799
  -6.905 -16.762 -16.987
  -6.902 -17.110 -49.500
  -6.898 -16.586 -16.586
  -6.894 -16.282 -16.453
  -6.891 -16.540 -16.850
  -6.887 -16.529 -16.780
  -6.884 -15.639 -15.931
  -6.880 -15.436 -15.743
  -6.877 -16.392 -16.633
  -6.873 -15.252 -16.166
  -6.870 -15.459 -16.140
  -6.867 -14.330 -16.486
  -6.863 -16.121 -16.451
  -6.860 -15.593 -49.500
  -6.857 -16.683 -17.160
  -6.853 -16.239 -16.636
  -6.850 -15.179 -49.500
  -6.847 -16.082 -16.348
  -6.844 -15.941 -16.124
  -6.840 -15.939 -16.550
  -6.837 -16.066 -16.066
  -6.834 -15.358 -16.129
  -6.831 -15.866 -16.898
  -6.828 -49.500     NaN
  -6.825 -15.494 -16.786
  -6.822 -16.348 -16.599
  -6.819 -16.016 -16.805
  -6.816 -16.075 -16.266
  -6.813 -15.533 -15.734
  -6.810 -49.500     NaN
  -6.807 -49.500     NaN
  -6.804 -15.949 -49.500
  -6.801 -16.452 -16.635
  -6.798 -49.500     NaN
  -6.795 -15.965 -16.329
  -6.792 -15.684 -16.385
  -6.789 -16.505 -16.505
  -6.787 -16.346 -49.500
  -6.784 -16.157 -49.500
  -6.781 -16.390 -16.861
  -6.778 -16.478 -16.664
  -6.775 -16.789 -49.500
  -6.773 -16.128 -16.423
  -6.770 -16.161 -49.500
  -6.767 -49.500     NaN
  -6.765 -16.141 -17.157
  -6.762 -49.500     NaN
  -6.759 -49.500     NaN
  -6.757 -49.500     NaN
  -6.754 -49.500     NaN
  -6.751 -16.197 -49.500
  -6.749 -15.674 -16.037
  -6.746 -49.500 -49.500
  -6.744 -16.351 -16.518
  -6.741 -49.500 -49.500
  -6.739 -49.500     NaN
  -6.736 -49.500     NaN
  -6.734 -16.500 -16.685
  -6.731 -49.500     NaN
  -6.729 -49.500     NaN
  -6.726 -15.821 -15.821
  -6.724 -49.500 -49.500
  -6.721 -16.728 -49.500
  -6.719 -16.442 -16.442
  -6.717 -15.659 -49.500
  -6.714 -49.500 -49.500
  -6.712 -49.500 -49.500
  -6.709 -49.500     NaN
  -6.707 -49.500 -49.500
  -6.705 -16.353 -49.500
  -6.702 -49.500 -49.500
  -6.700 -49.500 -49.500
  -6.698 -49.500 -49.500
  -6.696 -49.500 -49.500
  -6.693 -49.500 -49.500
  -6.691 -49.500     NaN
  -6.689 -16.698 -49.500
  -6.687 -16.026 -16.026
  -6.684 -16.281 -49.500
  -6.682 -49.500     NaN
  -6.680 -16.565 -49.500
  -6.678 -49.500 -49.500
  -6.675 -49.500 -49.500
  -6.673 -49.500 -49.500
  -6.671 -49.500 -49.500
  -6.669 -15.441 -15.441
  -6.667 -16.316 -49.500
  -6.665 -49.500 -49.500
  -6.663 -16.361 -16.361
  -6.661 -49.500 -49.500
  -6.658 -49.500 -49.500
  -6.656 -49.500 -49.500
  -6.654 -49.500 -49.500
  -6.652 -16.548 -16.548
  -6.650 -49.500 -49.500
  -6.648 -49.500 -49.500
  -6.646 -49.500 -49.500
  -6.644 -49.500     NaN
  -6.642 -49.500     NaN
  -6.640 -49.500 -49.500
  -6.638 -49.500 -49.500
  -6.636 -49.500 -49.500
  -6.634 -16.657 -16.657
  -6.632 -49.500 -49.500
  -6.630 -16.185 -49.500
  -6.628 -49.500 -49.500
  -6.626 -16.266 -16.266
  -6.624 -49.500     NaN
  -6.622 -49.500     NaN
  -6.620 -49.500 -49.500
  -6.618 -16.775 -49.500
  -6.617 -49.500 -49.500
  -6.615 -49.500 -49.500
  -6.613 -49.500 -49.500
  -6.611 -49.500     NaN
  -6.609 -49.500 -49.500
  -6.607 -15.709 -15.709
  -6.605 -49.500 -49.500
  -6.603 -16.444 -16.444
  -6.602 -49.500 -49.500
  -6.600 -49.500 -49.500
  -6.598 -49.500     NaN
  -6.596 -49.500     NaN
  -6.594 -49.500 -49.500
