  -8.861 -14.168 -14.168
  -8.599 -14.227 -14.227
  -8.442 -14.289 -14.289
  -8.329 -14.326 -14.326
  -8.239 -14.463 -14.463
  -8.166 -14.436 -14.436
  -8.103 -14.532 -14.532
  -8.048 -14.619 -14.619
  -7.999 -14.549 -14.549
  -7.955 -14.700 -14.700
  -7.916 -14.571 -14.571
  -7.879 -14.522 -14.679
  -7.846 -14.711 -14.711
  -7.815 -14.708 -14.708
  -7.786 -14.943 -14.943
  -7.758 -14.845 -14.845
  -7.733 -14.517 -14.987
  -7.709 -14.684 -14.684
  -7.686 -14.862 -14.862
  -7.664 -14.660 -14.889
  -7.643 -14.667 -14.667
  -7.624 -14.834 -14.834
  -7.605 -14.961 -14.961
  -7.586 -15.035 -15.035
  -7.569 -15.023 -15.023
  -7.552 -14.833 -15.079
  -7.536 -14.816 -15.189
  -7.521 -15.156 -15.156
  -7.506 -14.368 -14.853
  -7.491 -15.044 -15.221
  -7.477 -15.049 -15.205
  -7.464 -15.080 -15.080
  -7.451 -14.881 -15.043
  -7.438 -15.135 -15.135
  -7.425 -15.025 -15.025
  -7.413 -15.123 -15.123
  -7.401 -15.289 -15.289
  -7.390 -15.456 -15.456
  -7.379 -15.280 -15.280
  -7.368 -14.988 -14.988
  -7.357 -15.242 -15.452
  -7.347 -15.271 -15.423
  -7.337 -15.038 -15.038
  -7.327 -15.410 -15.583
  -7.317 -15.167 -15.167
  -7.308 -15.602 -15.602
  -7.299 -15.259 -15.659
  -7.290 -15.255 -15.490
  -7.281 -15.057 -15.271
  -7.272 -15.529 -15.529
  -7.264 -15.556 -15.556
  -7.255 -15.514 -15.841
  -7.247 -15.277 -15.438
  -7.239 -14.865 -15.224
  -7.231 -15.835 -15.835
  -7.223 -15.381 -15.579
  -7.216 -15.623 -15.623
  -7.208 -15.682 -15.682
  -7.201 -15.185 -15.384
  -7.194 -15.102 -15.298
  -7.187 -15.665 -15.665
  -7.180 -15.501 -15.686
  -7.173 -15.481 -15.793
  -7.166 -15.568 -15.856
  -7.159 -14.270 -15.595
  -7.153 -15.733 -15.733
  -7.146 -15.765 -15.765
  -7.140 -15.826 -15.991
  -7.133 -15.131 -15.388
  -7.127 -14.344 -15.460
  -7.121 -15.975 -16.137
  -7.115 -15.281 -15.687
  -7.109 -15.382 -15.540
  -7.103 -15.940 -15.940
  -7.098 -15.599 -15.817
  -7.092 -15.997 -16.172
  -7.086 -15.359 -16.093
  -7.081 -15.541 -15.903
  -7.075 -15.823 -16.021
  -7.070 -15.890 -16.214
  -7.064 -15.985 -16.174
  -7.059 -16.116 -16.116
  -7.054 -15.779 -16.185
  -7.049 -15.306 -15.622
  -7.043 -15.812 -15.812
  -7.038 -15.393 -15.657
  -7.033 -15.713 -15.713
  -7.029 -15.676 -15.829
  -7.024 -15.719 -15.719
  -7.019 -15.822 -15.973
  -7.014 -15.382 -16.501
  -7.009 -16.022 -16.022
  -7.005 -15.950 -15.950
  -7.000 -16.522 -16.816
  -6.995 -15.730 -15.945
  -6.991 -16.123 -16.339
  -6.986 -15.738 -16.148
  -6.982 -15.978 -16.464
  -6.978 -15.922 -16.271
  -6.973 -16.104 -16.322
  -6.969 -16.316 -16.316
  -6.965 -16.634 -16.634
  -6.961 -17.083 -21.904
  -6.956 -14.808 -16.235
  -6.952 -16.714 -16.898
  -6.948 -15.554 -15.911
  -6.944 -16.340 -16.615
  -6.940 -14.775 -17.669
  -6.936 -15.923 -16.079
  -6.932 -16.824 -17.235
  -6.928 -16.069 -16.232
  -6.924 -15.899 -15.899
  -6.920 -16.357 -22.914
  -6.917 -15.859 -16.155
  -6.913 -49.500     NaN
  -6.909 -14.735 -16.406
  -6.905 -16.344 -16.512
  -6.902 -16.062 -16.461
  -6.898 -16.008 -16.688
  -6.894 -16.335 -16.584
  -6.891 -15.869 -49.500
  -6.887 -16.718 -49.500
  -6.884 -16.925 -49.500
  -6.880 -16.852 -49.500
  -6.877 -16.025 -16.902
  -6.873 -16.141 -16.557
  -6.870 -15.863 -16.326
  -6.867 -16.757 -49.500
  -6.863 -15.280 -16.253
  -6.860 -16.480 -49.500
  -6.857 -15.312 -16.418
  -6.853 -49.500 -49.500
  -6.850 -15.939 -15.939
  -6.847 -49.500     NaN
  -6.844 -49.500 -49.500
  -6.840 -16.377 -49.500
  -6.837 -49.500     NaN
  -6.834 -15.617 -15.879
  -6.831 -16.146 -16.855
  -6.828 -15.297 -16.522
  -6.825 -16.124 -49.500
  -6.822 -49.500     NaN
  -6.819 -49.500     NaN
  -6.816 -16.465 -16.715
  -6.813 -49.500     NaN
  -6.810 -16.356 -49.500
  -6.807 -49.500     NaN
  -6.804 -49.500     NaN
  -6.801 -16.951 -49.500
  -6.798 -49.500     NaN
  -6.795 -49.500     NaN
  -6.792 -16.251 -16.494
  -6.789 -16.912 -49.500
  -6.787 -15.762 -16.263
  -6.784 -49.500     NaN
  -6.781 -15.154 -15.570
  -6.778 -49.500     NaN
  -6.775 -49.500     NaN
  -6.773 -16.071 -16.316
  -6.770 -49.500     NaN
  -6.767 -15.635 -15.635
  -6.765 -15.747 -16.724
  -6.762 -15.627 -16.145
  -6.759 -49.500     NaN
  -6.757 -49.500 -49.500
  -6.754 -16.163 -49.500
  -6.751 -16.582 -16.794
  -6.749 -15.579 -49.500
  -6.746 -49.500     NaN
  -6.744 -16.369 -16.369
  -6.741 -16.217 -49.500
  -6.739 -16.437 -16.437
  -6.736 -15.863 -16.613
  -6.734 -49.500     NaN
  -6.731 -49.500     NaN
  -6.729 -49.500     NaN
  -6.726 -15.326 -16.322
  -6.724 -49.500     NaN
  -6.721 -16.303 -16.600
  -6.719 -49.500 -49.500
  -6.717 -49.500     NaN
  -6.714 -15.943 -15.943
  -6.712 -49.500     NaN
  -6.709 -49.500 -49.500
  -6.707 -15.984 -49.500
  -6.705 -49.500     NaN
  -6.702 -15.352 -15.352
  -6.700 -49.500 -49.500
  -6.698 -49.500     NaN
  -6.696 -49.500 -49.500
  -6.693 -16.388 -49.500
  -6.691 -49.500 -49.500
  -6.689 -49.500 -49.500
  -6.687 -49.500 -49.500
  -6.684 -49.500     NaN
  -6.682 -16.696 -49.500
  -6.680 -49.500 -49.500
  -6.678 -15.829 -49.500
  -6.675 -14.576 -14.576
  -6.673 -16.618 -49.500
  -6.671 -49.500 -49.500
  -6.669 -49.500 -49.500
  -6.667 -16.318 -49.500
  -6.665 -49.500 -49.500
  -6.663 -49.500     NaN
  -6.661 -15.644 -15.644
  -6.658 -49.500 -49.500
  -6.656 -16.562 -49.500
  -6.654 -49.500 -49.500
  -6.652 -16.722 -16.722
  -6.650 -15.393 -15.393
  -6.648 -49.500     NaN
  -6.646 -49.500 -49.500
  -6.644 -49.500 -49.500
  -6.642 -49.500 -49.500
  -6.640 -16.515 -16.515
  -6.638 -49.500 -49.500
  -6.636 -49.500     NaN
  -6.634 -49.500 -49.500
  -6.632 -49.500 -49.500
  -6.630 -49.500 -49.500
  -6.628 -49.500     NaN
  -6.626 -14.846 -14.846
  -6.624 -49.500 -49.500
  -6.622 -49.500     NaN
  -6.620 -49.500 -49.500
  -6.618 -16.654 -16.654
  -6.617 -49.500 -49.500
  -6.615 -49.500     NaN
  -6.613 -49.500 -49.500
  -6.611 -49.500 -49.500
  -6.609 -49.500 -49.500
  -6.607 -49.500 -49.500
  -6.605 -49.500     NaN
  -6.603 -49.500 -49.500
  -6.602 -49.500 -49.500
  -6.600 -49.500 -49.500
  -6.598 -16.362 -16.362
  -6.596 -49.500 -49.500
  -6.594 -49.500 -49.500
