  -8.861 -14.169 -14.169
  -8.599 -14.246 -14.246
  -8.442 -14.330 -14.330
  -8.329 -14.372 -14.372
  -8.239 -14.420 -14.420
  -8.166 -14.490 -14.490
  -8.103 -14.542 -14.542
  -8.048 -14.334 -14.553
  -7.999 -14.545 -14.545
  -7.955 -14.639 -14.639
  -7.916 -14.787 -14.787
  -7.879 -14.755 -14.755
  -7.846 -14.823 -14.823
  -7.815 -14.774 -14.774
  -7.786 -14.791 -14.791
  -7.758 -14.877 -14.877
  -7.733 -14.867 -14.867
  -7.709 -14.698 -14.698
  -7.686 -14.934 -14.934
  -7.664 -14.810 -14.810
  -7.643 -14.294 -14.776
  -7.624 -14.652 -15.035
  -7.605 -14.894 -14.894
  -7.586 -14.870 -14.870
  -7.569 -15.022 -15.022
  -7.552 -14.865 -15.159
  -7.536 -15.106 -15.106
  -7.521 -14.787 -14.787
  -7.506 -14.874 -15.107
  -7.491 -14.963 -15.322
  -7.477 -15.091 -15.265
  -7.464 -15.181 -15.181
  -7.451 -14.867 -14.867
  -7.438 -15.008 -15.288
  -7.425 -15.110 -15.110
  -7.413 -14.633 -15.380
  -7.401 -15.136 -15.136
  -7.390 -15.378 -15.378
  -7.379 -15.197 -15.197
  -7.368 -15.340 -15.340
  -7.357 -15.236 -15.404
  -7.347 -15.113 -15.113
  -7.337 -15.091 -15.274
  -7.327 -15.222 -15.222
  -7.317 -14.993 -15.514
  -7.308 -15.001 -15.001
  -7.299 -15.479 -15.479
  -7.290 -15.010 -15.175
  -7.281 -15.357 -15.357
  -7.272 -15.267 -15.418
  -7.264 -15.424 -15.424
  -7.255 -15.561 -15.561
  -7.247 -14.970 -15.130
  -7.239 -15.120 -15.368
  -7.231 -15.957 -15.957
  -7.223 -15.730 -15.730
  -7.216 -15.646 -15.646
  -7.208 -15.634 -15.634
  -7.201 -15.815 -15.815
  -7.194 -15.364 -15.663
  -7.187 -15.811 -15.811
  -7.180 -15.065 -15.267
  -7.173 -15.484 -15.484
  -7.166 -15.552 -15.709
  -7.159 -15.578 -16.115
  -7.153 -15.588 -15.887
  -7.146 -14.925 -15.536
  -7.140 -15.770 -15.770
  -7.133 -15.271 -15.820
  -7.127 -15.286 -15.974
  -7.121 -15.726 -15.959
  -7.115 -15.545 -15.710
  -7.109 -15.597 -15.842
  -7.103 -16.288 -16.288
  -7.098 -15.345 -15.345
  -7.092 -15.590 -15.590
  -7.086 -15.652 -15.827
  -7.081 -15.594 -15.787
  -7.075 -15.249 -15.835
  -7.070 -15.441 -15.441
  -7.064 -14.997 -15.876
  -7.059 -15.651 -16.076
  -7.054 -15.417 -15.417
  -7.049 -15.858 -15.858
  -7.043 -16.050 -16.263
  -7.038 -15.905 -15.905
  -7.033 -15.726 -15.726
  -7.029 -15.528 -16.124
  -7.024 -15.711 -15.711
  -7.019 -15.624 -16.068
  -7.014 -15.959 -16.154
  -7.009 -15.035 -16.845
  -7.005 -15.563 -15.753
  -7.000 -16.126 -16.126
  -6.995 -15.600 -15.927
  -6.991 -16.277 -16.277
  -6.986 -16.140 -16.412
  -6.982 -15.660 -16.457
  -6.978 -15.626 -15.779
  -6.973 -15.909 -16.280
  -6.969 -15.471 -15.666
  -6.965 -16.212 -16.558
  -6.961 -15.695 -16.473
  -6.956 -16.072 -17.106
  -6.952 -16.198 -16.724
  -6.948 -15.943 -15.943
  -6.944 -15.341 -16.410
  -6.940 -16.138 -16.405
  -6.936 -15.649 -15.855
  -6.932 -15.881 -16.283
  -6.928 -15.479 -22.230
  -6.924 -15.467 -15.891
  -6.920 -16.160 -16.384
  -6.917 -15.741 -16.089
  -6.913 -15.723 -16.330
  -6.909 -16.372 -16.584
  -6.905 -15.429 -49.500
  -6.902 -15.300 -16.151
  -6.898 -16.317 -16.488
  -6.894 -16.170 -16.457
  -6.891 -49.500     NaN
  -6.887 -15.847 -16.007
  -6.884 -16.559 -49.500
  -6.880 -15.784 -49.500
  -6.877 -16.515 -17.002
  -6.873 -15.481 -15.683
  -6.870 -16.414 -16.649
  -6.867 -16.634 -16.872
  -6.863 -16.209 -49.500
  -6.860 -16.504 -49.500
  -6.857 -16.256 -16.683
  -6.853 -16.089 -16.995
  -6.850 -16.745 -49.500
  -6.847 -16.769 -49.500
  -6.844 -49.500 -49.500
  -6.840 -16.220 -49.500
  -6.837 -15.095 -15.545
  -6.834 -16.573 -49.500
  -6.831 -15.440 -16.371
  -6.828 -16.369 -16.553
  -6.825 -16.461 -49.500
  -6.822 -15.930 -16.578
  -6.819 -49.500     NaN
  -6.816 -16.288 -49.500
  -6.813 -16.332 -16.568
  -6.810 -15.951 -49.500
  -6.807 -16.717 -49.500
  -6.804 -15.329 -49.500
  -6.801 -15.917 -49.500
  -6.798 -15.962 -16.825
  -6.795 -16.678 -49.500
  -6.792 -16.781 -49.500
  -6.789 -16.207 -16.494
  -6.787 -49.500     NaN
  -6.784 -15.242 -15.978
  -6.781 -16.283 -49.500
  -6.778 -14.960 -49.500
  -6.775 -15.534 -49.500
  -6.773 -16.178 -49.500
  -6.770 -49.500     NaN
  -6.767 -16.293 -49.500
  -6.765 -16.779 -49.500
  -6.762 -15.291 -16.550
  -6.759 -15.605 -49.500
  -6.757 -16.526 -49.500
  -6.754 -49.500     NaN
  -6.751 -49.500     NaN
  -6.749 -49.500     NaN
  -6.746 -15.091 -49.500
  -6.744 -16.680 -49.500
  -6.741 -16.502 -49.500
  -6.739 -49.500 -49.500
  -6.736 -15.973 -49.500
  -6.734 -15.824 -15.824
  -6.731 -49.500     NaN
  -6.729 -16.538 -16.538
  -6.726 -49.500 -49.500
  -6.724 -49.500 -49.500
  -6.721 -49.500     NaN
  -6.719 -49.500 -49.500
  -6.717 -16.775 -49.500
  -6.714 -16.709 -16.709
  -6.712 -49.500 -49.500
  -6.709 -49.500 -49.500
  -6.707 -49.500 -49.500
  -6.705 -49.500 -49.500
  -6.702 -49.500     NaN
  -6.700 -15.925 -49.500
  -6.698 -49.500 -49.500
  -6.696 -15.932 -49.500
  -6.693 -49.500 -49.500
  -6.691 -49.500 -49.500
  -6.689 -16.473 -49.500
  -6.687 -49.500 -49.500
  -6.684 -49.500     NaN
  -6.682 -16.151 -49.500
  -6.680 -15.326 -15.326
  -6.678 -16.292 -49.500
  -6.675 -49.500 -49.500
  -6.673 -49.500 -49.500
  -6.671 -49.500 -49.500
  -6.669 -49.500 -49.500
  -6.667 -49.500 -49.500
  -6.665 -49.500 -49.500
  -6.663 -16.247 -16.247
  -6.661 -15.915 -16.207
  -6.658 -49.500     NaN
  -6.656 -49.500     NaN
  -6.654 -49.500 -49.500
  -6.652 -49.500 -49.500
  -6.650 -49.500     NaN
  -6.648 -49.500 -49.500
  -6.646 -49.500 -49.500
  -6.644 -16.845 -49.500
  -6.642 -49.500     NaN
  -6.640 -16.449 -16.449
  -6.638 -15.964 -15.964
  -6.636 -49.500 -49.500
  -6.634 -49.500 -49.500
  -6.632 -49.500 -49.500
  -6.630 -49.500 -49.500
  -6.628 -15.971 -15.971
  -6.626 -49.500 -49.500
  -6.624 -49.500 -49.500
  -6.622 -49.500 -49.500
  -6.620 -15.524 -15.524
  -6.618 -49.500     NaN
  -6.617 -16.277 -49.500
  -6.615 -49.500     NaN
  -6.613 -49.500     NaN
  -6.611 -49.500 -49.500
  -6.609 -49.500 -49.500
  -6.607 -16.513 -16.513
  -6.605 -49.500 -49.500
  -6.603 -49.500     NaN
  -6.602 -49.500 -49.500
  -6.600 -49.500 -49.500
  -6.598 -49.500 -49.500
  -6.596 -15.631 -15.631
  -6.594 -49.500 -49.500
