  -8.861 -14.170 -14.170
  -8.599 -14.239 -14.239
  -8.442 -14.276 -14.276
  -8.329 -14.417 -14.417
  -8.239 -14.421 -14.421
  -8.166 -14.465 -14.465
  -8.103 -14.485 -14.485
  -8.048 -14.335 -14.533
  -7.999 -14.510 -14.510
  -7.955 -14.646 -14.646
  -7.916 -14.707 -14.707
  -7.879 -14.717 -14.717
  -7.846 -14.711 -14.711
  -7.815 -14.781 -14.781
  -7.786 -14.684 -14.684
  -7.758 -14.787 -14.787
  -7.733 -14.727 -14.727
  -7.709 -14.965 -14.965
  -7.686 -14.813 -14.813
  -7.664 -14.921 -14.921
  -7.643 -14.621 -15.054
  -7.624 -14.847 -15.057
  -7.605 -15.033 -15.033
  -7.586 -14.769 -15.038
  -7.569 -14.709 -15.181
  -7.552 -14.915 -14.915
  -7.536 -14.883 -14.883
  -7.521 -15.053 -15.053
  -7.506 -15.200 -15.200
  -7.491 -14.954 -15.258
  -7.477 -14.780 -14.780
  -7.464 -14.860 -15.239
  -7.451 -15.023 -15.023
  -7.438 -15.259 -15.259
  -7.425 -15.464 -15.464
  -7.413 -15.315 -15.315
  -7.401 -15.122 -15.450
  -7.390 -15.142 -15.302
  -7.379 -15.311 -15.311
  -7.368 -15.256 -15.409
  -7.357 -14.901 -15.072
  -7.347 -15.154 -15.510
  -7.337 -15.378 -15.378
  -7.327 -15.172 -15.576
  -7.317 -15.505 -15.505
  -7.308 -15.693 -15.693
  -7.299 -15.105 -15.283
  -7.290 -15.194 -15.370
  -7.281 -15.069 -15.069
  -7.272 -15.666 -15.666
  -7.264 -15.576 -15.778
  -7.255 -15.327 -15.327
  -7.247 -15.514 -15.514
  -7.239 -15.232 -16.098
  -7.231 -15.458 -15.458
  -7.223 -15.471 -15.471
  -7.216 -15.483 -15.483
  -7.208 -15.245 -15.245
  -7.201 -15.586 -15.586
  -7.194 -15.736 -15.993
  -7.187 -15.232 -15.232
  -7.180 -15.614 -15.768
  -7.173 -14.870 -15.707
  -7.166 -15.312 -15.499
  -7.159 -15.963 -15.963
  -7.153 -16.050 -16.050
  -7.146 -15.565 -15.808
  -7.140 -15.528 -15.881
  -7.133 -15.344 -15.767
  -7.127 -15.594 -15.762
  -7.121 -15.664 -15.833
  -7.115 -15.641 -15.641
  -7.109 -15.631 -15.811
  -7.103 -15.594 -15.594
  -7.098 -15.584 -15.859
  -7.092 -15.494 -15.778
  -7.086 -15.661 -15.931
  -7.081 -15.912 -16.253
  -7.075 -15.389 -15.797
  -7.070 -16.339 -16.537
  -7.064 -15.957 -15.957
  -7.059 -15.824 -15.824
  -7.054 -15.601 -16.053
  -7.049 -15.715 -15.909
  -7.043 -15.729 -16.060
  -7.038 -16.131 -16.131
  -7.033 -15.235 -15.458
  -7.029 -15.930 -16.344
  -7.024 -16.051 -16.377
  -7.019 -16.582 -16.582
  -7.014 -15.070 -15.070
  -7.009 -15.338 -16.111
  -7.005 -15.952 -16.163
  -7.000 -15.858 -15.858
  -6.995 -16.002 -16.720
  -6.991 -15.449 -15.740
  -6.986 -15.717 -16.319
  -6.982 -15.926 -15.926
  -6.978 -16.263 -16.263
  -6.973 -16.211 -16.424
  -6.969 -16.330 -16.844
  -6.965 -15.868 -16.165
  -6.961 -17.131 -21.720
  -6.956 -16.073 -16.251
  -6.952 -16.242 -16.677
  -6.948 -15.500 -16.589
  -6.944 -16.509 -16.892
  -6.940 -16.043 -16.043
  -6.936 -16.170 -16.425
  -6.932 -15.880 -16.771
  -6.928 -49.500 -49.500
  -6.924 -16.137 -16.137
  -6.920 -15.796 -16.032
  -6.917 -16.035 -22.016
  -6.913 -16.110 -16.280
  -6.909 -16.345 -16.511
  -6.905 -16.075 -16.449
  -6.902 -17.095 -17.352
  -6.898 -15.752 -15.752
  -6.894 -15.963 -16.119
  -6.891 -16.476 -16.935
  -6.887 -16.143 -16.382
  -6.884 -16.320 -16.320
  -6.880 -16.120 -16.273
  -6.877 -15.135 -49.500
  -6.873 -16.157 -16.157
  -6.870 -16.195 -16.590
  -6.867 -16.587 -49.500
  -6.863 -15.219 -16.467
  -6.860 -49.500     NaN
  -6.857 -16.648 -17.070
  -6.853 -16.003 -16.246
  -6.850 -16.546 -16.779
  -6.847 -16.523 -49.500
  -6.844 -16.589 -16.977
  -6.840 -15.962 -16.918
  -6.837 -16.610 -49.500
  -6.834 -15.833 -16.456
  -6.831 -49.500 -49.500
  -6.828 -16.768 -49.500
  -6.825 -15.997 -16.545
  -6.822 -15.434 -16.568
  -6.819 -49.500     NaN
  -6.816 -49.500     NaN
  -6.813 -49.500     NaN
  -6.810 -15.958 -16.166
  -6.807 -16.175 -49.500
  -6.804 -16.224 -49.500
  -6.801 -16.443 -16.695
  -6.798 -16.179 -49.500
  -6.795 -49.500     NaN
  -6.792 -16.164 -16.687
  -6.789 -14.545 -49.500
  -6.787 -16.081 -49.500
  -6.784 -15.878 -49.500
  -6.781 -16.190 -49.500
  -6.778 -16.189 -49.500
  -6.775 -49.500     NaN
  -6.773 -49.500     NaN
  -6.770 -49.500     NaN
  -6.767 -16.824 -49.500
  -6.765 -49.500     NaN
  -6.762 -15.813 -16.092
  -6.759 -49.500     NaN
  -6.757 -49.500     NaN
  -6.754 -16.688 -16.688
  -6.751 -49.500 -49.500
  -6.749 -49.500 -49.500
  -6.746 -49.500 -49.500
  -6.744 -16.596 -16.596
  -6.741 -49.500     NaN
  -6.739 -49.500     NaN
  -6.736 -49.500     NaN
  -6.734 -15.223 -15.223
  -6.731 -15.827 -49.500
  -6.729 -16.466 -49.500
  -6.726 -49.500     NaN
  -6.724 -16.007 -49.500
  -6.721 -16.533 -49.500
  -6.719 -49.500 -49.500
  -6.717 -49.500 -49.500
  -6.714 -16.051 -16.051
  -6.712 -15.354 -16.192
  -6.709 -49.500     NaN
  -6.707 -49.500 -49.500
  -6.705 -49.500     NaN
  -6.702 -15.762 -49.500
  -6.700 -14.872 -14.872
  -6.698 -49.500     NaN
  -6.696 -49.500     NaN
  -6.693 -49.500 -49.500
  -6.691 -16.851 -49.500
  -6.689 -49.500     NaN
  -6.687 -49.500 -49.500
  -6.684 -49.500     NaN
  -6.682 -49.500     NaN
  -6.680 -16.605 -49.500
  -6.678 -49.500 -49.500
  -6.675 -15.996 -49.500
  -6.673 -49.500 -49.500
  -6.671 -16.589 -49.500
  -6.669 -49.500 -49.500
  -6.667 -49.500     NaN
  -6.665 -49.500 -49.500
  -6.663 -49.500     NaN
  -6.661 -49.500 -49.500
  -6.658 -15.460 -16.233
  -6.656 -16.824 -16.824
  -6.654 -49.500     NaN
  -6.652 -49.500 -49.500
  -6.650 -16.733 -49.500
  -6.648 -49.500 -49.500
  -6.646 -49.500 -49.500
  -6.644 -49.500     NaN
  -6.642 -16.418 -16.418
  -6.640 -49.500 -49.500
  -6.638 -16.371 -16.371
  -6.636 -15.799 -15.799
  -6.634 -49.500 -49.500
  -6.632 -49.500 -49.500
  -6.630 -49.500 -49.500
  -6.628 -49.500     NaN
  -6.626 -49.500 -49.500
  -6.624 -49.500 -49.500
  -6.622 -49.500 -49.500
  -6.620 -49.500 -49.500
  -6.618 -49.500 -49.500
  -6.617 -15.756 -49.500
  -6.615 -49.500 -49.500
  -6.613 -49.500 -49.500
  -6.611 -16.371 -16.371
  -6.609 -16.472 -49.500
  -6.607 -16.308 -16.308
  -6.605 -49.500 -49.500
  -6.603 -15.687 -15.687
  -6.602 -16.339 -16.339
  -6.600 -15.253 -15.253
  -6.598 -15.887 -49.500
  -6.596 -49.500 -49.500
  -6.594 -49.500 -49.500
