  -8.861 -14.171 -14.171
  -8.599 -14.239 -14.239
  -8.442 -14.311 -14.311
  -8.329 -14.388 -14.388
  -8.239 -14.402 -14.402
  -8.166 -14.491 -14.491
  -8.103 -14.512 -14.512
  -8.048 -14.599 -14.599
  -7.999 -14.578 -14.578
  -7.955 -14.612 -14.612
  -7.916 -14.613 -14.613
  -7.879 -14.508 -14.688
  -7.846 -14.628 -14.628
  -7.815 -14.654 -14.654
  -7.786 -14.724 -14.724
  -7.758 -14.711 -14.711
  -7.733 -14.726 -14.726
  -7.709 -14.820 -14.820
  -7.686 -14.843 -14.843
  -7.664 -14.781 -14.781
  -7.643 -14.817 -14.817
  -7.624 -14.927 -14.927
  -7.605 -15.028 -15.028
  -7.586 -14.928 -14.928
  -7.569 -14.815 -15.117
  -7.552 -14.882 -15.040
  -7.536 -14.973 -14.973
  -7.521 -14.820 -14.983
  -7.506 -14.970 -14.970
  -7.491 -15.121 -15.121
  -7.477 -14.604 -15.189
  -7.464 -14.786 -14.950
  -7.451 -15.005 -15.005
  -7.438 -14.987 -14.987
  -7.425 -14.810 -15.121
  -7.413 -15.323 -15.323
  -7.401 -14.949 -15.150
  -7.390 -15.049 -15.049
  -7.379 -15.167 -15.167
  -7.368 -15.518 -15.518
  -7.357 -15.565 -15.565
  -7.347 -15.281 -15.281
  -7.337 -15.347 -15.347
  -7.327 -15.169 -15.484
  -7.317 -15.622 -15.622
  -7.308 -14.937 -14.937
  -7.299 -15.479 -15.479
  -7.290 -14.957 -14.957
  -7.281 -15.098 -15.098
  -7.272 -15.476 -15.666
  -7.264 -15.474 -15.739
  -7.255 -15.628 -15.628
  -7.247 -15.065 -15.549
  -7.239 -15.671 -15.910
  -7.231 -15.267 -15.491
  -7.223 -15.482 -15.751
  -7.216 -14.979 -15.350
  -7.208 -15.462 -15.696
  -7.201 -15.126 -15.825
  -7.194 -15.023 -15.551
  -7.187 -15.231 -15.469
  -7.180 -15.483 -15.804
  -7.173 -15.769 -15.769
  -7.166 -15.617 -15.617
  -7.159 -15.583 -15.583
  -7.153 -15.510 -15.689
  -7.146 -15.535 -15.535
  -7.140 -16.057 -16.057
  -7.133 -15.317 -15.738
  -7.127 -15.359 -16.132
  -7.121 -15.808 -15.808
  -7.115 -15.952 -16.144
  -7.109 -15.895 -16.062
  -7.103 -15.151 -15.836
  -7.098 -15.489 -15.801
  -7.092 -15.510 -15.865
  -7.086 -15.812 -16.024
  -7.081 -15.621 -15.993
  -7.075 -16.004 -16.004
  -7.070 -15.955 -15.955
  -7.064 -15.772 -15.965
  -7.059 -15.424 -16.106
  -7.054 -15.758 -16.012
  -7.049 -15.131 -16.049
  -7.043 -15.696 -15.906
  -7.038 -15.984 -16.348
  -7.033 -15.440 -15.696
  -7.029 -15.916 -15.916
  -7.024 -16.116 -16.276
  -7.019 -15.422 -16.178
  -7.014 -15.431 -15.656
  -7.009 -16.200 -16.200
  -7.005 -16.003 -16.156
  -7.000 -16.144 -16.464
  -6.995 -15.494 -15.685
  -6.991 -16.312 -16.312
  -6.986 -16.624 -22.636
  -6.982 -15.091 -15.766
  -6.978 -15.695 -16.289
  -6.973 -22.638 -22.638
  -6.969 -16.272 -16.566
  -6.965 -16.491 -16.707
  -6.961 -16.009 -16.273
  -6.956 -15.961 -16.129
  -6.952 -16.316 -16.841
  -6.948 -17.030 -22.383
  -6.944 -16.276 -16.276
  -6.940 -15.935 -16.722
  -6.936 -15.537 -15.862
  -6.932 -15.698 -16.307
  -6.928 -15.913 -16.115
  -6.924 -16.545 -49.500
  -6.920 -16.215 -16.817
  -6.917 -16.207 -49.500
  -6.913 -49.500     NaN
  -6.909 -16.209 -16.856
  -6.905 -15.832 -16.086
  -6.902 -15.707 -16.343
  -6.898 -15.836 -17.255
  -6.894 -16.297 -16.967
  -6.891 -16.100 -49.500
  -6.887 -16.501 -16.682
  -6.884 -16.172 -16.512
  -6.880 -16.338 -16.783
  -6.877 -16.288 -16.700
  -6.873 -16.357 -16.599
  -6.870 -15.668 -15.855
  -6.867 -16.818 -49.500
  -6.863 -16.314 -17.229
  -6.860 -15.593 -16.019
  -6.857 -49.500     NaN
  -6.853 -16.133 -16.358
  -6.850 -16.800 -17.032
  -6.847 -16.166 -16.445
  -6.844 -16.253 -16.549
  -6.840 -49.500 -49.500
  -6.837 -16.204 -16.801
  -6.834 -15.822 -16.621
  -6.831 -16.490 -49.500
  -6.828 -16.105 -16.877
  -6.825 -16.451 -49.500
  -6.822 -16.544 -16.745
  -6.819 -49.500     NaN
  -6.816 -16.251 -16.443
  -6.813 -14.815 -16.057
  -6.810 -16.377 -49.500
  -6.807 -49.500     NaN
  -6.804 -16.743 -49.500
  -6.801 -16.424 -49.500
  -6.798 -16.235 -16.450
  -6.795 -16.410 -16.410
  -6.792 -16.374 -49.500
  -6.789 -16.602 -16.963
  -6.787 -16.836 -49.500
  -6.784 -49.500     NaN
  -6.781 -16.572 -49.500
  -6.778 -16.204 -16.781
  -6.775 -15.855 -15.855
  -6.773 -15.725 -49.500
  -6.770 -49.500     NaN
  -6.767 -49.500     NaN
  -6.765 -49.500 -49.500
  -6.762 -49.500     NaN
  -6.759 -16.672 -16.941
  -6.757 -16.978 -49.500
  -6.754 -49.500     NaN
  -6.751 -16.530 -49.500
  -6.749 -49.500     NaN
  -6.746 -16.795 -49.500
  -6.744 -15.948 -15.948
  -6.741 -49.500     NaN
  -6.739 -16.741 -16.741
  -6.736 -49.500 -49.500
  -6.734 -16.781 -49.500
  -6.731 -49.500 -49.500
  -6.729 -15.810 -49.500
  -6.726 -49.500 -49.500
  -6.724 -15.737 -16.145
  -6.721 -16.410 -49.500
  -6.719 -49.500     NaN
  -6.717 -49.500 -49.500
  -6.714 -49.500 -49.500
  -6.712 -16.275 -49.500
  -6.709 -16.212 -49.500
  -6.707 -49.500 -49.500
  -6.705 -49.500     NaN
  -6.702 -15.907 -16.300
  -6.700 -14.820 -16.211
  -6.698 -16.046 -49.500
  -6.696 -49.500 -49.500
  -6.693 -49.500 -49.500
  -6.691 -49.500 -49.500
  -6.689 -49.500     NaN
  -6.687 -49.500 -49.500
  -6.684 -16.377 -16.377
  -6.682 -49.500     NaN
  -6.680 -49.500     NaN
  -6.678 -49.500     NaN
  -6.675 -49.500     NaN
  -6.673 -16.378 -49.500
  -6.671 -49.500     NaN
  -6.669 -49.500     NaN
  -6.667 -49.500 -49.500
  -6.665 -15.676 -49.500
  -6.663 -49.500 -49.500
  -6.661 -49.500 -49.500
  -6.658 -49.500 -49.500
  -6.656 -49.500 -49.500
  -6.654 -49.500     NaN
  -6.652 -49.500     NaN
  -6.650 -16.207 -16.207
  -6.648 -16.123 -16.123
  -6.646 -49.500 -49.500
  -6.644 -49.500 -49.500
  -6.642 -49.500 -49.500
  -6.640 -49.500 -49.500
  -6.638 -49.500 -49.500
  -6.636 -49.500 -49.500
  -6.634 -49.500 -49.500
  -6.632 -15.579 -49.500
  -6.630 -49.500 -49.500
  -6.628 -15.337 -15.337
  -6.626 -49.500 -49.500
  -6.624 -49.500 -49.500
  -6.622 -49.500 -49.500
  -6.620 -49.500 -49.500
  -6.618 -49.500 -49.500
  -6.617 -49.500 -49.500
  -6.615 -49.500 -49.500
  -6.613 -49.500 -49.500
  -6.611 -49.500     NaN
  -6.609 -49.500     NaN
  -6.607 -49.500 -49.500
  -6.605 -49.500 -49.500
  -6.603 -49.500     NaN
  -6.602 -49.500 -49.500
  -6.600 -49.500 -49.500
  -6.598 -16.200 -16.200
  -6.596 -15.213 -49.500
  -6.594 -49.500 -49.500
