  -8.861 -14.170 -14.170
  -8.599 -14.238 -14.238
  -8.442 -14.316 -14.316
  -8.329 -14.353 -14.353
  -8.239 -14.416 -14.416
  -8.166 -14.467 -14.467
  -8.103 -14.475 -14.475
  -8.048 -14.576 -14.576
  -7.999 -14.584 -14.584
  -7.955 -14.594 -14.594
  -7.916 -14.538 -14.538
  -7.879 -14.691 -14.691
  -7.846 -14.717 -14.717
  -7.815 -14.404 -14.777
  -7.786 -14.612 -14.776
  -7.758 -14.883 -14.883
  -7.733 -14.810 -14.810
  -7.709 -15.089 -15.089
  -7.686 -14.697 -14.697
  -7.664 -14.807 -14.960
  -7.643 -14.966 -14.966
  -7.624 -15.057 -15.057
  -7.605 -15.050 -15.050
  -7.586 -14.931 -14.931
  -7.569 -15.007 -15.007
  -7.552 -14.963 -14.963
  -7.536 -14.738 -14.738
  -7.521 -14.980 -14.980
  -7.506 -15.021 -15.021
  -7.491 -15.099 -15.304
  -7.477 -14.671 -15.028
  -7.464 -14.987 -14.987
  -7.451 -15.386 -15.386
  -7.438 -15.205 -15.205
  -7.425 -15.031 -15.031
  -7.413 -14.777 -15.236
  -7.401 -15.220 -15.220
  -7.390 -15.106 -15.106
  -7.379 -15.318 -15.318
  -7.368 -15.192 -15.347
  -7.357 -15.512 -15.512
  -7.347 -15.311 -15.311
  -7.337 -15.082 -15.082
  -7.327 -15.514 -15.514
  -7.317 -15.430 -15.430
  -7.308 -15.198 -15.633
  -7.299 -15.109 -15.513
  -7.290 -15.249 -15.249
  -7.281 -15.217 -15.636
  -7.272 -14.960 -15.189
  -7.264 -14.729 -15.023
  -7.255 -15.311 -15.311
  -7.247 -15.128 -15.404
  -7.239 -15.858 -15.858
  -7.231 -14.896 -15.648
  -7.223 -15.574 -15.574
  -7.216 -15.945 -15.945
  -7.208 -15.744 -15.744
  -7.201 -15.110 -15.652
  -7.194 -15.642 -15.642
  -7.187 -15.684 -15.879
  -7.180 -15.644 -15.644
  -7.173 -15.778 -15.778
  -7.166 -15.203 -15.482
  -7.159 -15.669 -15.669
  -7.153 -16.039 -16.039
  -7.146 -15.897 -16.291
  -7.140 -15.418 -15.839
  -7.133 -15.695 -15.695
  -7.127 -14.981 -15.354
  -7.121 -15.976 -16.142
  -7.115 -15.637 -15.637
  -7.109 -15.201 -15.201
  -7.103 -15.710 -15.710
  -7.098 -15.598 -15.598
  -7.092 -15.749 -16.046
  -7.086 -15.730 -16.062
  -7.081 -15.809 -15.809
  -7.075 -16.043 -16.043
  -7.070 -15.874 -16.156
  -7.064 -15.431 -15.431
  -7.059 -15.858 -15.858
  -7.054 -15.528 -15.874
  -7.049 -15.736 -15.736
  -7.043 -15.670 -15.986
  -7.038 -15.763 -15.920
  -7.033 -15.932 -15.932
  -7.029 -15.719 -16.081
  -7.024 -15.578 -15.578
  -7.019 -16.002 -16.359
  -7.014 -15.922 -15.922
  -7.009 -15.455 -15.455
  -7.005 -15.348 -15.736
  -7.000 -15.737 -16.003
  -6.995 -15.953 -16.184
  -6.991 -16.474 -16.474
  -6.986 -15.573 -15.894
  -6.982 -15.257 -15.624
  -6.978 -16.406 -16.832
  -6.973 -15.275 -16.905
  -6.969 -15.808 -16.427
  -6.965 -16.377 -16.868
  -6.961 -15.878 -16.179
  -6.956 -16.200 -16.907
  -6.952 -15.779 -16.634
  -6.948 -16.231 -16.478
  -6.944 -16.134 -16.299
  -6.940 -15.850 -16.291
  -6.936 -15.754 -16.337
  -6.932 -16.383 -16.678
  -6.928 -14.839 -16.082
  -6.924 -16.426 -17.005
  -6.920 -16.001 -16.682
  -6.917 -16.012 -16.389
  -6.913 -15.786 -49.500
  -6.909 -15.791 -15.990
  -6.905 -15.986 -16.179
  -6.902 -22.663 -22.663
  -6.898 -17.065 -49.500
  -6.894 -15.809 -16.617
  -6.891 -16.208 -16.386
  -6.887 -15.810 -15.975
  -6.884 -16.081 -16.351
  -6.880 -17.095 -49.500
  -6.877 -15.901 -16.074
  -6.873 -15.395 -16.183
  -6.870 -16.685 -17.003
  -6.867 -16.359 -16.359
  -6.863 -16.837 -49.500
  -6.860 -16.525 -49.500
  -6.857 -16.167 -16.506
  -6.853 -16.047 -16.771
  -6.850 -15.977 -16.514
  -6.847 -15.905 -16.437
  -6.844 -16.678 -49.500
  -6.840 -16.274 -49.500
  -6.837 -49.500     NaN
  -6.834 -15.969 -16.495
  -6.831 -16.116 -16.769
  -6.828 -15.924 -16.081
  -6.825 -16.581 -17.127
  -6.822 -49.500     NaN
  -6.819 -16.495 -16.976
  -6.816 -15.504 -15.681
  -6.813 -17.183 -49.500
  -6.810 -17.043 -17.043
  -6.807 -15.952 -49.500
  -6.804 -16.153 -16.347
  -6.801 -16.578 -49.500
  -6.798 -16.870 -49.500
  -6.795 -49.500     NaN
  -6.792 -15.784 -49.500
  -6.789 -16.216 -16.216
  -6.787 -49.500     NaN
  -6.784 -49.500     NaN
  -6.781 -16.095 -49.500
  -6.778 -16.043 -49.500
  -6.775 -16.490 -16.740
  -6.773 -16.309 -49.500
  -6.770 -16.316 -49.500
  -6.767 -49.500     NaN
  -6.765 -49.500     NaN
  -6.762 -49.500 -49.500
  -6.759 -49.500     NaN
  -6.757 -16.317 -49.500
  -6.754 -49.500     NaN
  -6.751 -49.500 -49.500
  -6.749 -49.500 -49.500
  -6.746 -16.181 -16.181
  -6.744 -15.252 -49.500
  -6.741 -49.500     NaN
  -6.739 -49.500 -49.500
  -6.736 -16.628 -16.628
  -6.734 -49.500     NaN
  -6.731 -16.514 -49.500
  -6.729 -15.729 -49.500
  -6.726 -16.585 -49.500
  -6.724 -49.500     NaN
  -6.721 -49.500 -49.500
  -6.719 -16.796 -49.500
  -6.717 -49.500 -49.500
  -6.714 -49.500     NaN
  -6.712 -16.286 -16.286
  -6.709 -16.133 -16.525
  -6.707 -49.500 -49.500
  -6.705 -15.854 -15.854
  -6.702 -15.821 -49.500
  -6.700 -49.500 -49.500
  -6.698 -49.500 -49.500
  -6.696 -16.128 -49.500
  -6.693 -16.313 -49.500
  -6.691 -49.500     NaN
  -6.689 -16.503 -16.503
  -6.687 -49.500 -49.500
  -6.684 -49.500 -49.500
  -6.682 -49.500     NaN
  -6.680 -16.767 -49.500
  -6.678 -49.500     NaN
  -6.675 -49.500 -49.500
  -6.673 -49.500     NaN
  -6.671 -15.096 -49.500
  -6.669 -16.292 -49.500
  -6.667 -49.500     NaN
  -6.665 -16.444 -16.649
  -6.663 -49.500 -49.500
  -6.661 -15.339 -15.339
  -6.658 -49.500     NaN
  -6.656 -49.500 -49.500
  -6.654 -49.500 -49.500
  -6.652 -49.500 -49.500
  -6.650 -49.500 -49.500
  -6.648 -49.500 -49.500
  -6.646 -49.500 -49.500
  -6.644 -16.638 -16.638
  -6.642 -16.625 -49.500
  -6.640 -16.327 -49.500
  -6.638 -49.500 -49.500
  -6.636 -15.745 -49.500
  -6.634 -49.500 -49.500
  -6.632 -49.500 -49.500
  -6.630 -16.481 -49.500
  -6.628 -49.500 -49.500
  -6.626 -49.500 -49.500
  -6.624 -15.769 -16.361
  -6.622 -49.500 -49.500
  -6.620 -49.500 -49.500
  -6.618 -16.172 -49.500
  -6.617 -49.500 -49.500
  -6.615 -16.063 -49.500
  -6.613 -49.500 -49.500
  -6.611 -49.500 -49.500
  -6.609 -49.500 -49.500
  -6.607 -49.500 -49.500
  -6.605 -49.500 -49.500
  -6.603 -49.500 -49.500
  -6.602 -16.403 -49.500
  -6.600 -49.500     NaN
  -6.598 -49.500 -49.500
  -6.596 -49.500 -49.500
  -6.594 -49.500 -49.500
