  -8.861 -14.161 -14.161
  -8.599 -14.260 -14.260
  -8.442 -14.289 -14.289
  -8.329 -14.326 -14.326
  -8.239 -14.413 -14.413
  -8.166 -14.398 -14.398
  -8.103 -14.488 -14.488
  -8.048 -14.622 -14.622
  -7.999 -14.487 -14.487
  -7.955 -14.610 -14.610
  -7.916 -14.670 -14.670
  -7.879 -14.677 -14.677
  -7.846 -14.711 -14.711
  -7.815 -14.756 -14.756
  -7.786 -14.710 -14.710
  -7.758 -14.765 -14.765
  -7.733 -14.785 -14.785
  -7.709 -14.865 -14.865
  -7.686 -14.585 -14.913
  -7.664 -14.892 -14.892
  -7.643 -15.039 -15.039
  -7.624 -14.804 -14.804
  -7.605 -14.672 -14.946
  -7.586 -14.952 -14.952
  -7.569 -15.009 -15.009
  -7.552 -15.153 -15.153
  -7.536 -14.839 -15.087
  -7.521 -14.985 -15.182
  -7.506 -15.027 -15.027
  -7.491 -14.889 -14.889
  -7.477 -14.901 -14.901
  -7.464 -14.646 -14.646
  -7.451 -15.206 -15.206
  -7.438 -14.746 -14.912
  -7.425 -15.064 -15.064
  -7.413 -15.083 -15.083
  -7.401 -15.110 -15.352
  -7.390 -15.176 -15.176
  -7.379 -15.236 -15.388
  -7.368 -15.245 -15.245
  -7.357 -15.119 -15.299
  -7.347 -15.304 -15.304
  -7.337 -15.119 -15.119
  -7.327 -15.303 -15.303
  -7.317 -15.349 -15.349
  -7.308 -15.384 -15.384
  -7.299 -15.578 -15.578
  -7.290 -14.867 -15.230
  -7.281 -15.356 -15.356
  -7.272 -15.536 -15.536
  -7.264 -15.312 -15.476
  -7.255 -15.418 -15.418
  -7.247 -15.353 -15.813
  -7.239 -14.515 -15.543
  -7.231 -15.470 -15.651
  -7.223 -15.674 -15.674
  -7.216 -15.722 -15.722
  -7.208 -15.694 -15.694
  -7.201 -15.483 -15.686
  -7.194 -15.645 -15.645
  -7.187 -15.755 -15.755
  -7.180 -14.953 -15.458
  -7.173 -15.771 -15.771
  -7.166 -15.228 -15.684
  -7.159 -15.671 -15.841
  -7.153 -15.592 -15.592
  -7.146 -15.749 -15.919
  -7.140 -15.716 -16.007
  -7.133 -15.423 -15.950
  -7.127 -15.293 -15.293
  -7.121 -14.941 -15.959
  -7.115 -15.151 -15.767
  -7.109 -16.046 -16.046
  -7.103 -15.472 -15.714
  -7.098 -15.686 -16.047
  -7.092 -15.896 -16.086
  -7.086 -15.937 -15.937
  -7.081 -15.559 -15.751
  -7.075 -16.082 -16.275
  -7.070 -16.435 -16.435
  -7.064 -16.121 -16.121
  -7.059 -14.541 -14.737
  -7.054 -15.972 -16.128
  -7.049 -15.747 -16.133
  -7.043 -15.874 -16.069
  -7.038 -14.818 -15.884
  -7.033 -15.916 -16.067
  -7.029 -15.718 -16.235
  -7.024 -15.725 -16.087
  -7.019 -15.998 -16.184
  -7.014 -16.710 -16.710
  -7.009 -16.052 -16.052
  -7.005 -16.515 -16.869
  -7.000 -15.875 -15.875
  -6.995 -16.239 -16.239
  -6.991 -15.552 -15.976
  -6.986 -16.035 -16.213
  -6.982 -15.647 -16.370
  -6.978 -15.792 -15.997
  -6.973 -16.375 -16.764
  -6.969 -16.402 -16.605
  -6.965 -15.945 -16.456
  -6.961 -16.408 -16.585
  -6.956 -16.395 -16.656
  -6.952 -15.594 -16.196
  -6.948 -15.866 -15.866
  -6.944 -16.175 -16.175
  -6.940 -15.832 -16.272
  -6.936 -15.463 -15.683
  -6.932 -15.353 -15.674
  -6.928 -16.296 -16.997
  -6.924 -16.136 -16.320
  -6.920 -16.844 -49.500
  -6.917 -16.226 -16.704
  -6.913 -14.883 -16.113
  -6.909 -15.745 -16.823
  -6.905 -16.710 -49.500
  -6.902 -15.877 -16.164
  -6.898 -16.110 -16.377
  -6.894 -16.603 -49.500
  -6.891 -16.264 -16.678
  -6.887 -23.100 -23.100
  -6.884 -15.175 -15.993
  -6.880 -49.500     NaN
  -6.877 -16.243 -16.588
  -6.873 -15.591 -15.969
  -6.870 -15.681 -16.034
  -6.867 -16.053 -16.318
  -6.863 -16.428 -49.500
  -6.860 -16.134 -16.134
  -6.857 -16.599 -49.500
  -6.853 -15.320 -15.575
  -6.850 -16.365 -16.541
  -6.847 -49.500     NaN
  -6.844 -49.500     NaN
  -6.840 -16.931 -49.500
  -6.837 -16.691 -49.500
  -6.834 -16.003 -49.500
  -6.831 -49.500     NaN
  -6.828 -15.613 -16.293
  -6.825 -16.435 -49.500
  -6.822 -15.095 -15.562
  -6.819 -15.627 -16.018
  -6.816 -49.500     NaN
  -6.813 -49.500 -49.500
  -6.810 -49.500     NaN
  -6.807 -16.499 -49.500
  -6.804 -49.500     NaN
  -6.801 -16.779 -49.500
  -6.798 -15.470 -16.163
  -6.795 -49.500     NaN
  -6.792 -16.090 -16.333
  -6.789 -16.567 -16.567
  -6.787 -16.352 -17.024
  -6.784 -49.500     NaN
  -6.781 -15.851 -49.500
  -6.778 -49.500     NaN
  -6.775 -17.111 -49.500
  -6.773 -16.032 -49.500
  -6.770 -49.500     NaN
  -6.767 -49.500 -49.500
  -6.765 -15.995 -16.520
  -6.762 -49.500     NaN
  -6.759 -15.662 -15.662
  -6.757 -15.509 -49.500
  -6.754 -49.500     NaN
  -6.751 -16.667 -49.500
  -6.749 -49.500 -49.500
  -6.746 -49.500     NaN
  -6.744 -49.500     NaN
  -6.741 -16.078 -16.078
  -6.739 -49.500 -49.500
  -6.736 -16.279 -16.279
  -6.734 -16.366 -16.366
  -6.731 -49.500     NaN
  -6.729 -49.500     NaN
  -6.726 -16.613 -49.500
  -6.724 -49.500 -49.500
  -6.721 -16.547 -49.500
  -6.719 -16.510 -16.510
  -6.717 -16.514 -49.500
  -6.714 -49.500 -49.500
  -6.712 -16.681 -49.500
  -6.709 -14.830 -14.830
  -6.707 -15.717 -49.500
  -6.705 -16.433 -49.500
  -6.702 -49.500 -49.500
  -6.700 -15.763 -49.500
  -6.698 -49.500 -49.500
  -6.696 -49.500 -49.500
  -6.693 -49.500     NaN
  -6.691 -15.963 -49.500
  -6.689 -15.896 -16.553
  -6.687 -49.500 -49.500
  -6.684 -49.500     NaN
  -6.682 -49.500 -49.500
  -6.680 -15.943 -49.500
  -6.678 -16.572 -49.500
  -6.675 -16.268 -49.500
  -6.673 -15.501 -16.753
  -6.671 -49.500 -49.500
  -6.669 -15.465 -15.465
  -6.667 -49.500     NaN
  -6.665 -49.500 -49.500
  -6.663 -49.500 -49.500
  -6.661 -49.500     NaN
  -6.658 -49.500 -49.500
  -6.656 -15.536 -16.526
  -6.654 -49.500     NaN
  -6.652 -49.500 -49.500
  -6.650 -16.377 -49.500
  -6.648 -49.500 -49.500
  -6.646 -49.500     NaN
  -6.644 -49.500 -49.500
  -6.642 -49.500 -49.500
  -6.640 -15.530 -15.530
  -6.638 -49.500 -49.500
  -6.636 -49.500 -49.500
  -6.634 -49.500 -49.500
  -6.632 -49.500     NaN
  -6.630 -49.500 -49.500
  -6.628 -16.083 -16.083
  -6.626 -49.500 -49.500
  -6.624 -49.500 -49.500
  -6.622 -49.500 -49.500
  -6.620 -49.500 -49.500
  -6.618 -49.500 -49.500
  -6.617 -49.500 -49.500
  -6.615 -49.500 -49.500
  -6.613 -49.500 -49.500
  -6.611 -49.500 -49.500
  -6.609 -49.500 -49.500
  -6.607 -49.500     NaN
  -6.605 -49.500     NaN
  -6.603 -49.500 -49.500
  -6.602 -49.500 -49.500
  -6.600 -49.500     NaN
  -6.598 -49.500 -49.500
  -6.596 -49.500 -49.500
  -6.594 -49.500 -49.500
