  -8.861 -14.163 -14.163
  -8.599 -14.258 -14.258
  -8.442 -14.305 -14.305
  -8.329 -14.393 -14.393
  -8.239 -14.428 -14.428
  -8.166 -14.467 -14.467
  -8.103 -14.438 -14.438
  -8.048 -14.559 -14.559
  -7.999 -14.478 -14.478
  -7.955 -14.636 -14.636
  -7.916 -14.697 -14.697
  -7.879 -14.545 -14.545
  -7.846 -14.614 -14.614
  -7.815 -14.715 -14.715
  -7.786 -14.852 -14.852
  -7.758 -14.697 -14.697
  -7.733 -14.758 -14.758
  -7.709 -14.633 -14.633
  -7.686 -14.971 -14.971
  -7.664 -14.714 -14.714
  -7.643 -15.054 -15.054
  -7.624 -14.925 -14.925
  -7.605 -14.968 -14.968
  -7.586 -14.990 -14.990
  -7.569 -15.158 -15.158
  -7.552 -14.795 -14.795
  -7.536 -15.017 -15.195
  -7.521 -15.109 -15.109
  -7.506 -15.172 -15.172
  -7.491 -15.274 -15.274
  -7.477 -15.002 -15.251
  -7.464 -15.315 -15.315
  -7.451 -15.182 -15.182
  -7.438 -14.623 -15.353
  -7.425 -15.132 -15.132
  -7.413 -15.187 -15.187
  -7.401 -15.157 -15.157
  -7.390 -14.953 -15.265
  -7.379 -15.310 -15.310
  -7.368 -15.466 -15.466
  -7.357 -15.326 -15.483
  -7.347 -15.209 -15.209
  -7.337 -14.991 -15.490
  -7.327 -14.862 -14.862
  -7.317 -15.484 -15.484
  -7.308 -15.445 -15.445
  -7.299 -15.392 -15.392
  -7.290 -15.544 -15.544
  -7.281 -15.095 -15.095
  -7.272 -15.599 -15.599
  -7.264 -15.209 -15.209
  -7.255 -15.597 -15.597
  -7.247 -15.478 -15.681
  -7.239 -15.177 -15.711
  -7.231 -15.750 -15.750
  -7.223 -15.529 -15.529
  -7.216 -14.819 -15.765
  -7.208 -14.782 -15.190
  -7.201 -15.389 -15.389
  -7.194 -15.519 -15.716
  -7.187 -15.524 -15.729
  -7.180 -15.046 -15.755
  -7.173 -15.720 -15.922
  -7.166 -14.800 -15.177
  -7.159 -15.828 -15.828
  -7.153 -15.668 -15.668
  -7.146 -15.878 -16.034
  -7.140 -15.920 -16.269
  -7.133 -15.767 -15.919
  -7.127 -15.886 -16.067
  -7.121 -15.883 -16.071
  -7.115 -15.265 -15.803
  -7.109 -15.087 -15.621
  -7.103 -15.534 -15.769
  -7.098 -15.333 -15.510
  -7.092 -15.421 -15.745
  -7.086 -16.188 -16.188
  -7.081 -16.153 -16.153
  -7.075 -15.789 -15.789
  -7.070 -15.336 -15.588
  -7.064 -16.304 -16.610
  -7.059 -15.809 -15.809
  -7.054 -15.403 -15.403
  -7.049 -15.456 -15.456
  -7.043 -15.902 -16.164
  -7.038 -15.821 -16.154
  -7.033 -15.236 -16.724
  -7.029 -15.872 -16.033
  -7.024 -15.654 -15.977
  -7.019 -15.858 -15.858
  -7.014 -15.275 -15.648
  -7.009 -15.718 -15.869
  -7.005 -16.420 -16.420
  -7.000 -16.432 -16.852
  -6.995 -16.374 -16.538
  -6.991 -15.931 -15.931
  -6.986 -16.599 -17.008
  -6.982 -16.676 -16.954
  -6.978 -15.964 -16.224
  -6.973 -16.125 -16.674
  -6.969 -15.786 -16.176
  -6.965 -16.361 -16.791
  -6.961 -17.113 -21.632
  -6.956 -15.915 -16.687
  -6.952 -15.765 -15.924
  -6.948 -15.450 -16.039
  -6.944 -15.349 -16.295
  -6.940 -16.122 -16.531
  -6.936 -15.883 -16.150
  -6.932 -15.769 -16.158
  -6.928 -16.026 -16.187
  -6.924 -16.074 -16.074
  -6.920 -15.429 -15.967
  -6.917 -16.049 -16.265
  -6.913 -15.734 -16.283
  -6.909 -15.930 -16.179
  -6.905 -15.798 -16.469
  -6.902 -16.395 -49.500
  -6.898 -16.277 -23.176
  -6.894 -22.532 -22.532
  -6.891 -15.781 -15.781
  -6.887 -15.945 -16.280
  -6.884 -16.172 -49.500
  -6.880 -16.734 -49.500
  -6.877 -49.500 -49.500
  -6.873 -15.559 -15.804
  -6.870 -16.221 -16.450
  -6.867 -15.610 -49.500
  -6.863 -15.599 -16.781
  -6.860 -15.364 -16.166
  -6.857 -16.849 -49.500
  -6.853 -17.018 -49.500
  -6.850 -49.500     NaN
  -6.847 -16.911 -49.500
  -6.844 -16.232 -49.500
  -6.840 -15.589 -16.380
  -6.837 -16.022 -16.300
  -6.834 -16.754 -49.500
  -6.831 -15.895 -16.146
  -6.828 -16.586 -49.500
  -6.825 -49.500     NaN
  -6.822 -15.550 -49.500
  -6.819 -16.178 -16.373
  -6.816 -17.009 -49.500
  -6.813 -15.868 -49.500
  -6.810 -16.559 -16.752
  -6.807 -49.500     NaN
  -6.804 -15.450 -16.453
  -6.801 -15.925 -16.174
  -6.798 -15.870 -49.500
  -6.795 -16.520 -16.735
  -6.792 -49.500     NaN
  -6.789 -16.299 -49.500
  -6.787 -14.712 -49.500
  -6.784 -49.500     NaN
  -6.781 -15.980 -16.321
  -6.778 -49.500     NaN
  -6.775 -49.500     NaN
  -6.773 -16.558 -49.500
  -6.770 -49.500 -49.500
  -6.767 -49.500     NaN
  -6.765 -49.500     NaN
  -6.762 -49.500 -49.500
  -6.759 -16.254 -16.452
  -6.757 -49.500     NaN
  -6.754 -16.236 -16.523
  -6.751 -16.117 -49.500
  -6.749 -49.500     NaN
  -6.746 -49.500     NaN
  -6.744 -49.500     NaN
  -6.741 -16.012 -49.500
  -6.739 -15.874 -49.500
  -6.736 -15.212 -49.500
  -6.734 -49.500     NaN
  -6.731 -49.500     NaN
  -6.729 -49.500 -49.500
  -6.726 -49.500 -49.500
  -6.724 -16.833 -49.500
  -6.721 -49.500     NaN
  -6.719 -49.500     NaN
  -6.717 -49.500 -49.500
  -6.714 -49.500 -49.500
  -6.712 -49.500     NaN
  -6.709 -49.500     NaN
  -6.707 -49.500     NaN
  -6.705 -16.250 -16.250
  -6.702 -49.500     NaN
  -6.700 -49.500 -49.500
  -6.698 -49.500 -49.500
  -6.696 -49.500 -49.500
  -6.693 -16.555 -16.555
  -6.691 -15.314 -16.573
  -6.689 -49.500 -49.500
  -6.687 -16.479 -16.479
  -6.684 -49.500     NaN
  -6.682 -49.500 -49.500
  -6.680 -16.007 -16.007
  -6.678 -49.500 -49.500
  -6.675 -15.671 -15.671
  -6.673 -15.079 -49.500
  -6.671 -15.087 -15.087
  -6.669 -49.500     NaN
  -6.667 -16.018 -16.018
  -6.665 -16.827 -16.827
  -6.663 -15.682 -49.500
  -6.661 -15.875 -49.500
  -6.658 -15.395 -49.500
  -6.656 -49.500     NaN
  -6.654 -49.500 -49.500
  -6.652 -16.092 -49.500
  -6.650 -49.500     NaN
  -6.648 -49.500     NaN
  -6.646 -15.993 -15.993
  -6.644 -16.152 -16.152
  -6.642 -49.500 -49.500
  -6.640 -15.285 -49.500
  -6.638 -49.500 -49.500
  -6.636 -49.500 -49.500
  -6.634 -49.500 -49.500
  -6.632 -49.500 -49.500
  -6.630 -49.500 -49.500
  -6.628 -49.500 -49.500
  -6.626 -16.092 -16.092
  -6.624 -49.500     NaN
  -6.622 -16.544 -16.544
  -6.620 -49.500 -49.500
  -6.618 -49.500 -49.500
  -6.617 -49.500 -49.500
  -6.615 -15.305 -49.500
  -6.613 -49.500 -49.500
  -6.611 -49.500 -49.500
  -6.609 -49.500 -49.500
  -6.607 -15.503 -15.503
  -6.605 -16.516 -49.500
  -6.603 -49.500 -49.500
  -6.602 -49.500 -49.500
  -6.600 -49.500 -49.500
  -6.598 -49.500 -49.500
  -6.596 -16.917 -16.917
  -6.594 -49.500     NaN
