  -8.861 -14.157 -14.157
  -8.599 -14.245 -14.245
  -8.442 -14.332 -14.332
  -8.329 -14.424 -14.424
  -8.239 -14.380 -14.380
  -8.166 -14.472 -14.472
  -8.103 -14.529 -14.529
  -8.048 -14.563 -14.563
  -7.999 -14.639 -14.639
  -7.955 -14.685 -14.685
  -7.916 -14.481 -14.481
  -7.879 -14.672 -14.672
  -7.846 -14.619 -14.619
  -7.815 -14.621 -14.621
  -7.786 -14.806 -14.806
  -7.758 -14.893 -14.893
  -7.733 -14.484 -14.484
  -7.709 -14.898 -14.898
  -7.686 -14.932 -14.932
  -7.664 -14.832 -14.832
  -7.643 -14.798 -14.798
  -7.624 -14.824 -14.824
  -7.605 -14.968 -14.968
  -7.586 -14.978 -14.978
  -7.569 -14.854 -15.091
  -7.552 -14.955 -14.955
  -7.536 -15.118 -15.118
  -7.521 -15.367 -15.367
  -7.506 -15.116 -15.116
  -7.491 -15.146 -15.146
  -7.477 -15.119 -15.119
  -7.464 -15.239 -15.239
  -7.451 -15.334 -15.334
  -7.438 -15.168 -15.168
  -7.425 -15.152 -15.152
  -7.413 -15.443 -15.443
  -7.401 -15.193 -15.193
  -7.390 -15.590 -15.590
  -7.379 -15.127 -15.399
  -7.368 -15.256 -15.256
  -7.357 -15.251 -15.251
  -7.347 -15.345 -15.345
  -7.337 -15.251 -15.441
  -7.327 -15.603 -15.603
  -7.317 -14.416 -15.278
  -7.308 -15.531 -15.689
  -7.299 -15.452 -15.452
  -7.290 -14.862 -15.268
  -7.281 -15.393 -15.393
  -7.272 -14.780 -15.202
  -7.264 -15.575 -15.575
  -7.255 -15.453 -15.709
  -7.247 -15.349 -15.349
  -7.239 -15.707 -15.707
  -7.231 -15.863 -15.863
  -7.223 -15.672 -15.838
  -7.216 -15.667 -15.667
  -7.208 -15.569 -15.767
  -7.201 -15.690 -15.690
  -7.194 -15.217 -15.685
  -7.187 -15.647 -15.825
  -7.180 -15.424 -15.424
  -7.173 -14.832 -15.172
  -7.166 -14.702 -15.362
  -7.159 -15.395 -15.599
  -7.153 -15.735 -15.735
  -7.146 -15.496 -15.496
  -7.140 -15.791 -15.791
  -7.133 -14.895 -15.697
  -7.127 -15.660 -15.660
  -7.121 -15.369 -15.596
  -7.115 -15.813 -15.978
  -7.109 -15.211 -15.470
  -7.103 -15.882 -16.064
  -7.098 -15.490 -15.940
  -7.092 -15.456 -16.250
  -7.086 -15.860 -16.135
  -7.081 -14.835 -15.795
  -7.075 -15.659 -15.659
  -7.070 -16.108 -16.282
  -7.064 -16.157 -16.157
  -7.059 -15.609 -15.998
  -7.054 -16.053 -16.053
  -7.049 -15.678 -16.026
  -7.043 -16.117 -16.423
  -7.038 -14.619 -15.590
  -7.033 -15.401 -15.835
  -7.029 -15.842 -16.112
  -7.024 -16.186 -16.186
  -7.019 -15.934 -15.934
  -7.014 -15.811 -15.987
  -7.009 -15.613 -15.958
  -7.005 -16.415 -16.703
  -7.000 -16.071 -16.245
  -6.995 -16.095 -16.095
  -6.991 -16.189 -16.539
  -6.986 -15.909 -15.909
  -6.982 -16.608 -16.932
  -6.978 -16.187 -16.187
  -6.973 -16.085 -16.295
  -6.969 -15.288 -16.039
  -6.965 -15.419 -15.419
  -6.961 -15.238 -17.138
  -6.956 -15.312 -15.996
  -6.952 -15.666 -15.895
  -6.948 -15.817 -16.183
  -6.944 -16.156 -16.156
  -6.940 -16.075 -16.296
  -6.936 -16.101 -16.283
  -6.932 -16.157 -16.456
  -6.928 -16.204 -16.910
  -6.924 -15.852 -15.852
  -6.920 -16.296 -16.492
  -6.917 -15.745 -15.940
  -6.913 -15.899 -16.085
  -6.909 -15.830 -16.275
  -6.905 -15.972 -16.195
  -6.902 -16.142 -16.392
  -6.898 -16.696 -17.182
  -6.894 -16.721 -17.197
  -6.891 -15.880 -49.500
  -6.887 -16.509 -49.500
  -6.884 -49.500     NaN
  -6.880 -49.500     NaN
  -6.877 -16.339 -16.622
  -6.873 -16.471 -49.500
  -6.870 -16.170 -49.500
  -6.867 -16.095 -49.500
  -6.863 -15.602 -16.191
  -6.860 -49.500     NaN
  -6.857 -15.786 -16.399
  -6.853 -15.993 -16.266
  -6.850 -15.602 -16.095
  -6.847 -15.890 -16.070
  -6.844 -16.021 -16.838
  -6.840 -16.088 -16.088
  -6.837 -16.920 -49.500
  -6.834 -16.275 -16.699
  -6.831 -16.245 -16.441
  -6.828 -16.012 -16.012
  -6.825 -49.500     NaN
  -6.822 -17.004 -49.500
  -6.819 -16.361 -49.500
  -6.816 -49.500     NaN
  -6.813 -16.156 -17.158
  -6.810 -14.866 -15.838
  -6.807 -15.438 -16.175
  -6.804 -16.007 -49.500
  -6.801 -16.453 -16.966
  -6.798 -49.500     NaN
  -6.795 -16.099 -49.500
  -6.792 -15.772 -16.599
  -6.789 -16.121 -16.319
  -6.787 -49.500     NaN
  -6.784 -49.500 -49.500
  -6.781 -15.851 -16.343
  -6.778 -16.569 -17.178
  -6.775 -16.015 -16.937
  -6.773 -16.031 -49.500
  -6.770 -15.821 -15.821
  -6.767 -49.500     NaN
  -6.765 -16.672 -49.500
  -6.762 -16.504 -16.681
  -6.759 -15.607 -49.500
  -6.757 -15.484 -49.500
  -6.754 -16.521 -49.500
  -6.751 -15.724 -49.500
  -6.749 -49.500     NaN
  -6.746 -49.500 -49.500
  -6.744 -15.730 -16.711
  -6.741 -15.685 -49.500
  -6.739 -49.500 -49.500
  -6.736 -15.744 -49.500
  -6.734 -15.873 -49.500
  -6.731 -49.500     NaN
  -6.729 -15.820 -49.500
  -6.726 -49.500 -49.500
  -6.724 -49.500 -49.500
  -6.721 -49.500     NaN
  -6.719 -49.500     NaN
  -6.717 -49.500     NaN
  -6.714 -49.500 -49.500
  -6.712 -49.500 -49.500
  -6.709 -49.500 -49.500
  -6.707 -49.500 -49.500
  -6.705 -16.080 -49.500
  -6.702 -16.148 -16.148
  -6.700 -16.771 -49.500
  -6.698 -49.500     NaN
  -6.696 -49.500 -49.500
  -6.693 -49.500 -49.500
  -6.691 -16.751 -16.751
  -6.689 -16.694 -49.500
  -6.687 -49.500 -49.500
  -6.684 -49.500     NaN
  -6.682 -49.500 -49.500
  -6.680 -49.500 -49.500
  -6.678 -49.500     NaN
  -6.675 -49.500 -49.500
  -6.673 -49.500 -49.500
  -6.671 -49.500     NaN
  -6.669 -49.500 -49.500
  -6.667 -49.500 -49.500
  -6.665 -49.500 -49.500
  -6.663 -16.288 -49.500
  -6.661 -49.500 -49.500
  -6.658 -16.096 -16.096
  -6.656 -49.500 -49.500
  -6.654 -49.500     NaN
  -6.652 -16.201 -16.201
  -6.650 -49.500     NaN
  -6.648 -49.500 -49.500
  -6.646 -49.500 -49.500
  -6.644 -16.015 -16.015
  -6.642 -49.500 -49.500
  -6.640 -49.500 -49.500
  -6.638 -16.810 -49.500
  -6.636 -15.220 -15.220
  -6.634 -49.500 -49.500
  -6.632 -15.668 -16.107
  -6.630 -49.500     NaN
  -6.628 -16.410 -49.500
  -6.626 -49.500 -49.500
  -6.624 -49.500 -49.500
  -6.622 -49.500 -49.500
  -6.620 -49.500 -49.500
  -6.618 -49.500 -49.500
  -6.617 -49.500 -49.500
  -6.615 -49.500 -49.500
  -6.613 -16.708 -16.708
  -6.611 -49.500 -49.500
  -6.609 -49.500 -49.500
  -6.607 -49.500 -49.500
  -6.605 -49.500 -49.500
  -6.603 -49.500 -49.500
  -6.602 -15.939 -49.500
  -6.600 -49.500 -49.500
  -6.598 -49.500 -49.500
  -6.596 -49.500 -49.500
  -6.594 -49.500     NaN
