  -8.861 -14.161 -14.161
  -8.599 -14.244 -14.244
  -8.442 -14.298 -14.298
  -8.329 -14.334 -14.334
  -8.239 -14.424 -14.424
  -8.166 -14.483 -14.483
  -8.103 -14.502 -14.502
  -8.048 -14.572 -14.572
  -7.999 -14.617 -14.617
  -7.955 -14.617 -14.617
  -7.916 -14.595 -14.595
  -7.879 -14.596 -14.596
  -7.846 -14.626 -14.626
  -7.815 -14.752 -14.752
  -7.786 -14.814 -14.814
  -7.758 -14.520 -14.884
  -7.733 -14.696 -14.696
  -7.709 -14.648 -14.648
  -7.686 -14.799 -14.799
  -7.664 -14.901 -14.901
  -7.643 -14.927 -14.927
  -7.624 -14.472 -14.897
  -7.605 -15.047 -15.047
  -7.586 -14.973 -14.973
  -7.569 -15.064 -15.064
  -7.552 -14.873 -14.873
  -7.536 -15.145 -15.145
  -7.521 -15.235 -15.235
  -7.506 -15.170 -15.170
  -7.491 -14.997 -14.997
  -7.477 -14.973 -15.157
  -7.464 -15.299 -15.299
  -7.451 -15.209 -15.390
  -7.438 -15.205 -15.205
  -7.425 -15.203 -15.203
  -7.413 -15.143 -15.143
  -7.401 -14.824 -15.391
  -7.390 -15.400 -15.571
  -7.379 -14.966 -14.966
  -7.368 -15.139 -15.139
  -7.357 -14.988 -14.988
  -7.347 -15.117 -15.117
  -7.337 -15.012 -15.545
  -7.327 -14.943 -15.170
  -7.317 -15.009 -15.355
  -7.308 -15.350 -15.350
  -7.299 -15.061 -15.061
  -7.290 -15.403 -15.726
  -7.281 -14.915 -15.216
  -7.272 -15.369 -15.369
  -7.264 -15.562 -15.562
  -7.255 -15.406 -15.807
  -7.247 -15.280 -15.280
  -7.239 -15.240 -15.651
  -7.231 -15.610 -15.610
  -7.223 -14.527 -15.412
  -7.216 -15.427 -15.658
  -7.208 -15.655 -15.655
  -7.201 -15.728 -15.728
  -7.194 -15.560 -15.855
  -7.187 -15.517 -15.517
  -7.180 -15.468 -15.735
  -7.173 -15.373 -15.659
  -7.166 -14.737 -15.465
  -7.159 -15.506 -15.506
  -7.153 -15.982 -15.982
  -7.146 -15.479 -15.666
  -7.140 -15.530 -15.923
  -7.133 -15.683 -15.683
  -7.127 -15.417 -15.710
  -7.121 -15.507 -15.664
  -7.115 -15.929 -16.087
  -7.109 -15.290 -15.819
  -7.103 -15.878 -15.878
  -7.098 -14.740 -16.100
  -7.092 -15.544 -15.776
  -7.086 -15.737 -16.627
  -7.081 -15.835 -15.835
  -7.075 -15.743 -15.743
  -7.070 -15.982 -15.982
  -7.064 -16.210 -16.421
  -7.059 -16.297 -16.297
  -7.054 -15.992 -15.992
  -7.049 -16.268 -16.268
  -7.043 -15.232 -16.197
  -7.038 -15.180 -15.357
  -7.033 -15.742 -15.742
  -7.029 -15.946 -16.162
  -7.024 -15.809 -15.993
  -7.019 -15.604 -16.357
  -7.014 -15.389 -16.412
  -7.009 -15.701 -15.852
  -7.005 -15.498 -15.670
  -7.000 -16.347 -16.347
  -6.995 -15.998 -15.998
  -6.991 -16.376 -16.694
  -6.986 -16.608 -16.769
  -6.982 -15.397 -49.500
  -6.978 -15.542 -15.752
  -6.973 -15.725 -16.104
  -6.969 -16.140 -16.345
  -6.965 -15.581 -15.581
  -6.961 -15.928 -16.330
  -6.956 -16.025 -16.025
  -6.952 -16.027 -16.183
  -6.948 -16.126 -16.126
  -6.944 -15.005 -16.373
  -6.940 -14.927 -15.864
  -6.936 -16.549 -16.743
  -6.932 -16.231 -16.231
  -6.928 -15.652 -16.275
  -6.924 -15.830 -16.291
  -6.920 -16.525 -16.679
  -6.917 -15.578 -15.851
  -6.913 -16.019 -16.019
  -6.909 -16.184 -16.802
  -6.905 -16.156 -16.677
  -6.902 -16.387 -16.736
  -6.898 -16.499 -22.284
  -6.894 -16.556 -16.852
  -6.891 -16.691 -49.500
  -6.887 -15.611 -16.332
  -6.884 -17.040 -49.500
  -6.880 -49.500     NaN
  -6.877 -16.571 -49.500
  -6.873 -16.366 -16.808
  -6.870 -16.579 -16.781
  -6.867 -15.816 -49.500
  -6.863 -49.500     NaN
  -6.860 -16.732 -49.500
  -6.857 -15.423 -16.643
  -6.853 -15.657 -16.799
  -6.850 -49.500     NaN
  -6.847 -16.742 -49.500
  -6.844 -15.245 -16.198
  -6.840 -15.577 -15.859
  -6.837 -15.968 -15.968
  -6.834 -15.967 -16.492
  -6.831 -16.575 -49.500
  -6.828 -16.026 -16.462
  -6.825 -16.511 -49.500
  -6.822 -16.082 -16.082
  -6.819 -16.457 -49.500
  -6.816 -49.500     NaN
  -6.813 -16.146 -49.500
  -6.810 -49.500     NaN
  -6.807 -49.500     NaN
  -6.804 -15.447 -49.500
  -6.801 -15.941 -49.500
  -6.798 -16.877 -49.500
  -6.795 -16.414 -17.019
  -6.792 -16.253 -49.500
  -6.789 -15.864 -17.092
  -6.787 -15.683 -15.900
  -6.784 -16.557 -49.500
  -6.781 -49.500     NaN
  -6.778 -49.500     NaN
  -6.775 -16.055 -16.275
  -6.773 -15.005 -15.005
  -6.770 -15.144 -49.500
  -6.767 -15.681 -49.500
  -6.765 -16.488 -49.500
  -6.762 -49.500 -49.500
  -6.759 -49.500     NaN
  -6.757 -15.755 -15.755
  -6.754 -16.483 -49.500
  -6.751 -49.500     NaN
  -6.749 -15.714 -15.714
  -6.746 -16.196 -16.196
  -6.744 -49.500     NaN
  -6.741 -49.500 -49.500
  -6.739 -49.500     NaN
  -6.736 -49.500 -49.500
  -6.734 -15.712 -49.500
  -6.731 -16.590 -49.500
  -6.729 -49.500 -49.500
  -6.726 -16.360 -49.500
  -6.724 -49.500 -49.500
  -6.721 -49.500     NaN
  -6.719 -15.907 -49.500
  -6.717 -49.500     NaN
  -6.714 -16.533 -49.500
  -6.712 -16.287 -49.500
  -6.709 -16.031 -49.500
  -6.707 -49.500     NaN
  -6.705 -49.500 -49.500
  -6.702 -49.500     NaN
  -6.700 -49.500 -49.500
  -6.698 -49.500     NaN
  -6.696 -16.249 -49.500
  -6.693 -16.235 -49.500
  -6.691 -49.500 -49.500
  -6.689 -49.500 -49.500
  -6.687 -49.500 -49.500
  -6.684 -49.500 -49.500
  -6.682 -49.500 -49.500
  -6.680 -49.500 -49.500
  -6.678 -49.500 -49.500
  -6.675 -49.500 -49.500
  -6.673 -16.894 -49.500
  -6.671 -49.500 -49.500
  -6.669 -16.619 -16.619
  -6.667 -49.500 -49.500
  -6.665 -49.500 -49.500
  -6.663 -49.500 -49.500
  -6.661 -49.500 -49.500
  -6.658 -49.500 -49.500
  -6.656 -49.500     NaN
  -6.654 -49.500 -49.500
  -6.652 -49.500     NaN
  -6.650 -49.500 -49.500
  -6.648 -16.017 -49.500
  -6.646 -15.933 -15.933
  -6.644 -15.052 -49.500
  -6.642 -49.500 -49.500
  -6.640 -16.170 -16.170
  -6.638 -49.500 -49.500
  -6.636 -16.006 -16.006
  -6.634 -49.500     NaN
  -6.632 -49.500 -49.500
  -6.630 -49.500     NaN
  -6.628 -49.500 -49.500
  -6.626 -49.500 -49.500
  -6.624 -16.129 -16.129
  -6.622 -49.500     NaN
  -6.620 -49.500 -49.500
  -6.618 -49.500 -49.500
  -6.617 -49.500     NaN
  -6.615 -49.500 -49.500
  -6.613 -49.500     NaN
  -6.611 -49.500 -49.500
  -6.609 -49.500 -49.500
  -6.607 -15.701 -15.701
  -6.605 -16.159 -49.500
  -6.603 -16.641 -49.500
  -6.602 -49.500 -49.500
  -6.600 -49.500 -49.500
  -6.598 -49.500     NaN
  -6.596 -16.024 -16.024
  -6.594 -49.500 -49.500
