  -8.861 -14.169 -14.169
  -8.599 -14.243 -14.243
  -8.442 -14.339 -14.339
  -8.329 -14.379 -14.379
  -8.239 -14.402 -14.402
  -8.166 -14.464 -14.464
  -8.103 -14.539 -14.539
  -8.048 -14.522 -14.522
  -7.999 -14.590 -14.590
  -7.955 -14.596 -14.596
  -7.916 -14.728 -14.728
  -7.879 -14.676 -14.676
  -7.846 -14.632 -14.632
  -7.815 -14.772 -14.772
  -7.786 -14.805 -14.805
  -7.758 -14.801 -14.801
  -7.733 -14.740 -14.740
  -7.709 -14.789 -14.789
  -7.686 -14.892 -14.892
  -7.664 -14.722 -14.722
  -7.643 -15.018 -15.018
  -7.624 -14.906 -14.906
  -7.605 -14.885 -14.885
  -7.586 -14.935 -15.097
  -7.569 -15.173 -15.173
  -7.552 -14.800 -15.018
  -7.536 -14.939 -15.129
  -7.521 -14.992 -14.992
  -7.506 -14.991 -15.157
  -7.491 -14.567 -15.101
  -7.477 -15.105 -15.105
  -7.464 -14.913 -14.913
  -7.451 -15.147 -15.147
  -7.438 -15.143 -15.143
  -7.425 -14.750 -15.357
  -7.413 -15.305 -15.305
  -7.401 -15.218 -15.218
  -7.390 -14.898 -15.076
  -7.379 -15.352 -15.352
  -7.368 -15.396 -15.396
  -7.357 -14.939 -15.198
  -7.347 -15.323 -15.323
  -7.337 -15.105 -15.478
  -7.327 -15.535 -15.535
  -7.317 -14.865 -15.298
  -7.308 -15.205 -15.205
  -7.299 -15.328 -15.541
  -7.290 -15.080 -15.577
  -7.281 -15.625 -15.625
  -7.272 -15.506 -15.506
  -7.264 -15.619 -15.775
  -7.255 -15.657 -15.657
  -7.247 -15.479 -15.479
  -7.239 -15.409 -15.613
  -7.231 -15.283 -15.447
  -7.223 -15.802 -15.802
  -7.216 -15.030 -15.782
  -7.208 -15.671 -15.671
  -7.201 -15.164 -15.164
  -7.194 -15.168 -15.168
  -7.187 -15.134 -15.584
  -7.180 -15.422 -15.422
  -7.173 -15.805 -15.805
  -7.166 -15.722 -15.880
  -7.159 -15.266 -15.590
  -7.153 -16.112 -16.112
  -7.146 -15.893 -15.893
  -7.140 -14.896 -15.540
  -7.133 -15.383 -15.797
  -7.127 -15.825 -15.825
  -7.121 -15.801 -15.960
  -7.115 -15.339 -15.339
  -7.109 -15.668 -15.847
  -7.103 -15.589 -15.761
  -7.098 -15.405 -15.722
  -7.092 -15.357 -15.670
  -7.086 -15.282 -15.515
  -7.081 -15.840 -16.127
  -7.075 -16.125 -16.278
  -7.070 -15.739 -15.739
  -7.064 -16.025 -16.184
  -7.059 -15.697 -15.895
  -7.054 -15.836 -16.066
  -7.049 -16.280 -16.280
  -7.043 -16.070 -16.323
  -7.038 -15.164 -15.798
  -7.033 -16.037 -16.037
  -7.029 -15.801 -15.979
  -7.024 -15.090 -16.238
  -7.019 -15.957 -16.642
  -7.014 -16.248 -16.248
  -7.009 -16.702 -16.910
  -7.005 -15.721 -16.524
  -7.000 -15.930 -16.252
  -6.995 -15.463 -15.919
  -6.991 -16.551 -16.719
  -6.986 -16.195 -16.424
  -6.982 -15.018 -15.529
  -6.978 -15.272 -16.004
  -6.973 -15.977 -16.343
  -6.969 -15.247 -15.961
  -6.965 -16.106 -16.337
  -6.961 -16.124 -49.500
  -6.956 -15.745 -16.410
  -6.952 -16.144 -16.357
  -6.948 -15.591 -15.992
  -6.944 -15.943 -16.372
  -6.940 -15.449 -16.250
  -6.936 -15.752 -15.980
  -6.932 -16.031 -16.873
  -6.928 -49.500     NaN
  -6.924 -16.086 -16.396
  -6.920 -15.861 -16.211
  -6.917 -16.134 -16.134
  -6.913 -15.904 -16.187
  -6.909 -15.650 -15.910
  -6.905 -16.155 -16.380
  -6.902 -16.084 -16.316
  -6.898 -16.900 -49.500
  -6.894 -16.014 -16.197
  -6.891 -16.177 -16.421
  -6.887 -15.979 -16.583
  -6.884 -16.010 -16.184
  -6.880 -15.257 -15.777
  -6.877 -15.658 -49.500
  -6.873 -16.467 -16.662
  -6.870 -16.307 -16.547
  -6.867 -14.710 -16.438
  -6.863 -15.037 -15.785
  -6.860 -15.602 -16.904
  -6.857 -16.485 -49.500
  -6.853 -16.761 -16.914
  -6.850 -16.979 -49.500
  -6.847 -15.389 -16.353
  -6.844 -49.500 -49.500
  -6.840 -16.223 -49.500
  -6.837 -15.916 -16.232
  -6.834 -49.500     NaN
  -6.831 -16.326 -49.500
  -6.828 -49.500     NaN
  -6.825 -16.834 -49.500
  -6.822 -16.570 -16.910
  -6.819 -16.461 -49.500
  -6.816 -49.500     NaN
  -6.813 -49.500     NaN
  -6.810 -15.269 -15.536
  -6.807 -17.047 -49.500
  -6.804 -15.717 -49.500
  -6.801 -49.500 -49.500
  -6.798 -16.127 -49.500
  -6.795 -15.992 -16.427
  -6.792 -16.450 -16.841
  -6.789 -16.278 -16.278
  -6.787 -49.500     NaN
  -6.784 -15.758 -15.758
  -6.781 -16.018 -49.500
  -6.778 -16.192 -49.500
  -6.775 -49.500     NaN
  -6.773 -16.162 -16.615
  -6.770 -16.237 -49.500
  -6.767 -16.532 -49.500
  -6.765 -16.916 -49.500
  -6.762 -15.682 -16.135
  -6.759 -16.436 -49.500
  -6.757 -15.588 -49.500
  -6.754 -15.963 -16.154
  -6.751 -16.203 -16.412
  -6.749 -16.221 -16.666
  -6.746 -15.271 -16.476
  -6.744 -16.691 -49.500
  -6.741 -15.619 -49.500
  -6.739 -16.177 -16.747
  -6.736 -15.572 -49.500
  -6.734 -16.001 -49.500
  -6.731 -49.500     NaN
  -6.729 -15.783 -49.500
  -6.726 -49.500     NaN
  -6.724 -16.267 -16.267
  -6.721 -49.500 -49.500
  -6.719 -49.500     NaN
  -6.717 -49.500     NaN
  -6.714 -49.500 -49.500
  -6.712 -49.500     NaN
  -6.709 -49.500     NaN
  -6.707 -15.914 -49.500
  -6.705 -49.500 -49.500
  -6.702 -16.415 -16.415
  -6.700 -49.500     NaN
  -6.698 -49.500 -49.500
  -6.696 -15.585 -16.124
  -6.693 -49.500     NaN
  -6.691 -49.500     NaN
  -6.689 -49.500 -49.500
  -6.687 -49.500 -49.500
  -6.684 -16.369 -16.369
  -6.682 -16.918 -16.918
  -6.680 -15.894 -49.500
  -6.678 -17.000 -49.500
  -6.675 -49.500 -49.500
  -6.673 -49.500 -49.500
  -6.671 -49.500 -49.500
  -6.669 -49.500 -49.500
  -6.667 -16.518 -16.518
  -6.665 -49.500 -49.500
  -6.663 -49.500     NaN
  -6.661 -49.500     NaN
  -6.658 -49.500 -49.500
  -6.656 -49.500     NaN
  -6.654 -49.500 -49.500
  -6.652 -49.500 -49.500
  -6.650 -49.500 -49.500
  -6.648 -16.386 -49.500
  -6.646 -49.500 -49.500
  -6.644 -49.500 -49.500
  -6.642 -49.500 -49.500
  -6.640 -49.500 -49.500
  -6.638 -49.500     NaN
  -6.636 -49.500 -49.500
  -6.634 -49.500     NaN
  -6.632 -49.500 -49.500
  -6.630 -49.500 -49.500
  -6.628 -49.500     NaN
  -6.626 -49.500 -49.500
  -6.624 -49.500     NaN
  -6.622 -49.500 -49.500
  -6.620 -49.500 -49.500
  -6.618 -49.500 -49.500
  -6.617 -49.500 -49.500
  -6.615 -49.500 -49.500
  -6.613 -49.500 -49.500
  -6.611 -49.500 -49.500
  -6.609 -49.500 -49.500
  -6.607 -16.187 -16.187
  -6.605 -16.221 -16.221
  -6.603 -49.500 -49.500
  -6.602 -49.500 -49.500
  -6.600 -49.500 -49.500
  -6.598 -49.500 -49.500
  -6.596 -49.500 -49.500
  -6.594 -49.500 -49.500
