  -8.861 -14.172 -14.172
  -8.599 -14.235 -14.235
  -8.442 -14.317 -14.317
  -8.329 -14.360 -14.360
  -8.239 -14.444 -14.444
  -8.166 -14.442 -14.442
  -8.103 -14.472 -14.472
  -8.048 -14.522 -14.522
  -7.999 -14.368 -14.368
  -7.955 -14.450 -14.450
  -7.916 -14.723 -14.723
  -7.879 -14.681 -14.681
  -7.846 -14.647 -14.647
  -7.815 -14.642 -14.642
  -7.786 -14.613 -14.827
  -7.758 -14.753 -14.753
  -7.733 -14.470 -14.841
  -7.709 -14.795 -14.795
  -7.686 -14.894 -14.894
  -7.664 -14.839 -14.839
  -7.643 -14.946 -14.946
  -7.624 -15.023 -15.023
  -7.605 -14.833 -14.833
  -7.586 -14.997 -14.997
  -7.569 -15.079 -15.079
  -7.552 -14.995 -14.995
  -7.536 -14.981 -14.981
  -7.521 -15.130 -15.130
  -7.506 -14.921 -14.921
  -7.491 -14.961 -15.238
  -7.477 -14.959 -14.959
  -7.464 -15.320 -15.320
  -7.451 -14.936 -15.107
  -7.438 -15.203 -15.203
  -7.425 -15.256 -15.256
  -7.413 -15.232 -15.481
  -7.401 -14.444 -15.155
  -7.390 -15.269 -15.269
  -7.379 -15.395 -15.395
  -7.368 -15.204 -15.445
  -7.357 -15.302 -15.302
  -7.347 -15.526 -15.526
  -7.337 -14.999 -15.476
  -7.327 -15.281 -15.281
  -7.317 -14.710 -15.312
  -7.308 -15.615 -15.615
  -7.299 -15.129 -15.129
  -7.290 -15.310 -15.310
  -7.281 -14.621 -15.187
  -7.272 -15.358 -15.516
  -7.264 -15.307 -15.491
  -7.255 -15.642 -15.642
  -7.247 -15.472 -15.704
  -7.239 -15.397 -15.644
  -7.231 -15.662 -15.662
  -7.223 -15.578 -15.578
  -7.216 -15.632 -15.632
  -7.208 -15.569 -15.569
  -7.201 -15.493 -15.717
  -7.194 -14.975 -15.431
  -7.187 -15.070 -15.563
  -7.180 -15.413 -15.413
  -7.173 -15.242 -15.803
  -7.166 -14.825 -15.353
  -7.159 -15.228 -15.631
  -7.153 -15.907 -15.907
  -7.146 -15.661 -16.058
  -7.140 -15.786 -16.114
  -7.133 -15.293 -15.446
  -7.127 -15.955 -15.955
  -7.121 -15.585 -15.585
  -7.115 -15.206 -15.630
  -7.109 -15.960 -16.186
  -7.103 -15.897 -15.897
  -7.098 -16.102 -16.497
  -7.092 -16.093 -16.093
  -7.086 -15.907 -16.285
  -7.081 -15.756 -15.974
  -7.075 -15.956 -16.180
  -7.070 -14.721 -15.746
  -7.064 -15.888 -15.888
  -7.059 -16.028 -16.028
  -7.054 -15.588 -16.274
  -7.049 -15.493 -15.803
  -7.043 -15.620 -15.853
  -7.038 -15.469 -15.718
  -7.033 -15.744 -15.969
  -7.029 -15.349 -15.642
  -7.024 -16.168 -16.168
  -7.019 -16.371 -16.954
  -7.014 -16.049 -16.241
  -7.009 -15.920 -16.116
  -7.005 -15.729 -16.158
  -7.000 -15.728 -15.992
  -6.995 -16.459 -16.459
  -6.991 -15.608 -16.951
  -6.986 -15.950 -16.578
  -6.982 -15.867 -16.019
  -6.978 -15.638 -16.273
  -6.973 -15.846 -15.846
  -6.969 -16.044 -16.246
  -6.965 -15.795 -16.271
  -6.961 -15.757 -16.052
  -6.956 -16.086 -16.399
  -6.952 -15.723 -16.144
  -6.948 -15.560 -15.781
  -6.944 -15.707 -16.228
  -6.940 -16.230 -16.476
  -6.936 -16.294 -16.483
  -6.932 -16.061 -16.449
  -6.928 -15.643 -16.484
  -6.924 -16.111 -16.290
  -6.920 -16.413 -16.750
  -6.917 -15.104 -16.149
  -6.913 -16.260 -22.513
  -6.909 -15.558 -15.976
  -6.905 -15.707 -49.500
  -6.902 -16.282 -17.007
  -6.898 -15.951 -16.254
  -6.894 -16.309 -16.549
  -6.891 -16.261 -49.500
  -6.887 -16.070 -21.884
  -6.884 -16.473 -49.500
  -6.880 -16.271 -17.075
  -6.877 -16.209 -49.500
  -6.873 -16.013 -16.189
  -6.870 -15.840 -16.144
  -6.867 -16.168 -16.550
  -6.863 -16.043 -16.324
  -6.860 -16.904 -49.500
  -6.857 -49.500     NaN
  -6.853 -15.514 -49.500
  -6.850 -15.024 -49.500
  -6.847 -49.500     NaN
  -6.844 -16.029 -49.500
  -6.840 -16.362 -16.532
  -6.837 -49.500     NaN
  -6.834 -15.793 -15.946
  -6.831 -16.944 -49.500
  -6.828 -15.626 -15.782
  -6.825 -16.399 -16.889
  -6.822 -16.340 -16.671
  -6.819 -16.691 -16.969
  -6.816 -16.280 -49.500
  -6.813 -16.267 -49.500
  -6.810 -16.063 -17.088
  -6.807 -16.666 -49.500
  -6.804 -16.569 -49.500
  -6.801 -15.568 -49.500
  -6.798 -49.500     NaN
  -6.795 -15.244 -49.500
  -6.792 -17.209 -49.500
  -6.789 -49.500     NaN
  -6.787 -16.009 -16.514
  -6.784 -15.981 -49.500
  -6.781 -16.357 -16.748
  -6.778 -16.589 -49.500
  -6.775 -49.500     NaN
  -6.773 -16.526 -49.500
  -6.770 -15.961 -16.320
  -6.767 -49.500 -49.500
  -6.765 -15.705 -49.500
  -6.762 -49.500     NaN
  -6.759 -16.939 -49.500
  -6.757 -49.500 -49.500
  -6.754 -16.196 -49.500
  -6.751 -16.863 -49.500
  -6.749 -16.508 -16.949
  -6.746 -49.500     NaN
  -6.744 -15.939 -49.500
  -6.741 -49.500     NaN
  -6.739 -16.682 -16.682
  -6.736 -49.500 -49.500
  -6.734 -49.500     NaN
  -6.731 -15.794 -16.403
  -6.729 -49.500 -49.500
  -6.726 -49.500 -49.500
  -6.724 -49.500 -49.500
  -6.721 -49.500     NaN
  -6.719 -49.500     NaN
  -6.717 -49.500 -49.500
  -6.714 -15.923 -49.500
  -6.712 -16.161 -49.500
  -6.709 -49.500 -49.500
  -6.707 -16.056 -49.500
  -6.705 -49.500 -49.500
  -6.702 -49.500 -49.500
  -6.700 -49.500 -49.500
  -6.698 -16.391 -16.391
  -6.696 -49.500 -49.500
  -6.693 -49.500 -49.500
  -6.691 -49.500 -49.500
  -6.689 -16.424 -49.500
  -6.687 -49.500 -49.500
  -6.684 -49.500 -49.500
  -6.682 -16.235 -16.235
  -6.680 -15.484 -15.484
  -6.678 -15.941 -49.500
  -6.675 -49.500     NaN
  -6.673 -16.517 -16.517
  -6.671 -15.222 -15.988
  -6.669 -49.500 -49.500
  -6.667 -49.500 -49.500
  -6.665 -49.500 -49.500
  -6.663 -49.500 -49.500
  -6.661 -49.500 -49.500
  -6.658 -16.046 -16.886
  -6.656 -16.281 -49.500
  -6.654 -16.455 -49.500
  -6.652 -49.500 -49.500
  -6.650 -49.500 -49.500
  -6.648 -49.500 -49.500
  -6.646 -49.500 -49.500
  -6.644 -49.500     NaN
  -6.642 -49.500 -49.500
  -6.640 -16.778 -49.500
  -6.638 -16.380 -49.500
  -6.636 -49.500     NaN
  -6.634 -49.500 -49.500
  -6.632 -49.500 -49.500
  -6.630 -49.500 -49.500
  -6.628 -49.500     NaN
  -6.626 -16.809 -49.500
  -6.624 -49.500 -49.500
  -6.622 -49.500     NaN
  -6.620 -16.355 -16.355
  -6.618 -49.500 -49.500
  -6.617 -49.500 -49.500
  -6.615 -49.500 -49.500
  -6.613 -49.500 -49.500
  -6.611 -16.253 -49.500
  -6.609 -49.500 -49.500
  -6.607 -49.500 -49.500
  -6.605 -49.500 -49.500
  -6.603 -49.500 -49.500
  -6.602 -15.826 -15.826
  -6.600 -49.500 -49.500
  -6.598 -49.500 -49.500
  -6.596 -49.500 -49.500
  -6.594 -49.500 -49.500
