  -8.861 -14.179 -14.179
  -8.599 -14.264 -14.264
  -8.442 -14.305 -14.305
  -8.329 -14.342 -14.342
  -8.239 -14.373 -14.373
  -8.166 -14.438 -14.438
  -8.103 -14.556 -14.556
  -8.048 -14.346 -14.596
  -7.999 -14.632 -14.632
  -7.955 -14.537 -14.537
  -7.916 -14.658 -14.658
  -7.879 -14.747 -14.747
  -7.846 -14.697 -14.697
  -7.815 -14.808 -14.808
  -7.786 -14.740 -14.740
  -7.758 -14.689 -14.689
  -7.733 -14.813 -14.813
  -7.709 -14.726 -14.726
  -7.686 -14.990 -14.990
  -7.664 -14.699 -14.922
  -7.643 -14.557 -14.720
  -7.624 -14.900 -14.900
  -7.605 -14.950 -14.950
  -7.586 -14.978 -14.978
  -7.569 -14.895 -14.895
  -7.552 -14.866 -14.866
  -7.536 -14.945 -14.945
  -7.521 -14.836 -15.072
  -7.506 -15.080 -15.080
  -7.491 -14.711 -15.042
  -7.477 -14.933 -15.106
  -7.464 -15.203 -15.203
  -7.451 -15.143 -15.143
  -7.438 -14.943 -15.168
  -7.425 -15.451 -15.451
  -7.413 -15.454 -15.454
  -7.401 -15.173 -15.173
  -7.390 -15.033 -15.198
  -7.379 -15.393 -15.393
  -7.368 -15.243 -15.446
  -7.357 -15.135 -15.135
  -7.347 -15.316 -15.316
  -7.337 -15.364 -15.364
  -7.327 -15.268 -15.268
  -7.317 -15.082 -15.426
  -7.308 -15.583 -15.583
  -7.299 -14.992 -15.356
  -7.290 -15.234 -15.234
  -7.281 -15.486 -15.731
  -7.272 -15.662 -15.662
  -7.264 -15.413 -15.413
  -7.255 -15.560 -15.560
  -7.247 -15.520 -15.520
  -7.239 -15.341 -15.514
  -7.231 -15.217 -15.726
  -7.223 -15.459 -15.459
  -7.216 -15.125 -15.502
  -7.208 -15.548 -15.856
  -7.201 -15.233 -15.759
  -7.194 -15.437 -15.600
  -7.187 -15.541 -15.541
  -7.180 -14.725 -15.677
  -7.173 -15.107 -15.892
  -7.166 -14.716 -15.630
  -7.159 -15.787 -15.787
  -7.153 -15.847 -15.847
  -7.146 -15.446 -15.699
  -7.140 -15.774 -15.774
  -7.133 -15.270 -15.564
  -7.127 -16.076 -16.076
  -7.121 -15.330 -15.701
  -7.115 -15.740 -15.998
  -7.109 -15.862 -15.862
  -7.103 -15.723 -15.723
  -7.098 -15.758 -15.979
  -7.092 -16.020 -16.270
  -7.086 -15.483 -15.693
  -7.081 -15.816 -16.002
  -7.075 -15.788 -16.272
  -7.070 -15.032 -15.527
  -7.064 -15.032 -15.774
  -7.059 -15.933 -16.094
  -7.054 -16.026 -16.026
  -7.049 -15.879 -15.879
  -7.043 -15.988 -16.199
  -7.038 -16.075 -16.075
  -7.033 -15.709 -15.941
  -7.029 -15.299 -15.461
  -7.024 -15.952 -16.185
  -7.019 -15.735 -16.155
  -7.014 -15.524 -15.732
  -7.009 -16.069 -16.390
  -7.005 -14.847 -15.049
  -7.000 -16.148 -16.351
  -6.995 -15.456 -16.064
  -6.991 -16.521 -16.697
  -6.986 -16.621 -16.621
  -6.982 -16.454 -16.933
  -6.978 -15.424 -16.092
  -6.973 -15.489 -16.016
  -6.969 -16.032 -16.191
  -6.965 -15.859 -17.018
  -6.961 -15.856 -16.049
  -6.956 -15.916 -16.160
  -6.952 -16.297 -16.514
  -6.948 -16.373 -16.992
  -6.944 -16.182 -16.573
  -6.940 -15.931 -16.249
  -6.936 -16.233 -16.421
  -6.932 -16.368 -17.044
  -6.928 -16.514 -16.674
  -6.924 -16.769 -16.955
  -6.920 -22.676 -22.676
  -6.917 -16.060 -16.403
  -6.913 -16.760 -49.500
  -6.909 -49.500     NaN
  -6.905 -15.874 -16.149
  -6.902 -16.100 -17.155
  -6.898 -15.823 -16.075
  -6.894 -15.122 -16.418
  -6.891 -15.980 -16.257
  -6.887 -15.809 -16.141
  -6.884 -16.137 -16.368
  -6.880 -16.135 -16.367
  -6.877 -16.225 -16.867
  -6.873 -49.500     NaN
  -6.870 -15.968 -15.968
  -6.867 -16.145 -16.718
  -6.863 -16.083 -16.467
  -6.860 -17.097 -49.500
  -6.857 -49.500 -49.500
  -6.853 -16.024 -49.500
  -6.850 -16.161 -49.500
  -6.847 -49.500     NaN
  -6.844 -15.911 -16.372
  -6.840 -49.500     NaN
  -6.837 -16.259 -49.500
  -6.834 -15.978 -15.978
  -6.831 -16.281 -16.597
  -6.828 -16.914 -16.914
  -6.825 -16.215 -16.430
  -6.822 -49.500     NaN
  -6.819 -49.500     NaN
  -6.816 -17.000 -49.500
  -6.813 -15.998 -16.382
  -6.810 -16.054 -16.288
  -6.807 -15.139 -49.500
  -6.804 -15.253 -16.181
  -6.801 -16.857 -49.500
  -6.798 -16.458 -16.743
  -6.795 -49.500     NaN
  -6.792 -16.211 -16.979
  -6.789 -49.500     NaN
  -6.787 -16.451 -49.500
  -6.784 -49.500     NaN
  -6.781 -49.500     NaN
  -6.778 -16.925 -49.500
  -6.775 -16.345 -49.500
  -6.773 -14.484 -16.235
  -6.770 -15.945 -49.500
  -6.767 -49.500     NaN
  -6.765 -49.500 -49.500
  -6.762 -16.227 -49.500
  -6.759 -16.080 -49.500
  -6.757 -15.899 -16.205
  -6.754 -16.682 -49.500
  -6.751 -49.500 -49.500
  -6.749 -49.500 -49.500
  -6.746 -15.550 -49.500
  -6.744 -49.500     NaN
  -6.741 -15.906 -15.906
  -6.739 -16.378 -16.378
  -6.736 -16.631 -49.500
  -6.734 -15.979 -16.252
  -6.731 -49.500 -49.500
  -6.729 -49.500 -49.500
  -6.726 -15.940 -15.940
  -6.724 -15.648 -15.906
  -6.721 -49.500 -49.500
  -6.719 -49.500 -49.500
  -6.717 -49.500 -49.500
  -6.714 -49.500 -49.500
  -6.712 -14.502 -16.223
  -6.709 -15.625 -49.500
  -6.707 -16.169 -49.500
  -6.705 -49.500     NaN
  -6.702 -49.500     NaN
  -6.700 -49.500     NaN
  -6.698 -49.500     NaN
  -6.696 -16.237 -49.500
  -6.693 -49.500 -49.500
  -6.691 -15.664 -15.664
  -6.689 -15.924 -15.924
  -6.687 -16.521 -49.500
  -6.684 -49.500 -49.500
  -6.682 -49.500     NaN
  -6.680 -49.500     NaN
  -6.678 -49.500 -49.500
  -6.675 -49.500     NaN
  -6.673 -49.500 -49.500
  -6.671 -49.500 -49.500
  -6.669 -16.054 -49.500
  -6.667 -49.500 -49.500
  -6.665 -49.500 -49.500
  -6.663 -49.500 -49.500
  -6.661 -16.503 -16.503
  -6.658 -49.500 -49.500
  -6.656 -49.500 -49.500
  -6.654 -49.500 -49.500
  -6.652 -16.175 -16.175
  -6.650 -49.500 -49.500
  -6.648 -16.586 -49.500
  -6.646 -49.500 -49.500
  -6.644 -49.500 -49.500
  -6.642 -49.500     NaN
  -6.640 -49.500 -49.500
  -6.638 -16.360 -16.360
  -6.636 -49.500 -49.500
  -6.634 -49.500 -49.500
  -6.632 -16.127 -16.127
  -6.630 -49.500 -49.500
  -6.628 -49.500 -49.500
  -6.626 -49.500 -49.500
  -6.624 -49.500 -49.500
  -6.622 -49.500 -49.500
  -6.620 -49.500     NaN
  -6.618 -16.416 -49.500
  -6.617 -49.500 -49.500
  -6.615 -49.500 -49.500
  -6.613 -49.500 -49.500
  -6.611 -49.500 -49.500
  -6.609 -49.500     NaN
  -6.607 -49.500 -49.500
  -6.605 -49.500 -49.500
  -6.603 -49.500 -49.500
  -6.602 -49.500 -49.500
  -6.600 -49.500 -49.500
  -6.598 -49.500     NaN
  -6.596 -49.500     NaN
  -6.594 -49.500 -49.500
