  -8.861 -14.169 -14.169
  -8.599 -14.260 -14.260
  -8.442 -14.318 -14.318
  -8.329 -14.387 -14.387
  -8.239 -14.411 -14.411
  -8.166 -14.464 -14.464
  -8.103 -14.509 -14.509
  -8.048 -14.597 -14.597
  -7.999 -14.653 -14.653
  -7.955 -14.286 -14.498
  -7.916 -14.644 -14.644
  -7.879 -14.616 -14.616
  -7.846 -14.723 -14.723
  -7.815 -14.580 -14.786
  -7.786 -14.419 -14.732
  -7.758 -14.784 -14.784
  -7.733 -14.888 -14.888
  -7.709 -14.844 -14.844
  -7.686 -14.756 -14.756
  -7.664 -14.871 -14.871
  -7.643 -14.672 -14.948
  -7.624 -14.949 -14.949
  -7.605 -14.903 -14.903
  -7.586 -14.719 -14.974
  -7.569 -14.869 -14.869
  -7.552 -14.928 -15.287
  -7.536 -14.935 -15.092
  -7.521 -14.900 -15.053
  -7.506 -14.906 -14.906
  -7.491 -15.057 -15.308
  -7.477 -15.109 -15.333
  -7.464 -14.713 -15.028
  -7.451 -14.717 -14.997
  -7.438 -15.364 -15.364
  -7.425 -14.919 -15.236
  -7.413 -15.130 -15.130
  -7.401 -15.001 -15.227
  -7.390 -15.413 -15.413
  -7.379 -15.158 -15.158
  -7.368 -15.174 -15.174
  -7.357 -15.155 -15.364
  -7.347 -15.186 -15.539
  -7.337 -14.710 -15.296
  -7.327 -14.693 -14.940
  -7.317 -15.493 -15.723
  -7.308 -15.284 -15.471
  -7.299 -15.550 -15.550
  -7.290 -15.128 -15.486
  -7.281 -15.424 -15.424
  -7.272 -15.761 -15.761
  -7.264 -15.264 -15.264
  -7.255 -15.699 -15.699
  -7.247 -15.274 -15.431
  -7.239 -15.882 -15.882
  -7.231 -15.449 -15.449
  -7.223 -15.247 -15.416
  -7.216 -15.586 -15.750
  -7.208 -15.199 -15.356
  -7.201 -15.697 -15.697
  -7.194 -15.285 -15.285
  -7.187 -15.717 -16.042
  -7.180 -15.753 -15.753
  -7.173 -15.757 -15.757
  -7.166 -15.531 -15.749
  -7.159 -15.341 -15.341
  -7.153 -15.514 -15.899
  -7.146 -14.481 -15.737
  -7.140 -15.574 -15.574
  -7.133 -14.919 -15.700
  -7.127 -15.187 -15.824
  -7.121 -16.099 -16.099
  -7.115 -15.348 -15.348
  -7.109 -15.857 -16.122
  -7.103 -16.154 -16.154
  -7.098 -15.534 -16.082
  -7.092 -15.923 -16.112
  -7.086 -15.237 -15.709
  -7.081 -16.348 -16.348
  -7.075 -15.848 -15.848
  -7.070 -16.036 -16.199
  -7.064 -16.000 -16.000
  -7.059 -15.729 -16.325
  -7.054 -15.951 -16.157
  -7.049 -15.543 -15.543
  -7.043 -16.029 -16.205
  -7.038 -15.926 -15.926
  -7.033 -15.408 -16.070
  -7.029 -15.438 -15.847
  -7.024 -16.114 -16.114
  -7.019 -15.640 -16.036
  -7.014 -15.912 -16.807
  -7.009 -15.878 -16.147
  -7.005 -15.966 -15.966
  -7.000 -16.332 -16.557
  -6.995 -15.821 -15.983
  -6.991 -15.678 -16.085
  -6.986 -15.226 -15.453
  -6.982 -15.129 -15.563
  -6.978 -15.718 -16.498
  -6.973 -22.749 -22.749
  -6.969 -16.550 -16.719
  -6.965 -16.127 -16.531
  -6.961 -15.767 -16.074
  -6.956 -15.048 -15.552
  -6.952 -16.105 -16.263
  -6.948 -16.577 -22.101
  -6.944 -15.835 -16.740
  -6.940 -16.616 -21.710
  -6.936 -16.141 -16.141
  -6.932 -15.798 -16.631
  -6.928 -15.691 -16.098
  -6.924 -16.060 -16.060
  -6.920 -15.108 -16.262
  -6.917 -15.968 -16.602
  -6.913 -16.141 -16.393
  -6.909 -16.093 -16.093
  -6.905 -16.025 -22.715
  -6.902 -16.177 -16.665
  -6.898 -16.140 -16.427
  -6.894 -49.500     NaN
  -6.891 -16.495 -49.500
  -6.887 -16.365 -17.061
  -6.884 -16.527 -49.500
  -6.880 -15.977 -16.936
  -6.877 -15.836 -15.836
  -6.873 -16.565 -49.500
  -6.870 -14.971 -15.974
  -6.867 -15.770 -17.314
  -6.863 -16.054 -16.207
  -6.860 -15.433 -16.495
  -6.857 -16.087 -16.786
  -6.853 -16.027 -16.807
  -6.850 -49.500     NaN
  -6.847 -16.001 -16.432
  -6.844 -49.500 -49.500
  -6.840 -17.204 -49.500
  -6.837 -16.592 -49.500
  -6.834 -16.108 -16.551
  -6.831 -15.852 -16.509
  -6.828 -16.582 -16.883
  -6.825 -49.500     NaN
  -6.822 -15.846 -16.567
  -6.819 -16.110 -16.384
  -6.816 -16.596 -49.500
  -6.813 -15.945 -16.126
  -6.810 -49.500     NaN
  -6.807 -49.500     NaN
  -6.804 -15.380 -16.323
  -6.801 -49.500     NaN
  -6.798 -16.852 -49.500
  -6.795 -16.945 -49.500
  -6.792 -16.494 -49.500
  -6.789 -15.701 -16.161
  -6.787 -49.500 -49.500
  -6.784 -49.500     NaN
  -6.781 -16.565 -16.960
  -6.778 -16.008 -49.500
  -6.775 -16.495 -49.500
  -6.773 -49.500 -49.500
  -6.770 -49.500     NaN
  -6.767 -16.641 -17.135
  -6.765 -49.500     NaN
  -6.762 -16.234 -49.500
  -6.759 -16.648 -49.500
  -6.757 -49.500     NaN
  -6.754 -16.578 -17.169
  -6.751 -16.616 -49.500
  -6.749 -49.500     NaN
  -6.746 -16.288 -16.288
  -6.744 -49.500 -49.500
  -6.741 -16.378 -16.602
  -6.739 -49.500 -49.500
  -6.736 -16.038 -16.603
  -6.734 -49.500     NaN
  -6.731 -16.671 -49.500
  -6.729 -16.339 -49.500
  -6.726 -16.306 -49.500
  -6.724 -49.500 -49.500
  -6.721 -15.685 -49.500
  -6.719 -16.666 -49.500
  -6.717 -49.500     NaN
  -6.714 -15.584 -15.584
  -6.712 -49.500 -49.500
  -6.709 -16.082 -16.082
  -6.707 -49.500     NaN
  -6.705 -49.500 -49.500
  -6.702 -49.500 -49.500
  -6.700 -16.204 -49.500
  -6.698 -49.500 -49.500
  -6.696 -49.500     NaN
  -6.693 -16.081 -49.500
  -6.691 -49.500 -49.500
  -6.689 -49.500     NaN
  -6.687 -49.500 -49.500
  -6.684 -49.500     NaN
  -6.682 -49.500     NaN
  -6.680 -49.500     NaN
  -6.678 -49.500 -49.500
  -6.675 -16.538 -16.538
  -6.673 -49.500 -49.500
  -6.671 -16.489 -49.500
  -6.669 -49.500 -49.500
  -6.667 -49.500 -49.500
  -6.665 -49.500 -49.500
  -6.663 -49.500 -49.500
  -6.661 -49.500 -49.500
  -6.658 -49.500 -49.500
  -6.656 -16.464 -16.464
  -6.654 -49.500 -49.500
  -6.652 -49.500 -49.500
  -6.650 -49.500 -49.500
  -6.648 -15.937 -49.500
  -6.646 -16.063 -49.500
  -6.644 -49.500     NaN
  -6.642 -16.100 -16.100
  -6.640 -15.450 -15.450
  -6.638 -49.500 -49.500
  -6.636 -49.500 -49.500
  -6.634 -15.991 -15.991
  -6.632 -49.500 -49.500
  -6.630 -16.212 -16.212
  -6.628 -49.500 -49.500
  -6.626 -49.500     NaN
  -6.624 -49.500 -49.500
  -6.622 -49.500     NaN
  -6.620 -49.500 -49.500
  -6.618 -49.500 -49.500
  -6.617 -49.500 -49.500
  -6.615 -49.500     NaN
  -6.613 -49.500     NaN
  -6.611 -49.500 -49.500
  -6.609 -16.295 -16.295
  -6.607 -49.500 -49.500
  -6.605 -16.455 -16.455
  -6.603 -49.500 -49.500
  -6.602 -49.500     NaN
  -6.600 -16.181 -16.181
  -6.598 -15.728 -15.728
  -6.596 -49.500 -49.500
  -6.594 -49.500     NaN
