  -8.861 -14.165 -14.165
  -8.599 -14.258 -14.258
  -8.442 -14.342 -14.342
  -8.329 -14.373 -14.373
  -8.239 -14.443 -14.443
  -8.166 -14.466 -14.466
  -8.103 -14.518 -14.518
  -8.048 -14.616 -14.616
  -7.999 -14.565 -14.565
  -7.955 -14.648 -14.648
  -7.916 -14.582 -14.582
  -7.879 -14.633 -14.633
  -7.846 -14.778 -14.778
  -7.815 -14.603 -14.603
  -7.786 -14.488 -14.828
  -7.758 -14.765 -14.765
  -7.733 -14.707 -14.931
  -7.709 -14.864 -14.864
  -7.686 -14.685 -14.685
  -7.664 -14.972 -14.972
  -7.643 -14.970 -14.970
  -7.624 -14.817 -14.817
  -7.605 -14.888 -14.888
  -7.586 -14.949 -14.949
  -7.569 -15.043 -15.043
  -7.552 -14.982 -14.982
  -7.536 -15.108 -15.108
  -7.521 -14.892 -14.892
  -7.506 -14.741 -15.231
  -7.491 -15.101 -15.101
  -7.477 -15.318 -15.318
  -7.464 -15.239 -15.239
  -7.451 -15.130 -15.332
  -7.438 -14.840 -15.018
  -7.425 -15.186 -15.186
  -7.413 -15.066 -15.066
  -7.401 -15.291 -15.291
  -7.390 -15.258 -15.258
  -7.379 -14.993 -14.993
  -7.368 -15.391 -15.391
  -7.357 -15.101 -15.319
  -7.347 -15.138 -15.408
  -7.337 -15.207 -15.453
  -7.327 -15.005 -15.219
  -7.317 -15.003 -15.293
  -7.308 -15.497 -15.497
  -7.299 -15.521 -15.521
  -7.290 -15.352 -15.352
  -7.281 -15.435 -15.435
  -7.272 -14.939 -15.369
  -7.264 -15.007 -15.472
  -7.255 -15.710 -15.710
  -7.247 -15.394 -15.872
  -7.239 -15.813 -15.813
  -7.231 -15.566 -15.841
  -7.223 -15.044 -15.266
  -7.216 -15.593 -15.870
  -7.208 -15.512 -15.945
  -7.201 -15.573 -15.573
  -7.194 -15.738 -15.738
  -7.187 -15.681 -15.681
  -7.180 -15.417 -15.647
  -7.173 -15.585 -15.872
  -7.166 -15.285 -15.631
  -7.159 -15.774 -15.774
  -7.153 -15.563 -15.740
  -7.146 -15.807 -15.807
  -7.140 -15.337 -15.506
  -7.133 -15.446 -15.446
  -7.127 -15.421 -15.758
  -7.121 -15.578 -15.900
  -7.115 -15.849 -15.849
  -7.109 -15.633 -15.924
  -7.103 -15.926 -15.926
  -7.098 -15.009 -15.443
  -7.092 -15.674 -15.945
  -7.086 -15.884 -16.048
  -7.081 -15.646 -15.985
  -7.075 -15.692 -16.268
  -7.070 -16.033 -16.033
  -7.064 -15.870 -16.026
  -7.059 -15.983 -16.140
  -7.054 -15.859 -15.859
  -7.049 -16.091 -16.091
  -7.043 -16.218 -16.419
  -7.038 -15.932 -16.255
  -7.033 -16.046 -16.046
  -7.029 -16.138 -16.289
  -7.024 -15.898 -15.898
  -7.019 -15.557 -16.107
  -7.014 -16.109 -16.109
  -7.009 -15.879 -16.071
  -7.005 -16.118 -16.301
  -7.000 -16.025 -16.025
  -6.995 -15.923 -15.923
  -6.991 -15.612 -16.276
  -6.986 -15.735 -15.888
  -6.982 -16.040 -16.310
  -6.978 -15.921 -15.921
  -6.973 -15.956 -15.956
  -6.969 -15.786 -16.345
  -6.965 -16.543 -16.543
  -6.961 -16.351 -16.351
  -6.956 -14.967 -16.465
  -6.952 -16.021 -16.466
  -6.948 -15.715 -16.059
  -6.944 -15.755 -15.952
  -6.940 -15.334 -15.963
  -6.936 -16.120 -49.500
  -6.932 -16.293 -16.513
  -6.928 -15.698 -16.167
  -6.924 -16.132 -16.323
  -6.920 -15.540 -16.301
  -6.917 -16.368 -16.764
  -6.913 -14.983 -16.171
  -6.909 -16.436 -49.500
  -6.905 -15.369 -15.828
  -6.902 -15.617 -16.779
  -6.898 -15.936 -16.188
  -6.894 -15.934 -16.665
  -6.891 -49.500     NaN
  -6.887 -49.500 -49.500
  -6.884 -16.163 -16.469
  -6.880 -15.749 -16.197
  -6.877 -16.088 -49.500
  -6.873 -49.500     NaN
  -6.870 -16.565 -49.500
  -6.867 -14.538 -16.251
  -6.863 -16.516 -16.721
  -6.860 -16.651 -16.818
  -6.857 -49.500 -49.500
  -6.853 -16.544 -49.500
  -6.850 -49.500 -49.500
  -6.847 -49.500     NaN
  -6.844 -16.098 -16.536
  -6.840 -16.268 -16.632
  -6.837 -49.500     NaN
  -6.834 -15.942 -49.500
  -6.831 -16.288 -16.443
  -6.828 -16.455 -16.846
  -6.825 -49.500     NaN
  -6.822 -49.500     NaN
  -6.819 -15.250 -16.059
  -6.816 -15.887 -49.500
  -6.813 -49.500     NaN
  -6.810 -15.706 -16.577
  -6.807 -15.984 -16.419
  -6.804 -16.723 -49.500
  -6.801 -16.291 -16.487
  -6.798 -15.894 -16.327
  -6.795 -15.918 -49.500
  -6.792 -16.253 -16.454
  -6.789 -16.455 -16.682
  -6.787 -16.680 -49.500
  -6.784 -49.500     NaN
  -6.781 -16.222 -49.500
  -6.778 -16.206 -49.500
  -6.775 -15.536 -49.500
  -6.773 -16.489 -49.500
  -6.770 -49.500     NaN
  -6.767 -49.500     NaN
  -6.765 -49.500     NaN
  -6.762 -16.122 -16.319
  -6.759 -15.571 -15.571
  -6.757 -15.900 -49.500
  -6.754 -49.500     NaN
  -6.751 -49.500 -49.500
  -6.749 -16.451 -49.500
  -6.746 -16.237 -16.622
  -6.744 -49.500     NaN
  -6.741 -49.500 -49.500
  -6.739 -16.065 -49.500
  -6.736 -16.161 -49.500
  -6.734 -49.500 -49.500
  -6.731 -16.896 -49.500
  -6.729 -16.924 -16.924
  -6.726 -49.500 -49.500
  -6.724 -49.500 -49.500
  -6.721 -49.500 -49.500
  -6.719 -49.500 -49.500
  -6.717 -49.500 -49.500
  -6.714 -49.500 -49.500
  -6.712 -16.171 -16.171
  -6.709 -16.757 -16.757
  -6.707 -49.500 -49.500
  -6.705 -16.097 -49.500
  -6.702 -49.500 -49.500
  -6.700 -16.340 -49.500
  -6.698 -16.165 -49.500
  -6.696 -49.500     NaN
  -6.693 -49.500     NaN
  -6.691 -49.500 -49.500
  -6.689 -49.500     NaN
  -6.687 -15.589 -49.500
  -6.684 -49.500     NaN
  -6.682 -49.500 -49.500
  -6.680 -16.178 -49.500
  -6.678 -15.612 -15.612
  -6.675 -49.500 -49.500
  -6.673 -15.931 -49.500
  -6.671 -49.500 -49.500
  -6.669 -16.464 -49.500
  -6.667 -49.500 -49.500
  -6.665 -49.500 -49.500
  -6.663 -15.731 -15.731
  -6.661 -49.500 -49.500
  -6.658 -49.500 -49.500
  -6.656 -16.085 -49.500
  -6.654 -49.500 -49.500
  -6.652 -49.500     NaN
  -6.650 -49.500     NaN
  -6.648 -49.500 -49.500
  -6.646 -49.500 -49.500
  -6.644 -15.218 -15.218
  -6.642 -49.500 -49.500
  -6.640 -49.500 -49.500
  -6.638 -15.983 -49.500
  -6.636 -49.500     NaN
  -6.634 -49.500 -49.500
  -6.632 -49.500     NaN
  -6.630 -49.500 -49.500
  -6.628 -49.500     NaN
  -6.626 -49.500 -49.500
  -6.624 -49.500     NaN
  -6.622 -49.500 -49.500
  -6.620 -16.215 -49.500
  -6.618 -16.053 -16.053
  -6.617 -49.500 -49.500
  -6.615 -49.500 -49.500
  -6.613 -49.500 -49.500
  -6.611 -49.500 -49.500
  -6.609 -49.500 -49.500
  -6.607 -49.500 -49.500
  -6.605 -49.500 -49.500
  -6.603 -49.500 -49.500
  -6.602 -16.557 -16.557
  -6.600 -49.500 -49.500
  -6.598 -49.500     NaN
  -6.596 -49.500 -49.500
  -6.594 -49.500 -49.500
