  -8.861 -14.162 -14.162
  -8.599 -14.244 -14.244
  -8.442 -14.280 -14.280
  -8.329 -14.388 -14.388
  -8.239 -14.446 -14.446
  -8.166 -14.412 -14.412
  -8.103 -14.541 -14.541
  -8.048 -14.554 -14.554
  -7.999 -14.544 -14.544
  -7.955 -14.547 -14.547
  -7.916 -14.617 -14.617
  -7.879 -14.594 -14.594
  -7.846 -14.593 -14.593
  -7.815 -14.824 -14.824
  -7.786 -14.845 -14.845
  -7.758 -14.942 -14.942
  -7.733 -14.860 -14.860
  -7.709 -14.897 -14.897
  -7.686 -14.842 -14.842
  -7.664 -15.006 -15.006
  -7.643 -14.763 -14.763
  -7.624 -14.557 -14.744
  -7.605 -14.695 -14.695
  -7.586 -14.956 -15.132
  -7.569 -14.709 -14.709
  -7.552 -15.080 -15.080
  -7.536 -14.716 -14.716
  -7.521 -15.161 -15.161
  -7.506 -14.806 -14.981
  -7.491 -15.289 -15.289
  -7.477 -15.103 -15.103
  -7.464 -14.906 -15.265
  -7.451 -14.238 -15.061
  -7.438 -15.207 -15.207
  -7.425 -15.351 -15.351
  -7.413 -15.421 -15.421
  -7.401 -15.217 -15.431
  -7.390 -15.105 -15.105
  -7.379 -15.101 -15.345
  -7.368 -15.159 -15.329
  -7.357 -15.421 -15.421
  -7.347 -15.044 -15.044
  -7.337 -14.871 -15.345
  -7.327 -15.445 -15.445
  -7.317 -15.654 -15.654
  -7.308 -14.974 -15.478
  -7.299 -14.918 -15.296
  -7.290 -15.524 -15.801
  -7.281 -15.146 -15.308
  -7.272 -15.601 -15.601
  -7.264 -15.639 -15.639
  -7.255 -14.775 -15.235
  -7.247 -15.053 -15.512
  -7.239 -15.570 -15.570
  -7.231 -15.170 -15.462
  -7.223 -15.732 -15.732
  -7.216 -15.383 -15.383
  -7.208 -15.669 -15.669
  -7.201 -15.580 -15.740
  -7.194 -14.974 -15.579
  -7.187 -14.387 -15.433
  -7.180 -15.761 -15.761
  -7.173 -15.910 -15.910
  -7.166 -15.400 -15.940
  -7.159 -15.143 -15.857
  -7.153 -15.583 -15.583
  -7.146 -15.873 -15.873
  -7.140 -15.537 -15.834
  -7.133 -15.715 -15.715
  -7.127 -15.145 -16.124
  -7.121 -14.618 -14.863
  -7.115 -15.663 -15.663
  -7.109 -15.366 -15.738
  -7.103 -15.736 -15.736
  -7.098 -16.236 -16.236
  -7.092 -15.716 -15.921
  -7.086 -16.039 -16.267
  -7.081 -14.800 -15.804
  -7.075 -15.741 -16.065
  -7.070 -15.957 -15.957
  -7.064 -15.787 -15.787
  -7.059 -15.621 -15.832
  -7.054 -15.059 -16.012
  -7.049 -15.930 -15.930
  -7.043 -15.415 -15.415
  -7.038 -15.870 -16.098
  -7.033 -15.582 -16.325
  -7.029 -16.166 -16.628
  -7.024 -16.160 -16.461
  -7.019 -16.194 -16.345
  -7.014 -15.300 -15.600
  -7.009 -15.912 -16.111
  -7.005 -15.692 -16.484
  -7.000 -16.295 -16.505
  -6.995 -16.055 -16.595
  -6.991 -15.894 -15.894
  -6.986 -16.255 -16.486
  -6.982 -15.444 -15.699
  -6.978 -15.311 -15.901
  -6.973 -16.433 -16.433
  -6.969 -15.742 -16.412
  -6.965 -16.118 -16.118
  -6.961 -16.512 -16.696
  -6.956 -15.662 -15.966
  -6.952 -16.314 -16.476
  -6.948 -16.127 -16.454
  -6.944 -15.367 -15.997
  -6.940 -15.837 -15.837
  -6.936 -16.302 -16.538
  -6.932 -14.628 -15.884
  -6.928 -16.280 -16.280
  -6.924 -16.146 -16.588
  -6.920 -15.907 -16.672
  -6.917 -16.136 -16.373
  -6.913 -15.581 -15.979
  -6.909 -49.500     NaN
  -6.905 -16.480 -16.795
  -6.902 -14.547 -16.421
  -6.898 -15.815 -16.178
  -6.894 -15.542 -15.982
  -6.891 -16.629 -49.500
  -6.887 -22.470 -22.470
  -6.884 -16.129 -16.826
  -6.880 -16.213 -16.213
  -6.877 -15.884 -15.884
  -6.873 -49.500 -49.500
  -6.870 -15.709 -15.709
  -6.867 -49.500     NaN
  -6.863 -49.500     NaN
  -6.860 -16.206 -16.616
  -6.857 -16.715 -49.500
  -6.853 -16.164 -16.358
  -6.850 -16.255 -16.735
  -6.847 -16.475 -49.500
  -6.844 -16.369 -16.702
  -6.840 -16.147 -16.345
  -6.837 -15.835 -16.008
  -6.834 -16.223 -16.549
  -6.831 -16.914 -49.500
  -6.828 -17.348 -49.500
  -6.825 -49.500     NaN
  -6.822 -16.478 -49.500
  -6.819 -15.807 -16.168
  -6.816 -16.669 -49.500
  -6.813 -15.838 -16.289
  -6.810 -15.403 -16.936
  -6.807 -49.500     NaN
  -6.804 -16.485 -49.500
  -6.801 -16.522 -16.692
  -6.798 -15.865 -49.500
  -6.795 -49.500     NaN
  -6.792 -15.749 -16.125
  -6.789 -49.500     NaN
  -6.787 -16.397 -16.642
  -6.784 -49.500     NaN
  -6.781 -49.500     NaN
  -6.778 -49.500     NaN
  -6.775 -16.093 -16.093
  -6.773 -49.500     NaN
  -6.770 -16.168 -49.500
  -6.767 -49.500     NaN
  -6.765 -49.500     NaN
  -6.762 -16.281 -49.500
  -6.759 -49.500 -49.500
  -6.757 -15.942 -49.500
  -6.754 -16.798 -49.500
  -6.751 -49.500 -49.500
  -6.749 -49.500 -49.500
  -6.746 -49.500 -49.500
  -6.744 -49.500     NaN
  -6.741 -16.349 -16.349
  -6.739 -16.423 -49.500
  -6.736 -49.500 -49.500
  -6.734 -15.406 -16.653
  -6.731 -49.500     NaN
  -6.729 -16.243 -49.500
  -6.726 -49.500 -49.500
  -6.724 -14.967 -14.967
  -6.721 -15.833 -16.108
  -6.719 -17.185 -49.500
  -6.717 -16.812 -49.500
  -6.714 -16.352 -49.500
  -6.712 -49.500     NaN
  -6.709 -49.500 -49.500
  -6.707 -49.500 -49.500
  -6.705 -16.309 -49.500
  -6.702 -49.500     NaN
  -6.700 -49.500 -49.500
  -6.698 -16.530 -49.500
  -6.696 -15.984 -49.500
  -6.693 -16.146 -49.500
  -6.691 -17.006 -17.006
  -6.689 -49.500     NaN
  -6.687 -49.500 -49.500
  -6.684 -15.817 -16.468
  -6.682 -16.633 -49.500
  -6.680 -49.500 -49.500
  -6.678 -49.500     NaN
  -6.675 -49.500     NaN
  -6.673 -49.500 -49.500
  -6.671 -15.739 -15.739
  -6.669 -15.616 -49.500
  -6.667 -49.500 -49.500
  -6.665 -49.500 -49.500
  -6.663 -49.500 -49.500
  -6.661 -16.089 -49.500
  -6.658 -49.500 -49.500
  -6.656 -14.858 -49.500
  -6.654 -49.500 -49.500
  -6.652 -49.500 -49.500
  -6.650 -16.576 -16.576
  -6.648 -16.568 -16.568
  -6.646 -49.500 -49.500
  -6.644 -16.326 -49.500
  -6.642 -15.731 -16.640
  -6.640 -16.077 -16.077
  -6.638 -16.620 -16.620
  -6.636 -49.500 -49.500
  -6.634 -49.500 -49.500
  -6.632 -16.564 -49.500
  -6.630 -49.500     NaN
  -6.628 -49.500 -49.500
  -6.626 -49.500     NaN
  -6.624 -49.500     NaN
  -6.622 -49.500 -49.500
  -6.620 -16.051 -16.051
  -6.618 -49.500 -49.500
  -6.617 -49.500 -49.500
  -6.615 -49.500 -49.500
  -6.613 -49.500 -49.500
  -6.611 -49.500 -49.500
  -6.609 -49.500 -49.500
  -6.607 -49.500 -49.500
  -6.605 -49.500 -49.500
  -6.603 -49.500 -49.500
  -6.602 -15.371 -15.371
  -6.600 -16.409 -16.409
  -6.598 -49.500 -49.500
  -6.596 -49.500     NaN
  -6.594 -49.500 -49.500
