  -8.861 -14.156 -14.156
  -8.599 -14.193 -14.193
  -8.442 -14.304 -14.304
  -8.329 -14.371 -14.371
  -8.239 -14.448 -14.448
  -8.166 -14.393 -14.393
  -8.103 -14.511 -14.511
  -8.048 -14.516 -14.516
  -7.999 -14.579 -14.579
  -7.955 -14.512 -14.512
  -7.916 -14.623 -14.623
  -7.879 -14.650 -14.650
  -7.846 -14.595 -14.595
  -7.815 -14.769 -14.769
  -7.786 -14.710 -14.710
  -7.758 -14.774 -14.774
  -7.733 -14.684 -14.684
  -7.709 -14.882 -14.882
  -7.686 -14.860 -14.860
  -7.664 -14.979 -14.979
  -7.643 -14.812 -14.977
  -7.624 -14.561 -14.746
  -7.605 -14.868 -14.868
  -7.586 -15.062 -15.062
  -7.569 -15.075 -15.075
  -7.552 -14.989 -14.989
  -7.536 -14.683 -15.234
  -7.521 -14.858 -14.858
  -7.506 -15.116 -15.116
  -7.491 -15.192 -15.192
  -7.477 -14.669 -15.015
  -7.464 -15.307 -15.307
  -7.451 -14.989 -15.292
  -7.438 -15.332 -15.332
  -7.425 -15.171 -15.171
  -7.413 -15.216 -15.216
  -7.401 -15.242 -15.242
  -7.390 -15.144 -15.312
  -7.379 -15.234 -15.467
  -7.368 -15.234 -15.234
  -7.357 -15.588 -15.588
  -7.347 -14.744 -15.257
  -7.337 -15.260 -15.260
  -7.327 -15.150 -15.398
  -7.317 -15.594 -15.594
  -7.308 -15.431 -15.431
  -7.299 -15.499 -15.499
  -7.290 -15.550 -15.550
  -7.281 -15.097 -15.251
  -7.272 -15.184 -15.335
  -7.264 -15.113 -15.113
  -7.255 -15.620 -15.620
  -7.247 -15.505 -15.505
  -7.239 -14.617 -15.184
  -7.231 -15.031 -15.525
  -7.223 -15.637 -15.929
  -7.216 -15.622 -15.622
  -7.208 -15.714 -15.714
  -7.201 -15.797 -15.797
  -7.194 -15.421 -15.656
  -7.187 -15.363 -15.829
  -7.180 -16.084 -16.084
  -7.173 -15.879 -15.879
  -7.166 -14.958 -15.488
  -7.159 -15.424 -15.424
  -7.153 -15.599 -15.750
  -7.146 -15.501 -15.931
  -7.140 -15.436 -15.670
  -7.133 -15.641 -15.641
  -7.127 -15.202 -15.439
  -7.121 -15.747 -15.905
  -7.115 -14.739 -15.394
  -7.109 -15.754 -16.081
  -7.103 -15.705 -16.021
  -7.098 -16.054 -16.054
  -7.092 -16.017 -16.017
  -7.086 -15.498 -15.809
  -7.081 -15.795 -16.351
  -7.075 -15.944 -15.944
  -7.070 -15.848 -15.848
  -7.064 -16.092 -16.092
  -7.059 -14.773 -15.915
  -7.054 -16.056 -16.231
  -7.049 -16.097 -16.097
  -7.043 -16.389 -16.389
  -7.038 -16.100 -16.100
  -7.033 -16.209 -16.209
  -7.029 -15.998 -15.998
  -7.024 -15.228 -15.553
  -7.019 -15.619 -16.182
  -7.014 -15.686 -16.122
  -7.009 -15.017 -15.382
  -7.005 -15.443 -15.615
  -7.000 -15.423 -15.861
  -6.995 -15.683 -15.850
  -6.991 -16.176 -16.655
  -6.986 -16.467 -16.765
  -6.982 -15.864 -15.864
  -6.978 -16.013 -16.223
  -6.973 -16.371 -16.598
  -6.969 -15.591 -16.020
  -6.965 -15.544 -15.747
  -6.961 -15.817 -16.049
  -6.956 -15.871 -16.028
  -6.952 -16.249 -16.249
  -6.948 -16.390 -16.730
  -6.944 -16.391 -16.612
  -6.940 -16.315 -16.589
  -6.936 -16.123 -16.123
  -6.932 -16.473 -16.705
  -6.928 -14.213 -15.703
  -6.924 -15.475 -49.500
  -6.920 -15.964 -16.225
  -6.917 -16.233 -16.233
  -6.913 -15.068 -15.378
  -6.909 -49.500     NaN
  -6.905 -16.701 -22.230
  -6.902 -16.152 -16.444
  -6.898 -16.023 -16.176
  -6.894 -15.080 -17.192
  -6.891 -16.047 -16.047
  -6.887 -15.859 -16.181
  -6.884 -16.203 -16.645
  -6.880 -15.704 -15.863
  -6.877 -16.116 -16.116
  -6.873 -16.868 -49.500
  -6.870 -15.577 -17.073
  -6.867 -16.262 -16.681
  -6.863 -16.692 -49.500
  -6.860 -16.478 -49.500
  -6.857 -15.812 -16.439
  -6.853 -16.134 -49.500
  -6.850 -15.852 -16.172
  -6.847 -16.415 -16.896
  -6.844 -15.664 -16.243
  -6.840 -49.500     NaN
  -6.837 -15.072 -15.072
  -6.834 -15.901 -16.072
  -6.831 -49.500     NaN
  -6.828 -16.042 -17.131
  -6.825 -49.500     NaN
  -6.822 -14.768 -16.920
  -6.819 -14.926 -49.500
  -6.816 -15.926 -16.122
  -6.813 -49.500     NaN
  -6.810 -16.442 -49.500
  -6.807 -16.387 -16.557
  -6.804 -16.015 -16.848
  -6.801 -16.178 -49.500
  -6.798 -16.388 -49.500
  -6.795 -14.677 -49.500
  -6.792 -16.187 -16.793
  -6.789 -15.593 -16.357
  -6.787 -16.732 -49.500
  -6.784 -16.137 -49.500
  -6.781 -49.500     NaN
  -6.778 -16.068 -16.347
  -6.775 -16.142 -49.500
  -6.773 -16.465 -49.500
  -6.770 -16.099 -49.500
  -6.767 -49.500     NaN
  -6.765 -49.500     NaN
  -6.762 -49.500 -49.500
  -6.759 -17.135 -49.500
  -6.757 -15.931 -49.500
  -6.754 -49.500 -49.500
  -6.751 -49.500 -49.500
  -6.749 -49.500 -49.500
  -6.746 -14.952 -15.892
  -6.744 -16.297 -49.500
  -6.741 -15.848 -49.500
  -6.739 -49.500     NaN
  -6.736 -49.500     NaN
  -6.734 -16.183 -16.562
  -6.731 -49.500 -49.500
  -6.729 -15.627 -15.627
  -6.726 -16.151 -49.500
  -6.724 -49.500     NaN
  -6.721 -49.500     NaN
  -6.719 -49.500 -49.500
  -6.717 -16.538 -49.500
  -6.714 -16.313 -16.313
  -6.712 -49.500     NaN
  -6.709 -16.032 -49.500
  -6.707 -49.500 -49.500
  -6.705 -49.500 -49.500
  -6.702 -16.559 -49.500
  -6.700 -16.339 -49.500
  -6.698 -16.026 -49.500
  -6.696 -16.417 -16.813
  -6.693 -49.500 -49.500
  -6.691 -49.500 -49.500
  -6.689 -16.552 -49.500
  -6.687 -49.500 -49.500
  -6.684 -49.500 -49.500
  -6.682 -49.500 -49.500
  -6.680 -16.336 -49.500
  -6.678 -49.500     NaN
  -6.675 -15.073 -49.500
  -6.673 -49.500 -49.500
  -6.671 -16.305 -49.500
  -6.669 -49.500     NaN
  -6.667 -49.500     NaN
  -6.665 -49.500 -49.500
  -6.663 -49.500     NaN
  -6.661 -49.500 -49.500
  -6.658 -16.516 -49.500
  -6.656 -16.618 -16.618
  -6.654 -16.494 -16.494
  -6.652 -16.368 -16.368
  -6.650 -16.450 -16.450
  -6.648 -49.500 -49.500
  -6.646 -49.500 -49.500
  -6.644 -49.500 -49.500
  -6.642 -16.560 -49.500
  -6.640 -16.183 -49.500
  -6.638 -15.694 -49.500
  -6.636 -49.500     NaN
  -6.634 -49.500 -49.500
  -6.632 -49.500 -49.500
  -6.630 -49.500 -49.500
  -6.628 -49.500 -49.500
  -6.626 -15.538 -15.538
  -6.624 -49.500 -49.500
  -6.622 -49.500 -49.500
  -6.620 -49.500 -49.500
  -6.618 -49.500 -49.500
  -6.617 -16.440 -49.500
  -6.615 -49.500 -49.500
  -6.613 -49.500 -49.500
  -6.611 -49.500 -49.500
  -6.609 -49.500 -49.500
  -6.607 -49.500 -49.500
  -6.605 -49.500 -49.500
  -6.603 -15.970 -49.500
  -6.602 -49.500 -49.500
  -6.600 -49.500 -49.500
  -6.598 -49.500 -49.500
  -6.596 -49.500 -49.500
  -6.594 -49.500 -49.500
