  -8.861 -14.150 -14.150
  -8.599 -14.238 -14.238
  -8.442 -14.328 -14.328
  -8.329 -14.357 -14.357
  -8.239 -14.456 -14.456
  -8.166 -14.476 -14.476
  -8.103 -14.526 -14.526
  -8.048 -14.563 -14.563
  -7.999 -14.558 -14.558
  -7.955 -14.549 -14.549
  -7.916 -14.684 -14.684
  -7.879 -14.606 -14.606
  -7.846 -14.793 -14.793
  -7.815 -14.734 -14.734
  -7.786 -14.914 -14.914
  -7.758 -14.723 -14.723
  -7.733 -14.485 -14.829
  -7.709 -14.840 -14.840
  -7.686 -14.921 -14.921
  -7.664 -14.895 -14.895
  -7.643 -14.928 -14.928
  -7.624 -14.891 -14.891
  -7.605 -14.883 -14.883
  -7.586 -15.088 -15.088
  -7.569 -14.701 -14.701
  -7.552 -15.061 -15.061
  -7.536 -15.075 -15.075
  -7.521 -14.826 -15.090
  -7.506 -15.123 -15.123
  -7.491 -15.050 -15.050
  -7.477 -15.210 -15.210
  -7.464 -14.758 -15.092
  -7.451 -14.749 -15.038
  -7.438 -14.825 -14.995
  -7.425 -15.450 -15.450
  -7.413 -14.673 -15.055
  -7.401 -15.347 -15.347
  -7.390 -15.057 -15.057
  -7.379 -15.380 -15.380
  -7.368 -14.907 -14.907
  -7.357 -15.465 -15.465
  -7.347 -14.790 -15.167
  -7.337 -14.523 -15.132
  -7.327 -15.385 -15.385
  -7.317 -15.523 -15.778
  -7.308 -15.115 -15.356
  -7.299 -15.456 -15.456
  -7.290 -15.385 -15.385
  -7.281 -15.502 -15.653
  -7.272 -15.428 -15.428
  -7.264 -15.289 -15.665
  -7.255 -15.490 -15.490
  -7.247 -15.408 -15.408
  -7.239 -15.258 -15.466
  -7.231 -15.249 -15.514
  -7.223 -15.707 -15.707
  -7.216 -15.721 -15.721
  -7.208 -15.259 -15.457
  -7.201 -15.853 -15.853
  -7.194 -15.358 -15.943
  -7.187 -15.232 -15.589
  -7.180 -15.084 -15.720
  -7.173 -15.704 -15.704
  -7.166 -15.862 -15.862
  -7.159 -15.507 -15.667
  -7.153 -15.393 -15.910
  -7.146 -15.894 -15.894
  -7.140 -15.873 -16.069
  -7.133 -15.612 -15.824
  -7.127 -15.926 -15.926
  -7.121 -15.807 -15.807
  -7.115 -14.817 -15.607
  -7.109 -15.478 -15.718
  -7.103 -16.134 -16.134
  -7.098 -15.729 -15.729
  -7.092 -15.560 -15.812
  -7.086 -15.760 -16.092
  -7.081 -15.594 -15.800
  -7.075 -15.844 -16.010
  -7.070 -15.499 -15.718
  -7.064 -15.851 -15.851
  -7.059 -15.946 -16.100
  -7.054 -15.802 -16.000
  -7.049 -16.139 -16.139
  -7.043 -15.550 -15.866
  -7.038 -15.962 -15.962
  -7.033 -15.981 -16.149
  -7.029 -15.339 -16.217
  -7.024 -15.032 -15.032
  -7.019 -15.935 -16.095
  -7.014 -14.854 -15.898
  -7.009 -16.122 -16.122
  -7.005 -16.144 -16.559
  -7.000 -16.235 -16.445
  -6.995 -15.475 -16.020
  -6.991 -15.985 -16.338
  -6.986 -15.306 -15.769
  -6.982 -16.326 -16.729
  -6.978 -16.194 -16.194
  -6.973 -16.430 -16.829
  -6.969 -16.402 -16.590
  -6.965 -16.122 -16.358
  -6.961 -15.665 -15.934
  -6.956 -16.675 -16.890
  -6.952 -15.332 -16.094
  -6.948 -16.244 -16.706
  -6.944 -16.558 -16.558
  -6.940 -15.344 -16.077
  -6.936 -16.336 -16.881
  -6.932 -16.481 -22.554
  -6.928 -15.554 -16.101
  -6.924 -16.120 -16.381
  -6.920 -16.629 -16.811
  -6.917 -16.104 -16.276
  -6.913 -16.429 -49.500
  -6.909 -16.521 -16.720
  -6.905 -16.598 -49.500
  -6.902 -15.298 -15.724
  -6.898 -16.085 -16.085
  -6.894 -16.424 -16.647
  -6.891 -16.301 -16.911
  -6.887 -16.424 -49.500
  -6.884 -49.500     NaN
  -6.880 -15.955 -16.316
  -6.877 -16.054 -16.658
  -6.873 -16.303 -16.559
  -6.870 -16.347 -16.570
  -6.867 -16.233 -16.759
  -6.863 -15.953 -16.599
  -6.860 -16.628 -16.803
  -6.857 -16.190 -16.481
  -6.853 -15.474 -16.366
  -6.850 -16.419 -49.500
  -6.847 -15.935 -16.362
  -6.844 -16.844 -49.500
  -6.840 -49.500     NaN
  -6.837 -15.302 -15.656
  -6.834 -15.711 -16.310
  -6.831 -16.537 -49.500
  -6.828 -49.500     NaN
  -6.825 -15.989 -16.178
  -6.822 -16.046 -16.284
  -6.819 -15.172 -15.868
  -6.816 -16.401 -49.500
  -6.813 -16.314 -16.680
  -6.810 -16.817 -49.500
  -6.807 -16.648 -49.500
  -6.804 -16.714 -49.500
  -6.801 -16.330 -49.500
  -6.798 -16.123 -16.615
  -6.795 -16.442 -16.616
  -6.792 -15.156 -15.771
  -6.789 -49.500     NaN
  -6.787 -16.043 -49.500
  -6.784 -49.500     NaN
  -6.781 -16.767 -49.500
  -6.778 -15.976 -16.486
  -6.775 -49.500     NaN
  -6.773 -16.919 -49.500
  -6.770 -49.500 -49.500
  -6.767 -49.500     NaN
  -6.765 -15.424 -16.174
  -6.762 -49.500     NaN
  -6.759 -16.528 -49.500
  -6.757 -15.969 -49.500
  -6.754 -49.500     NaN
  -6.751 -49.500     NaN
  -6.749 -49.500     NaN
  -6.746 -16.570 -16.570
  -6.744 -49.500     NaN
  -6.741 -15.817 -15.817
  -6.739 -49.500     NaN
  -6.736 -49.500 -49.500
  -6.734 -16.448 -16.448
  -6.731 -16.765 -49.500
  -6.729 -49.500     NaN
  -6.726 -49.500     NaN
  -6.724 -49.500 -49.500
  -6.721 -49.500 -49.500
  -6.719 -49.500 -49.500
  -6.717 -49.500 -49.500
  -6.714 -16.367 -49.500
  -6.712 -16.335 -16.517
  -6.709 -16.797 -49.500
  -6.707 -16.227 -49.500
  -6.705 -49.500     NaN
  -6.702 -16.000 -16.462
  -6.700 -15.494 -49.500
  -6.698 -49.500 -49.500
  -6.696 -49.500     NaN
  -6.693 -15.841 -16.315
  -6.691 -16.259 -16.259
  -6.689 -16.264 -49.500
  -6.687 -49.500 -49.500
  -6.684 -15.754 -15.754
  -6.682 -16.394 -49.500
  -6.680 -49.500     NaN
  -6.678 -49.500 -49.500
  -6.675 -15.873 -15.873
  -6.673 -49.500     NaN
  -6.671 -49.500 -49.500
  -6.669 -49.500     NaN
  -6.667 -15.351 -49.500
  -6.665 -49.500 -49.500
  -6.663 -49.500 -49.500
  -6.661 -49.500 -49.500
  -6.658 -49.500 -49.500
  -6.656 -49.500 -49.500
  -6.654 -49.500 -49.500
  -6.652 -16.178 -49.500
  -6.650 -49.500     NaN
  -6.648 -49.500     NaN
  -6.646 -16.223 -16.223
  -6.644 -49.500 -49.500
  -6.642 -49.500 -49.500
  -6.640 -49.500 -49.500
  -6.638 -49.500 -49.500
  -6.636 -49.500     NaN
  -6.634 -49.500     NaN
  -6.632 -49.500 -49.500
  -6.630 -16.294 -16.294
  -6.628 -16.525 -16.525
  -6.626 -16.294 -16.294
  -6.624 -49.500 -49.500
  -6.622 -16.430 -49.500
  -6.620 -49.500 -49.500
  -6.618 -49.500 -49.500
  -6.617 -49.500 -49.500
  -6.615 -16.125 -16.125
  -6.613 -49.500     NaN
  -6.611 -49.500     NaN
  -6.609 -49.500 -49.500
  -6.607 -15.904 -15.904
  -6.605 -49.500 -49.500
  -6.603 -49.500 -49.500
  -6.602 -49.500 -49.500
  -6.600 -49.500 -49.500
  -6.598 -49.500 -49.500
  -6.596 -49.500 -49.500
  -6.594 -49.500 -49.500
