  -8.861 -14.144 -14.144
  -8.599 -14.237 -14.237
  -8.442 -14.297 -14.297
  -8.329 -14.349 -14.349
  -8.239 -14.439 -14.439
  -8.166 -14.459 -14.459
  -8.103 -14.520 -14.520
  -8.048 -14.587 -14.587
  -7.999 -14.591 -14.591
  -7.955 -14.690 -14.690
  -7.916 -14.658 -14.658
  -7.879 -14.680 -14.680
  -7.846 -14.616 -14.616
  -7.815 -14.584 -14.584
  -7.786 -14.645 -14.645
  -7.758 -14.823 -14.823
  -7.733 -14.784 -14.784
  -7.709 -14.895 -14.895
  -7.686 -14.374 -14.791
  -7.664 -14.757 -14.757
  -7.643 -14.960 -14.960
  -7.624 -14.886 -14.886
  -7.605 -14.997 -14.997
  -7.586 -15.099 -15.099
  -7.569 -14.728 -15.051
  -7.552 -15.007 -15.162
  -7.536 -15.233 -15.233
  -7.521 -15.046 -15.046
  -7.506 -15.137 -15.137
  -7.491 -14.375 -14.887
  -7.477 -15.071 -15.071
  -7.464 -14.975 -14.975
  -7.451 -14.784 -15.013
  -7.438 -15.347 -15.347
  -7.425 -15.291 -15.291
  -7.413 -15.322 -15.322
  -7.401 -15.315 -15.315
  -7.390 -14.762 -15.125
  -7.379 -15.224 -15.528
  -7.368 -15.223 -15.223
  -7.357 -15.282 -15.282
  -7.347 -15.025 -15.387
  -7.337 -15.137 -15.357
  -7.327 -15.479 -15.479
  -7.317 -15.583 -15.583
  -7.308 -15.165 -15.331
  -7.299 -15.393 -15.393
  -7.290 -15.374 -15.374
  -7.281 -15.636 -15.636
  -7.272 -15.643 -15.643
  -7.264 -15.587 -15.587
  -7.255 -15.447 -15.626
  -7.247 -15.029 -15.253
  -7.239 -15.661 -15.661
  -7.231 -15.445 -15.661
  -7.223 -15.569 -15.569
  -7.216 -15.607 -15.607
  -7.208 -15.283 -15.283
  -7.201 -15.157 -15.157
  -7.194 -15.261 -15.745
  -7.187 -15.581 -15.884
  -7.180 -15.116 -15.659
  -7.173 -15.727 -15.887
  -7.166 -15.720 -15.720
  -7.159 -15.347 -15.729
  -7.153 -15.519 -15.773
  -7.146 -15.383 -15.774
  -7.140 -15.357 -15.877
  -7.133 -15.947 -15.947
  -7.127 -16.026 -16.026
  -7.121 -15.353 -15.353
  -7.115 -15.650 -15.899
  -7.109 -15.891 -15.891
  -7.103 -15.734 -15.935
  -7.098 -15.091 -15.597
  -7.092 -15.798 -15.798
  -7.086 -15.917 -16.082
  -7.081 -15.383 -15.718
  -7.075 -16.059 -16.234
  -7.070 -15.847 -16.255
  -7.064 -15.421 -15.684
  -7.059 -16.104 -16.258
  -7.054 -15.556 -15.938
  -7.049 -15.841 -15.841
  -7.043 -15.793 -16.042
  -7.038 -16.004 -16.244
  -7.033 -16.172 -16.172
  -7.029 -15.290 -15.673
  -7.024 -15.841 -16.079
  -7.019 -15.911 -16.065
  -7.014 -15.693 -15.916
  -7.009 -15.940 -15.940
  -7.005 -15.329 -15.759
  -7.000 -15.972 -15.972
  -6.995 -15.405 -15.679
  -6.991 -16.220 -16.379
  -6.986 -16.753 -49.500
  -6.982 -15.538 -15.538
  -6.978 -16.354 -16.354
  -6.973 -15.199 -16.260
  -6.969 -16.094 -16.094
  -6.965 -15.989 -15.989
  -6.961 -15.310 -16.641
  -6.956 -15.921 -16.131
  -6.952 -15.897 -16.564
  -6.948 -14.879 -15.473
  -6.944 -14.995 -16.491
  -6.940 -16.093 -16.093
  -6.936 -16.295 -16.692
  -6.932 -16.217 -16.526
  -6.928 -15.522 -16.362
  -6.924 -16.189 -16.189
  -6.920 -16.449 -16.777
  -6.917 -15.861 -16.097
  -6.913 -15.176 -15.176
  -6.909 -16.082 -16.481
  -6.905 -15.102 -15.477
  -6.902 -15.937 -16.212
  -6.898 -16.479 -17.361
  -6.894 -15.866 -16.116
  -6.891 -16.049 -49.500
  -6.887 -17.086 -49.500
  -6.884 -15.379 -15.889
  -6.880 -16.491 -16.491
  -6.877 -15.900 -16.191
  -6.873 -17.175 -49.500
  -6.870 -15.947 -16.485
  -6.867 -15.465 -49.500
  -6.863 -15.616 -16.190
  -6.860 -16.339 -16.339
  -6.857 -16.717 -49.500
  -6.853 -16.674 -49.500
  -6.850 -49.500     NaN
  -6.847 -13.988 -16.452
  -6.844 -15.845 -16.146
  -6.840 -49.500     NaN
  -6.837 -16.380 -16.968
  -6.834 -15.095 -16.562
  -6.831 -15.720 -15.997
  -6.828 -49.500     NaN
  -6.825 -16.588 -49.500
  -6.822 -49.500     NaN
  -6.819 -14.172 -15.368
  -6.816 -16.316 -49.500
  -6.813 -49.500     NaN
  -6.810 -16.020 -16.456
  -6.807 -16.109 -16.494
  -6.804 -16.124 -16.124
  -6.801 -16.292 -17.294
  -6.798 -16.401 -49.500
  -6.795 -49.500 -49.500
  -6.792 -16.097 -16.560
  -6.789 -15.923 -49.500
  -6.787 -16.370 -16.587
  -6.784 -16.318 -49.500
  -6.781 -49.500     NaN
  -6.778 -16.514 -49.500
  -6.775 -16.555 -49.500
  -6.773 -16.215 -49.500
  -6.770 -49.500     NaN
  -6.767 -16.617 -16.617
  -6.765 -16.016 -49.500
  -6.762 -16.720 -49.500
  -6.759 -16.798 -49.500
  -6.757 -49.500 -49.500
  -6.754 -16.756 -49.500
  -6.751 -16.111 -49.500
  -6.749 -16.137 -49.500
  -6.746 -16.028 -16.947
  -6.744 -16.836 -49.500
  -6.741 -16.343 -49.500
  -6.739 -49.500     NaN
  -6.736 -49.500 -49.500
  -6.734 -15.902 -16.479
  -6.731 -16.324 -49.500
  -6.729 -16.393 -49.500
  -6.726 -16.264 -49.500
  -6.724 -16.310 -49.500
  -6.721 -49.500     NaN
  -6.719 -49.500 -49.500
  -6.717 -15.921 -49.500
  -6.714 -49.500     NaN
  -6.712 -49.500 -49.500
  -6.709 -15.807 -49.500
  -6.707 -49.500 -49.500
  -6.705 -49.500 -49.500
  -6.702 -16.914 -16.914
  -6.700 -49.500 -49.500
  -6.698 -49.500     NaN
  -6.696 -49.500 -49.500
  -6.693 -49.500 -49.500
  -6.691 -49.500     NaN
  -6.689 -49.500 -49.500
  -6.687 -49.500     NaN
  -6.684 -49.500 -49.500
  -6.682 -49.500 -49.500
  -6.680 -49.500 -49.500
  -6.678 -16.714 -49.500
  -6.675 -49.500 -49.500
  -6.673 -15.794 -49.500
  -6.671 -49.500 -49.500
  -6.669 -49.500 -49.500
  -6.667 -49.500 -49.500
  -6.665 -49.500 -49.500
  -6.663 -49.500 -49.500
  -6.661 -49.500 -49.500
  -6.658 -16.211 -16.211
  -6.656 -15.402 -15.402
  -6.654 -49.500 -49.500
  -6.652 -49.500 -49.500
  -6.650 -49.500 -49.500
  -6.648 -15.712 -49.500
  -6.646 -49.500 -49.500
  -6.644 -16.309 -49.500
  -6.642 -14.895 -49.500
  -6.640 -49.500     NaN
  -6.638 -15.892 -49.500
  -6.636 -49.500     NaN
  -6.634 -49.500 -49.500
  -6.632 -49.500 -49.500
  -6.630 -49.500 -49.500
  -6.628 -16.135 -49.500
  -6.626 -49.500 -49.500
  -6.624 -49.500 -49.500
  -6.622 -49.500 -49.500
  -6.620 -49.500     NaN
  -6.618 -49.500 -49.500
  -6.617 -16.492 -49.500
  -6.615 -49.500 -49.500
  -6.613 -49.500     NaN
  -6.611 -49.500 -49.500
  -6.609 -16.073 -16.073
  -6.607 -49.500 -49.500
  -6.605 -49.500 -49.500
  -6.603 -16.203 -49.500
  -6.602 -49.500 -49.500
  -6.600 -16.237 -49.500
  -6.598 -49.500 -49.500
  -6.596 -49.500 -49.500
  -6.594 -49.500 -49.500
