  -8.861 -14.152 -14.152
  -8.599 -14.249 -14.249
  -8.442 -14.332 -14.332
  -8.329 -14.389 -14.389
  -8.239 -14.439 -14.439
  -8.166 -14.448 -14.448
  -8.103 -14.533 -14.533
  -8.048 -14.509 -14.509
  -7.999 -14.593 -14.593
  -7.955 -14.539 -14.539
  -7.916 -14.581 -14.581
  -7.879 -14.689 -14.689
  -7.846 -14.757 -14.757
  -7.815 -14.823 -14.823
  -7.786 -14.782 -14.782
  -7.758 -14.456 -14.613
  -7.733 -14.906 -14.906
  -7.709 -14.897 -14.897
  -7.686 -14.963 -14.963
  -7.664 -14.552 -14.848
  -7.643 -14.587 -14.992
  -7.624 -14.956 -14.956
  -7.605 -15.035 -15.035
  -7.586 -14.916 -14.916
  -7.569 -15.018 -15.018
  -7.552 -14.901 -15.112
  -7.536 -15.098 -15.098
  -7.521 -15.010 -15.331
  -7.506 -15.177 -15.177
  -7.491 -15.003 -15.003
  -7.477 -15.359 -15.359
  -7.464 -15.193 -15.193
  -7.451 -15.093 -15.093
  -7.438 -15.204 -15.204
  -7.425 -14.964 -14.964
  -7.413 -15.162 -15.347
  -7.401 -14.819 -15.017
  -7.390 -15.086 -15.294
  -7.379 -15.290 -15.290
  -7.368 -14.871 -15.361
  -7.357 -14.173 -15.411
  -7.347 -15.278 -15.431
  -7.337 -15.527 -15.527
  -7.327 -15.235 -15.457
  -7.317 -14.472 -15.221
  -7.308 -15.192 -15.418
  -7.299 -15.242 -15.242
  -7.290 -14.724 -15.482
  -7.281 -15.166 -15.166
  -7.272 -15.566 -15.793
  -7.264 -15.362 -15.514
  -7.255 -15.109 -15.847
  -7.247 -15.297 -15.593
  -7.239 -15.508 -15.508
  -7.231 -15.389 -15.389
  -7.223 -15.375 -15.375
  -7.216 -15.375 -15.375
  -7.208 -15.824 -15.824
  -7.201 -15.665 -15.842
  -7.194 -15.497 -15.823
  -7.187 -15.461 -15.701
  -7.180 -15.653 -15.878
  -7.173 -15.574 -15.928
  -7.166 -15.987 -15.987
  -7.159 -14.812 -15.222
  -7.153 -15.685 -15.685
  -7.146 -15.697 -15.950
  -7.140 -15.467 -15.624
  -7.133 -15.522 -15.522
  -7.127 -15.761 -15.761
  -7.121 -15.750 -15.750
  -7.115 -16.182 -16.431
  -7.109 -15.796 -15.983
  -7.103 -15.453 -15.715
  -7.098 -15.294 -16.156
  -7.092 -16.045 -16.344
  -7.086 -15.456 -16.011
  -7.081 -15.507 -16.112
  -7.075 -15.698 -16.104
  -7.070 -15.301 -15.554
  -7.064 -15.832 -16.314
  -7.059 -15.664 -16.301
  -7.054 -15.652 -16.223
  -7.049 -15.847 -15.847
  -7.043 -16.326 -16.559
  -7.038 -15.329 -15.840
  -7.033 -15.851 -15.851
  -7.029 -16.201 -16.201
  -7.024 -16.176 -16.377
  -7.019 -15.736 -16.039
  -7.014 -15.428 -15.743
  -7.009 -15.913 -16.383
  -7.005 -16.383 -16.732
  -7.000 -15.978 -15.978
  -6.995 -15.958 -15.958
  -6.991 -15.900 -16.862
  -6.986 -15.861 -16.359
  -6.982 -16.087 -16.244
  -6.978 -16.264 -16.264
  -6.973 -15.758 -16.130
  -6.969 -15.525 -15.525
  -6.965 -16.305 -49.500
  -6.961 -16.486 -16.486
  -6.956 -15.683 -15.957
  -6.952 -15.950 -16.182
  -6.948 -15.037 -15.691
  -6.944 -15.530 -15.530
  -6.940 -15.789 -16.250
  -6.936 -15.816 -16.073
  -6.932 -16.401 -16.675
  -6.928 -16.436 -16.436
  -6.924 -16.051 -16.560
  -6.920 -16.662 -16.895
  -6.917 -16.596 -17.053
  -6.913 -16.644 -22.246
  -6.909 -15.305 -16.670
  -6.905 -16.237 -16.519
  -6.902 -16.097 -16.627
  -6.898 -16.136 -16.334
  -6.894 -16.076 -16.539
  -6.891 -16.090 -16.363
  -6.887 -15.885 -16.425
  -6.884 -15.822 -49.500
  -6.880 -17.084 -49.500
  -6.877 -16.312 -16.639
  -6.873 -49.500     NaN
  -6.870 -15.608 -16.381
  -6.867 -15.380 -15.889
  -6.863 -16.314 -16.578
  -6.860 -16.329 -16.512
  -6.857 -15.868 -16.323
  -6.853 -16.139 -16.713
  -6.850 -15.805 -16.588
  -6.847 -17.185 -49.500
  -6.844 -16.396 -49.500
  -6.840 -15.256 -15.664
  -6.837 -49.500     NaN
  -6.834 -49.500     NaN
  -6.831 -16.087 -16.087
  -6.828 -15.749 -49.500
  -6.825 -49.500     NaN
  -6.822 -16.331 -49.500
  -6.819 -16.053 -16.217
  -6.816 -16.138 -16.512
  -6.813 -49.500     NaN
  -6.810 -49.500     NaN
  -6.807 -49.500     NaN
  -6.804 -49.500     NaN
  -6.801 -15.934 -16.295
  -6.798 -49.500     NaN
  -6.795 -16.375 -16.626
  -6.792 -49.500     NaN
  -6.789 -15.910 -16.468
  -6.787 -49.500     NaN
  -6.784 -49.500     NaN
  -6.781 -15.476 -49.500
  -6.778 -16.687 -49.500
  -6.775 -16.078 -49.500
  -6.773 -49.500     NaN
  -6.770 -15.413 -49.500
  -6.767 -49.500 -49.500
  -6.765 -49.500     NaN
  -6.762 -15.540 -15.861
  -6.759 -15.843 -16.153
  -6.757 -15.212 -15.212
  -6.754 -16.154 -49.500
  -6.751 -15.754 -49.500
  -6.749 -15.868 -16.202
  -6.746 -49.500     NaN
  -6.744 -49.500     NaN
  -6.741 -49.500 -49.500
  -6.739 -49.500 -49.500
  -6.736 -16.488 -17.158
  -6.734 -16.638 -49.500
  -6.731 -49.500 -49.500
  -6.729 -49.500 -49.500
  -6.726 -16.548 -49.500
  -6.724 -16.696 -49.500
  -6.721 -16.583 -16.756
  -6.719 -16.734 -16.734
  -6.717 -16.379 -49.500
  -6.714 -49.500 -49.500
  -6.712 -16.413 -49.500
  -6.709 -16.195 -16.466
  -6.707 -16.766 -49.500
  -6.705 -49.500     NaN
  -6.702 -16.383 -16.383
  -6.700 -16.569 -16.569
  -6.698 -49.500 -49.500
  -6.696 -49.500 -49.500
  -6.693 -49.500     NaN
  -6.691 -49.500     NaN
  -6.689 -49.500 -49.500
  -6.687 -49.500 -49.500
  -6.684 -49.500 -49.500
  -6.682 -49.500 -49.500
  -6.680 -49.500     NaN
  -6.678 -15.250 -49.500
  -6.675 -49.500     NaN
  -6.673 -49.500     NaN
  -6.671 -15.513 -15.513
  -6.669 -49.500 -49.500
  -6.667 -49.500     NaN
  -6.665 -49.500 -49.500
  -6.663 -49.500 -49.500
  -6.661 -49.500 -49.500
  -6.658 -49.500 -49.500
  -6.656 -15.419 -49.500
  -6.654 -15.861 -15.861
  -6.652 -49.500 -49.500
  -6.650 -16.502 -16.502
  -6.648 -49.500 -49.500
  -6.646 -49.500 -49.500
  -6.644 -49.500 -49.500
  -6.642 -49.500 -49.500
  -6.640 -49.500 -49.500
  -6.638 -16.323 -16.323
  -6.636 -16.530 -16.530
  -6.634 -49.500 -49.500
  -6.632 -49.500 -49.500
  -6.630 -49.500     NaN
  -6.628 -49.500 -49.500
  -6.626 -16.097 -49.500
  -6.624 -49.500     NaN
  -6.622 -49.500     NaN
  -6.620 -49.500 -49.500
  -6.618 -49.500 -49.500
  -6.617 -49.500 -49.500
  -6.615 -49.500 -49.500
  -6.613 -49.500     NaN
  -6.611 -15.987 -15.987
  -6.609 -15.212 -15.212
  -6.607 -16.599 -16.599
  -6.605 -49.500 -49.500
  -6.603 -49.500 -49.500
  -6.602 -49.500 -49.500
  -6.600 -16.520 -16.520
  -6.598 -49.500 -49.500
  -6.596 -16.691 -16.691
  -6.594 -49.500 -49.500
