  -8.861 -14.160 -14.160
  -8.599 -14.249 -14.249
  -8.442 -14.309 -14.309
  -8.329 -14.270 -14.270
  -8.239 -14.412 -14.412
  -8.166 -14.472 -14.472
  -8.103 -14.535 -14.535
  -8.048 -14.584 -14.584
  -7.999 -14.518 -14.518
  -7.955 -14.452 -14.620
  -7.916 -14.660 -14.660
  -7.879 -14.676 -14.676
  -7.846 -14.688 -14.688
  -7.815 -14.773 -14.773
  -7.786 -14.575 -14.856
  -7.758 -14.807 -14.807
  -7.733 -14.833 -14.833
  -7.709 -14.537 -14.822
  -7.686 -14.937 -14.937
  -7.664 -14.712 -14.712
  -7.643 -15.013 -15.013
  -7.624 -14.908 -14.908
  -7.605 -15.044 -15.044
  -7.586 -14.805 -14.805
  -7.569 -14.376 -14.843
  -7.552 -14.857 -15.094
  -7.536 -15.200 -15.200
  -7.521 -15.108 -15.108
  -7.506 -14.686 -14.686
  -7.491 -15.039 -15.039
  -7.477 -15.067 -15.067
  -7.464 -15.238 -15.238
  -7.451 -15.088 -15.088
  -7.438 -15.064 -15.064
  -7.425 -15.187 -15.187
  -7.413 -15.202 -15.202
  -7.401 -15.029 -15.207
  -7.390 -15.167 -15.167
  -7.379 -15.209 -15.209
  -7.368 -15.261 -15.261
  -7.357 -14.980 -15.399
  -7.347 -15.312 -15.312
  -7.337 -14.970 -15.253
  -7.327 -15.317 -15.317
  -7.317 -15.125 -15.125
  -7.308 -15.325 -15.325
  -7.299 -15.554 -15.713
  -7.290 -15.384 -15.384
  -7.281 -14.827 -14.827
  -7.272 -15.134 -15.622
  -7.264 -15.240 -15.478
  -7.255 -15.003 -15.664
  -7.247 -15.481 -15.481
  -7.239 -15.378 -15.716
  -7.231 -15.514 -15.685
  -7.223 -15.265 -15.420
  -7.216 -15.522 -15.522
  -7.208 -15.033 -15.374
  -7.201 -15.108 -15.108
  -7.194 -15.744 -15.744
  -7.187 -15.580 -15.737
  -7.180 -15.442 -15.616
  -7.173 -15.301 -15.745
  -7.166 -15.758 -15.972
  -7.159 -15.432 -15.804
  -7.153 -15.933 -15.933
  -7.146 -15.833 -15.833
  -7.140 -15.823 -15.988
  -7.133 -15.625 -15.625
  -7.127 -15.311 -16.004
  -7.121 -15.887 -16.163
  -7.115 -15.638 -15.975
  -7.109 -15.634 -15.834
  -7.103 -16.048 -16.218
  -7.098 -15.561 -15.950
  -7.092 -15.575 -15.575
  -7.086 -15.935 -16.192
  -7.081 -15.527 -15.767
  -7.075 -15.880 -16.107
  -7.070 -16.000 -16.000
  -7.064 -15.936 -16.164
  -7.059 -16.028 -16.028
  -7.054 -15.227 -15.722
  -7.049 -15.723 -15.723
  -7.043 -15.287 -15.716
  -7.038 -15.454 -15.825
  -7.033 -15.955 -15.955
  -7.029 -15.806 -16.068
  -7.024 -15.683 -15.683
  -7.019 -15.984 -16.434
  -7.014 -16.036 -16.036
  -7.009 -16.172 -16.431
  -7.005 -15.268 -15.505
  -7.000 -15.379 -16.067
  -6.995 -15.783 -15.943
  -6.991 -15.689 -16.963
  -6.986 -16.097 -16.381
  -6.982 -16.030 -16.203
  -6.978 -16.279 -16.617
  -6.973 -16.209 -16.528
  -6.969 -15.524 -16.593
  -6.965 -14.707 -16.229
  -6.961 -16.126 -16.353
  -6.956 -15.916 -15.916
  -6.952 -15.850 -16.173
  -6.948 -15.936 -16.719
  -6.944 -16.218 -16.627
  -6.940 -16.893 -49.500
  -6.936 -16.210 -16.210
  -6.932 -17.158 -49.500
  -6.928 -15.855 -16.457
  -6.924 -16.417 -16.574
  -6.920 -15.280 -16.052
  -6.917 -15.746 -16.182
  -6.913 -16.015 -16.941
  -6.909 -15.639 -16.113
  -6.905 -15.951 -16.152
  -6.902 -15.630 -16.477
  -6.898 -15.141 -15.969
  -6.894 -15.970 -15.970
  -6.891 -16.030 -49.500
  -6.887 -15.235 -16.020
  -6.884 -16.529 -16.793
  -6.880 -16.826 -49.500
  -6.877 -16.732 -49.500
  -6.873 -16.355 -16.631
  -6.870 -14.855 -15.286
  -6.867 -16.214 -49.500
  -6.863 -15.970 -49.500
  -6.860 -16.116 -16.362
  -6.857 -49.500 -49.500
  -6.853 -16.024 -16.565
  -6.850 -49.500     NaN
  -6.847 -15.888 -49.500
  -6.844 -15.525 -15.748
  -6.840 -16.136 -16.427
  -6.837 -16.207 -49.500
  -6.834 -49.500     NaN
  -6.831 -16.287 -49.500
  -6.828 -16.569 -49.500
  -6.825 -15.734 -49.500
  -6.822 -15.534 -15.710
  -6.819 -49.500     NaN
  -6.816 -16.876 -49.500
  -6.813 -49.500     NaN
  -6.810 -16.143 -49.500
  -6.807 -16.659 -17.238
  -6.804 -16.204 -16.452
  -6.801 -15.738 -16.075
  -6.798 -14.839 -16.223
  -6.795 -17.051 -49.500
  -6.792 -49.500 -49.500
  -6.789 -16.010 -49.500
  -6.787 -16.192 -16.699
  -6.784 -49.500 -49.500
  -6.781 -15.450 -17.021
  -6.778 -16.527 -49.500
  -6.775 -16.033 -16.418
  -6.773 -16.347 -49.500
  -6.770 -49.500     NaN
  -6.767 -16.355 -16.678
  -6.765 -49.500     NaN
  -6.762 -49.500     NaN
  -6.759 -16.510 -49.500
  -6.757 -49.500     NaN
  -6.754 -49.500 -49.500
  -6.751 -49.500     NaN
  -6.749 -14.970 -49.500
  -6.746 -14.982 -15.640
  -6.744 -16.338 -16.338
  -6.741 -49.500     NaN
  -6.739 -49.500 -49.500
  -6.736 -14.925 -16.651
  -6.734 -16.448 -16.448
  -6.731 -49.500 -49.500
  -6.729 -16.287 -16.287
  -6.726 -15.741 -16.071
  -6.724 -49.500     NaN
  -6.721 -16.603 -49.500
  -6.719 -49.500     NaN
  -6.717 -49.500 -49.500
  -6.714 -15.363 -15.363
  -6.712 -16.146 -16.364
  -6.709 -15.989 -15.989
  -6.707 -49.500     NaN
  -6.705 -49.500 -49.500
  -6.702 -49.500     NaN
  -6.700 -49.500     NaN
  -6.698 -49.500     NaN
  -6.696 -49.500 -49.500
  -6.693 -49.500 -49.500
  -6.691 -49.500     NaN
  -6.689 -49.500     NaN
  -6.687 -49.500 -49.500
  -6.684 -49.500 -49.500
  -6.682 -16.324 -16.324
  -6.680 -49.500 -49.500
  -6.678 -16.030 -16.030
  -6.675 -49.500     NaN
  -6.673 -16.601 -16.601
  -6.671 -16.028 -49.500
  -6.669 -49.500 -49.500
  -6.667 -49.500 -49.500
  -6.665 -49.500 -49.500
  -6.663 -49.500     NaN
  -6.661 -16.171 -49.500
  -6.658 -49.500     NaN
  -6.656 -16.651 -16.651
  -6.654 -49.500 -49.500
  -6.652 -49.500 -49.500
  -6.650 -49.500 -49.500
  -6.648 -49.500 -49.500
  -6.646 -49.500 -49.500
  -6.644 -49.500 -49.500
  -6.642 -49.500 -49.500
  -6.640 -49.500 -49.500
  -6.638 -49.500 -49.500
  -6.636 -49.500 -49.500
  -6.634 -49.500     NaN
  -6.632 -49.500 -49.500
  -6.630 -49.500 -49.500
  -6.628 -49.500 -49.500
  -6.626 -49.500 -49.500
  -6.624 -49.500 -49.500
  -6.622 -16.121 -16.121
  -6.620 -49.500 -49.500
  -6.618 -16.542 -49.500
  -6.617 -49.500 -49.500
  -6.615 -49.500 -49.500
  -6.613 -49.500 -49.500
  -6.611 -49.500 -49.500
  -6.609 -49.500     NaN
  -6.607 -49.500 -49.500
  -6.605 -16.207 -49.500
  -6.603 -49.500 -49.500
  -6.602 -49.500 -49.500
  -6.600 -49.500     NaN
  -6.598 -49.500 -49.500
  -6.596 -49.500     NaN
  -6.594 -16.523 -49.500
