  -8.861 -14.166 -14.166
  -8.599 -14.231 -14.231
  -8.442 -14.327 -14.327
  -8.329 -14.381 -14.381
  -8.239 -14.442 -14.442
  -8.166 -14.414 -14.414
  -8.103 -14.421 -14.421
  -8.048 -14.533 -14.533
  -7.999 -14.410 -14.410
  -7.955 -14.625 -14.625
  -7.916 -14.587 -14.587
  -7.879 -14.744 -14.744
  -7.846 -14.703 -14.703
  -7.815 -14.648 -14.648
  -7.786 -14.590 -14.590
  -7.758 -14.716 -14.716
  -7.733 -14.419 -14.827
  -7.709 -14.875 -14.875
  -7.686 -14.827 -14.827
  -7.664 -15.025 -15.025
  -7.643 -15.107 -15.107
  -7.624 -14.778 -14.778
  -7.605 -15.014 -15.014
  -7.586 -14.964 -14.964
  -7.569 -14.886 -15.049
  -7.552 -14.811 -14.811
  -7.536 -15.002 -15.002
  -7.521 -14.992 -14.992
  -7.506 -15.104 -15.104
  -7.491 -14.956 -14.956
  -7.477 -15.260 -15.260
  -7.464 -14.651 -14.964
  -7.451 -14.766 -14.952
  -7.438 -15.229 -15.229
  -7.425 -14.775 -15.239
  -7.413 -15.034 -15.034
  -7.401 -15.291 -15.291
  -7.390 -15.147 -15.147
  -7.379 -15.247 -15.436
  -7.368 -14.904 -15.132
  -7.357 -15.366 -15.366
  -7.347 -15.340 -15.340
  -7.337 -14.777 -15.344
  -7.327 -15.546 -15.546
  -7.317 -14.859 -15.135
  -7.308 -15.346 -15.525
  -7.299 -15.644 -15.644
  -7.290 -15.369 -15.369
  -7.281 -15.402 -15.650
  -7.272 -15.129 -15.312
  -7.264 -15.584 -15.584
  -7.255 -15.741 -15.741
  -7.247 -14.561 -15.651
  -7.239 -15.572 -15.572
  -7.231 -15.187 -15.375
  -7.223 -15.003 -15.290
  -7.216 -15.751 -15.751
  -7.208 -15.685 -15.685
  -7.201 -15.497 -15.723
  -7.194 -15.119 -15.853
  -7.187 -15.733 -15.733
  -7.180 -15.643 -15.643
  -7.173 -15.512 -15.814
  -7.166 -15.428 -15.754
  -7.159 -14.688 -15.120
  -7.153 -14.996 -15.834
  -7.146 -15.394 -15.751
  -7.140 -15.688 -15.688
  -7.133 -15.306 -16.133
  -7.127 -15.435 -15.968
  -7.121 -15.877 -15.877
  -7.115 -15.257 -16.061
  -7.109 -15.604 -15.858
  -7.103 -15.588 -15.588
  -7.098 -14.378 -16.173
  -7.092 -15.757 -15.967
  -7.086 -15.043 -16.057
  -7.081 -15.758 -15.946
  -7.075 -15.625 -16.432
  -7.070 -15.784 -16.026
  -7.064 -15.880 -15.880
  -7.059 -15.626 -15.892
  -7.054 -15.192 -15.661
  -7.049 -16.133 -16.133
  -7.043 -16.363 -16.600
  -7.038 -16.050 -16.050
  -7.033 -15.443 -15.851
  -7.029 -15.779 -15.779
  -7.024 -15.886 -16.066
  -7.019 -16.095 -16.095
  -7.014 -15.502 -15.502
  -7.009 -15.826 -16.094
  -7.005 -15.302 -15.859
  -7.000 -16.221 -16.221
  -6.995 -16.225 -16.407
  -6.991 -15.930 -15.930
  -6.986 -15.275 -15.784
  -6.982 -16.356 -16.889
  -6.978 -15.351 -15.840
  -6.973 -16.136 -16.463
  -6.969 -15.449 -16.357
  -6.965 -15.645 -16.127
  -6.961 -15.550 -15.967
  -6.956 -15.995 -16.250
  -6.952 -16.242 -16.402
  -6.948 -15.824 -16.132
  -6.944 -15.153 -15.730
  -6.940 -15.179 -15.441
  -6.936 -16.043 -16.406
  -6.932 -49.500     NaN
  -6.928 -16.310 -16.505
  -6.924 -16.450 -22.248
  -6.920 -17.189 -17.590
  -6.917 -16.027 -16.697
  -6.913 -16.024 -16.269
  -6.909 -16.112 -16.112
  -6.905 -49.500     NaN
  -6.902 -16.267 -16.951
  -6.898 -16.666 -49.500
  -6.894 -16.820 -49.500
  -6.891 -22.086 -22.086
  -6.887 -16.325 -49.500
  -6.884 -16.896 -49.500
  -6.880 -49.500     NaN
  -6.877 -16.224 -49.500
  -6.873 -15.980 -16.431
  -6.870 -15.479 -16.465
  -6.867 -49.500     NaN
  -6.863 -16.819 -16.976
  -6.860 -16.360 -49.500
  -6.857 -16.283 -16.473
  -6.853 -16.013 -16.294
  -6.850 -16.308 -16.503
  -6.847 -16.697 -17.122
  -6.844 -15.983 -16.192
  -6.840 -16.606 -16.773
  -6.837 -15.870 -16.337
  -6.834 -16.217 -16.399
  -6.831 -16.812 -49.500
  -6.828 -16.195 -49.500
  -6.825 -16.477 -49.500
  -6.822 -16.091 -49.500
  -6.819 -49.500     NaN
  -6.816 -15.836 -16.029
  -6.813 -49.500     NaN
  -6.810 -16.348 -16.715
  -6.807 -16.284 -49.500
  -6.804 -49.500     NaN
  -6.801 -15.335 -49.500
  -6.798 -15.573 -16.358
  -6.795 -16.381 -49.500
  -6.792 -49.500 -49.500
  -6.789 -15.877 -49.500
  -6.787 -16.321 -16.499
  -6.784 -14.362 -49.500
  -6.781 -16.490 -16.743
  -6.778 -49.500     NaN
  -6.775 -16.214 -16.590
  -6.773 -16.008 -16.008
  -6.770 -49.500     NaN
  -6.767 -49.500     NaN
  -6.765 -49.500     NaN
  -6.762 -49.500     NaN
  -6.759 -49.500 -49.500
  -6.757 -16.525 -49.500
  -6.754 -49.500     NaN
  -6.751 -16.139 -49.500
  -6.749 -16.603 -16.603
  -6.746 -16.790 -16.790
  -6.744 -15.686 -15.916
  -6.741 -16.342 -16.924
  -6.739 -49.500 -49.500
  -6.736 -49.500     NaN
  -6.734 -49.500     NaN
  -6.731 -49.500     NaN
  -6.729 -49.500     NaN
  -6.726 -49.500 -49.500
  -6.724 -16.851 -49.500
  -6.721 -49.500     NaN
  -6.719 -16.318 -49.500
  -6.717 -16.013 -49.500
  -6.714 -15.417 -15.417
  -6.712 -16.125 -49.500
  -6.709 -16.366 -16.366
  -6.707 -16.087 -49.500
  -6.705 -15.651 -15.651
  -6.702 -16.283 -16.283
  -6.700 -49.500 -49.500
  -6.698 -49.500     NaN
  -6.696 -49.500     NaN
  -6.693 -16.753 -49.500
  -6.691 -15.903 -49.500
  -6.689 -49.500 -49.500
  -6.687 -49.500 -49.500
  -6.684 -16.532 -49.500
  -6.682 -16.663 -49.500
  -6.680 -49.500     NaN
  -6.678 -49.500 -49.500
  -6.675 -49.500 -49.500
  -6.673 -49.500     NaN
  -6.671 -14.479 -49.500
  -6.669 -16.428 -49.500
  -6.667 -16.075 -49.500
  -6.665 -15.211 -15.211
  -6.663 -15.924 -15.924
  -6.661 -49.500 -49.500
  -6.658 -49.500 -49.500
  -6.656 -49.500 -49.500
  -6.654 -49.500 -49.500
  -6.652 -49.500 -49.500
  -6.650 -49.500 -49.500
  -6.648 -49.500 -49.500
  -6.646 -49.500 -49.500
  -6.644 -16.071 -16.071
  -6.642 -49.500     NaN
  -6.640 -49.500 -49.500
  -6.638 -49.500 -49.500
  -6.636 -49.500 -49.500
  -6.634 -49.500 -49.500
  -6.632 -49.500 -49.500
  -6.630 -49.500     NaN
  -6.628 -15.983 -15.983
  -6.626 -49.500 -49.500
  -6.624 -15.988 -15.988
  -6.622 -49.500 -49.500
  -6.620 -49.500 -49.500
  -6.618 -49.500 -49.500
  -6.617 -49.500 -49.500
  -6.615 -16.691 -16.691
  -6.613 -49.500 -49.500
  -6.611 -49.500 -49.500
  -6.609 -49.500 -49.500
  -6.607 -49.500     NaN
  -6.605 -49.500 -49.500
  -6.603 -49.500 -49.500
  -6.602 -49.500 -49.500
  -6.600 -49.500 -49.500
  -6.598 -49.500     NaN
  -6.596 -49.500 -49.500
  -6.594 -49.500 -49.500
