  -8.861 -14.162 -14.162
  -8.599 -14.225 -14.225
  -8.442 -14.299 -14.299
  -8.329 -14.368 -14.368
  -8.239 -14.410 -14.410
  -8.166 -14.433 -14.433
  -8.103 -14.533 -14.533
  -8.048 -14.539 -14.539
  -7.999 -14.663 -14.663
  -7.955 -14.710 -14.710
  -7.916 -14.663 -14.663
  -7.879 -14.554 -14.554
  -7.846 -14.717 -14.717
  -7.815 -14.610 -14.610
  -7.786 -14.781 -14.781
  -7.758 -14.669 -14.669
  -7.733 -14.776 -14.776
  -7.709 -14.749 -14.749
  -7.686 -14.903 -14.903
  -7.664 -14.989 -14.989
  -7.643 -14.868 -14.868
  -7.624 -15.006 -15.006
  -7.605 -14.978 -15.142
  -7.586 -14.929 -14.929
  -7.569 -15.141 -15.141
  -7.552 -14.810 -15.035
  -7.536 -15.195 -15.195
  -7.521 -14.855 -14.855
  -7.506 -14.818 -14.986
  -7.491 -15.022 -15.022
  -7.477 -15.069 -15.231
  -7.464 -15.403 -15.403
  -7.451 -15.405 -15.405
  -7.438 -14.987 -15.262
  -7.425 -14.977 -14.977
  -7.413 -15.113 -15.337
  -7.401 -15.055 -15.055
  -7.390 -15.143 -15.143
  -7.379 -14.810 -15.330
  -7.368 -14.278 -14.600
  -7.357 -15.477 -15.632
  -7.347 -14.376 -15.430
  -7.337 -15.128 -15.128
  -7.327 -15.426 -15.426
  -7.317 -14.678 -15.043
  -7.308 -15.178 -15.329
  -7.299 -15.609 -15.609
  -7.290 -14.788 -15.095
  -7.281 -15.598 -15.598
  -7.272 -15.537 -15.732
  -7.264 -15.163 -15.581
  -7.255 -15.348 -15.348
  -7.247 -14.746 -15.443
  -7.239 -15.655 -15.655
  -7.231 -15.020 -15.224
  -7.223 -15.229 -15.473
  -7.216 -15.245 -15.245
  -7.208 -15.119 -15.571
  -7.201 -15.521 -15.728
  -7.194 -15.144 -15.772
  -7.187 -15.951 -15.951
  -7.180 -15.478 -15.846
  -7.173 -15.719 -15.941
  -7.166 -15.490 -15.931
  -7.159 -15.937 -16.185
  -7.153 -15.585 -15.585
  -7.146 -15.976 -15.976
  -7.140 -15.682 -15.682
  -7.133 -15.979 -15.979
  -7.127 -15.796 -15.796
  -7.121 -14.942 -15.114
  -7.115 -15.853 -16.242
  -7.109 -15.083 -15.364
  -7.103 -15.754 -15.754
  -7.098 -16.239 -16.452
  -7.092 -15.866 -15.866
  -7.086 -15.783 -16.287
  -7.081 -15.490 -15.823
  -7.075 -16.084 -16.084
  -7.070 -15.444 -15.975
  -7.064 -15.645 -15.837
  -7.059 -15.860 -16.292
  -7.054 -15.677 -15.677
  -7.049 -15.518 -15.518
  -7.043 -16.363 -16.363
  -7.038 -15.764 -16.005
  -7.033 -15.747 -16.059
  -7.029 -16.274 -16.274
  -7.024 -16.220 -16.220
  -7.019 -16.363 -16.363
  -7.014 -16.118 -16.281
  -7.009 -15.382 -15.585
  -7.005 -15.677 -16.303
  -7.000 -15.916 -16.130
  -6.995 -15.956 -16.358
  -6.991 -15.710 -15.962
  -6.986 -16.068 -16.493
  -6.982 -15.752 -15.752
  -6.978 -14.524 -16.094
  -6.973 -16.201 -16.609
  -6.969 -15.896 -16.080
  -6.965 -16.311 -16.472
  -6.961 -16.060 -16.336
  -6.956 -15.918 -16.158
  -6.952 -15.922 -16.132
  -6.948 -16.049 -16.440
  -6.944 -16.631 -16.833
  -6.940 -16.236 -16.236
  -6.936 -16.723 -17.168
  -6.932 -16.020 -16.243
  -6.928 -15.957 -16.427
  -6.924 -16.395 -16.868
  -6.920 -16.311 -16.621
  -6.917 -15.961 -16.158
  -6.913 -16.260 -16.676
  -6.909 -15.388 -16.338
  -6.905 -16.109 -16.109
  -6.902 -17.158 -22.239
  -6.898 -15.398 -16.346
  -6.894 -15.105 -16.085
  -6.891 -14.940 -16.324
  -6.887 -15.933 -16.104
  -6.884 -16.408 -16.578
  -6.880 -16.189 -16.613
  -6.877 -16.150 -16.511
  -6.873 -16.030 -16.291
  -6.870 -16.615 -49.500
  -6.867 -15.138 -15.983
  -6.863 -15.582 -16.031
  -6.860 -16.429 -16.889
  -6.857 -16.401 -16.732
  -6.853 -16.302 -49.500
  -6.850 -16.354 -16.645
  -6.847 -15.639 -16.496
  -6.844 -16.155 -49.500
  -6.840 -49.500     NaN
  -6.837 -49.500     NaN
  -6.834 -15.513 -15.697
  -6.831 -16.308 -16.581
  -6.828 -16.063 -16.254
  -6.825 -49.500     NaN
  -6.822 -15.986 -49.500
  -6.819 -49.500     NaN
  -6.816 -15.849 -49.500
  -6.813 -49.500     NaN
  -6.810 -15.987 -49.500
  -6.807 -16.407 -16.747
  -6.804 -15.675 -16.300
  -6.801 -16.098 -49.500
  -6.798 -15.836 -16.492
  -6.795 -15.921 -49.500
  -6.792 -49.500     NaN
  -6.789 -49.500     NaN
  -6.787 -16.575 -16.575
  -6.784 -16.183 -49.500
  -6.781 -49.500     NaN
  -6.778 -16.472 -16.472
  -6.775 -16.656 -16.862
  -6.773 -49.500     NaN
  -6.770 -49.500     NaN
  -6.767 -16.896 -49.500
  -6.765 -16.553 -49.500
  -6.762 -16.270 -49.500
  -6.759 -49.500     NaN
  -6.757 -16.608 -49.500
  -6.754 -16.850 -49.500
  -6.751 -49.500     NaN
  -6.749 -15.657 -49.500
  -6.746 -16.125 -49.500
  -6.744 -16.564 -49.500
  -6.741 -49.500     NaN
  -6.739 -16.247 -16.247
  -6.736 -49.500 -49.500
  -6.734 -16.180 -49.500
  -6.731 -49.500     NaN
  -6.729 -49.500     NaN
  -6.726 -49.500 -49.500
  -6.724 -16.186 -49.500
  -6.721 -16.302 -49.500
  -6.719 -49.500     NaN
  -6.717 -49.500     NaN
  -6.714 -16.134 -16.134
  -6.712 -49.500 -49.500
  -6.709 -15.538 -16.023
  -6.707 -49.500 -49.500
  -6.705 -49.500 -49.500
  -6.702 -15.797 -49.500
  -6.700 -49.500 -49.500
  -6.698 -15.914 -15.914
  -6.696 -49.500     NaN
  -6.693 -49.500     NaN
  -6.691 -49.500     NaN
  -6.689 -15.741 -16.120
  -6.687 -49.500 -49.500
  -6.684 -49.500 -49.500
  -6.682 -49.500     NaN
  -6.680 -16.490 -49.500
  -6.678 -49.500 -49.500
  -6.675 -49.500 -49.500
  -6.673 -49.500 -49.500
  -6.671 -16.647 -16.647
  -6.669 -49.500     NaN
  -6.667 -15.980 -15.980
  -6.665 -49.500 -49.500
  -6.663 -49.500     NaN
  -6.661 -49.500 -49.500
  -6.658 -49.500     NaN
  -6.656 -15.983 -49.500
  -6.654 -49.500 -49.500
  -6.652 -49.500 -49.500
  -6.650 -49.500 -49.500
  -6.648 -15.829 -49.500
  -6.646 -15.887 -15.887
  -6.644 -16.677 -49.500
  -6.642 -15.863 -15.863
  -6.640 -49.500     NaN
  -6.638 -49.500 -49.500
  -6.636 -49.500 -49.500
  -6.634 -49.500 -49.500
  -6.632 -49.500 -49.500
  -6.630 -49.500     NaN
  -6.628 -49.500 -49.500
  -6.626 -17.002 -17.002
  -6.624 -16.169 -16.169
  -6.622 -49.500     NaN
  -6.620 -16.309 -49.500
  -6.618 -49.500 -49.500
  -6.617 -49.500 -49.500
  -6.615 -49.500 -49.500
  -6.613 -49.500 -49.500
  -6.611 -49.500 -49.500
  -6.609 -15.450 -15.450
  -6.607 -49.500 -49.500
  -6.605 -49.500 -49.500
  -6.603 -15.357 -15.357
  -6.602 -15.980 -15.980
  -6.600 -49.500 -49.500
  -6.598 -49.500 -49.500
  -6.596 -49.500 -49.500
  -6.594 -49.500 -49.500
