  -8.861 -14.165 -14.165
  -8.599 -14.254 -14.254
  -8.442 -14.294 -14.294
  -8.329 -14.318 -14.318
  -8.239 -13.934 -14.387
  -8.166 -14.424 -14.424
  -8.103 -14.496 -14.496
  -8.048 -14.518 -14.518
  -7.999 -14.693 -14.693
  -7.955 -14.621 -14.621
  -7.916 -14.661 -14.661
  -7.879 -14.687 -14.687
  -7.846 -14.723 -14.723
  -7.815 -14.719 -14.719
  -7.786 -14.781 -14.781
  -7.758 -14.718 -14.718
  -7.733 -14.664 -14.664
  -7.709 -14.521 -14.792
  -7.686 -14.745 -14.745
  -7.664 -14.771 -14.978
  -7.643 -14.872 -14.872
  -7.624 -14.797 -14.797
  -7.605 -15.000 -15.000
  -7.586 -15.084 -15.084
  -7.569 -14.468 -14.998
  -7.552 -15.046 -15.046
  -7.536 -15.166 -15.166
  -7.521 -15.191 -15.191
  -7.506 -14.745 -14.907
  -7.491 -15.101 -15.101
  -7.477 -14.735 -15.158
  -7.464 -14.765 -14.951
  -7.451 -14.980 -14.980
  -7.438 -15.266 -15.266
  -7.425 -15.258 -15.415
  -7.413 -15.206 -15.206
  -7.401 -15.310 -15.310
  -7.390 -15.019 -15.316
  -7.379 -15.309 -15.309
  -7.368 -15.264 -15.454
  -7.357 -15.401 -15.401
  -7.347 -15.313 -15.313
  -7.337 -15.243 -15.243
  -7.327 -15.185 -15.185
  -7.317 -15.213 -15.428
  -7.308 -14.648 -15.525
  -7.299 -14.960 -15.358
  -7.290 -15.297 -15.544
  -7.281 -15.285 -15.285
  -7.272 -15.620 -15.620
  -7.264 -15.422 -15.422
  -7.255 -15.104 -15.355
  -7.247 -15.540 -15.735
  -7.239 -15.019 -15.341
  -7.231 -15.489 -15.753
  -7.223 -15.960 -15.960
  -7.216 -15.646 -15.803
  -7.208 -15.698 -15.698
  -7.201 -15.449 -15.660
  -7.194 -15.509 -15.509
  -7.187 -15.545 -15.545
  -7.180 -14.756 -15.034
  -7.173 -15.720 -15.720
  -7.166 -15.117 -15.581
  -7.159 -15.964 -15.964
  -7.153 -15.867 -15.867
  -7.146 -15.472 -15.646
  -7.140 -15.789 -16.029
  -7.133 -15.791 -16.050
  -7.127 -14.761 -15.787
  -7.121 -15.539 -15.539
  -7.115 -15.426 -15.426
  -7.109 -15.443 -15.728
  -7.103 -16.084 -16.084
  -7.098 -15.259 -15.677
  -7.092 -15.690 -15.690
  -7.086 -15.409 -15.802
  -7.081 -15.643 -15.975
  -7.075 -15.094 -15.682
  -7.070 -15.176 -15.459
  -7.064 -15.906 -15.906
  -7.059 -16.038 -16.260
  -7.054 -15.981 -16.217
  -7.049 -16.059 -16.354
  -7.043 -16.015 -16.015
  -7.038 -15.560 -15.560
  -7.033 -16.051 -16.051
  -7.029 -15.645 -15.645
  -7.024 -15.346 -16.112
  -7.019 -16.756 -16.935
  -7.014 -15.944 -16.179
  -7.009 -15.694 -15.938
  -7.005 -16.040 -16.332
  -7.000 -15.491 -16.276
  -6.995 -16.004 -16.004
  -6.991 -15.266 -15.434
  -6.986 -16.002 -16.185
  -6.982 -15.643 -15.927
  -6.978 -15.663 -15.873
  -6.973 -15.843 -16.990
  -6.969 -16.168 -16.333
  -6.965 -16.080 -16.895
  -6.961 -15.093 -16.188
  -6.956 -16.072 -16.072
  -6.952 -16.061 -16.061
  -6.948 -15.827 -16.421
  -6.944 -16.552 -16.794
  -6.940 -15.996 -16.285
  -6.936 -15.602 -15.803
  -6.932 -16.766 -17.130
  -6.928 -15.803 -16.305
  -6.924 -16.034 -16.785
  -6.920 -16.454 -16.454
  -6.917 -16.526 -16.988
  -6.913 -16.001 -17.176
  -6.909 -21.739 -21.739
  -6.905 -17.122 -22.409
  -6.902 -15.719 -16.315
  -6.898 -15.749 -15.941
  -6.894 -15.705 -22.519
  -6.891 -15.152 -15.870
  -6.887 -16.298 -17.225
  -6.884 -16.488 -16.748
  -6.880 -16.546 -49.500
  -6.877 -16.667 -49.500
  -6.873 -16.506 -49.500
  -6.870 -16.081 -16.486
  -6.867 -16.203 -16.616
  -6.863 -16.487 -49.500
  -6.860 -16.055 -16.451
  -6.857 -49.500     NaN
  -6.853 -15.566 -49.500
  -6.850 -16.313 -49.500
  -6.847 -15.676 -15.879
  -6.844 -16.215 -16.608
  -6.840 -16.257 -16.597
  -6.837 -16.249 -16.249
  -6.834 -16.018 -17.005
  -6.831 -16.476 -16.627
  -6.828 -15.945 -16.726
  -6.825 -15.825 -16.592
  -6.822 -16.040 -49.500
  -6.819 -15.419 -16.438
  -6.816 -15.656 -49.500
  -6.813 -16.169 -16.798
  -6.810 -16.395 -16.395
  -6.807 -49.500     NaN
  -6.804 -49.500     NaN
  -6.801 -16.853 -49.500
  -6.798 -16.368 -49.500
  -6.795 -49.500     NaN
  -6.792 -16.119 -16.385
  -6.789 -15.919 -49.500
  -6.787 -49.500     NaN
  -6.784 -49.500 -49.500
  -6.781 -49.500     NaN
  -6.778 -49.500 -49.500
  -6.775 -49.500 -49.500
  -6.773 -16.394 -16.550
  -6.770 -16.251 -16.777
  -6.767 -15.861 -16.096
  -6.765 -49.500     NaN
  -6.762 -16.508 -49.500
  -6.759 -16.069 -16.227
  -6.757 -16.519 -49.500
  -6.754 -16.205 -16.370
  -6.751 -16.295 -49.500
  -6.749 -16.351 -49.500
  -6.746 -15.763 -17.171
  -6.744 -49.500 -49.500
  -6.741 -49.500     NaN
  -6.739 -49.500 -49.500
  -6.736 -16.318 -16.588
  -6.734 -16.583 -49.500
  -6.731 -49.500 -49.500
  -6.729 -15.665 -49.500
  -6.726 -16.482 -49.500
  -6.724 -49.500     NaN
  -6.721 -49.500 -49.500
  -6.719 -16.266 -49.500
  -6.717 -49.500 -49.500
  -6.714 -49.500 -49.500
  -6.712 -49.500 -49.500
  -6.709 -15.894 -15.894
  -6.707 -49.500 -49.500
  -6.705 -49.500 -49.500
  -6.702 -15.123 -49.500
  -6.700 -49.500     NaN
  -6.698 -49.500 -49.500
  -6.696 -16.229 -49.500
  -6.693 -16.741 -49.500
  -6.691 -49.500     NaN
  -6.689 -16.131 -49.500
  -6.687 -49.500     NaN
  -6.684 -15.745 -16.674
  -6.682 -16.387 -49.500
  -6.680 -49.500     NaN
  -6.678 -16.441 -49.500
  -6.675 -49.500     NaN
  -6.673 -49.500     NaN
  -6.671 -49.500 -49.500
  -6.669 -49.500     NaN
  -6.667 -49.500 -49.500
  -6.665 -49.500 -49.500
  -6.663 -49.500 -49.500
  -6.661 -49.500 -49.500
  -6.658 -49.500 -49.500
  -6.656 -49.500 -49.500
  -6.654 -15.686 -15.686
  -6.652 -49.500 -49.500
  -6.650 -49.500 -49.500
  -6.648 -49.500 -49.500
  -6.646 -49.500 -49.500
  -6.644 -49.500 -49.500
  -6.642 -49.500 -49.500
  -6.640 -49.500 -49.500
  -6.638 -16.139 -49.500
  -6.636 -49.500     NaN
  -6.634 -49.500 -49.500
  -6.632 -49.500 -49.500
  -6.630 -49.500     NaN
  -6.628 -16.030 -16.030
  -6.626 -49.500 -49.500
  -6.624 -16.461 -49.500
  -6.622 -49.500 -49.500
  -6.620 -49.500     NaN
  -6.618 -49.500 -49.500
  -6.617 -49.500 -49.500
  -6.615 -16.720 -49.500
  -6.613 -49.500 -49.500
  -6.611 -49.500 -49.500
  -6.609 -49.500 -49.500
  -6.607 -15.480 -49.500
  -6.605 -49.500 -49.500
  -6.603 -16.149 -16.149
  -6.602 -49.500 -49.500
  -6.600 -49.500 -49.500
  -6.598 -49.500 -49.500
  -6.596 -49.500 -49.500
  -6.594 -49.500     NaN
