  -8.861 -14.170 -14.170
  -8.599 -14.248 -14.248
  -8.442 -14.333 -14.333
  -8.329 -14.369 -14.369
  -8.239 -14.394 -14.394
  -8.166 -14.455 -14.455
  -8.103 -14.528 -14.528
  -8.048 -14.557 -14.557
  -7.999 -14.471 -14.471
  -7.955 -14.609 -14.609
  -7.916 -14.652 -14.652
  -7.879 -14.660 -14.660
  -7.846 -14.706 -14.706
  -7.815 -14.623 -14.623
  -7.786 -14.788 -14.788
  -7.758 -14.806 -14.806
  -7.733 -14.881 -14.881
  -7.709 -14.986 -14.986
  -7.686 -14.989 -14.989
  -7.664 -14.865 -14.865
  -7.643 -14.804 -14.804
  -7.624 -14.828 -14.828
  -7.605 -14.840 -15.074
  -7.586 -14.251 -14.849
  -7.569 -15.021 -15.021
  -7.552 -15.082 -15.082
  -7.536 -14.909 -14.909
  -7.521 -15.192 -15.192
  -7.506 -15.134 -15.134
  -7.491 -14.835 -15.165
  -7.477 -15.071 -15.071
  -7.464 -14.961 -15.235
  -7.451 -15.130 -15.130
  -7.438 -15.241 -15.241
  -7.425 -15.121 -15.121
  -7.413 -15.261 -15.261
  -7.401 -15.262 -15.262
  -7.390 -15.365 -15.365
  -7.379 -14.754 -15.052
  -7.368 -15.473 -15.473
  -7.357 -15.461 -15.461
  -7.347 -14.628 -15.502
  -7.337 -15.055 -15.307
  -7.327 -15.384 -15.384
  -7.317 -14.409 -15.253
  -7.308 -15.372 -15.636
  -7.299 -14.727 -15.400
  -7.290 -15.522 -15.522
  -7.281 -15.404 -15.740
  -7.272 -14.934 -15.602
  -7.264 -14.915 -15.417
  -7.255 -15.141 -15.381
  -7.247 -14.593 -15.316
  -7.239 -15.542 -15.542
  -7.231 -15.403 -15.562
  -7.223 -15.400 -15.400
  -7.216 -15.244 -15.398
  -7.208 -14.715 -15.511
  -7.201 -15.372 -15.851
  -7.194 -15.217 -15.714
  -7.187 -15.330 -15.825
  -7.180 -15.197 -15.197
  -7.173 -15.663 -15.888
  -7.166 -15.736 -15.736
  -7.159 -15.335 -15.335
  -7.153 -15.691 -15.691
  -7.146 -15.762 -15.762
  -7.140 -15.149 -15.689
  -7.133 -15.155 -15.885
  -7.127 -15.802 -15.997
  -7.121 -15.657 -15.821
  -7.115 -15.786 -15.944
  -7.109 -15.853 -15.853
  -7.103 -14.512 -15.932
  -7.098 -15.051 -16.035
  -7.092 -15.617 -15.617
  -7.086 -15.680 -16.176
  -7.081 -15.766 -15.766
  -7.075 -15.559 -15.559
  -7.070 -15.759 -16.398
  -7.064 -15.516 -15.674
  -7.059 -14.820 -15.880
  -7.054 -15.904 -15.904
  -7.049 -15.850 -16.281
  -7.043 -15.799 -16.134
  -7.038 -15.622 -16.222
  -7.033 -16.166 -16.166
  -7.029 -15.419 -15.643
  -7.024 -15.451 -15.625
  -7.019 -15.887 -16.355
  -7.014 -15.986 -15.986
  -7.009 -15.526 -15.930
  -7.005 -16.050 -16.238
  -7.000 -15.832 -16.443
  -6.995 -15.567 -16.124
  -6.991 -15.894 -16.241
  -6.986 -16.246 -16.563
  -6.982 -15.683 -15.842
  -6.978 -16.024 -16.024
  -6.973 -15.694 -16.191
  -6.969 -15.658 -15.913
  -6.965 -15.764 -15.764
  -6.961 -15.820 -16.733
  -6.956 -15.565 -15.729
  -6.952 -15.610 -16.469
  -6.948 -16.400 -22.160
  -6.944 -16.471 -16.645
  -6.940 -16.284 -16.666
  -6.936 -15.689 -16.636
  -6.932 -15.982 -16.463
  -6.928 -15.867 -22.091
  -6.924 -16.098 -16.098
  -6.920 -15.587 -49.500
  -6.917 -15.657 -16.089
  -6.913 -16.646 -16.896
  -6.909 -16.716 -17.067
  -6.905 -16.668 -17.067
  -6.902 -15.490 -15.490
  -6.898 -16.503 -49.500
  -6.894 -15.139 -16.351
  -6.891 -15.572 -49.500
  -6.887 -15.533 -16.169
  -6.884 -49.500     NaN
  -6.880 -16.490 -49.500
  -6.877 -16.492 -49.500
  -6.873 -16.283 -16.854
  -6.870 -16.195 -16.994
  -6.867 -16.317 -16.821
  -6.863 -15.131 -15.882
  -6.860 -16.354 -16.617
  -6.857 -16.563 -16.831
  -6.853 -49.500     NaN
  -6.850 -15.730 -15.943
  -6.847 -16.459 -16.776
  -6.844 -15.919 -49.500
  -6.840 -15.779 -16.960
  -6.837 -15.798 -49.500
  -6.834 -15.236 -15.971
  -6.831 -15.980 -16.221
  -6.828 -49.500 -49.500
  -6.825 -15.832 -16.021
  -6.822 -16.414 -49.500
  -6.819 -16.374 -49.500
  -6.816 -49.500     NaN
  -6.813 -16.741 -17.256
  -6.810 -16.070 -49.500
  -6.807 -16.908 -49.500
  -6.804 -15.844 -16.326
  -6.801 -15.930 -16.303
  -6.798 -49.500     NaN
  -6.795 -49.500     NaN
  -6.792 -49.500     NaN
  -6.789 -16.302 -49.500
  -6.787 -49.500     NaN
  -6.784 -49.500     NaN
  -6.781 -49.500     NaN
  -6.778 -16.488 -16.881
  -6.775 -16.328 -16.552
  -6.773 -49.500     NaN
  -6.770 -16.113 -16.816
  -6.767 -15.991 -15.991
  -6.765 -49.500     NaN
  -6.762 -49.500     NaN
  -6.759 -49.500     NaN
  -6.757 -15.258 -16.096
  -6.754 -15.845 -15.845
  -6.751 -49.500     NaN
  -6.749 -49.500 -49.500
  -6.746 -16.409 -16.665
  -6.744 -16.483 -49.500
  -6.741 -15.651 -49.500
  -6.739 -15.718 -16.268
  -6.736 -49.500     NaN
  -6.734 -49.500 -49.500
  -6.731 -49.500     NaN
  -6.729 -16.571 -16.571
  -6.726 -49.500 -49.500
  -6.724 -49.500     NaN
  -6.721 -16.712 -49.500
  -6.719 -16.374 -49.500
  -6.717 -49.500     NaN
  -6.714 -49.500 -49.500
  -6.712 -49.500     NaN
  -6.709 -49.500     NaN
  -6.707 -15.667 -49.500
  -6.705 -49.500     NaN
  -6.702 -49.500     NaN
  -6.700 -49.500     NaN
  -6.698 -49.500 -49.500
  -6.696 -49.500 -49.500
  -6.693 -49.500     NaN
  -6.691 -49.500 -49.500
  -6.689 -49.500 -49.500
  -6.687 -49.500     NaN
  -6.684 -49.500 -49.500
  -6.682 -49.500 -49.500
  -6.680 -16.442 -16.442
  -6.678 -49.500 -49.500
  -6.675 -15.640 -16.695
  -6.673 -15.660 -15.660
  -6.671 -49.500     NaN
  -6.669 -49.500 -49.500
  -6.667 -16.614 -16.614
  -6.665 -49.500 -49.500
  -6.663 -49.500     NaN
  -6.661 -49.500     NaN
  -6.658 -16.286 -16.286
  -6.656 -49.500 -49.500
  -6.654 -49.500 -49.500
  -6.652 -49.500 -49.500
  -6.650 -49.500 -49.500
  -6.648 -15.900 -16.314
  -6.646 -49.500 -49.500
  -6.644 -49.500     NaN
  -6.642 -16.636 -16.636
  -6.640 -49.500 -49.500
  -6.638 -16.323 -16.323
  -6.636 -49.500 -49.500
  -6.634 -49.500 -49.500
  -6.632 -49.500 -49.500
  -6.630 -49.500 -49.500
  -6.628 -15.937 -49.500
  -6.626 -16.038 -16.038
  -6.624 -16.255 -16.255
  -6.622 -49.500     NaN
  -6.620 -49.500 -49.500
  -6.618 -49.500 -49.500
  -6.617 -49.500 -49.500
  -6.615 -49.500 -49.500
  -6.613 -49.500 -49.500
  -6.611 -16.516 -16.516
  -6.609 -49.500 -49.500
  -6.607 -49.500 -49.500
  -6.605 -16.596 -16.596
  -6.603 -49.500 -49.500
  -6.602 -49.500 -49.500
  -6.600 -49.500 -49.500
  -6.598 -49.500 -49.500
  -6.596 -49.500 -49.500
  -6.594 -49.500     NaN
