  -8.861 -14.157 -14.157
  -8.599 -14.245 -14.245
  -8.442 -14.309 -14.309
  -8.329 -14.409 -14.409
  -8.239 -14.460 -14.460
  -8.166 -14.480 -14.480
  -8.103 -14.555 -14.555
  -8.048 -14.528 -14.528
  -7.999 -14.577 -14.577
  -7.955 -14.181 -14.582
  -7.916 -14.686 -14.686
  -7.879 -14.597 -14.597
  -7.846 -14.630 -14.630
  -7.815 -14.682 -14.682
  -7.786 -14.787 -14.787
  -7.758 -14.854 -14.854
  -7.733 -14.752 -14.752
  -7.709 -14.805 -14.805
  -7.686 -14.813 -14.813
  -7.664 -14.989 -14.989
  -7.643 -14.770 -15.088
  -7.624 -15.068 -15.068
  -7.605 -15.060 -15.060
  -7.586 -15.219 -15.219
  -7.569 -15.034 -15.034
  -7.552 -14.842 -15.127
  -7.536 -15.165 -15.165
  -7.521 -14.953 -14.953
  -7.506 -15.112 -15.112
  -7.491 -14.812 -14.812
  -7.477 -14.966 -15.245
  -7.464 -15.159 -15.159
  -7.451 -15.344 -15.344
  -7.438 -14.634 -14.960
  -7.425 -14.640 -14.827
  -7.413 -15.206 -15.206
  -7.401 -14.990 -15.265
  -7.390 -15.453 -15.453
  -7.379 -15.062 -15.062
  -7.368 -14.945 -15.407
  -7.357 -15.463 -15.463
  -7.347 -15.319 -15.319
  -7.337 -15.012 -15.446
  -7.327 -15.576 -15.576
  -7.317 -14.824 -14.824
  -7.308 -15.461 -15.461
  -7.299 -15.122 -15.354
  -7.290 -15.320 -15.320
  -7.281 -15.141 -15.548
  -7.272 -14.923 -15.426
  -7.264 -15.342 -15.534
  -7.255 -14.869 -15.209
  -7.247 -15.911 -15.911
  -7.239 -15.460 -15.460
  -7.231 -15.608 -15.608
  -7.223 -15.540 -15.795
  -7.216 -15.191 -15.370
  -7.208 -15.745 -15.745
  -7.201 -15.510 -15.804
  -7.194 -15.531 -15.531
  -7.187 -15.411 -15.773
  -7.180 -15.060 -15.803
  -7.173 -15.666 -15.666
  -7.166 -15.515 -15.515
  -7.159 -15.230 -15.436
  -7.153 -15.147 -15.844
  -7.146 -16.183 -16.183
  -7.140 -15.275 -15.735
  -7.133 -14.715 -15.925
  -7.127 -15.855 -15.855
  -7.121 -15.029 -15.352
  -7.115 -15.884 -15.884
  -7.109 -15.859 -15.859
  -7.103 -15.784 -16.050
  -7.098 -15.879 -16.070
  -7.092 -15.364 -15.833
  -7.086 -15.986 -15.986
  -7.081 -15.521 -16.275
  -7.075 -14.999 -16.231
  -7.070 -15.941 -16.358
  -7.064 -15.905 -15.905
  -7.059 -15.360 -15.925
  -7.054 -14.980 -15.917
  -7.049 -15.814 -16.074
  -7.043 -15.112 -15.444
  -7.038 -15.510 -15.876
  -7.033 -16.218 -16.218
  -7.029 -15.925 -16.265
  -7.024 -15.796 -15.796
  -7.019 -16.030 -16.030
  -7.014 -16.298 -16.298
  -7.009 -15.896 -16.223
  -7.005 -16.535 -16.860
  -7.000 -16.004 -16.004
  -6.995 -15.392 -15.785
  -6.991 -15.916 -15.916
  -6.986 -15.688 -15.945
  -6.982 -15.487 -16.321
  -6.978 -15.703 -16.317
  -6.973 -15.479 -15.904
  -6.969 -15.938 -16.332
  -6.965 -16.060 -16.337
  -6.961 -15.482 -15.777
  -6.956 -15.810 -16.183
  -6.952 -14.874 -16.315
  -6.948 -16.508 -17.250
  -6.944 -15.107 -16.800
  -6.940 -16.303 -16.519
  -6.936 -15.560 -15.723
  -6.932 -49.500     NaN
  -6.928 -16.367 -16.731
  -6.924 -16.112 -16.494
  -6.920 -16.105 -16.314
  -6.917 -16.108 -16.438
  -6.913 -16.334 -49.500
  -6.909 -16.452 -16.770
  -6.905 -16.041 -16.580
  -6.902 -16.655 -49.500
  -6.898 -16.344 -16.508
  -6.894 -16.869 -22.700
  -6.891 -15.623 -15.623
  -6.887 -16.121 -49.500
  -6.884 -15.861 -16.348
  -6.880 -16.100 -16.100
  -6.877 -16.796 -49.500
  -6.873 -16.591 -49.500
  -6.870 -49.500     NaN
  -6.867 -15.872 -16.812
  -6.863 -16.563 -16.853
  -6.860 -16.135 -16.764
  -6.857 -15.705 -15.924
  -6.853 -16.259 -16.621
  -6.850 -16.350 -16.509
  -6.847 -16.221 -16.221
  -6.844 -16.769 -49.500
  -6.840 -16.446 -49.500
  -6.837 -15.751 -15.905
  -6.834 -15.734 -16.359
  -6.831 -16.753 -16.753
  -6.828 -49.500     NaN
  -6.825 -16.137 -16.315
  -6.822 -16.644 -16.841
  -6.819 -49.500     NaN
  -6.816 -16.174 -16.345
  -6.813 -16.685 -49.500
  -6.810 -15.652 -15.930
  -6.807 -49.500 -49.500
  -6.804 -49.500     NaN
  -6.801 -49.500     NaN
  -6.798 -49.500     NaN
  -6.795 -16.113 -16.974
  -6.792 -15.787 -49.500
  -6.789 -15.863 -49.500
  -6.787 -16.112 -49.500
  -6.784 -49.500     NaN
  -6.781 -16.085 -49.500
  -6.778 -49.500     NaN
  -6.775 -15.927 -16.486
  -6.773 -16.799 -16.799
  -6.770 -49.500     NaN
  -6.767 -16.587 -16.587
  -6.765 -16.068 -49.500
  -6.762 -16.240 -16.240
  -6.759 -15.697 -49.500
  -6.757 -16.000 -16.230
  -6.754 -49.500     NaN
  -6.751 -16.544 -16.908
  -6.749 -49.500 -49.500
  -6.746 -16.970 -49.500
  -6.744 -49.500     NaN
  -6.741 -16.381 -49.500
  -6.739 -16.560 -49.500
  -6.736 -49.500 -49.500
  -6.734 -49.500     NaN
  -6.731 -49.500 -49.500
  -6.729 -16.304 -49.500
  -6.726 -16.190 -16.460
  -6.724 -16.159 -49.500
  -6.721 -16.702 -49.500
  -6.719 -15.378 -49.500
  -6.717 -49.500     NaN
  -6.714 -49.500 -49.500
  -6.712 -49.500     NaN
  -6.709 -49.500 -49.500
  -6.707 -16.616 -49.500
  -6.705 -16.176 -49.500
  -6.702 -15.782 -16.897
  -6.700 -16.770 -49.500
  -6.698 -49.500 -49.500
  -6.696 -49.500     NaN
  -6.693 -49.500 -49.500
  -6.691 -16.796 -16.796
  -6.689 -49.500 -49.500
  -6.687 -49.500 -49.500
  -6.684 -49.500 -49.500
  -6.682 -15.425 -49.500
  -6.680 -49.500     NaN
  -6.678 -49.500 -49.500
  -6.675 -15.962 -16.164
  -6.673 -16.592 -49.500
  -6.671 -49.500 -49.500
  -6.669 -49.500 -49.500
  -6.667 -16.502 -16.502
  -6.665 -49.500 -49.500
  -6.663 -49.500     NaN
  -6.661 -16.528 -16.528
  -6.658 -49.500 -49.500
  -6.656 -16.165 -16.365
  -6.654 -49.500 -49.500
  -6.652 -15.631 -15.631
  -6.650 -49.500 -49.500
  -6.648 -49.500 -49.500
  -6.646 -49.500 -49.500
  -6.644 -49.500     NaN
  -6.642 -49.500     NaN
  -6.640 -49.500     NaN
  -6.638 -49.500 -49.500
  -6.636 -49.500 -49.500
  -6.634 -49.500 -49.500
  -6.632 -49.500 -49.500
  -6.630 -49.500     NaN
  -6.628 -49.500 -49.500
  -6.626 -49.500 -49.500
  -6.624 -49.500 -49.500
  -6.622 -49.500 -49.500
  -6.620 -49.500 -49.500
  -6.618 -49.500 -49.500
  -6.617 -49.500     NaN
  -6.615 -49.500     NaN
  -6.613 -49.500 -49.500
  -6.611 -49.500 -49.500
  -6.609 -49.500     NaN
  -6.607 -49.500 -49.500
  -6.605 -49.500 -49.500
  -6.603 -49.500 -49.500
  -6.602 -49.500 -49.500
  -6.600 -49.500     NaN
  -6.598 -49.500 -49.500
  -6.596 -49.500 -49.500
  -6.594 -49.500 -49.500
