  -8.861 -14.172 -14.172
  -8.599 -14.248 -14.248
  -8.442 -14.296 -14.296
  -8.329 -14.396 -14.396
  -8.239 -14.378 -14.378
  -8.166 -14.504 -14.504
  -8.103 -14.514 -14.514
  -8.048 -14.536 -14.536
  -7.999 -14.503 -14.503
  -7.955 -14.661 -14.661
  -7.916 -14.717 -14.717
  -7.879 -14.699 -14.699
  -7.846 -14.679 -14.679
  -7.815 -14.743 -14.743
  -7.786 -14.744 -14.744
  -7.758 -14.918 -14.918
  -7.733 -14.579 -14.762
  -7.709 -14.814 -14.814
  -7.686 -14.947 -14.947
  -7.664 -14.784 -14.784
  -7.643 -14.930 -14.930
  -7.624 -15.037 -15.037
  -7.605 -14.871 -14.871
  -7.586 -14.993 -14.993
  -7.569 -15.086 -15.086
  -7.552 -14.933 -14.933
  -7.536 -15.038 -15.038
  -7.521 -14.884 -15.116
  -7.506 -14.897 -14.897
  -7.491 -14.635 -15.121
  -7.477 -15.067 -15.230
  -7.464 -15.104 -15.104
  -7.451 -14.800 -14.800
  -7.438 -15.020 -15.020
  -7.425 -15.405 -15.405
  -7.413 -15.162 -15.162
  -7.401 -15.173 -15.173
  -7.390 -15.161 -15.455
  -7.379 -15.460 -15.460
  -7.368 -15.437 -15.437
  -7.357 -15.569 -15.569
  -7.347 -15.432 -15.432
  -7.337 -15.349 -15.541
  -7.327 -15.167 -15.486
  -7.317 -15.276 -15.276
  -7.308 -15.322 -15.322
  -7.299 -15.448 -15.448
  -7.290 -15.340 -15.593
  -7.281 -15.307 -15.307
  -7.272 -14.265 -15.445
  -7.264 -15.200 -15.467
  -7.255 -15.583 -15.583
  -7.247 -15.640 -15.640
  -7.239 -15.292 -15.688
  -7.231 -15.711 -15.895
  -7.223 -15.508 -15.508
  -7.216 -15.820 -15.820
  -7.208 -15.532 -15.690
  -7.201 -15.192 -15.397
  -7.194 -15.160 -15.525
  -7.187 -15.726 -15.726
  -7.180 -14.880 -15.672
  -7.173 -15.477 -15.846
  -7.166 -15.599 -15.820
  -7.159 -15.107 -15.637
  -7.153 -16.037 -16.037
  -7.146 -15.299 -15.620
  -7.140 -15.607 -15.607
  -7.133 -15.679 -15.679
  -7.127 -15.973 -15.973
  -7.121 -15.926 -15.926
  -7.115 -15.409 -16.189
  -7.109 -15.367 -15.785
  -7.103 -16.128 -16.128
  -7.098 -15.383 -15.554
  -7.092 -15.441 -15.441
  -7.086 -15.889 -15.889
  -7.081 -16.132 -16.132
  -7.075 -15.916 -16.099
  -7.070 -15.585 -16.049
  -7.064 -15.727 -15.894
  -7.059 -15.715 -15.875
  -7.054 -15.583 -15.583
  -7.049 -15.824 -15.824
  -7.043 -15.746 -15.980
  -7.038 -15.462 -16.569
  -7.033 -15.060 -16.024
  -7.029 -15.911 -16.267
  -7.024 -15.656 -15.940
  -7.019 -15.440 -15.759
  -7.014 -15.741 -16.550
  -7.009 -15.406 -15.680
  -7.005 -15.604 -16.218
  -7.000 -16.164 -16.392
  -6.995 -16.353 -16.353
  -6.991 -15.656 -15.891
  -6.986 -15.952 -15.952
  -6.982 -14.973 -15.514
  -6.978 -14.877 -16.188
  -6.973 -15.770 -16.117
  -6.969 -16.143 -16.559
  -6.965 -15.975 -16.570
  -6.961 -16.093 -16.093
  -6.956 -15.847 -16.069
  -6.952 -16.225 -16.225
  -6.948 -16.155 -16.420
  -6.944 -16.394 -16.557
  -6.940 -15.431 -16.382
  -6.936 -15.760 -16.257
  -6.932 -16.291 -16.457
  -6.928 -16.042 -16.419
  -6.924 -16.354 -16.700
  -6.920 -15.199 -16.746
  -6.917 -15.566 -21.586
  -6.913 -16.491 -49.500
  -6.909 -15.891 -15.891
  -6.905 -16.045 -16.045
  -6.902 -16.296 -16.591
  -6.898 -15.708 -16.408
  -6.894 -15.313 -16.128
  -6.891 -16.236 -16.452
  -6.887 -16.677 -49.500
  -6.884 -16.010 -49.500
  -6.880 -15.967 -49.500
  -6.877 -16.242 -16.644
  -6.873 -16.159 -16.375
  -6.870 -16.088 -16.429
  -6.867 -16.419 -16.615
  -6.863 -49.500     NaN
  -6.860 -16.282 -16.684
  -6.857 -16.017 -16.195
  -6.853 -14.535 -49.500
  -6.850 -15.479 -16.699
  -6.847 -16.195 -16.461
  -6.844 -16.131 -16.640
  -6.840 -15.318 -16.899
  -6.837 -15.290 -49.500
  -6.834 -49.500     NaN
  -6.831 -16.288 -49.500
  -6.828 -16.415 -49.500
  -6.825 -16.385 -16.971
  -6.822 -16.221 -16.447
  -6.819 -49.500     NaN
  -6.816 -15.300 -15.995
  -6.813 -16.466 -16.742
  -6.810 -16.072 -49.500
  -6.807 -17.107 -49.500
  -6.804 -16.440 -49.500
  -6.801 -16.256 -16.572
  -6.798 -16.274 -49.500
  -6.795 -15.779 -16.891
  -6.792 -49.500     NaN
  -6.789 -16.167 -49.500
  -6.787 -16.098 -49.500
  -6.784 -16.352 -49.500
  -6.781 -49.500     NaN
  -6.778 -49.500     NaN
  -6.775 -49.500     NaN
  -6.773 -16.952 -49.500
  -6.770 -16.524 -49.500
  -6.767 -16.020 -16.020
  -6.765 -15.689 -49.500
  -6.762 -49.500     NaN
  -6.759 -16.471 -49.500
  -6.757 -16.141 -49.500
  -6.754 -16.286 -16.286
  -6.751 -49.500 -49.500
  -6.749 -49.500 -49.500
  -6.746 -15.925 -49.500
  -6.744 -16.918 -49.500
  -6.741 -49.500     NaN
  -6.739 -49.500     NaN
  -6.736 -16.869 -49.500
  -6.734 -49.500 -49.500
  -6.731 -15.494 -49.500
  -6.729 -49.500 -49.500
  -6.726 -16.277 -16.277
  -6.724 -15.984 -16.459
  -6.721 -15.778 -15.778
  -6.719 -14.987 -49.500
  -6.717 -49.500     NaN
  -6.714 -49.500 -49.500
  -6.712 -15.810 -49.500
  -6.709 -16.379 -16.379
  -6.707 -16.458 -16.458
  -6.705 -15.377 -16.910
  -6.702 -16.153 -49.500
  -6.700 -15.415 -49.500
  -6.698 -16.768 -49.500
  -6.696 -49.500     NaN
  -6.693 -16.201 -16.465
  -6.691 -49.500 -49.500
  -6.689 -16.408 -49.500
  -6.687 -49.500     NaN
  -6.684 -49.500 -49.500
  -6.682 -49.500 -49.500
  -6.680 -49.500 -49.500
  -6.678 -49.500     NaN
  -6.675 -49.500 -49.500
  -6.673 -16.137 -16.137
  -6.671 -15.971 -49.500
  -6.669 -16.415 -49.500
  -6.667 -49.500 -49.500
  -6.665 -49.500 -49.500
  -6.663 -15.915 -49.500
  -6.661 -49.500 -49.500
  -6.658 -49.500     NaN
  -6.656 -16.595 -49.500
  -6.654 -49.500 -49.500
  -6.652 -16.159 -49.500
  -6.650 -49.500 -49.500
  -6.648 -49.500 -49.500
  -6.646 -49.500 -49.500
  -6.644 -16.457 -49.500
  -6.642 -15.785 -15.785
  -6.640 -49.500 -49.500
  -6.638 -49.500     NaN
  -6.636 -49.500 -49.500
  -6.634 -49.500 -49.500
  -6.632 -49.500 -49.500
  -6.630 -49.500 -49.500
  -6.628 -49.500 -49.500
  -6.626 -49.500     NaN
  -6.624 -49.500 -49.500
  -6.622 -49.500 -49.500
  -6.620 -16.136 -49.500
  -6.618 -49.500 -49.500
  -6.617 -49.500 -49.500
  -6.615 -15.326 -49.500
  -6.613 -49.500 -49.500
  -6.611 -49.500     NaN
  -6.609 -49.500     NaN
  -6.607 -16.563 -16.563
  -6.605 -49.500 -49.500
  -6.603 -16.053 -16.809
  -6.602 -49.500 -49.500
  -6.600 -49.500 -49.500
  -6.598 -49.500 -49.500
  -6.596 -49.500 -49.500
  -6.594 -49.500 -49.500
