  -8.861 -14.168 -14.168
  -8.599 -14.240 -14.240
  -8.442 -14.320 -14.320
  -8.329 -14.402 -14.402
  -8.239 -14.394 -14.394
  -8.166 -14.479 -14.479
  -8.103 -14.454 -14.454
  -8.048 -14.538 -14.538
  -7.999 -14.520 -14.520
  -7.955 -14.605 -14.605
  -7.916 -14.705 -14.705
  -7.879 -14.730 -14.730
  -7.846 -14.732 -14.732
  -7.815 -14.742 -14.742
  -7.786 -14.785 -14.785
  -7.758 -14.769 -14.769
  -7.733 -14.624 -14.624
  -7.709 -14.744 -14.905
  -7.686 -14.816 -14.816
  -7.664 -15.023 -15.023
  -7.643 -14.889 -14.889
  -7.624 -14.963 -14.963
  -7.605 -14.779 -14.779
  -7.586 -15.160 -15.160
  -7.569 -15.022 -15.022
  -7.552 -15.171 -15.171
  -7.536 -14.765 -15.128
  -7.521 -15.130 -15.130
  -7.506 -15.175 -15.175
  -7.491 -14.784 -15.110
  -7.477 -14.898 -15.081
  -7.464 -15.062 -15.240
  -7.451 -14.950 -15.150
  -7.438 -15.055 -15.055
  -7.425 -15.119 -15.119
  -7.413 -15.398 -15.398
  -7.401 -14.298 -14.791
  -7.390 -15.264 -15.264
  -7.379 -15.397 -15.397
  -7.368 -14.982 -14.982
  -7.357 -14.135 -14.755
  -7.347 -15.097 -15.278
  -7.337 -15.097 -15.304
  -7.327 -15.340 -15.340
  -7.317 -15.414 -15.414
  -7.308 -15.592 -15.592
  -7.299 -15.167 -15.167
  -7.290 -15.341 -15.537
  -7.281 -15.485 -15.485
  -7.272 -15.504 -15.504
  -7.264 -15.527 -15.527
  -7.255 -15.713 -15.713
  -7.247 -15.662 -15.662
  -7.239 -15.269 -15.269
  -7.231 -15.656 -15.656
  -7.223 -15.121 -15.721
  -7.216 -15.490 -15.490
  -7.208 -15.396 -15.916
  -7.201 -15.865 -15.865
  -7.194 -15.376 -15.717
  -7.187 -15.079 -15.462
  -7.180 -15.632 -15.632
  -7.173 -15.820 -15.820
  -7.166 -15.855 -15.855
  -7.159 -15.397 -15.600
  -7.153 -15.708 -15.708
  -7.146 -15.178 -15.369
  -7.140 -15.307 -16.115
  -7.133 -15.661 -15.842
  -7.127 -15.429 -15.429
  -7.121 -15.377 -15.622
  -7.115 -15.709 -15.709
  -7.109 -15.719 -15.719
  -7.103 -15.900 -15.900
  -7.098 -14.673 -16.026
  -7.092 -16.210 -16.210
  -7.086 -15.852 -16.063
  -7.081 -16.208 -16.208
  -7.075 -15.609 -15.954
  -7.070 -14.909 -15.635
  -7.064 -15.734 -15.734
  -7.059 -16.019 -16.019
  -7.054 -15.219 -15.481
  -7.049 -15.795 -15.795
  -7.043 -15.550 -15.933
  -7.038 -16.297 -16.297
  -7.033 -15.303 -16.166
  -7.029 -15.849 -16.010
  -7.024 -16.018 -16.018
  -7.019 -15.608 -16.311
  -7.014 -15.740 -15.939
  -7.009 -15.860 -15.860
  -7.005 -16.273 -16.498
  -7.000 -16.304 -16.304
  -6.995 -16.209 -16.432
  -6.991 -15.576 -15.781
  -6.986 -15.143 -15.691
  -6.982 -16.258 -16.258
  -6.978 -15.393 -15.657
  -6.973 -15.340 -15.877
  -6.969 -15.523 -15.732
  -6.965 -15.939 -16.188
  -6.961 -16.680 -17.080
  -6.956 -16.352 -16.566
  -6.952 -16.370 -16.748
  -6.948 -15.931 -16.329
  -6.944 -16.129 -16.483
  -6.940 -16.474 -16.669
  -6.936 -16.367 -16.849
  -6.932 -16.357 -16.547
  -6.928 -16.669 -16.906
  -6.924 -15.968 -16.235
  -6.920 -15.954 -16.105
  -6.917 -15.624 -16.329
  -6.913 -15.855 -16.045
  -6.909 -16.691 -17.005
  -6.905 -16.094 -16.451
  -6.902 -16.011 -17.139
  -6.898 -15.940 -16.327
  -6.894 -49.500     NaN
  -6.891 -15.794 -16.414
  -6.887 -16.173 -16.328
  -6.884 -16.035 -16.342
  -6.880 -16.049 -16.206
  -6.877 -49.500     NaN
  -6.873 -14.983 -16.675
  -6.870 -16.524 -16.863
  -6.867 -16.294 -16.478
  -6.863 -15.478 -49.500
  -6.860 -16.605 -16.887
  -6.857 -15.259 -15.634
  -6.853 -15.544 -15.982
  -6.850 -16.521 -16.682
  -6.847 -15.797 -16.030
  -6.844 -49.500 -49.500
  -6.840 -49.500     NaN
  -6.837 -16.127 -16.427
  -6.834 -16.387 -16.554
  -6.831 -16.463 -16.718
  -6.828 -14.939 -49.500
  -6.825 -15.687 -16.214
  -6.822 -16.987 -49.500
  -6.819 -16.742 -49.500
  -6.816 -16.717 -49.500
  -6.813 -15.753 -15.753
  -6.810 -16.064 -49.500
  -6.807 -16.208 -16.540
  -6.804 -14.801 -49.500
  -6.801 -16.174 -16.465
  -6.798 -15.690 -49.500
  -6.795 -16.640 -16.883
  -6.792 -16.369 -49.500
  -6.789 -49.500     NaN
  -6.787 -49.500     NaN
  -6.784 -16.645 -49.500
  -6.781 -16.153 -16.899
  -6.778 -16.698 -49.500
  -6.775 -16.376 -49.500
  -6.773 -16.366 -49.500
  -6.770 -15.837 -16.015
  -6.767 -49.500     NaN
  -6.765 -49.500     NaN
  -6.762 -16.645 -49.500
  -6.759 -49.500     NaN
  -6.757 -16.420 -49.500
  -6.754 -16.102 -16.102
  -6.751 -49.500     NaN
  -6.749 -16.608 -16.780
  -6.746 -49.500     NaN
  -6.744 -49.500     NaN
  -6.741 -16.381 -16.381
  -6.739 -49.500 -49.500
  -6.736 -15.759 -16.305
  -6.734 -49.500 -49.500
  -6.731 -16.201 -49.500
  -6.729 -16.433 -49.500
  -6.726 -15.790 -49.500
  -6.724 -16.436 -16.436
  -6.721 -16.093 -49.500
  -6.719 -49.500 -49.500
  -6.717 -15.734 -49.500
  -6.714 -49.500     NaN
  -6.712 -16.217 -49.500
  -6.709 -49.500 -49.500
  -6.707 -16.368 -49.500
  -6.705 -16.929 -49.500
  -6.702 -16.877 -16.877
  -6.700 -49.500 -49.500
  -6.698 -49.500 -49.500
  -6.696 -49.500 -49.500
  -6.693 -49.500     NaN
  -6.691 -49.500 -49.500
  -6.689 -16.095 -16.095
  -6.687 -49.500     NaN
  -6.684 -49.500 -49.500
  -6.682 -49.500 -49.500
  -6.680 -49.500 -49.500
  -6.678 -49.500 -49.500
  -6.675 -49.500 -49.500
  -6.673 -49.500     NaN
  -6.671 -49.500 -49.500
  -6.669 -16.510 -16.510
  -6.667 -16.128 -16.700
  -6.665 -49.500 -49.500
  -6.663 -49.500     NaN
  -6.661 -49.500 -49.500
  -6.658 -49.500 -49.500
  -6.656 -49.500 -49.500
  -6.654 -16.576 -16.771
  -6.652 -49.500 -49.500
  -6.650 -49.500 -49.500
  -6.648 -49.500 -49.500
  -6.646 -49.500 -49.500
  -6.644 -49.500 -49.500
  -6.642 -49.500 -49.500
  -6.640 -49.500 -49.500
  -6.638 -15.548 -49.500
  -6.636 -49.500 -49.500
  -6.634 -49.500 -49.500
  -6.632 -49.500 -49.500
  -6.630 -49.500 -49.500
  -6.628 -49.500 -49.500
  -6.626 -16.369 -49.500
  -6.624 -49.500 -49.500
  -6.622 -49.500     NaN
  -6.620 -49.500     NaN
  -6.618 -49.500     NaN
  -6.617 -49.500 -49.500
  -6.615 -49.500 -49.500
  -6.613 -49.500     NaN
  -6.611 -49.500 -49.500
  -6.609 -49.500 -49.500
  -6.607 -49.500 -49.500
  -6.605 -16.626 -49.500
  -6.603 -49.500 -49.500
  -6.602 -49.500     NaN
  -6.600 -16.535 -16.535
  -6.598 -49.500 -49.500
  -6.596 -49.500 -49.500
  -6.594 -49.500 -49.500
