  -8.861 -14.170 -14.170
  -8.599 -14.257 -14.257
  -8.442 -14.313 -14.313
  -8.329 -14.349 -14.349
  -8.239 -14.428 -14.428
  -8.166 -14.490 -14.490
  -8.103 -14.537 -14.537
  -8.048 -14.421 -14.421
  -7.999 -14.615 -14.615
  -7.955 -14.609 -14.609
  -7.916 -14.706 -14.706
  -7.879 -14.418 -14.680
  -7.846 -14.673 -14.673
  -7.815 -14.765 -14.765
  -7.786 -14.763 -14.763
  -7.758 -14.622 -14.622
  -7.733 -14.734 -14.734
  -7.709 -14.702 -14.880
  -7.686 -14.665 -14.854
  -7.664 -14.907 -14.907
  -7.643 -14.308 -14.925
  -7.624 -15.074 -15.074
  -7.605 -14.997 -14.997
  -7.586 -15.052 -15.052
  -7.569 -14.850 -14.850
  -7.552 -14.943 -14.943
  -7.536 -14.629 -15.141
  -7.521 -15.203 -15.203
  -7.506 -15.115 -15.115
  -7.491 -14.664 -14.941
  -7.477 -15.338 -15.338
  -7.464 -15.181 -15.377
  -7.451 -15.452 -15.452
  -7.438 -15.000 -15.000
  -7.425 -15.209 -15.209
  -7.413 -14.899 -14.899
  -7.401 -15.252 -15.494
  -7.390 -14.736 -15.024
  -7.379 -15.316 -15.316
  -7.368 -14.863 -14.863
  -7.357 -15.064 -15.290
  -7.347 -15.089 -15.264
  -7.337 -15.326 -15.326
  -7.327 -14.983 -15.157
  -7.317 -15.211 -15.384
  -7.308 -15.292 -15.637
  -7.299 -15.448 -15.448
  -7.290 -15.122 -15.396
  -7.281 -15.158 -15.158
  -7.272 -15.487 -15.487
  -7.264 -14.897 -15.759
  -7.255 -15.316 -15.316
  -7.247 -15.203 -15.439
  -7.239 -15.649 -15.649
  -7.231 -15.269 -15.441
  -7.223 -15.580 -15.580
  -7.216 -15.283 -15.283
  -7.208 -15.754 -15.754
  -7.201 -15.946 -15.946
  -7.194 -15.226 -15.509
  -7.187 -15.844 -15.844
  -7.180 -15.079 -15.702
  -7.173 -15.743 -15.743
  -7.166 -15.591 -15.591
  -7.159 -15.757 -15.922
  -7.153 -14.791 -15.270
  -7.146 -15.747 -15.935
  -7.140 -15.409 -15.672
  -7.133 -15.577 -15.577
  -7.127 -15.462 -15.856
  -7.121 -15.360 -15.549
  -7.115 -14.824 -15.031
  -7.109 -15.910 -15.910
  -7.103 -15.070 -15.070
  -7.098 -15.862 -16.201
  -7.092 -15.440 -15.618
  -7.086 -15.784 -15.784
  -7.081 -15.741 -15.965
  -7.075 -15.846 -16.010
  -7.070 -15.810 -15.810
  -7.064 -15.848 -16.338
  -7.059 -14.645 -15.814
  -7.054 -15.389 -15.978
  -7.049 -16.202 -16.392
  -7.043 -16.172 -16.172
  -7.038 -15.504 -15.504
  -7.033 -16.312 -16.475
  -7.029 -15.586 -15.747
  -7.024 -16.009 -16.009
  -7.019 -15.261 -15.780
  -7.014 -15.358 -15.650
  -7.009 -16.103 -16.323
  -7.005 -15.416 -15.973
  -7.000 -15.542 -15.968
  -6.995 -16.434 -16.434
  -6.991 -16.108 -16.590
  -6.986 -15.976 -16.133
  -6.982 -16.105 -16.256
  -6.978 -16.908 -22.078
  -6.973 -49.500     NaN
  -6.969 -15.282 -15.282
  -6.965 -15.501 -15.749
  -6.961 -16.094 -16.094
  -6.956 -16.243 -16.975
  -6.952 -16.073 -16.524
  -6.948 -15.795 -15.957
  -6.944 -16.174 -16.446
  -6.940 -15.436 -16.243
  -6.936 -16.053 -16.377
  -6.932 -49.500     NaN
  -6.928 -15.857 -16.538
  -6.924 -16.514 -16.826
  -6.920 -16.114 -16.709
  -6.917 -16.087 -16.433
  -6.913 -15.101 -15.916
  -6.909 -16.037 -16.391
  -6.905 -15.502 -16.795
  -6.902 -15.761 -16.682
  -6.898 -15.289 -15.523
  -6.894 -17.197 -22.851
  -6.891 -15.024 -16.055
  -6.887 -15.746 -15.915
  -6.884 -16.349 -16.581
  -6.880 -15.639 -49.500
  -6.877 -49.500     NaN
  -6.873 -16.482 -49.500
  -6.870 -16.078 -16.325
  -6.867 -15.264 -16.293
  -6.863 -15.547 -16.310
  -6.860 -16.579 -16.579
  -6.857 -49.500     NaN
  -6.853 -15.259 -15.604
  -6.850 -16.769 -49.500
  -6.847 -49.500     NaN
  -6.844 -16.302 -49.500
  -6.840 -15.153 -15.861
  -6.837 -16.040 -49.500
  -6.834 -16.046 -16.300
  -6.831 -16.084 -49.500
  -6.828 -16.125 -49.500
  -6.825 -49.500     NaN
  -6.822 -49.500     NaN
  -6.819 -16.161 -49.500
  -6.816 -16.841 -49.500
  -6.813 -16.332 -49.500
  -6.810 -15.829 -16.019
  -6.807 -49.500     NaN
  -6.804 -15.620 -15.880
  -6.801 -15.477 -16.206
  -6.798 -49.500     NaN
  -6.795 -15.555 -16.837
  -6.792 -49.500     NaN
  -6.789 -16.710 -49.500
  -6.787 -15.883 -16.296
  -6.784 -16.322 -49.500
  -6.781 -16.461 -16.461
  -6.778 -16.308 -16.710
  -6.775 -16.404 -16.404
  -6.773 -49.500     NaN
  -6.770 -16.130 -16.130
  -6.767 -49.500     NaN
  -6.765 -49.500     NaN
  -6.762 -49.500     NaN
  -6.759 -16.996 -49.500
  -6.757 -49.500     NaN
  -6.754 -49.500 -49.500
  -6.751 -49.500     NaN
  -6.749 -49.500     NaN
  -6.746 -49.500     NaN
  -6.744 -49.500     NaN
  -6.741 -49.500 -49.500
  -6.739 -16.080 -16.080
  -6.736 -15.860 -16.229
  -6.734 -49.500     NaN
  -6.731 -49.500     NaN
  -6.729 -15.338 -15.338
  -6.726 -49.500 -49.500
  -6.724 -16.694 -49.500
  -6.721 -16.575 -49.500
  -6.719 -49.500     NaN
  -6.717 -49.500 -49.500
  -6.714 -49.500 -49.500
  -6.712 -15.999 -15.999
  -6.709 -16.594 -49.500
  -6.707 -49.500     NaN
  -6.705 -49.500 -49.500
  -6.702 -16.030 -49.500
  -6.700 -15.943 -49.500
  -6.698 -49.500 -49.500
  -6.696 -16.013 -16.013
  -6.693 -49.500 -49.500
  -6.691 -16.211 -49.500
  -6.689 -49.500     NaN
  -6.687 -49.500 -49.500
  -6.684 -49.500 -49.500
  -6.682 -49.500 -49.500
  -6.680 -15.028 -15.028
  -6.678 -15.818 -16.093
  -6.675 -49.500 -49.500
  -6.673 -49.500 -49.500
  -6.671 -49.500 -49.500
  -6.669 -15.976 -15.976
  -6.667 -49.500 -49.500
  -6.665 -49.500 -49.500
  -6.663 -49.500     NaN
  -6.661 -49.500 -49.500
  -6.658 -49.500 -49.500
  -6.656 -49.500 -49.500
  -6.654 -49.500     NaN
  -6.652 -49.500     NaN
  -6.650 -16.399 -16.399
  -6.648 -49.500 -49.500
  -6.646 -49.500 -49.500
  -6.644 -15.559 -49.500
  -6.642 -49.500 -49.500
  -6.640 -49.500 -49.500
  -6.638 -49.500 -49.500
  -6.636 -16.170 -16.170
  -6.634 -49.500 -49.500
  -6.632 -49.500 -49.500
  -6.630 -49.500     NaN
  -6.628 -49.500     NaN
  -6.626 -49.500 -49.500
  -6.624 -49.500     NaN
  -6.622 -16.678 -16.678
  -6.620 -49.500 -49.500
  -6.618 -16.344 -49.500
  -6.617 -16.674 -16.674
  -6.615 -15.985 -15.985
  -6.613 -15.520 -49.500
  -6.611 -49.500     NaN
  -6.609 -49.500 -49.500
  -6.607 -49.500 -49.500
  -6.605 -49.500 -49.500
  -6.603 -49.500     NaN
  -6.602 -49.500 -49.500
  -6.600 -49.500 -49.500
  -6.598 -49.500 -49.500
  -6.596 -49.500 -49.500
  -6.594 -49.500     NaN
