  -8.861 -14.164 -14.164
  -8.599 -14.238 -14.238
  -8.442 -14.304 -14.304
  -8.329 -14.387 -14.387
  -8.239 -14.426 -14.426
  -8.166 -14.441 -14.441
  -8.103 -14.546 -14.546
  -8.048 -14.531 -14.531
  -7.999 -14.584 -14.584
  -7.955 -14.598 -14.598
  -7.916 -14.690 -14.690
  -7.879 -14.584 -14.584
  -7.846 -14.625 -14.625
  -7.815 -14.380 -14.792
  -7.786 -14.716 -14.716
  -7.758 -14.888 -14.888
  -7.733 -14.792 -14.792
  -7.709 -14.938 -14.938
  -7.686 -14.933 -14.933
  -7.664 -14.983 -14.983
  -7.643 -14.885 -15.040
  -7.624 -14.840 -15.113
  -7.605 -15.119 -15.119
  -7.586 -14.773 -14.773
  -7.569 -15.150 -15.150
  -7.552 -14.912 -14.912
  -7.536 -15.103 -15.103
  -7.521 -15.126 -15.126
  -7.506 -14.833 -15.228
  -7.491 -15.099 -15.099
  -7.477 -15.079 -15.079
  -7.464 -14.874 -15.236
  -7.451 -15.114 -15.114
  -7.438 -14.855 -15.044
  -7.425 -15.227 -15.227
  -7.413 -15.291 -15.291
  -7.401 -15.067 -15.275
  -7.390 -15.324 -15.324
  -7.379 -15.292 -15.292
  -7.368 -14.893 -15.406
  -7.357 -14.945 -15.437
  -7.347 -15.129 -15.372
  -7.337 -15.163 -15.163
  -7.327 -14.962 -15.372
  -7.317 -15.460 -15.639
  -7.308 -15.250 -15.400
  -7.299 -15.382 -15.610
  -7.290 -14.707 -14.898
  -7.281 -15.683 -15.683
  -7.272 -15.158 -15.426
  -7.264 -15.350 -15.520
  -7.255 -15.379 -15.379
  -7.247 -15.089 -15.350
  -7.239 -15.324 -15.667
  -7.231 -15.873 -15.873
  -7.223 -15.580 -15.580
  -7.216 -15.588 -15.588
  -7.208 -15.694 -15.694
  -7.201 -15.413 -15.413
  -7.194 -15.286 -15.823
  -7.187 -15.898 -15.898
  -7.180 -14.940 -15.157
  -7.173 -15.495 -15.696
  -7.166 -15.150 -15.435
  -7.159 -15.553 -15.553
  -7.153 -15.395 -16.066
  -7.146 -14.894 -15.426
  -7.140 -15.453 -15.763
  -7.133 -15.977 -15.977
  -7.127 -15.718 -15.906
  -7.121 -15.980 -16.137
  -7.115 -15.403 -15.716
  -7.109 -15.802 -15.802
  -7.103 -15.546 -15.847
  -7.098 -15.584 -15.781
  -7.092 -15.850 -15.850
  -7.086 -15.513 -15.772
  -7.081 -14.586 -15.522
  -7.075 -15.578 -15.578
  -7.070 -16.137 -16.612
  -7.064 -15.126 -16.124
  -7.059 -16.158 -16.530
  -7.054 -15.997 -15.997
  -7.049 -15.403 -16.056
  -7.043 -14.766 -15.815
  -7.038 -16.256 -16.540
  -7.033 -15.171 -15.460
  -7.029 -16.348 -16.348
  -7.024 -15.794 -15.982
  -7.019 -15.888 -16.078
  -7.014 -15.572 -16.252
  -7.009 -15.730 -15.730
  -7.005 -15.950 -15.950
  -7.000 -15.756 -16.069
  -6.995 -16.013 -16.412
  -6.991 -15.877 -16.320
  -6.986 -15.503 -15.687
  -6.982 -15.358 -15.865
  -6.978 -15.937 -16.857
  -6.973 -15.655 -15.928
  -6.969 -15.527 -15.848
  -6.965 -16.402 -16.862
  -6.961 -16.156 -16.156
  -6.956 -16.036 -16.036
  -6.952 -16.322 -16.501
  -6.948 -15.873 -16.729
  -6.944 -16.213 -16.533
  -6.940 -16.170 -16.359
  -6.936 -16.134 -16.134
  -6.932 -15.439 -15.995
  -6.928 -16.215 -16.595
  -6.924 -15.731 -22.273
  -6.920 -49.500     NaN
  -6.917 -16.584 -16.737
  -6.913 -15.850 -16.195
  -6.909 -16.027 -16.920
  -6.905 -16.646 -16.817
  -6.902 -16.541 -22.545
  -6.898 -15.573 -15.796
  -6.894 -15.804 -16.071
  -6.891 -49.500     NaN
  -6.887 -16.136 -16.539
  -6.884 -15.539 -49.500
  -6.880 -16.382 -49.500
  -6.877 -16.179 -16.897
  -6.873 -15.937 -16.615
  -6.870 -16.038 -16.357
  -6.867 -16.643 -16.878
  -6.863 -16.226 -49.500
  -6.860 -49.500     NaN
  -6.857 -16.174 -49.500
  -6.853 -16.280 -49.500
  -6.850 -15.812 -16.147
  -6.847 -16.712 -49.500
  -6.844 -16.196 -49.500
  -6.840 -16.014 -49.500
  -6.837 -16.241 -16.400
  -6.834 -16.747 -49.500
  -6.831 -16.982 -49.500
  -6.828 -49.500 -49.500
  -6.825 -16.265 -16.428
  -6.822 -49.500     NaN
  -6.819 -49.500     NaN
  -6.816 -16.487 -49.500
  -6.813 -16.352 -16.515
  -6.810 -49.500     NaN
  -6.807 -49.500     NaN
  -6.804 -15.475 -15.475
  -6.801 -16.208 -16.470
  -6.798 -49.500     NaN
  -6.795 -16.920 -49.500
  -6.792 -15.960 -49.500
  -6.789 -16.282 -16.520
  -6.787 -49.500 -49.500
  -6.784 -14.894 -16.241
  -6.781 -15.859 -16.617
  -6.778 -16.096 -16.539
  -6.775 -49.500 -49.500
  -6.773 -49.500     NaN
  -6.770 -15.867 -16.601
  -6.767 -16.876 -49.500
  -6.765 -16.204 -16.204
  -6.762 -16.367 -49.500
  -6.759 -15.052 -15.052
  -6.757 -15.567 -16.295
  -6.754 -16.917 -49.500
  -6.751 -49.500     NaN
  -6.749 -15.786 -49.500
  -6.746 -49.500     NaN
  -6.744 -15.390 -15.390
  -6.741 -49.500     NaN
  -6.739 -15.342 -49.500
  -6.736 -49.500     NaN
  -6.734 -49.500 -49.500
  -6.731 -16.404 -49.500
  -6.729 -16.179 -16.179
  -6.726 -15.830 -15.830
  -6.724 -49.500 -49.500
  -6.721 -16.776 -49.500
  -6.719 -16.457 -49.500
  -6.717 -16.299 -49.500
  -6.714 -16.072 -49.500
  -6.712 -49.500 -49.500
  -6.709 -16.435 -49.500
  -6.707 -49.500 -49.500
  -6.705 -15.615 -49.500
  -6.702 -16.593 -49.500
  -6.700 -49.500     NaN
  -6.698 -16.094 -49.500
  -6.696 -49.500     NaN
  -6.693 -16.712 -17.188
  -6.691 -49.500     NaN
  -6.689 -49.500     NaN
  -6.687 -49.500 -49.500
  -6.684 -49.500 -49.500
  -6.682 -15.955 -49.500
  -6.680 -49.500     NaN
  -6.678 -49.500     NaN
  -6.675 -16.721 -49.500
  -6.673 -49.500     NaN
  -6.671 -49.500     NaN
  -6.669 -49.500 -49.500
  -6.667 -49.500 -49.500
  -6.665 -16.555 -49.500
  -6.663 -16.097 -16.097
  -6.661 -49.500 -49.500
  -6.658 -49.500 -49.500
  -6.656 -16.658 -49.500
  -6.654 -49.500     NaN
  -6.652 -16.377 -49.500
  -6.650 -49.500 -49.500
  -6.648 -49.500 -49.500
  -6.646 -49.500 -49.500
  -6.644 -49.500 -49.500
  -6.642 -49.500 -49.500
  -6.640 -49.500 -49.500
  -6.638 -49.500 -49.500
  -6.636 -49.500     NaN
  -6.634 -49.500 -49.500
  -6.632 -49.500 -49.500
  -6.630 -16.355 -16.355
  -6.628 -49.500 -49.500
  -6.626 -49.500     NaN
  -6.624 -49.500 -49.500
  -6.622 -16.013 -16.013
  -6.620 -49.500 -49.500
  -6.618 -49.500 -49.500
  -6.617 -49.500 -49.500
  -6.615 -49.500 -49.500
  -6.613 -49.500     NaN
  -6.611 -49.500 -49.500
  -6.609 -49.500 -49.500
  -6.607 -15.323 -49.500
  -6.605 -49.500     NaN
  -6.603 -49.500 -49.500
  -6.602 -16.286 -16.286
  -6.600 -49.500 -49.500
  -6.598 -49.500 -49.500
  -6.596 -14.969 -49.500
  -6.594 -49.500 -49.500
