  -8.861 -14.155 -14.155
  -8.599 -14.227 -14.227
  -8.442 -14.321 -14.321
  -8.329 -14.360 -14.360
  -8.239 -14.458 -14.458
  -8.166 -14.448 -14.448
  -8.103 -14.539 -14.539
  -8.048 -14.543 -14.543
  -7.999 -14.604 -14.604
  -7.955 -14.671 -14.671
  -7.916 -14.588 -14.588
  -7.879 -14.762 -14.762
  -7.846 -14.770 -14.770
  -7.815 -14.658 -14.658
  -7.786 -14.741 -14.741
  -7.758 -14.546 -14.546
  -7.733 -14.842 -15.016
  -7.709 -14.659 -14.916
  -7.686 -14.763 -14.763
  -7.664 -14.872 -14.872
  -7.643 -14.980 -14.980
  -7.624 -14.481 -14.781
  -7.605 -14.872 -14.872
  -7.586 -14.799 -14.998
  -7.569 -15.078 -15.078
  -7.552 -14.753 -14.753
  -7.536 -15.237 -15.237
  -7.521 -15.042 -15.042
  -7.506 -15.156 -15.156
  -7.491 -15.198 -15.198
  -7.477 -15.212 -15.212
  -7.464 -15.122 -15.122
  -7.451 -15.175 -15.175
  -7.438 -14.951 -15.237
  -7.425 -15.151 -15.151
  -7.413 -15.048 -15.342
  -7.401 -15.143 -15.143
  -7.390 -15.400 -15.400
  -7.379 -15.091 -15.322
  -7.368 -14.888 -15.213
  -7.357 -15.376 -15.376
  -7.347 -14.709 -15.135
  -7.337 -15.447 -15.447
  -7.327 -15.343 -15.343
  -7.317 -15.493 -15.493
  -7.308 -15.301 -15.493
  -7.299 -15.471 -15.471
  -7.290 -15.582 -15.582
  -7.281 -14.964 -14.964
  -7.272 -15.279 -15.512
  -7.264 -15.116 -15.267
  -7.255 -15.366 -15.522
  -7.247 -15.086 -15.834
  -7.239 -15.710 -15.710
  -7.231 -15.179 -15.718
  -7.223 -15.626 -15.626
  -7.216 -15.523 -15.523
  -7.208 -15.104 -15.269
  -7.201 -15.280 -15.659
  -7.194 -15.546 -15.546
  -7.187 -15.947 -15.947
  -7.180 -15.667 -15.667
  -7.173 -15.025 -15.212
  -7.166 -15.864 -15.864
  -7.159 -15.754 -15.982
  -7.153 -15.855 -15.855
  -7.146 -14.983 -15.261
  -7.140 -15.248 -15.434
  -7.133 -15.410 -16.170
  -7.127 -15.442 -15.836
  -7.121 -15.574 -15.779
  -7.115 -15.124 -15.598
  -7.109 -15.463 -15.641
  -7.103 -15.434 -15.434
  -7.098 -14.559 -15.307
  -7.092 -15.953 -15.953
  -7.086 -15.547 -15.786
  -7.081 -15.004 -16.107
  -7.075 -15.668 -15.880
  -7.070 -14.967 -15.255
  -7.064 -16.070 -16.371
  -7.059 -16.218 -16.502
  -7.054 -15.300 -15.974
  -7.049 -15.678 -16.090
  -7.043 -15.634 -15.829
  -7.038 -15.802 -16.490
  -7.033 -15.567 -16.065
  -7.029 -15.859 -16.137
  -7.024 -15.748 -15.922
  -7.019 -15.972 -15.972
  -7.014 -16.032 -16.032
  -7.009 -15.816 -15.981
  -7.005 -16.071 -16.071
  -7.000 -15.778 -16.564
  -6.995 -15.323 -16.255
  -6.991 -16.544 -49.500
  -6.986 -16.120 -16.880
  -6.982 -15.191 -15.354
  -6.978 -15.885 -16.598
  -6.973 -16.338 -22.604
  -6.969 -15.847 -16.168
  -6.965 -16.141 -16.462
  -6.961 -15.328 -16.279
  -6.956 -16.208 -16.408
  -6.952 -15.146 -15.929
  -6.948 -16.173 -16.390
  -6.944 -15.544 -15.896
  -6.940 -14.795 -15.537
  -6.936 -15.709 -15.709
  -6.932 -16.180 -16.351
  -6.928 -15.964 -16.264
  -6.924 -16.425 -16.649
  -6.920 -15.717 -15.717
  -6.917 -22.376 -22.376
  -6.913 -49.500     NaN
  -6.909 -16.479 -16.479
  -6.905 -15.989 -16.600
  -6.902 -15.243 -15.839
  -6.898 -15.974 -16.179
  -6.894 -15.035 -16.206
  -6.891 -49.500     NaN
  -6.887 -15.880 -16.538
  -6.884 -15.667 -16.154
  -6.880 -16.254 -16.498
  -6.877 -16.190 -16.607
  -6.873 -16.239 -49.500
  -6.870 -16.190 -16.404
  -6.867 -15.257 -16.829
  -6.863 -16.476 -49.500
  -6.860 -49.500     NaN
  -6.857 -16.092 -16.275
  -6.853 -15.963 -16.469
  -6.850 -15.944 -16.144
  -6.847 -15.897 -15.897
  -6.844 -49.500     NaN
  -6.840 -15.968 -16.641
  -6.837 -49.500     NaN
  -6.834 -16.422 -49.500
  -6.831 -16.482 -49.500
  -6.828 -15.992 -49.500
  -6.825 -16.568 -49.500
  -6.822 -15.749 -16.481
  -6.819 -16.150 -49.500
  -6.816 -15.990 -15.990
  -6.813 -16.459 -49.500
  -6.810 -15.982 -49.500
  -6.807 -17.181 -49.500
  -6.804 -16.182 -49.500
  -6.801 -16.130 -49.500
  -6.798 -49.500 -49.500
  -6.795 -15.655 -16.243
  -6.792 -16.352 -49.500
  -6.789 -16.799 -49.500
  -6.787 -15.726 -16.292
  -6.784 -15.774 -16.838
  -6.781 -16.476 -16.685
  -6.778 -49.500     NaN
  -6.775 -49.500     NaN
  -6.773 -49.500     NaN
  -6.770 -16.540 -16.540
  -6.767 -16.348 -49.500
  -6.765 -16.191 -49.500
  -6.762 -49.500     NaN
  -6.759 -49.500     NaN
  -6.757 -15.902 -49.500
  -6.754 -49.500 -49.500
  -6.751 -49.500     NaN
  -6.749 -49.500     NaN
  -6.746 -49.500     NaN
  -6.744 -15.976 -49.500
  -6.741 -49.500     NaN
  -6.739 -16.285 -16.775
  -6.736 -49.500 -49.500
  -6.734 -16.727 -49.500
  -6.731 -15.949 -49.500
  -6.729 -15.535 -49.500
  -6.726 -49.500 -49.500
  -6.724 -49.500     NaN
  -6.721 -15.910 -15.910
  -6.719 -15.624 -15.624
  -6.717 -49.500 -49.500
  -6.714 -49.500     NaN
  -6.712 -15.703 -16.396
  -6.709 -49.500 -49.500
  -6.707 -16.010 -49.500
  -6.705 -49.500 -49.500
  -6.702 -49.500     NaN
  -6.700 -49.500 -49.500
  -6.698 -16.461 -49.500
  -6.696 -49.500 -49.500
  -6.693 -49.500     NaN
  -6.691 -49.500 -49.500
  -6.689 -49.500 -49.500
  -6.687 -49.500 -49.500
  -6.684 -49.500     NaN
  -6.682 -49.500 -49.500
  -6.680 -49.500     NaN
  -6.678 -16.540 -49.500
  -6.675 -49.500 -49.500
  -6.673 -49.500     NaN
  -6.671 -16.344 -49.500
  -6.669 -49.500     NaN
  -6.667 -49.500 -49.500
  -6.665 -49.500     NaN
  -6.663 -16.210 -49.500
  -6.661 -49.500 -49.500
  -6.658 -15.851 -49.500
  -6.656 -16.307 -16.307
  -6.654 -49.500 -49.500
  -6.652 -49.500     NaN
  -6.650 -49.500 -49.500
  -6.648 -49.500     NaN
  -6.646 -49.500 -49.500
  -6.644 -49.500 -49.500
  -6.642 -16.235 -16.235
  -6.640 -49.500 -49.500
  -6.638 -16.153 -16.153
  -6.636 -49.500 -49.500
  -6.634 -49.500 -49.500
  -6.632 -49.500 -49.500
  -6.630 -49.500 -49.500
  -6.628 -49.500 -49.500
  -6.626 -49.500     NaN
  -6.624 -16.133 -16.133
  -6.622 -49.500 -49.500
  -6.620 -49.500 -49.500
  -6.618 -49.500 -49.500
  -6.617 -16.116 -49.500
  -6.615 -49.500 -49.500
  -6.613 -49.500     NaN
  -6.611 -49.500 -49.500
  -6.609 -49.500 -49.500
  -6.607 -15.933 -15.933
  -6.605 -49.500     NaN
  -6.603 -49.500 -49.500
  -6.602 -49.500 -49.500
  -6.600 -49.500 -49.500
  -6.598 -15.985 -15.985
  -6.596 -49.500 -49.500
  -6.594 -49.500 -49.500
