  -8.861 -14.155 -14.155
  -8.599 -14.245 -14.245
  -8.442 -14.330 -14.330
  -8.329 -14.418 -14.418
  -8.239 -14.333 -14.333
  -8.166 -14.467 -14.467
  -8.103 -14.492 -14.492
  -8.048 -14.523 -14.523
  -7.999 -14.472 -14.472
  -7.955 -14.635 -14.635
  -7.916 -14.612 -14.612
  -7.879 -14.439 -14.439
  -7.846 -14.667 -14.667
  -7.815 -14.811 -14.811
  -7.786 -14.720 -14.720
  -7.758 -14.772 -14.772
  -7.733 -14.883 -14.883
  -7.709 -14.391 -14.597
  -7.686 -14.762 -14.762
  -7.664 -14.627 -14.785
  -7.643 -14.951 -14.951
  -7.624 -15.152 -15.152
  -7.605 -15.045 -15.045
  -7.586 -14.963 -14.963
  -7.569 -15.166 -15.166
  -7.552 -14.941 -14.941
  -7.536 -14.116 -14.959
  -7.521 -14.895 -15.262
  -7.506 -14.750 -15.268
  -7.491 -15.005 -15.193
  -7.477 -15.177 -15.177
  -7.464 -14.807 -14.807
  -7.451 -14.764 -15.261
  -7.438 -15.201 -15.201
  -7.425 -15.038 -15.196
  -7.413 -15.338 -15.338
  -7.401 -15.103 -15.103
  -7.390 -15.072 -15.072
  -7.379 -15.481 -15.481
  -7.368 -15.151 -15.151
  -7.357 -15.294 -15.294
  -7.347 -15.471 -15.471
  -7.337 -15.065 -15.358
  -7.327 -15.385 -15.385
  -7.317 -15.524 -15.524
  -7.308 -15.356 -15.356
  -7.299 -15.359 -15.359
  -7.290 -14.714 -15.347
  -7.281 -14.796 -15.388
  -7.272 -15.224 -15.436
  -7.264 -15.025 -15.253
  -7.255 -15.583 -15.736
  -7.247 -14.983 -15.527
  -7.239 -13.657 -15.411
  -7.231 -15.691 -15.691
  -7.223 -15.503 -15.503
  -7.216 -15.541 -15.978
  -7.208 -15.143 -15.694
  -7.201 -15.019 -15.397
  -7.194 -15.601 -15.601
  -7.187 -15.474 -15.760
  -7.180 -15.606 -15.798
  -7.173 -15.629 -15.919
  -7.166 -15.494 -15.494
  -7.159 -16.182 -16.350
  -7.153 -15.580 -15.736
  -7.146 -15.909 -15.909
  -7.140 -15.729 -15.729
  -7.133 -15.446 -15.615
  -7.127 -15.532 -15.767
  -7.121 -15.882 -15.882
  -7.115 -15.738 -15.966
  -7.109 -15.785 -15.785
  -7.103 -15.554 -15.822
  -7.098 -15.525 -16.000
  -7.092 -14.378 -15.567
  -7.086 -15.588 -16.198
  -7.081 -15.587 -15.587
  -7.075 -16.227 -16.227
  -7.070 -15.328 -15.479
  -7.064 -16.177 -16.350
  -7.059 -16.087 -16.087
  -7.054 -15.577 -15.782
  -7.049 -15.463 -15.463
  -7.043 -16.273 -16.273
  -7.038 -15.823 -15.993
  -7.033 -15.761 -15.994
  -7.029 -15.732 -15.961
  -7.024 -15.727 -16.383
  -7.019 -15.504 -15.755
  -7.014 -16.297 -16.297
  -7.009 -16.102 -16.297
  -7.005 -15.512 -15.989
  -7.000 -15.880 -16.173
  -6.995 -15.310 -15.706
  -6.991 -15.665 -15.852
  -6.986 -15.758 -15.758
  -6.982 -16.177 -16.692
  -6.978 -15.765 -16.218
  -6.973 -15.978 -15.978
  -6.969 -15.563 -16.081
  -6.965 -16.683 -16.877
  -6.961 -16.361 -16.598
  -6.956 -16.032 -16.227
  -6.952 -14.689 -16.265
  -6.948 -16.104 -16.282
  -6.944 -16.464 -17.091
  -6.940 -16.171 -16.171
  -6.936 -15.889 -15.889
  -6.932 -16.816 -17.085
  -6.928 -16.463 -16.463
  -6.924 -16.356 -16.551
  -6.920 -16.657 -21.933
  -6.917 -16.461 -16.657
  -6.913 -16.098 -16.315
  -6.909 -16.216 -16.421
  -6.905 -23.233 -23.233
  -6.902 -16.418 -16.685
  -6.898 -15.928 -15.928
  -6.894 -16.353 -16.697
  -6.891 -15.945 -16.441
  -6.887 -49.500     NaN
  -6.884 -15.761 -15.995
  -6.880 -16.173 -16.436
  -6.877 -16.225 -49.500
  -6.873 -16.546 -49.500
  -6.870 -16.993 -49.500
  -6.867 -16.974 -49.500
  -6.863 -16.394 -16.641
  -6.860 -16.465 -16.725
  -6.857 -15.432 -16.169
  -6.853 -16.223 -16.223
  -6.850 -16.129 -49.500
  -6.847 -49.500 -49.500
  -6.844 -16.527 -17.046
  -6.840 -49.500 -49.500
  -6.837 -17.248 -49.500
  -6.834 -14.999 -49.500
  -6.831 -15.863 -49.500
  -6.828 -15.373 -16.976
  -6.825 -16.684 -49.500
  -6.822 -16.029 -49.500
  -6.819 -15.813 -16.930
  -6.816 -17.094 -49.500
  -6.813 -15.882 -16.063
  -6.810 -16.459 -49.500
  -6.807 -16.240 -49.500
  -6.804 -14.849 -16.361
  -6.801 -49.500     NaN
  -6.798 -49.500     NaN
  -6.795 -16.393 -16.752
  -6.792 -16.261 -16.477
  -6.789 -15.522 -49.500
  -6.787 -16.226 -16.878
  -6.784 -15.868 -49.500
  -6.781 -16.311 -49.500
  -6.778 -49.500     NaN
  -6.775 -49.500     NaN
  -6.773 -49.500     NaN
  -6.770 -16.490 -17.074
  -6.767 -16.012 -16.411
  -6.765 -49.500     NaN
  -6.762 -15.714 -16.098
  -6.759 -16.625 -49.500
  -6.757 -49.500     NaN
  -6.754 -15.897 -15.897
  -6.751 -49.500 -49.500
  -6.749 -15.869 -49.500
  -6.746 -49.500     NaN
  -6.744 -49.500     NaN
  -6.741 -16.721 -49.500
  -6.739 -16.611 -16.611
  -6.736 -15.951 -49.500
  -6.734 -49.500     NaN
  -6.731 -49.500     NaN
  -6.729 -49.500     NaN
  -6.726 -16.072 -16.072
  -6.724 -49.500     NaN
  -6.721 -15.721 -15.908
  -6.719 -49.500     NaN
  -6.717 -16.740 -16.740
  -6.714 -49.500 -49.500
  -6.712 -49.500     NaN
  -6.709 -15.644 -15.644
  -6.707 -15.404 -49.500
  -6.705 -14.857 -49.500
  -6.702 -49.500     NaN
  -6.700 -15.867 -49.500
  -6.698 -49.500 -49.500
  -6.696 -49.500 -49.500
  -6.693 -49.500     NaN
  -6.691 -49.500 -49.500
  -6.689 -16.418 -16.418
  -6.687 -49.500 -49.500
  -6.684 -49.500 -49.500
  -6.682 -49.500     NaN
  -6.680 -49.500 -49.500
  -6.678 -49.500     NaN
  -6.675 -49.500 -49.500
  -6.673 -49.500     NaN
  -6.671 -49.500     NaN
  -6.669 -49.500 -49.500
  -6.667 -15.960 -15.960
  -6.665 -16.115 -16.115
  -6.663 -49.500     NaN
  -6.661 -15.850 -15.850
  -6.658 -16.537 -49.500
  -6.656 -49.500     NaN
  -6.654 -49.500 -49.500
  -6.652 -49.500     NaN
  -6.650 -16.113 -16.113
  -6.648 -15.998 -49.500
  -6.646 -49.500 -49.500
  -6.644 -49.500 -49.500
  -6.642 -15.834 -15.834
  -6.640 -49.500 -49.500
  -6.638 -49.500 -49.500
  -6.636 -49.500 -49.500
  -6.634 -49.500     NaN
  -6.632 -49.500 -49.500
  -6.630 -49.500     NaN
  -6.628 -49.500 -49.500
  -6.626 -49.500 -49.500
  -6.624 -49.500 -49.500
  -6.622 -49.500 -49.500
  -6.620 -15.673 -15.673
  -6.618 -49.500 -49.500
  -6.617 -49.500 -49.500
  -6.615 -49.500 -49.500
  -6.613 -16.377 -16.377
  -6.611 -49.500 -49.500
  -6.609 -49.500 -49.500
  -6.607 -49.500 -49.500
  -6.605 -16.973 -49.500
  -6.603 -49.500 -49.500
  -6.602 -49.500 -49.500
  -6.600 -49.500 -49.500
  -6.598 -49.500 -49.500
  -6.596 -16.216 -49.500
  -6.594 -49.500     NaN
