  -8.861 -14.151 -14.151
  -8.599 -14.258 -14.258
  -8.442 -14.301 -14.301
  -8.329 -14.383 -14.383
  -8.239 -14.427 -14.427
  -8.166 -14.440 -14.440
  -8.103 -14.464 -14.464
  -8.048 -14.538 -14.538
  -7.999 -14.560 -14.560
  -7.955 -14.526 -14.526
  -7.916 -14.678 -14.678
  -7.879 -14.746 -14.746
  -7.846 -14.681 -14.681
  -7.815 -14.788 -14.788
  -7.786 -14.680 -14.680
  -7.758 -14.897 -14.897
  -7.733 -14.696 -14.696
  -7.709 -14.900 -14.900
  -7.686 -14.959 -14.959
  -7.664 -14.848 -14.848
  -7.643 -14.872 -14.872
  -7.624 -14.672 -14.970
  -7.605 -15.093 -15.093
  -7.586 -14.756 -15.042
  -7.569 -14.834 -14.834
  -7.552 -14.838 -15.037
  -7.536 -14.990 -14.990
  -7.521 -15.075 -15.075
  -7.506 -15.077 -15.077
  -7.491 -15.027 -15.185
  -7.477 -14.969 -15.137
  -7.464 -15.288 -15.288
  -7.451 -15.181 -15.181
  -7.438 -14.872 -14.872
  -7.425 -15.199 -15.199
  -7.413 -15.265 -15.265
  -7.401 -14.978 -14.978
  -7.390 -15.216 -15.216
  -7.379 -13.897 -14.988
  -7.368 -15.131 -15.131
  -7.357 -14.891 -15.089
  -7.347 -15.316 -15.316
  -7.337 -15.159 -15.159
  -7.327 -15.554 -15.554
  -7.317 -15.497 -15.497
  -7.308 -15.323 -15.323
  -7.299 -15.133 -15.398
  -7.290 -15.280 -15.280
  -7.281 -14.601 -15.372
  -7.272 -14.947 -15.290
  -7.264 -15.469 -15.469
  -7.255 -15.471 -15.629
  -7.247 -15.429 -15.659
  -7.239 -15.430 -15.430
  -7.231 -15.606 -15.606
  -7.223 -15.073 -15.073
  -7.216 -15.183 -15.542
  -7.208 -15.661 -15.661
  -7.201 -15.788 -15.788
  -7.194 -15.539 -15.539
  -7.187 -15.347 -15.347
  -7.180 -15.439 -15.772
  -7.173 -15.425 -15.676
  -7.166 -15.816 -15.816
  -7.159 -15.837 -16.058
  -7.153 -15.528 -15.909
  -7.146 -15.277 -15.431
  -7.140 -15.407 -15.622
  -7.133 -15.721 -15.721
  -7.127 -15.314 -16.376
  -7.121 -15.750 -15.902
  -7.115 -15.121 -15.600
  -7.109 -15.720 -15.887
  -7.103 -15.394 -15.394
  -7.098 -16.102 -16.296
  -7.092 -15.379 -16.079
  -7.086 -15.987 -15.987
  -7.081 -16.020 -16.020
  -7.075 -14.938 -15.450
  -7.070 -15.509 -15.925
  -7.064 -15.710 -15.911
  -7.059 -16.068 -16.239
  -7.054 -16.157 -16.157
  -7.049 -15.071 -15.644
  -7.043 -16.520 -16.520
  -7.038 -15.185 -15.459
  -7.033 -15.907 -16.081
  -7.029 -15.910 -15.910
  -7.024 -15.314 -15.814
  -7.019 -15.817 -15.970
  -7.014 -15.932 -15.932
  -7.009 -15.650 -15.904
  -7.005 -15.865 -15.865
  -7.000 -15.805 -16.144
  -6.995 -16.145 -16.334
  -6.991 -16.031 -16.261
  -6.986 -16.034 -16.571
  -6.982 -16.222 -16.438
  -6.978 -16.212 -16.555
  -6.973 -15.600 -16.000
  -6.969 -15.598 -15.960
  -6.965 -16.074 -16.446
  -6.961 -16.458 -16.813
  -6.956 -15.670 -16.345
  -6.952 -15.991 -15.991
  -6.948 -16.362 -16.643
  -6.944 -15.784 -15.784
  -6.940 -16.011 -16.011
  -6.936 -16.403 -16.710
  -6.932 -15.486 -16.374
  -6.928 -16.029 -16.400
  -6.924 -15.919 -16.102
  -6.920 -15.276 -15.910
  -6.917 -15.763 -16.134
  -6.913 -16.200 -16.200
  -6.909 -15.148 -16.297
  -6.905 -16.169 -16.571
  -6.902 -16.358 -49.500
  -6.898 -16.425 -16.852
  -6.894 -16.073 -21.746
  -6.891 -16.516 -49.500
  -6.887 -15.998 -22.211
  -6.884 -15.649 -49.500
  -6.880 -49.500     NaN
  -6.877 -16.032 -16.032
  -6.873 -15.835 -16.360
  -6.870 -15.731 -16.715
  -6.867 -16.280 -16.609
  -6.863 -16.476 -49.500
  -6.860 -16.185 -16.185
  -6.857 -16.238 -16.541
  -6.853 -49.500 -49.500
  -6.850 -16.519 -16.519
  -6.847 -16.207 -16.444
  -6.844 -15.872 -16.340
  -6.840 -16.558 -16.805
  -6.837 -49.500     NaN
  -6.834 -15.704 -15.905
  -6.831 -15.947 -16.166
  -6.828 -49.500 -49.500
  -6.825 -16.766 -49.500
  -6.822 -15.923 -16.550
  -6.819 -49.500     NaN
  -6.816 -16.603 -17.195
  -6.813 -16.376 -49.500
  -6.810 -16.006 -49.500
  -6.807 -15.461 -15.461
  -6.804 -16.612 -49.500
  -6.801 -49.500     NaN
  -6.798 -15.413 -15.413
  -6.795 -16.389 -49.500
  -6.792 -16.870 -49.500
  -6.789 -16.760 -49.500
  -6.787 -49.500     NaN
  -6.784 -49.500     NaN
  -6.781 -15.674 -15.841
  -6.778 -49.500     NaN
  -6.775 -49.500     NaN
  -6.773 -49.500     NaN
  -6.770 -16.228 -16.228
  -6.767 -16.820 -49.500
  -6.765 -16.552 -49.500
  -6.762 -15.921 -16.242
  -6.759 -49.500 -49.500
  -6.757 -49.500 -49.500
  -6.754 -49.500     NaN
  -6.751 -15.551 -15.551
  -6.749 -15.711 -49.500
  -6.746 -16.667 -49.500
  -6.744 -49.500     NaN
  -6.741 -49.500     NaN
  -6.739 -49.500     NaN
  -6.736 -16.376 -49.500
  -6.734 -49.500     NaN
  -6.731 -49.500     NaN
  -6.729 -49.500     NaN
  -6.726 -15.669 -49.500
  -6.724 -49.500 -49.500
  -6.721 -16.275 -49.500
  -6.719 -49.500     NaN
  -6.717 -16.854 -49.500
  -6.714 -16.158 -49.500
  -6.712 -49.500 -49.500
  -6.709 -16.609 -16.866
  -6.707 -16.121 -16.121
  -6.705 -16.641 -49.500
  -6.702 -49.500 -49.500
  -6.700 -49.500 -49.500
  -6.698 -49.500 -49.500
  -6.696 -15.969 -49.500
  -6.693 -49.500 -49.500
  -6.691 -15.889 -15.889
  -6.689 -16.055 -16.705
  -6.687 -16.564 -49.500
  -6.684 -49.500     NaN
  -6.682 -49.500 -49.500
  -6.680 -49.500 -49.500
  -6.678 -16.120 -49.500
  -6.675 -15.979 -49.500
  -6.673 -49.500 -49.500
  -6.671 -49.500 -49.500
  -6.669 -49.500 -49.500
  -6.667 -15.755 -15.755
  -6.665 -49.500 -49.500
  -6.663 -15.263 -49.500
  -6.661 -15.687 -49.500
  -6.658 -49.500 -49.500
  -6.656 -49.500 -49.500
  -6.654 -16.449 -49.500
  -6.652 -14.802 -16.424
  -6.650 -49.500 -49.500
  -6.648 -49.500 -49.500
  -6.646 -49.500 -49.500
  -6.644 -49.500 -49.500
  -6.642 -49.500     NaN
  -6.640 -49.500 -49.500
  -6.638 -16.186 -49.500
  -6.636 -49.500 -49.500
  -6.634 -49.500 -49.500
  -6.632 -16.363 -16.363
  -6.630 -49.500     NaN
  -6.628 -49.500 -49.500
  -6.626 -49.500 -49.500
  -6.624 -49.500 -49.500
  -6.622 -49.500 -49.500
  -6.620 -49.500 -49.500
  -6.618 -49.500 -49.500
  -6.617 -49.500     NaN
  -6.615 -49.500     NaN
  -6.613 -49.500 -49.500
  -6.611 -49.500 -49.500
  -6.609 -49.500 -49.500
  -6.607 -49.500 -49.500
  -6.605 -49.500 -49.500
  -6.603 -16.199 -16.199
  -6.602 -49.500 -49.500
  -6.600 -49.500 -49.500
  -6.598 -15.887 -49.500
  -6.596 -49.500 -49.500
  -6.594 -15.486 -49.500
