  -8.861 -14.160 -14.160
  -8.599 -14.251 -14.251
  -8.442 -14.312 -14.312
  -8.329 -14.365 -14.365
  -8.239 -14.409 -14.409
  -8.166 -14.415 -14.415
  -8.103 -14.359 -14.548
  -8.048 -14.382 -14.382
  -7.999 -14.506 -14.506
  -7.955 -14.508 -14.508
  -7.916 -14.745 -14.745
  -7.879 -14.688 -14.688
  -7.846 -14.680 -14.680
  -7.815 -14.257 -14.818
  -7.786 -14.725 -14.878
  -7.758 -14.786 -14.786
  -7.733 -14.706 -14.706
  -7.709 -14.857 -14.857
  -7.686 -14.958 -14.958
  -7.664 -14.962 -14.962
  -7.643 -14.942 -14.942
  -7.624 -14.972 -14.972
  -7.605 -14.849 -14.849
  -7.586 -14.811 -15.005
  -7.569 -15.090 -15.090
  -7.552 -14.875 -15.117
  -7.536 -15.002 -15.002
  -7.521 -14.715 -14.955
  -7.506 -15.013 -15.013
  -7.491 -15.168 -15.168
  -7.477 -14.877 -15.188
  -7.464 -14.880 -15.075
  -7.451 -15.086 -15.086
  -7.438 -15.113 -15.113
  -7.425 -15.073 -15.352
  -7.413 -15.196 -15.380
  -7.401 -14.880 -15.159
  -7.390 -15.263 -15.263
  -7.379 -14.876 -15.251
  -7.368 -15.705 -15.705
  -7.357 -15.456 -15.456
  -7.347 -15.311 -15.311
  -7.337 -15.124 -15.124
  -7.327 -15.034 -15.305
  -7.317 -15.241 -15.241
  -7.308 -15.425 -15.578
  -7.299 -15.172 -15.172
  -7.290 -15.786 -15.786
  -7.281 -15.549 -15.549
  -7.272 -15.065 -15.486
  -7.264 -15.765 -15.765
  -7.255 -15.384 -15.552
  -7.247 -15.390 -15.594
  -7.239 -15.508 -15.772
  -7.231 -15.256 -15.704
  -7.223 -15.776 -15.776
  -7.216 -15.553 -15.907
  -7.208 -14.992 -15.166
  -7.201 -15.033 -15.033
  -7.194 -15.593 -15.593
  -7.187 -15.257 -15.257
  -7.180 -14.845 -15.700
  -7.173 -15.711 -15.711
  -7.166 -15.291 -15.898
  -7.159 -15.773 -15.773
  -7.153 -15.753 -15.753
  -7.146 -14.902 -15.365
  -7.140 -15.497 -15.731
  -7.133 -15.564 -15.741
  -7.127 -15.845 -16.331
  -7.121 -15.653 -15.653
  -7.115 -16.031 -16.190
  -7.109 -16.033 -16.033
  -7.103 -15.864 -16.180
  -7.098 -15.806 -15.806
  -7.092 -16.003 -16.003
  -7.086 -15.491 -15.491
  -7.081 -16.110 -16.110
  -7.075 -15.432 -15.864
  -7.070 -15.824 -16.055
  -7.064 -15.909 -15.909
  -7.059 -15.971 -15.971
  -7.054 -15.644 -16.179
  -7.049 -15.726 -15.890
  -7.043 -15.859 -16.025
  -7.038 -15.889 -16.057
  -7.033 -15.921 -16.127
  -7.029 -16.236 -16.236
  -7.024 -15.190 -15.766
  -7.019 -16.457 -16.654
  -7.014 -16.087 -16.376
  -7.009 -15.906 -15.906
  -7.005 -15.999 -15.999
  -7.000 -15.238 -17.053
  -6.995 -15.516 -15.808
  -6.991 -16.134 -16.134
  -6.986 -16.104 -16.454
  -6.982 -15.723 -16.097
  -6.978 -16.413 -22.003
  -6.973 -15.732 -15.913
  -6.969 -16.448 -16.600
  -6.965 -16.122 -16.462
  -6.961 -15.854 -16.330
  -6.956 -16.226 -16.533
  -6.952 -15.317 -15.759
  -6.948 -16.136 -16.136
  -6.944 -15.593 -16.078
  -6.940 -15.199 -15.661
  -6.936 -15.686 -16.237
  -6.932 -16.022 -16.213
  -6.928 -15.883 -15.883
  -6.924 -15.531 -16.049
  -6.920 -16.122 -16.538
  -6.917 -16.386 -16.653
  -6.913 -15.096 -16.857
  -6.909 -49.500 -49.500
  -6.905 -15.701 -16.707
  -6.902 -15.918 -16.830
  -6.898 -16.497 -16.761
  -6.894 -15.968 -16.681
  -6.891 -15.919 -16.121
  -6.887 -16.322 -16.678
  -6.884 -16.200 -16.200
  -6.880 -16.810 -16.810
  -6.877 -16.297 -16.650
  -6.873 -49.500     NaN
  -6.870 -16.981 -49.500
  -6.867 -15.619 -16.196
  -6.863 -49.500     NaN
  -6.860 -49.500     NaN
  -6.857 -16.027 -16.357
  -6.853 -15.832 -15.832
  -6.850 -16.388 -16.636
  -6.847 -16.052 -16.316
  -6.844 -15.630 -16.486
  -6.840 -15.411 -16.598
  -6.837 -15.918 -16.231
  -6.834 -15.568 -16.063
  -6.831 -49.500 -49.500
  -6.828 -16.165 -17.099
  -6.825 -49.500     NaN
  -6.822 -16.725 -16.902
  -6.819 -16.108 -49.500
  -6.816 -49.500     NaN
  -6.813 -15.724 -16.159
  -6.810 -16.216 -16.720
  -6.807 -49.500     NaN
  -6.804 -16.241 -16.558
  -6.801 -16.651 -49.500
  -6.798 -15.923 -16.613
  -6.795 -16.332 -49.500
  -6.792 -15.815 -16.708
  -6.789 -16.285 -49.500
  -6.787 -16.216 -16.772
  -6.784 -16.498 -49.500
  -6.781 -49.500     NaN
  -6.778 -15.701 -49.500
  -6.775 -16.657 -49.500
  -6.773 -49.500     NaN
  -6.770 -15.339 -49.500
  -6.767 -49.500 -49.500
  -6.765 -49.500     NaN
  -6.762 -16.894 -16.894
  -6.759 -15.742 -15.938
  -6.757 -16.283 -16.709
  -6.754 -49.500     NaN
  -6.751 -49.500 -49.500
  -6.749 -16.751 -49.500
  -6.746 -49.500     NaN
  -6.744 -49.500 -49.500
  -6.741 -16.290 -16.528
  -6.739 -49.500 -49.500
  -6.736 -15.706 -49.500
  -6.734 -16.661 -49.500
  -6.731 -49.500 -49.500
  -6.729 -16.911 -49.500
  -6.726 -16.028 -16.187
  -6.724 -49.500     NaN
  -6.721 -49.500 -49.500
  -6.719 -16.050 -49.500
  -6.717 -49.500     NaN
  -6.714 -15.601 -15.601
  -6.712 -15.729 -15.986
  -6.709 -49.500     NaN
  -6.707 -15.859 -15.859
  -6.705 -49.500     NaN
  -6.702 -16.354 -49.500
  -6.700 -49.500     NaN
  -6.698 -16.345 -49.500
  -6.696 -49.500     NaN
  -6.693 -49.500 -49.500
  -6.691 -49.500 -49.500
  -6.689 -49.500 -49.500
  -6.687 -15.778 -15.778
  -6.684 -16.362 -16.362
  -6.682 -16.693 -49.500
  -6.680 -49.500 -49.500
  -6.678 -16.757 -49.500
  -6.675 -15.745 -15.939
  -6.673 -49.500     NaN
  -6.671 -49.500     NaN
  -6.669 -49.500 -49.500
  -6.667 -16.165 -16.165
  -6.665 -49.500 -49.500
  -6.663 -16.591 -16.591
  -6.661 -49.500     NaN
  -6.658 -49.500 -49.500
  -6.656 -49.500 -49.500
  -6.654 -49.500     NaN
  -6.652 -49.500 -49.500
  -6.650 -49.500     NaN
  -6.648 -16.526 -16.526
  -6.646 -49.500 -49.500
  -6.644 -49.500 -49.500
  -6.642 -49.500     NaN
  -6.640 -16.637 -16.637
  -6.638 -49.500 -49.500
  -6.636 -49.500 -49.500
  -6.634 -49.500     NaN
  -6.632 -16.447 -49.500
  -6.630 -49.500 -49.500
  -6.628 -49.500     NaN
  -6.626 -49.500 -49.500
  -6.624 -49.500 -49.500
  -6.622 -49.500 -49.500
  -6.620 -49.500     NaN
  -6.618 -49.500 -49.500
  -6.617 -49.500 -49.500
  -6.615 -49.500 -49.500
  -6.613 -49.500 -49.500
  -6.611 -49.500 -49.500
  -6.609 -49.500 -49.500
  -6.607 -49.500 -49.500
  -6.605 -49.500     NaN
  -6.603 -49.500 -49.500
  -6.602 -49.500 -49.500
  -6.600 -49.500 -49.500
  -6.598 -49.500 -49.500
  -6.596 -49.500 -49.500
  -6.594 -49.500 -49.500
