  -8.861 -14.169 -14.169
  -8.599 -14.254 -14.254
  -8.442 -14.320 -14.320
  -8.329 -14.378 -14.378
  -8.239 -14.451 -14.451
  -8.166 -14.499 -14.499
  -8.103 -14.550 -14.550
  -8.048 -14.518 -14.518
  -7.999 -14.607 -14.607
  -7.955 -14.608 -14.608
  -7.916 -14.591 -14.591
  -7.879 -14.661 -14.661
  -7.846 -14.691 -14.691
  -7.815 -14.666 -14.666
  -7.786 -14.458 -14.712
  -7.758 -14.771 -14.771
  -7.733 -14.708 -14.708
  -7.709 -14.934 -14.934
  -7.686 -14.729 -14.729
  -7.664 -14.870 -14.870
  -7.643 -15.031 -15.031
  -7.624 -14.877 -14.877
  -7.605 -14.906 -14.906
  -7.586 -14.998 -14.998
  -7.569 -14.539 -14.697
  -7.552 -14.955 -15.168
  -7.536 -15.149 -15.149
  -7.521 -14.842 -14.842
  -7.506 -15.204 -15.204
  -7.491 -14.888 -15.054
  -7.477 -15.013 -15.209
  -7.464 -15.026 -15.314
  -7.451 -15.197 -15.197
  -7.438 -15.076 -15.271
  -7.425 -15.361 -15.361
  -7.413 -15.198 -15.198
  -7.401 -14.992 -15.291
  -7.390 -15.073 -15.073
  -7.379 -14.787 -15.044
  -7.368 -15.011 -15.172
  -7.357 -15.270 -15.507
  -7.347 -15.278 -15.278
  -7.337 -15.621 -15.621
  -7.327 -15.700 -15.700
  -7.317 -15.498 -15.498
  -7.308 -15.364 -15.364
  -7.299 -15.470 -15.470
  -7.290 -15.405 -15.405
  -7.281 -15.340 -15.340
  -7.272 -15.165 -15.417
  -7.264 -15.407 -15.407
  -7.255 -14.997 -15.717
  -7.247 -15.456 -15.456
  -7.239 -15.350 -15.350
  -7.231 -14.995 -15.660
  -7.223 -15.438 -15.438
  -7.216 -15.508 -15.828
  -7.208 -15.219 -15.775
  -7.201 -15.308 -15.308
  -7.194 -15.876 -15.876
  -7.187 -15.625 -15.625
  -7.180 -15.461 -15.631
  -7.173 -15.213 -15.630
  -7.166 -15.819 -15.819
  -7.159 -15.075 -15.245
  -7.153 -15.706 -15.926
  -7.146 -15.836 -16.042
  -7.140 -15.992 -15.992
  -7.133 -14.767 -15.548
  -7.127 -15.405 -15.642
  -7.121 -15.525 -15.737
  -7.115 -15.493 -15.769
  -7.109 -15.431 -15.630
  -7.103 -15.674 -15.674
  -7.098 -15.686 -15.937
  -7.092 -15.914 -15.914
  -7.086 -15.731 -15.731
  -7.081 -15.785 -15.961
  -7.075 -15.780 -15.780
  -7.070 -15.417 -15.417
  -7.064 -15.798 -16.001
  -7.059 -15.731 -15.731
  -7.054 -15.796 -16.375
  -7.049 -15.977 -15.977
  -7.043 -15.857 -16.013
  -7.038 -15.772 -15.949
  -7.033 -15.537 -16.031
  -7.029 -15.245 -15.637
  -7.024 -15.037 -15.210
  -7.019 -15.604 -15.604
  -7.014 -15.880 -16.098
  -7.009 -15.563 -16.122
  -7.005 -16.341 -16.893
  -7.000 -15.803 -16.310
  -6.995 -15.904 -16.146
  -6.991 -16.461 -16.461
  -6.986 -15.293 -16.539
  -6.982 -16.013 -16.013
  -6.978 -16.907 -17.293
  -6.973 -15.860 -15.860
  -6.969 -15.891 -16.266
  -6.965 -16.398 -16.398
  -6.961 -15.329 -16.027
  -6.956 -15.879 -15.879
  -6.952 -16.447 -16.763
  -6.948 -15.504 -16.732
  -6.944 -15.513 -16.617
  -6.940 -15.388 -16.029
  -6.936 -15.819 -15.998
  -6.932 -16.309 -49.500
  -6.928 -15.232 -15.671
  -6.924 -15.701 -15.923
  -6.920 -16.247 -16.478
  -6.917 -16.335 -17.450
  -6.913 -15.854 -16.051
  -6.909 -49.500 -49.500
  -6.905 -16.392 -16.566
  -6.902 -15.896 -16.458
  -6.898 -16.001 -16.638
  -6.894 -16.457 -16.694
  -6.891 -15.354 -17.223
  -6.887 -16.473 -22.294
  -6.884 -16.373 -16.746
  -6.880 -16.675 -16.675
  -6.877 -14.994 -15.831
  -6.873 -16.431 -49.500
  -6.870 -15.338 -16.177
  -6.867 -16.599 -49.500
  -6.863 -15.938 -16.142
  -6.860 -15.811 -49.500
  -6.857 -15.464 -16.752
  -6.853 -16.368 -16.523
  -6.850 -15.595 -16.448
  -6.847 -49.500     NaN
  -6.844 -15.719 -16.145
  -6.840 -16.554 -16.554
  -6.837 -49.500     NaN
  -6.834 -49.500     NaN
  -6.831 -16.024 -16.246
  -6.828 -16.553 -17.109
  -6.825 -15.397 -16.630
  -6.822 -16.487 -49.500
  -6.819 -15.763 -16.402
  -6.816 -49.500     NaN
  -6.813 -16.290 -16.600
  -6.810 -49.500     NaN
  -6.807 -15.854 -15.854
  -6.804 -16.366 -49.500
  -6.801 -15.211 -16.258
  -6.798 -49.500 -49.500
  -6.795 -15.548 -49.500
  -6.792 -49.500     NaN
  -6.789 -15.346 -49.500
  -6.787 -49.500     NaN
  -6.784 -49.500     NaN
  -6.781 -16.179 -49.500
  -6.778 -15.290 -16.491
  -6.775 -16.849 -16.849
  -6.773 -15.698 -49.500
  -6.770 -49.500     NaN
  -6.767 -49.500     NaN
  -6.765 -16.085 -16.396
  -6.762 -16.084 -49.500
  -6.759 -49.500     NaN
  -6.757 -16.218 -49.500
  -6.754 -49.500     NaN
  -6.751 -16.375 -16.649
  -6.749 -16.892 -49.500
  -6.746 -16.221 -49.500
  -6.744 -15.196 -49.500
  -6.741 -49.500     NaN
  -6.739 -15.845 -49.500
  -6.736 -16.978 -49.500
  -6.734 -15.935 -15.935
  -6.731 -16.123 -49.500
  -6.729 -49.500     NaN
  -6.726 -15.938 -16.735
  -6.724 -16.710 -16.710
  -6.721 -16.805 -16.805
  -6.719 -16.287 -16.657
  -6.717 -16.711 -49.500
  -6.714 -15.487 -49.500
  -6.712 -16.487 -16.487
  -6.709 -15.880 -49.500
  -6.707 -49.500     NaN
  -6.705 -49.500 -49.500
  -6.702 -49.500     NaN
  -6.700 -15.595 -15.595
  -6.698 -16.044 -49.500
  -6.696 -14.897 -49.500
  -6.693 -15.534 -49.500
  -6.691 -49.500     NaN
  -6.689 -49.500     NaN
  -6.687 -49.500 -49.500
  -6.684 -49.500     NaN
  -6.682 -17.073 -17.073
  -6.680 -49.500     NaN
  -6.678 -49.500 -49.500
  -6.675 -49.500 -49.500
  -6.673 -15.679 -49.500
  -6.671 -16.713 -49.500
  -6.669 -16.633 -49.500
  -6.667 -49.500 -49.500
  -6.665 -49.500 -49.500
  -6.663 -49.500 -49.500
  -6.661 -49.500 -49.500
  -6.658 -49.500 -49.500
  -6.656 -49.500 -49.500
  -6.654 -49.500 -49.500
  -6.652 -16.350 -16.350
  -6.650 -49.500 -49.500
  -6.648 -49.500     NaN
  -6.646 -49.500 -49.500
  -6.644 -49.500 -49.500
  -6.642 -49.500     NaN
  -6.640 -49.500 -49.500
  -6.638 -49.500 -49.500
  -6.636 -49.500 -49.500
  -6.634 -15.601 -16.976
  -6.632 -49.500 -49.500
  -6.630 -49.500 -49.500
  -6.628 -49.500     NaN
  -6.626 -49.500 -49.500
  -6.624 -49.500 -49.500
  -6.622 -49.500 -49.500
  -6.620 -49.500 -49.500
  -6.618 -49.500     NaN
  -6.617 -49.500 -49.500
  -6.615 -49.500 -49.500
  -6.613 -49.500 -49.500
  -6.611 -49.500 -49.500
  -6.609 -49.500     NaN
  -6.607 -49.500 -49.500
  -6.605 -49.500 -49.500
  -6.603 -49.500 -49.500
  -6.602 -49.500 -49.500
  -6.600 -49.500 -49.500
  -6.598 -49.500 -49.500
  -6.596 -15.841 -15.841
  -6.594 -49.500 -49.500
