  -8.861 -14.175 -14.175
  -8.599 -14.257 -14.257
  -8.442 -14.301 -14.301
  -8.329 -14.357 -14.357
  -8.239 -14.449 -14.449
  -8.166 -14.490 -14.490
  -8.103 -14.503 -14.503
  -8.048 -14.510 -14.510
  -7.999 -14.583 -14.583
  -7.955 -14.568 -14.568
  -7.916 -14.655 -14.655
  -7.879 -14.707 -14.707
  -7.846 -14.342 -14.533
  -7.815 -14.691 -14.691
  -7.786 -14.812 -14.812
  -7.758 -14.784 -14.784
  -7.733 -14.845 -14.845
  -7.709 -14.749 -14.749
  -7.686 -14.734 -14.734
  -7.664 -14.988 -14.988
  -7.643 -14.839 -14.839
  -7.624 -15.057 -15.057
  -7.605 -15.067 -15.067
  -7.586 -14.823 -15.054
  -7.569 -14.768 -14.768
  -7.552 -14.841 -14.841
  -7.536 -15.103 -15.103
  -7.521 -14.990 -14.990
  -7.506 -14.336 -15.085
  -7.491 -15.317 -15.317
  -7.477 -15.025 -15.226
  -7.464 -15.249 -15.249
  -7.451 -15.231 -15.231
  -7.438 -15.372 -15.372
  -7.425 -15.293 -15.293
  -7.413 -15.182 -15.182
  -7.401 -15.201 -15.201
  -7.390 -15.063 -15.216
  -7.379 -14.891 -15.246
  -7.368 -15.133 -15.133
  -7.357 -15.422 -15.422
  -7.347 -15.323 -15.323
  -7.337 -15.551 -15.551
  -7.327 -15.178 -15.178
  -7.317 -14.963 -15.144
  -7.308 -15.420 -15.420
  -7.299 -14.976 -15.260
  -7.290 -15.345 -15.345
  -7.281 -15.700 -15.700
  -7.272 -15.370 -15.677
  -7.264 -15.115 -15.493
  -7.255 -15.667 -15.667
  -7.247 -15.206 -15.378
  -7.239 -15.448 -15.632
  -7.231 -14.963 -15.506
  -7.223 -15.666 -15.666
  -7.216 -15.103 -15.396
  -7.208 -15.797 -15.797
  -7.201 -15.546 -15.546
  -7.194 -15.330 -15.330
  -7.187 -15.620 -15.620
  -7.180 -15.280 -15.693
  -7.173 -15.567 -15.567
  -7.166 -15.439 -15.899
  -7.159 -14.874 -15.660
  -7.153 -14.742 -15.575
  -7.146 -15.201 -15.201
  -7.140 -15.289 -15.457
  -7.133 -15.537 -15.700
  -7.127 -15.573 -15.573
  -7.121 -15.131 -15.407
  -7.115 -15.761 -15.761
  -7.109 -16.090 -16.090
  -7.103 -15.348 -15.546
  -7.098 -15.397 -15.591
  -7.092 -15.566 -16.106
  -7.086 -15.953 -15.953
  -7.081 -15.445 -15.939
  -7.075 -15.750 -15.750
  -7.070 -15.571 -15.823
  -7.064 -15.862 -16.128
  -7.059 -15.676 -15.676
  -7.054 -15.656 -15.949
  -7.049 -15.833 -16.236
  -7.043 -15.970 -16.169
  -7.038 -15.804 -16.036
  -7.033 -15.537 -16.157
  -7.029 -15.783 -15.783
  -7.024 -15.378 -15.773
  -7.019 -15.482 -15.891
  -7.014 -16.091 -16.091
  -7.009 -15.069 -16.355
  -7.005 -15.177 -15.690
  -7.000 -15.655 -15.655
  -6.995 -16.232 -16.393
  -6.991 -16.078 -16.262
  -6.986 -16.622 -16.879
  -6.982 -15.319 -15.319
  -6.978 -15.849 -16.014
  -6.973 -16.375 -16.375
  -6.969 -15.209 -15.879
  -6.965 -16.353 -16.353
  -6.961 -15.200 -15.786
  -6.956 -15.367 -15.367
  -6.952 -16.346 -17.092
  -6.948 -14.726 -15.732
  -6.944 -15.958 -16.123
  -6.940 -15.942 -16.139
  -6.936 -14.222 -15.360
  -6.932 -15.291 -15.902
  -6.928 -16.660 -16.921
  -6.924 -15.473 -16.339
  -6.920 -16.483 -16.483
  -6.917 -16.375 -49.500
  -6.913 -17.249 -49.500
  -6.909 -15.433 -15.596
  -6.905 -16.580 -22.360
  -6.902 -16.660 -49.500
  -6.898 -16.120 -16.475
  -6.894 -16.396 -16.761
  -6.891 -23.079 -23.079
  -6.887 -15.774 -16.209
  -6.884 -16.537 -16.537
  -6.880 -14.914 -16.810
  -6.877 -15.794 -16.291
  -6.873 -15.499 -16.411
  -6.870 -16.332 -49.500
  -6.867 -16.525 -49.500
  -6.863 -49.500     NaN
  -6.860 -16.223 -16.887
  -6.857 -16.428 -16.717
  -6.853 -16.588 -16.881
  -6.850 -15.850 -16.217
  -6.847 -16.026 -16.230
  -6.844 -16.195 -16.400
  -6.840 -16.934 -49.500
  -6.837 -15.778 -16.021
  -6.834 -15.872 -16.559
  -6.831 -16.290 -16.478
  -6.828 -49.500     NaN
  -6.825 -15.938 -15.938
  -6.822 -16.378 -16.651
  -6.819 -49.500     NaN
  -6.816 -49.500     NaN
  -6.813 -15.899 -16.404
  -6.810 -49.500     NaN
  -6.807 -16.078 -49.500
  -6.804 -15.894 -49.500
  -6.801 -49.500     NaN
  -6.798 -15.650 -15.807
  -6.795 -16.209 -49.500
  -6.792 -15.843 -49.500
  -6.789 -49.500     NaN
  -6.787 -15.983 -15.983
  -6.784 -49.500     NaN
  -6.781 -49.500     NaN
  -6.778 -16.357 -16.764
  -6.775 -13.919 -13.919
  -6.773 -15.633 -49.500
  -6.770 -15.959 -49.500
  -6.767 -49.500     NaN
  -6.765 -16.386 -49.500
  -6.762 -15.036 -15.995
  -6.759 -49.500 -49.500
  -6.757 -16.371 -17.070
  -6.754 -49.500     NaN
  -6.751 -49.500     NaN
  -6.749 -49.500 -49.500
  -6.746 -16.070 -16.619
  -6.744 -16.148 -16.148
  -6.741 -49.500 -49.500
  -6.739 -49.500 -49.500
  -6.736 -49.500 -49.500
  -6.734 -49.500 -49.500
  -6.731 -49.500     NaN
  -6.729 -17.093 -49.500
  -6.726 -16.337 -16.337
  -6.724 -49.500 -49.500
  -6.721 -49.500 -49.500
  -6.719 -16.373 -49.500
  -6.717 -49.500 -49.500
  -6.714 -16.753 -49.500
  -6.712 -16.627 -49.500
  -6.709 -16.287 -49.500
  -6.707 -15.857 -15.857
  -6.705 -49.500     NaN
  -6.702 -49.500     NaN
  -6.700 -49.500     NaN
  -6.698 -49.500 -49.500
  -6.696 -49.500 -49.500
  -6.693 -15.948 -49.500
  -6.691 -16.370 -49.500
  -6.689 -49.500 -49.500
  -6.687 -49.500 -49.500
  -6.684 -49.500 -49.500
  -6.682 -15.188 -49.500
  -6.680 -49.500 -49.500
  -6.678 -15.803 -49.500
  -6.675 -16.436 -49.500
  -6.673 -49.500 -49.500
  -6.671 -16.138 -49.500
  -6.669 -15.550 -15.861
  -6.667 -49.500     NaN
  -6.665 -49.500 -49.500
  -6.663 -49.500     NaN
  -6.661 -49.500 -49.500
  -6.658 -49.500 -49.500
  -6.656 -16.141 -16.141
  -6.654 -49.500 -49.500
  -6.652 -49.500 -49.500
  -6.650 -16.518 -16.518
  -6.648 -49.500     NaN
  -6.646 -49.500 -49.500
  -6.644 -16.554 -16.554
  -6.642 -16.404 -16.404
  -6.640 -49.500 -49.500
  -6.638 -15.624 -15.624
  -6.636 -16.139 -49.500
  -6.634 -49.500 -49.500
  -6.632 -49.500 -49.500
  -6.630 -49.500     NaN
  -6.628 -49.500 -49.500
  -6.626 -16.834 -49.500
  -6.624 -49.500 -49.500
  -6.622 -49.500     NaN
  -6.620 -16.914 -49.500
  -6.618 -49.500 -49.500
  -6.617 -49.500 -49.500
  -6.615 -49.500 -49.500
  -6.613 -49.500 -49.500
  -6.611 -49.500     NaN
  -6.609 -16.565 -16.565
  -6.607 -49.500 -49.500
  -6.605 -49.500 -49.500
  -6.603 -16.100 -16.100
  -6.602 -49.500     NaN
  -6.600 -49.500 -49.500
  -6.598 -49.500     NaN
  -6.596 -49.500 -49.500
  -6.594 -49.500     NaN
