  -8.861 -14.155 -14.155
  -8.599 -14.268 -14.268
  -8.442 -14.292 -14.292
  -8.329 -14.363 -14.363
  -8.239 -14.445 -14.445
  -8.166 -14.527 -14.527
  -8.103 -14.496 -14.496
  -8.048 -14.090 -14.545
  -7.999 -14.636 -14.636
  -7.955 -14.629 -14.629
  -7.916 -14.719 -14.719
  -7.879 -14.732 -14.732
  -7.846 -14.684 -14.684
  -7.815 -14.768 -14.768
  -7.786 -14.752 -14.752
  -7.758 -14.777 -14.777
  -7.733 -14.804 -14.804
  -7.709 -14.692 -14.905
  -7.686 -14.805 -14.805
  -7.664 -14.877 -14.877
  -7.643 -14.900 -14.900
  -7.624 -14.672 -14.947
  -7.605 -14.706 -14.886
  -7.586 -15.096 -15.096
  -7.569 -14.376 -15.017
  -7.552 -14.799 -15.059
  -7.536 -15.132 -15.132
  -7.521 -14.819 -14.819
  -7.506 -14.861 -15.070
  -7.491 -15.017 -15.187
  -7.477 -14.951 -15.315
  -7.464 -14.845 -15.102
  -7.451 -15.075 -15.075
  -7.438 -14.477 -14.990
  -7.425 -14.755 -15.109
  -7.413 -15.311 -15.542
  -7.401 -14.701 -14.966
  -7.390 -14.900 -15.282
  -7.379 -15.402 -15.402
  -7.368 -14.978 -15.442
  -7.357 -15.163 -15.163
  -7.347 -15.197 -15.359
  -7.337 -15.617 -15.617
  -7.327 -14.923 -15.186
  -7.317 -14.951 -15.314
  -7.308 -15.280 -15.440
  -7.299 -15.438 -15.705
  -7.290 -15.235 -15.412
  -7.281 -14.874 -14.874
  -7.272 -15.304 -15.461
  -7.264 -15.603 -15.603
  -7.255 -15.220 -15.425
  -7.247 -15.301 -15.672
  -7.239 -15.337 -15.337
  -7.231 -15.436 -15.436
  -7.223 -15.243 -15.465
  -7.216 -15.568 -15.568
  -7.208 -15.626 -15.626
  -7.201 -15.695 -15.695
  -7.194 -15.636 -15.636
  -7.187 -15.559 -15.942
  -7.180 -15.640 -15.640
  -7.173 -16.011 -16.011
  -7.166 -14.975 -15.694
  -7.159 -15.699 -15.699
  -7.153 -15.252 -15.831
  -7.146 -15.849 -16.016
  -7.140 -15.126 -15.723
  -7.133 -15.859 -15.859
  -7.127 -15.699 -15.699
  -7.121 -15.156 -15.712
  -7.115 -15.951 -15.951
  -7.109 -15.555 -16.109
  -7.103 -15.883 -15.883
  -7.098 -15.700 -15.700
  -7.092 -16.091 -16.091
  -7.086 -15.982 -16.150
  -7.081 -14.980 -15.183
  -7.075 -15.792 -16.330
  -7.070 -15.979 -15.979
  -7.064 -15.783 -15.783
  -7.059 -16.047 -16.047
  -7.054 -15.002 -15.653
  -7.049 -16.076 -16.076
  -7.043 -16.154 -16.154
  -7.038 -15.732 -16.205
  -7.033 -16.207 -16.207
  -7.029 -16.574 -16.574
  -7.024 -15.365 -15.365
  -7.019 -16.032 -16.289
  -7.014 -15.516 -15.516
  -7.009 -15.500 -15.904
  -7.005 -15.310 -15.618
  -7.000 -15.373 -16.186
  -6.995 -16.244 -16.244
  -6.991 -15.653 -15.987
  -6.986 -15.544 -16.182
  -6.982 -15.614 -16.125
  -6.978 -15.272 -15.570
  -6.973 -15.941 -16.094
  -6.969 -16.041 -16.221
  -6.965 -15.680 -16.128
  -6.961 -16.109 -16.618
  -6.956 -16.711 -16.903
  -6.952 -15.126 -15.668
  -6.948 -15.703 -16.418
  -6.944 -15.900 -16.057
  -6.940 -15.881 -16.071
  -6.936 -16.263 -49.500
  -6.932 -16.066 -16.994
  -6.928 -16.369 -17.040
  -6.924 -15.980 -16.133
  -6.920 -16.260 -49.500
  -6.917 -16.104 -16.104
  -6.913 -16.157 -17.143
  -6.909 -16.565 -16.765
  -6.905 -16.210 -22.000
  -6.902 -16.275 -16.960
  -6.898 -16.352 -16.654
  -6.894 -16.002 -16.247
  -6.891 -22.215 -22.215
  -6.887 -16.080 -16.399
  -6.884 -15.809 -16.338
  -6.880 -15.788 -15.955
  -6.877 -16.408 -16.853
  -6.873 -49.500     NaN
  -6.870 -15.886 -16.414
  -6.867 -15.819 -16.691
  -6.863 -15.520 -15.869
  -6.860 -16.296 -16.915
  -6.857 -15.727 -16.242
  -6.853 -15.694 -16.547
  -6.850 -16.730 -49.500
  -6.847 -16.696 -49.500
  -6.844 -49.500     NaN
  -6.840 -15.850 -49.500
  -6.837 -16.606 -49.500
  -6.834 -49.500     NaN
  -6.831 -16.021 -16.308
  -6.828 -14.649 -16.114
  -6.825 -15.895 -15.895
  -6.822 -16.629 -49.500
  -6.819 -16.487 -16.933
  -6.816 -16.200 -16.657
  -6.813 -49.500     NaN
  -6.810 -49.500     NaN
  -6.807 -15.778 -16.907
  -6.804 -16.490 -49.500
  -6.801 -15.209 -16.409
  -6.798 -16.385 -16.598
  -6.795 -15.789 -16.327
  -6.792 -15.370 -16.124
  -6.789 -16.622 -16.622
  -6.787 -16.021 -49.500
  -6.784 -49.500 -49.500
  -6.781 -16.216 -16.391
  -6.778 -49.500     NaN
  -6.775 -16.699 -49.500
  -6.773 -49.500     NaN
  -6.770 -15.268 -15.268
  -6.767 -16.001 -49.500
  -6.765 -49.500 -49.500
  -6.762 -49.500     NaN
  -6.759 -49.500     NaN
  -6.757 -17.029 -49.500
  -6.754 -16.116 -16.757
  -6.751 -49.500 -49.500
  -6.749 -49.500     NaN
  -6.746 -49.500 -49.500
  -6.744 -16.356 -16.356
  -6.741 -16.092 -49.500
  -6.739 -49.500 -49.500
  -6.736 -16.461 -16.461
  -6.734 -49.500     NaN
  -6.731 -16.602 -49.500
  -6.729 -15.948 -49.500
  -6.726 -49.500 -49.500
  -6.724 -49.500     NaN
  -6.721 -16.243 -49.500
  -6.719 -16.473 -49.500
  -6.717 -49.500 -49.500
  -6.714 -16.619 -49.500
  -6.712 -49.500     NaN
  -6.709 -49.500     NaN
  -6.707 -49.500     NaN
  -6.705 -15.312 -15.881
  -6.702 -49.500 -49.500
  -6.700 -15.624 -49.500
  -6.698 -49.500 -49.500
  -6.696 -49.500 -49.500
  -6.693 -15.714 -49.500
  -6.691 -15.836 -16.063
  -6.689 -49.500     NaN
  -6.687 -16.339 -16.339
  -6.684 -49.500     NaN
  -6.682 -49.500 -49.500
  -6.680 -49.500     NaN
  -6.678 -49.500 -49.500
  -6.675 -16.379 -49.500
  -6.673 -49.500 -49.500
  -6.671 -16.575 -49.500
  -6.669 -49.500     NaN
  -6.667 -14.977 -49.500
  -6.665 -15.438 -15.438
  -6.663 -49.500 -49.500
  -6.661 -49.500 -49.500
  -6.658 -15.600 -49.500
  -6.656 -16.307 -16.307
  -6.654 -49.500 -49.500
  -6.652 -49.500     NaN
  -6.650 -49.500 -49.500
  -6.648 -49.500 -49.500
  -6.646 -49.500 -49.500
  -6.644 -49.500 -49.500
  -6.642 -49.500 -49.500
  -6.640 -49.500 -49.500
  -6.638 -49.500 -49.500
  -6.636 -49.500 -49.500
  -6.634 -49.500 -49.500
  -6.632 -49.500 -49.500
  -6.630 -49.500 -49.500
  -6.628 -49.500 -49.500
  -6.626 -49.500 -49.500
  -6.624 -49.500 -49.500
  -6.622 -16.688 -16.688
  -6.620 -49.500     NaN
  -6.618 -49.500 -49.500
  -6.617 -49.500 -49.500
  -6.615 -16.541 -49.500
  -6.613 -49.500     NaN
  -6.611 -15.885 -49.500
  -6.609 -16.087 -16.087
  -6.607 -49.500 -49.500
  -6.605 -15.740 -49.500
  -6.603 -49.500 -49.500
  -6.602 -49.500     NaN
  -6.600 -49.500 -49.500
  -6.598 -49.500 -49.500
  -6.596 -49.500 -49.500
  -6.594 -49.500 -49.500
