  -8.861 -14.163 -14.163
  -8.599 -14.249 -14.249
  -8.442 -14.284 -14.284
  -8.329 -14.320 -14.320
  -8.239 -14.403 -14.403
  -8.166 -14.513 -14.513
  -8.103 -14.533 -14.533
  -8.048 -14.469 -14.469
  -7.999 -14.671 -14.671
  -7.955 -14.554 -14.554
  -7.916 -14.567 -14.567
  -7.879 -14.664 -14.664
  -7.846 -14.688 -14.688
  -7.815 -14.548 -14.548
  -7.786 -14.853 -14.853
  -7.758 -14.720 -14.720
  -7.733 -14.882 -14.882
  -7.709 -14.831 -14.831
  -7.686 -14.762 -14.762
  -7.664 -14.601 -14.839
  -7.643 -14.789 -14.789
  -7.624 -14.849 -14.849
  -7.605 -14.754 -14.754
  -7.586 -14.823 -14.823
  -7.569 -14.957 -14.957
  -7.552 -14.612 -15.035
  -7.536 -14.890 -14.890
  -7.521 -14.932 -14.932
  -7.506 -15.110 -15.291
  -7.491 -15.055 -15.055
  -7.477 -14.559 -15.061
  -7.464 -14.905 -15.219
  -7.451 -14.941 -15.265
  -7.438 -15.079 -15.079
  -7.425 -14.829 -15.314
  -7.413 -14.641 -14.641
  -7.401 -15.030 -15.267
  -7.390 -15.232 -15.232
  -7.379 -15.244 -15.244
  -7.368 -15.273 -15.481
  -7.357 -15.256 -15.491
  -7.347 -15.353 -15.353
  -7.337 -15.186 -15.186
  -7.327 -15.226 -15.462
  -7.317 -15.282 -15.282
  -7.308 -15.557 -15.557
  -7.299 -15.592 -15.592
  -7.290 -15.617 -15.617
  -7.281 -15.637 -15.637
  -7.272 -15.450 -15.645
  -7.264 -14.934 -15.386
  -7.255 -15.546 -15.710
  -7.247 -15.127 -15.127
  -7.239 -15.178 -15.702
  -7.231 -15.247 -15.247
  -7.223 -15.906 -15.906
  -7.216 -15.270 -15.270
  -7.208 -15.477 -15.762
  -7.201 -15.422 -15.422
  -7.194 -15.276 -15.537
  -7.187 -15.652 -15.652
  -7.180 -15.859 -15.859
  -7.173 -15.274 -15.593
  -7.166 -15.762 -15.762
  -7.159 -15.507 -15.672
  -7.153 -15.228 -15.892
  -7.146 -15.647 -15.881
  -7.140 -15.405 -15.731
  -7.133 -15.771 -15.771
  -7.127 -15.745 -15.745
  -7.121 -15.192 -15.681
  -7.115 -15.788 -15.974
  -7.109 -16.136 -16.136
  -7.103 -15.319 -15.688
  -7.098 -15.149 -15.610
  -7.092 -15.379 -15.642
  -7.086 -15.848 -15.848
  -7.081 -15.652 -15.992
  -7.075 -15.991 -16.256
  -7.070 -15.809 -15.976
  -7.064 -15.215 -15.889
  -7.059 -15.393 -15.764
  -7.054 -15.848 -16.113
  -7.049 -15.391 -15.755
  -7.043 -16.125 -16.302
  -7.038 -15.447 -16.045
  -7.033 -15.613 -16.262
  -7.029 -15.720 -15.894
  -7.024 -15.297 -15.706
  -7.019 -15.818 -15.818
  -7.014 -14.702 -15.244
  -7.009 -15.813 -16.184
  -7.005 -15.755 -16.180
  -7.000 -15.204 -15.658
  -6.995 -15.804 -15.982
  -6.991 -15.901 -15.901
  -6.986 -15.280 -16.396
  -6.982 -14.551 -15.761
  -6.978 -15.735 -16.262
  -6.973 -15.933 -15.933
  -6.969 -15.524 -15.972
  -6.965 -16.106 -16.366
  -6.961 -49.500     NaN
  -6.956 -16.083 -16.284
  -6.952 -16.334 -16.585
  -6.948 -15.096 -15.828
  -6.944 -16.044 -16.266
  -6.940 -15.733 -16.211
  -6.936 -16.508 -16.826
  -6.932 -16.092 -16.363
  -6.928 -16.299 -16.608
  -6.924 -16.139 -16.319
  -6.920 -49.500 -49.500
  -6.917 -16.819 -49.500
  -6.913 -16.348 -16.348
  -6.909 -16.442 -16.695
  -6.905 -16.017 -16.497
  -6.902 -15.297 -15.297
  -6.898 -16.041 -16.388
  -6.894 -16.061 -16.281
  -6.891 -15.693 -15.880
  -6.887 -16.115 -16.482
  -6.884 -17.133 -49.500
  -6.880 -16.013 -17.261
  -6.877 -15.795 -16.307
  -6.873 -16.065 -16.350
  -6.870 -49.500     NaN
  -6.867 -15.983 -16.139
  -6.863 -16.353 -16.685
  -6.860 -16.504 -16.975
  -6.857 -15.900 -16.061
  -6.853 -16.302 -49.500
  -6.850 -16.560 -49.500
  -6.847 -16.121 -49.500
  -6.844 -16.393 -49.500
  -6.840 -15.109 -16.101
  -6.837 -49.500     NaN
  -6.834 -16.435 -49.500
  -6.831 -15.517 -15.822
  -6.828 -16.541 -49.500
  -6.825 -49.500     NaN
  -6.822 -15.895 -16.941
  -6.819 -49.500     NaN
  -6.816 -16.504 -17.133
  -6.813 -49.500     NaN
  -6.810 -15.844 -49.500
  -6.807 -16.305 -16.569
  -6.804 -16.426 -49.500
  -6.801 -16.439 -49.500
  -6.798 -16.877 -49.500
  -6.795 -16.459 -49.500
  -6.792 -16.304 -49.500
  -6.789 -16.553 -49.500
  -6.787 -16.426 -49.500
  -6.784 -16.626 -49.500
  -6.781 -16.329 -49.500
  -6.778 -16.202 -16.468
  -6.775 -15.952 -49.500
  -6.773 -49.500 -49.500
  -6.770 -16.486 -16.956
  -6.767 -16.042 -49.500
  -6.765 -15.966 -16.219
  -6.762 -49.500     NaN
  -6.759 -15.248 -15.439
  -6.757 -49.500     NaN
  -6.754 -16.550 -49.500
  -6.751 -49.500     NaN
  -6.749 -49.500     NaN
  -6.746 -16.294 -49.500
  -6.744 -49.500     NaN
  -6.741 -15.975 -49.500
  -6.739 -15.813 -16.190
  -6.736 -15.769 -15.769
  -6.734 -15.600 -49.500
  -6.731 -49.500 -49.500
  -6.729 -49.500 -49.500
  -6.726 -16.346 -49.500
  -6.724 -49.500     NaN
  -6.721 -15.382 -49.500
  -6.719 -49.500 -49.500
  -6.717 -49.500 -49.500
  -6.714 -49.500 -49.500
  -6.712 -49.500 -49.500
  -6.709 -14.794 -49.500
  -6.707 -15.620 -15.808
  -6.705 -49.500     NaN
  -6.702 -49.500 -49.500
  -6.700 -49.500 -49.500
  -6.698 -16.524 -16.524
  -6.696 -49.500     NaN
  -6.693 -15.777 -49.500
  -6.691 -49.500 -49.500
  -6.689 -49.500 -49.500
  -6.687 -49.500 -49.500
  -6.684 -49.500     NaN
  -6.682 -16.528 -16.528
  -6.680 -49.500 -49.500
  -6.678 -16.441 -16.441
  -6.675 -49.500     NaN
  -6.673 -16.607 -49.500
  -6.671 -49.500 -49.500
  -6.669 -15.677 -49.500
  -6.667 -49.500 -49.500
  -6.665 -49.500 -49.500
  -6.663 -16.302 -16.721
  -6.661 -49.500     NaN
  -6.658 -49.500 -49.500
  -6.656 -16.389 -16.611
  -6.654 -16.051 -49.500
  -6.652 -49.500 -49.500
  -6.650 -49.500     NaN
  -6.648 -49.500     NaN
  -6.646 -49.500 -49.500
  -6.644 -49.500     NaN
  -6.642 -49.500 -49.500
  -6.640 -49.500 -49.500
  -6.638 -49.500     NaN
  -6.636 -49.500 -49.500
  -6.634 -49.500 -49.500
  -6.632 -49.500 -49.500
  -6.630 -16.082 -16.082
  -6.628 -49.500 -49.500
  -6.626 -16.161 -49.500
  -6.624 -49.500 -49.500
  -6.622 -49.500 -49.500
  -6.620 -49.500 -49.500
  -6.618 -49.500     NaN
  -6.617 -49.500 -49.500
  -6.615 -49.500 -49.500
  -6.613 -49.500 -49.500
  -6.611 -16.056 -16.056
  -6.609 -15.998 -15.998
  -6.607 -49.500 -49.500
  -6.605 -49.500 -49.500
  -6.603 -49.500 -49.500
  -6.602 -49.500 -49.500
  -6.600 -49.500 -49.500
  -6.598 -49.500 -49.500
  -6.596 -49.500     NaN
  -6.594 -49.500 -49.500
