  -8.861 -14.165 -14.165
  -8.599 -14.262 -14.262
  -8.442 -14.342 -14.342
  -8.329 -14.361 -14.361
  -8.239 -14.391 -14.391
  -8.166 -14.472 -14.472
  -8.103 -14.491 -14.491
  -8.048 -14.562 -14.562
  -7.999 -14.683 -14.683
  -7.955 -14.667 -14.667
  -7.916 -14.598 -14.598
  -7.879 -14.728 -14.728
  -7.846 -14.732 -14.732
  -7.815 -14.771 -14.771
  -7.786 -14.724 -14.724
  -7.758 -14.895 -14.895
  -7.733 -14.795 -14.795
  -7.709 -14.911 -14.911
  -7.686 -14.588 -14.760
  -7.664 -14.963 -14.963
  -7.643 -14.683 -14.683
  -7.624 -14.910 -14.910
  -7.605 -14.937 -14.937
  -7.586 -15.170 -15.170
  -7.569 -15.062 -15.062
  -7.552 -14.805 -14.805
  -7.536 -14.827 -15.019
  -7.521 -15.154 -15.154
  -7.506 -15.161 -15.161
  -7.491 -15.035 -15.035
  -7.477 -14.837 -14.837
  -7.464 -15.013 -15.268
  -7.451 -14.705 -15.261
  -7.438 -15.428 -15.428
  -7.425 -14.873 -15.118
  -7.413 -15.294 -15.294
  -7.401 -15.135 -15.380
  -7.390 -15.434 -15.434
  -7.379 -15.074 -15.312
  -7.368 -15.319 -15.319
  -7.357 -15.381 -15.381
  -7.347 -15.183 -15.470
  -7.337 -14.982 -15.240
  -7.327 -15.330 -15.541
  -7.317 -15.531 -15.531
  -7.308 -15.337 -15.337
  -7.299 -15.255 -15.413
  -7.290 -15.150 -15.628
  -7.281 -15.202 -15.202
  -7.272 -14.922 -15.244
  -7.264 -15.293 -15.662
  -7.255 -15.473 -15.473
  -7.247 -15.583 -15.583
  -7.239 -15.084 -15.283
  -7.231 -15.203 -15.466
  -7.223 -15.610 -15.610
  -7.216 -15.511 -15.739
  -7.208 -14.942 -15.636
  -7.201 -15.573 -15.573
  -7.194 -14.902 -15.181
  -7.187 -15.309 -15.500
  -7.180 -15.153 -15.353
  -7.173 -15.800 -15.800
  -7.166 -14.524 -15.536
  -7.159 -15.430 -15.752
  -7.153 -15.275 -15.458
  -7.146 -15.586 -15.586
  -7.140 -15.392 -15.553
  -7.133 -15.663 -15.845
  -7.127 -15.950 -16.120
  -7.121 -16.025 -16.025
  -7.115 -15.582 -15.582
  -7.109 -16.053 -16.053
  -7.103 -15.624 -15.828
  -7.098 -15.652 -15.930
  -7.092 -15.041 -15.815
  -7.086 -16.231 -16.395
  -7.081 -15.544 -16.033
  -7.075 -15.820 -15.820
  -7.070 -15.862 -16.098
  -7.064 -16.023 -16.023
  -7.059 -15.830 -16.293
  -7.054 -15.700 -15.987
  -7.049 -15.988 -15.988
  -7.043 -16.049 -16.370
  -7.038 -15.490 -15.682
  -7.033 -16.167 -16.167
  -7.029 -16.200 -16.200
  -7.024 -16.094 -16.094
  -7.019 -15.628 -15.864
  -7.014 -16.269 -16.269
  -7.009 -15.412 -15.920
  -7.005 -15.667 -15.667
  -7.000 -15.713 -16.710
  -6.995 -15.865 -16.799
  -6.991 -16.060 -16.255
  -6.986 -15.982 -16.239
  -6.982 -15.677 -16.141
  -6.978 -16.186 -16.936
  -6.973 -16.126 -16.328
  -6.969 -16.390 -16.390
  -6.965 -15.890 -15.890
  -6.961 -15.867 -16.121
  -6.956 -15.721 -16.285
  -6.952 -49.500     NaN
  -6.948 -16.240 -16.623
  -6.944 -15.561 -16.647
  -6.940 -15.905 -15.905
  -6.936 -16.532 -16.701
  -6.932 -16.092 -16.493
  -6.928 -15.827 -16.774
  -6.924 -15.066 -16.072
  -6.920 -49.500     NaN
  -6.917 -15.684 -16.186
  -6.913 -15.823 -16.193
  -6.909 -16.240 -16.523
  -6.905 -16.012 -16.244
  -6.902 -49.500     NaN
  -6.898 -16.119 -16.752
  -6.894 -17.014 -49.500
  -6.891 -15.693 -15.693
  -6.887 -49.500 -49.500
  -6.884 -15.154 -49.500
  -6.880 -15.551 -15.911
  -6.877 -16.450 -49.500
  -6.873 -15.505 -15.727
  -6.870 -15.829 -16.461
  -6.867 -15.528 -15.960
  -6.863 -15.422 -15.747
  -6.860 -16.208 -16.851
  -6.857 -15.446 -16.242
  -6.853 -16.051 -49.500
  -6.850 -16.742 -49.500
  -6.847 -16.485 -16.643
  -6.844 -17.025 -49.500
  -6.840 -49.500     NaN
  -6.837 -14.931 -16.343
  -6.834 -15.870 -15.870
  -6.831 -49.500     NaN
  -6.828 -15.762 -16.570
  -6.825 -15.696 -15.888
  -6.822 -16.342 -49.500
  -6.819 -16.196 -16.385
  -6.816 -15.898 -16.059
  -6.813 -16.100 -49.500
  -6.810 -16.481 -16.674
  -6.807 -49.500     NaN
  -6.804 -15.877 -16.033
  -6.801 -15.711 -49.500
  -6.798 -16.944 -49.500
  -6.795 -16.090 -16.338
  -6.792 -16.144 -49.500
  -6.789 -49.500 -49.500
  -6.787 -49.500     NaN
  -6.784 -49.500 -49.500
  -6.781 -16.954 -49.500
  -6.778 -49.500 -49.500
  -6.775 -49.500     NaN
  -6.773 -15.716 -16.312
  -6.770 -16.543 -49.500
  -6.767 -16.403 -16.611
  -6.765 -16.313 -16.514
  -6.762 -49.500     NaN
  -6.759 -16.475 -49.500
  -6.757 -16.349 -16.619
  -6.754 -16.892 -49.500
  -6.751 -15.942 -49.500
  -6.749 -49.500 -49.500
  -6.746 -15.646 -16.239
  -6.744 -49.500     NaN
  -6.741 -49.500     NaN
  -6.739 -49.500     NaN
  -6.736 -16.548 -49.500
  -6.734 -49.500     NaN
  -6.731 -16.396 -16.396
  -6.729 -49.500 -49.500
  -6.726 -49.500     NaN
  -6.724 -49.500 -49.500
  -6.721 -49.500 -49.500
  -6.719 -49.500 -49.500
  -6.717 -15.391 -49.500
  -6.714 -49.500     NaN
  -6.712 -49.500     NaN
  -6.709 -16.491 -49.500
  -6.707 -15.986 -16.235
  -6.705 -16.464 -49.500
  -6.702 -49.500 -49.500
  -6.700 -49.500     NaN
  -6.698 -16.278 -16.278
  -6.696 -49.500 -49.500
  -6.693 -49.500 -49.500
  -6.691 -49.500 -49.500
  -6.689 -49.500 -49.500
  -6.687 -49.500 -49.500
  -6.684 -49.500 -49.500
  -6.682 -15.806 -16.322
  -6.680 -49.500     NaN
  -6.678 -49.500 -49.500
  -6.675 -49.500     NaN
  -6.673 -15.263 -49.500
  -6.671 -15.899 -49.500
  -6.669 -49.500 -49.500
  -6.667 -49.500 -49.500
  -6.665 -15.551 -16.487
  -6.663 -49.500 -49.500
  -6.661 -16.947 -49.500
  -6.658 -49.500     NaN
  -6.656 -15.454 -15.454
  -6.654 -49.500 -49.500
  -6.652 -49.500 -49.500
  -6.650 -49.500     NaN
  -6.648 -49.500 -49.500
  -6.646 -49.500 -49.500
  -6.644 -16.506 -49.500
  -6.642 -49.500 -49.500
  -6.640 -49.500 -49.500
  -6.638 -49.500     NaN
  -6.636 -49.500 -49.500
  -6.634 -49.500 -49.500
  -6.632 -16.304 -49.500
  -6.630 -16.684 -49.500
  -6.628 -49.500 -49.500
  -6.626 -49.500 -49.500
  -6.624 -49.500 -49.500
  -6.622 -15.196 -49.500
  -6.620 -49.500 -49.500
  -6.618 -49.500 -49.500
  -6.617 -16.396 -16.396
  -6.615 -49.500 -49.500
  -6.613 -49.500 -49.500
  -6.611 -49.500     NaN
  -6.609 -49.500 -49.500
  -6.607 -49.500 -49.500
  -6.605 -16.585 -16.585
  -6.603 -49.500 -49.500
  -6.602 -49.500 -49.500
  -6.600 -49.500 -49.500
  -6.598 -49.500 -49.500
  -6.596 -49.500 -49.500
  -6.594 -49.500 -49.500
