  -8.861 -14.164 -14.164
  -8.599 -14.244 -14.244
  -8.442 -14.315 -14.315
  -8.329 -14.352 -14.352
  -8.239 -14.440 -14.440
  -8.166 -14.509 -14.509
  -8.103 -14.561 -14.561
  -8.048 -14.564 -14.564
  -7.999 -14.611 -14.611
  -7.955 -14.640 -14.640
  -7.916 -14.576 -14.576
  -7.879 -14.682 -14.682
  -7.846 -14.717 -14.717
  -7.815 -14.767 -14.767
  -7.786 -14.652 -14.652
  -7.758 -14.536 -14.733
  -7.733 -14.839 -14.839
  -7.709 -15.023 -15.023
  -7.686 -15.061 -15.061
  -7.664 -14.785 -14.785
  -7.643 -14.756 -14.946
  -7.624 -15.137 -15.137
  -7.605 -15.041 -15.041
  -7.586 -15.034 -15.034
  -7.569 -14.992 -14.992
  -7.552 -14.936 -14.936
  -7.536 -15.047 -15.047
  -7.521 -14.980 -14.980
  -7.506 -15.097 -15.097
  -7.491 -14.611 -14.771
  -7.477 -14.938 -14.938
  -7.464 -15.248 -15.248
  -7.451 -15.237 -15.436
  -7.438 -15.414 -15.414
  -7.425 -15.291 -15.291
  -7.413 -15.318 -15.318
  -7.401 -15.011 -15.271
  -7.390 -15.170 -15.386
  -7.379 -15.142 -15.142
  -7.368 -15.340 -15.340
  -7.357 -15.286 -15.286
  -7.347 -15.312 -15.312
  -7.337 -15.045 -15.225
  -7.327 -15.461 -15.461
  -7.317 -15.280 -15.280
  -7.308 -14.788 -15.200
  -7.299 -15.250 -15.250
  -7.290 -15.286 -15.286
  -7.281 -15.091 -15.428
  -7.272 -15.419 -15.419
  -7.264 -14.751 -15.505
  -7.255 -15.189 -15.189
  -7.247 -15.671 -15.671
  -7.239 -15.574 -15.839
  -7.231 -15.531 -15.531
  -7.223 -15.814 -15.814
  -7.216 -15.119 -15.410
  -7.208 -15.540 -15.823
  -7.201 -15.218 -15.486
  -7.194 -15.687 -15.892
  -7.187 -15.699 -15.699
  -7.180 -15.543 -15.722
  -7.173 -15.153 -15.731
  -7.166 -15.540 -15.737
  -7.159 -15.077 -15.707
  -7.153 -15.676 -15.908
  -7.146 -15.521 -15.733
  -7.140 -15.301 -15.758
  -7.133 -15.022 -15.605
  -7.127 -15.668 -15.668
  -7.121 -15.653 -15.807
  -7.115 -16.021 -16.189
  -7.109 -15.956 -16.113
  -7.103 -15.454 -15.825
  -7.098 -15.855 -16.216
  -7.092 -15.677 -15.677
  -7.086 -15.924 -15.924
  -7.081 -15.725 -15.987
  -7.075 -15.110 -16.019
  -7.070 -15.340 -15.774
  -7.064 -15.977 -15.977
  -7.059 -16.009 -16.555
  -7.054 -14.547 -15.679
  -7.049 -14.735 -15.669
  -7.043 -15.541 -15.801
  -7.038 -15.917 -16.122
  -7.033 -15.307 -15.564
  -7.029 -15.556 -16.013
  -7.024 -15.900 -16.057
  -7.019 -16.161 -16.161
  -7.014 -15.865 -16.168
  -7.009 -16.288 -16.516
  -7.005 -16.143 -16.486
  -7.000 -16.157 -16.385
  -6.995 -14.631 -15.606
  -6.991 -16.571 -16.571
  -6.986 -16.100 -16.100
  -6.982 -15.509 -15.852
  -6.978 -15.270 -15.998
  -6.973 -15.594 -16.875
  -6.969 -15.589 -15.589
  -6.965 -15.005 -15.673
  -6.961 -15.932 -16.147
  -6.956 -16.014 -16.172
  -6.952 -16.408 -16.723
  -6.948 -16.160 -16.160
  -6.944 -15.397 -16.578
  -6.940 -16.322 -16.672
  -6.936 -15.816 -16.191
  -6.932 -15.789 -16.063
  -6.928 -16.630 -16.630
  -6.924 -15.781 -49.500
  -6.920 -15.435 -16.173
  -6.917 -15.749 -16.352
  -6.913 -16.667 -17.064
  -6.909 -16.905 -49.500
  -6.905 -16.437 -16.615
  -6.902 -16.305 -16.538
  -6.898 -16.330 -16.571
  -6.894 -16.329 -16.886
  -6.891 -15.843 -16.318
  -6.887 -15.703 -15.934
  -6.884 -16.527 -16.527
  -6.880 -15.871 -16.219
  -6.877 -16.589 -49.500
  -6.873 -16.254 -16.576
  -6.870 -16.339 -16.339
  -6.867 -16.226 -16.509
  -6.863 -15.756 -16.108
  -6.860 -16.007 -16.210
  -6.857 -16.339 -16.855
  -6.853 -16.803 -49.500
  -6.850 -15.694 -16.221
  -6.847 -49.500     NaN
  -6.844 -16.018 -16.436
  -6.840 -16.467 -16.467
  -6.837 -16.362 -16.552
  -6.834 -16.135 -16.734
  -6.831 -16.809 -49.500
  -6.828 -16.614 -49.500
  -6.825 -15.248 -49.500
  -6.822 -16.091 -16.502
  -6.819 -49.500     NaN
  -6.816 -16.032 -49.500
  -6.813 -15.963 -16.331
  -6.810 -16.389 -16.559
  -6.807 -16.265 -49.500
  -6.804 -16.585 -49.500
  -6.801 -16.407 -49.500
  -6.798 -49.500     NaN
  -6.795 -49.500     NaN
  -6.792 -49.500 -49.500
  -6.789 -49.500     NaN
  -6.787 -15.762 -16.573
  -6.784 -17.005 -49.500
  -6.781 -49.500     NaN
  -6.778 -16.486 -49.500
  -6.775 -16.408 -49.500
  -6.773 -16.204 -49.500
  -6.770 -49.500     NaN
  -6.767 -16.507 -16.507
  -6.765 -15.817 -49.500
  -6.762 -16.247 -16.247
  -6.759 -15.414 -49.500
  -6.757 -49.500     NaN
  -6.754 -16.222 -49.500
  -6.751 -49.500     NaN
  -6.749 -49.500     NaN
  -6.746 -16.353 -49.500
  -6.744 -49.500 -49.500
  -6.741 -49.500     NaN
  -6.739 -49.500     NaN
  -6.736 -16.085 -49.500
  -6.734 -17.013 -17.013
  -6.731 -15.993 -49.500
  -6.729 -49.500 -49.500
  -6.726 -16.279 -16.569
  -6.724 -16.186 -16.186
  -6.721 -49.500     NaN
  -6.719 -49.500 -49.500
  -6.717 -49.500     NaN
  -6.714 -16.024 -16.024
  -6.712 -15.798 -49.500
  -6.709 -15.431 -15.431
  -6.707 -49.500     NaN
  -6.705 -16.388 -49.500
  -6.702 -49.500 -49.500
  -6.700 -16.245 -49.500
  -6.698 -49.500 -49.500
  -6.696 -49.500     NaN
  -6.693 -16.316 -49.500
  -6.691 -49.500 -49.500
  -6.689 -16.104 -49.500
  -6.687 -16.165 -16.438
  -6.684 -15.860 -15.860
  -6.682 -15.673 -49.500
  -6.680 -16.734 -49.500
  -6.678 -49.500 -49.500
  -6.675 -16.132 -49.500
  -6.673 -49.500     NaN
  -6.671 -49.500     NaN
  -6.669 -49.500     NaN
  -6.667 -14.847 -14.847
  -6.665 -49.500 -49.500
  -6.663 -49.500 -49.500
  -6.661 -49.500     NaN
  -6.658 -15.775 -16.128
  -6.656 -49.500 -49.500
  -6.654 -49.500 -49.500
  -6.652 -49.500     NaN
  -6.650 -16.592 -49.500
  -6.648 -49.500     NaN
  -6.646 -16.029 -16.029
  -6.644 -49.500 -49.500
  -6.642 -49.500 -49.500
  -6.640 -49.500 -49.500
  -6.638 -49.500 -49.500
  -6.636 -49.500 -49.500
  -6.634 -49.500     NaN
  -6.632 -49.500 -49.500
  -6.630 -16.089 -49.500
  -6.628 -49.500 -49.500
  -6.626 -49.500 -49.500
  -6.624 -49.500 -49.500
  -6.622 -49.500 -49.500
  -6.620 -49.500 -49.500
  -6.618 -49.500 -49.500
  -6.617 -49.500 -49.500
  -6.615 -49.500 -49.500
  -6.613 -16.287 -49.500
  -6.611 -49.500 -49.500
  -6.609 -49.500 -49.500
  -6.607 -49.500 -49.500
  -6.605 -16.285 -16.285
  -6.603 -49.500 -49.500
  -6.602 -49.500 -49.500
  -6.600 -49.500     NaN
  -6.598 -16.283 -16.283
  -6.596 -49.500 -49.500
  -6.594 -49.500 -49.500
