  -8.861 -14.157 -14.157
  -8.599 -14.238 -14.238
  -8.442 -14.270 -14.270
  -8.329 -14.395 -14.395
  -8.239 -14.430 -14.430
  -8.166 -14.428 -14.428
  -8.103 -14.555 -14.555
  -8.048 -14.532 -14.532
  -7.999 -14.525 -14.525
  -7.955 -14.560 -14.560
  -7.916 -14.596 -14.756
  -7.879 -14.719 -14.719
  -7.846 -14.607 -14.607
  -7.815 -14.762 -14.762
  -7.786 -14.828 -14.828
  -7.758 -14.755 -14.755
  -7.733 -14.914 -14.914
  -7.709 -14.952 -14.952
  -7.686 -14.914 -14.914
  -7.664 -14.990 -14.990
  -7.643 -14.778 -14.778
  -7.624 -14.873 -14.873
  -7.605 -14.826 -14.826
  -7.586 -14.928 -14.928
  -7.569 -15.136 -15.136
  -7.552 -15.023 -15.023
  -7.536 -14.957 -14.957
  -7.521 -14.688 -15.133
  -7.506 -14.857 -14.857
  -7.491 -15.296 -15.296
  -7.477 -15.247 -15.247
  -7.464 -14.974 -14.974
  -7.451 -15.290 -15.290
  -7.438 -15.176 -15.355
  -7.425 -15.277 -15.277
  -7.413 -14.770 -15.176
  -7.401 -15.038 -15.372
  -7.390 -14.932 -14.932
  -7.379 -14.678 -14.879
  -7.368 -15.449 -15.449
  -7.357 -14.993 -15.438
  -7.347 -15.197 -15.517
  -7.337 -15.162 -15.340
  -7.327 -15.438 -15.438
  -7.317 -15.461 -15.461
  -7.308 -15.388 -15.621
  -7.299 -15.257 -15.257
  -7.290 -15.634 -15.634
  -7.281 -15.684 -15.684
  -7.272 -15.262 -15.262
  -7.264 -15.623 -15.623
  -7.255 -15.216 -15.497
  -7.247 -15.751 -15.905
  -7.239 -15.479 -15.479
  -7.231 -15.552 -15.552
  -7.223 -15.545 -15.545
  -7.216 -15.364 -15.837
  -7.208 -15.626 -15.626
  -7.201 -15.652 -15.652
  -7.194 -15.553 -15.553
  -7.187 -15.290 -15.749
  -7.180 -15.731 -15.731
  -7.173 -15.542 -15.542
  -7.166 -15.509 -15.509
  -7.159 -15.825 -15.825
  -7.153 -15.749 -15.749
  -7.146 -15.186 -15.486
  -7.140 -15.545 -15.545
  -7.133 -14.921 -15.732
  -7.127 -15.732 -15.732
  -7.121 -16.062 -16.062
  -7.115 -15.635 -15.635
  -7.109 -15.510 -15.702
  -7.103 -15.606 -15.985
  -7.098 -15.659 -15.659
  -7.092 -15.731 -16.081
  -7.086 -16.098 -16.098
  -7.081 -15.847 -16.264
  -7.075 -16.025 -16.025
  -7.070 -15.971 -15.971
  -7.064 -15.491 -15.491
  -7.059 -15.632 -16.162
  -7.054 -15.436 -15.592
  -7.049 -15.117 -15.700
  -7.043 -16.116 -16.269
  -7.038 -15.795 -16.093
  -7.033 -15.658 -15.828
  -7.029 -15.653 -15.896
  -7.024 -16.100 -16.261
  -7.019 -15.592 -15.829
  -7.014 -16.247 -16.247
  -7.009 -15.574 -15.574
  -7.005 -15.888 -15.888
  -7.000 -16.510 -17.186
  -6.995 -16.589 -16.829
  -6.991 -15.164 -15.431
  -6.986 -16.757 -17.017
  -6.982 -15.547 -16.162
  -6.978 -16.406 -16.579
  -6.973 -15.126 -15.326
  -6.969 -16.415 -16.637
  -6.965 -16.079 -16.735
  -6.961 -16.273 -16.649
  -6.956 -15.904 -16.068
  -6.952 -16.164 -16.164
  -6.948 -16.257 -16.492
  -6.944 -16.605 -16.605
  -6.940 -16.147 -16.303
  -6.936 -16.091 -16.091
  -6.932 -15.998 -16.256
  -6.928 -15.998 -16.905
  -6.924 -16.364 -16.364
  -6.920 -16.032 -16.574
  -6.917 -15.545 -15.545
  -6.913 -15.214 -16.490
  -6.909 -14.696 -15.182
  -6.905 -16.343 -16.510
  -6.902 -16.085 -16.292
  -6.898 -16.830 -49.500
  -6.894 -15.910 -16.382
  -6.891 -16.863 -49.500
  -6.887 -16.648 -49.500
  -6.884 -16.132 -16.610
  -6.880 -15.209 -15.802
  -6.877 -15.616 -15.813
  -6.873 -16.420 -16.420
  -6.870 -16.142 -16.309
  -6.867 -49.500     NaN
  -6.863 -16.117 -16.636
  -6.860 -49.500     NaN
  -6.857 -49.500     NaN
  -6.853 -16.445 -49.500
  -6.850 -15.994 -49.500
  -6.847 -49.500     NaN
  -6.844 -17.100 -49.500
  -6.840 -15.959 -16.178
  -6.837 -16.127 -16.645
  -6.834 -16.686 -16.856
  -6.831 -16.121 -16.401
  -6.828 -16.015 -49.500
  -6.825 -49.500     NaN
  -6.822 -15.653 -49.500
  -6.819 -16.316 -16.556
  -6.816 -16.413 -16.667
  -6.813 -15.919 -49.500
  -6.810 -16.099 -16.258
  -6.807 -15.411 -49.500
  -6.804 -49.500 -49.500
  -6.801 -15.972 -16.235
  -6.798 -16.942 -49.500
  -6.795 -49.500     NaN
  -6.792 -49.500     NaN
  -6.789 -16.393 -49.500
  -6.787 -16.910 -49.500
  -6.784 -16.557 -49.500
  -6.781 -15.480 -16.934
  -6.778 -16.521 -49.500
  -6.775 -17.029 -49.500
  -6.773 -15.754 -49.500
  -6.770 -15.658 -15.658
  -6.767 -49.500 -49.500
  -6.765 -16.361 -49.500
  -6.762 -16.597 -49.500
  -6.759 -16.733 -49.500
  -6.757 -16.239 -49.500
  -6.754 -49.500     NaN
  -6.751 -16.414 -49.500
  -6.749 -15.976 -15.976
  -6.746 -15.735 -16.711
  -6.744 -15.382 -15.382
  -6.741 -16.062 -49.500
  -6.739 -16.233 -49.500
  -6.736 -49.500     NaN
  -6.734 -49.500     NaN
  -6.731 -15.644 -49.500
  -6.729 -49.500 -49.500
  -6.726 -49.500 -49.500
  -6.724 -16.442 -49.500
  -6.721 -15.984 -16.331
  -6.719 -16.024 -49.500
  -6.717 -15.348 -16.769
  -6.714 -49.500     NaN
  -6.712 -49.500 -49.500
  -6.709 -49.500 -49.500
  -6.707 -49.500 -49.500
  -6.705 -16.776 -49.500
  -6.702 -49.500 -49.500
  -6.700 -49.500     NaN
  -6.698 -15.810 -16.702
  -6.696 -49.500 -49.500
  -6.693 -16.085 -16.608
  -6.691 -49.500     NaN
  -6.689 -49.500 -49.500
  -6.687 -49.500 -49.500
  -6.684 -49.500 -49.500
  -6.682 -49.500 -49.500
  -6.680 -15.768 -16.092
  -6.678 -49.500 -49.500
  -6.675 -49.500 -49.500
  -6.673 -49.500 -49.500
  -6.671 -49.500     NaN
  -6.669 -49.500 -49.500
  -6.667 -49.500     NaN
  -6.665 -49.500     NaN
  -6.663 -16.240 -49.500
  -6.661 -49.500     NaN
  -6.658 -49.500 -49.500
  -6.656 -16.652 -16.652
  -6.654 -49.500     NaN
  -6.652 -49.500 -49.500
  -6.650 -49.500 -49.500
  -6.648 -15.957 -49.500
  -6.646 -49.500 -49.500
  -6.644 -49.500     NaN
  -6.642 -15.994 -15.994
  -6.640 -49.500 -49.500
  -6.638 -16.303 -16.303
  -6.636 -49.500 -49.500
  -6.634 -16.557 -16.557
  -6.632 -49.500 -49.500
  -6.630 -49.500 -49.500
  -6.628 -49.500     NaN
  -6.626 -49.500 -49.500
  -6.624 -49.500 -49.500
  -6.622 -49.500     NaN
  -6.620 -16.627 -16.627
  -6.618 -16.129 -49.500
  -6.617 -49.500     NaN
  -6.615 -49.500 -49.500
  -6.613 -49.500 -49.500
  -6.611 -49.500 -49.500
  -6.609 -16.291 -16.291
  -6.607 -16.386 -16.386
  -6.605 -49.500 -49.500
  -6.603 -49.500 -49.500
  -6.602 -49.500 -49.500
  -6.600 -49.500 -49.500
  -6.598 -49.500     NaN
  -6.596 -49.500     NaN
  -6.594 -49.500 -49.500
