  -8.861 -14.177 -14.177
  -8.599 -14.237 -14.237
  -8.442 -14.317 -14.317
  -8.329 -14.381 -14.381
  -8.239 -14.414 -14.414
  -8.166 -14.471 -14.471
  -8.103 -14.572 -14.572
  -8.048 -14.555 -14.555
  -7.999 -14.546 -14.546
  -7.955 -14.541 -14.541
  -7.916 -14.749 -14.749
  -7.879 -14.631 -14.631
  -7.846 -14.731 -14.731
  -7.815 -14.776 -14.776
  -7.786 -14.761 -14.761
  -7.758 -14.669 -14.669
  -7.733 -14.862 -14.862
  -7.709 -14.914 -14.914
  -7.686 -14.940 -14.940
  -7.664 -14.626 -14.808
  -7.643 -14.943 -14.943
  -7.624 -14.470 -14.765
  -7.605 -14.330 -14.877
  -7.586 -15.080 -15.080
  -7.569 -14.509 -14.708
  -7.552 -14.980 -14.980
  -7.536 -14.915 -15.109
  -7.521 -14.854 -14.854
  -7.506 -15.034 -15.233
  -7.491 -15.072 -15.320
  -7.477 -15.035 -15.244
  -7.464 -14.995 -14.995
  -7.451 -15.291 -15.291
  -7.438 -14.689 -15.022
  -7.425 -15.173 -15.173
  -7.413 -15.061 -15.061
  -7.401 -15.402 -15.402
  -7.390 -15.268 -15.268
  -7.379 -15.250 -15.521
  -7.368 -14.491 -15.246
  -7.357 -15.124 -15.124
  -7.347 -15.129 -15.129
  -7.337 -15.261 -15.261
  -7.327 -14.684 -15.343
  -7.317 -15.309 -15.508
  -7.308 -15.275 -15.275
  -7.299 -15.569 -15.569
  -7.290 -14.970 -15.429
  -7.281 -15.240 -15.428
  -7.272 -15.228 -15.519
  -7.264 -15.486 -15.486
  -7.255 -15.600 -15.600
  -7.247 -15.524 -15.761
  -7.239 -15.475 -15.643
  -7.231 -15.561 -15.716
  -7.223 -15.123 -15.582
  -7.216 -15.360 -15.746
  -7.208 -15.449 -15.449
  -7.201 -15.373 -15.373
  -7.194 -15.897 -15.897
  -7.187 -15.776 -15.776
  -7.180 -14.653 -15.477
  -7.173 -15.191 -15.616
  -7.166 -15.690 -15.690
  -7.159 -15.494 -15.792
  -7.153 -14.736 -15.892
  -7.146 -15.667 -15.986
  -7.140 -15.770 -15.770
  -7.133 -14.793 -15.147
  -7.127 -15.916 -16.128
  -7.121 -15.636 -16.187
  -7.115 -15.751 -16.134
  -7.109 -15.922 -16.447
  -7.103 -16.261 -16.261
  -7.098 -15.329 -15.329
  -7.092 -15.283 -15.283
  -7.086 -14.738 -15.773
  -7.081 -15.786 -15.998
  -7.075 -16.162 -16.353
  -7.070 -15.727 -16.017
  -7.064 -15.969 -16.139
  -7.059 -15.546 -15.546
  -7.054 -15.925 -15.925
  -7.049 -15.770 -15.770
  -7.043 -15.764 -15.764
  -7.038 -15.839 -16.042
  -7.033 -15.928 -16.128
  -7.029 -15.434 -15.854
  -7.024 -15.878 -16.176
  -7.019 -15.771 -15.956
  -7.014 -16.020 -16.196
  -7.009 -15.461 -16.075
  -7.005 -15.217 -16.365
  -7.000 -15.192 -15.443
  -6.995 -15.601 -16.110
  -6.991 -16.231 -16.231
  -6.986 -16.989 -17.194
  -6.982 -49.500     NaN
  -6.978 -15.469 -15.880
  -6.973 -16.072 -16.461
  -6.969 -15.666 -16.049
  -6.965 -16.319 -16.319
  -6.961 -15.900 -16.256
  -6.956 -15.853 -16.234
  -6.952 -49.500     NaN
  -6.948 -15.951 -15.951
  -6.944 -16.404 -16.561
  -6.940 -17.324 -22.545
  -6.936 -15.346 -15.563
  -6.932 -16.508 -21.713
  -6.928 -16.750 -49.500
  -6.924 -15.426 -16.319
  -6.920 -16.320 -16.525
  -6.917 -15.802 -15.802
  -6.913 -16.057 -16.057
  -6.909 -49.500 -49.500
  -6.905 -15.926 -15.926
  -6.902 -15.612 -15.972
  -6.898 -15.584 -22.543
  -6.894 -16.246 -16.396
  -6.891 -16.190 -16.190
  -6.887 -16.565 -17.213
  -6.884 -16.319 -49.500
  -6.880 -15.270 -16.035
  -6.877 -15.682 -15.875
  -6.873 -16.303 -16.476
  -6.870 -16.216 -16.216
  -6.867 -16.411 -16.679
  -6.863 -15.572 -16.325
  -6.860 -15.643 -16.170
  -6.857 -15.753 -16.226
  -6.853 -16.739 -49.500
  -6.850 -49.500     NaN
  -6.847 -14.729 -16.129
  -6.844 -16.155 -16.674
  -6.840 -49.500     NaN
  -6.837 -16.088 -16.291
  -6.834 -16.553 -49.500
  -6.831 -16.628 -49.500
  -6.828 -15.840 -16.195
  -6.825 -16.070 -16.548
  -6.822 -16.244 -16.616
  -6.819 -49.500     NaN
  -6.816 -49.500     NaN
  -6.813 -49.500     NaN
  -6.810 -49.500     NaN
  -6.807 -15.843 -16.131
  -6.804 -16.552 -49.500
  -6.801 -49.500     NaN
  -6.798 -16.837 -49.500
  -6.795 -49.500     NaN
  -6.792 -16.797 -49.500
  -6.789 -16.058 -16.058
  -6.787 -16.007 -16.447
  -6.784 -49.500     NaN
  -6.781 -49.500     NaN
  -6.778 -15.961 -16.635
  -6.775 -16.357 -16.709
  -6.773 -16.291 -49.500
  -6.770 -49.500 -49.500
  -6.767 -15.016 -15.811
  -6.765 -49.500     NaN
  -6.762 -49.500 -49.500
  -6.759 -16.174 -49.500
  -6.757 -16.509 -49.500
  -6.754 -49.500     NaN
  -6.751 -49.500     NaN
  -6.749 -15.691 -49.500
  -6.746 -15.852 -15.852
  -6.744 -16.521 -16.521
  -6.741 -49.500     NaN
  -6.739 -15.696 -15.696
  -6.736 -17.256 -49.500
  -6.734 -15.935 -16.509
  -6.731 -49.500 -49.500
  -6.729 -16.175 -16.175
  -6.726 -49.500     NaN
  -6.724 -16.011 -16.011
  -6.721 -49.500     NaN
  -6.719 -15.707 -49.500
  -6.717 -16.324 -49.500
  -6.714 -49.500 -49.500
  -6.712 -15.679 -15.679
  -6.709 -15.646 -49.500
  -6.707 -15.243 -15.243
  -6.705 -49.500     NaN
  -6.702 -49.500 -49.500
  -6.700 -49.500 -49.500
  -6.698 -49.500 -49.500
  -6.696 -49.500     NaN
  -6.693 -49.500 -49.500
  -6.691 -14.886 -16.179
  -6.689 -14.996 -49.500
  -6.687 -49.500 -49.500
  -6.684 -16.549 -49.500
  -6.682 -49.500 -49.500
  -6.680 -49.500 -49.500
  -6.678 -49.500 -49.500
  -6.675 -49.500     NaN
  -6.673 -49.500     NaN
  -6.671 -16.562 -16.562
  -6.669 -49.500     NaN
  -6.667 -49.500     NaN
  -6.665 -15.809 -49.500
  -6.663 -16.629 -49.500
  -6.661 -15.719 -49.500
  -6.658 -16.220 -16.220
  -6.656 -49.500 -49.500
  -6.654 -49.500 -49.500
  -6.652 -49.500 -49.500
  -6.650 -49.500 -49.500
  -6.648 -49.500 -49.500
  -6.646 -49.500 -49.500
  -6.644 -16.033 -16.033
  -6.642 -49.500 -49.500
  -6.640 -16.285 -49.500
  -6.638 -49.500 -49.500
  -6.636 -49.500 -49.500
  -6.634 -49.500     NaN
  -6.632 -15.458 -15.458
  -6.630 -16.298 -49.500
  -6.628 -49.500 -49.500
  -6.626 -49.500 -49.500
  -6.624 -49.500     NaN
  -6.622 -49.500 -49.500
  -6.620 -49.500 -49.500
  -6.618 -16.381 -49.500
  -6.617 -49.500 -49.500
  -6.615 -49.500 -49.500
  -6.613 -49.500 -49.500
  -6.611 -49.500 -49.500
  -6.609 -49.500     NaN
  -6.607 -49.500 -49.500
  -6.605 -49.500 -49.500
  -6.603 -49.500 -49.500
  -6.602 -16.999 -49.500
  -6.600 -49.500 -49.500
  -6.598 -49.500 -49.500
  -6.596 -16.284 -49.500
  -6.594 -49.500 -49.500
