  -8.861 -14.177 -14.177
  -8.599 -14.243 -14.243
  -8.442 -14.284 -14.284
  -8.329 -14.370 -14.370
  -8.239 -14.379 -14.379
  -8.166 -14.507 -14.507
  -8.103 -14.511 -14.511
  -8.048 -14.546 -14.546
  -7.999 -14.497 -14.497
  -7.955 -14.630 -14.630
  -7.916 -14.541 -14.541
  -7.879 -14.638 -14.638
  -7.846 -14.618 -14.618
  -7.815 -14.602 -14.602
  -7.786 -14.817 -14.817
  -7.758 -14.729 -14.729
  -7.733 -14.817 -14.817
  -7.709 -14.908 -14.908
  -7.686 -14.847 -14.847
  -7.664 -14.893 -14.893
  -7.643 -15.026 -15.026
  -7.624 -14.998 -14.998
  -7.605 -15.057 -15.057
  -7.586 -14.921 -14.921
  -7.569 -15.015 -15.015
  -7.552 -14.961 -15.169
  -7.536 -14.927 -15.126
  -7.521 -15.175 -15.175
  -7.506 -15.290 -15.290
  -7.491 -14.533 -14.699
  -7.477 -14.912 -15.168
  -7.464 -14.848 -15.100
  -7.451 -15.009 -15.340
  -7.438 -14.870 -14.870
  -7.425 -15.319 -15.319
  -7.413 -15.135 -15.301
  -7.401 -14.779 -14.779
  -7.390 -14.824 -15.299
  -7.379 -15.211 -15.211
  -7.368 -15.415 -15.415
  -7.357 -14.982 -15.590
  -7.347 -15.356 -15.356
  -7.337 -15.452 -15.452
  -7.327 -15.212 -15.403
  -7.317 -15.078 -15.078
  -7.308 -15.645 -15.645
  -7.299 -15.554 -15.554
  -7.290 -15.529 -15.700
  -7.281 -15.268 -15.268
  -7.272 -15.215 -15.400
  -7.264 -15.385 -15.385
  -7.255 -15.554 -15.554
  -7.247 -14.853 -15.373
  -7.239 -15.414 -15.614
  -7.231 -15.434 -15.434
  -7.223 -15.604 -15.604
  -7.216 -15.613 -15.766
  -7.208 -15.461 -15.461
  -7.201 -15.621 -16.023
  -7.194 -15.732 -15.732
  -7.187 -15.662 -15.662
  -7.180 -15.220 -15.744
  -7.173 -15.368 -15.587
  -7.166 -14.890 -15.246
  -7.159 -15.724 -15.724
  -7.153 -15.829 -16.019
  -7.146 -15.542 -15.542
  -7.140 -15.462 -15.860
  -7.133 -15.589 -15.589
  -7.127 -15.746 -15.975
  -7.121 -15.355 -15.522
  -7.115 -15.636 -15.636
  -7.109 -16.156 -16.156
  -7.103 -15.590 -16.237
  -7.098 -15.709 -15.946
  -7.092 -15.268 -15.798
  -7.086 -15.296 -15.754
  -7.081 -15.220 -15.536
  -7.075 -16.000 -16.000
  -7.070 -15.909 -16.196
  -7.064 -15.049 -15.860
  -7.059 -15.680 -15.680
  -7.054 -15.797 -15.975
  -7.049 -15.906 -15.906
  -7.043 -16.072 -16.280
  -7.038 -15.600 -15.838
  -7.033 -15.769 -15.769
  -7.029 -15.605 -15.930
  -7.024 -15.482 -16.050
  -7.019 -14.986 -15.794
  -7.014 -16.045 -16.347
  -7.009 -15.391 -15.979
  -7.005 -16.000 -16.217
  -7.000 -15.793 -15.964
  -6.995 -14.987 -16.528
  -6.991 -14.534 -16.181
  -6.986 -16.786 -49.500
  -6.982 -16.148 -16.574
  -6.978 -15.944 -16.128
  -6.973 -15.789 -16.041
  -6.969 -15.652 -15.828
  -6.965 -15.199 -16.218
  -6.961 -15.774 -15.774
  -6.956 -15.909 -16.379
  -6.952 -15.998 -16.613
  -6.948 -15.580 -16.090
  -6.944 -15.738 -16.273
  -6.940 -15.708 -15.870
  -6.936 -16.142 -16.313
  -6.932 -16.265 -16.534
  -6.928 -16.707 -16.895
  -6.924 -16.529 -49.500
  -6.920 -16.330 -16.500
  -6.917 -15.817 -16.009
  -6.913 -16.128 -16.407
  -6.909 -16.598 -49.500
  -6.905 -15.312 -16.290
  -6.902 -16.954 -49.500
  -6.898 -16.041 -49.500
  -6.894 -16.528 -17.015
  -6.891 -16.644 -49.500
  -6.887 -15.940 -16.134
  -6.884 -15.653 -16.095
  -6.880 -15.828 -16.803
  -6.877 -16.086 -16.321
  -6.873 -16.396 -16.659
  -6.870 -16.682 -49.500
  -6.867 -16.790 -49.500
  -6.863 -16.117 -16.591
  -6.860 -15.532 -15.786
  -6.857 -16.178 -17.041
  -6.853 -15.682 -49.500
  -6.850 -16.136 -16.685
  -6.847 -16.906 -49.500
  -6.844 -49.500     NaN
  -6.840 -15.930 -16.098
  -6.837 -49.500     NaN
  -6.834 -49.500 -49.500
  -6.831 -16.933 -49.500
  -6.828 -16.847 -49.500
  -6.825 -15.889 -16.526
  -6.822 -15.656 -49.500
  -6.819 -49.500     NaN
  -6.816 -49.500     NaN
  -6.813 -16.558 -49.500
  -6.810 -16.616 -16.616
  -6.807 -49.500     NaN
  -6.804 -16.414 -49.500
  -6.801 -49.500     NaN
  -6.798 -15.711 -49.500
  -6.795 -49.500 -49.500
  -6.792 -14.773 -49.500
  -6.789 -15.643 -49.500
  -6.787 -49.500 -49.500
  -6.784 -16.326 -49.500
  -6.781 -16.315 -49.500
  -6.778 -49.500 -49.500
  -6.775 -49.500     NaN
  -6.773 -49.500     NaN
  -6.770 -15.843 -49.500
  -6.767 -16.494 -49.500
  -6.765 -15.890 -15.890
  -6.762 -16.653 -17.044
  -6.759 -16.361 -16.669
  -6.757 -16.050 -16.544
  -6.754 -49.500 -49.500
  -6.751 -49.500     NaN
  -6.749 -16.899 -16.899
  -6.746 -49.500 -49.500
  -6.744 -49.500     NaN
  -6.741 -49.500     NaN
  -6.739 -49.500     NaN
  -6.736 -15.699 -49.500
  -6.734 -49.500     NaN
  -6.731 -16.399 -49.500
  -6.729 -16.066 -16.665
  -6.726 -49.500     NaN
  -6.724 -15.647 -16.975
  -6.721 -49.500     NaN
  -6.719 -16.295 -16.295
  -6.717 -15.775 -16.131
  -6.714 -16.021 -16.021
  -6.712 -16.017 -49.500
  -6.709 -15.693 -16.284
  -6.707 -49.500 -49.500
  -6.705 -16.544 -49.500
  -6.702 -16.760 -16.760
  -6.700 -15.931 -16.099
  -6.698 -49.500     NaN
  -6.696 -15.371 -49.500
  -6.693 -49.500 -49.500
  -6.691 -16.209 -16.209
  -6.689 -15.646 -15.646
  -6.687 -49.500 -49.500
  -6.684 -49.500 -49.500
  -6.682 -49.500 -49.500
  -6.680 -49.500     NaN
  -6.678 -16.181 -16.181
  -6.675 -49.500     NaN
  -6.673 -49.500     NaN
  -6.671 -16.201 -49.500
  -6.669 -49.500 -49.500
  -6.667 -49.500 -49.500
  -6.665 -15.909 -49.500
  -6.663 -15.658 -16.160
  -6.661 -49.500     NaN
  -6.658 -49.500 -49.500
  -6.656 -49.500 -49.500
  -6.654 -16.427 -16.427
  -6.652 -16.212 -16.212
  -6.650 -49.500 -49.500
  -6.648 -49.500     NaN
  -6.646 -49.500 -49.500
  -6.644 -16.807 -49.500
  -6.642 -49.500 -49.500
  -6.640 -16.366 -16.366
  -6.638 -49.500 -49.500
  -6.636 -49.500 -49.500
  -6.634 -16.264 -49.500
  -6.632 -49.500 -49.500
  -6.630 -14.534 -49.500
  -6.628 -49.500 -49.500
  -6.626 -49.500 -49.500
  -6.624 -49.500 -49.500
  -6.622 -49.500 -49.500
  -6.620 -16.174 -49.500
  -6.618 -49.500     NaN
  -6.617 -49.500 -49.500
  -6.615 -49.500 -49.500
  -6.613 -49.500 -49.500
  -6.611 -49.500 -49.500
  -6.609 -49.500     NaN
  -6.607 -49.500     NaN
  -6.605 -49.500 -49.500
  -6.603 -49.500 -49.500
  -6.602 -49.500 -49.500
  -6.600 -49.500 -49.500
  -6.598 -49.500 -49.500
  -6.596 -49.500 -49.500
  -6.594 -49.500 -49.500
