  -8.861 -14.170 -14.170
  -8.599 -14.212 -14.212
  -8.442 -14.302 -14.302
  -8.329 -14.389 -14.389
  -8.239 -14.381 -14.381
  -8.166 -14.428 -14.428
  -8.103 -14.513 -14.513
  -8.048 -14.636 -14.636
  -7.999 -14.694 -14.694
  -7.955 -14.537 -14.537
  -7.916 -14.711 -14.711
  -7.879 -14.585 -14.585
  -7.846 -14.522 -14.677
  -7.815 -14.840 -14.840
  -7.786 -14.680 -14.680
  -7.758 -14.877 -14.877
  -7.733 -14.966 -14.966
  -7.709 -14.783 -14.783
  -7.686 -15.040 -15.040
  -7.664 -14.875 -14.875
  -7.643 -14.954 -14.954
  -7.624 -14.731 -14.888
  -7.605 -15.032 -15.032
  -7.586 -14.883 -14.883
  -7.569 -15.029 -15.029
  -7.552 -15.100 -15.100
  -7.536 -15.189 -15.189
  -7.521 -14.937 -14.937
  -7.506 -15.282 -15.282
  -7.491 -15.122 -15.122
  -7.477 -14.940 -15.175
  -7.464 -15.016 -15.301
  -7.451 -15.124 -15.124
  -7.438 -15.308 -15.308
  -7.425 -15.250 -15.250
  -7.413 -15.049 -15.049
  -7.401 -14.993 -14.993
  -7.390 -15.273 -15.634
  -7.379 -15.126 -15.126
  -7.368 -15.203 -15.374
  -7.357 -15.160 -15.160
  -7.347 -15.151 -15.317
  -7.337 -15.238 -15.456
  -7.327 -15.009 -15.403
  -7.317 -15.345 -15.345
  -7.308 -14.966 -15.151
  -7.299 -15.565 -15.565
  -7.290 -15.372 -15.525
  -7.281 -15.603 -15.603
  -7.272 -15.559 -15.559
  -7.264 -14.959 -15.430
  -7.255 -14.922 -15.207
  -7.247 -15.554 -15.554
  -7.239 -15.650 -15.650
  -7.231 -15.652 -15.652
  -7.223 -15.186 -15.362
  -7.216 -15.440 -15.596
  -7.208 -15.495 -15.495
  -7.201 -15.302 -15.713
  -7.194 -15.254 -15.561
  -7.187 -15.589 -15.589
  -7.180 -15.669 -15.996
  -7.173 -15.842 -15.842
  -7.166 -15.417 -15.656
  -7.159 -15.715 -15.715
  -7.153 -15.405 -15.405
  -7.146 -15.455 -16.005
  -7.140 -15.642 -15.642
  -7.133 -15.464 -15.900
  -7.127 -15.870 -15.870
  -7.121 -15.793 -16.009
  -7.115 -15.809 -15.809
  -7.109 -15.673 -15.834
  -7.103 -15.251 -15.902
  -7.098 -15.919 -15.919
  -7.092 -15.930 -15.930
  -7.086 -15.549 -15.794
  -7.081 -15.874 -15.874
  -7.075 -15.966 -15.966
  -7.070 -15.264 -15.778
  -7.064 -16.038 -16.193
  -7.059 -15.540 -15.753
  -7.054 -16.086 -16.272
  -7.049 -14.885 -15.949
  -7.043 -15.551 -15.551
  -7.038 -15.014 -16.242
  -7.033 -15.877 -16.149
  -7.029 -15.958 -16.157
  -7.024 -15.961 -16.132
  -7.019 -16.642 -16.642
  -7.014 -15.825 -16.080
  -7.009 -16.143 -16.311
  -7.005 -15.668 -15.852
  -7.000 -15.967 -16.203
  -6.995 -15.772 -16.125
  -6.991 -16.462 -16.462
  -6.986 -15.872 -16.451
  -6.982 -15.150 -15.986
  -6.978 -16.274 -16.274
  -6.973 -15.750 -16.045
  -6.969 -16.584 -16.942
  -6.965 -14.981 -16.227
  -6.961 -16.020 -16.633
  -6.956 -16.470 -22.259
  -6.952 -16.057 -16.057
  -6.948 -15.964 -16.184
  -6.944 -15.909 -16.493
  -6.940 -15.727 -16.119
  -6.936 -15.728 -16.673
  -6.932 -15.698 -15.855
  -6.928 -16.103 -16.254
  -6.924 -16.520 -16.520
  -6.920 -16.408 -16.598
  -6.917 -16.393 -16.393
  -6.913 -15.085 -15.753
  -6.909 -15.725 -15.975
  -6.905 -16.834 -17.272
  -6.902 -15.808 -16.360
  -6.898 -15.395 -15.639
  -6.894 -15.950 -16.627
  -6.891 -16.052 -16.378
  -6.887 -16.178 -16.548
  -6.884 -15.494 -49.500
  -6.880 -16.330 -16.330
  -6.877 -16.175 -16.359
  -6.873 -16.103 -17.107
  -6.870 -16.209 -16.529
  -6.867 -16.387 -16.903
  -6.863 -15.815 -16.113
  -6.860 -49.500     NaN
  -6.857 -16.113 -16.777
  -6.853 -15.587 -49.500
  -6.850 -15.863 -49.500
  -6.847 -16.895 -17.149
  -6.844 -15.166 -15.980
  -6.840 -16.823 -49.500
  -6.837 -16.552 -17.069
  -6.834 -15.942 -49.500
  -6.831 -16.321 -16.515
  -6.828 -16.500 -17.202
  -6.825 -15.866 -49.500
  -6.822 -15.739 -15.997
  -6.819 -15.793 -15.996
  -6.816 -49.500     NaN
  -6.813 -16.742 -49.500
  -6.810 -49.500     NaN
  -6.807 -49.500     NaN
  -6.804 -16.269 -16.432
  -6.801 -16.320 -49.500
  -6.798 -16.688 -49.500
  -6.795 -49.500     NaN
  -6.792 -16.703 -49.500
  -6.789 -15.636 -49.500
  -6.787 -16.197 -16.850
  -6.784 -16.147 -49.500
  -6.781 -16.000 -49.500
  -6.778 -49.500     NaN
  -6.775 -15.949 -16.487
  -6.773 -49.500     NaN
  -6.770 -49.500 -49.500
  -6.767 -49.500     NaN
  -6.765 -16.514 -16.514
  -6.762 -16.074 -16.650
  -6.759 -49.500     NaN
  -6.757 -49.500     NaN
  -6.754 -49.500 -49.500
  -6.751 -16.429 -16.981
  -6.749 -16.251 -49.500
  -6.746 -14.687 -49.500
  -6.744 -49.500     NaN
  -6.741 -49.500     NaN
  -6.739 -16.409 -49.500
  -6.736 -15.937 -49.500
  -6.734 -16.544 -49.500
  -6.731 -17.035 -17.035
  -6.729 -16.667 -49.500
  -6.726 -49.500 -49.500
  -6.724 -16.164 -16.366
  -6.721 -49.500 -49.500
  -6.719 -49.500 -49.500
  -6.717 -14.694 -49.500
  -6.714 -15.726 -49.500
  -6.712 -16.236 -16.236
  -6.709 -15.192 -49.500
  -6.707 -17.065 -49.500
  -6.705 -49.500 -49.500
  -6.702 -49.500 -49.500
  -6.700 -16.090 -49.500
  -6.698 -49.500     NaN
  -6.696 -15.631 -49.500
  -6.693 -49.500 -49.500
  -6.691 -49.500 -49.500
  -6.689 -15.432 -15.432
  -6.687 -16.459 -49.500
  -6.684 -49.500     NaN
  -6.682 -49.500     NaN
  -6.680 -49.500     NaN
  -6.678 -49.500 -49.500
  -6.675 -49.500 -49.500
  -6.673 -16.084 -49.500
  -6.671 -49.500     NaN
  -6.669 -49.500     NaN
  -6.667 -49.500 -49.500
  -6.665 -16.710 -49.500
  -6.663 -49.500 -49.500
  -6.661 -16.249 -16.249
  -6.658 -49.500 -49.500
  -6.656 -16.018 -49.500
  -6.654 -16.540 -49.500
  -6.652 -49.500 -49.500
  -6.650 -49.500 -49.500
  -6.648 -49.500 -49.500
  -6.646 -49.500 -49.500
  -6.644 -15.495 -16.212
  -6.642 -49.500 -49.500
  -6.640 -49.500 -49.500
  -6.638 -49.500 -49.500
  -6.636 -49.500 -49.500
  -6.634 -49.500     NaN
  -6.632 -16.585 -16.585
  -6.630 -49.500     NaN
  -6.628 -15.182 -15.182
  -6.626 -16.431 -49.500
  -6.624 -49.500 -49.500
  -6.622 -49.500 -49.500
  -6.620 -49.500 -49.500
  -6.618 -49.500 -49.500
  -6.617 -49.500 -49.500
  -6.615 -49.500 -49.500
  -6.613 -15.148 -15.148
  -6.611 -49.500 -49.500
  -6.609 -49.500 -49.500
  -6.607 -49.500 -49.500
  -6.605 -49.500 -49.500
  -6.603 -49.500 -49.500
  -6.602 -49.500 -49.500
  -6.600 -49.500 -49.500
  -6.598 -49.500 -49.500
  -6.596 -49.500 -49.500
  -6.594 -49.500 -49.500
