  -8.861 -14.166 -14.166
  -8.599 -14.232 -14.232
  -8.442 -14.332 -14.332
  -8.329 -14.410 -14.410
  -8.239 -14.348 -14.348
  -8.166 -14.449 -14.449
  -8.103 -14.360 -14.360
  -8.048 -14.647 -14.647
  -7.999 -14.403 -14.645
  -7.955 -14.610 -14.610
  -7.916 -14.678 -14.678
  -7.879 -14.730 -14.730
  -7.846 -14.715 -14.715
  -7.815 -14.751 -14.751
  -7.786 -14.796 -14.796
  -7.758 -14.809 -14.809
  -7.733 -14.839 -14.839
  -7.709 -14.831 -14.831
  -7.686 -14.867 -14.867
  -7.664 -14.478 -14.887
  -7.643 -14.892 -14.892
  -7.624 -15.055 -15.055
  -7.605 -14.961 -15.112
  -7.586 -15.142 -15.142
  -7.569 -15.120 -15.120
  -7.552 -14.977 -14.977
  -7.536 -15.109 -15.109
  -7.521 -14.894 -15.067
  -7.506 -14.961 -14.961
  -7.491 -15.217 -15.217
  -7.477 -15.217 -15.217
  -7.464 -15.159 -15.159
  -7.451 -14.919 -15.081
  -7.438 -15.176 -15.176
  -7.425 -15.377 -15.377
  -7.413 -14.726 -15.181
  -7.401 -15.082 -15.428
  -7.390 -15.163 -15.315
  -7.379 -14.501 -15.407
  -7.368 -15.250 -15.250
  -7.357 -15.374 -15.374
  -7.347 -15.325 -15.546
  -7.337 -15.229 -15.229
  -7.327 -15.308 -15.308
  -7.317 -15.492 -15.492
  -7.308 -15.321 -15.606
  -7.299 -15.300 -15.486
  -7.290 -15.164 -15.520
  -7.281 -15.035 -15.186
  -7.272 -15.250 -15.413
  -7.264 -15.230 -15.493
  -7.255 -14.859 -15.453
  -7.247 -15.366 -15.567
  -7.239 -15.516 -15.812
  -7.231 -15.539 -15.794
  -7.223 -15.695 -15.695
  -7.216 -15.391 -15.391
  -7.208 -15.960 -15.960
  -7.201 -15.150 -15.831
  -7.194 -14.999 -15.199
  -7.187 -15.767 -15.967
  -7.180 -15.445 -15.721
  -7.173 -15.472 -15.472
  -7.166 -15.662 -15.662
  -7.159 -15.731 -15.731
  -7.153 -14.851 -15.712
  -7.146 -15.299 -15.578
  -7.140 -15.565 -15.565
  -7.133 -15.430 -15.967
  -7.127 -15.382 -15.750
  -7.121 -15.896 -16.161
  -7.115 -15.460 -15.618
  -7.109 -15.617 -15.617
  -7.103 -15.710 -15.889
  -7.098 -15.663 -16.004
  -7.092 -15.940 -16.183
  -7.086 -15.478 -15.681
  -7.081 -15.618 -16.153
  -7.075 -15.798 -16.228
  -7.070 -16.011 -16.180
  -7.064 -15.432 -15.842
  -7.059 -15.978 -16.150
  -7.054 -15.496 -16.046
  -7.049 -16.245 -16.245
  -7.043 -15.433 -15.693
  -7.038 -16.063 -16.228
  -7.033 -16.244 -16.244
  -7.029 -15.058 -16.003
  -7.024 -15.752 -16.069
  -7.019 -15.456 -15.771
  -7.014 -15.878 -16.102
  -7.009 -16.286 -17.010
  -7.005 -16.093 -16.294
  -7.000 -16.263 -16.263
  -6.995 -15.764 -15.921
  -6.991 -15.288 -16.277
  -6.986 -16.326 -16.635
  -6.982 -15.712 -16.016
  -6.978 -16.012 -17.075
  -6.973 -16.005 -16.005
  -6.969 -15.873 -16.039
  -6.965 -16.184 -16.372
  -6.961 -15.822 -16.664
  -6.956 -15.794 -16.088
  -6.952 -16.135 -16.344
  -6.948 -16.319 -22.145
  -6.944 -16.187 -16.187
  -6.940 -15.988 -16.239
  -6.936 -16.217 -17.225
  -6.932 -16.182 -16.529
  -6.928 -15.817 -16.007
  -6.924 -16.126 -16.285
  -6.920 -15.296 -16.325
  -6.917 -15.954 -16.281
  -6.913 -16.476 -22.025
  -6.909 -15.916 -15.916
  -6.905 -15.418 -16.513
  -6.902 -16.184 -16.483
  -6.898 -16.460 -16.630
  -6.894 -49.500 -49.500
  -6.891 -16.556 -16.777
  -6.887 -15.428 -16.096
  -6.884 -16.647 -49.500
  -6.880 -16.373 -17.212
  -6.877 -15.941 -16.144
  -6.873 -16.226 -16.226
  -6.870 -49.500 -49.500
  -6.867 -16.017 -16.453
  -6.863 -15.618 -16.188
  -6.860 -16.480 -16.643
  -6.857 -16.006 -16.213
  -6.853 -15.922 -16.389
  -6.850 -16.436 -16.436
  -6.847 -16.242 -16.591
  -6.844 -16.708 -16.921
  -6.840 -16.516 -16.788
  -6.837 -49.500     NaN
  -6.834 -16.356 -16.356
  -6.831 -49.500     NaN
  -6.828 -14.997 -15.176
  -6.825 -49.500     NaN
  -6.822 -15.185 -15.962
  -6.819 -16.309 -49.500
  -6.816 -49.500 -49.500
  -6.813 -16.239 -49.500
  -6.810 -49.500     NaN
  -6.807 -16.277 -16.913
  -6.804 -16.352 -49.500
  -6.801 -16.611 -16.926
  -6.798 -15.702 -49.500
  -6.795 -49.500 -49.500
  -6.792 -15.437 -15.725
  -6.789 -15.887 -49.500
  -6.787 -49.500 -49.500
  -6.784 -16.461 -49.500
  -6.781 -49.500     NaN
  -6.778 -49.500     NaN
  -6.775 -49.500     NaN
  -6.773 -15.942 -49.500
  -6.770 -16.594 -16.594
  -6.767 -49.500     NaN
  -6.765 -49.500     NaN
  -6.762 -49.500     NaN
  -6.759 -16.493 -49.500
  -6.757 -49.500     NaN
  -6.754 -49.500     NaN
  -6.751 -16.149 -49.500
  -6.749 -16.322 -49.500
  -6.746 -49.500     NaN
  -6.744 -49.500 -49.500
  -6.741 -49.500     NaN
  -6.739 -16.835 -49.500
  -6.736 -49.500     NaN
  -6.734 -15.688 -16.890
  -6.731 -15.439 -15.870
  -6.729 -49.500 -49.500
  -6.726 -49.500     NaN
  -6.724 -16.792 -16.792
  -6.721 -16.687 -49.500
  -6.719 -49.500 -49.500
  -6.717 -16.347 -16.500
  -6.714 -14.673 -49.500
  -6.712 -49.500     NaN
  -6.709 -15.615 -49.500
  -6.707 -49.500 -49.500
  -6.705 -49.500     NaN
  -6.702 -16.947 -49.500
  -6.700 -15.811 -15.811
  -6.698 -49.500 -49.500
  -6.696 -15.735 -15.735
  -6.693 -16.184 -49.500
  -6.691 -49.500     NaN
  -6.689 -49.500 -49.500
  -6.687 -49.500     NaN
  -6.684 -49.500     NaN
  -6.682 -49.500 -49.500
  -6.680 -16.199 -16.199
  -6.678 -49.500     NaN
  -6.675 -49.500 -49.500
  -6.673 -14.499 -14.499
  -6.671 -49.500     NaN
  -6.669 -16.147 -16.459
  -6.667 -16.511 -16.511
  -6.665 -16.859 -16.859
  -6.663 -16.227 -16.227
  -6.661 -16.211 -16.211
  -6.658 -49.500 -49.500
  -6.656 -16.079 -16.079
  -6.654 -49.500 -49.500
  -6.652 -49.500     NaN
  -6.650 -49.500     NaN
  -6.648 -15.885 -15.885
  -6.646 -49.500 -49.500
  -6.644 -49.500 -49.500
  -6.642 -49.500 -49.500
  -6.640 -49.500 -49.500
  -6.638 -49.500 -49.500
  -6.636 -16.543 -49.500
  -6.634 -49.500 -49.500
  -6.632 -15.881 -49.500
  -6.630 -16.143 -49.500
  -6.628 -49.500 -49.500
  -6.626 -49.500 -49.500
  -6.624 -49.500 -49.500
  -6.622 -49.500     NaN
  -6.620 -16.118 -16.118
  -6.618 -16.717 -16.717
  -6.617 -16.130 -16.130
  -6.615 -49.500 -49.500
  -6.613 -15.826 -15.826
  -6.611 -16.070 -16.070
  -6.609 -49.500 -49.500
  -6.607 -49.500 -49.500
  -6.605 -49.500 -49.500
  -6.603 -16.273 -16.613
  -6.602 -49.500 -49.500
  -6.600 -49.500 -49.500
  -6.598 -49.500     NaN
  -6.596 -49.500 -49.500
  -6.594 -49.500     NaN
