  -8.861 -14.172 -14.172
  -8.599 -14.249 -14.249
  -8.442 -14.337 -14.337
  -8.329 -14.352 -14.352
  -8.239 -14.451 -14.451
  -8.166 -14.432 -14.432
  -8.103 -14.510 -14.510
  -8.048 -14.552 -14.552
  -7.999 -14.580 -14.580
  -7.955 -14.566 -14.566
  -7.916 -14.671 -14.671
  -7.879 -14.595 -14.595
  -7.846 -14.728 -14.728
  -7.815 -14.771 -14.771
  -7.786 -14.763 -14.763
  -7.758 -14.780 -14.780
  -7.733 -14.930 -14.930
  -7.709 -14.927 -14.927
  -7.686 -14.732 -14.732
  -7.664 -14.932 -14.932
  -7.643 -15.082 -15.082
  -7.624 -15.035 -15.035
  -7.605 -14.735 -14.735
  -7.586 -14.981 -14.981
  -7.569 -14.791 -14.791
  -7.552 -15.053 -15.053
  -7.536 -15.172 -15.172
  -7.521 -15.106 -15.106
  -7.506 -14.914 -14.914
  -7.491 -15.277 -15.277
  -7.477 -15.184 -15.184
  -7.464 -15.053 -15.053
  -7.451 -15.313 -15.313
  -7.438 -14.963 -14.963
  -7.425 -15.222 -15.222
  -7.413 -15.411 -15.411
  -7.401 -15.283 -15.283
  -7.390 -15.322 -15.322
  -7.379 -15.361 -15.361
  -7.368 -15.061 -15.061
  -7.357 -14.923 -15.240
  -7.347 -15.473 -15.473
  -7.337 -15.337 -15.337
  -7.327 -14.837 -14.837
  -7.317 -15.610 -15.610
  -7.308 -15.171 -15.518
  -7.299 -15.621 -15.621
  -7.290 -15.298 -15.485
  -7.281 -15.282 -15.282
  -7.272 -15.506 -15.506
  -7.264 -14.937 -15.344
  -7.255 -15.078 -15.457
  -7.247 -14.624 -15.126
  -7.239 -15.384 -15.384
  -7.231 -15.130 -15.513
  -7.223 -15.287 -15.287
  -7.216 -15.575 -15.737
  -7.208 -15.770 -15.770
  -7.201 -14.897 -15.509
  -7.194 -15.605 -15.605
  -7.187 -15.720 -16.018
  -7.180 -15.707 -15.707
  -7.173 -15.082 -15.736
  -7.166 -15.324 -15.324
  -7.159 -15.282 -15.747
  -7.153 -15.180 -15.493
  -7.146 -15.746 -15.746
  -7.140 -14.893 -15.265
  -7.133 -15.149 -15.574
  -7.127 -14.971 -15.280
  -7.121 -15.931 -15.931
  -7.115 -15.764 -15.764
  -7.109 -15.965 -15.965
  -7.103 -15.738 -16.046
  -7.098 -15.897 -16.065
  -7.092 -15.962 -15.962
  -7.086 -15.441 -15.746
  -7.081 -16.076 -16.076
  -7.075 -15.539 -15.539
  -7.070 -15.716 -15.716
  -7.064 -15.671 -16.029
  -7.059 -15.542 -15.759
  -7.054 -15.798 -16.035
  -7.049 -15.753 -15.753
  -7.043 -15.473 -15.931
  -7.038 -15.791 -16.033
  -7.033 -15.694 -15.960
  -7.029 -16.196 -16.196
  -7.024 -16.044 -16.296
  -7.019 -15.822 -16.118
  -7.014 -16.055 -16.331
  -7.009 -15.392 -16.114
  -7.005 -16.299 -16.457
  -7.000 -15.221 -16.359
  -6.995 -15.980 -16.188
  -6.991 -15.860 -16.916
  -6.986 -15.999 -15.999
  -6.982 -15.886 -16.420
  -6.978 -16.131 -16.780
  -6.973 -16.495 -16.824
  -6.969 -16.407 -17.192
  -6.965 -15.676 -16.354
  -6.961 -15.386 -16.000
  -6.956 -15.989 -16.188
  -6.952 -16.261 -16.807
  -6.948 -16.442 -16.667
  -6.944 -15.721 -15.963
  -6.940 -16.178 -16.383
  -6.936 -15.596 -16.232
  -6.932 -15.816 -16.972
  -6.928 -17.163 -49.500
  -6.924 -15.828 -16.509
  -6.920 -15.964 -16.479
  -6.917 -22.152 -22.152
  -6.913 -16.139 -16.604
  -6.909 -15.727 -15.893
  -6.905 -15.172 -16.247
  -6.902 -15.481 -16.396
  -6.898 -14.856 -15.202
  -6.894 -16.107 -16.719
  -6.891 -16.042 -16.463
  -6.887 -16.318 -16.621
  -6.884 -16.625 -16.861
  -6.880 -16.407 -16.718
  -6.877 -16.505 -16.850
  -6.873 -16.493 -16.493
  -6.870 -15.700 -16.164
  -6.867 -16.464 -16.777
  -6.863 -16.755 -49.500
  -6.860 -16.359 -16.583
  -6.857 -16.164 -16.726
  -6.853 -17.080 -49.500
  -6.850 -15.519 -16.165
  -6.847 -15.916 -16.226
  -6.844 -15.439 -15.640
  -6.840 -49.500     NaN
  -6.837 -16.135 -16.568
  -6.834 -16.915 -49.500
  -6.831 -16.361 -16.558
  -6.828 -15.815 -16.427
  -6.825 -16.122 -49.500
  -6.822 -15.721 -49.500
  -6.819 -16.228 -49.500
  -6.816 -15.407 -16.044
  -6.813 -16.237 -49.500
  -6.810 -15.767 -17.062
  -6.807 -16.020 -16.356
  -6.804 -15.473 -16.176
  -6.801 -16.494 -49.500
  -6.798 -15.682 -49.500
  -6.795 -49.500     NaN
  -6.792 -16.431 -49.500
  -6.789 -16.431 -16.861
  -6.787 -16.218 -49.500
  -6.784 -16.581 -16.581
  -6.781 -16.312 -16.721
  -6.778 -16.538 -49.500
  -6.775 -16.169 -49.500
  -6.773 -49.500     NaN
  -6.770 -49.500 -49.500
  -6.767 -49.500 -49.500
  -6.765 -49.500     NaN
  -6.762 -15.617 -16.103
  -6.759 -16.391 -49.500
  -6.757 -49.500     NaN
  -6.754 -49.500     NaN
  -6.751 -49.500 -49.500
  -6.749 -16.343 -49.500
  -6.746 -49.500     NaN
  -6.744 -49.500 -49.500
  -6.741 -16.585 -16.585
  -6.739 -16.928 -49.500
  -6.736 -15.865 -49.500
  -6.734 -15.833 -49.500
  -6.731 -49.500 -49.500
  -6.729 -15.048 -49.500
  -6.726 -16.029 -49.500
  -6.724 -49.500     NaN
  -6.721 -49.500 -49.500
  -6.719 -16.028 -16.298
  -6.717 -49.500 -49.500
  -6.714 -16.398 -49.500
  -6.712 -49.500 -49.500
  -6.709 -15.150 -16.986
  -6.707 -49.500 -49.500
  -6.705 -49.500     NaN
  -6.702 -49.500 -49.500
  -6.700 -14.953 -49.500
  -6.698 -49.500 -49.500
  -6.696 -49.500 -49.500
  -6.693 -49.500     NaN
  -6.691 -49.500 -49.500
  -6.689 -15.996 -49.500
  -6.687 -49.500 -49.500
  -6.684 -15.912 -49.500
  -6.682 -16.429 -49.500
  -6.680 -49.500 -49.500
  -6.678 -14.682 -49.500
  -6.675 -49.500 -49.500
  -6.673 -49.500 -49.500
  -6.671 -49.500 -49.500
  -6.669 -49.500 -49.500
  -6.667 -16.218 -16.218
  -6.665 -49.500 -49.500
  -6.663 -49.500     NaN
  -6.661 -49.500     NaN
  -6.658 -49.500     NaN
  -6.656 -15.801 -15.801
  -6.654 -49.500 -49.500
  -6.652 -49.500 -49.500
  -6.650 -49.500     NaN
  -6.648 -49.500 -49.500
  -6.646 -16.337 -16.337
  -6.644 -49.500     NaN
  -6.642 -49.500 -49.500
  -6.640 -49.500 -49.500
  -6.638 -49.500 -49.500
  -6.636 -14.657 -14.657
  -6.634 -49.500 -49.500
  -6.632 -49.500 -49.500
  -6.630 -49.500 -49.500
  -6.628 -49.500     NaN
  -6.626 -49.500 -49.500
  -6.624 -49.500 -49.500
  -6.622 -49.500 -49.500
  -6.620 -49.500 -49.500
  -6.618 -16.018 -49.500
  -6.617 -49.500     NaN
  -6.615 -15.892 -49.500
  -6.613 -49.500 -49.500
  -6.611 -49.500 -49.500
  -6.609 -49.500 -49.500
  -6.607 -49.500     NaN
  -6.605 -49.500 -49.500
  -6.603 -49.500 -49.500
  -6.602 -49.500 -49.500
  -6.600 -49.500 -49.500
  -6.598 -49.500 -49.500
  -6.596 -49.500 -49.500
  -6.594 -49.500     NaN
