  -8.861 -14.172 -14.172
  -8.599 -14.254 -14.254
  -8.442 -14.319 -14.319
  -8.329 -14.413 -14.413
  -8.239 -14.415 -14.415
  -8.166 -14.467 -14.467
  -8.103 -14.525 -14.525
  -8.048 -14.585 -14.585
  -7.999 -14.636 -14.636
  -7.955 -14.610 -14.610
  -7.916 -14.646 -14.646
  -7.879 -14.532 -14.532
  -7.846 -14.671 -14.671
  -7.815 -14.564 -14.564
  -7.786 -14.810 -14.810
  -7.758 -14.806 -14.806
  -7.733 -14.741 -14.741
  -7.709 -14.861 -14.861
  -7.686 -14.879 -14.879
  -7.664 -14.900 -14.900
  -7.643 -15.065 -15.065
  -7.624 -14.931 -14.931
  -7.605 -14.986 -14.986
  -7.586 -14.725 -14.725
  -7.569 -15.102 -15.102
  -7.552 -14.854 -15.045
  -7.536 -14.772 -15.054
  -7.521 -15.119 -15.119
  -7.506 -14.699 -14.903
  -7.491 -14.943 -15.128
  -7.477 -14.968 -15.138
  -7.464 -15.170 -15.170
  -7.451 -14.820 -15.050
  -7.438 -14.929 -15.301
  -7.425 -14.849 -15.353
  -7.413 -15.168 -15.168
  -7.401 -15.355 -15.355
  -7.390 -15.343 -15.343
  -7.379 -15.357 -15.357
  -7.368 -15.039 -15.236
  -7.357 -15.131 -15.131
  -7.347 -15.398 -15.398
  -7.337 -15.490 -15.680
  -7.327 -15.440 -15.440
  -7.317 -15.642 -15.642
  -7.308 -15.312 -15.312
  -7.299 -15.625 -15.625
  -7.290 -15.112 -15.266
  -7.281 -15.438 -15.438
  -7.272 -15.347 -15.503
  -7.264 -15.469 -15.469
  -7.255 -15.706 -15.706
  -7.247 -15.425 -15.425
  -7.239 -15.561 -15.561
  -7.231 -15.530 -15.684
  -7.223 -15.836 -15.836
  -7.216 -15.365 -15.686
  -7.208 -15.112 -16.013
  -7.201 -15.389 -15.558
  -7.194 -15.479 -15.916
  -7.187 -15.844 -16.017
  -7.180 -15.369 -15.588
  -7.173 -15.176 -15.845
  -7.166 -15.878 -15.878
  -7.159 -15.528 -15.528
  -7.153 -14.639 -15.547
  -7.146 -15.755 -15.755
  -7.140 -15.873 -15.873
  -7.133 -15.318 -15.920
  -7.127 -15.342 -15.964
  -7.121 -14.693 -15.350
  -7.115 -15.554 -15.839
  -7.109 -15.257 -16.019
  -7.103 -15.631 -15.817
  -7.098 -15.005 -15.723
  -7.092 -15.606 -15.807
  -7.086 -15.186 -15.186
  -7.081 -16.308 -16.308
  -7.075 -15.108 -15.632
  -7.070 -16.290 -16.290
  -7.064 -16.023 -16.227
  -7.059 -16.319 -16.319
  -7.054 -15.935 -15.935
  -7.049 -16.152 -16.411
  -7.043 -15.969 -15.969
  -7.038 -15.940 -16.181
  -7.033 -16.102 -16.294
  -7.029 -15.690 -16.021
  -7.024 -15.819 -16.183
  -7.019 -16.029 -16.029
  -7.014 -15.370 -15.731
  -7.009 -15.697 -15.697
  -7.005 -15.466 -15.950
  -7.000 -15.994 -16.182
  -6.995 -15.652 -16.008
  -6.991 -15.747 -16.028
  -6.986 -15.933 -15.933
  -6.982 -16.268 -16.595
  -6.978 -16.218 -16.394
  -6.973 -15.967 -16.248
  -6.969 -16.648 -49.500
  -6.965 -16.195 -16.195
  -6.961 -15.520 -16.429
  -6.956 -16.154 -16.645
  -6.952 -16.295 -16.573
  -6.948 -16.033 -16.495
  -6.944 -15.945 -15.945
  -6.940 -16.273 -21.585
  -6.936 -16.064 -16.225
  -6.932 -16.087 -16.087
  -6.928 -15.848 -16.007
  -6.924 -15.597 -16.479
  -6.920 -16.447 -22.491
  -6.917 -16.058 -16.216
  -6.913 -16.002 -16.316
  -6.909 -16.205 -16.539
  -6.905 -15.892 -16.046
  -6.902 -15.421 -16.574
  -6.898 -49.500     NaN
  -6.894 -22.127 -22.127
  -6.891 -49.500     NaN
  -6.887 -15.941 -49.500
  -6.884 -15.878 -16.480
  -6.880 -49.500     NaN
  -6.877 -15.742 -16.525
  -6.873 -15.980 -15.980
  -6.870 -16.505 -16.957
  -6.867 -15.677 -16.067
  -6.863 -16.195 -16.860
  -6.860 -16.386 -16.815
  -6.857 -15.579 -15.919
  -6.853 -49.500     NaN
  -6.850 -49.500     NaN
  -6.847 -15.717 -16.665
  -6.844 -15.778 -15.778
  -6.840 -16.726 -49.500
  -6.837 -49.500     NaN
  -6.834 -16.377 -49.500
  -6.831 -16.744 -49.500
  -6.828 -16.280 -49.500
  -6.825 -14.968 -16.749
  -6.822 -49.500     NaN
  -6.819 -16.248 -49.500
  -6.816 -15.623 -49.500
  -6.813 -15.562 -49.500
  -6.810 -15.950 -16.137
  -6.807 -49.500     NaN
  -6.804 -16.231 -16.677
  -6.801 -49.500     NaN
  -6.798 -16.502 -49.500
  -6.795 -49.500     NaN
  -6.792 -15.905 -16.701
  -6.789 -49.500     NaN
  -6.787 -16.928 -16.928
  -6.784 -49.500     NaN
  -6.781 -15.525 -16.016
  -6.778 -49.500     NaN
  -6.775 -49.500     NaN
  -6.773 -49.500     NaN
  -6.770 -49.500     NaN
  -6.767 -16.611 -49.500
  -6.765 -49.500     NaN
  -6.762 -16.352 -16.529
  -6.759 -16.224 -49.500
  -6.757 -16.798 -49.500
  -6.754 -15.999 -16.505
  -6.751 -49.500     NaN
  -6.749 -16.420 -49.500
  -6.746 -49.500     NaN
  -6.744 -16.056 -16.354
  -6.741 -49.500     NaN
  -6.739 -49.500     NaN
  -6.736 -16.556 -16.556
  -6.734 -16.107 -16.107
  -6.731 -15.566 -16.089
  -6.729 -15.059 -15.059
  -6.726 -49.500     NaN
  -6.724 -16.391 -16.682
  -6.721 -16.808 -17.080
  -6.719 -49.500     NaN
  -6.717 -15.309 -49.500
  -6.714 -16.515 -16.667
  -6.712 -49.500     NaN
  -6.709 -49.500 -49.500
  -6.707 -49.500 -49.500
  -6.705 -49.500 -49.500
  -6.702 -49.500 -49.500
  -6.700 -49.500 -49.500
  -6.698 -49.500 -49.500
  -6.696 -15.564 -16.086
  -6.693 -15.354 -15.706
  -6.691 -49.500 -49.500
  -6.689 -49.500     NaN
  -6.687 -15.898 -49.500
  -6.684 -49.500     NaN
  -6.682 -16.674 -49.500
  -6.680 -49.500     NaN
  -6.678 -49.500     NaN
  -6.675 -15.470 -49.500
  -6.673 -49.500 -49.500
  -6.671 -16.206 -49.500
  -6.669 -49.500 -49.500
  -6.667 -49.500 -49.500
  -6.665 -49.500     NaN
  -6.663 -16.299 -49.500
  -6.661 -49.500 -49.500
  -6.658 -49.500 -49.500
  -6.656 -49.500     NaN
  -6.654 -16.568 -49.500
  -6.652 -49.500 -49.500
  -6.650 -15.837 -15.837
  -6.648 -49.500 -49.500
  -6.646 -49.500 -49.500
  -6.644 -49.500 -49.500
  -6.642 -49.500 -49.500
  -6.640 -15.325 -15.325
  -6.638 -49.500 -49.500
  -6.636 -49.500 -49.500
  -6.634 -49.500 -49.500
  -6.632 -49.500 -49.500
  -6.630 -49.500 -49.500
  -6.628 -49.500 -49.500
  -6.626 -49.500 -49.500
  -6.624 -49.500 -49.500
  -6.622 -49.500 -49.500
  -6.620 -16.231 -16.231
  -6.618 -49.500 -49.500
  -6.617 -16.278 -16.278
  -6.615 -15.548 -49.500
  -6.613 -49.500 -49.500
  -6.611 -49.500 -49.500
  -6.609 -49.500 -49.500
  -6.607 -49.500 -49.500
  -6.605 -49.500 -49.500
  -6.603 -49.500 -49.500
  -6.602 -49.500 -49.500
  -6.600 -49.500 -49.500
  -6.598 -49.500 -49.500
  -6.596 -49.500 -49.500
  -6.594 -15.993 -49.500
