  -8.861 -14.169 -14.169
  -8.599 -14.263 -14.263
  -8.442 -14.320 -14.320
  -8.329 -14.352 -14.352
  -8.239 -14.414 -14.414
  -8.166 -14.447 -14.447
  -8.103 -14.507 -14.507
  -8.048 -14.460 -14.460
  -7.999 -14.629 -14.629
  -7.955 -14.629 -14.629
  -7.916 -14.556 -14.556
  -7.879 -14.738 -14.738
  -7.846 -14.709 -14.709
  -7.815 -14.819 -14.819
  -7.786 -14.776 -14.776
  -7.758 -14.645 -14.920
  -7.733 -14.665 -14.888
  -7.709 -14.861 -14.861
  -7.686 -14.938 -14.938
  -7.664 -14.912 -14.912
  -7.643 -14.835 -14.835
  -7.624 -14.571 -14.806
  -7.605 -14.840 -14.840
  -7.586 -14.994 -14.994
  -7.569 -14.984 -14.984
  -7.552 -14.955 -14.955
  -7.536 -15.267 -15.267
  -7.521 -15.034 -15.215
  -7.506 -14.129 -14.531
  -7.491 -14.900 -14.900
  -7.477 -15.145 -15.145
  -7.464 -14.502 -15.205
  -7.451 -14.597 -15.044
  -7.438 -14.931 -14.931
  -7.425 -15.123 -15.123
  -7.413 -14.871 -15.104
  -7.401 -15.276 -15.276
  -7.390 -14.928 -15.478
  -7.379 -15.278 -15.278
  -7.368 -14.767 -15.444
  -7.357 -15.471 -15.471
  -7.347 -15.351 -15.351
  -7.337 -15.164 -15.348
  -7.327 -15.153 -15.415
  -7.317 -15.261 -15.505
  -7.308 -15.505 -15.505
  -7.299 -15.345 -15.345
  -7.290 -15.279 -15.279
  -7.281 -15.138 -15.407
  -7.272 -15.169 -15.169
  -7.264 -15.325 -15.325
  -7.255 -15.736 -15.736
  -7.247 -15.366 -15.528
  -7.239 -15.078 -15.257
  -7.231 -14.886 -15.738
  -7.223 -15.626 -15.626
  -7.216 -15.474 -15.474
  -7.208 -15.258 -15.634
  -7.201 -15.291 -15.291
  -7.194 -15.836 -15.836
  -7.187 -15.436 -15.657
  -7.180 -15.186 -15.948
  -7.173 -15.692 -15.692
  -7.166 -15.461 -15.693
  -7.159 -15.378 -15.651
  -7.153 -15.542 -15.767
  -7.146 -15.604 -15.604
  -7.140 -15.554 -15.554
  -7.133 -15.666 -15.952
  -7.127 -15.773 -15.773
  -7.121 -15.261 -15.464
  -7.115 -15.552 -15.552
  -7.109 -15.758 -16.096
  -7.103 -15.504 -15.762
  -7.098 -15.213 -16.233
  -7.092 -15.742 -16.221
  -7.086 -16.281 -16.281
  -7.081 -15.822 -16.185
  -7.075 -15.834 -15.834
  -7.070 -15.725 -15.891
  -7.064 -16.081 -16.081
  -7.059 -15.626 -15.910
  -7.054 -15.136 -16.041
  -7.049 -15.583 -16.117
  -7.043 -15.931 -16.284
  -7.038 -15.795 -15.956
  -7.033 -15.400 -15.836
  -7.029 -15.983 -16.334
  -7.024 -15.700 -16.384
  -7.019 -15.948 -16.355
  -7.014 -16.272 -16.272
  -7.009 -15.464 -15.657
  -7.005 -15.650 -15.949
  -7.000 -16.432 -16.432
  -6.995 -15.739 -15.921
  -6.991 -15.343 -15.598
  -6.986 -16.173 -16.173
  -6.982 -15.962 -16.206
  -6.978 -15.605 -15.605
  -6.973 -15.877 -15.877
  -6.969 -16.081 -49.500
  -6.965 -15.716 -16.140
  -6.961 -16.197 -16.444
  -6.956 -15.708 -15.865
  -6.952 -16.502 -16.787
  -6.948 -15.471 -16.415
  -6.944 -16.134 -16.336
  -6.940 -16.068 -16.241
  -6.936 -16.043 -16.043
  -6.932 -16.010 -16.010
  -6.928 -16.141 -16.457
  -6.924 -15.500 -16.222
  -6.920 -15.846 -16.086
  -6.917 -14.964 -15.755
  -6.913 -16.347 -49.500
  -6.909 -15.240 -15.602
  -6.905 -15.226 -49.500
  -6.902 -15.804 -15.804
  -6.898 -16.178 -16.646
  -6.894 -49.500     NaN
  -6.891 -15.526 -16.663
  -6.887 -16.062 -16.680
  -6.884 -16.810 -49.500
  -6.880 -16.580 -49.500
  -6.877 -16.452 -16.658
  -6.873 -16.772 -49.500
  -6.870 -16.246 -16.474
  -6.867 -16.736 -49.500
  -6.863 -16.363 -16.849
  -6.860 -17.048 -49.500
  -6.857 -16.372 -49.500
  -6.853 -15.017 -15.592
  -6.850 -15.410 -16.768
  -6.847 -15.996 -49.500
  -6.844 -17.021 -49.500
  -6.840 -16.239 -16.542
  -6.837 -49.500     NaN
  -6.834 -16.684 -16.920
  -6.831 -16.032 -16.235
  -6.828 -16.427 -49.500
  -6.825 -16.249 -49.500
  -6.822 -49.500     NaN
  -6.819 -15.718 -49.500
  -6.816 -49.500     NaN
  -6.813 -15.849 -49.500
  -6.810 -16.162 -16.425
  -6.807 -16.774 -49.500
  -6.804 -16.023 -49.500
  -6.801 -49.500 -49.500
  -6.798 -16.597 -49.500
  -6.795 -49.500     NaN
  -6.792 -49.500     NaN
  -6.789 -49.500 -49.500
  -6.787 -49.500     NaN
  -6.784 -15.995 -49.500
  -6.781 -15.594 -49.500
  -6.778 -49.500     NaN
  -6.775 -16.147 -49.500
  -6.773 -15.218 -17.184
  -6.770 -49.500     NaN
  -6.767 -49.500     NaN
  -6.765 -16.605 -49.500
  -6.762 -15.163 -16.182
  -6.759 -16.363 -16.775
  -6.757 -16.498 -49.500
  -6.754 -16.202 -16.202
  -6.751 -16.128 -16.954
  -6.749 -15.697 -16.271
  -6.746 -16.974 -49.500
  -6.744 -49.500     NaN
  -6.741 -17.161 -49.500
  -6.739 -15.816 -49.500
  -6.736 -15.988 -49.500
  -6.734 -49.500 -49.500
  -6.731 -49.500     NaN
  -6.729 -16.306 -49.500
  -6.726 -49.500     NaN
  -6.724 -49.500 -49.500
  -6.721 -15.542 -16.477
  -6.719 -16.900 -49.500
  -6.717 -49.500 -49.500
  -6.714 -49.500 -49.500
  -6.712 -49.500     NaN
  -6.709 -49.500     NaN
  -6.707 -49.500     NaN
  -6.705 -16.322 -49.500
  -6.702 -49.500 -49.500
  -6.700 -16.477 -49.500
  -6.698 -16.098 -16.098
  -6.696 -49.500 -49.500
  -6.693 -49.500 -49.500
  -6.691 -49.500 -49.500
  -6.689 -49.500 -49.500
  -6.687 -16.219 -16.219
  -6.684 -16.228 -16.228
  -6.682 -49.500 -49.500
  -6.680 -49.500     NaN
  -6.678 -16.004 -16.004
  -6.675 -16.292 -16.292
  -6.673 -49.500 -49.500
  -6.671 -16.971 -49.500
  -6.669 -49.500 -49.500
  -6.667 -49.500     NaN
  -6.665 -49.500     NaN
  -6.663 -49.500 -49.500
  -6.661 -49.500     NaN
  -6.658 -16.071 -49.500
  -6.656 -49.500 -49.500
  -6.654 -49.500 -49.500
  -6.652 -16.384 -49.500
  -6.650 -16.684 -49.500
  -6.648 -49.500 -49.500
  -6.646 -16.130 -49.500
  -6.644 -49.500 -49.500
  -6.642 -14.729 -14.729
  -6.640 -49.500     NaN
  -6.638 -49.500     NaN
  -6.636 -49.500 -49.500
  -6.634 -49.500 -49.500
  -6.632 -49.500 -49.500
  -6.630 -49.500 -49.500
  -6.628 -16.672 -16.672
  -6.626 -49.500     NaN
  -6.624 -15.785 -15.785
  -6.622 -16.169 -16.885
  -6.620 -16.210 -16.210
  -6.618 -16.852 -49.500
  -6.617 -49.500 -49.500
  -6.615 -49.500     NaN
  -6.613 -49.500 -49.500
  -6.611 -49.500 -49.500
  -6.609 -16.069 -16.069
  -6.607 -49.500 -49.500
  -6.605 -49.500 -49.500
  -6.603 -49.500 -49.500
  -6.602 -49.500 -49.500
  -6.600 -49.500     NaN
  -6.598 -49.500 -49.500
  -6.596 -49.500 -49.500
  -6.594 -49.500     NaN
