  -8.861 -14.155 -14.155
  -8.599 -14.258 -14.258
  -8.442 -14.309 -14.309
  -8.329 -14.357 -14.357
  -8.239 -14.387 -14.387
  -8.166 -14.507 -14.507
  -8.103 -14.491 -14.491
  -8.048 -14.560 -14.560
  -7.999 -14.614 -14.614
  -7.955 -14.602 -14.602
  -7.916 -14.709 -14.709
  -7.879 -14.670 -14.670
  -7.846 -14.604 -14.604
  -7.815 -14.709 -14.709
  -7.786 -14.727 -14.727
  -7.758 -14.876 -14.876
  -7.733 -14.785 -14.785
  -7.709 -15.048 -15.048
  -7.686 -14.641 -15.000
  -7.664 -14.864 -14.864
  -7.643 -15.029 -15.029
  -7.624 -14.707 -14.944
  -7.605 -14.926 -14.926
  -7.586 -14.793 -15.054
  -7.569 -15.145 -15.145
  -7.552 -14.684 -14.684
  -7.536 -15.094 -15.094
  -7.521 -15.006 -15.006
  -7.506 -14.970 -15.171
  -7.491 -14.879 -15.289
  -7.477 -15.040 -15.040
  -7.464 -15.014 -15.014
  -7.451 -15.059 -15.251
  -7.438 -15.412 -15.412
  -7.425 -15.192 -15.192
  -7.413 -15.240 -15.240
  -7.401 -15.300 -15.300
  -7.390 -15.033 -15.465
  -7.379 -15.352 -15.352
  -7.368 -15.365 -15.365
  -7.357 -15.513 -15.666
  -7.347 -14.847 -15.435
  -7.337 -14.488 -15.508
  -7.327 -15.515 -15.515
  -7.317 -15.290 -15.565
  -7.308 -15.604 -15.604
  -7.299 -15.466 -15.466
  -7.290 -15.354 -15.354
  -7.281 -15.473 -15.473
  -7.272 -15.318 -15.812
  -7.264 -15.052 -15.052
  -7.255 -15.517 -15.517
  -7.247 -15.107 -15.569
  -7.239 -14.450 -15.170
  -7.231 -14.922 -15.297
  -7.223 -15.069 -15.501
  -7.216 -15.505 -15.505
  -7.208 -14.963 -15.800
  -7.201 -15.599 -15.599
  -7.194 -15.216 -15.717
  -7.187 -15.455 -15.741
  -7.180 -15.458 -16.168
  -7.173 -15.719 -15.719
  -7.166 -15.594 -15.594
  -7.159 -15.323 -15.481
  -7.153 -15.301 -15.700
  -7.146 -15.725 -15.725
  -7.140 -15.261 -15.462
  -7.133 -15.521 -15.521
  -7.127 -15.562 -15.861
  -7.121 -15.476 -15.881
  -7.115 -15.616 -15.616
  -7.109 -15.010 -15.205
  -7.103 -15.667 -15.667
  -7.098 -15.521 -15.521
  -7.092 -15.325 -15.967
  -7.086 -16.341 -16.542
  -7.081 -15.573 -15.573
  -7.075 -15.036 -15.824
  -7.070 -15.231 -15.418
  -7.064 -15.179 -15.658
  -7.059 -15.827 -16.067
  -7.054 -16.269 -16.269
  -7.049 -15.716 -15.947
  -7.043 -15.999 -15.999
  -7.038 -16.092 -16.092
  -7.033 -15.537 -16.201
  -7.029 -15.682 -15.873
  -7.024 -15.162 -16.089
  -7.019 -16.160 -16.160
  -7.014 -15.645 -15.821
  -7.009 -15.952 -16.155
  -7.005 -15.713 -15.920
  -7.000 -16.139 -16.540
  -6.995 -15.884 -16.097
  -6.991 -15.939 -16.166
  -6.986 -15.551 -16.227
  -6.982 -16.137 -16.516
  -6.978 -16.593 -17.222
  -6.973 -15.879 -15.879
  -6.969 -15.905 -16.627
  -6.965 -15.919 -15.919
  -6.961 -16.259 -16.426
  -6.956 -16.157 -17.107
  -6.952 -15.828 -16.298
  -6.948 -15.597 -15.990
  -6.944 -16.134 -16.381
  -6.940 -15.874 -15.874
  -6.936 -15.471 -15.628
  -6.932 -15.400 -15.779
  -6.928 -16.246 -16.410
  -6.924 -15.323 -15.523
  -6.920 -15.603 -16.084
  -6.917 -15.159 -15.788
  -6.913 -15.810 -16.263
  -6.909 -16.000 -16.321
  -6.905 -15.608 -16.429
  -6.902 -15.096 -16.494
  -6.898 -16.844 -22.464
  -6.894 -49.500     NaN
  -6.891 -16.403 -16.558
  -6.887 -16.075 -16.253
  -6.884 -16.520 -49.500
  -6.880 -15.930 -16.120
  -6.877 -15.746 -16.410
  -6.873 -15.094 -16.611
  -6.870 -16.349 -49.500
  -6.867 -16.369 -16.561
  -6.863 -49.500 -49.500
  -6.860 -49.500     NaN
  -6.857 -16.440 -16.712
  -6.853 -16.149 -16.463
  -6.850 -16.263 -16.564
  -6.847 -17.087 -49.500
  -6.844 -15.982 -49.500
  -6.840 -49.500     NaN
  -6.837 -15.626 -16.007
  -6.834 -49.500     NaN
  -6.831 -15.849 -49.500
  -6.828 -15.903 -16.780
  -6.825 -16.215 -16.541
  -6.822 -16.557 -49.500
  -6.819 -16.939 -49.500
  -6.816 -49.500     NaN
  -6.813 -49.500     NaN
  -6.810 -16.647 -49.500
  -6.807 -16.747 -16.974
  -6.804 -49.500     NaN
  -6.801 -49.500     NaN
  -6.798 -16.071 -16.415
  -6.795 -16.523 -49.500
  -6.792 -16.428 -49.500
  -6.789 -15.557 -16.454
  -6.787 -16.408 -49.500
  -6.784 -49.500 -49.500
  -6.781 -49.500 -49.500
  -6.778 -49.500     NaN
  -6.775 -49.500     NaN
  -6.773 -15.921 -49.500
  -6.770 -16.092 -49.500
  -6.767 -16.043 -16.043
  -6.765 -49.500     NaN
  -6.762 -49.500 -49.500
  -6.759 -49.500     NaN
  -6.757 -16.182 -49.500
  -6.754 -16.920 -49.500
  -6.751 -16.047 -16.047
  -6.749 -49.500     NaN
  -6.746 -16.208 -16.363
  -6.744 -16.723 -49.500
  -6.741 -49.500 -49.500
  -6.739 -49.500     NaN
  -6.736 -49.500     NaN
  -6.734 -16.116 -16.319
  -6.731 -16.558 -49.500
  -6.729 -16.574 -16.809
  -6.726 -15.945 -49.500
  -6.724 -16.894 -49.500
  -6.721 -49.500 -49.500
  -6.719 -15.200 -49.500
  -6.717 -49.500 -49.500
  -6.714 -49.500     NaN
  -6.712 -49.500     NaN
  -6.709 -49.500 -49.500
  -6.707 -49.500     NaN
  -6.705 -16.665 -16.665
  -6.702 -49.500 -49.500
  -6.700 -15.692 -15.958
  -6.698 -15.186 -15.186
  -6.696 -16.619 -16.619
  -6.693 -49.500     NaN
  -6.691 -16.290 -16.487
  -6.689 -15.884 -49.500
  -6.687 -49.500     NaN
  -6.684 -49.500 -49.500
  -6.682 -49.500 -49.500
  -6.680 -49.500 -49.500
  -6.678 -16.532 -49.500
  -6.675 -49.500 -49.500
  -6.673 -49.500 -49.500
  -6.671 -15.533 -49.500
  -6.669 -15.706 -16.364
  -6.667 -49.500 -49.500
  -6.665 -16.909 -49.500
  -6.663 -49.500 -49.500
  -6.661 -15.585 -49.500
  -6.658 -49.500 -49.500
  -6.656 -49.500 -49.500
  -6.654 -49.500 -49.500
  -6.652 -15.791 -16.481
  -6.650 -16.572 -16.572
  -6.648 -16.561 -49.500
  -6.646 -49.500 -49.500
  -6.644 -49.500 -49.500
  -6.642 -49.500 -49.500
  -6.640 -15.353 -16.534
  -6.638 -49.500 -49.500
  -6.636 -49.500     NaN
  -6.634 -49.500 -49.500
  -6.632 -49.500 -49.500
  -6.630 -49.500 -49.500
  -6.628 -49.500 -49.500
  -6.626 -49.500 -49.500
  -6.624 -49.500 -49.500
  -6.622 -15.997 -15.997
  -6.620 -49.500 -49.500
  -6.618 -49.500 -49.500
  -6.617 -49.500     NaN
  -6.615 -49.500 -49.500
  -6.613 -16.220 -16.220
  -6.611 -49.500 -49.500
  -6.609 -49.500 -49.500
  -6.607 -49.500     NaN
  -6.605 -49.500 -49.500
  -6.603 -49.500 -49.500
  -6.602 -49.500 -49.500
  -6.600 -16.042 -16.042
  -6.598 -16.402 -16.402
  -6.596 -16.316 -16.316
  -6.594 -49.500 -49.500
