  -8.861 -14.101 -14.101
  -8.599 -14.118 -14.118
  -8.442 -14.305 -14.305
  -8.329 -14.358 -14.358
  -8.239 -14.408 -14.408
  -8.166 -14.468 -14.468
  -8.103 -14.479 -14.479
  -8.048 -14.599 -14.599
  -7.999 -14.590 -14.590
  -7.955 -14.589 -14.589
  -7.916 -14.614 -14.614
  -7.879 -14.668 -14.668
  -7.846 -14.757 -14.757
  -7.815 -14.786 -14.786
  -7.786 -14.779 -14.779
  -7.758 -14.866 -14.866
  -7.733 -14.772 -14.772
  -7.709 -14.855 -14.855
  -7.686 -14.561 -14.837
  -7.664 -14.814 -14.973
  -7.643 -14.992 -14.992
  -7.624 -14.666 -15.056
  -7.605 -14.873 -14.873
  -7.586 -14.828 -14.828
  -7.569 -14.917 -14.917
  -7.552 -15.014 -15.014
  -7.536 -14.911 -14.911
  -7.521 -14.936 -14.936
  -7.506 -15.130 -15.130
  -7.491 -15.196 -15.196
  -7.477 -15.219 -15.219
  -7.464 -15.284 -15.284
  -7.451 -14.951 -14.951
  -7.438 -15.271 -15.271
  -7.425 -15.300 -15.300
  -7.413 -14.882 -15.088
  -7.401 -14.914 -15.237
  -7.390 -15.182 -15.407
  -7.379 -15.106 -15.286
  -7.368 -15.225 -15.225
  -7.357 -15.154 -15.331
  -7.347 -15.244 -15.437
  -7.337 -14.927 -15.487
  -7.327 -15.377 -15.377
  -7.317 -15.553 -15.553
  -7.308 -14.619 -15.441
  -7.299 -15.128 -15.508
  -7.290 -15.210 -15.210
  -7.281 -15.600 -15.600
  -7.272 -15.202 -15.423
  -7.264 -15.469 -15.469
  -7.255 -15.405 -15.610
  -7.247 -15.450 -15.605
  -7.239 -15.710 -15.710
  -7.231 -15.192 -15.759
  -7.223 -15.686 -15.686
  -7.216 -14.860 -15.810
  -7.208 -15.248 -15.481
  -7.201 -15.435 -15.435
  -7.194 -15.934 -15.934
  -7.187 -15.513 -15.710
  -7.180 -15.707 -15.707
  -7.173 -16.204 -16.204
  -7.166 -15.186 -15.769
  -7.159 -15.950 -15.950
  -7.153 -15.549 -15.745
  -7.146 -16.071 -16.071
  -7.140 -15.841 -16.025
  -7.133 -15.267 -15.966
  -7.127 -15.701 -15.701
  -7.121 -15.584 -15.930
  -7.115 -15.639 -15.639
  -7.109 -15.517 -15.732
  -7.103 -15.040 -15.996
  -7.098 -15.954 -15.954
  -7.092 -15.705 -15.949
  -7.086 -15.137 -15.798
  -7.081 -14.867 -15.975
  -7.075 -15.575 -15.740
  -7.070 -16.234 -16.234
  -7.064 -15.297 -15.462
  -7.059 -15.679 -15.864
  -7.054 -16.218 -16.446
  -7.049 -15.869 -16.198
  -7.043 -16.020 -16.020
  -7.038 -15.642 -16.212
  -7.033 -15.691 -16.088
  -7.029 -15.399 -15.399
  -7.024 -15.951 -15.951
  -7.019 -15.951 -16.131
  -7.014 -15.496 -15.988
  -7.009 -16.262 -16.262
  -7.005 -15.970 -16.473
  -7.000 -16.153 -16.153
  -6.995 -15.054 -15.967
  -6.991 -16.147 -16.447
  -6.986 -15.991 -15.991
  -6.982 -15.949 -16.208
  -6.978 -15.014 -16.259
  -6.973 -14.614 -15.363
  -6.969 -15.541 -16.554
  -6.965 -15.911 -16.324
  -6.961 -15.835 -16.147
  -6.956 -15.795 -16.227
  -6.952 -16.584 -49.500
  -6.948 -16.325 -16.491
  -6.944 -15.947 -16.462
  -6.940 -16.254 -16.461
  -6.936 -15.675 -16.031
  -6.932 -15.747 -15.985
  -6.928 -16.076 -16.402
  -6.924 -16.125 -16.286
  -6.920 -15.935 -16.355
  -6.917 -15.460 -15.715
  -6.913 -15.969 -16.519
  -6.909 -15.746 -16.336
  -6.905 -16.179 -16.400
  -6.902 -15.797 -16.063
  -6.898 -16.826 -22.268
  -6.894 -15.928 -16.494
  -6.891 -15.146 -16.495
  -6.887 -16.188 -16.666
  -6.884 -15.639 -15.849
  -6.880 -15.922 -15.922
  -6.877 -15.973 -16.539
  -6.873 -16.244 -16.410
  -6.870 -16.329 -16.329
  -6.867 -16.634 -49.500
  -6.863 -15.998 -49.500
  -6.860 -15.192 -15.996
  -6.857 -15.850 -16.024
  -6.853 -15.575 -16.403
  -6.850 -16.285 -16.285
  -6.847 -16.724 -49.500
  -6.844 -16.130 -49.500
  -6.840 -49.500     NaN
  -6.837 -16.853 -49.500
  -6.834 -16.133 -16.133
  -6.831 -49.500     NaN
  -6.828 -16.853 -49.500
  -6.825 -15.613 -15.797
  -6.822 -16.636 -17.085
  -6.819 -15.898 -16.378
  -6.816 -16.582 -49.500
  -6.813 -16.962 -49.500
  -6.810 -15.854 -49.500
  -6.807 -16.008 -16.008
  -6.804 -15.899 -49.500
  -6.801 -49.500     NaN
  -6.798 -49.500     NaN
  -6.795 -49.500     NaN
  -6.792 -16.106 -16.454
  -6.789 -16.352 -16.352
  -6.787 -16.289 -49.500
  -6.784 -16.346 -16.712
  -6.781 -49.500     NaN
  -6.778 -49.500     NaN
  -6.775 -15.908 -16.353
  -6.773 -16.078 -49.500
  -6.770 -49.500     NaN
  -6.767 -16.834 -49.500
  -6.765 -49.500     NaN
  -6.762 -49.500 -49.500
  -6.759 -16.610 -49.500
  -6.757 -16.331 -16.695
  -6.754 -16.590 -49.500
  -6.751 -49.500     NaN
  -6.749 -15.712 -16.336
  -6.746 -49.500     NaN
  -6.744 -16.036 -49.500
  -6.741 -15.770 -49.500
  -6.739 -16.603 -49.500
  -6.736 -49.500     NaN
  -6.734 -15.726 -15.726
  -6.731 -49.500 -49.500
  -6.729 -15.929 -15.929
  -6.726 -49.500 -49.500
  -6.724 -49.500 -49.500
  -6.721 -49.500 -49.500
  -6.719 -49.500     NaN
  -6.717 -15.920 -16.149
  -6.714 -16.717 -49.500
  -6.712 -49.500 -49.500
  -6.709 -49.500 -49.500
  -6.707 -15.429 -16.018
  -6.705 -16.570 -16.570
  -6.702 -49.500 -49.500
  -6.700 -49.500 -49.500
  -6.698 -49.500 -49.500
  -6.696 -16.335 -49.500
  -6.693 -49.500 -49.500
  -6.691 -16.462 -16.462
  -6.689 -49.500     NaN
  -6.687 -16.599 -49.500
  -6.684 -49.500 -49.500
  -6.682 -49.500     NaN
  -6.680 -16.566 -49.500
  -6.678 -49.500 -49.500
  -6.675 -15.987 -49.500
  -6.673 -49.500 -49.500
  -6.671 -49.500     NaN
  -6.669 -49.500     NaN
  -6.667 -49.500 -49.500
  -6.665 -49.500     NaN
  -6.663 -15.790 -49.500
  -6.661 -49.500 -49.500
  -6.658 -49.500 -49.500
  -6.656 -49.500 -49.500
  -6.654 -49.500 -49.500
  -6.652 -49.500 -49.500
  -6.650 -49.500 -49.500
  -6.648 -49.500     NaN
  -6.646 -49.500     NaN
  -6.644 -49.500     NaN
  -6.642 -16.301 -16.301
  -6.640 -15.851 -15.851
  -6.638 -49.500 -49.500
  -6.636 -49.500 -49.500
  -6.634 -16.444 -16.444
  -6.632 -49.500 -49.500
  -6.630 -49.500     NaN
  -6.628 -49.500 -49.500
  -6.626 -49.500 -49.500
  -6.624 -49.500 -49.500
  -6.622 -49.500 -49.500
  -6.620 -49.500     NaN
  -6.618 -49.500 -49.500
  -6.617 -49.500 -49.500
  -6.615 -49.500 -49.500
  -6.613 -49.500     NaN
  -6.611 -49.500 -49.500
  -6.609 -49.500 -49.500
  -6.607 -49.500 -49.500
  -6.605 -49.500 -49.500
  -6.603 -14.548 -14.548
  -6.602 -49.500     NaN
  -6.600 -49.500     NaN
  -6.598 -16.167 -49.500
  -6.596 -16.150 -16.150
  -6.594 -49.500 -49.500
