  -8.861 -14.167 -14.167
  -8.599 -14.231 -14.231
  -8.442 -14.325 -14.325
  -8.329 -14.363 -14.363
  -8.239 -14.317 -14.317
  -8.166 -14.529 -14.529
  -8.103 -14.524 -14.524
  -8.048 -14.590 -14.590
  -7.999 -14.522 -14.522
  -7.955 -14.536 -14.536
  -7.916 -14.626 -14.626
  -7.879 -14.603 -14.603
  -7.846 -14.381 -14.632
  -7.815 -14.718 -14.718
  -7.786 -14.565 -14.740
  -7.758 -14.862 -14.862
  -7.733 -14.829 -14.829
  -7.709 -14.117 -14.762
  -7.686 -14.818 -14.818
  -7.664 -14.958 -14.958
  -7.643 -14.906 -14.906
  -7.624 -15.069 -15.069
  -7.605 -15.075 -15.075
  -7.586 -14.972 -14.972
  -7.569 -14.866 -14.866
  -7.552 -15.259 -15.259
  -7.536 -15.063 -15.063
  -7.521 -15.140 -15.140
  -7.506 -14.743 -15.269
  -7.491 -14.732 -15.158
  -7.477 -15.425 -15.425
  -7.464 -15.164 -15.343
  -7.451 -15.392 -15.392
  -7.438 -15.217 -15.217
  -7.425 -15.349 -15.349
  -7.413 -15.149 -15.149
  -7.401 -15.219 -15.384
  -7.390 -15.334 -15.502
  -7.379 -15.015 -15.171
  -7.368 -15.108 -15.304
  -7.357 -15.106 -15.500
  -7.347 -15.116 -15.116
  -7.337 -15.558 -15.558
  -7.327 -15.017 -15.017
  -7.317 -15.635 -15.635
  -7.308 -15.095 -15.407
  -7.299 -15.568 -15.568
  -7.290 -14.994 -15.408
  -7.281 -15.566 -15.566
  -7.272 -15.398 -15.616
  -7.264 -15.023 -15.478
  -7.255 -14.821 -14.980
  -7.247 -15.722 -15.722
  -7.239 -15.280 -15.437
  -7.231 -15.663 -15.663
  -7.223 -15.532 -15.736
  -7.216 -15.653 -15.653
  -7.208 -15.345 -15.870
  -7.201 -15.591 -15.591
  -7.194 -14.501 -15.258
  -7.187 -15.089 -15.489
  -7.180 -15.453 -15.803
  -7.173 -15.563 -15.879
  -7.166 -15.703 -15.703
  -7.159 -15.593 -15.904
  -7.153 -15.340 -15.630
  -7.146 -15.371 -15.534
  -7.140 -15.701 -15.920
  -7.133 -15.183 -16.115
  -7.127 -15.673 -15.673
  -7.121 -15.331 -15.657
  -7.115 -15.305 -15.305
  -7.109 -15.574 -15.574
  -7.103 -15.643 -15.947
  -7.098 -15.502 -15.502
  -7.092 -15.590 -15.849
  -7.086 -16.167 -16.335
  -7.081 -14.958 -15.349
  -7.075 -15.853 -16.054
  -7.070 -16.097 -16.097
  -7.064 -15.778 -15.937
  -7.059 -15.868 -16.159
  -7.054 -15.922 -16.194
  -7.049 -15.958 -16.391
  -7.043 -16.069 -16.069
  -7.038 -15.881 -15.881
  -7.033 -16.034 -16.034
  -7.029 -15.613 -15.839
  -7.024 -15.230 -15.452
  -7.019 -15.533 -15.533
  -7.014 -16.022 -16.022
  -7.009 -15.515 -16.387
  -7.005 -16.056 -16.207
  -7.000 -14.210 -15.485
  -6.995 -15.412 -16.274
  -6.991 -16.613 -16.810
  -6.986 -15.873 -15.873
  -6.982 -16.144 -16.144
  -6.978 -16.258 -16.258
  -6.973 -15.846 -15.846
  -6.969 -13.626 -16.688
  -6.965 -15.474 -15.787
  -6.961 -15.726 -16.366
  -6.956 -17.105 -22.253
  -6.952 -15.467 -15.894
  -6.948 -16.192 -16.192
  -6.944 -16.470 -16.653
  -6.940 -15.322 -15.322
  -6.936 -16.608 -16.857
  -6.932 -15.891 -16.126
  -6.928 -16.306 -16.713
  -6.924 -15.969 -16.767
  -6.920 -16.915 -21.972
  -6.917 -16.917 -49.500
  -6.913 -16.026 -16.204
  -6.909 -49.500     NaN
  -6.905 -15.183 -15.349
  -6.902 -15.796 -15.984
  -6.898 -16.584 -49.500
  -6.894 -16.044 -49.500
  -6.891 -16.729 -17.341
  -6.887 -16.615 -16.977
  -6.884 -15.848 -16.465
  -6.880 -16.050 -49.500
  -6.877 -16.448 -16.643
  -6.873 -15.179 -49.500
  -6.870 -15.759 -16.011
  -6.867 -15.485 -15.989
  -6.863 -15.847 -16.465
  -6.860 -16.838 -49.500
  -6.857 -16.704 -17.096
  -6.853 -49.500 -49.500
  -6.850 -16.120 -49.500
  -6.847 -17.132 -49.500
  -6.844 -16.326 -16.545
  -6.840 -16.562 -16.794
  -6.837 -49.500     NaN
  -6.834 -49.500     NaN
  -6.831 -49.500     NaN
  -6.828 -16.137 -16.521
  -6.825 -16.202 -49.500
  -6.822 -16.088 -49.500
  -6.819 -15.110 -49.500
  -6.816 -49.500 -49.500
  -6.813 -16.443 -49.500
  -6.810 -49.500     NaN
  -6.807 -16.611 -17.153
  -6.804 -49.500     NaN
  -6.801 -16.402 -16.772
  -6.798 -49.500     NaN
  -6.795 -15.804 -16.066
  -6.792 -16.586 -49.500
  -6.789 -15.231 -49.500
  -6.787 -49.500     NaN
  -6.784 -49.500     NaN
  -6.781 -49.500     NaN
  -6.778 -49.500     NaN
  -6.775 -15.886 -16.826
  -6.773 -16.424 -49.500
  -6.770 -49.500     NaN
  -6.767 -16.207 -16.207
  -6.765 -15.925 -16.209
  -6.762 -16.211 -49.500
  -6.759 -15.536 -49.500
  -6.757 -16.604 -49.500
  -6.754 -16.018 -16.342
  -6.751 -49.500     NaN
  -6.749 -49.500 -49.500
  -6.746 -16.713 -16.713
  -6.744 -16.563 -16.563
  -6.741 -49.500 -49.500
  -6.739 -49.500 -49.500
  -6.736 -49.500 -49.500
  -6.734 -49.500     NaN
  -6.731 -16.017 -16.486
  -6.729 -15.729 -15.879
  -6.726 -49.500 -49.500
  -6.724 -49.500     NaN
  -6.721 -49.500     NaN
  -6.719 -16.494 -49.500
  -6.717 -49.500     NaN
  -6.714 -49.500     NaN
  -6.712 -49.500 -49.500
  -6.709 -16.726 -49.500
  -6.707 -49.500     NaN
  -6.705 -16.304 -16.623
  -6.702 -16.139 -49.500
  -6.700 -49.500 -49.500
  -6.698 -49.500     NaN
  -6.696 -49.500     NaN
  -6.693 -49.500     NaN
  -6.691 -49.500 -49.500
  -6.689 -15.500 -49.500
  -6.687 -49.500 -49.500
  -6.684 -15.648 -49.500
  -6.682 -49.500     NaN
  -6.680 -15.696 -15.696
  -6.678 -49.500 -49.500
  -6.675 -49.500 -49.500
  -6.673 -49.500 -49.500
  -6.671 -49.500 -49.500
  -6.669 -49.500     NaN
  -6.667 -16.245 -49.500
  -6.665 -49.500     NaN
  -6.663 -49.500     NaN
  -6.661 -49.500 -49.500
  -6.658 -15.935 -49.500
  -6.656 -16.315 -16.315
  -6.654 -16.049 -49.500
  -6.652 -49.500 -49.500
  -6.650 -49.500 -49.500
  -6.648 -49.500 -49.500
  -6.646 -16.677 -49.500
  -6.644 -16.689 -49.500
  -6.642 -49.500 -49.500
  -6.640 -49.500 -49.500
  -6.638 -49.500 -49.500
  -6.636 -49.500 -49.500
  -6.634 -49.500 -49.500
  -6.632 -15.165 -15.165
  -6.630 -49.500 -49.500
  -6.628 -49.500 -49.500
  -6.626 -49.500 -49.500
  -6.624 -15.830 -16.550
  -6.622 -49.500 -49.500
  -6.620 -49.500 -49.500
  -6.618 -15.712 -15.712
  -6.617 -49.500 -49.500
  -6.615 -49.500 -49.500
  -6.613 -15.497 -15.497
  -6.611 -15.657 -49.500
  -6.609 -49.500 -49.500
  -6.607 -49.500 -49.500
  -6.605 -49.500 -49.500
  -6.603 -49.500 -49.500
  -6.602 -49.500 -49.500
  -6.600 -49.500     NaN
  -6.598 -49.500 -49.500
  -6.596 -49.500 -49.500
  -6.594 -49.500 -49.500
