  -8.861 -14.144 -14.144
  -8.599 -14.266 -14.266
  -8.442 -14.311 -14.311
  -8.329 -14.297 -14.297
  -8.239 -14.420 -14.420
  -8.166 -14.461 -14.461
  -8.103 -14.550 -14.550
  -8.048 -14.478 -14.478
  -7.999 -14.633 -14.633
  -7.955 -14.640 -14.640
  -7.916 -14.585 -14.585
  -7.879 -14.601 -14.601
  -7.846 -14.683 -14.683
  -7.815 -14.560 -14.762
  -7.786 -14.789 -14.789
  -7.758 -14.736 -14.916
  -7.733 -14.234 -14.906
  -7.709 -14.849 -14.849
  -7.686 -14.466 -14.466
  -7.664 -14.785 -14.785
  -7.643 -14.949 -14.949
  -7.624 -14.946 -14.946
  -7.605 -15.085 -15.085
  -7.586 -15.184 -15.184
  -7.569 -14.963 -15.135
  -7.552 -14.864 -14.864
  -7.536 -14.937 -15.135
  -7.521 -15.094 -15.094
  -7.506 -15.049 -15.049
  -7.491 -14.544 -15.086
  -7.477 -15.043 -15.043
  -7.464 -14.821 -15.198
  -7.451 -14.954 -15.111
  -7.438 -15.387 -15.387
  -7.425 -14.886 -15.213
  -7.413 -14.734 -14.909
  -7.401 -14.989 -14.989
  -7.390 -15.184 -15.184
  -7.379 -14.989 -15.258
  -7.368 -15.282 -15.282
  -7.357 -14.442 -15.095
  -7.347 -15.031 -15.031
  -7.337 -15.173 -15.326
  -7.327 -14.751 -15.318
  -7.317 -15.387 -15.387
  -7.308 -14.451 -15.146
  -7.299 -15.508 -15.680
  -7.290 -15.373 -15.799
  -7.281 -15.185 -15.185
  -7.272 -14.779 -15.659
  -7.264 -15.501 -15.501
  -7.255 -15.534 -15.534
  -7.247 -15.702 -15.702
  -7.239 -15.222 -15.769
  -7.231 -15.493 -15.675
  -7.223 -15.619 -15.619
  -7.216 -15.567 -15.567
  -7.208 -15.991 -15.991
  -7.201 -15.645 -15.645
  -7.194 -15.439 -15.895
  -7.187 -13.941 -15.482
  -7.180 -15.768 -15.966
  -7.173 -14.840 -15.461
  -7.166 -16.013 -16.013
  -7.159 -15.860 -15.860
  -7.153 -15.516 -15.712
  -7.146 -15.447 -15.786
  -7.140 -15.660 -15.660
  -7.133 -15.573 -15.573
  -7.127 -15.531 -15.806
  -7.121 -15.731 -15.731
  -7.115 -15.446 -15.446
  -7.109 -15.772 -16.062
  -7.103 -15.737 -15.737
  -7.098 -15.736 -16.084
  -7.092 -15.668 -15.668
  -7.086 -15.752 -15.972
  -7.081 -15.544 -15.544
  -7.075 -15.896 -16.058
  -7.070 -14.834 -16.122
  -7.064 -15.128 -16.021
  -7.059 -15.411 -15.979
  -7.054 -15.682 -15.682
  -7.049 -16.143 -16.348
  -7.043 -16.281 -16.281
  -7.038 -15.725 -15.725
  -7.033 -15.945 -16.139
  -7.029 -15.969 -16.366
  -7.024 -16.544 -16.544
  -7.019 -16.154 -16.154
  -7.014 -15.182 -16.199
  -7.009 -16.144 -16.144
  -7.005 -15.855 -16.258
  -7.000 -15.543 -16.266
  -6.995 -15.381 -15.667
  -6.991 -15.263 -15.628
  -6.986 -16.028 -16.208
  -6.982 -15.515 -16.265
  -6.978 -16.089 -16.089
  -6.973 -16.059 -16.422
  -6.969 -15.580 -16.066
  -6.965 -16.000 -16.195
  -6.961 -15.776 -16.000
  -6.956 -15.702 -16.689
  -6.952 -15.655 -16.165
  -6.948 -16.071 -16.444
  -6.944 -16.326 -16.483
  -6.940 -15.942 -16.305
  -6.936 -15.095 -15.797
  -6.932 -15.500 -16.226
  -6.928 -15.557 -15.806
  -6.924 -16.254 -16.635
  -6.920 -16.404 -49.500
  -6.917 -16.456 -16.456
  -6.913 -16.712 -22.258
  -6.909 -16.937 -49.500
  -6.905 -15.846 -16.164
  -6.902 -16.155 -16.155
  -6.898 -16.427 -16.706
  -6.894 -15.930 -16.184
  -6.891 -15.667 -16.318
  -6.887 -16.940 -49.500
  -6.884 -15.481 -16.347
  -6.880 -16.291 -16.447
  -6.877 -15.992 -16.658
  -6.873 -16.737 -49.500
  -6.870 -49.500     NaN
  -6.867 -16.178 -16.178
  -6.863 -15.989 -16.575
  -6.860 -15.670 -15.851
  -6.857 -16.323 -16.693
  -6.853 -16.736 -49.500
  -6.850 -16.007 -16.307
  -6.847 -15.992 -16.247
  -6.844 -49.500 -49.500
  -6.840 -15.822 -16.646
  -6.837 -15.726 -49.500
  -6.834 -49.500     NaN
  -6.831 -49.500 -49.500
  -6.828 -16.811 -49.500
  -6.825 -16.329 -49.500
  -6.822 -16.634 -49.500
  -6.819 -15.711 -16.018
  -6.816 -15.632 -49.500
  -6.813 -16.012 -16.341
  -6.810 -16.635 -49.500
  -6.807 -49.500     NaN
  -6.804 -49.500     NaN
  -6.801 -16.094 -49.500
  -6.798 -15.688 -16.222
  -6.795 -49.500 -49.500
  -6.792 -15.773 -15.999
  -6.789 -15.757 -49.500
  -6.787 -49.500     NaN
  -6.784 -16.461 -49.500
  -6.781 -15.561 -16.515
  -6.778 -49.500     NaN
  -6.775 -15.851 -15.851
  -6.773 -49.500 -49.500
  -6.770 -49.500     NaN
  -6.767 -17.013 -49.500
  -6.765 -16.215 -16.429
  -6.762 -49.500     NaN
  -6.759 -16.629 -16.629
  -6.757 -49.500     NaN
  -6.754 -16.298 -49.500
  -6.751 -49.500     NaN
  -6.749 -49.500     NaN
  -6.746 -16.415 -49.500
  -6.744 -16.505 -49.500
  -6.741 -49.500 -49.500
  -6.739 -49.500 -49.500
  -6.736 -49.500     NaN
  -6.734 -49.500 -49.500
  -6.731 -49.500 -49.500
  -6.729 -49.500     NaN
  -6.726 -49.500 -49.500
  -6.724 -16.721 -16.721
  -6.721 -15.665 -16.061
  -6.719 -16.483 -49.500
  -6.717 -49.500 -49.500
  -6.714 -16.507 -16.788
  -6.712 -16.108 -49.500
  -6.709 -49.500     NaN
  -6.707 -15.482 -15.777
  -6.705 -16.108 -49.500
  -6.702 -49.500 -49.500
  -6.700 -16.392 -49.500
  -6.698 -49.500 -49.500
  -6.696 -49.500 -49.500
  -6.693 -49.500 -49.500
  -6.691 -49.500     NaN
  -6.689 -49.500 -49.500
  -6.687 -14.727 -14.727
  -6.684 -49.500     NaN
  -6.682 -16.884 -49.500
  -6.680 -49.500     NaN
  -6.678 -17.341 -49.500
  -6.675 -49.500     NaN
  -6.673 -49.500     NaN
  -6.671 -15.223 -16.231
  -6.669 -49.500 -49.500
  -6.667 -16.402 -49.500
  -6.665 -16.148 -49.500
  -6.663 -16.735 -16.735
  -6.661 -49.500     NaN
  -6.658 -49.500 -49.500
  -6.656 -16.039 -49.500
  -6.654 -16.117 -16.117
  -6.652 -16.114 -49.500
  -6.650 -49.500     NaN
  -6.648 -49.500 -49.500
  -6.646 -49.500     NaN
  -6.644 -49.500 -49.500
  -6.642 -49.500 -49.500
  -6.640 -49.500 -49.500
  -6.638 -49.500 -49.500
  -6.636 -49.500     NaN
  -6.634 -16.503 -16.503
  -6.632 -15.415 -15.415
  -6.630 -49.500 -49.500
  -6.628 -16.087 -49.500
  -6.626 -16.014 -16.014
  -6.624 -49.500     NaN
  -6.622 -49.500 -49.500
  -6.620 -49.500 -49.500
  -6.618 -49.500 -49.500
  -6.617 -49.500 -49.500
  -6.615 -49.500 -49.500
  -6.613 -15.998 -49.500
  -6.611 -49.500 -49.500
  -6.609 -49.500 -49.500
  -6.607 -49.500     NaN
  -6.605 -49.500 -49.500
  -6.603 -49.500 -49.500
  -6.602 -15.683 -15.683
  -6.600 -49.500 -49.500
  -6.598 -49.500 -49.500
  -6.596 -49.500 -49.500
  -6.594 -49.500 -49.500
