  -8.861 -14.167 -14.167
  -8.599 -14.251 -14.251
  -8.442 -14.318 -14.318
  -8.329 -14.321 -14.321
  -8.239 -14.425 -14.425
  -8.166 -14.452 -14.452
  -8.103 -14.467 -14.467
  -8.048 -14.498 -14.498
  -7.999 -14.590 -14.590
  -7.955 -14.642 -14.642
  -7.916 -14.555 -14.555
  -7.879 -14.568 -14.568
  -7.846 -14.670 -14.670
  -7.815 -14.741 -14.741
  -7.786 -14.843 -14.843
  -7.758 -14.752 -14.752
  -7.733 -14.751 -14.915
  -7.709 -14.903 -14.903
  -7.686 -14.873 -14.873
  -7.664 -14.883 -14.883
  -7.643 -15.074 -15.074
  -7.624 -14.865 -14.865
  -7.605 -14.517 -14.906
  -7.586 -14.886 -15.079
  -7.569 -15.100 -15.100
  -7.552 -14.972 -14.972
  -7.536 -14.660 -15.070
  -7.521 -15.131 -15.131
  -7.506 -14.673 -14.949
  -7.491 -14.732 -14.732
  -7.477 -15.233 -15.233
  -7.464 -15.078 -15.232
  -7.451 -15.143 -15.143
  -7.438 -15.114 -15.114
  -7.425 -15.155 -15.336
  -7.413 -15.193 -15.193
  -7.401 -15.240 -15.240
  -7.390 -14.579 -15.232
  -7.379 -15.203 -15.203
  -7.368 -15.167 -15.583
  -7.357 -15.312 -15.472
  -7.347 -15.538 -15.538
  -7.337 -15.063 -15.418
  -7.327 -15.436 -15.436
  -7.317 -15.549 -15.549
  -7.308 -15.532 -15.532
  -7.299 -15.610 -15.610
  -7.290 -15.239 -15.566
  -7.281 -15.657 -15.657
  -7.272 -15.257 -15.257
  -7.264 -15.335 -15.757
  -7.255 -15.321 -15.321
  -7.247 -15.838 -15.838
  -7.239 -15.428 -15.666
  -7.231 -15.727 -15.727
  -7.223 -15.467 -15.467
  -7.216 -15.485 -15.485
  -7.208 -15.657 -15.657
  -7.201 -15.980 -15.980
  -7.194 -15.676 -15.841
  -7.187 -15.524 -15.524
  -7.180 -15.147 -15.147
  -7.173 -15.712 -15.877
  -7.166 -15.390 -15.828
  -7.159 -15.358 -15.758
  -7.153 -15.828 -15.828
  -7.146 -15.660 -15.660
  -7.140 -15.594 -15.594
  -7.133 -15.357 -15.590
  -7.127 -15.838 -15.838
  -7.121 -15.890 -15.890
  -7.115 -15.784 -15.784
  -7.109 -15.221 -15.824
  -7.103 -16.315 -16.315
  -7.098 -15.357 -15.930
  -7.092 -15.912 -15.912
  -7.086 -16.072 -16.072
  -7.081 -15.803 -15.803
  -7.075 -15.768 -16.039
  -7.070 -15.173 -15.718
  -7.064 -15.147 -15.936
  -7.059 -15.122 -15.645
  -7.054 -15.651 -15.911
  -7.049 -16.253 -16.253
  -7.043 -16.053 -16.053
  -7.038 -15.558 -15.558
  -7.033 -15.627 -15.849
  -7.029 -15.820 -15.820
  -7.024 -15.241 -15.833
  -7.019 -15.968 -15.968
  -7.014 -15.586 -15.948
  -7.009 -15.655 -15.920
  -7.005 -15.667 -15.939
  -7.000 -15.723 -16.031
  -6.995 -16.630 -17.308
  -6.991 -16.159 -16.487
  -6.986 -16.258 -16.451
  -6.982 -16.017 -16.017
  -6.978 -16.076 -16.235
  -6.973 -16.205 -16.476
  -6.969 -14.660 -15.652
  -6.965 -15.319 -16.296
  -6.961 -16.056 -16.226
  -6.956 -15.680 -16.028
  -6.952 -16.155 -16.155
  -6.948 -15.778 -16.168
  -6.944 -16.583 -22.216
  -6.940 -16.395 -16.395
  -6.936 -15.925 -16.836
  -6.932 -15.066 -15.428
  -6.928 -15.936 -15.936
  -6.924 -22.884 -22.884
  -6.920 -16.204 -16.204
  -6.917 -15.896 -16.425
  -6.913 -16.475 -22.582
  -6.909 -16.320 -16.320
  -6.905 -49.500     NaN
  -6.902 -15.418 -15.983
  -6.898 -16.337 -16.632
  -6.894 -15.848 -16.312
  -6.891 -16.185 -16.185
  -6.887 -20.895 -20.895
  -6.884 -15.278 -15.931
  -6.880 -15.759 -16.678
  -6.877 -15.041 -15.868
  -6.873 -15.807 -16.222
  -6.870 -16.362 -16.531
  -6.867 -49.500 -49.500
  -6.863 -16.254 -49.500
  -6.860 -16.487 -49.500
  -6.857 -16.174 -16.468
  -6.853 -49.500 -49.500
  -6.850 -49.500     NaN
  -6.847 -16.241 -16.716
  -6.844 -16.040 -16.337
  -6.840 -16.729 -49.500
  -6.837 -15.482 -49.500
  -6.834 -49.500     NaN
  -6.831 -15.432 -15.795
  -6.828 -16.312 -16.615
  -6.825 -15.397 -49.500
  -6.822 -16.376 -49.500
  -6.819 -15.972 -49.500
  -6.816 -16.926 -49.500
  -6.813 -15.339 -15.932
  -6.810 -16.033 -16.212
  -6.807 -15.612 -49.500
  -6.804 -15.233 -16.184
  -6.801 -49.500     NaN
  -6.798 -16.823 -49.500
  -6.795 -16.565 -49.500
  -6.792 -16.437 -49.500
  -6.789 -15.459 -16.165
  -6.787 -16.933 -49.500
  -6.784 -49.500     NaN
  -6.781 -49.500 -49.500
  -6.778 -15.274 -49.500
  -6.775 -49.500 -49.500
  -6.773 -15.439 -49.500
  -6.770 -16.354 -49.500
  -6.767 -16.394 -49.500
  -6.765 -49.500 -49.500
  -6.762 -16.353 -16.521
  -6.759 -49.500 -49.500
  -6.757 -15.807 -16.027
  -6.754 -49.500 -49.500
  -6.751 -49.500     NaN
  -6.749 -49.500 -49.500
  -6.746 -16.325 -49.500
  -6.744 -16.173 -49.500
  -6.741 -16.166 -49.500
  -6.739 -49.500 -49.500
  -6.736 -16.445 -49.500
  -6.734 -49.500 -49.500
  -6.731 -49.500 -49.500
  -6.729 -49.500 -49.500
  -6.726 -15.988 -49.500
  -6.724 -49.500     NaN
  -6.721 -49.500     NaN
  -6.719 -49.500     NaN
  -6.717 -49.500 -49.500
  -6.714 -49.500 -49.500
  -6.712 -16.550 -49.500
  -6.709 -49.500     NaN
  -6.707 -15.956 -49.500
  -6.705 -49.500     NaN
  -6.702 -49.500     NaN
  -6.700 -16.053 -49.500
  -6.698 -16.598 -16.598
  -6.696 -16.110 -16.695
  -6.693 -49.500     NaN
  -6.691 -49.500     NaN
  -6.689 -49.500 -49.500
  -6.687 -49.500 -49.500
  -6.684 -15.727 -49.500
  -6.682 -16.152 -49.500
  -6.680 -16.263 -49.500
  -6.678 -15.927 -15.927
  -6.675 -49.500 -49.500
  -6.673 -15.695 -15.695
  -6.671 -49.500     NaN
  -6.669 -49.500 -49.500
  -6.667 -49.500 -49.500
  -6.665 -49.500 -49.500
  -6.663 -49.500     NaN
  -6.661 -49.500     NaN
  -6.658 -16.072 -16.072
  -6.656 -16.523 -49.500
  -6.654 -49.500 -49.500
  -6.652 -15.577 -15.577
  -6.650 -49.500 -49.500
  -6.648 -49.500 -49.500
  -6.646 -14.822 -16.178
  -6.644 -49.500 -49.500
  -6.642 -15.956 -49.500
  -6.640 -49.500 -49.500
  -6.638 -16.661 -49.500
  -6.636 -49.500 -49.500
  -6.634 -16.527 -49.500
  -6.632 -49.500 -49.500
  -6.630 -16.032 -16.032
  -6.628 -49.500 -49.500
  -6.626 -49.500 -49.500
  -6.624 -49.500 -49.500
  -6.622 -16.624 -49.500
  -6.620 -49.500 -49.500
  -6.618 -49.500     NaN
  -6.617 -49.500 -49.500
  -6.615 -49.500 -49.500
  -6.613 -49.500 -49.500
  -6.611 -16.322 -16.322
  -6.609 -49.500 -49.500
  -6.607 -49.500 -49.500
  -6.605 -49.500 -49.500
  -6.603 -49.500 -49.500
  -6.602 -16.145 -49.500
  -6.600 -49.500 -49.500
  -6.598 -49.500     NaN
  -6.596 -49.500 -49.500
  -6.594 -15.781 -15.781
