  -8.861 -14.184 -14.184
  -8.599 -14.243 -14.243
  -8.442 -14.303 -14.303
  -8.329 -14.360 -14.360
  -8.239 -14.433 -14.433
  -8.166 -14.379 -14.379
  -8.103 -14.503 -14.503
  -8.048 -14.589 -14.589
  -7.999 -14.186 -14.600
  -7.955 -14.661 -14.661
  -7.916 -14.619 -14.619
  -7.879 -14.770 -14.770
  -7.846 -14.466 -14.717
  -7.815 -14.772 -14.772
  -7.786 -14.718 -14.718
  -7.758 -14.692 -14.692
  -7.733 -14.829 -14.829
  -7.709 -14.845 -14.845
  -7.686 -15.019 -15.019
  -7.664 -14.865 -14.865
  -7.643 -14.897 -14.897
  -7.624 -14.972 -14.972
  -7.605 -14.984 -14.984
  -7.586 -14.709 -14.903
  -7.569 -15.090 -15.090
  -7.552 -14.610 -15.001
  -7.536 -15.055 -15.055
  -7.521 -15.092 -15.092
  -7.506 -14.922 -15.084
  -7.491 -15.009 -15.213
  -7.477 -15.342 -15.342
  -7.464 -14.959 -15.182
  -7.451 -15.134 -15.134
  -7.438 -15.224 -15.224
  -7.425 -15.375 -15.375
  -7.413 -15.340 -15.340
  -7.401 -14.489 -15.356
  -7.390 -15.302 -15.302
  -7.379 -15.302 -15.302
  -7.368 -15.421 -15.421
  -7.357 -15.254 -15.416
  -7.347 -15.210 -15.373
  -7.337 -15.072 -15.365
  -7.327 -14.870 -15.327
  -7.317 -15.250 -15.250
  -7.308 -15.717 -15.717
  -7.299 -15.549 -15.549
  -7.290 -15.177 -15.486
  -7.281 -15.122 -15.122
  -7.272 -15.336 -15.336
  -7.264 -15.352 -15.509
  -7.255 -15.555 -15.733
  -7.247 -14.834 -15.144
  -7.239 -15.716 -15.716
  -7.231 -15.762 -15.762
  -7.223 -15.173 -15.512
  -7.216 -15.852 -15.852
  -7.208 -14.702 -15.474
  -7.201 -15.500 -15.500
  -7.194 -15.434 -15.800
  -7.187 -15.254 -15.758
  -7.180 -15.453 -15.678
  -7.173 -15.360 -15.639
  -7.166 -15.326 -15.326
  -7.159 -15.079 -15.972
  -7.153 -15.585 -15.585
  -7.146 -15.127 -15.952
  -7.140 -15.888 -15.888
  -7.133 -16.103 -16.103
  -7.127 -15.673 -15.906
  -7.121 -15.495 -15.711
  -7.115 -15.806 -15.806
  -7.109 -15.431 -16.044
  -7.103 -15.835 -15.835
  -7.098 -15.551 -16.037
  -7.092 -15.127 -15.936
  -7.086 -15.686 -16.018
  -7.081 -16.090 -16.254
  -7.075 -15.861 -16.029
  -7.070 -15.991 -15.991
  -7.064 -15.827 -16.018
  -7.059 -15.385 -15.385
  -7.054 -16.333 -16.333
  -7.049 -15.910 -16.079
  -7.043 -15.788 -16.013
  -7.038 -15.705 -15.885
  -7.033 -15.982 -16.556
  -7.029 -15.978 -16.186
  -7.024 -15.750 -16.441
  -7.019 -15.889 -16.092
  -7.014 -16.074 -16.074
  -7.009 -15.796 -16.113
  -7.005 -16.199 -16.199
  -7.000 -16.146 -16.146
  -6.995 -15.975 -15.975
  -6.991 -15.950 -16.107
  -6.986 -15.745 -16.024
  -6.982 -15.367 -15.784
  -6.978 -17.136 -49.500
  -6.973 -15.427 -16.051
  -6.969 -14.820 -15.391
  -6.965 -16.405 -16.619
  -6.961 -15.923 -15.923
  -6.956 -16.248 -16.445
  -6.952 -16.362 -16.362
  -6.948 -16.506 -16.706
  -6.944 -16.634 -16.823
  -6.940 -16.290 -16.571
  -6.936 -15.578 -16.512
  -6.932 -15.439 -16.362
  -6.928 -16.997 -49.500
  -6.924 -17.019 -49.500
  -6.920 -15.902 -16.266
  -6.917 -16.444 -49.500
  -6.913 -16.915 -22.299
  -6.909 -15.911 -16.491
  -6.905 -16.394 -16.572
  -6.902 -16.191 -16.191
  -6.898 -15.857 -16.472
  -6.894 -16.610 -22.387
  -6.891 -16.018 -16.240
  -6.887 -15.166 -16.005
  -6.884 -15.574 -16.265
  -6.880 -15.922 -49.500
  -6.877 -16.593 -49.500
  -6.873 -49.500     NaN
  -6.870 -16.344 -16.651
  -6.867 -14.412 -16.073
  -6.863 -16.558 -49.500
  -6.860 -17.370 -49.500
  -6.857 -15.803 -16.007
  -6.853 -15.982 -16.273
  -6.850 -16.199 -16.725
  -6.847 -16.058 -16.212
  -6.844 -17.073 -49.500
  -6.840 -15.987 -16.346
  -6.837 -16.566 -16.929
  -6.834 -49.500     NaN
  -6.831 -49.500 -49.500
  -6.828 -16.024 -16.552
  -6.825 -16.816 -49.500
  -6.822 -16.583 -16.970
  -6.819 -15.998 -49.500
  -6.816 -15.634 -49.500
  -6.813 -49.500     NaN
  -6.810 -15.706 -16.289
  -6.807 -16.549 -49.500
  -6.804 -16.176 -16.413
  -6.801 -15.286 -15.739
  -6.798 -15.676 -16.460
  -6.795 -49.500 -49.500
  -6.792 -16.466 -49.500
  -6.789 -15.554 -49.500
  -6.787 -49.500     NaN
  -6.784 -49.500 -49.500
  -6.781 -49.500 -49.500
  -6.778 -15.596 -15.912
  -6.775 -16.491 -16.779
  -6.773 -49.500 -49.500
  -6.770 -49.500     NaN
  -6.767 -15.971 -16.224
  -6.765 -16.568 -16.568
  -6.762 -15.777 -16.112
  -6.759 -15.709 -15.709
  -6.757 -49.500     NaN
  -6.754 -49.500     NaN
  -6.751 -49.500 -49.500
  -6.749 -16.640 -49.500
  -6.746 -16.313 -49.500
  -6.744 -16.496 -49.500
  -6.741 -49.500     NaN
  -6.739 -14.731 -49.500
  -6.736 -49.500     NaN
  -6.734 -49.500 -49.500
  -6.731 -16.473 -49.500
  -6.729 -49.500 -49.500
  -6.726 -14.947 -16.263
  -6.724 -16.475 -16.735
  -6.721 -16.315 -49.500
  -6.719 -49.500     NaN
  -6.717 -49.500 -49.500
  -6.714 -16.346 -49.500
  -6.712 -16.635 -49.500
  -6.709 -49.500 -49.500
  -6.707 -16.070 -16.657
  -6.705 -49.500 -49.500
  -6.702 -49.500 -49.500
  -6.700 -49.500 -49.500
  -6.698 -49.500 -49.500
  -6.696 -49.500     NaN
  -6.693 -49.500     NaN
  -6.691 -49.500     NaN
  -6.689 -49.500     NaN
  -6.687 -49.500     NaN
  -6.684 -49.500     NaN
  -6.682 -15.935 -15.935
  -6.680 -49.500     NaN
  -6.678 -49.500 -49.500
  -6.675 -49.500 -49.500
  -6.673 -49.500     NaN
  -6.671 -16.192 -16.192
  -6.669 -49.500 -49.500
  -6.667 -16.065 -16.065
  -6.665 -49.500 -49.500
  -6.663 -49.500 -49.500
  -6.661 -49.500 -49.500
  -6.658 -16.035 -16.035
  -6.656 -16.350 -16.350
  -6.654 -49.500     NaN
  -6.652 -49.500     NaN
  -6.650 -49.500 -49.500
  -6.648 -49.500     NaN
  -6.646 -49.500 -49.500
  -6.644 -49.500 -49.500
  -6.642 -49.500 -49.500
  -6.640 -16.463 -16.463
  -6.638 -16.562 -16.562
  -6.636 -49.500 -49.500
  -6.634 -49.500 -49.500
  -6.632 -49.500 -49.500
  -6.630 -49.500 -49.500
  -6.628 -49.500     NaN
  -6.626 -49.500 -49.500
  -6.624 -49.500 -49.500
  -6.622 -49.500 -49.500
  -6.620 -49.500 -49.500
  -6.618 -49.500     NaN
  -6.617 -49.500     NaN
  -6.615 -49.500 -49.500
  -6.613 -16.039 -16.039
  -6.611 -49.500 -49.500
  -6.609 -16.285 -16.285
  -6.607 -49.500 -49.500
  -6.605 -49.500     NaN
  -6.603 -16.322 -16.485
  -6.602 -49.500 -49.500
  -6.600 -49.500     NaN
  -6.598 -49.500 -49.500
  -6.596 -49.500 -49.500
  -6.594 -49.500 -49.500
