  -8.861 -14.132 -14.132
  -8.599 -14.277 -14.277
  -8.442 -14.365 -14.365
  -8.329 -14.500 -14.500
  -8.239 -14.615 -14.615
  -8.166 -14.581 -14.581
  -8.103 -14.487 -14.487
  -8.048 -14.676 -14.676
  -7.999 -14.653 -14.653
  -7.955 -14.541 -14.787
  -7.916 -14.898 -14.898
  -7.879 -15.034 -15.034
  -7.846 -14.911 -14.911
  -7.815 -14.981 -14.981
  -7.786 -14.812 -14.812
  -7.758 -14.892 -15.130
  -7.733 -15.007 -15.007
  -7.709 -14.734 -14.937
  -7.686 -15.061 -15.061
  -7.664 -15.102 -15.102
  -7.643 -14.928 -15.098
  -7.624 -15.079 -15.079
  -7.605 -15.022 -15.272
  -7.586 -15.296 -15.296
  -7.569 -14.586 -14.586
  -7.552 -15.199 -15.199
  -7.536 -15.060 -15.221
  -7.521 -15.170 -15.170
  -7.506 -15.343 -15.343
  -7.491 -14.843 -15.486
  -7.477 -15.434 -15.434
  -7.464 -15.207 -15.207
  -7.451 -15.508 -15.669
  -7.438 -15.384 -15.384
  -7.425 -15.589 -15.589
  -7.413 -15.428 -15.592
  -7.401 -15.322 -15.322
  -7.390 -14.528 -15.123
  -7.379 -14.978 -15.420
  -7.368 -15.588 -15.588
  -7.357 -15.573 -15.573
  -7.347 -15.229 -15.724
  -7.337 -15.740 -15.740
  -7.327 -15.480 -15.646
  -7.317 -15.252 -15.498
  -7.308 -14.628 -15.621
  -7.299 -15.459 -15.610
  -7.290 -14.610 -15.028
  -7.281 -15.870 -15.870
  -7.272 -15.707 -15.707
  -7.264 -15.912 -15.912
  -7.255 -15.936 -15.936
  -7.247 -15.401 -15.401
  -7.239 -15.750 -15.750
  -7.231 -15.311 -15.770
  -7.223 -15.495 -15.495
  -7.216 -15.796 -16.315
  -7.208 -15.920 -16.090
  -7.201 -15.896 -15.896
  -7.194 -15.911 -15.911
  -7.187 -15.630 -15.807
  -7.180 -15.566 -15.566
  -7.173 -15.312 -15.536
  -7.166 -16.093 -16.093
  -7.159 -15.365 -15.973
  -7.153 -15.558 -15.723
  -7.146 -15.562 -15.562
  -7.140 -16.001 -16.155
  -7.133 -15.494 -15.928
  -7.127 -16.303 -16.303
  -7.121 -15.467 -15.905
  -7.115 -14.710 -15.947
  -7.109 -15.808 -16.013
  -7.103 -16.104 -16.104
  -7.098 -16.246 -16.769
  -7.092 -15.312 -15.572
  -7.086 -15.913 -15.913
  -7.081 -16.094 -16.268
  -7.075 -15.998 -16.256
  -7.070 -16.050 -16.268
  -7.064 -16.093 -16.287
  -7.059 -14.990 -15.308
  -7.054 -15.548 -16.067
  -7.049 -15.700 -15.700
  -7.043 -15.657 -15.989
  -7.038 -16.257 -16.257
  -7.033 -15.719 -16.079
  -7.029 -16.471 -16.471
  -7.024 -15.343 -15.858
  -7.019 -16.231 -16.231
  -7.014 -15.998 -16.208
  -7.009 -14.854 -15.038
  -7.005 -17.102 -17.290
  -7.000 -15.214 -16.164
  -6.995 -15.978 -16.429
  -6.991 -16.185 -16.734
  -6.986 -15.913 -16.358
  -6.982 -16.328 -16.582
  -6.978 -16.421 -22.214
  -6.973 -16.053 -16.480
  -6.969 -16.433 -16.772
  -6.965 -16.321 -16.509
  -6.961 -16.013 -16.013
  -6.956 -15.383 -16.393
  -6.952 -16.889 -49.500
  -6.948 -16.113 -16.705
  -6.944 -16.534 -16.813
  -6.940 -16.423 -16.783
  -6.936 -16.285 -16.502
  -6.932 -16.196 -16.370
  -6.928 -15.942 -16.475
  -6.924 -16.022 -16.177
  -6.920 -15.967 -16.195
  -6.917 -16.427 -16.615
  -6.913 -15.573 -16.213
  -6.909 -17.288 -22.847
  -6.905 -16.492 -16.796
  -6.902 -16.898 -22.567
  -6.898 -16.213 -16.472
  -6.894 -15.282 -16.153
  -6.891 -16.090 -16.297
  -6.887 -15.913 -17.189
  -6.884 -16.378 -16.689
  -6.880 -16.623 -16.977
  -6.877 -16.762 -16.762
  -6.873 -49.500     NaN
  -6.870 -15.759 -16.201
  -6.867 -16.200 -16.622
  -6.863 -15.840 -16.963
  -6.860 -16.268 -16.456
  -6.857 -16.409 -49.500
  -6.853 -16.000 -16.741
  -6.850 -16.093 -16.299
  -6.847 -49.500     NaN
  -6.844 -15.963 -16.322
  -6.840 -49.500     NaN
  -6.837 -16.688 -49.500
  -6.834 -16.177 -17.289
  -6.831 -49.500     NaN
  -6.828 -49.500     NaN
  -6.825 -49.500     NaN
  -6.822 -17.248 -49.500
  -6.819 -15.844 -49.500
  -6.816 -17.016 -49.500
  -6.813 -16.397 -16.397
  -6.810 -16.027 -16.440
  -6.807 -16.607 -49.500
  -6.804 -49.500     NaN
  -6.801 -49.500     NaN
  -6.798 -16.932 -49.500
  -6.795 -15.698 -16.213
  -6.792 -16.282 -49.500
  -6.789 -16.303 -49.500
  -6.787 -16.334 -49.500
  -6.784 -16.728 -17.006
  -6.781 -49.500     NaN
  -6.778 -17.091 -17.091
  -6.775 -16.869 -17.303
  -6.773 -16.776 -17.156
  -6.770 -49.500 -49.500
  -6.767 -15.070 -49.500
  -6.765 -16.517 -49.500
  -6.762 -16.753 -49.500
  -6.759 -49.500     NaN
  -6.757 -17.059 -49.500
  -6.754 -15.894 -49.500
  -6.751 -15.458 -16.601
  -6.749 -16.011 -49.500
  -6.746 -17.051 -49.500
  -6.744 -16.257 -49.500
  -6.741 -16.750 -16.750
  -6.739 -49.500 -49.500
  -6.736 -49.500 -49.500
  -6.734 -49.500 -49.500
  -6.731 -16.069 -49.500
  -6.729 -49.500     NaN
  -6.726 -49.500     NaN
  -6.724 -15.575 -49.500
  -6.721 -15.730 -49.500
  -6.719 -16.648 -17.180
  -6.717 -17.059 -49.500
  -6.714 -49.500     NaN
  -6.712 -15.887 -49.500
  -6.709 -49.500     NaN
  -6.707 -49.500 -49.500
  -6.705 -49.500 -49.500
  -6.702 -49.500     NaN
  -6.700 -49.500 -49.500
  -6.698 -49.500 -49.500
  -6.696 -49.500     NaN
  -6.693 -15.767 -16.021
  -6.691 -49.500     NaN
  -6.689 -16.974 -49.500
  -6.687 -16.514 -16.514
  -6.684 -16.527 -49.500
  -6.682 -49.500     NaN
  -6.680 -16.176 -16.927
  -6.678 -16.559 -16.559
  -6.675 -15.968 -16.541
  -6.673 -49.500     NaN
  -6.671 -49.500 -49.500
  -6.669 -49.500 -49.500
  -6.667 -16.112 -49.500
  -6.665 -49.500 -49.500
  -6.663 -49.500 -49.500
  -6.661 -49.500 -49.500
  -6.658 -16.653 -16.653
  -6.656 -49.500     NaN
  -6.654 -49.500     NaN
  -6.652 -49.500     NaN
  -6.650 -49.500 -49.500
  -6.648 -16.832 -16.832
  -6.646 -49.500     NaN
  -6.644 -49.500 -49.500
  -6.642 -49.500     NaN
  -6.640 -15.140 -49.500
  -6.638 -49.500     NaN
  -6.636 -49.500 -49.500
  -6.634 -15.837 -49.500
  -6.632 -49.500     NaN
  -6.630 -16.723 -16.723
  -6.628 -49.500 -49.500
  -6.626 -49.500 -49.500
  -6.624 -49.500     NaN
  -6.622 -49.500 -49.500
  -6.620 -49.500 -49.500
  -6.618 -15.768 -49.500
  -6.617 -49.500 -49.500
  -6.615 -49.500 -49.500
  -6.613 -49.500 -49.500
  -6.611 -49.500 -49.500
  -6.609 -49.500 -49.500
  -6.607 -16.587 -16.587
  -6.605 -49.500 -49.500
  -6.603 -49.500 -49.500
  -6.602 -16.307 -16.307
  -6.600 -49.500 -49.500
  -6.598 -16.494 -49.500
  -6.596 -49.500 -49.500
  -6.594 -49.500 -49.500
