  -8.861 -14.115 -14.115
  -8.599 -14.276 -14.276
  -8.442 -14.334 -14.334
  -8.329 -14.500 -14.500
  -8.239 -14.465 -14.465
  -8.166 -14.457 -14.457
  -8.103 -14.526 -14.526
  -8.048 -14.725 -14.725
  -7.999 -14.736 -14.736
  -7.955 -14.839 -14.839
  -7.916 -14.786 -14.786
  -7.879 -14.765 -14.765
  -7.846 -14.711 -14.711
  -7.815 -14.936 -14.936
  -7.786 -14.879 -15.069
  -7.758 -14.957 -14.957
  -7.733 -15.135 -15.135
  -7.709 -15.093 -15.093
  -7.686 -15.074 -15.074
  -7.664 -14.890 -14.890
  -7.643 -15.143 -15.143
  -7.624 -15.066 -15.066
  -7.605 -15.063 -15.063
  -7.586 -15.097 -15.097
  -7.569 -15.162 -15.162
  -7.552 -15.266 -15.266
  -7.536 -15.571 -15.571
  -7.521 -15.225 -15.225
  -7.506 -14.790 -15.048
  -7.491 -14.969 -14.969
  -7.477 -15.263 -15.263
  -7.464 -15.544 -15.544
  -7.451 -15.297 -15.297
  -7.438 -15.168 -15.168
  -7.425 -15.353 -15.584
  -7.413 -15.498 -15.700
  -7.401 -15.233 -15.397
  -7.390 -15.465 -15.629
  -7.379 -14.904 -15.271
  -7.368 -15.750 -15.750
  -7.357 -15.743 -15.743
  -7.347 -15.453 -15.453
  -7.337 -15.397 -15.397
  -7.327 -15.667 -15.667
  -7.317 -15.778 -15.778
  -7.308 -15.773 -15.773
  -7.299 -15.746 -15.746
  -7.290 -15.631 -15.884
  -7.281 -15.751 -15.751
  -7.272 -15.756 -15.756
  -7.264 -15.538 -15.538
  -7.255 -15.884 -15.884
  -7.247 -15.570 -15.825
  -7.239 -15.372 -15.654
  -7.231 -15.644 -15.854
  -7.223 -15.454 -15.750
  -7.216 -15.698 -15.698
  -7.208 -14.740 -15.644
  -7.201 -15.719 -16.001
  -7.194 -16.011 -16.011
  -7.187 -15.751 -15.751
  -7.180 -15.983 -16.195
  -7.173 -15.364 -16.084
  -7.166 -15.882 -16.143
  -7.159 -15.279 -15.878
  -7.153 -15.849 -15.849
  -7.146 -15.930 -16.129
  -7.140 -16.175 -16.175
  -7.133 -15.968 -16.257
  -7.127 -16.079 -16.079
  -7.121 -15.518 -15.834
  -7.115 -15.024 -15.881
  -7.109 -15.518 -16.034
  -7.103 -15.948 -16.134
  -7.098 -15.869 -16.210
  -7.092 -16.471 -16.648
  -7.086 -15.032 -15.638
  -7.081 -15.442 -15.620
  -7.075 -16.152 -16.152
  -7.070 -16.267 -16.267
  -7.064 -16.276 -16.684
  -7.059 -16.254 -16.447
  -7.054 -16.157 -16.348
  -7.049 -15.426 -16.282
  -7.043 -16.320 -16.320
  -7.038 -16.200 -16.200
  -7.033 -16.428 -16.428
  -7.029 -15.322 -16.367
  -7.024 -16.535 -16.771
  -7.019 -15.929 -15.929
  -7.014 -15.795 -16.204
  -7.009 -15.791 -16.187
  -7.005 -16.885 -17.041
  -7.000 -16.337 -16.539
  -6.995 -16.323 -16.567
  -6.991 -16.567 -16.750
  -6.986 -16.019 -16.217
  -6.982 -14.861 -15.993
  -6.978 -16.347 -16.798
  -6.973 -16.036 -22.199
  -6.969 -16.072 -16.072
  -6.965 -16.336 -16.548
  -6.961 -15.368 -15.624
  -6.956 -16.612 -16.772
  -6.952 -15.918 -16.481
  -6.948 -16.307 -16.765
  -6.944 -16.447 -17.076
  -6.940 -16.613 -16.613
  -6.936 -15.894 -16.052
  -6.932 -15.977 -15.977
  -6.928 -16.678 -16.678
  -6.924 -16.183 -16.444
  -6.920 -16.965 -17.223
  -6.917 -16.748 -23.239
  -6.913 -16.395 -16.649
  -6.909 -16.748 -16.900
  -6.905 -16.211 -16.518
  -6.902 -16.190 -16.458
  -6.898 -16.252 -22.795
  -6.894 -15.722 -16.030
  -6.891 -15.929 -16.081
  -6.887 -15.922 -16.402
  -6.884 -15.764 -16.514
  -6.880 -16.667 -16.667
  -6.877 -15.564 -16.641
  -6.873 -16.507 -16.661
  -6.870 -16.213 -16.470
  -6.867 -16.612 -16.892
  -6.863 -16.233 -16.524
  -6.860 -16.470 -16.654
  -6.857 -16.920 -49.500
  -6.853 -49.500     NaN
  -6.850 -49.500     NaN
  -6.847 -49.500 -49.500
  -6.844 -15.876 -17.073
  -6.840 -17.232 -49.500
  -6.837 -49.500 -49.500
  -6.834 -16.534 -49.500
  -6.831 -16.737 -49.500
  -6.828 -16.543 -49.500
  -6.825 -16.340 -17.134
  -6.822 -16.555 -16.855
  -6.819 -15.986 -16.194
  -6.816 -16.282 -16.648
  -6.813 -49.500 -49.500
  -6.810 -49.500     NaN
  -6.807 -15.844 -16.652
  -6.804 -49.500     NaN
  -6.801 -49.500     NaN
  -6.798 -16.539 -16.729
  -6.795 -16.752 -16.975
  -6.792 -17.047 -49.500
  -6.789 -16.816 -49.500
  -6.787 -16.879 -49.500
  -6.784 -49.500     NaN
  -6.781 -15.569 -16.121
  -6.778 -16.446 -49.500
  -6.775 -49.500     NaN
  -6.773 -16.541 -49.500
  -6.770 -16.661 -16.982
  -6.767 -49.500     NaN
  -6.765 -15.928 -17.014
  -6.762 -15.867 -16.199
  -6.759 -49.500     NaN
  -6.757 -49.500 -49.500
  -6.754 -49.500 -49.500
  -6.751 -16.585 -49.500
  -6.749 -17.199 -49.500
  -6.746 -49.500     NaN
  -6.744 -49.500 -49.500
  -6.741 -49.500 -49.500
  -6.739 -16.238 -16.238
  -6.736 -49.500     NaN
  -6.734 -16.276 -49.500
  -6.731 -49.500     NaN
  -6.729 -49.500     NaN
  -6.726 -16.967 -49.500
  -6.724 -49.500     NaN
  -6.721 -16.966 -16.966
  -6.719 -49.500     NaN
  -6.717 -16.625 -49.500
  -6.714 -49.500 -49.500
  -6.712 -16.942 -49.500
  -6.709 -49.500     NaN
  -6.707 -16.217 -16.379
  -6.705 -49.500     NaN
  -6.702 -49.500 -49.500
  -6.700 -49.500     NaN
  -6.698 -16.051 -49.500
  -6.696 -49.500 -49.500
  -6.693 -49.500     NaN
  -6.691 -49.500     NaN
  -6.689 -16.352 -49.500
  -6.687 -49.500 -49.500
  -6.684 -49.500 -49.500
  -6.682 -15.903 -15.903
  -6.680 -49.500 -49.500
  -6.678 -49.500 -49.500
  -6.675 -16.882 -49.500
  -6.673 -49.500 -49.500
  -6.671 -15.939 -49.500
  -6.669 -49.500 -49.500
  -6.667 -49.500     NaN
  -6.665 -49.500     NaN
  -6.663 -49.500     NaN
  -6.661 -49.500 -49.500
  -6.658 -49.500 -49.500
  -6.656 -49.500 -49.500
  -6.654 -16.214 -16.680
  -6.652 -49.500 -49.500
  -6.650 -16.457 -49.500
  -6.648 -49.500     NaN
  -6.646 -49.500     NaN
  -6.644 -49.500     NaN
  -6.642 -49.500 -49.500
  -6.640 -49.500 -49.500
  -6.638 -15.435 -15.435
  -6.636 -15.767 -15.767
  -6.634 -16.005 -16.392
  -6.632 -16.742 -16.742
  -6.630 -16.429 -49.500
  -6.628 -16.648 -16.648
  -6.626 -16.201 -49.500
  -6.624 -16.082 -16.082
  -6.622 -49.500 -49.500
  -6.620 -49.500 -49.500
  -6.618 -49.500 -49.500
  -6.617 -49.500 -49.500
  -6.615 -16.979 -49.500
  -6.613 -49.500     NaN
  -6.611 -49.500 -49.500
  -6.609 -49.500 -49.500
  -6.607 -49.500 -49.500
  -6.605 -49.500 -49.500
  -6.603 -49.500     NaN
  -6.602 -16.247 -49.500
  -6.600 -49.500 -49.500
  -6.598 -16.793 -16.793
  -6.596 -16.614 -49.500
  -6.594 -49.500 -49.500
