  -8.861 -14.124 -14.124
  -8.599 -14.284 -14.284
  -8.442 -14.358 -14.358
  -8.329 -14.379 -14.379
  -8.239 -14.483 -14.483
  -8.166 -14.382 -14.382
  -8.103 -14.660 -14.660
  -8.048 -14.700 -14.700
  -7.999 -14.626 -14.626
  -7.955 -14.695 -14.695
  -7.916 -14.745 -14.745
  -7.879 -14.793 -14.793
  -7.846 -14.766 -14.766
  -7.815 -15.040 -15.040
  -7.786 -14.564 -14.731
  -7.758 -14.691 -14.883
  -7.733 -14.940 -14.940
  -7.709 -14.822 -15.014
  -7.686 -15.106 -15.106
  -7.664 -15.096 -15.096
  -7.643 -14.795 -15.035
  -7.624 -15.225 -15.225
  -7.605 -14.739 -14.892
  -7.586 -15.275 -15.275
  -7.569 -15.111 -15.111
  -7.552 -15.084 -15.084
  -7.536 -15.337 -15.337
  -7.521 -15.371 -15.371
  -7.506 -15.514 -15.514
  -7.491 -15.477 -15.477
  -7.477 -15.019 -15.181
  -7.464 -15.307 -15.307
  -7.451 -14.970 -15.295
  -7.438 -15.347 -15.602
  -7.425 -15.453 -15.620
  -7.413 -15.485 -15.485
  -7.401 -15.342 -15.508
  -7.390 -14.687 -14.988
  -7.379 -15.098 -15.098
  -7.368 -15.208 -15.523
  -7.357 -15.272 -15.272
  -7.347 -15.179 -15.179
  -7.337 -15.421 -15.421
  -7.327 -15.412 -15.412
  -7.317 -15.285 -15.631
  -7.308 -15.222 -15.663
  -7.299 -15.831 -15.831
  -7.290 -15.691 -15.876
  -7.281 -15.428 -15.823
  -7.272 -15.711 -15.862
  -7.264 -15.439 -15.603
  -7.255 -15.325 -15.585
  -7.247 -15.917 -15.917
  -7.239 -15.413 -16.027
  -7.231 -15.694 -15.694
  -7.223 -16.084 -16.084
  -7.216 -15.462 -16.192
  -7.208 -15.599 -15.599
  -7.201 -15.803 -16.024
  -7.194 -15.764 -15.764
  -7.187 -15.855 -15.855
  -7.180 -16.100 -16.100
  -7.173 -16.179 -16.179
  -7.166 -15.378 -15.786
  -7.159 -15.636 -15.797
  -7.153 -15.390 -16.281
  -7.146 -16.007 -16.007
  -7.140 -15.887 -16.128
  -7.133 -16.237 -16.237
  -7.127 -16.372 -16.372
  -7.121 -14.594 -15.895
  -7.115 -16.028 -16.336
  -7.109 -16.244 -16.244
  -7.103 -16.135 -16.135
  -7.098 -15.472 -15.942
  -7.092 -16.156 -16.443
  -7.086 -15.795 -15.795
  -7.081 -15.971 -16.452
  -7.075 -15.452 -15.994
  -7.070 -15.531 -15.531
  -7.064 -16.122 -16.122
  -7.059 -16.219 -16.219
  -7.054 -16.489 -16.489
  -7.049 -16.090 -16.517
  -7.043 -15.959 -15.959
  -7.038 -15.838 -16.055
  -7.033 -16.203 -16.203
  -7.029 -16.700 -16.700
  -7.024 -16.677 -16.677
  -7.019 -16.310 -16.310
  -7.014 -16.267 -16.267
  -7.009 -16.380 -16.551
  -7.005 -16.363 -16.563
  -7.000 -16.387 -16.387
  -6.995 -16.400 -16.400
  -6.991 -15.913 -16.067
  -6.986 -16.426 -16.628
  -6.982 -16.155 -16.385
  -6.978 -15.891 -16.115
  -6.973 -15.610 -15.807
  -6.969 -15.049 -16.139
  -6.965 -14.847 -16.491
  -6.961 -15.831 -16.026
  -6.956 -16.050 -16.656
  -6.952 -16.569 -16.821
  -6.948 -16.122 -16.454
  -6.944 -16.600 -16.600
  -6.940 -16.489 -16.736
  -6.936 -15.985 -16.157
  -6.932 -16.330 -16.330
  -6.928 -16.003 -16.003
  -6.924 -15.944 -16.225
  -6.920 -15.884 -16.590
  -6.917 -16.185 -49.500
  -6.913 -16.341 -16.768
  -6.909 -16.252 -16.252
  -6.905 -16.227 -16.991
  -6.902 -16.475 -17.211
  -6.898 -16.173 -16.445
  -6.894 -16.516 -17.078
  -6.891 -16.300 -16.633
  -6.887 -15.623 -16.711
  -6.884 -15.560 -16.707
  -6.880 -16.412 -16.633
  -6.877 -16.596 -16.887
  -6.873 -16.905 -49.500
  -6.870 -17.034 -17.189
  -6.867 -16.153 -16.522
  -6.863 -16.564 -16.723
  -6.860 -16.606 -17.085
  -6.857 -16.411 -16.822
  -6.853 -16.213 -16.557
  -6.850 -49.500     NaN
  -6.847 -16.068 -49.500
  -6.844 -49.500     NaN
  -6.840 -16.461 -17.272
  -6.837 -49.500     NaN
  -6.834 -17.001 -49.500
  -6.831 -16.271 -16.462
  -6.828 -16.772 -16.986
  -6.825 -16.477 -16.803
  -6.822 -16.799 -17.021
  -6.819 -16.705 -17.130
  -6.816 -49.500     NaN
  -6.813 -49.500     NaN
  -6.810 -49.500     NaN
  -6.807 -49.500     NaN
  -6.804 -16.183 -16.183
  -6.801 -15.732 -49.500
  -6.798 -16.401 -16.753
  -6.795 -16.099 -16.099
  -6.792 -16.448 -16.676
  -6.789 -49.500     NaN
  -6.787 -16.201 -16.446
  -6.784 -49.500     NaN
  -6.781 -16.932 -49.500
  -6.778 -16.683 -16.868
  -6.775 -16.841 -49.500
  -6.773 -16.795 -49.500
  -6.770 -49.500     NaN
  -6.767 -16.458 -49.500
  -6.765 -15.272 -15.858
  -6.762 -16.440 -49.500
  -6.759 -49.500     NaN
  -6.757 -16.555 -49.500
  -6.754 -16.645 -49.500
  -6.751 -49.500     NaN
  -6.749 -49.500     NaN
  -6.746 -49.500 -49.500
  -6.744 -16.499 -49.500
  -6.741 -16.267 -16.725
  -6.739 -16.487 -16.487
  -6.736 -16.407 -16.407
  -6.734 -16.607 -16.936
  -6.731 -49.500     NaN
  -6.729 -15.237 -17.241
  -6.726 -15.382 -16.919
  -6.724 -49.500 -49.500
  -6.721 -17.153 -17.153
  -6.719 -49.500     NaN
  -6.717 -17.141 -49.500
  -6.714 -14.628 -49.500
  -6.712 -16.804 -49.500
  -6.709 -15.440 -15.440
  -6.707 -16.426 -16.426
  -6.705 -49.500 -49.500
  -6.702 -49.500 -49.500
  -6.700 -16.205 -49.500
  -6.698 -49.500     NaN
  -6.696 -16.278 -16.278
  -6.693 -16.684 -49.500
  -6.691 -49.500 -49.500
  -6.689 -49.500 -49.500
  -6.687 -49.500 -49.500
  -6.684 -49.500     NaN
  -6.682 -49.500 -49.500
  -6.680 -16.657 -16.851
  -6.678 -49.500 -49.500
  -6.675 -49.500     NaN
  -6.673 -49.500     NaN
  -6.671 -49.500     NaN
  -6.669 -49.500 -49.500
  -6.667 -49.500     NaN
  -6.665 -16.496 -16.496
  -6.663 -16.966 -49.500
  -6.661 -49.500 -49.500
  -6.658 -49.500 -49.500
  -6.656 -49.500     NaN
  -6.654 -49.500 -49.500
  -6.652 -49.500 -49.500
  -6.650 -49.500 -49.500
  -6.648 -49.500 -49.500
  -6.646 -49.500 -49.500
  -6.644 -16.882 -49.500
  -6.642 -16.808 -16.808
  -6.640 -16.219 -16.219
  -6.638 -49.500     NaN
  -6.636 -17.114 -17.114
  -6.634 -49.500 -49.500
  -6.632 -16.265 -49.500
  -6.630 -49.500 -49.500
  -6.628 -49.500 -49.500
  -6.626 -49.500 -49.500
  -6.624 -49.500 -49.500
  -6.622 -49.500 -49.500
  -6.620 -49.500 -49.500
  -6.618 -16.416 -49.500
  -6.617 -49.500 -49.500
  -6.615 -49.500 -49.500
  -6.613 -49.500     NaN
  -6.611 -16.283 -49.500
  -6.609 -49.500     NaN
  -6.607 -49.500 -49.500
  -6.605 -49.500 -49.500
  -6.603 -49.500 -49.500
  -6.602 -49.500 -49.500
  -6.600 -16.803 -49.500
  -6.598 -49.500 -49.500
  -6.596 -49.500 -49.500
  -6.594 -16.252 -16.252
