  -8.861 -14.167 -14.167
  -8.599 -14.327 -14.327
  -8.442 -14.346 -14.346
  -8.329 -14.301 -14.301
  -8.239 -14.566 -14.566
  -8.166 -14.575 -14.575
  -8.103 -14.628 -14.628
  -8.048 -14.604 -14.604
  -7.999 -14.720 -14.720
  -7.955 -14.754 -14.754
  -7.916 -14.927 -14.927
  -7.879 -14.930 -14.930
  -7.846 -14.575 -14.839
  -7.815 -14.641 -14.969
  -7.786 -14.801 -14.801
  -7.758 -15.065 -15.065
  -7.733 -15.090 -15.090
  -7.709 -14.995 -14.995
  -7.686 -15.090 -15.090
  -7.664 -15.033 -15.033
  -7.643 -14.829 -14.829
  -7.624 -15.215 -15.215
  -7.605 -14.846 -15.124
  -7.586 -14.866 -14.866
  -7.569 -14.719 -15.224
  -7.552 -15.233 -15.233
  -7.536 -14.911 -15.136
  -7.521 -14.688 -15.162
  -7.506 -15.309 -15.309
  -7.491 -15.133 -15.293
  -7.477 -15.036 -15.333
  -7.464 -15.278 -15.278
  -7.451 -15.376 -15.376
  -7.438 -15.299 -15.299
  -7.425 -15.318 -15.318
  -7.413 -14.899 -15.510
  -7.401 -15.432 -15.432
  -7.390 -15.626 -15.626
  -7.379 -15.103 -15.618
  -7.368 -15.364 -15.608
  -7.357 -15.554 -15.739
  -7.347 -15.459 -15.459
  -7.337 -14.979 -15.825
  -7.327 -15.423 -15.700
  -7.317 -15.835 -15.835
  -7.308 -15.715 -15.715
  -7.299 -15.304 -15.488
  -7.290 -15.265 -15.810
  -7.281 -16.044 -16.044
  -7.272 -15.346 -15.832
  -7.264 -16.035 -16.035
  -7.255 -15.164 -15.340
  -7.247 -15.751 -15.751
  -7.239 -15.621 -16.000
  -7.231 -15.992 -15.992
  -7.223 -14.724 -15.831
  -7.216 -15.910 -15.910
  -7.208 -15.490 -15.490
  -7.201 -15.749 -15.978
  -7.194 -15.694 -15.847
  -7.187 -15.925 -15.925
  -7.180 -15.601 -15.601
  -7.173 -15.896 -16.110
  -7.166 -15.799 -15.799
  -7.159 -16.169 -16.169
  -7.153 -14.959 -16.062
  -7.146 -16.076 -16.252
  -7.140 -16.004 -16.004
  -7.133 -16.022 -16.022
  -7.127 -16.058 -16.356
  -7.121 -15.724 -15.916
  -7.115 -15.571 -15.954
  -7.109 -16.119 -16.379
  -7.103 -15.850 -16.101
  -7.098 -16.270 -16.270
  -7.092 -16.274 -16.274
  -7.086 -16.288 -16.288
  -7.081 -15.507 -15.786
  -7.075 -16.037 -16.037
  -7.070 -15.827 -15.827
  -7.064 -16.064 -16.250
  -7.059 -16.185 -16.185
  -7.054 -16.052 -16.546
  -7.049 -16.182 -16.182
  -7.043 -15.982 -16.468
  -7.038 -16.327 -16.937
  -7.033 -16.206 -16.206
  -7.029 -15.865 -16.083
  -7.024 -16.210 -16.460
  -7.019 -16.069 -16.301
  -7.014 -15.236 -16.213
  -7.009 -16.277 -16.277
  -7.005 -16.400 -16.553
  -7.000 -16.844 -16.844
  -6.995 -16.618 -16.618
  -6.991 -16.612 -16.795
  -6.986 -15.984 -16.184
  -6.982 -15.677 -15.677
  -6.978 -16.144 -16.144
  -6.973 -16.404 -16.592
  -6.969 -15.679 -16.594
  -6.965 -16.815 -16.972
  -6.961 -16.394 -16.802
  -6.956 -16.305 -16.750
  -6.952 -16.325 -16.818
  -6.948 -15.988 -16.310
  -6.944 -16.557 -16.838
  -6.940 -16.294 -16.651
  -6.936 -16.037 -16.291
  -6.932 -16.287 -16.510
  -6.928 -16.573 -16.976
  -6.924 -16.376 -16.583
  -6.920 -15.827 -16.900
  -6.917 -16.095 -16.312
  -6.913 -15.823 -16.560
  -6.909 -15.474 -15.964
  -6.905 -16.161 -49.500
  -6.902 -15.680 -16.369
  -6.898 -17.146 -21.716
  -6.894 -16.303 -16.755
  -6.891 -16.025 -16.677
  -6.887 -16.670 -16.840
  -6.884 -16.576 -16.731
  -6.880 -49.500     NaN
  -6.877 -16.894 -49.500
  -6.873 -15.857 -16.549
  -6.870 -15.833 -16.104
  -6.867 -49.500     NaN
  -6.863 -16.579 -16.736
  -6.860 -49.500     NaN
  -6.857 -15.660 -17.047
  -6.853 -16.476 -16.476
  -6.850 -15.858 -49.500
  -6.847 -49.500 -49.500
  -6.844 -49.500     NaN
  -6.840 -49.500 -49.500
  -6.837 -15.299 -15.299
  -6.834 -15.367 -15.655
  -6.831 -16.723 -16.910
  -6.828 -16.675 -49.500
  -6.825 -16.649 -49.500
  -6.822 -49.500     NaN
  -6.819 -16.227 -16.227
  -6.816 -15.870 -16.582
  -6.813 -16.316 -16.316
  -6.810 -16.513 -49.500
  -6.807 -16.523 -16.714
  -6.804 -16.602 -16.602
  -6.801 -16.282 -16.282
  -6.798 -49.500     NaN
  -6.795 -16.816 -49.500
  -6.792 -16.907 -49.500
  -6.789 -16.346 -16.827
  -6.787 -15.061 -49.500
  -6.784 -16.801 -49.500
  -6.781 -49.500     NaN
  -6.778 -16.710 -17.070
  -6.775 -17.291 -49.500
  -6.773 -16.400 -16.596
  -6.770 -17.003 -17.003
  -6.767 -16.356 -49.500
  -6.765 -16.803 -16.976
  -6.762 -15.954 -49.500
  -6.759 -49.500     NaN
  -6.757 -49.500     NaN
  -6.754 -49.500     NaN
  -6.751 -49.500 -49.500
  -6.749 -49.500     NaN
  -6.746 -49.500     NaN
  -6.744 -49.500 -49.500
  -6.741 -49.500 -49.500
  -6.739 -16.079 -16.079
  -6.736 -49.500 -49.500
  -6.734 -16.666 -49.500
  -6.731 -49.500 -49.500
  -6.729 -49.500 -49.500
  -6.726 -16.394 -16.998
  -6.724 -49.500     NaN
  -6.721 -49.500     NaN
  -6.719 -16.460 -16.887
  -6.717 -17.078 -49.500
  -6.714 -49.500 -49.500
  -6.712 -49.500 -49.500
  -6.709 -49.500     NaN
  -6.707 -49.500     NaN
  -6.705 -16.195 -49.500
  -6.702 -17.223 -49.500
  -6.700 -16.141 -16.482
  -6.698 -16.806 -49.500
  -6.696 -49.500     NaN
  -6.693 -17.076 -49.500
  -6.691 -49.500     NaN
  -6.689 -49.500 -49.500
  -6.687 -16.693 -49.500
  -6.684 -16.932 -49.500
  -6.682 -16.956 -49.500
  -6.680 -49.500 -49.500
  -6.678 -49.500 -49.500
  -6.675 -16.104 -16.502
  -6.673 -49.500 -49.500
  -6.671 -16.140 -16.140
  -6.669 -49.500 -49.500
  -6.667 -49.500     NaN
  -6.665 -49.500 -49.500
  -6.663 -16.634 -49.500
  -6.661 -49.500 -49.500
  -6.658 -49.500     NaN
  -6.656 -49.500     NaN
  -6.654 -15.927 -16.090
  -6.652 -49.500     NaN
  -6.650 -49.500 -49.500
  -6.648 -49.500 -49.500
  -6.646 -49.500 -49.500
  -6.644 -14.722 -49.500
  -6.642 -16.296 -16.296
  -6.640 -49.500 -49.500
  -6.638 -49.500 -49.500
  -6.636 -49.500 -49.500
  -6.634 -49.500 -49.500
  -6.632 -49.500 -49.500
  -6.630 -49.500 -49.500
  -6.628 -16.983 -16.983
  -6.626 -49.500 -49.500
  -6.624 -49.500 -49.500
  -6.622 -49.500 -49.500
  -6.620 -16.413 -16.413
  -6.618 -49.500 -49.500
  -6.617 -49.500 -49.500
  -6.615 -16.583 -49.500
  -6.613 -49.500 -49.500
  -6.611 -49.500     NaN
  -6.609 -49.500 -49.500
  -6.607 -49.500 -49.500
  -6.605 -49.500 -49.500
  -6.603 -49.500 -49.500
  -6.602 -49.500 -49.500
  -6.600 -16.699 -16.699
  -6.598 -15.456 -15.456
  -6.596 -49.500 -49.500
  -6.594 -49.500     NaN
