  -8.861 -14.145 -14.145
  -8.599 -14.318 -14.318
  -8.442 -14.328 -14.328
  -8.329 -14.484 -14.484
  -8.239 -14.533 -14.533
  -8.166 -14.618 -14.618
  -8.103 -14.605 -14.605
  -8.048 -14.502 -14.742
  -7.999 -14.568 -14.739
  -7.955 -14.750 -14.750
  -7.916 -14.716 -14.716
  -7.879 -14.901 -14.901
  -7.846 -14.904 -14.904
  -7.815 -14.978 -14.978
  -7.786 -14.484 -14.955
  -7.758 -14.688 -15.104
  -7.733 -14.947 -14.947
  -7.709 -15.047 -15.047
  -7.686 -15.193 -15.193
  -7.664 -14.559 -15.135
  -7.643 -14.869 -15.067
  -7.624 -15.232 -15.232
  -7.605 -15.122 -15.122
  -7.586 -15.269 -15.269
  -7.569 -15.274 -15.274
  -7.552 -15.154 -15.154
  -7.536 -15.030 -15.030
  -7.521 -15.067 -15.353
  -7.506 -15.423 -15.423
  -7.491 -15.328 -15.328
  -7.477 -15.373 -15.373
  -7.464 -15.401 -15.573
  -7.451 -15.491 -15.655
  -7.438 -15.737 -15.737
  -7.425 -15.171 -15.441
  -7.413 -15.620 -15.620
  -7.401 -15.453 -15.453
  -7.390 -15.139 -15.643
  -7.379 -15.451 -15.663
  -7.368 -15.566 -15.566
  -7.357 -15.140 -15.469
  -7.347 -15.078 -15.493
  -7.337 -15.595 -15.595
  -7.327 -15.641 -15.641
  -7.317 -15.366 -15.772
  -7.308 -15.517 -15.517
  -7.299 -15.337 -15.515
  -7.290 -15.786 -15.786
  -7.281 -15.258 -15.764
  -7.272 -14.177 -15.287
  -7.264 -15.834 -15.834
  -7.255 -15.792 -15.792
  -7.247 -15.522 -15.522
  -7.239 -15.665 -15.817
  -7.231 -14.952 -15.119
  -7.223 -15.589 -15.863
  -7.216 -15.724 -15.908
  -7.208 -15.858 -15.858
  -7.201 -15.740 -16.033
  -7.194 -15.389 -16.023
  -7.187 -15.012 -15.950
  -7.180 -15.773 -15.773
  -7.173 -16.203 -16.203
  -7.166 -15.676 -15.676
  -7.159 -15.100 -15.263
  -7.153 -15.986 -15.986
  -7.146 -16.105 -16.412
  -7.140 -15.010 -16.367
  -7.133 -15.884 -15.884
  -7.127 -16.043 -16.043
  -7.121 -15.489 -15.753
  -7.115 -16.179 -16.179
  -7.109 -15.788 -16.269
  -7.103 -16.342 -16.342
  -7.098 -16.383 -16.383
  -7.092 -15.968 -16.251
  -7.086 -16.063 -16.427
  -7.081 -15.848 -16.267
  -7.075 -16.213 -16.444
  -7.070 -15.973 -16.240
  -7.064 -15.950 -15.950
  -7.059 -16.408 -16.408
  -7.054 -16.278 -16.498
  -7.049 -15.924 -16.164
  -7.043 -14.596 -16.171
  -7.038 -16.074 -16.264
  -7.033 -15.561 -16.146
  -7.029 -15.527 -16.489
  -7.024 -16.440 -16.440
  -7.019 -16.025 -16.425
  -7.014 -15.692 -16.033
  -7.009 -16.344 -16.499
  -7.005 -15.833 -16.020
  -7.000 -16.153 -16.659
  -6.995 -16.353 -16.353
  -6.991 -16.685 -16.899
  -6.986 -15.904 -16.245
  -6.982 -15.501 -16.487
  -6.978 -16.138 -17.029
  -6.973 -15.805 -16.191
  -6.969 -17.148 -22.727
  -6.965 -16.403 -16.681
  -6.961 -16.526 -16.783
  -6.956 -16.646 -16.646
  -6.952 -14.853 -15.921
  -6.948 -16.477 -16.477
  -6.944 -16.504 -16.753
  -6.940 -16.348 -17.332
  -6.936 -15.659 -15.825
  -6.932 -16.904 -16.904
  -6.928 -16.503 -16.503
  -6.924 -15.909 -49.500
  -6.920 -16.277 -16.459
  -6.917 -16.375 -49.500
  -6.913 -15.301 -15.458
  -6.909 -16.837 -17.081
  -6.905 -16.254 -16.672
  -6.902 -16.389 -49.500
  -6.898 -16.284 -16.463
  -6.894 -15.961 -16.888
  -6.891 -16.722 -17.332
  -6.887 -14.726 -16.542
  -6.884 -17.063 -49.500
  -6.880 -16.749 -16.975
  -6.877 -49.500 -49.500
  -6.873 -16.247 -16.819
  -6.870 -16.373 -16.527
  -6.867 -16.032 -49.500
  -6.863 -15.665 -15.885
  -6.860 -16.902 -49.500
  -6.857 -16.420 -17.320
  -6.853 -16.523 -49.500
  -6.850 -16.126 -16.825
  -6.847 -49.500     NaN
  -6.844 -16.726 -49.500
  -6.840 -16.142 -16.597
  -6.837 -15.409 -15.811
  -6.834 -15.568 -16.600
  -6.831 -49.500     NaN
  -6.828 -16.071 -16.830
  -6.825 -16.367 -16.733
  -6.822 -16.487 -49.500
  -6.819 -16.015 -16.503
  -6.816 -49.500     NaN
  -6.813 -49.500     NaN
  -6.810 -15.835 -49.500
  -6.807 -49.500     NaN
  -6.804 -17.002 -49.500
  -6.801 -16.177 -17.063
  -6.798 -16.673 -49.500
  -6.795 -15.800 -16.445
  -6.792 -16.954 -49.500
  -6.789 -15.523 -16.074
  -6.787 -49.500     NaN
  -6.784 -16.287 -16.287
  -6.781 -16.127 -49.500
  -6.778 -16.788 -49.500
  -6.775 -16.619 -49.500
  -6.773 -16.221 -49.500
  -6.770 -16.752 -49.500
  -6.767 -16.322 -16.551
  -6.765 -16.307 -49.500
  -6.762 -15.372 -15.372
  -6.759 -16.563 -49.500
  -6.757 -16.111 -17.199
  -6.754 -49.500     NaN
  -6.751 -16.331 -17.134
  -6.749 -49.500     NaN
  -6.746 -16.384 -49.500
  -6.744 -49.500     NaN
  -6.741 -49.500 -49.500
  -6.739 -16.674 -49.500
  -6.736 -49.500     NaN
  -6.734 -16.203 -16.708
  -6.731 -49.500     NaN
  -6.729 -49.500     NaN
  -6.726 -17.026 -49.500
  -6.724 -16.155 -49.500
  -6.721 -15.706 -15.964
  -6.719 -16.431 -49.500
  -6.717 -49.500 -49.500
  -6.714 -49.500     NaN
  -6.712 -49.500 -49.500
  -6.709 -49.500     NaN
  -6.707 -16.782 -49.500
  -6.705 -17.206 -17.206
  -6.702 -16.039 -16.412
  -6.700 -15.838 -49.500
  -6.698 -49.500 -49.500
  -6.696 -16.350 -49.500
  -6.693 -16.353 -49.500
  -6.691 -49.500 -49.500
  -6.689 -15.959 -49.500
  -6.687 -49.500 -49.500
  -6.684 -15.157 -15.157
  -6.682 -15.847 -17.147
  -6.680 -49.500     NaN
  -6.678 -49.500 -49.500
  -6.675 -49.500 -49.500
  -6.673 -49.500 -49.500
  -6.671 -49.500 -49.500
  -6.669 -17.201 -49.500
  -6.667 -16.474 -16.474
  -6.665 -49.500 -49.500
  -6.663 -16.929 -16.929
  -6.661 -49.500 -49.500
  -6.658 -16.443 -49.500
  -6.656 -49.500 -49.500
  -6.654 -49.500 -49.500
  -6.652 -49.500 -49.500
  -6.650 -49.500 -49.500
  -6.648 -49.500 -49.500
  -6.646 -49.500 -49.500
  -6.644 -49.500     NaN
  -6.642 -49.500 -49.500
  -6.640 -49.500     NaN
  -6.638 -49.500     NaN
  -6.636 -16.626 -49.500
  -6.634 -16.366 -49.500
  -6.632 -49.500 -49.500
  -6.630 -49.500 -49.500
  -6.628 -16.069 -16.069
  -6.626 -49.500 -49.500
  -6.624 -49.500 -49.500
  -6.622 -49.500 -49.500
  -6.620 -49.500 -49.500
  -6.618 -49.500 -49.500
  -6.617 -49.500 -49.500
  -6.615 -49.500 -49.500
  -6.613 -49.500 -49.500
  -6.611 -49.500 -49.500
  -6.609 -49.500 -49.500
  -6.607 -49.500     NaN
  -6.605 -49.500     NaN
  -6.603 -49.500     NaN
  -6.602 -49.500     NaN
  -6.600 -49.500 -49.500
  -6.598 -16.450 -16.450
  -6.596 -15.902 -15.902
  -6.594 -49.500 -49.500
