  -8.861 -14.123 -14.123
  -8.599 -14.305 -14.305
  -8.442 -14.442 -14.442
  -8.329 -14.479 -14.479
  -8.239 -14.492 -14.492
  -8.166 -14.539 -14.539
  -8.103 -14.597 -14.597
  -8.048 -14.663 -14.663
  -7.999 -14.696 -14.696
  -7.955 -14.673 -14.673
  -7.916 -14.757 -14.757
  -7.879 -14.968 -14.968
  -7.846 -14.954 -14.954
  -7.815 -14.823 -14.823
  -7.786 -14.644 -14.644
  -7.758 -14.911 -15.138
  -7.733 -15.001 -15.001
  -7.709 -14.967 -14.967
  -7.686 -15.068 -15.068
  -7.664 -15.039 -15.195
  -7.643 -15.254 -15.254
  -7.624 -15.158 -15.158
  -7.605 -14.580 -14.881
  -7.586 -15.175 -15.175
  -7.569 -15.129 -15.129
  -7.552 -15.462 -15.462
  -7.536 -15.187 -15.187
  -7.521 -15.279 -15.279
  -7.506 -15.276 -15.276
  -7.491 -15.312 -15.465
  -7.477 -15.409 -15.566
  -7.464 -14.526 -14.699
  -7.451 -15.413 -15.413
  -7.438 -15.380 -15.605
  -7.425 -15.059 -15.279
  -7.413 -15.263 -15.533
  -7.401 -15.566 -15.566
  -7.390 -15.004 -15.371
  -7.379 -15.539 -15.539
  -7.368 -15.543 -15.543
  -7.357 -15.502 -15.502
  -7.347 -15.498 -15.498
  -7.337 -15.062 -15.264
  -7.327 -15.700 -15.700
  -7.317 -15.615 -15.615
  -7.308 -14.919 -15.653
  -7.299 -15.145 -15.614
  -7.290 -15.864 -15.864
  -7.281 -15.456 -15.621
  -7.272 -15.709 -15.709
  -7.264 -15.874 -15.874
  -7.255 -15.840 -15.840
  -7.247 -15.786 -15.786
  -7.239 -14.737 -15.433
  -7.231 -15.904 -16.083
  -7.223 -15.844 -16.047
  -7.216 -15.776 -15.986
  -7.208 -15.383 -15.680
  -7.201 -15.465 -15.465
  -7.194 -16.016 -16.016
  -7.187 -15.466 -15.915
  -7.180 -15.799 -16.160
  -7.173 -15.607 -16.173
  -7.166 -15.897 -16.095
  -7.159 -15.754 -16.107
  -7.153 -15.832 -16.021
  -7.146 -16.172 -16.172
  -7.140 -15.502 -15.746
  -7.133 -16.149 -16.326
  -7.127 -15.942 -15.942
  -7.121 -15.982 -16.144
  -7.115 -15.759 -16.104
  -7.109 -16.145 -16.145
  -7.103 -16.302 -16.465
  -7.098 -16.281 -16.623
  -7.092 -15.694 -15.694
  -7.086 -16.448 -16.448
  -7.081 -16.044 -16.294
  -7.075 -15.811 -15.965
  -7.070 -15.542 -15.875
  -7.064 -16.366 -16.366
  -7.059 -16.152 -16.438
  -7.054 -16.362 -16.362
  -7.049 -16.009 -16.009
  -7.043 -16.330 -16.330
  -7.038 -16.078 -16.661
  -7.033 -16.466 -16.466
  -7.029 -15.618 -16.331
  -7.024 -15.170 -15.819
  -7.019 -16.232 -16.428
  -7.014 -16.266 -16.471
  -7.009 -16.380 -16.380
  -7.005 -17.478 -49.500
  -7.000 -15.514 -16.424
  -6.995 -16.454 -16.858
  -6.991 -15.708 -16.236
  -6.986 -16.473 -16.740
  -6.982 -16.193 -16.193
  -6.978 -15.199 -16.315
  -6.973 -16.656 -16.656
  -6.969 -16.056 -16.287
  -6.965 -15.273 -15.657
  -6.961 -15.341 -15.840
  -6.956 -16.077 -16.681
  -6.952 -16.152 -16.152
  -6.948 -15.798 -16.339
  -6.944 -16.241 -16.839
  -6.940 -15.651 -16.766
  -6.936 -16.171 -16.819
  -6.932 -17.065 -22.734
  -6.928 -16.137 -16.406
  -6.924 -15.944 -16.477
  -6.920 -15.091 -16.718
  -6.917 -16.088 -16.686
  -6.913 -49.500     NaN
  -6.909 -15.750 -16.724
  -6.905 -16.291 -16.291
  -6.902 -16.623 -16.821
  -6.898 -16.523 -49.500
  -6.894 -16.434 -49.500
  -6.891 -16.358 -16.358
  -6.887 -16.347 -16.596
  -6.884 -16.456 -16.646
  -6.880 -16.547 -16.971
  -6.877 -15.259 -16.619
  -6.873 -16.014 -16.939
  -6.870 -16.610 -16.805
  -6.867 -16.421 -16.653
  -6.863 -16.801 -49.500
  -6.860 -16.634 -49.500
  -6.857 -16.889 -17.046
  -6.853 -16.452 -16.639
  -6.850 -17.180 -49.500
  -6.847 -49.500     NaN
  -6.844 -17.049 -49.500
  -6.840 -16.280 -16.280
  -6.837 -15.381 -15.555
  -6.834 -49.500     NaN
  -6.831 -15.638 -16.565
  -6.828 -17.234 -49.500
  -6.825 -16.366 -17.109
  -6.822 -16.449 -17.103
  -6.819 -49.500     NaN
  -6.816 -17.192 -49.500
  -6.813 -16.189 -16.422
  -6.810 -49.500     NaN
  -6.807 -16.111 -49.500
  -6.804 -16.410 -16.629
  -6.801 -16.300 -49.500
  -6.798 -15.834 -16.876
  -6.795 -16.704 -16.704
  -6.792 -15.451 -16.641
  -6.789 -49.500     NaN
  -6.787 -16.766 -16.984
  -6.784 -16.432 -49.500
  -6.781 -16.202 -16.510
  -6.778 -17.010 -49.500
  -6.775 -16.100 -17.196
  -6.773 -49.500     NaN
  -6.770 -49.500     NaN
  -6.767 -16.179 -16.485
  -6.765 -49.500 -49.500
  -6.762 -16.836 -49.500
  -6.759 -14.843 -16.831
  -6.757 -49.500 -49.500
  -6.754 -16.684 -49.500
  -6.751 -16.646 -49.500
  -6.749 -16.689 -16.889
  -6.746 -16.110 -16.460
  -6.744 -49.500     NaN
  -6.741 -49.500     NaN
  -6.739 -49.500     NaN
  -6.736 -16.837 -49.500
  -6.734 -49.500     NaN
  -6.731 -49.500     NaN
  -6.729 -16.197 -16.197
  -6.726 -49.500     NaN
  -6.724 -16.892 -49.500
  -6.721 -16.724 -16.892
  -6.719 -17.124 -49.500
  -6.717 -16.676 -49.500
  -6.714 -16.681 -16.681
  -6.712 -49.500     NaN
  -6.709 -16.558 -16.558
  -6.707 -49.500     NaN
  -6.705 -49.500     NaN
  -6.702 -49.500 -49.500
  -6.700 -49.500 -49.500
  -6.698 -17.028 -49.500
  -6.696 -49.500     NaN
  -6.693 -15.609 -15.609
  -6.691 -16.673 -16.673
  -6.689 -49.500     NaN
  -6.687 -49.500     NaN
  -6.684 -49.500 -49.500
  -6.682 -16.679 -49.500
  -6.680 -49.500     NaN
  -6.678 -49.500 -49.500
  -6.675 -16.425 -16.621
  -6.673 -16.263 -16.263
  -6.671 -49.500     NaN
  -6.669 -14.992 -16.221
  -6.667 -49.500 -49.500
  -6.665 -49.500     NaN
  -6.663 -15.462 -16.018
  -6.661 -49.500 -49.500
  -6.658 -49.500 -49.500
  -6.656 -49.500     NaN
  -6.654 -49.500     NaN
  -6.652 -16.153 -16.153
  -6.650 -49.500 -49.500
  -6.648 -49.500     NaN
  -6.646 -49.500 -49.500
  -6.644 -49.500     NaN
  -6.642 -16.785 -16.785
  -6.640 -49.500 -49.500
  -6.638 -49.500     NaN
  -6.636 -49.500 -49.500
  -6.634 -49.500 -49.500
  -6.632 -16.474 -49.500
  -6.630 -49.500 -49.500
  -6.628 -49.500     NaN
  -6.626 -49.500 -49.500
  -6.624 -49.500 -49.500
  -6.622 -16.788 -16.788
  -6.620 -49.500 -49.500
  -6.618 -15.618 -15.618
  -6.617 -49.500 -49.500
  -6.615 -49.500     NaN
  -6.613 -49.500 -49.500
  -6.611 -49.500 -49.500
  -6.609 -49.500 -49.500
  -6.607 -49.500 -49.500
  -6.605 -49.500 -49.500
  -6.603 -16.502 -49.500
  -6.602 -49.500 -49.500
  -6.600 -49.500 -49.500
  -6.598 -49.500 -49.500
  -6.596 -49.500 -49.500
  -6.594 -49.500 -49.500
