  -8.861 -14.146 -14.146
  -8.599 -14.179 -14.179
  -8.442 -14.355 -14.355
  -8.329 -14.415 -14.415
  -8.239 -14.589 -14.589
  -8.166 -14.590 -14.590
  -8.103 -14.562 -14.562
  -8.048 -14.735 -14.735
  -7.999 -14.629 -14.629
  -7.955 -14.668 -14.668
  -7.916 -14.735 -14.735
  -7.879 -14.953 -14.953
  -7.846 -14.862 -14.862
  -7.815 -15.053 -15.053
  -7.786 -15.022 -15.022
  -7.758 -14.900 -14.900
  -7.733 -14.886 -14.886
  -7.709 -15.037 -15.037
  -7.686 -14.871 -14.871
  -7.664 -15.143 -15.143
  -7.643 -15.073 -15.073
  -7.624 -14.870 -15.057
  -7.605 -14.730 -14.979
  -7.586 -15.156 -15.310
  -7.569 -14.952 -14.952
  -7.552 -15.183 -15.183
  -7.536 -15.396 -15.396
  -7.521 -15.180 -15.180
  -7.506 -15.246 -15.246
  -7.491 -15.433 -15.433
  -7.477 -15.350 -15.350
  -7.464 -15.036 -15.505
  -7.451 -15.387 -15.387
  -7.438 -15.412 -15.412
  -7.425 -15.090 -15.260
  -7.413 -14.731 -15.147
  -7.401 -15.302 -15.551
  -7.390 -15.204 -15.599
  -7.379 -15.413 -15.593
  -7.368 -15.632 -15.829
  -7.357 -15.455 -15.455
  -7.347 -15.550 -15.550
  -7.337 -15.301 -15.868
  -7.327 -15.227 -15.513
  -7.317 -14.922 -15.813
  -7.308 -15.398 -15.752
  -7.299 -15.185 -15.185
  -7.290 -15.623 -15.902
  -7.281 -15.589 -15.589
  -7.272 -15.400 -15.400
  -7.264 -15.565 -15.565
  -7.255 -14.230 -15.080
  -7.247 -15.266 -15.266
  -7.239 -15.475 -15.475
  -7.231 -15.985 -15.985
  -7.223 -15.561 -15.907
  -7.216 -15.659 -15.659
  -7.208 -15.777 -15.777
  -7.201 -15.604 -16.142
  -7.194 -15.708 -15.708
  -7.187 -15.613 -15.824
  -7.180 -15.130 -15.334
  -7.173 -16.105 -16.258
  -7.166 -15.765 -16.075
  -7.159 -15.584 -16.047
  -7.153 -15.771 -15.771
  -7.146 -15.300 -16.041
  -7.140 -16.044 -16.255
  -7.133 -15.780 -15.975
  -7.127 -15.519 -15.886
  -7.121 -15.311 -15.863
  -7.115 -15.929 -16.112
  -7.109 -15.778 -16.126
  -7.103 -16.241 -16.241
  -7.098 -15.913 -16.181
  -7.092 -15.381 -15.744
  -7.086 -15.772 -16.235
  -7.081 -16.383 -16.383
  -7.075 -15.755 -16.042
  -7.070 -15.099 -16.300
  -7.064 -16.410 -16.410
  -7.059 -15.867 -16.314
  -7.054 -16.180 -16.180
  -7.049 -15.957 -15.957
  -7.043 -16.008 -16.008
  -7.038 -16.370 -16.535
  -7.033 -16.401 -16.401
  -7.029 -15.480 -15.899
  -7.024 -16.217 -16.217
  -7.019 -15.918 -16.074
  -7.014 -16.302 -16.871
  -7.009 -15.842 -16.464
  -7.005 -15.797 -16.160
  -7.000 -14.810 -16.310
  -6.995 -16.322 -16.322
  -6.991 -15.032 -16.183
  -6.986 -15.747 -16.307
  -6.982 -16.124 -16.726
  -6.978 -16.544 -16.947
  -6.973 -15.856 -16.077
  -6.969 -16.271 -16.538
  -6.965 -16.290 -16.772
  -6.961 -16.376 -16.541
  -6.956 -16.702 -16.702
  -6.952 -16.675 -16.675
  -6.948 -16.041 -16.297
  -6.944 -16.775 -17.312
  -6.940 -16.328 -16.486
  -6.936 -16.797 -17.022
  -6.932 -15.619 -15.877
  -6.928 -16.124 -16.645
  -6.924 -16.691 -17.022
  -6.920 -16.913 -17.240
  -6.917 -16.718 -16.718
  -6.913 -15.387 -16.472
  -6.909 -16.533 -16.821
  -6.905 -16.336 -16.891
  -6.902 -16.207 -16.624
  -6.898 -15.936 -16.235
  -6.894 -16.001 -16.789
  -6.891 -16.804 -16.804
  -6.887 -16.921 -17.544
  -6.884 -17.325 -49.500
  -6.880 -16.002 -17.293
  -6.877 -49.500 -49.500
  -6.873 -15.829 -49.500
  -6.870 -16.068 -16.068
  -6.867 -16.338 -17.321
  -6.863 -16.113 -16.647
  -6.860 -16.736 -49.500
  -6.857 -49.500     NaN
  -6.853 -16.452 -16.452
  -6.850 -15.658 -17.102
  -6.847 -16.555 -16.914
  -6.844 -16.852 -49.500
  -6.840 -15.527 -15.917
  -6.837 -15.390 -15.722
  -6.834 -49.500     NaN
  -6.831 -16.109 -49.500
  -6.828 -16.330 -16.888
  -6.825 -16.870 -17.415
  -6.822 -16.789 -17.346
  -6.819 -16.898 -49.500
  -6.816 -16.369 -16.662
  -6.813 -16.446 -16.983
  -6.810 -16.668 -49.500
  -6.807 -49.500     NaN
  -6.804 -14.965 -14.965
  -6.801 -49.500     NaN
  -6.798 -17.032 -49.500
  -6.795 -16.160 -16.477
  -6.792 -16.477 -49.500
  -6.789 -49.500 -49.500
  -6.787 -16.849 -49.500
  -6.784 -16.108 -16.734
  -6.781 -16.048 -16.715
  -6.778 -16.078 -49.500
  -6.775 -49.500     NaN
  -6.773 -16.353 -16.739
  -6.770 -15.305 -16.867
  -6.767 -16.483 -49.500
  -6.765 -49.500     NaN
  -6.762 -49.500 -49.500
  -6.759 -49.500 -49.500
  -6.757 -16.549 -16.549
  -6.754 -15.598 -16.691
  -6.751 -49.500     NaN
  -6.749 -49.500     NaN
  -6.746 -16.578 -49.500
  -6.744 -16.027 -49.500
  -6.741 -49.500     NaN
  -6.739 -17.007 -49.500
  -6.736 -16.251 -49.500
  -6.734 -49.500     NaN
  -6.731 -49.500     NaN
  -6.729 -15.726 -49.500
  -6.726 -16.358 -16.556
  -6.724 -49.500 -49.500
  -6.721 -16.226 -16.487
  -6.719 -49.500     NaN
  -6.717 -49.500     NaN
  -6.714 -49.500     NaN
  -6.712 -16.451 -49.500
  -6.709 -16.304 -49.500
  -6.707 -49.500     NaN
  -6.705 -49.500 -49.500
  -6.702 -49.500 -49.500
  -6.700 -49.500 -49.500
  -6.698 -49.500     NaN
  -6.696 -49.500 -49.500
  -6.693 -17.335 -49.500
  -6.691 -16.816 -49.500
  -6.689 -49.500 -49.500
  -6.687 -16.304 -16.304
  -6.684 -49.500 -49.500
  -6.682 -16.475 -16.475
  -6.680 -15.973 -15.973
  -6.678 -49.500     NaN
  -6.675 -49.500 -49.500
  -6.673 -16.560 -49.500
  -6.671 -49.500     NaN
  -6.669 -49.500 -49.500
  -6.667 -15.859 -49.500
  -6.665 -16.425 -49.500
  -6.663 -49.500 -49.500
  -6.661 -16.627 -49.500
  -6.658 -49.500 -49.500
  -6.656 -49.500     NaN
  -6.654 -49.500 -49.500
  -6.652 -49.500 -49.500
  -6.650 -16.563 -49.500
  -6.648 -49.500 -49.500
  -6.646 -49.500 -49.500
  -6.644 -17.019 -49.500
  -6.642 -49.500 -49.500
  -6.640 -16.133 -49.500
  -6.638 -16.705 -16.705
  -6.636 -49.500 -49.500
  -6.634 -49.500 -49.500
  -6.632 -16.636 -49.500
  -6.630 -49.500 -49.500
  -6.628 -49.500 -49.500
  -6.626 -49.500 -49.500
  -6.624 -16.228 -49.500
  -6.622 -49.500 -49.500
  -6.620 -49.500     NaN
  -6.618 -49.500     NaN
  -6.617 -49.500 -49.500
  -6.615 -49.500 -49.500
  -6.613 -49.500 -49.500
  -6.611 -49.500 -49.500
  -6.609 -16.794 -16.794
  -6.607 -49.500 -49.500
  -6.605 -17.204 -17.204
  -6.603 -49.500 -49.500
  -6.602 -49.500 -49.500
  -6.600 -49.500 -49.500
  -6.598 -49.500 -49.500
  -6.596 -49.500 -49.500
  -6.594 -49.500 -49.500
