  -8.861 -14.164 -14.164
  -8.599 -14.278 -14.278
  -8.442 -14.385 -14.385
  -8.329 -14.512 -14.512
  -8.239 -14.603 -14.603
  -8.166 -14.624 -14.624
  -8.103 -14.536 -14.536
  -8.048 -14.773 -14.773
  -7.999 -14.756 -14.756
  -7.955 -14.597 -14.848
  -7.916 -14.860 -14.860
  -7.879 -14.809 -14.809
  -7.846 -14.867 -14.867
  -7.815 -14.766 -14.924
  -7.786 -14.916 -14.916
  -7.758 -14.737 -14.737
  -7.733 -14.972 -14.972
  -7.709 -15.050 -15.050
  -7.686 -15.136 -15.136
  -7.664 -15.095 -15.095
  -7.643 -15.109 -15.109
  -7.624 -14.745 -14.745
  -7.605 -15.029 -15.208
  -7.586 -15.296 -15.296
  -7.569 -15.236 -15.236
  -7.552 -15.024 -15.460
  -7.536 -15.177 -15.177
  -7.521 -15.054 -15.254
  -7.506 -15.530 -15.530
  -7.491 -15.387 -15.387
  -7.477 -15.294 -15.588
  -7.464 -15.243 -15.396
  -7.451 -13.671 -15.056
  -7.438 -15.466 -15.466
  -7.425 -15.188 -15.188
  -7.413 -15.535 -15.535
  -7.401 -15.539 -15.539
  -7.390 -15.210 -15.492
  -7.379 -15.455 -15.455
  -7.368 -14.938 -15.284
  -7.357 -15.895 -15.895
  -7.347 -15.732 -15.732
  -7.337 -15.779 -15.779
  -7.327 -15.455 -15.455
  -7.317 -14.308 -14.857
  -7.308 -15.097 -15.097
  -7.299 -15.676 -15.676
  -7.290 -15.771 -15.771
  -7.281 -15.686 -15.686
  -7.272 -15.304 -15.591
  -7.264 -15.866 -16.017
  -7.255 -15.541 -15.541
  -7.247 -15.712 -15.712
  -7.239 -15.355 -15.545
  -7.231 -15.498 -15.498
  -7.223 -15.850 -15.850
  -7.216 -15.356 -15.582
  -7.208 -15.784 -16.011
  -7.201 -15.493 -15.819
  -7.194 -15.841 -15.841
  -7.187 -15.822 -15.822
  -7.180 -15.778 -15.778
  -7.173 -16.119 -16.119
  -7.166 -15.823 -15.823
  -7.159 -15.999 -15.999
  -7.153 -15.826 -16.099
  -7.146 -15.692 -15.692
  -7.140 -15.612 -16.124
  -7.133 -15.607 -15.784
  -7.127 -15.194 -15.889
  -7.121 -15.958 -16.304
  -7.115 -16.164 -16.164
  -7.109 -16.334 -16.334
  -7.103 -15.992 -15.992
  -7.098 -15.730 -15.999
  -7.092 -16.236 -16.470
  -7.086 -16.026 -16.026
  -7.081 -15.336 -15.876
  -7.075 -15.889 -16.133
  -7.070 -15.966 -16.274
  -7.064 -15.545 -16.149
  -7.059 -16.283 -16.283
  -7.054 -15.851 -16.045
  -7.049 -15.916 -15.916
  -7.043 -16.284 -16.666
  -7.038 -16.263 -16.527
  -7.033 -16.091 -16.350
  -7.029 -16.123 -16.313
  -7.024 -16.399 -16.399
  -7.019 -16.280 -16.280
  -7.014 -15.369 -15.948
  -7.009 -16.442 -16.832
  -7.005 -16.201 -16.201
  -7.000 -15.432 -16.174
  -6.995 -16.284 -16.510
  -6.991 -22.775 -22.775
  -6.986 -16.370 -16.370
  -6.982 -16.342 -16.342
  -6.978 -15.087 -16.581
  -6.973 -15.879 -15.879
  -6.969 -16.196 -16.430
  -6.965 -16.420 -16.420
  -6.961 -16.281 -16.717
  -6.956 -16.601 -16.601
  -6.952 -17.039 -17.242
  -6.948 -15.746 -16.835
  -6.944 -15.954 -17.504
  -6.940 -15.621 -16.002
  -6.936 -16.560 -16.808
  -6.932 -49.500     NaN
  -6.928 -16.042 -16.445
  -6.924 -16.486 -16.486
  -6.920 -15.715 -22.310
  -6.917 -16.509 -16.665
  -6.913 -15.974 -16.954
  -6.909 -16.335 -16.894
  -6.905 -16.831 -22.168
  -6.902 -15.952 -16.757
  -6.898 -16.595 -16.757
  -6.894 -16.659 -16.659
  -6.891 -16.988 -22.824
  -6.887 -16.496 -16.652
  -6.884 -16.208 -16.812
  -6.880 -16.031 -16.240
  -6.877 -16.599 -49.500
  -6.873 -16.587 -49.500
  -6.870 -15.546 -15.757
  -6.867 -16.532 -16.720
  -6.863 -15.927 -17.047
  -6.860 -16.807 -49.500
  -6.857 -16.301 -49.500
  -6.853 -16.723 -49.500
  -6.850 -49.500     NaN
  -6.847 -16.748 -17.110
  -6.844 -16.362 -16.595
  -6.840 -17.153 -49.500
  -6.837 -16.048 -16.524
  -6.834 -16.069 -16.690
  -6.831 -16.368 -16.526
  -6.828 -16.375 -49.500
  -6.825 -49.500     NaN
  -6.822 -16.752 -17.289
  -6.819 -17.064 -49.500
  -6.816 -16.916 -49.500
  -6.813 -49.500     NaN
  -6.810 -16.911 -49.500
  -6.807 -17.363 -49.500
  -6.804 -15.959 -16.145
  -6.801 -16.900 -49.500
  -6.798 -16.631 -16.800
  -6.795 -49.500 -49.500
  -6.792 -15.705 -16.316
  -6.789 -16.309 -49.500
  -6.787 -49.500     NaN
  -6.784 -16.227 -49.500
  -6.781 -49.500     NaN
  -6.778 -16.515 -49.500
  -6.775 -49.500     NaN
  -6.773 -49.500     NaN
  -6.770 -49.500     NaN
  -6.767 -16.660 -49.500
  -6.765 -15.842 -16.079
  -6.762 -16.129 -49.500
  -6.759 -16.830 -17.210
  -6.757 -15.742 -49.500
  -6.754 -16.389 -49.500
  -6.751 -16.637 -49.500
  -6.749 -16.573 -49.500
  -6.746 -16.339 -17.237
  -6.744 -17.024 -49.500
  -6.741 -49.500     NaN
  -6.739 -49.500 -49.500
  -6.736 -16.687 -17.027
  -6.734 -49.500 -49.500
  -6.731 -49.500 -49.500
  -6.729 -16.045 -16.786
  -6.726 -49.500     NaN
  -6.724 -16.504 -49.500
  -6.721 -49.500     NaN
  -6.719 -49.500     NaN
  -6.717 -49.500 -49.500
  -6.714 -16.183 -16.452
  -6.712 -16.935 -49.500
  -6.709 -16.560 -49.500
  -6.707 -49.500     NaN
  -6.705 -16.259 -16.834
  -6.702 -16.538 -49.500
  -6.700 -49.500     NaN
  -6.698 -49.500 -49.500
  -6.696 -16.741 -49.500
  -6.693 -16.035 -16.035
  -6.691 -49.500 -49.500
  -6.689 -16.515 -49.500
  -6.687 -49.500     NaN
  -6.684 -49.500 -49.500
  -6.682 -49.500     NaN
  -6.680 -16.667 -49.500
  -6.678 -16.301 -49.500
  -6.675 -49.500 -49.500
  -6.673 -16.955 -16.955
  -6.671 -49.500 -49.500
  -6.669 -49.500     NaN
  -6.667 -16.845 -49.500
  -6.665 -16.232 -16.433
  -6.663 -49.500     NaN
  -6.661 -16.946 -16.946
  -6.658 -15.392 -15.392
  -6.656 -49.500     NaN
  -6.654 -17.123 -49.500
  -6.652 -13.957 -13.957
  -6.650 -49.500 -49.500
  -6.648 -49.500 -49.500
  -6.646 -16.553 -49.500
  -6.644 -49.500 -49.500
  -6.642 -49.500     NaN
  -6.640 -49.500 -49.500
  -6.638 -49.500 -49.500
  -6.636 -49.500 -49.500
  -6.634 -49.500 -49.500
  -6.632 -49.500     NaN
  -6.630 -49.500 -49.500
  -6.628 -49.500 -49.500
  -6.626 -49.500 -49.500
  -6.624 -49.500 -49.500
  -6.622 -49.500 -49.500
  -6.620 -49.500 -49.500
  -6.618 -16.050 -16.050
  -6.617 -49.500 -49.500
  -6.615 -49.500 -49.500
  -6.613 -49.500 -49.500
  -6.611 -15.225 -15.225
  -6.609 -49.500 -49.500
  -6.607 -49.500     NaN
  -6.605 -15.944 -49.500
  -6.603 -16.317 -16.317
  -6.602 -49.500 -49.500
  -6.600 -49.500 -49.500
  -6.598 -16.960 -16.960
  -6.596 -49.500 -49.500
  -6.594 -49.500 -49.500
