  -8.861 -14.125 -14.125
  -8.599 -14.266 -14.266
  -8.442 -14.157 -14.339
  -8.329 -14.452 -14.452
  -8.239 -14.450 -14.450
  -8.166 -14.443 -14.443
  -8.103 -14.172 -14.637
  -8.048 -14.739 -14.739
  -7.999 -14.664 -14.664
  -7.955 -14.486 -14.674
  -7.916 -14.845 -14.845
  -7.879 -14.716 -14.880
  -7.846 -14.393 -15.040
  -7.815 -14.942 -14.942
  -7.786 -14.891 -14.891
  -7.758 -14.843 -15.025
  -7.733 -14.986 -14.986
  -7.709 -15.057 -15.057
  -7.686 -14.711 -14.952
  -7.664 -14.928 -15.166
  -7.643 -14.837 -15.029
  -7.624 -14.884 -15.035
  -7.605 -15.275 -15.275
  -7.586 -15.262 -15.262
  -7.569 -15.062 -15.062
  -7.552 -15.057 -15.356
  -7.536 -14.807 -14.968
  -7.521 -15.139 -15.317
  -7.506 -14.973 -14.973
  -7.491 -15.335 -15.335
  -7.477 -15.221 -15.221
  -7.464 -15.032 -15.261
  -7.451 -15.050 -15.050
  -7.438 -15.306 -15.306
  -7.425 -15.613 -15.613
  -7.413 -15.151 -15.545
  -7.401 -15.792 -15.792
  -7.390 -15.723 -15.723
  -7.379 -15.678 -15.678
  -7.368 -15.479 -15.632
  -7.357 -14.584 -15.003
  -7.347 -15.086 -15.086
  -7.337 -15.146 -15.410
  -7.327 -15.502 -15.739
  -7.317 -15.251 -15.508
  -7.308 -15.685 -15.685
  -7.299 -15.858 -15.858
  -7.290 -15.433 -15.709
  -7.281 -15.646 -15.646
  -7.272 -15.549 -15.752
  -7.264 -15.886 -15.886
  -7.255 -15.913 -15.913
  -7.247 -15.939 -15.939
  -7.239 -15.668 -15.668
  -7.231 -15.158 -15.557
  -7.223 -16.050 -16.050
  -7.216 -15.212 -15.755
  -7.208 -15.608 -15.791
  -7.201 -15.920 -15.920
  -7.194 -15.302 -16.028
  -7.187 -15.906 -16.117
  -7.180 -15.461 -15.920
  -7.173 -16.202 -16.202
  -7.166 -15.609 -15.609
  -7.159 -16.083 -16.301
  -7.153 -16.182 -16.182
  -7.146 -14.983 -15.978
  -7.140 -16.061 -16.232
  -7.133 -16.194 -16.413
  -7.127 -15.731 -16.034
  -7.121 -15.455 -15.727
  -7.115 -16.359 -16.359
  -7.109 -15.867 -16.270
  -7.103 -15.846 -16.048
  -7.098 -15.919 -16.096
  -7.092 -16.040 -16.040
  -7.086 -15.825 -16.260
  -7.081 -16.086 -16.396
  -7.075 -16.023 -16.023
  -7.070 -16.536 -16.536
  -7.064 -16.109 -16.109
  -7.059 -16.077 -16.457
  -7.054 -15.955 -16.546
  -7.049 -15.144 -16.106
  -7.043 -15.874 -16.473
  -7.038 -15.573 -16.235
  -7.033 -16.042 -16.467
  -7.029 -15.966 -16.133
  -7.024 -16.127 -16.327
  -7.019 -16.368 -16.679
  -7.014 -16.177 -16.482
  -7.009 -15.374 -16.027
  -7.005 -16.439 -16.649
  -7.000 -16.838 -17.009
  -6.995 -15.626 -16.389
  -6.991 -16.208 -16.446
  -6.986 -16.372 -16.372
  -6.982 -16.293 -16.963
  -6.978 -15.755 -15.755
  -6.973 -16.294 -16.294
  -6.969 -16.039 -16.225
  -6.965 -16.260 -16.260
  -6.961 -15.903 -16.280
  -6.956 -15.573 -16.485
  -6.952 -16.241 -16.241
  -6.948 -16.297 -16.520
  -6.944 -15.979 -15.979
  -6.940 -16.065 -16.320
  -6.936 -15.639 -15.801
  -6.932 -17.424 -22.899
  -6.928 -16.771 -17.114
  -6.924 -16.572 -16.862
  -6.920 -15.489 -17.395
  -6.917 -15.606 -16.447
  -6.913 -15.334 -15.765
  -6.909 -16.524 -16.691
  -6.905 -14.974 -15.892
  -6.902 -16.861 -17.239
  -6.898 -16.868 -49.500
  -6.894 -22.595 -22.595
  -6.891 -16.688 -49.500
  -6.887 -22.530 -22.530
  -6.884 -16.574 -16.991
  -6.880 -16.556 -16.556
  -6.877 -16.030 -16.610
  -6.873 -16.507 -16.726
  -6.870 -16.754 -17.087
  -6.867 -16.706 -16.867
  -6.863 -16.695 -17.090
  -6.860 -15.903 -16.558
  -6.857 -16.834 -16.998
  -6.853 -16.286 -16.459
  -6.850 -15.930 -49.500
  -6.847 -16.005 -16.757
  -6.844 -14.307 -49.500
  -6.840 -15.913 -49.500
  -6.837 -49.500     NaN
  -6.834 -15.822 -16.850
  -6.831 -17.054 -49.500
  -6.828 -16.149 -16.594
  -6.825 -49.500     NaN
  -6.822 -16.911 -16.911
  -6.819 -16.412 -16.592
  -6.816 -16.789 -49.500
  -6.813 -17.011 -17.273
  -6.810 -17.059 -49.500
  -6.807 -16.441 -17.368
  -6.804 -49.500     NaN
  -6.801 -16.193 -49.500
  -6.798 -16.488 -16.854
  -6.795 -49.500     NaN
  -6.792 -16.340 -16.792
  -6.789 -49.500     NaN
  -6.787 -16.062 -17.375
  -6.784 -16.239 -16.894
  -6.781 -16.844 -49.500
  -6.778 -16.050 -16.429
  -6.775 -49.500     NaN
  -6.773 -16.614 -17.089
  -6.770 -49.500 -49.500
  -6.767 -16.259 -16.259
  -6.765 -16.326 -49.500
  -6.762 -17.057 -17.057
  -6.759 -16.406 -16.616
  -6.757 -49.500 -49.500
  -6.754 -16.907 -49.500
  -6.751 -49.500 -49.500
  -6.749 -49.500 -49.500
  -6.746 -16.860 -49.500
  -6.744 -49.500     NaN
  -6.741 -49.500 -49.500
  -6.739 -16.641 -49.500
  -6.736 -16.606 -16.830
  -6.734 -49.500     NaN
  -6.731 -16.503 -16.503
  -6.729 -49.500     NaN
  -6.726 -16.950 -49.500
  -6.724 -16.394 -16.930
  -6.721 -16.193 -16.879
  -6.719 -49.500     NaN
  -6.717 -49.500     NaN
  -6.714 -49.500 -49.500
  -6.712 -49.500     NaN
  -6.709 -16.542 -16.697
  -6.707 -16.734 -49.500
  -6.705 -49.500 -49.500
  -6.702 -49.500 -49.500
  -6.700 -49.500     NaN
  -6.698 -49.500 -49.500
  -6.696 -49.500 -49.500
  -6.693 -49.500 -49.500
  -6.691 -49.500 -49.500
  -6.689 -49.500     NaN
  -6.687 -49.500 -49.500
  -6.684 -49.500 -49.500
  -6.682 -49.500 -49.500
  -6.680 -49.500 -49.500
  -6.678 -49.500 -49.500
  -6.675 -49.500 -49.500
  -6.673 -16.053 -16.053
  -6.671 -49.500     NaN
  -6.669 -49.500 -49.500
  -6.667 -16.322 -16.322
  -6.665 -49.500 -49.500
  -6.663 -49.500 -49.500
  -6.661 -49.500 -49.500
  -6.658 -16.726 -49.500
  -6.656 -49.500     NaN
  -6.654 -16.950 -49.500
  -6.652 -49.500 -49.500
  -6.650 -49.500 -49.500
  -6.648 -49.500 -49.500
  -6.646 -49.500     NaN
  -6.644 -49.500     NaN
  -6.642 -49.500 -49.500
  -6.640 -16.796 -16.796
  -6.638 -49.500 -49.500
  -6.636 -49.500 -49.500
  -6.634 -49.500 -49.500
  -6.632 -49.500 -49.500
  -6.630 -16.639 -17.147
  -6.628 -49.500 -49.500
  -6.626 -49.500 -49.500
  -6.624 -15.860 -15.860
  -6.622 -16.623 -16.623
  -6.620 -49.500     NaN
  -6.618 -16.430 -49.500
  -6.617 -49.500 -49.500
  -6.615 -49.500 -49.500
  -6.613 -49.500     NaN
  -6.611 -49.500 -49.500
  -6.609 -16.007 -49.500
  -6.607 -49.500     NaN
  -6.605 -49.500 -49.500
  -6.603 -15.935 -16.780
  -6.602 -49.500 -49.500
  -6.600 -49.500 -49.500
  -6.598 -49.500     NaN
  -6.596 -49.500 -49.500
  -6.594 -16.335 -49.500
