  -8.861 -14.079 -14.079
  -8.599 -14.284 -14.284
  -8.442 -14.250 -14.250
  -8.329 -14.328 -14.328
  -8.239 -14.344 -14.344
  -8.166 -14.535 -14.699
  -8.103 -14.624 -14.624
  -8.048 -14.559 -14.559
  -7.999 -14.650 -14.650
  -7.955 -14.607 -14.795
  -7.916 -14.845 -14.845
  -7.879 -14.570 -14.866
  -7.846 -14.870 -14.870
  -7.815 -14.580 -14.994
  -7.786 -14.943 -14.943
  -7.758 -14.958 -14.958
  -7.733 -15.091 -15.091
  -7.709 -14.903 -14.903
  -7.686 -14.829 -15.104
  -7.664 -15.171 -15.171
  -7.643 -14.982 -14.982
  -7.624 -15.156 -15.156
  -7.605 -14.944 -15.172
  -7.586 -15.286 -15.286
  -7.569 -15.111 -15.303
  -7.552 -14.993 -15.235
  -7.536 -15.490 -15.490
  -7.521 -15.447 -15.447
  -7.506 -14.242 -15.474
  -7.491 -14.865 -15.350
  -7.477 -15.446 -15.446
  -7.464 -15.225 -15.419
  -7.451 -15.237 -15.237
  -7.438 -15.223 -15.474
  -7.425 -15.415 -15.583
  -7.413 -15.422 -15.602
  -7.401 -15.339 -15.563
  -7.390 -14.541 -15.437
  -7.379 -15.736 -15.736
  -7.368 -15.491 -15.491
  -7.357 -15.578 -15.871
  -7.347 -15.365 -15.655
  -7.337 -15.287 -15.608
  -7.327 -15.611 -15.611
  -7.317 -15.389 -15.389
  -7.308 -15.390 -15.390
  -7.299 -15.342 -15.342
  -7.290 -15.438 -15.680
  -7.281 -15.447 -15.723
  -7.272 -15.278 -15.773
  -7.264 -15.568 -15.818
  -7.255 -15.371 -15.371
  -7.247 -15.695 -15.959
  -7.239 -15.860 -15.860
  -7.231 -15.777 -15.971
  -7.223 -15.632 -15.843
  -7.216 -14.654 -15.931
  -7.208 -16.263 -16.263
  -7.201 -15.289 -15.614
  -7.194 -15.701 -15.938
  -7.187 -15.664 -15.664
  -7.180 -16.031 -16.031
  -7.173 -15.825 -15.825
  -7.166 -15.983 -15.983
  -7.159 -16.068 -16.244
  -7.153 -15.573 -15.801
  -7.146 -14.717 -15.885
  -7.140 -15.806 -15.806
  -7.133 -15.962 -15.962
  -7.127 -15.845 -15.845
  -7.121 -15.691 -15.936
  -7.115 -15.985 -15.985
  -7.109 -15.472 -15.681
  -7.103 -15.221 -15.619
  -7.098 -16.359 -16.359
  -7.092 -16.401 -16.401
  -7.086 -15.904 -16.517
  -7.081 -15.436 -16.094
  -7.075 -15.321 -16.014
  -7.070 -15.979 -16.281
  -7.064 -16.424 -16.424
  -7.059 -16.063 -16.288
  -7.054 -15.870 -16.142
  -7.049 -16.350 -16.590
  -7.043 -16.020 -16.241
  -7.038 -16.151 -16.323
  -7.033 -16.344 -16.344
  -7.029 -15.976 -16.552
  -7.024 -16.374 -16.374
  -7.019 -15.906 -16.245
  -7.014 -16.653 -16.653
  -7.009 -16.250 -16.427
  -7.005 -15.499 -16.518
  -7.000 -16.497 -16.497
  -6.995 -16.513 -16.792
  -6.991 -15.325 -16.114
  -6.986 -16.660 -16.820
  -6.982 -15.518 -15.813
  -6.978 -15.694 -15.930
  -6.973 -16.262 -16.467
  -6.969 -16.517 -16.776
  -6.965 -16.332 -16.503
  -6.961 -15.779 -16.068
  -6.956 -15.913 -15.913
  -6.952 -16.116 -16.332
  -6.948 -15.939 -16.111
  -6.944 -16.847 -16.847
  -6.940 -22.792 -22.792
  -6.936 -16.414 -16.414
  -6.932 -16.537 -16.724
  -6.928 -16.692 -16.995
  -6.924 -15.919 -16.393
  -6.920 -16.620 -16.988
  -6.917 -17.332 -49.500
  -6.913 -14.948 -16.427
  -6.909 -16.065 -16.318
  -6.905 -16.657 -49.500
  -6.902 -16.283 -22.065
  -6.898 -16.232 -16.894
  -6.894 -16.616 -17.050
  -6.891 -16.486 -16.840
  -6.887 -16.609 -16.801
  -6.884 -16.402 -16.672
  -6.880 -17.130 -49.500
  -6.877 -16.068 -16.068
  -6.873 -16.773 -17.121
  -6.870 -16.372 -16.681
  -6.867 -16.454 -16.454
  -6.863 -49.500     NaN
  -6.860 -16.850 -17.332
  -6.857 -16.945 -49.500
  -6.853 -16.215 -17.274
  -6.850 -16.200 -49.500
  -6.847 -17.045 -49.500
  -6.844 -15.694 -17.043
  -6.840 -15.501 -16.009
  -6.837 -16.955 -49.500
  -6.834 -15.910 -16.239
  -6.831 -15.855 -16.053
  -6.828 -16.406 -49.500
  -6.825 -16.149 -49.500
  -6.822 -16.344 -49.500
  -6.819 -16.720 -17.218
  -6.816 -17.038 -49.500
  -6.813 -16.687 -17.015
  -6.810 -49.500     NaN
  -6.807 -49.500     NaN
  -6.804 -16.570 -49.500
  -6.801 -49.500     NaN
  -6.798 -16.017 -49.500
  -6.795 -17.277 -49.500
  -6.792 -16.435 -49.500
  -6.789 -16.104 -49.500
  -6.787 -49.500     NaN
  -6.784 -17.208 -49.500
  -6.781 -49.500     NaN
  -6.778 -49.500 -49.500
  -6.775 -16.141 -16.141
  -6.773 -49.500     NaN
  -6.770 -16.754 -17.095
  -6.767 -15.324 -49.500
  -6.765 -15.674 -15.674
  -6.762 -16.773 -17.079
  -6.759 -16.342 -16.342
  -6.757 -16.797 -49.500
  -6.754 -16.126 -16.552
  -6.751 -49.500     NaN
  -6.749 -16.612 -49.500
  -6.746 -17.280 -49.500
  -6.744 -49.500 -49.500
  -6.741 -49.500 -49.500
  -6.739 -15.865 -15.865
  -6.736 -16.688 -49.500
  -6.734 -49.500     NaN
  -6.731 -16.558 -49.500
  -6.729 -15.948 -15.948
  -6.726 -49.500     NaN
  -6.724 -49.500     NaN
  -6.721 -16.433 -16.586
  -6.719 -49.500     NaN
  -6.717 -49.500 -49.500
  -6.714 -49.500     NaN
  -6.712 -49.500     NaN
  -6.709 -16.787 -17.033
  -6.707 -49.500     NaN
  -6.705 -49.500 -49.500
  -6.702 -17.147 -49.500
  -6.700 -49.500     NaN
  -6.698 -49.500     NaN
  -6.696 -49.500 -49.500
  -6.693 -16.184 -16.381
  -6.691 -49.500 -49.500
  -6.689 -16.051 -16.051
  -6.687 -49.500     NaN
  -6.684 -49.500 -49.500
  -6.682 -16.522 -16.522
  -6.680 -49.500     NaN
  -6.678 -49.500 -49.500
  -6.675 -17.104 -17.104
  -6.673 -16.791 -49.500
  -6.671 -17.033 -49.500
  -6.669 -16.471 -49.500
  -6.667 -49.500 -49.500
  -6.665 -49.500     NaN
  -6.663 -16.628 -49.500
  -6.661 -49.500     NaN
  -6.658 -49.500 -49.500
  -6.656 -49.500 -49.500
  -6.654 -49.500 -49.500
  -6.652 -49.500     NaN
  -6.650 -16.584 -49.500
  -6.648 -49.500 -49.500
  -6.646 -17.135 -17.135
  -6.644 -49.500 -49.500
  -6.642 -49.500 -49.500
  -6.640 -49.500 -49.500
  -6.638 -16.532 -49.500
  -6.636 -16.607 -49.500
  -6.634 -49.500 -49.500
  -6.632 -49.500 -49.500
  -6.630 -49.500 -49.500
  -6.628 -49.500 -49.500
  -6.626 -49.500 -49.500
  -6.624 -49.500     NaN
  -6.622 -49.500 -49.500
  -6.620 -49.500 -49.500
  -6.618 -49.500 -49.500
  -6.617 -49.500 -49.500
  -6.615 -49.500     NaN
  -6.613 -49.500 -49.500
  -6.611 -49.500 -49.500
  -6.609 -49.500 -49.500
  -6.607 -16.663 -16.663
  -6.605 -49.500     NaN
  -6.603 -49.500 -49.500
  -6.602 -15.805 -15.805
  -6.600 -49.500 -49.500
  -6.598 -49.500     NaN
  -6.596 -16.184 -49.500
  -6.594 -16.608 -49.500
