  -8.861 -14.069 -14.069
  -8.599 -14.272 -14.272
  -8.442 -14.407 -14.407
  -8.329 -14.487 -14.487
  -8.239 -14.493 -14.493
  -8.166 -14.615 -14.615
  -8.103 -14.611 -14.611
  -8.048 -14.677 -14.677
  -7.999 -14.829 -14.829
  -7.955 -14.424 -14.689
  -7.916 -14.936 -14.936
  -7.879 -14.784 -14.946
  -7.846 -14.768 -14.962
  -7.815 -14.966 -14.966
  -7.786 -15.080 -15.080
  -7.758 -14.928 -14.928
  -7.733 -15.110 -15.110
  -7.709 -15.218 -15.218
  -7.686 -15.012 -15.012
  -7.664 -15.208 -15.208
  -7.643 -14.935 -14.935
  -7.624 -14.607 -14.836
  -7.605 -15.123 -15.123
  -7.586 -15.085 -15.085
  -7.569 -15.048 -15.261
  -7.552 -14.934 -15.236
  -7.536 -15.420 -15.420
  -7.521 -15.140 -15.140
  -7.506 -14.944 -15.254
  -7.491 -15.383 -15.383
  -7.477 -15.486 -15.709
  -7.464 -14.981 -15.304
  -7.451 -15.156 -15.480
  -7.438 -14.641 -15.569
  -7.425 -15.243 -15.519
  -7.413 -14.927 -15.662
  -7.401 -15.472 -15.472
  -7.390 -15.280 -15.280
  -7.379 -15.500 -15.500
  -7.368 -14.870 -15.505
  -7.357 -15.516 -15.516
  -7.347 -15.759 -15.759
  -7.337 -15.750 -15.750
  -7.327 -15.359 -15.587
  -7.317 -15.600 -15.600
  -7.308 -15.780 -15.780
  -7.299 -15.617 -15.617
  -7.290 -15.790 -15.790
  -7.281 -15.235 -15.553
  -7.272 -13.676 -15.679
  -7.264 -15.555 -15.775
  -7.255 -15.337 -15.539
  -7.247 -15.685 -15.888
  -7.239 -15.524 -15.723
  -7.231 -15.783 -15.783
  -7.223 -15.254 -15.680
  -7.216 -16.019 -16.413
  -7.208 -15.542 -15.943
  -7.201 -15.515 -15.670
  -7.194 -16.188 -16.188
  -7.187 -16.050 -16.050
  -7.180 -15.627 -15.903
  -7.173 -16.003 -16.003
  -7.166 -15.890 -16.325
  -7.159 -15.037 -15.363
  -7.153 -15.863 -15.863
  -7.146 -16.174 -16.174
  -7.140 -15.476 -16.160
  -7.133 -15.983 -15.983
  -7.127 -16.282 -16.282
  -7.121 -15.873 -16.209
  -7.115 -16.034 -16.374
  -7.109 -16.224 -16.466
  -7.103 -15.457 -15.836
  -7.098 -16.163 -16.364
  -7.092 -15.852 -16.016
  -7.086 -16.548 -16.747
  -7.081 -15.885 -16.279
  -7.075 -16.192 -16.382
  -7.070 -16.331 -16.894
  -7.064 -16.309 -16.481
  -7.059 -15.962 -16.219
  -7.054 -15.294 -15.647
  -7.049 -16.253 -16.455
  -7.043 -16.287 -16.471
  -7.038 -16.036 -16.674
  -7.033 -15.980 -16.232
  -7.029 -15.586 -16.328
  -7.024 -15.804 -16.226
  -7.019 -14.962 -15.799
  -7.014 -16.659 -16.659
  -7.009 -16.396 -16.396
  -7.005 -16.599 -16.767
  -7.000 -16.405 -16.405
  -6.995 -15.466 -16.063
  -6.991 -16.347 -16.347
  -6.986 -15.261 -16.629
  -6.982 -16.351 -16.554
  -6.978 -15.407 -15.935
  -6.973 -16.174 -16.538
  -6.969 -16.264 -16.444
  -6.965 -15.940 -16.120
  -6.961 -17.151 -49.500
  -6.956 -15.699 -16.571
  -6.952 -16.387 -16.581
  -6.948 -16.769 -17.104
  -6.944 -16.255 -16.444
  -6.940 -15.866 -17.225
  -6.936 -16.264 -16.969
  -6.932 -16.638 -16.638
  -6.928 -16.097 -16.519
  -6.924 -15.507 -16.342
  -6.920 -15.669 -16.351
  -6.917 -16.289 -17.082
  -6.913 -15.740 -16.158
  -6.909 -16.210 -16.210
  -6.905 -16.076 -17.067
  -6.902 -16.815 -17.031
  -6.898 -15.797 -15.797
  -6.894 -16.491 -16.650
  -6.891 -16.654 -16.821
  -6.887 -21.076 -21.076
  -6.884 -16.314 -16.565
  -6.880 -16.649 -49.500
  -6.877 -16.614 -16.970
  -6.873 -16.847 -49.500
  -6.870 -49.500     NaN
  -6.867 -16.792 -16.979
  -6.863 -16.567 -49.500
  -6.860 -16.162 -49.500
  -6.857 -16.540 -17.555
  -6.853 -16.884 -17.139
  -6.850 -15.913 -16.162
  -6.847 -17.231 -49.500
  -6.844 -49.500 -49.500
  -6.840 -16.514 -49.500
  -6.837 -16.556 -17.296
  -6.834 -15.957 -16.704
  -6.831 -16.440 -49.500
  -6.828 -17.210 -49.500
  -6.825 -49.500 -49.500
  -6.822 -17.017 -49.500
  -6.819 -15.766 -17.126
  -6.816 -16.596 -49.500
  -6.813 -16.166 -49.500
  -6.810 -16.473 -17.039
  -6.807 -16.527 -17.215
  -6.804 -16.712 -16.995
  -6.801 -17.210 -49.500
  -6.798 -16.434 -16.756
  -6.795 -16.044 -17.056
  -6.792 -49.500     NaN
  -6.789 -17.090 -49.500
  -6.787 -16.852 -49.500
  -6.784 -16.632 -49.500
  -6.781 -17.126 -49.500
  -6.778 -16.056 -49.500
  -6.775 -16.484 -16.943
  -6.773 -16.993 -49.500
  -6.770 -16.829 -49.500
  -6.767 -17.037 -49.500
  -6.765 -16.993 -49.500
  -6.762 -49.500 -49.500
  -6.759 -16.248 -16.628
  -6.757 -49.500     NaN
  -6.754 -16.595 -16.779
  -6.751 -15.914 -16.726
  -6.749 -49.500     NaN
  -6.746 -16.477 -49.500
  -6.744 -49.500 -49.500
  -6.741 -49.500     NaN
  -6.739 -16.437 -49.500
  -6.736 -16.531 -49.500
  -6.734 -49.500     NaN
  -6.731 -49.500 -49.500
  -6.729 -16.225 -16.752
  -6.726 -16.567 -49.500
  -6.724 -16.654 -49.500
  -6.721 -17.256 -49.500
  -6.719 -49.500     NaN
  -6.717 -49.500 -49.500
  -6.714 -49.500 -49.500
  -6.712 -15.967 -16.565
  -6.709 -16.890 -17.177
  -6.707 -49.500 -49.500
  -6.705 -49.500 -49.500
  -6.702 -49.500     NaN
  -6.700 -49.500 -49.500
  -6.698 -16.351 -16.351
  -6.696 -15.986 -49.500
  -6.693 -49.500 -49.500
  -6.691 -16.285 -17.211
  -6.689 -49.500 -49.500
  -6.687 -49.500     NaN
  -6.684 -49.500 -49.500
  -6.682 -16.405 -49.500
  -6.680 -49.500     NaN
  -6.678 -49.500     NaN
  -6.675 -16.988 -49.500
  -6.673 -16.452 -49.500
  -6.671 -49.500     NaN
  -6.669 -49.500     NaN
  -6.667 -49.500     NaN
  -6.665 -49.500 -49.500
  -6.663 -49.500 -49.500
  -6.661 -49.500 -49.500
  -6.658 -49.500 -49.500
  -6.656 -49.500 -49.500
  -6.654 -15.380 -49.500
  -6.652 -16.308 -49.500
  -6.650 -49.500 -49.500
  -6.648 -49.500 -49.500
  -6.646 -49.500     NaN
  -6.644 -49.500     NaN
  -6.642 -49.500 -49.500
  -6.640 -16.467 -49.500
  -6.638 -49.500 -49.500
  -6.636 -16.994 -16.994
  -6.634 -49.500 -49.500
  -6.632 -49.500 -49.500
  -6.630 -16.507 -16.507
  -6.628 -49.500 -49.500
  -6.626 -49.500 -49.500
  -6.624 -16.431 -49.500
  -6.622 -49.500 -49.500
  -6.620 -49.500 -49.500
  -6.618 -49.500 -49.500
  -6.617 -16.950 -49.500
  -6.615 -49.500 -49.500
  -6.613 -49.500 -49.500
  -6.611 -49.500 -49.500
  -6.609 -49.500 -49.500
  -6.607 -49.500     NaN
  -6.605 -49.500 -49.500
  -6.603 -49.500 -49.500
  -6.602 -15.821 -15.821
  -6.600 -49.500 -49.500
  -6.598 -49.500 -49.500
  -6.596 -49.500 -49.500
  -6.594 -49.500 -49.500
