  -8.861 -14.159 -14.159
  -8.599 -14.295 -14.295
  -8.442 -14.363 -14.363
  -8.329 -14.501 -14.501
  -8.239 -14.471 -14.471
  -8.166 -14.558 -14.558
  -8.103 -14.375 -14.375
  -8.048 -14.401 -14.626
  -7.999 -14.779 -14.779
  -7.955 -14.799 -14.799
  -7.916 -14.812 -14.812
  -7.879 -14.850 -14.850
  -7.846 -14.906 -14.906
  -7.815 -14.439 -14.879
  -7.786 -14.848 -14.848
  -7.758 -15.009 -15.009
  -7.733 -14.961 -14.961
  -7.709 -15.062 -15.062
  -7.686 -15.140 -15.140
  -7.664 -15.020 -15.020
  -7.643 -15.022 -15.022
  -7.624 -14.800 -15.322
  -7.605 -15.079 -15.232
  -7.586 -15.160 -15.160
  -7.569 -14.725 -14.948
  -7.552 -15.306 -15.306
  -7.536 -15.209 -15.209
  -7.521 -14.404 -15.232
  -7.506 -15.452 -15.452
  -7.491 -15.411 -15.411
  -7.477 -14.853 -15.150
  -7.464 -15.599 -15.599
  -7.451 -15.268 -15.268
  -7.438 -15.389 -15.389
  -7.425 -15.678 -15.678
  -7.413 -15.079 -15.477
  -7.401 -14.916 -15.156
  -7.390 -15.356 -15.728
  -7.379 -15.374 -15.374
  -7.368 -15.146 -15.473
  -7.357 -15.569 -15.853
  -7.347 -15.604 -15.604
  -7.337 -15.432 -15.719
  -7.327 -15.636 -15.890
  -7.317 -15.310 -15.310
  -7.308 -15.610 -15.610
  -7.299 -15.579 -15.579
  -7.290 -14.658 -15.632
  -7.281 -15.725 -16.000
  -7.272 -15.399 -15.560
  -7.264 -15.640 -15.640
  -7.255 -15.897 -15.897
  -7.247 -15.689 -15.689
  -7.239 -15.576 -15.740
  -7.231 -15.568 -15.755
  -7.223 -15.703 -15.860
  -7.216 -15.491 -15.723
  -7.208 -15.730 -15.730
  -7.201 -15.872 -15.872
  -7.194 -15.099 -15.777
  -7.187 -15.840 -16.007
  -7.180 -15.869 -15.869
  -7.173 -15.894 -15.894
  -7.166 -15.466 -16.056
  -7.159 -16.033 -16.033
  -7.153 -16.258 -16.258
  -7.146 -16.178 -16.178
  -7.140 -16.076 -16.076
  -7.133 -15.840 -16.264
  -7.127 -16.256 -16.256
  -7.121 -15.546 -15.765
  -7.115 -16.086 -16.245
  -7.109 -15.662 -16.060
  -7.103 -15.303 -16.105
  -7.098 -16.106 -16.348
  -7.092 -16.254 -16.493
  -7.086 -16.091 -16.091
  -7.081 -15.613 -15.779
  -7.075 -15.557 -15.852
  -7.070 -15.756 -16.255
  -7.064 -15.222 -15.423
  -7.059 -16.242 -16.417
  -7.054 -16.287 -16.287
  -7.049 -16.318 -16.318
  -7.043 -16.246 -16.246
  -7.038 -15.741 -15.913
  -7.033 -16.106 -16.387
  -7.029 -16.038 -16.189
  -7.024 -15.876 -16.159
  -7.019 -16.837 -17.092
  -7.014 -15.795 -16.403
  -7.009 -15.896 -16.278
  -7.005 -16.008 -16.008
  -7.000 -16.340 -16.340
  -6.995 -16.779 -16.950
  -6.991 -15.745 -16.417
  -6.986 -16.318 -16.318
  -6.982 -16.776 -16.776
  -6.978 -16.798 -16.798
  -6.973 -16.286 -16.732
  -6.969 -16.359 -16.635
  -6.965 -16.600 -16.600
  -6.961 -16.788 -17.446
  -6.956 -16.384 -16.954
  -6.952 -16.068 -16.479
  -6.948 -16.457 -16.457
  -6.944 -16.216 -16.216
  -6.940 -16.272 -16.758
  -6.936 -16.139 -16.515
  -6.932 -16.785 -17.260
  -6.928 -15.996 -16.197
  -6.924 -16.227 -16.674
  -6.920 -16.416 -16.416
  -6.917 -15.145 -16.125
  -6.913 -16.523 -16.523
  -6.909 -15.962 -16.284
  -6.905 -16.626 -17.239
  -6.902 -17.117 -17.440
  -6.898 -16.631 -16.935
  -6.894 -16.151 -16.428
  -6.891 -16.547 -49.500
  -6.887 -16.749 -17.030
  -6.884 -16.491 -16.491
  -6.880 -16.661 -17.254
  -6.877 -16.149 -16.657
  -6.873 -16.745 -16.924
  -6.870 -49.500     NaN
  -6.867 -49.500     NaN
  -6.863 -16.992 -49.500
  -6.860 -16.204 -49.500
  -6.857 -16.382 -16.952
  -6.853 -49.500     NaN
  -6.850 -16.579 -17.523
  -6.847 -16.310 -16.615
  -6.844 -49.500     NaN
  -6.840 -16.645 -16.845
  -6.837 -16.697 -49.500
  -6.834 -16.713 -49.500
  -6.831 -16.607 -49.500
  -6.828 -15.924 -16.444
  -6.825 -16.642 -49.500
  -6.822 -17.210 -49.500
  -6.819 -16.583 -16.777
  -6.816 -15.793 -49.500
  -6.813 -15.986 -16.751
  -6.810 -49.500     NaN
  -6.807 -16.617 -49.500
  -6.804 -49.500     NaN
  -6.801 -17.195 -49.500
  -6.798 -16.351 -16.524
  -6.795 -15.887 -16.868
  -6.792 -49.500     NaN
  -6.789 -16.371 -17.310
  -6.787 -16.402 -16.402
  -6.784 -16.379 -16.666
  -6.781 -16.413 -16.677
  -6.778 -16.352 -16.912
  -6.775 -16.845 -49.500
  -6.773 -15.115 -49.500
  -6.770 -49.500     NaN
  -6.767 -49.500     NaN
  -6.765 -16.236 -49.500
  -6.762 -49.500     NaN
  -6.759 -49.500 -49.500
  -6.757 -49.500     NaN
  -6.754 -16.947 -49.500
  -6.751 -15.932 -49.500
  -6.749 -16.680 -49.500
  -6.746 -16.587 -49.500
  -6.744 -16.806 -17.004
  -6.741 -16.942 -49.500
  -6.739 -49.500 -49.500
  -6.736 -17.242 -17.242
  -6.734 -16.881 -17.292
  -6.731 -16.527 -16.692
  -6.729 -49.500     NaN
  -6.726 -16.459 -49.500
  -6.724 -49.500     NaN
  -6.721 -16.318 -16.743
  -6.719 -49.500 -49.500
  -6.717 -49.500     NaN
  -6.714 -49.500 -49.500
  -6.712 -49.500 -49.500
  -6.709 -49.500 -49.500
  -6.707 -49.500     NaN
  -6.705 -49.500     NaN
  -6.702 -49.500     NaN
  -6.700 -16.813 -49.500
  -6.698 -49.500     NaN
  -6.696 -49.500 -49.500
  -6.693 -16.724 -49.500
  -6.691 -49.500 -49.500
  -6.689 -16.684 -16.946
  -6.687 -15.219 -49.500
  -6.684 -16.652 -49.500
  -6.682 -49.500     NaN
  -6.680 -49.500 -49.500
  -6.678 -49.500 -49.500
  -6.675 -49.500     NaN
  -6.673 -49.500     NaN
  -6.671 -49.500 -49.500
  -6.669 -49.500 -49.500
  -6.667 -15.530 -49.500
  -6.665 -49.500     NaN
  -6.663 -49.500 -49.500
  -6.661 -49.500 -49.500
  -6.658 -49.500 -49.500
  -6.656 -16.714 -49.500
  -6.654 -15.912 -15.912
  -6.652 -49.500 -49.500
  -6.650 -15.721 -49.500
  -6.648 -49.500     NaN
  -6.646 -14.658 -14.658
  -6.644 -16.829 -49.500
  -6.642 -49.500 -49.500
  -6.640 -49.500 -49.500
  -6.638 -49.500 -49.500
  -6.636 -16.443 -16.443
  -6.634 -49.500 -49.500
  -6.632 -49.500 -49.500
  -6.630 -49.500 -49.500
  -6.628 -15.682 -49.500
  -6.626 -49.500 -49.500
  -6.624 -16.978 -49.500
  -6.622 -49.500 -49.500
  -6.620 -49.500     NaN
  -6.618 -49.500 -49.500
  -6.617 -49.500     NaN
  -6.615 -49.500 -49.500
  -6.613 -16.551 -49.500
  -6.611 -49.500     NaN
  -6.609 -16.482 -49.500
  -6.607 -49.500 -49.500
  -6.605 -49.500 -49.500
  -6.603 -49.500 -49.500
  -6.602 -49.500 -49.500
  -6.600 -49.500 -49.500
  -6.598 -49.500 -49.500
  -6.596 -49.500 -49.500
  -6.594 -16.563 -16.563
