  -8.861 -14.137 -14.137
  -8.599 -14.247 -14.247
  -8.442 -14.383 -14.383
  -8.329 -14.484 -14.484
  -8.239 -14.292 -14.292
  -8.166 -14.625 -14.625
  -8.103 -14.547 -14.547
  -8.048 -14.539 -14.539
  -7.999 -14.704 -14.704
  -7.955 -14.462 -14.653
  -7.916 -14.631 -14.631
  -7.879 -14.757 -14.921
  -7.846 -15.037 -15.037
  -7.815 -14.929 -14.929
  -7.786 -14.852 -14.852
  -7.758 -14.615 -14.809
  -7.733 -15.007 -15.007
  -7.709 -15.011 -15.011
  -7.686 -14.829 -15.110
  -7.664 -14.971 -15.149
  -7.643 -15.288 -15.288
  -7.624 -15.326 -15.326
  -7.605 -15.273 -15.273
  -7.586 -15.020 -15.020
  -7.569 -15.160 -15.160
  -7.552 -14.887 -15.308
  -7.536 -15.012 -15.012
  -7.521 -15.087 -15.087
  -7.506 -15.208 -15.208
  -7.491 -15.454 -15.454
  -7.477 -15.037 -15.311
  -7.464 -15.471 -15.624
  -7.451 -15.172 -15.172
  -7.438 -15.312 -15.637
  -7.425 -15.395 -15.551
  -7.413 -15.450 -15.450
  -7.401 -15.421 -15.656
  -7.390 -15.511 -15.511
  -7.379 -15.085 -15.085
  -7.368 -15.803 -15.803
  -7.357 -15.034 -15.191
  -7.347 -15.384 -15.656
  -7.337 -15.480 -15.480
  -7.327 -15.303 -15.656
  -7.317 -15.163 -15.370
  -7.308 -15.507 -15.507
  -7.299 -15.515 -15.679
  -7.290 -15.505 -15.505
  -7.281 -15.405 -15.405
  -7.272 -15.589 -15.846
  -7.264 -15.846 -15.846
  -7.255 -14.752 -15.692
  -7.247 -16.010 -16.010
  -7.239 -15.683 -15.857
  -7.231 -15.747 -16.002
  -7.223 -15.803 -15.803
  -7.216 -15.831 -15.831
  -7.208 -15.129 -15.435
  -7.201 -16.128 -16.128
  -7.194 -16.033 -16.033
  -7.187 -15.903 -15.903
  -7.180 -15.540 -15.540
  -7.173 -15.724 -15.724
  -7.166 -15.887 -15.887
  -7.159 -15.155 -15.792
  -7.153 -15.726 -15.726
  -7.146 -14.801 -15.660
  -7.140 -15.974 -16.201
  -7.133 -16.297 -16.297
  -7.127 -16.018 -16.303
  -7.121 -15.022 -15.318
  -7.115 -15.907 -16.394
  -7.109 -16.506 -16.506
  -7.103 -16.003 -16.264
  -7.098 -15.260 -16.198
  -7.092 -16.077 -16.077
  -7.086 -16.375 -16.539
  -7.081 -16.131 -16.314
  -7.075 -14.741 -16.051
  -7.070 -16.297 -16.503
  -7.064 -15.140 -16.456
  -7.059 -16.283 -16.283
  -7.054 -15.831 -16.305
  -7.049 -16.376 -16.566
  -7.043 -16.134 -16.326
  -7.038 -16.054 -16.242
  -7.033 -16.325 -16.325
  -7.029 -15.830 -16.265
  -7.024 -16.055 -16.055
  -7.019 -15.459 -15.632
  -7.014 -16.066 -16.444
  -7.009 -16.493 -17.123
  -7.005 -16.524 -16.720
  -7.000 -15.951 -16.321
  -6.995 -16.250 -16.532
  -6.991 -15.301 -16.593
  -6.986 -16.328 -16.630
  -6.982 -14.840 -15.719
  -6.978 -16.341 -16.528
  -6.973 -16.295 -16.574
  -6.969 -16.169 -16.359
  -6.965 -16.452 -16.452
  -6.961 -16.140 -17.099
  -6.956 -16.271 -16.884
  -6.952 -15.962 -16.259
  -6.948 -15.943 -16.495
  -6.944 -16.213 -16.213
  -6.940 -16.432 -16.432
  -6.936 -16.455 -16.455
  -6.932 -15.834 -16.562
  -6.928 -15.687 -16.860
  -6.924 -15.984 -16.461
  -6.920 -16.141 -16.506
  -6.917 -16.514 -16.751
  -6.913 -16.320 -16.539
  -6.909 -15.411 -15.795
  -6.905 -16.326 -16.587
  -6.902 -15.149 -16.561
  -6.898 -16.431 -16.613
  -6.894 -16.180 -16.345
  -6.891 -15.461 -16.666
  -6.887 -16.651 -16.965
  -6.884 -15.931 -16.682
  -6.880 -16.261 -16.698
  -6.877 -16.221 -16.587
  -6.873 -16.363 -16.818
  -6.870 -16.888 -17.454
  -6.867 -16.062 -16.433
  -6.863 -16.151 -17.249
  -6.860 -16.668 -17.095
  -6.857 -16.027 -16.415
  -6.853 -16.175 -17.043
  -6.850 -49.500 -49.500
  -6.847 -16.711 -49.500
  -6.844 -16.105 -16.832
  -6.840 -16.516 -16.956
  -6.837 -16.887 -17.245
  -6.834 -16.210 -49.500
  -6.831 -16.628 -17.114
  -6.828 -16.195 -16.542
  -6.825 -15.515 -16.732
  -6.822 -16.197 -17.045
  -6.819 -16.271 -16.837
  -6.816 -16.894 -49.500
  -6.813 -16.543 -17.023
  -6.810 -15.795 -15.962
  -6.807 -16.142 -16.390
  -6.804 -16.797 -49.500
  -6.801 -15.904 -16.784
  -6.798 -49.500     NaN
  -6.795 -16.260 -16.260
  -6.792 -16.245 -16.932
  -6.789 -49.500     NaN
  -6.787 -16.350 -16.911
  -6.784 -49.500     NaN
  -6.781 -16.833 -49.500
  -6.778 -16.833 -49.500
  -6.775 -49.500 -49.500
  -6.773 -49.500     NaN
  -6.770 -49.500     NaN
  -6.767 -16.863 -49.500
  -6.765 -16.783 -49.500
  -6.762 -16.361 -17.154
  -6.759 -16.267 -16.267
  -6.757 -49.500 -49.500
  -6.754 -49.500     NaN
  -6.751 -49.500     NaN
  -6.749 -49.500     NaN
  -6.746 -16.473 -17.174
  -6.744 -49.500 -49.500
  -6.741 -49.500 -49.500
  -6.739 -16.622 -17.210
  -6.736 -49.500     NaN
  -6.734 -16.623 -16.623
  -6.731 -49.500 -49.500
  -6.729 -16.039 -16.039
  -6.726 -49.500     NaN
  -6.724 -16.526 -49.500
  -6.721 -15.665 -15.665
  -6.719 -49.500 -49.500
  -6.717 -49.500 -49.500
  -6.714 -49.500 -49.500
  -6.712 -16.723 -49.500
  -6.709 -49.500     NaN
  -6.707 -49.500 -49.500
  -6.705 -49.500 -49.500
  -6.702 -49.500     NaN
  -6.700 -49.500 -49.500
  -6.698 -16.124 -16.456
  -6.696 -49.500 -49.500
  -6.693 -49.500     NaN
  -6.691 -49.500 -49.500
  -6.689 -49.500     NaN
  -6.687 -16.052 -49.500
  -6.684 -16.659 -16.659
  -6.682 -16.171 -16.330
  -6.680 -49.500     NaN
  -6.678 -49.500 -49.500
  -6.675 -49.500 -49.500
  -6.673 -49.500     NaN
  -6.671 -49.500 -49.500
  -6.669 -14.908 -14.908
  -6.667 -49.500 -49.500
  -6.665 -49.500     NaN
  -6.663 -49.500 -49.500
  -6.661 -49.500 -49.500
  -6.658 -49.500     NaN
  -6.656 -16.901 -49.500
  -6.654 -49.500     NaN
  -6.652 -49.500 -49.500
  -6.650 -49.500 -49.500
  -6.648 -49.500 -49.500
  -6.646 -49.500 -49.500
  -6.644 -16.929 -16.929
  -6.642 -49.500     NaN
  -6.640 -16.950 -16.950
  -6.638 -16.962 -16.962
  -6.636 -49.500 -49.500
  -6.634 -49.500     NaN
  -6.632 -49.500 -49.500
  -6.630 -16.618 -16.618
  -6.628 -49.500 -49.500
  -6.626 -49.500     NaN
  -6.624 -49.500 -49.500
  -6.622 -49.500     NaN
  -6.620 -49.500 -49.500
  -6.618 -49.500     NaN
  -6.617 -49.500     NaN
  -6.615 -49.500 -49.500
  -6.613 -15.607 -49.500
  -6.611 -15.763 -15.763
  -6.609 -49.500 -49.500
  -6.607 -16.019 -16.019
  -6.605 -49.500     NaN
  -6.603 -16.414 -16.414
  -6.602 -16.363 -16.363
  -6.600 -16.467 -49.500
  -6.598 -49.500 -49.500
  -6.596 -49.500 -49.500
  -6.594 -49.500 -49.500
