  -8.861 -14.051 -14.051
  -8.599 -14.201 -14.201
  -8.442 -14.311 -14.311
  -8.329 -14.467 -14.467
  -8.239 -14.516 -14.516
  -8.166 -14.654 -14.654
  -8.103 -14.648 -14.648
  -8.048 -14.524 -14.524
  -7.999 -14.671 -14.671
  -7.955 -14.533 -14.533
  -7.916 -14.204 -14.445
  -7.879 -14.817 -14.817
  -7.846 -14.905 -14.905
  -7.815 -14.936 -14.936
  -7.786 -14.772 -14.772
  -7.758 -15.109 -15.109
  -7.733 -15.075 -15.075
  -7.709 -14.743 -14.946
  -7.686 -15.259 -15.259
  -7.664 -15.166 -15.166
  -7.643 -15.115 -15.333
  -7.624 -15.178 -15.178
  -7.605 -15.212 -15.212
  -7.586 -15.048 -15.048
  -7.569 -15.256 -15.256
  -7.552 -15.308 -15.308
  -7.536 -15.237 -15.405
  -7.521 -14.476 -14.940
  -7.506 -15.342 -15.342
  -7.491 -15.232 -15.388
  -7.477 -14.944 -15.265
  -7.464 -15.132 -15.132
  -7.451 -15.127 -15.448
  -7.438 -15.520 -15.703
  -7.425 -15.372 -15.372
  -7.413 -15.280 -15.503
  -7.401 -15.305 -15.502
  -7.390 -15.188 -15.579
  -7.379 -15.619 -15.619
  -7.368 -15.412 -15.412
  -7.357 -15.662 -15.662
  -7.347 -15.458 -15.883
  -7.337 -15.783 -15.783
  -7.327 -15.576 -15.576
  -7.317 -15.106 -15.431
  -7.308 -15.334 -15.695
  -7.299 -14.960 -15.388
  -7.290 -15.160 -15.612
  -7.281 -15.827 -16.248
  -7.272 -15.683 -15.683
  -7.264 -15.977 -15.977
  -7.255 -15.316 -15.555
  -7.247 -15.851 -15.851
  -7.239 -15.401 -15.847
  -7.231 -15.587 -15.840
  -7.223 -16.073 -16.073
  -7.216 -15.768 -15.768
  -7.208 -15.535 -15.535
  -7.201 -15.884 -16.069
  -7.194 -15.484 -15.825
  -7.187 -16.021 -16.021
  -7.180 -15.731 -16.085
  -7.173 -16.020 -16.363
  -7.166 -15.952 -15.952
  -7.159 -15.742 -15.960
  -7.153 -16.135 -16.135
  -7.146 -15.805 -15.805
  -7.140 -15.702 -15.937
  -7.133 -15.966 -16.221
  -7.127 -14.985 -16.105
  -7.121 -16.083 -16.083
  -7.115 -16.187 -16.410
  -7.109 -15.544 -15.544
  -7.103 -15.562 -16.209
  -7.098 -15.592 -15.991
  -7.092 -16.038 -16.038
  -7.086 -15.927 -16.249
  -7.081 -16.078 -16.333
  -7.075 -15.572 -15.860
  -7.070 -15.854 -16.297
  -7.064 -15.972 -16.197
  -7.059 -16.212 -16.444
  -7.054 -15.900 -16.423
  -7.049 -15.399 -16.158
  -7.043 -15.585 -16.138
  -7.038 -15.222 -15.722
  -7.033 -14.791 -16.002
  -7.029 -16.009 -16.009
  -7.024 -16.414 -16.674
  -7.019 -15.823 -15.823
  -7.014 -15.823 -16.102
  -7.009 -16.350 -16.632
  -7.005 -16.735 -17.014
  -7.000 -16.107 -16.362
  -6.995 -15.794 -16.097
  -6.991 -16.345 -16.526
  -6.986 -16.324 -16.728
  -6.982 -16.243 -16.721
  -6.978 -15.882 -16.409
  -6.973 -15.873 -16.595
  -6.969 -16.489 -16.725
  -6.965 -16.478 -16.478
  -6.961 -15.803 -16.029
  -6.956 -16.257 -16.673
  -6.952 -15.906 -49.500
  -6.948 -16.702 -16.702
  -6.944 -15.287 -16.235
  -6.940 -15.616 -16.443
  -6.936 -16.458 -16.647
  -6.932 -15.364 -16.197
  -6.928 -16.677 -16.849
  -6.924 -15.841 -16.455
  -6.920 -16.225 -16.411
  -6.917 -16.689 -16.846
  -6.913 -16.640 -17.134
  -6.909 -16.330 -16.715
  -6.905 -16.197 -16.455
  -6.902 -16.852 -23.121
  -6.898 -16.251 -16.510
  -6.894 -16.006 -16.645
  -6.891 -16.540 -17.281
  -6.887 -17.294 -23.305
  -6.884 -16.724 -16.724
  -6.880 -17.001 -49.500
  -6.877 -16.206 -16.380
  -6.873 -49.500     NaN
  -6.870 -16.096 -16.801
  -6.867 -16.408 -16.565
  -6.863 -17.185 -49.500
  -6.860 -16.513 -16.722
  -6.857 -16.137 -49.500
  -6.853 -16.791 -17.222
  -6.850 -16.872 -17.350
  -6.847 -15.906 -16.602
  -6.844 -15.435 -16.594
  -6.840 -15.667 -16.957
  -6.837 -16.451 -16.451
  -6.834 -17.143 -49.500
  -6.831 -16.685 -49.500
  -6.828 -16.165 -49.500
  -6.825 -16.255 -16.982
  -6.822 -15.689 -16.650
  -6.819 -49.500     NaN
  -6.816 -16.583 -16.974
  -6.813 -17.050 -49.500
  -6.810 -49.500     NaN
  -6.807 -14.953 -49.500
  -6.804 -16.320 -16.700
  -6.801 -16.792 -49.500
  -6.798 -16.734 -49.500
  -6.795 -49.500     NaN
  -6.792 -16.510 -17.160
  -6.789 -16.343 -16.827
  -6.787 -49.500 -49.500
  -6.784 -16.599 -49.500
  -6.781 -49.500     NaN
  -6.778 -49.500     NaN
  -6.775 -49.500     NaN
  -6.773 -16.469 -49.500
  -6.770 -16.702 -16.900
  -6.767 -16.618 -49.500
  -6.765 -49.500 -49.500
  -6.762 -15.929 -16.587
  -6.759 -16.520 -16.520
  -6.757 -49.500     NaN
  -6.754 -16.571 -49.500
  -6.751 -16.361 -16.661
  -6.749 -16.480 -49.500
  -6.746 -16.238 -49.500
  -6.744 -49.500 -49.500
  -6.741 -16.992 -49.500
  -6.739 -15.859 -16.730
  -6.736 -16.849 -49.500
  -6.734 -49.500 -49.500
  -6.731 -16.074 -16.074
  -6.729 -49.500 -49.500
  -6.726 -16.186 -16.367
  -6.724 -49.500 -49.500
  -6.721 -16.137 -16.407
  -6.719 -49.500     NaN
  -6.717 -49.500 -49.500
  -6.714 -16.603 -16.603
  -6.712 -49.500     NaN
  -6.709 -17.188 -49.500
  -6.707 -16.813 -16.813
  -6.705 -49.500 -49.500
  -6.702 -49.500 -49.500
  -6.700 -15.650 -49.500
  -6.698 -49.500 -49.500
  -6.696 -49.500     NaN
  -6.693 -15.682 -15.682
  -6.691 -49.500 -49.500
  -6.689 -49.500     NaN
  -6.687 -49.500     NaN
  -6.684 -16.306 -16.685
  -6.682 -49.500 -49.500
  -6.680 -16.569 -49.500
  -6.678 -49.500     NaN
  -6.675 -49.500     NaN
  -6.673 -49.500 -49.500
  -6.671 -15.812 -49.500
  -6.669 -49.500     NaN
  -6.667 -16.845 -49.500
  -6.665 -16.711 -16.711
  -6.663 -49.500 -49.500
  -6.661 -16.356 -49.500
  -6.658 -49.500 -49.500
  -6.656 -49.500 -49.500
  -6.654 -49.500 -49.500
  -6.652 -49.500     NaN
  -6.650 -49.500 -49.500
  -6.648 -16.778 -49.500
  -6.646 -49.500 -49.500
  -6.644 -49.500     NaN
  -6.642 -49.500 -49.500
  -6.640 -49.500 -49.500
  -6.638 -49.500 -49.500
  -6.636 -49.500 -49.500
  -6.634 -49.500 -49.500
  -6.632 -49.500 -49.500
  -6.630 -16.166 -49.500
  -6.628 -49.500 -49.500
  -6.626 -16.509 -49.500
  -6.624 -49.500     NaN
  -6.622 -16.289 -49.500
  -6.620 -49.500 -49.500
  -6.618 -49.500 -49.500
  -6.617 -49.500 -49.500
  -6.615 -16.560 -16.560
  -6.613 -49.500 -49.500
  -6.611 -49.500 -49.500
  -6.609 -15.782 -49.500
  -6.607 -49.500     NaN
  -6.605 -49.500 -49.500
  -6.603 -49.500 -49.500
  -6.602 -16.953 -49.500
  -6.600 -17.092 -17.092
  -6.598 -49.500     NaN
  -6.596 -49.500 -49.500
  -6.594 -49.500 -49.500
