  -8.861 -14.162 -14.162
  -8.599 -14.041 -14.041
  -8.442 -14.356 -14.356
  -8.329 -14.352 -14.352
  -8.239 -14.564 -14.564
  -8.166 -14.599 -14.599
  -8.103 -14.607 -14.607
  -8.048 -14.682 -14.682
  -7.999 -14.542 -14.732
  -7.955 -14.740 -14.740
  -7.916 -14.851 -14.851
  -7.879 -14.730 -14.730
  -7.846 -15.001 -15.001
  -7.815 -14.942 -14.942
  -7.786 -14.922 -14.922
  -7.758 -14.786 -15.057
  -7.733 -14.834 -15.010
  -7.709 -15.003 -15.003
  -7.686 -15.086 -15.086
  -7.664 -14.979 -15.136
  -7.643 -14.998 -14.998
  -7.624 -15.236 -15.236
  -7.605 -14.790 -15.114
  -7.586 -14.983 -15.166
  -7.569 -14.858 -15.403
  -7.552 -15.046 -15.281
  -7.536 -14.541 -15.331
  -7.521 -15.049 -15.306
  -7.506 -14.705 -15.273
  -7.491 -14.704 -15.069
  -7.477 -14.877 -15.173
  -7.464 -14.549 -15.240
  -7.451 -15.297 -15.297
  -7.438 -15.263 -15.263
  -7.425 -14.649 -15.191
  -7.413 -15.654 -15.654
  -7.401 -15.194 -15.194
  -7.390 -15.224 -15.712
  -7.379 -15.104 -15.763
  -7.368 -15.311 -15.311
  -7.357 -15.845 -15.845
  -7.347 -15.578 -15.578
  -7.337 -15.714 -15.714
  -7.327 -15.161 -15.432
  -7.317 -15.393 -15.644
  -7.308 -15.355 -15.355
  -7.299 -15.808 -15.808
  -7.290 -15.501 -15.678
  -7.281 -15.793 -15.793
  -7.272 -15.598 -15.598
  -7.264 -15.600 -15.600
  -7.255 -15.503 -15.839
  -7.247 -15.540 -15.703
  -7.239 -15.673 -15.673
  -7.231 -15.421 -15.623
  -7.223 -15.760 -16.023
  -7.216 -15.190 -15.854
  -7.208 -15.962 -15.962
  -7.201 -15.908 -16.061
  -7.194 -14.894 -16.046
  -7.187 -15.382 -15.382
  -7.180 -15.711 -15.916
  -7.173 -16.117 -16.117
  -7.166 -15.743 -15.917
  -7.159 -16.266 -16.266
  -7.153 -15.372 -15.778
  -7.146 -15.644 -15.644
  -7.140 -15.870 -16.036
  -7.133 -16.145 -16.145
  -7.127 -15.095 -15.285
  -7.121 -15.444 -15.940
  -7.115 -15.897 -16.257
  -7.109 -15.797 -16.234
  -7.103 -15.807 -16.080
  -7.098 -15.977 -15.977
  -7.092 -15.832 -15.832
  -7.086 -15.844 -16.272
  -7.081 -16.306 -16.306
  -7.075 -15.936 -15.936
  -7.070 -15.420 -15.997
  -7.064 -15.789 -15.789
  -7.059 -15.451 -15.451
  -7.054 -15.745 -16.211
  -7.049 -15.953 -16.507
  -7.043 -16.274 -16.274
  -7.038 -16.149 -16.620
  -7.033 -15.817 -16.359
  -7.029 -16.610 -16.610
  -7.024 -16.812 -16.966
  -7.019 -16.555 -16.555
  -7.014 -15.431 -16.054
  -7.009 -16.130 -16.471
  -7.005 -16.751 -16.751
  -7.000 -16.611 -16.941
  -6.995 -16.310 -16.470
  -6.991 -15.430 -16.052
  -6.986 -16.619 -16.619
  -6.982 -16.111 -16.111
  -6.978 -16.311 -16.311
  -6.973 -16.310 -16.310
  -6.969 -16.452 -16.452
  -6.965 -16.338 -16.338
  -6.961 -15.799 -16.334
  -6.956 -15.753 -15.910
  -6.952 -16.529 -17.040
  -6.948 -16.170 -16.421
  -6.944 -15.624 -16.688
  -6.940 -16.503 -16.871
  -6.936 -16.332 -16.825
  -6.932 -16.653 -16.843
  -6.928 -16.560 -16.732
  -6.924 -16.802 -17.036
  -6.920 -16.751 -16.903
  -6.917 -15.627 -16.530
  -6.913 -17.165 -17.328
  -6.909 -15.493 -16.373
  -6.905 -16.932 -16.932
  -6.902 -16.196 -49.500
  -6.898 -15.902 -16.182
  -6.894 -16.621 -16.621
  -6.891 -16.600 -16.816
  -6.887 -16.279 -16.279
  -6.884 -16.400 -16.688
  -6.880 -16.202 -49.500
  -6.877 -16.414 -16.569
  -6.873 -16.346 -16.526
  -6.870 -16.323 -16.745
  -6.867 -14.737 -16.199
  -6.863 -16.854 -49.500
  -6.860 -16.675 -16.863
  -6.857 -16.050 -49.500
  -6.853 -17.045 -49.500
  -6.850 -17.006 -49.500
  -6.847 -16.258 -16.258
  -6.844 -16.932 -17.120
  -6.840 -16.738 -49.500
  -6.837 -15.702 -17.253
  -6.834 -49.500 -49.500
  -6.831 -16.082 -16.601
  -6.828 -16.463 -17.085
  -6.825 -15.886 -16.881
  -6.822 -49.500     NaN
  -6.819 -16.290 -16.513
  -6.816 -49.500     NaN
  -6.813 -16.696 -49.500
  -6.810 -15.863 -16.680
  -6.807 -16.609 -49.500
  -6.804 -16.242 -17.038
  -6.801 -15.441 -49.500
  -6.798 -49.500 -49.500
  -6.795 -16.572 -49.500
  -6.792 -16.839 -17.194
  -6.789 -16.477 -49.500
  -6.787 -16.824 -49.500
  -6.784 -49.500     NaN
  -6.781 -16.488 -49.500
  -6.778 -16.260 -49.500
  -6.775 -16.165 -49.500
  -6.773 -15.898 -49.500
  -6.770 -16.532 -17.156
  -6.767 -17.020 -49.500
  -6.765 -15.914 -16.863
  -6.762 -16.809 -17.191
  -6.759 -16.026 -17.225
  -6.757 -16.445 -16.445
  -6.754 -49.500     NaN
  -6.751 -16.237 -49.500
  -6.749 -16.679 -49.500
  -6.746 -16.013 -16.013
  -6.744 -16.247 -16.247
  -6.741 -49.500     NaN
  -6.739 -49.500     NaN
  -6.736 -49.500 -49.500
  -6.734 -49.500     NaN
  -6.731 -49.500 -49.500
  -6.729 -49.500     NaN
  -6.726 -16.365 -49.500
  -6.724 -49.500 -49.500
  -6.721 -16.266 -49.500
  -6.719 -16.732 -16.957
  -6.717 -49.500 -49.500
  -6.714 -49.500     NaN
  -6.712 -16.298 -49.500
  -6.709 -15.830 -15.830
  -6.707 -49.500     NaN
  -6.705 -16.223 -49.500
  -6.702 -15.934 -17.101
  -6.700 -16.674 -49.500
  -6.698 -49.500 -49.500
  -6.696 -49.500 -49.500
  -6.693 -49.500 -49.500
  -6.691 -49.500     NaN
  -6.689 -49.500     NaN
  -6.687 -16.370 -49.500
  -6.684 -17.220 -49.500
  -6.682 -49.500     NaN
  -6.680 -49.500 -49.500
  -6.678 -49.500 -49.500
  -6.675 -49.500 -49.500
  -6.673 -49.500 -49.500
  -6.671 -16.378 -49.500
  -6.669 -49.500 -49.500
  -6.667 -17.006 -49.500
  -6.665 -49.500 -49.500
  -6.663 -49.500 -49.500
  -6.661 -49.500 -49.500
  -6.658 -49.500     NaN
  -6.656 -49.500 -49.500
  -6.654 -49.500 -49.500
  -6.652 -49.500 -49.500
  -6.650 -49.500 -49.500
  -6.648 -16.924 -16.924
  -6.646 -49.500     NaN
  -6.644 -16.785 -49.500
  -6.642 -49.500 -49.500
  -6.640 -49.500 -49.500
  -6.638 -49.500 -49.500
  -6.636 -16.141 -49.500
  -6.634 -16.516 -16.702
  -6.632 -49.500 -49.500
  -6.630 -15.041 -49.500
  -6.628 -49.500     NaN
  -6.626 -16.642 -49.500
  -6.624 -49.500 -49.500
  -6.622 -49.500 -49.500
  -6.620 -49.500 -49.500
  -6.618 -16.821 -16.821
  -6.617 -49.500 -49.500
  -6.615 -49.500 -49.500
  -6.613 -16.762 -16.762
  -6.611 -49.500 -49.500
  -6.609 -49.500 -49.500
  -6.607 -49.500 -49.500
  -6.605 -15.371 -15.371
  -6.603 -16.570 -49.500
  -6.602 -49.500 -49.500
  -6.600 -49.500 -49.500
  -6.598 -49.500 -49.500
  -6.596 -16.480 -49.500
  -6.594 -49.500     NaN
