  -8.861 -14.141 -14.141
  -8.599 -14.250 -14.250
  -8.442 -14.401 -14.401
  -8.329 -14.480 -14.480
  -8.239 -14.502 -14.502
  -8.166 -14.550 -14.550
  -8.103 -14.562 -14.562
  -8.048 -14.734 -14.734
  -7.999 -14.692 -14.692
  -7.955 -14.876 -14.876
  -7.916 -14.874 -14.874
  -7.879 -14.622 -14.812
  -7.846 -14.559 -14.897
  -7.815 -14.923 -14.923
  -7.786 -14.830 -14.830
  -7.758 -15.131 -15.131
  -7.733 -14.746 -15.049
  -7.709 -15.159 -15.159
  -7.686 -14.901 -14.901
  -7.664 -15.141 -15.141
  -7.643 -15.100 -15.100
  -7.624 -14.985 -15.225
  -7.605 -15.153 -15.153
  -7.586 -15.385 -15.385
  -7.569 -14.995 -15.238
  -7.552 -15.458 -15.458
  -7.536 -15.084 -15.238
  -7.521 -14.838 -15.174
  -7.506 -15.246 -15.504
  -7.491 -15.428 -15.428
  -7.477 -15.183 -15.411
  -7.464 -15.023 -15.333
  -7.451 -15.177 -15.418
  -7.438 -15.040 -15.414
  -7.425 -15.193 -15.193
  -7.413 -15.143 -15.453
  -7.401 -15.202 -15.435
  -7.390 -14.888 -15.160
  -7.379 -15.225 -15.225
  -7.368 -15.235 -15.235
  -7.357 -14.474 -15.378
  -7.347 -15.658 -15.658
  -7.337 -15.148 -15.477
  -7.327 -15.149 -15.854
  -7.317 -15.760 -15.760
  -7.308 -15.073 -15.626
  -7.299 -15.869 -15.869
  -7.290 -15.238 -15.650
  -7.281 -15.731 -15.731
  -7.272 -15.841 -15.841
  -7.264 -16.066 -16.066
  -7.255 -15.147 -15.147
  -7.247 -15.506 -15.677
  -7.239 -15.640 -15.968
  -7.231 -15.789 -15.789
  -7.223 -15.616 -15.775
  -7.216 -15.432 -15.678
  -7.208 -15.969 -15.969
  -7.201 -16.035 -16.035
  -7.194 -15.894 -15.894
  -7.187 -15.471 -15.750
  -7.180 -15.798 -15.798
  -7.173 -15.928 -15.928
  -7.166 -16.058 -16.058
  -7.159 -15.656 -15.656
  -7.153 -15.511 -16.082
  -7.146 -15.513 -16.135
  -7.140 -16.088 -16.284
  -7.133 -16.196 -16.196
  -7.127 -15.753 -15.753
  -7.121 -16.200 -16.200
  -7.115 -15.541 -16.267
  -7.109 -15.979 -16.139
  -7.103 -16.170 -16.170
  -7.098 -15.716 -15.907
  -7.092 -15.538 -16.028
  -7.086 -15.611 -15.611
  -7.081 -16.160 -16.160
  -7.075 -15.630 -16.287
  -7.070 -16.051 -16.447
  -7.064 -16.791 -16.791
  -7.059 -15.864 -16.137
  -7.054 -15.597 -15.913
  -7.049 -16.036 -16.365
  -7.043 -15.066 -16.080
  -7.038 -16.504 -16.504
  -7.033 -15.673 -16.242
  -7.029 -14.833 -15.058
  -7.024 -16.418 -16.753
  -7.019 -15.782 -16.047
  -7.014 -16.215 -16.915
  -7.009 -16.540 -16.734
  -7.005 -16.938 -16.938
  -7.000 -15.871 -16.448
  -6.995 -16.111 -17.116
  -6.991 -16.486 -16.486
  -6.986 -16.011 -16.347
  -6.982 -15.833 -16.144
  -6.978 -16.288 -16.468
  -6.973 -16.562 -16.562
  -6.969 -16.734 -16.902
  -6.965 -15.300 -16.456
  -6.961 -15.617 -15.809
  -6.956 -16.208 -16.492
  -6.952 -16.577 -16.746
  -6.948 -15.753 -16.106
  -6.944 -16.387 -16.558
  -6.940 -16.446 -16.446
  -6.936 -16.032 -16.669
  -6.932 -15.583 -16.941
  -6.928 -16.736 -16.910
  -6.924 -16.460 -16.671
  -6.920 -16.249 -16.938
  -6.917 -16.393 -22.740
  -6.913 -17.368 -49.500
  -6.909 -16.874 -17.447
  -6.905 -16.119 -16.523
  -6.902 -16.336 -16.799
  -6.898 -15.923 -16.261
  -6.894 -15.502 -16.073
  -6.891 -16.257 -16.418
  -6.887 -14.874 -16.588
  -6.884 -16.368 -49.500
  -6.880 -16.821 -49.500
  -6.877 -15.744 -17.236
  -6.873 -17.083 -49.500
  -6.870 -16.115 -16.640
  -6.867 -14.690 -16.514
  -6.863 -16.957 -17.160
  -6.860 -16.743 -16.988
  -6.857 -15.484 -16.702
  -6.853 -16.239 -16.239
  -6.850 -16.130 -49.500
  -6.847 -16.494 -49.500
  -6.844 -49.500     NaN
  -6.840 -16.490 -16.724
  -6.837 -16.199 -17.046
  -6.834 -16.715 -49.500
  -6.831 -16.510 -17.194
  -6.828 -15.894 -17.169
  -6.825 -16.409 -16.643
  -6.822 -49.500     NaN
  -6.819 -16.734 -17.092
  -6.816 -17.201 -49.500
  -6.813 -15.147 -16.189
  -6.810 -49.500     NaN
  -6.807 -49.500     NaN
  -6.804 -16.110 -49.500
  -6.801 -16.675 -49.500
  -6.798 -49.500     NaN
  -6.795 -49.500     NaN
  -6.792 -49.500     NaN
  -6.789 -16.747 -49.500
  -6.787 -16.265 -49.500
  -6.784 -49.500     NaN
  -6.781 -16.333 -49.500
  -6.778 -49.500     NaN
  -6.775 -16.376 -16.376
  -6.773 -49.500     NaN
  -6.770 -49.500 -49.500
  -6.767 -49.500 -49.500
  -6.765 -14.708 -16.411
  -6.762 -16.763 -16.950
  -6.759 -16.579 -49.500
  -6.757 -49.500     NaN
  -6.754 -49.500     NaN
  -6.751 -16.941 -49.500
  -6.749 -16.823 -49.500
  -6.746 -16.157 -17.245
  -6.744 -49.500     NaN
  -6.741 -49.500     NaN
  -6.739 -16.236 -16.236
  -6.736 -16.668 -49.500
  -6.734 -16.374 -16.749
  -6.731 -16.226 -49.500
  -6.729 -15.825 -49.500
  -6.726 -16.342 -49.500
  -6.724 -49.500     NaN
  -6.721 -49.500     NaN
  -6.719 -16.363 -16.517
  -6.717 -16.423 -16.423
  -6.714 -16.942 -49.500
  -6.712 -15.965 -15.965
  -6.709 -15.783 -15.783
  -6.707 -49.500 -49.500
  -6.705 -49.500 -49.500
  -6.702 -49.500     NaN
  -6.700 -49.500 -49.500
  -6.698 -16.576 -16.576
  -6.696 -49.500     NaN
  -6.693 -49.500 -49.500
  -6.691 -16.299 -49.500
  -6.689 -16.394 -16.394
  -6.687 -16.391 -49.500
  -6.684 -16.973 -49.500
  -6.682 -49.500 -49.500
  -6.680 -49.500     NaN
  -6.678 -49.500     NaN
  -6.675 -49.500 -49.500
  -6.673 -17.110 -49.500
  -6.671 -15.966 -15.966
  -6.669 -49.500 -49.500
  -6.667 -16.561 -17.127
  -6.665 -16.984 -49.500
  -6.663 -49.500 -49.500
  -6.661 -49.500     NaN
  -6.658 -49.500 -49.500
  -6.656 -49.500     NaN
  -6.654 -16.200 -49.500
  -6.652 -49.500 -49.500
  -6.650 -49.500     NaN
  -6.648 -49.500 -49.500
  -6.646 -49.500     NaN
  -6.644 -49.500 -49.500
  -6.642 -15.724 -15.724
  -6.640 -16.865 -49.500
  -6.638 -15.723 -15.723
  -6.636 -15.805 -16.697
  -6.634 -16.589 -16.589
  -6.632 -49.500 -49.500
  -6.630 -49.500 -49.500
  -6.628 -49.500 -49.500
  -6.626 -49.500 -49.500
  -6.624 -49.500     NaN
  -6.622 -16.395 -16.395
  -6.620 -49.500     NaN
  -6.618 -16.481 -16.907
  -6.617 -49.500 -49.500
  -6.615 -16.480 -16.480
  -6.613 -49.500 -49.500
  -6.611 -49.500 -49.500
  -6.609 -49.500 -49.500
  -6.607 -49.500 -49.500
  -6.605 -49.500 -49.500
  -6.603 -49.500 -49.500
  -6.602 -16.770 -16.770
  -6.600 -49.500 -49.500
  -6.598 -49.500 -49.500
  -6.596 -49.500 -49.500
  -6.594 -49.500     NaN
