  -8.861 -14.163 -14.163
  -8.599 -14.305 -14.305
  -8.442 -14.371 -14.371
  -8.329 -14.497 -14.497
  -8.239 -14.537 -14.537
  -8.166 -14.612 -14.612
  -8.103 -14.502 -14.735
  -8.048 -14.603 -14.603
  -7.999 -14.579 -14.579
  -7.955 -14.737 -14.737
  -7.916 -14.867 -14.867
  -7.879 -14.515 -14.792
  -7.846 -14.833 -14.833
  -7.815 -14.949 -14.949
  -7.786 -14.995 -14.995
  -7.758 -14.832 -14.832
  -7.733 -14.713 -14.952
  -7.709 -14.911 -14.911
  -7.686 -15.040 -15.040
  -7.664 -15.063 -15.063
  -7.643 -15.041 -15.041
  -7.624 -15.317 -15.317
  -7.605 -15.213 -15.213
  -7.586 -14.955 -14.955
  -7.569 -15.179 -15.179
  -7.552 -15.250 -15.250
  -7.536 -15.232 -15.232
  -7.521 -15.207 -15.363
  -7.506 -15.316 -15.316
  -7.491 -15.386 -15.386
  -7.477 -15.453 -15.453
  -7.464 -15.161 -15.414
  -7.451 -15.277 -15.523
  -7.438 -15.363 -15.527
  -7.425 -15.437 -15.437
  -7.413 -15.147 -15.147
  -7.401 -15.339 -15.562
  -7.390 -15.491 -15.491
  -7.379 -15.471 -15.471
  -7.368 -15.429 -15.429
  -7.357 -15.223 -15.448
  -7.347 -15.085 -15.352
  -7.337 -15.814 -15.814
  -7.327 -15.435 -15.732
  -7.317 -15.629 -15.629
  -7.308 -15.578 -15.578
  -7.299 -15.537 -15.749
  -7.290 -15.409 -15.409
  -7.281 -15.295 -15.295
  -7.272 -15.511 -15.912
  -7.264 -15.729 -15.729
  -7.255 -15.565 -15.734
  -7.247 -15.370 -15.551
  -7.239 -15.909 -15.909
  -7.231 -15.897 -15.897
  -7.223 -15.154 -15.512
  -7.216 -16.100 -16.100
  -7.208 -15.586 -15.886
  -7.201 -15.567 -15.952
  -7.194 -16.313 -16.313
  -7.187 -15.161 -15.813
  -7.180 -16.230 -16.230
  -7.173 -15.787 -16.141
  -7.166 -15.049 -15.840
  -7.159 -15.825 -16.113
  -7.153 -15.761 -15.761
  -7.146 -15.719 -15.965
  -7.140 -15.926 -15.926
  -7.133 -15.574 -15.907
  -7.127 -15.794 -15.964
  -7.121 -15.760 -16.242
  -7.115 -15.804 -16.013
  -7.109 -15.588 -16.426
  -7.103 -16.296 -16.448
  -7.098 -15.580 -16.025
  -7.092 -15.738 -16.392
  -7.086 -16.289 -16.459
  -7.081 -15.836 -16.245
  -7.075 -16.079 -16.462
  -7.070 -15.798 -15.798
  -7.064 -16.814 -16.814
  -7.059 -15.423 -15.907
  -7.054 -15.692 -16.146
  -7.049 -16.024 -16.024
  -7.043 -16.030 -16.030
  -7.038 -16.139 -16.139
  -7.033 -15.672 -15.913
  -7.029 -15.817 -16.591
  -7.024 -15.811 -15.811
  -7.019 -16.205 -16.205
  -7.014 -16.178 -16.178
  -7.009 -16.568 -16.568
  -7.005 -16.610 -16.610
  -7.000 -16.265 -16.265
  -6.995 -16.289 -16.289
  -6.991 -16.092 -16.619
  -6.986 -16.107 -16.107
  -6.982 -15.403 -15.943
  -6.978 -16.346 -16.523
  -6.973 -16.312 -16.572
  -6.969 -15.995 -16.189
  -6.965 -16.177 -16.390
  -6.961 -16.417 -16.417
  -6.956 -15.819 -16.470
  -6.952 -16.540 -16.875
  -6.948 -17.199 -49.500
  -6.944 -15.914 -16.264
  -6.940 -16.863 -17.356
  -6.936 -17.581 -49.500
  -6.932 -16.776 -17.138
  -6.928 -16.304 -16.505
  -6.924 -16.819 -17.070
  -6.920 -16.262 -16.541
  -6.917 -16.866 -17.219
  -6.913 -16.593 -16.754
  -6.909 -16.865 -17.027
  -6.905 -16.281 -16.281
  -6.902 -16.295 -16.502
  -6.898 -15.679 -16.511
  -6.894 -16.439 -49.500
  -6.891 -15.828 -16.252
  -6.887 -16.705 -22.473
  -6.884 -15.696 -16.946
  -6.880 -16.967 -49.500
  -6.877 -16.543 -16.749
  -6.873 -49.500     NaN
  -6.870 -16.436 -16.829
  -6.867 -17.048 -17.247
  -6.863 -16.763 -17.354
  -6.860 -16.401 -16.733
  -6.857 -16.240 -49.500
  -6.853 -16.525 -49.500
  -6.850 -16.505 -16.952
  -6.847 -17.263 -49.500
  -6.844 -49.500     NaN
  -6.840 -16.746 -16.947
  -6.837 -16.954 -17.157
  -6.834 -17.409 -49.500
  -6.831 -16.902 -49.500
  -6.828 -16.742 -49.500
  -6.825 -15.817 -16.548
  -6.822 -15.681 -16.178
  -6.819 -49.500     NaN
  -6.816 -15.785 -17.180
  -6.813 -49.500     NaN
  -6.810 -16.930 -17.164
  -6.807 -16.155 -16.699
  -6.804 -16.432 -16.734
  -6.801 -16.338 -16.509
  -6.798 -17.104 -49.500
  -6.795 -49.500     NaN
  -6.792 -16.490 -16.784
  -6.789 -17.119 -49.500
  -6.787 -16.433 -16.433
  -6.784 -16.323 -49.500
  -6.781 -16.727 -49.500
  -6.778 -15.783 -16.705
  -6.775 -49.500     NaN
  -6.773 -49.500 -49.500
  -6.770 -16.773 -49.500
  -6.767 -49.500     NaN
  -6.765 -16.270 -49.500
  -6.762 -15.774 -16.634
  -6.759 -15.978 -16.182
  -6.757 -16.972 -16.972
  -6.754 -17.228 -49.500
  -6.751 -16.068 -49.500
  -6.749 -49.500     NaN
  -6.746 -49.500 -49.500
  -6.744 -49.500     NaN
  -6.741 -15.796 -15.796
  -6.739 -49.500 -49.500
  -6.736 -49.500 -49.500
  -6.734 -49.500     NaN
  -6.731 -17.172 -49.500
  -6.729 -16.115 -49.500
  -6.726 -16.463 -16.463
  -6.724 -16.586 -16.757
  -6.721 -16.235 -49.500
  -6.719 -15.031 -16.968
  -6.717 -49.500     NaN
  -6.714 -49.500     NaN
  -6.712 -49.500 -49.500
  -6.709 -17.054 -17.054
  -6.707 -16.524 -49.500
  -6.705 -16.322 -16.322
  -6.702 -15.192 -16.305
  -6.700 -16.003 -49.500
  -6.698 -49.500     NaN
  -6.696 -16.744 -49.500
  -6.693 -49.500 -49.500
  -6.691 -49.500     NaN
  -6.689 -49.500 -49.500
  -6.687 -49.500     NaN
  -6.684 -17.135 -49.500
  -6.682 -49.500 -49.500
  -6.680 -16.391 -49.500
  -6.678 -49.500 -49.500
  -6.675 -49.500 -49.500
  -6.673 -49.500 -49.500
  -6.671 -49.500 -49.500
  -6.669 -49.500 -49.500
  -6.667 -49.500 -49.500
  -6.665 -49.500     NaN
  -6.663 -49.500     NaN
  -6.661 -49.500 -49.500
  -6.658 -14.686 -14.686
  -6.656 -49.500 -49.500
  -6.654 -49.500 -49.500
  -6.652 -16.822 -49.500
  -6.650 -49.500     NaN
  -6.648 -49.500 -49.500
  -6.646 -49.500 -49.500
  -6.644 -49.500 -49.500
  -6.642 -16.302 -16.302
  -6.640 -49.500 -49.500
  -6.638 -49.500 -49.500
  -6.636 -49.500 -49.500
  -6.634 -49.500 -49.500
  -6.632 -49.500     NaN
  -6.630 -49.500 -49.500
  -6.628 -49.500 -49.500
  -6.626 -49.500 -49.500
  -6.624 -16.704 -49.500
  -6.622 -49.500 -49.500
  -6.620 -49.500 -49.500
  -6.618 -49.500 -49.500
  -6.617 -49.500 -49.500
  -6.615 -49.500     NaN
  -6.613 -49.500     NaN
  -6.611 -49.500 -49.500
  -6.609 -49.500 -49.500
  -6.607 -49.500 -49.500
  -6.605 -49.500 -49.500
  -6.603 -49.500 -49.500
  -6.602 -49.500     NaN
  -6.600 -49.500     NaN
  -6.598 -49.500 -49.500
  -6.596 -49.500 -49.500
  -6.594 -49.500 -49.500
