  -8.861 -14.133 -14.133
  -8.599 -14.286 -14.286
  -8.442 -14.290 -14.290
  -8.329 -14.394 -14.394
  -8.239 -14.405 -14.563
  -8.166 -14.263 -14.620
  -8.103 -14.548 -14.548
  -8.048 -14.497 -14.683
  -7.999 -14.744 -14.744
  -7.955 -14.811 -14.811
  -7.916 -14.841 -14.841
  -7.879 -14.931 -14.931
  -7.846 -14.772 -14.772
  -7.815 -14.883 -14.883
  -7.786 -15.048 -15.048
  -7.758 -15.002 -15.002
  -7.733 -14.760 -14.760
  -7.709 -14.811 -14.811
  -7.686 -15.063 -15.063
  -7.664 -15.174 -15.174
  -7.643 -14.734 -15.171
  -7.624 -15.080 -15.080
  -7.605 -15.402 -15.402
  -7.586 -15.338 -15.338
  -7.569 -15.302 -15.302
  -7.552 -15.062 -15.062
  -7.536 -15.186 -15.186
  -7.521 -14.668 -15.316
  -7.506 -14.787 -15.244
  -7.491 -15.375 -15.375
  -7.477 -15.064 -15.268
  -7.464 -15.297 -15.297
  -7.451 -15.553 -15.553
  -7.438 -15.304 -15.548
  -7.425 -15.191 -15.733
  -7.413 -14.810 -15.574
  -7.401 -15.537 -15.537
  -7.390 -15.502 -15.502
  -7.379 -15.113 -15.441
  -7.368 -15.281 -15.477
  -7.357 -14.889 -15.257
  -7.347 -15.328 -15.328
  -7.337 -14.861 -15.503
  -7.327 -15.257 -15.603
  -7.317 -15.582 -15.775
  -7.308 -15.523 -15.523
  -7.299 -15.590 -15.590
  -7.290 -15.781 -15.781
  -7.281 -15.561 -15.561
  -7.272 -15.952 -15.952
  -7.264 -15.724 -15.911
  -7.255 -15.610 -15.800
  -7.247 -15.846 -15.846
  -7.239 -15.313 -15.506
  -7.231 -15.542 -15.542
  -7.223 -15.637 -15.637
  -7.216 -15.945 -15.945
  -7.208 -15.904 -15.904
  -7.201 -15.674 -15.674
  -7.194 -16.101 -16.101
  -7.187 -15.768 -15.973
  -7.180 -15.157 -15.608
  -7.173 -15.012 -15.814
  -7.166 -15.090 -15.892
  -7.159 -15.553 -15.939
  -7.153 -15.964 -15.964
  -7.146 -16.055 -16.055
  -7.140 -15.741 -15.741
  -7.133 -15.816 -16.176
  -7.127 -16.098 -16.098
  -7.121 -15.763 -16.088
  -7.115 -15.883 -16.067
  -7.109 -16.177 -16.177
  -7.103 -16.343 -16.343
  -7.098 -14.754 -16.103
  -7.092 -16.444 -16.444
  -7.086 -16.192 -16.192
  -7.081 -15.696 -15.901
  -7.075 -16.402 -16.402
  -7.070 -16.337 -16.640
  -7.064 -16.174 -16.386
  -7.059 -15.581 -15.779
  -7.054 -16.161 -16.402
  -7.049 -15.964 -16.360
  -7.043 -16.164 -16.389
  -7.038 -16.499 -16.499
  -7.033 -16.329 -16.329
  -7.029 -15.797 -16.539
  -7.024 -16.035 -16.260
  -7.019 -16.519 -16.519
  -7.014 -16.157 -16.157
  -7.009 -16.375 -16.549
  -7.005 -16.081 -16.595
  -7.000 -15.760 -16.133
  -6.995 -16.119 -16.119
  -6.991 -16.213 -16.404
  -6.986 -16.551 -16.794
  -6.982 -15.770 -16.539
  -6.978 -16.436 -16.436
  -6.973 -15.809 -15.809
  -6.969 -15.668 -16.361
  -6.965 -16.327 -16.590
  -6.961 -16.609 -17.134
  -6.956 -15.075 -16.249
  -6.952 -15.521 -16.408
  -6.948 -15.752 -16.472
  -6.944 -16.251 -16.251
  -6.940 -16.572 -17.112
  -6.936 -16.827 -16.827
  -6.932 -15.707 -16.501
  -6.928 -16.415 -16.593
  -6.924 -16.697 -17.034
  -6.920 -15.675 -15.948
  -6.917 -14.919 -16.160
  -6.913 -16.221 -17.058
  -6.909 -16.778 -22.560
  -6.905 -16.856 -17.175
  -6.902 -16.137 -16.299
  -6.898 -16.331 -16.619
  -6.894 -16.003 -16.461
  -6.891 -16.525 -16.718
  -6.887 -16.309 -17.448
  -6.884 -16.571 -17.073
  -6.880 -16.300 -16.933
  -6.877 -16.666 -16.666
  -6.873 -17.220 -49.500
  -6.870 -15.937 -16.226
  -6.867 -16.229 -16.613
  -6.863 -16.583 -16.869
  -6.860 -49.500     NaN
  -6.857 -16.035 -16.243
  -6.853 -16.675 -49.500
  -6.850 -16.493 -16.658
  -6.847 -15.554 -49.500
  -6.844 -16.684 -49.500
  -6.840 -16.031 -17.168
  -6.837 -15.784 -16.717
  -6.834 -16.906 -49.500
  -6.831 -17.129 -49.500
  -6.828 -16.509 -16.812
  -6.825 -15.814 -16.503
  -6.822 -17.000 -49.500
  -6.819 -16.314 -16.670
  -6.816 -49.500     NaN
  -6.813 -15.077 -16.275
  -6.810 -16.939 -49.500
  -6.807 -15.743 -17.201
  -6.804 -17.024 -49.500
  -6.801 -16.000 -16.815
  -6.798 -16.087 -49.500
  -6.795 -16.209 -16.799
  -6.792 -49.500 -49.500
  -6.789 -16.895 -49.500
  -6.787 -15.432 -16.552
  -6.784 -49.500     NaN
  -6.781 -16.922 -49.500
  -6.778 -49.500 -49.500
  -6.775 -15.384 -16.783
  -6.773 -17.131 -49.500
  -6.770 -16.482 -16.779
  -6.767 -17.060 -49.500
  -6.765 -16.021 -16.376
  -6.762 -49.500     NaN
  -6.759 -15.986 -16.851
  -6.757 -49.500     NaN
  -6.754 -49.500     NaN
  -6.751 -49.500     NaN
  -6.749 -49.500     NaN
  -6.746 -15.995 -16.430
  -6.744 -16.247 -49.500
  -6.741 -49.500     NaN
  -6.739 -16.936 -49.500
  -6.736 -16.434 -16.792
  -6.734 -16.282 -16.282
  -6.731 -49.500 -49.500
  -6.729 -16.880 -16.880
  -6.726 -49.500     NaN
  -6.724 -16.249 -16.249
  -6.721 -49.500     NaN
  -6.719 -49.500     NaN
  -6.717 -16.480 -49.500
  -6.714 -49.500 -49.500
  -6.712 -16.488 -16.488
  -6.709 -16.692 -49.500
  -6.707 -49.500     NaN
  -6.705 -15.821 -49.500
  -6.702 -49.500 -49.500
  -6.700 -49.500 -49.500
  -6.698 -49.500 -49.500
  -6.696 -49.500     NaN
  -6.693 -16.334 -16.334
  -6.691 -49.500     NaN
  -6.689 -16.375 -49.500
  -6.687 -49.500     NaN
  -6.684 -49.500 -49.500
  -6.682 -17.030 -49.500
  -6.680 -49.500 -49.500
  -6.678 -49.500     NaN
  -6.675 -49.500     NaN
  -6.673 -16.604 -16.604
  -6.671 -49.500 -49.500
  -6.669 -49.500 -49.500
  -6.667 -49.500 -49.500
  -6.665 -49.500     NaN
  -6.663 -16.812 -16.812
  -6.661 -15.880 -15.880
  -6.658 -16.347 -16.535
  -6.656 -49.500 -49.500
  -6.654 -49.500     NaN
  -6.652 -49.500 -49.500
  -6.650 -49.500 -49.500
  -6.648 -16.369 -16.369
  -6.646 -16.601 -16.601
  -6.644 -49.500 -49.500
  -6.642 -49.500 -49.500
  -6.640 -49.500 -49.500
  -6.638 -49.500     NaN
  -6.636 -49.500 -49.500
  -6.634 -49.500     NaN
  -6.632 -49.500     NaN
  -6.630 -49.500 -49.500
  -6.628 -49.500     NaN
  -6.626 -16.001 -49.500
  -6.624 -49.500     NaN
  -6.622 -49.500 -49.500
  -6.620 -49.500     NaN
  -6.618 -16.883 -16.883
  -6.617 -49.500 -49.500
  -6.615 -15.808 -16.833
  -6.613 -49.500 -49.500
  -6.611 -49.500     NaN
  -6.609 -16.574 -16.574
  -6.607 -16.373 -16.373
  -6.605 -49.500 -49.500
  -6.603 -49.500 -49.500
  -6.602 -16.269 -16.269
  -6.600 -49.500 -49.500
  -6.598 -49.500 -49.500
  -6.596 -49.500 -49.500
  -6.594 -49.500 -49.500
