  -8.861 -14.144 -14.144
  -8.599 -14.225 -14.225
  -8.442 -14.269 -14.269
  -8.329 -14.416 -14.416
  -8.239 -14.540 -14.540
  -8.166 -14.618 -14.618
  -8.103 -14.685 -14.685
  -8.048 -14.636 -14.636
  -7.999 -14.756 -14.756
  -7.955 -14.564 -14.564
  -7.916 -14.777 -14.777
  -7.879 -14.875 -14.875
  -7.846 -14.937 -14.937
  -7.815 -14.543 -14.869
  -7.786 -15.100 -15.100
  -7.758 -14.944 -14.944
  -7.733 -15.012 -15.012
  -7.709 -14.895 -15.052
  -7.686 -15.164 -15.164
  -7.664 -15.142 -15.142
  -7.643 -15.202 -15.202
  -7.624 -14.932 -15.345
  -7.605 -15.059 -15.059
  -7.586 -15.291 -15.291
  -7.569 -15.106 -15.106
  -7.552 -15.225 -15.225
  -7.536 -15.149 -15.149
  -7.521 -15.372 -15.372
  -7.506 -15.498 -15.498
  -7.491 -15.066 -15.356
  -7.477 -14.821 -15.453
  -7.464 -15.324 -15.324
  -7.451 -15.098 -15.359
  -7.438 -15.170 -15.682
  -7.425 -15.334 -15.334
  -7.413 -15.662 -15.662
  -7.401 -15.495 -15.666
  -7.390 -15.444 -15.693
  -7.379 -15.006 -15.445
  -7.368 -15.330 -15.665
  -7.357 -15.371 -15.576
  -7.347 -15.514 -15.514
  -7.337 -15.545 -15.812
  -7.327 -15.573 -15.573
  -7.317 -15.550 -15.550
  -7.308 -15.732 -15.732
  -7.299 -15.227 -15.227
  -7.290 -15.296 -15.763
  -7.281 -15.578 -15.578
  -7.272 -15.667 -15.667
  -7.264 -15.765 -15.765
  -7.255 -15.946 -15.946
  -7.247 -15.551 -15.746
  -7.239 -16.019 -16.019
  -7.231 -15.442 -15.724
  -7.223 -15.279 -15.820
  -7.216 -15.681 -15.681
  -7.208 -15.511 -15.918
  -7.201 -15.131 -15.832
  -7.194 -15.740 -15.919
  -7.187 -15.712 -15.712
  -7.180 -15.708 -15.939
  -7.173 -15.958 -15.958
  -7.166 -15.328 -15.579
  -7.159 -15.347 -15.663
  -7.153 -15.600 -15.755
  -7.146 -15.906 -16.295
  -7.140 -15.960 -16.228
  -7.133 -15.196 -16.152
  -7.127 -15.328 -15.957
  -7.121 -14.559 -15.577
  -7.115 -16.172 -16.341
  -7.109 -16.255 -16.255
  -7.103 -16.170 -16.553
  -7.098 -16.508 -16.508
  -7.092 -15.954 -16.205
  -7.086 -15.472 -16.396
  -7.081 -16.277 -16.277
  -7.075 -15.805 -16.213
  -7.070 -15.666 -16.590
  -7.064 -16.383 -16.383
  -7.059 -15.636 -16.019
  -7.054 -16.379 -16.379
  -7.049 -16.172 -16.399
  -7.043 -16.053 -16.053
  -7.038 -15.653 -16.091
  -7.033 -15.245 -15.678
  -7.029 -16.637 -16.791
  -7.024 -16.140 -16.525
  -7.019 -16.622 -16.622
  -7.014 -16.751 -17.099
  -7.009 -15.924 -16.511
  -7.005 -15.608 -15.876
  -7.000 -15.679 -16.484
  -6.995 -16.274 -16.591
  -6.991 -16.240 -16.430
  -6.986 -15.767 -15.962
  -6.982 -15.924 -16.130
  -6.978 -16.348 -16.593
  -6.973 -15.971 -16.388
  -6.969 -15.832 -15.984
  -6.965 -15.903 -16.269
  -6.961 -16.113 -16.113
  -6.956 -14.936 -16.381
  -6.952 -16.865 -16.865
  -6.948 -16.637 -17.151
  -6.944 -15.869 -16.177
  -6.940 -16.401 -16.750
  -6.936 -16.043 -16.612
  -6.932 -16.240 -16.403
  -6.928 -16.345 -16.652
  -6.924 -16.145 -16.360
  -6.920 -16.139 -16.842
  -6.917 -16.595 -16.595
  -6.913 -16.335 -16.570
  -6.909 -15.717 -15.934
  -6.905 -16.561 -17.251
  -6.902 -16.415 -17.209
  -6.898 -16.573 -49.500
  -6.894 -16.286 -16.286
  -6.891 -16.580 -16.864
  -6.887 -15.735 -16.442
  -6.884 -49.500 -49.500
  -6.880 -17.263 -49.500
  -6.877 -15.729 -49.500
  -6.873 -49.500     NaN
  -6.870 -49.500     NaN
  -6.867 -17.076 -49.500
  -6.863 -16.783 -49.500
  -6.860 -17.018 -49.500
  -6.857 -16.013 -16.449
  -6.853 -16.595 -16.803
  -6.850 -15.761 -16.347
  -6.847 -15.365 -16.429
  -6.844 -16.813 -17.232
  -6.840 -16.744 -17.073
  -6.837 -16.058 -16.058
  -6.834 -15.589 -15.855
  -6.831 -16.657 -16.874
  -6.828 -16.872 -17.120
  -6.825 -49.500     NaN
  -6.822 -16.801 -17.105
  -6.819 -49.500     NaN
  -6.816 -15.614 -17.094
  -6.813 -16.672 -17.060
  -6.810 -17.017 -49.500
  -6.807 -17.344 -49.500
  -6.804 -49.500     NaN
  -6.801 -16.237 -16.974
  -6.798 -17.228 -49.500
  -6.795 -49.500     NaN
  -6.792 -16.723 -16.723
  -6.789 -16.924 -49.500
  -6.787 -16.544 -49.500
  -6.784 -49.500     NaN
  -6.781 -49.500     NaN
  -6.778 -49.500     NaN
  -6.775 -16.542 -16.542
  -6.773 -15.405 -16.523
  -6.770 -49.500     NaN
  -6.767 -16.317 -16.478
  -6.765 -17.045 -49.500
  -6.762 -16.396 -49.500
  -6.759 -49.500     NaN
  -6.757 -16.311 -16.689
  -6.754 -16.700 -49.500
  -6.751 -49.500     NaN
  -6.749 -49.500     NaN
  -6.746 -16.472 -49.500
  -6.744 -49.500     NaN
  -6.741 -16.524 -16.524
  -6.739 -16.762 -49.500
  -6.736 -49.500     NaN
  -6.734 -17.100 -49.500
  -6.731 -17.015 -49.500
  -6.729 -17.237 -49.500
  -6.726 -16.619 -16.619
  -6.724 -16.790 -49.500
  -6.721 -16.483 -49.500
  -6.719 -49.500 -49.500
  -6.717 -49.500 -49.500
  -6.714 -15.586 -49.500
  -6.712 -49.500 -49.500
  -6.709 -49.500     NaN
  -6.707 -49.500     NaN
  -6.705 -49.500 -49.500
  -6.702 -15.920 -15.920
  -6.700 -49.500 -49.500
  -6.698 -49.500 -49.500
  -6.696 -16.425 -49.500
  -6.693 -15.676 -49.500
  -6.691 -16.678 -49.500
  -6.689 -16.138 -16.414
  -6.687 -16.906 -49.500
  -6.684 -49.500 -49.500
  -6.682 -15.620 -16.510
  -6.680 -49.500 -49.500
  -6.678 -16.400 -49.500
  -6.675 -49.500     NaN
  -6.673 -49.500 -49.500
  -6.671 -16.540 -49.500
  -6.669 -49.500 -49.500
  -6.667 -49.500 -49.500
  -6.665 -16.873 -16.873
  -6.663 -49.500     NaN
  -6.661 -16.692 -16.692
  -6.658 -16.582 -16.582
  -6.656 -14.913 -14.913
  -6.654 -49.500 -49.500
  -6.652 -16.664 -16.664
  -6.650 -49.500 -49.500
  -6.648 -49.500     NaN
  -6.646 -49.500 -49.500
  -6.644 -49.500 -49.500
  -6.642 -16.511 -49.500
  -6.640 -16.310 -49.500
  -6.638 -16.418 -16.418
  -6.636 -49.500 -49.500
  -6.634 -49.500 -49.500
  -6.632 -49.500 -49.500
  -6.630 -16.706 -16.706
  -6.628 -16.811 -49.500
  -6.626 -49.500 -49.500
  -6.624 -49.500 -49.500
  -6.622 -49.500     NaN
  -6.620 -49.500 -49.500
  -6.618 -49.500 -49.500
  -6.617 -16.346 -49.500
  -6.615 -49.500 -49.500
  -6.613 -16.381 -16.381
  -6.611 -49.500 -49.500
  -6.609 -49.500     NaN
  -6.607 -49.500 -49.500
  -6.605 -16.894 -49.500
  -6.603 -49.500 -49.500
  -6.602 -49.500 -49.500
  -6.600 -49.500     NaN
  -6.598 -49.500     NaN
  -6.596 -49.500 -49.500
  -6.594 -16.124 -16.683
