  -8.861 -14.164 -14.164
  -8.599 -14.277 -14.277
  -8.442 -14.372 -14.372
  -8.329 -14.436 -14.436
  -8.239 -14.631 -14.631
  -8.166 -14.555 -14.555
  -8.103 -14.506 -14.506
  -8.048 -14.621 -14.621
  -7.999 -14.531 -14.531
  -7.955 -14.771 -14.771
  -7.916 -14.829 -14.829
  -7.879 -14.625 -14.625
  -7.846 -14.795 -14.795
  -7.815 -14.788 -14.950
  -7.786 -14.780 -14.780
  -7.758 -15.067 -15.067
  -7.733 -15.076 -15.076
  -7.709 -14.923 -14.923
  -7.686 -15.079 -15.079
  -7.664 -15.138 -15.138
  -7.643 -15.018 -15.203
  -7.624 -14.829 -15.096
  -7.605 -15.207 -15.207
  -7.586 -15.087 -15.243
  -7.569 -14.968 -14.968
  -7.552 -14.661 -15.248
  -7.536 -15.367 -15.367
  -7.521 -15.277 -15.277
  -7.506 -14.670 -14.941
  -7.491 -15.221 -15.402
  -7.477 -15.115 -15.414
  -7.464 -14.961 -15.128
  -7.451 -15.588 -15.588
  -7.438 -14.998 -14.998
  -7.425 -15.150 -15.330
  -7.413 -15.550 -15.550
  -7.401 -15.161 -15.161
  -7.390 -15.701 -15.701
  -7.379 -15.312 -15.729
  -7.368 -15.466 -15.466
  -7.357 -15.551 -15.551
  -7.347 -15.440 -15.440
  -7.337 -15.419 -15.616
  -7.327 -15.525 -15.525
  -7.317 -15.141 -15.730
  -7.308 -15.309 -15.792
  -7.299 -15.938 -15.938
  -7.290 -14.565 -15.499
  -7.281 -15.648 -15.648
  -7.272 -15.647 -15.647
  -7.264 -15.439 -15.439
  -7.255 -15.827 -15.827
  -7.247 -15.536 -15.842
  -7.239 -15.116 -15.522
  -7.231 -14.828 -15.720
  -7.223 -15.538 -15.538
  -7.216 -15.876 -15.876
  -7.208 -15.447 -15.749
  -7.201 -15.759 -15.759
  -7.194 -15.948 -15.948
  -7.187 -14.747 -15.809
  -7.180 -15.933 -16.151
  -7.173 -15.422 -16.222
  -7.166 -15.635 -16.231
  -7.159 -15.327 -15.517
  -7.153 -15.980 -15.980
  -7.146 -15.964 -16.387
  -7.140 -16.292 -16.292
  -7.133 -15.809 -15.809
  -7.127 -14.687 -15.881
  -7.121 -15.896 -15.896
  -7.115 -15.999 -15.999
  -7.109 -15.119 -15.567
  -7.103 -15.897 -16.592
  -7.098 -16.155 -16.155
  -7.092 -15.309 -16.122
  -7.086 -15.402 -15.623
  -7.081 -15.669 -15.951
  -7.075 -16.061 -16.347
  -7.070 -15.755 -16.193
  -7.064 -15.769 -16.309
  -7.059 -16.313 -16.519
  -7.054 -16.253 -16.477
  -7.049 -16.140 -16.140
  -7.043 -15.431 -16.271
  -7.038 -15.686 -16.125
  -7.033 -15.541 -16.211
  -7.029 -15.120 -16.106
  -7.024 -16.292 -16.292
  -7.019 -16.370 -16.370
  -7.014 -15.890 -16.136
  -7.009 -16.284 -16.284
  -7.005 -15.844 -16.005
  -7.000 -15.938 -15.938
  -6.995 -16.155 -16.596
  -6.991 -15.955 -16.125
  -6.986 -16.524 -16.705
  -6.982 -16.571 -16.571
  -6.978 -16.689 -17.061
  -6.973 -17.141 -17.680
  -6.969 -15.927 -16.217
  -6.965 -16.208 -16.721
  -6.961 -15.626 -16.379
  -6.956 -16.991 -17.315
  -6.952 -16.397 -16.397
  -6.948 -16.703 -16.703
  -6.944 -16.078 -16.230
  -6.940 -16.099 -16.654
  -6.936 -15.452 -16.402
  -6.932 -16.217 -16.789
  -6.928 -15.414 -15.971
  -6.924 -16.485 -17.134
  -6.920 -16.899 -17.146
  -6.917 -16.579 -16.579
  -6.913 -15.834 -15.989
  -6.909 -14.766 -16.158
  -6.905 -16.246 -16.246
  -6.902 -16.727 -17.172
  -6.898 -15.120 -16.782
  -6.894 -16.345 -16.508
  -6.891 -16.677 -16.858
  -6.887 -15.565 -16.257
  -6.884 -16.795 -16.984
  -6.880 -16.760 -49.500
  -6.877 -16.224 -16.623
  -6.873 -16.904 -49.500
  -6.870 -17.030 -49.500
  -6.867 -49.500     NaN
  -6.863 -16.938 -49.500
  -6.860 -49.500     NaN
  -6.857 -16.797 -49.500
  -6.853 -16.178 -16.664
  -6.850 -16.847 -49.500
  -6.847 -16.261 -16.261
  -6.844 -16.554 -16.725
  -6.840 -16.633 -49.500
  -6.837 -16.492 -16.945
  -6.834 -16.084 -16.309
  -6.831 -16.367 -16.742
  -6.828 -16.747 -49.500
  -6.825 -16.368 -16.593
  -6.822 -16.250 -16.551
  -6.819 -16.906 -17.091
  -6.816 -49.500     NaN
  -6.813 -17.034 -17.351
  -6.810 -16.676 -16.861
  -6.807 -16.955 -49.500
  -6.804 -16.275 -16.275
  -6.801 -49.500     NaN
  -6.798 -16.342 -17.096
  -6.795 -16.326 -16.553
  -6.792 -16.334 -17.082
  -6.789 -49.500     NaN
  -6.787 -16.384 -16.807
  -6.784 -16.584 -49.500
  -6.781 -49.500     NaN
  -6.778 -16.481 -49.500
  -6.775 -17.137 -49.500
  -6.773 -49.500     NaN
  -6.770 -16.494 -49.500
  -6.767 -49.500     NaN
  -6.765 -15.992 -16.654
  -6.762 -49.500 -49.500
  -6.759 -17.348 -49.500
  -6.757 -16.503 -49.500
  -6.754 -49.500     NaN
  -6.751 -49.500 -49.500
  -6.749 -16.437 -49.500
  -6.746 -17.426 -49.500
  -6.744 -16.592 -16.925
  -6.741 -49.500 -49.500
  -6.739 -16.923 -17.128
  -6.736 -16.615 -49.500
  -6.734 -17.193 -49.500
  -6.731 -49.500     NaN
  -6.729 -49.500     NaN
  -6.726 -16.202 -49.500
  -6.724 -49.500     NaN
  -6.721 -49.500     NaN
  -6.719 -49.500 -49.500
  -6.717 -16.061 -49.500
  -6.714 -16.558 -49.500
  -6.712 -49.500 -49.500
  -6.709 -49.500     NaN
  -6.707 -49.500     NaN
  -6.705 -16.783 -49.500
  -6.702 -16.957 -49.500
  -6.700 -49.500 -49.500
  -6.698 -16.978 -49.500
  -6.696 -16.250 -49.500
  -6.693 -49.500 -49.500
  -6.691 -49.500     NaN
  -6.689 -16.454 -16.454
  -6.687 -49.500     NaN
  -6.684 -49.500 -49.500
  -6.682 -49.500 -49.500
  -6.680 -49.500 -49.500
  -6.678 -49.500 -49.500
  -6.675 -49.500 -49.500
  -6.673 -16.191 -16.191
  -6.671 -49.500     NaN
  -6.669 -49.500 -49.500
  -6.667 -16.847 -16.847
  -6.665 -16.746 -49.500
  -6.663 -49.500 -49.500
  -6.661 -16.264 -49.500
  -6.658 -49.500     NaN
  -6.656 -49.500 -49.500
  -6.654 -49.500     NaN
  -6.652 -49.500     NaN
  -6.650 -49.500 -49.500
  -6.648 -15.876 -15.876
  -6.646 -49.500     NaN
  -6.644 -16.531 -16.531
  -6.642 -49.500 -49.500
  -6.640 -16.066 -16.066
  -6.638 -49.500 -49.500
  -6.636 -49.500 -49.500
  -6.634 -49.500 -49.500
  -6.632 -49.500     NaN
  -6.630 -49.500 -49.500
  -6.628 -49.500 -49.500
  -6.626 -49.500     NaN
  -6.624 -49.500 -49.500
  -6.622 -16.428 -49.500
  -6.620 -49.500 -49.500
  -6.618 -49.500 -49.500
  -6.617 -49.500 -49.500
  -6.615 -49.500 -49.500
  -6.613 -49.500     NaN
  -6.611 -49.500 -49.500
  -6.609 -49.500 -49.500
  -6.607 -49.500 -49.500
  -6.605 -16.792 -49.500
  -6.603 -49.500     NaN
  -6.602 -49.500 -49.500
  -6.600 -49.500 -49.500
  -6.598 -49.500 -49.500
  -6.596 -16.842 -16.842
  -6.594 -49.500 -49.500
