  -8.861 -14.152 -14.152
  -8.599 -14.274 -14.274
  -8.442 -14.289 -14.289
  -8.329 -14.495 -14.495
  -8.239 -14.499 -14.499
  -8.166 -14.320 -14.320
  -8.103 -14.682 -14.682
  -8.048 -14.539 -14.539
  -7.999 -14.765 -14.765
  -7.955 -14.763 -14.763
  -7.916 -14.676 -14.676
  -7.879 -14.778 -14.778
  -7.846 -14.960 -14.960
  -7.815 -14.741 -14.999
  -7.786 -14.836 -14.836
  -7.758 -14.895 -14.895
  -7.733 -15.086 -15.086
  -7.709 -15.058 -15.058
  -7.686 -14.876 -15.107
  -7.664 -15.065 -15.065
  -7.643 -14.900 -15.130
  -7.624 -15.123 -15.123
  -7.605 -15.091 -15.091
  -7.586 -15.139 -15.381
  -7.569 -14.654 -14.986
  -7.552 -15.486 -15.486
  -7.536 -15.228 -15.228
  -7.521 -15.105 -15.105
  -7.506 -14.972 -15.184
  -7.491 -15.018 -15.363
  -7.477 -15.288 -15.506
  -7.464 -15.530 -15.530
  -7.451 -15.188 -15.402
  -7.438 -15.479 -15.479
  -7.425 -14.979 -15.657
  -7.413 -15.571 -15.571
  -7.401 -15.313 -15.313
  -7.390 -14.679 -15.320
  -7.379 -15.337 -15.337
  -7.368 -15.753 -15.753
  -7.357 -15.456 -15.456
  -7.347 -15.516 -15.516
  -7.337 -15.762 -15.762
  -7.327 -15.888 -15.888
  -7.317 -15.524 -15.845
  -7.308 -15.524 -15.524
  -7.299 -15.520 -15.520
  -7.290 -15.555 -15.723
  -7.281 -15.850 -15.850
  -7.272 -15.601 -15.601
  -7.264 -14.983 -15.488
  -7.255 -15.168 -16.016
  -7.247 -15.456 -15.902
  -7.239 -15.740 -15.740
  -7.231 -15.271 -16.066
  -7.223 -15.500 -15.500
  -7.216 -13.942 -14.911
  -7.208 -15.295 -15.734
  -7.201 -15.416 -15.695
  -7.194 -15.123 -15.600
  -7.187 -16.131 -16.131
  -7.180 -15.508 -15.786
  -7.173 -15.814 -15.814
  -7.166 -15.571 -15.571
  -7.159 -15.909 -15.909
  -7.153 -15.786 -15.786
  -7.146 -15.674 -15.860
  -7.140 -15.965 -15.965
  -7.133 -15.257 -15.645
  -7.127 -15.635 -16.059
  -7.121 -15.828 -15.828
  -7.115 -16.002 -16.002
  -7.109 -16.201 -16.201
  -7.103 -15.609 -16.123
  -7.098 -16.034 -16.034
  -7.092 -16.036 -16.036
  -7.086 -15.476 -16.459
  -7.081 -15.770 -15.770
  -7.075 -15.742 -15.930
  -7.070 -15.709 -15.959
  -7.064 -16.368 -16.543
  -7.059 -16.235 -16.463
  -7.054 -15.853 -16.105
  -7.049 -15.317 -16.062
  -7.043 -16.408 -16.408
  -7.038 -15.785 -16.038
  -7.033 -16.347 -16.812
  -7.029 -16.123 -16.123
  -7.024 -16.104 -16.356
  -7.019 -15.864 -16.094
  -7.014 -16.038 -16.297
  -7.009 -16.939 -17.106
  -7.005 -15.690 -16.116
  -7.000 -16.551 -16.551
  -6.995 -16.460 -16.460
  -6.991 -16.560 -16.560
  -6.986 -16.115 -16.327
  -6.982 -16.053 -16.231
  -6.978 -16.258 -16.600
  -6.973 -15.968 -16.256
  -6.969 -17.053 -49.500
  -6.965 -16.122 -17.096
  -6.961 -15.192 -16.204
  -6.956 -17.161 -17.353
  -6.952 -16.251 -16.251
  -6.948 -15.578 -16.451
  -6.944 -16.509 -16.509
  -6.940 -16.182 -16.350
  -6.936 -17.076 -49.500
  -6.932 -16.272 -16.272
  -6.928 -16.397 -16.581
  -6.924 -16.557 -16.557
  -6.920 -16.496 -16.794
  -6.917 -15.397 -16.459
  -6.913 -15.789 -16.743
  -6.909 -16.351 -16.645
  -6.905 -15.820 -16.254
  -6.902 -16.623 -16.935
  -6.898 -22.789 -22.789
  -6.894 -16.151 -16.508
  -6.891 -15.973 -16.191
  -6.887 -16.652 -16.828
  -6.884 -15.566 -16.190
  -6.880 -15.592 -49.500
  -6.877 -16.111 -16.321
  -6.873 -15.823 -16.801
  -6.870 -16.488 -16.825
  -6.867 -16.763 -17.122
  -6.863 -15.619 -16.005
  -6.860 -15.986 -16.162
  -6.857 -15.716 -49.500
  -6.853 -15.962 -16.218
  -6.850 -15.480 -16.850
  -6.847 -16.775 -49.500
  -6.844 -15.566 -16.589
  -6.840 -16.416 -17.149
  -6.837 -49.500     NaN
  -6.834 -16.387 -16.971
  -6.831 -16.503 -17.245
  -6.828 -15.905 -16.741
  -6.825 -16.299 -16.693
  -6.822 -16.730 -49.500
  -6.819 -15.888 -49.500
  -6.816 -15.715 -16.719
  -6.813 -16.484 -17.256
  -6.810 -15.924 -16.328
  -6.807 -17.221 -49.500
  -6.804 -49.500     NaN
  -6.801 -16.280 -49.500
  -6.798 -16.698 -17.203
  -6.795 -16.820 -17.336
  -6.792 -49.500     NaN
  -6.789 -15.583 -15.583
  -6.787 -16.772 -49.500
  -6.784 -49.500 -49.500
  -6.781 -16.213 -49.500
  -6.778 -17.236 -49.500
  -6.775 -16.468 -16.705
  -6.773 -16.220 -16.609
  -6.770 -16.677 -16.851
  -6.767 -16.792 -49.500
  -6.765 -15.776 -16.332
  -6.762 -17.218 -49.500
  -6.759 -49.500     NaN
  -6.757 -49.500 -49.500
  -6.754 -16.272 -49.500
  -6.751 -16.591 -16.591
  -6.749 -49.500     NaN
  -6.746 -49.500     NaN
  -6.744 -16.212 -16.493
  -6.741 -49.500     NaN
  -6.739 -49.500 -49.500
  -6.736 -16.410 -49.500
  -6.734 -49.500     NaN
  -6.731 -16.581 -49.500
  -6.729 -16.261 -16.261
  -6.726 -49.500 -49.500
  -6.724 -15.932 -17.188
  -6.721 -49.500     NaN
  -6.719 -16.375 -49.500
  -6.717 -49.500     NaN
  -6.714 -49.500     NaN
  -6.712 -16.850 -49.500
  -6.709 -49.500     NaN
  -6.707 -49.500     NaN
  -6.705 -49.500 -49.500
  -6.702 -16.510 -16.510
  -6.700 -16.712 -49.500
  -6.698 -16.295 -16.295
  -6.696 -16.435 -16.435
  -6.693 -15.573 -49.500
  -6.691 -49.500     NaN
  -6.689 -49.500 -49.500
  -6.687 -49.500 -49.500
  -6.684 -49.500     NaN
  -6.682 -16.289 -49.500
  -6.680 -49.500 -49.500
  -6.678 -49.500 -49.500
  -6.675 -49.500     NaN
  -6.673 -49.500 -49.500
  -6.671 -16.331 -49.500
  -6.669 -49.500 -49.500
  -6.667 -49.500 -49.500
  -6.665 -16.511 -49.500
  -6.663 -17.010 -49.500
  -6.661 -49.500 -49.500
  -6.658 -49.500     NaN
  -6.656 -49.500 -49.500
  -6.654 -49.500 -49.500
  -6.652 -49.500     NaN
  -6.650 -49.500     NaN
  -6.648 -14.991 -49.500
  -6.646 -49.500 -49.500
  -6.644 -16.155 -16.556
  -6.642 -49.500 -49.500
  -6.640 -49.500 -49.500
  -6.638 -16.724 -16.724
  -6.636 -49.500 -49.500
  -6.634 -49.500 -49.500
  -6.632 -49.500 -49.500
  -6.630 -49.500 -49.500
  -6.628 -49.500 -49.500
  -6.626 -49.500 -49.500
  -6.624 -49.500 -49.500
  -6.622 -49.500 -49.500
  -6.620 -16.554 -49.500
  -6.618 -49.500 -49.500
  -6.617 -49.500 -49.500
  -6.615 -49.500 -49.500
  -6.613 -49.500 -49.500
  -6.611 -49.500 -49.500
  -6.609 -49.500 -49.500
  -6.607 -49.500 -49.500
  -6.605 -49.500 -49.500
  -6.603 -49.500 -49.500
  -6.602 -49.500 -49.500
  -6.600 -49.500 -49.500
  -6.598 -16.529 -49.500
  -6.596 -49.500 -49.500
  -6.594 -17.090 -49.500
