  -8.861 -14.149 -14.149
  -8.599 -14.247 -14.247
  -8.442 -14.262 -14.262
  -8.329 -14.521 -14.521
  -8.239 -14.534 -14.534
  -8.166 -14.579 -14.579
  -8.103 -14.741 -14.741
  -8.048 -14.725 -14.725
  -7.999 -14.637 -14.637
  -7.955 -14.911 -14.911
  -7.916 -14.750 -14.750
  -7.879 -14.933 -14.933
  -7.846 -14.986 -14.986
  -7.815 -14.875 -14.875
  -7.786 -15.125 -15.125
  -7.758 -14.952 -14.952
  -7.733 -14.950 -14.950
  -7.709 -15.110 -15.110
  -7.686 -15.201 -15.201
  -7.664 -15.101 -15.101
  -7.643 -15.075 -15.075
  -7.624 -15.185 -15.185
  -7.605 -14.890 -15.340
  -7.586 -15.276 -15.276
  -7.569 -15.248 -15.248
  -7.552 -15.197 -15.197
  -7.536 -15.149 -15.332
  -7.521 -15.433 -15.433
  -7.506 -15.366 -15.366
  -7.491 -15.260 -15.260
  -7.477 -15.268 -15.268
  -7.464 -15.100 -15.100
  -7.451 -15.581 -15.581
  -7.438 -15.643 -15.643
  -7.425 -15.085 -15.476
  -7.413 -15.428 -15.428
  -7.401 -15.643 -15.643
  -7.390 -15.288 -15.521
  -7.379 -15.647 -15.647
  -7.368 -15.699 -15.699
  -7.357 -15.424 -15.599
  -7.347 -15.054 -15.054
  -7.337 -15.496 -15.496
  -7.327 -15.490 -15.744
  -7.317 -14.980 -15.691
  -7.308 -15.357 -15.357
  -7.299 -15.696 -15.696
  -7.290 -15.640 -15.640
  -7.281 -15.644 -15.644
  -7.272 -15.131 -15.733
  -7.264 -14.978 -15.520
  -7.255 -15.543 -15.859
  -7.247 -15.624 -15.884
  -7.239 -15.789 -15.789
  -7.231 -15.815 -15.815
  -7.223 -15.769 -15.769
  -7.216 -15.173 -15.881
  -7.208 -15.949 -15.949
  -7.201 -15.743 -15.743
  -7.194 -15.842 -15.842
  -7.187 -15.619 -15.619
  -7.180 -15.496 -16.076
  -7.173 -15.813 -15.813
  -7.166 -16.005 -16.176
  -7.159 -15.713 -16.170
  -7.153 -15.512 -15.964
  -7.146 -15.656 -15.656
  -7.140 -15.930 -16.113
  -7.133 -16.104 -16.260
  -7.127 -15.806 -15.806
  -7.121 -15.577 -16.152
  -7.115 -15.860 -16.168
  -7.109 -15.992 -16.152
  -7.103 -16.120 -16.120
  -7.098 -15.542 -16.163
  -7.092 -15.819 -16.082
  -7.086 -15.357 -16.512
  -7.081 -16.238 -16.238
  -7.075 -16.230 -16.397
  -7.070 -16.151 -16.151
  -7.064 -15.989 -16.197
  -7.059 -16.002 -16.356
  -7.054 -15.415 -15.881
  -7.049 -16.486 -16.486
  -7.043 -15.802 -15.966
  -7.038 -16.281 -16.281
  -7.033 -15.833 -16.129
  -7.029 -16.559 -16.559
  -7.024 -16.353 -16.353
  -7.019 -16.032 -16.536
  -7.014 -15.428 -16.171
  -7.009 -16.790 -22.144
  -7.005 -16.511 -16.511
  -7.000 -16.259 -16.469
  -6.995 -16.050 -16.587
  -6.991 -16.621 -16.621
  -6.986 -16.440 -16.787
  -6.982 -16.017 -16.642
  -6.978 -15.559 -17.458
  -6.973 -15.894 -16.064
  -6.969 -15.953 -15.953
  -6.965 -16.350 -16.580
  -6.961 -15.991 -16.265
  -6.956 -16.164 -16.330
  -6.952 -16.288 -16.510
  -6.948 -15.863 -15.863
  -6.944 -16.055 -17.172
  -6.940 -15.986 -16.308
  -6.936 -16.222 -16.650
  -6.932 -16.085 -16.085
  -6.928 -16.581 -16.899
  -6.924 -16.451 -16.737
  -6.920 -16.213 -17.396
  -6.917 -15.851 -16.024
  -6.913 -15.918 -16.123
  -6.909 -16.593 -17.296
  -6.905 -15.948 -16.147
  -6.902 -22.855 -22.855
  -6.898 -16.597 -17.173
  -6.894 -17.086 -17.305
  -6.891 -16.202 -16.466
  -6.887 -16.731 -16.731
  -6.884 -16.773 -17.182
  -6.880 -16.452 -49.500
  -6.877 -16.664 -49.500
  -6.873 -16.422 -49.500
  -6.870 -16.603 -16.821
  -6.867 -16.198 -16.584
  -6.863 -16.640 -16.799
  -6.860 -16.463 -49.500
  -6.857 -16.329 -49.500
  -6.853 -16.909 -17.378
  -6.850 -16.633 -16.876
  -6.847 -16.242 -16.606
  -6.844 -16.286 -16.643
  -6.840 -16.733 -49.500
  -6.837 -49.500     NaN
  -6.834 -16.767 -49.500
  -6.831 -16.884 -49.500
  -6.828 -16.945 -49.500
  -6.825 -15.945 -16.415
  -6.822 -49.500     NaN
  -6.819 -16.654 -17.039
  -6.816 -49.500     NaN
  -6.813 -16.426 -16.842
  -6.810 -16.646 -49.500
  -6.807 -16.918 -49.500
  -6.804 -15.701 -16.112
  -6.801 -16.322 -16.625
  -6.798 -49.500     NaN
  -6.795 -16.153 -49.500
  -6.792 -49.500     NaN
  -6.789 -16.204 -16.836
  -6.787 -16.384 -49.500
  -6.784 -16.016 -16.207
  -6.781 -16.023 -49.500
  -6.778 -16.971 -49.500
  -6.775 -16.980 -49.500
  -6.773 -16.204 -16.854
  -6.770 -49.500 -49.500
  -6.767 -49.500     NaN
  -6.765 -16.567 -16.871
  -6.762 -15.572 -49.500
  -6.759 -49.500     NaN
  -6.757 -15.624 -16.361
  -6.754 -49.500     NaN
  -6.751 -17.190 -49.500
  -6.749 -49.500     NaN
  -6.746 -49.500     NaN
  -6.744 -49.500     NaN
  -6.741 -49.500 -49.500
  -6.739 -49.500     NaN
  -6.736 -49.500     NaN
  -6.734 -49.500     NaN
  -6.731 -49.500     NaN
  -6.729 -17.134 -49.500
  -6.726 -49.500 -49.500
  -6.724 -16.618 -49.500
  -6.721 -16.481 -49.500
  -6.719 -49.500     NaN
  -6.717 -16.947 -16.947
  -6.714 -16.854 -49.500
  -6.712 -49.500     NaN
  -6.709 -16.284 -16.284
  -6.707 -15.922 -49.500
  -6.705 -49.500     NaN
  -6.702 -16.448 -16.448
  -6.700 -16.844 -49.500
  -6.698 -49.500 -49.500
  -6.696 -49.500 -49.500
  -6.693 -49.500 -49.500
  -6.691 -49.500 -49.500
  -6.689 -49.500     NaN
  -6.687 -49.500     NaN
  -6.684 -49.500 -49.500
  -6.682 -49.500     NaN
  -6.680 -16.221 -49.500
  -6.678 -49.500     NaN
  -6.675 -49.500 -49.500
  -6.673 -49.500 -49.500
  -6.671 -49.500     NaN
  -6.669 -49.500 -49.500
  -6.667 -49.500 -49.500
  -6.665 -49.500 -49.500
  -6.663 -49.500 -49.500
  -6.661 -49.500     NaN
  -6.658 -49.500 -49.500
  -6.656 -16.942 -16.942
  -6.654 -49.500 -49.500
  -6.652 -16.646 -16.646
  -6.650 -49.500 -49.500
  -6.648 -49.500 -49.500
  -6.646 -49.500 -49.500
  -6.644 -49.500 -49.500
  -6.642 -16.232 -16.232
  -6.640 -49.500 -49.500
  -6.638 -15.385 -49.500
  -6.636 -16.607 -16.607
  -6.634 -49.500 -49.500
  -6.632 -16.453 -16.453
  -6.630 -16.913 -16.913
  -6.628 -49.500     NaN
  -6.626 -49.500     NaN
  -6.624 -16.728 -49.500
  -6.622 -49.500 -49.500
  -6.620 -15.907 -49.500
  -6.618 -49.500 -49.500
  -6.617 -16.557 -16.557
  -6.615 -49.500 -49.500
  -6.613 -16.828 -16.828
  -6.611 -15.705 -15.705
  -6.609 -49.500 -49.500
  -6.607 -16.205 -16.425
  -6.605 -49.500 -49.500
  -6.603 -49.500     NaN
  -6.602 -49.500 -49.500
  -6.600 -16.595 -49.500
  -6.598 -49.500 -49.500
  -6.596 -49.500 -49.500
  -6.594 -17.109 -17.109
