  -8.861 -14.126 -14.126
  -8.599 -14.235 -14.235
  -8.442 -14.424 -14.424
  -8.329 -14.402 -14.402
  -8.239 -14.465 -14.465
  -8.166 -14.576 -14.576
  -8.103 -14.604 -14.604
  -8.048 -14.728 -14.728
  -7.999 -14.709 -14.709
  -7.955 -14.848 -14.848
  -7.916 -14.677 -14.677
  -7.879 -14.571 -14.896
  -7.846 -14.800 -14.800
  -7.815 -14.788 -14.788
  -7.786 -14.638 -14.859
  -7.758 -14.841 -14.841
  -7.733 -15.024 -15.024
  -7.709 -15.024 -15.024
  -7.686 -15.273 -15.273
  -7.664 -14.820 -15.099
  -7.643 -15.275 -15.275
  -7.624 -14.952 -15.116
  -7.605 -15.076 -15.076
  -7.586 -15.088 -15.088
  -7.569 -14.957 -14.957
  -7.552 -15.021 -15.021
  -7.536 -15.132 -15.132
  -7.521 -14.957 -15.275
  -7.506 -14.549 -15.127
  -7.491 -14.795 -15.219
  -7.477 -15.152 -15.445
  -7.464 -15.514 -15.731
  -7.451 -14.995 -14.995
  -7.438 -15.135 -15.360
  -7.425 -15.613 -15.613
  -7.413 -15.088 -15.299
  -7.401 -15.182 -15.345
  -7.390 -15.140 -15.773
  -7.379 -15.247 -15.454
  -7.368 -15.563 -15.563
  -7.357 -15.816 -15.816
  -7.347 -15.067 -15.440
  -7.337 -15.488 -15.488
  -7.327 -15.570 -15.570
  -7.317 -15.669 -15.835
  -7.308 -15.630 -15.933
  -7.299 -15.506 -15.506
  -7.290 -15.510 -15.510
  -7.281 -15.715 -15.715
  -7.272 -15.848 -15.848
  -7.264 -15.668 -15.668
  -7.255 -15.728 -15.895
  -7.247 -15.563 -15.873
  -7.239 -15.949 -15.949
  -7.231 -15.403 -15.403
  -7.223 -15.995 -15.995
  -7.216 -15.533 -15.733
  -7.208 -15.540 -15.737
  -7.201 -15.762 -16.045
  -7.194 -15.594 -15.985
  -7.187 -16.106 -16.106
  -7.180 -16.233 -16.233
  -7.173 -15.582 -15.752
  -7.166 -15.940 -15.940
  -7.159 -15.797 -15.797
  -7.153 -15.889 -15.889
  -7.146 -15.769 -15.944
  -7.140 -15.468 -16.036
  -7.133 -15.619 -15.851
  -7.127 -15.688 -15.888
  -7.121 -15.365 -15.554
  -7.115 -16.030 -16.030
  -7.109 -15.858 -16.054
  -7.103 -16.071 -16.071
  -7.098 -15.587 -16.212
  -7.092 -16.164 -16.395
  -7.086 -15.396 -15.931
  -7.081 -16.157 -16.157
  -7.075 -15.939 -16.185
  -7.070 -15.986 -16.497
  -7.064 -16.114 -16.353
  -7.059 -16.088 -16.327
  -7.054 -15.688 -15.893
  -7.049 -15.715 -16.063
  -7.043 -15.982 -16.239
  -7.038 -16.484 -16.685
  -7.033 -15.981 -16.457
  -7.029 -15.848 -16.131
  -7.024 -16.458 -16.458
  -7.019 -15.709 -16.130
  -7.014 -16.088 -16.323
  -7.009 -16.013 -16.338
  -7.005 -16.444 -16.444
  -7.000 -16.272 -16.456
  -6.995 -16.310 -16.731
  -6.991 -15.861 -16.391
  -6.986 -17.184 -17.521
  -6.982 -16.035 -16.408
  -6.978 -16.859 -17.220
  -6.973 -16.186 -16.186
  -6.969 -16.401 -16.597
  -6.965 -16.681 -17.050
  -6.961 -15.973 -15.973
  -6.956 -16.101 -16.634
  -6.952 -16.129 -16.293
  -6.948 -15.694 -16.482
  -6.944 -16.147 -16.353
  -6.940 -16.148 -16.581
  -6.936 -16.711 -17.155
  -6.932 -15.885 -16.305
  -6.928 -16.155 -16.518
  -6.924 -16.240 -16.503
  -6.920 -16.207 -16.512
  -6.917 -16.693 -23.013
  -6.913 -16.040 -16.602
  -6.909 -16.092 -16.314
  -6.905 -16.142 -16.561
  -6.902 -16.759 -22.543
  -6.898 -17.082 -49.500
  -6.894 -16.349 -22.700
  -6.891 -49.500 -49.500
  -6.887 -16.994 -49.500
  -6.884 -16.655 -16.950
  -6.880 -16.849 -49.500
  -6.877 -16.448 -16.633
  -6.873 -15.499 -16.701
  -6.870 -16.735 -16.932
  -6.867 -16.827 -49.500
  -6.863 -16.587 -49.500
  -6.860 -16.732 -16.970
  -6.857 -17.264 -49.500
  -6.853 -15.750 -16.377
  -6.850 -15.650 -16.171
  -6.847 -15.907 -16.927
  -6.844 -15.919 -49.500
  -6.840 -16.200 -49.500
  -6.837 -15.724 -15.929
  -6.834 -49.500     NaN
  -6.831 -49.500 -49.500
  -6.828 -49.500     NaN
  -6.825 -17.247 -49.500
  -6.822 -17.109 -49.500
  -6.819 -16.280 -16.677
  -6.816 -16.564 -49.500
  -6.813 -49.500 -49.500
  -6.810 -49.500     NaN
  -6.807 -16.568 -16.568
  -6.804 -16.118 -16.313
  -6.801 -16.735 -49.500
  -6.798 -16.941 -16.941
  -6.795 -49.500     NaN
  -6.792 -49.500     NaN
  -6.789 -49.500     NaN
  -6.787 -16.150 -16.590
  -6.784 -15.678 -16.384
  -6.781 -49.500     NaN
  -6.778 -49.500 -49.500
  -6.775 -16.212 -16.956
  -6.773 -16.899 -49.500
  -6.770 -49.500 -49.500
  -6.767 -16.763 -16.984
  -6.765 -17.011 -17.011
  -6.762 -49.500     NaN
  -6.759 -16.656 -49.500
  -6.757 -49.500     NaN
  -6.754 -15.955 -16.199
  -6.751 -16.654 -16.981
  -6.749 -49.500     NaN
  -6.746 -16.048 -16.858
  -6.744 -49.500     NaN
  -6.741 -49.500 -49.500
  -6.739 -49.500 -49.500
  -6.736 -49.500     NaN
  -6.734 -49.500     NaN
  -6.731 -16.642 -16.642
  -6.729 -49.500     NaN
  -6.726 -49.500     NaN
  -6.724 -15.273 -49.500
  -6.721 -17.050 -49.500
  -6.719 -16.523 -16.523
  -6.717 -16.675 -49.500
  -6.714 -49.500 -49.500
  -6.712 -49.500     NaN
  -6.709 -49.500     NaN
  -6.707 -16.689 -16.689
  -6.705 -49.500     NaN
  -6.702 -15.609 -16.794
  -6.700 -16.457 -16.758
  -6.698 -17.011 -17.011
  -6.696 -16.224 -16.224
  -6.693 -49.500     NaN
  -6.691 -15.878 -15.878
  -6.689 -16.793 -17.111
  -6.687 -16.473 -49.500
  -6.684 -49.500 -49.500
  -6.682 -49.500     NaN
  -6.680 -49.500 -49.500
  -6.678 -49.500 -49.500
  -6.675 -16.608 -16.608
  -6.673 -49.500 -49.500
  -6.671 -49.500     NaN
  -6.669 -49.500 -49.500
  -6.667 -49.500     NaN
  -6.665 -49.500     NaN
  -6.663 -49.500 -49.500
  -6.661 -49.500 -49.500
  -6.658 -17.038 -49.500
  -6.656 -49.500     NaN
  -6.654 -49.500     NaN
  -6.652 -16.395 -16.395
  -6.650 -16.817 -49.500
  -6.648 -49.500 -49.500
  -6.646 -49.500 -49.500
  -6.644 -49.500 -49.500
  -6.642 -49.500     NaN
  -6.640 -15.568 -15.568
  -6.638 -49.500 -49.500
  -6.636 -49.500 -49.500
  -6.634 -49.500     NaN
  -6.632 -49.500 -49.500
  -6.630 -16.779 -16.779
  -6.628 -49.500 -49.500
  -6.626 -49.500     NaN
  -6.624 -49.500 -49.500
  -6.622 -49.500 -49.500
  -6.620 -49.500 -49.500
  -6.618 -16.777 -49.500
  -6.617 -49.500 -49.500
  -6.615 -16.754 -49.500
  -6.613 -49.500 -49.500
  -6.611 -49.500 -49.500
  -6.609 -49.500 -49.500
  -6.607 -49.500 -49.500
  -6.605 -16.507 -49.500
  -6.603 -16.663 -49.500
  -6.602 -16.283 -16.283
  -6.600 -49.500 -49.500
  -6.598 -49.500 -49.500
  -6.596 -49.500 -49.500
  -6.594 -16.440 -49.500
