  -8.861 -14.157 -14.157
  -8.599 -14.245 -14.245
  -8.442 -14.373 -14.373
  -8.329 -14.331 -14.331
  -8.239 -14.547 -14.547
  -8.166 -14.503 -14.503
  -8.103 -14.614 -14.614
  -8.048 -14.725 -14.725
  -7.999 -14.655 -14.655
  -7.955 -14.892 -14.892
  -7.916 -14.819 -14.819
  -7.879 -14.832 -14.832
  -7.846 -14.914 -14.914
  -7.815 -14.878 -14.878
  -7.786 -14.572 -14.951
  -7.758 -14.829 -15.073
  -7.733 -15.035 -15.035
  -7.709 -14.924 -14.924
  -7.686 -14.910 -14.910
  -7.664 -14.997 -14.997
  -7.643 -15.112 -15.112
  -7.624 -15.317 -15.317
  -7.605 -15.126 -15.126
  -7.586 -15.382 -15.382
  -7.569 -15.339 -15.339
  -7.552 -15.292 -15.292
  -7.536 -14.879 -15.046
  -7.521 -15.065 -15.346
  -7.506 -15.118 -15.366
  -7.491 -15.258 -15.258
  -7.477 -15.430 -15.430
  -7.464 -15.150 -15.150
  -7.451 -15.115 -15.352
  -7.438 -15.482 -15.706
  -7.425 -14.876 -15.460
  -7.413 -15.180 -15.342
  -7.401 -15.564 -15.745
  -7.390 -15.555 -15.555
  -7.379 -15.690 -15.690
  -7.368 -14.895 -14.895
  -7.357 -15.553 -15.553
  -7.347 -15.561 -15.561
  -7.337 -15.469 -15.469
  -7.327 -15.641 -15.833
  -7.317 -15.169 -15.169
  -7.308 -15.679 -15.679
  -7.299 -15.421 -15.812
  -7.290 -15.562 -15.562
  -7.281 -15.608 -15.608
  -7.272 -15.493 -15.742
  -7.264 -15.910 -16.066
  -7.255 -15.601 -15.601
  -7.247 -15.536 -15.762
  -7.239 -15.650 -15.998
  -7.231 -15.761 -15.937
  -7.223 -15.696 -15.696
  -7.216 -15.723 -15.723
  -7.208 -15.254 -15.884
  -7.201 -14.848 -15.060
  -7.194 -14.944 -15.568
  -7.187 -16.028 -16.028
  -7.180 -16.023 -16.023
  -7.173 -15.848 -15.848
  -7.166 -16.044 -16.044
  -7.159 -15.894 -16.064
  -7.153 -15.434 -15.680
  -7.146 -15.832 -15.832
  -7.140 -15.576 -16.361
  -7.133 -16.254 -16.254
  -7.127 -16.050 -16.050
  -7.121 -15.926 -15.926
  -7.115 -15.857 -15.857
  -7.109 -15.366 -15.633
  -7.103 -15.427 -16.073
  -7.098 -15.903 -16.102
  -7.092 -15.846 -16.005
  -7.086 -15.754 -16.196
  -7.081 -15.574 -16.396
  -7.075 -15.211 -15.556
  -7.070 -16.396 -16.396
  -7.064 -16.005 -16.207
  -7.059 -15.980 -16.734
  -7.054 -16.162 -16.162
  -7.049 -16.177 -16.177
  -7.043 -15.664 -16.154
  -7.038 -15.712 -16.792
  -7.033 -16.161 -16.443
  -7.029 -15.703 -16.394
  -7.024 -16.146 -16.353
  -7.019 -15.630 -15.630
  -7.014 -15.572 -16.252
  -7.009 -16.302 -16.302
  -7.005 -16.301 -16.301
  -7.000 -15.953 -16.288
  -6.995 -15.788 -16.226
  -6.991 -15.841 -16.001
  -6.986 -15.855 -16.365
  -6.982 -16.119 -16.572
  -6.978 -16.308 -16.461
  -6.973 -16.399 -16.399
  -6.969 -16.242 -16.242
  -6.965 -15.681 -16.172
  -6.961 -15.904 -16.450
  -6.956 -15.305 -16.436
  -6.952 -16.204 -16.574
  -6.948 -16.630 -16.831
  -6.944 -16.746 -17.072
  -6.940 -15.978 -16.147
  -6.936 -15.925 -16.521
  -6.932 -15.980 -16.691
  -6.928 -15.896 -16.129
  -6.924 -16.244 -16.398
  -6.920 -16.171 -17.149
  -6.917 -16.021 -16.352
  -6.913 -16.426 -16.634
  -6.909 -16.502 -16.502
  -6.905 -16.753 -16.753
  -6.902 -15.885 -16.219
  -6.898 -49.500     NaN
  -6.894 -15.923 -16.596
  -6.891 -16.837 -17.283
  -6.887 -16.250 -16.854
  -6.884 -15.860 -16.402
  -6.880 -16.430 -49.500
  -6.877 -16.498 -16.818
  -6.873 -15.702 -16.933
  -6.870 -16.290 -16.499
  -6.867 -16.858 -17.400
  -6.863 -16.067 -16.067
  -6.860 -16.120 -16.365
  -6.857 -16.594 -16.777
  -6.853 -16.901 -49.500
  -6.850 -17.404 -49.500
  -6.847 -16.707 -49.500
  -6.844 -49.500     NaN
  -6.840 -15.488 -49.500
  -6.837 -16.870 -49.500
  -6.834 -16.684 -49.500
  -6.831 -16.577 -49.500
  -6.828 -16.724 -17.084
  -6.825 -16.089 -49.500
  -6.822 -16.103 -49.500
  -6.819 -15.956 -49.500
  -6.816 -16.503 -49.500
  -6.813 -16.407 -16.678
  -6.810 -16.384 -16.834
  -6.807 -17.035 -49.500
  -6.804 -49.500     NaN
  -6.801 -16.680 -49.500
  -6.798 -16.040 -16.196
  -6.795 -49.500     NaN
  -6.792 -16.203 -16.411
  -6.789 -16.029 -16.450
  -6.787 -16.741 -49.500
  -6.784 -49.500 -49.500
  -6.781 -16.811 -17.048
  -6.778 -16.340 -16.874
  -6.775 -15.978 -16.800
  -6.773 -49.500 -49.500
  -6.770 -49.500 -49.500
  -6.767 -16.281 -49.500
  -6.765 -16.891 -49.500
  -6.762 -16.494 -49.500
  -6.759 -15.855 -49.500
  -6.757 -49.500     NaN
  -6.754 -49.500     NaN
  -6.751 -15.894 -15.894
  -6.749 -49.500     NaN
  -6.746 -17.009 -49.500
  -6.744 -49.500     NaN
  -6.741 -49.500     NaN
  -6.739 -49.500     NaN
  -6.736 -16.090 -49.500
  -6.734 -49.500     NaN
  -6.731 -49.500 -49.500
  -6.729 -49.500 -49.500
  -6.726 -16.730 -16.730
  -6.724 -49.500     NaN
  -6.721 -49.500     NaN
  -6.719 -49.500     NaN
  -6.717 -49.500     NaN
  -6.714 -16.690 -49.500
  -6.712 -17.057 -17.057
  -6.709 -16.673 -49.500
  -6.707 -16.222 -49.500
  -6.705 -49.500     NaN
  -6.702 -49.500     NaN
  -6.700 -49.500 -49.500
  -6.698 -49.500     NaN
  -6.696 -49.500 -49.500
  -6.693 -49.500     NaN
  -6.691 -16.847 -49.500
  -6.689 -16.735 -49.500
  -6.687 -49.500 -49.500
  -6.684 -16.818 -16.818
  -6.682 -15.984 -15.984
  -6.680 -15.520 -49.500
  -6.678 -49.500 -49.500
  -6.675 -16.230 -16.578
  -6.673 -49.500 -49.500
  -6.671 -15.456 -15.456
  -6.669 -49.500 -49.500
  -6.667 -49.500 -49.500
  -6.665 -16.443 -49.500
  -6.663 -49.500 -49.500
  -6.661 -49.500     NaN
  -6.658 -16.197 -49.500
  -6.656 -49.500 -49.500
  -6.654 -49.500     NaN
  -6.652 -49.500 -49.500
  -6.650 -16.755 -16.755
  -6.648 -49.500     NaN
  -6.646 -49.500 -49.500
  -6.644 -49.500 -49.500
  -6.642 -49.500     NaN
  -6.640 -49.500 -49.500
  -6.638 -49.500 -49.500
  -6.636 -16.671 -16.671
  -6.634 -49.500 -49.500
  -6.632 -49.500 -49.500
  -6.630 -49.500     NaN
  -6.628 -15.470 -15.470
  -6.626 -49.500 -49.500
  -6.624 -49.500     NaN
  -6.622 -49.500 -49.500
  -6.620 -49.500 -49.500
  -6.618 -16.315 -16.315
  -6.617 -16.254 -16.254
  -6.615 -15.961 -15.961
  -6.613 -16.059 -49.500
  -6.611 -49.500 -49.500
  -6.609 -16.616 -49.500
  -6.607 -16.003 -16.003
  -6.605 -49.500 -49.500
  -6.603 -49.500 -49.500
  -6.602 -16.868 -49.500
  -6.600 -49.500 -49.500
  -6.598 -49.500 -49.500
  -6.596 -49.500 -49.500
  -6.594 -49.500     NaN
