  -8.861 -14.091 -14.091
  -8.599 -14.246 -14.246
  -8.442 -14.435 -14.435
  -8.329 -14.419 -14.419
  -8.239 -14.508 -14.508
  -8.166 -14.522 -14.522
  -8.103 -14.703 -14.703
  -8.048 -14.671 -14.671
  -7.999 -14.385 -14.385
  -7.955 -14.768 -14.768
  -7.916 -14.737 -14.737
  -7.879 -14.927 -14.927
  -7.846 -14.880 -14.880
  -7.815 -14.677 -14.677
  -7.786 -15.035 -15.035
  -7.758 -14.624 -14.972
  -7.733 -14.641 -14.641
  -7.709 -15.140 -15.140
  -7.686 -14.947 -14.947
  -7.664 -15.035 -15.035
  -7.643 -15.303 -15.303
  -7.624 -15.229 -15.229
  -7.605 -15.117 -15.312
  -7.586 -15.239 -15.239
  -7.569 -15.251 -15.251
  -7.552 -15.121 -15.439
  -7.536 -15.212 -15.212
  -7.521 -15.320 -15.320
  -7.506 -15.368 -15.368
  -7.491 -15.416 -15.416
  -7.477 -15.394 -15.394
  -7.464 -14.984 -15.622
  -7.451 -15.531 -15.531
  -7.438 -15.234 -15.430
  -7.425 -15.009 -15.530
  -7.413 -15.407 -15.566
  -7.401 -15.549 -15.549
  -7.390 -15.171 -15.657
  -7.379 -15.468 -15.468
  -7.368 -15.608 -15.608
  -7.357 -15.435 -15.435
  -7.347 -15.430 -15.430
  -7.337 -14.856 -15.049
  -7.327 -14.975 -15.558
  -7.317 -15.575 -15.575
  -7.308 -15.473 -15.473
  -7.299 -15.663 -15.663
  -7.290 -15.294 -15.530
  -7.281 -15.275 -15.275
  -7.272 -15.696 -15.696
  -7.264 -14.738 -15.696
  -7.255 -15.189 -15.626
  -7.247 -15.351 -15.713
  -7.239 -15.341 -15.925
  -7.231 -15.074 -15.590
  -7.223 -15.961 -15.961
  -7.216 -15.751 -16.069
  -7.208 -15.883 -15.883
  -7.201 -14.458 -15.852
  -7.194 -15.399 -15.577
  -7.187 -15.720 -15.962
  -7.180 -15.343 -15.589
  -7.173 -15.995 -15.995
  -7.166 -15.406 -15.406
  -7.159 -15.908 -15.908
  -7.153 -15.613 -15.810
  -7.146 -15.768 -15.957
  -7.140 -16.138 -16.138
  -7.133 -15.632 -15.788
  -7.127 -15.770 -16.059
  -7.121 -15.628 -16.089
  -7.115 -16.304 -16.304
  -7.109 -15.729 -15.892
  -7.103 -15.929 -16.326
  -7.098 -15.973 -15.973
  -7.092 -16.260 -16.260
  -7.086 -16.040 -16.040
  -7.081 -15.734 -16.164
  -7.075 -16.238 -16.238
  -7.070 -15.496 -16.313
  -7.064 -16.126 -16.126
  -7.059 -15.991 -16.380
  -7.054 -16.147 -16.475
  -7.049 -15.766 -16.222
  -7.043 -15.657 -16.423
  -7.038 -16.162 -16.521
  -7.033 -15.998 -16.290
  -7.029 -15.738 -15.738
  -7.024 -16.044 -16.209
  -7.019 -16.172 -16.172
  -7.014 -16.222 -16.222
  -7.009 -15.600 -16.039
  -7.005 -15.922 -15.922
  -7.000 -15.781 -15.954
  -6.995 -16.459 -16.459
  -6.991 -16.333 -16.333
  -6.986 -15.800 -16.048
  -6.982 -16.475 -16.636
  -6.978 -16.490 -16.655
  -6.973 -16.012 -16.567
  -6.969 -16.493 -16.684
  -6.965 -15.902 -16.466
  -6.961 -15.314 -16.247
  -6.956 -16.695 -16.695
  -6.952 -16.598 -16.598
  -6.948 -16.281 -16.281
  -6.944 -16.551 -16.873
  -6.940 -16.445 -16.886
  -6.936 -15.344 -16.221
  -6.932 -16.858 -17.136
  -6.928 -16.380 -16.599
  -6.924 -16.604 -16.774
  -6.920 -15.924 -16.225
  -6.917 -16.021 -16.172
  -6.913 -15.961 -15.961
  -6.909 -16.833 -17.187
  -6.905 -17.314 -49.500
  -6.902 -16.656 -17.026
  -6.898 -49.500     NaN
  -6.894 -16.268 -16.562
  -6.891 -16.010 -16.254
  -6.887 -15.833 -16.415
  -6.884 -16.631 -49.500
  -6.880 -16.493 -49.500
  -6.877 -16.817 -49.500
  -6.873 -49.500 -49.500
  -6.870 -15.999 -16.770
  -6.867 -16.376 -16.724
  -6.863 -16.549 -17.164
  -6.860 -15.517 -15.707
  -6.857 -15.663 -49.500
  -6.853 -16.639 -49.500
  -6.850 -49.500     NaN
  -6.847 -49.500     NaN
  -6.844 -49.500     NaN
  -6.840 -16.702 -49.500
  -6.837 -16.224 -16.931
  -6.834 -15.683 -16.779
  -6.831 -16.434 -49.500
  -6.828 -49.500     NaN
  -6.825 -16.639 -49.500
  -6.822 -16.421 -16.706
  -6.819 -16.246 -16.406
  -6.816 -49.500     NaN
  -6.813 -15.721 -16.038
  -6.810 -16.433 -16.433
  -6.807 -17.081 -49.500
  -6.804 -49.500 -49.500
  -6.801 -16.100 -16.891
  -6.798 -16.471 -16.924
  -6.795 -49.500     NaN
  -6.792 -16.302 -16.694
  -6.789 -16.581 -49.500
  -6.787 -16.203 -16.690
  -6.784 -17.252 -49.500
  -6.781 -15.199 -49.500
  -6.778 -49.500     NaN
  -6.775 -15.890 -49.500
  -6.773 -16.620 -49.500
  -6.770 -16.657 -49.500
  -6.767 -16.250 -16.744
  -6.765 -16.646 -49.500
  -6.762 -49.500     NaN
  -6.759 -49.500     NaN
  -6.757 -15.471 -16.165
  -6.754 -49.500     NaN
  -6.751 -49.500     NaN
  -6.749 -49.500     NaN
  -6.746 -15.728 -15.728
  -6.744 -49.500 -49.500
  -6.741 -17.268 -49.500
  -6.739 -15.878 -16.209
  -6.736 -16.562 -49.500
  -6.734 -49.500     NaN
  -6.731 -49.500 -49.500
  -6.729 -16.882 -49.500
  -6.726 -49.500     NaN
  -6.724 -17.030 -17.030
  -6.721 -49.500     NaN
  -6.719 -17.138 -49.500
  -6.717 -49.500     NaN
  -6.714 -49.500 -49.500
  -6.712 -49.500     NaN
  -6.709 -16.436 -16.668
  -6.707 -49.500     NaN
  -6.705 -15.622 -17.037
  -6.702 -49.500 -49.500
  -6.700 -15.549 -15.549
  -6.698 -16.277 -49.500
  -6.696 -16.828 -16.828
  -6.693 -49.500 -49.500
  -6.691 -17.102 -49.500
  -6.689 -16.017 -16.017
  -6.687 -16.810 -16.810
  -6.684 -16.762 -16.762
  -6.682 -49.500 -49.500
  -6.680 -49.500 -49.500
  -6.678 -14.669 -49.500
  -6.675 -49.500 -49.500
  -6.673 -16.509 -16.509
  -6.671 -49.500 -49.500
  -6.669 -49.500     NaN
  -6.667 -49.500 -49.500
  -6.665 -16.409 -16.642
  -6.663 -49.500 -49.500
  -6.661 -49.500 -49.500
  -6.658 -49.500 -49.500
  -6.656 -49.500     NaN
  -6.654 -49.500 -49.500
  -6.652 -49.500 -49.500
  -6.650 -49.500     NaN
  -6.648 -49.500     NaN
  -6.646 -49.500 -49.500
  -6.644 -49.500 -49.500
  -6.642 -49.500 -49.500
  -6.640 -49.500 -49.500
  -6.638 -49.500 -49.500
  -6.636 -49.500     NaN
  -6.634 -49.500     NaN
  -6.632 -49.500 -49.500
  -6.630 -49.500     NaN
  -6.628 -49.500 -49.500
  -6.626 -49.500 -49.500
  -6.624 -49.500 -49.500
  -6.622 -49.500     NaN
  -6.620 -49.500 -49.500
  -6.618 -49.500 -49.500
  -6.617 -49.500 -49.500
  -6.615 -49.500 -49.500
  -6.613 -49.500     NaN
  -6.611 -16.703 -16.703
  -6.609 -49.500 -49.500
  -6.607 -49.500 -49.500
  -6.605 -49.500 -49.500
  -6.603 -49.500     NaN
  -6.602 -17.153 -17.153
  -6.600 -14.961 -14.961
  -6.598 -49.500 -49.500
  -6.596 -49.500 -49.500
  -6.594 -15.739 -49.500
