  -8.861 -14.142 -14.142
  -8.599 -14.224 -14.224
  -8.442 -14.381 -14.381
  -8.329 -14.198 -14.529
  -8.239 -14.489 -14.489
  -8.166 -14.619 -14.619
  -8.103 -14.195 -14.663
  -8.048 -14.594 -14.594
  -7.999 -14.788 -14.788
  -7.955 -14.731 -14.731
  -7.916 -14.689 -14.689
  -7.879 -14.782 -14.782
  -7.846 -14.815 -14.815
  -7.815 -14.824 -14.824
  -7.786 -14.841 -14.841
  -7.758 -15.113 -15.113
  -7.733 -14.903 -14.903
  -7.709 -14.720 -15.033
  -7.686 -15.098 -15.098
  -7.664 -15.036 -15.036
  -7.643 -15.091 -15.091
  -7.624 -14.777 -15.039
  -7.605 -15.374 -15.374
  -7.586 -15.367 -15.367
  -7.569 -15.405 -15.405
  -7.552 -14.966 -14.966
  -7.536 -15.376 -15.376
  -7.521 -15.468 -15.468
  -7.506 -15.229 -15.229
  -7.491 -15.350 -15.350
  -7.477 -14.953 -15.508
  -7.464 -15.179 -15.433
  -7.451 -14.828 -15.355
  -7.438 -15.187 -15.187
  -7.425 -15.507 -15.507
  -7.413 -15.518 -15.518
  -7.401 -15.424 -15.424
  -7.390 -15.584 -15.739
  -7.379 -15.420 -15.420
  -7.368 -15.649 -15.649
  -7.357 -15.487 -15.487
  -7.347 -15.220 -15.467
  -7.337 -15.599 -15.599
  -7.327 -15.496 -15.496
  -7.317 -15.316 -15.666
  -7.308 -15.687 -15.687
  -7.299 -15.630 -15.876
  -7.290 -15.037 -15.402
  -7.281 -14.913 -15.594
  -7.272 -15.862 -15.862
  -7.264 -15.617 -15.838
  -7.255 -15.635 -15.635
  -7.247 -15.653 -15.653
  -7.239 -15.457 -15.724
  -7.231 -15.971 -15.971
  -7.223 -15.851 -16.116
  -7.216 -15.616 -15.616
  -7.208 -15.844 -15.844
  -7.201 -15.667 -16.033
  -7.194 -15.538 -15.728
  -7.187 -15.665 -15.927
  -7.180 -15.817 -16.006
  -7.173 -15.443 -15.704
  -7.166 -16.056 -16.419
  -7.159 -16.166 -16.166
  -7.153 -15.839 -15.997
  -7.146 -15.567 -16.137
  -7.140 -16.090 -16.090
  -7.133 -15.733 -16.058
  -7.127 -15.303 -15.303
  -7.121 -15.359 -15.875
  -7.115 -16.047 -16.047
  -7.109 -15.733 -15.733
  -7.103 -15.643 -15.842
  -7.098 -15.864 -16.075
  -7.092 -15.923 -16.231
  -7.086 -15.032 -15.840
  -7.081 -15.775 -16.123
  -7.075 -16.233 -16.233
  -7.070 -15.749 -15.906
  -7.064 -16.058 -16.058
  -7.059 -16.439 -16.439
  -7.054 -15.289 -16.260
  -7.049 -15.951 -15.951
  -7.043 -15.722 -15.930
  -7.038 -15.922 -16.142
  -7.033 -16.299 -16.299
  -7.029 -16.499 -16.499
  -7.024 -16.486 -16.486
  -7.019 -15.520 -15.689
  -7.014 -15.937 -15.937
  -7.009 -16.682 -17.277
  -7.005 -16.649 -16.936
  -7.000 -15.869 -15.869
  -6.995 -15.838 -16.459
  -6.991 -15.800 -16.852
  -6.986 -15.668 -16.953
  -6.982 -16.099 -16.099
  -6.978 -15.779 -16.012
  -6.973 -16.050 -16.634
  -6.969 -15.870 -16.044
  -6.965 -16.486 -16.486
  -6.961 -17.114 -49.500
  -6.956 -16.095 -16.628
  -6.952 -16.011 -16.457
  -6.948 -16.564 -16.564
  -6.944 -15.766 -16.687
  -6.940 -16.020 -16.020
  -6.936 -16.530 -16.530
  -6.932 -16.223 -16.486
  -6.928 -16.392 -17.581
  -6.924 -16.087 -16.254
  -6.920 -15.719 -16.559
  -6.917 -17.182 -49.500
  -6.913 -16.544 -16.746
  -6.909 -16.559 -16.710
  -6.905 -49.500     NaN
  -6.902 -15.981 -16.413
  -6.898 -16.526 -16.680
  -6.894 -16.485 -16.485
  -6.891 -15.691 -15.965
  -6.887 -16.884 -16.884
  -6.884 -17.117 -49.500
  -6.880 -16.124 -16.703
  -6.877 -16.822 -17.558
  -6.873 -49.500     NaN
  -6.870 -16.760 -16.760
  -6.867 -16.754 -49.500
  -6.863 -16.424 -49.500
  -6.860 -16.798 -49.500
  -6.857 -17.166 -49.500
  -6.853 -15.065 -16.070
  -6.850 -16.943 -49.500
  -6.847 -15.096 -17.339
  -6.844 -49.500     NaN
  -6.840 -49.500 -49.500
  -6.837 -16.703 -49.500
  -6.834 -16.781 -49.500
  -6.831 -16.356 -16.626
  -6.828 -16.938 -17.265
  -6.825 -16.657 -16.854
  -6.822 -49.500     NaN
  -6.819 -16.678 -16.889
  -6.816 -17.094 -49.500
  -6.813 -49.500     NaN
  -6.810 -16.585 -16.585
  -6.807 -49.500     NaN
  -6.804 -16.898 -17.206
  -6.801 -16.521 -16.521
  -6.798 -16.287 -49.500
  -6.795 -16.421 -49.500
  -6.792 -49.500 -49.500
  -6.789 -49.500     NaN
  -6.787 -16.724 -49.500
  -6.784 -15.528 -49.500
  -6.781 -16.141 -16.483
  -6.778 -16.818 -16.818
  -6.775 -15.982 -16.611
  -6.773 -49.500 -49.500
  -6.770 -16.411 -49.500
  -6.767 -17.162 -49.500
  -6.765 -16.427 -16.726
  -6.762 -16.197 -49.500
  -6.759 -49.500     NaN
  -6.757 -15.268 -16.731
  -6.754 -49.500 -49.500
  -6.751 -16.231 -16.853
  -6.749 -49.500     NaN
  -6.746 -17.212 -49.500
  -6.744 -49.500 -49.500
  -6.741 -49.500 -49.500
  -6.739 -16.774 -49.500
  -6.736 -49.500 -49.500
  -6.734 -49.500 -49.500
  -6.731 -49.500     NaN
  -6.729 -49.500 -49.500
  -6.726 -16.662 -16.835
  -6.724 -49.500     NaN
  -6.721 -16.481 -16.754
  -6.719 -49.500     NaN
  -6.717 -49.500     NaN
  -6.714 -16.738 -16.952
  -6.712 -49.500 -49.500
  -6.709 -49.500 -49.500
  -6.707 -16.706 -16.706
  -6.705 -49.500 -49.500
  -6.702 -15.577 -16.605
  -6.700 -16.375 -16.528
  -6.698 -49.500     NaN
  -6.696 -16.849 -49.500
  -6.693 -16.751 -16.751
  -6.691 -49.500 -49.500
  -6.689 -15.915 -16.585
  -6.687 -49.500 -49.500
  -6.684 -16.404 -49.500
  -6.682 -16.971 -49.500
  -6.680 -49.500 -49.500
  -6.678 -16.336 -49.500
  -6.675 -49.500 -49.500
  -6.673 -16.771 -49.500
  -6.671 -16.831 -49.500
  -6.669 -16.630 -49.500
  -6.667 -49.500 -49.500
  -6.665 -49.500     NaN
  -6.663 -16.684 -49.500
  -6.661 -49.500     NaN
  -6.658 -49.500 -49.500
  -6.656 -49.500 -49.500
  -6.654 -16.990 -16.990
  -6.652 -49.500 -49.500
  -6.650 -49.500 -49.500
  -6.648 -49.500 -49.500
  -6.646 -16.540 -49.500
  -6.644 -49.500 -49.500
  -6.642 -49.500 -49.500
  -6.640 -16.546 -16.546
  -6.638 -49.500 -49.500
  -6.636 -16.240 -16.240
  -6.634 -49.500     NaN
  -6.632 -49.500 -49.500
  -6.630 -49.500     NaN
  -6.628 -49.500     NaN
  -6.626 -16.075 -16.075
  -6.624 -16.252 -49.500
  -6.622 -15.962 -49.500
  -6.620 -49.500     NaN
  -6.618 -17.016 -17.016
  -6.617 -49.500 -49.500
  -6.615 -49.500 -49.500
  -6.613 -49.500 -49.500
  -6.611 -49.500 -49.500
  -6.609 -16.420 -16.420
  -6.607 -49.500 -49.500
  -6.605 -49.500 -49.500
  -6.603 -49.500 -49.500
  -6.602 -49.500     NaN
  -6.600 -49.500 -49.500
  -6.598 -49.500 -49.500
  -6.596 -49.500 -49.500
  -6.594 -49.500     NaN
