  -8.861 -14.139 -14.139
  -8.599 -14.263 -14.263
  -8.442 -14.310 -14.310
  -8.329 -14.480 -14.480
  -8.239 -14.590 -14.590
  -8.166 -14.225 -14.495
  -8.103 -14.660 -14.660
  -8.048 -14.638 -14.638
  -7.999 -14.729 -14.729
  -7.955 -14.588 -14.588
  -7.916 -14.817 -14.817
  -7.879 -14.594 -14.594
  -7.846 -14.745 -14.745
  -7.815 -14.970 -14.970
  -7.786 -15.084 -15.084
  -7.758 -15.009 -15.009
  -7.733 -14.928 -14.928
  -7.709 -14.421 -14.711
  -7.686 -15.207 -15.207
  -7.664 -14.855 -14.855
  -7.643 -15.182 -15.182
  -7.624 -15.209 -15.209
  -7.605 -14.900 -15.144
  -7.586 -15.372 -15.372
  -7.569 -15.359 -15.359
  -7.552 -15.048 -15.222
  -7.536 -15.412 -15.412
  -7.521 -15.108 -15.108
  -7.506 -15.156 -15.306
  -7.491 -14.973 -15.238
  -7.477 -15.358 -15.358
  -7.464 -15.000 -15.315
  -7.451 -15.458 -15.458
  -7.438 -15.468 -15.468
  -7.425 -15.414 -15.414
  -7.413 -15.075 -15.324
  -7.401 -15.645 -15.645
  -7.390 -15.419 -15.593
  -7.379 -15.302 -15.500
  -7.368 -15.293 -15.714
  -7.357 -14.751 -15.267
  -7.347 -15.479 -15.479
  -7.337 -15.602 -15.602
  -7.327 -15.369 -15.369
  -7.317 -15.292 -15.696
  -7.308 -15.515 -15.744
  -7.299 -15.264 -15.568
  -7.290 -15.587 -15.587
  -7.281 -15.594 -15.594
  -7.272 -15.568 -15.568
  -7.264 -15.999 -15.999
  -7.255 -16.106 -16.106
  -7.247 -15.216 -15.740
  -7.239 -15.705 -16.088
  -7.231 -15.907 -15.907
  -7.223 -15.620 -15.828
  -7.216 -15.882 -15.882
  -7.208 -15.975 -15.975
  -7.201 -15.461 -15.461
  -7.194 -15.795 -15.795
  -7.187 -15.923 -15.923
  -7.180 -15.795 -15.964
  -7.173 -15.811 -15.811
  -7.166 -15.693 -15.693
  -7.159 -15.912 -15.912
  -7.153 -15.746 -15.746
  -7.146 -16.046 -16.046
  -7.140 -16.065 -16.065
  -7.133 -15.651 -15.651
  -7.127 -15.141 -15.984
  -7.121 -15.782 -15.963
  -7.115 -16.290 -16.290
  -7.109 -16.143 -16.294
  -7.103 -16.232 -16.232
  -7.098 -16.235 -16.416
  -7.092 -15.746 -16.037
  -7.086 -15.257 -16.479
  -7.081 -16.281 -16.733
  -7.075 -15.644 -16.085
  -7.070 -15.683 -15.683
  -7.064 -16.261 -16.261
  -7.059 -16.081 -16.262
  -7.054 -15.363 -16.184
  -7.049 -16.631 -16.840
  -7.043 -15.648 -16.047
  -7.038 -16.278 -16.278
  -7.033 -15.359 -15.569
  -7.029 -15.756 -16.018
  -7.024 -16.024 -16.276
  -7.019 -15.664 -16.112
  -7.014 -16.188 -16.188
  -7.009 -16.133 -16.350
  -7.005 -16.460 -16.460
  -7.000 -16.095 -16.485
  -6.995 -16.779 -16.954
  -6.991 -16.889 -17.196
  -6.986 -16.319 -16.485
  -6.982 -16.474 -16.474
  -6.978 -15.841 -16.133
  -6.973 -16.717 -17.340
  -6.969 -16.722 -16.722
  -6.965 -15.400 -16.280
  -6.961 -16.204 -16.951
  -6.956 -16.369 -23.165
  -6.952 -14.565 -16.021
  -6.948 -16.379 -16.671
  -6.944 -22.415 -22.415
  -6.940 -15.520 -16.504
  -6.936 -15.968 -17.152
  -6.932 -16.131 -16.518
  -6.928 -15.751 -16.269
  -6.924 -16.518 -16.693
  -6.920 -16.572 -49.500
  -6.917 -15.853 -16.552
  -6.913 -15.834 -16.602
  -6.909 -16.201 -16.413
  -6.905 -15.571 -15.812
  -6.902 -15.838 -15.838
  -6.898 -16.786 -49.500
  -6.894 -16.658 -17.202
  -6.891 -16.572 -49.500
  -6.887 -16.262 -16.784
  -6.884 -15.861 -16.132
  -6.880 -16.424 -16.424
  -6.877 -17.026 -49.500
  -6.873 -49.500     NaN
  -6.870 -15.866 -16.397
  -6.867 -16.771 -49.500
  -6.863 -15.946 -16.143
  -6.860 -16.672 -16.935
  -6.857 -49.500     NaN
  -6.853 -16.689 -16.866
  -6.850 -16.299 -16.450
  -6.847 -16.760 -16.981
  -6.844 -49.500     NaN
  -6.840 -16.528 -16.780
  -6.837 -15.849 -16.884
  -6.834 -16.347 -16.347
  -6.831 -16.963 -49.500
  -6.828 -16.844 -49.500
  -6.825 -16.701 -17.209
  -6.822 -16.024 -16.271
  -6.819 -16.783 -49.500
  -6.816 -16.562 -49.500
  -6.813 -16.581 -16.742
  -6.810 -49.500     NaN
  -6.807 -16.794 -49.500
  -6.804 -16.340 -16.864
  -6.801 -16.133 -16.586
  -6.798 -16.813 -49.500
  -6.795 -49.500     NaN
  -6.792 -16.670 -17.010
  -6.789 -49.500     NaN
  -6.787 -15.957 -49.500
  -6.784 -16.650 -17.070
  -6.781 -16.622 -16.797
  -6.778 -16.549 -49.500
  -6.775 -16.502 -49.500
  -6.773 -16.676 -49.500
  -6.770 -16.271 -49.500
  -6.767 -49.500 -49.500
  -6.765 -16.273 -16.486
  -6.762 -16.291 -49.500
  -6.759 -16.530 -16.530
  -6.757 -49.500     NaN
  -6.754 -16.389 -16.956
  -6.751 -49.500 -49.500
  -6.749 -16.593 -49.500
  -6.746 -49.500 -49.500
  -6.744 -15.720 -49.500
  -6.741 -15.460 -16.282
  -6.739 -17.005 -49.500
  -6.736 -49.500 -49.500
  -6.734 -17.130 -49.500
  -6.731 -16.569 -16.912
  -6.729 -16.282 -16.937
  -6.726 -16.617 -17.084
  -6.724 -14.471 -49.500
  -6.721 -49.500     NaN
  -6.719 -49.500 -49.500
  -6.717 -49.500 -49.500
  -6.714 -49.500     NaN
  -6.712 -16.974 -49.500
  -6.709 -49.500 -49.500
  -6.707 -49.500     NaN
  -6.705 -49.500 -49.500
  -6.702 -49.500     NaN
  -6.700 -15.338 -15.338
  -6.698 -49.500 -49.500
  -6.696 -16.391 -49.500
  -6.693 -49.500     NaN
  -6.691 -16.645 -16.988
  -6.689 -49.500 -49.500
  -6.687 -49.500 -49.500
  -6.684 -49.500     NaN
  -6.682 -15.709 -15.709
  -6.680 -16.530 -49.500
  -6.678 -16.619 -49.500
  -6.675 -49.500     NaN
  -6.673 -49.500 -49.500
  -6.671 -49.500 -49.500
  -6.669 -49.500 -49.500
  -6.667 -16.738 -49.500
  -6.665 -49.500     NaN
  -6.663 -49.500     NaN
  -6.661 -49.500 -49.500
  -6.658 -14.010 -49.500
  -6.656 -49.500 -49.500
  -6.654 -16.904 -16.904
  -6.652 -49.500 -49.500
  -6.650 -49.500     NaN
  -6.648 -16.621 -16.621
  -6.646 -49.500 -49.500
  -6.644 -49.500 -49.500
  -6.642 -16.155 -49.500
  -6.640 -49.500 -49.500
  -6.638 -49.500 -49.500
  -6.636 -16.299 -49.500
  -6.634 -49.500 -49.500
  -6.632 -49.500 -49.500
  -6.630 -49.500 -49.500
  -6.628 -49.500     NaN
  -6.626 -49.500 -49.500
  -6.624 -49.500 -49.500
  -6.622 -49.500 -49.500
  -6.620 -49.500 -49.500
  -6.618 -49.500 -49.500
  -6.617 -49.500 -49.500
  -6.615 -49.500 -49.500
  -6.613 -49.500 -49.500
  -6.611 -49.500 -49.500
  -6.609 -49.500 -49.500
  -6.607 -49.500     NaN
  -6.605 -49.500 -49.500
  -6.603 -49.500 -49.500
  -6.602 -49.500 -49.500
  -6.600 -16.746 -16.746
  -6.598 -49.500 -49.500
  -6.596 -49.500 -49.500
  -6.594 -49.500 -49.500
