  -8.861 -14.153 -14.153
  -8.599 -14.226 -14.226
  -8.442 -14.358 -14.358
  -8.329 -14.442 -14.442
  -8.239 -14.472 -14.472
  -8.166 -14.601 -14.601
  -8.103 -14.720 -14.720
  -8.048 -14.719 -14.719
  -7.999 -14.487 -14.673
  -7.955 -14.641 -14.641
  -7.916 -14.914 -14.914
  -7.879 -14.688 -14.688
  -7.846 -14.492 -14.492
  -7.815 -14.929 -14.929
  -7.786 -14.945 -15.107
  -7.758 -14.784 -14.784
  -7.733 -15.030 -15.030
  -7.709 -15.001 -15.001
  -7.686 -14.976 -14.976
  -7.664 -15.066 -15.066
  -7.643 -15.071 -15.071
  -7.624 -15.189 -15.189
  -7.605 -15.227 -15.227
  -7.586 -14.935 -14.935
  -7.569 -15.360 -15.360
  -7.552 -14.995 -15.191
  -7.536 -15.244 -15.244
  -7.521 -15.228 -15.498
  -7.506 -15.364 -15.364
  -7.491 -15.284 -15.284
  -7.477 -15.102 -15.279
  -7.464 -15.691 -15.691
  -7.451 -15.653 -15.653
  -7.438 -14.994 -14.994
  -7.425 -15.545 -15.545
  -7.413 -15.286 -15.286
  -7.401 -15.544 -15.544
  -7.390 -14.616 -15.049
  -7.379 -15.251 -15.251
  -7.368 -15.463 -15.724
  -7.357 -15.335 -15.335
  -7.347 -15.307 -15.307
  -7.337 -15.895 -15.895
  -7.327 -15.517 -15.517
  -7.317 -15.464 -15.464
  -7.308 -15.791 -15.791
  -7.299 -15.706 -15.706
  -7.290 -15.706 -15.706
  -7.281 -15.695 -15.695
  -7.272 -15.744 -15.744
  -7.264 -15.088 -15.823
  -7.255 -15.686 -15.686
  -7.247 -15.041 -15.670
  -7.239 -15.176 -15.820
  -7.231 -15.478 -15.707
  -7.223 -15.964 -15.964
  -7.216 -16.167 -16.167
  -7.208 -15.899 -15.899
  -7.201 -15.421 -15.728
  -7.194 -15.811 -15.811
  -7.187 -15.988 -15.988
  -7.180 -15.793 -15.960
  -7.173 -15.893 -16.055
  -7.166 -14.769 -15.753
  -7.159 -16.113 -16.113
  -7.153 -15.912 -15.912
  -7.146 -15.197 -16.236
  -7.140 -16.148 -16.148
  -7.133 -15.984 -15.984
  -7.127 -15.940 -16.316
  -7.121 -15.333 -15.333
  -7.115 -16.199 -16.384
  -7.109 -16.213 -16.383
  -7.103 -15.477 -15.686
  -7.098 -15.794 -16.056
  -7.092 -15.277 -16.070
  -7.086 -16.392 -16.392
  -7.081 -16.442 -16.442
  -7.075 -15.095 -16.160
  -7.070 -16.343 -16.343
  -7.064 -15.929 -16.391
  -7.059 -15.990 -16.190
  -7.054 -15.971 -16.182
  -7.049 -16.017 -16.236
  -7.043 -16.018 -16.018
  -7.038 -15.566 -16.111
  -7.033 -15.985 -15.985
  -7.029 -16.198 -16.821
  -7.024 -16.648 -17.019
  -7.019 -16.157 -16.397
  -7.014 -16.320 -16.320
  -7.009 -15.975 -16.308
  -7.005 -15.872 -16.181
  -7.000 -15.805 -16.241
  -6.995 -16.228 -16.386
  -6.991 -16.307 -16.559
  -6.986 -15.875 -16.123
  -6.982 -16.755 -16.933
  -6.978 -16.409 -16.607
  -6.973 -16.209 -16.363
  -6.969 -16.090 -16.538
  -6.965 -15.498 -16.395
  -6.961 -15.700 -16.374
  -6.956 -16.539 -16.766
  -6.952 -16.005 -17.277
  -6.948 -16.381 -16.607
  -6.944 -16.762 -16.762
  -6.940 -16.595 -16.888
  -6.936 -16.117 -16.362
  -6.932 -15.883 -16.229
  -6.928 -16.727 -49.500
  -6.924 -16.499 -17.329
  -6.920 -16.139 -16.368
  -6.917 -16.510 -16.800
  -6.913 -16.610 -16.766
  -6.909 -16.006 -16.771
  -6.905 -16.266 -16.586
  -6.902 -16.059 -16.233
  -6.898 -15.227 -15.941
  -6.894 -15.018 -16.668
  -6.891 -16.228 -16.618
  -6.887 -16.644 -16.874
  -6.884 -15.987 -15.987
  -6.880 -16.636 -17.026
  -6.877 -17.205 -49.500
  -6.873 -16.307 -16.307
  -6.870 -16.514 -16.514
  -6.867 -16.363 -49.500
  -6.863 -17.029 -49.500
  -6.860 -49.500     NaN
  -6.857 -16.123 -16.862
  -6.853 -16.538 -16.975
  -6.850 -16.260 -16.734
  -6.847 -15.585 -16.029
  -6.844 -16.986 -17.191
  -6.840 -16.813 -49.500
  -6.837 -16.670 -16.925
  -6.834 -16.170 -16.692
  -6.831 -16.803 -49.500
  -6.828 -16.447 -49.500
  -6.825 -16.142 -16.354
  -6.822 -15.906 -17.437
  -6.819 -49.500     NaN
  -6.816 -15.779 -16.051
  -6.813 -49.500     NaN
  -6.810 -15.644 -15.825
  -6.807 -16.969 -49.500
  -6.804 -15.959 -16.428
  -6.801 -16.377 -16.709
  -6.798 -49.500     NaN
  -6.795 -15.982 -16.562
  -6.792 -16.345 -49.500
  -6.789 -49.500     NaN
  -6.787 -16.456 -17.486
  -6.784 -16.232 -17.023
  -6.781 -16.951 -49.500
  -6.778 -49.500     NaN
  -6.775 -16.459 -49.500
  -6.773 -16.592 -49.500
  -6.770 -15.839 -49.500
  -6.767 -16.528 -49.500
  -6.765 -17.284 -17.284
  -6.762 -16.614 -49.500
  -6.759 -16.308 -49.500
  -6.757 -15.932 -49.500
  -6.754 -16.965 -49.500
  -6.751 -49.500     NaN
  -6.749 -16.036 -16.516
  -6.746 -49.500 -49.500
  -6.744 -49.500 -49.500
  -6.741 -49.500 -49.500
  -6.739 -16.559 -49.500
  -6.736 -49.500     NaN
  -6.734 -16.711 -16.997
  -6.731 -17.050 -49.500
  -6.729 -16.287 -16.589
  -6.726 -49.500 -49.500
  -6.724 -16.442 -16.695
  -6.721 -49.500     NaN
  -6.719 -17.170 -49.500
  -6.717 -16.973 -49.500
  -6.714 -16.640 -49.500
  -6.712 -49.500     NaN
  -6.709 -49.500 -49.500
  -6.707 -16.027 -49.500
  -6.705 -15.700 -49.500
  -6.702 -49.500     NaN
  -6.700 -49.500 -49.500
  -6.698 -49.500 -49.500
  -6.696 -49.500 -49.500
  -6.693 -15.882 -16.243
  -6.691 -16.286 -49.500
  -6.689 -49.500 -49.500
  -6.687 -49.500     NaN
  -6.684 -15.721 -49.500
  -6.682 -49.500 -49.500
  -6.680 -16.763 -16.763
  -6.678 -49.500 -49.500
  -6.675 -49.500 -49.500
  -6.673 -49.500 -49.500
  -6.671 -49.500 -49.500
  -6.669 -49.500 -49.500
  -6.667 -49.500 -49.500
  -6.665 -49.500 -49.500
  -6.663 -49.500     NaN
  -6.661 -16.275 -49.500
  -6.658 -49.500 -49.500
  -6.656 -49.500     NaN
  -6.654 -49.500 -49.500
  -6.652 -49.500 -49.500
  -6.650 -49.500 -49.500
  -6.648 -49.500 -49.500
  -6.646 -15.579 -49.500
  -6.644 -49.500     NaN
  -6.642 -16.625 -16.625
  -6.640 -49.500 -49.500
  -6.638 -49.500 -49.500
  -6.636 -16.741 -49.500
  -6.634 -15.839 -16.902
  -6.632 -49.500 -49.500
  -6.630 -49.500 -49.500
  -6.628 -49.500 -49.500
  -6.626 -49.500 -49.500
  -6.624 -49.500 -49.500
  -6.622 -49.500 -49.500
  -6.620 -49.500 -49.500
  -6.618 -49.500 -49.500
  -6.617 -15.302 -49.500
  -6.615 -49.500 -49.500
  -6.613 -49.500     NaN
  -6.611 -49.500 -49.500
  -6.609 -49.500 -49.500
  -6.607 -49.500     NaN
  -6.605 -16.394 -16.394
  -6.603 -49.500 -49.500
  -6.602 -49.500 -49.500
  -6.600 -49.500 -49.500
  -6.598 -49.500 -49.500
  -6.596 -49.500 -49.500
  -6.594 -49.500 -49.500
