  -8.861 -14.145 -14.145
  -8.599 -14.295 -14.295
  -8.442 -14.357 -14.357
  -8.329 -14.504 -14.504
  -8.239 -14.530 -14.530
  -8.166 -14.508 -14.508
  -8.103 -14.500 -14.500
  -8.048 -14.720 -14.720
  -7.999 -14.675 -14.675
  -7.955 -14.838 -14.838
  -7.916 -14.024 -14.613
  -7.879 -14.777 -14.777
  -7.846 -14.834 -14.834
  -7.815 -14.963 -14.963
  -7.786 -14.885 -14.885
  -7.758 -15.004 -15.004
  -7.733 -14.821 -14.821
  -7.709 -15.017 -15.017
  -7.686 -15.105 -15.105
  -7.664 -14.783 -14.962
  -7.643 -15.149 -15.149
  -7.624 -15.026 -15.207
  -7.605 -15.044 -15.044
  -7.586 -14.875 -14.875
  -7.569 -15.235 -15.235
  -7.552 -15.437 -15.437
  -7.536 -14.606 -14.858
  -7.521 -15.190 -15.361
  -7.506 -15.150 -15.329
  -7.491 -15.173 -15.515
  -7.477 -15.542 -15.542
  -7.464 -15.377 -15.562
  -7.451 -15.175 -15.175
  -7.438 -15.348 -15.523
  -7.425 -14.172 -15.194
  -7.413 -15.199 -15.509
  -7.401 -15.466 -15.466
  -7.390 -15.441 -15.441
  -7.379 -14.602 -15.691
  -7.368 -14.817 -15.762
  -7.357 -15.331 -15.587
  -7.347 -15.759 -15.759
  -7.337 -15.775 -15.775
  -7.327 -15.426 -15.916
  -7.317 -15.713 -15.713
  -7.308 -15.743 -15.743
  -7.299 -15.586 -15.586
  -7.290 -15.675 -15.675
  -7.281 -15.543 -15.543
  -7.272 -15.703 -15.703
  -7.264 -15.619 -15.997
  -7.255 -15.909 -15.909
  -7.247 -15.297 -15.539
  -7.239 -15.583 -15.955
  -7.231 -15.586 -15.764
  -7.223 -15.344 -15.759
  -7.216 -15.421 -15.628
  -7.208 -15.782 -15.782
  -7.201 -16.055 -16.055
  -7.194 -16.112 -16.112
  -7.187 -15.800 -15.800
  -7.180 -15.031 -15.574
  -7.173 -15.369 -15.608
  -7.166 -15.332 -15.641
  -7.159 -14.776 -15.579
  -7.153 -14.656 -15.924
  -7.146 -15.839 -15.839
  -7.140 -15.739 -15.739
  -7.133 -15.523 -16.223
  -7.127 -15.706 -16.143
  -7.121 -16.238 -16.238
  -7.115 -16.003 -16.003
  -7.109 -15.946 -15.946
  -7.103 -15.850 -16.199
  -7.098 -15.573 -15.858
  -7.092 -16.666 -16.666
  -7.086 -16.242 -16.538
  -7.081 -16.239 -16.239
  -7.075 -14.846 -15.987
  -7.070 -16.415 -16.415
  -7.064 -16.242 -16.242
  -7.059 -15.945 -15.945
  -7.054 -15.925 -16.097
  -7.049 -15.897 -16.460
  -7.043 -16.214 -16.214
  -7.038 -16.010 -16.354
  -7.033 -16.157 -16.416
  -7.029 -16.195 -16.718
  -7.024 -16.275 -16.275
  -7.019 -16.179 -16.433
  -7.014 -16.013 -16.013
  -7.009 -16.358 -16.358
  -7.005 -16.265 -16.265
  -7.000 -16.141 -16.360
  -6.995 -16.376 -16.376
  -6.991 -16.115 -16.615
  -6.986 -16.208 -16.576
  -6.982 -16.038 -16.038
  -6.978 -16.613 -16.613
  -6.973 -16.970 -17.223
  -6.969 -16.246 -16.604
  -6.965 -16.883 -22.786
  -6.961 -16.301 -16.615
  -6.956 -15.976 -16.299
  -6.952 -16.506 -16.664
  -6.948 -16.469 -16.713
  -6.944 -15.837 -16.459
  -6.940 -16.008 -16.332
  -6.936 -16.152 -16.768
  -6.932 -16.644 -16.821
  -6.928 -16.808 -16.998
  -6.924 -17.192 -23.034
  -6.920 -16.490 -16.773
  -6.917 -16.310 -16.994
  -6.913 -16.943 -21.865
  -6.909 -16.344 -17.357
  -6.905 -17.146 -49.500
  -6.902 -15.938 -16.097
  -6.898 -22.977 -22.977
  -6.894 -16.591 -16.857
  -6.891 -15.768 -15.768
  -6.887 -16.228 -16.440
  -6.884 -15.836 -16.898
  -6.880 -15.567 -16.477
  -6.877 -16.513 -16.686
  -6.873 -17.268 -49.500
  -6.870 -16.285 -16.285
  -6.867 -16.054 -16.865
  -6.863 -16.325 -16.605
  -6.860 -16.451 -16.451
  -6.857 -14.836 -16.515
  -6.853 -16.476 -16.950
  -6.850 -17.218 -49.500
  -6.847 -16.497 -17.263
  -6.844 -14.815 -16.191
  -6.840 -16.634 -49.500
  -6.837 -16.004 -17.124
  -6.834 -14.831 -49.500
  -6.831 -16.851 -49.500
  -6.828 -16.484 -16.647
  -6.825 -16.310 -17.479
  -6.822 -16.418 -49.500
  -6.819 -16.697 -17.139
  -6.816 -14.751 -15.304
  -6.813 -49.500     NaN
  -6.810 -49.500 -49.500
  -6.807 -49.500     NaN
  -6.804 -15.089 -17.200
  -6.801 -16.924 -49.500
  -6.798 -16.041 -16.387
  -6.795 -49.500     NaN
  -6.792 -16.551 -49.500
  -6.789 -49.500     NaN
  -6.787 -49.500     NaN
  -6.784 -16.896 -17.237
  -6.781 -49.500     NaN
  -6.778 -17.293 -49.500
  -6.775 -49.500     NaN
  -6.773 -49.500 -49.500
  -6.770 -49.500     NaN
  -6.767 -16.733 -49.500
  -6.765 -16.177 -16.732
  -6.762 -49.500 -49.500
  -6.759 -16.090 -16.286
  -6.757 -49.500     NaN
  -6.754 -16.999 -16.999
  -6.751 -15.991 -16.834
  -6.749 -16.323 -49.500
  -6.746 -16.263 -16.601
  -6.744 -49.500 -49.500
  -6.741 -15.822 -16.369
  -6.739 -17.088 -49.500
  -6.736 -15.738 -16.900
  -6.734 -16.506 -17.216
  -6.731 -16.258 -49.500
  -6.729 -15.712 -49.500
  -6.726 -49.500 -49.500
  -6.724 -15.705 -15.705
  -6.721 -49.500     NaN
  -6.719 -49.500     NaN
  -6.717 -16.358 -49.500
  -6.714 -49.500 -49.500
  -6.712 -16.669 -49.500
  -6.709 -16.159 -49.500
  -6.707 -49.500     NaN
  -6.705 -49.500 -49.500
  -6.702 -49.500     NaN
  -6.700 -49.500 -49.500
  -6.698 -49.500     NaN
  -6.696 -49.500 -49.500
  -6.693 -49.500 -49.500
  -6.691 -16.963 -16.963
  -6.689 -49.500     NaN
  -6.687 -16.422 -16.638
  -6.684 -49.500 -49.500
  -6.682 -49.500 -49.500
  -6.680 -49.500     NaN
  -6.678 -16.439 -49.500
  -6.675 -49.500 -49.500
  -6.673 -16.053 -49.500
  -6.671 -49.500     NaN
  -6.669 -16.122 -49.500
  -6.667 -49.500 -49.500
  -6.665 -16.526 -16.526
  -6.663 -49.500     NaN
  -6.661 -49.500 -49.500
  -6.658 -49.500 -49.500
  -6.656 -16.698 -16.698
  -6.654 -49.500 -49.500
  -6.652 -16.706 -49.500
  -6.650 -16.472 -49.500
  -6.648 -49.500     NaN
  -6.646 -15.950 -15.950
  -6.644 -49.500 -49.500
  -6.642 -17.035 -17.035
  -6.640 -49.500     NaN
  -6.638 -16.702 -49.500
  -6.636 -49.500 -49.500
  -6.634 -16.803 -16.803
  -6.632 -49.500 -49.500
  -6.630 -49.500 -49.500
  -6.628 -15.359 -15.575
  -6.626 -49.500 -49.500
  -6.624 -49.500 -49.500
  -6.622 -16.774 -16.774
  -6.620 -16.410 -49.500
  -6.618 -49.500 -49.500
  -6.617 -49.500     NaN
  -6.615 -49.500 -49.500
  -6.613 -15.605 -49.500
  -6.611 -17.083 -17.083
  -6.609 -49.500     NaN
  -6.607 -49.500     NaN
  -6.605 -49.500 -49.500
  -6.603 -49.500 -49.500
  -6.602 -49.500 -49.500
  -6.600 -49.500 -49.500
  -6.598 -49.500 -49.500
  -6.596 -16.717 -49.500
  -6.594 -49.500 -49.500
