  -8.861 -14.175 -14.175
  -8.599 -14.205 -14.205
  -8.442 -14.409 -14.409
  -8.329 -14.467 -14.467
  -8.239 -14.502 -14.502
  -8.166 -14.632 -14.632
  -8.103 -14.455 -14.455
  -8.048 -14.301 -14.542
  -7.999 -14.737 -14.737
  -7.955 -14.767 -14.767
  -7.916 -14.858 -14.858
  -7.879 -14.763 -14.763
  -7.846 -15.036 -15.036
  -7.815 -14.900 -14.900
  -7.786 -14.985 -14.985
  -7.758 -13.513 -14.978
  -7.733 -14.905 -14.905
  -7.709 -14.955 -14.955
  -7.686 -15.100 -15.100
  -7.664 -14.995 -14.995
  -7.643 -14.985 -15.244
  -7.624 -14.968 -15.216
  -7.605 -15.092 -15.092
  -7.586 -14.880 -15.184
  -7.569 -15.258 -15.258
  -7.552 -15.226 -15.402
  -7.536 -15.299 -15.299
  -7.521 -15.198 -15.198
  -7.506 -14.014 -14.977
  -7.491 -15.399 -15.399
  -7.477 -15.211 -15.366
  -7.464 -15.177 -15.177
  -7.451 -15.186 -15.186
  -7.438 -15.039 -15.217
  -7.425 -15.291 -15.497
  -7.413 -15.282 -15.282
  -7.401 -14.516 -14.808
  -7.390 -15.098 -15.324
  -7.379 -15.329 -15.496
  -7.368 -15.770 -15.770
  -7.357 -15.772 -15.772
  -7.347 -15.224 -15.409
  -7.337 -15.029 -15.591
  -7.327 -15.582 -15.582
  -7.317 -15.663 -15.663
  -7.308 -15.506 -15.783
  -7.299 -15.617 -15.617
  -7.290 -14.989 -15.612
  -7.281 -15.444 -15.663
  -7.272 -15.233 -15.396
  -7.264 -15.554 -15.554
  -7.255 -15.664 -15.664
  -7.247 -15.572 -15.728
  -7.239 -15.583 -15.583
  -7.231 -16.108 -16.108
  -7.223 -15.560 -15.560
  -7.216 -16.096 -16.096
  -7.208 -15.642 -15.794
  -7.201 -14.515 -15.814
  -7.194 -14.378 -15.583
  -7.187 -15.717 -15.940
  -7.180 -15.840 -16.006
  -7.173 -15.065 -16.032
  -7.166 -15.231 -15.880
  -7.159 -16.139 -16.139
  -7.153 -15.754 -16.081
  -7.146 -16.028 -16.182
  -7.140 -16.005 -16.005
  -7.133 -15.842 -16.058
  -7.127 -15.640 -15.899
  -7.121 -16.077 -16.077
  -7.115 -16.128 -16.128
  -7.109 -15.795 -16.132
  -7.103 -15.193 -16.060
  -7.098 -15.803 -15.984
  -7.092 -16.087 -16.087
  -7.086 -15.558 -16.178
  -7.081 -15.643 -15.643
  -7.075 -16.161 -16.161
  -7.070 -15.858 -16.072
  -7.064 -16.233 -16.233
  -7.059 -15.989 -16.189
  -7.054 -16.112 -16.346
  -7.049 -15.327 -16.178
  -7.043 -15.729 -15.729
  -7.038 -16.714 -16.895
  -7.033 -15.962 -15.962
  -7.029 -15.475 -16.100
  -7.024 -14.685 -15.732
  -7.019 -16.405 -16.405
  -7.014 -16.209 -16.775
  -7.009 -16.167 -16.336
  -7.005 -16.494 -16.494
  -7.000 -16.378 -16.573
  -6.995 -15.342 -16.439
  -6.991 -15.387 -16.095
  -6.986 -16.099 -16.490
  -6.982 -15.839 -49.500
  -6.978 -16.264 -16.264
  -6.973 -16.076 -16.076
  -6.969 -15.861 -16.192
  -6.965 -16.942 -17.142
  -6.961 -16.371 -16.371
  -6.956 -16.191 -16.549
  -6.952 -15.866 -16.286
  -6.948 -16.661 -16.661
  -6.944 -16.523 -16.701
  -6.940 -16.049 -16.610
  -6.936 -16.571 -21.992
  -6.932 -16.542 -16.542
  -6.928 -15.509 -17.048
  -6.924 -16.201 -16.201
  -6.920 -15.967 -16.266
  -6.917 -15.825 -17.062
  -6.913 -15.931 -16.212
  -6.909 -16.025 -16.441
  -6.905 -16.535 -16.735
  -6.902 -15.701 -16.358
  -6.898 -16.364 -16.364
  -6.894 -16.928 -49.500
  -6.891 -16.011 -16.441
  -6.887 -16.748 -22.583
  -6.884 -15.306 -16.261
  -6.880 -16.206 -16.206
  -6.877 -16.463 -16.769
  -6.873 -16.643 -49.500
  -6.870 -49.500     NaN
  -6.867 -16.282 -16.561
  -6.863 -15.346 -16.970
  -6.860 -16.291 -16.680
  -6.857 -16.406 -16.933
  -6.853 -16.148 -17.147
  -6.850 -16.478 -49.500
  -6.847 -49.500 -49.500
  -6.844 -16.182 -16.453
  -6.840 -16.072 -16.799
  -6.837 -16.796 -49.500
  -6.834 -16.538 -49.500
  -6.831 -16.345 -49.500
  -6.828 -16.508 -17.340
  -6.825 -16.819 -49.500
  -6.822 -16.364 -16.684
  -6.819 -17.274 -49.500
  -6.816 -16.364 -16.521
  -6.813 -16.245 -49.500
  -6.810 -16.445 -16.608
  -6.807 -16.728 -49.500
  -6.804 -16.050 -16.240
  -6.801 -16.465 -49.500
  -6.798 -16.760 -49.500
  -6.795 -16.730 -17.172
  -6.792 -16.551 -17.338
  -6.789 -49.500     NaN
  -6.787 -16.798 -49.500
  -6.784 -16.232 -16.937
  -6.781 -49.500     NaN
  -6.778 -16.491 -16.491
  -6.775 -16.532 -17.371
  -6.773 -49.500     NaN
  -6.770 -49.500     NaN
  -6.767 -17.087 -49.500
  -6.765 -49.500     NaN
  -6.762 -49.500 -49.500
  -6.759 -16.806 -49.500
  -6.757 -49.500     NaN
  -6.754 -49.500     NaN
  -6.751 -15.726 -49.500
  -6.749 -17.138 -49.500
  -6.746 -16.847 -49.500
  -6.744 -49.500     NaN
  -6.741 -49.500     NaN
  -6.739 -16.034 -49.500
  -6.736 -16.540 -16.895
  -6.734 -16.226 -49.500
  -6.731 -49.500     NaN
  -6.729 -16.495 -49.500
  -6.726 -49.500 -49.500
  -6.724 -15.768 -16.460
  -6.721 -49.500 -49.500
  -6.719 -49.500 -49.500
  -6.717 -49.500     NaN
  -6.714 -49.500     NaN
  -6.712 -15.639 -16.626
  -6.709 -16.221 -49.500
  -6.707 -49.500 -49.500
  -6.705 -49.500 -49.500
  -6.702 -49.500 -49.500
  -6.700 -49.500 -49.500
  -6.698 -15.605 -15.605
  -6.696 -49.500 -49.500
  -6.693 -49.500 -49.500
  -6.691 -16.189 -16.189
  -6.689 -49.500     NaN
  -6.687 -49.500 -49.500
  -6.684 -49.500 -49.500
  -6.682 -49.500 -49.500
  -6.680 -49.500     NaN
  -6.678 -49.500 -49.500
  -6.675 -15.845 -15.845
  -6.673 -49.500 -49.500
  -6.671 -49.500     NaN
  -6.669 -49.500 -49.500
  -6.667 -16.240 -16.240
  -6.665 -49.500     NaN
  -6.663 -16.399 -49.500
  -6.661 -49.500 -49.500
  -6.658 -16.186 -16.812
  -6.656 -49.500     NaN
  -6.654 -49.500 -49.500
  -6.652 -49.500     NaN
  -6.650 -49.500     NaN
  -6.648 -17.181 -49.500
  -6.646 -49.500 -49.500
  -6.644 -16.537 -16.537
  -6.642 -49.500     NaN
  -6.640 -49.500     NaN
  -6.638 -16.530 -49.500
  -6.636 -15.732 -49.500
  -6.634 -49.500 -49.500
  -6.632 -16.500 -49.500
  -6.630 -49.500 -49.500
  -6.628 -16.306 -16.891
  -6.626 -49.500 -49.500
  -6.624 -49.500     NaN
  -6.622 -49.500 -49.500
  -6.620 -15.828 -49.500
  -6.618 -49.500 -49.500
  -6.617 -49.500 -49.500
  -6.615 -49.500 -49.500
  -6.613 -49.500 -49.500
  -6.611 -49.500 -49.500
  -6.609 -49.500 -49.500
  -6.607 -16.364 -16.743
  -6.605 -16.658 -16.658
  -6.603 -15.928 -15.928
  -6.602 -49.500 -49.500
  -6.600 -49.500 -49.500
  -6.598 -49.500 -49.500
  -6.596 -49.500 -49.500
  -6.594 -49.500 -49.500
