  -8.861 -14.169 -14.169
  -8.599 -14.229 -14.229
  -8.442 -14.390 -14.390
  -8.329 -14.424 -14.424
  -8.239 -14.531 -14.531
  -8.166 -14.564 -14.564
  -8.103 -14.440 -14.688
  -8.048 -14.641 -14.641
  -7.999 -14.764 -14.764
  -7.955 -14.683 -14.683
  -7.916 -14.796 -14.796
  -7.879 -14.770 -14.938
  -7.846 -14.566 -14.778
  -7.815 -15.040 -15.040
  -7.786 -14.979 -14.979
  -7.758 -15.132 -15.132
  -7.733 -14.964 -14.964
  -7.709 -15.000 -15.000
  -7.686 -15.275 -15.275
  -7.664 -15.072 -15.072
  -7.643 -15.263 -15.263
  -7.624 -15.087 -15.087
  -7.605 -15.262 -15.262
  -7.586 -15.169 -15.169
  -7.569 -14.874 -14.874
  -7.552 -15.187 -15.187
  -7.536 -15.258 -15.258
  -7.521 -15.311 -15.311
  -7.506 -15.315 -15.315
  -7.491 -15.241 -15.241
  -7.477 -15.475 -15.475
  -7.464 -15.562 -15.562
  -7.451 -14.941 -15.105
  -7.438 -15.387 -15.387
  -7.425 -15.189 -15.189
  -7.413 -15.228 -15.228
  -7.401 -15.650 -15.650
  -7.390 -15.645 -15.645
  -7.379 -15.720 -15.720
  -7.368 -15.689 -15.689
  -7.357 -15.578 -15.578
  -7.347 -15.258 -15.634
  -7.337 -15.127 -15.310
  -7.327 -15.598 -15.598
  -7.317 -15.348 -15.591
  -7.308 -15.171 -15.507
  -7.299 -15.576 -15.774
  -7.290 -15.122 -15.306
  -7.281 -15.448 -16.054
  -7.272 -15.618 -15.618
  -7.264 -15.820 -15.820
  -7.255 -15.740 -15.740
  -7.247 -15.372 -15.891
  -7.239 -15.886 -16.059
  -7.231 -15.905 -15.905
  -7.223 -15.819 -16.012
  -7.216 -15.901 -16.083
  -7.208 -14.938 -15.640
  -7.201 -15.420 -15.574
  -7.194 -15.548 -15.714
  -7.187 -15.615 -15.786
  -7.180 -15.818 -16.030
  -7.173 -15.742 -15.742
  -7.166 -15.583 -16.044
  -7.159 -15.641 -15.641
  -7.153 -16.106 -16.106
  -7.146 -16.190 -16.190
  -7.140 -15.880 -15.880
  -7.133 -16.200 -16.200
  -7.127 -15.011 -15.749
  -7.121 -15.695 -15.862
  -7.115 -15.306 -16.316
  -7.109 -16.256 -16.256
  -7.103 -15.597 -15.917
  -7.098 -15.826 -16.083
  -7.092 -16.471 -16.471
  -7.086 -15.685 -16.246
  -7.081 -15.832 -16.355
  -7.075 -16.082 -16.407
  -7.070 -16.246 -16.441
  -7.064 -16.027 -16.205
  -7.059 -15.649 -16.232
  -7.054 -16.164 -16.164
  -7.049 -16.267 -16.267
  -7.043 -16.306 -16.306
  -7.038 -14.886 -16.219
  -7.033 -15.389 -16.332
  -7.029 -16.215 -16.378
  -7.024 -16.108 -16.769
  -7.019 -15.696 -16.001
  -7.014 -16.340 -16.340
  -7.009 -16.038 -16.274
  -7.005 -15.838 -16.104
  -7.000 -16.444 -16.444
  -6.995 -16.291 -16.477
  -6.991 -16.251 -16.251
  -6.986 -16.192 -16.370
  -6.982 -14.849 -15.976
  -6.978 -16.000 -16.507
  -6.973 -16.446 -16.743
  -6.969 -15.728 -16.265
  -6.965 -16.526 -16.680
  -6.961 -16.413 -16.583
  -6.956 -15.349 -16.371
  -6.952 -17.130 -49.500
  -6.948 -16.690 -16.915
  -6.944 -16.172 -16.547
  -6.940 -16.762 -16.762
  -6.936 -16.592 -49.500
  -6.932 -16.181 -16.439
  -6.928 -16.501 -16.768
  -6.924 -16.908 -22.792
  -6.920 -15.858 -16.603
  -6.917 -22.866 -22.866
  -6.913 -15.691 -16.087
  -6.909 -17.097 -23.078
  -6.905 -15.732 -16.443
  -6.902 -16.321 -16.589
  -6.898 -16.769 -49.500
  -6.894 -16.535 -16.535
  -6.891 -49.500     NaN
  -6.887 -15.693 -15.693
  -6.884 -16.351 -16.669
  -6.880 -16.544 -17.304
  -6.877 -16.974 -49.500
  -6.873 -16.408 -16.630
  -6.870 -16.754 -49.500
  -6.867 -15.844 -16.370
  -6.863 -49.500 -49.500
  -6.860 -16.466 -17.012
  -6.857 -16.684 -17.016
  -6.853 -49.500     NaN
  -6.850 -16.291 -16.745
  -6.847 -16.415 -16.984
  -6.844 -16.534 -16.992
  -6.840 -16.308 -16.692
  -6.837 -15.155 -49.500
  -6.834 -16.072 -49.500
  -6.831 -15.994 -16.580
  -6.828 -17.297 -49.500
  -6.825 -16.868 -49.500
  -6.822 -16.537 -49.500
  -6.819 -16.670 -49.500
  -6.816 -16.084 -49.500
  -6.813 -16.914 -49.500
  -6.810 -14.707 -49.500
  -6.807 -16.971 -49.500
  -6.804 -16.466 -17.294
  -6.801 -15.560 -15.884
  -6.798 -15.987 -16.374
  -6.795 -49.500     NaN
  -6.792 -16.456 -49.500
  -6.789 -49.500 -49.500
  -6.787 -16.670 -49.500
  -6.784 -17.162 -49.500
  -6.781 -49.500 -49.500
  -6.778 -16.475 -17.137
  -6.775 -16.476 -49.500
  -6.773 -49.500 -49.500
  -6.770 -49.500     NaN
  -6.767 -49.500     NaN
  -6.765 -16.398 -49.500
  -6.762 -49.500     NaN
  -6.759 -16.489 -49.500
  -6.757 -16.536 -49.500
  -6.754 -16.561 -49.500
  -6.751 -49.500     NaN
  -6.749 -49.500     NaN
  -6.746 -16.602 -16.796
  -6.744 -15.667 -49.500
  -6.741 -49.500     NaN
  -6.739 -17.232 -17.232
  -6.736 -16.472 -16.699
  -6.734 -49.500     NaN
  -6.731 -49.500 -49.500
  -6.729 -16.310 -17.116
  -6.726 -15.824 -16.175
  -6.724 -15.824 -16.734
  -6.721 -49.500     NaN
  -6.719 -49.500     NaN
  -6.717 -49.500     NaN
  -6.714 -16.194 -49.500
  -6.712 -49.500     NaN
  -6.709 -49.500     NaN
  -6.707 -16.698 -49.500
  -6.705 -16.805 -49.500
  -6.702 -16.107 -16.455
  -6.700 -49.500 -49.500
  -6.698 -16.194 -16.194
  -6.696 -16.973 -49.500
  -6.693 -49.500 -49.500
  -6.691 -16.883 -16.883
  -6.689 -49.500     NaN
  -6.687 -49.500 -49.500
  -6.684 -16.164 -16.164
  -6.682 -49.500 -49.500
  -6.680 -16.091 -49.500
  -6.678 -16.507 -49.500
  -6.675 -16.714 -16.714
  -6.673 -16.642 -49.500
  -6.671 -49.500 -49.500
  -6.669 -49.500     NaN
  -6.667 -49.500 -49.500
  -6.665 -49.500 -49.500
  -6.663 -49.500     NaN
  -6.661 -49.500     NaN
  -6.658 -49.500 -49.500
  -6.656 -16.087 -16.087
  -6.654 -49.500 -49.500
  -6.652 -49.500 -49.500
  -6.650 -49.500     NaN
  -6.648 -17.072 -17.072
  -6.646 -16.527 -49.500
  -6.644 -49.500 -49.500
  -6.642 -49.500 -49.500
  -6.640 -17.185 -49.500
  -6.638 -15.898 -49.500
  -6.636 -49.500 -49.500
  -6.634 -49.500 -49.500
  -6.632 -16.804 -49.500
  -6.630 -49.500     NaN
  -6.628 -15.193 -15.193
  -6.626 -49.500 -49.500
  -6.624 -16.532 -16.532
  -6.622 -49.500 -49.500
  -6.620 -49.500     NaN
  -6.618 -15.531 -49.500
  -6.617 -16.635 -49.500
  -6.615 -17.059 -17.059
  -6.613 -49.500 -49.500
  -6.611 -16.383 -49.500
  -6.609 -16.818 -16.818
  -6.607 -49.500 -49.500
  -6.605 -49.500 -49.500
  -6.603 -49.500 -49.500
  -6.602 -49.500 -49.500
  -6.600 -49.500 -49.500
  -6.598 -49.500 -49.500
  -6.596 -49.500 -49.500
  -6.594 -49.500 -49.500
