  -8.861 -14.133 -14.133
  -8.599 -14.267 -14.267
  -8.442 -14.330 -14.330
  -8.329 -14.394 -14.394
  -8.239 -14.506 -14.506
  -8.166 -14.547 -14.547
  -8.103 -14.749 -14.749
  -8.048 -14.697 -14.697
  -7.999 -14.524 -14.677
  -7.955 -14.822 -14.822
  -7.916 -14.685 -14.685
  -7.879 -14.383 -14.713
  -7.846 -14.590 -14.810
  -7.815 -15.007 -15.007
  -7.786 -15.033 -15.033
  -7.758 -15.110 -15.110
  -7.733 -14.938 -15.096
  -7.709 -15.147 -15.147
  -7.686 -15.085 -15.085
  -7.664 -15.007 -15.007
  -7.643 -14.795 -15.136
  -7.624 -15.035 -15.035
  -7.605 -15.310 -15.310
  -7.586 -15.228 -15.228
  -7.569 -15.112 -15.112
  -7.552 -15.342 -15.498
  -7.536 -15.370 -15.370
  -7.521 -15.392 -15.392
  -7.506 -15.171 -15.171
  -7.491 -15.188 -15.367
  -7.477 -14.632 -15.249
  -7.464 -15.429 -15.603
  -7.451 -15.459 -15.459
  -7.438 -15.370 -15.370
  -7.425 -15.379 -15.379
  -7.413 -15.496 -15.496
  -7.401 -15.518 -15.518
  -7.390 -15.585 -15.585
  -7.379 -15.205 -15.205
  -7.368 -15.035 -15.360
  -7.357 -15.626 -15.781
  -7.347 -15.072 -15.470
  -7.337 -15.442 -15.442
  -7.327 -15.787 -15.962
  -7.317 -15.465 -15.465
  -7.308 -15.780 -15.780
  -7.299 -15.255 -15.683
  -7.290 -15.456 -15.626
  -7.281 -15.563 -16.050
  -7.272 -15.561 -15.991
  -7.264 -15.965 -15.965
  -7.255 -14.635 -14.903
  -7.247 -15.749 -15.934
  -7.239 -15.804 -15.804
  -7.231 -15.134 -15.301
  -7.223 -15.677 -15.677
  -7.216 -15.215 -15.847
  -7.208 -15.352 -15.550
  -7.201 -15.399 -15.852
  -7.194 -14.736 -15.612
  -7.187 -15.722 -15.722
  -7.180 -15.392 -15.683
  -7.173 -15.135 -15.468
  -7.166 -15.376 -16.110
  -7.159 -15.632 -15.632
  -7.153 -15.755 -15.755
  -7.146 -15.769 -16.290
  -7.140 -15.197 -15.728
  -7.133 -16.124 -16.462
  -7.127 -15.888 -15.888
  -7.121 -15.918 -16.284
  -7.115 -15.876 -15.876
  -7.109 -16.277 -16.277
  -7.103 -16.233 -16.233
  -7.098 -15.930 -15.930
  -7.092 -15.881 -16.061
  -7.086 -15.364 -15.544
  -7.081 -16.347 -16.347
  -7.075 -16.314 -16.314
  -7.070 -16.188 -16.599
  -7.064 -16.404 -16.404
  -7.059 -15.452 -15.654
  -7.054 -16.152 -16.353
  -7.049 -15.887 -16.136
  -7.043 -16.340 -16.340
  -7.038 -15.456 -16.390
  -7.033 -16.167 -16.548
  -7.029 -15.780 -16.049
  -7.024 -16.361 -16.767
  -7.019 -15.516 -16.328
  -7.014 -15.720 -16.202
  -7.009 -16.185 -16.533
  -7.005 -16.284 -16.284
  -7.000 -15.902 -16.254
  -6.995 -16.122 -16.864
  -6.991 -16.415 -16.610
  -6.986 -15.458 -16.395
  -6.982 -16.639 -16.639
  -6.978 -15.125 -16.056
  -6.973 -16.446 -16.446
  -6.969 -16.656 -17.186
  -6.965 -15.750 -16.087
  -6.961 -14.772 -15.843
  -6.956 -16.387 -16.671
  -6.952 -16.227 -16.821
  -6.948 -16.427 -16.427
  -6.944 -16.224 -16.224
  -6.940 -15.837 -16.237
  -6.936 -16.479 -16.479
  -6.932 -16.029 -16.616
  -6.928 -15.672 -17.029
  -6.924 -16.168 -22.276
  -6.920 -16.517 -16.872
  -6.917 -16.104 -16.437
  -6.913 -15.808 -16.848
  -6.909 -15.944 -17.015
  -6.905 -16.864 -17.383
  -6.902 -16.019 -16.320
  -6.898 -17.144 -49.500
  -6.894 -17.133 -49.500
  -6.891 -16.475 -17.000
  -6.887 -16.013 -16.245
  -6.884 -15.562 -16.464
  -6.880 -16.778 -17.226
  -6.877 -16.605 -49.500
  -6.873 -49.500     NaN
  -6.870 -16.135 -16.907
  -6.867 -15.850 -16.747
  -6.863 -16.384 -17.142
  -6.860 -16.352 -16.538
  -6.857 -15.835 -17.126
  -6.853 -16.112 -16.940
  -6.850 -16.621 -16.930
  -6.847 -16.401 -49.500
  -6.844 -16.512 -49.500
  -6.840 -16.274 -16.495
  -6.837 -16.630 -17.263
  -6.834 -16.563 -16.731
  -6.831 -49.500     NaN
  -6.828 -16.958 -16.958
  -6.825 -15.963 -49.500
  -6.822 -16.050 -49.500
  -6.819 -16.619 -17.009
  -6.816 -49.500     NaN
  -6.813 -16.625 -16.810
  -6.810 -15.939 -16.708
  -6.807 -49.500     NaN
  -6.804 -15.949 -17.218
  -6.801 -17.394 -49.500
  -6.798 -16.967 -49.500
  -6.795 -49.500     NaN
  -6.792 -16.585 -49.500
  -6.789 -16.375 -16.560
  -6.787 -49.500     NaN
  -6.784 -49.500     NaN
  -6.781 -16.117 -16.392
  -6.778 -16.702 -49.500
  -6.775 -49.500     NaN
  -6.773 -49.500 -49.500
  -6.770 -15.261 -49.500
  -6.767 -15.955 -16.324
  -6.765 -49.500 -49.500
  -6.762 -15.675 -49.500
  -6.759 -16.842 -16.842
  -6.757 -17.107 -49.500
  -6.754 -49.500     NaN
  -6.751 -49.500 -49.500
  -6.749 -49.500     NaN
  -6.746 -49.500     NaN
  -6.744 -16.046 -49.500
  -6.741 -16.576 -16.576
  -6.739 -16.294 -16.517
  -6.736 -49.500     NaN
  -6.734 -16.264 -16.556
  -6.731 -49.500     NaN
  -6.729 -16.516 -49.500
  -6.726 -49.500     NaN
  -6.724 -16.297 -49.500
  -6.721 -49.500     NaN
  -6.719 -49.500     NaN
  -6.717 -16.127 -49.500
  -6.714 -15.206 -16.390
  -6.712 -16.578 -16.578
  -6.709 -49.500 -49.500
  -6.707 -16.468 -16.836
  -6.705 -16.582 -49.500
  -6.702 -49.500     NaN
  -6.700 -49.500 -49.500
  -6.698 -49.500 -49.500
  -6.696 -49.500 -49.500
  -6.693 -49.500 -49.500
  -6.691 -49.500     NaN
  -6.689 -49.500 -49.500
  -6.687 -49.500     NaN
  -6.684 -49.500 -49.500
  -6.682 -49.500     NaN
  -6.680 -16.318 -49.500
  -6.678 -15.855 -15.855
  -6.675 -16.055 -17.046
  -6.673 -49.500 -49.500
  -6.671 -49.500 -49.500
  -6.669 -49.500     NaN
  -6.667 -16.611 -16.863
  -6.665 -49.500 -49.500
  -6.663 -49.500 -49.500
  -6.661 -16.685 -49.500
  -6.658 -49.500 -49.500
  -6.656 -16.129 -16.368
  -6.654 -49.500 -49.500
  -6.652 -16.067 -16.067
  -6.650 -49.500     NaN
  -6.648 -49.500 -49.500
  -6.646 -49.500 -49.500
  -6.644 -49.500 -49.500
  -6.642 -49.500     NaN
  -6.640 -16.063 -16.063
  -6.638 -49.500 -49.500
  -6.636 -49.500 -49.500
  -6.634 -49.500 -49.500
  -6.632 -49.500     NaN
  -6.630 -16.790 -16.790
  -6.628 -49.500     NaN
  -6.626 -49.500 -49.500
  -6.624 -16.295 -49.500
  -6.622 -16.087 -49.500
  -6.620 -16.523 -16.523
  -6.618 -16.770 -16.770
  -6.617 -49.500 -49.500
  -6.615 -49.500 -49.500
  -6.613 -49.500 -49.500
  -6.611 -16.853 -16.853
  -6.609 -49.500 -49.500
  -6.607 -49.500 -49.500
  -6.605 -49.500 -49.500
  -6.603 -49.500 -49.500
  -6.602 -15.972 -15.972
  -6.600 -49.500 -49.500
  -6.598 -49.500 -49.500
  -6.596 -49.500     NaN
  -6.594 -49.500 -49.500
