  -8.861 -14.139 -14.139
  -8.599 -14.290 -14.290
  -8.442 -14.347 -14.347
  -8.329 -14.404 -14.404
  -8.239 -14.352 -14.352
  -8.166 -14.535 -14.535
  -8.103 -14.479 -14.479
  -8.048 -14.690 -14.690
  -7.999 -14.795 -14.795
  -7.955 -14.461 -14.868
  -7.916 -14.710 -14.710
  -7.879 -14.832 -14.832
  -7.846 -14.609 -14.881
  -7.815 -14.869 -14.869
  -7.786 -14.873 -14.873
  -7.758 -14.983 -14.983
  -7.733 -15.133 -15.133
  -7.709 -14.520 -15.195
  -7.686 -14.991 -14.991
  -7.664 -14.884 -15.067
  -7.643 -15.125 -15.125
  -7.624 -15.333 -15.333
  -7.605 -14.928 -15.297
  -7.586 -15.113 -15.113
  -7.569 -14.935 -15.117
  -7.552 -15.321 -15.321
  -7.536 -15.203 -15.203
  -7.521 -15.393 -15.393
  -7.506 -15.230 -15.230
  -7.491 -15.541 -15.541
  -7.477 -15.163 -15.163
  -7.464 -15.488 -15.488
  -7.451 -15.164 -15.338
  -7.438 -15.303 -15.482
  -7.425 -15.499 -15.499
  -7.413 -15.082 -15.639
  -7.401 -15.275 -15.275
  -7.390 -15.486 -15.486
  -7.379 -14.492 -15.576
  -7.368 -15.854 -15.854
  -7.357 -15.672 -15.672
  -7.347 -15.526 -15.526
  -7.337 -15.435 -15.600
  -7.327 -15.724 -15.724
  -7.317 -15.612 -15.879
  -7.308 -15.360 -15.529
  -7.299 -15.430 -15.837
  -7.290 -15.528 -15.528
  -7.281 -15.216 -15.216
  -7.272 -15.318 -15.823
  -7.264 -15.839 -15.839
  -7.255 -15.495 -15.671
  -7.247 -15.562 -15.562
  -7.239 -15.764 -15.764
  -7.231 -15.484 -15.484
  -7.223 -15.465 -15.949
  -7.216 -16.076 -16.076
  -7.208 -15.625 -15.625
  -7.201 -15.483 -16.033
  -7.194 -15.726 -15.893
  -7.187 -15.062 -15.503
  -7.180 -15.454 -15.811
  -7.173 -15.481 -15.481
  -7.166 -15.478 -15.757
  -7.159 -16.091 -16.091
  -7.153 -15.886 -16.067
  -7.146 -16.273 -16.273
  -7.140 -15.894 -16.097
  -7.133 -16.002 -16.002
  -7.127 -16.227 -16.227
  -7.121 -15.955 -15.955
  -7.115 -16.081 -16.276
  -7.109 -15.846 -15.846
  -7.103 -15.192 -15.884
  -7.098 -15.882 -16.036
  -7.092 -15.366 -16.688
  -7.086 -16.031 -16.031
  -7.081 -15.846 -16.228
  -7.075 -15.980 -16.295
  -7.070 -15.835 -16.065
  -7.064 -15.234 -16.057
  -7.059 -16.272 -16.272
  -7.054 -16.196 -16.196
  -7.049 -15.646 -15.646
  -7.043 -15.817 -16.176
  -7.038 -15.976 -15.976
  -7.033 -16.242 -16.635
  -7.029 -15.961 -15.961
  -7.024 -16.208 -16.675
  -7.019 -15.702 -16.360
  -7.014 -15.706 -16.042
  -7.009 -16.298 -16.298
  -7.005 -15.734 -15.904
  -7.000 -16.158 -16.485
  -6.995 -14.843 -16.418
  -6.991 -16.416 -16.416
  -6.986 -15.748 -15.944
  -6.982 -16.098 -16.098
  -6.978 -16.263 -17.177
  -6.973 -16.248 -16.248
  -6.969 -13.575 -15.882
  -6.965 -16.313 -16.313
  -6.961 -15.852 -16.089
  -6.956 -17.120 -17.545
  -6.952 -16.210 -16.438
  -6.948 -15.361 -16.429
  -6.944 -16.175 -16.175
  -6.940 -17.212 -49.500
  -6.936 -16.289 -16.459
  -6.932 -15.145 -16.430
  -6.928 -16.726 -16.910
  -6.924 -16.201 -16.201
  -6.920 -16.084 -16.636
  -6.917 -16.867 -49.500
  -6.913 -17.223 -49.500
  -6.909 -16.088 -16.263
  -6.905 -16.417 -16.730
  -6.902 -15.688 -22.659
  -6.898 -16.313 -16.552
  -6.894 -16.593 -16.746
  -6.891 -49.500     NaN
  -6.887 -15.100 -16.328
  -6.884 -17.169 -49.500
  -6.880 -16.535 -16.954
  -6.877 -15.526 -49.500
  -6.873 -14.939 -16.239
  -6.870 -15.786 -15.786
  -6.867 -16.944 -49.500
  -6.863 -16.286 -16.538
  -6.860 -16.268 -49.500
  -6.857 -17.431 -49.500
  -6.853 -16.462 -16.656
  -6.850 -16.339 -49.500
  -6.847 -16.433 -16.616
  -6.844 -16.622 -16.995
  -6.840 -49.500     NaN
  -6.837 -15.370 -49.500
  -6.834 -15.567 -16.668
  -6.831 -16.308 -49.500
  -6.828 -16.928 -49.500
  -6.825 -16.359 -16.537
  -6.822 -15.763 -49.500
  -6.819 -49.500     NaN
  -6.816 -16.576 -17.052
  -6.813 -16.529 -49.500
  -6.810 -49.500     NaN
  -6.807 -15.870 -49.500
  -6.804 -16.337 -17.063
  -6.801 -16.235 -17.310
  -6.798 -16.582 -49.500
  -6.795 -49.500     NaN
  -6.792 -15.829 -49.500
  -6.789 -16.634 -17.064
  -6.787 -16.491 -17.127
  -6.784 -49.500     NaN
  -6.781 -16.474 -49.500
  -6.778 -16.002 -49.500
  -6.775 -16.572 -49.500
  -6.773 -16.400 -49.500
  -6.770 -16.654 -17.304
  -6.767 -16.679 -16.868
  -6.765 -16.522 -49.500
  -6.762 -16.976 -49.500
  -6.759 -16.390 -49.500
  -6.757 -16.492 -17.044
  -6.754 -16.074 -16.964
  -6.751 -49.500 -49.500
  -6.749 -15.839 -49.500
  -6.746 -16.415 -49.500
  -6.744 -16.810 -49.500
  -6.741 -49.500     NaN
  -6.739 -49.500 -49.500
  -6.736 -49.500     NaN
  -6.734 -16.623 -16.623
  -6.731 -16.718 -16.718
  -6.729 -49.500 -49.500
  -6.726 -49.500     NaN
  -6.724 -16.018 -49.500
  -6.721 -16.695 -49.500
  -6.719 -49.500     NaN
  -6.717 -49.500 -49.500
  -6.714 -17.036 -49.500
  -6.712 -17.220 -49.500
  -6.709 -49.500     NaN
  -6.707 -16.846 -49.500
  -6.705 -16.765 -49.500
  -6.702 -49.500     NaN
  -6.700 -16.460 -16.460
  -6.698 -16.451 -49.500
  -6.696 -16.426 -49.500
  -6.693 -15.927 -49.500
  -6.691 -49.500 -49.500
  -6.689 -49.500 -49.500
  -6.687 -49.500 -49.500
  -6.684 -49.500     NaN
  -6.682 -49.500 -49.500
  -6.680 -15.817 -16.295
  -6.678 -15.867 -16.139
  -6.675 -15.844 -49.500
  -6.673 -15.938 -49.500
  -6.671 -49.500     NaN
  -6.669 -16.099 -16.884
  -6.667 -49.500 -49.500
  -6.665 -49.500 -49.500
  -6.663 -49.500 -49.500
  -6.661 -15.422 -49.500
  -6.658 -16.541 -49.500
  -6.656 -15.896 -15.896
  -6.654 -49.500 -49.500
  -6.652 -16.441 -16.441
  -6.650 -49.500     NaN
  -6.648 -16.630 -17.201
  -6.646 -49.500 -49.500
  -6.644 -49.500 -49.500
  -6.642 -16.356 -16.356
  -6.640 -49.500 -49.500
  -6.638 -49.500 -49.500
  -6.636 -49.500 -49.500
  -6.634 -49.500 -49.500
  -6.632 -49.500 -49.500
  -6.630 -49.500 -49.500
  -6.628 -49.500 -49.500
  -6.626 -49.500 -49.500
  -6.624 -49.500 -49.500
  -6.622 -49.500 -49.500
  -6.620 -49.500 -49.500
  -6.618 -49.500 -49.500
  -6.617 -49.500 -49.500
  -6.615 -49.500 -49.500
  -6.613 -49.500 -49.500
  -6.611 -49.500 -49.500
  -6.609 -49.500     NaN
  -6.607 -49.500     NaN
  -6.605 -15.918 -15.918
  -6.603 -49.500 -49.500
  -6.602 -16.398 -49.500
  -6.600 -49.500 -49.500
  -6.598 -49.500 -49.500
  -6.596 -49.500     NaN
  -6.594 -49.500     NaN
