  -8.861 -14.116 -14.116
  -8.599 -14.280 -14.280
  -8.442 -14.389 -14.389
  -8.329 -14.408 -14.408
  -8.239 -14.504 -14.504
  -8.166 -14.575 -14.575
  -8.103 -14.647 -14.647
  -8.048 -14.519 -14.519
  -7.999 -14.658 -14.658
  -7.955 -14.779 -14.779
  -7.916 -14.393 -14.393
  -7.879 -14.659 -14.659
  -7.846 -14.939 -14.939
  -7.815 -15.022 -15.022
  -7.786 -14.686 -14.943
  -7.758 -14.840 -14.840
  -7.733 -14.747 -14.956
  -7.709 -15.056 -15.056
  -7.686 -14.911 -15.096
  -7.664 -15.131 -15.131
  -7.643 -15.071 -15.071
  -7.624 -15.248 -15.248
  -7.605 -15.164 -15.164
  -7.586 -14.963 -14.963
  -7.569 -15.395 -15.395
  -7.552 -14.542 -15.171
  -7.536 -15.005 -15.361
  -7.521 -15.011 -15.307
  -7.506 -15.101 -15.101
  -7.491 -15.297 -15.297
  -7.477 -15.303 -15.483
  -7.464 -15.473 -15.473
  -7.451 -15.127 -15.402
  -7.438 -15.086 -15.320
  -7.425 -14.965 -15.164
  -7.413 -15.569 -15.569
  -7.401 -15.311 -15.311
  -7.390 -15.346 -15.551
  -7.379 -15.697 -15.697
  -7.368 -15.222 -15.651
  -7.357 -15.680 -15.680
  -7.347 -15.415 -15.415
  -7.337 -15.690 -15.690
  -7.327 -15.409 -15.735
  -7.317 -15.875 -15.875
  -7.308 -15.205 -15.699
  -7.299 -14.769 -15.332
  -7.290 -15.177 -15.545
  -7.281 -15.449 -15.449
  -7.272 -15.911 -15.911
  -7.264 -15.597 -15.597
  -7.255 -15.383 -15.628
  -7.247 -15.830 -15.830
  -7.239 -15.430 -15.709
  -7.231 -15.652 -15.652
  -7.223 -15.593 -15.593
  -7.216 -15.641 -15.641
  -7.208 -15.931 -15.931
  -7.201 -15.626 -15.860
  -7.194 -15.148 -15.593
  -7.187 -15.611 -15.611
  -7.180 -15.661 -15.661
  -7.173 -16.057 -16.057
  -7.166 -15.682 -15.891
  -7.159 -15.930 -15.930
  -7.153 -15.874 -16.297
  -7.146 -15.723 -16.086
  -7.140 -15.586 -16.228
  -7.133 -15.658 -16.307
  -7.127 -15.444 -15.639
  -7.121 -16.174 -16.174
  -7.115 -16.332 -16.332
  -7.109 -16.119 -16.119
  -7.103 -15.844 -16.136
  -7.098 -15.460 -16.319
  -7.092 -15.571 -16.501
  -7.086 -16.184 -16.184
  -7.081 -15.830 -16.234
  -7.075 -15.166 -15.662
  -7.070 -16.067 -16.067
  -7.064 -15.515 -15.935
  -7.059 -15.992 -15.992
  -7.054 -15.776 -16.423
  -7.049 -16.299 -16.494
  -7.043 -16.376 -16.376
  -7.038 -16.147 -16.330
  -7.033 -16.498 -16.928
  -7.029 -16.071 -16.466
  -7.024 -16.406 -16.558
  -7.019 -16.521 -16.700
  -7.014 -15.376 -15.998
  -7.009 -16.145 -16.443
  -7.005 -16.041 -16.200
  -7.000 -15.591 -16.406
  -6.995 -16.379 -16.620
  -6.991 -15.955 -16.322
  -6.986 -16.505 -16.505
  -6.982 -16.654 -22.620
  -6.978 -15.528 -15.528
  -6.973 -15.505 -16.576
  -6.969 -16.356 -16.531
  -6.965 -16.100 -16.347
  -6.961 -16.029 -16.749
  -6.956 -16.564 -16.811
  -6.952 -16.002 -16.363
  -6.948 -16.326 -16.638
  -6.944 -16.781 -16.950
  -6.940 -16.132 -16.478
  -6.936 -15.526 -16.122
  -6.932 -16.387 -16.614
  -6.928 -49.500     NaN
  -6.924 -16.589 -16.754
  -6.920 -15.320 -16.209
  -6.917 -16.232 -16.232
  -6.913 -16.014 -16.200
  -6.909 -16.428 -17.055
  -6.905 -49.500     NaN
  -6.902 -16.271 -16.605
  -6.898 -16.867 -16.867
  -6.894 -16.629 -16.857
  -6.891 -16.787 -17.040
  -6.887 -16.696 -17.152
  -6.884 -16.239 -17.410
  -6.880 -15.164 -16.903
  -6.877 -15.836 -16.576
  -6.873 -16.645 -16.804
  -6.870 -16.372 -16.372
  -6.867 -16.427 -16.939
  -6.863 -16.843 -49.500
  -6.860 -17.514 -49.500
  -6.857 -49.500     NaN
  -6.853 -17.122 -17.315
  -6.850 -49.500     NaN
  -6.847 -16.847 -17.160
  -6.844 -16.176 -17.015
  -6.840 -16.031 -16.285
  -6.837 -16.587 -16.946
  -6.834 -15.427 -15.951
  -6.831 -49.500 -49.500
  -6.828 -49.500     NaN
  -6.825 -16.698 -16.891
  -6.822 -16.290 -49.500
  -6.819 -49.500     NaN
  -6.816 -16.827 -49.500
  -6.813 -16.029 -16.872
  -6.810 -16.728 -17.017
  -6.807 -17.137 -49.500
  -6.804 -49.500     NaN
  -6.801 -49.500     NaN
  -6.798 -16.234 -17.064
  -6.795 -49.500     NaN
  -6.792 -16.396 -16.661
  -6.789 -16.656 -16.935
  -6.787 -17.065 -49.500
  -6.784 -15.922 -16.253
  -6.781 -16.970 -49.500
  -6.778 -16.512 -16.727
  -6.775 -16.723 -16.917
  -6.773 -16.762 -49.500
  -6.770 -17.350 -49.500
  -6.767 -16.034 -16.584
  -6.765 -17.007 -49.500
  -6.762 -16.733 -49.500
  -6.759 -49.500 -49.500
  -6.757 -49.500 -49.500
  -6.754 -49.500     NaN
  -6.751 -49.500     NaN
  -6.749 -16.402 -16.402
  -6.746 -16.726 -16.726
  -6.744 -15.976 -16.952
  -6.741 -17.088 -49.500
  -6.739 -49.500 -49.500
  -6.736 -49.500     NaN
  -6.734 -49.500 -49.500
  -6.731 -16.775 -49.500
  -6.729 -49.500 -49.500
  -6.726 -15.809 -49.500
  -6.724 -49.500 -49.500
  -6.721 -49.500     NaN
  -6.719 -49.500     NaN
  -6.717 -49.500 -49.500
  -6.714 -16.716 -49.500
  -6.712 -16.923 -49.500
  -6.709 -49.500     NaN
  -6.707 -49.500     NaN
  -6.705 -16.500 -49.500
  -6.702 -49.500     NaN
  -6.700 -16.757 -16.757
  -6.698 -16.450 -49.500
  -6.696 -49.500 -49.500
  -6.693 -17.023 -49.500
  -6.691 -16.682 -17.085
  -6.689 -16.631 -49.500
  -6.687 -49.500 -49.500
  -6.684 -49.500     NaN
  -6.682 -16.406 -49.500
  -6.680 -16.722 -49.500
  -6.678 -49.500 -49.500
  -6.675 -49.500     NaN
  -6.673 -16.752 -49.500
  -6.671 -16.754 -49.500
  -6.669 -49.500 -49.500
  -6.667 -49.500 -49.500
  -6.665 -49.500 -49.500
  -6.663 -16.547 -49.500
  -6.661 -49.500 -49.500
  -6.658 -49.500     NaN
  -6.656 -17.163 -49.500
  -6.654 -49.500 -49.500
  -6.652 -49.500     NaN
  -6.650 -49.500     NaN
  -6.648 -49.500 -49.500
  -6.646 -49.500 -49.500
  -6.644 -49.500     NaN
  -6.642 -49.500 -49.500
  -6.640 -49.500 -49.500
  -6.638 -49.500 -49.500
  -6.636 -49.500 -49.500
  -6.634 -15.944 -16.251
  -6.632 -49.500 -49.500
  -6.630 -49.500 -49.500
  -6.628 -49.500 -49.500
  -6.626 -49.500 -49.500
  -6.624 -16.092 -16.413
  -6.622 -15.359 -15.359
  -6.620 -16.494 -49.500
  -6.618 -49.500 -49.500
  -6.617 -16.383 -16.383
  -6.615 -16.189 -16.189
  -6.613 -16.236 -16.236
  -6.611 -16.859 -49.500
  -6.609 -49.500 -49.500
  -6.607 -49.500 -49.500
  -6.605 -49.500     NaN
  -6.603 -49.500 -49.500
  -6.602 -49.500 -49.500
  -6.600 -49.500 -49.500
  -6.598 -49.500 -49.500
  -6.596 -49.500 -49.500
  -6.594 -15.684 -15.684
