  -8.861 -14.141 -14.141
  -8.599 -14.288 -14.288
  -8.442 -14.312 -14.312
  -8.329 -14.478 -14.478
  -8.239 -14.473 -14.473
  -8.166 -14.607 -14.607
  -8.103 -14.685 -14.685
  -8.048 -14.709 -14.709
  -7.999 -14.490 -14.687
  -7.955 -14.760 -14.760
  -7.916 -14.441 -14.769
  -7.879 -14.676 -14.676
  -7.846 -14.583 -14.830
  -7.815 -15.132 -15.132
  -7.786 -15.006 -15.006
  -7.758 -14.957 -14.957
  -7.733 -14.945 -14.945
  -7.709 -14.762 -15.100
  -7.686 -14.887 -14.887
  -7.664 -15.080 -15.080
  -7.643 -15.127 -15.127
  -7.624 -14.446 -14.825
  -7.605 -14.466 -14.898
  -7.586 -15.004 -15.156
  -7.569 -15.130 -15.130
  -7.552 -15.128 -15.341
  -7.536 -15.000 -15.371
  -7.521 -15.393 -15.393
  -7.506 -15.303 -15.303
  -7.491 -14.656 -15.259
  -7.477 -15.374 -15.374
  -7.464 -15.445 -15.445
  -7.451 -15.376 -15.579
  -7.438 -14.455 -15.430
  -7.425 -15.249 -15.488
  -7.413 -14.826 -15.456
  -7.401 -15.497 -15.497
  -7.390 -15.664 -15.664
  -7.379 -15.339 -15.606
  -7.368 -15.722 -15.722
  -7.357 -15.670 -15.670
  -7.347 -15.191 -15.465
  -7.337 -15.335 -15.756
  -7.327 -15.403 -15.740
  -7.317 -15.399 -15.661
  -7.308 -15.581 -15.748
  -7.299 -15.670 -15.670
  -7.290 -15.022 -15.176
  -7.281 -15.712 -15.712
  -7.272 -15.309 -15.467
  -7.264 -15.766 -15.766
  -7.255 -15.437 -15.886
  -7.247 -15.283 -15.951
  -7.239 -15.441 -15.441
  -7.231 -15.824 -16.054
  -7.223 -15.180 -15.377
  -7.216 -15.354 -15.525
  -7.208 -15.458 -15.692
  -7.201 -15.368 -15.553
  -7.194 -15.705 -15.705
  -7.187 -15.918 -15.918
  -7.180 -15.870 -16.185
  -7.173 -15.579 -15.783
  -7.166 -16.119 -16.298
  -7.159 -15.440 -15.440
  -7.153 -15.047 -16.001
  -7.146 -15.637 -16.002
  -7.140 -16.133 -16.133
  -7.133 -15.850 -16.099
  -7.127 -15.880 -15.880
  -7.121 -15.767 -15.767
  -7.115 -16.006 -16.006
  -7.109 -15.870 -15.870
  -7.103 -16.040 -16.040
  -7.098 -15.808 -15.808
  -7.092 -16.194 -16.194
  -7.086 -16.397 -16.590
  -7.081 -15.965 -15.965
  -7.075 -15.777 -16.094
  -7.070 -16.083 -16.320
  -7.064 -16.229 -16.229
  -7.059 -16.093 -16.422
  -7.054 -15.790 -15.991
  -7.049 -15.925 -16.169
  -7.043 -16.118 -16.317
  -7.038 -16.611 -16.836
  -7.033 -15.913 -15.913
  -7.029 -16.477 -16.477
  -7.024 -15.888 -16.066
  -7.019 -17.124 -17.485
  -7.014 -16.334 -16.334
  -7.009 -16.121 -16.121
  -7.005 -16.176 -16.602
  -7.000 -16.138 -16.138
  -6.995 -16.002 -16.002
  -6.991 -16.291 -16.291
  -6.986 -16.387 -16.583
  -6.982 -15.882 -16.868
  -6.978 -16.308 -16.308
  -6.973 -15.471 -15.983
  -6.969 -15.190 -16.371
  -6.965 -15.902 -16.088
  -6.961 -15.934 -16.265
  -6.956 -16.641 -17.035
  -6.952 -16.362 -16.755
  -6.948 -16.254 -16.254
  -6.944 -16.813 -16.813
  -6.940 -16.459 -16.707
  -6.936 -15.514 -16.276
  -6.932 -17.489 -49.500
  -6.928 -16.389 -21.962
  -6.924 -16.025 -16.423
  -6.920 -16.732 -16.936
  -6.917 -16.650 -17.035
  -6.913 -15.854 -16.022
  -6.909 -15.222 -16.200
  -6.905 -15.780 -17.217
  -6.902 -16.882 -17.131
  -6.898 -15.792 -16.053
  -6.894 -15.988 -16.203
  -6.891 -16.074 -16.330
  -6.887 -16.263 -16.454
  -6.884 -15.997 -16.471
  -6.880 -16.443 -16.656
  -6.877 -15.826 -16.215
  -6.873 -16.353 -49.500
  -6.870 -15.848 -16.045
  -6.867 -15.696 -16.695
  -6.863 -16.238 -16.632
  -6.860 -16.176 -49.500
  -6.857 -16.621 -16.869
  -6.853 -49.500     NaN
  -6.850 -16.985 -49.500
  -6.847 -16.797 -17.051
  -6.844 -16.447 -16.669
  -6.840 -16.360 -16.892
  -6.837 -16.219 -16.852
  -6.834 -16.464 -16.953
  -6.831 -16.891 -49.500
  -6.828 -16.840 -17.036
  -6.825 -16.344 -17.138
  -6.822 -16.417 -16.630
  -6.819 -15.980 -49.500
  -6.816 -15.535 -16.120
  -6.813 -49.500     NaN
  -6.810 -49.500     NaN
  -6.807 -16.687 -17.236
  -6.804 -49.500     NaN
  -6.801 -16.357 -49.500
  -6.798 -16.248 -49.500
  -6.795 -15.450 -16.433
  -6.792 -16.714 -17.024
  -6.789 -17.031 -49.500
  -6.787 -49.500     NaN
  -6.784 -49.500 -49.500
  -6.781 -16.660 -49.500
  -6.778 -49.500     NaN
  -6.775 -49.500 -49.500
  -6.773 -49.500     NaN
  -6.770 -16.109 -16.276
  -6.767 -16.614 -16.614
  -6.765 -49.500 -49.500
  -6.762 -16.248 -16.412
  -6.759 -15.469 -16.577
  -6.757 -49.500 -49.500
  -6.754 -16.301 -49.500
  -6.751 -16.190 -49.500
  -6.749 -16.690 -16.690
  -6.746 -17.277 -49.500
  -6.744 -16.549 -49.500
  -6.741 -17.084 -49.500
  -6.739 -49.500     NaN
  -6.736 -16.602 -49.500
  -6.734 -16.418 -16.929
  -6.731 -15.338 -49.500
  -6.729 -49.500     NaN
  -6.726 -49.500 -49.500
  -6.724 -49.500     NaN
  -6.721 -49.500     NaN
  -6.719 -49.500 -49.500
  -6.717 -49.500     NaN
  -6.714 -16.583 -49.500
  -6.712 -16.095 -49.500
  -6.709 -15.769 -49.500
  -6.707 -49.500 -49.500
  -6.705 -16.628 -49.500
  -6.702 -16.076 -49.500
  -6.700 -16.405 -16.405
  -6.698 -49.500     NaN
  -6.696 -49.500     NaN
  -6.693 -49.500 -49.500
  -6.691 -17.109 -49.500
  -6.689 -49.500 -49.500
  -6.687 -16.688 -16.688
  -6.684 -49.500 -49.500
  -6.682 -49.500 -49.500
  -6.680 -16.349 -49.500
  -6.678 -49.500     NaN
  -6.675 -49.500 -49.500
  -6.673 -49.500 -49.500
  -6.671 -49.500 -49.500
  -6.669 -49.500 -49.500
  -6.667 -49.500 -49.500
  -6.665 -16.225 -49.500
  -6.663 -16.587 -49.500
  -6.661 -16.075 -49.500
  -6.658 -49.500     NaN
  -6.656 -49.500 -49.500
  -6.654 -16.750 -49.500
  -6.652 -49.500 -49.500
  -6.650 -49.500 -49.500
  -6.648 -16.843 -49.500
  -6.646 -49.500 -49.500
  -6.644 -49.500 -49.500
  -6.642 -49.500 -49.500
  -6.640 -49.500 -49.500
  -6.638 -16.324 -49.500
  -6.636 -16.841 -49.500
  -6.634 -49.500 -49.500
  -6.632 -49.500 -49.500
  -6.630 -49.500 -49.500
  -6.628 -49.500 -49.500
  -6.626 -15.702 -15.702
  -6.624 -49.500 -49.500
  -6.622 -15.888 -49.500
  -6.620 -16.772 -16.772
  -6.618 -49.500 -49.500
  -6.617 -16.684 -16.684
  -6.615 -49.500     NaN
  -6.613 -49.500 -49.500
  -6.611 -49.500 -49.500
  -6.609 -49.500 -49.500
  -6.607 -16.595 -16.595
  -6.605 -49.500     NaN
  -6.603 -49.500 -49.500
  -6.602 -49.500 -49.500
  -6.600 -49.500 -49.500
  -6.598 -16.812 -49.500
  -6.596 -15.911 -15.911
  -6.594 -49.500 -49.500
