  -8.861 -14.129 -14.129
  -8.599 -14.296 -14.296
  -8.442 -14.320 -14.320
  -8.329 -14.409 -14.409
  -8.239 -14.452 -14.452
  -8.166 -14.632 -14.632
  -8.103 -14.639 -14.639
  -8.048 -14.669 -14.669
  -7.999 -14.646 -14.646
  -7.955 -14.697 -14.855
  -7.916 -14.788 -14.788
  -7.879 -14.862 -14.862
  -7.846 -14.771 -14.771
  -7.815 -14.913 -14.913
  -7.786 -14.891 -15.049
  -7.758 -15.037 -15.037
  -7.733 -15.063 -15.063
  -7.709 -14.906 -14.906
  -7.686 -14.980 -14.980
  -7.664 -14.807 -15.089
  -7.643 -15.211 -15.211
  -7.624 -15.031 -15.228
  -7.605 -15.288 -15.288
  -7.586 -15.301 -15.301
  -7.569 -15.178 -15.178
  -7.552 -15.202 -15.202
  -7.536 -15.236 -15.236
  -7.521 -15.431 -15.431
  -7.506 -15.204 -15.204
  -7.491 -15.373 -15.539
  -7.477 -15.484 -15.484
  -7.464 -15.084 -15.252
  -7.451 -15.637 -15.637
  -7.438 -15.281 -15.281
  -7.425 -15.065 -15.308
  -7.413 -15.615 -15.615
  -7.401 -15.354 -15.622
  -7.390 -15.352 -15.352
  -7.379 -15.117 -15.546
  -7.368 -14.298 -15.660
  -7.357 -15.322 -15.603
  -7.347 -14.311 -15.601
  -7.337 -15.292 -15.453
  -7.327 -15.507 -15.507
  -7.317 -15.741 -15.741
  -7.308 -15.290 -15.518
  -7.299 -15.458 -15.690
  -7.290 -15.705 -15.899
  -7.281 -16.025 -16.025
  -7.272 -15.103 -15.559
  -7.264 -15.642 -15.875
  -7.255 -15.259 -15.541
  -7.247 -15.774 -15.978
  -7.239 -15.883 -15.883
  -7.231 -15.418 -15.658
  -7.223 -15.742 -15.976
  -7.216 -15.300 -15.891
  -7.208 -15.699 -15.699
  -7.201 -15.778 -16.129
  -7.194 -15.729 -15.729
  -7.187 -15.180 -15.994
  -7.180 -15.385 -15.385
  -7.173 -15.154 -15.579
  -7.166 -15.676 -15.676
  -7.159 -15.645 -15.645
  -7.153 -15.503 -15.503
  -7.146 -15.982 -15.982
  -7.140 -15.859 -15.859
  -7.133 -15.269 -16.005
  -7.127 -15.907 -15.907
  -7.121 -16.227 -16.383
  -7.115 -15.463 -16.013
  -7.109 -15.218 -16.523
  -7.103 -16.129 -16.129
  -7.098 -16.019 -16.250
  -7.092 -16.016 -16.381
  -7.086 -15.629 -16.085
  -7.081 -15.885 -16.063
  -7.075 -16.124 -16.124
  -7.070 -16.699 -16.875
  -7.064 -16.843 -16.843
  -7.059 -15.594 -16.003
  -7.054 -16.206 -16.206
  -7.049 -16.058 -16.226
  -7.043 -15.598 -15.761
  -7.038 -16.051 -16.457
  -7.033 -16.134 -16.452
  -7.029 -16.084 -16.399
  -7.024 -15.839 -15.839
  -7.019 -15.339 -16.500
  -7.014 -16.279 -16.279
  -7.009 -15.404 -15.404
  -7.005 -15.818 -16.058
  -7.000 -16.546 -16.546
  -6.995 -16.081 -16.081
  -6.991 -16.767 -17.004
  -6.986 -16.568 -16.821
  -6.982 -15.943 -16.267
  -6.978 -15.933 -16.369
  -6.973 -16.157 -16.157
  -6.969 -15.741 -16.105
  -6.965 -16.221 -16.897
  -6.961 -15.227 -16.133
  -6.956 -16.363 -16.363
  -6.952 -16.035 -17.009
  -6.948 -16.301 -17.317
  -6.944 -16.090 -16.090
  -6.940 -16.132 -16.388
  -6.936 -16.344 -16.711
  -6.932 -15.763 -16.968
  -6.928 -16.928 -49.500
  -6.924 -16.166 -16.428
  -6.920 -16.773 -49.500
  -6.917 -15.758 -49.500
  -6.913 -16.651 -16.981
  -6.909 -16.866 -49.500
  -6.905 -49.500     NaN
  -6.902 -15.922 -16.101
  -6.898 -16.771 -17.259
  -6.894 -15.903 -15.903
  -6.891 -16.954 -16.954
  -6.887 -49.500     NaN
  -6.884 -49.500     NaN
  -6.880 -16.738 -16.889
  -6.877 -16.276 -16.574
  -6.873 -16.318 -49.500
  -6.870 -16.008 -16.347
  -6.867 -17.165 -49.500
  -6.863 -16.003 -16.157
  -6.860 -49.500     NaN
  -6.857 -17.034 -49.500
  -6.853 -16.243 -16.677
  -6.850 -16.310 -16.630
  -6.847 -15.625 -16.308
  -6.844 -16.280 -16.704
  -6.840 -15.766 -16.065
  -6.837 -16.472 -16.661
  -6.834 -16.330 -16.783
  -6.831 -16.441 -16.933
  -6.828 -15.900 -16.428
  -6.825 -16.955 -17.117
  -6.822 -49.500     NaN
  -6.819 -16.495 -16.832
  -6.816 -16.114 -49.500
  -6.813 -14.490 -16.802
  -6.810 -16.892 -49.500
  -6.807 -15.751 -16.765
  -6.804 -16.074 -17.016
  -6.801 -16.389 -16.558
  -6.798 -16.758 -49.500
  -6.795 -49.500     NaN
  -6.792 -16.913 -49.500
  -6.789 -16.259 -16.546
  -6.787 -49.500     NaN
  -6.784 -49.500 -49.500
  -6.781 -16.110 -16.362
  -6.778 -16.428 -17.027
  -6.775 -49.500     NaN
  -6.773 -49.500     NaN
  -6.770 -16.157 -16.157
  -6.767 -16.495 -16.821
  -6.765 -15.829 -16.248
  -6.762 -16.520 -49.500
  -6.759 -49.500 -49.500
  -6.757 -49.500     NaN
  -6.754 -16.851 -49.500
  -6.751 -49.500     NaN
  -6.749 -16.615 -49.500
  -6.746 -49.500 -49.500
  -6.744 -16.823 -49.500
  -6.741 -49.500     NaN
  -6.739 -16.588 -16.842
  -6.736 -16.381 -16.747
  -6.734 -49.500 -49.500
  -6.731 -16.616 -49.500
  -6.729 -16.821 -49.500
  -6.726 -16.356 -49.500
  -6.724 -15.960 -49.500
  -6.721 -49.500     NaN
  -6.719 -49.500     NaN
  -6.717 -49.500 -49.500
  -6.714 -49.500 -49.500
  -6.712 -16.865 -49.500
  -6.709 -16.337 -49.500
  -6.707 -49.500 -49.500
  -6.705 -16.252 -16.252
  -6.702 -49.500 -49.500
  -6.700 -16.668 -49.500
  -6.698 -49.500     NaN
  -6.696 -16.900 -49.500
  -6.693 -15.608 -49.500
  -6.691 -49.500 -49.500
  -6.689 -49.500 -49.500
  -6.687 -49.500 -49.500
  -6.684 -16.590 -49.500
  -6.682 -49.500 -49.500
  -6.680 -49.500 -49.500
  -6.678 -16.642 -49.500
  -6.675 -49.500 -49.500
  -6.673 -49.500 -49.500
  -6.671 -15.318 -15.318
  -6.669 -49.500 -49.500
  -6.667 -49.500     NaN
  -6.665 -49.500     NaN
  -6.663 -16.235 -49.500
  -6.661 -16.995 -16.995
  -6.658 -16.709 -49.500
  -6.656 -16.522 -16.737
  -6.654 -15.558 -49.500
  -6.652 -49.500 -49.500
  -6.650 -49.500 -49.500
  -6.648 -49.500 -49.500
  -6.646 -16.723 -49.500
  -6.644 -49.500     NaN
  -6.642 -49.500 -49.500
  -6.640 -49.500 -49.500
  -6.638 -16.306 -16.306
  -6.636 -16.993 -16.993
  -6.634 -16.364 -16.732
  -6.632 -49.500 -49.500
  -6.630 -49.500     NaN
  -6.628 -49.500 -49.500
  -6.626 -49.500 -49.500
  -6.624 -49.500     NaN
  -6.622 -49.500 -49.500
  -6.620 -49.500 -49.500
  -6.618 -49.500 -49.500
  -6.617 -49.500 -49.500
  -6.615 -49.500 -49.500
  -6.613 -49.500 -49.500
  -6.611 -49.500 -49.500
  -6.609 -49.500 -49.500
  -6.607 -49.500 -49.500
  -6.605 -49.500 -49.500
  -6.603 -49.500     NaN
  -6.602 -49.500 -49.500
  -6.600 -49.500 -49.500
  -6.598 -49.500     NaN
  -6.596 -16.345 -16.345
  -6.594 -16.453 -16.453
