  -8.861 -14.160 -14.160
  -8.599 -14.322 -14.322
  -8.442 -14.332 -14.332
  -8.329 -14.377 -14.377
  -8.239 -14.528 -14.528
  -8.166 -14.622 -14.622
  -8.103 -14.433 -14.433
  -8.048 -14.640 -14.640
  -7.999 -14.675 -14.675
  -7.955 -14.743 -14.743
  -7.916 -14.882 -14.882
  -7.879 -14.933 -14.933
  -7.846 -14.727 -14.727
  -7.815 -15.058 -15.058
  -7.786 -14.892 -14.892
  -7.758 -15.090 -15.090
  -7.733 -15.042 -15.042
  -7.709 -14.697 -15.065
  -7.686 -15.158 -15.158
  -7.664 -15.172 -15.172
  -7.643 -15.073 -15.073
  -7.624 -14.877 -14.877
  -7.605 -15.153 -15.153
  -7.586 -14.823 -15.131
  -7.569 -15.272 -15.272
  -7.552 -14.435 -15.280
  -7.536 -14.737 -15.164
  -7.521 -15.286 -15.286
  -7.506 -15.055 -15.477
  -7.491 -15.119 -15.119
  -7.477 -15.400 -15.400
  -7.464 -15.343 -15.343
  -7.451 -15.191 -15.191
  -7.438 -15.511 -15.511
  -7.425 -15.566 -15.566
  -7.413 -15.068 -15.302
  -7.401 -15.707 -15.707
  -7.390 -15.378 -15.378
  -7.379 -15.361 -15.361
  -7.368 -15.683 -15.683
  -7.357 -15.396 -15.396
  -7.347 -15.527 -15.773
  -7.337 -15.077 -15.302
  -7.327 -15.548 -15.548
  -7.317 -15.734 -15.734
  -7.308 -15.417 -15.571
  -7.299 -15.450 -15.778
  -7.290 -15.645 -15.645
  -7.281 -15.014 -15.822
  -7.272 -15.275 -15.275
  -7.264 -15.590 -15.748
  -7.255 -15.921 -16.096
  -7.247 -15.619 -15.619
  -7.239 -15.445 -15.887
  -7.231 -15.656 -15.656
  -7.223 -16.045 -16.045
  -7.216 -15.657 -15.868
  -7.208 -15.675 -15.827
  -7.201 -15.838 -15.838
  -7.194 -15.967 -16.158
  -7.187 -15.594 -15.594
  -7.180 -16.046 -16.046
  -7.173 -15.031 -15.485
  -7.166 -16.058 -16.058
  -7.159 -15.707 -15.707
  -7.153 -16.018 -16.018
  -7.146 -14.616 -15.527
  -7.140 -16.085 -16.085
  -7.133 -15.851 -15.851
  -7.127 -15.796 -15.796
  -7.121 -15.951 -16.103
  -7.115 -15.991 -16.181
  -7.109 -15.090 -15.993
  -7.103 -16.132 -16.132
  -7.098 -15.989 -16.189
  -7.092 -15.380 -15.654
  -7.086 -16.092 -16.281
  -7.081 -15.796 -16.032
  -7.075 -15.631 -15.918
  -7.070 -15.857 -16.108
  -7.064 -16.389 -16.389
  -7.059 -16.284 -16.284
  -7.054 -15.419 -15.804
  -7.049 -16.282 -16.282
  -7.043 -15.440 -16.123
  -7.038 -16.488 -16.665
  -7.033 -16.434 -16.434
  -7.029 -16.156 -16.156
  -7.024 -16.048 -16.396
  -7.019 -16.213 -16.368
  -7.014 -16.127 -16.127
  -7.009 -15.690 -16.049
  -7.005 -16.223 -16.223
  -7.000 -16.440 -16.668
  -6.995 -16.356 -16.356
  -6.991 -15.858 -16.529
  -6.986 -15.942 -16.631
  -6.982 -16.124 -16.902
  -6.978 -15.001 -16.599
  -6.973 -16.321 -16.321
  -6.969 -16.851 -17.454
  -6.965 -16.645 -16.645
  -6.961 -15.886 -16.521
  -6.956 -16.263 -16.263
  -6.952 -16.358 -16.618
  -6.948 -15.870 -16.143
  -6.944 -16.613 -16.958
  -6.940 -16.417 -16.804
  -6.936 -15.591 -15.785
  -6.932 -16.356 -16.710
  -6.928 -16.341 -16.771
  -6.924 -16.484 -16.642
  -6.920 -16.175 -16.736
  -6.917 -15.173 -16.354
  -6.913 -15.390 -16.629
  -6.909 -15.983 -16.618
  -6.905 -22.284 -22.284
  -6.902 -22.830 -22.830
  -6.898 -16.744 -16.744
  -6.894 -15.764 -16.538
  -6.891 -15.868 -16.480
  -6.887 -15.850 -16.436
  -6.884 -15.834 -16.349
  -6.880 -15.950 -16.298
  -6.877 -16.077 -16.744
  -6.873 -16.201 -16.396
  -6.870 -16.762 -16.952
  -6.867 -17.020 -49.500
  -6.863 -16.756 -17.396
  -6.860 -16.840 -17.459
  -6.857 -17.011 -17.279
  -6.853 -17.500 -49.500
  -6.850 -16.881 -17.074
  -6.847 -16.781 -17.234
  -6.844 -17.365 -49.500
  -6.840 -16.861 -49.500
  -6.837 -16.601 -16.844
  -6.834 -16.258 -16.548
  -6.831 -16.054 -16.775
  -6.828 -15.523 -16.043
  -6.825 -49.500     NaN
  -6.822 -16.002 -16.211
  -6.819 -16.042 -16.439
  -6.816 -16.576 -16.576
  -6.813 -49.500     NaN
  -6.810 -15.661 -17.188
  -6.807 -49.500     NaN
  -6.804 -15.602 -16.239
  -6.801 -16.217 -49.500
  -6.798 -15.760 -49.500
  -6.795 -16.003 -49.500
  -6.792 -16.715 -49.500
  -6.789 -49.500 -49.500
  -6.787 -49.500 -49.500
  -6.784 -16.436 -16.652
  -6.781 -15.418 -15.418
  -6.778 -16.499 -16.885
  -6.775 -15.579 -16.726
  -6.773 -49.500     NaN
  -6.770 -16.631 -49.500
  -6.767 -16.643 -49.500
  -6.765 -16.253 -16.828
  -6.762 -49.500     NaN
  -6.759 -14.592 -49.500
  -6.757 -16.380 -16.593
  -6.754 -49.500     NaN
  -6.751 -49.500     NaN
  -6.749 -49.500     NaN
  -6.746 -49.500     NaN
  -6.744 -16.832 -49.500
  -6.741 -16.344 -49.500
  -6.739 -15.885 -16.371
  -6.736 -15.762 -15.762
  -6.734 -49.500     NaN
  -6.731 -49.500 -49.500
  -6.729 -49.500     NaN
  -6.726 -49.500     NaN
  -6.724 -49.500     NaN
  -6.721 -17.003 -49.500
  -6.719 -49.500     NaN
  -6.717 -49.500 -49.500
  -6.714 -49.500     NaN
  -6.712 -15.747 -49.500
  -6.709 -49.500     NaN
  -6.707 -17.335 -49.500
  -6.705 -49.500     NaN
  -6.702 -16.823 -49.500
  -6.700 -49.500 -49.500
  -6.698 -15.724 -15.957
  -6.696 -49.500 -49.500
  -6.693 -16.731 -16.731
  -6.691 -49.500     NaN
  -6.689 -16.741 -49.500
  -6.687 -16.457 -16.457
  -6.684 -49.500     NaN
  -6.682 -49.500     NaN
  -6.680 -49.500 -49.500
  -6.678 -49.500 -49.500
  -6.675 -49.500     NaN
  -6.673 -49.500 -49.500
  -6.671 -49.500 -49.500
  -6.669 -49.500 -49.500
  -6.667 -49.500     NaN
  -6.665 -49.500     NaN
  -6.663 -14.948 -16.785
  -6.661 -49.500     NaN
  -6.658 -49.500 -49.500
  -6.656 -49.500     NaN
  -6.654 -49.500 -49.500
  -6.652 -49.500 -49.500
  -6.650 -49.500 -49.500
  -6.648 -49.500 -49.500
  -6.646 -49.500 -49.500
  -6.644 -49.500 -49.500
  -6.642 -49.500     NaN
  -6.640 -15.356 -49.500
  -6.638 -49.500     NaN
  -6.636 -49.500 -49.500
  -6.634 -49.500     NaN
  -6.632 -49.500 -49.500
  -6.630 -49.500 -49.500
  -6.628 -15.142 -15.142
  -6.626 -49.500 -49.500
  -6.624 -16.942 -16.942
  -6.622 -49.500 -49.500
  -6.620 -49.500 -49.500
  -6.618 -49.500 -49.500
  -6.617 -49.500 -49.500
  -6.615 -16.646 -16.646
  -6.613 -49.500     NaN
  -6.611 -49.500 -49.500
  -6.609 -49.500 -49.500
  -6.607 -49.500 -49.500
  -6.605 -16.024 -49.500
  -6.603 -49.500 -49.500
  -6.602 -49.500 -49.500
  -6.600 -16.570 -49.500
  -6.598 -49.500 -49.500
  -6.596 -16.696 -16.696
  -6.594 -49.500 -49.500
