  -8.861 -14.152 -14.152
  -8.599 -14.274 -14.274
  -8.442 -14.344 -14.344
  -8.329 -14.348 -14.503
  -8.239 -14.507 -14.507
  -8.166 -14.514 -14.514
  -8.103 -14.562 -14.562
  -8.048 -14.697 -14.697
  -7.999 -14.746 -14.746
  -7.955 -14.784 -14.784
  -7.916 -14.827 -14.827
  -7.879 -14.914 -14.914
  -7.846 -14.883 -14.883
  -7.815 -14.632 -14.790
  -7.786 -14.842 -15.024
  -7.758 -14.761 -14.761
  -7.733 -14.962 -14.962
  -7.709 -14.947 -14.947
  -7.686 -14.068 -15.084
  -7.664 -15.142 -15.142
  -7.643 -15.145 -15.145
  -7.624 -15.220 -15.220
  -7.605 -15.024 -15.024
  -7.586 -15.181 -15.181
  -7.569 -15.090 -15.090
  -7.552 -15.167 -15.475
  -7.536 -15.435 -15.435
  -7.521 -15.194 -15.194
  -7.506 -15.412 -15.412
  -7.491 -14.731 -15.442
  -7.477 -15.639 -15.639
  -7.464 -15.608 -15.608
  -7.451 -15.412 -15.412
  -7.438 -15.357 -15.357
  -7.425 -15.335 -15.530
  -7.413 -15.394 -15.693
  -7.401 -15.700 -15.700
  -7.390 -14.777 -15.570
  -7.379 -15.404 -15.404
  -7.368 -15.272 -15.272
  -7.357 -15.322 -15.688
  -7.347 -15.225 -15.564
  -7.337 -15.171 -15.413
  -7.327 -15.281 -15.658
  -7.317 -15.678 -15.678
  -7.308 -15.270 -15.270
  -7.299 -15.575 -15.575
  -7.290 -15.903 -15.903
  -7.281 -15.828 -15.828
  -7.272 -15.439 -15.782
  -7.264 -15.810 -15.810
  -7.255 -15.458 -15.636
  -7.247 -15.513 -15.694
  -7.239 -15.607 -16.109
  -7.231 -15.568 -15.568
  -7.223 -15.921 -15.921
  -7.216 -15.775 -15.775
  -7.208 -15.975 -15.975
  -7.201 -15.576 -15.944
  -7.194 -15.900 -16.074
  -7.187 -15.854 -15.854
  -7.180 -15.642 -15.801
  -7.173 -16.153 -16.153
  -7.166 -15.702 -15.856
  -7.159 -16.296 -16.296
  -7.153 -16.119 -16.119
  -7.146 -15.714 -15.878
  -7.140 -15.997 -16.191
  -7.133 -15.640 -15.640
  -7.127 -15.966 -16.245
  -7.121 -16.139 -16.139
  -7.115 -15.876 -15.876
  -7.109 -16.016 -16.333
  -7.103 -15.359 -15.848
  -7.098 -15.890 -15.890
  -7.092 -15.662 -16.053
  -7.086 -16.132 -16.336
  -7.081 -16.439 -16.439
  -7.075 -15.902 -16.087
  -7.070 -16.094 -16.094
  -7.064 -16.497 -16.649
  -7.059 -15.586 -16.162
  -7.054 -16.262 -16.262
  -7.049 -16.150 -16.150
  -7.043 -16.209 -16.393
  -7.038 -15.500 -16.403
  -7.033 -15.928 -16.283
  -7.029 -15.908 -16.284
  -7.024 -15.093 -16.187
  -7.019 -16.118 -16.651
  -7.014 -16.337 -16.337
  -7.009 -16.107 -16.107
  -7.005 -15.835 -15.998
  -7.000 -15.788 -16.015
  -6.995 -16.259 -16.579
  -6.991 -15.758 -16.790
  -6.986 -16.611 -16.774
  -6.982 -16.293 -16.498
  -6.978 -16.142 -16.581
  -6.973 -16.153 -16.343
  -6.969 -16.459 -16.782
  -6.965 -16.312 -16.312
  -6.961 -15.611 -16.108
  -6.956 -15.987 -16.329
  -6.952 -16.413 -16.619
  -6.948 -16.325 -16.325
  -6.944 -16.353 -16.799
  -6.940 -16.718 -17.129
  -6.936 -15.875 -16.123
  -6.932 -16.088 -16.088
  -6.928 -16.866 -17.224
  -6.924 -16.429 -49.500
  -6.920 -16.330 -16.522
  -6.917 -16.977 -17.195
  -6.913 -16.178 -16.401
  -6.909 -16.346 -16.346
  -6.905 -16.608 -17.145
  -6.902 -15.937 -16.386
  -6.898 -16.725 -16.890
  -6.894 -16.681 -22.922
  -6.891 -16.001 -16.001
  -6.887 -49.500 -49.500
  -6.884 -16.139 -16.412
  -6.880 -49.500     NaN
  -6.877 -15.402 -16.276
  -6.873 -49.500 -49.500
  -6.870 -16.443 -17.032
  -6.867 -49.500     NaN
  -6.863 -16.182 -16.609
  -6.860 -49.500 -49.500
  -6.857 -16.317 -17.223
  -6.853 -49.500     NaN
  -6.850 -16.398 -16.554
  -6.847 -16.488 -16.890
  -6.844 -15.484 -16.335
  -6.840 -15.991 -17.139
  -6.837 -16.130 -17.474
  -6.834 -16.986 -49.500
  -6.831 -49.500     NaN
  -6.828 -16.417 -17.095
  -6.825 -15.441 -17.393
  -6.822 -16.289 -16.726
  -6.819 -16.640 -49.500
  -6.816 -49.500     NaN
  -6.813 -16.792 -49.500
  -6.810 -15.820 -16.065
  -6.807 -17.169 -49.500
  -6.804 -16.755 -49.500
  -6.801 -16.442 -16.674
  -6.798 -49.500     NaN
  -6.795 -16.801 -17.157
  -6.792 -16.556 -49.500
  -6.789 -16.856 -49.500
  -6.787 -49.500 -49.500
  -6.784 -49.500     NaN
  -6.781 -49.500     NaN
  -6.778 -15.999 -49.500
  -6.775 -15.974 -16.703
  -6.773 -49.500     NaN
  -6.770 -49.500     NaN
  -6.767 -17.166 -49.500
  -6.765 -16.936 -49.500
  -6.762 -16.106 -16.106
  -6.759 -49.500 -49.500
  -6.757 -49.500 -49.500
  -6.754 -16.765 -17.043
  -6.751 -49.500 -49.500
  -6.749 -49.500     NaN
  -6.746 -16.084 -49.500
  -6.744 -17.306 -49.500
  -6.741 -49.500     NaN
  -6.739 -49.500     NaN
  -6.736 -49.500     NaN
  -6.734 -16.572 -16.572
  -6.731 -16.544 -16.845
  -6.729 -16.373 -16.608
  -6.726 -49.500 -49.500
  -6.724 -16.566 -16.566
  -6.721 -49.500 -49.500
  -6.719 -16.534 -49.500
  -6.717 -49.500     NaN
  -6.714 -15.824 -49.500
  -6.712 -49.500 -49.500
  -6.709 -16.421 -16.421
  -6.707 -16.765 -49.500
  -6.705 -49.500     NaN
  -6.702 -15.656 -15.656
  -6.700 -49.500 -49.500
  -6.698 -16.110 -16.903
  -6.696 -49.500     NaN
  -6.693 -49.500 -49.500
  -6.691 -17.089 -17.322
  -6.689 -16.825 -49.500
  -6.687 -16.803 -16.803
  -6.684 -49.500 -49.500
  -6.682 -49.500 -49.500
  -6.680 -49.500     NaN
  -6.678 -15.912 -49.500
  -6.675 -49.500 -49.500
  -6.673 -49.500 -49.500
  -6.671 -49.500 -49.500
  -6.669 -49.500     NaN
  -6.667 -49.500 -49.500
  -6.665 -49.500 -49.500
  -6.663 -49.500     NaN
  -6.661 -16.761 -49.500
  -6.658 -16.670 -16.670
  -6.656 -49.500 -49.500
  -6.654 -49.500     NaN
  -6.652 -16.590 -49.500
  -6.650 -16.424 -49.500
  -6.648 -16.981 -16.981
  -6.646 -16.095 -16.095
  -6.644 -49.500 -49.500
  -6.642 -49.500 -49.500
  -6.640 -49.500 -49.500
  -6.638 -15.955 -15.955
  -6.636 -17.234 -49.500
  -6.634 -15.639 -49.500
  -6.632 -49.500 -49.500
  -6.630 -49.500     NaN
  -6.628 -49.500 -49.500
  -6.626 -49.500 -49.500
  -6.624 -49.500 -49.500
  -6.622 -49.500     NaN
  -6.620 -49.500 -49.500
  -6.618 -49.500     NaN
  -6.617 -49.500 -49.500
  -6.615 -15.735 -15.735
  -6.613 -49.500 -49.500
  -6.611 -49.500     NaN
  -6.609 -49.500 -49.500
  -6.607 -49.500 -49.500
  -6.605 -49.500 -49.500
  -6.603 -49.500 -49.500
  -6.602 -49.500 -49.500
  -6.600 -49.500     NaN
  -6.598 -16.629 -49.500
  -6.596 -16.830 -16.830
  -6.594 -49.500 -49.500
