  -8.861 -14.096 -14.096
  -8.599 -14.249 -14.249
  -8.442 -14.415 -14.415
  -8.329 -14.512 -14.512
  -8.239 -14.425 -14.425
  -8.166 -14.444 -14.444
  -8.103 -14.623 -14.623
  -8.048 -14.418 -14.686
  -7.999 -14.777 -14.777
  -7.955 -14.879 -14.879
  -7.916 -14.971 -14.971
  -7.879 -14.829 -14.829
  -7.846 -14.953 -14.953
  -7.815 -15.033 -15.033
  -7.786 -14.955 -14.955
  -7.758 -14.963 -14.963
  -7.733 -14.004 -15.011
  -7.709 -14.758 -14.914
  -7.686 -15.054 -15.054
  -7.664 -14.610 -14.960
  -7.643 -14.890 -15.155
  -7.624 -14.770 -15.055
  -7.605 -15.240 -15.240
  -7.586 -15.207 -15.207
  -7.569 -14.566 -14.890
  -7.552 -15.427 -15.427
  -7.536 -15.142 -15.142
  -7.521 -15.390 -15.390
  -7.506 -15.317 -15.317
  -7.491 -15.198 -15.413
  -7.477 -15.361 -15.361
  -7.464 -14.977 -15.370
  -7.451 -15.400 -15.664
  -7.438 -15.375 -15.602
  -7.425 -15.246 -15.246
  -7.413 -15.440 -15.601
  -7.401 -15.539 -15.539
  -7.390 -15.385 -15.385
  -7.379 -15.489 -15.642
  -7.368 -15.514 -15.809
  -7.357 -15.474 -15.474
  -7.347 -15.650 -15.807
  -7.337 -15.006 -15.551
  -7.327 -15.797 -15.797
  -7.317 -15.595 -15.763
  -7.308 -15.587 -15.587
  -7.299 -15.722 -15.722
  -7.290 -14.789 -15.121
  -7.281 -15.408 -15.823
  -7.272 -15.780 -16.003
  -7.264 -15.409 -15.684
  -7.255 -15.490 -15.655
  -7.247 -15.511 -15.511
  -7.239 -15.507 -15.756
  -7.231 -15.797 -15.797
  -7.223 -15.771 -15.771
  -7.216 -15.095 -15.420
  -7.208 -15.420 -15.767
  -7.201 -16.270 -16.270
  -7.194 -15.673 -15.883
  -7.187 -15.731 -15.935
  -7.180 -15.818 -16.234
  -7.173 -16.234 -16.234
  -7.166 -15.581 -15.809
  -7.159 -16.150 -16.150
  -7.153 -15.675 -15.839
  -7.146 -15.568 -16.064
  -7.140 -16.046 -16.046
  -7.133 -16.305 -16.305
  -7.127 -15.549 -16.227
  -7.121 -16.035 -16.035
  -7.115 -16.049 -16.049
  -7.109 -14.747 -16.048
  -7.103 -16.085 -16.085
  -7.098 -16.296 -16.296
  -7.092 -15.130 -15.973
  -7.086 -16.015 -16.252
  -7.081 -15.701 -16.059
  -7.075 -16.110 -16.510
  -7.070 -16.151 -16.370
  -7.064 -14.305 -15.218
  -7.059 -16.251 -16.251
  -7.054 -16.130 -16.130
  -7.049 -15.977 -16.140
  -7.043 -15.458 -15.969
  -7.038 -15.746 -16.355
  -7.033 -15.343 -16.112
  -7.029 -15.431 -16.077
  -7.024 -16.359 -16.359
  -7.019 -16.293 -16.471
  -7.014 -16.181 -16.181
  -7.009 -14.806 -15.545
  -7.005 -16.279 -16.658
  -7.000 -16.369 -16.369
  -6.995 -15.444 -15.927
  -6.991 -15.881 -16.095
  -6.986 -15.655 -16.089
  -6.982 -16.153 -16.526
  -6.978 -16.218 -17.075
  -6.973 -16.543 -16.708
  -6.969 -16.132 -16.360
  -6.965 -16.102 -16.466
  -6.961 -16.693 -16.844
  -6.956 -15.137 -16.401
  -6.952 -16.055 -16.337
  -6.948 -16.410 -16.601
  -6.944 -16.670 -16.960
  -6.940 -16.436 -16.921
  -6.936 -14.563 -16.008
  -6.932 -16.185 -16.422
  -6.928 -16.427 -17.085
  -6.924 -15.864 -16.225
  -6.920 -15.860 -16.028
  -6.917 -15.856 -16.030
  -6.913 -16.855 -23.503
  -6.909 -16.264 -16.502
  -6.905 -15.847 -16.547
  -6.902 -23.185 -23.185
  -6.898 -15.675 -16.144
  -6.894 -15.854 -17.000
  -6.891 -16.203 -16.488
  -6.887 -16.309 -49.500
  -6.884 -16.816 -17.214
  -6.880 -16.743 -17.005
  -6.877 -16.595 -16.795
  -6.873 -15.451 -16.267
  -6.870 -16.504 -49.500
  -6.867 -16.753 -49.500
  -6.863 -15.984 -16.204
  -6.860 -16.523 -49.500
  -6.857 -16.656 -16.867
  -6.853 -16.752 -49.500
  -6.850 -16.647 -16.904
  -6.847 -16.036 -16.676
  -6.844 -16.022 -17.181
  -6.840 -16.543 -17.242
  -6.837 -16.537 -17.056
  -6.834 -16.176 -49.500
  -6.831 -16.152 -49.500
  -6.828 -16.153 -16.153
  -6.825 -16.460 -16.707
  -6.822 -16.817 -49.500
  -6.819 -16.082 -16.794
  -6.816 -15.855 -17.033
  -6.813 -17.435 -49.500
  -6.810 -16.375 -49.500
  -6.807 -49.500     NaN
  -6.804 -49.500     NaN
  -6.801 -17.393 -49.500
  -6.798 -16.519 -49.500
  -6.795 -16.864 -49.500
  -6.792 -16.123 -16.931
  -6.789 -16.434 -16.955
  -6.787 -14.732 -49.500
  -6.784 -16.670 -49.500
  -6.781 -16.402 -16.402
  -6.778 -49.500 -49.500
  -6.775 -49.500     NaN
  -6.773 -15.993 -16.584
  -6.770 -16.592 -49.500
  -6.767 -49.500     NaN
  -6.765 -16.619 -16.988
  -6.762 -16.459 -16.459
  -6.759 -49.500     NaN
  -6.757 -49.500     NaN
  -6.754 -49.500     NaN
  -6.751 -16.629 -49.500
  -6.749 -16.697 -17.022
  -6.746 -49.500     NaN
  -6.744 -15.909 -16.976
  -6.741 -49.500     NaN
  -6.739 -16.330 -16.330
  -6.736 -49.500     NaN
  -6.734 -16.921 -16.921
  -6.731 -49.500 -49.500
  -6.729 -49.500 -49.500
  -6.726 -16.363 -16.363
  -6.724 -49.500 -49.500
  -6.721 -49.500     NaN
  -6.719 -49.500     NaN
  -6.717 -49.500     NaN
  -6.714 -16.134 -16.592
  -6.712 -16.620 -16.954
  -6.709 -16.255 -16.255
  -6.707 -49.500     NaN
  -6.705 -49.500     NaN
  -6.702 -49.500 -49.500
  -6.700 -15.263 -49.500
  -6.698 -49.500 -49.500
  -6.696 -49.500 -49.500
  -6.693 -49.500     NaN
  -6.691 -16.595 -49.500
  -6.689 -16.791 -16.791
  -6.687 -49.500     NaN
  -6.684 -49.500 -49.500
  -6.682 -15.573 -16.968
  -6.680 -15.911 -49.500
  -6.678 -49.500     NaN
  -6.675 -49.500 -49.500
  -6.673 -16.932 -16.932
  -6.671 -16.822 -49.500
  -6.669 -49.500 -49.500
  -6.667 -49.500 -49.500
  -6.665 -16.746 -49.500
  -6.663 -49.500 -49.500
  -6.661 -16.646 -49.500
  -6.658 -16.673 -49.500
  -6.656 -49.500     NaN
  -6.654 -49.500     NaN
  -6.652 -49.500 -49.500
  -6.650 -49.500 -49.500
  -6.648 -49.500 -49.500
  -6.646 -49.500     NaN
  -6.644 -49.500 -49.500
  -6.642 -16.622 -16.622
  -6.640 -49.500 -49.500
  -6.638 -49.500     NaN
  -6.636 -17.269 -49.500
  -6.634 -49.500 -49.500
  -6.632 -49.500 -49.500
  -6.630 -16.160 -16.387
  -6.628 -16.715 -49.500
  -6.626 -15.856 -15.856
  -6.624 -16.696 -49.500
  -6.622 -49.500 -49.500
  -6.620 -16.207 -49.500
  -6.618 -16.346 -16.346
  -6.617 -49.500 -49.500
  -6.615 -49.500     NaN
  -6.613 -17.243 -17.243
  -6.611 -49.500 -49.500
  -6.609 -49.500 -49.500
  -6.607 -49.500 -49.500
  -6.605 -49.500 -49.500
  -6.603 -49.500 -49.500
  -6.602 -16.925 -49.500
  -6.600 -49.500 -49.500
  -6.598 -49.500 -49.500
  -6.596 -49.500 -49.500
  -6.594 -49.500 -49.500
