  -8.861 -14.096 -14.096
  -8.599 -14.281 -14.281
  -8.442 -14.335 -14.335
  -8.329 -14.331 -14.331
  -8.239 -14.580 -14.580
  -8.166 -14.631 -14.631
  -8.103 -14.512 -14.512
  -8.048 -14.739 -14.739
  -7.999 -14.791 -14.791
  -7.955 -14.856 -14.856
  -7.916 -14.680 -14.680
  -7.879 -14.202 -14.532
  -7.846 -14.629 -14.629
  -7.815 -14.766 -14.766
  -7.786 -14.736 -14.906
  -7.758 -14.667 -15.018
  -7.733 -14.971 -14.971
  -7.709 -14.485 -15.008
  -7.686 -14.839 -15.005
  -7.664 -15.153 -15.153
  -7.643 -14.775 -14.926
  -7.624 -15.220 -15.220
  -7.605 -15.247 -15.247
  -7.586 -15.085 -15.085
  -7.569 -15.236 -15.236
  -7.552 -15.240 -15.240
  -7.536 -14.643 -14.849
  -7.521 -15.351 -15.351
  -7.506 -15.247 -15.247
  -7.491 -15.236 -15.236
  -7.477 -15.319 -15.532
  -7.464 -15.262 -15.262
  -7.451 -15.362 -15.514
  -7.438 -15.532 -15.532
  -7.425 -15.407 -15.407
  -7.413 -15.134 -15.453
  -7.401 -15.506 -15.667
  -7.390 -15.739 -15.739
  -7.379 -14.874 -15.032
  -7.368 -15.696 -15.696
  -7.357 -15.535 -15.707
  -7.347 -15.685 -15.685
  -7.337 -15.640 -15.640
  -7.327 -14.940 -15.549
  -7.317 -15.283 -15.713
  -7.308 -14.970 -15.650
  -7.299 -14.852 -15.528
  -7.290 -15.895 -15.895
  -7.281 -15.262 -15.590
  -7.272 -15.440 -15.877
  -7.264 -15.677 -15.840
  -7.255 -14.441 -15.343
  -7.247 -15.605 -15.605
  -7.239 -15.341 -15.572
  -7.231 -15.684 -15.684
  -7.223 -14.609 -15.612
  -7.216 -15.716 -15.716
  -7.208 -15.181 -15.697
  -7.201 -15.864 -15.864
  -7.194 -15.906 -15.906
  -7.187 -15.947 -16.111
  -7.180 -15.872 -15.872
  -7.173 -16.223 -16.223
  -7.166 -16.126 -16.126
  -7.159 -16.189 -16.189
  -7.153 -15.403 -15.670
  -7.146 -15.667 -15.833
  -7.140 -16.287 -16.287
  -7.133 -15.604 -16.064
  -7.127 -15.424 -15.692
  -7.121 -15.189 -15.363
  -7.115 -15.842 -16.117
  -7.109 -16.375 -16.375
  -7.103 -16.267 -16.481
  -7.098 -15.859 -15.859
  -7.092 -15.637 -15.944
  -7.086 -16.234 -16.234
  -7.081 -15.999 -16.249
  -7.075 -16.110 -16.110
  -7.070 -15.880 -16.417
  -7.064 -16.188 -16.373
  -7.059 -15.992 -16.211
  -7.054 -16.501 -16.663
  -7.049 -15.433 -15.879
  -7.043 -15.540 -15.863
  -7.038 -16.058 -16.236
  -7.033 -16.243 -16.243
  -7.029 -15.934 -16.121
  -7.024 -15.995 -15.995
  -7.019 -15.994 -16.293
  -7.014 -16.232 -16.232
  -7.009 -16.205 -16.603
  -7.005 -16.123 -16.348
  -7.000 -15.813 -16.623
  -6.995 -14.925 -16.280
  -6.991 -16.457 -16.457
  -6.986 -16.424 -16.674
  -6.982 -16.526 -16.748
  -6.978 -16.150 -16.307
  -6.973 -16.548 -16.548
  -6.969 -16.357 -16.679
  -6.965 -16.605 -16.852
  -6.961 -16.333 -16.790
  -6.956 -15.715 -16.766
  -6.952 -15.902 -15.902
  -6.948 -15.897 -16.437
  -6.944 -16.269 -16.478
  -6.940 -15.931 -16.300
  -6.936 -17.038 -49.500
  -6.932 -15.715 -15.912
  -6.928 -16.537 -16.795
  -6.924 -16.411 -49.500
  -6.920 -16.083 -16.881
  -6.917 -16.343 -16.343
  -6.913 -16.463 -16.783
  -6.909 -16.471 -16.972
  -6.905 -16.787 -17.447
  -6.902 -22.155 -22.155
  -6.898 -15.463 -15.837
  -6.894 -16.340 -16.928
  -6.891 -15.074 -15.074
  -6.887 -17.088 -49.500
  -6.884 -16.242 -16.493
  -6.880 -16.191 -49.500
  -6.877 -15.954 -16.971
  -6.873 -16.490 -17.022
  -6.870 -16.398 -49.500
  -6.867 -15.827 -16.025
  -6.863 -17.027 -49.500
  -6.860 -49.500     NaN
  -6.857 -16.087 -16.720
  -6.853 -49.500     NaN
  -6.850 -15.934 -16.191
  -6.847 -16.269 -16.480
  -6.844 -16.260 -49.500
  -6.840 -49.500 -49.500
  -6.837 -16.066 -16.322
  -6.834 -49.500     NaN
  -6.831 -16.284 -16.725
  -6.828 -14.840 -15.770
  -6.825 -16.286 -16.468
  -6.822 -49.500     NaN
  -6.819 -16.819 -49.500
  -6.816 -16.695 -49.500
  -6.813 -15.927 -16.201
  -6.810 -16.783 -49.500
  -6.807 -16.266 -16.495
  -6.804 -49.500     NaN
  -6.801 -16.679 -17.095
  -6.798 -15.967 -16.144
  -6.795 -16.390 -49.500
  -6.792 -49.500     NaN
  -6.789 -49.500     NaN
  -6.787 -17.476 -49.500
  -6.784 -16.710 -49.500
  -6.781 -16.140 -16.707
  -6.778 -16.469 -49.500
  -6.775 -15.210 -16.985
  -6.773 -49.500     NaN
  -6.770 -49.500 -49.500
  -6.767 -15.923 -16.130
  -6.765 -16.294 -16.657
  -6.762 -15.881 -49.500
  -6.759 -16.324 -49.500
  -6.757 -49.500     NaN
  -6.754 -49.500     NaN
  -6.751 -16.467 -49.500
  -6.749 -49.500 -49.500
  -6.746 -16.428 -49.500
  -6.744 -49.500     NaN
  -6.741 -16.378 -49.500
  -6.739 -17.010 -49.500
  -6.736 -17.055 -49.500
  -6.734 -16.504 -49.500
  -6.731 -49.500     NaN
  -6.729 -16.759 -49.500
  -6.726 -49.500     NaN
  -6.724 -17.107 -49.500
  -6.721 -16.033 -16.033
  -6.719 -49.500     NaN
  -6.717 -49.500 -49.500
  -6.714 -16.045 -16.210
  -6.712 -49.500 -49.500
  -6.709 -49.500     NaN
  -6.707 -16.505 -16.505
  -6.705 -16.674 -16.674
  -6.702 -16.403 -16.403
  -6.700 -17.198 -49.500
  -6.698 -49.500     NaN
  -6.696 -49.500 -49.500
  -6.693 -16.951 -49.500
  -6.691 -49.500 -49.500
  -6.689 -49.500     NaN
  -6.687 -49.500 -49.500
  -6.684 -49.500 -49.500
  -6.682 -16.045 -49.500
  -6.680 -16.602 -49.500
  -6.678 -49.500     NaN
  -6.675 -16.529 -16.529
  -6.673 -49.500 -49.500
  -6.671 -15.893 -15.893
  -6.669 -49.500 -49.500
  -6.667 -49.500     NaN
  -6.665 -49.500 -49.500
  -6.663 -49.500 -49.500
  -6.661 -16.355 -16.652
  -6.658 -16.464 -49.500
  -6.656 -49.500 -49.500
  -6.654 -49.500 -49.500
  -6.652 -49.500 -49.500
  -6.650 -49.500 -49.500
  -6.648 -49.500 -49.500
  -6.646 -16.739 -16.739
  -6.644 -49.500 -49.500
  -6.642 -49.500     NaN
  -6.640 -49.500     NaN
  -6.638 -49.500 -49.500
  -6.636 -49.500     NaN
  -6.634 -49.500 -49.500
  -6.632 -49.500 -49.500
  -6.630 -49.500     NaN
  -6.628 -49.500 -49.500
  -6.626 -16.577 -49.500
  -6.624 -49.500 -49.500
  -6.622 -49.500 -49.500
  -6.620 -49.500 -49.500
  -6.618 -16.672 -16.672
  -6.617 -49.500     NaN
  -6.615 -49.500 -49.500
  -6.613 -15.873 -16.333
  -6.611 -16.396 -16.396
  -6.609 -49.500 -49.500
  -6.607 -49.500 -49.500
  -6.605 -49.500 -49.500
  -6.603 -49.500 -49.500
  -6.602 -49.500 -49.500
  -6.600 -15.895 -49.500
  -6.598 -49.500     NaN
  -6.596 -16.322 -16.587
  -6.594 -49.500 -49.500
