  -8.861 -14.132 -14.132
  -8.599 -14.282 -14.282
  -8.442 -14.317 -14.317
  -8.329 -14.438 -14.438
  -8.239 -14.518 -14.518
  -8.166 -14.312 -14.579
  -8.103 -14.716 -14.716
  -8.048 -14.753 -14.753
  -7.999 -14.797 -14.797
  -7.955 -14.748 -14.748
  -7.916 -14.706 -14.706
  -7.879 -14.684 -14.684
  -7.846 -14.859 -14.859
  -7.815 -14.825 -15.014
  -7.786 -14.916 -14.916
  -7.758 -15.001 -15.001
  -7.733 -15.029 -15.029
  -7.709 -14.590 -15.022
  -7.686 -15.103 -15.103
  -7.664 -14.984 -14.984
  -7.643 -15.145 -15.145
  -7.624 -15.202 -15.202
  -7.605 -15.047 -15.047
  -7.586 -14.989 -15.142
  -7.569 -15.098 -15.098
  -7.552 -14.791 -15.160
  -7.536 -15.249 -15.249
  -7.521 -15.262 -15.262
  -7.506 -15.390 -15.390
  -7.491 -15.095 -15.262
  -7.477 -15.416 -15.416
  -7.464 -15.206 -15.439
  -7.451 -15.062 -15.382
  -7.438 -15.461 -15.461
  -7.425 -14.405 -15.290
  -7.413 -15.312 -15.556
  -7.401 -15.006 -15.202
  -7.390 -15.477 -15.477
  -7.379 -15.553 -15.553
  -7.368 -15.568 -15.568
  -7.357 -15.245 -15.535
  -7.347 -15.450 -15.748
  -7.337 -15.493 -15.493
  -7.327 -15.717 -15.717
  -7.317 -15.724 -15.724
  -7.308 -15.330 -15.595
  -7.299 -15.743 -15.743
  -7.290 -15.321 -15.321
  -7.281 -15.490 -15.490
  -7.272 -13.751 -15.265
  -7.264 -15.019 -15.567
  -7.255 -15.517 -15.815
  -7.247 -15.985 -15.985
  -7.239 -15.648 -16.076
  -7.231 -15.364 -15.751
  -7.223 -15.041 -15.597
  -7.216 -15.754 -15.754
  -7.208 -15.332 -15.500
  -7.201 -15.779 -15.945
  -7.194 -15.714 -15.714
  -7.187 -15.961 -15.961
  -7.180 -15.476 -15.639
  -7.173 -15.978 -16.281
  -7.166 -15.831 -15.831
  -7.159 -15.756 -16.287
  -7.153 -16.107 -16.107
  -7.146 -15.370 -15.536
  -7.140 -15.464 -16.102
  -7.133 -15.817 -15.817
  -7.127 -15.748 -16.114
  -7.121 -16.107 -16.261
  -7.115 -16.177 -16.177
  -7.109 -14.437 -15.970
  -7.103 -15.873 -16.066
  -7.098 -15.999 -16.196
  -7.092 -15.880 -15.880
  -7.086 -16.112 -16.112
  -7.081 -15.635 -16.087
  -7.075 -16.304 -16.304
  -7.070 -15.284 -15.896
  -7.064 -16.194 -16.347
  -7.059 -14.259 -15.434
  -7.054 -16.197 -16.197
  -7.049 -16.696 -16.696
  -7.043 -16.154 -16.386
  -7.038 -15.873 -16.215
  -7.033 -15.602 -15.879
  -7.029 -16.393 -16.857
  -7.024 -15.676 -16.146
  -7.019 -15.868 -16.345
  -7.014 -15.636 -15.808
  -7.009 -16.592 -16.592
  -7.005 -16.142 -16.425
  -7.000 -16.128 -16.395
  -6.995 -15.302 -15.844
  -6.991 -15.659 -15.811
  -6.986 -16.211 -16.716
  -6.982 -15.125 -15.774
  -6.978 -16.315 -16.717
  -6.973 -16.320 -16.631
  -6.969 -15.941 -17.032
  -6.965 -17.024 -17.315
  -6.961 -16.760 -16.977
  -6.956 -15.838 -16.207
  -6.952 -17.031 -17.242
  -6.948 -16.367 -16.596
  -6.944 -15.262 -15.593
  -6.940 -16.405 -16.405
  -6.936 -16.370 -16.370
  -6.932 -16.160 -16.402
  -6.928 -15.547 -16.410
  -6.924 -16.447 -16.711
  -6.920 -49.500     NaN
  -6.917 -16.150 -17.025
  -6.913 -16.362 -16.678
  -6.909 -16.088 -16.259
  -6.905 -17.413 -22.862
  -6.902 -16.226 -16.537
  -6.898 -15.038 -16.433
  -6.894 -16.230 -17.253
  -6.891 -16.487 -22.115
  -6.887 -16.260 -16.451
  -6.884 -16.207 -16.207
  -6.880 -16.475 -16.475
  -6.877 -16.610 -49.500
  -6.873 -16.970 -49.500
  -6.870 -16.618 -49.500
  -6.867 -17.132 -49.500
  -6.863 -16.786 -16.786
  -6.860 -49.500     NaN
  -6.857 -49.500     NaN
  -6.853 -49.500     NaN
  -6.850 -16.367 -16.683
  -6.847 -49.500 -49.500
  -6.844 -16.684 -16.891
  -6.840 -16.689 -16.861
  -6.837 -16.160 -16.160
  -6.834 -49.500     NaN
  -6.831 -16.278 -49.500
  -6.828 -17.053 -49.500
  -6.825 -16.132 -16.309
  -6.822 -16.174 -49.500
  -6.819 -16.294 -16.462
  -6.816 -49.500     NaN
  -6.813 -16.449 -16.775
  -6.810 -16.377 -16.739
  -6.807 -16.481 -49.500
  -6.804 -16.940 -49.500
  -6.801 -17.039 -17.278
  -6.798 -49.500     NaN
  -6.795 -15.903 -16.419
  -6.792 -49.500     NaN
  -6.789 -15.181 -49.500
  -6.787 -16.308 -49.500
  -6.784 -16.838 -49.500
  -6.781 -15.595 -16.580
  -6.778 -16.228 -16.757
  -6.775 -15.676 -16.333
  -6.773 -16.597 -49.500
  -6.770 -13.881 -16.374
  -6.767 -16.502 -16.902
  -6.765 -16.461 -49.500
  -6.762 -49.500     NaN
  -6.759 -49.500     NaN
  -6.757 -16.439 -49.500
  -6.754 -16.823 -49.500
  -6.751 -49.500     NaN
  -6.749 -49.500 -49.500
  -6.746 -15.803 -16.850
  -6.744 -16.097 -16.097
  -6.741 -16.055 -16.644
  -6.739 -49.500     NaN
  -6.736 -16.799 -49.500
  -6.734 -16.543 -49.500
  -6.731 -16.481 -16.693
  -6.729 -49.500     NaN
  -6.726 -15.916 -16.702
  -6.724 -16.457 -49.500
  -6.721 -49.500 -49.500
  -6.719 -16.889 -16.889
  -6.717 -16.097 -49.500
  -6.714 -49.500     NaN
  -6.712 -49.500 -49.500
  -6.709 -49.500 -49.500
  -6.707 -16.447 -16.669
  -6.705 -49.500 -49.500
  -6.702 -49.500     NaN
  -6.700 -17.003 -49.500
  -6.698 -49.500 -49.500
  -6.696 -49.500 -49.500
  -6.693 -16.456 -49.500
  -6.691 -49.500     NaN
  -6.689 -16.563 -16.563
  -6.687 -49.500     NaN
  -6.684 -49.500 -49.500
  -6.682 -49.500 -49.500
  -6.680 -49.500 -49.500
  -6.678 -49.500 -49.500
  -6.675 -16.188 -49.500
  -6.673 -16.539 -49.500
  -6.671 -49.500 -49.500
  -6.669 -49.500     NaN
  -6.667 -49.500 -49.500
  -6.665 -49.500 -49.500
  -6.663 -49.500     NaN
  -6.661 -49.500     NaN
  -6.658 -49.500 -49.500
  -6.656 -49.500 -49.500
  -6.654 -15.821 -15.821
  -6.652 -49.500     NaN
  -6.650 -49.500 -49.500
  -6.648 -49.500 -49.500
  -6.646 -16.185 -49.500
  -6.644 -49.500     NaN
  -6.642 -49.500     NaN
  -6.640 -49.500 -49.500
  -6.638 -15.652 -15.652
  -6.636 -17.110 -49.500
  -6.634 -16.814 -49.500
  -6.632 -49.500 -49.500
  -6.630 -49.500 -49.500
  -6.628 -49.500 -49.500
  -6.626 -49.500 -49.500
  -6.624 -16.616 -49.500
  -6.622 -49.500 -49.500
  -6.620 -49.500 -49.500
  -6.618 -49.500 -49.500
  -6.617 -49.500 -49.500
  -6.615 -49.500 -49.500
  -6.613 -49.500 -49.500
  -6.611 -49.500 -49.500
  -6.609 -49.500 -49.500
  -6.607 -49.500 -49.500
  -6.605 -49.500     NaN
  -6.603 -16.602 -16.602
  -6.602 -49.500     NaN
  -6.600 -15.710 -15.710
  -6.598 -49.500 -49.500
  -6.596 -49.500 -49.500
  -6.594 -49.500 -49.500
