  -8.861 -14.133 -14.133
  -8.599 -14.266 -14.266
  -8.442 -14.385 -14.385
  -8.329 -14.493 -14.493
  -8.239 -14.493 -14.493
  -8.166 -14.507 -14.507
  -8.103 -14.635 -14.635
  -8.048 -14.633 -14.633
  -7.999 -14.703 -14.703
  -7.955 -14.811 -14.811
  -7.916 -14.576 -14.859
  -7.879 -14.771 -14.967
  -7.846 -14.852 -14.852
  -7.815 -14.968 -14.968
  -7.786 -14.926 -14.926
  -7.758 -15.005 -15.005
  -7.733 -14.962 -14.962
  -7.709 -15.178 -15.178
  -7.686 -14.890 -15.214
  -7.664 -15.080 -15.251
  -7.643 -15.089 -15.089
  -7.624 -15.223 -15.223
  -7.605 -15.183 -15.183
  -7.586 -15.305 -15.305
  -7.569 -15.413 -15.413
  -7.552 -15.280 -15.280
  -7.536 -15.346 -15.346
  -7.521 -15.288 -15.288
  -7.506 -15.357 -15.357
  -7.491 -15.434 -15.434
  -7.477 -15.246 -15.246
  -7.464 -15.183 -15.363
  -7.451 -15.186 -15.506
  -7.438 -15.415 -15.415
  -7.425 -15.047 -15.565
  -7.413 -15.021 -15.237
  -7.401 -15.374 -15.611
  -7.390 -15.640 -15.640
  -7.379 -15.450 -15.674
  -7.368 -15.278 -15.608
  -7.357 -15.101 -15.101
  -7.347 -14.996 -15.595
  -7.337 -14.749 -15.582
  -7.327 -15.519 -15.688
  -7.317 -15.016 -15.614
  -7.308 -14.895 -15.572
  -7.299 -15.407 -15.603
  -7.290 -15.216 -15.216
  -7.281 -15.877 -15.877
  -7.272 -15.595 -15.595
  -7.264 -15.435 -15.886
  -7.255 -15.580 -15.580
  -7.247 -15.793 -15.793
  -7.239 -15.590 -15.954
  -7.231 -15.853 -15.853
  -7.223 -16.105 -16.105
  -7.216 -15.727 -15.727
  -7.208 -15.862 -15.862
  -7.201 -15.986 -15.986
  -7.194 -15.652 -15.931
  -7.187 -15.889 -15.889
  -7.180 -15.852 -16.044
  -7.173 -16.120 -16.120
  -7.166 -16.052 -16.052
  -7.159 -15.439 -15.757
  -7.153 -15.558 -15.949
  -7.146 -15.421 -16.149
  -7.140 -15.844 -15.844
  -7.133 -15.340 -15.904
  -7.127 -15.329 -15.801
  -7.121 -15.942 -16.159
  -7.115 -16.053 -16.392
  -7.109 -15.786 -16.027
  -7.103 -16.076 -16.337
  -7.098 -16.065 -16.265
  -7.092 -15.894 -15.894
  -7.086 -15.209 -16.205
  -7.081 -16.209 -16.446
  -7.075 -15.984 -16.396
  -7.070 -15.366 -16.482
  -7.064 -16.171 -16.353
  -7.059 -15.610 -15.895
  -7.054 -15.892 -16.339
  -7.049 -16.086 -16.751
  -7.043 -16.238 -16.238
  -7.038 -15.774 -16.022
  -7.033 -16.252 -16.252
  -7.029 -16.954 -16.954
  -7.024 -15.646 -16.296
  -7.019 -16.429 -16.619
  -7.014 -16.127 -16.127
  -7.009 -15.926 -16.163
  -7.005 -16.276 -16.276
  -7.000 -16.072 -16.249
  -6.995 -16.294 -16.719
  -6.991 -16.175 -16.571
  -6.986 -16.228 -16.442
  -6.982 -15.974 -16.315
  -6.978 -15.148 -15.813
  -6.973 -15.977 -16.337
  -6.969 -16.445 -16.735
  -6.965 -14.311 -15.282
  -6.961 -15.650 -16.001
  -6.956 -16.244 -16.244
  -6.952 -16.523 -16.523
  -6.948 -16.250 -16.250
  -6.944 -15.059 -16.336
  -6.940 -16.424 -16.424
  -6.936 -16.623 -16.623
  -6.932 -16.480 -16.706
  -6.928 -15.803 -16.700
  -6.924 -16.596 -16.819
  -6.920 -16.447 -16.600
  -6.917 -17.051 -23.040
  -6.913 -16.848 -16.848
  -6.909 -16.045 -16.469
  -6.905 -16.593 -22.090
  -6.902 -15.564 -15.912
  -6.898 -16.342 -16.721
  -6.894 -16.291 -16.822
  -6.891 -15.829 -16.556
  -6.887 -16.441 -16.626
  -6.884 -16.616 -16.805
  -6.880 -16.930 -49.500
  -6.877 -16.662 -16.888
  -6.873 -16.060 -17.207
  -6.870 -16.449 -16.747
  -6.867 -16.977 -49.500
  -6.863 -16.569 -16.889
  -6.860 -49.500     NaN
  -6.857 -16.448 -17.359
  -6.853 -16.016 -16.468
  -6.850 -15.653 -17.096
  -6.847 -16.659 -16.860
  -6.844 -16.214 -49.500
  -6.840 -49.500     NaN
  -6.837 -16.482 -49.500
  -6.834 -16.523 -16.784
  -6.831 -15.880 -16.824
  -6.828 -16.092 -16.418
  -6.825 -49.500 -49.500
  -6.822 -16.790 -17.092
  -6.819 -15.591 -16.719
  -6.816 -16.560 -16.798
  -6.813 -16.997 -17.216
  -6.810 -16.603 -16.888
  -6.807 -49.500     NaN
  -6.804 -15.939 -49.500
  -6.801 -49.500 -49.500
  -6.798 -49.500     NaN
  -6.795 -49.500     NaN
  -6.792 -17.263 -49.500
  -6.789 -16.504 -49.500
  -6.787 -49.500     NaN
  -6.784 -16.420 -16.611
  -6.781 -16.690 -49.500
  -6.778 -15.995 -16.818
  -6.775 -16.686 -49.500
  -6.773 -49.500     NaN
  -6.770 -15.725 -16.953
  -6.767 -16.317 -49.500
  -6.765 -15.514 -49.500
  -6.762 -49.500 -49.500
  -6.759 -14.956 -16.842
  -6.757 -49.500     NaN
  -6.754 -15.728 -49.500
  -6.751 -49.500 -49.500
  -6.749 -17.265 -49.500
  -6.746 -49.500     NaN
  -6.744 -16.887 -49.500
  -6.741 -16.120 -16.120
  -6.739 -16.349 -17.116
  -6.736 -49.500 -49.500
  -6.734 -49.500     NaN
  -6.731 -49.500     NaN
  -6.729 -49.500 -49.500
  -6.726 -16.823 -49.500
  -6.724 -16.706 -49.500
  -6.721 -49.500 -49.500
  -6.719 -16.493 -16.666
  -6.717 -49.500     NaN
  -6.714 -49.500     NaN
  -6.712 -49.500     NaN
  -6.709 -49.500 -49.500
  -6.707 -16.654 -49.500
  -6.705 -16.609 -17.040
  -6.702 -16.298 -49.500
  -6.700 -49.500 -49.500
  -6.698 -49.500 -49.500
  -6.696 -49.500     NaN
  -6.693 -49.500 -49.500
  -6.691 -16.958 -16.958
  -6.689 -16.160 -49.500
  -6.687 -49.500 -49.500
  -6.684 -16.458 -16.926
  -6.682 -17.014 -49.500
  -6.680 -16.596 -49.500
  -6.678 -49.500     NaN
  -6.675 -16.144 -16.144
  -6.673 -49.500     NaN
  -6.671 -49.500     NaN
  -6.669 -16.115 -49.500
  -6.667 -49.500     NaN
  -6.665 -17.040 -17.040
  -6.663 -15.554 -15.554
  -6.661 -16.829 -49.500
  -6.658 -49.500 -49.500
  -6.656 -16.626 -16.626
  -6.654 -49.500     NaN
  -6.652 -49.500 -49.500
  -6.650 -49.500 -49.500
  -6.648 -49.500     NaN
  -6.646 -16.677 -49.500
  -6.644 -16.353 -49.500
  -6.642 -16.820 -16.820
  -6.640 -49.500 -49.500
  -6.638 -16.919 -49.500
  -6.636 -49.500 -49.500
  -6.634 -16.873 -16.873
  -6.632 -49.500 -49.500
  -6.630 -49.500 -49.500
  -6.628 -49.500 -49.500
  -6.626 -49.500 -49.500
  -6.624 -49.500 -49.500
  -6.622 -15.384 -15.384
  -6.620 -49.500     NaN
  -6.618 -49.500 -49.500
  -6.617 -49.500 -49.500
  -6.615 -16.780 -49.500
  -6.613 -49.500 -49.500
  -6.611 -49.500 -49.500
  -6.609 -16.495 -16.495
  -6.607 -49.500 -49.500
  -6.605 -15.830 -15.830
  -6.603 -49.500 -49.500
  -6.602 -49.500 -49.500
  -6.600 -49.500 -49.500
  -6.598 -49.500 -49.500
  -6.596 -49.500 -49.500
  -6.594 -49.500 -49.500
