  -8.861 -14.137 -14.137
  -8.599 -14.275 -14.275
  -8.442 -14.389 -14.389
  -8.329 -14.429 -14.429
  -8.239 -14.476 -14.476
  -8.166 -14.666 -14.666
  -8.103 -14.610 -14.610
  -8.048 -14.539 -14.539
  -7.999 -14.683 -14.683
  -7.955 -14.753 -14.753
  -7.916 -14.787 -14.787
  -7.879 -14.718 -14.718
  -7.846 -14.942 -14.942
  -7.815 -14.733 -14.733
  -7.786 -14.919 -14.919
  -7.758 -15.006 -15.006
  -7.733 -14.519 -14.682
  -7.709 -14.958 -14.958
  -7.686 -15.093 -15.093
  -7.664 -14.819 -14.992
  -7.643 -15.239 -15.239
  -7.624 -15.006 -15.006
  -7.605 -15.085 -15.297
  -7.586 -15.184 -15.184
  -7.569 -15.155 -15.155
  -7.552 -14.518 -15.245
  -7.536 -14.453 -15.435
  -7.521 -15.309 -15.309
  -7.506 -15.287 -15.461
  -7.491 -15.288 -15.477
  -7.477 -15.474 -15.474
  -7.464 -14.907 -15.119
  -7.451 -15.527 -15.527
  -7.438 -15.460 -15.460
  -7.425 -15.389 -15.607
  -7.413 -15.471 -15.471
  -7.401 -15.292 -15.292
  -7.390 -15.065 -15.586
  -7.379 -15.764 -15.764
  -7.368 -14.891 -15.601
  -7.357 -15.343 -15.534
  -7.347 -15.204 -15.204
  -7.337 -15.102 -15.293
  -7.327 -15.547 -15.547
  -7.317 -15.768 -15.768
  -7.308 -15.671 -15.956
  -7.299 -15.149 -15.455
  -7.290 -15.575 -15.742
  -7.281 -15.620 -15.620
  -7.272 -15.691 -15.691
  -7.264 -15.702 -15.878
  -7.255 -15.455 -15.707
  -7.247 -15.993 -15.993
  -7.239 -15.730 -15.730
  -7.231 -15.384 -15.845
  -7.223 -15.886 -15.886
  -7.216 -15.591 -15.591
  -7.208 -15.734 -15.998
  -7.201 -15.125 -15.683
  -7.194 -15.683 -15.683
  -7.187 -15.349 -15.850
  -7.180 -15.824 -16.122
  -7.173 -16.090 -16.090
  -7.166 -15.646 -15.952
  -7.159 -15.951 -15.951
  -7.153 -16.088 -16.088
  -7.146 -16.280 -16.280
  -7.140 -15.825 -15.825
  -7.133 -15.917 -16.153
  -7.127 -16.000 -16.332
  -7.121 -15.488 -16.265
  -7.115 -15.718 -16.197
  -7.109 -16.277 -16.277
  -7.103 -15.576 -15.869
  -7.098 -16.143 -16.143
  -7.092 -15.756 -15.756
  -7.086 -15.845 -16.000
  -7.081 -16.109 -16.109
  -7.075 -15.345 -16.057
  -7.070 -16.460 -16.666
  -7.064 -15.998 -15.998
  -7.059 -16.598 -16.850
  -7.054 -16.209 -16.419
  -7.049 -15.557 -15.727
  -7.043 -16.314 -16.555
  -7.038 -15.832 -16.248
  -7.033 -15.756 -15.939
  -7.029 -15.580 -16.192
  -7.024 -15.706 -16.306
  -7.019 -15.944 -16.108
  -7.014 -15.586 -16.114
  -7.009 -15.552 -16.252
  -7.005 -16.444 -16.444
  -7.000 -16.363 -16.600
  -6.995 -15.745 -16.495
  -6.991 -16.686 -16.686
  -6.986 -16.252 -16.906
  -6.982 -16.155 -16.155
  -6.978 -16.421 -16.421
  -6.973 -15.525 -16.645
  -6.969 -16.304 -16.304
  -6.965 -16.206 -16.499
  -6.961 -16.274 -16.453
  -6.956 -16.299 -16.466
  -6.952 -49.500     NaN
  -6.948 -15.589 -15.889
  -6.944 -16.202 -16.425
  -6.940 -16.482 -16.949
  -6.936 -16.813 -49.500
  -6.932 -16.230 -16.561
  -6.928 -16.281 -16.619
  -6.924 -15.115 -16.369
  -6.920 -15.746 -16.459
  -6.917 -16.031 -16.235
  -6.913 -16.429 -16.735
  -6.909 -16.643 -16.959
  -6.905 -15.915 -16.143
  -6.902 -49.500     NaN
  -6.898 -16.507 -16.507
  -6.894 -16.761 -22.720
  -6.891 -16.662 -16.985
  -6.887 -16.530 -16.948
  -6.884 -16.313 -17.379
  -6.880 -16.134 -16.302
  -6.877 -49.500     NaN
  -6.873 -16.016 -16.723
  -6.870 -16.681 -16.924
  -6.867 -16.294 -16.502
  -6.863 -16.447 -49.500
  -6.860 -16.500 -49.500
  -6.857 -15.884 -16.377
  -6.853 -16.320 -49.500
  -6.850 -16.474 -49.500
  -6.847 -15.669 -16.450
  -6.844 -16.613 -16.778
  -6.840 -16.806 -49.500
  -6.837 -16.711 -49.500
  -6.834 -16.114 -16.896
  -6.831 -16.622 -49.500
  -6.828 -16.692 -49.500
  -6.825 -16.563 -49.500
  -6.822 -16.116 -16.330
  -6.819 -16.951 -49.500
  -6.816 -49.500     NaN
  -6.813 -17.026 -49.500
  -6.810 -15.617 -49.500
  -6.807 -15.057 -49.500
  -6.804 -15.853 -16.047
  -6.801 -49.500     NaN
  -6.798 -49.500     NaN
  -6.795 -49.500     NaN
  -6.792 -16.616 -17.042
  -6.789 -15.844 -17.255
  -6.787 -14.914 -17.041
  -6.784 -16.043 -16.492
  -6.781 -49.500     NaN
  -6.778 -49.500     NaN
  -6.775 -16.398 -16.398
  -6.773 -49.500     NaN
  -6.770 -16.708 -49.500
  -6.767 -49.500     NaN
  -6.765 -16.366 -49.500
  -6.762 -16.965 -49.500
  -6.759 -49.500     NaN
  -6.757 -16.810 -16.810
  -6.754 -49.500     NaN
  -6.751 -49.500     NaN
  -6.749 -16.902 -49.500
  -6.746 -16.350 -49.500
  -6.744 -49.500 -49.500
  -6.741 -16.753 -49.500
  -6.739 -17.086 -49.500
  -6.736 -15.406 -15.563
  -6.734 -49.500 -49.500
  -6.731 -16.666 -49.500
  -6.729 -16.861 -49.500
  -6.726 -17.141 -49.500
  -6.724 -17.279 -49.500
  -6.721 -16.312 -16.614
  -6.719 -14.889 -16.846
  -6.717 -49.500 -49.500
  -6.714 -49.500 -49.500
  -6.712 -49.500     NaN
  -6.709 -49.500 -49.500
  -6.707 -49.500 -49.500
  -6.705 -16.703 -16.703
  -6.702 -49.500 -49.500
  -6.700 -16.250 -16.726
  -6.698 -49.500 -49.500
  -6.696 -49.500 -49.500
  -6.693 -16.464 -16.464
  -6.691 -16.171 -16.505
  -6.689 -49.500 -49.500
  -6.687 -49.500 -49.500
  -6.684 -49.500     NaN
  -6.682 -49.500 -49.500
  -6.680 -49.500     NaN
  -6.678 -49.500     NaN
  -6.675 -16.866 -49.500
  -6.673 -15.682 -49.500
  -6.671 -16.329 -16.329
  -6.669 -16.788 -16.788
  -6.667 -49.500     NaN
  -6.665 -49.500     NaN
  -6.663 -16.901 -49.500
  -6.661 -49.500 -49.500
  -6.658 -49.500 -49.500
  -6.656 -49.500 -49.500
  -6.654 -16.861 -16.861
  -6.652 -49.500 -49.500
  -6.650 -49.500 -49.500
  -6.648 -49.500 -49.500
  -6.646 -49.500     NaN
  -6.644 -16.511 -16.511
  -6.642 -49.500 -49.500
  -6.640 -49.500 -49.500
  -6.638 -49.500 -49.500
  -6.636 -49.500     NaN
  -6.634 -49.500 -49.500
  -6.632 -49.500 -49.500
  -6.630 -16.423 -16.423
  -6.628 -15.954 -16.949
  -6.626 -49.500 -49.500
  -6.624 -49.500 -49.500
  -6.622 -49.500     NaN
  -6.620 -49.500 -49.500
  -6.618 -49.500     NaN
  -6.617 -16.852 -49.500
  -6.615 -49.500 -49.500
  -6.613 -49.500     NaN
  -6.611 -15.146 -15.146
  -6.609 -16.407 -16.407
  -6.607 -49.500 -49.500
  -6.605 -49.500 -49.500
  -6.603 -49.500 -49.500
  -6.602 -49.500 -49.500
  -6.600 -49.500 -49.500
  -6.598 -49.500 -49.500
  -6.596 -49.500 -49.500
  -6.594 -16.990 -49.500
