  -8.861 -14.110 -14.110
  -8.599 -14.268 -14.268
  -8.442 -14.311 -14.311
  -8.329 -14.431 -14.431
  -8.239 -14.492 -14.492
  -8.166 -14.449 -14.449
  -8.103 -14.703 -14.703
  -8.048 -14.612 -14.612
  -7.999 -14.806 -14.806
  -7.955 -14.703 -14.703
  -7.916 -14.851 -14.851
  -7.879 -14.854 -14.854
  -7.846 -14.770 -14.987
  -7.815 -14.951 -14.951
  -7.786 -14.974 -14.974
  -7.758 -14.964 -14.964
  -7.733 -15.003 -15.003
  -7.709 -14.945 -14.945
  -7.686 -15.118 -15.118
  -7.664 -14.844 -15.035
  -7.643 -15.267 -15.267
  -7.624 -15.160 -15.160
  -7.605 -14.995 -15.161
  -7.586 -15.260 -15.260
  -7.569 -15.328 -15.328
  -7.552 -15.239 -15.239
  -7.536 -15.183 -15.347
  -7.521 -15.194 -15.194
  -7.506 -15.362 -15.362
  -7.491 -15.395 -15.395
  -7.477 -14.931 -14.931
  -7.464 -15.429 -15.601
  -7.451 -14.973 -15.126
  -7.438 -15.319 -15.319
  -7.425 -15.240 -15.413
  -7.413 -15.264 -15.264
  -7.401 -15.375 -15.375
  -7.390 -15.187 -15.493
  -7.379 -15.355 -15.516
  -7.368 -15.338 -15.338
  -7.357 -15.884 -15.884
  -7.347 -15.542 -15.542
  -7.337 -15.291 -15.664
  -7.327 -15.638 -15.638
  -7.317 -15.703 -15.703
  -7.308 -15.772 -15.772
  -7.299 -15.197 -15.366
  -7.290 -15.614 -15.614
  -7.281 -15.505 -15.905
  -7.272 -15.810 -15.810
  -7.264 -15.484 -15.642
  -7.255 -15.903 -15.903
  -7.247 -15.150 -15.749
  -7.239 -15.721 -16.010
  -7.231 -15.789 -15.789
  -7.223 -15.496 -15.760
  -7.216 -15.660 -15.660
  -7.208 -15.866 -15.866
  -7.201 -16.064 -16.064
  -7.194 -15.470 -15.470
  -7.187 -14.942 -15.653
  -7.180 -15.463 -15.903
  -7.173 -15.978 -16.272
  -7.166 -16.049 -16.049
  -7.159 -16.144 -16.144
  -7.153 -15.389 -15.828
  -7.146 -15.787 -15.787
  -7.140 -15.891 -16.131
  -7.133 -14.971 -16.096
  -7.127 -16.229 -16.229
  -7.121 -15.901 -16.064
  -7.115 -16.023 -16.023
  -7.109 -15.552 -16.024
  -7.103 -15.976 -15.976
  -7.098 -15.393 -15.817
  -7.092 -15.270 -15.919
  -7.086 -15.402 -16.024
  -7.081 -16.414 -16.414
  -7.075 -16.337 -16.337
  -7.070 -16.456 -16.456
  -7.064 -15.693 -16.207
  -7.059 -16.085 -16.282
  -7.054 -15.933 -15.933
  -7.049 -15.721 -16.229
  -7.043 -16.221 -16.221
  -7.038 -15.731 -16.146
  -7.033 -15.324 -15.961
  -7.029 -15.948 -16.107
  -7.024 -15.677 -16.450
  -7.019 -16.057 -16.232
  -7.014 -15.997 -16.405
  -7.009 -16.724 -16.905
  -7.005 -16.474 -16.632
  -7.000 -15.710 -16.163
  -6.995 -15.584 -15.880
  -6.991 -15.856 -16.037
  -6.986 -16.227 -16.512
  -6.982 -15.831 -17.285
  -6.978 -16.246 -16.525
  -6.973 -16.191 -17.310
  -6.969 -16.519 -16.813
  -6.965 -16.239 -16.624
  -6.961 -16.310 -16.752
  -6.956 -16.129 -16.320
  -6.952 -15.694 -15.865
  -6.948 -16.161 -16.707
  -6.944 -15.611 -15.914
  -6.940 -15.982 -16.193
  -6.936 -16.270 -16.577
  -6.932 -16.216 -16.397
  -6.928 -15.831 -16.532
  -6.924 -16.074 -16.074
  -6.920 -15.996 -16.276
  -6.917 -49.500     NaN
  -6.913 -16.213 -17.054
  -6.909 -16.731 -16.951
  -6.905 -16.569 -16.783
  -6.902 -16.361 -17.491
  -6.898 -16.622 -49.500
  -6.894 -16.438 -16.818
  -6.891 -16.396 -16.984
  -6.887 -16.230 -16.435
  -6.884 -16.665 -17.144
  -6.880 -16.423 -16.740
  -6.877 -17.411 -49.500
  -6.873 -16.096 -16.286
  -6.870 -15.728 -16.065
  -6.867 -16.024 -16.398
  -6.863 -15.678 -16.557
  -6.860 -17.136 -49.500
  -6.857 -49.500     NaN
  -6.853 -49.500 -49.500
  -6.850 -17.098 -49.500
  -6.847 -16.766 -17.095
  -6.844 -16.310 -16.523
  -6.840 -16.732 -49.500
  -6.837 -16.577 -16.896
  -6.834 -15.841 -16.083
  -6.831 -16.846 -49.500
  -6.828 -15.561 -49.500
  -6.825 -49.500     NaN
  -6.822 -17.133 -49.500
  -6.819 -16.954 -49.500
  -6.816 -15.612 -16.764
  -6.813 -15.660 -16.834
  -6.810 -16.763 -49.500
  -6.807 -16.096 -49.500
  -6.804 -16.508 -16.508
  -6.801 -15.327 -15.499
  -6.798 -16.660 -17.107
  -6.795 -16.535 -17.043
  -6.792 -16.682 -49.500
  -6.789 -16.418 -49.500
  -6.787 -49.500     NaN
  -6.784 -49.500     NaN
  -6.781 -49.500     NaN
  -6.778 -16.631 -49.500
  -6.775 -16.740 -49.500
  -6.773 -16.678 -49.500
  -6.770 -16.594 -49.500
  -6.767 -49.500     NaN
  -6.765 -15.623 -15.931
  -6.762 -16.898 -49.500
  -6.759 -49.500     NaN
  -6.757 -16.794 -49.500
  -6.754 -16.461 -49.500
  -6.751 -16.696 -49.500
  -6.749 -16.790 -49.500
  -6.746 -15.260 -49.500
  -6.744 -15.481 -16.681
  -6.741 -15.769 -49.500
  -6.739 -49.500 -49.500
  -6.736 -16.570 -49.500
  -6.734 -15.304 -16.969
  -6.731 -49.500     NaN
  -6.729 -15.681 -15.856
  -6.726 -49.500 -49.500
  -6.724 -49.500 -49.500
  -6.721 -16.111 -49.500
  -6.719 -16.599 -49.500
  -6.717 -49.500     NaN
  -6.714 -16.844 -49.500
  -6.712 -16.204 -49.500
  -6.709 -49.500 -49.500
  -6.707 -16.170 -49.500
  -6.705 -49.500 -49.500
  -6.702 -15.849 -15.849
  -6.700 -49.500 -49.500
  -6.698 -49.500 -49.500
  -6.696 -16.580 -49.500
  -6.693 -49.500 -49.500
  -6.691 -16.939 -16.939
  -6.689 -16.947 -49.500
  -6.687 -49.500 -49.500
  -6.684 -49.500 -49.500
  -6.682 -49.500 -49.500
  -6.680 -49.500     NaN
  -6.678 -49.500 -49.500
  -6.675 -49.500 -49.500
  -6.673 -15.749 -49.500
  -6.671 -49.500 -49.500
  -6.669 -16.110 -49.500
  -6.667 -16.766 -49.500
  -6.665 -49.500     NaN
  -6.663 -49.500 -49.500
  -6.661 -49.500     NaN
  -6.658 -49.500 -49.500
  -6.656 -16.367 -49.500
  -6.654 -16.700 -16.700
  -6.652 -49.500 -49.500
  -6.650 -49.500     NaN
  -6.648 -17.010 -17.010
  -6.646 -15.792 -15.792
  -6.644 -16.462 -49.500
  -6.642 -16.804 -49.500
  -6.640 -16.499 -49.500
  -6.638 -49.500 -49.500
  -6.636 -49.500 -49.500
  -6.634 -49.500 -49.500
  -6.632 -49.500 -49.500
  -6.630 -16.533 -49.500
  -6.628 -49.500 -49.500
  -6.626 -49.500 -49.500
  -6.624 -15.930 -15.930
  -6.622 -49.500 -49.500
  -6.620 -49.500 -49.500
  -6.618 -49.500 -49.500
  -6.617 -49.500 -49.500
  -6.615 -49.500 -49.500
  -6.613 -49.500 -49.500
  -6.611 -49.500 -49.500
  -6.609 -16.245 -49.500
  -6.607 -49.500     NaN
  -6.605 -49.500 -49.500
  -6.603 -49.500 -49.500
  -6.602 -49.500 -49.500
  -6.600 -49.500     NaN
  -6.598 -49.500 -49.500
  -6.596 -49.500 -49.500
  -6.594 -49.500     NaN
