  -8.861 -14.130 -14.130
  -8.599 -14.260 -14.260
  -8.442 -14.376 -14.376
  -8.329 -14.467 -14.467
  -8.239 -14.456 -14.456
  -8.166 -14.419 -14.419
  -8.103 -14.611 -14.611
  -8.048 -14.736 -14.736
  -7.999 -14.515 -14.713
  -7.955 -14.843 -14.843
  -7.916 -14.821 -14.821
  -7.879 -14.974 -14.974
  -7.846 -14.908 -14.908
  -7.815 -14.925 -14.925
  -7.786 -14.922 -14.922
  -7.758 -15.042 -15.042
  -7.733 -14.818 -14.969
  -7.709 -14.981 -14.981
  -7.686 -14.928 -14.928
  -7.664 -14.945 -14.945
  -7.643 -14.773 -14.946
  -7.624 -15.152 -15.152
  -7.605 -15.204 -15.204
  -7.586 -15.005 -15.005
  -7.569 -15.224 -15.224
  -7.552 -14.999 -15.350
  -7.536 -15.283 -15.283
  -7.521 -14.956 -15.288
  -7.506 -15.192 -15.192
  -7.491 -14.998 -15.474
  -7.477 -14.845 -15.053
  -7.464 -15.243 -15.434
  -7.451 -15.595 -15.595
  -7.438 -15.512 -15.512
  -7.425 -15.090 -15.090
  -7.413 -14.913 -15.093
  -7.401 -15.423 -15.423
  -7.390 -15.190 -15.400
  -7.379 -15.216 -15.629
  -7.368 -15.515 -15.515
  -7.357 -14.741 -15.366
  -7.347 -15.207 -15.803
  -7.337 -15.668 -15.668
  -7.327 -15.395 -15.677
  -7.317 -15.534 -15.718
  -7.308 -15.568 -15.568
  -7.299 -15.514 -15.707
  -7.290 -15.521 -15.736
  -7.281 -15.800 -15.800
  -7.272 -15.324 -15.750
  -7.264 -16.024 -16.024
  -7.255 -15.158 -15.616
  -7.247 -15.493 -15.939
  -7.239 -15.733 -15.733
  -7.231 -15.819 -16.005
  -7.223 -15.774 -15.946
  -7.216 -15.651 -15.651
  -7.208 -15.774 -16.157
  -7.201 -15.523 -15.991
  -7.194 -15.290 -15.476
  -7.187 -15.532 -15.720
  -7.180 -15.504 -15.700
  -7.173 -15.652 -15.810
  -7.166 -15.818 -15.818
  -7.159 -15.816 -15.816
  -7.153 -15.734 -15.734
  -7.146 -16.283 -16.283
  -7.140 -16.125 -16.125
  -7.133 -15.455 -15.952
  -7.127 -15.685 -16.004
  -7.121 -16.149 -16.496
  -7.115 -15.466 -15.842
  -7.109 -16.039 -16.039
  -7.103 -16.242 -16.242
  -7.098 -15.718 -16.238
  -7.092 -16.372 -16.372
  -7.086 -15.740 -16.205
  -7.081 -16.428 -16.428
  -7.075 -15.832 -16.135
  -7.070 -16.011 -16.180
  -7.064 -16.317 -16.544
  -7.059 -16.148 -16.148
  -7.054 -16.245 -16.245
  -7.049 -15.984 -16.268
  -7.043 -16.182 -16.721
  -7.038 -15.961 -15.961
  -7.033 -16.005 -16.170
  -7.029 -15.694 -15.849
  -7.024 -15.933 -16.490
  -7.019 -16.446 -16.446
  -7.014 -16.487 -16.745
  -7.009 -16.305 -16.475
  -7.005 -16.612 -16.836
  -7.000 -15.840 -16.015
  -6.995 -16.100 -16.324
  -6.991 -16.317 -16.667
  -6.986 -16.414 -16.414
  -6.982 -15.887 -15.887
  -6.978 -15.883 -16.497
  -6.973 -14.718 -15.297
  -6.969 -16.652 -16.652
  -6.965 -15.678 -16.468
  -6.961 -16.395 -16.598
  -6.956 -16.122 -16.423
  -6.952 -16.424 -16.977
  -6.948 -16.035 -16.035
  -6.944 -16.423 -16.636
  -6.940 -16.333 -16.607
  -6.936 -15.879 -16.677
  -6.932 -16.533 -16.533
  -6.928 -16.260 -16.565
  -6.924 -15.642 -16.686
  -6.920 -15.465 -15.979
  -6.917 -16.827 -17.203
  -6.913 -16.606 -16.786
  -6.909 -15.852 -16.576
  -6.905 -16.284 -16.863
  -6.902 -15.280 -49.500
  -6.898 -15.460 -16.319
  -6.894 -16.198 -16.366
  -6.891 -16.812 -17.008
  -6.887 -16.563 -16.563
  -6.884 -15.279 -16.770
  -6.880 -17.018 -49.500
  -6.877 -16.696 -16.935
  -6.873 -16.730 -17.041
  -6.870 -15.659 -15.942
  -6.867 -16.664 -49.500
  -6.863 -16.821 -49.500
  -6.860 -16.338 -16.504
  -6.857 -15.885 -49.500
  -6.853 -16.893 -49.500
  -6.850 -49.500     NaN
  -6.847 -16.112 -17.122
  -6.844 -16.402 -49.500
  -6.840 -15.989 -16.572
  -6.837 -49.500 -49.500
  -6.834 -49.500     NaN
  -6.831 -16.260 -16.862
  -6.828 -49.500     NaN
  -6.825 -49.500     NaN
  -6.822 -16.951 -49.500
  -6.819 -16.644 -17.100
  -6.816 -16.273 -49.500
  -6.813 -15.157 -49.500
  -6.810 -16.283 -16.969
  -6.807 -17.249 -49.500
  -6.804 -16.246 -16.246
  -6.801 -16.244 -16.593
  -6.798 -17.098 -49.500
  -6.795 -16.357 -16.636
  -6.792 -49.500     NaN
  -6.789 -17.085 -49.500
  -6.787 -49.500 -49.500
  -6.784 -49.500     NaN
  -6.781 -49.500     NaN
  -6.778 -16.345 -16.345
  -6.775 -16.600 -49.500
  -6.773 -49.500     NaN
  -6.770 -49.500     NaN
  -6.767 -49.500     NaN
  -6.765 -16.404 -16.739
  -6.762 -16.442 -49.500
  -6.759 -49.500     NaN
  -6.757 -49.500     NaN
  -6.754 -15.553 -16.234
  -6.751 -16.223 -16.524
  -6.749 -16.741 -49.500
  -6.746 -16.145 -16.145
  -6.744 -16.156 -16.673
  -6.741 -15.967 -16.214
  -6.739 -49.500 -49.500
  -6.736 -16.533 -16.795
  -6.734 -49.500     NaN
  -6.731 -49.500 -49.500
  -6.729 -16.460 -16.765
  -6.726 -16.545 -49.500
  -6.724 -49.500 -49.500
  -6.721 -16.746 -49.500
  -6.719 -16.906 -49.500
  -6.717 -49.500     NaN
  -6.714 -49.500 -49.500
  -6.712 -49.500 -49.500
  -6.709 -49.500 -49.500
  -6.707 -49.500     NaN
  -6.705 -49.500     NaN
  -6.702 -16.284 -16.448
  -6.700 -15.903 -49.500
  -6.698 -49.500     NaN
  -6.696 -49.500     NaN
  -6.693 -49.500     NaN
  -6.691 -49.500 -49.500
  -6.689 -16.546 -49.500
  -6.687 -49.500 -49.500
  -6.684 -16.686 -49.500
  -6.682 -49.500     NaN
  -6.680 -49.500 -49.500
  -6.678 -49.500 -49.500
  -6.675 -16.292 -49.500
  -6.673 -49.500     NaN
  -6.671 -49.500 -49.500
  -6.669 -49.500 -49.500
  -6.667 -49.500     NaN
  -6.665 -16.248 -16.758
  -6.663 -16.936 -16.936
  -6.661 -15.815 -16.016
  -6.658 -49.500 -49.500
  -6.656 -49.500 -49.500
  -6.654 -49.500 -49.500
  -6.652 -49.500 -49.500
  -6.650 -49.500 -49.500
  -6.648 -49.500 -49.500
  -6.646 -49.500 -49.500
  -6.644 -16.481 -16.481
  -6.642 -49.500     NaN
  -6.640 -16.542 -16.871
  -6.638 -49.500 -49.500
  -6.636 -49.500     NaN
  -6.634 -49.500 -49.500
  -6.632 -49.500 -49.500
  -6.630 -49.500 -49.500
  -6.628 -49.500 -49.500
  -6.626 -49.500     NaN
  -6.624 -49.500 -49.500
  -6.622 -49.500 -49.500
  -6.620 -16.346 -49.500
  -6.618 -17.186 -49.500
  -6.617 -49.500 -49.500
  -6.615 -49.500 -49.500
  -6.613 -49.500     NaN
  -6.611 -49.500 -49.500
  -6.609 -49.500 -49.500
  -6.607 -49.500 -49.500
  -6.605 -49.500 -49.500
  -6.603 -49.500 -49.500
  -6.602 -49.500 -49.500
  -6.600 -49.500 -49.500
  -6.598 -14.978 -49.500
  -6.596 -49.500     NaN
  -6.594 -49.500 -49.500
