  -8.861 -14.161 -14.161
  -8.599 -14.292 -14.292
  -8.442 -14.306 -14.306
  -8.329 -14.444 -14.444
  -8.239 -14.574 -14.574
  -8.166 -14.426 -14.426
  -8.103 -14.547 -14.547
  -8.048 -14.711 -14.711
  -7.999 -14.617 -14.617
  -7.955 -14.797 -14.797
  -7.916 -14.871 -14.871
  -7.879 -14.908 -14.908
  -7.846 -14.666 -14.666
  -7.815 -14.908 -14.908
  -7.786 -14.771 -14.771
  -7.758 -14.926 -14.926
  -7.733 -15.019 -15.019
  -7.709 -15.113 -15.113
  -7.686 -15.084 -15.084
  -7.664 -14.509 -15.036
  -7.643 -14.876 -15.114
  -7.624 -14.989 -15.216
  -7.605 -15.327 -15.327
  -7.586 -15.065 -15.065
  -7.569 -15.288 -15.288
  -7.552 -14.964 -14.964
  -7.536 -15.114 -15.114
  -7.521 -14.903 -14.903
  -7.506 -14.592 -15.367
  -7.491 -15.519 -15.519
  -7.477 -15.069 -15.301
  -7.464 -14.884 -15.261
  -7.451 -15.228 -15.228
  -7.438 -15.254 -15.510
  -7.425 -15.492 -15.492
  -7.413 -15.438 -15.597
  -7.401 -15.373 -15.616
  -7.390 -15.576 -15.779
  -7.379 -15.309 -15.645
  -7.368 -15.546 -15.746
  -7.357 -15.557 -15.557
  -7.347 -15.659 -15.659
  -7.337 -15.447 -15.447
  -7.327 -15.221 -15.684
  -7.317 -15.306 -15.715
  -7.308 -15.821 -15.821
  -7.299 -15.677 -15.677
  -7.290 -14.858 -15.589
  -7.281 -15.626 -15.926
  -7.272 -15.680 -15.850
  -7.264 -15.639 -15.639
  -7.255 -15.429 -15.870
  -7.247 -15.641 -15.968
  -7.239 -15.544 -15.544
  -7.231 -14.355 -15.557
  -7.223 -16.070 -16.070
  -7.216 -15.713 -16.088
  -7.208 -15.447 -15.836
  -7.201 -15.902 -15.902
  -7.194 -15.552 -15.828
  -7.187 -15.782 -16.308
  -7.180 -15.456 -15.947
  -7.173 -15.687 -15.687
  -7.166 -15.781 -16.009
  -7.159 -15.999 -15.999
  -7.153 -15.764 -16.161
  -7.146 -15.573 -15.858
  -7.140 -16.068 -16.068
  -7.133 -15.839 -15.994
  -7.127 -15.524 -15.766
  -7.121 -15.695 -15.884
  -7.115 -16.223 -16.223
  -7.109 -15.735 -15.735
  -7.103 -16.057 -16.057
  -7.098 -15.711 -16.047
  -7.092 -16.186 -16.387
  -7.086 -16.348 -16.348
  -7.081 -15.889 -16.056
  -7.075 -15.964 -16.238
  -7.070 -15.716 -16.069
  -7.064 -16.224 -16.715
  -7.059 -16.419 -16.609
  -7.054 -15.789 -15.789
  -7.049 -15.907 -16.085
  -7.043 -15.144 -16.362
  -7.038 -15.650 -16.100
  -7.033 -16.184 -16.361
  -7.029 -15.217 -15.795
  -7.024 -16.283 -16.283
  -7.019 -15.649 -16.219
  -7.014 -16.076 -16.318
  -7.009 -15.685 -16.175
  -7.005 -16.540 -16.540
  -7.000 -15.725 -16.527
  -6.995 -15.337 -15.966
  -6.991 -14.968 -16.316
  -6.986 -16.325 -16.625
  -6.982 -16.424 -16.424
  -6.978 -16.798 -16.992
  -6.973 -16.397 -16.607
  -6.969 -16.453 -16.620
  -6.965 -16.067 -16.475
  -6.961 -16.078 -16.350
  -6.956 -16.241 -16.447
  -6.952 -16.320 -16.320
  -6.948 -15.931 -16.470
  -6.944 -15.243 -16.616
  -6.940 -15.773 -22.659
  -6.936 -16.371 -16.543
  -6.932 -15.793 -15.793
  -6.928 -15.660 -16.368
  -6.924 -49.500     NaN
  -6.920 -17.114 -49.500
  -6.917 -16.422 -16.422
  -6.913 -15.880 -16.379
  -6.909 -15.908 -16.362
  -6.905 -16.273 -16.820
  -6.902 -16.437 -16.617
  -6.898 -16.796 -49.500
  -6.894 -15.752 -22.674
  -6.891 -16.168 -21.933
  -6.887 -14.973 -16.311
  -6.884 -16.533 -16.927
  -6.880 -16.307 -16.578
  -6.877 -16.234 -17.024
  -6.873 -15.937 -16.162
  -6.870 -16.361 -16.654
  -6.867 -16.107 -16.684
  -6.863 -49.500     NaN
  -6.860 -16.331 -16.331
  -6.857 -15.918 -16.950
  -6.853 -16.257 -49.500
  -6.850 -16.674 -49.500
  -6.847 -17.145 -17.410
  -6.844 -16.506 -16.911
  -6.840 -16.884 -49.500
  -6.837 -15.970 -16.758
  -6.834 -16.721 -16.899
  -6.831 -16.262 -49.500
  -6.828 -16.956 -49.500
  -6.825 -15.377 -15.740
  -6.822 -15.931 -17.233
  -6.819 -17.143 -49.500
  -6.816 -16.675 -16.987
  -6.813 -49.500     NaN
  -6.810 -16.545 -16.942
  -6.807 -16.349 -16.549
  -6.804 -49.500     NaN
  -6.801 -15.279 -16.836
  -6.798 -16.036 -49.500
  -6.795 -49.500 -49.500
  -6.792 -49.500     NaN
  -6.789 -16.674 -16.880
  -6.787 -16.350 -16.611
  -6.784 -17.180 -49.500
  -6.781 -17.389 -49.500
  -6.778 -16.756 -49.500
  -6.775 -16.624 -17.105
  -6.773 -16.458 -16.650
  -6.770 -49.500     NaN
  -6.767 -49.500     NaN
  -6.765 -16.734 -49.500
  -6.762 -49.500     NaN
  -6.759 -14.763 -16.829
  -6.757 -49.500     NaN
  -6.754 -49.500     NaN
  -6.751 -16.687 -49.500
  -6.749 -49.500     NaN
  -6.746 -16.712 -16.712
  -6.744 -16.570 -49.500
  -6.741 -17.148 -49.500
  -6.739 -49.500     NaN
  -6.736 -16.679 -49.500
  -6.734 -49.500     NaN
  -6.731 -49.500     NaN
  -6.729 -16.214 -16.412
  -6.726 -49.500 -49.500
  -6.724 -16.340 -49.500
  -6.721 -17.144 -17.144
  -6.719 -49.500     NaN
  -6.717 -49.500     NaN
  -6.714 -49.500     NaN
  -6.712 -16.451 -49.500
  -6.709 -16.947 -16.947
  -6.707 -16.305 -16.804
  -6.705 -15.664 -49.500
  -6.702 -49.500     NaN
  -6.700 -49.500 -49.500
  -6.698 -15.759 -16.646
  -6.696 -49.500 -49.500
  -6.693 -49.500     NaN
  -6.691 -49.500     NaN
  -6.689 -15.974 -15.974
  -6.687 -16.546 -49.500
  -6.684 -16.429 -16.429
  -6.682 -49.500 -49.500
  -6.680 -49.500 -49.500
  -6.678 -16.987 -49.500
  -6.675 -49.500     NaN
  -6.673 -16.596 -49.500
  -6.671 -16.537 -49.500
  -6.669 -49.500     NaN
  -6.667 -49.500 -49.500
  -6.665 -49.500 -49.500
  -6.663 -49.500 -49.500
  -6.661 -49.500 -49.500
  -6.658 -15.851 -15.851
  -6.656 -15.543 -49.500
  -6.654 -49.500     NaN
  -6.652 -49.500     NaN
  -6.650 -49.500 -49.500
  -6.648 -16.799 -16.799
  -6.646 -49.500 -49.500
  -6.644 -49.500 -49.500
  -6.642 -16.667 -49.500
  -6.640 -49.500 -49.500
  -6.638 -16.400 -16.400
  -6.636 -49.500 -49.500
  -6.634 -49.500 -49.500
  -6.632 -49.500     NaN
  -6.630 -49.500 -49.500
  -6.628 -49.500 -49.500
  -6.626 -15.727 -15.727
  -6.624 -49.500 -49.500
  -6.622 -49.500 -49.500
  -6.620 -49.500 -49.500
  -6.618 -49.500     NaN
  -6.617 -15.950 -49.500
  -6.615 -16.631 -16.631
  -6.613 -49.500 -49.500
  -6.611 -49.500 -49.500
  -6.609 -49.500 -49.500
  -6.607 -49.500 -49.500
  -6.605 -49.500 -49.500
  -6.603 -49.500 -49.500
  -6.602 -49.500 -49.500
  -6.600 -49.500 -49.500
  -6.598 -49.500 -49.500
  -6.596 -49.500 -49.500
  -6.594 -16.414 -16.414
