  -8.861 -14.129 -14.129
  -8.599 -14.272 -14.272
  -8.442 -14.438 -14.438
  -8.329 -14.325 -14.325
  -8.239 -14.564 -14.564
  -8.166 -14.367 -14.542
  -8.103 -14.496 -14.496
  -8.048 -14.273 -14.513
  -7.999 -14.769 -14.769
  -7.955 -14.625 -14.625
  -7.916 -14.728 -14.728
  -7.879 -14.759 -14.759
  -7.846 -14.910 -14.910
  -7.815 -14.807 -14.807
  -7.786 -14.653 -14.653
  -7.758 -14.904 -14.904
  -7.733 -15.049 -15.049
  -7.709 -15.073 -15.073
  -7.686 -14.983 -14.983
  -7.664 -14.841 -15.055
  -7.643 -15.128 -15.128
  -7.624 -15.296 -15.296
  -7.605 -14.065 -15.137
  -7.586 -14.987 -15.225
  -7.569 -15.422 -15.422
  -7.552 -15.160 -15.160
  -7.536 -15.284 -15.284
  -7.521 -15.347 -15.347
  -7.506 -15.214 -15.399
  -7.491 -15.369 -15.369
  -7.477 -15.004 -15.168
  -7.464 -15.517 -15.517
  -7.451 -15.218 -15.538
  -7.438 -15.287 -15.287
  -7.425 -15.156 -15.337
  -7.413 -15.593 -15.593
  -7.401 -15.586 -15.586
  -7.390 -15.227 -15.421
  -7.379 -15.551 -15.551
  -7.368 -14.484 -14.824
  -7.357 -15.622 -15.622
  -7.347 -15.296 -15.296
  -7.337 -15.153 -15.419
  -7.327 -15.704 -15.704
  -7.317 -15.526 -15.526
  -7.308 -14.994 -15.744
  -7.299 -15.438 -15.438
  -7.290 -15.369 -15.951
  -7.281 -15.735 -15.903
  -7.272 -15.147 -15.844
  -7.264 -15.713 -15.877
  -7.255 -15.487 -15.864
  -7.247 -15.702 -15.702
  -7.239 -15.909 -15.909
  -7.231 -15.737 -15.893
  -7.223 -15.082 -15.849
  -7.216 -16.006 -16.006
  -7.208 -15.644 -15.819
  -7.201 -15.994 -15.994
  -7.194 -15.798 -15.987
  -7.187 -14.981 -15.865
  -7.180 -16.015 -16.015
  -7.173 -15.619 -15.918
  -7.166 -16.397 -16.561
  -7.159 -14.808 -16.016
  -7.153 -15.683 -16.025
  -7.146 -15.198 -16.027
  -7.140 -15.694 -15.694
  -7.133 -15.523 -15.790
  -7.127 -15.781 -15.952
  -7.121 -16.109 -16.109
  -7.115 -15.440 -15.845
  -7.109 -15.851 -15.851
  -7.103 -15.823 -16.319
  -7.098 -15.487 -15.768
  -7.092 -13.332 -16.134
  -7.086 -15.230 -16.576
  -7.081 -15.929 -15.929
  -7.075 -16.500 -16.500
  -7.070 -16.444 -16.640
  -7.064 -16.352 -16.352
  -7.059 -15.909 -16.131
  -7.054 -16.042 -16.042
  -7.049 -16.017 -16.176
  -7.043 -15.485 -16.052
  -7.038 -16.022 -16.255
  -7.033 -16.042 -16.286
  -7.029 -16.205 -16.479
  -7.024 -16.036 -16.569
  -7.019 -15.679 -16.438
  -7.014 -15.846 -16.025
  -7.009 -16.726 -49.500
  -7.005 -17.063 -17.063
  -7.000 -15.579 -15.949
  -6.995 -16.210 -16.210
  -6.991 -15.671 -16.723
  -6.986 -15.942 -16.522
  -6.982 -16.256 -16.494
  -6.978 -15.515 -16.398
  -6.973 -16.274 -49.500
  -6.969 -16.087 -16.255
  -6.965 -16.216 -16.509
  -6.961 -16.812 -16.812
  -6.956 -15.060 -16.839
  -6.952 -15.967 -16.155
  -6.948 -16.083 -16.910
  -6.944 -16.569 -16.774
  -6.940 -16.727 -17.096
  -6.936 -16.457 -16.765
  -6.932 -15.871 -16.138
  -6.928 -16.019 -16.224
  -6.924 -16.240 -49.500
  -6.920 -16.422 -16.959
  -6.917 -17.070 -22.858
  -6.913 -15.600 -15.846
  -6.909 -16.126 -16.653
  -6.905 -15.575 -16.056
  -6.902 -16.590 -16.781
  -6.898 -16.269 -16.666
  -6.894 -16.471 -16.814
  -6.891 -16.364 -16.364
  -6.887 -16.884 -17.036
  -6.884 -15.267 -16.424
  -6.880 -16.415 -16.728
  -6.877 -49.500     NaN
  -6.873 -16.469 -17.205
  -6.870 -16.088 -16.316
  -6.867 -16.682 -49.500
  -6.863 -17.056 -17.231
  -6.860 -16.525 -16.680
  -6.857 -16.557 -16.812
  -6.853 -15.341 -16.193
  -6.850 -16.267 -16.465
  -6.847 -16.240 -16.654
  -6.844 -16.433 -16.584
  -6.840 -17.067 -49.500
  -6.837 -16.107 -16.681
  -6.834 -49.500 -49.500
  -6.831 -16.531 -17.186
  -6.828 -15.950 -49.500
  -6.825 -16.873 -49.500
  -6.822 -49.500     NaN
  -6.819 -16.482 -49.500
  -6.816 -16.336 -16.554
  -6.813 -15.722 -16.134
  -6.810 -16.495 -16.666
  -6.807 -16.328 -49.500
  -6.804 -16.239 -49.500
  -6.801 -15.810 -16.876
  -6.798 -16.140 -16.846
  -6.795 -16.616 -16.816
  -6.792 -49.500     NaN
  -6.789 -15.923 -16.376
  -6.787 -16.578 -16.578
  -6.784 -16.423 -17.178
  -6.781 -49.500     NaN
  -6.778 -16.607 -49.500
  -6.775 -16.231 -17.332
  -6.773 -17.026 -49.500
  -6.770 -16.937 -49.500
  -6.767 -16.736 -49.500
  -6.765 -16.500 -49.500
  -6.762 -16.931 -49.500
  -6.759 -49.500     NaN
  -6.757 -16.407 -16.722
  -6.754 -49.500     NaN
  -6.751 -49.500 -49.500
  -6.749 -49.500     NaN
  -6.746 -16.839 -49.500
  -6.744 -15.878 -17.068
  -6.741 -15.293 -49.500
  -6.739 -16.691 -49.500
  -6.736 -16.802 -49.500
  -6.734 -49.500     NaN
  -6.731 -49.500 -49.500
  -6.729 -49.500     NaN
  -6.726 -16.513 -49.500
  -6.724 -16.380 -49.500
  -6.721 -49.500     NaN
  -6.719 -49.500     NaN
  -6.717 -49.500     NaN
  -6.714 -16.682 -49.500
  -6.712 -16.498 -49.500
  -6.709 -49.500     NaN
  -6.707 -49.500     NaN
  -6.705 -16.690 -49.500
  -6.702 -49.500 -49.500
  -6.700 -49.500 -49.500
  -6.698 -49.500 -49.500
  -6.696 -16.392 -49.500
  -6.693 -16.429 -49.500
  -6.691 -49.500 -49.500
  -6.689 -49.500 -49.500
  -6.687 -49.500 -49.500
  -6.684 -49.500 -49.500
  -6.682 -16.597 -49.500
  -6.680 -49.500 -49.500
  -6.678 -16.452 -16.452
  -6.675 -16.163 -16.437
  -6.673 -49.500 -49.500
  -6.671 -49.500 -49.500
  -6.669 -49.500     NaN
  -6.667 -49.500 -49.500
  -6.665 -49.500     NaN
  -6.663 -16.765 -16.765
  -6.661 -49.500 -49.500
  -6.658 -16.790 -49.500
  -6.656 -49.500     NaN
  -6.654 -49.500 -49.500
  -6.652 -49.500 -49.500
  -6.650 -49.500     NaN
  -6.648 -49.500 -49.500
  -6.646 -15.968 -49.500
  -6.644 -15.541 -15.541
  -6.642 -49.500 -49.500
  -6.640 -15.765 -15.765
  -6.638 -16.056 -49.500
  -6.636 -49.500 -49.500
  -6.634 -49.500 -49.500
  -6.632 -16.140 -16.140
  -6.630 -15.902 -49.500
  -6.628 -49.500 -49.500
  -6.626 -49.500     NaN
  -6.624 -49.500 -49.500
  -6.622 -49.500     NaN
  -6.620 -49.500 -49.500
  -6.618 -49.500 -49.500
  -6.617 -16.598 -16.598
  -6.615 -49.500 -49.500
  -6.613 -16.485 -49.500
  -6.611 -49.500 -49.500
  -6.609 -49.500 -49.500
  -6.607 -49.500 -49.500
  -6.605 -16.132 -49.500
  -6.603 -49.500 -49.500
  -6.602 -49.500 -49.500
  -6.600 -49.500 -49.500
  -6.598 -16.203 -16.203
  -6.596 -49.500 -49.500
  -6.594 -49.500 -49.500
