  -8.861 -14.148 -14.148
  -8.599 -14.267 -14.267
  -8.442 -14.407 -14.407
  -8.329 -14.402 -14.402
  -8.239 -14.199 -14.469
  -8.166 -14.430 -14.430
  -8.103 -14.650 -14.650
  -8.048 -14.765 -14.765
  -7.999 -14.809 -14.809
  -7.955 -14.720 -14.720
  -7.916 -14.461 -14.786
  -7.879 -14.852 -14.852
  -7.846 -14.674 -14.961
  -7.815 -14.812 -14.812
  -7.786 -14.929 -14.929
  -7.758 -14.936 -14.936
  -7.733 -14.780 -15.045
  -7.709 -15.002 -15.002
  -7.686 -15.064 -15.064
  -7.664 -15.065 -15.065
  -7.643 -14.959 -15.111
  -7.624 -15.248 -15.248
  -7.605 -15.010 -15.280
  -7.586 -15.181 -15.181
  -7.569 -15.221 -15.438
  -7.552 -15.305 -15.305
  -7.536 -15.346 -15.346
  -7.521 -15.377 -15.377
  -7.506 -14.839 -15.385
  -7.491 -14.903 -14.903
  -7.477 -15.325 -15.527
  -7.464 -15.150 -15.150
  -7.451 -15.500 -15.500
  -7.438 -15.381 -15.381
  -7.425 -15.451 -15.451
  -7.413 -15.551 -15.551
  -7.401 -15.478 -15.679
  -7.390 -15.316 -15.479
  -7.379 -15.373 -15.373
  -7.368 -15.604 -15.604
  -7.357 -15.723 -15.723
  -7.347 -15.344 -15.651
  -7.337 -15.577 -15.577
  -7.327 -15.273 -15.617
  -7.317 -15.267 -15.596
  -7.308 -15.170 -15.632
  -7.299 -15.581 -15.785
  -7.290 -15.327 -15.327
  -7.281 -15.418 -15.829
  -7.272 -15.195 -15.195
  -7.264 -15.384 -15.720
  -7.255 -15.499 -15.499
  -7.247 -15.812 -15.812
  -7.239 -15.769 -15.769
  -7.231 -15.049 -15.535
  -7.223 -15.609 -15.609
  -7.216 -15.476 -15.476
  -7.208 -15.780 -15.780
  -7.201 -15.563 -15.982
  -7.194 -15.911 -16.166
  -7.187 -15.632 -16.135
  -7.180 -15.774 -15.774
  -7.173 -15.766 -15.937
  -7.166 -16.030 -16.207
  -7.159 -16.162 -16.162
  -7.153 -15.850 -15.850
  -7.146 -15.220 -16.039
  -7.140 -16.041 -16.041
  -7.133 -15.732 -15.732
  -7.127 -15.602 -15.602
  -7.121 -15.886 -16.448
  -7.115 -15.788 -15.939
  -7.109 -15.718 -16.007
  -7.103 -15.797 -16.065
  -7.098 -15.997 -16.306
  -7.092 -16.418 -16.613
  -7.086 -15.687 -16.208
  -7.081 -15.548 -15.971
  -7.075 -14.887 -15.793
  -7.070 -14.961 -16.590
  -7.064 -16.068 -16.068
  -7.059 -16.051 -16.359
  -7.054 -15.828 -16.185
  -7.049 -16.023 -16.023
  -7.043 -16.119 -16.119
  -7.038 -16.530 -16.530
  -7.033 -16.079 -16.079
  -7.029 -15.735 -16.171
  -7.024 -16.788 -17.017
  -7.019 -16.062 -16.808
  -7.014 -16.794 -16.794
  -7.009 -16.233 -16.233
  -7.005 -16.075 -16.273
  -7.000 -16.329 -16.329
  -6.995 -16.657 -16.657
  -6.991 -15.419 -16.789
  -6.986 -16.123 -16.123
  -6.982 -16.613 -16.613
  -6.978 -16.448 -16.797
  -6.973 -15.867 -16.121
  -6.969 -15.686 -16.000
  -6.965 -15.934 -16.165
  -6.961 -16.350 -16.544
  -6.956 -16.022 -16.811
  -6.952 -15.706 -15.947
  -6.948 -15.752 -16.388
  -6.944 -15.989 -15.989
  -6.940 -15.647 -16.448
  -6.936 -16.531 -16.830
  -6.932 -16.291 -16.291
  -6.928 -16.660 -16.660
  -6.924 -15.818 -16.455
  -6.920 -14.834 -49.500
  -6.917 -16.514 -49.500
  -6.913 -16.506 -16.506
  -6.909 -16.562 -16.803
  -6.905 -15.654 -16.128
  -6.902 -16.754 -16.920
  -6.898 -16.220 -16.417
  -6.894 -16.329 -16.482
  -6.891 -15.957 -16.552
  -6.887 -16.690 -16.848
  -6.884 -15.743 -49.500
  -6.880 -15.826 -16.335
  -6.877 -16.908 -49.500
  -6.873 -16.835 -49.500
  -6.870 -15.964 -16.935
  -6.867 -49.500     NaN
  -6.863 -16.602 -16.839
  -6.860 -17.171 -49.500
  -6.857 -49.500     NaN
  -6.853 -49.500     NaN
  -6.850 -16.940 -49.500
  -6.847 -49.500     NaN
  -6.844 -16.141 -16.713
  -6.840 -14.629 -15.836
  -6.837 -49.500     NaN
  -6.834 -16.365 -16.696
  -6.831 -15.855 -15.855
  -6.828 -16.392 -16.571
  -6.825 -15.715 -49.500
  -6.822 -16.761 -16.950
  -6.819 -49.500     NaN
  -6.816 -16.187 -16.187
  -6.813 -15.538 -15.877
  -6.810 -16.307 -16.574
  -6.807 -49.500     NaN
  -6.804 -49.500     NaN
  -6.801 -16.781 -49.500
  -6.798 -16.916 -49.500
  -6.795 -16.226 -49.500
  -6.792 -16.608 -16.830
  -6.789 -16.731 -49.500
  -6.787 -16.786 -17.091
  -6.784 -49.500     NaN
  -6.781 -16.445 -16.614
  -6.778 -16.668 -16.966
  -6.775 -16.194 -49.500
  -6.773 -16.936 -49.500
  -6.770 -49.500     NaN
  -6.767 -16.107 -49.500
  -6.765 -16.105 -49.500
  -6.762 -16.226 -16.723
  -6.759 -16.091 -49.500
  -6.757 -16.421 -49.500
  -6.754 -17.055 -49.500
  -6.751 -49.500 -49.500
  -6.749 -16.378 -16.378
  -6.746 -16.568 -49.500
  -6.744 -16.266 -49.500
  -6.741 -16.026 -49.500
  -6.739 -16.378 -49.500
  -6.736 -16.790 -49.500
  -6.734 -16.434 -49.500
  -6.731 -15.737 -16.824
  -6.729 -16.647 -49.500
  -6.726 -16.842 -49.500
  -6.724 -16.312 -49.500
  -6.721 -17.167 -49.500
  -6.719 -49.500     NaN
  -6.717 -49.500 -49.500
  -6.714 -17.100 -49.500
  -6.712 -16.718 -49.500
  -6.709 -16.110 -49.500
  -6.707 -15.664 -49.500
  -6.705 -49.500 -49.500
  -6.702 -49.500 -49.500
  -6.700 -49.500 -49.500
  -6.698 -16.887 -49.500
  -6.696 -49.500 -49.500
  -6.693 -49.500     NaN
  -6.691 -49.500 -49.500
  -6.689 -16.950 -49.500
  -6.687 -49.500 -49.500
  -6.684 -16.196 -49.500
  -6.682 -16.367 -49.500
  -6.680 -49.500 -49.500
  -6.678 -49.500     NaN
  -6.675 -16.293 -49.500
  -6.673 -16.308 -49.500
  -6.671 -49.500 -49.500
  -6.669 -49.500 -49.500
  -6.667 -49.500 -49.500
  -6.665 -49.500     NaN
  -6.663 -49.500     NaN
  -6.661 -49.500 -49.500
  -6.658 -49.500 -49.500
  -6.656 -16.759 -49.500
  -6.654 -16.364 -49.500
  -6.652 -49.500 -49.500
  -6.650 -16.292 -49.500
  -6.648 -49.500 -49.500
  -6.646 -49.500 -49.500
  -6.644 -49.500 -49.500
  -6.642 -49.500 -49.500
  -6.640 -49.500 -49.500
  -6.638 -15.854 -16.498
  -6.636 -16.488 -49.500
  -6.634 -49.500 -49.500
  -6.632 -49.500 -49.500
  -6.630 -49.500 -49.500
  -6.628 -49.500 -49.500
  -6.626 -49.500 -49.500
  -6.624 -15.863 -49.500
  -6.622 -16.874 -16.874
  -6.620 -49.500 -49.500
  -6.618 -49.500 -49.500
  -6.617 -49.500 -49.500
  -6.615 -49.500 -49.500
  -6.613 -49.500 -49.500
  -6.611 -49.500 -49.500
  -6.609 -49.500 -49.500
  -6.607 -49.500 -49.500
  -6.605 -49.500 -49.500
  -6.603 -49.500 -49.500
  -6.602 -49.500 -49.500
  -6.600 -49.500     NaN
  -6.598 -16.737 -16.737
  -6.596 -49.500 -49.500
  -6.594 -49.500 -49.500
