  -8.861 -14.163 -14.163
  -8.599 -14.238 -14.238
  -8.442 -14.334 -14.334
  -8.329 -14.383 -14.383
  -8.239 -14.485 -14.485
  -8.166 -14.524 -14.524
  -8.103 -14.632 -14.632
  -8.048 -14.750 -14.750
  -7.999 -14.684 -14.684
  -7.955 -14.793 -14.793
  -7.916 -14.772 -14.772
  -7.879 -14.830 -14.830
  -7.846 -14.942 -14.942
  -7.815 -14.861 -14.861
  -7.786 -14.916 -14.916
  -7.758 -14.530 -14.530
  -7.733 -15.093 -15.093
  -7.709 -15.119 -15.119
  -7.686 -15.235 -15.235
  -7.664 -15.002 -15.159
  -7.643 -14.734 -15.208
  -7.624 -15.257 -15.257
  -7.605 -15.325 -15.325
  -7.586 -15.057 -15.057
  -7.569 -14.708 -15.290
  -7.552 -15.420 -15.420
  -7.536 -15.277 -15.433
  -7.521 -15.424 -15.424
  -7.506 -15.042 -15.497
  -7.491 -14.081 -14.973
  -7.477 -15.167 -15.167
  -7.464 -15.537 -15.537
  -7.451 -15.273 -15.273
  -7.438 -15.561 -15.561
  -7.425 -15.379 -15.379
  -7.413 -14.646 -15.552
  -7.401 -15.426 -15.426
  -7.390 -15.511 -15.511
  -7.379 -15.562 -15.767
  -7.368 -15.386 -15.386
  -7.357 -15.480 -15.841
  -7.347 -15.549 -15.549
  -7.337 -14.958 -15.401
  -7.327 -15.725 -15.725
  -7.317 -15.271 -15.271
  -7.308 -15.498 -15.669
  -7.299 -14.316 -15.542
  -7.290 -15.535 -15.709
  -7.281 -15.511 -15.701
  -7.272 -15.777 -15.777
  -7.264 -15.436 -15.693
  -7.255 -14.146 -15.421
  -7.247 -15.653 -15.653
  -7.239 -15.677 -15.677
  -7.231 -15.178 -15.795
  -7.223 -15.298 -15.298
  -7.216 -15.109 -15.281
  -7.208 -15.809 -15.809
  -7.201 -15.404 -15.724
  -7.194 -15.633 -16.075
  -7.187 -15.980 -15.980
  -7.180 -15.504 -15.662
  -7.173 -15.501 -15.914
  -7.166 -16.002 -16.002
  -7.159 -16.133 -16.133
  -7.153 -16.000 -16.000
  -7.146 -15.507 -15.867
  -7.140 -15.548 -16.186
  -7.133 -15.964 -15.964
  -7.127 -16.393 -16.393
  -7.121 -14.946 -15.878
  -7.115 -15.873 -16.152
  -7.109 -16.165 -16.165
  -7.103 -15.965 -15.965
  -7.098 -15.865 -15.865
  -7.092 -14.457 -15.768
  -7.086 -16.085 -16.252
  -7.081 -16.190 -16.190
  -7.075 -16.450 -16.667
  -7.070 -15.990 -16.432
  -7.064 -15.539 -15.934
  -7.059 -16.123 -16.379
  -7.054 -16.335 -16.712
  -7.049 -15.882 -15.882
  -7.043 -16.194 -16.419
  -7.038 -16.104 -16.465
  -7.033 -15.720 -16.113
  -7.029 -15.886 -16.259
  -7.024 -15.827 -16.327
  -7.019 -16.387 -16.387
  -7.014 -16.230 -16.391
  -7.009 -16.167 -16.328
  -7.005 -16.362 -16.362
  -7.000 -15.228 -15.898
  -6.995 -16.474 -16.474
  -6.991 -16.006 -16.006
  -6.986 -15.855 -16.026
  -6.982 -16.207 -16.626
  -6.978 -15.520 -16.202
  -6.973 -15.821 -16.103
  -6.969 -16.305 -16.835
  -6.965 -15.944 -16.230
  -6.961 -16.653 -16.881
  -6.956 -16.050 -16.275
  -6.952 -16.518 -16.518
  -6.948 -15.862 -16.542
  -6.944 -16.357 -16.864
  -6.940 -16.151 -16.151
  -6.936 -15.822 -16.479
  -6.932 -16.437 -16.878
  -6.928 -49.500     NaN
  -6.924 -16.148 -16.765
  -6.920 -16.432 -16.953
  -6.917 -16.107 -16.908
  -6.913 -49.500 -49.500
  -6.909 -16.100 -16.414
  -6.905 -16.381 -16.760
  -6.902 -15.355 -16.209
  -6.898 -16.283 -17.243
  -6.894 -16.084 -16.455
  -6.891 -16.825 -49.500
  -6.887 -16.330 -16.500
  -6.884 -15.500 -15.710
  -6.880 -16.706 -49.500
  -6.877 -16.047 -16.674
  -6.873 -16.850 -49.500
  -6.870 -16.554 -17.335
  -6.867 -16.326 -49.500
  -6.863 -49.500 -49.500
  -6.860 -16.425 -16.659
  -6.857 -15.759 -16.257
  -6.853 -16.432 -16.432
  -6.850 -15.741 -49.500
  -6.847 -16.756 -16.925
  -6.844 -15.590 -49.500
  -6.840 -16.440 -17.153
  -6.837 -15.746 -17.203
  -6.834 -49.500     NaN
  -6.831 -16.897 -49.500
  -6.828 -16.875 -49.500
  -6.825 -15.386 -16.082
  -6.822 -49.500     NaN
  -6.819 -49.500     NaN
  -6.816 -49.500     NaN
  -6.813 -16.956 -49.500
  -6.810 -16.205 -49.500
  -6.807 -16.674 -16.899
  -6.804 -16.724 -49.500
  -6.801 -16.283 -49.500
  -6.798 -16.189 -16.442
  -6.795 -16.902 -49.500
  -6.792 -49.500     NaN
  -6.789 -15.681 -16.769
  -6.787 -15.146 -16.993
  -6.784 -17.088 -49.500
  -6.781 -16.822 -49.500
  -6.778 -16.908 -16.908
  -6.775 -16.825 -16.825
  -6.773 -15.363 -49.500
  -6.770 -49.500 -49.500
  -6.767 -49.500     NaN
  -6.765 -49.500     NaN
  -6.762 -49.500     NaN
  -6.759 -49.500 -49.500
  -6.757 -17.090 -49.500
  -6.754 -17.122 -49.500
  -6.751 -16.679 -17.052
  -6.749 -15.867 -49.500
  -6.746 -49.500     NaN
  -6.744 -49.500     NaN
  -6.741 -49.500 -49.500
  -6.739 -16.347 -16.347
  -6.736 -16.892 -16.892
  -6.734 -15.731 -49.500
  -6.731 -49.500 -49.500
  -6.729 -15.563 -49.500
  -6.726 -16.739 -16.739
  -6.724 -16.382 -49.500
  -6.721 -15.819 -16.229
  -6.719 -16.413 -49.500
  -6.717 -49.500 -49.500
  -6.714 -49.500     NaN
  -6.712 -49.500     NaN
  -6.709 -49.500 -49.500
  -6.707 -16.348 -49.500
  -6.705 -49.500     NaN
  -6.702 -49.500     NaN
  -6.700 -15.539 -49.500
  -6.698 -16.304 -16.487
  -6.696 -49.500 -49.500
  -6.693 -49.500 -49.500
  -6.691 -16.774 -49.500
  -6.689 -49.500 -49.500
  -6.687 -49.500     NaN
  -6.684 -49.500     NaN
  -6.682 -49.500     NaN
  -6.680 -49.500 -49.500
  -6.678 -49.500 -49.500
  -6.675 -16.210 -49.500
  -6.673 -49.500 -49.500
  -6.671 -15.909 -15.909
  -6.669 -16.511 -16.511
  -6.667 -49.500     NaN
  -6.665 -49.500 -49.500
  -6.663 -49.500     NaN
  -6.661 -15.614 -49.500
  -6.658 -49.500 -49.500
  -6.656 -49.500     NaN
  -6.654 -16.693 -49.500
  -6.652 -16.458 -16.458
  -6.650 -16.928 -16.928
  -6.648 -49.500 -49.500
  -6.646 -49.500 -49.500
  -6.644 -49.500 -49.500
  -6.642 -49.500 -49.500
  -6.640 -17.004 -49.500
  -6.638 -15.619 -16.503
  -6.636 -49.500     NaN
  -6.634 -15.245 -15.245
  -6.632 -49.500 -49.500
  -6.630 -49.500 -49.500
  -6.628 -49.500 -49.500
  -6.626 -49.500     NaN
  -6.624 -16.453 -16.453
  -6.622 -16.708 -16.708
  -6.620 -49.500 -49.500
  -6.618 -49.500 -49.500
  -6.617 -49.500 -49.500
  -6.615 -49.500 -49.500
  -6.613 -49.500 -49.500
  -6.611 -49.500 -49.500
  -6.609 -49.500 -49.500
  -6.607 -49.500 -49.500
  -6.605 -49.500 -49.500
  -6.603 -49.500     NaN
  -6.602 -49.500 -49.500
  -6.600 -16.454 -49.500
  -6.598 -49.500 -49.500
  -6.596 -49.500 -49.500
  -6.594 -49.500 -49.500
