  -8.861 -14.175 -14.175
  -8.599 -14.296 -14.296
  -8.442 -14.361 -14.361
  -8.329 -14.439 -14.439
  -8.239 -14.553 -14.553
  -8.166 -14.579 -14.579
  -8.103 -14.565 -14.565
  -8.048 -14.706 -14.706
  -7.999 -14.625 -14.625
  -7.955 -14.865 -14.865
  -7.916 -14.702 -14.702
  -7.879 -14.820 -14.820
  -7.846 -13.834 -14.779
  -7.815 -14.555 -14.867
  -7.786 -14.948 -14.948
  -7.758 -14.948 -14.948
  -7.733 -14.987 -14.987
  -7.709 -15.037 -15.037
  -7.686 -14.930 -14.930
  -7.664 -15.149 -15.149
  -7.643 -14.888 -15.054
  -7.624 -15.069 -15.069
  -7.605 -15.144 -15.144
  -7.586 -15.291 -15.291
  -7.569 -15.193 -15.193
  -7.552 -15.068 -15.405
  -7.536 -15.009 -15.400
  -7.521 -15.173 -15.173
  -7.506 -15.350 -15.350
  -7.491 -15.207 -15.207
  -7.477 -14.609 -15.350
  -7.464 -15.398 -15.398
  -7.451 -15.579 -15.579
  -7.438 -15.606 -15.606
  -7.425 -15.316 -15.479
  -7.413 -15.238 -15.464
  -7.401 -15.648 -15.648
  -7.390 -15.430 -15.670
  -7.379 -15.356 -15.356
  -7.368 -15.281 -15.660
  -7.357 -15.236 -15.439
  -7.347 -15.813 -15.813
  -7.337 -15.592 -15.592
  -7.327 -14.873 -15.531
  -7.317 -15.429 -15.872
  -7.308 -15.617 -15.617
  -7.299 -15.348 -15.614
  -7.290 -15.619 -15.619
  -7.281 -15.881 -15.881
  -7.272 -15.724 -15.724
  -7.264 -15.128 -15.398
  -7.255 -15.831 -15.831
  -7.247 -14.935 -15.620
  -7.239 -15.604 -15.604
  -7.231 -15.257 -15.872
  -7.223 -15.699 -15.699
  -7.216 -15.935 -16.187
  -7.208 -14.823 -15.257
  -7.201 -15.391 -15.617
  -7.194 -15.741 -15.997
  -7.187 -15.562 -15.742
  -7.180 -15.743 -15.743
  -7.173 -15.970 -15.970
  -7.166 -15.657 -15.833
  -7.159 -15.910 -15.910
  -7.153 -16.287 -16.483
  -7.146 -15.389 -15.708
  -7.140 -15.925 -15.925
  -7.133 -15.652 -15.873
  -7.127 -16.173 -16.173
  -7.121 -15.864 -16.104
  -7.115 -15.282 -16.152
  -7.109 -15.903 -15.903
  -7.103 -15.873 -15.873
  -7.098 -15.914 -15.914
  -7.092 -16.017 -16.276
  -7.086 -16.434 -16.434
  -7.081 -15.932 -15.932
  -7.075 -15.711 -16.012
  -7.070 -16.093 -16.471
  -7.064 -16.287 -16.287
  -7.059 -15.817 -16.244
  -7.054 -16.247 -16.407
  -7.049 -16.417 -16.417
  -7.043 -15.389 -16.056
  -7.038 -15.726 -16.115
  -7.033 -16.003 -16.198
  -7.029 -16.135 -16.742
  -7.024 -16.006 -16.347
  -7.019 -16.078 -16.399
  -7.014 -15.830 -15.830
  -7.009 -15.839 -16.045
  -7.005 -16.034 -16.547
  -7.000 -15.447 -16.143
  -6.995 -15.402 -16.756
  -6.991 -15.993 -15.993
  -6.986 -16.462 -16.644
  -6.982 -15.928 -16.582
  -6.978 -16.347 -16.498
  -6.973 -16.166 -16.502
  -6.969 -16.070 -16.964
  -6.965 -15.671 -17.351
  -6.961 -15.674 -15.893
  -6.956 -16.047 -16.047
  -6.952 -15.551 -16.154
  -6.948 -16.095 -16.356
  -6.944 -16.046 -16.388
  -6.940 -16.325 -16.508
  -6.936 -16.026 -16.192
  -6.932 -15.941 -16.656
  -6.928 -17.154 -49.500
  -6.924 -15.588 -15.753
  -6.920 -16.079 -16.348
  -6.917 -17.204 -17.441
  -6.913 -16.466 -16.647
  -6.909 -49.500     NaN
  -6.905 -16.332 -17.034
  -6.902 -16.149 -16.526
  -6.898 -49.500     NaN
  -6.894 -16.321 -17.076
  -6.891 -16.173 -16.411
  -6.887 -16.518 -16.714
  -6.884 -16.198 -16.554
  -6.880 -16.315 -17.148
  -6.877 -16.476 -16.778
  -6.873 -16.851 -17.007
  -6.870 -16.843 -17.128
  -6.867 -49.500 -49.500
  -6.863 -16.763 -16.939
  -6.860 -15.840 -16.132
  -6.857 -16.767 -17.215
  -6.853 -16.649 -16.649
  -6.850 -49.500     NaN
  -6.847 -15.753 -16.906
  -6.844 -16.705 -49.500
  -6.840 -16.792 -49.500
  -6.837 -16.712 -16.712
  -6.834 -49.500 -49.500
  -6.831 -15.974 -17.077
  -6.828 -49.500     NaN
  -6.825 -16.268 -16.992
  -6.822 -16.450 -16.625
  -6.819 -49.500     NaN
  -6.816 -16.048 -49.500
  -6.813 -16.090 -16.701
  -6.810 -15.412 -16.135
  -6.807 -49.500     NaN
  -6.804 -16.946 -49.500
  -6.801 -49.500     NaN
  -6.798 -16.692 -49.500
  -6.795 -15.359 -16.266
  -6.792 -16.189 -16.487
  -6.789 -16.114 -16.879
  -6.787 -49.500     NaN
  -6.784 -15.583 -16.215
  -6.781 -15.844 -16.924
  -6.778 -16.395 -49.500
  -6.775 -16.409 -49.500
  -6.773 -16.518 -16.832
  -6.770 -15.703 -49.500
  -6.767 -16.619 -49.500
  -6.765 -16.678 -17.097
  -6.762 -16.587 -16.802
  -6.759 -16.275 -49.500
  -6.757 -49.500     NaN
  -6.754 -49.500 -49.500
  -6.751 -49.500 -49.500
  -6.749 -49.500     NaN
  -6.746 -15.796 -17.172
  -6.744 -49.500     NaN
  -6.741 -15.611 -16.306
  -6.739 -16.467 -16.467
  -6.736 -49.500     NaN
  -6.734 -49.500     NaN
  -6.731 -49.500     NaN
  -6.729 -17.000 -49.500
  -6.726 -49.500 -49.500
  -6.724 -16.886 -16.886
  -6.721 -49.500 -49.500
  -6.719 -16.477 -49.500
  -6.717 -49.500     NaN
  -6.714 -49.500 -49.500
  -6.712 -16.967 -16.967
  -6.709 -49.500 -49.500
  -6.707 -49.500 -49.500
  -6.705 -49.500     NaN
  -6.702 -49.500 -49.500
  -6.700 -49.500 -49.500
  -6.698 -16.986 -49.500
  -6.696 -49.500     NaN
  -6.693 -16.924 -49.500
  -6.691 -49.500 -49.500
  -6.689 -49.500 -49.500
  -6.687 -16.466 -16.466
  -6.684 -49.500 -49.500
  -6.682 -16.828 -49.500
  -6.680 -49.500     NaN
  -6.678 -49.500 -49.500
  -6.675 -16.736 -49.500
  -6.673 -16.423 -16.423
  -6.671 -49.500 -49.500
  -6.669 -49.500 -49.500
  -6.667 -49.500     NaN
  -6.665 -16.883 -16.883
  -6.663 -49.500     NaN
  -6.661 -16.365 -16.644
  -6.658 -16.848 -16.848
  -6.656 -49.500 -49.500
  -6.654 -49.500 -49.500
  -6.652 -16.338 -49.500
  -6.650 -15.915 -15.915
  -6.648 -16.774 -49.500
  -6.646 -49.500 -49.500
  -6.644 -16.690 -49.500
  -6.642 -49.500 -49.500
  -6.640 -49.500 -49.500
  -6.638 -15.603 -16.081
  -6.636 -49.500 -49.500
  -6.634 -49.500 -49.500
  -6.632 -49.500 -49.500
  -6.630 -49.500 -49.500
  -6.628 -49.500 -49.500
  -6.626 -49.500 -49.500
  -6.624 -49.500     NaN
  -6.622 -49.500 -49.500
  -6.620 -49.500     NaN
  -6.618 -15.930 -49.500
  -6.617 -49.500     NaN
  -6.615 -49.500     NaN
  -6.613 -49.500 -49.500
  -6.611 -49.500 -49.500
  -6.609 -49.500     NaN
  -6.607 -49.500 -49.500
  -6.605 -49.500     NaN
  -6.603 -49.500     NaN
  -6.602 -49.500 -49.500
  -6.600 -16.529 -16.529
  -6.598 -49.500 -49.500
  -6.596 -49.500 -49.500
  -6.594 -49.500 -49.500
