  -8.861 -13.944 -14.114
  -8.599 -14.213 -14.213
  -8.442 -14.347 -14.347
  -8.329 -14.474 -14.474
  -8.239 -14.572 -14.572
  -8.166 -14.634 -14.634
  -8.103 -14.540 -14.540
  -8.048 -14.703 -14.703
  -7.999 -14.764 -14.764
  -7.955 -14.687 -14.687
  -7.916 -14.845 -14.845
  -7.879 -14.492 -14.888
  -7.846 -14.586 -14.858
  -7.815 -14.939 -14.939
  -7.786 -14.662 -14.975
  -7.758 -15.147 -15.147
  -7.733 -14.882 -14.882
  -7.709 -15.013 -15.205
  -7.686 -15.153 -15.153
  -7.664 -14.847 -15.149
  -7.643 -15.015 -15.015
  -7.624 -14.900 -14.900
  -7.605 -14.627 -15.123
  -7.586 -15.267 -15.439
  -7.569 -15.129 -15.378
  -7.552 -15.138 -15.479
  -7.536 -15.197 -15.197
  -7.521 -15.182 -15.182
  -7.506 -15.539 -15.539
  -7.491 -15.146 -15.331
  -7.477 -14.904 -15.300
  -7.464 -15.091 -15.443
  -7.451 -14.945 -15.409
  -7.438 -15.223 -15.223
  -7.425 -15.092 -15.286
  -7.413 -15.215 -15.391
  -7.401 -15.315 -15.567
  -7.390 -15.685 -15.685
  -7.379 -15.431 -15.671
  -7.368 -14.526 -15.629
  -7.357 -15.253 -15.253
  -7.347 -15.675 -15.675
  -7.337 -15.891 -15.891
  -7.327 -15.379 -15.587
  -7.317 -15.099 -15.445
  -7.308 -15.670 -15.670
  -7.299 -15.674 -15.674
  -7.290 -15.692 -15.925
  -7.281 -15.917 -15.917
  -7.272 -15.683 -15.683
  -7.264 -15.814 -15.814
  -7.255 -15.612 -15.829
  -7.247 -15.449 -15.789
  -7.239 -14.885 -15.321
  -7.231 -15.803 -15.803
  -7.223 -14.805 -15.811
  -7.216 -14.975 -15.523
  -7.208 -16.107 -16.107
  -7.201 -15.653 -16.056
  -7.194 -15.459 -16.014
  -7.187 -14.907 -16.035
  -7.180 -15.852 -15.852
  -7.173 -15.721 -15.721
  -7.166 -15.699 -15.852
  -7.159 -16.254 -16.254
  -7.153 -16.229 -16.409
  -7.146 -15.930 -15.930
  -7.140 -16.239 -16.239
  -7.133 -15.143 -15.713
  -7.127 -16.137 -16.309
  -7.121 -16.144 -16.320
  -7.115 -16.106 -16.106
  -7.109 -16.213 -16.213
  -7.103 -15.834 -16.008
  -7.098 -16.056 -16.056
  -7.092 -15.898 -15.898
  -7.086 -16.135 -16.135
  -7.081 -15.821 -16.270
  -7.075 -16.283 -16.283
  -7.070 -15.763 -16.018
  -7.064 -15.963 -15.963
  -7.059 -15.813 -16.074
  -7.054 -15.916 -16.115
  -7.049 -15.917 -16.470
  -7.043 -16.421 -16.728
  -7.038 -15.879 -16.060
  -7.033 -16.453 -16.453
  -7.029 -16.961 -17.116
  -7.024 -16.259 -16.440
  -7.019 -16.328 -16.328
  -7.014 -15.507 -15.507
  -7.009 -16.267 -16.267
  -7.005 -16.532 -16.766
  -7.000 -16.618 -16.618
  -6.995 -16.291 -16.291
  -6.991 -16.291 -16.291
  -6.986 -15.586 -15.816
  -6.982 -15.981 -16.209
  -6.978 -15.909 -16.286
  -6.973 -16.818 -17.239
  -6.969 -16.484 -16.739
  -6.965 -15.939 -16.404
  -6.961 -16.160 -16.491
  -6.956 -16.547 -16.735
  -6.952 -16.214 -16.491
  -6.948 -16.242 -16.393
  -6.944 -16.551 -16.551
  -6.940 -16.524 -16.702
  -6.936 -15.802 -15.979
  -6.932 -22.808 -22.808
  -6.928 -16.130 -16.283
  -6.924 -16.017 -16.967
  -6.920 -15.949 -16.175
  -6.917 -16.377 -16.704
  -6.913 -16.495 -17.086
  -6.909 -16.338 -17.134
  -6.905 -16.465 -16.465
  -6.902 -16.794 -17.259
  -6.898 -16.125 -16.749
  -6.894 -15.495 -15.830
  -6.891 -16.079 -16.287
  -6.887 -16.252 -16.414
  -6.884 -15.870 -16.276
  -6.880 -16.581 -49.500
  -6.877 -16.220 -17.026
  -6.873 -16.346 -17.133
  -6.870 -16.617 -16.827
  -6.867 -16.147 -17.029
  -6.863 -15.866 -49.500
  -6.860 -49.500     NaN
  -6.857 -49.500     NaN
  -6.853 -16.284 -16.719
  -6.850 -16.419 -49.500
  -6.847 -16.563 -16.901
  -6.844 -14.371 -15.829
  -6.840 -15.650 -16.395
  -6.837 -49.500     NaN
  -6.834 -15.047 -49.500
  -6.831 -16.160 -16.790
  -6.828 -16.296 -17.105
  -6.825 -16.858 -17.142
  -6.822 -17.523 -49.500
  -6.819 -16.632 -16.810
  -6.816 -16.753 -49.500
  -6.813 -49.500     NaN
  -6.810 -16.165 -16.332
  -6.807 -15.452 -17.501
  -6.804 -16.994 -16.994
  -6.801 -17.022 -49.500
  -6.798 -16.714 -49.500
  -6.795 -49.500     NaN
  -6.792 -16.070 -16.301
  -6.789 -16.628 -16.628
  -6.787 -16.279 -49.500
  -6.784 -16.594 -49.500
  -6.781 -16.058 -17.252
  -6.778 -16.606 -49.500
  -6.775 -16.379 -17.221
  -6.773 -16.374 -49.500
  -6.770 -49.500 -49.500
  -6.767 -49.500     NaN
  -6.765 -16.067 -49.500
  -6.762 -49.500 -49.500
  -6.759 -17.029 -49.500
  -6.757 -16.311 -49.500
  -6.754 -16.182 -49.500
  -6.751 -16.856 -49.500
  -6.749 -49.500 -49.500
  -6.746 -16.850 -49.500
  -6.744 -49.500     NaN
  -6.741 -16.565 -49.500
  -6.739 -49.500 -49.500
  -6.736 -49.500 -49.500
  -6.734 -16.939 -49.500
  -6.731 -15.850 -15.850
  -6.729 -49.500     NaN
  -6.726 -15.890 -49.500
  -6.724 -49.500     NaN
  -6.721 -16.977 -49.500
  -6.719 -49.500     NaN
  -6.717 -16.359 -49.500
  -6.714 -49.500 -49.500
  -6.712 -49.500 -49.500
  -6.709 -16.420 -49.500
  -6.707 -16.004 -16.004
  -6.705 -49.500 -49.500
  -6.702 -15.822 -15.822
  -6.700 -49.500     NaN
  -6.698 -49.500 -49.500
  -6.696 -16.586 -16.586
  -6.693 -16.898 -49.500
  -6.691 -49.500     NaN
  -6.689 -16.912 -49.500
  -6.687 -49.500 -49.500
  -6.684 -16.663 -49.500
  -6.682 -49.500 -49.500
  -6.680 -49.500 -49.500
  -6.678 -49.500 -49.500
  -6.675 -15.856 -17.159
  -6.673 -49.500 -49.500
  -6.671 -49.500     NaN
  -6.669 -49.500 -49.500
  -6.667 -16.700 -49.500
  -6.665 -49.500 -49.500
  -6.663 -49.500 -49.500
  -6.661 -49.500 -49.500
  -6.658 -16.069 -49.500
  -6.656 -16.976 -49.500
  -6.654 -49.500 -49.500
  -6.652 -49.500     NaN
  -6.650 -49.500 -49.500
  -6.648 -49.500 -49.500
  -6.646 -49.500 -49.500
  -6.644 -15.859 -16.071
  -6.642 -49.500 -49.500
  -6.640 -49.500 -49.500
  -6.638 -49.500     NaN
  -6.636 -15.474 -49.500
  -6.634 -49.500     NaN
  -6.632 -49.500 -49.500
  -6.630 -16.548 -49.500
  -6.628 -16.696 -49.500
  -6.626 -49.500 -49.500
  -6.624 -15.794 -16.253
  -6.622 -49.500 -49.500
  -6.620 -49.500 -49.500
  -6.618 -49.500 -49.500
  -6.617 -16.002 -49.500
  -6.615 -49.500 -49.500
  -6.613 -16.181 -16.506
  -6.611 -49.500 -49.500
  -6.609 -49.500 -49.500
  -6.607 -16.571 -49.500
  -6.605 -49.500 -49.500
  -6.603 -16.105 -16.105
  -6.602 -49.500 -49.500
  -6.600 -49.500 -49.500
  -6.598 -16.171 -16.171
  -6.596 -49.500 -49.500
  -6.594 -49.500 -49.500
