  -8.861 -14.136 -14.136
  -8.599 -14.282 -14.282
  -8.442 -14.390 -14.390
  -8.329 -14.366 -14.366
  -8.239 -14.497 -14.497
  -8.166 -14.524 -14.524
  -8.103 -14.602 -14.602
  -8.048 -14.366 -14.661
  -7.999 -14.706 -14.706
  -7.955 -14.761 -14.761
  -7.916 -14.680 -14.832
  -7.879 -14.802 -14.802
  -7.846 -14.734 -14.734
  -7.815 -14.896 -14.896
  -7.786 -14.880 -14.880
  -7.758 -15.030 -15.030
  -7.733 -14.982 -14.982
  -7.709 -15.099 -15.099
  -7.686 -14.838 -14.838
  -7.664 -14.865 -14.865
  -7.643 -14.658 -14.894
  -7.624 -15.291 -15.291
  -7.605 -15.023 -15.358
  -7.586 -15.167 -15.167
  -7.569 -14.893 -15.193
  -7.552 -15.114 -15.305
  -7.536 -15.311 -15.311
  -7.521 -15.394 -15.394
  -7.506 -15.291 -15.291
  -7.491 -15.366 -15.366
  -7.477 -15.480 -15.480
  -7.464 -15.385 -15.385
  -7.451 -15.137 -15.449
  -7.438 -15.574 -15.574
  -7.425 -15.383 -15.383
  -7.413 -15.047 -15.483
  -7.401 -15.128 -15.128
  -7.390 -15.355 -15.725
  -7.379 -15.593 -15.593
  -7.368 -15.591 -15.591
  -7.357 -15.683 -15.683
  -7.347 -15.354 -15.591
  -7.337 -15.155 -15.351
  -7.327 -15.274 -15.563
  -7.317 -15.763 -15.763
  -7.308 -15.568 -15.568
  -7.299 -15.615 -15.615
  -7.290 -15.662 -15.662
  -7.281 -15.501 -15.501
  -7.272 -15.721 -15.721
  -7.264 -16.036 -16.036
  -7.255 -15.566 -15.993
  -7.247 -15.921 -15.921
  -7.239 -15.859 -15.859
  -7.231 -15.081 -15.564
  -7.223 -15.546 -16.012
  -7.216 -15.777 -15.777
  -7.208 -16.018 -16.018
  -7.201 -15.645 -15.807
  -7.194 -14.455 -16.103
  -7.187 -15.791 -15.791
  -7.180 -15.897 -15.897
  -7.173 -15.659 -15.983
  -7.166 -15.675 -15.888
  -7.159 -16.023 -16.023
  -7.153 -16.180 -16.180
  -7.146 -15.732 -16.296
  -7.140 -15.295 -15.483
  -7.133 -16.031 -16.031
  -7.127 -15.765 -15.982
  -7.121 -15.839 -15.839
  -7.115 -16.276 -16.276
  -7.109 -16.154 -16.414
  -7.103 -15.508 -15.932
  -7.098 -15.682 -16.155
  -7.092 -16.085 -16.085
  -7.086 -16.144 -16.298
  -7.081 -15.423 -16.284
  -7.075 -16.407 -16.407
  -7.070 -15.512 -15.861
  -7.064 -16.190 -16.190
  -7.059 -15.802 -15.802
  -7.054 -16.316 -16.316
  -7.049 -16.127 -16.289
  -7.043 -16.277 -16.277
  -7.038 -15.644 -16.456
  -7.033 -15.646 -16.672
  -7.029 -15.839 -16.145
  -7.024 -16.191 -16.716
  -7.019 -16.282 -16.282
  -7.014 -16.495 -16.495
  -7.009 -16.075 -16.075
  -7.005 -15.889 -16.606
  -7.000 -16.124 -16.355
  -6.995 -16.139 -16.480
  -6.991 -16.368 -16.732
  -6.986 -16.059 -16.059
  -6.982 -16.267 -16.535
  -6.978 -15.449 -16.295
  -6.973 -16.013 -16.799
  -6.969 -16.418 -16.418
  -6.965 -14.902 -16.324
  -6.961 -16.439 -16.943
  -6.956 -16.786 -16.942
  -6.952 -16.260 -16.476
  -6.948 -16.426 -16.426
  -6.944 -16.143 -16.143
  -6.940 -15.946 -15.946
  -6.936 -16.295 -16.473
  -6.932 -15.570 -17.321
  -6.928 -16.919 -17.077
  -6.924 -16.644 -16.859
  -6.920 -16.873 -17.030
  -6.917 -15.882 -16.112
  -6.913 -15.743 -17.209
  -6.909 -15.880 -16.866
  -6.905 -15.773 -16.818
  -6.902 -15.586 -15.919
  -6.898 -16.347 -16.997
  -6.894 -15.730 -16.316
  -6.891 -16.737 -17.163
  -6.887 -17.076 -17.230
  -6.884 -16.136 -16.798
  -6.880 -15.864 -16.227
  -6.877 -16.848 -16.848
  -6.873 -16.032 -16.032
  -6.870 -16.435 -16.435
  -6.867 -16.049 -16.300
  -6.863 -15.644 -16.785
  -6.860 -15.629 -15.896
  -6.857 -49.500     NaN
  -6.853 -16.004 -16.408
  -6.850 -15.643 -16.841
  -6.847 -16.552 -49.500
  -6.844 -15.993 -16.730
  -6.840 -49.500     NaN
  -6.837 -15.656 -17.327
  -6.834 -49.500     NaN
  -6.831 -15.987 -49.500
  -6.828 -16.927 -49.500
  -6.825 -49.500     NaN
  -6.822 -49.500     NaN
  -6.819 -16.604 -49.500
  -6.816 -17.141 -49.500
  -6.813 -49.500     NaN
  -6.810 -16.734 -49.500
  -6.807 -49.500     NaN
  -6.804 -49.500     NaN
  -6.801 -16.114 -16.497
  -6.798 -49.500     NaN
  -6.795 -16.839 -16.839
  -6.792 -49.500     NaN
  -6.789 -16.268 -49.500
  -6.787 -49.500     NaN
  -6.784 -49.500     NaN
  -6.781 -16.059 -16.260
  -6.778 -49.500     NaN
  -6.775 -16.047 -16.296
  -6.773 -16.971 -49.500
  -6.770 -49.500     NaN
  -6.767 -16.093 -16.093
  -6.765 -16.845 -17.204
  -6.762 -49.500     NaN
  -6.759 -49.500     NaN
  -6.757 -49.500     NaN
  -6.754 -15.158 -16.412
  -6.751 -16.647 -17.106
  -6.749 -49.500     NaN
  -6.746 -49.500     NaN
  -6.744 -15.962 -49.500
  -6.741 -49.500     NaN
  -6.739 -16.290 -16.536
  -6.736 -49.500     NaN
  -6.734 -49.500 -49.500
  -6.731 -49.500 -49.500
  -6.729 -17.045 -17.045
  -6.726 -15.881 -16.991
  -6.724 -49.500 -49.500
  -6.721 -16.157 -16.323
  -6.719 -15.623 -16.763
  -6.717 -16.220 -17.107
  -6.714 -49.500     NaN
  -6.712 -49.500     NaN
  -6.709 -49.500 -49.500
  -6.707 -49.500     NaN
  -6.705 -49.500     NaN
  -6.702 -49.500     NaN
  -6.700 -16.189 -16.189
  -6.698 -49.500     NaN
  -6.696 -16.168 -16.937
  -6.693 -49.500 -49.500
  -6.691 -16.287 -16.287
  -6.689 -16.263 -16.263
  -6.687 -17.035 -17.035
  -6.684 -49.500 -49.500
  -6.682 -49.500     NaN
  -6.680 -16.515 -49.500
  -6.678 -49.500 -49.500
  -6.675 -49.500     NaN
  -6.673 -49.500     NaN
  -6.671 -49.500 -49.500
  -6.669 -16.831 -16.831
  -6.667 -16.280 -16.458
  -6.665 -15.906 -16.134
  -6.663 -49.500     NaN
  -6.661 -49.500 -49.500
  -6.658 -16.951 -16.951
  -6.656 -49.500 -49.500
  -6.654 -16.270 -49.500
  -6.652 -49.500     NaN
  -6.650 -16.485 -49.500
  -6.648 -49.500 -49.500
  -6.646 -49.500 -49.500
  -6.644 -49.500 -49.500
  -6.642 -49.500     NaN
  -6.640 -49.500 -49.500
  -6.638 -49.500 -49.500
  -6.636 -49.500 -49.500
  -6.634 -16.693 -16.693
  -6.632 -15.451 -15.451
  -6.630 -49.500 -49.500
  -6.628 -49.500     NaN
  -6.626 -49.500 -49.500
  -6.624 -49.500     NaN
  -6.622 -15.568 -15.568
  -6.620 -49.500 -49.500
  -6.618 -49.500 -49.500
  -6.617 -49.500 -49.500
  -6.615 -49.500 -49.500
  -6.613 -49.500 -49.500
  -6.611 -15.888 -49.500
  -6.609 -16.127 -16.127
  -6.607 -49.500     NaN
  -6.605 -16.637 -49.500
  -6.603 -49.500     NaN
  -6.602 -49.500 -49.500
  -6.600 -49.500 -49.500
  -6.598 -49.500 -49.500
  -6.596 -49.500 -49.500
  -6.594 -16.079 -49.500
