  -8.861 -14.115 -14.115
  -8.599 -14.305 -14.305
  -8.442 -14.374 -14.374
  -8.329 -14.486 -14.486
  -8.239 -14.556 -14.556
  -8.166 -14.512 -14.512
  -8.103 -14.527 -14.527
  -8.048 -14.499 -14.499
  -7.999 -14.724 -14.724
  -7.955 -14.379 -14.747
  -7.916 -14.858 -14.858
  -7.879 -14.826 -14.826
  -7.846 -14.893 -14.893
  -7.815 -15.030 -15.030
  -7.786 -14.785 -15.005
  -7.758 -14.713 -14.906
  -7.733 -15.000 -15.000
  -7.709 -15.146 -15.146
  -7.686 -15.150 -15.150
  -7.664 -15.030 -15.214
  -7.643 -15.119 -15.119
  -7.624 -15.017 -15.202
  -7.605 -15.255 -15.255
  -7.586 -15.425 -15.425
  -7.569 -15.384 -15.384
  -7.552 -15.034 -15.282
  -7.536 -15.365 -15.365
  -7.521 -15.259 -15.259
  -7.506 -15.572 -15.572
  -7.491 -15.234 -15.234
  -7.477 -15.532 -15.532
  -7.464 -15.049 -15.390
  -7.451 -15.447 -15.447
  -7.438 -15.373 -15.572
  -7.425 -15.527 -15.527
  -7.413 -15.487 -15.673
  -7.401 -15.466 -15.466
  -7.390 -15.132 -15.506
  -7.379 -15.612 -15.612
  -7.368 -15.411 -15.633
  -7.357 -15.558 -15.558
  -7.347 -15.596 -15.596
  -7.337 -15.337 -15.635
  -7.327 -15.468 -15.468
  -7.317 -15.772 -15.772
  -7.308 -15.577 -15.768
  -7.299 -15.552 -15.753
  -7.290 -15.876 -15.876
  -7.281 -15.838 -15.838
  -7.272 -14.515 -15.523
  -7.264 -15.791 -15.791
  -7.255 -15.306 -15.508
  -7.247 -15.833 -15.833
  -7.239 -15.519 -15.713
  -7.231 -15.314 -15.525
  -7.223 -15.861 -15.861
  -7.216 -15.742 -15.742
  -7.208 -15.138 -15.526
  -7.201 -15.895 -15.895
  -7.194 -14.964 -16.091
  -7.187 -15.621 -15.839
  -7.180 -14.861 -15.771
  -7.173 -15.676 -15.676
  -7.166 -15.753 -15.753
  -7.159 -15.750 -15.750
  -7.153 -16.050 -16.050
  -7.146 -15.756 -16.209
  -7.140 -16.038 -16.205
  -7.133 -15.694 -16.050
  -7.127 -15.880 -16.085
  -7.121 -16.124 -16.124
  -7.115 -16.038 -16.193
  -7.109 -15.968 -16.269
  -7.103 -16.175 -16.909
  -7.098 -15.703 -15.972
  -7.092 -16.072 -16.253
  -7.086 -16.112 -16.279
  -7.081 -16.227 -16.227
  -7.075 -16.174 -16.174
  -7.070 -15.902 -16.058
  -7.064 -16.045 -16.502
  -7.059 -15.248 -16.148
  -7.054 -16.289 -16.513
  -7.049 -15.301 -16.069
  -7.043 -15.463 -16.586
  -7.038 -16.122 -16.122
  -7.033 -15.949 -15.949
  -7.029 -16.141 -16.141
  -7.024 -15.843 -16.114
  -7.019 -15.923 -16.182
  -7.014 -16.516 -16.516
  -7.009 -16.732 -16.732
  -7.005 -15.112 -15.813
  -7.000 -16.736 -16.736
  -6.995 -16.228 -16.840
  -6.991 -16.504 -16.814
  -6.986 -16.256 -16.522
  -6.982 -16.235 -16.849
  -6.978 -16.057 -16.268
  -6.973 -15.978 -16.730
  -6.969 -15.842 -16.150
  -6.965 -16.785 -16.966
  -6.961 -16.418 -16.668
  -6.956 -16.704 -16.891
  -6.952 -15.953 -16.198
  -6.948 -15.947 -16.641
  -6.944 -14.702 -16.793
  -6.940 -16.328 -16.328
  -6.936 -16.677 -17.188
  -6.932 -16.169 -16.516
  -6.928 -17.297 -49.500
  -6.924 -49.500     NaN
  -6.920 -15.947 -16.517
  -6.917 -16.352 -16.877
  -6.913 -16.364 -16.364
  -6.909 -16.847 -17.034
  -6.905 -15.166 -17.393
  -6.902 -15.937 -15.937
  -6.898 -16.559 -16.559
  -6.894 -17.236 -49.500
  -6.891 -14.962 -15.466
  -6.887 -16.332 -16.566
  -6.884 -16.325 -16.325
  -6.880 -16.512 -49.500
  -6.877 -15.966 -16.387
  -6.873 -15.746 -16.351
  -6.870 -16.077 -16.304
  -6.867 -17.395 -49.500
  -6.863 -16.951 -49.500
  -6.860 -16.100 -16.471
  -6.857 -49.500     NaN
  -6.853 -16.464 -49.500
  -6.850 -15.173 -16.333
  -6.847 -49.500     NaN
  -6.844 -16.652 -17.211
  -6.840 -16.811 -17.258
  -6.837 -16.827 -49.500
  -6.834 -16.194 -16.377
  -6.831 -15.497 -15.991
  -6.828 -16.123 -16.826
  -6.825 -16.243 -16.566
  -6.822 -14.066 -16.794
  -6.819 -16.514 -49.500
  -6.816 -49.500     NaN
  -6.813 -16.822 -49.500
  -6.810 -49.500     NaN
  -6.807 -14.439 -16.429
  -6.804 -49.500     NaN
  -6.801 -15.571 -16.342
  -6.798 -49.500     NaN
  -6.795 -17.034 -49.500
  -6.792 -16.169 -16.556
  -6.789 -16.306 -16.306
  -6.787 -49.500     NaN
  -6.784 -16.384 -49.500
  -6.781 -16.230 -16.825
  -6.778 -17.281 -49.500
  -6.775 -49.500     NaN
  -6.773 -15.783 -16.721
  -6.770 -49.500     NaN
  -6.767 -16.776 -17.128
  -6.765 -16.238 -16.497
  -6.762 -49.500     NaN
  -6.759 -49.500     NaN
  -6.757 -49.500     NaN
  -6.754 -16.851 -17.248
  -6.751 -16.070 -16.661
  -6.749 -16.481 -49.500
  -6.746 -49.500     NaN
  -6.744 -49.500 -49.500
  -6.741 -49.500     NaN
  -6.739 -16.249 -16.249
  -6.736 -16.540 -16.540
  -6.734 -16.543 -16.543
  -6.731 -16.635 -49.500
  -6.729 -16.222 -49.500
  -6.726 -16.653 -49.500
  -6.724 -49.500     NaN
  -6.721 -16.080 -49.500
  -6.719 -49.500     NaN
  -6.717 -16.275 -16.918
  -6.714 -49.500     NaN
  -6.712 -49.500     NaN
  -6.709 -16.479 -49.500
  -6.707 -16.073 -16.321
  -6.705 -16.803 -49.500
  -6.702 -49.500 -49.500
  -6.700 -49.500 -49.500
  -6.698 -14.924 -14.924
  -6.696 -49.500     NaN
  -6.693 -49.500     NaN
  -6.691 -16.817 -49.500
  -6.689 -16.919 -49.500
  -6.687 -49.500 -49.500
  -6.684 -49.500 -49.500
  -6.682 -49.500 -49.500
  -6.680 -16.527 -49.500
  -6.678 -17.208 -17.208
  -6.675 -49.500 -49.500
  -6.673 -49.500     NaN
  -6.671 -49.500 -49.500
  -6.669 -49.500 -49.500
  -6.667 -49.500 -49.500
  -6.665 -16.557 -49.500
  -6.663 -49.500 -49.500
  -6.661 -49.500 -49.500
  -6.658 -49.500 -49.500
  -6.656 -49.500     NaN
  -6.654 -15.844 -15.844
  -6.652 -49.500 -49.500
  -6.650 -49.500     NaN
  -6.648 -49.500 -49.500
  -6.646 -49.500 -49.500
  -6.644 -15.850 -15.850
  -6.642 -49.500     NaN
  -6.640 -16.747 -49.500
  -6.638 -49.500     NaN
  -6.636 -49.500 -49.500
  -6.634 -49.500 -49.500
  -6.632 -49.500 -49.500
  -6.630 -16.835 -16.835
  -6.628 -49.500     NaN
  -6.626 -49.500 -49.500
  -6.624 -49.500 -49.500
  -6.622 -49.500 -49.500
  -6.620 -49.500 -49.500
  -6.618 -49.500 -49.500
  -6.617 -49.500 -49.500
  -6.615 -49.500 -49.500
  -6.613 -49.500 -49.500
  -6.611 -17.247 -17.247
  -6.609 -49.500 -49.500
  -6.607 -49.500 -49.500
  -6.605 -49.500 -49.500
  -6.603 -16.797 -49.500
  -6.602 -49.500 -49.500
  -6.600 -16.900 -16.900
  -6.598 -49.500 -49.500
  -6.596 -49.500 -49.500
  -6.594 -49.500 -49.500
