  -8.861 -14.147 -14.147
  -8.599 -14.268 -14.268
  -8.442 -14.369 -14.369
  -8.329 -14.416 -14.416
  -8.239 -14.523 -14.523
  -8.166 -14.626 -14.626
  -8.103 -14.513 -14.694
  -8.048 -14.550 -14.550
  -7.999 -14.728 -14.728
  -7.955 -14.652 -14.652
  -7.916 -14.679 -14.679
  -7.879 -14.826 -14.826
  -7.846 -14.621 -14.621
  -7.815 -14.913 -14.913
  -7.786 -14.735 -14.735
  -7.758 -14.829 -14.829
  -7.733 -14.965 -14.965
  -7.709 -14.978 -14.978
  -7.686 -15.220 -15.220
  -7.664 -14.862 -15.174
  -7.643 -14.578 -15.076
  -7.624 -14.892 -14.892
  -7.605 -14.772 -15.053
  -7.586 -15.037 -15.209
  -7.569 -14.777 -14.777
  -7.552 -15.118 -15.118
  -7.536 -15.447 -15.447
  -7.521 -15.344 -15.344
  -7.506 -15.287 -15.287
  -7.491 -15.488 -15.488
  -7.477 -15.136 -15.136
  -7.464 -14.997 -14.997
  -7.451 -15.374 -15.374
  -7.438 -15.160 -15.552
  -7.425 -15.219 -15.219
  -7.413 -15.000 -15.706
  -7.401 -15.499 -15.499
  -7.390 -15.725 -15.725
  -7.379 -15.760 -15.760
  -7.368 -14.873 -15.407
  -7.357 -15.277 -15.654
  -7.347 -15.643 -15.643
  -7.337 -15.622 -15.622
  -7.327 -14.462 -15.658
  -7.317 -15.613 -15.779
  -7.308 -15.220 -15.552
  -7.299 -15.050 -15.253
  -7.290 -15.571 -15.731
  -7.281 -15.675 -15.675
  -7.272 -15.574 -15.574
  -7.264 -15.913 -15.913
  -7.255 -15.882 -15.882
  -7.247 -15.498 -15.782
  -7.239 -16.091 -16.091
  -7.231 -15.481 -15.839
  -7.223 -15.426 -15.818
  -7.216 -15.680 -15.680
  -7.208 -15.595 -15.818
  -7.201 -15.975 -15.975
  -7.194 -15.733 -15.733
  -7.187 -15.988 -15.988
  -7.180 -15.600 -15.830
  -7.173 -15.878 -16.075
  -7.166 -14.490 -16.037
  -7.159 -14.505 -15.555
  -7.153 -15.781 -16.260
  -7.146 -15.880 -16.059
  -7.140 -16.062 -16.062
  -7.133 -16.139 -16.139
  -7.127 -15.772 -16.083
  -7.121 -16.064 -16.064
  -7.115 -15.846 -16.020
  -7.109 -15.635 -15.957
  -7.103 -15.869 -16.098
  -7.098 -16.333 -16.333
  -7.092 -15.937 -16.338
  -7.086 -15.704 -15.980
  -7.081 -15.844 -15.844
  -7.075 -15.987 -15.987
  -7.070 -16.110 -16.110
  -7.064 -15.376 -15.578
  -7.059 -15.945 -16.137
  -7.054 -15.763 -16.035
  -7.049 -15.354 -16.357
  -7.043 -16.075 -16.411
  -7.038 -15.813 -15.977
  -7.033 -15.440 -16.268
  -7.029 -16.474 -16.723
  -7.024 -16.057 -16.057
  -7.019 -15.578 -16.691
  -7.014 -16.286 -16.286
  -7.009 -15.784 -16.451
  -7.005 -16.269 -17.028
  -7.000 -15.178 -16.823
  -6.995 -16.364 -16.783
  -6.991 -16.116 -16.116
  -6.986 -15.848 -16.547
  -6.982 -16.660 -16.660
  -6.978 -15.551 -15.551
  -6.973 -15.964 -16.375
  -6.969 -16.001 -16.188
  -6.965 -15.848 -16.391
  -6.961 -15.917 -16.329
  -6.956 -16.434 -16.653
  -6.952 -15.938 -16.106
  -6.948 -15.804 -16.251
  -6.944 -15.383 -16.922
  -6.940 -15.687 -16.348
  -6.936 -16.207 -16.702
  -6.932 -15.978 -16.760
  -6.928 -16.599 -16.777
  -6.924 -16.522 -17.036
  -6.920 -16.420 -16.420
  -6.917 -16.551 -17.172
  -6.913 -16.195 -16.357
  -6.909 -15.590 -16.223
  -6.905 -16.006 -16.559
  -6.902 -16.545 -17.286
  -6.898 -16.478 -16.868
  -6.894 -16.621 -16.867
  -6.891 -15.754 -16.952
  -6.887 -15.677 -16.123
  -6.884 -15.717 -16.478
  -6.880 -16.651 -49.500
  -6.877 -15.748 -16.605
  -6.873 -15.930 -15.930
  -6.870 -16.694 -16.884
  -6.867 -49.500     NaN
  -6.863 -16.354 -16.521
  -6.860 -15.912 -16.565
  -6.857 -16.311 -49.500
  -6.853 -16.203 -16.534
  -6.850 -16.879 -49.500
  -6.847 -16.247 -16.821
  -6.844 -16.112 -16.355
  -6.840 -17.112 -49.500
  -6.837 -49.500     NaN
  -6.834 -49.500     NaN
  -6.831 -16.625 -49.500
  -6.828 -17.001 -49.500
  -6.825 -14.882 -16.928
  -6.822 -16.049 -16.905
  -6.819 -16.498 -49.500
  -6.816 -16.668 -49.500
  -6.813 -49.500 -49.500
  -6.810 -17.013 -49.500
  -6.807 -16.723 -49.500
  -6.804 -49.500 -49.500
  -6.801 -16.716 -49.500
  -6.798 -16.202 -17.215
  -6.795 -16.745 -16.745
  -6.792 -16.762 -49.500
  -6.789 -15.454 -15.701
  -6.787 -16.635 -49.500
  -6.784 -15.944 -16.879
  -6.781 -49.500     NaN
  -6.778 -16.993 -49.500
  -6.775 -15.329 -15.889
  -6.773 -16.641 -49.500
  -6.770 -17.098 -49.500
  -6.767 -16.654 -49.500
  -6.765 -16.237 -49.500
  -6.762 -16.924 -49.500
  -6.759 -16.443 -17.358
  -6.757 -16.490 -49.500
  -6.754 -49.500     NaN
  -6.751 -15.493 -49.500
  -6.749 -16.887 -49.500
  -6.746 -49.500     NaN
  -6.744 -49.500 -49.500
  -6.741 -49.500 -49.500
  -6.739 -49.500     NaN
  -6.736 -49.500 -49.500
  -6.734 -16.064 -16.464
  -6.731 -16.995 -16.995
  -6.729 -49.500 -49.500
  -6.726 -16.311 -17.111
  -6.724 -15.522 -16.346
  -6.721 -15.665 -16.013
  -6.719 -49.500     NaN
  -6.717 -16.283 -16.283
  -6.714 -16.656 -49.500
  -6.712 -49.500     NaN
  -6.709 -49.500     NaN
  -6.707 -49.500     NaN
  -6.705 -49.500 -49.500
  -6.702 -49.500     NaN
  -6.700 -49.500 -49.500
  -6.698 -15.915 -15.915
  -6.696 -49.500 -49.500
  -6.693 -16.492 -49.500
  -6.691 -49.500 -49.500
  -6.689 -16.176 -49.500
  -6.687 -49.500 -49.500
  -6.684 -49.500     NaN
  -6.682 -49.500     NaN
  -6.680 -49.500 -49.500
  -6.678 -16.573 -49.500
  -6.675 -49.500 -49.500
  -6.673 -16.455 -16.455
  -6.671 -49.500     NaN
  -6.669 -49.500     NaN
  -6.667 -49.500     NaN
  -6.665 -16.443 -16.443
  -6.663 -49.500 -49.500
  -6.661 -49.500     NaN
  -6.658 -16.766 -16.766
  -6.656 -49.500 -49.500
  -6.654 -49.500 -49.500
  -6.652 -49.500 -49.500
  -6.650 -15.620 -15.620
  -6.648 -49.500     NaN
  -6.646 -49.500     NaN
  -6.644 -49.500 -49.500
  -6.642 -15.692 -15.692
  -6.640 -16.598 -16.598
  -6.638 -49.500     NaN
  -6.636 -49.500 -49.500
  -6.634 -49.500 -49.500
  -6.632 -49.500     NaN
  -6.630 -49.500     NaN
  -6.628 -49.500     NaN
  -6.626 -15.962 -15.962
  -6.624 -49.500 -49.500
  -6.622 -16.422 -16.422
  -6.620 -49.500 -49.500
  -6.618 -49.500 -49.500
  -6.617 -49.500 -49.500
  -6.615 -49.500 -49.500
  -6.613 -49.500 -49.500
  -6.611 -16.147 -16.147
  -6.609 -16.403 -49.500
  -6.607 -49.500 -49.500
  -6.605 -49.500 -49.500
  -6.603 -49.500 -49.500
  -6.602 -49.500 -49.500
  -6.600 -15.010 -15.010
  -6.598 -49.500 -49.500
  -6.596 -49.500 -49.500
  -6.594 -49.500 -49.500
