  -8.861 -14.149 -14.149
  -8.599 -14.298 -14.298
  -8.442 -14.341 -14.341
  -8.329 -14.259 -14.259
  -8.239 -14.495 -14.495
  -8.166 -14.437 -14.437
  -8.103 -14.471 -14.471
  -8.048 -14.689 -14.689
  -7.999 -14.589 -14.589
  -7.955 -14.571 -14.571
  -7.916 -14.833 -14.833
  -7.879 -14.775 -14.775
  -7.846 -14.807 -14.807
  -7.815 -14.911 -14.911
  -7.786 -14.821 -15.007
  -7.758 -14.937 -14.937
  -7.733 -14.881 -14.881
  -7.709 -15.193 -15.193
  -7.686 -15.104 -15.104
  -7.664 -15.214 -15.214
  -7.643 -15.079 -15.079
  -7.624 -15.092 -15.092
  -7.605 -14.737 -14.737
  -7.586 -15.107 -15.107
  -7.569 -15.348 -15.348
  -7.552 -15.261 -15.261
  -7.536 -15.282 -15.444
  -7.521 -15.144 -15.144
  -7.506 -15.416 -15.416
  -7.491 -14.903 -15.458
  -7.477 -15.318 -15.318
  -7.464 -15.353 -15.353
  -7.451 -15.321 -15.321
  -7.438 -15.660 -15.660
  -7.425 -14.948 -15.374
  -7.413 -15.039 -15.039
  -7.401 -15.237 -15.237
  -7.390 -14.589 -15.394
  -7.379 -15.527 -15.527
  -7.368 -15.450 -15.450
  -7.357 -15.525 -15.525
  -7.347 -15.181 -15.467
  -7.337 -15.598 -15.757
  -7.327 -15.654 -15.654
  -7.317 -15.677 -15.677
  -7.308 -15.382 -15.382
  -7.299 -15.613 -15.613
  -7.290 -15.627 -15.627
  -7.281 -15.883 -15.883
  -7.272 -15.388 -15.539
  -7.264 -15.505 -15.708
  -7.255 -15.412 -15.642
  -7.247 -15.237 -15.494
  -7.239 -15.714 -15.714
  -7.231 -15.489 -15.816
  -7.223 -15.859 -15.859
  -7.216 -15.822 -15.977
  -7.208 -15.807 -15.807
  -7.201 -16.053 -16.299
  -7.194 -15.798 -16.039
  -7.187 -16.106 -16.106
  -7.180 -15.835 -16.088
  -7.173 -15.929 -16.249
  -7.166 -16.150 -16.150
  -7.159 -15.711 -15.879
  -7.153 -15.717 -15.717
  -7.146 -15.268 -15.892
  -7.140 -16.060 -16.060
  -7.133 -15.600 -15.900
  -7.127 -16.227 -16.227
  -7.121 -15.201 -15.932
  -7.115 -15.761 -16.492
  -7.109 -15.529 -15.835
  -7.103 -15.618 -15.618
  -7.098 -15.756 -15.756
  -7.092 -15.515 -15.922
  -7.086 -15.737 -15.894
  -7.081 -16.219 -16.477
  -7.075 -15.618 -15.778
  -7.070 -15.993 -15.993
  -7.064 -16.344 -16.545
  -7.059 -16.010 -16.364
  -7.054 -15.786 -16.493
  -7.049 -16.332 -16.332
  -7.043 -15.731 -15.731
  -7.038 -16.346 -16.346
  -7.033 -16.427 -16.685
  -7.029 -16.317 -16.636
  -7.024 -15.875 -16.555
  -7.019 -16.291 -16.460
  -7.014 -16.079 -16.500
  -7.009 -16.130 -16.320
  -7.005 -15.411 -16.412
  -7.000 -15.940 -16.124
  -6.995 -16.364 -16.573
  -6.991 -15.781 -15.943
  -6.986 -15.483 -16.352
  -6.982 -16.044 -16.297
  -6.978 -16.149 -16.149
  -6.973 -15.527 -17.107
  -6.969 -17.070 -49.500
  -6.965 -14.789 -16.078
  -6.961 -16.195 -16.195
  -6.956 -16.684 -16.856
  -6.952 -16.157 -16.343
  -6.948 -16.522 -16.697
  -6.944 -16.361 -16.578
  -6.940 -16.131 -16.484
  -6.936 -15.494 -16.296
  -6.932 -15.244 -16.112
  -6.928 -16.814 -22.297
  -6.924 -16.646 -17.241
  -6.920 -49.500     NaN
  -6.917 -16.407 -17.263
  -6.913 -16.134 -16.890
  -6.909 -16.389 -17.107
  -6.905 -16.075 -16.317
  -6.902 -16.030 -16.264
  -6.898 -15.989 -16.715
  -6.894 -49.500     NaN
  -6.891 -16.122 -16.407
  -6.887 -16.414 -22.845
  -6.884 -16.635 -17.259
  -6.880 -15.575 -16.411
  -6.877 -15.937 -16.658
  -6.873 -16.180 -49.500
  -6.870 -49.500     NaN
  -6.867 -16.270 -16.996
  -6.863 -16.750 -49.500
  -6.860 -16.263 -17.072
  -6.857 -14.711 -16.766
  -6.853 -16.257 -16.876
  -6.850 -15.377 -16.858
  -6.847 -15.784 -16.091
  -6.844 -49.500     NaN
  -6.840 -49.500     NaN
  -6.837 -15.695 -16.996
  -6.834 -16.026 -16.751
  -6.831 -16.716 -49.500
  -6.828 -49.500 -49.500
  -6.825 -16.641 -17.331
  -6.822 -16.382 -16.726
  -6.819 -15.881 -16.570
  -6.816 -16.261 -16.752
  -6.813 -16.562 -16.721
  -6.810 -17.080 -49.500
  -6.807 -49.500     NaN
  -6.804 -15.445 -17.196
  -6.801 -15.542 -16.417
  -6.798 -49.500     NaN
  -6.795 -49.500     NaN
  -6.792 -16.578 -49.500
  -6.789 -49.500     NaN
  -6.787 -16.239 -16.239
  -6.784 -16.968 -16.968
  -6.781 -16.530 -49.500
  -6.778 -16.354 -49.500
  -6.775 -49.500     NaN
  -6.773 -16.180 -16.478
  -6.770 -49.500 -49.500
  -6.767 -15.795 -16.423
  -6.765 -17.119 -17.350
  -6.762 -16.651 -49.500
  -6.759 -49.500     NaN
  -6.757 -16.526 -49.500
  -6.754 -15.802 -16.009
  -6.751 -49.500     NaN
  -6.749 -49.500     NaN
  -6.746 -49.500     NaN
  -6.744 -16.813 -17.014
  -6.741 -49.500     NaN
  -6.739 -49.500     NaN
  -6.736 -49.500     NaN
  -6.734 -49.500     NaN
  -6.731 -49.500 -49.500
  -6.729 -16.388 -16.388
  -6.726 -15.939 -16.311
  -6.724 -16.222 -16.565
  -6.721 -49.500     NaN
  -6.719 -16.611 -17.119
  -6.717 -16.860 -49.500
  -6.714 -16.953 -49.500
  -6.712 -49.500 -49.500
  -6.709 -49.500     NaN
  -6.707 -49.500 -49.500
  -6.705 -49.500 -49.500
  -6.702 -16.054 -49.500
  -6.700 -49.500     NaN
  -6.698 -16.445 -16.445
  -6.696 -49.500     NaN
  -6.693 -16.088 -16.568
  -6.691 -49.500     NaN
  -6.689 -49.500     NaN
  -6.687 -49.500 -49.500
  -6.684 -49.500 -49.500
  -6.682 -49.500 -49.500
  -6.680 -49.500 -49.500
  -6.678 -49.500 -49.500
  -6.675 -15.872 -49.500
  -6.673 -49.500     NaN
  -6.671 -49.500 -49.500
  -6.669 -49.500     NaN
  -6.667 -49.500 -49.500
  -6.665 -49.500     NaN
  -6.663 -14.985 -16.374
  -6.661 -16.227 -16.446
  -6.658 -49.500 -49.500
  -6.656 -49.500 -49.500
  -6.654 -49.500 -49.500
  -6.652 -49.500 -49.500
  -6.650 -16.994 -16.994
  -6.648 -16.139 -16.139
  -6.646 -49.500     NaN
  -6.644 -49.500     NaN
  -6.642 -49.500 -49.500
  -6.640 -49.500     NaN
  -6.638 -49.500 -49.500
  -6.636 -49.500 -49.500
  -6.634 -49.500 -49.500
  -6.632 -49.500 -49.500
  -6.630 -49.500 -49.500
  -6.628 -49.500 -49.500
  -6.626 -16.037 -16.037
  -6.624 -49.500 -49.500
  -6.622 -49.500 -49.500
  -6.620 -49.500 -49.500
  -6.618 -49.500 -49.500
  -6.617 -49.500 -49.500
  -6.615 -49.500 -49.500
  -6.613 -49.500 -49.500
  -6.611 -49.500 -49.500
  -6.609 -49.500 -49.500
  -6.607 -49.500     NaN
  -6.605 -49.500 -49.500
  -6.603 -49.500 -49.500
  -6.602 -49.500 -49.500
  -6.600 -49.500 -49.500
  -6.598 -49.500     NaN
  -6.596 -49.500 -49.500
  -6.594 -49.500 -49.500
