  -8.861 -14.095 -14.095
  -8.599 -14.237 -14.237
  -8.442 -14.333 -14.333
  -8.329 -14.469 -14.469
  -8.239 -14.425 -14.425
  -8.166 -14.572 -14.572
  -8.103 -14.542 -14.542
  -8.048 -14.547 -14.547
  -7.999 -14.679 -14.679
  -7.955 -14.832 -14.832
  -7.916 -14.730 -14.730
  -7.879 -14.827 -15.014
  -7.846 -14.674 -14.674
  -7.815 -14.484 -14.796
  -7.786 -14.948 -14.948
  -7.758 -14.638 -14.994
  -7.733 -15.019 -15.019
  -7.709 -14.985 -14.985
  -7.686 -15.024 -15.024
  -7.664 -14.993 -14.993
  -7.643 -15.095 -15.095
  -7.624 -14.895 -15.238
  -7.605 -14.794 -15.030
  -7.586 -14.924 -15.318
  -7.569 -15.111 -15.350
  -7.552 -15.344 -15.496
  -7.536 -15.197 -15.197
  -7.521 -15.099 -15.255
  -7.506 -15.316 -15.316
  -7.491 -15.442 -15.442
  -7.477 -14.946 -14.946
  -7.464 -15.359 -15.359
  -7.451 -15.470 -15.470
  -7.438 -15.365 -15.556
  -7.425 -15.206 -15.206
  -7.413 -15.317 -15.317
  -7.401 -15.165 -15.165
  -7.390 -15.438 -15.438
  -7.379 -15.341 -15.607
  -7.368 -15.396 -15.396
  -7.357 -15.344 -15.344
  -7.347 -15.358 -15.358
  -7.337 -15.670 -15.670
  -7.327 -15.310 -15.505
  -7.317 -15.304 -15.766
  -7.308 -15.807 -15.807
  -7.299 -15.355 -15.522
  -7.290 -15.682 -15.682
  -7.281 -15.666 -15.821
  -7.272 -15.879 -15.879
  -7.264 -15.781 -15.781
  -7.255 -16.035 -16.035
  -7.247 -15.200 -15.753
  -7.239 -15.900 -15.900
  -7.231 -15.456 -15.692
  -7.223 -15.639 -15.895
  -7.216 -15.663 -15.900
  -7.208 -15.949 -15.949
  -7.201 -15.830 -15.830
  -7.194 -15.993 -15.993
  -7.187 -15.946 -16.153
  -7.180 -15.890 -15.890
  -7.173 -15.782 -15.782
  -7.166 -15.743 -15.743
  -7.159 -15.238 -15.881
  -7.153 -15.715 -16.057
  -7.146 -15.479 -16.088
  -7.140 -15.891 -16.093
  -7.133 -15.852 -15.852
  -7.127 -16.282 -16.282
  -7.121 -15.779 -16.185
  -7.115 -16.154 -16.154
  -7.109 -15.819 -15.993
  -7.103 -15.302 -15.490
  -7.098 -15.760 -16.273
  -7.092 -15.692 -16.187
  -7.086 -15.696 -15.696
  -7.081 -16.025 -16.394
  -7.075 -15.872 -16.182
  -7.070 -15.533 -15.533
  -7.064 -16.015 -16.192
  -7.059 -16.101 -16.101
  -7.054 -16.212 -16.560
  -7.049 -16.492 -16.492
  -7.043 -16.182 -16.182
  -7.038 -16.585 -16.585
  -7.033 -15.777 -15.986
  -7.029 -16.198 -16.527
  -7.024 -15.894 -15.894
  -7.019 -16.178 -16.516
  -7.014 -16.085 -16.385
  -7.009 -15.675 -16.038
  -7.005 -15.807 -15.983
  -7.000 -16.030 -16.374
  -6.995 -14.845 -16.179
  -6.991 -16.217 -16.217
  -6.986 -15.997 -16.576
  -6.982 -15.664 -15.976
  -6.978 -16.070 -16.230
  -6.973 -16.329 -16.729
  -6.969 -15.638 -16.110
  -6.965 -16.444 -16.630
  -6.961 -16.507 -16.507
  -6.956 -15.819 -15.819
  -6.952 -16.595 -16.836
  -6.948 -17.051 -23.058
  -6.944 -15.151 -16.038
  -6.940 -16.290 -17.003
  -6.936 -16.798 -17.094
  -6.932 -22.809 -22.809
  -6.928 -16.676 -16.867
  -6.924 -15.689 -17.358
  -6.920 -16.434 -16.434
  -6.917 -16.481 -17.290
  -6.913 -16.289 -16.717
  -6.909 -15.663 -16.152
  -6.905 -16.127 -16.317
  -6.902 -16.443 -22.362
  -6.898 -16.481 -16.481
  -6.894 -16.092 -16.407
  -6.891 -16.580 -16.580
  -6.887 -15.834 -15.834
  -6.884 -16.468 -16.949
  -6.880 -16.759 -17.124
  -6.877 -16.375 -16.548
  -6.873 -16.753 -16.753
  -6.870 -16.192 -16.457
  -6.867 -16.030 -17.057
  -6.863 -16.683 -16.983
  -6.860 -16.021 -16.594
  -6.857 -49.500     NaN
  -6.853 -16.129 -16.283
  -6.850 -16.134 -16.419
  -6.847 -16.249 -16.534
  -6.844 -15.911 -16.120
  -6.840 -16.072 -49.500
  -6.837 -16.656 -17.436
  -6.834 -16.551 -49.500
  -6.831 -16.697 -17.003
  -6.828 -15.668 -17.000
  -6.825 -49.500     NaN
  -6.822 -15.498 -49.500
  -6.819 -16.618 -49.500
  -6.816 -16.640 -49.500
  -6.813 -15.872 -17.184
  -6.810 -16.516 -17.478
  -6.807 -16.211 -16.714
  -6.804 -49.500     NaN
  -6.801 -16.998 -49.500
  -6.798 -16.799 -17.237
  -6.795 -16.701 -17.044
  -6.792 -16.625 -17.282
  -6.789 -49.500     NaN
  -6.787 -15.674 -16.240
  -6.784 -16.561 -16.959
  -6.781 -16.446 -49.500
  -6.778 -16.211 -16.791
  -6.775 -16.525 -17.044
  -6.773 -16.472 -16.886
  -6.770 -16.914 -49.500
  -6.767 -16.370 -16.370
  -6.765 -49.500 -49.500
  -6.762 -15.995 -49.500
  -6.759 -49.500 -49.500
  -6.757 -49.500 -49.500
  -6.754 -15.424 -16.784
  -6.751 -49.500 -49.500
  -6.749 -49.500 -49.500
  -6.746 -49.500     NaN
  -6.744 -16.513 -49.500
  -6.741 -17.215 -49.500
  -6.739 -16.581 -49.500
  -6.736 -16.883 -49.500
  -6.734 -49.500     NaN
  -6.731 -17.115 -49.500
  -6.729 -16.666 -16.666
  -6.726 -16.802 -49.500
  -6.724 -49.500 -49.500
  -6.721 -16.951 -49.500
  -6.719 -49.500     NaN
  -6.717 -49.500 -49.500
  -6.714 -16.300 -16.564
  -6.712 -16.888 -49.500
  -6.709 -15.996 -49.500
  -6.707 -16.369 -49.500
  -6.705 -49.500     NaN
  -6.702 -16.633 -49.500
  -6.700 -49.500 -49.500
  -6.698 -16.810 -49.500
  -6.696 -49.500 -49.500
  -6.693 -15.904 -49.500
  -6.691 -49.500     NaN
  -6.689 -16.671 -49.500
  -6.687 -49.500     NaN
  -6.684 -49.500 -49.500
  -6.682 -49.500 -49.500
  -6.680 -49.500 -49.500
  -6.678 -49.500     NaN
  -6.675 -49.500 -49.500
  -6.673 -49.500 -49.500
  -6.671 -49.500 -49.500
  -6.669 -49.500 -49.500
  -6.667 -16.363 -49.500
  -6.665 -49.500 -49.500
  -6.663 -16.650 -49.500
  -6.661 -49.500     NaN
  -6.658 -15.620 -15.620
  -6.656 -16.723 -49.500
  -6.654 -49.500 -49.500
  -6.652 -49.500     NaN
  -6.650 -49.500 -49.500
  -6.648 -49.500     NaN
  -6.646 -16.798 -16.798
  -6.644 -49.500 -49.500
  -6.642 -49.500 -49.500
  -6.640 -49.500 -49.500
  -6.638 -16.095 -49.500
  -6.636 -49.500 -49.500
  -6.634 -49.500 -49.500
  -6.632 -49.500 -49.500
  -6.630 -16.549 -16.748
  -6.628 -49.500 -49.500
  -6.626 -49.500 -49.500
  -6.624 -49.500     NaN
  -6.622 -16.570 -16.570
  -6.620 -49.500 -49.500
  -6.618 -49.500 -49.500
  -6.617 -49.500 -49.500
  -6.615 -16.986 -16.986
  -6.613 -49.500 -49.500
  -6.611 -49.500     NaN
  -6.609 -49.500 -49.500
  -6.607 -49.500 -49.500
  -6.605 -49.500 -49.500
  -6.603 -16.217 -16.217
  -6.602 -49.500 -49.500
  -6.600 -16.102 -49.500
  -6.598 -49.500 -49.500
  -6.596 -49.500 -49.500
  -6.594 -49.500 -49.500
