  -8.861 -13.901 -13.901
  -8.599 -14.073 -14.073
  -8.442 -14.095 -14.095
  -8.329 -14.289 -14.289
  -8.239 -14.262 -14.262
  -8.166 -14.386 -14.386
  -8.103 -14.425 -14.425
  -8.048 -14.388 -14.388
  -7.999 -14.572 -14.572
  -7.955 -14.432 -14.665
  -7.916 -14.568 -14.568
  -7.879 -14.173 -14.696
  -7.846 -14.367 -14.553
  -7.815 -14.545 -14.545
  -7.786 -14.671 -14.671
  -7.758 -14.749 -14.749
  -7.733 -14.508 -14.508
  -7.709 -14.971 -14.971
  -7.686 -14.388 -14.755
  -7.664 -14.758 -14.925
  -7.643 -14.746 -15.111
  -7.624 -14.783 -14.783
  -7.605 -14.607 -14.607
  -7.586 -14.952 -15.144
  -7.569 -15.113 -15.309
  -7.552 -14.900 -15.411
  -7.536 -15.178 -15.178
  -7.521 -15.200 -15.200
  -7.506 -14.724 -15.074
  -7.491 -15.094 -15.094
  -7.477 -14.900 -15.335
  -7.464 -15.166 -15.166
  -7.451 -15.173 -15.173
  -7.438 -14.775 -15.232
  -7.425 -15.036 -15.223
  -7.413 -15.034 -15.034
  -7.401 -15.192 -15.489
  -7.390 -15.551 -15.551
  -7.379 -14.954 -15.441
  -7.368 -15.184 -15.184
  -7.357 -15.425 -15.425
  -7.347 -15.797 -15.797
  -7.337 -15.277 -15.465
  -7.327 -14.624 -14.986
  -7.317 -15.195 -15.581
  -7.308 -15.164 -15.164
  -7.299 -15.742 -15.742
  -7.290 -15.127 -15.881
  -7.281 -15.737 -15.737
  -7.272 -14.472 -15.143
  -7.264 -14.955 -15.602
  -7.255 -15.337 -15.597
  -7.247 -15.905 -15.905
  -7.239 -15.251 -15.450
  -7.231 -15.717 -15.924
  -7.223 -15.248 -15.874
  -7.216 -15.717 -15.927
  -7.208 -15.419 -15.850
  -7.201 -15.454 -15.661
  -7.194 -14.970 -15.385
  -7.187 -15.374 -15.826
  -7.180 -15.294 -15.504
  -7.173 -14.992 -15.655
  -7.166 -15.834 -15.834
  -7.159 -16.183 -16.183
  -7.153 -16.264 -16.264
  -7.146 -15.709 -16.050
  -7.140 -15.740 -15.908
  -7.133 -14.927 -15.511
  -7.127 -15.938 -16.317
  -7.121 -14.695 -15.342
  -7.115 -16.171 -16.171
  -7.109 -16.228 -16.431
  -7.103 -16.165 -16.165
  -7.098 -16.006 -16.390
  -7.092 -15.917 -16.369
  -7.086 -16.102 -16.102
  -7.081 -16.085 -16.282
  -7.075 -16.241 -16.399
  -7.070 -15.676 -16.259
  -7.064 -16.232 -16.232
  -7.059 -16.322 -16.322
  -7.054 -15.800 -15.800
  -7.049 -15.770 -16.293
  -7.043 -15.293 -15.528
  -7.038 -15.952 -16.307
  -7.033 -16.443 -16.635
  -7.029 -16.067 -16.235
  -7.024 -15.892 -16.217
  -7.019 -16.026 -16.218
  -7.014 -16.131 -16.713
  -7.009 -16.325 -16.635
  -7.005 -16.102 -16.373
  -7.000 -15.053 -16.481
  -6.995 -16.350 -16.650
  -6.991 -15.974 -15.974
  -6.986 -15.899 -15.899
  -6.982 -15.158 -15.759
  -6.978 -16.417 -16.417
  -6.973 -16.592 -16.592
  -6.969 -15.655 -16.159
  -6.965 -15.922 -16.450
  -6.961 -16.320 -16.491
  -6.956 -16.203 -17.499
  -6.952 -16.483 -16.643
  -6.948 -16.574 -16.753
  -6.944 -16.698 -21.901
  -6.940 -16.394 -16.779
  -6.936 -16.499 -16.795
  -6.932 -16.308 -16.518
  -6.928 -16.531 -16.832
  -6.924 -16.682 -22.437
  -6.920 -16.435 -16.724
  -6.917 -16.050 -16.257
  -6.913 -16.322 -16.322
  -6.909 -16.211 -16.211
  -6.905 -14.914 -16.571
  -6.902 -16.859 -49.500
  -6.898 -15.989 -17.258
  -6.894 -15.722 -17.038
  -6.891 -16.207 -16.497
  -6.887 -16.895 -49.500
  -6.884 -15.845 -16.396
  -6.880 -49.500 -49.500
  -6.877 -15.567 -16.036
  -6.873 -16.276 -17.226
  -6.870 -16.700 -49.500
  -6.867 -16.027 -16.684
  -6.863 -14.805 -16.280
  -6.860 -14.388 -17.140
  -6.857 -16.754 -49.500
  -6.853 -16.794 -49.500
  -6.850 -16.282 -16.631
  -6.847 -49.500     NaN
  -6.844 -16.151 -16.419
  -6.840 -15.461 -49.500
  -6.837 -16.416 -16.746
  -6.834 -14.915 -49.500
  -6.831 -49.500     NaN
  -6.828 -16.720 -49.500
  -6.825 -15.618 -16.129
  -6.822 -16.840 -49.500
  -6.819 -16.410 -16.410
  -6.816 -17.067 -49.500
  -6.813 -49.500     NaN
  -6.810 -16.823 -49.500
  -6.807 -16.490 -16.696
  -6.804 -16.328 -49.500
  -6.801 -15.498 -49.500
  -6.798 -16.462 -49.500
  -6.795 -49.500     NaN
  -6.792 -49.500     NaN
  -6.789 -49.500     NaN
  -6.787 -49.500 -49.500
  -6.784 -16.399 -16.399
  -6.781 -16.560 -49.500
  -6.778 -15.550 -16.720
  -6.775 -49.500 -49.500
  -6.773 -16.692 -49.500
  -6.770 -49.500     NaN
  -6.767 -16.588 -49.500
  -6.765 -49.500     NaN
  -6.762 -49.500 -49.500
  -6.759 -49.500     NaN
  -6.757 -49.500     NaN
  -6.754 -49.500 -49.500
  -6.751 -16.856 -17.158
  -6.749 -16.204 -49.500
  -6.746 -16.980 -49.500
  -6.744 -15.775 -16.221
  -6.741 -15.621 -49.500
  -6.739 -16.009 -16.297
  -6.736 -49.500 -49.500
  -6.734 -15.716 -16.211
  -6.731 -15.486 -16.230
  -6.729 -49.500     NaN
  -6.726 -49.500 -49.500
  -6.724 -16.329 -49.500
  -6.721 -49.500 -49.500
  -6.719 -16.937 -49.500
  -6.717 -16.186 -16.186
  -6.714 -49.500 -49.500
  -6.712 -49.500 -49.500
  -6.709 -49.500 -49.500
  -6.707 -49.500     NaN
  -6.705 -17.017 -49.500
  -6.702 -16.528 -49.500
  -6.700 -49.500     NaN
  -6.698 -49.500     NaN
  -6.696 -49.500     NaN
  -6.693 -16.920 -49.500
  -6.691 -49.500     NaN
  -6.689 -49.500 -49.500
  -6.687 -15.678 -49.500
  -6.684 -49.500     NaN
  -6.682 -16.995 -49.500
  -6.680 -16.363 -49.500
  -6.678 -15.884 -15.884
  -6.675 -49.500     NaN
  -6.673 -49.500 -49.500
  -6.671 -49.500 -49.500
  -6.669 -49.500 -49.500
  -6.667 -16.702 -49.500
  -6.665 -16.509 -49.500
  -6.663 -49.500     NaN
  -6.661 -16.908 -16.908
  -6.658 -49.500     NaN
  -6.656 -49.500 -49.500
  -6.654 -16.661 -49.500
  -6.652 -15.872 -15.872
  -6.650 -49.500 -49.500
  -6.648 -49.500 -49.500
  -6.646 -49.500     NaN
  -6.644 -49.500 -49.500
  -6.642 -15.641 -49.500
  -6.640 -49.500 -49.500
  -6.638 -49.500 -49.500
  -6.636 -16.078 -16.078
  -6.634 -49.500 -49.500
  -6.632 -49.500     NaN
  -6.630 -49.500 -49.500
  -6.628 -49.500 -49.500
  -6.626 -15.250 -15.250
  -6.624 -49.500 -49.500
  -6.622 -16.177 -49.500
  -6.620 -49.500 -49.500
  -6.618 -49.500 -49.500
  -6.617 -49.500 -49.500
  -6.615 -49.500 -49.500
  -6.613 -49.500 -49.500
  -6.611 -16.619 -16.619
  -6.609 -49.500 -49.500
  -6.607 -16.739 -16.739
  -6.605 -49.500 -49.500
  -6.603 -49.500 -49.500
  -6.602 -49.500 -49.500
  -6.600 -49.500 -49.500
  -6.598 -16.894 -16.894
  -6.596 -49.500     NaN
  -6.594 -16.238 -16.238
