  -8.861 -13.897 -13.897
  -8.599 -13.734 -14.078
  -8.442 -14.152 -14.152
  -8.329 -14.240 -14.240
  -8.239 -14.235 -14.235
  -8.166 -14.252 -14.252
  -8.103 -14.406 -14.406
  -8.048 -14.393 -14.393
  -7.999 -14.472 -14.472
  -7.955 -14.699 -14.699
  -7.916 -14.741 -14.741
  -7.879 -14.730 -14.730
  -7.846 -14.584 -14.584
  -7.815 -14.895 -14.895
  -7.786 -14.816 -14.816
  -7.758 -14.463 -14.630
  -7.733 -14.675 -14.675
  -7.709 -14.645 -14.918
  -7.686 -14.996 -14.996
  -7.664 -14.883 -14.883
  -7.643 -14.837 -14.837
  -7.624 -14.876 -14.876
  -7.605 -14.882 -14.882
  -7.586 -13.981 -15.270
  -7.569 -14.051 -14.359
  -7.552 -15.120 -15.120
  -7.536 -15.130 -15.130
  -7.521 -14.592 -15.004
  -7.506 -14.433 -15.034
  -7.491 -15.054 -15.054
  -7.477 -15.302 -15.302
  -7.464 -14.636 -15.217
  -7.451 -15.309 -15.309
  -7.438 -15.299 -15.299
  -7.425 -15.174 -15.468
  -7.413 -15.314 -15.314
  -7.401 -15.112 -15.321
  -7.390 -14.569 -15.511
  -7.379 -15.277 -15.277
  -7.368 -15.481 -15.652
  -7.357 -15.367 -15.367
  -7.347 -14.775 -14.937
  -7.337 -15.639 -15.639
  -7.327 -15.777 -15.777
  -7.317 -14.486 -14.941
  -7.308 -15.438 -15.438
  -7.299 -14.750 -14.750
  -7.290 -15.350 -15.535
  -7.281 -15.753 -15.980
  -7.272 -15.577 -15.577
  -7.264 -14.841 -15.444
  -7.255 -15.511 -15.511
  -7.247 -15.097 -15.285
  -7.239 -15.081 -15.524
  -7.231 -15.616 -15.793
  -7.223 -15.720 -15.963
  -7.216 -15.362 -15.673
  -7.208 -14.841 -15.015
  -7.201 -15.058 -15.374
  -7.194 -14.944 -15.940
  -7.187 -15.015 -15.015
  -7.180 -15.540 -15.906
  -7.173 -15.485 -15.908
  -7.166 -14.822 -16.014
  -7.159 -15.451 -15.881
  -7.153 -15.001 -15.836
  -7.146 -15.632 -15.855
  -7.140 -15.781 -16.113
  -7.133 -15.839 -16.042
  -7.127 -15.491 -16.016
  -7.121 -15.285 -16.066
  -7.115 -15.777 -15.777
  -7.109 -16.069 -16.333
  -7.103 -15.922 -16.406
  -7.098 -16.058 -16.058
  -7.092 -15.440 -16.024
  -7.086 -15.687 -15.687
  -7.081 -15.750 -15.750
  -7.075 -15.580 -15.765
  -7.070 -15.015 -15.176
  -7.064 -15.383 -15.942
  -7.059 -15.008 -16.013
  -7.054 -15.765 -15.994
  -7.049 -16.264 -16.264
  -7.043 -15.737 -16.091
  -7.038 -15.821 -16.124
  -7.033 -16.596 -16.596
  -7.029 -15.042 -16.143
  -7.024 -15.047 -16.142
  -7.019 -16.076 -16.076
  -7.014 -15.620 -16.022
  -7.009 -16.441 -16.667
  -7.005 -16.456 -16.679
  -7.000 -16.494 -16.494
  -6.995 -16.190 -16.701
  -6.991 -16.413 -16.413
  -6.986 -15.801 -15.955
  -6.982 -15.730 -16.128
  -6.978 -15.744 -16.427
  -6.973 -15.853 -16.160
  -6.969 -16.675 -16.920
  -6.965 -16.661 -16.829
  -6.961 -15.723 -16.454
  -6.956 -16.151 -16.315
  -6.952 -16.581 -17.235
  -6.948 -16.654 -16.994
  -6.944 -16.623 -16.623
  -6.940 -14.954 -16.706
  -6.936 -16.530 -16.530
  -6.932 -16.764 -23.219
  -6.928 -16.491 -16.721
  -6.924 -16.143 -16.806
  -6.920 -15.615 -16.333
  -6.917 -16.060 -16.216
  -6.913 -17.081 -17.296
  -6.909 -15.783 -16.308
  -6.905 -14.937 -15.415
  -6.902 -14.964 -16.876
  -6.898 -15.903 -17.195
  -6.894 -15.260 -16.321
  -6.891 -16.670 -49.500
  -6.887 -16.489 -49.500
  -6.884 -16.795 -17.031
  -6.880 -15.189 -16.736
  -6.877 -16.523 -16.876
  -6.873 -16.527 -49.500
  -6.870 -16.358 -49.500
  -6.867 -16.331 -16.331
  -6.863 -49.500     NaN
  -6.860 -49.500 -49.500
  -6.857 -16.637 -16.830
  -6.853 -15.709 -16.033
  -6.850 -16.076 -16.257
  -6.847 -16.440 -17.353
  -6.844 -16.357 -16.357
  -6.840 -49.500 -49.500
  -6.837 -49.500     NaN
  -6.834 -16.792 -17.297
  -6.831 -17.222 -49.500
  -6.828 -16.599 -16.757
  -6.825 -17.080 -49.500
  -6.822 -17.150 -49.500
  -6.819 -49.500     NaN
  -6.816 -14.868 -15.767
  -6.813 -49.500     NaN
  -6.810 -15.954 -16.255
  -6.807 -15.352 -49.500
  -6.804 -16.191 -16.916
  -6.801 -49.500     NaN
  -6.798 -49.500     NaN
  -6.795 -49.500     NaN
  -6.792 -16.088 -16.413
  -6.789 -16.043 -16.910
  -6.787 -16.494 -49.500
  -6.784 -16.530 -49.500
  -6.781 -16.327 -16.799
  -6.778 -49.500     NaN
  -6.775 -16.332 -17.269
  -6.773 -16.050 -16.484
  -6.770 -16.630 -49.500
  -6.767 -49.500     NaN
  -6.765 -17.009 -49.500
  -6.762 -16.341 -16.590
  -6.759 -16.287 -16.636
  -6.757 -49.500     NaN
  -6.754 -15.681 -17.087
  -6.751 -49.500     NaN
  -6.749 -49.500 -49.500
  -6.746 -16.490 -16.490
  -6.744 -16.832 -16.832
  -6.741 -49.500 -49.500
  -6.739 -49.500     NaN
  -6.736 -49.500 -49.500
  -6.734 -49.500 -49.500
  -6.731 -17.168 -49.500
  -6.729 -17.080 -49.500
  -6.726 -49.500 -49.500
  -6.724 -16.867 -49.500
  -6.721 -15.995 -15.995
  -6.719 -17.061 -17.061
  -6.717 -49.500 -49.500
  -6.714 -49.500     NaN
  -6.712 -15.450 -16.524
  -6.709 -49.500 -49.500
  -6.707 -49.500 -49.500
  -6.705 -16.388 -49.500
  -6.702 -16.292 -16.292
  -6.700 -16.696 -49.500
  -6.698 -16.298 -49.500
  -6.696 -49.500     NaN
  -6.693 -49.500 -49.500
  -6.691 -49.500 -49.500
  -6.689 -49.500     NaN
  -6.687 -49.500     NaN
  -6.684 -16.723 -16.723
  -6.682 -49.500     NaN
  -6.680 -16.716 -16.716
  -6.678 -15.141 -49.500
  -6.675 -14.750 -14.750
  -6.673 -16.839 -49.500
  -6.671 -16.878 -49.500
  -6.669 -49.500 -49.500
  -6.667 -49.500     NaN
  -6.665 -49.500 -49.500
  -6.663 -49.500 -49.500
  -6.661 -17.100 -49.500
  -6.658 -16.601 -49.500
  -6.656 -49.500 -49.500
  -6.654 -16.587 -17.160
  -6.652 -16.731 -16.731
  -6.650 -49.500     NaN
  -6.648 -49.500     NaN
  -6.646 -49.500     NaN
  -6.644 -49.500     NaN
  -6.642 -16.941 -16.941
  -6.640 -49.500 -49.500
  -6.638 -49.500     NaN
  -6.636 -49.500 -49.500
  -6.634 -49.500 -49.500
  -6.632 -16.959 -49.500
  -6.630 -49.500     NaN
  -6.628 -49.500 -49.500
  -6.626 -49.500 -49.500
  -6.624 -49.500 -49.500
  -6.622 -49.500 -49.500
  -6.620 -49.500 -49.500
  -6.618 -49.500 -49.500
  -6.617 -49.500 -49.500
  -6.615 -49.500 -49.500
  -6.613 -49.500 -49.500
  -6.611 -49.500 -49.500
  -6.609 -49.500     NaN
  -6.607 -16.818 -49.500
  -6.605 -49.500 -49.500
  -6.603 -49.500 -49.500
  -6.602 -49.500     NaN
  -6.600 -49.500 -49.500
  -6.598 -49.500     NaN
  -6.596 -49.500 -49.500
  -6.594 -49.500 -49.500
