  -8.861 -13.925 -13.925
  -8.599 -14.045 -14.045
  -8.442 -14.064 -14.064
  -8.329 -14.155 -14.155
  -8.239 -14.107 -14.343
  -8.166 -14.400 -14.400
  -8.103 -14.184 -14.184
  -8.048 -14.471 -14.471
  -7.999 -13.497 -14.394
  -7.955 -14.570 -14.570
  -7.916 -14.393 -14.393
  -7.879 -14.447 -14.763
  -7.846 -14.389 -14.552
  -7.815 -14.705 -14.705
  -7.786 -14.702 -14.702
  -7.758 -14.891 -14.891
  -7.733 -14.911 -14.911
  -7.709 -14.625 -14.625
  -7.686 -14.736 -14.736
  -7.664 -14.416 -14.895
  -7.643 -14.661 -14.891
  -7.624 -14.834 -15.006
  -7.605 -14.740 -14.904
  -7.586 -14.202 -14.999
  -7.569 -14.906 -14.906
  -7.552 -14.924 -14.924
  -7.536 -15.140 -15.140
  -7.521 -15.220 -15.220
  -7.506 -14.742 -15.157
  -7.491 -14.875 -15.154
  -7.477 -15.085 -15.085
  -7.464 -15.059 -15.310
  -7.451 -14.895 -15.498
  -7.438 -15.301 -15.488
  -7.425 -15.421 -15.582
  -7.413 -15.174 -15.174
  -7.401 -15.232 -15.531
  -7.390 -15.602 -15.602
  -7.379 -15.407 -15.407
  -7.368 -15.174 -15.458
  -7.357 -15.732 -15.732
  -7.347 -15.388 -15.573
  -7.337 -15.066 -15.337
  -7.327 -15.463 -15.463
  -7.317 -15.674 -15.674
  -7.308 -15.488 -15.666
  -7.299 -15.341 -15.341
  -7.290 -15.284 -15.284
  -7.281 -15.349 -15.349
  -7.272 -14.455 -15.190
  -7.264 -15.487 -15.487
  -7.255 -15.513 -15.674
  -7.247 -15.616 -15.804
  -7.239 -15.268 -15.990
  -7.231 -15.590 -15.761
  -7.223 -15.912 -15.912
  -7.216 -15.567 -15.812
  -7.208 -15.732 -15.913
  -7.201 -15.944 -15.944
  -7.194 -15.233 -15.686
  -7.187 -14.707 -15.812
  -7.180 -14.885 -15.992
  -7.173 -15.322 -15.604
  -7.166 -16.065 -16.065
  -7.159 -15.558 -15.936
  -7.153 -14.915 -15.836
  -7.146 -15.206 -15.206
  -7.140 -15.839 -16.063
  -7.133 -15.877 -16.065
  -7.127 -15.508 -16.015
  -7.121 -15.071 -15.980
  -7.115 -15.935 -16.207
  -7.109 -15.926 -15.926
  -7.103 -15.855 -16.402
  -7.098 -16.023 -16.023
  -7.092 -16.065 -16.065
  -7.086 -14.805 -16.302
  -7.081 -16.036 -16.252
  -7.075 -15.766 -15.766
  -7.070 -16.117 -16.416
  -7.064 -15.286 -15.865
  -7.059 -15.861 -16.055
  -7.054 -15.577 -16.180
  -7.049 -16.374 -16.624
  -7.043 -16.421 -16.421
  -7.038 -16.422 -16.595
  -7.033 -16.164 -16.164
  -7.029 -16.326 -16.524
  -7.024 -16.547 -16.719
  -7.019 -16.318 -16.318
  -7.014 -15.565 -15.785
  -7.009 -16.126 -16.126
  -7.005 -15.957 -16.152
  -7.000 -16.157 -16.370
  -6.995 -15.560 -16.176
  -6.991 -15.951 -16.231
  -6.986 -15.081 -15.882
  -6.982 -16.551 -16.765
  -6.978 -16.665 -16.945
  -6.973 -16.200 -16.200
  -6.969 -16.181 -16.464
  -6.965 -16.398 -16.398
  -6.961 -16.291 -16.666
  -6.956 -15.422 -16.404
  -6.952 -16.674 -16.957
  -6.948 -15.535 -16.659
  -6.944 -16.026 -16.026
  -6.940 -16.080 -16.351
  -6.936 -16.053 -16.327
  -6.932 -15.386 -16.456
  -6.928 -16.173 -16.422
  -6.924 -16.909 -23.163
  -6.920 -16.539 -17.014
  -6.917 -16.655 -16.832
  -6.913 -16.457 -16.679
  -6.909 -16.093 -16.246
  -6.905 -15.549 -15.787
  -6.902 -15.034 -16.287
  -6.898 -16.384 -49.500
  -6.894 -17.251 -49.500
  -6.891 -15.582 -22.534
  -6.887 -16.980 -17.227
  -6.884 -15.835 -16.284
  -6.880 -15.465 -16.405
  -6.877 -15.768 -17.002
  -6.873 -16.210 -16.390
  -6.870 -16.277 -16.505
  -6.867 -14.907 -16.417
  -6.863 -16.660 -17.119
  -6.860 -16.546 -16.973
  -6.857 -16.414 -16.414
  -6.853 -16.216 -49.500
  -6.850 -16.611 -17.300
  -6.847 -49.500     NaN
  -6.844 -16.302 -16.959
  -6.840 -16.120 -16.316
  -6.837 -16.252 -16.519
  -6.834 -16.317 -16.866
  -6.831 -16.647 -16.872
  -6.828 -49.500 -49.500
  -6.825 -16.668 -49.500
  -6.822 -15.682 -49.500
  -6.819 -15.898 -49.500
  -6.816 -16.926 -49.500
  -6.813 -15.792 -16.046
  -6.810 -49.500     NaN
  -6.807 -49.500     NaN
  -6.804 -16.354 -16.847
  -6.801 -16.075 -49.500
  -6.798 -15.169 -49.500
  -6.795 -16.396 -49.500
  -6.792 -16.137 -16.786
  -6.789 -49.500     NaN
  -6.787 -49.500     NaN
  -6.784 -16.414 -16.414
  -6.781 -49.500     NaN
  -6.778 -16.752 -16.967
  -6.775 -49.500 -49.500
  -6.773 -16.159 -49.500
  -6.770 -16.398 -16.998
  -6.767 -15.939 -49.500
  -6.765 -49.500     NaN
  -6.762 -16.639 -49.500
  -6.759 -16.766 -49.500
  -6.757 -16.428 -49.500
  -6.754 -16.248 -49.500
  -6.751 -49.500     NaN
  -6.749 -16.210 -49.500
  -6.746 -15.960 -49.500
  -6.744 -49.500 -49.500
  -6.741 -16.502 -49.500
  -6.739 -15.622 -49.500
  -6.736 -17.029 -49.500
  -6.734 -49.500 -49.500
  -6.731 -16.778 -49.500
  -6.729 -16.196 -49.500
  -6.726 -15.468 -15.946
  -6.724 -49.500     NaN
  -6.721 -49.500     NaN
  -6.719 -16.630 -16.630
  -6.717 -16.593 -16.999
  -6.714 -49.500 -49.500
  -6.712 -16.795 -49.500
  -6.709 -49.500 -49.500
  -6.707 -16.283 -16.528
  -6.705 -49.500 -49.500
  -6.702 -49.500 -49.500
  -6.700 -17.040 -49.500
  -6.698 -49.500 -49.500
  -6.696 -16.053 -16.674
  -6.693 -49.500 -49.500
  -6.691 -49.500 -49.500
  -6.689 -49.500     NaN
  -6.687 -16.494 -49.500
  -6.684 -49.500     NaN
  -6.682 -49.500 -49.500
  -6.680 -49.500     NaN
  -6.678 -15.775 -49.500
  -6.675 -16.703 -16.703
  -6.673 -49.500 -49.500
  -6.671 -16.892 -16.892
  -6.669 -49.500 -49.500
  -6.667 -16.199 -17.094
  -6.665 -49.500 -49.500
  -6.663 -49.500     NaN
  -6.661 -49.500     NaN
  -6.658 -49.500 -49.500
  -6.656 -49.500 -49.500
  -6.654 -15.602 -49.500
  -6.652 -16.046 -16.046
  -6.650 -49.500 -49.500
  -6.648 -49.500 -49.500
  -6.646 -49.500 -49.500
  -6.644 -49.500     NaN
  -6.642 -16.579 -16.579
  -6.640 -49.500 -49.500
  -6.638 -49.500 -49.500
  -6.636 -49.500 -49.500
  -6.634 -16.403 -49.500
  -6.632 -49.500 -49.500
  -6.630 -15.350 -15.350
  -6.628 -49.500 -49.500
  -6.626 -49.500 -49.500
  -6.624 -49.500     NaN
  -6.622 -16.903 -49.500
  -6.620 -49.500 -49.500
  -6.618 -49.500 -49.500
  -6.617 -49.500 -49.500
  -6.615 -49.500 -49.500
  -6.613 -49.500 -49.500
  -6.611 -49.500 -49.500
  -6.609 -49.500 -49.500
  -6.607 -49.500 -49.500
  -6.605 -49.500 -49.500
  -6.603 -49.500 -49.500
  -6.602 -16.203 -49.500
  -6.600 -49.500 -49.500
  -6.598 -49.500 -49.500
  -6.596 -49.500 -49.500
  -6.594 -49.500 -49.500
