  -8.861 -13.936 -13.936
  -8.599 -13.894 -13.894
  -8.442 -14.161 -14.161
  -8.329 -14.259 -14.259
  -8.239 -14.206 -14.206
  -8.166 -14.113 -14.279
  -8.103 -14.466 -14.466
  -8.048 -14.454 -14.454
  -7.999 -14.411 -14.411
  -7.955 -14.413 -14.413
  -7.916 -14.636 -14.636
  -7.879 -14.600 -14.600
  -7.846 -14.011 -14.553
  -7.815 -14.515 -14.723
  -7.786 -14.635 -14.854
  -7.758 -14.730 -14.730
  -7.733 -14.779 -14.779
  -7.709 -14.992 -14.992
  -7.686 -14.405 -14.405
  -7.664 -15.028 -15.028
  -7.643 -14.513 -14.889
  -7.624 -14.846 -14.846
  -7.605 -15.003 -15.003
  -7.586 -14.828 -15.074
  -7.569 -14.930 -14.930
  -7.552 -14.774 -14.954
  -7.536 -15.442 -15.442
  -7.521 -15.039 -15.039
  -7.506 -15.059 -15.218
  -7.491 -15.285 -15.285
  -7.477 -15.233 -15.233
  -7.464 -15.360 -15.360
  -7.451 -14.654 -15.238
  -7.438 -14.762 -15.006
  -7.425 -13.799 -15.242
  -7.413 -15.591 -15.591
  -7.401 -15.081 -15.479
  -7.390 -15.068 -15.068
  -7.379 -15.126 -15.288
  -7.368 -15.135 -15.424
  -7.357 -15.288 -15.463
  -7.347 -15.574 -15.574
  -7.337 -15.010 -15.318
  -7.327 -15.590 -15.590
  -7.317 -15.711 -15.711
  -7.308 -15.428 -15.428
  -7.299 -15.184 -15.184
  -7.290 -15.768 -15.921
  -7.281 -15.700 -15.700
  -7.272 -15.545 -15.816
  -7.264 -15.872 -15.872
  -7.255 -15.955 -15.955
  -7.247 -15.089 -15.089
  -7.239 -15.468 -15.705
  -7.231 -15.777 -15.777
  -7.223 -15.093 -15.289
  -7.216 -15.339 -15.642
  -7.208 -16.182 -16.182
  -7.201 -15.809 -15.809
  -7.194 -15.980 -15.980
  -7.187 -15.713 -15.919
  -7.180 -15.793 -16.139
  -7.173 -15.060 -15.759
  -7.166 -15.642 -15.947
  -7.159 -15.727 -15.727
  -7.153 -15.804 -15.804
  -7.146 -16.007 -16.007
  -7.140 -15.455 -15.634
  -7.133 -15.960 -15.960
  -7.127 -15.285 -15.986
  -7.121 -15.755 -16.159
  -7.115 -16.018 -16.018
  -7.109 -16.112 -16.112
  -7.103 -14.939 -15.511
  -7.098 -15.092 -15.916
  -7.092 -15.945 -15.945
  -7.086 -16.138 -16.138
  -7.081 -15.992 -16.214
  -7.075 -16.067 -16.410
  -7.070 -15.598 -15.598
  -7.064 -16.080 -16.080
  -7.059 -15.756 -16.130
  -7.054 -16.120 -16.356
  -7.049 -15.990 -16.174
  -7.043 -14.505 -16.081
  -7.038 -15.680 -16.013
  -7.033 -16.416 -16.416
  -7.029 -16.184 -16.360
  -7.024 -16.260 -16.260
  -7.019 -16.210 -16.366
  -7.014 -15.645 -15.645
  -7.009 -16.557 -16.557
  -7.005 -16.579 -17.111
  -7.000 -16.240 -16.427
  -6.995 -16.085 -16.352
  -6.991 -16.039 -16.303
  -6.986 -16.462 -16.902
  -6.982 -16.175 -16.579
  -6.978 -16.349 -16.349
  -6.973 -16.271 -16.271
  -6.969 -16.195 -16.195
  -6.965 -16.118 -16.743
  -6.961 -15.121 -16.024
  -6.956 -15.570 -15.995
  -6.952 -16.416 -16.767
  -6.948 -16.032 -16.403
  -6.944 -15.877 -16.044
  -6.940 -16.483 -17.088
  -6.936 -16.499 -16.499
  -6.932 -16.268 -16.508
  -6.928 -16.711 -49.500
  -6.924 -16.752 -16.752
  -6.920 -16.550 -16.718
  -6.917 -15.902 -16.180
  -6.913 -16.438 -23.041
  -6.909 -16.857 -17.029
  -6.905 -16.541 -16.797
  -6.902 -16.919 -21.810
  -6.898 -16.827 -22.803
  -6.894 -17.022 -49.500
  -6.891 -16.565 -17.040
  -6.887 -15.717 -16.223
  -6.884 -16.643 -16.838
  -6.880 -49.500     NaN
  -6.877 -16.451 -16.862
  -6.873 -15.747 -16.631
  -6.870 -17.148 -49.500
  -6.867 -49.500     NaN
  -6.863 -16.589 -16.973
  -6.860 -16.594 -49.500
  -6.857 -15.295 -17.009
  -6.853 -49.500 -49.500
  -6.850 -16.457 -17.248
  -6.847 -49.500     NaN
  -6.844 -16.131 -16.360
  -6.840 -49.500 -49.500
  -6.837 -16.694 -49.500
  -6.834 -16.096 -16.336
  -6.831 -16.403 -49.500
  -6.828 -49.500     NaN
  -6.825 -16.458 -16.632
  -6.822 -16.352 -16.352
  -6.819 -15.597 -15.932
  -6.816 -16.145 -16.739
  -6.813 -49.500     NaN
  -6.810 -16.341 -16.341
  -6.807 -49.500     NaN
  -6.804 -49.500     NaN
  -6.801 -16.003 -16.199
  -6.798 -49.500 -49.500
  -6.795 -49.500     NaN
  -6.792 -16.692 -17.026
  -6.789 -16.469 -16.664
  -6.787 -49.500     NaN
  -6.784 -49.500 -49.500
  -6.781 -16.249 -16.623
  -6.778 -16.608 -49.500
  -6.775 -49.500     NaN
  -6.773 -17.268 -49.500
  -6.770 -16.140 -16.797
  -6.767 -16.455 -16.455
  -6.765 -49.500     NaN
  -6.762 -17.121 -49.500
  -6.759 -49.500     NaN
  -6.757 -16.803 -49.500
  -6.754 -16.742 -16.742
  -6.751 -49.500     NaN
  -6.749 -49.500 -49.500
  -6.746 -49.500     NaN
  -6.744 -49.500     NaN
  -6.741 -15.431 -16.392
  -6.739 -16.690 -16.690
  -6.736 -49.500 -49.500
  -6.734 -16.578 -16.976
  -6.731 -16.279 -49.500
  -6.729 -49.500 -49.500
  -6.726 -49.500     NaN
  -6.724 -49.500 -49.500
  -6.721 -49.500     NaN
  -6.719 -49.500 -49.500
  -6.717 -16.835 -49.500
  -6.714 -49.500     NaN
  -6.712 -49.500 -49.500
  -6.709 -49.500     NaN
  -6.707 -49.500     NaN
  -6.705 -49.500 -49.500
  -6.702 -49.500 -49.500
  -6.700 -49.500     NaN
  -6.698 -15.976 -49.500
  -6.696 -16.355 -16.355
  -6.693 -49.500 -49.500
  -6.691 -49.500     NaN
  -6.689 -15.882 -49.500
  -6.687 -15.959 -15.959
  -6.684 -49.500 -49.500
  -6.682 -16.700 -16.700
  -6.680 -49.500 -49.500
  -6.678 -16.779 -16.779
  -6.675 -49.500     NaN
  -6.673 -17.277 -17.277
  -6.671 -15.859 -15.859
  -6.669 -14.569 -14.569
  -6.667 -16.598 -49.500
  -6.665 -49.500     NaN
  -6.663 -49.500 -49.500
  -6.661 -15.295 -15.295
  -6.658 -49.500 -49.500
  -6.656 -49.500 -49.500
  -6.654 -49.500 -49.500
  -6.652 -49.500 -49.500
  -6.650 -49.500     NaN
  -6.648 -15.616 -15.616
  -6.646 -49.500     NaN
  -6.644 -49.500     NaN
  -6.642 -49.500     NaN
  -6.640 -49.500 -49.500
  -6.638 -49.500     NaN
  -6.636 -49.500     NaN
  -6.634 -49.500 -49.500
  -6.632 -16.569 -49.500
  -6.630 -49.500 -49.500
  -6.628 -49.500 -49.500
  -6.626 -49.500 -49.500
  -6.624 -49.500 -49.500
  -6.622 -49.500     NaN
  -6.620 -16.358 -16.358
  -6.618 -49.500 -49.500
  -6.617 -49.500 -49.500
  -6.615 -49.500     NaN
  -6.613 -49.500     NaN
  -6.611 -16.782 -49.500
  -6.609 -49.500 -49.500
  -6.607 -49.500 -49.500
  -6.605 -49.500 -49.500
  -6.603 -49.500 -49.500
  -6.602 -15.550 -15.550
  -6.600 -49.500 -49.500
  -6.598 -16.543 -49.500
  -6.596 -49.500 -49.500
  -6.594 -49.500 -49.500
