  -8.861 -13.921 -13.921
  -8.599 -14.010 -14.010
  -8.442 -14.049 -14.049
  -8.329 -14.217 -14.217
  -8.239 -14.305 -14.305
  -8.166 -14.343 -14.343
  -8.103 -14.448 -14.448
  -8.048 -14.434 -14.434
  -7.999 -14.514 -14.514
  -7.955 -14.511 -14.511
  -7.916 -14.661 -14.661
  -7.879 -14.645 -14.645
  -7.846 -14.426 -14.579
  -7.815 -14.687 -14.687
  -7.786 -14.792 -14.792
  -7.758 -14.478 -14.838
  -7.733 -14.942 -14.942
  -7.709 -14.928 -14.928
  -7.686 -14.908 -14.908
  -7.664 -14.971 -14.971
  -7.643 -14.785 -15.104
  -7.624 -14.293 -14.957
  -7.605 -14.889 -14.889
  -7.586 -14.870 -15.031
  -7.569 -15.397 -15.397
  -7.552 -14.878 -15.103
  -7.536 -14.701 -14.701
  -7.521 -15.382 -15.382
  -7.506 -14.790 -14.790
  -7.491 -14.956 -14.956
  -7.477 -15.191 -15.367
  -7.464 -15.325 -15.325
  -7.451 -14.716 -15.078
  -7.438 -14.352 -15.364
  -7.425 -14.080 -15.523
  -7.413 -14.940 -15.408
  -7.401 -15.148 -15.148
  -7.390 -15.142 -15.360
  -7.379 -15.104 -15.104
  -7.368 -15.533 -15.533
  -7.357 -15.138 -15.665
  -7.347 -15.655 -15.655
  -7.337 -15.267 -15.267
  -7.327 -15.529 -15.529
  -7.317 -15.221 -15.567
  -7.308 -15.476 -15.476
  -7.299 -15.446 -15.754
  -7.290 -15.385 -15.755
  -7.281 -15.130 -15.690
  -7.272 -15.752 -15.752
  -7.264 -15.853 -15.853
  -7.255 -15.554 -15.554
  -7.247 -15.673 -15.673
  -7.239 -15.501 -15.501
  -7.231 -14.627 -15.494
  -7.223 -15.178 -15.426
  -7.216 -15.352 -15.952
  -7.208 -15.515 -16.108
  -7.201 -14.932 -15.231
  -7.194 -15.884 -15.884
  -7.187 -15.859 -15.859
  -7.180 -15.660 -15.881
  -7.173 -15.387 -15.848
  -7.166 -15.236 -15.236
  -7.159 -15.868 -15.868
  -7.153 -15.543 -15.734
  -7.146 -15.979 -15.979
  -7.140 -15.881 -16.072
  -7.133 -16.143 -16.143
  -7.127 -16.188 -16.188
  -7.121 -15.804 -15.804
  -7.115 -15.592 -16.192
  -7.109 -15.930 -16.111
  -7.103 -15.656 -15.656
  -7.098 -16.115 -16.115
  -7.092 -15.526 -15.754
  -7.086 -15.983 -16.156
  -7.081 -16.008 -16.243
  -7.075 -15.886 -15.886
  -7.070 -16.019 -16.212
  -7.064 -15.971 -16.172
  -7.059 -15.975 -16.166
  -7.054 -16.314 -16.314
  -7.049 -15.825 -16.014
  -7.043 -15.913 -15.913
  -7.038 -15.763 -15.966
  -7.033 -15.355 -15.866
  -7.029 -15.929 -16.138
  -7.024 -16.467 -16.467
  -7.019 -16.598 -16.794
  -7.014 -16.354 -16.354
  -7.009 -16.844 -16.844
  -7.005 -16.261 -16.467
  -7.000 -15.006 -16.683
  -6.995 -15.879 -16.589
  -6.991 -15.931 -16.192
  -6.986 -16.201 -16.405
  -6.982 -15.123 -15.513
  -6.978 -15.147 -16.613
  -6.973 -15.845 -16.154
  -6.969 -15.845 -16.105
  -6.965 -15.959 -16.138
  -6.961 -15.763 -15.919
  -6.956 -15.565 -16.816
  -6.952 -16.046 -16.046
  -6.948 -16.344 -17.073
  -6.944 -16.723 -16.885
  -6.940 -16.375 -16.543
  -6.936 -16.108 -16.464
  -6.932 -16.950 -22.606
  -6.928 -49.500     NaN
  -6.924 -16.436 -16.668
  -6.920 -16.279 -16.981
  -6.917 -17.279 -22.657
  -6.913 -15.402 -16.489
  -6.909 -16.339 -16.734
  -6.905 -14.228 -14.970
  -6.902 -16.825 -16.825
  -6.898 -15.617 -16.549
  -6.894 -16.882 -16.882
  -6.891 -17.040 -22.835
  -6.887 -16.666 -49.500
  -6.884 -16.167 -16.456
  -6.880 -15.989 -16.356
  -6.877 -49.500     NaN
  -6.873 -49.500     NaN
  -6.870 -16.232 -16.733
  -6.867 -16.698 -49.500
  -6.863 -15.831 -16.215
  -6.860 -15.616 -15.809
  -6.857 -16.594 -49.500
  -6.853 -16.297 -49.500
  -6.850 -49.500     NaN
  -6.847 -49.500 -49.500
  -6.844 -16.446 -49.500
  -6.840 -49.500     NaN
  -6.837 -16.211 -16.211
  -6.834 -49.500     NaN
  -6.831 -15.934 -16.106
  -6.828 -49.500     NaN
  -6.825 -16.128 -16.128
  -6.822 -17.066 -49.500
  -6.819 -16.842 -49.500
  -6.816 -15.950 -16.421
  -6.813 -49.500     NaN
  -6.810 -16.058 -49.500
  -6.807 -16.005 -16.294
  -6.804 -49.500 -49.500
  -6.801 -16.129 -16.650
  -6.798 -16.301 -16.577
  -6.795 -16.027 -16.792
  -6.792 -16.933 -49.500
  -6.789 -17.116 -49.500
  -6.787 -16.445 -49.500
  -6.784 -49.500     NaN
  -6.781 -14.517 -49.500
  -6.778 -16.085 -49.500
  -6.775 -16.175 -16.796
  -6.773 -16.789 -49.500
  -6.770 -49.500     NaN
  -6.767 -16.027 -49.500
  -6.765 -15.683 -16.005
  -6.762 -16.298 -16.474
  -6.759 -16.125 -16.470
  -6.757 -49.500     NaN
  -6.754 -16.654 -49.500
  -6.751 -49.500     NaN
  -6.749 -49.500     NaN
  -6.746 -49.500     NaN
  -6.744 -49.500     NaN
  -6.741 -16.042 -16.445
  -6.739 -49.500     NaN
  -6.736 -49.500     NaN
  -6.734 -16.618 -16.618
  -6.731 -15.904 -16.572
  -6.729 -49.500 -49.500
  -6.726 -49.500     NaN
  -6.724 -49.500 -49.500
  -6.721 -49.500     NaN
  -6.719 -16.375 -49.500
  -6.717 -49.500 -49.500
  -6.714 -15.427 -15.699
  -6.712 -49.500 -49.500
  -6.709 -49.500     NaN
  -6.707 -16.537 -16.693
  -6.705 -15.722 -15.722
  -6.702 -16.464 -49.500
  -6.700 -49.500 -49.500
  -6.698 -49.500 -49.500
  -6.696 -16.556 -16.556
  -6.693 -49.500 -49.500
  -6.691 -49.500     NaN
  -6.689 -49.500     NaN
  -6.687 -49.500 -49.500
  -6.684 -49.500     NaN
  -6.682 -49.500 -49.500
  -6.680 -49.500 -49.500
  -6.678 -49.500 -49.500
  -6.675 -16.042 -49.500
  -6.673 -16.336 -16.336
  -6.671 -49.500     NaN
  -6.669 -49.500 -49.500
  -6.667 -49.500 -49.500
  -6.665 -14.429 -14.429
  -6.663 -49.500 -49.500
  -6.661 -16.636 -49.500
  -6.658 -49.500     NaN
  -6.656 -49.500     NaN
  -6.654 -49.500 -49.500
  -6.652 -49.500 -49.500
  -6.650 -49.500 -49.500
  -6.648 -49.500 -49.500
  -6.646 -49.500 -49.500
  -6.644 -49.500 -49.500
  -6.642 -16.509 -16.509
  -6.640 -49.500 -49.500
  -6.638 -49.500 -49.500
  -6.636 -49.500 -49.500
  -6.634 -49.500 -49.500
  -6.632 -49.500     NaN
  -6.630 -16.346 -49.500
  -6.628 -49.500     NaN
  -6.626 -49.500 -49.500
  -6.624 -49.500 -49.500
  -6.622 -16.255 -49.500
  -6.620 -49.500     NaN
  -6.618 -49.500 -49.500
  -6.617 -16.397 -16.397
  -6.615 -49.500 -49.500
  -6.613 -49.500 -49.500
  -6.611 -49.500 -49.500
  -6.609 -49.500 -49.500
  -6.607 -49.500 -49.500
  -6.605 -49.500 -49.500
  -6.603 -16.679 -49.500
  -6.602 -49.500 -49.500
  -6.600 -49.500 -49.500
  -6.598 -49.500 -49.500
  -6.596 -49.500 -49.500
  -6.594 -49.500 -49.500
