  -8.861 -13.882 -13.882
  -8.599 -14.028 -14.028
  -8.442 -14.166 -14.166
  -8.329 -14.274 -14.274
  -8.239 -14.189 -14.189
  -8.166 -14.449 -14.449
  -8.103 -14.495 -14.495
  -8.048 -14.420 -14.420
  -7.999 -14.249 -14.437
  -7.955 -14.560 -14.560
  -7.916 -14.646 -14.646
  -7.879 -14.608 -14.608
  -7.846 -14.735 -14.735
  -7.815 -14.254 -14.668
  -7.786 -14.672 -14.672
  -7.758 -14.006 -14.428
  -7.733 -14.729 -14.981
  -7.709 -14.900 -14.900
  -7.686 -14.764 -14.764
  -7.664 -14.604 -14.858
  -7.643 -14.986 -14.986
  -7.624 -15.099 -15.099
  -7.605 -15.103 -15.103
  -7.586 -14.812 -14.973
  -7.569 -15.133 -15.133
  -7.552 -15.101 -15.101
  -7.536 -15.205 -15.205
  -7.521 -14.061 -15.226
  -7.506 -15.067 -15.237
  -7.491 -15.256 -15.256
  -7.477 -14.873 -15.104
  -7.464 -15.044 -15.203
  -7.451 -15.036 -15.036
  -7.438 -15.081 -15.443
  -7.425 -14.673 -15.103
  -7.413 -15.445 -15.445
  -7.401 -14.845 -15.066
  -7.390 -15.197 -15.462
  -7.379 -15.296 -15.296
  -7.368 -14.470 -14.996
  -7.357 -14.959 -15.290
  -7.347 -15.030 -15.205
  -7.337 -15.251 -15.251
  -7.327 -15.515 -15.515
  -7.317 -15.146 -15.146
  -7.308 -15.735 -15.735
  -7.299 -15.160 -15.423
  -7.290 -15.648 -15.648
  -7.281 -15.231 -16.094
  -7.272 -15.869 -15.869
  -7.264 -15.486 -15.647
  -7.255 -15.381 -15.381
  -7.247 -15.847 -15.847
  -7.239 -15.520 -15.520
  -7.231 -15.740 -15.740
  -7.223 -15.777 -15.777
  -7.216 -15.551 -15.705
  -7.208 -15.467 -15.661
  -7.201 -15.718 -15.718
  -7.194 -15.669 -16.143
  -7.187 -15.688 -15.962
  -7.180 -16.093 -16.093
  -7.173 -15.875 -15.875
  -7.166 -15.751 -15.751
  -7.159 -15.214 -15.863
  -7.153 -16.017 -16.017
  -7.146 -15.671 -15.671
  -7.140 -15.974 -15.974
  -7.133 -15.696 -15.696
  -7.127 -15.833 -16.169
  -7.121 -16.023 -16.023
  -7.115 -16.114 -16.367
  -7.109 -15.451 -15.670
  -7.103 -15.084 -15.692
  -7.098 -16.052 -16.052
  -7.092 -15.985 -16.180
  -7.086 -16.255 -16.255
  -7.081 -14.759 -15.780
  -7.075 -15.686 -15.686
  -7.070 -15.992 -16.362
  -7.064 -16.226 -16.226
  -7.059 -16.044 -16.044
  -7.054 -15.501 -16.275
  -7.049 -15.838 -16.685
  -7.043 -16.171 -16.365
  -7.038 -16.132 -16.388
  -7.033 -15.000 -16.498
  -7.029 -16.285 -16.821
  -7.024 -16.025 -16.273
  -7.019 -15.721 -16.525
  -7.014 -16.248 -16.248
  -7.009 -16.673 -16.673
  -7.005 -16.070 -16.070
  -7.000 -16.442 -16.442
  -6.995 -16.070 -16.641
  -6.991 -15.555 -16.117
  -6.986 -16.298 -16.298
  -6.982 -16.285 -16.475
  -6.978 -22.712 -22.712
  -6.973 -16.089 -16.302
  -6.969 -16.473 -16.473
  -6.965 -16.396 -16.694
  -6.961 -16.735 -16.735
  -6.956 -16.488 -16.670
  -6.952 -16.381 -16.665
  -6.948 -15.088 -16.214
  -6.944 -16.474 -16.773
  -6.940 -16.297 -16.448
  -6.936 -15.853 -16.173
  -6.932 -15.811 -17.088
  -6.928 -16.228 -16.565
  -6.924 -16.478 -49.500
  -6.920 -16.842 -17.080
  -6.917 -16.460 -16.460
  -6.913 -15.255 -16.485
  -6.909 -15.914 -16.769
  -6.905 -15.086 -16.278
  -6.902 -15.747 -16.144
  -6.898 -16.887 -17.115
  -6.894 -15.208 -49.500
  -6.891 -16.393 -16.678
  -6.887 -15.636 -15.917
  -6.884 -16.153 -16.153
  -6.880 -16.533 -16.717
  -6.877 -49.500     NaN
  -6.873 -16.387 -16.603
  -6.870 -16.992 -49.500
  -6.867 -16.885 -49.500
  -6.863 -49.500     NaN
  -6.860 -16.769 -49.500
  -6.857 -15.567 -17.077
  -6.853 -15.640 -16.554
  -6.850 -49.500     NaN
  -6.847 -16.009 -16.235
  -6.844 -49.500     NaN
  -6.840 -16.176 -16.820
  -6.837 -15.115 -49.500
  -6.834 -16.614 -49.500
  -6.831 -16.617 -49.500
  -6.828 -16.300 -16.579
  -6.825 -16.527 -16.527
  -6.822 -16.771 -49.500
  -6.819 -15.994 -16.519
  -6.816 -16.113 -16.509
  -6.813 -16.418 -49.500
  -6.810 -15.421 -16.616
  -6.807 -16.693 -16.693
  -6.804 -16.551 -49.500
  -6.801 -16.187 -16.548
  -6.798 -49.500     NaN
  -6.795 -15.707 -16.685
  -6.792 -49.500     NaN
  -6.789 -16.288 -49.500
  -6.787 -16.381 -49.500
  -6.784 -16.469 -49.500
  -6.781 -49.500     NaN
  -6.778 -49.500 -49.500
  -6.775 -49.500 -49.500
  -6.773 -49.500     NaN
  -6.770 -49.500     NaN
  -6.767 -49.500     NaN
  -6.765 -49.500     NaN
  -6.762 -49.500 -49.500
  -6.759 -49.500 -49.500
  -6.757 -15.782 -49.500
  -6.754 -49.500     NaN
  -6.751 -17.311 -49.500
  -6.749 -49.500     NaN
  -6.746 -49.500     NaN
  -6.744 -15.218 -16.934
  -6.741 -49.500     NaN
  -6.739 -16.428 -49.500
  -6.736 -49.500     NaN
  -6.734 -49.500     NaN
  -6.731 -16.598 -49.500
  -6.729 -49.500 -49.500
  -6.726 -49.500     NaN
  -6.724 -15.475 -15.718
  -6.721 -16.526 -49.500
  -6.719 -49.500     NaN
  -6.717 -16.246 -16.246
  -6.714 -49.500     NaN
  -6.712 -16.434 -16.434
  -6.709 -49.500     NaN
  -6.707 -49.500     NaN
  -6.705 -16.568 -49.500
  -6.702 -15.758 -15.758
  -6.700 -16.880 -49.500
  -6.698 -16.381 -49.500
  -6.696 -15.788 -49.500
  -6.693 -16.686 -49.500
  -6.691 -49.500 -49.500
  -6.689 -49.500 -49.500
  -6.687 -16.210 -16.210
  -6.684 -16.062 -16.062
  -6.682 -15.454 -15.454
  -6.680 -49.500 -49.500
  -6.678 -16.452 -49.500
  -6.675 -49.500 -49.500
  -6.673 -16.803 -49.500
  -6.671 -49.500 -49.500
  -6.669 -16.126 -49.500
  -6.667 -16.595 -16.595
  -6.665 -16.058 -49.500
  -6.663 -16.565 -49.500
  -6.661 -15.110 -15.110
  -6.658 -49.500 -49.500
  -6.656 -49.500 -49.500
  -6.654 -49.500     NaN
  -6.652 -49.500 -49.500
  -6.650 -49.500 -49.500
  -6.648 -49.500     NaN
  -6.646 -49.500     NaN
  -6.644 -49.500 -49.500
  -6.642 -49.500 -49.500
  -6.640 -49.500 -49.500
  -6.638 -49.500 -49.500
  -6.636 -49.500 -49.500
  -6.634 -49.500 -49.500
  -6.632 -49.500 -49.500
  -6.630 -49.500 -49.500
  -6.628 -16.368 -16.368
  -6.626 -49.500 -49.500
  -6.624 -49.500 -49.500
  -6.622 -49.500 -49.500
  -6.620 -49.500 -49.500
  -6.618 -15.512 -15.512
  -6.617 -16.499 -16.499
  -6.615 -49.500     NaN
  -6.613 -49.500 -49.500
  -6.611 -49.500 -49.500
  -6.609 -49.500 -49.500
  -6.607 -49.500 -49.500
  -6.605 -49.500 -49.500
  -6.603 -49.500     NaN
  -6.602 -49.500 -49.500
  -6.600 -49.500 -49.500
  -6.598 -49.500 -49.500
  -6.596 -49.500 -49.500
  -6.594 -49.500 -49.500
