  -8.861 -13.933 -13.933
  -8.599 -14.050 -14.050
  -8.442 -14.112 -14.112
  -8.329 -14.182 -14.182
  -8.239 -14.375 -14.375
  -8.166 -14.169 -14.401
  -8.103 -14.186 -14.186
  -8.048 -14.342 -14.503
  -7.999 -14.330 -14.330
  -7.955 -14.488 -14.488
  -7.916 -14.684 -14.684
  -7.879 -14.576 -14.576
  -7.846 -14.604 -14.604
  -7.815 -14.518 -14.769
  -7.786 -14.753 -14.753
  -7.758 -14.755 -14.755
  -7.733 -14.773 -14.985
  -7.709 -14.687 -14.687
  -7.686 -14.653 -14.923
  -7.664 -14.847 -14.847
  -7.643 -15.069 -15.069
  -7.624 -14.411 -14.893
  -7.605 -15.073 -15.073
  -7.586 -14.719 -14.719
  -7.569 -14.697 -14.991
  -7.552 -14.458 -14.458
  -7.536 -15.096 -15.249
  -7.521 -15.088 -15.259
  -7.506 -15.315 -15.315
  -7.491 -14.868 -15.206
  -7.477 -15.216 -15.216
  -7.464 -15.174 -15.338
  -7.451 -15.105 -15.105
  -7.438 -15.359 -15.359
  -7.425 -14.924 -15.180
  -7.413 -15.355 -15.355
  -7.401 -15.283 -15.283
  -7.390 -14.821 -15.199
  -7.379 -15.234 -15.654
  -7.368 -14.995 -15.186
  -7.357 -15.143 -15.590
  -7.347 -15.685 -15.685
  -7.337 -15.212 -15.614
  -7.327 -15.162 -15.670
  -7.317 -15.364 -15.527
  -7.308 -15.097 -15.673
  -7.299 -14.959 -15.559
  -7.290 -15.194 -15.194
  -7.281 -15.334 -15.490
  -7.272 -15.739 -15.739
  -7.264 -15.557 -15.739
  -7.255 -15.137 -15.501
  -7.247 -15.492 -15.776
  -7.239 -15.696 -15.696
  -7.231 -15.396 -15.604
  -7.223 -15.533 -15.751
  -7.216 -15.546 -15.947
  -7.208 -16.092 -16.092
  -7.201 -15.508 -15.758
  -7.194 -15.596 -15.992
  -7.187 -14.665 -15.934
  -7.180 -14.208 -15.949
  -7.173 -15.616 -16.020
  -7.166 -14.510 -15.867
  -7.159 -15.772 -15.772
  -7.153 -15.920 -15.920
  -7.146 -16.129 -16.129
  -7.140 -15.873 -16.166
  -7.133 -15.034 -15.903
  -7.127 -16.029 -16.192
  -7.121 -15.485 -15.878
  -7.115 -15.687 -15.687
  -7.109 -15.739 -15.739
  -7.103 -15.681 -16.012
  -7.098 -16.210 -16.210
  -7.092 -16.011 -16.011
  -7.086 -16.197 -16.584
  -7.081 -15.363 -16.119
  -7.075 -16.073 -16.073
  -7.070 -15.765 -16.268
  -7.064 -15.842 -16.135
  -7.059 -15.902 -16.137
  -7.054 -16.683 -16.955
  -7.049 -15.919 -16.192
  -7.043 -15.798 -16.333
  -7.038 -16.415 -16.415
  -7.033 -16.390 -16.776
  -7.029 -14.788 -15.940
  -7.024 -15.921 -16.232
  -7.019 -15.601 -16.016
  -7.014 -15.875 -16.196
  -7.009 -16.249 -16.514
  -7.005 -15.489 -15.768
  -7.000 -15.975 -16.385
  -6.995 -16.274 -16.274
  -6.991 -15.929 -16.106
  -6.986 -15.719 -16.089
  -6.982 -14.835 -16.215
  -6.978 -16.324 -16.324
  -6.973 -16.090 -16.542
  -6.969 -14.753 -15.648
  -6.965 -16.576 -16.851
  -6.961 -14.804 -16.718
  -6.956 -16.320 -16.732
  -6.952 -16.882 -49.500
  -6.948 -16.298 -16.704
  -6.944 -15.767 -16.673
  -6.940 -16.154 -16.154
  -6.936 -16.471 -16.972
  -6.932 -16.417 -16.781
  -6.928 -14.448 -16.513
  -6.924 -16.402 -16.682
  -6.920 -16.439 -16.614
  -6.917 -16.225 -17.152
  -6.913 -15.097 -15.845
  -6.909 -16.431 -16.431
  -6.905 -17.077 -22.106
  -6.902 -16.156 -16.631
  -6.898 -16.746 -16.746
  -6.894 -49.500     NaN
  -6.891 -21.914 -21.914
  -6.887 -16.557 -16.780
  -6.884 -16.424 -17.088
  -6.880 -16.345 -16.539
  -6.877 -16.695 -49.500
  -6.873 -16.138 -16.340
  -6.870 -16.058 -49.500
  -6.867 -15.775 -16.112
  -6.863 -16.466 -16.629
  -6.860 -16.367 -16.825
  -6.857 -16.426 -16.594
  -6.853 -49.500 -49.500
  -6.850 -16.466 -16.466
  -6.847 -16.212 -16.773
  -6.844 -16.803 -49.500
  -6.840 -15.934 -17.077
  -6.837 -16.177 -16.870
  -6.834 -16.980 -49.500
  -6.831 -16.336 -16.508
  -6.828 -15.476 -16.543
  -6.825 -16.497 -16.890
  -6.822 -16.241 -16.684
  -6.819 -16.305 -16.648
  -6.816 -16.195 -16.195
  -6.813 -16.217 -16.778
  -6.810 -16.526 -17.147
  -6.807 -17.116 -49.500
  -6.804 -16.932 -49.500
  -6.801 -49.500 -49.500
  -6.798 -49.500     NaN
  -6.795 -15.832 -16.071
  -6.792 -16.741 -49.500
  -6.789 -49.500     NaN
  -6.787 -16.357 -49.500
  -6.784 -49.500     NaN
  -6.781 -16.877 -16.877
  -6.778 -16.295 -49.500
  -6.775 -49.500     NaN
  -6.773 -49.500     NaN
  -6.770 -49.500     NaN
  -6.767 -16.636 -49.500
  -6.765 -16.112 -49.500
  -6.762 -16.574 -49.500
  -6.759 -49.500     NaN
  -6.757 -49.500 -49.500
  -6.754 -16.345 -16.582
  -6.751 -16.426 -49.500
  -6.749 -16.048 -49.500
  -6.746 -49.500     NaN
  -6.744 -16.513 -49.500
  -6.741 -17.000 -49.500
  -6.739 -49.500 -49.500
  -6.736 -16.046 -16.984
  -6.734 -49.500 -49.500
  -6.731 -49.500 -49.500
  -6.729 -14.717 -17.229
  -6.726 -49.500     NaN
  -6.724 -49.500 -49.500
  -6.721 -49.500     NaN
  -6.719 -49.500     NaN
  -6.717 -49.500     NaN
  -6.714 -16.496 -49.500
  -6.712 -49.500 -49.500
  -6.709 -16.733 -49.500
  -6.707 -49.500     NaN
  -6.705 -49.500     NaN
  -6.702 -15.164 -49.500
  -6.700 -16.833 -16.833
  -6.698 -16.588 -16.588
  -6.696 -49.500 -49.500
  -6.693 -17.154 -17.154
  -6.691 -16.295 -16.551
  -6.689 -16.616 -16.616
  -6.687 -16.136 -16.136
  -6.684 -15.810 -49.500
  -6.682 -17.070 -49.500
  -6.680 -49.500 -49.500
  -6.678 -49.500 -49.500
  -6.675 -16.933 -16.933
  -6.673 -49.500 -49.500
  -6.671 -49.500 -49.500
  -6.669 -49.500     NaN
  -6.667 -49.500 -49.500
  -6.665 -49.500     NaN
  -6.663 -49.500 -49.500
  -6.661 -49.500 -49.500
  -6.658 -49.500     NaN
  -6.656 -49.500 -49.500
  -6.654 -49.500 -49.500
  -6.652 -49.500 -49.500
  -6.650 -49.500 -49.500
  -6.648 -49.500 -49.500
  -6.646 -49.500 -49.500
  -6.644 -16.243 -49.500
  -6.642 -49.500 -49.500
  -6.640 -49.500 -49.500
  -6.638 -49.500 -49.500
  -6.636 -49.500 -49.500
  -6.634 -16.655 -16.655
  -6.632 -49.500 -49.500
  -6.630 -49.500 -49.500
  -6.628 -49.500 -49.500
  -6.626 -49.500 -49.500
  -6.624 -49.500     NaN
  -6.622 -15.955 -49.500
  -6.620 -49.500     NaN
  -6.618 -16.223 -16.223
  -6.617 -49.500     NaN
  -6.615 -16.315 -49.500
  -6.613 -49.500 -49.500
  -6.611 -49.500 -49.500
  -6.609 -49.500     NaN
  -6.607 -16.295 -16.295
  -6.605 -16.170 -16.170
  -6.603 -15.902 -15.902
  -6.602 -49.500     NaN
  -6.600 -49.500 -49.500
  -6.598 -49.500 -49.500
  -6.596 -49.500 -49.500
  -6.594 -49.500 -49.500
