  -8.861 -13.916 -13.916
  -8.599 -14.046 -14.046
  -8.442 -14.149 -14.149
  -8.329 -14.256 -14.256
  -8.239 -14.337 -14.337
  -8.166 -14.303 -14.303
  -8.103 -14.325 -14.325
  -8.048 -14.506 -14.506
  -7.999 -14.382 -14.382
  -7.955 -14.661 -14.661
  -7.916 -14.407 -14.663
  -7.879 -14.392 -14.631
  -7.846 -14.612 -14.612
  -7.815 -14.825 -14.825
  -7.786 -14.764 -14.764
  -7.758 -14.883 -14.883
  -7.733 -14.724 -14.909
  -7.709 -14.448 -14.618
  -7.686 -14.765 -14.765
  -7.664 -14.318 -14.976
  -7.643 -15.046 -15.046
  -7.624 -14.696 -14.696
  -7.605 -15.071 -15.071
  -7.586 -15.129 -15.129
  -7.569 -15.052 -15.263
  -7.552 -15.064 -15.064
  -7.536 -14.835 -14.835
  -7.521 -14.470 -14.913
  -7.506 -14.915 -15.243
  -7.491 -15.063 -15.217
  -7.477 -15.184 -15.184
  -7.464 -15.125 -15.276
  -7.451 -15.301 -15.583
  -7.438 -14.925 -14.925
  -7.425 -15.237 -15.433
  -7.413 -15.107 -15.107
  -7.401 -14.972 -14.972
  -7.390 -15.126 -15.422
  -7.379 -15.582 -15.582
  -7.368 -15.079 -15.442
  -7.357 -15.175 -15.506
  -7.347 -15.301 -15.521
  -7.337 -15.356 -15.551
  -7.327 -15.315 -15.499
  -7.317 -15.325 -15.543
  -7.308 -15.851 -15.851
  -7.299 -15.257 -15.721
  -7.290 -15.784 -15.784
  -7.281 -15.358 -15.633
  -7.272 -15.740 -15.740
  -7.264 -15.328 -15.642
  -7.255 -15.723 -15.723
  -7.247 -15.741 -15.921
  -7.239 -15.801 -15.801
  -7.231 -15.259 -15.616
  -7.223 -16.046 -16.046
  -7.216 -15.859 -15.859
  -7.208 -15.279 -15.494
  -7.201 -15.944 -15.944
  -7.194 -15.323 -15.323
  -7.187 -14.939 -15.581
  -7.180 -15.581 -15.788
  -7.173 -14.615 -15.957
  -7.166 -15.291 -15.657
  -7.159 -15.237 -15.421
  -7.153 -15.802 -15.802
  -7.146 -15.455 -16.023
  -7.140 -15.595 -15.812
  -7.133 -15.777 -15.777
  -7.127 -15.824 -15.824
  -7.121 -15.478 -15.710
  -7.115 -16.175 -16.175
  -7.109 -16.061 -16.061
  -7.103 -15.613 -15.993
  -7.098 -15.461 -15.737
  -7.092 -15.469 -16.117
  -7.086 -15.892 -15.892
  -7.081 -16.243 -16.243
  -7.075 -15.671 -16.145
  -7.070 -15.856 -16.257
  -7.064 -14.994 -16.443
  -7.059 -16.238 -16.238
  -7.054 -15.148 -15.339
  -7.049 -15.913 -16.592
  -7.043 -16.096 -16.096
  -7.038 -15.181 -15.949
  -7.033 -16.455 -16.614
  -7.029 -16.064 -16.453
  -7.024 -15.638 -15.986
  -7.019 -15.795 -16.282
  -7.014 -15.958 -16.456
  -7.009 -16.284 -21.449
  -7.005 -16.145 -16.145
  -7.000 -15.930 -16.115
  -6.995 -16.606 -17.059
  -6.991 -15.661 -16.284
  -6.986 -16.711 -16.900
  -6.982 -15.895 -16.061
  -6.978 -16.537 -16.688
  -6.973 -16.308 -16.498
  -6.969 -16.731 -17.024
  -6.965 -15.380 -16.730
  -6.961 -15.676 -16.594
  -6.956 -16.047 -16.376
  -6.952 -16.205 -16.205
  -6.948 -16.347 -16.347
  -6.944 -16.331 -16.331
  -6.940 -16.778 -16.778
  -6.936 -16.077 -16.077
  -6.932 -16.204 -16.841
  -6.928 -16.574 -16.757
  -6.924 -16.252 -16.724
  -6.920 -15.627 -15.870
  -6.917 -15.200 -16.461
  -6.913 -15.941 -16.318
  -6.909 -16.478 -16.790
  -6.905 -16.361 -16.361
  -6.902 -16.235 -16.523
  -6.898 -16.049 -17.002
  -6.894 -16.325 -16.577
  -6.891 -16.582 -17.105
  -6.887 -15.491 -16.562
  -6.884 -16.439 -16.439
  -6.880 -16.719 -16.911
  -6.877 -49.500 -49.500
  -6.873 -16.459 -16.987
  -6.870 -16.378 -16.538
  -6.867 -16.716 -49.500
  -6.863 -15.808 -16.260
  -6.860 -16.123 -16.591
  -6.857 -16.473 -49.500
  -6.853 -15.935 -16.158
  -6.850 -16.050 -17.033
  -6.847 -15.412 -16.269
  -6.844 -17.299 -49.500
  -6.840 -17.050 -17.343
  -6.837 -17.137 -49.500
  -6.834 -16.747 -49.500
  -6.831 -49.500     NaN
  -6.828 -16.852 -49.500
  -6.825 -16.417 -49.500
  -6.822 -16.456 -17.062
  -6.819 -16.864 -17.135
  -6.816 -16.181 -49.500
  -6.813 -49.500     NaN
  -6.810 -16.997 -49.500
  -6.807 -49.500     NaN
  -6.804 -16.128 -16.539
  -6.801 -16.408 -49.500
  -6.798 -15.824 -49.500
  -6.795 -49.500     NaN
  -6.792 -14.292 -16.996
  -6.789 -15.978 -16.191
  -6.787 -49.500     NaN
  -6.784 -16.247 -17.143
  -6.781 -16.568 -49.500
  -6.778 -16.809 -49.500
  -6.775 -16.903 -49.500
  -6.773 -49.500 -49.500
  -6.770 -16.431 -49.500
  -6.767 -16.101 -16.436
  -6.765 -49.500     NaN
  -6.762 -16.619 -49.500
  -6.759 -16.245 -49.500
  -6.757 -16.727 -16.996
  -6.754 -16.925 -49.500
  -6.751 -17.197 -49.500
  -6.749 -16.571 -49.500
  -6.746 -16.209 -16.809
  -6.744 -49.500 -49.500
  -6.741 -49.500     NaN
  -6.739 -49.500     NaN
  -6.736 -49.500     NaN
  -6.734 -49.500 -49.500
  -6.731 -16.840 -49.500
  -6.729 -16.716 -49.500
  -6.726 -49.500 -49.500
  -6.724 -16.819 -49.500
  -6.721 -16.634 -49.500
  -6.719 -49.500 -49.500
  -6.717 -49.500     NaN
  -6.714 -16.768 -49.500
  -6.712 -16.216 -49.500
  -6.709 -16.208 -16.208
  -6.707 -15.191 -15.191
  -6.705 -49.500 -49.500
  -6.702 -49.500 -49.500
  -6.700 -49.500     NaN
  -6.698 -49.500 -49.500
  -6.696 -16.919 -16.919
  -6.693 -16.452 -49.500
  -6.691 -49.500     NaN
  -6.689 -49.500 -49.500
  -6.687 -16.581 -49.500
  -6.684 -16.821 -49.500
  -6.682 -49.500 -49.500
  -6.680 -49.500     NaN
  -6.678 -16.631 -49.500
  -6.675 -16.294 -16.998
  -6.673 -16.964 -16.964
  -6.671 -49.500 -49.500
  -6.669 -49.500 -49.500
  -6.667 -15.779 -16.379
  -6.665 -49.500 -49.500
  -6.663 -49.500 -49.500
  -6.661 -49.500 -49.500
  -6.658 -49.500 -49.500
  -6.656 -49.500 -49.500
  -6.654 -15.629 -15.629
  -6.652 -49.500     NaN
  -6.650 -49.500     NaN
  -6.648 -49.500 -49.500
  -6.646 -49.500 -49.500
  -6.644 -49.500 -49.500
  -6.642 -49.500 -49.500
  -6.640 -16.170 -49.500
  -6.638 -49.500 -49.500
  -6.636 -49.500 -49.500
  -6.634 -49.500     NaN
  -6.632 -16.427 -16.427
  -6.630 -49.500 -49.500
  -6.628 -49.500 -49.500
  -6.626 -16.304 -49.500
  -6.624 -49.500 -49.500
  -6.622 -49.500 -49.500
  -6.620 -16.564 -16.564
  -6.618 -49.500 -49.500
  -6.617 -49.500 -49.500
  -6.615 -49.500 -49.500
  -6.613 -49.500 -49.500
  -6.611 -49.500 -49.500
  -6.609 -16.646 -16.646
  -6.607 -49.500     NaN
  -6.605 -16.911 -16.911
  -6.603 -49.500 -49.500
  -6.602 -49.500 -49.500
  -6.600 -16.699 -16.699
  -6.598 -49.500 -49.500
  -6.596 -49.500     NaN
  -6.594 -49.500 -49.500
