  -8.861 -13.897 -13.897
  -8.599 -14.097 -14.097
  -8.442 -14.108 -14.108
  -8.329 -14.222 -14.222
  -8.239 -14.277 -14.277
  -8.166 -14.381 -14.381
  -8.103 -14.371 -14.371
  -8.048 -14.558 -14.558
  -7.999 -14.432 -14.432
  -7.955 -14.399 -14.399
  -7.916 -14.429 -14.606
  -7.879 -14.620 -14.842
  -7.846 -14.510 -14.510
  -7.815 -14.612 -14.612
  -7.786 -14.850 -14.850
  -7.758 -14.560 -14.909
  -7.733 -14.459 -14.704
  -7.709 -14.965 -14.965
  -7.686 -14.785 -14.785
  -7.664 -14.666 -14.941
  -7.643 -14.832 -14.832
  -7.624 -14.988 -14.988
  -7.605 -15.033 -15.033
  -7.586 -14.463 -14.463
  -7.569 -15.070 -15.070
  -7.552 -14.983 -15.187
  -7.536 -14.827 -15.005
  -7.521 -15.343 -15.343
  -7.506 -14.793 -15.177
  -7.491 -14.783 -15.010
  -7.477 -14.756 -14.956
  -7.464 -15.149 -15.321
  -7.451 -14.881 -15.251
  -7.438 -15.226 -15.226
  -7.425 -15.062 -15.585
  -7.413 -14.692 -14.993
  -7.401 -15.041 -15.495
  -7.390 -15.081 -15.081
  -7.379 -15.183 -15.183
  -7.368 -15.334 -15.334
  -7.357 -15.852 -15.852
  -7.347 -15.634 -15.634
  -7.337 -15.238 -15.402
  -7.327 -15.526 -15.809
  -7.317 -15.213 -15.378
  -7.308 -15.719 -15.719
  -7.299 -15.336 -15.531
  -7.290 -14.934 -15.960
  -7.281 -15.031 -15.206
  -7.272 -15.062 -15.753
  -7.264 -14.869 -15.804
  -7.255 -15.663 -15.663
  -7.247 -15.726 -15.879
  -7.239 -15.579 -15.579
  -7.231 -16.004 -16.004
  -7.223 -15.791 -15.791
  -7.216 -15.350 -15.853
  -7.208 -16.004 -16.004
  -7.201 -15.742 -15.742
  -7.194 -15.445 -15.604
  -7.187 -15.682 -15.682
  -7.180 -15.180 -15.696
  -7.173 -15.371 -15.832
  -7.166 -16.164 -16.164
  -7.159 -16.057 -16.057
  -7.153 -16.434 -16.434
  -7.146 -14.810 -15.880
  -7.140 -15.627 -15.874
  -7.133 -16.069 -16.352
  -7.127 -15.682 -15.844
  -7.121 -15.781 -16.104
  -7.115 -15.943 -15.943
  -7.109 -14.108 -15.895
  -7.103 -16.041 -16.041
  -7.098 -15.133 -15.550
  -7.092 -16.480 -16.480
  -7.086 -15.289 -15.953
  -7.081 -16.163 -16.163
  -7.075 -16.069 -16.320
  -7.070 -15.923 -16.458
  -7.064 -16.102 -16.432
  -7.059 -15.917 -15.917
  -7.054 -16.346 -16.346
  -7.049 -15.827 -16.006
  -7.043 -16.385 -16.385
  -7.038 -16.298 -16.460
  -7.033 -16.413 -16.413
  -7.029 -16.388 -16.388
  -7.024 -16.187 -16.476
  -7.019 -16.158 -16.447
  -7.014 -16.322 -16.685
  -7.009 -16.212 -16.212
  -7.005 -15.973 -16.173
  -7.000 -16.356 -16.356
  -6.995 -16.623 -16.623
  -6.991 -16.350 -16.589
  -6.986 -15.868 -16.282
  -6.982 -16.754 -17.333
  -6.978 -15.675 -16.183
  -6.973 -16.691 -17.205
  -6.969 -16.359 -16.359
  -6.965 -15.998 -16.361
  -6.961 -15.935 -16.141
  -6.956 -15.802 -16.106
  -6.952 -16.618 -16.618
  -6.948 -16.454 -16.757
  -6.944 -16.293 -16.293
  -6.940 -15.866 -16.127
  -6.936 -15.810 -16.172
  -6.932 -15.870 -16.954
  -6.928 -16.461 -16.865
  -6.924 -16.216 -16.427
  -6.920 -16.297 -16.502
  -6.917 -16.171 -16.171
  -6.913 -16.429 -22.790
  -6.909 -16.380 -16.620
  -6.905 -14.611 -15.436
  -6.902 -15.986 -16.490
  -6.898 -15.555 -16.503
  -6.894 -16.014 -16.166
  -6.891 -16.260 -22.484
  -6.887 -16.400 -16.710
  -6.884 -16.535 -17.353
  -6.880 -16.184 -16.184
  -6.877 -16.590 -16.776
  -6.873 -16.210 -16.623
  -6.870 -16.112 -16.321
  -6.867 -16.014 -16.801
  -6.863 -16.862 -49.500
  -6.860 -16.416 -17.020
  -6.857 -17.169 -49.500
  -6.853 -14.932 -16.658
  -6.850 -16.044 -16.349
  -6.847 -16.563 -17.000
  -6.844 -49.500     NaN
  -6.840 -14.294 -49.500
  -6.837 -16.338 -17.004
  -6.834 -16.264 -16.456
  -6.831 -15.825 -49.500
  -6.828 -16.797 -49.500
  -6.825 -16.266 -16.706
  -6.822 -15.768 -16.657
  -6.819 -16.675 -16.835
  -6.816 -49.500     NaN
  -6.813 -16.371 -16.537
  -6.810 -15.721 -49.500
  -6.807 -15.067 -16.733
  -6.804 -16.189 -16.189
  -6.801 -49.500     NaN
  -6.798 -15.471 -49.500
  -6.795 -49.500     NaN
  -6.792 -16.123 -16.317
  -6.789 -15.886 -16.576
  -6.787 -15.086 -15.086
  -6.784 -15.865 -15.865
  -6.781 -16.580 -49.500
  -6.778 -16.588 -49.500
  -6.775 -49.500     NaN
  -6.773 -16.172 -49.500
  -6.770 -16.510 -49.500
  -6.767 -49.500     NaN
  -6.765 -49.500     NaN
  -6.762 -16.761 -17.086
  -6.759 -16.162 -16.416
  -6.757 -49.500     NaN
  -6.754 -16.529 -49.500
  -6.751 -49.500     NaN
  -6.749 -16.310 -16.618
  -6.746 -49.500 -49.500
  -6.744 -49.500     NaN
  -6.741 -49.500     NaN
  -6.739 -16.165 -16.165
  -6.736 -49.500 -49.500
  -6.734 -49.500     NaN
  -6.731 -16.658 -49.500
  -6.729 -49.500     NaN
  -6.726 -49.500 -49.500
  -6.724 -16.295 -49.500
  -6.721 -49.500     NaN
  -6.719 -49.500     NaN
  -6.717 -49.500     NaN
  -6.714 -16.604 -49.500
  -6.712 -49.500 -49.500
  -6.709 -49.500 -49.500
  -6.707 -49.500 -49.500
  -6.705 -16.363 -49.500
  -6.702 -49.500 -49.500
  -6.700 -49.500     NaN
  -6.698 -16.582 -49.500
  -6.696 -49.500 -49.500
  -6.693 -49.500 -49.500
  -6.691 -49.500 -49.500
  -6.689 -49.500 -49.500
  -6.687 -16.849 -16.849
  -6.684 -49.500     NaN
  -6.682 -15.284 -15.284
  -6.680 -15.428 -15.428
  -6.678 -49.500 -49.500
  -6.675 -49.500     NaN
  -6.673 -49.500 -49.500
  -6.671 -16.123 -49.500
  -6.669 -49.500 -49.500
  -6.667 -49.500     NaN
  -6.665 -16.904 -49.500
  -6.663 -49.500 -49.500
  -6.661 -15.896 -16.261
  -6.658 -49.500 -49.500
  -6.656 -16.516 -49.500
  -6.654 -49.500 -49.500
  -6.652 -49.500 -49.500
  -6.650 -49.500     NaN
  -6.648 -49.500 -49.500
  -6.646 -49.500     NaN
  -6.644 -49.500 -49.500
  -6.642 -49.500 -49.500
  -6.640 -49.500 -49.500
  -6.638 -49.500 -49.500
  -6.636 -49.500 -49.500
  -6.634 -49.500 -49.500
  -6.632 -49.500     NaN
  -6.630 -49.500 -49.500
  -6.628 -49.500     NaN
  -6.626 -49.500     NaN
  -6.624 -16.118 -49.500
  -6.622 -49.500 -49.500
  -6.620 -16.794 -16.794
  -6.618 -16.530 -16.530
  -6.617 -49.500 -49.500
  -6.615 -49.500 -49.500
  -6.613 -16.530 -16.530
  -6.611 -49.500 -49.500
  -6.609 -49.500 -49.500
  -6.607 -49.500 -49.500
  -6.605 -16.450 -16.450
  -6.603 -16.458 -49.500
  -6.602 -49.500 -49.500
  -6.600 -49.500 -49.500
  -6.598 -49.500 -49.500
  -6.596 -49.500 -49.500
  -6.594 -49.500 -49.500
