  -8.861 -13.906 -13.906
  -8.599 -13.953 -13.953
  -8.442 -14.008 -14.008
  -8.329 -14.246 -14.246
  -8.239 -14.278 -14.278
  -8.166 -14.353 -14.353
  -8.103 -14.426 -14.426
  -8.048 -14.423 -14.423
  -7.999 -14.464 -14.464
  -7.955 -14.631 -14.631
  -7.916 -14.663 -14.663
  -7.879 -14.555 -14.555
  -7.846 -14.682 -14.682
  -7.815 -14.690 -14.901
  -7.786 -14.572 -14.572
  -7.758 -14.525 -14.525
  -7.733 -14.830 -14.830
  -7.709 -14.647 -14.647
  -7.686 -14.747 -14.747
  -7.664 -15.044 -15.044
  -7.643 -14.732 -14.732
  -7.624 -14.982 -14.982
  -7.605 -14.300 -14.489
  -7.586 -14.919 -14.919
  -7.569 -15.326 -15.326
  -7.552 -14.950 -14.950
  -7.536 -14.900 -14.900
  -7.521 -14.681 -14.838
  -7.506 -15.160 -15.160
  -7.491 -15.093 -15.093
  -7.477 -14.773 -14.962
  -7.464 -14.589 -14.589
  -7.451 -15.226 -15.226
  -7.438 -15.252 -15.426
  -7.425 -15.174 -15.339
  -7.413 -15.109 -15.109
  -7.401 -15.095 -15.095
  -7.390 -15.547 -15.547
  -7.379 -15.546 -15.546
  -7.368 -15.357 -15.357
  -7.357 -15.403 -15.644
  -7.347 -15.316 -15.577
  -7.337 -15.465 -15.745
  -7.327 -15.316 -15.552
  -7.317 -15.452 -15.452
  -7.308 -14.945 -15.106
  -7.299 -15.689 -15.689
  -7.290 -14.993 -15.367
  -7.281 -15.705 -15.705
  -7.272 -15.663 -15.663
  -7.264 -15.337 -15.522
  -7.255 -14.894 -15.576
  -7.247 -15.474 -15.873
  -7.239 -15.886 -15.886
  -7.231 -15.748 -15.926
  -7.223 -15.865 -15.865
  -7.216 -15.905 -15.905
  -7.208 -15.818 -16.078
  -7.201 -15.466 -15.638
  -7.194 -15.701 -16.102
  -7.187 -15.350 -15.668
  -7.180 -15.526 -15.770
  -7.173 -14.612 -15.706
  -7.166 -15.486 -15.877
  -7.159 -15.062 -15.718
  -7.153 -15.979 -15.979
  -7.146 -16.248 -16.248
  -7.140 -15.911 -16.061
  -7.133 -15.698 -15.698
  -7.127 -15.335 -15.693
  -7.121 -15.248 -15.686
  -7.115 -15.238 -16.292
  -7.109 -14.810 -16.178
  -7.103 -16.088 -16.088
  -7.098 -16.217 -16.217
  -7.092 -16.140 -16.140
  -7.086 -15.578 -15.922
  -7.081 -15.587 -15.587
  -7.075 -15.935 -16.322
  -7.070 -15.961 -16.158
  -7.064 -16.239 -16.239
  -7.059 -15.193 -16.109
  -7.054 -15.795 -16.396
  -7.049 -16.350 -16.350
  -7.043 -16.341 -16.650
  -7.038 -16.324 -16.559
  -7.033 -15.374 -15.687
  -7.029 -16.506 -16.506
  -7.024 -15.477 -16.246
  -7.019 -16.167 -16.384
  -7.014 -15.867 -16.173
  -7.009 -15.762 -16.562
  -7.005 -16.113 -16.113
  -7.000 -16.213 -16.454
  -6.995 -15.615 -16.309
  -6.991 -15.533 -16.262
  -6.986 -16.679 -17.273
  -6.982 -15.803 -16.070
  -6.978 -13.525 -16.335
  -6.973 -15.309 -16.249
  -6.969 -16.505 -16.662
  -6.965 -15.361 -16.541
  -6.961 -15.801 -15.801
  -6.956 -16.433 -16.595
  -6.952 -16.086 -16.516
  -6.948 -16.628 -17.128
  -6.944 -16.412 -16.571
  -6.940 -15.541 -15.809
  -6.936 -16.715 -17.210
  -6.932 -16.801 -17.062
  -6.928 -16.622 -17.178
  -6.924 -16.118 -16.464
  -6.920 -16.482 -16.770
  -6.917 -15.840 -16.344
  -6.913 -16.373 -16.781
  -6.909 -16.525 -17.227
  -6.905 -15.404 -49.500
  -6.902 -20.981 -20.981
  -6.898 -22.999 -22.999
  -6.894 -15.691 -16.333
  -6.891 -49.500     NaN
  -6.887 -13.712 -15.951
  -6.884 -16.276 -16.794
  -6.880 -16.105 -16.712
  -6.877 -15.825 -49.500
  -6.873 -16.493 -16.493
  -6.870 -15.180 -17.317
  -6.867 -16.616 -17.165
  -6.863 -16.511 -49.500
  -6.860 -16.263 -16.648
  -6.857 -15.881 -16.878
  -6.853 -16.912 -17.155
  -6.850 -16.832 -49.500
  -6.847 -15.209 -49.500
  -6.844 -49.500     NaN
  -6.840 -49.500 -49.500
  -6.837 -16.757 -17.181
  -6.834 -16.902 -49.500
  -6.831 -16.195 -49.500
  -6.828 -16.920 -49.500
  -6.825 -16.289 -16.493
  -6.822 -16.352 -49.500
  -6.819 -16.487 -16.487
  -6.816 -16.283 -17.190
  -6.813 -49.500     NaN
  -6.810 -16.931 -49.500
  -6.807 -17.057 -49.500
  -6.804 -49.500     NaN
  -6.801 -16.368 -49.500
  -6.798 -16.751 -16.984
  -6.795 -49.500     NaN
  -6.792 -16.449 -49.500
  -6.789 -16.616 -49.500
  -6.787 -17.060 -49.500
  -6.784 -49.500     NaN
  -6.781 -16.817 -49.500
  -6.778 -16.190 -49.500
  -6.775 -16.865 -49.500
  -6.773 -49.500     NaN
  -6.770 -15.080 -49.500
  -6.767 -16.786 -49.500
  -6.765 -16.931 -49.500
  -6.762 -16.537 -16.537
  -6.759 -16.534 -49.500
  -6.757 -16.289 -16.630
  -6.754 -49.500 -49.500
  -6.751 -16.100 -16.100
  -6.749 -49.500     NaN
  -6.746 -16.092 -49.500
  -6.744 -49.500     NaN
  -6.741 -16.231 -16.415
  -6.739 -49.500     NaN
  -6.736 -49.500 -49.500
  -6.734 -16.276 -49.500
  -6.731 -49.500     NaN
  -6.729 -15.743 -16.298
  -6.726 -49.500     NaN
  -6.724 -15.022 -16.639
  -6.721 -49.500 -49.500
  -6.719 -49.500 -49.500
  -6.717 -49.500 -49.500
  -6.714 -49.500 -49.500
  -6.712 -16.649 -49.500
  -6.709 -49.500     NaN
  -6.707 -15.874 -49.500
  -6.705 -16.847 -16.847
  -6.702 -16.937 -49.500
  -6.700 -49.500 -49.500
  -6.698 -49.500 -49.500
  -6.696 -16.238 -49.500
  -6.693 -49.500     NaN
  -6.691 -15.514 -15.514
  -6.689 -16.106 -49.500
  -6.687 -49.500     NaN
  -6.684 -16.250 -16.410
  -6.682 -16.363 -16.363
  -6.680 -49.500     NaN
  -6.678 -49.500 -49.500
  -6.675 -16.427 -16.427
  -6.673 -49.500     NaN
  -6.671 -49.500 -49.500
  -6.669 -49.500 -49.500
  -6.667 -49.500 -49.500
  -6.665 -49.500 -49.500
  -6.663 -16.059 -16.059
  -6.661 -15.833 -49.500
  -6.658 -16.819 -16.819
  -6.656 -49.500     NaN
  -6.654 -49.500     NaN
  -6.652 -49.500     NaN
  -6.650 -16.628 -16.628
  -6.648 -49.500 -49.500
  -6.646 -49.500     NaN
  -6.644 -49.500 -49.500
  -6.642 -49.500 -49.500
  -6.640 -49.500     NaN
  -6.638 -49.500 -49.500
  -6.636 -49.500 -49.500
  -6.634 -49.500 -49.500
  -6.632 -49.500 -49.500
  -6.630 -49.500 -49.500
  -6.628 -15.904 -49.500
  -6.626 -49.500 -49.500
  -6.624 -49.500 -49.500
  -6.622 -15.777 -15.777
  -6.620 -16.106 -16.106
  -6.618 -49.500     NaN
  -6.617 -49.500 -49.500
  -6.615 -49.500 -49.500
  -6.613 -49.500 -49.500
  -6.611 -49.500 -49.500
  -6.609 -49.500     NaN
  -6.607 -49.500 -49.500
  -6.605 -49.500 -49.500
  -6.603 -49.500 -49.500
  -6.602 -14.722 -49.500
  -6.600 -49.500 -49.500
  -6.598 -16.739 -49.500
  -6.596 -49.500 -49.500
  -6.594 -16.317 -16.317
