  -8.861 -13.913 -13.913
  -8.599 -14.029 -14.029
  -8.442 -14.154 -14.154
  -8.329 -14.203 -14.203
  -8.239 -14.289 -14.289
  -8.166 -14.337 -14.337
  -8.103 -14.440 -14.440
  -8.048 -14.339 -14.498
  -7.999 -14.606 -14.606
  -7.955 -14.612 -14.612
  -7.916 -14.624 -14.624
  -7.879 -14.302 -14.481
  -7.846 -14.722 -14.722
  -7.815 -14.717 -14.717
  -7.786 -14.695 -14.695
  -7.758 -14.283 -14.660
  -7.733 -14.723 -14.920
  -7.709 -14.969 -14.969
  -7.686 -14.984 -14.984
  -7.664 -14.864 -14.864
  -7.643 -14.716 -14.885
  -7.624 -14.441 -14.892
  -7.605 -14.674 -15.061
  -7.586 -15.157 -15.157
  -7.569 -15.347 -15.347
  -7.552 -14.968 -14.968
  -7.536 -14.801 -14.980
  -7.521 -14.910 -14.910
  -7.506 -15.015 -15.015
  -7.491 -14.970 -14.970
  -7.477 -15.387 -15.387
  -7.464 -15.069 -15.271
  -7.451 -14.639 -15.205
  -7.438 -15.092 -15.398
  -7.425 -15.161 -15.390
  -7.413 -15.365 -15.365
  -7.401 -15.440 -15.440
  -7.390 -15.209 -15.374
  -7.379 -15.277 -15.277
  -7.368 -15.136 -15.136
  -7.357 -15.400 -15.556
  -7.347 -15.085 -15.471
  -7.337 -15.735 -15.735
  -7.327 -15.463 -15.463
  -7.317 -14.979 -15.161
  -7.308 -15.472 -15.627
  -7.299 -15.366 -15.540
  -7.290 -14.990 -15.438
  -7.281 -15.223 -15.223
  -7.272 -15.354 -15.655
  -7.264 -15.509 -15.690
  -7.255 -15.310 -15.627
  -7.247 -15.448 -15.603
  -7.239 -15.409 -15.867
  -7.231 -15.334 -15.334
  -7.223 -15.663 -15.834
  -7.216 -15.411 -15.610
  -7.208 -15.673 -16.089
  -7.201 -15.808 -15.808
  -7.194 -15.796 -15.796
  -7.187 -15.441 -15.645
  -7.180 -15.213 -15.848
  -7.173 -15.945 -15.945
  -7.166 -15.625 -16.009
  -7.159 -16.185 -16.185
  -7.153 -14.677 -15.812
  -7.146 -15.846 -15.846
  -7.140 -15.910 -16.249
  -7.133 -16.436 -16.436
  -7.127 -16.072 -16.407
  -7.121 -15.448 -16.304
  -7.115 -16.071 -16.246
  -7.109 -15.414 -16.176
  -7.103 -15.984 -16.151
  -7.098 -15.754 -15.956
  -7.092 -16.036 -16.238
  -7.086 -16.150 -16.150
  -7.081 -15.825 -16.028
  -7.075 -15.739 -15.739
  -7.070 -15.352 -16.190
  -7.064 -15.360 -15.644
  -7.059 -15.318 -15.828
  -7.054 -15.593 -15.801
  -7.049 -15.588 -15.890
  -7.043 -16.458 -16.458
  -7.038 -16.335 -16.791
  -7.033 -16.871 -17.261
  -7.029 -16.079 -16.531
  -7.024 -16.380 -16.591
  -7.019 -15.375 -15.994
  -7.014 -16.208 -16.208
  -7.009 -16.529 -16.693
  -7.005 -15.210 -15.845
  -7.000 -15.714 -16.723
  -6.995 -15.513 -16.496
  -6.991 -15.570 -16.117
  -6.986 -16.153 -16.481
  -6.982 -16.182 -16.576
  -6.978 -16.077 -16.077
  -6.973 -16.240 -16.240
  -6.969 -15.561 -15.907
  -6.965 -16.170 -16.170
  -6.961 -16.734 -16.977
  -6.956 -15.374 -16.458
  -6.952 -16.417 -16.633
  -6.948 -16.770 -16.770
  -6.944 -15.562 -15.729
  -6.940 -22.536 -22.536
  -6.936 -16.462 -49.500
  -6.932 -16.189 -16.522
  -6.928 -16.121 -16.958
  -6.924 -14.777 -15.934
  -6.920 -16.152 -16.349
  -6.917 -16.107 -16.396
  -6.913 -16.184 -16.442
  -6.909 -17.172 -49.500
  -6.905 -15.947 -16.243
  -6.902 -16.138 -16.874
  -6.898 -16.368 -22.686
  -6.894 -16.718 -49.500
  -6.891 -15.645 -16.668
  -6.887 -16.593 -17.410
  -6.884 -49.500     NaN
  -6.880 -15.844 -16.169
  -6.877 -15.842 -16.450
  -6.873 -49.500     NaN
  -6.870 -16.113 -16.324
  -6.867 -16.557 -49.500
  -6.863 -16.669 -49.500
  -6.860 -16.377 -16.835
  -6.857 -15.655 -16.339
  -6.853 -15.859 -17.027
  -6.850 -49.500 -49.500
  -6.847 -49.500 -49.500
  -6.844 -16.272 -49.500
  -6.840 -16.944 -49.500
  -6.837 -17.056 -49.500
  -6.834 -15.724 -16.811
  -6.831 -49.500     NaN
  -6.828 -16.525 -49.500
  -6.825 -16.665 -16.886
  -6.822 -16.162 -16.339
  -6.819 -49.500 -49.500
  -6.816 -15.888 -17.093
  -6.813 -15.982 -17.119
  -6.810 -16.711 -16.891
  -6.807 -16.626 -49.500
  -6.804 -16.995 -49.500
  -6.801 -49.500     NaN
  -6.798 -16.430 -17.186
  -6.795 -49.500     NaN
  -6.792 -49.500     NaN
  -6.789 -16.829 -49.500
  -6.787 -16.178 -16.948
  -6.784 -16.100 -16.594
  -6.781 -49.500 -49.500
  -6.778 -15.905 -49.500
  -6.775 -49.500     NaN
  -6.773 -49.500     NaN
  -6.770 -49.500     NaN
  -6.767 -49.500 -49.500
  -6.765 -15.321 -49.500
  -6.762 -16.044 -49.500
  -6.759 -49.500     NaN
  -6.757 -16.223 -16.430
  -6.754 -16.888 -16.888
  -6.751 -49.500     NaN
  -6.749 -16.577 -49.500
  -6.746 -16.922 -49.500
  -6.744 -49.500     NaN
  -6.741 -16.744 -49.500
  -6.739 -49.500     NaN
  -6.736 -15.613 -49.500
  -6.734 -15.342 -15.761
  -6.731 -16.631 -16.631
  -6.729 -49.500 -49.500
  -6.726 -16.289 -49.500
  -6.724 -16.415 -49.500
  -6.721 -16.138 -16.138
  -6.719 -16.941 -49.500
  -6.717 -15.992 -16.894
  -6.714 -49.500 -49.500
  -6.712 -16.280 -16.813
  -6.709 -49.500 -49.500
  -6.707 -49.500     NaN
  -6.705 -16.638 -16.638
  -6.702 -49.500 -49.500
  -6.700 -16.905 -49.500
  -6.698 -49.500     NaN
  -6.696 -49.500 -49.500
  -6.693 -49.500 -49.500
  -6.691 -16.814 -16.814
  -6.689 -16.411 -49.500
  -6.687 -49.500 -49.500
  -6.684 -16.087 -16.087
  -6.682 -49.500     NaN
  -6.680 -49.500 -49.500
  -6.678 -49.500 -49.500
  -6.675 -16.568 -49.500
  -6.673 -49.500 -49.500
  -6.671 -49.500 -49.500
  -6.669 -49.500 -49.500
  -6.667 -16.618 -49.500
  -6.665 -16.253 -16.716
  -6.663 -49.500 -49.500
  -6.661 -49.500 -49.500
  -6.658 -49.500 -49.500
  -6.656 -49.500     NaN
  -6.654 -49.500 -49.500
  -6.652 -49.500     NaN
  -6.650 -49.500 -49.500
  -6.648 -49.500 -49.500
  -6.646 -16.668 -16.668
  -6.644 -49.500 -49.500
  -6.642 -49.500 -49.500
  -6.640 -49.500 -49.500
  -6.638 -16.276 -49.500
  -6.636 -49.500 -49.500
  -6.634 -49.500 -49.500
  -6.632 -49.500 -49.500
  -6.630 -49.500 -49.500
  -6.628 -49.500 -49.500
  -6.626 -49.500 -49.500
  -6.624 -16.666 -49.500
  -6.622 -49.500 -49.500
  -6.620 -49.500 -49.500
  -6.618 -49.500 -49.500
  -6.617 -49.500 -49.500
  -6.615 -49.500 -49.500
  -6.613 -49.500 -49.500
  -6.611 -49.500 -49.500
  -6.609 -49.500 -49.500
  -6.607 -49.500 -49.500
  -6.605 -15.952 -16.118
  -6.603 -49.500     NaN
  -6.602 -49.500     NaN
  -6.600 -49.500     NaN
  -6.598 -16.426 -49.500
  -6.596 -49.500 -49.500
  -6.594 -49.500 -49.500
