  -8.861 -13.901 -13.901
  -8.599 -14.014 -14.014
  -8.442 -14.111 -14.111
  -8.329 -14.201 -14.201
  -8.239 -14.291 -14.291
  -8.166 -14.376 -14.376
  -8.103 -14.486 -14.486
  -8.048 -14.520 -14.520
  -7.999 -14.562 -14.562
  -7.955 -14.373 -14.595
  -7.916 -14.511 -14.511
  -7.879 -14.551 -14.551
  -7.846 -14.738 -14.738
  -7.815 -14.678 -14.678
  -7.786 -14.374 -14.650
  -7.758 -14.640 -14.640
  -7.733 -14.431 -14.712
  -7.709 -14.770 -14.770
  -7.686 -14.603 -14.829
  -7.664 -14.518 -14.815
  -7.643 -14.699 -14.865
  -7.624 -14.702 -15.012
  -7.605 -14.680 -14.948
  -7.586 -14.986 -14.986
  -7.569 -14.908 -14.908
  -7.552 -15.164 -15.164
  -7.536 -14.812 -14.812
  -7.521 -15.130 -15.130
  -7.506 -15.348 -15.348
  -7.491 -14.658 -15.123
  -7.477 -15.168 -15.443
  -7.464 -15.210 -15.210
  -7.451 -14.861 -15.042
  -7.438 -14.938 -14.938
  -7.425 -15.604 -15.604
  -7.413 -15.266 -15.509
  -7.401 -14.360 -15.468
  -7.390 -15.668 -15.668
  -7.379 -15.677 -15.677
  -7.368 -14.928 -15.461
  -7.357 -15.194 -15.194
  -7.347 -15.001 -15.179
  -7.337 -15.297 -15.297
  -7.327 -15.690 -15.690
  -7.317 -15.680 -15.680
  -7.308 -14.350 -14.801
  -7.299 -15.228 -16.012
  -7.290 -15.579 -15.579
  -7.281 -15.685 -15.685
  -7.272 -15.432 -15.754
  -7.264 -15.569 -15.569
  -7.255 -15.720 -15.887
  -7.247 -15.607 -15.607
  -7.239 -15.406 -15.406
  -7.231 -15.186 -15.186
  -7.223 -15.486 -15.870
  -7.216 -15.969 -15.969
  -7.208 -15.398 -15.759
  -7.201 -15.522 -16.051
  -7.194 -15.295 -15.645
  -7.187 -15.493 -15.672
  -7.180 -15.622 -15.809
  -7.173 -15.924 -16.156
  -7.166 -15.938 -16.114
  -7.159 -15.303 -15.490
  -7.153 -15.317 -15.608
  -7.146 -16.059 -16.232
  -7.140 -16.001 -16.001
  -7.133 -15.585 -16.353
  -7.127 -15.879 -16.108
  -7.121 -16.069 -16.069
  -7.115 -15.598 -15.845
  -7.109 -15.114 -16.520
  -7.103 -15.779 -16.402
  -7.098 -15.742 -15.949
  -7.092 -14.728 -15.515
  -7.086 -15.537 -16.268
  -7.081 -15.657 -15.808
  -7.075 -14.211 -16.066
  -7.070 -15.758 -16.135
  -7.064 -15.581 -15.923
  -7.059 -15.884 -16.160
  -7.054 -15.653 -15.854
  -7.049 -15.591 -16.366
  -7.043 -15.831 -16.195
  -7.038 -15.743 -16.009
  -7.033 -15.877 -16.436
  -7.029 -15.915 -16.236
  -7.024 -15.959 -16.183
  -7.019 -15.820 -16.114
  -7.014 -15.349 -16.095
  -7.009 -16.056 -16.315
  -7.005 -15.886 -16.231
  -7.000 -14.692 -16.206
  -6.995 -15.428 -15.998
  -6.991 -14.802 -16.155
  -6.986 -15.727 -15.956
  -6.982 -16.267 -16.634
  -6.978 -15.675 -16.252
  -6.973 -16.432 -16.787
  -6.969 -14.896 -16.524
  -6.965 -15.972 -16.148
  -6.961 -16.201 -16.201
  -6.956 -16.492 -16.492
  -6.952 -16.570 -22.858
  -6.948 -15.045 -15.887
  -6.944 -16.741 -16.965
  -6.940 -22.176 -22.176
  -6.936 -16.068 -16.068
  -6.932 -16.810 -17.012
  -6.928 -15.242 -16.836
  -6.924 -17.225 -49.500
  -6.920 -15.877 -16.226
  -6.917 -15.053 -15.866
  -6.913 -16.837 -49.500
  -6.909 -16.427 -16.789
  -6.905 -16.527 -16.786
  -6.902 -15.822 -16.917
  -6.898 -16.978 -17.325
  -6.894 -16.337 -16.337
  -6.891 -16.646 -16.981
  -6.887 -15.881 -16.167
  -6.884 -16.532 -49.500
  -6.880 -16.126 -16.355
  -6.877 -16.801 -49.500
  -6.873 -16.010 -16.834
  -6.870 -16.991 -17.144
  -6.867 -16.186 -49.500
  -6.863 -16.403 -16.857
  -6.860 -16.299 -16.552
  -6.857 -16.896 -49.500
  -6.853 -15.601 -49.500
  -6.850 -16.304 -49.500
  -6.847 -49.500     NaN
  -6.844 -16.744 -17.111
  -6.840 -15.963 -16.240
  -6.837 -49.500     NaN
  -6.834 -15.217 -16.274
  -6.831 -15.563 -16.326
  -6.828 -17.161 -49.500
  -6.825 -49.500 -49.500
  -6.822 -15.569 -16.806
  -6.819 -16.755 -17.175
  -6.816 -16.197 -16.518
  -6.813 -17.122 -49.500
  -6.810 -16.197 -16.853
  -6.807 -15.894 -16.053
  -6.804 -16.270 -16.489
  -6.801 -49.500     NaN
  -6.798 -14.550 -15.546
  -6.795 -49.500     NaN
  -6.792 -16.597 -49.500
  -6.789 -16.012 -16.676
  -6.787 -16.326 -49.500
  -6.784 -16.705 -16.897
  -6.781 -49.500     NaN
  -6.778 -16.523 -16.744
  -6.775 -49.500     NaN
  -6.773 -49.500     NaN
  -6.770 -49.500     NaN
  -6.767 -16.695 -49.500
  -6.765 -15.917 -16.403
  -6.762 -49.500 -49.500
  -6.759 -15.487 -49.500
  -6.757 -15.858 -16.869
  -6.754 -49.500     NaN
  -6.751 -49.500     NaN
  -6.749 -15.460 -15.460
  -6.746 -49.500     NaN
  -6.744 -49.500     NaN
  -6.741 -15.534 -16.357
  -6.739 -49.500     NaN
  -6.736 -16.813 -49.500
  -6.734 -49.500     NaN
  -6.731 -16.592 -49.500
  -6.729 -49.500 -49.500
  -6.726 -16.583 -49.500
  -6.724 -49.500     NaN
  -6.721 -49.500     NaN
  -6.719 -16.320 -16.568
  -6.717 -49.500     NaN
  -6.714 -49.500     NaN
  -6.712 -16.883 -16.883
  -6.709 -49.500 -49.500
  -6.707 -15.747 -16.073
  -6.705 -49.500 -49.500
  -6.702 -49.500     NaN
  -6.700 -15.738 -15.738
  -6.698 -17.061 -17.061
  -6.696 -16.405 -16.405
  -6.693 -49.500     NaN
  -6.691 -16.489 -49.500
  -6.689 -49.500 -49.500
  -6.687 -49.500     NaN
  -6.684 -49.500 -49.500
  -6.682 -49.500 -49.500
  -6.680 -16.195 -16.195
  -6.678 -49.500     NaN
  -6.675 -49.500 -49.500
  -6.673 -16.538 -16.538
  -6.671 -49.500 -49.500
  -6.669 -49.500     NaN
  -6.667 -15.831 -49.500
  -6.665 -49.500 -49.500
  -6.663 -49.500     NaN
  -6.661 -49.500 -49.500
  -6.658 -49.500 -49.500
  -6.656 -16.267 -16.267
  -6.654 -49.500     NaN
  -6.652 -16.598 -16.598
  -6.650 -49.500 -49.500
  -6.648 -49.500 -49.500
  -6.646 -16.033 -49.500
  -6.644 -16.887 -49.500
  -6.642 -49.500     NaN
  -6.640 -15.917 -49.500
  -6.638 -49.500 -49.500
  -6.636 -49.500 -49.500
  -6.634 -49.500 -49.500
  -6.632 -49.500 -49.500
  -6.630 -49.500 -49.500
  -6.628 -49.500 -49.500
  -6.626 -49.500 -49.500
  -6.624 -49.500 -49.500
  -6.622 -49.500 -49.500
  -6.620 -49.500     NaN
  -6.618 -49.500 -49.500
  -6.617 -49.500 -49.500
  -6.615 -16.363 -16.363
  -6.613 -49.500 -49.500
  -6.611 -49.500 -49.500
  -6.609 -49.500 -49.500
  -6.607 -49.500 -49.500
  -6.605 -49.500 -49.500
  -6.603 -49.500 -49.500
  -6.602 -49.500 -49.500
  -6.600 -49.500 -49.500
  -6.598 -49.500 -49.500
  -6.596 -49.500 -49.500
  -6.594 -49.500 -49.500
