  -8.861 -13.945 -13.945
  -8.599 -14.052 -14.052
  -8.442 -14.177 -14.177
  -8.329 -14.182 -14.182
  -8.239 -14.284 -14.284
  -8.166 -14.313 -14.313
  -8.103 -14.375 -14.375
  -8.048 -14.453 -14.453
  -7.999 -14.489 -14.489
  -7.955 -14.679 -14.679
  -7.916 -14.465 -14.621
  -7.879 -14.622 -14.622
  -7.846 -14.713 -14.713
  -7.815 -14.639 -14.639
  -7.786 -14.622 -14.622
  -7.758 -14.636 -14.636
  -7.733 -14.568 -14.807
  -7.709 -14.902 -14.902
  -7.686 -14.843 -14.843
  -7.664 -15.084 -15.084
  -7.643 -15.180 -15.180
  -7.624 -15.025 -15.025
  -7.605 -15.065 -15.065
  -7.586 -14.902 -15.230
  -7.569 -14.469 -15.033
  -7.552 -14.286 -15.088
  -7.536 -15.152 -15.152
  -7.521 -14.686 -14.997
  -7.506 -14.794 -15.015
  -7.491 -15.078 -15.078
  -7.477 -15.471 -15.471
  -7.464 -15.089 -15.253
  -7.451 -15.090 -15.090
  -7.438 -15.324 -15.324
  -7.425 -15.295 -15.295
  -7.413 -15.129 -15.393
  -7.401 -15.571 -15.571
  -7.390 -15.496 -15.647
  -7.379 -15.248 -15.607
  -7.368 -15.656 -15.656
  -7.357 -15.280 -15.557
  -7.347 -15.428 -15.428
  -7.337 -15.560 -15.560
  -7.327 -15.565 -15.565
  -7.317 -14.915 -15.080
  -7.308 -15.785 -15.785
  -7.299 -15.406 -15.766
  -7.290 -15.309 -15.309
  -7.281 -15.637 -15.885
  -7.272 -15.311 -15.311
  -7.264 -15.678 -15.930
  -7.255 -15.677 -15.844
  -7.247 -15.690 -15.690
  -7.239 -15.812 -15.812
  -7.231 -15.561 -15.830
  -7.223 -15.222 -15.405
  -7.216 -15.480 -15.786
  -7.208 -15.751 -15.946
  -7.201 -15.835 -16.003
  -7.194 -15.993 -15.993
  -7.187 -15.860 -16.035
  -7.180 -15.538 -15.538
  -7.173 -15.215 -15.604
  -7.166 -15.277 -15.679
  -7.159 -15.791 -16.005
  -7.153 -15.875 -16.084
  -7.146 -15.815 -16.144
  -7.140 -16.030 -16.030
  -7.133 -15.674 -16.164
  -7.127 -15.640 -15.814
  -7.121 -15.784 -16.130
  -7.115 -15.533 -15.933
  -7.109 -16.016 -16.197
  -7.103 -15.821 -16.026
  -7.098 -16.079 -16.463
  -7.092 -16.126 -16.336
  -7.086 -16.230 -16.230
  -7.081 -15.667 -16.288
  -7.075 -16.179 -16.179
  -7.070 -16.091 -16.285
  -7.064 -15.511 -15.662
  -7.059 -15.548 -16.307
  -7.054 -15.180 -15.878
  -7.049 -15.739 -15.739
  -7.043 -15.769 -16.383
  -7.038 -15.845 -16.269
  -7.033 -15.680 -16.114
  -7.029 -15.296 -16.796
  -7.024 -16.540 -16.851
  -7.019 -15.786 -16.301
  -7.014 -15.505 -15.861
  -7.009 -15.597 -15.597
  -7.005 -16.634 -16.634
  -7.000 -16.435 -16.623
  -6.995 -15.949 -16.479
  -6.991 -15.941 -16.221
  -6.986 -15.713 -15.996
  -6.982 -16.207 -16.207
  -6.978 -16.319 -16.319
  -6.973 -15.819 -16.229
  -6.969 -15.960 -16.398
  -6.965 -22.658 -22.658
  -6.961 -15.946 -16.110
  -6.956 -16.612 -16.778
  -6.952 -16.833 -16.833
  -6.948 -15.809 -16.035
  -6.944 -16.014 -16.252
  -6.940 -16.329 -16.329
  -6.936 -15.699 -16.307
  -6.932 -16.206 -16.426
  -6.928 -23.112 -23.112
  -6.924 -17.325 -21.548
  -6.920 -16.188 -16.683
  -6.917 -15.561 -17.025
  -6.913 -16.944 -17.151
  -6.909 -16.405 -16.621
  -6.905 -16.069 -16.897
  -6.902 -17.119 -49.500
  -6.898 -16.103 -16.103
  -6.894 -16.983 -17.167
  -6.891 -14.985 -16.755
  -6.887 -15.306 -16.224
  -6.884 -16.623 -16.874
  -6.880 -16.566 -16.918
  -6.877 -17.116 -49.500
  -6.873 -49.500     NaN
  -6.870 -49.500     NaN
  -6.867 -17.311 -49.500
  -6.863 -16.017 -16.621
  -6.860 -16.324 -16.324
  -6.857 -15.632 -16.866
  -6.853 -16.266 -16.683
  -6.850 -16.089 -49.500
  -6.847 -16.486 -16.719
  -6.844 -17.138 -49.500
  -6.840 -16.640 -49.500
  -6.837 -16.776 -49.500
  -6.834 -14.800 -49.500
  -6.831 -49.500     NaN
  -6.828 -16.062 -16.606
  -6.825 -15.934 -16.655
  -6.822 -49.500     NaN
  -6.819 -15.806 -16.084
  -6.816 -17.272 -49.500
  -6.813 -49.500     NaN
  -6.810 -16.743 -49.500
  -6.807 -16.127 -16.583
  -6.804 -16.127 -49.500
  -6.801 -14.864 -16.193
  -6.798 -49.500     NaN
  -6.795 -16.941 -49.500
  -6.792 -49.500 -49.500
  -6.789 -16.007 -16.407
  -6.787 -15.752 -15.993
  -6.784 -16.326 -16.915
  -6.781 -15.515 -16.592
  -6.778 -16.442 -16.598
  -6.775 -49.500     NaN
  -6.773 -14.678 -16.193
  -6.770 -15.011 -15.011
  -6.767 -17.058 -49.500
  -6.765 -16.653 -49.500
  -6.762 -16.279 -49.500
  -6.759 -49.500 -49.500
  -6.757 -14.782 -14.782
  -6.754 -16.857 -49.500
  -6.751 -49.500     NaN
  -6.749 -16.933 -49.500
  -6.746 -49.500     NaN
  -6.744 -16.067 -49.500
  -6.741 -49.500 -49.500
  -6.739 -49.500 -49.500
  -6.736 -16.436 -16.436
  -6.734 -15.960 -49.500
  -6.731 -16.629 -49.500
  -6.729 -16.615 -49.500
  -6.726 -49.500 -49.500
  -6.724 -49.500 -49.500
  -6.721 -49.500 -49.500
  -6.719 -49.500     NaN
  -6.717 -49.500     NaN
  -6.714 -15.897 -49.500
  -6.712 -16.297 -49.500
  -6.709 -49.500 -49.500
  -6.707 -16.965 -49.500
  -6.705 -49.500 -49.500
  -6.702 -16.468 -16.966
  -6.700 -49.500     NaN
  -6.698 -49.500 -49.500
  -6.696 -16.397 -49.500
  -6.693 -49.500 -49.500
  -6.691 -49.500 -49.500
  -6.689 -49.500 -49.500
  -6.687 -49.500     NaN
  -6.684 -49.500     NaN
  -6.682 -15.603 -49.500
  -6.680 -49.500 -49.500
  -6.678 -49.500 -49.500
  -6.675 -49.500 -49.500
  -6.673 -16.654 -49.500
  -6.671 -49.500 -49.500
  -6.669 -49.500 -49.500
  -6.667 -49.500 -49.500
  -6.665 -49.500 -49.500
  -6.663 -16.398 -16.796
  -6.661 -49.500 -49.500
  -6.658 -49.500 -49.500
  -6.656 -16.681 -49.500
  -6.654 -16.515 -16.753
  -6.652 -49.500 -49.500
  -6.650 -49.500 -49.500
  -6.648 -16.644 -49.500
  -6.646 -49.500 -49.500
  -6.644 -16.756 -16.756
  -6.642 -49.500 -49.500
  -6.640 -49.500 -49.500
  -6.638 -49.500 -49.500
  -6.636 -49.500 -49.500
  -6.634 -49.500 -49.500
  -6.632 -15.987 -15.987
  -6.630 -49.500 -49.500
  -6.628 -16.852 -49.500
  -6.626 -49.500 -49.500
  -6.624 -15.289 -15.843
  -6.622 -49.500 -49.500
  -6.620 -49.500     NaN
  -6.618 -49.500 -49.500
  -6.617 -49.500     NaN
  -6.615 -49.500 -49.500
  -6.613 -49.500 -49.500
  -6.611 -49.500 -49.500
  -6.609 -16.598 -49.500
  -6.607 -49.500 -49.500
  -6.605 -49.500     NaN
  -6.603 -49.500 -49.500
  -6.602 -49.500 -49.500
  -6.600 -49.500 -49.500
  -6.598 -49.500 -49.500
  -6.596 -49.500 -49.500
  -6.594 -16.403 -16.605
