  -8.861 -13.910 -13.910
  -8.599 -14.023 -14.023
  -8.442 -14.165 -14.165
  -8.329 -14.187 -14.187
  -8.239 -14.326 -14.326
  -8.166 -14.219 -14.219
  -8.103 -14.394 -14.394
  -8.048 -14.493 -14.493
  -7.999 -14.409 -14.409
  -7.955 -14.527 -14.527
  -7.916 -14.609 -14.609
  -7.879 -14.115 -14.654
  -7.846 -14.785 -14.785
  -7.815 -14.596 -14.596
  -7.786 -14.558 -14.558
  -7.758 -14.874 -14.874
  -7.733 -14.718 -14.718
  -7.709 -14.304 -14.836
  -7.686 -14.383 -14.589
  -7.664 -14.708 -14.708
  -7.643 -14.948 -14.948
  -7.624 -14.655 -14.655
  -7.605 -15.143 -15.143
  -7.586 -15.080 -15.080
  -7.569 -15.093 -15.413
  -7.552 -14.763 -14.763
  -7.536 -14.687 -15.055
  -7.521 -13.964 -14.888
  -7.506 -15.146 -15.146
  -7.491 -15.363 -15.363
  -7.477 -13.945 -14.704
  -7.464 -14.548 -15.008
  -7.451 -14.979 -15.140
  -7.438 -14.790 -14.790
  -7.425 -15.218 -15.218
  -7.413 -15.443 -15.443
  -7.401 -15.270 -15.517
  -7.390 -15.396 -15.396
  -7.379 -15.213 -15.517
  -7.368 -15.099 -15.099
  -7.357 -15.328 -15.563
  -7.347 -15.419 -15.419
  -7.337 -14.490 -15.418
  -7.327 -15.258 -15.621
  -7.317 -15.058 -15.406
  -7.308 -15.693 -15.693
  -7.299 -15.267 -15.739
  -7.290 -15.422 -15.787
  -7.281 -15.448 -15.696
  -7.272 -15.361 -15.361
  -7.264 -15.551 -15.737
  -7.255 -15.753 -15.753
  -7.247 -15.627 -15.627
  -7.239 -15.318 -15.318
  -7.231 -15.779 -15.779
  -7.223 -15.476 -15.645
  -7.216 -15.366 -15.613
  -7.208 -15.642 -15.642
  -7.201 -15.861 -16.014
  -7.194 -16.035 -16.035
  -7.187 -15.623 -15.958
  -7.180 -15.633 -15.633
  -7.173 -15.593 -15.593
  -7.166 -15.784 -15.968
  -7.159 -15.288 -15.667
  -7.153 -15.945 -15.945
  -7.146 -14.959 -15.987
  -7.140 -14.880 -15.073
  -7.133 -15.221 -15.517
  -7.127 -16.165 -16.165
  -7.121 -14.899 -15.309
  -7.115 -16.152 -16.467
  -7.109 -15.166 -15.764
  -7.103 -15.666 -15.932
  -7.098 -15.594 -16.289
  -7.092 -16.120 -16.279
  -7.086 -16.092 -16.344
  -7.081 -15.325 -15.325
  -7.075 -16.045 -16.045
  -7.070 -15.947 -16.279
  -7.064 -15.889 -15.889
  -7.059 -16.088 -16.418
  -7.054 -15.894 -16.093
  -7.049 -16.136 -16.136
  -7.043 -15.501 -16.145
  -7.038 -15.839 -15.839
  -7.033 -16.156 -16.476
  -7.029 -16.754 -16.969
  -7.024 -16.562 -16.562
  -7.019 -16.273 -16.733
  -7.014 -15.626 -15.816
  -7.009 -15.202 -16.213
  -7.005 -15.470 -16.011
  -7.000 -15.985 -16.401
  -6.995 -15.937 -16.132
  -6.991 -15.749 -16.659
  -6.986 -16.571 -17.161
  -6.982 -15.897 -16.223
  -6.978 -16.058 -16.058
  -6.973 -17.163 -17.457
  -6.969 -16.306 -16.494
  -6.965 -16.183 -16.617
  -6.961 -16.163 -16.163
  -6.956 -16.384 -17.142
  -6.952 -15.487 -16.248
  -6.948 -15.485 -16.732
  -6.944 -15.415 -16.145
  -6.940 -16.128 -16.391
  -6.936 -16.621 -49.500
  -6.932 -15.992 -15.992
  -6.928 -49.500     NaN
  -6.924 -16.212 -16.212
  -6.920 -49.500     NaN
  -6.917 -16.584 -16.811
  -6.913 -16.308 -16.883
  -6.909 -15.255 -16.534
  -6.905 -14.913 -15.996
  -6.902 -16.972 -21.676
  -6.898 -15.961 -16.698
  -6.894 -16.686 -16.850
  -6.891 -22.610 -22.610
  -6.887 -15.866 -16.297
  -6.884 -16.545 -16.545
  -6.880 -15.897 -16.529
  -6.877 -17.045 -49.500
  -6.873 -16.542 -16.746
  -6.870 -15.887 -16.338
  -6.867 -49.500     NaN
  -6.863 -49.500     NaN
  -6.860 -16.677 -17.038
  -6.857 -15.812 -16.353
  -6.853 -15.459 -16.060
  -6.850 -16.024 -16.827
  -6.847 -16.708 -17.054
  -6.844 -16.925 -49.500
  -6.840 -49.500     NaN
  -6.837 -16.534 -16.780
  -6.834 -16.478 -49.500
  -6.831 -15.096 -15.373
  -6.828 -49.500     NaN
  -6.825 -15.621 -15.869
  -6.822 -49.500     NaN
  -6.819 -16.085 -49.500
  -6.816 -16.276 -17.336
  -6.813 -16.832 -49.500
  -6.810 -49.500     NaN
  -6.807 -16.120 -16.120
  -6.804 -16.372 -16.715
  -6.801 -49.500     NaN
  -6.798 -16.820 -49.500
  -6.795 -16.552 -16.974
  -6.792 -15.813 -49.500
  -6.789 -15.998 -16.513
  -6.787 -16.705 -49.500
  -6.784 -16.381 -16.703
  -6.781 -16.427 -49.500
  -6.778 -49.500 -49.500
  -6.775 -49.500     NaN
  -6.773 -49.500     NaN
  -6.770 -16.785 -49.500
  -6.767 -16.330 -16.775
  -6.765 -49.500 -49.500
  -6.762 -49.500     NaN
  -6.759 -16.597 -49.500
  -6.757 -16.362 -49.500
  -6.754 -16.101 -49.500
  -6.751 -49.500 -49.500
  -6.749 -16.945 -49.500
  -6.746 -49.500 -49.500
  -6.744 -49.500     NaN
  -6.741 -16.287 -16.488
  -6.739 -16.703 -49.500
  -6.736 -49.500     NaN
  -6.734 -49.500     NaN
  -6.731 -49.500     NaN
  -6.729 -16.585 -16.585
  -6.726 -16.078 -16.078
  -6.724 -49.500 -49.500
  -6.721 -15.875 -49.500
  -6.719 -16.858 -49.500
  -6.717 -49.500     NaN
  -6.714 -16.257 -16.257
  -6.712 -49.500     NaN
  -6.709 -49.500     NaN
  -6.707 -16.737 -49.500
  -6.705 -49.500 -49.500
  -6.702 -49.500     NaN
  -6.700 -49.500     NaN
  -6.698 -16.159 -49.500
  -6.696 -49.500 -49.500
  -6.693 -49.500 -49.500
  -6.691 -49.500     NaN
  -6.689 -17.053 -49.500
  -6.687 -49.500 -49.500
  -6.684 -16.442 -16.726
  -6.682 -49.500     NaN
  -6.680 -49.500     NaN
  -6.678 -16.756 -49.500
  -6.675 -16.565 -16.565
  -6.673 -49.500 -49.500
  -6.671 -49.500     NaN
  -6.669 -49.500     NaN
  -6.667 -49.500 -49.500
  -6.665 -17.124 -17.124
  -6.663 -49.500 -49.500
  -6.661 -16.176 -49.500
  -6.658 -49.500     NaN
  -6.656 -49.500 -49.500
  -6.654 -49.500 -49.500
  -6.652 -15.854 -15.854
  -6.650 -49.500     NaN
  -6.648 -49.500 -49.500
  -6.646 -16.441 -16.441
  -6.644 -15.546 -49.500
  -6.642 -49.500 -49.500
  -6.640 -49.500 -49.500
  -6.638 -16.619 -16.619
  -6.636 -49.500     NaN
  -6.634 -49.500 -49.500
  -6.632 -16.565 -16.565
  -6.630 -16.163 -49.500
  -6.628 -49.500 -49.500
  -6.626 -49.500 -49.500
  -6.624 -16.495 -16.495
  -6.622 -49.500 -49.500
  -6.620 -49.500 -49.500
  -6.618 -49.500     NaN
  -6.617 -49.500 -49.500
  -6.615 -49.500 -49.500
  -6.613 -49.500 -49.500
  -6.611 -49.500 -49.500
  -6.609 -49.500 -49.500
  -6.607 -49.500 -49.500
  -6.605 -16.678 -16.678
  -6.603 -15.614 -49.500
  -6.602 -49.500 -49.500
  -6.600 -15.417 -15.417
  -6.598 -49.500 -49.500
  -6.596 -16.415 -16.415
  -6.594 -49.500 -49.500
