  -8.861 -13.899 -13.899
  -8.599 -14.050 -14.050
  -8.442 -14.165 -14.165
  -8.329 -14.196 -14.196
  -8.239 -14.228 -14.228
  -8.166 -14.422 -14.422
  -8.103 -14.377 -14.377
  -8.048 -14.499 -14.499
  -7.999 -14.524 -14.524
  -7.955 -14.546 -14.546
  -7.916 -14.606 -14.606
  -7.879 -14.699 -14.699
  -7.846 -14.687 -14.687
  -7.815 -14.764 -14.764
  -7.786 -14.368 -14.598
  -7.758 -14.788 -14.788
  -7.733 -14.602 -14.602
  -7.709 -14.645 -14.840
  -7.686 -14.513 -14.892
  -7.664 -14.931 -14.931
  -7.643 -14.645 -14.645
  -7.624 -13.963 -14.736
  -7.605 -14.711 -14.711
  -7.586 -14.740 -14.740
  -7.569 -15.086 -15.086
  -7.552 -14.361 -14.943
  -7.536 -14.467 -15.105
  -7.521 -15.221 -15.221
  -7.506 -15.015 -15.177
  -7.491 -15.012 -15.012
  -7.477 -15.025 -15.216
  -7.464 -15.271 -15.271
  -7.451 -14.746 -15.031
  -7.438 -15.234 -15.234
  -7.425 -15.338 -15.338
  -7.413 -14.857 -15.182
  -7.401 -15.399 -15.399
  -7.390 -15.109 -15.109
  -7.379 -15.500 -15.500
  -7.368 -14.779 -15.073
  -7.357 -15.433 -15.599
  -7.347 -15.484 -15.484
  -7.337 -15.270 -15.648
  -7.327 -14.795 -14.795
  -7.317 -15.057 -15.377
  -7.308 -15.352 -15.548
  -7.299 -15.086 -15.492
  -7.290 -15.427 -15.608
  -7.281 -15.318 -15.481
  -7.272 -15.835 -15.835
  -7.264 -15.258 -15.258
  -7.255 -15.880 -15.880
  -7.247 -16.116 -16.116
  -7.239 -15.606 -15.606
  -7.231 -15.601 -15.806
  -7.223 -15.045 -15.593
  -7.216 -15.833 -15.833
  -7.208 -15.594 -15.898
  -7.201 -16.044 -16.044
  -7.194 -15.564 -15.564
  -7.187 -15.691 -15.691
  -7.180 -15.866 -16.104
  -7.173 -15.940 -15.940
  -7.166 -14.996 -15.490
  -7.159 -14.583 -15.430
  -7.153 -16.007 -16.007
  -7.146 -15.536 -15.710
  -7.140 -15.362 -15.567
  -7.133 -15.528 -15.855
  -7.127 -15.757 -15.757
  -7.121 -15.687 -15.923
  -7.115 -16.139 -16.139
  -7.109 -15.958 -16.226
  -7.103 -15.603 -15.877
  -7.098 -16.108 -16.108
  -7.092 -15.200 -15.472
  -7.086 -16.154 -16.397
  -7.081 -15.703 -16.092
  -7.075 -15.476 -16.215
  -7.070 -16.151 -16.487
  -7.064 -15.499 -16.153
  -7.059 -16.127 -16.432
  -7.054 -15.564 -16.218
  -7.049 -15.128 -15.451
  -7.043 -15.560 -16.307
  -7.038 -15.574 -15.775
  -7.033 -16.135 -16.397
  -7.029 -16.484 -16.671
  -7.024 -15.988 -16.423
  -7.019 -15.317 -16.387
  -7.014 -16.134 -16.134
  -7.009 -15.743 -16.018
  -7.005 -16.308 -16.308
  -7.000 -15.787 -15.993
  -6.995 -16.265 -16.265
  -6.991 -15.566 -16.286
  -6.986 -16.106 -16.106
  -6.982 -16.402 -16.402
  -6.978 -16.066 -16.324
  -6.973 -16.459 -16.459
  -6.969 -16.613 -16.816
  -6.965 -16.020 -16.254
  -6.961 -15.691 -16.227
  -6.956 -16.197 -16.358
  -6.952 -16.651 -17.037
  -6.948 -16.305 -16.464
  -6.944 -17.110 -49.500
  -6.940 -15.995 -17.100
  -6.936 -14.618 -16.416
  -6.932 -16.487 -17.118
  -6.928 -22.517 -22.517
  -6.924 -16.303 -16.867
  -6.920 -15.151 -16.799
  -6.917 -16.339 -16.761
  -6.913 -15.873 -17.034
  -6.909 -16.663 -17.188
  -6.905 -16.791 -17.260
  -6.902 -16.095 -16.510
  -6.898 -16.100 -16.294
  -6.894 -16.698 -21.809
  -6.891 -16.431 -16.662
  -6.887 -49.500     NaN
  -6.884 -15.952 -16.190
  -6.880 -16.593 -49.500
  -6.877 -15.745 -16.316
  -6.873 -16.854 -49.500
  -6.870 -16.649 -16.811
  -6.867 -16.431 -49.500
  -6.863 -15.664 -15.989
  -6.860 -16.155 -16.463
  -6.857 -16.327 -16.929
  -6.853 -16.341 -49.500
  -6.850 -16.352 -16.761
  -6.847 -16.214 -16.547
  -6.844 -16.225 -16.225
  -6.840 -49.500 -49.500
  -6.837 -16.026 -16.210
  -6.834 -16.578 -16.939
  -6.831 -16.631 -16.858
  -6.828 -16.733 -17.067
  -6.825 -49.500     NaN
  -6.822 -49.500     NaN
  -6.819 -17.031 -49.500
  -6.816 -15.134 -15.662
  -6.813 -49.500     NaN
  -6.810 -16.975 -16.975
  -6.807 -49.500     NaN
  -6.804 -16.733 -17.084
  -6.801 -17.139 -49.500
  -6.798 -16.157 -49.500
  -6.795 -49.500     NaN
  -6.792 -15.877 -16.303
  -6.789 -49.500     NaN
  -6.787 -16.147 -16.364
  -6.784 -49.500     NaN
  -6.781 -16.192 -49.500
  -6.778 -49.500     NaN
  -6.775 -16.206 -49.500
  -6.773 -16.789 -49.500
  -6.770 -15.127 -16.483
  -6.767 -16.406 -16.591
  -6.765 -16.349 -16.527
  -6.762 -16.449 -49.500
  -6.759 -49.500     NaN
  -6.757 -16.076 -49.500
  -6.754 -49.500     NaN
  -6.751 -16.275 -16.491
  -6.749 -49.500 -49.500
  -6.746 -16.512 -49.500
  -6.744 -49.500     NaN
  -6.741 -49.500     NaN
  -6.739 -49.500 -49.500
  -6.736 -16.737 -49.500
  -6.734 -16.936 -16.936
  -6.731 -16.218 -49.500
  -6.729 -49.500 -49.500
  -6.726 -17.171 -49.500
  -6.724 -49.500     NaN
  -6.721 -15.873 -16.200
  -6.719 -16.470 -49.500
  -6.717 -49.500     NaN
  -6.714 -49.500     NaN
  -6.712 -49.500 -49.500
  -6.709 -49.500 -49.500
  -6.707 -49.500 -49.500
  -6.705 -49.500 -49.500
  -6.702 -49.500 -49.500
  -6.700 -49.500     NaN
  -6.698 -16.121 -49.500
  -6.696 -49.500 -49.500
  -6.693 -49.500     NaN
  -6.691 -49.500 -49.500
  -6.689 -49.500 -49.500
  -6.687 -16.436 -49.500
  -6.684 -49.500 -49.500
  -6.682 -17.064 -17.064
  -6.680 -49.500 -49.500
  -6.678 -49.500     NaN
  -6.675 -16.586 -16.897
  -6.673 -49.500     NaN
  -6.671 -16.525 -16.747
  -6.669 -16.549 -16.998
  -6.667 -16.084 -49.500
  -6.665 -16.231 -16.389
  -6.663 -49.500 -49.500
  -6.661 -16.924 -16.924
  -6.658 -49.500 -49.500
  -6.656 -49.500 -49.500
  -6.654 -17.094 -17.094
  -6.652 -49.500 -49.500
  -6.650 -15.955 -15.955
  -6.648 -16.938 -16.938
  -6.646 -49.500 -49.500
  -6.644 -49.500 -49.500
  -6.642 -49.500 -49.500
  -6.640 -16.069 -49.500
  -6.638 -49.500 -49.500
  -6.636 -49.500 -49.500
  -6.634 -16.124 -16.124
  -6.632 -49.500 -49.500
  -6.630 -49.500 -49.500
  -6.628 -16.905 -16.905
  -6.626 -16.268 -49.500
  -6.624 -49.500 -49.500
  -6.622 -49.500 -49.500
  -6.620 -16.333 -16.333
  -6.618 -49.500 -49.500
  -6.617 -16.006 -49.500
  -6.615 -16.185 -16.185
  -6.613 -49.500 -49.500
  -6.611 -49.500 -49.500
  -6.609 -49.500 -49.500
  -6.607 -49.500 -49.500
  -6.605 -49.500 -49.500
  -6.603 -49.500     NaN
  -6.602 -49.500     NaN
  -6.600 -49.500 -49.500
  -6.598 -49.500 -49.500
  -6.596 -49.500 -49.500
  -6.594 -49.500 -49.500
