  -8.861 -13.931 -13.931
  -8.599 -14.019 -14.019
  -8.442 -14.091 -14.091
  -8.329 -14.217 -14.217
  -8.239 -14.253 -14.253
  -8.166 -14.407 -14.407
  -8.103 -14.487 -14.487
  -8.048 -14.494 -14.494
  -7.999 -14.486 -14.486
  -7.955 -14.500 -14.500
  -7.916 -14.535 -14.535
  -7.879 -13.854 -14.515
  -7.846 -14.583 -14.583
  -7.815 -14.717 -14.717
  -7.786 -14.383 -14.817
  -7.758 -14.646 -14.646
  -7.733 -14.933 -14.933
  -7.709 -14.687 -14.687
  -7.686 -14.790 -14.977
  -7.664 -14.823 -14.823
  -7.643 -14.964 -14.964
  -7.624 -15.002 -15.002
  -7.605 -15.048 -15.048
  -7.586 -14.942 -14.942
  -7.569 -14.991 -14.991
  -7.552 -15.146 -15.146
  -7.536 -14.943 -15.235
  -7.521 -15.157 -15.157
  -7.506 -14.786 -14.786
  -7.491 -15.192 -15.451
  -7.477 -15.055 -15.397
  -7.464 -14.882 -15.295
  -7.451 -15.004 -15.276
  -7.438 -15.450 -15.450
  -7.425 -14.819 -15.007
  -7.413 -15.528 -15.528
  -7.401 -15.485 -15.485
  -7.390 -15.494 -15.494
  -7.379 -15.367 -15.560
  -7.368 -15.563 -15.563
  -7.357 -15.288 -15.288
  -7.347 -14.979 -15.183
  -7.337 -15.757 -15.757
  -7.327 -15.186 -15.603
  -7.317 -15.353 -15.353
  -7.308 -15.459 -15.841
  -7.299 -15.319 -15.476
  -7.290 -15.341 -15.739
  -7.281 -15.755 -15.755
  -7.272 -15.270 -15.566
  -7.264 -14.789 -15.864
  -7.255 -15.660 -15.660
  -7.247 -14.523 -15.621
  -7.239 -15.478 -15.724
  -7.231 -15.537 -15.737
  -7.223 -15.486 -15.639
  -7.216 -15.410 -15.853
  -7.208 -15.954 -15.954
  -7.201 -15.323 -15.585
  -7.194 -15.802 -15.802
  -7.187 -15.692 -16.005
  -7.180 -15.614 -15.803
  -7.173 -15.663 -15.663
  -7.166 -15.248 -15.420
  -7.159 -15.933 -15.933
  -7.153 -15.250 -16.236
  -7.146 -15.031 -15.816
  -7.140 -15.660 -15.827
  -7.133 -16.058 -16.058
  -7.127 -15.440 -15.440
  -7.121 -16.119 -16.119
  -7.115 -16.225 -16.225
  -7.109 -15.635 -16.036
  -7.103 -15.993 -15.993
  -7.098 -16.337 -16.337
  -7.092 -15.642 -15.843
  -7.086 -15.352 -16.015
  -7.081 -15.676 -15.676
  -7.075 -15.900 -16.096
  -7.070 -15.930 -16.126
  -7.064 -15.242 -16.361
  -7.059 -16.198 -16.473
  -7.054 -16.048 -16.241
  -7.049 -16.121 -16.274
  -7.043 -16.420 -16.420
  -7.038 -16.003 -16.003
  -7.033 -15.851 -16.137
  -7.029 -16.797 -16.968
  -7.024 -15.986 -16.514
  -7.019 -15.767 -16.075
  -7.014 -15.997 -16.179
  -7.009 -15.741 -16.543
  -7.005 -16.080 -16.396
  -7.000 -15.650 -15.849
  -6.995 -16.093 -16.439
  -6.991 -15.689 -16.252
  -6.986 -16.096 -16.663
  -6.982 -15.990 -16.643
  -6.978 -16.293 -16.611
  -6.973 -15.429 -16.048
  -6.969 -15.569 -16.249
  -6.965 -15.931 -16.361
  -6.961 -16.327 -16.327
  -6.956 -14.593 -16.064
  -6.952 -14.780 -16.177
  -6.948 -15.109 -16.163
  -6.944 -16.435 -16.675
  -6.940 -15.780 -16.190
  -6.936 -15.446 -16.193
  -6.932 -49.500     NaN
  -6.928 -16.000 -16.446
  -6.924 -15.744 -16.070
  -6.920 -15.758 -16.463
  -6.917 -16.803 -17.057
  -6.913 -15.259 -15.605
  -6.909 -16.502 -16.730
  -6.905 -16.601 -16.601
  -6.902 -22.788 -22.788
  -6.898 -49.500     NaN
  -6.894 -16.721 -22.631
  -6.891 -16.636 -49.500
  -6.887 -22.990 -22.990
  -6.884 -16.150 -16.704
  -6.880 -16.250 -16.466
  -6.877 -14.994 -16.929
  -6.873 -16.839 -17.048
  -6.870 -49.500     NaN
  -6.867 -15.802 -16.149
  -6.863 -49.500     NaN
  -6.860 -16.184 -16.357
  -6.857 -49.500     NaN
  -6.853 -16.474 -16.474
  -6.850 -15.854 -16.194
  -6.847 -16.681 -49.500
  -6.844 -16.049 -16.049
  -6.840 -16.971 -49.500
  -6.837 -49.500     NaN
  -6.834 -16.282 -16.713
  -6.831 -16.894 -49.500
  -6.828 -49.500 -49.500
  -6.825 -16.671 -49.500
  -6.822 -16.417 -16.780
  -6.819 -16.658 -16.915
  -6.816 -49.500     NaN
  -6.813 -15.712 -16.376
  -6.810 -15.911 -16.790
  -6.807 -16.928 -49.500
  -6.804 -16.755 -49.500
  -6.801 -16.744 -49.500
  -6.798 -49.500     NaN
  -6.795 -16.661 -49.500
  -6.792 -16.404 -16.575
  -6.789 -16.376 -17.077
  -6.787 -49.500     NaN
  -6.784 -49.500 -49.500
  -6.781 -16.303 -49.500
  -6.778 -16.711 -49.500
  -6.775 -49.500     NaN
  -6.773 -15.817 -17.062
  -6.770 -49.500 -49.500
  -6.767 -16.481 -16.646
  -6.765 -49.500     NaN
  -6.762 -49.500 -49.500
  -6.759 -49.500     NaN
  -6.757 -16.814 -49.500
  -6.754 -16.361 -49.500
  -6.751 -49.500     NaN
  -6.749 -49.500 -49.500
  -6.746 -49.500     NaN
  -6.744 -16.342 -16.499
  -6.741 -49.500 -49.500
  -6.739 -15.868 -16.440
  -6.736 -16.614 -49.500
  -6.734 -16.808 -49.500
  -6.731 -49.500     NaN
  -6.729 -49.500 -49.500
  -6.726 -49.500     NaN
  -6.724 -15.760 -49.500
  -6.721 -49.500     NaN
  -6.719 -16.653 -49.500
  -6.717 -16.434 -49.500
  -6.714 -49.500 -49.500
  -6.712 -49.500     NaN
  -6.709 -49.500 -49.500
  -6.707 -17.019 -49.500
  -6.705 -16.322 -16.322
  -6.702 -49.500     NaN
  -6.700 -16.721 -16.721
  -6.698 -49.500     NaN
  -6.696 -16.550 -16.550
  -6.693 -16.168 -49.500
  -6.691 -16.671 -16.671
  -6.689 -49.500 -49.500
  -6.687 -49.500 -49.500
  -6.684 -15.881 -16.227
  -6.682 -49.500     NaN
  -6.680 -49.500     NaN
  -6.678 -49.500     NaN
  -6.675 -49.500 -49.500
  -6.673 -16.450 -16.708
  -6.671 -16.746 -49.500
  -6.669 -49.500 -49.500
  -6.667 -49.500     NaN
  -6.665 -49.500 -49.500
  -6.663 -16.487 -49.500
  -6.661 -16.939 -49.500
  -6.658 -49.500 -49.500
  -6.656 -16.433 -49.500
  -6.654 -49.500 -49.500
  -6.652 -49.500 -49.500
  -6.650 -15.177 -15.177
  -6.648 -49.500     NaN
  -6.646 -15.979 -49.500
  -6.644 -49.500 -49.500
  -6.642 -49.500 -49.500
  -6.640 -49.500 -49.500
  -6.638 -49.500 -49.500
  -6.636 -49.500 -49.500
  -6.634 -49.500 -49.500
  -6.632 -49.500     NaN
  -6.630 -49.500 -49.500
  -6.628 -16.149 -16.149
  -6.626 -49.500 -49.500
  -6.624 -16.219 -16.219
  -6.622 -16.012 -16.012
  -6.620 -49.500     NaN
  -6.618 -49.500 -49.500
  -6.617 -16.413 -16.413
  -6.615 -16.497 -16.497
  -6.613 -49.500 -49.500
  -6.611 -49.500     NaN
  -6.609 -16.075 -16.075
  -6.607 -49.500 -49.500
  -6.605 -49.500 -49.500
  -6.603 -49.500 -49.500
  -6.602 -49.500 -49.500
  -6.600 -16.528 -49.500
  -6.598 -49.500 -49.500
  -6.596 -49.500     NaN
  -6.594 -49.500 -49.500
