  -8.861 -13.933 -13.933
  -8.599 -14.041 -14.041
  -8.442 -14.150 -14.150
  -8.329 -14.193 -14.193
  -8.239 -14.353 -14.353
  -8.166 -14.361 -14.361
  -8.103 -14.340 -14.340
  -8.048 -14.386 -14.386
  -7.999 -14.569 -14.569
  -7.955 -14.603 -14.603
  -7.916 -14.604 -14.604
  -7.879 -14.512 -14.689
  -7.846 -14.853 -14.853
  -7.815 -14.735 -14.735
  -7.786 -14.439 -14.680
  -7.758 -14.250 -14.630
  -7.733 -14.765 -15.049
  -7.709 -14.940 -14.940
  -7.686 -14.744 -15.029
  -7.664 -14.813 -14.981
  -7.643 -14.850 -14.850
  -7.624 -14.882 -15.050
  -7.605 -15.141 -15.141
  -7.586 -14.999 -14.999
  -7.569 -15.112 -15.112
  -7.552 -14.905 -15.121
  -7.536 -14.684 -14.684
  -7.521 -14.844 -15.130
  -7.506 -14.918 -14.918
  -7.491 -14.991 -15.158
  -7.477 -14.532 -14.532
  -7.464 -14.913 -15.131
  -7.451 -14.996 -15.197
  -7.438 -14.769 -15.037
  -7.425 -15.305 -15.305
  -7.413 -15.487 -15.487
  -7.401 -14.734 -15.394
  -7.390 -14.848 -15.025
  -7.379 -15.494 -15.650
  -7.368 -15.036 -15.312
  -7.357 -14.792 -14.992
  -7.347 -15.389 -15.820
  -7.337 -15.736 -15.736
  -7.327 -14.659 -15.379
  -7.317 -15.180 -15.503
  -7.308 -15.408 -15.408
  -7.299 -14.819 -14.819
  -7.290 -14.706 -15.833
  -7.281 -14.894 -15.508
  -7.272 -15.314 -15.314
  -7.264 -14.642 -15.175
  -7.255 -15.320 -15.320
  -7.247 -14.273 -15.813
  -7.239 -15.955 -15.955
  -7.231 -15.869 -15.869
  -7.223 -15.072 -15.810
  -7.216 -15.899 -15.899
  -7.208 -15.604 -15.604
  -7.201 -15.798 -15.798
  -7.194 -15.637 -15.858
  -7.187 -15.563 -15.842
  -7.180 -15.123 -16.069
  -7.173 -15.342 -15.526
  -7.166 -15.533 -16.337
  -7.159 -16.239 -16.239
  -7.153 -15.986 -16.142
  -7.146 -15.970 -15.970
  -7.140 -15.203 -15.562
  -7.133 -15.243 -15.525
  -7.127 -14.979 -16.126
  -7.121 -15.735 -16.103
  -7.115 -15.575 -16.327
  -7.109 -14.915 -16.382
  -7.103 -15.661 -16.128
  -7.098 -15.645 -15.803
  -7.092 -16.173 -16.332
  -7.086 -14.407 -15.984
  -7.081 -15.360 -15.688
  -7.075 -15.787 -16.232
  -7.070 -15.185 -16.003
  -7.064 -16.217 -16.433
  -7.059 -16.378 -16.378
  -7.054 -15.633 -15.633
  -7.049 -15.696 -15.934
  -7.043 -16.378 -16.378
  -7.038 -15.643 -16.297
  -7.033 -14.660 -15.060
  -7.029 -16.450 -16.450
  -7.024 -16.041 -16.282
  -7.019 -16.320 -16.781
  -7.014 -16.011 -16.011
  -7.009 -16.068 -16.290
  -7.005 -15.737 -16.306
  -7.000 -16.321 -16.321
  -6.995 -16.235 -16.403
  -6.991 -16.079 -16.400
  -6.986 -15.995 -16.296
  -6.982 -15.719 -16.111
  -6.978 -16.363 -16.619
  -6.973 -16.396 -16.648
  -6.969 -16.363 -16.363
  -6.965 -16.002 -16.252
  -6.961 -16.362 -22.625
  -6.956 -16.043 -16.695
  -6.952 -15.892 -16.533
  -6.948 -16.179 -16.179
  -6.944 -15.703 -16.399
  -6.940 -16.546 -16.699
  -6.936 -16.067 -16.293
  -6.932 -16.657 -16.814
  -6.928 -16.111 -16.740
  -6.924 -15.822 -16.232
  -6.920 -16.022 -16.876
  -6.917 -14.726 -16.214
  -6.913 -16.454 -16.806
  -6.909 -16.953 -49.500
  -6.905 -15.961 -16.256
  -6.902 -16.292 -16.541
  -6.898 -16.670 -16.824
  -6.894 -16.375 -16.732
  -6.891 -16.645 -22.452
  -6.887 -16.637 -17.043
  -6.884 -16.426 -49.500
  -6.880 -49.500     NaN
  -6.877 -16.065 -16.900
  -6.873 -16.570 -17.190
  -6.870 -49.500     NaN
  -6.867 -16.718 -49.500
  -6.863 -16.584 -49.500
  -6.860 -16.076 -16.967
  -6.857 -49.500     NaN
  -6.853 -16.444 -16.444
  -6.850 -49.500     NaN
  -6.847 -49.500     NaN
  -6.844 -16.345 -16.664
  -6.840 -16.792 -16.792
  -6.837 -16.712 -16.871
  -6.834 -16.620 -16.794
  -6.831 -16.001 -17.028
  -6.828 -16.993 -49.500
  -6.825 -16.321 -16.875
  -6.822 -49.500     NaN
  -6.819 -16.837 -49.500
  -6.816 -17.193 -49.500
  -6.813 -49.500     NaN
  -6.810 -15.549 -16.844
  -6.807 -15.954 -16.187
  -6.804 -49.500     NaN
  -6.801 -49.500     NaN
  -6.798 -16.679 -17.073
  -6.795 -49.500     NaN
  -6.792 -49.500     NaN
  -6.789 -14.132 -16.460
  -6.787 -49.500     NaN
  -6.784 -49.500 -49.500
  -6.781 -49.500     NaN
  -6.778 -16.575 -16.948
  -6.775 -49.500     NaN
  -6.773 -16.965 -49.500
  -6.770 -14.986 -49.500
  -6.767 -49.500     NaN
  -6.765 -17.233 -49.500
  -6.762 -49.500     NaN
  -6.759 -16.769 -49.500
  -6.757 -16.225 -16.802
  -6.754 -16.413 -16.413
  -6.751 -14.566 -14.566
  -6.749 -16.333 -17.028
  -6.746 -16.295 -16.543
  -6.744 -15.982 -49.500
  -6.741 -49.500     NaN
  -6.739 -49.500 -49.500
  -6.736 -16.302 -16.458
  -6.734 -15.825 -15.825
  -6.731 -49.500     NaN
  -6.729 -49.500     NaN
  -6.726 -15.613 -16.669
  -6.724 -16.682 -49.500
  -6.721 -16.260 -49.500
  -6.719 -49.500     NaN
  -6.717 -49.500 -49.500
  -6.714 -49.500     NaN
  -6.712 -49.500 -49.500
  -6.709 -16.642 -16.642
  -6.707 -16.865 -49.500
  -6.705 -49.500 -49.500
  -6.702 -49.500     NaN
  -6.700 -49.500 -49.500
  -6.698 -49.500 -49.500
  -6.696 -16.567 -49.500
  -6.693 -49.500     NaN
  -6.691 -49.500 -49.500
  -6.689 -49.500     NaN
  -6.687 -49.500     NaN
  -6.684 -49.500 -49.500
  -6.682 -16.127 -49.500
  -6.680 -49.500 -49.500
  -6.678 -49.500 -49.500
  -6.675 -49.500     NaN
  -6.673 -49.500     NaN
  -6.671 -15.932 -15.932
  -6.669 -16.376 -16.376
  -6.667 -49.500 -49.500
  -6.665 -49.500     NaN
  -6.663 -49.500 -49.500
  -6.661 -16.365 -16.365
  -6.658 -49.500 -49.500
  -6.656 -49.500 -49.500
  -6.654 -49.500 -49.500
  -6.652 -49.500     NaN
  -6.650 -49.500 -49.500
  -6.648 -15.604 -49.500
  -6.646 -49.500 -49.500
  -6.644 -49.500 -49.500
  -6.642 -15.540 -15.540
  -6.640 -49.500 -49.500
  -6.638 -49.500     NaN
  -6.636 -16.596 -17.182
  -6.634 -17.216 -49.500
  -6.632 -49.500 -49.500
  -6.630 -49.500 -49.500
  -6.628 -49.500 -49.500
  -6.626 -16.504 -16.504
  -6.624 -49.500 -49.500
  -6.622 -16.626 -16.626
  -6.620 -49.500 -49.500
  -6.618 -49.500 -49.500
  -6.617 -49.500 -49.500
  -6.615 -49.500 -49.500
  -6.613 -16.614 -16.614
  -6.611 -49.500 -49.500
  -6.609 -49.500 -49.500
  -6.607 -49.500     NaN
  -6.605 -49.500 -49.500
  -6.603 -16.228 -16.228
  -6.602 -49.500     NaN
  -6.600 -49.500 -49.500
  -6.598 -16.388 -16.388
  -6.596 -49.500     NaN
  -6.594 -16.084 -49.500
