  -8.861 -13.901 -13.901
  -8.599 -13.967 -13.967
  -8.442 -14.161 -14.161
  -8.329 -14.162 -14.162
  -8.239 -14.166 -14.166
  -8.166 -14.236 -14.236
  -8.103 -14.373 -14.373
  -8.048 -14.447 -14.447
  -7.999 -14.599 -14.599
  -7.955 -14.643 -14.643
  -7.916 -14.647 -14.647
  -7.879 -14.056 -14.427
  -7.846 -14.690 -14.690
  -7.815 -14.679 -14.830
  -7.786 -14.663 -14.663
  -7.758 -14.671 -14.671
  -7.733 -14.921 -14.921
  -7.709 -14.744 -14.993
  -7.686 -14.300 -14.300
  -7.664 -14.434 -14.650
  -7.643 -14.690 -14.893
  -7.624 -14.970 -14.970
  -7.605 -14.764 -14.764
  -7.586 -14.609 -14.932
  -7.569 -14.412 -14.913
  -7.552 -14.837 -15.347
  -7.536 -14.882 -15.045
  -7.521 -14.941 -15.162
  -7.506 -15.147 -15.304
  -7.491 -15.315 -15.315
  -7.477 -15.163 -15.163
  -7.464 -15.035 -15.198
  -7.451 -15.254 -15.254
  -7.438 -15.123 -15.123
  -7.425 -15.122 -15.122
  -7.413 -15.178 -15.178
  -7.401 -15.622 -15.622
  -7.390 -15.378 -15.378
  -7.379 -14.608 -15.501
  -7.368 -15.109 -15.284
  -7.357 -15.362 -15.362
  -7.347 -15.147 -15.532
  -7.337 -14.629 -14.989
  -7.327 -15.017 -15.017
  -7.317 -14.978 -15.482
  -7.308 -15.292 -15.292
  -7.299 -15.178 -15.355
  -7.290 -15.671 -15.671
  -7.281 -15.584 -15.772
  -7.272 -15.159 -15.159
  -7.264 -15.089 -15.089
  -7.255 -15.721 -16.054
  -7.247 -15.022 -15.660
  -7.239 -15.779 -15.779
  -7.231 -15.542 -15.807
  -7.223 -15.614 -15.614
  -7.216 -15.138 -15.307
  -7.208 -16.034 -16.034
  -7.201 -15.849 -16.069
  -7.194 -15.098 -15.846
  -7.187 -15.673 -15.673
  -7.180 -15.661 -15.848
  -7.173 -15.742 -15.921
  -7.166 -16.119 -16.346
  -7.159 -15.815 -15.815
  -7.153 -16.046 -16.046
  -7.146 -16.064 -16.265
  -7.140 -16.190 -16.190
  -7.133 -15.283 -15.623
  -7.127 -15.792 -16.072
  -7.121 -15.891 -16.319
  -7.115 -15.752 -15.752
  -7.109 -16.111 -16.406
  -7.103 -13.997 -15.581
  -7.098 -15.934 -15.934
  -7.092 -16.431 -16.431
  -7.086 -15.407 -15.569
  -7.081 -15.872 -16.073
  -7.075 -15.958 -15.958
  -7.070 -14.518 -15.143
  -7.064 -15.449 -16.399
  -7.059 -16.223 -16.223
  -7.054 -16.266 -16.266
  -7.049 -15.999 -16.210
  -7.043 -14.633 -15.747
  -7.038 -16.043 -16.043
  -7.033 -16.210 -16.381
  -7.029 -16.291 -16.630
  -7.024 -16.122 -16.122
  -7.019 -15.358 -16.199
  -7.014 -15.722 -16.097
  -7.009 -15.952 -16.482
  -7.005 -15.981 -15.981
  -7.000 -15.773 -16.117
  -6.995 -16.402 -16.621
  -6.991 -16.195 -16.444
  -6.986 -16.109 -16.285
  -6.982 -16.260 -16.526
  -6.978 -16.371 -16.564
  -6.973 -16.486 -16.688
  -6.969 -15.260 -15.430
  -6.965 -15.418 -15.991
  -6.961 -16.598 -16.754
  -6.956 -16.230 -16.478
  -6.952 -15.147 -16.117
  -6.948 -15.359 -16.468
  -6.944 -16.016 -16.394
  -6.940 -16.918 -49.500
  -6.936 -16.666 -17.310
  -6.932 -14.533 -16.344
  -6.928 -16.197 -16.858
  -6.924 -16.267 -16.441
  -6.920 -17.324 -22.906
  -6.917 -14.965 -16.782
  -6.913 -15.734 -15.909
  -6.909 -16.005 -16.515
  -6.905 -16.092 -17.122
  -6.902 -16.066 -16.360
  -6.898 -17.037 -49.500
  -6.894 -16.237 -21.767
  -6.891 -16.411 -17.027
  -6.887 -16.196 -16.550
  -6.884 -16.971 -17.194
  -6.880 -16.942 -17.292
  -6.877 -16.836 -49.500
  -6.873 -16.289 -16.647
  -6.870 -16.755 -49.500
  -6.867 -49.500     NaN
  -6.863 -16.621 -16.789
  -6.860 -17.189 -49.500
  -6.857 -16.721 -17.376
  -6.853 -16.725 -49.500
  -6.850 -49.500     NaN
  -6.847 -16.972 -49.500
  -6.844 -16.653 -49.500
  -6.840 -16.124 -16.760
  -6.837 -16.782 -49.500
  -6.834 -15.984 -16.649
  -6.831 -17.061 -49.500
  -6.828 -16.261 -16.506
  -6.825 -17.108 -49.500
  -6.822 -16.637 -49.500
  -6.819 -17.049 -49.500
  -6.816 -16.323 -17.117
  -6.813 -16.300 -16.475
  -6.810 -14.841 -49.500
  -6.807 -15.984 -16.198
  -6.804 -49.500     NaN
  -6.801 -49.500     NaN
  -6.798 -16.122 -16.122
  -6.795 -16.420 -49.500
  -6.792 -49.500     NaN
  -6.789 -15.937 -49.500
  -6.787 -15.856 -49.500
  -6.784 -17.079 -49.500
  -6.781 -16.996 -49.500
  -6.778 -16.435 -16.766
  -6.775 -15.377 -15.898
  -6.773 -16.697 -17.134
  -6.770 -16.495 -49.500
  -6.767 -49.500     NaN
  -6.765 -17.046 -49.500
  -6.762 -49.500     NaN
  -6.759 -49.500     NaN
  -6.757 -49.500     NaN
  -6.754 -16.320 -16.547
  -6.751 -49.500     NaN
  -6.749 -49.500 -49.500
  -6.746 -49.500 -49.500
  -6.744 -16.718 -17.028
  -6.741 -17.107 -49.500
  -6.739 -16.254 -16.651
  -6.736 -49.500 -49.500
  -6.734 -16.508 -16.508
  -6.731 -49.500 -49.500
  -6.729 -49.500     NaN
  -6.726 -16.928 -49.500
  -6.724 -16.069 -49.500
  -6.721 -15.909 -49.500
  -6.719 -49.500     NaN
  -6.717 -49.500     NaN
  -6.714 -49.500     NaN
  -6.712 -49.500 -49.500
  -6.709 -16.616 -16.616
  -6.707 -49.500 -49.500
  -6.705 -16.766 -49.500
  -6.702 -49.500 -49.500
  -6.700 -49.500     NaN
  -6.698 -16.222 -16.377
  -6.696 -49.500     NaN
  -6.693 -49.500     NaN
  -6.691 -49.500 -49.500
  -6.689 -16.625 -49.500
  -6.687 -49.500     NaN
  -6.684 -49.500 -49.500
  -6.682 -16.830 -49.500
  -6.680 -16.323 -49.500
  -6.678 -49.500 -49.500
  -6.675 -49.500 -49.500
  -6.673 -49.500 -49.500
  -6.671 -49.500 -49.500
  -6.669 -49.500 -49.500
  -6.667 -16.868 -16.868
  -6.665 -16.679 -16.679
  -6.663 -49.500 -49.500
  -6.661 -49.500 -49.500
  -6.658 -17.142 -17.142
  -6.656 -49.500 -49.500
  -6.654 -49.500     NaN
  -6.652 -16.352 -16.352
  -6.650 -49.500     NaN
  -6.648 -49.500     NaN
  -6.646 -16.205 -49.500
  -6.644 -16.630 -49.500
  -6.642 -49.500 -49.500
  -6.640 -49.500 -49.500
  -6.638 -49.500 -49.500
  -6.636 -49.500 -49.500
  -6.634 -49.500 -49.500
  -6.632 -49.500 -49.500
  -6.630 -49.500 -49.500
  -6.628 -49.500     NaN
  -6.626 -16.889 -49.500
  -6.624 -49.500 -49.500
  -6.622 -49.500 -49.500
  -6.620 -16.646 -16.646
  -6.618 -49.500 -49.500
  -6.617 -16.238 -16.238
  -6.615 -49.500 -49.500
  -6.613 -49.500 -49.500
  -6.611 -49.500 -49.500
  -6.609 -49.500 -49.500
  -6.607 -49.500 -49.500
  -6.605 -49.500 -49.500
  -6.603 -16.336 -49.500
  -6.602 -49.500 -49.500
  -6.600 -49.500 -49.500
  -6.598 -49.500 -49.500
  -6.596 -49.500 -49.500
  -6.594 -49.500 -49.500
