  -8.861 -13.906 -13.906
  -8.599 -14.061 -14.061
  -8.442 -14.173 -14.173
  -8.329 -14.212 -14.212
  -8.239 -14.126 -14.126
  -8.166 -14.198 -14.198
  -8.103 -14.465 -14.465
  -8.048 -14.486 -14.486
  -7.999 -14.278 -14.433
  -7.955 -14.627 -14.627
  -7.916 -14.589 -14.589
  -7.879 -14.190 -14.355
  -7.846 -14.764 -14.764
  -7.815 -14.786 -14.786
  -7.786 -14.511 -14.511
  -7.758 -14.973 -14.973
  -7.733 -14.821 -14.821
  -7.709 -14.777 -14.777
  -7.686 -14.304 -14.651
  -7.664 -14.722 -14.722
  -7.643 -14.806 -14.806
  -7.624 -15.037 -15.037
  -7.605 -15.042 -15.042
  -7.586 -14.996 -14.996
  -7.569 -14.968 -15.169
  -7.552 -15.017 -15.017
  -7.536 -14.963 -14.963
  -7.521 -14.733 -15.090
  -7.506 -15.392 -15.392
  -7.491 -15.254 -15.254
  -7.477 -15.065 -15.336
  -7.464 -15.386 -15.386
  -7.451 -15.106 -15.106
  -7.438 -14.634 -14.864
  -7.425 -15.519 -15.519
  -7.413 -15.390 -15.390
  -7.401 -15.398 -15.398
  -7.390 -15.490 -15.490
  -7.379 -15.560 -15.560
  -7.368 -15.132 -15.445
  -7.357 -15.318 -15.519
  -7.347 -14.802 -14.802
  -7.337 -14.121 -15.142
  -7.327 -14.611 -15.191
  -7.317 -14.734 -15.242
  -7.308 -15.433 -15.433
  -7.299 -15.280 -15.280
  -7.290 -15.178 -15.503
  -7.281 -15.812 -15.812
  -7.272 -14.745 -15.126
  -7.264 -15.422 -15.683
  -7.255 -15.053 -15.053
  -7.247 -15.862 -15.862
  -7.239 -15.605 -15.605
  -7.231 -15.701 -15.876
  -7.223 -14.968 -15.297
  -7.216 -15.890 -15.890
  -7.208 -15.707 -15.707
  -7.201 -15.690 -16.124
  -7.194 -15.834 -16.023
  -7.187 -15.798 -15.798
  -7.180 -16.196 -16.196
  -7.173 -15.651 -16.026
  -7.166 -15.878 -15.878
  -7.159 -14.803 -15.996
  -7.153 -15.422 -15.883
  -7.146 -14.928 -15.903
  -7.140 -14.959 -15.741
  -7.133 -15.062 -15.986
  -7.127 -14.789 -14.963
  -7.121 -15.103 -15.886
  -7.115 -15.698 -15.698
  -7.109 -15.844 -15.844
  -7.103 -15.925 -16.140
  -7.098 -15.913 -16.153
  -7.092 -16.006 -16.234
  -7.086 -16.127 -16.127
  -7.081 -15.743 -15.960
  -7.075 -15.641 -16.003
  -7.070 -16.193 -16.374
  -7.064 -16.573 -16.727
  -7.059 -15.750 -15.750
  -7.054 -15.715 -16.056
  -7.049 -16.173 -16.173
  -7.043 -16.111 -16.369
  -7.038 -16.202 -16.354
  -7.033 -15.500 -16.265
  -7.029 -15.790 -15.790
  -7.024 -15.008 -16.191
  -7.019 -16.334 -16.547
  -7.014 -15.869 -16.082
  -7.009 -15.422 -15.422
  -7.005 -16.099 -16.099
  -7.000 -15.824 -16.003
  -6.995 -16.094 -16.328
  -6.991 -15.946 -16.127
  -6.986 -15.692 -15.692
  -6.982 -16.197 -16.377
  -6.978 -16.639 -16.822
  -6.973 -16.412 -16.943
  -6.969 -16.340 -16.505
  -6.965 -16.607 -16.780
  -6.961 -16.635 -16.814
  -6.956 -17.189 -49.500
  -6.952 -16.471 -16.652
  -6.948 -16.785 -16.960
  -6.944 -16.008 -16.321
  -6.940 -16.404 -17.391
  -6.936 -16.667 -16.961
  -6.932 -16.148 -22.186
  -6.928 -16.287 -16.709
  -6.924 -16.601 -16.601
  -6.920 -16.023 -16.414
  -6.917 -16.332 -16.332
  -6.913 -16.303 -16.303
  -6.909 -16.172 -16.630
  -6.905 -15.124 -16.578
  -6.902 -16.347 -49.500
  -6.898 -16.447 -16.791
  -6.894 -16.380 -16.733
  -6.891 -16.718 -17.039
  -6.887 -16.955 -16.955
  -6.884 -16.100 -16.893
  -6.880 -16.391 -16.871
  -6.877 -16.288 -49.500
  -6.873 -16.605 -49.500
  -6.870 -16.558 -16.558
  -6.867 -16.019 -17.162
  -6.863 -16.578 -16.991
  -6.860 -15.812 -16.031
  -6.857 -16.305 -16.305
  -6.853 -15.899 -49.500
  -6.850 -15.549 -49.500
  -6.847 -17.018 -49.500
  -6.844 -16.385 -49.500
  -6.840 -49.500     NaN
  -6.837 -16.694 -49.500
  -6.834 -49.500 -49.500
  -6.831 -16.429 -49.500
  -6.828 -49.500     NaN
  -6.825 -16.300 -16.661
  -6.822 -16.451 -49.500
  -6.819 -49.500     NaN
  -6.816 -49.500     NaN
  -6.813 -16.030 -16.030
  -6.810 -16.517 -49.500
  -6.807 -49.500     NaN
  -6.804 -49.500     NaN
  -6.801 -16.430 -49.500
  -6.798 -16.151 -49.500
  -6.795 -16.938 -49.500
  -6.792 -14.681 -15.938
  -6.789 -16.599 -16.847
  -6.787 -49.500     NaN
  -6.784 -16.632 -49.500
  -6.781 -16.826 -17.281
  -6.778 -49.500     NaN
  -6.775 -49.500     NaN
  -6.773 -49.500     NaN
  -6.770 -49.500     NaN
  -6.767 -16.842 -49.500
  -6.765 -15.982 -16.657
  -6.762 -17.062 -49.500
  -6.759 -49.500     NaN
  -6.757 -49.500     NaN
  -6.754 -15.913 -49.500
  -6.751 -49.500 -49.500
  -6.749 -49.500     NaN
  -6.746 -16.249 -49.500
  -6.744 -17.354 -17.354
  -6.741 -15.984 -15.984
  -6.739 -16.317 -49.500
  -6.736 -49.500 -49.500
  -6.734 -16.914 -49.500
  -6.731 -49.500 -49.500
  -6.729 -49.500     NaN
  -6.726 -49.500     NaN
  -6.724 -16.087 -16.634
  -6.721 -49.500 -49.500
  -6.719 -49.500     NaN
  -6.717 -15.648 -16.721
  -6.714 -49.500 -49.500
  -6.712 -17.056 -49.500
  -6.709 -49.500 -49.500
  -6.707 -49.500     NaN
  -6.705 -16.789 -49.500
  -6.702 -49.500 -49.500
  -6.700 -15.986 -15.986
  -6.698 -16.215 -49.500
  -6.696 -49.500 -49.500
  -6.693 -49.500     NaN
  -6.691 -49.500 -49.500
  -6.689 -49.500 -49.500
  -6.687 -49.500 -49.500
  -6.684 -49.500 -49.500
  -6.682 -49.500 -49.500
  -6.680 -16.356 -49.500
  -6.678 -49.500     NaN
  -6.675 -16.341 -16.341
  -6.673 -15.365 -15.365
  -6.671 -16.888 -16.888
  -6.669 -49.500     NaN
  -6.667 -15.952 -16.131
  -6.665 -49.500 -49.500
  -6.663 -16.221 -16.221
  -6.661 -49.500     NaN
  -6.658 -49.500 -49.500
  -6.656 -49.500 -49.500
  -6.654 -49.500     NaN
  -6.652 -16.697 -16.697
  -6.650 -49.500 -49.500
  -6.648 -49.500     NaN
  -6.646 -49.500 -49.500
  -6.644 -49.500 -49.500
  -6.642 -49.500 -49.500
  -6.640 -49.500 -49.500
  -6.638 -49.500     NaN
  -6.636 -15.712 -16.364
  -6.634 -49.500 -49.500
  -6.632 -15.926 -15.926
  -6.630 -49.500 -49.500
  -6.628 -49.500     NaN
  -6.626 -16.709 -16.709
  -6.624 -49.500 -49.500
  -6.622 -16.205 -16.205
  -6.620 -16.556 -16.556
  -6.618 -49.500 -49.500
  -6.617 -16.411 -16.411
  -6.615 -16.601 -16.601
  -6.613 -49.500 -49.500
  -6.611 -16.634 -16.634
  -6.609 -49.500 -49.500
  -6.607 -49.500 -49.500
  -6.605 -49.500 -49.500
  -6.603 -49.500 -49.500
  -6.602 -49.500 -49.500
  -6.600 -49.500     NaN
  -6.598 -16.340 -16.340
  -6.596 -49.500 -49.500
  -6.594 -16.190 -16.772
