  -8.861 -13.890 -13.890
  -8.599 -13.983 -13.983
  -8.442 -14.117 -14.117
  -8.329 -14.276 -14.276
  -8.239 -14.181 -14.181
  -8.166 -14.436 -14.436
  -8.103 -14.464 -14.464
  -8.048 -14.404 -14.404
  -7.999 -14.484 -14.484
  -7.955 -14.367 -14.367
  -7.916 -14.632 -14.632
  -7.879 -14.763 -14.763
  -7.846 -14.220 -14.485
  -7.815 -14.536 -14.536
  -7.786 -14.722 -14.722
  -7.758 -14.614 -14.939
  -7.733 -14.415 -14.742
  -7.709 -14.830 -14.830
  -7.686 -14.765 -14.765
  -7.664 -14.927 -14.927
  -7.643 -14.937 -14.937
  -7.624 -14.596 -14.951
  -7.605 -15.054 -15.054
  -7.586 -14.982 -14.982
  -7.569 -14.904 -15.226
  -7.552 -14.837 -15.028
  -7.536 -15.261 -15.261
  -7.521 -14.978 -15.202
  -7.506 -14.996 -15.235
  -7.491 -15.098 -15.098
  -7.477 -15.251 -15.251
  -7.464 -15.313 -15.313
  -7.451 -15.300 -15.300
  -7.438 -14.579 -15.267
  -7.425 -14.894 -15.471
  -7.413 -15.344 -15.344
  -7.401 -15.057 -15.249
  -7.390 -15.693 -15.693
  -7.379 -15.581 -15.581
  -7.368 -15.276 -15.426
  -7.357 -15.634 -15.634
  -7.347 -15.417 -15.641
  -7.337 -15.447 -15.447
  -7.327 -15.108 -15.460
  -7.317 -15.136 -15.460
  -7.308 -14.618 -15.342
  -7.299 -15.145 -15.358
  -7.290 -15.438 -15.691
  -7.281 -15.589 -15.589
  -7.272 -15.613 -15.613
  -7.264 -15.125 -15.590
  -7.255 -15.749 -15.914
  -7.247 -15.952 -16.122
  -7.239 -15.332 -15.542
  -7.231 -15.422 -15.656
  -7.223 -15.254 -15.839
  -7.216 -15.773 -15.773
  -7.208 -15.726 -15.726
  -7.201 -15.703 -15.703
  -7.194 -14.358 -15.223
  -7.187 -15.249 -15.814
  -7.180 -15.322 -15.890
  -7.173 -15.623 -15.981
  -7.166 -15.263 -15.413
  -7.159 -15.654 -16.054
  -7.153 -16.090 -16.090
  -7.146 -15.300 -16.097
  -7.140 -15.248 -16.011
  -7.133 -16.349 -16.531
  -7.127 -14.555 -15.987
  -7.121 -15.011 -15.011
  -7.115 -16.073 -16.073
  -7.109 -15.908 -16.068
  -7.103 -15.826 -15.826
  -7.098 -14.914 -15.483
  -7.092 -14.347 -15.678
  -7.086 -16.061 -16.266
  -7.081 -16.715 -16.715
  -7.075 -15.096 -15.922
  -7.070 -16.379 -16.379
  -7.064 -15.375 -16.217
  -7.059 -15.241 -16.450
  -7.054 -15.311 -15.311
  -7.049 -16.126 -16.341
  -7.043 -15.780 -16.198
  -7.038 -16.249 -16.249
  -7.033 -16.131 -16.131
  -7.029 -16.051 -16.277
  -7.024 -15.337 -16.814
  -7.019 -15.414 -16.314
  -7.014 -15.813 -16.791
  -7.009 -15.813 -16.325
  -7.005 -15.913 -15.913
  -7.000 -16.334 -17.052
  -6.995 -16.644 -16.859
  -6.991 -16.072 -16.297
  -6.986 -16.465 -16.618
  -6.982 -15.507 -16.224
  -6.978 -16.153 -16.153
  -6.973 -15.762 -16.438
  -6.969 -15.028 -15.565
  -6.965 -16.444 -16.901
  -6.961 -15.361 -16.178
  -6.956 -16.522 -16.725
  -6.952 -16.567 -49.500
  -6.948 -15.842 -16.444
  -6.944 -49.500 -49.500
  -6.940 -16.055 -16.715
  -6.936 -16.709 -16.946
  -6.932 -16.351 -16.612
  -6.928 -16.371 -16.371
  -6.924 -16.615 -20.742
  -6.920 -14.884 -16.616
  -6.917 -16.180 -16.509
  -6.913 -16.409 -16.409
  -6.909 -15.643 -16.130
  -6.905 -16.740 -16.925
  -6.902 -16.517 -16.800
  -6.898 -15.778 -16.282
  -6.894 -16.103 -16.703
  -6.891 -15.970 -16.249
  -6.887 -15.738 -16.592
  -6.884 -15.743 -16.549
  -6.880 -17.002 -17.349
  -6.877 -15.952 -16.776
  -6.873 -16.527 -17.144
  -6.870 -16.336 -16.871
  -6.867 -16.471 -16.866
  -6.863 -16.846 -49.500
  -6.860 -16.248 -16.850
  -6.857 -17.172 -49.500
  -6.853 -16.323 -16.966
  -6.850 -16.921 -49.500
  -6.847 -15.829 -49.500
  -6.844 -16.927 -49.500
  -6.840 -16.580 -49.500
  -6.837 -16.784 -17.068
  -6.834 -16.898 -17.213
  -6.831 -16.707 -16.861
  -6.828 -16.610 -16.799
  -6.825 -15.343 -16.633
  -6.822 -17.228 -49.500
  -6.819 -16.722 -16.914
  -6.816 -15.507 -49.500
  -6.813 -16.279 -17.169
  -6.810 -16.464 -16.626
  -6.807 -16.649 -17.146
  -6.804 -16.390 -49.500
  -6.801 -16.773 -49.500
  -6.798 -17.168 -49.500
  -6.795 -15.198 -16.654
  -6.792 -49.500     NaN
  -6.789 -49.500     NaN
  -6.787 -49.500     NaN
  -6.784 -16.894 -49.500
  -6.781 -16.914 -49.500
  -6.778 -15.605 -16.183
  -6.775 -49.500 -49.500
  -6.773 -49.500     NaN
  -6.770 -16.312 -49.500
  -6.767 -49.500 -49.500
  -6.765 -16.563 -16.874
  -6.762 -49.500     NaN
  -6.759 -16.846 -49.500
  -6.757 -17.082 -17.082
  -6.754 -49.500     NaN
  -6.751 -16.207 -49.500
  -6.749 -49.500     NaN
  -6.746 -16.293 -16.293
  -6.744 -16.738 -17.187
  -6.741 -49.500 -49.500
  -6.739 -16.308 -16.719
  -6.736 -16.561 -49.500
  -6.734 -15.708 -16.124
  -6.731 -16.952 -49.500
  -6.729 -49.500     NaN
  -6.726 -49.500 -49.500
  -6.724 -16.767 -49.500
  -6.721 -49.500 -49.500
  -6.719 -16.922 -49.500
  -6.717 -16.421 -16.689
  -6.714 -49.500     NaN
  -6.712 -49.500 -49.500
  -6.709 -49.500 -49.500
  -6.707 -16.210 -16.210
  -6.705 -15.740 -15.914
  -6.702 -49.500     NaN
  -6.700 -49.500     NaN
  -6.698 -49.500     NaN
  -6.696 -49.500 -49.500
  -6.693 -49.500 -49.500
  -6.691 -49.500     NaN
  -6.689 -49.500 -49.500
  -6.687 -49.500 -49.500
  -6.684 -49.500     NaN
  -6.682 -49.500     NaN
  -6.680 -49.500     NaN
  -6.678 -49.500 -49.500
  -6.675 -16.289 -16.289
  -6.673 -49.500 -49.500
  -6.671 -49.500 -49.500
  -6.669 -16.572 -16.572
  -6.667 -49.500 -49.500
  -6.665 -49.500     NaN
  -6.663 -49.500 -49.500
  -6.661 -49.500 -49.500
  -6.658 -49.500 -49.500
  -6.656 -16.368 -49.500
  -6.654 -16.648 -49.500
  -6.652 -49.500 -49.500
  -6.650 -49.500 -49.500
  -6.648 -15.898 -49.500
  -6.646 -16.211 -49.500
  -6.644 -49.500 -49.500
  -6.642 -49.500 -49.500
  -6.640 -49.500     NaN
  -6.638 -49.500 -49.500
  -6.636 -49.500 -49.500
  -6.634 -49.500     NaN
  -6.632 -49.500     NaN
  -6.630 -49.500 -49.500
  -6.628 -49.500 -49.500
  -6.626 -16.601 -16.601
  -6.624 -14.482 -14.482
  -6.622 -49.500 -49.500
  -6.620 -16.436 -16.436
  -6.618 -15.936 -49.500
  -6.617 -49.500 -49.500
  -6.615 -49.500 -49.500
  -6.613 -49.500 -49.500
  -6.611 -49.500 -49.500
  -6.609 -49.500 -49.500
  -6.607 -49.500 -49.500
  -6.605 -49.500 -49.500
  -6.603 -49.500 -49.500
  -6.602 -49.500 -49.500
  -6.600 -49.500 -49.500
  -6.598 -16.225 -16.225
  -6.596 -49.500 -49.500
  -6.594 -49.500 -49.500
