  -8.861 -13.925 -13.925
  -8.599 -14.033 -14.033
  -8.442 -14.119 -14.119
  -8.329 -14.055 -14.243
  -8.239 -14.084 -14.278
  -8.166 -14.366 -14.366
  -8.103 -14.307 -14.307
  -8.048 -14.476 -14.476
  -7.999 -14.520 -14.520
  -7.955 -14.529 -14.529
  -7.916 -14.618 -14.618
  -7.879 -14.443 -14.610
  -7.846 -14.216 -14.578
  -7.815 -14.733 -14.733
  -7.786 -14.530 -14.822
  -7.758 -14.358 -14.358
  -7.733 -14.391 -15.008
  -7.709 -14.893 -14.893
  -7.686 -14.606 -15.072
  -7.664 -14.906 -14.906
  -7.643 -14.618 -14.886
  -7.624 -14.976 -14.976
  -7.605 -15.053 -15.053
  -7.586 -15.030 -15.185
  -7.569 -15.244 -15.244
  -7.552 -14.686 -15.127
  -7.536 -14.724 -15.144
  -7.521 -14.859 -15.117
  -7.506 -14.879 -15.111
  -7.491 -15.181 -15.181
  -7.477 -14.944 -15.120
  -7.464 -14.985 -15.155
  -7.451 -15.338 -15.338
  -7.438 -15.324 -15.324
  -7.425 -14.547 -15.221
  -7.413 -15.134 -15.622
  -7.401 -14.891 -15.500
  -7.390 -15.661 -15.661
  -7.379 -15.341 -15.341
  -7.368 -15.031 -15.031
  -7.357 -15.399 -15.661
  -7.347 -15.690 -15.690
  -7.337 -14.961 -15.609
  -7.327 -15.234 -15.727
  -7.317 -15.440 -15.440
  -7.308 -14.806 -15.172
  -7.299 -15.511 -15.739
  -7.290 -15.504 -15.504
  -7.281 -15.781 -15.939
  -7.272 -15.557 -15.557
  -7.264 -15.598 -15.598
  -7.255 -15.477 -15.866
  -7.247 -14.456 -15.649
  -7.239 -15.466 -15.785
  -7.231 -14.949 -15.820
  -7.223 -15.808 -16.029
  -7.216 -15.873 -15.873
  -7.208 -15.707 -15.877
  -7.201 -15.869 -15.869
  -7.194 -15.441 -15.441
  -7.187 -15.154 -15.375
  -7.180 -15.996 -15.996
  -7.173 -15.503 -15.920
  -7.166 -16.012 -16.012
  -7.159 -15.926 -15.926
  -7.153 -15.905 -15.905
  -7.146 -15.355 -15.933
  -7.140 -15.776 -15.776
  -7.133 -15.871 -15.871
  -7.127 -15.111 -15.480
  -7.121 -16.110 -16.419
  -7.115 -14.947 -15.385
  -7.109 -16.205 -16.205
  -7.103 -16.111 -16.111
  -7.098 -15.839 -15.839
  -7.092 -16.135 -16.382
  -7.086 -15.808 -16.191
  -7.081 -15.805 -16.383
  -7.075 -15.928 -16.260
  -7.070 -16.012 -16.012
  -7.064 -16.306 -16.306
  -7.059 -14.796 -15.829
  -7.054 -15.466 -15.824
  -7.049 -15.820 -16.192
  -7.043 -15.561 -16.088
  -7.038 -16.508 -16.508
  -7.033 -16.313 -16.543
  -7.029 -16.321 -16.321
  -7.024 -16.420 -16.586
  -7.019 -16.214 -16.214
  -7.014 -16.237 -16.413
  -7.009 -16.015 -16.248
  -7.005 -16.066 -16.386
  -7.000 -16.382 -16.763
  -6.995 -14.637 -16.066
  -6.991 -16.049 -16.049
  -6.986 -16.264 -16.264
  -6.982 -16.779 -16.779
  -6.978 -15.940 -16.122
  -6.973 -16.277 -16.277
  -6.969 -14.631 -15.670
  -6.965 -16.176 -16.331
  -6.961 -16.242 -16.611
  -6.956 -16.133 -23.029
  -6.952 -16.009 -16.250
  -6.948 -15.852 -16.059
  -6.944 -15.153 -16.855
  -6.940 -23.116 -23.116
  -6.936 -16.437 -16.683
  -6.932 -16.325 -16.577
  -6.928 -17.306 -22.890
  -6.924 -16.394 -16.394
  -6.920 -15.789 -16.293
  -6.917 -16.181 -16.181
  -6.913 -15.652 -16.788
  -6.909 -16.536 -16.838
  -6.905 -16.609 -16.791
  -6.902 -15.909 -16.563
  -6.898 -16.472 -16.873
  -6.894 -16.531 -16.531
  -6.891 -15.758 -16.693
  -6.887 -16.813 -49.500
  -6.884 -15.765 -16.094
  -6.880 -15.862 -16.531
  -6.877 -16.227 -16.476
  -6.873 -17.141 -49.500
  -6.870 -49.500 -49.500
  -6.867 -16.078 -49.500
  -6.863 -16.752 -17.078
  -6.860 -16.160 -49.500
  -6.857 -15.979 -49.500
  -6.853 -16.736 -49.500
  -6.850 -16.250 -17.077
  -6.847 -16.994 -49.500
  -6.844 -16.797 -49.500
  -6.840 -16.981 -49.500
  -6.837 -15.204 -16.754
  -6.834 -16.565 -49.500
  -6.831 -49.500     NaN
  -6.828 -16.649 -16.862
  -6.825 -16.703 -49.500
  -6.822 -16.722 -49.500
  -6.819 -15.882 -16.576
  -6.816 -16.693 -49.500
  -6.813 -16.465 -49.500
  -6.810 -16.790 -49.500
  -6.807 -16.412 -16.749
  -6.804 -16.295 -16.715
  -6.801 -16.443 -16.695
  -6.798 -16.423 -49.500
  -6.795 -16.840 -17.087
  -6.792 -49.500 -49.500
  -6.789 -16.176 -49.500
  -6.787 -49.500     NaN
  -6.784 -16.385 -16.669
  -6.781 -16.265 -49.500
  -6.778 -16.635 -49.500
  -6.775 -16.382 -16.704
  -6.773 -49.500 -49.500
  -6.770 -16.171 -49.500
  -6.767 -16.108 -16.108
  -6.765 -49.500     NaN
  -6.762 -16.441 -17.051
  -6.759 -16.089 -49.500
  -6.757 -49.500     NaN
  -6.754 -49.500 -49.500
  -6.751 -49.500     NaN
  -6.749 -49.500 -49.500
  -6.746 -49.500 -49.500
  -6.744 -17.040 -49.500
  -6.741 -49.500 -49.500
  -6.739 -49.500     NaN
  -6.736 -16.559 -49.500
  -6.734 -49.500 -49.500
  -6.731 -49.500     NaN
  -6.729 -49.500 -49.500
  -6.726 -49.500     NaN
  -6.724 -49.500 -49.500
  -6.721 -16.442 -49.500
  -6.719 -49.500 -49.500
  -6.717 -16.549 -49.500
  -6.714 -15.641 -49.500
  -6.712 -49.500 -49.500
  -6.709 -16.879 -49.500
  -6.707 -49.500 -49.500
  -6.705 -49.500 -49.500
  -6.702 -15.785 -16.408
  -6.700 -16.281 -49.500
  -6.698 -49.500 -49.500
  -6.696 -49.500 -49.500
  -6.693 -16.552 -49.500
  -6.691 -15.897 -15.897
  -6.689 -49.500 -49.500
  -6.687 -16.457 -16.867
  -6.684 -49.500 -49.500
  -6.682 -49.500 -49.500
  -6.680 -16.591 -49.500
  -6.678 -49.500     NaN
  -6.675 -49.500 -49.500
  -6.673 -49.500 -49.500
  -6.671 -49.500     NaN
  -6.669 -49.500     NaN
  -6.667 -49.500 -49.500
  -6.665 -49.500 -49.500
  -6.663 -49.500 -49.500
  -6.661 -49.500 -49.500
  -6.658 -49.500     NaN
  -6.656 -49.500     NaN
  -6.654 -16.767 -49.500
  -6.652 -16.339 -16.339
  -6.650 -49.500 -49.500
  -6.648 -49.500     NaN
  -6.646 -16.567 -16.567
  -6.644 -16.161 -16.668
  -6.642 -49.500     NaN
  -6.640 -16.856 -49.500
  -6.638 -49.500 -49.500
  -6.636 -49.500     NaN
  -6.634 -49.500 -49.500
  -6.632 -16.366 -16.366
  -6.630 -16.401 -16.401
  -6.628 -49.500     NaN
  -6.626 -16.630 -16.630
  -6.624 -49.500     NaN
  -6.622 -49.500     NaN
  -6.620 -16.423 -16.423
  -6.618 -49.500 -49.500
  -6.617 -49.500 -49.500
  -6.615 -49.500 -49.500
  -6.613 -49.500 -49.500
  -6.611 -16.071 -16.071
  -6.609 -49.500 -49.500
  -6.607 -49.500 -49.500
  -6.605 -49.500 -49.500
  -6.603 -49.500 -49.500
  -6.602 -49.500     NaN
  -6.600 -49.500 -49.500
  -6.598 -16.064 -49.500
  -6.596 -49.500 -49.500
  -6.594 -16.796 -49.500
