  -8.861 -13.917 -13.917
  -8.599 -14.041 -14.041
  -8.442 -14.072 -14.072
  -8.329 -14.195 -14.195
  -8.239 -14.297 -14.297
  -8.166 -14.301 -14.301
  -8.103 -14.364 -14.364
  -8.048 -14.456 -14.456
  -7.999 -14.471 -14.471
  -7.955 -14.268 -14.477
  -7.916 -14.577 -14.577
  -7.879 -14.536 -14.699
  -7.846 -14.392 -14.629
  -7.815 -14.635 -14.635
  -7.786 -14.620 -14.828
  -7.758 -14.750 -14.750
  -7.733 -14.730 -14.730
  -7.709 -14.442 -14.442
  -7.686 -14.858 -14.858
  -7.664 -14.995 -14.995
  -7.643 -15.053 -15.053
  -7.624 -15.023 -15.023
  -7.605 -14.547 -15.073
  -7.586 -14.568 -14.878
  -7.569 -15.056 -15.207
  -7.552 -15.183 -15.183
  -7.536 -15.055 -15.055
  -7.521 -14.885 -15.039
  -7.506 -14.919 -15.181
  -7.491 -15.330 -15.330
  -7.477 -14.922 -14.922
  -7.464 -15.254 -15.254
  -7.451 -15.002 -15.002
  -7.438 -14.866 -15.434
  -7.425 -15.263 -15.263
  -7.413 -14.667 -15.056
  -7.401 -15.182 -15.367
  -7.390 -14.752 -15.318
  -7.379 -15.245 -15.535
  -7.368 -15.573 -15.573
  -7.357 -15.575 -15.575
  -7.347 -15.371 -15.371
  -7.337 -15.811 -15.811
  -7.327 -15.669 -15.669
  -7.317 -15.126 -15.629
  -7.308 -15.486 -15.486
  -7.299 -15.687 -15.687
  -7.290 -15.188 -15.188
  -7.281 -15.643 -15.643
  -7.272 -15.117 -15.342
  -7.264 -14.635 -15.089
  -7.255 -15.505 -15.765
  -7.247 -15.123 -15.457
  -7.239 -15.814 -15.814
  -7.231 -15.517 -15.712
  -7.223 -15.069 -15.700
  -7.216 -15.867 -15.867
  -7.208 -14.737 -15.728
  -7.201 -15.604 -15.984
  -7.194 -15.814 -15.814
  -7.187 -16.151 -16.151
  -7.180 -14.972 -16.245
  -7.173 -15.569 -15.569
  -7.166 -15.664 -15.664
  -7.159 -16.054 -16.054
  -7.153 -15.174 -15.919
  -7.146 -15.728 -15.940
  -7.140 -15.475 -15.779
  -7.133 -16.093 -16.093
  -7.127 -15.219 -16.102
  -7.121 -15.606 -16.151
  -7.115 -16.079 -16.079
  -7.109 -15.566 -15.814
  -7.103 -16.181 -16.181
  -7.098 -15.761 -15.980
  -7.092 -15.758 -15.924
  -7.086 -15.262 -15.262
  -7.081 -15.559 -15.559
  -7.075 -15.426 -15.977
  -7.070 -15.403 -15.920
  -7.064 -15.570 -15.894
  -7.059 -14.747 -15.821
  -7.054 -16.036 -16.036
  -7.049 -15.825 -15.825
  -7.043 -15.995 -16.364
  -7.038 -15.486 -15.979
  -7.033 -16.204 -16.204
  -7.029 -16.189 -16.387
  -7.024 -15.387 -15.878
  -7.019 -16.192 -16.629
  -7.014 -15.071 -15.371
  -7.009 -15.826 -16.418
  -7.005 -15.703 -15.703
  -7.000 -15.690 -16.727
  -6.995 -16.681 -16.879
  -6.991 -16.232 -16.407
  -6.986 -15.875 -16.523
  -6.982 -15.776 -16.432
  -6.978 -15.972 -16.170
  -6.973 -16.097 -16.285
  -6.969 -16.343 -16.343
  -6.965 -16.046 -16.201
  -6.961 -16.365 -16.525
  -6.956 -15.232 -16.443
  -6.952 -16.549 -22.486
  -6.948 -16.051 -16.320
  -6.944 -16.241 -49.500
  -6.940 -16.516 -16.516
  -6.936 -16.033 -16.477
  -6.932 -16.395 -16.625
  -6.928 -16.619 -16.832
  -6.924 -16.089 -16.339
  -6.920 -21.127 -21.127
  -6.917 -15.600 -16.288
  -6.913 -16.416 -16.980
  -6.909 -16.249 -16.408
  -6.905 -16.522 -16.522
  -6.902 -16.171 -16.878
  -6.898 -16.321 -16.574
  -6.894 -15.792 -16.060
  -6.891 -15.119 -17.144
  -6.887 -16.123 -16.352
  -6.884 -16.658 -17.200
  -6.880 -16.590 -16.590
  -6.877 -15.545 -49.500
  -6.873 -16.335 -16.834
  -6.870 -15.410 -16.600
  -6.867 -49.500     NaN
  -6.863 -17.098 -49.500
  -6.860 -16.761 -49.500
  -6.857 -16.589 -17.029
  -6.853 -16.815 -49.500
  -6.850 -15.389 -16.581
  -6.847 -16.399 -49.500
  -6.844 -16.640 -49.500
  -6.840 -16.687 -49.500
  -6.837 -17.138 -49.500
  -6.834 -17.062 -49.500
  -6.831 -16.159 -17.135
  -6.828 -16.496 -16.772
  -6.825 -49.500 -49.500
  -6.822 -16.157 -17.211
  -6.819 -16.472 -16.690
  -6.816 -16.325 -49.500
  -6.813 -16.926 -17.276
  -6.810 -49.500     NaN
  -6.807 -16.756 -49.500
  -6.804 -16.714 -49.500
  -6.801 -49.500     NaN
  -6.798 -16.518 -16.927
  -6.795 -16.305 -49.500
  -6.792 -16.617 -16.782
  -6.789 -49.500     NaN
  -6.787 -49.500     NaN
  -6.784 -15.462 -17.246
  -6.781 -16.462 -49.500
  -6.778 -49.500     NaN
  -6.775 -49.500     NaN
  -6.773 -49.500     NaN
  -6.770 -16.470 -17.076
  -6.767 -49.500     NaN
  -6.765 -49.500     NaN
  -6.762 -16.866 -49.500
  -6.759 -49.500     NaN
  -6.757 -49.500     NaN
  -6.754 -16.409 -49.500
  -6.751 -16.298 -49.500
  -6.749 -49.500     NaN
  -6.746 -16.983 -16.983
  -6.744 -16.404 -16.591
  -6.741 -15.498 -49.500
  -6.739 -49.500     NaN
  -6.736 -49.500 -49.500
  -6.734 -16.526 -49.500
  -6.731 -15.295 -49.500
  -6.729 -16.297 -16.757
  -6.726 -16.398 -16.574
  -6.724 -15.694 -15.694
  -6.721 -17.068 -49.500
  -6.719 -49.500 -49.500
  -6.717 -15.330 -49.500
  -6.714 -49.500 -49.500
  -6.712 -16.409 -16.752
  -6.709 -16.963 -49.500
  -6.707 -49.500 -49.500
  -6.705 -49.500     NaN
  -6.702 -49.500 -49.500
  -6.700 -16.768 -16.768
  -6.698 -49.500     NaN
  -6.696 -49.500 -49.500
  -6.693 -15.769 -15.769
  -6.691 -49.500 -49.500
  -6.689 -49.500 -49.500
  -6.687 -49.500 -49.500
  -6.684 -49.500 -49.500
  -6.682 -49.500 -49.500
  -6.680 -49.500 -49.500
  -6.678 -49.500     NaN
  -6.675 -49.500 -49.500
  -6.673 -16.669 -16.669
  -6.671 -49.500 -49.500
  -6.669 -49.500     NaN
  -6.667 -16.355 -49.500
  -6.665 -17.044 -49.500
  -6.663 -49.500     NaN
  -6.661 -15.261 -15.261
  -6.658 -15.734 -15.734
  -6.656 -49.500 -49.500
  -6.654 -49.500     NaN
  -6.652 -16.226 -16.226
  -6.650 -49.500 -49.500
  -6.648 -49.500 -49.500
  -6.646 -16.440 -16.440
  -6.644 -49.500 -49.500
  -6.642 -49.500 -49.500
  -6.640 -49.500 -49.500
  -6.638 -49.500 -49.500
  -6.636 -49.500 -49.500
  -6.634 -17.029 -49.500
  -6.632 -49.500 -49.500
  -6.630 -49.500 -49.500
  -6.628 -49.500     NaN
  -6.626 -16.747 -49.500
  -6.624 -17.071 -49.500
  -6.622 -49.500 -49.500
  -6.620 -49.500 -49.500
  -6.618 -14.867 -49.500
  -6.617 -49.500 -49.500
  -6.615 -49.500 -49.500
  -6.613 -49.500 -49.500
  -6.611 -16.331 -16.331
  -6.609 -49.500 -49.500
  -6.607 -16.693 -49.500
  -6.605 -49.500 -49.500
  -6.603 -49.500 -49.500
  -6.602 -49.500 -49.500
  -6.600 -49.500 -49.500
  -6.598 -49.500 -49.500
  -6.596 -16.156 -16.156
  -6.594 -15.672 -49.500
