  -8.861 -13.911 -13.911
  -8.599 -14.062 -14.062
  -8.442 -14.125 -14.125
  -8.329 -14.102 -14.102
  -8.239 -14.252 -14.252
  -8.166 -14.128 -14.312
  -8.103 -14.227 -14.227
  -8.048 -14.480 -14.480
  -7.999 -14.553 -14.553
  -7.955 -13.879 -14.574
  -7.916 -14.394 -14.394
  -7.879 -14.645 -14.832
  -7.846 -14.692 -14.692
  -7.815 -14.656 -14.656
  -7.786 -14.709 -14.709
  -7.758 -14.616 -14.828
  -7.733 -14.346 -14.760
  -7.709 -14.841 -15.002
  -7.686 -14.761 -15.038
  -7.664 -14.726 -14.978
  -7.643 -14.934 -14.934
  -7.624 -15.143 -15.143
  -7.605 -15.040 -15.040
  -7.586 -14.905 -14.905
  -7.569 -15.066 -15.066
  -7.552 -14.808 -15.041
  -7.536 -14.637 -14.918
  -7.521 -15.164 -15.164
  -7.506 -14.962 -15.116
  -7.491 -15.182 -15.182
  -7.477 -14.947 -14.947
  -7.464 -15.188 -15.188
  -7.451 -15.236 -15.236
  -7.438 -15.100 -15.312
  -7.425 -14.209 -15.218
  -7.413 -15.464 -15.464
  -7.401 -15.045 -15.316
  -7.390 -15.512 -15.512
  -7.379 -15.031 -15.223
  -7.368 -15.434 -15.434
  -7.357 -15.232 -15.484
  -7.347 -14.919 -15.146
  -7.337 -15.407 -15.741
  -7.327 -15.442 -15.442
  -7.317 -15.512 -15.869
  -7.308 -15.280 -15.759
  -7.299 -15.515 -15.515
  -7.290 -14.541 -15.297
  -7.281 -15.468 -15.631
  -7.272 -15.623 -15.781
  -7.264 -15.432 -15.432
  -7.255 -15.652 -15.652
  -7.247 -15.606 -15.606
  -7.239 -15.759 -15.759
  -7.231 -15.571 -15.913
  -7.223 -15.672 -15.867
  -7.216 -15.079 -15.883
  -7.208 -15.835 -15.835
  -7.201 -15.356 -15.739
  -7.194 -15.677 -15.677
  -7.187 -16.088 -16.088
  -7.180 -15.701 -15.701
  -7.173 -14.842 -15.496
  -7.166 -15.945 -16.175
  -7.159 -14.894 -15.883
  -7.153 -15.595 -15.843
  -7.146 -15.367 -15.649
  -7.140 -15.961 -16.167
  -7.133 -15.915 -16.083
  -7.127 -15.334 -15.943
  -7.121 -15.660 -15.988
  -7.115 -15.545 -15.724
  -7.109 -15.756 -15.915
  -7.103 -16.044 -16.311
  -7.098 -16.067 -16.067
  -7.092 -15.813 -16.057
  -7.086 -16.208 -16.651
  -7.081 -16.183 -16.391
  -7.075 -15.973 -16.251
  -7.070 -15.644 -16.328
  -7.064 -15.279 -15.632
  -7.059 -15.597 -16.248
  -7.054 -16.231 -16.231
  -7.049 -16.173 -16.367
  -7.043 -16.424 -16.424
  -7.038 -15.763 -16.110
  -7.033 -17.007 -17.417
  -7.029 -15.684 -16.141
  -7.024 -16.467 -16.467
  -7.019 -16.851 -17.383
  -7.014 -15.320 -15.674
  -7.009 -15.831 -16.446
  -7.005 -16.049 -16.049
  -7.000 -15.799 -16.595
  -6.995 -15.592 -16.106
  -6.991 -15.541 -15.804
  -6.986 -15.865 -15.865
  -6.982 -15.234 -16.294
  -6.978 -49.500     NaN
  -6.973 -15.883 -16.208
  -6.969 -15.846 -16.469
  -6.965 -15.977 -16.478
  -6.961 -15.583 -16.892
  -6.956 -16.242 -16.506
  -6.952 -16.068 -16.337
  -6.948 -16.790 -17.331
  -6.944 -16.664 -17.022
  -6.940 -16.585 -16.585
  -6.936 -15.844 -16.180
  -6.932 -16.155 -16.682
  -6.928 -16.364 -16.627
  -6.924 -49.500     NaN
  -6.920 -16.424 -16.582
  -6.917 -16.232 -16.232
  -6.913 -17.185 -49.500
  -6.909 -16.379 -16.543
  -6.905 -16.066 -22.432
  -6.902 -16.758 -22.263
  -6.898 -15.811 -16.434
  -6.894 -16.478 -17.009
  -6.891 -15.890 -16.255
  -6.887 -15.725 -17.236
  -6.884 -49.500     NaN
  -6.880 -15.989 -16.331
  -6.877 -49.500     NaN
  -6.873 -16.290 -16.795
  -6.870 -16.701 -49.500
  -6.867 -16.307 -16.811
  -6.863 -15.682 -15.967
  -6.860 -16.134 -16.397
  -6.857 -14.921 -16.014
  -6.853 -16.224 -16.819
  -6.850 -16.940 -49.500
  -6.847 -16.623 -16.888
  -6.844 -16.340 -49.500
  -6.840 -16.290 -16.655
  -6.837 -15.765 -16.013
  -6.834 -49.500     NaN
  -6.831 -16.779 -49.500
  -6.828 -49.500     NaN
  -6.825 -16.803 -17.060
  -6.822 -16.463 -16.808
  -6.819 -16.787 -49.500
  -6.816 -49.500     NaN
  -6.813 -16.244 -16.475
  -6.810 -16.578 -16.975
  -6.807 -49.500     NaN
  -6.804 -15.986 -16.305
  -6.801 -16.486 -16.660
  -6.798 -16.837 -49.500
  -6.795 -16.639 -16.793
  -6.792 -16.259 -16.259
  -6.789 -16.322 -49.500
  -6.787 -49.500     NaN
  -6.784 -16.931 -16.931
  -6.781 -49.500     NaN
  -6.778 -15.983 -16.521
  -6.775 -49.500 -49.500
  -6.773 -49.500     NaN
  -6.770 -16.622 -17.417
  -6.767 -49.500 -49.500
  -6.765 -49.500     NaN
  -6.762 -49.500     NaN
  -6.759 -49.500     NaN
  -6.757 -49.500     NaN
  -6.754 -49.500     NaN
  -6.751 -49.500     NaN
  -6.749 -16.710 -49.500
  -6.746 -17.074 -49.500
  -6.744 -16.335 -16.714
  -6.741 -49.500 -49.500
  -6.739 -16.600 -16.600
  -6.736 -16.463 -16.615
  -6.734 -16.080 -17.083
  -6.731 -16.491 -16.700
  -6.729 -49.500 -49.500
  -6.726 -15.417 -49.500
  -6.724 -49.500     NaN
  -6.721 -49.500 -49.500
  -6.719 -49.500     NaN
  -6.717 -49.500 -49.500
  -6.714 -17.263 -49.500
  -6.712 -49.500     NaN
  -6.709 -49.500     NaN
  -6.707 -49.500     NaN
  -6.705 -16.648 -49.500
  -6.702 -49.500 -49.500
  -6.700 -49.500     NaN
  -6.698 -49.500 -49.500
  -6.696 -17.234 -17.234
  -6.693 -49.500     NaN
  -6.691 -16.560 -49.500
  -6.689 -16.842 -16.842
  -6.687 -49.500 -49.500
  -6.684 -49.500     NaN
  -6.682 -49.500 -49.500
  -6.680 -49.500 -49.500
  -6.678 -49.500     NaN
  -6.675 -49.500 -49.500
  -6.673 -16.144 -16.144
  -6.671 -49.500 -49.500
  -6.669 -15.081 -49.500
  -6.667 -16.379 -49.500
  -6.665 -49.500     NaN
  -6.663 -16.123 -16.123
  -6.661 -49.500 -49.500
  -6.658 -49.500 -49.500
  -6.656 -49.500 -49.500
  -6.654 -49.500     NaN
  -6.652 -49.500 -49.500
  -6.650 -49.500 -49.500
  -6.648 -15.898 -15.898
  -6.646 -16.342 -49.500
  -6.644 -16.149 -16.149
  -6.642 -49.500 -49.500
  -6.640 -49.500 -49.500
  -6.638 -49.500 -49.500
  -6.636 -16.318 -49.500
  -6.634 -16.166 -16.166
  -6.632 -16.910 -16.910
  -6.630 -49.500 -49.500
  -6.628 -49.500 -49.500
  -6.626 -49.500 -49.500
  -6.624 -49.500     NaN
  -6.622 -49.500     NaN
  -6.620 -49.500 -49.500
  -6.618 -49.500     NaN
  -6.617 -49.500 -49.500
  -6.615 -49.500 -49.500
  -6.613 -49.500 -49.500
  -6.611 -49.500     NaN
  -6.609 -49.500 -49.500
  -6.607 -49.500 -49.500
  -6.605 -49.500 -49.500
  -6.603 -16.172 -16.172
  -6.602 -49.500     NaN
  -6.600 -16.003 -16.003
  -6.598 -49.500 -49.500
  -6.596 -49.500 -49.500
  -6.594 -49.500 -49.500
