  -8.861 -13.900 -13.900
  -8.599 -14.036 -14.036
  -8.442 -14.050 -14.050
  -8.329 -14.224 -14.224
  -8.239 -14.219 -14.219
  -8.166 -14.418 -14.418
  -8.103 -14.351 -14.351
  -8.048 -14.382 -14.382
  -7.999 -14.551 -14.551
  -7.955 -14.556 -14.556
  -7.916 -14.504 -14.504
  -7.879 -14.589 -14.589
  -7.846 -14.571 -14.571
  -7.815 -14.709 -14.709
  -7.786 -14.381 -14.381
  -7.758 -14.496 -14.738
  -7.733 -14.893 -14.893
  -7.709 -15.044 -15.044
  -7.686 -14.981 -14.981
  -7.664 -14.767 -14.982
  -7.643 -15.035 -15.035
  -7.624 -14.162 -14.588
  -7.605 -14.744 -14.744
  -7.586 -14.816 -15.259
  -7.569 -15.064 -15.064
  -7.552 -14.941 -14.941
  -7.536 -15.086 -15.086
  -7.521 -14.411 -14.781
  -7.506 -15.165 -15.165
  -7.491 -15.034 -15.034
  -7.477 -14.381 -15.097
  -7.464 -15.217 -15.435
  -7.451 -15.266 -15.521
  -7.438 -15.677 -15.677
  -7.425 -15.471 -15.471
  -7.413 -15.207 -15.510
  -7.401 -15.163 -15.163
  -7.390 -14.937 -15.513
  -7.379 -15.092 -15.344
  -7.368 -15.354 -15.560
  -7.357 -15.619 -15.619
  -7.347 -14.766 -15.665
  -7.337 -14.668 -15.788
  -7.327 -14.997 -15.418
  -7.317 -15.345 -15.345
  -7.308 -15.381 -15.381
  -7.299 -15.623 -15.623
  -7.290 -15.714 -15.948
  -7.281 -15.698 -15.892
  -7.272 -14.859 -15.610
  -7.264 -15.782 -15.782
  -7.255 -15.639 -15.821
  -7.247 -15.330 -15.731
  -7.239 -15.538 -15.538
  -7.231 -14.841 -15.709
  -7.223 -15.008 -15.173
  -7.216 -15.776 -15.776
  -7.208 -15.034 -15.722
  -7.201 -15.095 -15.519
  -7.194 -15.159 -15.484
  -7.187 -14.917 -15.798
  -7.180 -15.827 -16.049
  -7.173 -15.999 -16.238
  -7.166 -16.028 -16.028
  -7.159 -14.229 -14.951
  -7.153 -15.819 -16.014
  -7.146 -15.357 -15.656
  -7.140 -14.712 -15.036
  -7.133 -15.979 -15.979
  -7.127 -15.620 -15.872
  -7.121 -14.924 -15.595
  -7.115 -15.864 -16.360
  -7.109 -15.282 -15.282
  -7.103 -15.554 -15.743
  -7.098 -15.514 -16.752
  -7.092 -16.013 -16.013
  -7.086 -15.907 -15.907
  -7.081 -14.845 -16.068
  -7.075 -16.107 -16.107
  -7.070 -15.779 -16.087
  -7.064 -16.021 -16.310
  -7.059 -16.075 -16.265
  -7.054 -15.953 -16.277
  -7.049 -16.034 -16.196
  -7.043 -15.815 -15.815
  -7.038 -16.353 -16.531
  -7.033 -15.758 -16.308
  -7.029 -16.667 -16.920
  -7.024 -16.097 -16.297
  -7.019 -15.468 -16.540
  -7.014 -16.351 -16.351
  -7.009 -16.403 -16.403
  -7.005 -16.781 -17.155
  -7.000 -16.236 -16.387
  -6.995 -16.717 -16.889
  -6.991 -15.932 -16.583
  -6.986 -16.455 -16.659
  -6.982 -15.149 -16.197
  -6.978 -15.504 -15.972
  -6.973 -14.994 -16.086
  -6.969 -15.277 -16.014
  -6.965 -14.942 -16.324
  -6.961 -16.176 -16.560
  -6.956 -16.174 -16.327
  -6.952 -16.077 -16.077
  -6.948 -16.166 -16.166
  -6.944 -16.263 -16.263
  -6.940 -16.161 -16.335
  -6.936 -16.383 -16.581
  -6.932 -15.894 -16.052
  -6.928 -16.232 -16.232
  -6.924 -16.397 -16.599
  -6.920 -16.667 -16.854
  -6.917 -16.358 -16.661
  -6.913 -16.194 -16.194
  -6.909 -15.724 -15.954
  -6.905 -17.122 -49.500
  -6.902 -16.500 -17.078
  -6.898 -15.391 -16.579
  -6.894 -15.339 -16.724
  -6.891 -16.380 -16.619
  -6.887 -16.480 -16.655
  -6.884 -15.718 -49.500
  -6.880 -15.656 -16.706
  -6.877 -15.654 -49.500
  -6.873 -16.191 -16.613
  -6.870 -16.329 -16.329
  -6.867 -16.008 -16.236
  -6.863 -16.249 -17.014
  -6.860 -15.543 -16.256
  -6.857 -15.463 -16.400
  -6.853 -16.642 -49.500
  -6.850 -15.661 -15.845
  -6.847 -16.836 -49.500
  -6.844 -16.536 -49.500
  -6.840 -49.500     NaN
  -6.837 -16.170 -16.505
  -6.834 -49.500     NaN
  -6.831 -16.833 -49.500
  -6.828 -17.220 -49.500
  -6.825 -49.500     NaN
  -6.822 -15.987 -16.368
  -6.819 -16.296 -16.956
  -6.816 -49.500     NaN
  -6.813 -16.645 -16.953
  -6.810 -15.926 -17.272
  -6.807 -17.002 -49.500
  -6.804 -16.068 -16.296
  -6.801 -49.500 -49.500
  -6.798 -49.500     NaN
  -6.795 -49.500     NaN
  -6.792 -49.500     NaN
  -6.789 -16.359 -16.941
  -6.787 -49.500 -49.500
  -6.784 -49.500 -49.500
  -6.781 -17.160 -49.500
  -6.778 -49.500     NaN
  -6.775 -49.500     NaN
  -6.773 -15.652 -15.894
  -6.770 -16.500 -16.701
  -6.767 -16.447 -16.821
  -6.765 -16.324 -49.500
  -6.762 -16.808 -16.808
  -6.759 -15.294 -16.294
  -6.757 -49.500 -49.500
  -6.754 -16.639 -16.921
  -6.751 -16.598 -49.500
  -6.749 -15.717 -17.123
  -6.746 -16.271 -16.271
  -6.744 -49.500     NaN
  -6.741 -49.500     NaN
  -6.739 -16.898 -49.500
  -6.736 -49.500 -49.500
  -6.734 -16.241 -49.500
  -6.731 -14.708 -14.708
  -6.729 -49.500     NaN
  -6.726 -16.766 -49.500
  -6.724 -17.148 -49.500
  -6.721 -49.500     NaN
  -6.719 -16.993 -49.500
  -6.717 -17.071 -49.500
  -6.714 -49.500     NaN
  -6.712 -16.419 -49.500
  -6.709 -49.500     NaN
  -6.707 -49.500 -49.500
  -6.705 -49.500 -49.500
  -6.702 -16.521 -16.921
  -6.700 -15.479 -16.609
  -6.698 -49.500 -49.500
  -6.696 -49.500 -49.500
  -6.693 -49.500     NaN
  -6.691 -49.500 -49.500
  -6.689 -49.500 -49.500
  -6.687 -16.383 -16.559
  -6.684 -49.500 -49.500
  -6.682 -49.500 -49.500
  -6.680 -16.935 -49.500
  -6.678 -16.291 -49.500
  -6.675 -49.500     NaN
  -6.673 -49.500 -49.500
  -6.671 -49.500 -49.500
  -6.669 -49.500 -49.500
  -6.667 -49.500 -49.500
  -6.665 -49.500 -49.500
  -6.663 -49.500 -49.500
  -6.661 -16.184 -49.500
  -6.658 -49.500     NaN
  -6.656 -49.500     NaN
  -6.654 -49.500     NaN
  -6.652 -49.500     NaN
  -6.650 -17.040 -17.040
  -6.648 -49.500 -49.500
  -6.646 -49.500 -49.500
  -6.644 -16.724 -49.500
  -6.642 -49.500 -49.500
  -6.640 -49.500 -49.500
  -6.638 -49.500 -49.500
  -6.636 -49.500 -49.500
  -6.634 -49.500 -49.500
  -6.632 -16.701 -49.500
  -6.630 -49.500     NaN
  -6.628 -49.500 -49.500
  -6.626 -16.943 -49.500
  -6.624 -49.500     NaN
  -6.622 -49.500 -49.500
  -6.620 -49.500 -49.500
  -6.618 -49.500 -49.500
  -6.617 -49.500 -49.500
  -6.615 -49.500 -49.500
  -6.613 -49.500 -49.500
  -6.611 -49.500 -49.500
  -6.609 -15.770 -15.770
  -6.607 -15.540 -49.500
  -6.605 -49.500     NaN
  -6.603 -49.500 -49.500
  -6.602 -16.655 -49.500
  -6.600 -49.500 -49.500
  -6.598 -49.500 -49.500
  -6.596 -49.500 -49.500
  -6.594 -16.265 -16.265
