  -8.861 -13.930 -13.930
  -8.599 -14.059 -14.059
  -8.442 -14.116 -14.116
  -8.329 -14.046 -14.240
  -8.239 -14.319 -14.319
  -8.166 -14.086 -14.398
  -8.103 -14.379 -14.379
  -8.048 -14.305 -14.305
  -7.999 -14.445 -14.445
  -7.955 -14.613 -14.613
  -7.916 -14.638 -14.638
  -7.879 -14.720 -14.720
  -7.846 -14.581 -14.581
  -7.815 -14.538 -14.694
  -7.786 -14.628 -14.628
  -7.758 -14.801 -14.801
  -7.733 -14.740 -14.740
  -7.709 -14.507 -14.507
  -7.686 -15.060 -15.060
  -7.664 -14.645 -14.645
  -7.643 -14.454 -14.856
  -7.624 -14.784 -14.784
  -7.605 -14.811 -15.055
  -7.586 -15.090 -15.090
  -7.569 -14.801 -14.972
  -7.552 -15.046 -15.046
  -7.536 -15.085 -15.085
  -7.521 -15.194 -15.194
  -7.506 -15.098 -15.098
  -7.491 -15.376 -15.376
  -7.477 -15.071 -15.071
  -7.464 -14.843 -15.110
  -7.451 -14.621 -15.248
  -7.438 -15.060 -15.579
  -7.425 -15.332 -15.332
  -7.413 -14.829 -15.096
  -7.401 -15.341 -15.341
  -7.390 -15.114 -15.114
  -7.379 -15.180 -15.180
  -7.368 -14.795 -14.961
  -7.357 -15.148 -15.508
  -7.347 -15.037 -15.245
  -7.337 -15.232 -15.745
  -7.327 -15.718 -15.718
  -7.317 -15.286 -15.731
  -7.308 -15.041 -15.202
  -7.299 -14.944 -15.222
  -7.290 -15.088 -15.555
  -7.281 -15.311 -15.589
  -7.272 -15.588 -15.588
  -7.264 -15.057 -15.266
  -7.255 -15.850 -15.850
  -7.247 -15.115 -15.715
  -7.239 -15.450 -15.729
  -7.231 -14.779 -15.809
  -7.223 -15.228 -15.419
  -7.216 -15.379 -15.564
  -7.208 -15.655 -15.807
  -7.201 -15.720 -15.720
  -7.194 -14.749 -16.013
  -7.187 -15.431 -15.774
  -7.180 -15.945 -16.117
  -7.173 -15.396 -15.802
  -7.166 -15.418 -15.637
  -7.159 -15.886 -15.886
  -7.153 -15.162 -15.936
  -7.146 -15.332 -16.047
  -7.140 -15.689 -15.689
  -7.133 -15.426 -15.426
  -7.127 -15.505 -15.976
  -7.121 -16.048 -16.048
  -7.115 -16.367 -16.367
  -7.109 -15.899 -16.280
  -7.103 -16.107 -16.107
  -7.098 -16.149 -16.149
  -7.092 -15.777 -15.978
  -7.086 -16.267 -16.476
  -7.081 -16.335 -16.335
  -7.075 -16.252 -16.522
  -7.070 -14.403 -16.197
  -7.064 -15.967 -15.967
  -7.059 -16.152 -16.573
  -7.054 -15.521 -15.803
  -7.049 -14.941 -16.168
  -7.043 -15.155 -16.510
  -7.038 -16.467 -16.467
  -7.033 -16.358 -16.705
  -7.029 -15.963 -16.256
  -7.024 -15.694 -15.928
  -7.019 -16.056 -16.303
  -7.014 -15.846 -15.846
  -7.009 -16.448 -16.820
  -7.005 -16.374 -16.701
  -7.000 -15.721 -16.171
  -6.995 -16.941 -16.941
  -6.991 -16.069 -16.327
  -6.986 -16.119 -16.564
  -6.982 -16.604 -16.855
  -6.978 -16.092 -16.927
  -6.973 -16.486 -16.729
  -6.969 -15.200 -16.494
  -6.965 -16.590 -16.876
  -6.961 -16.616 -16.836
  -6.956 -16.432 -16.878
  -6.952 -16.257 -16.919
  -6.948 -16.384 -16.536
  -6.944 -16.131 -16.131
  -6.940 -16.145 -16.890
  -6.936 -17.093 -49.500
  -6.932 -16.801 -17.166
  -6.928 -16.525 -16.683
  -6.924 -16.240 -16.829
  -6.920 -16.215 -16.728
  -6.917 -16.071 -16.877
  -6.913 -16.754 -22.166
  -6.909 -22.633 -22.633
  -6.905 -16.256 -17.324
  -6.902 -15.815 -16.937
  -6.898 -16.613 -17.154
  -6.894 -16.997 -49.500
  -6.891 -15.660 -16.486
  -6.887 -16.246 -16.844
  -6.884 -15.715 -16.152
  -6.880 -15.901 -16.312
  -6.877 -16.392 -16.778
  -6.873 -16.279 -16.279
  -6.870 -15.738 -16.734
  -6.867 -16.288 -49.500
  -6.863 -16.542 -16.542
  -6.860 -16.280 -16.638
  -6.857 -16.553 -49.500
  -6.853 -16.571 -16.847
  -6.850 -16.574 -16.574
  -6.847 -16.608 -49.500
  -6.844 -49.500     NaN
  -6.840 -16.317 -16.627
  -6.837 -16.655 -49.500
  -6.834 -15.892 -49.500
  -6.831 -49.500     NaN
  -6.828 -16.221 -16.418
  -6.825 -16.605 -16.849
  -6.822 -17.067 -49.500
  -6.819 -16.600 -49.500
  -6.816 -16.332 -49.500
  -6.813 -16.464 -16.699
  -6.810 -15.855 -16.743
  -6.807 -16.430 -16.430
  -6.804 -16.313 -16.313
  -6.801 -49.500     NaN
  -6.798 -17.058 -49.500
  -6.795 -16.521 -49.500
  -6.792 -49.500 -49.500
  -6.789 -16.885 -49.500
  -6.787 -16.859 -49.500
  -6.784 -49.500     NaN
  -6.781 -16.703 -49.500
  -6.778 -16.597 -49.500
  -6.775 -49.500 -49.500
  -6.773 -49.500 -49.500
  -6.770 -49.500     NaN
  -6.767 -16.335 -49.500
  -6.765 -16.587 -49.500
  -6.762 -16.668 -16.930
  -6.759 -15.938 -16.609
  -6.757 -16.847 -49.500
  -6.754 -49.500     NaN
  -6.751 -15.969 -17.071
  -6.749 -16.510 -17.051
  -6.746 -49.500     NaN
  -6.744 -49.500     NaN
  -6.741 -16.407 -49.500
  -6.739 -49.500 -49.500
  -6.736 -49.500 -49.500
  -6.734 -16.833 -49.500
  -6.731 -49.500     NaN
  -6.729 -16.221 -16.221
  -6.726 -16.187 -16.591
  -6.724 -16.575 -49.500
  -6.721 -15.781 -15.781
  -6.719 -49.500 -49.500
  -6.717 -49.500 -49.500
  -6.714 -49.500     NaN
  -6.712 -16.958 -16.958
  -6.709 -49.500     NaN
  -6.707 -49.500 -49.500
  -6.705 -49.500 -49.500
  -6.702 -16.103 -49.500
  -6.700 -49.500     NaN
  -6.698 -16.818 -49.500
  -6.696 -49.500 -49.500
  -6.693 -15.505 -16.369
  -6.691 -49.500     NaN
  -6.689 -49.500     NaN
  -6.687 -49.500     NaN
  -6.684 -49.500     NaN
  -6.682 -16.214 -16.214
  -6.680 -49.500 -49.500
  -6.678 -49.500 -49.500
  -6.675 -49.500 -49.500
  -6.673 -49.500 -49.500
  -6.671 -15.751 -15.751
  -6.669 -49.500 -49.500
  -6.667 -15.462 -49.500
  -6.665 -49.500 -49.500
  -6.663 -16.080 -16.629
  -6.661 -49.500     NaN
  -6.658 -16.547 -49.500
  -6.656 -49.500     NaN
  -6.654 -49.500     NaN
  -6.652 -49.500 -49.500
  -6.650 -49.500 -49.500
  -6.648 -49.500     NaN
  -6.646 -15.968 -49.500
  -6.644 -49.500 -49.500
  -6.642 -49.500 -49.500
  -6.640 -49.500 -49.500
  -6.638 -49.500 -49.500
  -6.636 -49.500     NaN
  -6.634 -49.500 -49.500
  -6.632 -49.500     NaN
  -6.630 -49.500 -49.500
  -6.628 -49.500 -49.500
  -6.626 -16.693 -16.693
  -6.624 -16.922 -16.922
  -6.622 -49.500 -49.500
  -6.620 -15.578 -15.578
  -6.618 -49.500 -49.500
  -6.617 -49.500 -49.500
  -6.615 -49.500 -49.500
  -6.613 -49.500 -49.500
  -6.611 -15.906 -15.906
  -6.609 -16.373 -49.500
  -6.607 -49.500 -49.500
  -6.605 -49.500 -49.500
  -6.603 -49.500     NaN
  -6.602 -16.070 -16.070
  -6.600 -49.500 -49.500
  -6.598 -49.500 -49.500
  -6.596 -49.500     NaN
  -6.594 -49.500 -49.500
