  -8.861 -13.929 -13.929
  -8.599 -14.067 -14.067
  -8.442 -14.099 -14.099
  -8.329 -14.220 -14.220
  -8.239 -14.225 -14.225
  -8.166 -14.359 -14.359
  -8.103 -14.510 -14.510
  -8.048 -14.461 -14.461
  -7.999 -14.343 -14.343
  -7.955 -14.447 -14.645
  -7.916 -14.488 -14.488
  -7.879 -14.621 -14.621
  -7.846 -14.680 -14.680
  -7.815 -14.594 -14.594
  -7.786 -14.880 -14.880
  -7.758 -14.874 -14.874
  -7.733 -14.584 -14.881
  -7.709 -14.739 -14.893
  -7.686 -14.719 -14.887
  -7.664 -14.791 -14.791
  -7.643 -14.786 -14.968
  -7.624 -14.707 -14.707
  -7.605 -14.593 -14.773
  -7.586 -14.861 -15.013
  -7.569 -15.212 -15.212
  -7.552 -14.835 -15.059
  -7.536 -14.793 -15.142
  -7.521 -14.916 -14.916
  -7.506 -15.146 -15.146
  -7.491 -15.365 -15.365
  -7.477 -15.000 -15.000
  -7.464 -14.818 -15.195
  -7.451 -15.201 -15.201
  -7.438 -14.881 -15.363
  -7.425 -15.117 -15.276
  -7.413 -15.263 -15.421
  -7.401 -15.034 -15.034
  -7.390 -14.986 -15.497
  -7.379 -15.329 -15.524
  -7.368 -15.611 -15.611
  -7.357 -15.331 -15.331
  -7.347 -15.419 -15.419
  -7.337 -15.438 -15.438
  -7.327 -15.092 -15.092
  -7.317 -15.680 -15.680
  -7.308 -15.423 -15.604
  -7.299 -15.021 -15.744
  -7.290 -15.594 -15.753
  -7.281 -15.379 -15.620
  -7.272 -14.281 -15.662
  -7.264 -15.431 -15.622
  -7.255 -15.307 -15.474
  -7.247 -15.716 -15.716
  -7.239 -15.498 -15.661
  -7.231 -15.081 -15.081
  -7.223 -15.575 -15.780
  -7.216 -15.949 -15.949
  -7.208 -15.770 -15.770
  -7.201 -15.845 -16.259
  -7.194 -14.817 -15.616
  -7.187 -16.116 -16.116
  -7.180 -15.888 -16.089
  -7.173 -16.195 -16.348
  -7.166 -15.656 -15.858
  -7.159 -15.910 -15.910
  -7.153 -15.909 -15.909
  -7.146 -14.531 -15.081
  -7.140 -16.033 -16.033
  -7.133 -15.456 -15.905
  -7.127 -15.644 -15.842
  -7.121 -15.330 -16.128
  -7.115 -15.456 -15.995
  -7.109 -15.483 -16.186
  -7.103 -15.844 -16.352
  -7.098 -16.187 -16.187
  -7.092 -16.101 -16.101
  -7.086 -15.915 -16.210
  -7.081 -15.405 -16.779
  -7.075 -16.077 -16.368
  -7.070 -16.061 -16.549
  -7.064 -15.763 -15.978
  -7.059 -15.674 -16.260
  -7.054 -15.642 -15.642
  -7.049 -16.198 -16.198
  -7.043 -15.495 -16.105
  -7.038 -15.748 -15.960
  -7.033 -16.092 -16.379
  -7.029 -15.911 -16.085
  -7.024 -15.976 -15.976
  -7.019 -15.737 -16.215
  -7.014 -16.009 -16.009
  -7.009 -16.726 -16.726
  -7.005 -16.604 -16.842
  -7.000 -16.500 -16.996
  -6.995 -15.434 -16.159
  -6.991 -15.731 -16.146
  -6.986 -15.833 -16.037
  -6.982 -16.206 -16.206
  -6.978 -15.787 -15.787
  -6.973 -16.043 -16.625
  -6.969 -16.351 -16.837
  -6.965 -16.322 -16.322
  -6.961 -16.576 -16.576
  -6.956 -16.422 -16.594
  -6.952 -15.968 -16.279
  -6.948 -15.697 -16.768
  -6.944 -16.453 -16.453
  -6.940 -16.136 -16.593
  -6.936 -22.210 -22.210
  -6.932 -16.143 -16.445
  -6.928 -15.514 -15.913
  -6.924 -15.962 -16.274
  -6.920 -16.483 -16.483
  -6.917 -17.347 -49.500
  -6.913 -16.890 -49.500
  -6.909 -15.833 -16.670
  -6.905 -15.296 -49.500
  -6.902 -16.905 -49.500
  -6.898 -16.717 -16.717
  -6.894 -16.395 -16.730
  -6.891 -15.671 -16.773
  -6.887 -15.705 -16.769
  -6.884 -16.659 -49.500
  -6.880 -15.961 -16.122
  -6.877 -16.638 -16.899
  -6.873 -16.459 -49.500
  -6.870 -16.134 -16.477
  -6.867 -49.500     NaN
  -6.863 -49.500     NaN
  -6.860 -49.500     NaN
  -6.857 -16.362 -16.545
  -6.853 -49.500     NaN
  -6.850 -16.876 -49.500
  -6.847 -16.861 -49.500
  -6.844 -49.500     NaN
  -6.840 -49.500     NaN
  -6.837 -16.421 -16.755
  -6.834 -16.361 -16.873
  -6.831 -16.040 -49.500
  -6.828 -16.502 -49.500
  -6.825 -15.793 -16.462
  -6.822 -16.298 -49.500
  -6.819 -16.638 -49.500
  -6.816 -17.117 -49.500
  -6.813 -16.424 -16.613
  -6.810 -16.289 -16.800
  -6.807 -16.458 -16.458
  -6.804 -49.500 -49.500
  -6.801 -15.609 -49.500
  -6.798 -49.500     NaN
  -6.795 -49.500     NaN
  -6.792 -16.235 -16.663
  -6.789 -16.307 -16.934
  -6.787 -49.500     NaN
  -6.784 -16.468 -49.500
  -6.781 -49.500 -49.500
  -6.778 -49.500     NaN
  -6.775 -16.614 -49.500
  -6.773 -16.718 -49.500
  -6.770 -16.775 -49.500
  -6.767 -16.842 -49.500
  -6.765 -16.064 -16.230
  -6.762 -16.699 -49.500
  -6.759 -49.500     NaN
  -6.757 -16.297 -16.297
  -6.754 -49.500     NaN
  -6.751 -16.846 -49.500
  -6.749 -15.202 -15.202
  -6.746 -49.500 -49.500
  -6.744 -49.500     NaN
  -6.741 -49.500     NaN
  -6.739 -16.220 -49.500
  -6.736 -16.661 -49.500
  -6.734 -16.752 -49.500
  -6.731 -15.664 -16.274
  -6.729 -16.737 -49.500
  -6.726 -49.500 -49.500
  -6.724 -16.884 -49.500
  -6.721 -16.107 -49.500
  -6.719 -49.500     NaN
  -6.717 -16.105 -16.105
  -6.714 -49.500     NaN
  -6.712 -49.500 -49.500
  -6.709 -16.453 -49.500
  -6.707 -16.656 -49.500
  -6.705 -49.500     NaN
  -6.702 -49.500 -49.500
  -6.700 -16.754 -49.500
  -6.698 -49.500 -49.500
  -6.696 -16.074 -49.500
  -6.693 -14.941 -49.500
  -6.691 -49.500     NaN
  -6.689 -49.500 -49.500
  -6.687 -49.500 -49.500
  -6.684 -16.133 -16.133
  -6.682 -49.500 -49.500
  -6.680 -16.471 -16.653
  -6.678 -16.176 -49.500
  -6.675 -49.500 -49.500
  -6.673 -49.500 -49.500
  -6.671 -16.058 -16.807
  -6.669 -16.214 -49.500
  -6.667 -49.500     NaN
  -6.665 -49.500 -49.500
  -6.663 -49.500 -49.500
  -6.661 -49.500 -49.500
  -6.658 -49.500 -49.500
  -6.656 -16.362 -16.362
  -6.654 -49.500 -49.500
  -6.652 -16.779 -16.779
  -6.650 -49.500 -49.500
  -6.648 -49.500 -49.500
  -6.646 -16.309 -16.309
  -6.644 -49.500 -49.500
  -6.642 -16.392 -16.605
  -6.640 -16.603 -16.603
  -6.638 -49.500 -49.500
  -6.636 -15.950 -49.500
  -6.634 -49.500 -49.500
  -6.632 -49.500 -49.500
  -6.630 -49.500 -49.500
  -6.628 -49.500 -49.500
  -6.626 -16.762 -49.500
  -6.624 -49.500     NaN
  -6.622 -49.500 -49.500
  -6.620 -49.500 -49.500
  -6.618 -49.500 -49.500
  -6.617 -49.500 -49.500
  -6.615 -49.500 -49.500
  -6.613 -49.500     NaN
  -6.611 -49.500     NaN
  -6.609 -49.500 -49.500
  -6.607 -49.500 -49.500
  -6.605 -49.500 -49.500
  -6.603 -49.500 -49.500
  -6.602 -49.500 -49.500
  -6.600 -49.500 -49.500
  -6.598 -49.500 -49.500
  -6.596 -49.500 -49.500
  -6.594 -15.967 -49.500
