  -8.861 -13.875 -13.875
  -8.599 -14.071 -14.071
  -8.442 -14.202 -14.202
  -8.329 -14.164 -14.164
  -8.239 -13.701 -14.314
  -8.166 -14.381 -14.381
  -8.103 -14.479 -14.479
  -8.048 -14.377 -14.377
  -7.999 -14.263 -14.539
  -7.955 -14.441 -14.441
  -7.916 -14.522 -14.522
  -7.879 -14.542 -14.542
  -7.846 -14.592 -14.592
  -7.815 -14.519 -14.519
  -7.786 -14.728 -14.728
  -7.758 -14.730 -14.730
  -7.733 -14.829 -14.829
  -7.709 -14.792 -14.792
  -7.686 -14.799 -15.024
  -7.664 -14.853 -14.853
  -7.643 -14.556 -14.779
  -7.624 -14.864 -15.165
  -7.605 -14.962 -15.237
  -7.586 -15.058 -15.058
  -7.569 -14.783 -14.783
  -7.552 -14.949 -14.949
  -7.536 -14.909 -14.909
  -7.521 -14.978 -14.978
  -7.506 -15.034 -15.034
  -7.491 -14.748 -15.138
  -7.477 -15.105 -15.105
  -7.464 -15.328 -15.328
  -7.451 -15.213 -15.452
  -7.438 -15.348 -15.348
  -7.425 -15.036 -15.320
  -7.413 -15.326 -15.326
  -7.401 -15.084 -15.459
  -7.390 -14.552 -15.528
  -7.379 -15.380 -15.607
  -7.368 -15.310 -15.310
  -7.357 -15.505 -15.505
  -7.347 -15.331 -15.617
  -7.337 -15.671 -15.671
  -7.327 -14.165 -15.733
  -7.317 -15.626 -15.854
  -7.308 -15.628 -15.628
  -7.299 -15.506 -15.660
  -7.290 -15.138 -15.463
  -7.281 -15.851 -15.851
  -7.272 -15.348 -15.868
  -7.264 -15.429 -15.429
  -7.255 -15.422 -15.746
  -7.247 -15.513 -15.719
  -7.239 -15.636 -15.938
  -7.231 -15.732 -15.909
  -7.223 -14.787 -14.960
  -7.216 -15.514 -15.514
  -7.208 -15.827 -16.213
  -7.201 -15.961 -15.961
  -7.194 -15.892 -15.892
  -7.187 -16.198 -16.198
  -7.180 -15.451 -15.873
  -7.173 -15.451 -15.776
  -7.166 -15.675 -15.831
  -7.159 -16.215 -16.215
  -7.153 -15.182 -15.792
  -7.146 -15.937 -15.937
  -7.140 -15.764 -15.764
  -7.133 -14.848 -15.643
  -7.127 -16.240 -16.468
  -7.121 -14.927 -15.701
  -7.115 -16.601 -16.601
  -7.109 -15.629 -15.780
  -7.103 -15.505 -15.974
  -7.098 -16.012 -16.243
  -7.092 -15.922 -16.214
  -7.086 -14.696 -15.568
  -7.081 -15.959 -15.959
  -7.075 -16.316 -16.316
  -7.070 -16.067 -16.250
  -7.064 -15.730 -16.468
  -7.059 -16.012 -16.289
  -7.054 -15.740 -16.171
  -7.049 -16.292 -16.292
  -7.043 -15.663 -15.993
  -7.038 -16.273 -16.273
  -7.033 -16.319 -16.319
  -7.029 -16.491 -16.491
  -7.024 -16.386 -16.386
  -7.019 -16.041 -16.364
  -7.014 -16.424 -16.424
  -7.009 -14.930 -15.351
  -7.005 -16.681 -16.681
  -7.000 -15.651 -15.863
  -6.995 -16.602 -16.602
  -6.991 -15.555 -15.766
  -6.986 -16.820 -17.022
  -6.982 -15.900 -15.900
  -6.978 -15.557 -16.097
  -6.973 -16.424 -16.857
  -6.969 -16.302 -16.471
  -6.965 -16.194 -16.553
  -6.961 -16.297 -16.492
  -6.956 -16.484 -16.484
  -6.952 -14.478 -15.886
  -6.948 -17.102 -21.891
  -6.944 -15.529 -16.419
  -6.940 -16.425 -16.425
  -6.936 -16.291 -16.835
  -6.932 -16.644 -22.829
  -6.928 -16.267 -16.667
  -6.924 -15.867 -16.626
  -6.920 -16.480 -16.663
  -6.917 -15.547 -16.724
  -6.913 -49.500     NaN
  -6.909 -16.323 -16.323
  -6.905 -16.431 -16.431
  -6.902 -15.342 -15.960
  -6.898 -16.885 -17.226
  -6.894 -16.861 -17.031
  -6.891 -49.500     NaN
  -6.887 -16.624 -16.912
  -6.884 -15.022 -16.062
  -6.880 -16.634 -17.324
  -6.877 -17.015 -49.500
  -6.873 -16.725 -49.500
  -6.870 -16.388 -49.500
  -6.867 -16.143 -16.580
  -6.863 -15.837 -16.318
  -6.860 -15.623 -16.262
  -6.857 -16.130 -16.130
  -6.853 -16.372 -16.728
  -6.850 -16.347 -49.500
  -6.847 -16.740 -49.500
  -6.844 -49.500     NaN
  -6.840 -16.589 -17.296
  -6.837 -16.338 -16.750
  -6.834 -16.857 -49.500
  -6.831 -16.796 -17.121
  -6.828 -15.939 -16.349
  -6.825 -16.108 -16.660
  -6.822 -16.755 -17.075
  -6.819 -16.804 -49.500
  -6.816 -49.500     NaN
  -6.813 -49.500     NaN
  -6.810 -16.371 -16.371
  -6.807 -16.596 -49.500
  -6.804 -16.623 -49.500
  -6.801 -16.388 -49.500
  -6.798 -16.626 -49.500
  -6.795 -16.376 -17.004
  -6.792 -49.500     NaN
  -6.789 -49.500     NaN
  -6.787 -16.271 -16.456
  -6.784 -17.200 -49.500
  -6.781 -16.535 -49.500
  -6.778 -16.197 -17.166
  -6.775 -15.559 -16.825
  -6.773 -16.773 -49.500
  -6.770 -49.500     NaN
  -6.767 -49.500 -49.500
  -6.765 -49.500 -49.500
  -6.762 -16.907 -49.500
  -6.759 -49.500     NaN
  -6.757 -16.194 -16.529
  -6.754 -49.500     NaN
  -6.751 -49.500     NaN
  -6.749 -16.330 -49.500
  -6.746 -16.822 -49.500
  -6.744 -16.616 -49.500
  -6.741 -49.500     NaN
  -6.739 -16.268 -49.500
  -6.736 -17.111 -49.500
  -6.734 -16.566 -16.566
  -6.731 -15.798 -17.178
  -6.729 -15.681 -16.575
  -6.726 -16.628 -16.875
  -6.724 -17.143 -17.143
  -6.721 -16.327 -49.500
  -6.719 -49.500     NaN
  -6.717 -49.500 -49.500
  -6.714 -49.500     NaN
  -6.712 -49.500 -49.500
  -6.709 -15.699 -15.941
  -6.707 -49.500     NaN
  -6.705 -16.629 -49.500
  -6.702 -49.500 -49.500
  -6.700 -49.500     NaN
  -6.698 -15.638 -15.638
  -6.696 -49.500     NaN
  -6.693 -49.500     NaN
  -6.691 -15.788 -15.788
  -6.689 -16.431 -16.995
  -6.687 -49.500     NaN
  -6.684 -16.126 -49.500
  -6.682 -49.500     NaN
  -6.680 -49.500 -49.500
  -6.678 -49.500 -49.500
  -6.675 -49.500 -49.500
  -6.673 -49.500 -49.500
  -6.671 -49.500 -49.500
  -6.669 -49.500 -49.500
  -6.667 -49.500 -49.500
  -6.665 -49.500 -49.500
  -6.663 -49.500     NaN
  -6.661 -16.482 -16.482
  -6.658 -49.500 -49.500
  -6.656 -49.500     NaN
  -6.654 -49.500     NaN
  -6.652 -49.500 -49.500
  -6.650 -15.934 -16.752
  -6.648 -49.500     NaN
  -6.646 -15.631 -49.500
  -6.644 -49.500     NaN
  -6.642 -49.500     NaN
  -6.640 -49.500 -49.500
  -6.638 -49.500     NaN
  -6.636 -49.500 -49.500
  -6.634 -49.500 -49.500
  -6.632 -49.500 -49.500
  -6.630 -16.569 -16.569
  -6.628 -49.500 -49.500
  -6.626 -49.500 -49.500
  -6.624 -16.425 -49.500
  -6.622 -16.118 -16.118
  -6.620 -49.500 -49.500
  -6.618 -49.500 -49.500
  -6.617 -16.263 -16.263
  -6.615 -49.500 -49.500
  -6.613 -49.500 -49.500
  -6.611 -49.500     NaN
  -6.609 -49.500 -49.500
  -6.607 -49.500 -49.500
  -6.605 -49.500 -49.500
  -6.603 -16.117 -16.117
  -6.602 -49.500 -49.500
  -6.600 -16.587 -16.587
  -6.598 -49.500 -49.500
  -6.596 -49.500 -49.500
  -6.594 -16.002 -49.500
