  -8.861 -13.901 -13.901
  -8.599 -14.046 -14.046
  -8.442 -14.165 -14.165
  -8.329 -14.259 -14.259
  -8.239 -14.289 -14.289
  -8.166 -14.351 -14.351
  -8.103 -14.386 -14.386
  -8.048 -14.468 -14.468
  -7.999 -14.352 -14.352
  -7.955 -14.231 -14.541
  -7.916 -14.683 -14.683
  -7.879 -14.654 -14.654
  -7.846 -14.698 -14.698
  -7.815 -14.523 -14.523
  -7.786 -14.512 -14.802
  -7.758 -14.532 -14.700
  -7.733 -14.742 -14.926
  -7.709 -14.816 -14.816
  -7.686 -14.997 -14.997
  -7.664 -15.037 -15.037
  -7.643 -14.860 -14.860
  -7.624 -14.948 -15.108
  -7.605 -15.073 -15.073
  -7.586 -14.733 -14.894
  -7.569 -15.125 -15.125
  -7.552 -14.853 -14.853
  -7.536 -14.567 -15.023
  -7.521 -14.649 -14.957
  -7.506 -15.509 -15.509
  -7.491 -14.783 -14.783
  -7.477 -14.867 -15.301
  -7.464 -15.031 -15.031
  -7.451 -14.075 -15.201
  -7.438 -14.940 -15.177
  -7.425 -15.435 -15.435
  -7.413 -15.372 -15.372
  -7.401 -14.573 -15.298
  -7.390 -15.257 -15.487
  -7.379 -15.265 -15.265
  -7.368 -15.085 -15.327
  -7.357 -15.594 -15.594
  -7.347 -15.167 -15.735
  -7.337 -15.041 -15.583
  -7.327 -15.137 -15.137
  -7.317 -15.619 -15.830
  -7.308 -15.608 -15.608
  -7.299 -15.093 -15.499
  -7.290 -15.262 -15.557
  -7.281 -14.948 -15.853
  -7.272 -14.464 -15.483
  -7.264 -15.317 -15.707
  -7.255 -15.627 -15.790
  -7.247 -15.420 -15.881
  -7.239 -15.622 -15.622
  -7.231 -15.194 -15.756
  -7.223 -15.962 -16.141
  -7.216 -15.742 -15.742
  -7.208 -15.700 -15.962
  -7.201 -15.605 -15.852
  -7.194 -15.365 -15.365
  -7.187 -15.162 -16.022
  -7.180 -15.009 -15.519
  -7.173 -15.226 -15.421
  -7.166 -15.604 -15.604
  -7.159 -15.103 -15.593
  -7.153 -15.643 -15.643
  -7.146 -15.494 -15.739
  -7.140 -15.413 -15.790
  -7.133 -15.401 -15.933
  -7.127 -15.889 -15.889
  -7.121 -15.482 -15.482
  -7.115 -15.851 -16.202
  -7.109 -14.899 -15.853
  -7.103 -16.038 -16.038
  -7.098 -15.770 -15.770
  -7.092 -16.108 -16.108
  -7.086 -15.949 -16.322
  -7.081 -15.703 -16.124
  -7.075 -15.312 -15.312
  -7.070 -15.904 -16.092
  -7.064 -16.181 -16.181
  -7.059 -16.095 -16.271
  -7.054 -15.902 -16.124
  -7.049 -15.999 -15.999
  -7.043 -16.188 -17.074
  -7.038 -16.104 -16.104
  -7.033 -16.460 -16.460
  -7.029 -16.139 -16.139
  -7.024 -15.895 -16.327
  -7.019 -16.017 -16.357
  -7.014 -16.332 -16.332
  -7.009 -15.850 -16.084
  -7.005 -16.558 -16.558
  -7.000 -16.085 -17.307
  -6.995 -15.536 -16.165
  -6.991 -16.328 -16.328
  -6.986 -16.049 -16.401
  -6.982 -16.322 -16.681
  -6.978 -15.998 -16.185
  -6.973 -15.878 -16.032
  -6.969 -15.082 -16.471
  -6.965 -15.851 -16.333
  -6.961 -16.068 -16.234
  -6.956 -16.264 -16.431
  -6.952 -17.189 -49.500
  -6.948 -16.342 -16.493
  -6.944 -16.468 -16.884
  -6.940 -16.576 -16.821
  -6.936 -15.925 -16.503
  -6.932 -15.673 -16.403
  -6.928 -16.158 -17.237
  -6.924 -16.800 -49.500
  -6.920 -15.989 -16.632
  -6.917 -15.646 -16.266
  -6.913 -15.625 -16.356
  -6.909 -15.936 -15.936
  -6.905 -16.335 -16.491
  -6.902 -16.802 -49.500
  -6.898 -16.442 -16.617
  -6.894 -49.500     NaN
  -6.891 -15.896 -16.212
  -6.887 -15.836 -15.836
  -6.884 -16.324 -16.589
  -6.880 -16.706 -16.948
  -6.877 -16.771 -49.500
  -6.873 -16.966 -49.500
  -6.870 -15.840 -16.173
  -6.867 -15.661 -16.144
  -6.863 -16.923 -49.500
  -6.860 -16.463 -16.656
  -6.857 -15.494 -16.720
  -6.853 -16.276 -17.105
  -6.850 -16.792 -49.500
  -6.847 -16.954 -49.500
  -6.844 -49.500     NaN
  -6.840 -16.713 -16.954
  -6.837 -15.623 -15.881
  -6.834 -14.968 -17.074
  -6.831 -16.553 -49.500
  -6.828 -16.602 -17.197
  -6.825 -17.337 -49.500
  -6.822 -16.277 -49.500
  -6.819 -15.715 -16.302
  -6.816 -16.052 -16.468
  -6.813 -16.494 -49.500
  -6.810 -16.927 -49.500
  -6.807 -49.500     NaN
  -6.804 -16.858 -49.500
  -6.801 -16.749 -49.500
  -6.798 -16.133 -49.500
  -6.795 -49.500 -49.500
  -6.792 -15.047 -15.961
  -6.789 -16.120 -16.666
  -6.787 -17.159 -49.500
  -6.784 -16.737 -49.500
  -6.781 -49.500     NaN
  -6.778 -16.371 -49.500
  -6.775 -16.430 -49.500
  -6.773 -15.964 -16.775
  -6.770 -16.961 -49.500
  -6.767 -15.099 -16.802
  -6.765 -16.401 -49.500
  -6.762 -49.500     NaN
  -6.759 -16.302 -16.595
  -6.757 -14.740 -49.500
  -6.754 -49.500     NaN
  -6.751 -49.500     NaN
  -6.749 -15.727 -15.727
  -6.746 -16.262 -49.500
  -6.744 -49.500 -49.500
  -6.741 -15.233 -49.500
  -6.739 -49.500 -49.500
  -6.736 -16.163 -49.500
  -6.734 -16.557 -49.500
  -6.731 -49.500 -49.500
  -6.729 -49.500 -49.500
  -6.726 -49.500 -49.500
  -6.724 -16.274 -16.274
  -6.721 -16.577 -49.500
  -6.719 -49.500 -49.500
  -6.717 -16.378 -16.378
  -6.714 -49.500 -49.500
  -6.712 -16.477 -49.500
  -6.709 -49.500 -49.500
  -6.707 -49.500 -49.500
  -6.705 -49.500 -49.500
  -6.702 -49.500 -49.500
  -6.700 -49.500 -49.500
  -6.698 -16.280 -49.500
  -6.696 -49.500 -49.500
  -6.693 -49.500 -49.500
  -6.691 -16.927 -49.500
  -6.689 -16.714 -49.500
  -6.687 -49.500 -49.500
  -6.684 -49.500 -49.500
  -6.682 -49.500 -49.500
  -6.680 -49.500     NaN
  -6.678 -49.500     NaN
  -6.675 -49.500 -49.500
  -6.673 -49.500 -49.500
  -6.671 -16.222 -49.500
  -6.669 -49.500 -49.500
  -6.667 -49.500     NaN
  -6.665 -49.500     NaN
  -6.663 -49.500 -49.500
  -6.661 -49.500 -49.500
  -6.658 -17.058 -49.500
  -6.656 -16.980 -49.500
  -6.654 -49.500 -49.500
  -6.652 -49.500 -49.500
  -6.650 -49.500 -49.500
  -6.648 -49.500 -49.500
  -6.646 -49.500 -49.500
  -6.644 -49.500     NaN
  -6.642 -49.500     NaN
  -6.640 -15.173 -16.465
  -6.638 -49.500 -49.500
  -6.636 -49.500 -49.500
  -6.634 -49.500     NaN
  -6.632 -49.500 -49.500
  -6.630 -49.500 -49.500
  -6.628 -49.500 -49.500
  -6.626 -16.686 -49.500
  -6.624 -49.500 -49.500
  -6.622 -49.500 -49.500
  -6.620 -15.853 -49.500
  -6.618 -49.500 -49.500
  -6.617 -16.439 -49.500
  -6.615 -49.500 -49.500
  -6.613 -16.116 -49.500
  -6.611 -49.500     NaN
  -6.609 -49.500     NaN
  -6.607 -49.500 -49.500
  -6.605 -49.500 -49.500
  -6.603 -49.500 -49.500
  -6.602 -49.500 -49.500
  -6.600 -49.500 -49.500
  -6.598 -49.500     NaN
  -6.596 -16.822 -16.822
  -6.594 -49.500 -49.500
