  -8.861 -13.925 -13.925
  -8.599 -13.982 -13.982
  -8.442 -14.085 -14.085
  -8.329 -14.221 -14.221
  -8.239 -14.293 -14.293
  -8.166 -14.421 -14.421
  -8.103 -14.384 -14.384
  -8.048 -14.449 -14.449
  -7.999 -14.386 -14.386
  -7.955 -14.568 -14.568
  -7.916 -14.467 -14.467
  -7.879 -14.587 -14.587
  -7.846 -14.716 -14.716
  -7.815 -14.764 -14.764
  -7.786 -14.530 -14.530
  -7.758 -14.575 -14.756
  -7.733 -14.746 -14.923
  -7.709 -14.884 -14.884
  -7.686 -14.814 -14.814
  -7.664 -14.667 -15.038
  -7.643 -14.836 -14.836
  -7.624 -14.866 -15.041
  -7.605 -14.621 -14.963
  -7.586 -14.804 -14.804
  -7.569 -14.843 -15.136
  -7.552 -14.700 -14.865
  -7.536 -15.071 -15.071
  -7.521 -14.768 -14.768
  -7.506 -14.921 -15.206
  -7.491 -15.016 -15.016
  -7.477 -15.328 -15.328
  -7.464 -15.315 -15.315
  -7.451 -15.014 -15.250
  -7.438 -15.000 -15.312
  -7.425 -14.589 -15.432
  -7.413 -15.589 -15.589
  -7.401 -15.500 -15.500
  -7.390 -15.365 -15.562
  -7.379 -15.525 -15.525
  -7.368 -14.802 -15.606
  -7.357 -15.688 -15.688
  -7.347 -15.295 -15.295
  -7.337 -15.595 -15.595
  -7.327 -14.802 -15.309
  -7.317 -15.317 -15.610
  -7.308 -15.304 -15.681
  -7.299 -15.221 -15.646
  -7.290 -15.618 -15.849
  -7.281 -15.821 -15.821
  -7.272 -15.344 -15.752
  -7.264 -15.576 -15.576
  -7.255 -15.686 -15.896
  -7.247 -15.292 -15.477
  -7.239 -15.746 -15.746
  -7.231 -15.413 -15.413
  -7.223 -15.638 -15.638
  -7.216 -15.829 -15.986
  -7.208 -15.542 -15.791
  -7.201 -15.804 -15.971
  -7.194 -14.385 -15.773
  -7.187 -15.663 -16.041
  -7.180 -15.628 -15.914
  -7.173 -15.717 -16.026
  -7.166 -15.866 -15.866
  -7.159 -15.311 -15.719
  -7.153 -15.590 -15.856
  -7.146 -16.182 -16.182
  -7.140 -15.913 -16.192
  -7.133 -15.292 -15.553
  -7.127 -15.370 -15.776
  -7.121 -14.991 -15.719
  -7.115 -16.381 -16.381
  -7.109 -15.704 -16.351
  -7.103 -15.607 -15.829
  -7.098 -16.035 -16.035
  -7.092 -15.406 -16.113
  -7.086 -16.150 -16.150
  -7.081 -16.297 -16.297
  -7.075 -15.998 -16.200
  -7.070 -15.132 -16.325
  -7.064 -16.080 -16.274
  -7.059 -15.834 -16.097
  -7.054 -15.824 -15.824
  -7.049 -16.553 -16.796
  -7.043 -16.045 -16.272
  -7.038 -16.323 -16.635
  -7.033 -15.613 -16.157
  -7.029 -15.494 -15.921
  -7.024 -15.820 -16.120
  -7.019 -15.502 -15.834
  -7.014 -16.121 -16.318
  -7.009 -15.413 -16.219
  -7.005 -15.523 -16.291
  -7.000 -16.282 -16.282
  -6.995 -15.497 -15.762
  -6.991 -15.643 -16.113
  -6.986 -16.202 -16.202
  -6.982 -16.644 -16.799
  -6.978 -16.213 -16.213
  -6.973 -16.772 -16.772
  -6.969 -16.011 -16.011
  -6.965 -15.343 -15.512
  -6.961 -16.144 -16.144
  -6.956 -15.992 -16.335
  -6.952 -17.014 -17.276
  -6.948 -16.587 -16.909
  -6.944 -16.033 -16.265
  -6.940 -15.992 -16.230
  -6.936 -14.346 -15.742
  -6.932 -16.013 -16.178
  -6.928 -16.319 -16.989
  -6.924 -16.789 -17.422
  -6.920 -16.068 -16.713
  -6.917 -15.891 -16.640
  -6.913 -16.513 -16.696
  -6.909 -16.366 -16.886
  -6.905 -16.371 -16.697
  -6.902 -15.693 -15.849
  -6.898 -16.424 -16.611
  -6.894 -16.045 -16.223
  -6.891 -15.621 -16.366
  -6.887 -16.691 -17.155
  -6.884 -16.151 -16.151
  -6.880 -16.011 -17.106
  -6.877 -17.095 -49.500
  -6.873 -16.422 -16.610
  -6.870 -15.001 -16.751
  -6.867 -16.369 -16.730
  -6.863 -15.761 -16.896
  -6.860 -16.209 -16.428
  -6.857 -15.985 -16.289
  -6.853 -49.500     NaN
  -6.850 -15.838 -16.534
  -6.847 -15.764 -17.012
  -6.844 -16.966 -49.500
  -6.840 -49.500     NaN
  -6.837 -49.500     NaN
  -6.834 -16.135 -49.500
  -6.831 -16.439 -16.439
  -6.828 -16.654 -17.036
  -6.825 -16.648 -49.500
  -6.822 -15.850 -16.329
  -6.819 -16.294 -16.577
  -6.816 -49.500     NaN
  -6.813 -49.500     NaN
  -6.810 -16.845 -49.500
  -6.807 -16.023 -17.161
  -6.804 -16.287 -16.857
  -6.801 -16.220 -16.711
  -6.798 -16.787 -49.500
  -6.795 -49.500 -49.500
  -6.792 -16.137 -49.500
  -6.789 -16.277 -16.737
  -6.787 -16.179 -49.500
  -6.784 -49.500     NaN
  -6.781 -15.304 -49.500
  -6.778 -49.500 -49.500
  -6.775 -49.500     NaN
  -6.773 -16.366 -49.500
  -6.770 -16.500 -16.710
  -6.767 -49.500     NaN
  -6.765 -16.643 -16.932
  -6.762 -16.088 -49.500
  -6.759 -49.500 -49.500
  -6.757 -49.500     NaN
  -6.754 -15.889 -15.889
  -6.751 -17.224 -49.500
  -6.749 -49.500     NaN
  -6.746 -16.701 -49.500
  -6.744 -49.500     NaN
  -6.741 -16.103 -49.500
  -6.739 -16.648 -16.648
  -6.736 -49.500 -49.500
  -6.734 -16.395 -16.872
  -6.731 -16.126 -16.126
  -6.729 -49.500 -49.500
  -6.726 -49.500 -49.500
  -6.724 -49.500 -49.500
  -6.721 -16.682 -49.500
  -6.719 -16.312 -49.500
  -6.717 -16.692 -49.500
  -6.714 -15.483 -49.500
  -6.712 -16.565 -16.565
  -6.709 -49.500     NaN
  -6.707 -49.500 -49.500
  -6.705 -17.072 -49.500
  -6.702 -16.940 -17.091
  -6.700 -15.871 -49.500
  -6.698 -16.994 -49.500
  -6.696 -49.500 -49.500
  -6.693 -49.500 -49.500
  -6.691 -49.500     NaN
  -6.689 -49.500     NaN
  -6.687 -16.057 -49.500
  -6.684 -49.500     NaN
  -6.682 -49.500 -49.500
  -6.680 -16.132 -16.132
  -6.678 -49.500 -49.500
  -6.675 -17.017 -17.017
  -6.673 -49.500 -49.500
  -6.671 -16.375 -16.548
  -6.669 -49.500 -49.500
  -6.667 -16.165 -49.500
  -6.665 -49.500 -49.500
  -6.663 -49.500 -49.500
  -6.661 -15.255 -15.602
  -6.658 -49.500 -49.500
  -6.656 -49.500 -49.500
  -6.654 -49.500 -49.500
  -6.652 -49.500     NaN
  -6.650 -49.500 -49.500
  -6.648 -49.500 -49.500
  -6.646 -49.500     NaN
  -6.644 -49.500     NaN
  -6.642 -49.500 -49.500
  -6.640 -49.500 -49.500
  -6.638 -16.898 -16.898
  -6.636 -15.277 -49.500
  -6.634 -49.500 -49.500
  -6.632 -49.500 -49.500
  -6.630 -49.500 -49.500
  -6.628 -16.743 -49.500
  -6.626 -49.500 -49.500
  -6.624 -49.500     NaN
  -6.622 -49.500 -49.500
  -6.620 -49.500 -49.500
  -6.618 -49.500 -49.500
  -6.617 -16.345 -49.500
  -6.615 -49.500 -49.500
  -6.613 -49.500 -49.500
  -6.611 -49.500 -49.500
  -6.609 -49.500     NaN
  -6.607 -49.500     NaN
  -6.605 -49.500 -49.500
  -6.603 -49.500 -49.500
  -6.602 -49.500 -49.500
  -6.600 -49.500 -49.500
  -6.598 -16.654 -49.500
  -6.596 -49.500 -49.500
  -6.594 -49.500 -49.500
