  -8.861 -13.914 -13.914
  -8.599 -14.044 -14.044
  -8.442 -14.164 -14.164
  -8.329 -14.231 -14.231
  -8.239 -14.179 -14.179
  -8.166 -14.331 -14.331
  -8.103 -14.133 -14.133
  -8.048 -14.352 -14.352
  -7.999 -14.363 -14.363
  -7.955 -14.529 -14.529
  -7.916 -14.682 -14.682
  -7.879 -14.593 -14.593
  -7.846 -14.288 -14.553
  -7.815 -14.505 -14.505
  -7.786 -14.492 -14.492
  -7.758 -14.970 -14.970
  -7.733 -14.789 -14.789
  -7.709 -14.798 -14.798
  -7.686 -14.905 -14.905
  -7.664 -15.031 -15.031
  -7.643 -14.932 -14.932
  -7.624 -14.631 -14.790
  -7.605 -14.579 -14.579
  -7.586 -14.837 -15.142
  -7.569 -14.883 -14.883
  -7.552 -15.132 -15.132
  -7.536 -14.824 -15.233
  -7.521 -15.255 -15.255
  -7.506 -15.121 -15.121
  -7.491 -14.514 -15.125
  -7.477 -15.200 -15.200
  -7.464 -15.111 -15.111
  -7.451 -14.935 -15.145
  -7.438 -14.703 -14.703
  -7.425 -15.365 -15.525
  -7.413 -15.238 -15.480
  -7.401 -15.321 -15.490
  -7.390 -15.422 -15.422
  -7.379 -15.284 -15.581
  -7.368 -15.589 -15.589
  -7.357 -15.027 -15.422
  -7.347 -15.519 -15.519
  -7.337 -15.263 -15.460
  -7.327 -15.750 -15.750
  -7.317 -15.378 -15.378
  -7.308 -15.697 -15.697
  -7.299 -15.124 -15.585
  -7.290 -15.493 -15.646
  -7.281 -15.707 -15.707
  -7.272 -15.351 -15.544
  -7.264 -15.649 -15.649
  -7.255 -14.618 -15.658
  -7.247 -15.102 -15.335
  -7.239 -15.229 -15.476
  -7.231 -15.084 -15.602
  -7.223 -14.869 -15.841
  -7.216 -15.262 -15.810
  -7.208 -14.981 -15.642
  -7.201 -15.651 -15.896
  -7.194 -15.150 -15.650
  -7.187 -15.596 -15.749
  -7.180 -15.218 -15.864
  -7.173 -15.072 -15.332
  -7.166 -15.856 -16.014
  -7.159 -16.136 -16.535
  -7.153 -15.170 -15.994
  -7.146 -16.116 -16.116
  -7.140 -15.567 -15.740
  -7.133 -15.674 -16.078
  -7.127 -15.282 -15.904
  -7.121 -16.011 -16.011
  -7.115 -16.110 -16.282
  -7.109 -15.427 -16.146
  -7.103 -16.294 -16.294
  -7.098 -15.732 -16.035
  -7.092 -15.971 -16.270
  -7.086 -16.304 -16.491
  -7.081 -15.593 -16.094
  -7.075 -16.254 -16.483
  -7.070 -15.527 -15.860
  -7.064 -16.459 -16.770
  -7.059 -16.146 -16.303
  -7.054 -15.606 -16.162
  -7.049 -15.025 -15.645
  -7.043 -15.826 -15.826
  -7.038 -16.372 -16.679
  -7.033 -16.138 -16.478
  -7.029 -16.437 -16.437
  -7.024 -15.533 -16.335
  -7.019 -15.594 -16.202
  -7.014 -16.394 -16.394
  -7.009 -16.481 -16.481
  -7.005 -16.129 -16.129
  -7.000 -16.457 -16.457
  -6.995 -15.746 -15.913
  -6.991 -15.674 -16.288
  -6.986 -15.967 -16.450
  -6.982 -16.659 -16.659
  -6.978 -23.087 -23.087
  -6.973 -16.545 -16.545
  -6.969 -15.589 -16.163
  -6.965 -16.698 -16.698
  -6.961 -16.056 -16.379
  -6.956 -15.851 -16.083
  -6.952 -16.144 -16.333
  -6.948 -15.889 -16.113
  -6.944 -16.047 -16.414
  -6.940 -16.843 -16.843
  -6.936 -16.247 -16.462
  -6.932 -16.532 -16.719
  -6.928 -16.684 -17.115
  -6.924 -15.506 -16.037
  -6.920 -16.347 -49.500
  -6.917 -16.570 -16.746
  -6.913 -16.046 -16.471
  -6.909 -15.178 -16.743
  -6.905 -16.313 -16.709
  -6.902 -17.077 -49.500
  -6.898 -16.182 -16.360
  -6.894 -16.337 -16.596
  -6.891 -49.500     NaN
  -6.887 -16.434 -16.599
  -6.884 -15.786 -16.461
  -6.880 -16.173 -16.420
  -6.877 -49.500     NaN
  -6.873 -16.166 -16.417
  -6.870 -17.126 -49.500
  -6.867 -16.748 -16.949
  -6.863 -16.776 -49.500
  -6.860 -16.303 -49.500
  -6.857 -16.847 -17.130
  -6.853 -15.311 -16.769
  -6.850 -16.448 -16.991
  -6.847 -16.721 -17.406
  -6.844 -49.500     NaN
  -6.840 -49.500     NaN
  -6.837 -16.589 -49.500
  -6.834 -15.357 -15.740
  -6.831 -15.109 -15.607
  -6.828 -15.606 -16.998
  -6.825 -15.009 -15.373
  -6.822 -16.044 -16.044
  -6.819 -49.500     NaN
  -6.816 -16.430 -17.215
  -6.813 -49.500     NaN
  -6.810 -16.603 -49.500
  -6.807 -49.500     NaN
  -6.804 -16.610 -16.977
  -6.801 -16.482 -49.500
  -6.798 -16.213 -49.500
  -6.795 -16.699 -49.500
  -6.792 -49.500     NaN
  -6.789 -16.212 -16.419
  -6.787 -16.344 -49.500
  -6.784 -49.500     NaN
  -6.781 -16.581 -16.880
  -6.778 -16.840 -49.500
  -6.775 -16.742 -16.742
  -6.773 -16.749 -49.500
  -6.770 -15.571 -49.500
  -6.767 -17.202 -49.500
  -6.765 -16.804 -49.500
  -6.762 -49.500     NaN
  -6.759 -49.500 -49.500
  -6.757 -49.500     NaN
  -6.754 -49.500 -49.500
  -6.751 -49.500 -49.500
  -6.749 -49.500     NaN
  -6.746 -16.001 -49.500
  -6.744 -14.565 -49.500
  -6.741 -15.612 -49.500
  -6.739 -49.500     NaN
  -6.736 -49.500 -49.500
  -6.734 -16.681 -17.077
  -6.731 -15.962 -16.215
  -6.729 -49.500 -49.500
  -6.726 -15.471 -15.471
  -6.724 -49.500 -49.500
  -6.721 -16.690 -49.500
  -6.719 -49.500 -49.500
  -6.717 -49.500     NaN
  -6.714 -49.500 -49.500
  -6.712 -49.500 -49.500
  -6.709 -15.708 -49.500
  -6.707 -15.521 -49.500
  -6.705 -15.093 -15.093
  -6.702 -16.282 -49.500
  -6.700 -15.788 -15.788
  -6.698 -49.500     NaN
  -6.696 -16.295 -49.500
  -6.693 -49.500     NaN
  -6.691 -16.807 -49.500
  -6.689 -49.500 -49.500
  -6.687 -49.500     NaN
  -6.684 -49.500 -49.500
  -6.682 -49.500 -49.500
  -6.680 -16.006 -16.431
  -6.678 -16.827 -49.500
  -6.675 -49.500 -49.500
  -6.673 -49.500     NaN
  -6.671 -49.500 -49.500
  -6.669 -49.500     NaN
  -6.667 -49.500     NaN
  -6.665 -15.826 -49.500
  -6.663 -16.503 -16.503
  -6.661 -15.627 -49.500
  -6.658 -16.839 -49.500
  -6.656 -49.500     NaN
  -6.654 -49.500 -49.500
  -6.652 -49.500 -49.500
  -6.650 -49.500 -49.500
  -6.648 -16.197 -16.197
  -6.646 -49.500 -49.500
  -6.644 -16.618 -49.500
  -6.642 -49.500 -49.500
  -6.640 -14.588 -14.588
  -6.638 -49.500 -49.500
  -6.636 -49.500 -49.500
  -6.634 -49.500 -49.500
  -6.632 -49.500     NaN
  -6.630 -15.998 -15.998
  -6.628 -49.500 -49.500
  -6.626 -16.161 -49.500
  -6.624 -49.500     NaN
  -6.622 -16.604 -16.604
  -6.620 -49.500 -49.500
  -6.618 -49.500 -49.500
  -6.617 -49.500 -49.500
  -6.615 -49.500 -49.500
  -6.613 -49.500     NaN
  -6.611 -49.500 -49.500
  -6.609 -49.500 -49.500
  -6.607 -49.500 -49.500
  -6.605 -49.500 -49.500
  -6.603 -49.500 -49.500
  -6.602 -49.500     NaN
  -6.600 -49.500 -49.500
  -6.598 -49.500 -49.500
  -6.596 -16.410 -49.500
  -6.594 -49.500 -49.500
