  -8.861 -13.904 -13.904
  -8.599 -14.076 -14.076
  -8.442 -14.140 -14.140
  -8.329 -14.274 -14.274
  -8.239 -14.361 -14.361
  -8.166 -14.317 -14.317
  -8.103 -14.363 -14.363
  -8.048 -14.341 -14.341
  -7.999 -14.464 -14.464
  -7.955 -14.502 -14.502
  -7.916 -14.543 -14.543
  -7.879 -14.384 -14.567
  -7.846 -14.594 -14.594
  -7.815 -14.695 -14.695
  -7.786 -14.730 -14.730
  -7.758 -14.763 -14.763
  -7.733 -14.681 -14.681
  -7.709 -15.075 -15.075
  -7.686 -14.857 -14.857
  -7.664 -15.027 -15.027
  -7.643 -14.884 -14.884
  -7.624 -14.905 -14.905
  -7.605 -14.540 -15.020
  -7.586 -14.903 -14.903
  -7.569 -15.247 -15.247
  -7.552 -14.979 -14.979
  -7.536 -14.811 -15.178
  -7.521 -15.371 -15.371
  -7.506 -15.045 -15.229
  -7.491 -15.230 -15.230
  -7.477 -14.670 -15.026
  -7.464 -14.966 -15.316
  -7.451 -15.473 -15.473
  -7.438 -14.770 -15.100
  -7.425 -15.217 -15.422
  -7.413 -14.575 -14.950
  -7.401 -14.711 -14.908
  -7.390 -15.223 -15.401
  -7.379 -15.399 -15.399
  -7.368 -14.591 -15.173
  -7.357 -15.236 -15.236
  -7.347 -15.230 -15.573
  -7.337 -15.702 -15.702
  -7.327 -15.293 -15.293
  -7.317 -14.710 -15.644
  -7.308 -15.688 -15.688
  -7.299 -15.696 -15.696
  -7.290 -14.963 -15.126
  -7.281 -15.425 -15.425
  -7.272 -14.750 -15.401
  -7.264 -15.562 -15.562
  -7.255 -15.733 -15.733
  -7.247 -15.634 -15.634
  -7.239 -15.508 -15.689
  -7.231 -15.364 -15.364
  -7.223 -16.127 -16.127
  -7.216 -15.584 -15.790
  -7.208 -15.591 -15.945
  -7.201 -15.325 -15.622
  -7.194 -15.233 -15.910
  -7.187 -15.541 -15.755
  -7.180 -15.441 -15.668
  -7.173 -15.151 -15.496
  -7.166 -15.697 -16.063
  -7.159 -16.039 -16.039
  -7.153 -15.259 -15.773
  -7.146 -15.291 -15.900
  -7.140 -15.210 -15.958
  -7.133 -14.867 -15.019
  -7.127 -15.853 -16.189
  -7.121 -15.479 -15.944
  -7.115 -14.720 -16.023
  -7.109 -16.616 -16.616
  -7.103 -16.076 -16.076
  -7.098 -15.780 -16.318
  -7.092 -15.629 -15.902
  -7.086 -16.239 -16.421
  -7.081 -15.862 -15.862
  -7.075 -15.717 -16.184
  -7.070 -15.083 -16.172
  -7.064 -15.456 -15.676
  -7.059 -16.135 -16.341
  -7.054 -15.926 -16.408
  -7.049 -15.881 -16.081
  -7.043 -15.646 -15.932
  -7.038 -16.250 -16.482
  -7.033 -15.712 -15.928
  -7.029 -15.831 -15.831
  -7.024 -15.868 -16.079
  -7.019 -16.245 -16.245
  -7.014 -16.390 -16.390
  -7.009 -15.797 -15.797
  -7.005 -16.423 -16.658
  -7.000 -16.084 -16.288
  -6.995 -15.977 -16.168
  -6.991 -16.813 -16.998
  -6.986 -15.536 -15.988
  -6.982 -16.197 -16.355
  -6.978 -16.148 -16.571
  -6.973 -16.263 -16.552
  -6.969 -16.282 -16.513
  -6.965 -22.927 -22.927
  -6.961 -15.175 -16.316
  -6.956 -17.387 -23.133
  -6.952 -16.109 -16.803
  -6.948 -16.035 -16.035
  -6.944 -17.023 -17.263
  -6.940 -16.348 -16.552
  -6.936 -16.412 -16.746
  -6.932 -16.134 -16.720
  -6.928 -16.704 -16.704
  -6.924 -16.608 -16.608
  -6.920 -16.750 -17.004
  -6.917 -16.585 -16.748
  -6.913 -16.413 -16.644
  -6.909 -15.977 -16.787
  -6.905 -49.500     NaN
  -6.902 -15.974 -16.621
  -6.898 -16.168 -16.498
  -6.894 -16.728 -49.500
  -6.891 -16.057 -17.267
  -6.887 -16.294 -16.982
  -6.884 -15.937 -49.500
  -6.880 -15.635 -15.868
  -6.877 -15.131 -15.283
  -6.873 -16.824 -49.500
  -6.870 -16.794 -17.078
  -6.867 -16.066 -17.123
  -6.863 -16.537 -16.812
  -6.860 -16.280 -16.280
  -6.857 -15.848 -17.448
  -6.853 -16.612 -49.500
  -6.850 -16.979 -49.500
  -6.847 -16.822 -49.500
  -6.844 -15.992 -16.332
  -6.840 -15.718 -16.092
  -6.837 -16.657 -17.274
  -6.834 -16.847 -49.500
  -6.831 -49.500     NaN
  -6.828 -49.500     NaN
  -6.825 -16.462 -16.830
  -6.822 -16.174 -17.224
  -6.819 -16.130 -16.613
  -6.816 -16.714 -16.869
  -6.813 -49.500     NaN
  -6.810 -16.909 -49.500
  -6.807 -49.500     NaN
  -6.804 -17.215 -17.435
  -6.801 -16.667 -17.265
  -6.798 -49.500     NaN
  -6.795 -15.993 -16.952
  -6.792 -49.500     NaN
  -6.789 -49.500 -49.500
  -6.787 -16.163 -16.163
  -6.784 -16.799 -49.500
  -6.781 -16.140 -16.845
  -6.778 -16.886 -17.333
  -6.775 -16.741 -16.892
  -6.773 -49.500 -49.500
  -6.770 -16.106 -49.500
  -6.767 -49.500     NaN
  -6.765 -17.049 -17.219
  -6.762 -16.116 -49.500
  -6.759 -49.500     NaN
  -6.757 -17.077 -49.500
  -6.754 -49.500     NaN
  -6.751 -49.500     NaN
  -6.749 -15.783 -15.783
  -6.746 -49.500 -49.500
  -6.744 -16.585 -49.500
  -6.741 -16.031 -49.500
  -6.739 -49.500     NaN
  -6.736 -49.500     NaN
  -6.734 -16.331 -16.619
  -6.731 -49.500     NaN
  -6.729 -49.500 -49.500
  -6.726 -49.500 -49.500
  -6.724 -16.846 -49.500
  -6.721 -16.744 -49.500
  -6.719 -16.298 -16.936
  -6.717 -17.217 -49.500
  -6.714 -49.500 -49.500
  -6.712 -17.047 -49.500
  -6.709 -49.500     NaN
  -6.707 -49.500 -49.500
  -6.705 -16.059 -49.500
  -6.702 -49.500 -49.500
  -6.700 -16.642 -49.500
  -6.698 -49.500 -49.500
  -6.696 -49.500     NaN
  -6.693 -49.500 -49.500
  -6.691 -16.777 -16.777
  -6.689 -16.466 -49.500
  -6.687 -16.874 -49.500
  -6.684 -49.500 -49.500
  -6.682 -15.167 -16.472
  -6.680 -49.500 -49.500
  -6.678 -16.728 -49.500
  -6.675 -49.500 -49.500
  -6.673 -49.500     NaN
  -6.671 -49.500     NaN
  -6.669 -49.500 -49.500
  -6.667 -16.398 -49.500
  -6.665 -49.500 -49.500
  -6.663 -16.667 -49.500
  -6.661 -49.500 -49.500
  -6.658 -49.500     NaN
  -6.656 -49.500 -49.500
  -6.654 -16.873 -49.500
  -6.652 -49.500     NaN
  -6.650 -17.033 -49.500
  -6.648 -49.500 -49.500
  -6.646 -49.500 -49.500
  -6.644 -49.500     NaN
  -6.642 -49.500 -49.500
  -6.640 -49.500     NaN
  -6.638 -15.901 -16.918
  -6.636 -49.500 -49.500
  -6.634 -49.500 -49.500
  -6.632 -49.500 -49.500
  -6.630 -49.500 -49.500
  -6.628 -49.500 -49.500
  -6.626 -49.500 -49.500
  -6.624 -49.500 -49.500
  -6.622 -49.500 -49.500
  -6.620 -16.251 -49.500
  -6.618 -49.500 -49.500
  -6.617 -16.764 -16.764
  -6.615 -49.500 -49.500
  -6.613 -49.500     NaN
  -6.611 -49.500     NaN
  -6.609 -49.500 -49.500
  -6.607 -49.500 -49.500
  -6.605 -49.500 -49.500
  -6.603 -49.500 -49.500
  -6.602 -49.500 -49.500
  -6.600 -49.500 -49.500
  -6.598 -15.094 -49.500
  -6.596 -49.500 -49.500
  -6.594 -49.500 -49.500
