  -8.861 -13.916 -13.916
  -8.599 -14.042 -14.042
  -8.442 -14.111 -14.111
  -8.329 -14.207 -14.207
  -8.239 -14.122 -14.321
  -8.166 -14.331 -14.331
  -8.103 -14.212 -14.478
  -8.048 -14.481 -14.481
  -7.999 -14.485 -14.485
  -7.955 -14.463 -14.463
  -7.916 -14.440 -14.440
  -7.879 -14.298 -14.700
  -7.846 -14.739 -14.739
  -7.815 -14.253 -14.622
  -7.786 -14.370 -14.370
  -7.758 -14.827 -14.827
  -7.733 -14.649 -14.851
  -7.709 -14.719 -14.951
  -7.686 -14.545 -14.877
  -7.664 -15.060 -15.060
  -7.643 -14.896 -14.896
  -7.624 -14.675 -14.675
  -7.605 -14.948 -14.948
  -7.586 -14.711 -14.893
  -7.569 -15.179 -15.179
  -7.552 -14.897 -14.897
  -7.536 -14.706 -14.706
  -7.521 -14.936 -14.936
  -7.506 -14.610 -14.871
  -7.491 -15.383 -15.558
  -7.477 -14.759 -15.203
  -7.464 -15.249 -15.415
  -7.451 -14.852 -15.037
  -7.438 -15.203 -15.203
  -7.425 -15.094 -15.094
  -7.413 -15.109 -15.360
  -7.401 -15.412 -15.412
  -7.390 -15.607 -15.607
  -7.379 -14.821 -15.412
  -7.368 -15.307 -15.307
  -7.357 -15.304 -15.304
  -7.347 -15.538 -15.538
  -7.337 -15.153 -15.484
  -7.327 -14.896 -15.535
  -7.317 -15.547 -15.547
  -7.308 -15.073 -15.224
  -7.299 -15.687 -15.687
  -7.290 -15.799 -15.799
  -7.281 -15.549 -15.816
  -7.272 -15.086 -15.377
  -7.264 -15.550 -15.550
  -7.255 -15.216 -15.407
  -7.247 -15.621 -15.938
  -7.239 -15.466 -15.865
  -7.231 -15.576 -15.736
  -7.223 -15.393 -15.736
  -7.216 -15.862 -15.862
  -7.208 -15.591 -15.768
  -7.201 -15.570 -15.740
  -7.194 -15.155 -15.656
  -7.187 -15.220 -15.749
  -7.180 -15.522 -15.723
  -7.173 -15.571 -15.853
  -7.166 -15.954 -15.954
  -7.159 -15.562 -15.562
  -7.153 -15.740 -16.031
  -7.146 -15.059 -15.958
  -7.140 -15.933 -15.933
  -7.133 -16.106 -16.106
  -7.127 -15.916 -15.916
  -7.121 -15.967 -16.126
  -7.115 -15.923 -16.151
  -7.109 -15.460 -15.909
  -7.103 -15.709 -15.709
  -7.098 -16.381 -16.381
  -7.092 -15.642 -15.642
  -7.086 -16.117 -16.117
  -7.081 -15.865 -16.294
  -7.075 -16.316 -16.505
  -7.070 -15.962 -16.280
  -7.064 -15.959 -15.959
  -7.059 -15.808 -16.072
  -7.054 -14.606 -16.321
  -7.049 -16.022 -16.201
  -7.043 -15.933 -15.933
  -7.038 -15.387 -16.008
  -7.033 -15.758 -16.087
  -7.029 -16.156 -16.156
  -7.024 -15.819 -15.819
  -7.019 -16.076 -16.076
  -7.014 -16.184 -16.370
  -7.009 -16.180 -16.573
  -7.005 -16.284 -16.865
  -7.000 -15.847 -16.009
  -6.995 -17.214 -22.425
  -6.991 -15.841 -16.512
  -6.986 -15.987 -16.153
  -6.982 -16.353 -16.819
  -6.978 -17.093 -17.519
  -6.973 -15.732 -16.633
  -6.969 -15.845 -16.566
  -6.965 -15.384 -16.656
  -6.961 -16.052 -16.737
  -6.956 -16.598 -16.823
  -6.952 -16.233 -16.938
  -6.948 -16.130 -16.517
  -6.944 -15.626 -15.810
  -6.940 -16.065 -16.065
  -6.936 -15.905 -16.557
  -6.932 -15.849 -16.043
  -6.928 -16.455 -16.704
  -6.924 -16.512 -16.677
  -6.920 -15.893 -16.070
  -6.917 -15.751 -16.519
  -6.913 -16.771 -16.926
  -6.909 -15.549 -16.106
  -6.905 -16.716 -17.119
  -6.902 -16.708 -16.708
  -6.898 -16.853 -49.500
  -6.894 -17.001 -22.514
  -6.891 -16.404 -16.926
  -6.887 -16.311 -16.311
  -6.884 -15.967 -16.373
  -6.880 -16.382 -16.553
  -6.877 -16.118 -16.118
  -6.873 -16.736 -16.907
  -6.870 -16.438 -16.797
  -6.867 -16.543 -49.500
  -6.863 -15.448 -16.395
  -6.860 -16.096 -16.539
  -6.857 -15.817 -16.326
  -6.853 -16.578 -16.847
  -6.850 -49.500     NaN
  -6.847 -16.153 -49.500
  -6.844 -16.909 -49.500
  -6.840 -15.862 -16.374
  -6.837 -49.500     NaN
  -6.834 -16.288 -49.500
  -6.831 -15.507 -15.791
  -6.828 -16.211 -16.211
  -6.825 -16.179 -16.405
  -6.822 -16.236 -49.500
  -6.819 -16.399 -49.500
  -6.816 -16.200 -16.738
  -6.813 -16.407 -49.500
  -6.810 -16.610 -17.086
  -6.807 -16.608 -49.500
  -6.804 -17.275 -49.500
  -6.801 -16.919 -49.500
  -6.798 -16.936 -49.500
  -6.795 -16.236 -16.236
  -6.792 -16.676 -49.500
  -6.789 -15.502 -16.603
  -6.787 -16.585 -16.948
  -6.784 -16.756 -17.046
  -6.781 -16.519 -49.500
  -6.778 -16.625 -49.500
  -6.775 -16.701 -49.500
  -6.773 -49.500     NaN
  -6.770 -17.347 -49.500
  -6.767 -49.500 -49.500
  -6.765 -49.500     NaN
  -6.762 -16.674 -49.500
  -6.759 -16.439 -16.682
  -6.757 -49.500     NaN
  -6.754 -49.500     NaN
  -6.751 -16.896 -16.896
  -6.749 -17.137 -17.137
  -6.746 -49.500     NaN
  -6.744 -16.874 -49.500
  -6.741 -16.719 -49.500
  -6.739 -49.500     NaN
  -6.736 -49.500     NaN
  -6.734 -16.791 -16.791
  -6.731 -49.500     NaN
  -6.729 -49.500     NaN
  -6.726 -16.192 -16.583
  -6.724 -16.019 -16.019
  -6.721 -16.773 -49.500
  -6.719 -49.500     NaN
  -6.717 -49.500 -49.500
  -6.714 -49.500 -49.500
  -6.712 -49.500 -49.500
  -6.709 -49.500 -49.500
  -6.707 -49.500     NaN
  -6.705 -16.742 -17.078
  -6.702 -49.500 -49.500
  -6.700 -49.500 -49.500
  -6.698 -49.500     NaN
  -6.696 -16.446 -49.500
  -6.693 -16.235 -49.500
  -6.691 -49.500 -49.500
  -6.689 -49.500 -49.500
  -6.687 -16.586 -49.500
  -6.684 -49.500 -49.500
  -6.682 -49.500     NaN
  -6.680 -49.500 -49.500
  -6.678 -16.418 -49.500
  -6.675 -49.500     NaN
  -6.673 -15.641 -49.500
  -6.671 -49.500     NaN
  -6.669 -49.500     NaN
  -6.667 -49.500 -49.500
  -6.665 -15.898 -15.898
  -6.663 -49.500 -49.500
  -6.661 -49.500 -49.500
  -6.658 -49.500 -49.500
  -6.656 -16.020 -16.020
  -6.654 -49.500 -49.500
  -6.652 -16.425 -49.500
  -6.650 -49.500     NaN
  -6.648 -49.500 -49.500
  -6.646 -17.122 -49.500
  -6.644 -49.500 -49.500
  -6.642 -49.500 -49.500
  -6.640 -49.500 -49.500
  -6.638 -49.500 -49.500
  -6.636 -49.500 -49.500
  -6.634 -49.500 -49.500
  -6.632 -49.500 -49.500
  -6.630 -16.242 -49.500
  -6.628 -16.153 -16.153
  -6.626 -49.500     NaN
  -6.624 -49.500 -49.500
  -6.622 -15.237 -49.500
  -6.620 -49.500 -49.500
  -6.618 -49.500 -49.500
  -6.617 -49.500     NaN
  -6.615 -16.357 -49.500
  -6.613 -49.500 -49.500
  -6.611 -49.500 -49.500
  -6.609 -49.500     NaN
  -6.607 -16.788 -16.788
  -6.605 -49.500     NaN
  -6.603 -49.500 -49.500
  -6.602 -49.500 -49.500
  -6.600 -16.469 -16.469
  -6.598 -49.500 -49.500
  -6.596 -49.500 -49.500
  -6.594 -49.500 -49.500
