  -8.861 -13.895 -13.895
  -8.599 -14.029 -14.029
  -8.442 -14.162 -14.162
  -8.329 -14.275 -14.275
  -8.239 -14.222 -14.222
  -8.166 -14.268 -14.268
  -8.103 -14.351 -14.351
  -8.048 -14.472 -14.472
  -7.999 -14.394 -14.548
  -7.955 -14.459 -14.459
  -7.916 -14.426 -14.636
  -7.879 -14.588 -14.588
  -7.846 -14.681 -14.681
  -7.815 -14.384 -14.670
  -7.786 -14.581 -14.581
  -7.758 -14.562 -14.863
  -7.733 -14.830 -14.830
  -7.709 -14.763 -14.763
  -7.686 -14.829 -14.829
  -7.664 -14.620 -14.620
  -7.643 -14.710 -14.914
  -7.624 -15.056 -15.056
  -7.605 -14.677 -14.677
  -7.586 -14.615 -15.113
  -7.569 -14.861 -14.861
  -7.552 -15.265 -15.265
  -7.536 -15.160 -15.160
  -7.521 -14.652 -15.144
  -7.506 -15.277 -15.277
  -7.491 -14.836 -15.246
  -7.477 -15.191 -15.191
  -7.464 -14.791 -14.985
  -7.451 -15.308 -15.308
  -7.438 -15.285 -15.285
  -7.425 -15.156 -15.372
  -7.413 -15.325 -15.325
  -7.401 -14.794 -15.755
  -7.390 -15.554 -15.554
  -7.379 -15.076 -15.289
  -7.368 -14.473 -15.220
  -7.357 -15.362 -15.577
  -7.347 -14.873 -15.212
  -7.337 -15.344 -15.709
  -7.327 -15.444 -15.615
  -7.317 -15.299 -15.299
  -7.308 -15.440 -15.697
  -7.299 -14.525 -15.546
  -7.290 -15.634 -15.634
  -7.281 -15.117 -15.667
  -7.272 -15.771 -15.771
  -7.264 -15.627 -16.036
  -7.255 -15.436 -15.809
  -7.247 -15.190 -15.523
  -7.239 -15.697 -15.697
  -7.231 -15.957 -16.167
  -7.223 -15.427 -15.427
  -7.216 -15.564 -15.894
  -7.208 -15.355 -15.733
  -7.201 -15.227 -15.651
  -7.194 -15.337 -15.654
  -7.187 -15.284 -15.815
  -7.180 -15.573 -15.826
  -7.173 -15.825 -15.825
  -7.166 -15.372 -15.372
  -7.159 -15.595 -16.104
  -7.153 -15.820 -15.820
  -7.146 -15.921 -16.111
  -7.140 -15.764 -15.764
  -7.133 -14.592 -15.740
  -7.127 -16.138 -16.138
  -7.121 -15.397 -15.740
  -7.115 -14.579 -15.589
  -7.109 -15.501 -16.135
  -7.103 -16.109 -16.109
  -7.098 -15.770 -15.770
  -7.092 -15.818 -16.010
  -7.086 -15.203 -16.186
  -7.081 -15.582 -15.989
  -7.075 -14.935 -15.535
  -7.070 -15.511 -15.677
  -7.064 -15.217 -15.752
  -7.059 -16.230 -16.230
  -7.054 -16.071 -16.239
  -7.049 -15.615 -15.997
  -7.043 -16.319 -16.530
  -7.038 -15.458 -16.299
  -7.033 -15.942 -15.942
  -7.029 -16.875 -17.137
  -7.024 -16.102 -16.268
  -7.019 -16.340 -16.340
  -7.014 -16.444 -16.618
  -7.009 -16.163 -16.163
  -7.005 -15.124 -15.445
  -7.000 -15.652 -16.134
  -6.995 -16.286 -16.474
  -6.991 -14.928 -16.201
  -6.986 -15.403 -16.310
  -6.982 -16.360 -16.545
  -6.978 -15.892 -15.892
  -6.973 -16.418 -16.721
  -6.969 -15.004 -15.729
  -6.965 -16.162 -16.383
  -6.961 -15.730 -16.019
  -6.956 -15.479 -15.950
  -6.952 -16.521 -16.521
  -6.948 -16.205 -16.368
  -6.944 -17.244 -49.500
  -6.940 -15.472 -16.421
  -6.936 -15.706 -15.893
  -6.932 -13.602 -16.065
  -6.928 -16.445 -16.660
  -6.924 -16.415 -16.923
  -6.920 -15.773 -16.326
  -6.917 -16.787 -17.233
  -6.913 -15.768 -16.767
  -6.909 -16.128 -16.430
  -6.905 -15.791 -15.791
  -6.902 -16.512 -16.685
  -6.898 -16.652 -17.075
  -6.894 -16.259 -49.500
  -6.891 -17.020 -49.500
  -6.887 -16.405 -16.889
  -6.884 -16.921 -17.090
  -6.880 -15.647 -16.712
  -6.877 -16.174 -16.703
  -6.873 -16.366 -16.643
  -6.870 -16.974 -49.500
  -6.867 -16.201 -17.025
  -6.863 -49.500     NaN
  -6.860 -16.810 -49.500
  -6.857 -16.579 -17.098
  -6.853 -16.197 -16.417
  -6.850 -17.111 -49.500
  -6.847 -16.763 -49.500
  -6.844 -16.576 -17.184
  -6.840 -15.896 -16.137
  -6.837 -15.733 -49.500
  -6.834 -16.081 -16.425
  -6.831 -16.857 -49.500
  -6.828 -49.500 -49.500
  -6.825 -14.865 -49.500
  -6.822 -16.847 -17.311
  -6.819 -49.500     NaN
  -6.816 -16.864 -16.864
  -6.813 -16.303 -49.500
  -6.810 -15.899 -16.642
  -6.807 -49.500     NaN
  -6.804 -49.500     NaN
  -6.801 -16.182 -17.037
  -6.798 -16.755 -49.500
  -6.795 -49.500     NaN
  -6.792 -16.107 -16.471
  -6.789 -16.603 -49.500
  -6.787 -49.500 -49.500
  -6.784 -15.781 -15.781
  -6.781 -16.684 -49.500
  -6.778 -16.702 -49.500
  -6.775 -16.774 -49.500
  -6.773 -15.429 -15.658
  -6.770 -16.685 -17.029
  -6.767 -16.455 -16.847
  -6.765 -49.500     NaN
  -6.762 -49.500     NaN
  -6.759 -49.500 -49.500
  -6.757 -17.150 -49.500
  -6.754 -17.264 -49.500
  -6.751 -16.905 -49.500
  -6.749 -49.500 -49.500
  -6.746 -16.241 -49.500
  -6.744 -49.500     NaN
  -6.741 -16.480 -49.500
  -6.739 -16.347 -16.347
  -6.736 -16.156 -16.931
  -6.734 -16.227 -49.500
  -6.731 -16.441 -16.619
  -6.729 -14.958 -49.500
  -6.726 -15.585 -49.500
  -6.724 -16.345 -49.500
  -6.721 -49.500     NaN
  -6.719 -49.500 -49.500
  -6.717 -49.500     NaN
  -6.714 -16.541 -16.905
  -6.712 -49.500     NaN
  -6.709 -16.719 -49.500
  -6.707 -16.478 -16.478
  -6.705 -17.205 -49.500
  -6.702 -49.500 -49.500
  -6.700 -49.500 -49.500
  -6.698 -16.255 -16.492
  -6.696 -49.500 -49.500
  -6.693 -49.500 -49.500
  -6.691 -49.500     NaN
  -6.689 -15.978 -16.135
  -6.687 -49.500     NaN
  -6.684 -49.500 -49.500
  -6.682 -49.500     NaN
  -6.680 -49.500 -49.500
  -6.678 -14.916 -14.916
  -6.675 -49.500 -49.500
  -6.673 -49.500     NaN
  -6.671 -49.500     NaN
  -6.669 -15.842 -49.500
  -6.667 -49.500 -49.500
  -6.665 -49.500 -49.500
  -6.663 -49.500 -49.500
  -6.661 -15.955 -49.500
  -6.658 -49.500     NaN
  -6.656 -49.500     NaN
  -6.654 -49.500     NaN
  -6.652 -16.209 -16.209
  -6.650 -49.500 -49.500
  -6.648 -49.500     NaN
  -6.646 -49.500     NaN
  -6.644 -49.500 -49.500
  -6.642 -49.500 -49.500
  -6.640 -49.500 -49.500
  -6.638 -49.500 -49.500
  -6.636 -16.439 -49.500
  -6.634 -49.500 -49.500
  -6.632 -49.500 -49.500
  -6.630 -49.500 -49.500
  -6.628 -49.500 -49.500
  -6.626 -49.500     NaN
  -6.624 -49.500 -49.500
  -6.622 -49.500 -49.500
  -6.620 -49.500 -49.500
  -6.618 -49.500 -49.500
  -6.617 -49.500 -49.500
  -6.615 -49.500 -49.500
  -6.613 -15.947 -16.376
  -6.611 -49.500 -49.500
  -6.609 -49.500 -49.500
  -6.607 -49.500 -49.500
  -6.605 -49.500 -49.500
  -6.603 -49.500     NaN
  -6.602 -49.500 -49.500
  -6.600 -49.500 -49.500
  -6.598 -49.500 -49.500
  -6.596 -49.500 -49.500
  -6.594 -49.500     NaN
