  -8.861 -13.892 -13.892
  -8.599 -14.052 -14.052
  -8.442 -14.171 -14.171
  -8.329 -14.162 -14.162
  -8.239 -14.237 -14.237
  -8.166 -14.216 -14.216
  -8.103 -14.325 -14.325
  -8.048 -14.503 -14.503
  -7.999 -14.422 -14.422
  -7.955 -14.267 -14.267
  -7.916 -14.516 -14.516
  -7.879 -14.615 -14.615
  -7.846 -14.865 -14.865
  -7.815 -14.627 -14.627
  -7.786 -14.744 -14.744
  -7.758 -14.638 -14.638
  -7.733 -14.749 -14.749
  -7.709 -14.615 -14.902
  -7.686 -14.545 -14.941
  -7.664 -14.941 -14.941
  -7.643 -14.490 -14.746
  -7.624 -14.968 -14.968
  -7.605 -14.625 -14.872
  -7.586 -14.634 -15.057
  -7.569 -15.134 -15.134
  -7.552 -14.677 -14.875
  -7.536 -14.803 -15.154
  -7.521 -14.997 -14.997
  -7.506 -15.329 -15.329
  -7.491 -15.338 -15.338
  -7.477 -15.534 -15.534
  -7.464 -14.891 -14.891
  -7.451 -15.591 -15.591
  -7.438 -15.604 -15.604
  -7.425 -14.768 -15.386
  -7.413 -15.080 -15.279
  -7.401 -14.171 -14.893
  -7.390 -15.545 -15.545
  -7.379 -15.398 -15.398
  -7.368 -15.516 -15.713
  -7.357 -15.591 -15.591
  -7.347 -15.432 -15.432
  -7.337 -15.329 -15.329
  -7.327 -15.750 -15.750
  -7.317 -15.767 -15.767
  -7.308 -15.297 -15.297
  -7.299 -15.007 -15.311
  -7.290 -15.446 -15.634
  -7.281 -15.186 -15.817
  -7.272 -15.193 -15.193
  -7.264 -15.599 -15.599
  -7.255 -14.902 -15.505
  -7.247 -14.887 -15.318
  -7.239 -15.334 -15.631
  -7.231 -15.619 -15.619
  -7.223 -15.533 -15.735
  -7.216 -15.896 -15.896
  -7.208 -15.075 -15.530
  -7.201 -15.818 -15.818
  -7.194 -15.181 -15.947
  -7.187 -15.940 -16.105
  -7.180 -15.727 -16.086
  -7.173 -15.705 -16.184
  -7.166 -15.451 -16.029
  -7.159 -15.654 -15.654
  -7.153 -14.692 -15.402
  -7.146 -16.083 -16.083
  -7.140 -15.458 -15.776
  -7.133 -15.169 -15.384
  -7.127 -15.223 -16.151
  -7.121 -16.123 -16.123
  -7.115 -15.333 -15.866
  -7.109 -16.243 -16.243
  -7.103 -15.309 -15.821
  -7.098 -15.188 -15.617
  -7.092 -15.949 -16.218
  -7.086 -16.308 -16.511
  -7.081 -14.642 -15.957
  -7.075 -14.739 -15.160
  -7.070 -15.217 -16.184
  -7.064 -16.318 -16.318
  -7.059 -15.948 -16.118
  -7.054 -15.207 -15.834
  -7.049 -15.987 -16.290
  -7.043 -15.340 -16.121
  -7.038 -15.398 -15.868
  -7.033 -16.533 -16.733
  -7.029 -16.082 -16.660
  -7.024 -15.971 -16.222
  -7.019 -15.884 -15.884
  -7.014 -15.638 -15.898
  -7.009 -16.153 -16.153
  -7.005 -15.921 -16.152
  -7.000 -16.346 -16.562
  -6.995 -15.841 -15.995
  -6.991 -16.309 -16.480
  -6.986 -17.229 -49.500
  -6.982 -16.351 -16.522
  -6.978 -16.301 -16.301
  -6.973 -16.176 -16.712
  -6.969 -15.736 -15.736
  -6.965 -15.782 -16.014
  -6.961 -16.716 -16.716
  -6.956 -15.812 -15.812
  -6.952 -16.866 -17.074
  -6.948 -15.822 -16.566
  -6.944 -16.179 -16.624
  -6.940 -16.561 -16.738
  -6.936 -16.473 -16.896
  -6.932 -15.634 -15.980
  -6.928 -16.003 -16.402
  -6.924 -16.578 -49.500
  -6.920 -16.321 -16.579
  -6.917 -16.301 -16.814
  -6.913 -16.205 -16.520
  -6.909 -16.601 -16.850
  -6.905 -15.397 -16.300
  -6.902 -16.269 -16.503
  -6.898 -16.370 -17.090
  -6.894 -16.524 -17.028
  -6.891 -16.504 -16.504
  -6.887 -16.189 -16.189
  -6.884 -49.500     NaN
  -6.880 -16.838 -17.116
  -6.877 -49.500     NaN
  -6.873 -16.310 -16.613
  -6.870 -16.892 -49.500
  -6.867 -16.336 -49.500
  -6.863 -15.789 -16.170
  -6.860 -49.500 -49.500
  -6.857 -49.500     NaN
  -6.853 -16.353 -16.725
  -6.850 -16.658 -17.036
  -6.847 -16.578 -16.941
  -6.844 -16.132 -16.658
  -6.840 -16.526 -17.070
  -6.837 -16.084 -16.453
  -6.834 -49.500     NaN
  -6.831 -16.230 -49.500
  -6.828 -16.370 -16.664
  -6.825 -49.500     NaN
  -6.822 -49.500     NaN
  -6.819 -15.686 -16.307
  -6.816 -15.926 -49.500
  -6.813 -15.662 -16.536
  -6.810 -16.739 -49.500
  -6.807 -16.606 -17.241
  -6.804 -16.170 -16.848
  -6.801 -16.199 -16.505
  -6.798 -16.986 -49.500
  -6.795 -49.500     NaN
  -6.792 -16.139 -16.511
  -6.789 -16.714 -49.500
  -6.787 -16.028 -16.814
  -6.784 -16.256 -49.500
  -6.781 -16.712 -16.963
  -6.778 -17.082 -49.500
  -6.775 -16.434 -49.500
  -6.773 -16.527 -49.500
  -6.770 -16.641 -49.500
  -6.767 -15.427 -49.500
  -6.765 -49.500 -49.500
  -6.762 -49.500     NaN
  -6.759 -16.514 -49.500
  -6.757 -49.500     NaN
  -6.754 -16.354 -49.500
  -6.751 -49.500     NaN
  -6.749 -49.500 -49.500
  -6.746 -14.380 -14.380
  -6.744 -49.500     NaN
  -6.741 -49.500 -49.500
  -6.739 -15.885 -16.287
  -6.736 -49.500     NaN
  -6.734 -49.500 -49.500
  -6.731 -49.500     NaN
  -6.729 -17.006 -49.500
  -6.726 -49.500 -49.500
  -6.724 -49.500     NaN
  -6.721 -49.500 -49.500
  -6.719 -16.501 -49.500
  -6.717 -49.500     NaN
  -6.714 -49.500 -49.500
  -6.712 -49.500     NaN
  -6.709 -49.500 -49.500
  -6.707 -16.767 -16.767
  -6.705 -49.500 -49.500
  -6.702 -16.430 -49.500
  -6.700 -49.500     NaN
  -6.698 -49.500 -49.500
  -6.696 -49.500     NaN
  -6.693 -49.500 -49.500
  -6.691 -16.623 -16.623
  -6.689 -49.500     NaN
  -6.687 -49.500 -49.500
  -6.684 -49.500 -49.500
  -6.682 -16.317 -49.500
  -6.680 -17.098 -49.500
  -6.678 -16.285 -49.500
  -6.675 -49.500 -49.500
  -6.673 -49.500 -49.500
  -6.671 -16.095 -16.095
  -6.669 -15.625 -16.600
  -6.667 -49.500 -49.500
  -6.665 -49.500     NaN
  -6.663 -16.236 -49.500
  -6.661 -16.237 -16.237
  -6.658 -49.500 -49.500
  -6.656 -49.500     NaN
  -6.654 -15.833 -15.833
  -6.652 -49.500     NaN
  -6.650 -49.500 -49.500
  -6.648 -49.500 -49.500
  -6.646 -49.500     NaN
  -6.644 -49.500 -49.500
  -6.642 -16.098 -49.500
  -6.640 -49.500     NaN
  -6.638 -16.975 -49.500
  -6.636 -49.500     NaN
  -6.634 -17.078 -49.500
  -6.632 -49.500     NaN
  -6.630 -49.500 -49.500
  -6.628 -49.500 -49.500
  -6.626 -49.500 -49.500
  -6.624 -49.500 -49.500
  -6.622 -49.500 -49.500
  -6.620 -49.500     NaN
  -6.618 -15.447 -15.447
  -6.617 -49.500     NaN
  -6.615 -49.500 -49.500
  -6.613 -49.500 -49.500
  -6.611 -49.500 -49.500
  -6.609 -49.500 -49.500
  -6.607 -49.500 -49.500
  -6.605 -15.910 -15.910
  -6.603 -49.500     NaN
  -6.602 -16.400 -16.400
  -6.600 -49.500 -49.500
  -6.598 -49.500 -49.500
  -6.596 -49.500 -49.500
  -6.594 -49.500     NaN
