  -8.861 -13.908 -13.908
  -8.599 -14.066 -14.066
  -8.442 -14.143 -14.143
  -8.329 -14.103 -14.103
  -8.239 -14.349 -14.349
  -8.166 -14.418 -14.418
  -8.103 -14.350 -14.350
  -8.048 -14.581 -14.581
  -7.999 -14.522 -14.522
  -7.955 -14.569 -14.569
  -7.916 -14.364 -14.364
  -7.879 -14.375 -14.375
  -7.846 -14.671 -14.671
  -7.815 -14.617 -14.617
  -7.786 -14.591 -14.591
  -7.758 -14.698 -14.698
  -7.733 -14.838 -14.838
  -7.709 -14.839 -14.839
  -7.686 -14.745 -14.745
  -7.664 -14.970 -14.970
  -7.643 -14.741 -14.952
  -7.624 -15.106 -15.106
  -7.605 -14.999 -14.999
  -7.586 -14.727 -15.007
  -7.569 -14.936 -14.936
  -7.552 -14.731 -15.083
  -7.536 -15.338 -15.338
  -7.521 -15.076 -15.076
  -7.506 -14.926 -14.926
  -7.491 -15.074 -15.074
  -7.477 -15.080 -15.080
  -7.464 -15.393 -15.393
  -7.451 -14.891 -15.132
  -7.438 -15.268 -15.268
  -7.425 -13.712 -15.485
  -7.413 -15.077 -15.298
  -7.401 -15.003 -15.272
  -7.390 -15.444 -15.444
  -7.379 -14.919 -15.492
  -7.368 -15.429 -15.429
  -7.357 -14.923 -15.439
  -7.347 -15.510 -15.510
  -7.337 -15.657 -15.657
  -7.327 -15.404 -15.710
  -7.317 -14.306 -15.415
  -7.308 -15.520 -15.870
  -7.299 -15.729 -15.729
  -7.290 -15.501 -15.501
  -7.281 -14.987 -15.143
  -7.272 -14.404 -15.597
  -7.264 -15.567 -15.763
  -7.255 -15.926 -15.926
  -7.247 -16.017 -16.017
  -7.239 -14.314 -15.656
  -7.231 -16.053 -16.053
  -7.223 -15.172 -15.586
  -7.216 -15.568 -15.732
  -7.208 -14.556 -15.718
  -7.201 -15.907 -16.101
  -7.194 -15.712 -16.140
  -7.187 -15.409 -15.708
  -7.180 -15.877 -16.029
  -7.173 -15.298 -15.561
  -7.166 -15.181 -15.181
  -7.159 -15.907 -16.064
  -7.153 -15.368 -15.779
  -7.146 -15.267 -15.993
  -7.140 -15.654 -15.997
  -7.133 -16.153 -16.343
  -7.127 -14.792 -15.750
  -7.121 -15.939 -15.939
  -7.115 -15.870 -15.870
  -7.109 -16.198 -16.198
  -7.103 -15.167 -15.702
  -7.098 -15.824 -16.053
  -7.092 -15.924 -15.924
  -7.086 -15.913 -16.274
  -7.081 -14.764 -15.855
  -7.075 -16.467 -16.467
  -7.070 -15.822 -15.822
  -7.064 -14.953 -15.333
  -7.059 -16.204 -16.204
  -7.054 -15.184 -15.372
  -7.049 -14.918 -16.101
  -7.043 -16.317 -16.543
  -7.038 -16.543 -16.736
  -7.033 -15.939 -16.115
  -7.029 -16.387 -16.387
  -7.024 -16.152 -16.327
  -7.019 -16.377 -16.793
  -7.014 -15.270 -16.282
  -7.009 -16.171 -16.171
  -7.005 -15.805 -16.111
  -7.000 -16.557 -16.746
  -6.995 -15.994 -16.149
  -6.991 -15.731 -15.731
  -6.986 -16.114 -16.114
  -6.982 -15.952 -16.501
  -6.978 -16.235 -16.437
  -6.973 -15.474 -15.702
  -6.969 -15.892 -16.215
  -6.965 -15.124 -16.409
  -6.961 -16.396 -49.500
  -6.956 -14.898 -16.657
  -6.952 -15.280 -15.677
  -6.948 -15.849 -49.500
  -6.944 -16.641 -16.641
  -6.940 -16.642 -16.642
  -6.936 -16.427 -16.967
  -6.932 -16.016 -16.228
  -6.928 -16.852 -17.267
  -6.924 -16.369 -16.369
  -6.920 -16.165 -16.471
  -6.917 -16.714 -16.883
  -6.913 -16.732 -17.092
  -6.909 -16.260 -16.582
  -6.905 -15.948 -16.883
  -6.902 -17.225 -49.500
  -6.898 -16.429 -16.961
  -6.894 -16.945 -22.745
  -6.891 -15.200 -16.428
  -6.887 -16.440 -16.690
  -6.884 -16.073 -16.788
  -6.880 -16.322 -16.322
  -6.877 -15.584 -16.390
  -6.873 -16.940 -17.156
  -6.870 -16.328 -16.328
  -6.867 -15.839 -16.342
  -6.863 -49.500 -49.500
  -6.860 -16.935 -49.500
  -6.857 -16.298 -49.500
  -6.853 -16.407 -49.500
  -6.850 -16.605 -16.964
  -6.847 -16.557 -16.557
  -6.844 -16.282 -16.484
  -6.840 -16.535 -49.500
  -6.837 -15.924 -49.500
  -6.834 -16.937 -49.500
  -6.831 -49.500     NaN
  -6.828 -16.753 -17.051
  -6.825 -17.217 -49.500
  -6.822 -15.353 -16.663
  -6.819 -49.500     NaN
  -6.816 -16.076 -49.500
  -6.813 -16.012 -16.292
  -6.810 -15.997 -49.500
  -6.807 -15.859 -49.500
  -6.804 -16.975 -49.500
  -6.801 -16.732 -17.009
  -6.798 -16.294 -16.749
  -6.795 -49.500     NaN
  -6.792 -49.500     NaN
  -6.789 -16.647 -16.862
  -6.787 -49.500     NaN
  -6.784 -49.500     NaN
  -6.781 -16.111 -49.500
  -6.778 -16.257 -49.500
  -6.775 -49.500 -49.500
  -6.773 -49.500     NaN
  -6.770 -16.837 -49.500
  -6.767 -49.500     NaN
  -6.765 -14.758 -49.500
  -6.762 -15.787 -16.126
  -6.759 -16.589 -49.500
  -6.757 -49.500 -49.500
  -6.754 -15.852 -16.687
  -6.751 -49.500     NaN
  -6.749 -49.500     NaN
  -6.746 -49.500     NaN
  -6.744 -16.357 -49.500
  -6.741 -16.893 -49.500
  -6.739 -49.500     NaN
  -6.736 -49.500 -49.500
  -6.734 -16.037 -16.037
  -6.731 -49.500 -49.500
  -6.729 -49.500     NaN
  -6.726 -49.500 -49.500
  -6.724 -16.141 -49.500
  -6.721 -16.553 -16.895
  -6.719 -16.411 -16.572
  -6.717 -16.429 -49.500
  -6.714 -49.500     NaN
  -6.712 -49.500 -49.500
  -6.709 -49.500 -49.500
  -6.707 -15.319 -15.319
  -6.705 -49.500     NaN
  -6.702 -49.500 -49.500
  -6.700 -49.500     NaN
  -6.698 -49.500 -49.500
  -6.696 -15.985 -15.985
  -6.693 -15.500 -49.500
  -6.691 -49.500 -49.500
  -6.689 -49.500 -49.500
  -6.687 -49.500 -49.500
  -6.684 -49.500     NaN
  -6.682 -49.500 -49.500
  -6.680 -49.500 -49.500
  -6.678 -16.515 -16.515
  -6.675 -49.500 -49.500
  -6.673 -15.934 -49.500
  -6.671 -49.500 -49.500
  -6.669 -49.500 -49.500
  -6.667 -16.471 -16.471
  -6.665 -16.422 -16.790
  -6.663 -49.500     NaN
  -6.661 -49.500 -49.500
  -6.658 -49.500     NaN
  -6.656 -49.500 -49.500
  -6.654 -49.500 -49.500
  -6.652 -49.500 -49.500
  -6.650 -49.500     NaN
  -6.648 -49.500 -49.500
  -6.646 -49.500 -49.500
  -6.644 -49.500 -49.500
  -6.642 -49.500 -49.500
  -6.640 -49.500 -49.500
  -6.638 -16.154 -16.321
  -6.636 -16.549 -49.500
  -6.634 -49.500 -49.500
  -6.632 -49.500     NaN
  -6.630 -49.500 -49.500
  -6.628 -49.500 -49.500
  -6.626 -49.500 -49.500
  -6.624 -49.500 -49.500
  -6.622 -49.500 -49.500
  -6.620 -49.500 -49.500
  -6.618 -16.788 -49.500
  -6.617 -16.130 -49.500
  -6.615 -49.500 -49.500
  -6.613 -49.500 -49.500
  -6.611 -16.837 -49.500
  -6.609 -16.609 -49.500
  -6.607 -16.059 -16.059
  -6.605 -16.011 -16.011
  -6.603 -49.500     NaN
  -6.602 -49.500 -49.500
  -6.600 -49.500 -49.500
  -6.598 -49.500     NaN
  -6.596 -49.500 -49.500
  -6.594 -16.485 -16.485
