  -8.861 -13.914 -13.914
  -8.599 -14.041 -14.041
  -8.442 -13.966 -14.164
  -8.329 -14.190 -14.190
  -8.239 -14.210 -14.210
  -8.166 -14.317 -14.317
  -8.103 -14.476 -14.476
  -8.048 -14.442 -14.442
  -7.999 -14.432 -14.432
  -7.955 -14.559 -14.559
  -7.916 -14.654 -14.654
  -7.879 -14.402 -14.582
  -7.846 -14.648 -14.648
  -7.815 -14.419 -14.419
  -7.786 -14.276 -14.727
  -7.758 -14.304 -14.865
  -7.733 -14.864 -14.864
  -7.709 -14.719 -14.916
  -7.686 -14.571 -14.923
  -7.664 -14.757 -14.757
  -7.643 -14.867 -14.867
  -7.624 -14.698 -14.698
  -7.605 -14.828 -14.828
  -7.586 -14.681 -14.883
  -7.569 -15.271 -15.271
  -7.552 -15.126 -15.126
  -7.536 -14.878 -15.127
  -7.521 -15.198 -15.198
  -7.506 -14.861 -15.012
  -7.491 -15.151 -15.151
  -7.477 -14.890 -15.170
  -7.464 -15.255 -15.255
  -7.451 -15.237 -15.237
  -7.438 -15.088 -15.348
  -7.425 -14.844 -15.124
  -7.413 -15.131 -15.131
  -7.401 -15.496 -15.496
  -7.390 -15.310 -15.590
  -7.379 -15.025 -15.229
  -7.368 -14.851 -15.489
  -7.357 -14.972 -15.421
  -7.347 -15.313 -15.313
  -7.337 -15.599 -15.857
  -7.327 -15.055 -15.335
  -7.317 -15.185 -15.699
  -7.308 -15.163 -15.359
  -7.299 -15.661 -15.861
  -7.290 -14.980 -15.403
  -7.281 -15.708 -15.708
  -7.272 -15.983 -15.983
  -7.264 -15.300 -15.593
  -7.255 -15.467 -15.893
  -7.247 -15.663 -15.967
  -7.239 -16.172 -16.172
  -7.231 -15.341 -15.341
  -7.223 -15.161 -15.975
  -7.216 -15.142 -15.622
  -7.208 -15.675 -15.675
  -7.201 -15.358 -15.914
  -7.194 -15.176 -15.719
  -7.187 -15.094 -15.993
  -7.180 -15.861 -16.030
  -7.173 -15.333 -15.853
  -7.166 -15.203 -15.562
  -7.159 -15.229 -15.763
  -7.153 -15.493 -15.740
  -7.146 -15.059 -15.651
  -7.140 -15.686 -15.686
  -7.133 -15.744 -15.744
  -7.127 -15.707 -15.916
  -7.121 -16.514 -16.514
  -7.115 -15.623 -15.789
  -7.109 -15.921 -16.111
  -7.103 -15.845 -16.209
  -7.098 -15.780 -15.951
  -7.092 -14.922 -15.753
  -7.086 -15.738 -16.003
  -7.081 -15.800 -15.959
  -7.075 -15.878 -16.061
  -7.070 -16.128 -16.355
  -7.064 -15.060 -16.455
  -7.059 -15.362 -16.037
  -7.054 -16.390 -16.390
  -7.049 -16.113 -16.113
  -7.043 -15.989 -16.672
  -7.038 -16.488 -16.737
  -7.033 -15.789 -16.049
  -7.029 -15.632 -16.182
  -7.024 -16.664 -16.833
  -7.019 -16.114 -16.473
  -7.014 -16.231 -16.527
  -7.009 -15.753 -16.183
  -7.005 -16.152 -16.366
  -7.000 -16.367 -16.367
  -6.995 -16.011 -16.524
  -6.991 -15.975 -16.260
  -6.986 -16.252 -16.508
  -6.982 -16.196 -16.196
  -6.978 -15.958 -16.136
  -6.973 -16.395 -16.651
  -6.969 -15.895 -16.156
  -6.965 -16.318 -16.526
  -6.961 -16.206 -17.101
  -6.956 -16.247 -16.247
  -6.952 -16.160 -16.326
  -6.948 -15.175 -16.173
  -6.944 -16.586 -16.586
  -6.940 -16.179 -16.717
  -6.936 -16.226 -16.451
  -6.932 -16.145 -16.145
  -6.928 -16.205 -16.494
  -6.924 -15.978 -16.150
  -6.920 -16.545 -16.805
  -6.917 -16.297 -16.646
  -6.913 -15.919 -16.402
  -6.909 -16.714 -17.423
  -6.905 -16.256 -17.023
  -6.902 -16.685 -16.854
  -6.898 -16.485 -16.846
  -6.894 -16.606 -16.883
  -6.891 -49.500     NaN
  -6.887 -16.163 -17.211
  -6.884 -16.007 -16.220
  -6.880 -16.566 -16.815
  -6.877 -16.461 -16.990
  -6.873 -16.685 -16.918
  -6.870 -15.975 -16.496
  -6.867 -16.989 -49.500
  -6.863 -49.500 -49.500
  -6.860 -16.357 -49.500
  -6.857 -16.078 -16.934
  -6.853 -16.470 -49.500
  -6.850 -16.500 -17.149
  -6.847 -16.201 -16.440
  -6.844 -14.927 -49.500
  -6.840 -16.101 -16.101
  -6.837 -16.486 -49.500
  -6.834 -16.755 -49.500
  -6.831 -16.757 -49.500
  -6.828 -49.500 -49.500
  -6.825 -49.500     NaN
  -6.822 -16.447 -16.672
  -6.819 -15.968 -16.349
  -6.816 -16.921 -49.500
  -6.813 -16.001 -16.797
  -6.810 -49.500     NaN
  -6.807 -49.500     NaN
  -6.804 -49.500     NaN
  -6.801 -16.118 -49.500
  -6.798 -16.763 -49.500
  -6.795 -15.959 -49.500
  -6.792 -16.274 -49.500
  -6.789 -15.983 -16.208
  -6.787 -49.500     NaN
  -6.784 -16.541 -16.870
  -6.781 -15.684 -16.739
  -6.778 -49.500     NaN
  -6.775 -49.500     NaN
  -6.773 -16.088 -16.323
  -6.770 -15.923 -16.258
  -6.767 -16.001 -49.500
  -6.765 -49.500 -49.500
  -6.762 -16.475 -49.500
  -6.759 -49.500     NaN
  -6.757 -16.442 -49.500
  -6.754 -49.500     NaN
  -6.751 -16.319 -16.622
  -6.749 -49.500     NaN
  -6.746 -17.088 -17.088
  -6.744 -16.201 -49.500
  -6.741 -16.586 -49.500
  -6.739 -17.185 -49.500
  -6.736 -49.500     NaN
  -6.734 -16.195 -49.500
  -6.731 -49.500 -49.500
  -6.729 -49.500     NaN
  -6.726 -16.126 -16.738
  -6.724 -49.500     NaN
  -6.721 -49.500     NaN
  -6.719 -49.500     NaN
  -6.717 -15.482 -15.482
  -6.714 -16.949 -49.500
  -6.712 -49.500 -49.500
  -6.709 -16.075 -49.500
  -6.707 -49.500     NaN
  -6.705 -16.856 -16.856
  -6.702 -49.500 -49.500
  -6.700 -49.500 -49.500
  -6.698 -16.087 -16.595
  -6.696 -16.493 -16.493
  -6.693 -49.500 -49.500
  -6.691 -49.500 -49.500
  -6.689 -16.014 -16.014
  -6.687 -49.500 -49.500
  -6.684 -16.563 -49.500
  -6.682 -15.612 -16.036
  -6.680 -16.746 -16.746
  -6.678 -49.500 -49.500
  -6.675 -49.500     NaN
  -6.673 -16.677 -49.500
  -6.671 -49.500 -49.500
  -6.669 -16.929 -16.929
  -6.667 -49.500     NaN
  -6.665 -49.500 -49.500
  -6.663 -49.500     NaN
  -6.661 -49.500 -49.500
  -6.658 -16.628 -49.500
  -6.656 -49.500 -49.500
  -6.654 -49.500 -49.500
  -6.652 -49.500     NaN
  -6.650 -49.500 -49.500
  -6.648 -16.401 -49.500
  -6.646 -49.500 -49.500
  -6.644 -49.500 -49.500
  -6.642 -49.500 -49.500
  -6.640 -49.500 -49.500
  -6.638 -49.500 -49.500
  -6.636 -16.078 -49.500
  -6.634 -49.500 -49.500
  -6.632 -16.802 -49.500
  -6.630 -49.500 -49.500
  -6.628 -49.500 -49.500
  -6.626 -49.500 -49.500
  -6.624 -49.500 -49.500
  -6.622 -49.500 -49.500
  -6.620 -49.500 -49.500
  -6.618 -16.432 -16.432
  -6.617 -49.500 -49.500
  -6.615 -49.500 -49.500
  -6.613 -49.500 -49.500
  -6.611 -49.500 -49.500
  -6.609 -49.500 -49.500
  -6.607 -49.500 -49.500
  -6.605 -49.500 -49.500
  -6.603 -16.490 -16.664
  -6.602 -49.500 -49.500
  -6.600 -49.500     NaN
  -6.598 -49.500     NaN
  -6.596 -49.500 -49.500
  -6.594 -49.500 -49.500
