  -8.861 -13.930 -13.930
  -8.599 -14.080 -14.080
  -8.442 -14.089 -14.089
  -8.329 -14.218 -14.218
  -8.239 -14.354 -14.354
  -8.166 -14.362 -14.362
  -8.103 -14.383 -14.383
  -8.048 -14.162 -14.162
  -7.999 -14.597 -14.597
  -7.955 -14.584 -14.584
  -7.916 -14.586 -14.586
  -7.879 -14.688 -14.688
  -7.846 -14.700 -14.700
  -7.815 -14.617 -14.617
  -7.786 -14.817 -14.817
  -7.758 -14.671 -14.937
  -7.733 -14.793 -14.793
  -7.709 -14.681 -14.971
  -7.686 -14.819 -14.993
  -7.664 -14.824 -14.824
  -7.643 -14.988 -14.988
  -7.624 -15.086 -15.086
  -7.605 -14.902 -14.902
  -7.586 -14.770 -14.770
  -7.569 -14.181 -14.508
  -7.552 -14.960 -14.960
  -7.536 -14.571 -15.085
  -7.521 -14.423 -14.965
  -7.506 -15.320 -15.320
  -7.491 -14.258 -14.683
  -7.477 -14.403 -15.191
  -7.464 -15.279 -15.279
  -7.451 -15.235 -15.235
  -7.438 -15.175 -15.385
  -7.425 -15.215 -15.215
  -7.413 -15.363 -15.363
  -7.401 -14.750 -14.937
  -7.390 -15.395 -15.395
  -7.379 -15.148 -15.148
  -7.368 -15.240 -15.421
  -7.357 -15.189 -15.189
  -7.347 -15.477 -15.477
  -7.337 -15.360 -15.360
  -7.327 -15.220 -15.633
  -7.317 -15.182 -15.345
  -7.308 -14.086 -15.260
  -7.299 -15.224 -15.224
  -7.290 -14.780 -14.950
  -7.281 -14.912 -15.234
  -7.272 -15.735 -15.903
  -7.264 -15.775 -15.775
  -7.255 -15.725 -15.725
  -7.247 -14.909 -15.473
  -7.239 -15.636 -15.636
  -7.231 -15.314 -15.314
  -7.223 -15.396 -15.636
  -7.216 -15.373 -15.614
  -7.208 -15.377 -15.377
  -7.201 -15.812 -15.812
  -7.194 -15.863 -16.083
  -7.187 -15.360 -15.911
  -7.180 -15.361 -15.619
  -7.173 -16.130 -16.130
  -7.166 -15.306 -15.662
  -7.159 -15.571 -15.747
  -7.153 -16.049 -16.049
  -7.146 -15.798 -15.798
  -7.140 -16.275 -16.275
  -7.133 -15.640 -15.640
  -7.127 -15.937 -16.090
  -7.121 -15.999 -16.370
  -7.115 -15.854 -15.854
  -7.109 -15.367 -15.705
  -7.103 -15.043 -16.110
  -7.098 -15.569 -16.204
  -7.092 -15.759 -15.759
  -7.086 -15.265 -15.536
  -7.081 -16.474 -16.686
  -7.075 -15.025 -15.297
  -7.070 -15.913 -15.913
  -7.064 -16.363 -16.363
  -7.059 -16.472 -16.674
  -7.054 -16.113 -16.113
  -7.049 -15.880 -16.079
  -7.043 -15.843 -16.057
  -7.038 -15.735 -16.390
  -7.033 -16.017 -16.438
  -7.029 -16.022 -16.225
  -7.024 -14.993 -15.955
  -7.019 -16.779 -22.691
  -7.014 -15.906 -16.168
  -7.009 -16.208 -16.421
  -7.005 -16.200 -16.200
  -7.000 -16.193 -16.193
  -6.995 -16.259 -16.259
  -6.991 -15.497 -16.581
  -6.986 -16.613 -16.794
  -6.982 -16.663 -16.848
  -6.978 -16.593 -16.937
  -6.973 -16.158 -16.425
  -6.969 -15.006 -16.321
  -6.965 -16.224 -16.517
  -6.961 -16.055 -16.317
  -6.956 -16.685 -16.685
  -6.952 -15.584 -15.882
  -6.948 -16.363 -16.520
  -6.944 -16.707 -16.859
  -6.940 -15.847 -16.279
  -6.936 -16.291 -16.716
  -6.932 -16.633 -16.874
  -6.928 -15.841 -16.293
  -6.924 -16.598 -16.960
  -6.920 -16.122 -16.324
  -6.917 -16.179 -16.515
  -6.913 -16.014 -17.082
  -6.909 -14.979 -16.973
  -6.905 -15.943 -49.500
  -6.902 -16.817 -22.098
  -6.898 -49.500     NaN
  -6.894 -16.526 -17.274
  -6.891 -16.316 -16.621
  -6.887 -16.825 -17.055
  -6.884 -16.235 -16.423
  -6.880 -16.483 -16.971
  -6.877 -16.425 -49.500
  -6.873 -49.500     NaN
  -6.870 -16.300 -16.300
  -6.867 -15.502 -16.641
  -6.863 -49.500     NaN
  -6.860 -15.986 -15.986
  -6.857 -16.203 -16.203
  -6.853 -49.500 -49.500
  -6.850 -17.051 -49.500
  -6.847 -15.662 -49.500
  -6.844 -16.220 -16.383
  -6.840 -15.176 -16.335
  -6.837 -49.500     NaN
  -6.834 -15.688 -49.500
  -6.831 -16.871 -49.500
  -6.828 -49.500     NaN
  -6.825 -49.500     NaN
  -6.822 -16.536 -49.500
  -6.819 -16.545 -49.500
  -6.816 -16.554 -49.500
  -6.813 -49.500     NaN
  -6.810 -16.037 -16.276
  -6.807 -49.500     NaN
  -6.804 -49.500     NaN
  -6.801 -16.839 -49.500
  -6.798 -15.547 -49.500
  -6.795 -49.500     NaN
  -6.792 -16.409 -17.157
  -6.789 -16.218 -16.408
  -6.787 -15.044 -17.231
  -6.784 -49.500     NaN
  -6.781 -16.331 -16.510
  -6.778 -16.936 -49.500
  -6.775 -16.631 -49.500
  -6.773 -15.889 -15.889
  -6.770 -49.500     NaN
  -6.767 -49.500     NaN
  -6.765 -49.500     NaN
  -6.762 -16.514 -49.500
  -6.759 -49.500 -49.500
  -6.757 -16.167 -16.873
  -6.754 -49.500     NaN
  -6.751 -49.500 -49.500
  -6.749 -16.207 -16.776
  -6.746 -16.571 -16.571
  -6.744 -49.500     NaN
  -6.741 -49.500 -49.500
  -6.739 -49.500     NaN
  -6.736 -16.622 -49.500
  -6.734 -16.284 -17.122
  -6.731 -49.500     NaN
  -6.729 -16.975 -49.500
  -6.726 -15.796 -15.796
  -6.724 -49.500     NaN
  -6.721 -49.500     NaN
  -6.719 -16.676 -49.500
  -6.717 -16.516 -16.516
  -6.714 -49.500 -49.500
  -6.712 -16.285 -49.500
  -6.709 -49.500 -49.500
  -6.707 -49.500 -49.500
  -6.705 -49.500 -49.500
  -6.702 -49.500 -49.500
  -6.700 -49.500     NaN
  -6.698 -49.500     NaN
  -6.696 -16.520 -16.708
  -6.693 -49.500     NaN
  -6.691 -49.500     NaN
  -6.689 -15.701 -16.140
  -6.687 -16.230 -16.230
  -6.684 -15.856 -16.618
  -6.682 -49.500 -49.500
  -6.680 -16.394 -49.500
  -6.678 -49.500 -49.500
  -6.675 -49.500 -49.500
  -6.673 -49.500 -49.500
  -6.671 -49.500 -49.500
  -6.669 -49.500 -49.500
  -6.667 -49.500 -49.500
  -6.665 -16.733 -49.500
  -6.663 -16.926 -49.500
  -6.661 -16.247 -49.500
  -6.658 -16.442 -16.442
  -6.656 -16.888 -49.500
  -6.654 -49.500 -49.500
  -6.652 -16.490 -49.500
  -6.650 -49.500     NaN
  -6.648 -16.524 -16.524
  -6.646 -49.500 -49.500
  -6.644 -49.500 -49.500
  -6.642 -49.500 -49.500
  -6.640 -49.500 -49.500
  -6.638 -49.500 -49.500
  -6.636 -49.500 -49.500
  -6.634 -16.429 -49.500
  -6.632 -49.500 -49.500
  -6.630 -16.790 -16.790
  -6.628 -49.500 -49.500
  -6.626 -49.500 -49.500
  -6.624 -49.500 -49.500
  -6.622 -49.500 -49.500
  -6.620 -49.500 -49.500
  -6.618 -49.500 -49.500
  -6.617 -16.599 -16.785
  -6.615 -49.500     NaN
  -6.613 -49.500 -49.500
  -6.611 -49.500 -49.500
  -6.609 -49.500 -49.500
  -6.607 -16.179 -49.500
  -6.605 -49.500 -49.500
  -6.603 -49.500     NaN
  -6.602 -49.500 -49.500
  -6.600 -15.838 -16.296
  -6.598 -49.500 -49.500
  -6.596 -49.500 -49.500
  -6.594 -49.500 -49.500
