  -8.861 -13.861 -13.861
  -8.599 -14.106 -14.106
  -8.442 -14.064 -14.064
  -8.329 -14.220 -14.220
  -8.239 -14.216 -14.216
  -8.166 -14.399 -14.399
  -8.103 -14.270 -14.270
  -8.048 -14.354 -14.354
  -7.999 -14.577 -14.577
  -7.955 -14.716 -14.716
  -7.916 -14.615 -14.615
  -7.879 -14.586 -14.586
  -7.846 -14.356 -14.633
  -7.815 -14.499 -14.499
  -7.786 -14.642 -14.642
  -7.758 -14.768 -14.768
  -7.733 -14.296 -14.815
  -7.709 -14.907 -14.907
  -7.686 -14.758 -14.758
  -7.664 -14.903 -14.903
  -7.643 -14.915 -14.915
  -7.624 -15.013 -15.013
  -7.605 -14.625 -14.821
  -7.586 -14.926 -15.090
  -7.569 -14.939 -14.939
  -7.552 -15.155 -15.155
  -7.536 -15.030 -15.189
  -7.521 -15.083 -15.083
  -7.506 -15.085 -15.085
  -7.491 -15.181 -15.181
  -7.477 -15.169 -15.515
  -7.464 -15.350 -15.350
  -7.451 -15.292 -15.292
  -7.438 -15.298 -15.493
  -7.425 -15.445 -15.445
  -7.413 -15.306 -15.306
  -7.401 -14.918 -14.918
  -7.390 -15.231 -15.522
  -7.379 -15.491 -15.491
  -7.368 -15.097 -15.332
  -7.357 -15.490 -15.490
  -7.347 -15.501 -15.501
  -7.337 -15.492 -15.492
  -7.327 -15.428 -15.595
  -7.317 -15.429 -15.429
  -7.308 -15.743 -15.743
  -7.299 -15.439 -15.439
  -7.290 -15.426 -15.426
  -7.281 -15.661 -15.661
  -7.272 -15.339 -15.494
  -7.264 -14.751 -15.736
  -7.255 -15.664 -15.664
  -7.247 -15.579 -15.579
  -7.239 -16.072 -16.072
  -7.231 -15.313 -15.663
  -7.223 -15.891 -15.891
  -7.216 -15.788 -15.788
  -7.208 -15.320 -15.320
  -7.201 -15.466 -15.700
  -7.194 -15.781 -15.950
  -7.187 -15.239 -15.914
  -7.180 -15.734 -15.734
  -7.173 -15.785 -15.961
  -7.166 -15.078 -16.103
  -7.159 -16.038 -16.038
  -7.153 -15.777 -16.084
  -7.146 -15.686 -15.914
  -7.140 -16.008 -16.182
  -7.133 -14.984 -15.585
  -7.127 -15.496 -16.116
  -7.121 -15.055 -16.169
  -7.115 -15.912 -15.912
  -7.109 -15.705 -15.705
  -7.103 -14.879 -15.759
  -7.098 -15.833 -16.079
  -7.092 -15.201 -16.286
  -7.086 -16.024 -16.184
  -7.081 -16.063 -16.063
  -7.075 -16.346 -16.569
  -7.070 -15.973 -15.973
  -7.064 -15.857 -16.309
  -7.059 -16.110 -16.110
  -7.054 -15.613 -15.862
  -7.049 -15.049 -15.852
  -7.043 -16.334 -16.640
  -7.038 -16.042 -16.246
  -7.033 -13.655 -16.046
  -7.029 -15.300 -15.729
  -7.024 -16.038 -16.038
  -7.019 -15.993 -15.993
  -7.014 -16.022 -16.283
  -7.009 -16.683 -16.683
  -7.005 -16.387 -16.387
  -7.000 -16.412 -16.623
  -6.995 -16.775 -17.079
  -6.991 -15.979 -16.661
  -6.986 -16.921 -22.785
  -6.982 -16.666 -16.666
  -6.978 -16.088 -16.413
  -6.973 -16.662 -16.662
  -6.969 -16.509 -16.703
  -6.965 -16.293 -16.293
  -6.961 -16.554 -16.768
  -6.956 -15.530 -15.712
  -6.952 -16.127 -16.410
  -6.948 -16.355 -17.275
  -6.944 -16.583 -16.583
  -6.940 -16.384 -16.384
  -6.936 -16.555 -17.196
  -6.932 -15.470 -17.033
  -6.928 -16.062 -16.330
  -6.924 -15.332 -16.374
  -6.920 -15.853 -16.207
  -6.917 -16.560 -16.560
  -6.913 -15.615 -49.500
  -6.909 -15.781 -16.437
  -6.905 -16.136 -16.929
  -6.902 -16.238 -16.512
  -6.898 -16.838 -22.850
  -6.894 -16.839 -17.229
  -6.891 -16.296 -16.803
  -6.887 -16.101 -16.441
  -6.884 -16.701 -49.500
  -6.880 -49.500     NaN
  -6.877 -16.257 -16.257
  -6.873 -15.865 -49.500
  -6.870 -16.944 -17.239
  -6.867 -49.500     NaN
  -6.863 -16.596 -16.972
  -6.860 -17.077 -49.500
  -6.857 -17.032 -49.500
  -6.853 -17.051 -49.500
  -6.850 -16.155 -16.477
  -6.847 -16.613 -16.897
  -6.844 -15.253 -17.009
  -6.840 -15.915 -49.500
  -6.837 -16.707 -49.500
  -6.834 -15.949 -16.689
  -6.831 -15.562 -49.500
  -6.828 -16.128 -17.160
  -6.825 -16.395 -16.575
  -6.822 -49.500     NaN
  -6.819 -16.265 -49.500
  -6.816 -14.889 -16.758
  -6.813 -15.210 -49.500
  -6.810 -16.436 -49.500
  -6.807 -49.500     NaN
  -6.804 -16.393 -49.500
  -6.801 -16.723 -49.500
  -6.798 -49.500 -49.500
  -6.795 -16.898 -49.500
  -6.792 -16.509 -17.050
  -6.789 -16.212 -49.500
  -6.787 -16.999 -49.500
  -6.784 -17.246 -49.500
  -6.781 -16.176 -49.500
  -6.778 -16.241 -49.500
  -6.775 -16.690 -49.500
  -6.773 -16.624 -49.500
  -6.770 -16.157 -49.500
  -6.767 -49.500     NaN
  -6.765 -16.244 -17.117
  -6.762 -16.085 -16.264
  -6.759 -16.280 -16.633
  -6.757 -49.500     NaN
  -6.754 -16.793 -17.195
  -6.751 -49.500     NaN
  -6.749 -49.500     NaN
  -6.746 -16.140 -16.384
  -6.744 -16.796 -16.796
  -6.741 -49.500 -49.500
  -6.739 -17.199 -49.500
  -6.736 -16.617 -49.500
  -6.734 -49.500     NaN
  -6.731 -16.987 -49.500
  -6.729 -49.500     NaN
  -6.726 -16.415 -49.500
  -6.724 -15.413 -49.500
  -6.721 -16.667 -17.087
  -6.719 -49.500     NaN
  -6.717 -49.500     NaN
  -6.714 -49.500 -49.500
  -6.712 -16.670 -16.977
  -6.709 -16.752 -16.752
  -6.707 -49.500 -49.500
  -6.705 -49.500     NaN
  -6.702 -49.500     NaN
  -6.700 -49.500 -49.500
  -6.698 -49.500     NaN
  -6.696 -15.816 -15.816
  -6.693 -49.500     NaN
  -6.691 -49.500 -49.500
  -6.689 -15.737 -16.104
  -6.687 -49.500 -49.500
  -6.684 -16.525 -16.525
  -6.682 -16.101 -49.500
  -6.680 -16.382 -49.500
  -6.678 -16.095 -49.500
  -6.675 -49.500 -49.500
  -6.673 -49.500 -49.500
  -6.671 -49.500     NaN
  -6.669 -49.500 -49.500
  -6.667 -49.500 -49.500
  -6.665 -49.500     NaN
  -6.663 -49.500     NaN
  -6.661 -49.500     NaN
  -6.658 -49.500 -49.500
  -6.656 -49.500     NaN
  -6.654 -49.500 -49.500
  -6.652 -49.500 -49.500
  -6.650 -49.500 -49.500
  -6.648 -49.500 -49.500
  -6.646 -49.500     NaN
  -6.644 -49.500 -49.500
  -6.642 -16.703 -16.703
  -6.640 -49.500 -49.500
  -6.638 -49.500 -49.500
  -6.636 -16.280 -16.280
  -6.634 -16.117 -16.787
  -6.632 -49.500 -49.500
  -6.630 -16.405 -16.405
  -6.628 -49.500 -49.500
  -6.626 -49.500     NaN
  -6.624 -49.500 -49.500
  -6.622 -49.500 -49.500
  -6.620 -49.500 -49.500
  -6.618 -49.500 -49.500
  -6.617 -49.500 -49.500
  -6.615 -49.500 -49.500
  -6.613 -49.500 -49.500
  -6.611 -49.500 -49.500
  -6.609 -49.500 -49.500
  -6.607 -15.700 -49.500
  -6.605 -16.767 -16.767
  -6.603 -16.194 -16.194
  -6.602 -15.983 -15.983
  -6.600 -49.500     NaN
  -6.598 -49.500 -49.500
  -6.596 -16.590 -16.590
  -6.594 -49.500 -49.500
