  -8.861 -13.910 -13.910
  -8.599 -13.975 -13.975
  -8.442 -14.060 -14.060
  -8.329 -14.244 -14.244
  -8.239 -14.258 -14.258
  -8.166 -14.244 -14.244
  -8.103 -14.444 -14.444
  -8.048 -14.358 -14.358
  -7.999 -14.514 -14.514
  -7.955 -14.585 -14.585
  -7.916 -14.659 -14.659
  -7.879 -14.562 -14.562
  -7.846 -14.711 -14.711
  -7.815 -14.763 -14.763
  -7.786 -14.699 -14.699
  -7.758 -14.418 -14.810
  -7.733 -14.802 -14.802
  -7.709 -14.823 -14.823
  -7.686 -14.736 -14.736
  -7.664 -14.940 -14.940
  -7.643 -15.005 -15.005
  -7.624 -14.829 -15.087
  -7.605 -15.015 -15.015
  -7.586 -14.236 -14.888
  -7.569 -14.731 -14.731
  -7.552 -15.084 -15.084
  -7.536 -15.118 -15.118
  -7.521 -14.838 -15.007
  -7.506 -14.571 -14.942
  -7.491 -15.239 -15.239
  -7.477 -15.109 -15.109
  -7.464 -15.288 -15.288
  -7.451 -14.852 -14.852
  -7.438 -15.028 -15.366
  -7.425 -15.372 -15.372
  -7.413 -15.349 -15.600
  -7.401 -15.135 -15.573
  -7.390 -15.249 -15.249
  -7.379 -14.904 -15.354
  -7.368 -15.102 -15.354
  -7.357 -15.594 -15.594
  -7.347 -14.447 -15.154
  -7.337 -15.185 -15.612
  -7.327 -15.297 -15.528
  -7.317 -15.571 -15.906
  -7.308 -15.658 -15.658
  -7.299 -15.420 -15.791
  -7.290 -15.482 -15.897
  -7.281 -14.757 -15.760
  -7.272 -15.472 -15.472
  -7.264 -15.440 -15.440
  -7.255 -14.072 -15.386
  -7.247 -15.599 -15.599
  -7.239 -15.600 -15.600
  -7.231 -15.705 -15.705
  -7.223 -15.720 -15.922
  -7.216 -14.849 -15.740
  -7.208 -15.688 -16.091
  -7.201 -15.966 -15.966
  -7.194 -16.019 -16.019
  -7.187 -15.909 -15.909
  -7.180 -15.587 -15.882
  -7.173 -15.839 -15.839
  -7.166 -15.796 -16.181
  -7.159 -15.105 -15.444
  -7.153 -15.530 -16.065
  -7.146 -15.858 -15.858
  -7.140 -15.969 -15.969
  -7.133 -15.941 -16.252
  -7.127 -15.240 -15.836
  -7.121 -16.119 -16.119
  -7.115 -16.084 -16.084
  -7.109 -15.173 -15.509
  -7.103 -15.872 -16.323
  -7.098 -15.661 -15.661
  -7.092 -16.083 -16.083
  -7.086 -15.953 -16.121
  -7.081 -15.060 -15.603
  -7.075 -15.157 -15.898
  -7.070 -15.671 -16.114
  -7.064 -15.197 -15.977
  -7.059 -16.050 -16.050
  -7.054 -15.849 -16.193
  -7.049 -16.140 -16.355
  -7.043 -16.528 -16.528
  -7.038 -16.242 -16.445
  -7.033 -15.578 -15.932
  -7.029 -16.478 -16.478
  -7.024 -16.062 -16.062
  -7.019 -15.732 -16.131
  -7.014 -16.184 -16.510
  -7.009 -15.516 -15.731
  -7.005 -16.310 -16.763
  -7.000 -15.837 -15.837
  -6.995 -16.221 -16.221
  -6.991 -15.990 -15.990
  -6.986 -16.023 -16.023
  -6.982 -16.225 -16.743
  -6.978 -22.240 -22.240
  -6.973 -15.850 -16.370
  -6.969 -16.379 -16.379
  -6.965 -16.284 -16.641
  -6.961 -15.028 -16.257
  -6.956 -16.499 -16.697
  -6.952 -17.191 -23.175
  -6.948 -16.388 -16.641
  -6.944 -15.944 -16.202
  -6.940 -16.212 -16.380
  -6.936 -16.334 -16.765
  -6.932 -15.997 -16.600
  -6.928 -49.500     NaN
  -6.924 -16.357 -16.357
  -6.920 -16.380 -16.380
  -6.917 -16.611 -16.973
  -6.913 -15.337 -16.411
  -6.909 -16.296 -16.585
  -6.905 -14.654 -16.089
  -6.902 -16.622 -22.942
  -6.898 -16.025 -16.830
  -6.894 -16.187 -16.529
  -6.891 -16.512 -16.770
  -6.887 -17.420 -49.500
  -6.884 -16.475 -49.500
  -6.880 -16.284 -16.567
  -6.877 -15.426 -16.989
  -6.873 -16.268 -16.924
  -6.870 -16.805 -49.500
  -6.867 -14.947 -16.337
  -6.863 -16.563 -17.068
  -6.860 -16.564 -16.720
  -6.857 -15.923 -16.102
  -6.853 -16.050 -16.836
  -6.850 -16.249 -16.631
  -6.847 -16.795 -17.118
  -6.844 -16.050 -49.500
  -6.840 -15.910 -16.286
  -6.837 -49.500     NaN
  -6.834 -17.151 -49.500
  -6.831 -16.525 -16.741
  -6.828 -16.253 -16.541
  -6.825 -16.712 -49.500
  -6.822 -15.834 -16.291
  -6.819 -16.360 -16.753
  -6.816 -15.564 -16.093
  -6.813 -15.993 -16.556
  -6.810 -16.137 -16.513
  -6.807 -16.166 -16.565
  -6.804 -49.500     NaN
  -6.801 -15.571 -15.571
  -6.798 -16.488 -49.500
  -6.795 -16.428 -49.500
  -6.792 -49.500     NaN
  -6.789 -49.500 -49.500
  -6.787 -49.500     NaN
  -6.784 -16.638 -49.500
  -6.781 -15.584 -49.500
  -6.778 -49.500     NaN
  -6.775 -49.500     NaN
  -6.773 -49.500     NaN
  -6.770 -49.500 -49.500
  -6.767 -16.302 -49.500
  -6.765 -49.500     NaN
  -6.762 -49.500     NaN
  -6.759 -16.158 -16.352
  -6.757 -49.500 -49.500
  -6.754 -49.500 -49.500
  -6.751 -49.500     NaN
  -6.749 -16.464 -16.660
  -6.746 -16.613 -16.828
  -6.744 -49.500     NaN
  -6.741 -49.500     NaN
  -6.739 -16.354 -49.500
  -6.736 -16.685 -49.500
  -6.734 -16.222 -16.881
  -6.731 -16.196 -16.730
  -6.729 -16.898 -49.500
  -6.726 -49.500     NaN
  -6.724 -49.500 -49.500
  -6.721 -15.782 -15.782
  -6.719 -16.014 -16.014
  -6.717 -49.500 -49.500
  -6.714 -49.500 -49.500
  -6.712 -49.500 -49.500
  -6.709 -49.500 -49.500
  -6.707 -16.317 -16.317
  -6.705 -16.854 -49.500
  -6.702 -49.500 -49.500
  -6.700 -16.215 -16.787
  -6.698 -16.215 -49.500
  -6.696 -49.500 -49.500
  -6.693 -49.500 -49.500
  -6.691 -49.500 -49.500
  -6.689 -49.500     NaN
  -6.687 -49.500     NaN
  -6.684 -49.500     NaN
  -6.682 -49.500     NaN
  -6.680 -15.887 -16.605
  -6.678 -15.980 -16.748
  -6.675 -49.500 -49.500
  -6.673 -49.500     NaN
  -6.671 -49.500 -49.500
  -6.669 -49.500 -49.500
  -6.667 -49.500     NaN
  -6.665 -49.500 -49.500
  -6.663 -49.500 -49.500
  -6.661 -49.500 -49.500
  -6.658 -15.115 -15.115
  -6.656 -15.895 -15.895
  -6.654 -49.500     NaN
  -6.652 -16.916 -49.500
  -6.650 -49.500 -49.500
  -6.648 -17.099 -49.500
  -6.646 -49.500 -49.500
  -6.644 -49.500 -49.500
  -6.642 -49.500     NaN
  -6.640 -49.500 -49.500
  -6.638 -16.909 -49.500
  -6.636 -49.500 -49.500
  -6.634 -49.500 -49.500
  -6.632 -49.500 -49.500
  -6.630 -49.500 -49.500
  -6.628 -49.500 -49.500
  -6.626 -49.500 -49.500
  -6.624 -49.500 -49.500
  -6.622 -49.500 -49.500
  -6.620 -49.500     NaN
  -6.618 -49.500     NaN
  -6.617 -16.794 -16.794
  -6.615 -15.958 -15.958
  -6.613 -49.500 -49.500
  -6.611 -49.500 -49.500
  -6.609 -49.500 -49.500
  -6.607 -16.790 -16.790
  -6.605 -49.500 -49.500
  -6.603 -49.500 -49.500
  -6.602 -16.682 -49.500
  -6.600 -49.500     NaN
  -6.598 -49.500 -49.500
  -6.596 -49.500 -49.500
  -6.594 -49.500 -49.500
