  -8.861 -13.896 -13.896
  -8.599 -14.027 -14.027
  -8.442 -14.056 -14.056
  -8.329 -14.131 -14.131
  -8.239 -13.603 -14.079
  -8.166 -14.406 -14.406
  -8.103 -14.470 -14.470
  -8.048 -14.396 -14.396
  -7.999 -14.364 -14.364
  -7.955 -14.662 -14.662
  -7.916 -14.499 -14.499
  -7.879 -14.450 -14.450
  -7.846 -14.417 -14.662
  -7.815 -14.712 -14.712
  -7.786 -14.795 -14.795
  -7.758 -14.647 -14.647
  -7.733 -14.503 -14.503
  -7.709 -14.878 -14.878
  -7.686 -14.933 -14.933
  -7.664 -14.911 -14.911
  -7.643 -14.520 -14.701
  -7.624 -14.946 -15.171
  -7.605 -15.000 -15.000
  -7.586 -15.164 -15.164
  -7.569 -14.924 -15.236
  -7.552 -14.444 -14.660
  -7.536 -15.015 -15.240
  -7.521 -15.110 -15.110
  -7.506 -15.307 -15.307
  -7.491 -15.187 -15.187
  -7.477 -14.975 -15.164
  -7.464 -15.082 -15.359
  -7.451 -15.329 -15.485
  -7.438 -14.848 -15.281
  -7.425 -14.892 -15.148
  -7.413 -15.431 -15.431
  -7.401 -14.545 -15.302
  -7.390 -14.954 -15.118
  -7.379 -15.334 -15.496
  -7.368 -15.167 -15.403
  -7.357 -15.094 -15.347
  -7.347 -15.553 -15.553
  -7.337 -15.466 -15.466
  -7.327 -15.392 -15.392
  -7.317 -15.722 -15.722
  -7.308 -15.686 -15.686
  -7.299 -15.772 -15.772
  -7.290 -15.282 -15.282
  -7.281 -15.623 -15.623
  -7.272 -15.723 -15.723
  -7.264 -15.436 -15.717
  -7.255 -14.770 -15.484
  -7.247 -15.811 -15.811
  -7.239 -15.876 -15.876
  -7.231 -15.175 -15.487
  -7.223 -15.901 -15.901
  -7.216 -15.758 -15.758
  -7.208 -15.174 -15.362
  -7.201 -15.581 -15.581
  -7.194 -15.522 -15.698
  -7.187 -15.313 -15.552
  -7.180 -14.907 -15.498
  -7.173 -15.247 -15.639
  -7.166 -15.175 -15.584
  -7.159 -15.673 -15.892
  -7.153 -15.836 -16.118
  -7.146 -15.719 -15.719
  -7.140 -14.459 -15.732
  -7.133 -15.365 -15.770
  -7.127 -15.270 -16.010
  -7.121 -15.670 -15.670
  -7.115 -15.073 -15.792
  -7.109 -15.494 -16.154
  -7.103 -15.154 -16.038
  -7.098 -16.205 -16.364
  -7.092 -15.431 -15.836
  -7.086 -15.964 -15.964
  -7.081 -16.017 -16.017
  -7.075 -16.009 -16.009
  -7.070 -15.650 -15.818
  -7.064 -16.090 -16.355
  -7.059 -16.053 -16.053
  -7.054 -16.000 -16.658
  -7.049 -15.906 -15.906
  -7.043 -16.003 -16.539
  -7.038 -15.964 -16.133
  -7.033 -15.257 -16.070
  -7.029 -16.139 -16.485
  -7.024 -16.679 -16.923
  -7.019 -16.212 -16.384
  -7.014 -16.107 -16.283
  -7.009 -15.170 -16.200
  -7.005 -16.131 -16.131
  -7.000 -16.600 -16.830
  -6.995 -16.297 -16.297
  -6.991 -15.576 -16.431
  -6.986 -16.270 -16.270
  -6.982 -15.201 -16.558
  -6.978 -16.558 -16.834
  -6.973 -15.990 -16.725
  -6.969 -16.032 -16.324
  -6.965 -15.526 -15.706
  -6.961 -16.047 -16.201
  -6.956 -16.680 -22.848
  -6.952 -16.257 -16.422
  -6.948 -15.943 -16.995
  -6.944 -16.289 -16.484
  -6.940 -16.804 -22.797
  -6.936 -16.403 -16.671
  -6.932 -15.564 -16.254
  -6.928 -49.500     NaN
  -6.924 -15.573 -16.850
  -6.920 -16.642 -16.844
  -6.917 -16.171 -17.006
  -6.913 -16.546 -16.730
  -6.909 -16.566 -16.918
  -6.905 -15.908 -16.264
  -6.902 -16.513 -22.627
  -6.898 -16.818 -22.874
  -6.894 -16.785 -49.500
  -6.891 -17.125 -49.500
  -6.887 -16.316 -16.316
  -6.884 -15.982 -16.260
  -6.880 -16.724 -49.500
  -6.877 -16.671 -49.500
  -6.873 -15.981 -16.150
  -6.870 -16.055 -16.520
  -6.867 -16.261 -16.655
  -6.863 -15.375 -16.685
  -6.860 -16.598 -49.500
  -6.857 -15.841 -16.574
  -6.853 -15.986 -17.258
  -6.850 -16.584 -16.584
  -6.847 -49.500     NaN
  -6.844 -16.491 -16.491
  -6.840 -16.569 -49.500
  -6.837 -49.500 -49.500
  -6.834 -16.321 -16.536
  -6.831 -49.500     NaN
  -6.828 -49.500     NaN
  -6.825 -16.365 -16.614
  -6.822 -16.407 -16.628
  -6.819 -16.519 -49.500
  -6.816 -15.817 -17.447
  -6.813 -16.735 -49.500
  -6.810 -15.649 -16.162
  -6.807 -16.760 -49.500
  -6.804 -49.500     NaN
  -6.801 -49.500     NaN
  -6.798 -49.500     NaN
  -6.795 -16.246 -49.500
  -6.792 -16.483 -49.500
  -6.789 -49.500     NaN
  -6.787 -17.172 -49.500
  -6.784 -15.742 -49.500
  -6.781 -16.940 -49.500
  -6.778 -49.500 -49.500
  -6.775 -16.409 -49.500
  -6.773 -16.164 -49.500
  -6.770 -49.500 -49.500
  -6.767 -15.982 -16.464
  -6.765 -15.880 -16.740
  -6.762 -49.500     NaN
  -6.759 -16.098 -49.500
  -6.757 -16.841 -49.500
  -6.754 -49.500     NaN
  -6.751 -49.500     NaN
  -6.749 -49.500 -49.500
  -6.746 -15.852 -16.149
  -6.744 -49.500     NaN
  -6.741 -49.500     NaN
  -6.739 -16.109 -16.109
  -6.736 -49.500 -49.500
  -6.734 -49.500     NaN
  -6.731 -49.500     NaN
  -6.729 -49.500     NaN
  -6.726 -49.500 -49.500
  -6.724 -15.916 -15.916
  -6.721 -49.500 -49.500
  -6.719 -16.611 -16.794
  -6.717 -15.946 -15.946
  -6.714 -16.050 -49.500
  -6.712 -16.072 -49.500
  -6.709 -49.500     NaN
  -6.707 -49.500     NaN
  -6.705 -49.500 -49.500
  -6.702 -49.500 -49.500
  -6.700 -49.500 -49.500
  -6.698 -49.500 -49.500
  -6.696 -49.500     NaN
  -6.693 -16.347 -49.500
  -6.691 -16.994 -49.500
  -6.689 -16.193 -16.193
  -6.687 -49.500 -49.500
  -6.684 -49.500     NaN
  -6.682 -16.696 -16.696
  -6.680 -16.422 -49.500
  -6.678 -16.445 -49.500
  -6.675 -16.093 -49.500
  -6.673 -49.500 -49.500
  -6.671 -49.500 -49.500
  -6.669 -16.836 -49.500
  -6.667 -49.500 -49.500
  -6.665 -49.500     NaN
  -6.663 -49.500 -49.500
  -6.661 -15.883 -16.870
  -6.658 -15.606 -15.606
  -6.656 -16.588 -49.500
  -6.654 -49.500 -49.500
  -6.652 -16.666 -49.500
  -6.650 -16.201 -16.201
  -6.648 -49.500 -49.500
  -6.646 -49.500 -49.500
  -6.644 -15.914 -15.914
  -6.642 -16.499 -16.499
  -6.640 -16.537 -16.537
  -6.638 -49.500     NaN
  -6.636 -49.500 -49.500
  -6.634 -49.500 -49.500
  -6.632 -49.500 -49.500
  -6.630 -49.500 -49.500
  -6.628 -49.500 -49.500
  -6.626 -49.500 -49.500
  -6.624 -49.500     NaN
  -6.622 -49.500     NaN
  -6.620 -49.500 -49.500
  -6.618 -49.500 -49.500
  -6.617 -49.500 -49.500
  -6.615 -49.500     NaN
  -6.613 -49.500 -49.500
  -6.611 -49.500 -49.500
  -6.609 -49.500 -49.500
  -6.607 -49.500 -49.500
  -6.605 -49.500 -49.500
  -6.603 -49.500     NaN
  -6.602 -16.385 -16.385
  -6.600 -16.913 -49.500
  -6.598 -49.500 -49.500
  -6.596 -16.614 -16.614
  -6.594 -49.500 -49.500
