  -8.861 -13.913 -13.913
  -8.599 -14.037 -14.037
  -8.442 -14.133 -14.133
  -8.329 -14.227 -14.227
  -8.239 -14.212 -14.212
  -8.166 -14.124 -14.124
  -8.103 -14.271 -14.271
  -8.048 -14.530 -14.530
  -7.999 -14.296 -14.296
  -7.955 -14.453 -14.453
  -7.916 -14.580 -14.580
  -7.879 -14.343 -14.343
  -7.846 -14.611 -14.611
  -7.815 -14.836 -14.836
  -7.786 -14.744 -14.744
  -7.758 -14.796 -14.796
  -7.733 -14.624 -14.955
  -7.709 -14.612 -14.899
  -7.686 -14.488 -14.899
  -7.664 -14.864 -14.864
  -7.643 -14.201 -14.707
  -7.624 -15.084 -15.084
  -7.605 -15.047 -15.047
  -7.586 -15.032 -15.215
  -7.569 -14.382 -14.885
  -7.552 -15.024 -15.024
  -7.536 -15.174 -15.174
  -7.521 -14.846 -15.159
  -7.506 -15.011 -15.260
  -7.491 -15.267 -15.267
  -7.477 -14.719 -15.284
  -7.464 -15.245 -15.646
  -7.451 -15.181 -15.181
  -7.438 -15.545 -15.545
  -7.425 -15.354 -15.354
  -7.413 -14.761 -15.395
  -7.401 -15.166 -15.166
  -7.390 -15.232 -15.232
  -7.379 -14.874 -15.183
  -7.368 -15.245 -15.245
  -7.357 -15.331 -15.331
  -7.347 -15.457 -15.660
  -7.337 -14.993 -15.246
  -7.327 -14.738 -15.124
  -7.317 -15.062 -15.569
  -7.308 -15.202 -15.202
  -7.299 -15.309 -15.534
  -7.290 -15.199 -15.498
  -7.281 -15.598 -15.949
  -7.272 -15.778 -15.976
  -7.264 -14.201 -15.812
  -7.255 -15.349 -15.638
  -7.247 -14.896 -15.656
  -7.239 -15.382 -15.815
  -7.231 -14.603 -14.996
  -7.223 -15.351 -15.351
  -7.216 -15.311 -15.543
  -7.208 -15.424 -15.586
  -7.201 -15.898 -16.051
  -7.194 -15.697 -15.697
  -7.187 -15.547 -15.894
  -7.180 -15.807 -16.085
  -7.173 -15.807 -16.060
  -7.166 -14.557 -15.878
  -7.159 -15.792 -15.985
  -7.153 -15.935 -16.109
  -7.146 -16.336 -16.336
  -7.140 -15.699 -15.699
  -7.133 -15.711 -15.992
  -7.127 -15.324 -15.535
  -7.121 -16.227 -16.227
  -7.115 -15.835 -16.289
  -7.109 -14.756 -15.676
  -7.103 -16.164 -16.164
  -7.098 -15.827 -16.167
  -7.092 -15.749 -15.749
  -7.086 -15.498 -16.362
  -7.081 -16.194 -16.194
  -7.075 -16.381 -16.788
  -7.070 -15.673 -16.045
  -7.064 -15.817 -16.242
  -7.059 -15.708 -16.026
  -7.054 -16.224 -16.381
  -7.049 -15.590 -15.834
  -7.043 -15.630 -16.396
  -7.038 -15.486 -16.048
  -7.033 -15.672 -16.172
  -7.029 -16.026 -16.290
  -7.024 -16.032 -16.324
  -7.019 -16.154 -16.154
  -7.014 -16.272 -16.272
  -7.009 -15.743 -16.162
  -7.005 -15.881 -16.192
  -7.000 -16.466 -16.466
  -6.995 -16.375 -16.375
  -6.991 -16.222 -16.222
  -6.986 -15.793 -16.375
  -6.982 -15.940 -16.406
  -6.978 -16.236 -16.236
  -6.973 -16.003 -16.166
  -6.969 -16.180 -16.416
  -6.965 -16.139 -16.300
  -6.961 -16.018 -16.271
  -6.956 -17.108 -49.500
  -6.952 -16.159 -16.375
  -6.948 -16.346 -16.498
  -6.944 -17.236 -49.500
  -6.940 -16.153 -22.575
  -6.936 -15.910 -16.128
  -6.932 -15.832 -22.306
  -6.928 -17.261 -22.805
  -6.924 -16.362 -16.362
  -6.920 -16.428 -16.856
  -6.917 -16.411 -16.941
  -6.913 -15.578 -16.972
  -6.909 -16.112 -16.454
  -6.905 -16.222 -16.414
  -6.902 -16.313 -16.764
  -6.898 -49.500     NaN
  -6.894 -16.132 -16.322
  -6.891 -15.896 -49.500
  -6.887 -16.270 -16.672
  -6.884 -16.838 -49.500
  -6.880 -15.887 -16.144
  -6.877 -17.507 -49.500
  -6.873 -16.347 -16.833
  -6.870 -15.738 -16.367
  -6.867 -16.414 -17.097
  -6.863 -16.228 -49.500
  -6.860 -15.762 -16.321
  -6.857 -15.975 -49.500
  -6.853 -15.875 -16.102
  -6.850 -16.676 -49.500
  -6.847 -15.786 -16.977
  -6.844 -16.367 -49.500
  -6.840 -49.500     NaN
  -6.837 -15.908 -16.800
  -6.834 -16.741 -49.500
  -6.831 -49.500     NaN
  -6.828 -49.500     NaN
  -6.825 -49.500     NaN
  -6.822 -16.790 -49.500
  -6.819 -16.458 -17.105
  -6.816 -16.324 -16.751
  -6.813 -16.872 -49.500
  -6.810 -16.830 -49.500
  -6.807 -16.277 -49.500
  -6.804 -16.574 -16.930
  -6.801 -15.587 -16.288
  -6.798 -15.147 -49.500
  -6.795 -16.643 -16.981
  -6.792 -49.500 -49.500
  -6.789 -16.409 -49.500
  -6.787 -49.500 -49.500
  -6.784 -49.500     NaN
  -6.781 -49.500 -49.500
  -6.778 -49.500 -49.500
  -6.775 -16.710 -49.500
  -6.773 -49.500     NaN
  -6.770 -15.747 -15.747
  -6.767 -49.500 -49.500
  -6.765 -16.875 -49.500
  -6.762 -16.267 -49.500
  -6.759 -15.832 -49.500
  -6.757 -15.858 -15.858
  -6.754 -16.453 -49.500
  -6.751 -17.073 -49.500
  -6.749 -49.500 -49.500
  -6.746 -49.500     NaN
  -6.744 -16.368 -49.500
  -6.741 -16.000 -16.000
  -6.739 -16.478 -49.500
  -6.736 -49.500     NaN
  -6.734 -16.262 -16.779
  -6.731 -49.500     NaN
  -6.729 -16.749 -49.500
  -6.726 -16.947 -49.500
  -6.724 -49.500     NaN
  -6.721 -49.500     NaN
  -6.719 -49.500     NaN
  -6.717 -49.500     NaN
  -6.714 -49.500     NaN
  -6.712 -16.510 -49.500
  -6.709 -16.399 -16.681
  -6.707 -49.500 -49.500
  -6.705 -16.568 -49.500
  -6.702 -16.317 -49.500
  -6.700 -16.642 -16.642
  -6.698 -16.597 -49.500
  -6.696 -49.500     NaN
  -6.693 -49.500 -49.500
  -6.691 -49.500     NaN
  -6.689 -16.085 -49.500
  -6.687 -49.500 -49.500
  -6.684 -16.481 -16.481
  -6.682 -49.500     NaN
  -6.680 -49.500     NaN
  -6.678 -49.500 -49.500
  -6.675 -16.006 -16.006
  -6.673 -15.487 -15.487
  -6.671 -14.987 -49.500
  -6.669 -49.500 -49.500
  -6.667 -49.500 -49.500
  -6.665 -49.500     NaN
  -6.663 -15.389 -49.500
  -6.661 -49.500 -49.500
  -6.658 -49.500 -49.500
  -6.656 -49.500 -49.500
  -6.654 -49.500 -49.500
  -6.652 -49.500     NaN
  -6.650 -49.500     NaN
  -6.648 -49.500 -49.500
  -6.646 -49.500 -49.500
  -6.644 -49.500     NaN
  -6.642 -49.500     NaN
  -6.640 -16.315 -16.315
  -6.638 -49.500 -49.500
  -6.636 -49.500 -49.500
  -6.634 -16.351 -16.351
  -6.632 -16.047 -16.047
  -6.630 -49.500 -49.500
  -6.628 -16.546 -49.500
  -6.626 -49.500     NaN
  -6.624 -15.536 -49.500
  -6.622 -49.500 -49.500
  -6.620 -49.500 -49.500
  -6.618 -49.500 -49.500
  -6.617 -49.500 -49.500
  -6.615 -49.500 -49.500
  -6.613 -49.500 -49.500
  -6.611 -49.500 -49.500
  -6.609 -49.500 -49.500
  -6.607 -49.500     NaN
  -6.605 -16.299 -49.500
  -6.603 -49.500 -49.500
  -6.602 -49.500 -49.500
  -6.600 -49.500 -49.500
  -6.598 -49.500 -49.500
  -6.596 -49.500 -49.500
  -6.594 -49.500 -49.500
