  -8.861 -13.895 -13.895
  -8.599 -14.077 -14.077
  -8.442 -14.139 -14.139
  -8.329 -14.229 -14.229
  -8.239 -14.179 -14.352
  -8.166 -14.292 -14.292
  -8.103 -14.458 -14.458
  -8.048 -14.463 -14.463
  -7.999 -14.570 -14.570
  -7.955 -14.411 -14.411
  -7.916 -14.595 -14.595
  -7.879 -14.731 -14.731
  -7.846 -14.654 -14.809
  -7.815 -14.460 -14.460
  -7.786 -14.716 -14.716
  -7.758 -14.829 -14.829
  -7.733 -14.792 -14.792
  -7.709 -14.703 -14.948
  -7.686 -14.828 -14.828
  -7.664 -14.653 -14.653
  -7.643 -14.348 -15.103
  -7.624 -14.949 -14.949
  -7.605 -14.945 -14.945
  -7.586 -14.699 -14.699
  -7.569 -15.135 -15.135
  -7.552 -14.888 -14.888
  -7.536 -14.969 -15.202
  -7.521 -15.299 -15.299
  -7.506 -14.060 -15.194
  -7.491 -15.036 -15.036
  -7.477 -14.977 -14.977
  -7.464 -15.307 -15.307
  -7.451 -14.950 -15.398
  -7.438 -15.422 -15.422
  -7.425 -15.146 -15.146
  -7.413 -15.118 -15.118
  -7.401 -14.802 -15.415
  -7.390 -15.118 -15.387
  -7.379 -14.708 -15.618
  -7.368 -15.372 -15.372
  -7.357 -14.951 -15.272
  -7.347 -15.564 -15.744
  -7.337 -15.038 -15.232
  -7.327 -14.544 -15.512
  -7.317 -15.703 -15.945
  -7.308 -15.042 -15.505
  -7.299 -15.641 -15.641
  -7.290 -15.730 -15.730
  -7.281 -15.928 -15.928
  -7.272 -15.562 -15.724
  -7.264 -15.348 -15.952
  -7.255 -15.293 -15.461
  -7.247 -15.371 -15.580
  -7.239 -15.887 -16.150
  -7.231 -15.379 -15.623
  -7.223 -15.066 -15.311
  -7.216 -15.732 -15.961
  -7.208 -15.746 -15.746
  -7.201 -15.877 -16.069
  -7.194 -15.482 -15.774
  -7.187 -16.070 -16.070
  -7.180 -15.571 -15.755
  -7.173 -15.816 -16.002
  -7.166 -14.631 -16.235
  -7.159 -16.036 -16.241
  -7.153 -15.585 -16.211
  -7.146 -15.660 -15.990
  -7.140 -16.042 -16.042
  -7.133 -16.087 -16.087
  -7.127 -15.094 -15.834
  -7.121 -15.257 -15.639
  -7.115 -15.919 -16.309
  -7.109 -16.037 -16.037
  -7.103 -15.964 -16.201
  -7.098 -15.906 -15.906
  -7.092 -16.093 -16.093
  -7.086 -15.046 -15.987
  -7.081 -15.630 -16.214
  -7.075 -15.851 -15.851
  -7.070 -15.450 -15.788
  -7.064 -16.217 -16.388
  -7.059 -15.968 -15.968
  -7.054 -16.102 -16.102
  -7.049 -15.911 -16.074
  -7.043 -16.165 -16.353
  -7.038 -15.736 -15.902
  -7.033 -16.329 -16.329
  -7.029 -16.042 -16.330
  -7.024 -15.868 -16.529
  -7.019 -16.067 -16.327
  -7.014 -16.385 -16.560
  -7.009 -15.841 -16.208
  -7.005 -15.473 -15.919
  -7.000 -16.507 -16.507
  -6.995 -16.020 -16.395
  -6.991 -16.208 -16.208
  -6.986 -16.629 -17.439
  -6.982 -16.067 -16.914
  -6.978 -16.043 -16.910
  -6.973 -16.059 -16.321
  -6.969 -15.352 -16.218
  -6.965 -15.568 -16.545
  -6.961 -15.630 -15.910
  -6.956 -16.370 -16.370
  -6.952 -16.277 -16.844
  -6.948 -15.726 -16.025
  -6.944 -15.302 -16.034
  -6.940 -15.682 -16.175
  -6.936 -16.157 -16.157
  -6.932 -16.316 -16.945
  -6.928 -16.113 -16.582
  -6.924 -16.767 -16.936
  -6.920 -16.506 -49.500
  -6.917 -15.343 -16.228
  -6.913 -16.921 -17.097
  -6.909 -16.483 -49.500
  -6.905 -17.008 -22.327
  -6.902 -15.050 -22.239
  -6.898 -16.147 -16.851
  -6.894 -15.871 -16.792
  -6.891 -16.201 -16.670
  -6.887 -16.869 -17.279
  -6.884 -15.778 -17.333
  -6.880 -16.329 -16.329
  -6.877 -16.494 -16.663
  -6.873 -16.780 -16.953
  -6.870 -16.375 -49.500
  -6.867 -16.295 -16.295
  -6.863 -16.008 -16.629
  -6.860 -17.365 -49.500
  -6.857 -16.802 -16.956
  -6.853 -17.098 -17.290
  -6.850 -16.431 -16.638
  -6.847 -16.946 -17.121
  -6.844 -16.781 -49.500
  -6.840 -16.299 -17.111
  -6.837 -16.657 -49.500
  -6.834 -16.568 -16.918
  -6.831 -16.011 -16.372
  -6.828 -15.997 -16.569
  -6.825 -16.696 -16.878
  -6.822 -16.986 -49.500
  -6.819 -16.380 -16.721
  -6.816 -49.500     NaN
  -6.813 -16.850 -17.185
  -6.810 -49.500     NaN
  -6.807 -49.500     NaN
  -6.804 -15.978 -16.345
  -6.801 -15.972 -49.500
  -6.798 -16.134 -16.691
  -6.795 -16.709 -49.500
  -6.792 -16.174 -49.500
  -6.789 -49.500 -49.500
  -6.787 -16.016 -16.434
  -6.784 -15.993 -49.500
  -6.781 -15.892 -16.103
  -6.778 -15.849 -49.500
  -6.775 -14.640 -16.840
  -6.773 -49.500     NaN
  -6.770 -16.890 -49.500
  -6.767 -49.500     NaN
  -6.765 -16.864 -49.500
  -6.762 -49.500 -49.500
  -6.759 -16.646 -49.500
  -6.757 -49.500     NaN
  -6.754 -49.500     NaN
  -6.751 -15.956 -49.500
  -6.749 -49.500     NaN
  -6.746 -49.500 -49.500
  -6.744 -15.557 -16.575
  -6.741 -49.500     NaN
  -6.739 -49.500 -49.500
  -6.736 -16.564 -49.500
  -6.734 -15.722 -16.850
  -6.731 -16.620 -49.500
  -6.729 -16.036 -16.036
  -6.726 -49.500     NaN
  -6.724 -49.500 -49.500
  -6.721 -16.914 -16.914
  -6.719 -16.835 -49.500
  -6.717 -16.159 -49.500
  -6.714 -49.500     NaN
  -6.712 -49.500 -49.500
  -6.709 -49.500 -49.500
  -6.707 -49.500     NaN
  -6.705 -49.500 -49.500
  -6.702 -49.500 -49.500
  -6.700 -17.009 -49.500
  -6.698 -49.500 -49.500
  -6.696 -49.500 -49.500
  -6.693 -49.500     NaN
  -6.691 -49.500 -49.500
  -6.689 -16.484 -49.500
  -6.687 -15.552 -49.500
  -6.684 -49.500 -49.500
  -6.682 -49.500 -49.500
  -6.680 -17.179 -17.179
  -6.678 -16.970 -49.500
  -6.675 -49.500 -49.500
  -6.673 -17.078 -17.078
  -6.671 -49.500 -49.500
  -6.669 -49.500     NaN
  -6.667 -49.500     NaN
  -6.665 -49.500     NaN
  -6.663 -16.308 -16.308
  -6.661 -16.093 -16.243
  -6.658 -49.500     NaN
  -6.656 -49.500 -49.500
  -6.654 -49.500 -49.500
  -6.652 -49.500 -49.500
  -6.650 -49.500 -49.500
  -6.648 -16.065 -49.500
  -6.646 -49.500     NaN
  -6.644 -49.500 -49.500
  -6.642 -49.500     NaN
  -6.640 -49.500 -49.500
  -6.638 -49.500 -49.500
  -6.636 -49.500 -49.500
  -6.634 -17.001 -49.500
  -6.632 -16.263 -16.263
  -6.630 -16.854 -49.500
  -6.628 -16.457 -49.500
  -6.626 -49.500 -49.500
  -6.624 -49.500 -49.500
  -6.622 -49.500 -49.500
  -6.620 -49.500 -49.500
  -6.618 -49.500     NaN
  -6.617 -15.709 -15.709
  -6.615 -49.500     NaN
  -6.613 -16.015 -16.015
  -6.611 -49.500 -49.500
  -6.609 -49.500 -49.500
  -6.607 -49.500 -49.500
  -6.605 -16.067 -16.067
  -6.603 -49.500 -49.500
  -6.602 -16.557 -16.557
  -6.600 -16.004 -49.500
  -6.598 -49.500 -49.500
  -6.596 -49.500 -49.500
  -6.594 -49.500 -49.500
