  -8.861 -13.913 -13.913
  -8.599 -14.049 -14.049
  -8.442 -14.050 -14.050
  -8.329 -14.173 -14.173
  -8.239 -14.255 -14.255
  -8.166 -14.414 -14.414
  -8.103 -14.377 -14.377
  -8.048 -14.421 -14.421
  -7.999 -14.439 -14.439
  -7.955 -14.545 -14.545
  -7.916 -14.497 -14.497
  -7.879 -14.225 -14.604
  -7.846 -14.478 -14.478
  -7.815 -14.463 -14.463
  -7.786 -14.627 -14.627
  -7.758 -14.738 -14.738
  -7.733 -14.827 -14.827
  -7.709 -14.814 -14.814
  -7.686 -14.665 -14.665
  -7.664 -14.553 -14.553
  -7.643 -14.464 -14.861
  -7.624 -15.047 -15.047
  -7.605 -14.638 -15.045
  -7.586 -15.122 -15.122
  -7.569 -14.144 -15.076
  -7.552 -14.911 -15.307
  -7.536 -15.068 -15.068
  -7.521 -14.762 -15.018
  -7.506 -15.091 -15.091
  -7.491 -14.319 -15.433
  -7.477 -15.024 -15.233
  -7.464 -15.131 -15.131
  -7.451 -15.041 -15.327
  -7.438 -15.350 -15.596
  -7.425 -14.856 -15.127
  -7.413 -14.840 -15.572
  -7.401 -15.385 -15.552
  -7.390 -15.491 -15.719
  -7.379 -15.241 -15.596
  -7.368 -15.472 -15.472
  -7.357 -15.548 -15.548
  -7.347 -15.641 -15.641
  -7.337 -15.660 -15.660
  -7.327 -15.306 -15.306
  -7.317 -14.899 -15.544
  -7.308 -14.944 -15.521
  -7.299 -15.258 -15.665
  -7.290 -14.917 -15.571
  -7.281 -15.212 -15.868
  -7.272 -14.817 -15.651
  -7.264 -15.290 -15.943
  -7.255 -15.273 -15.428
  -7.247 -15.695 -15.912
  -7.239 -15.118 -15.585
  -7.231 -15.479 -15.794
  -7.223 -15.765 -15.765
  -7.216 -15.738 -15.738
  -7.208 -16.071 -16.071
  -7.201 -15.839 -15.839
  -7.194 -14.996 -15.209
  -7.187 -15.420 -15.420
  -7.180 -15.628 -15.833
  -7.173 -15.860 -15.860
  -7.166 -15.480 -15.946
  -7.159 -15.574 -15.985
  -7.153 -15.123 -15.685
  -7.146 -15.116 -15.761
  -7.140 -15.821 -16.007
  -7.133 -16.018 -16.018
  -7.127 -15.920 -16.468
  -7.121 -15.269 -15.434
  -7.115 -15.850 -16.184
  -7.109 -16.247 -16.247
  -7.103 -16.134 -16.134
  -7.098 -15.221 -16.139
  -7.092 -16.192 -16.192
  -7.086 -15.283 -15.869
  -7.081 -16.155 -16.333
  -7.075 -15.307 -15.861
  -7.070 -15.105 -15.979
  -7.064 -15.923 -15.923
  -7.059 -16.016 -16.016
  -7.054 -15.221 -15.501
  -7.049 -16.104 -16.256
  -7.043 -16.083 -16.326
  -7.038 -15.935 -16.335
  -7.033 -16.047 -16.047
  -7.029 -15.632 -16.285
  -7.024 -15.870 -16.140
  -7.019 -16.401 -16.401
  -7.014 -15.559 -15.559
  -7.009 -16.363 -16.363
  -7.005 -16.463 -16.463
  -7.000 -16.513 -16.753
  -6.995 -16.091 -16.363
  -6.991 -16.591 -16.591
  -6.986 -15.923 -16.971
  -6.982 -16.330 -16.528
  -6.978 -16.213 -16.531
  -6.973 -16.576 -16.814
  -6.969 -15.859 -17.129
  -6.965 -16.135 -16.406
  -6.961 -16.136 -16.651
  -6.956 -16.423 -17.465
  -6.952 -15.940 -16.587
  -6.948 -16.157 -16.909
  -6.944 -16.308 -16.733
  -6.940 -16.745 -16.745
  -6.936 -16.538 -16.749
  -6.932 -16.644 -16.800
  -6.928 -16.134 -16.298
  -6.924 -16.280 -16.663
  -6.920 -16.274 -16.581
  -6.917 -15.984 -16.219
  -6.913 -15.839 -15.839
  -6.909 -16.230 -16.809
  -6.905 -16.428 -16.626
  -6.902 -16.464 -16.464
  -6.898 -16.320 -16.500
  -6.894 -16.551 -16.848
  -6.891 -16.312 -49.500
  -6.887 -22.490 -22.490
  -6.884 -16.076 -16.076
  -6.880 -15.773 -16.016
  -6.877 -16.263 -16.809
  -6.873 -16.410 -16.787
  -6.870 -16.828 -49.500
  -6.867 -16.342 -16.623
  -6.863 -16.575 -49.500
  -6.860 -15.852 -16.483
  -6.857 -16.413 -16.953
  -6.853 -16.232 -17.183
  -6.850 -16.679 -17.130
  -6.847 -17.080 -49.500
  -6.844 -17.286 -49.500
  -6.840 -16.681 -16.836
  -6.837 -16.322 -16.809
  -6.834 -15.801 -16.386
  -6.831 -16.974 -49.500
  -6.828 -16.964 -49.500
  -6.825 -49.500     NaN
  -6.822 -17.024 -49.500
  -6.819 -16.440 -49.500
  -6.816 -16.609 -17.047
  -6.813 -15.919 -16.155
  -6.810 -16.600 -16.766
  -6.807 -49.500     NaN
  -6.804 -16.341 -49.500
  -6.801 -16.431 -16.716
  -6.798 -17.095 -49.500
  -6.795 -16.175 -16.484
  -6.792 -49.500     NaN
  -6.789 -49.500 -49.500
  -6.787 -16.687 -49.500
  -6.784 -49.500     NaN
  -6.781 -16.453 -16.650
  -6.778 -49.500     NaN
  -6.775 -49.500     NaN
  -6.773 -16.492 -16.832
  -6.770 -49.500 -49.500
  -6.767 -49.500     NaN
  -6.765 -16.348 -49.500
  -6.762 -15.902 -49.500
  -6.759 -49.500 -49.500
  -6.757 -49.500 -49.500
  -6.754 -16.443 -16.443
  -6.751 -16.492 -49.500
  -6.749 -15.199 -16.299
  -6.746 -16.441 -49.500
  -6.744 -15.893 -49.500
  -6.741 -16.617 -49.500
  -6.739 -16.973 -49.500
  -6.736 -16.241 -49.500
  -6.734 -16.030 -16.626
  -6.731 -49.500     NaN
  -6.729 -49.500 -49.500
  -6.726 -16.768 -49.500
  -6.724 -16.842 -49.500
  -6.721 -16.355 -49.500
  -6.719 -16.253 -16.506
  -6.717 -49.500     NaN
  -6.714 -16.656 -49.500
  -6.712 -49.500     NaN
  -6.709 -49.500 -49.500
  -6.707 -49.500     NaN
  -6.705 -49.500 -49.500
  -6.702 -49.500     NaN
  -6.700 -16.698 -49.500
  -6.698 -49.500 -49.500
  -6.696 -16.352 -49.500
  -6.693 -49.500     NaN
  -6.691 -16.071 -16.071
  -6.689 -49.500     NaN
  -6.687 -49.500     NaN
  -6.684 -49.500     NaN
  -6.682 -49.500     NaN
  -6.680 -49.500     NaN
  -6.678 -49.500     NaN
  -6.675 -49.500 -49.500
  -6.673 -49.500 -49.500
  -6.671 -49.500     NaN
  -6.669 -16.146 -16.302
  -6.667 -16.121 -16.121
  -6.665 -49.500 -49.500
  -6.663 -49.500 -49.500
  -6.661 -16.786 -16.786
  -6.658 -49.500 -49.500
  -6.656 -49.500 -49.500
  -6.654 -49.500 -49.500
  -6.652 -49.500 -49.500
  -6.650 -49.500     NaN
  -6.648 -15.699 -15.699
  -6.646 -49.500     NaN
  -6.644 -49.500 -49.500
  -6.642 -16.492 -49.500
  -6.640 -49.500 -49.500
  -6.638 -49.500 -49.500
  -6.636 -49.500     NaN
  -6.634 -15.551 -15.551
  -6.632 -15.978 -15.978
  -6.630 -16.754 -16.754
  -6.628 -49.500 -49.500
  -6.626 -49.500 -49.500
  -6.624 -16.852 -16.852
  -6.622 -16.960 -16.960
  -6.620 -49.500     NaN
  -6.618 -49.500 -49.500
  -6.617 -49.500 -49.500
  -6.615 -49.500 -49.500
  -6.613 -49.500 -49.500
  -6.611 -49.500     NaN
  -6.609 -49.500 -49.500
  -6.607 -49.500 -49.500
  -6.605 -49.500 -49.500
  -6.603 -49.500 -49.500
  -6.602 -15.092 -15.092
  -6.600 -49.500 -49.500
  -6.598 -49.500 -49.500
  -6.596 -49.500 -49.500
  -6.594 -16.615 -16.615
