  -8.861 -13.902 -13.902
  -8.599 -14.005 -14.005
  -8.442 -14.081 -14.081
  -8.329 -14.244 -14.244
  -8.239 -14.325 -14.325
  -8.166 -14.093 -14.093
  -8.103 -14.334 -14.490
  -8.048 -14.547 -14.547
  -7.999 -14.581 -14.581
  -7.955 -14.549 -14.549
  -7.916 -14.508 -14.508
  -7.879 -14.096 -14.383
  -7.846 -14.795 -14.795
  -7.815 -14.764 -14.764
  -7.786 -14.945 -14.945
  -7.758 -14.869 -14.869
  -7.733 -14.784 -14.784
  -7.709 -14.606 -14.762
  -7.686 -14.814 -14.814
  -7.664 -14.932 -14.932
  -7.643 -14.933 -14.933
  -7.624 -14.604 -14.604
  -7.605 -14.748 -14.916
  -7.586 -14.960 -14.960
  -7.569 -14.989 -14.989
  -7.552 -15.150 -15.150
  -7.536 -14.285 -14.996
  -7.521 -14.581 -15.069
  -7.506 -15.093 -15.356
  -7.491 -15.025 -15.025
  -7.477 -15.168 -15.168
  -7.464 -15.192 -15.192
  -7.451 -15.299 -15.299
  -7.438 -15.078 -15.078
  -7.425 -15.191 -15.418
  -7.413 -15.148 -15.581
  -7.401 -15.460 -15.460
  -7.390 -15.611 -15.611
  -7.379 -15.236 -15.451
  -7.368 -15.472 -15.472
  -7.357 -14.896 -15.589
  -7.347 -15.047 -15.222
  -7.337 -15.459 -15.728
  -7.327 -14.963 -15.242
  -7.317 -15.163 -15.448
  -7.308 -14.762 -15.218
  -7.299 -15.346 -15.750
  -7.290 -14.701 -15.622
  -7.281 -15.231 -15.852
  -7.272 -15.324 -15.489
  -7.264 -15.266 -15.266
  -7.255 -16.065 -16.065
  -7.247 -15.449 -15.726
  -7.239 -14.452 -14.673
  -7.231 -15.833 -15.833
  -7.223 -14.817 -15.032
  -7.216 -15.892 -15.892
  -7.208 -15.845 -15.845
  -7.201 -15.916 -15.916
  -7.194 -15.820 -15.820
  -7.187 -15.964 -15.964
  -7.180 -15.305 -15.468
  -7.173 -16.017 -16.172
  -7.166 -15.798 -16.063
  -7.159 -14.722 -15.849
  -7.153 -15.785 -15.785
  -7.146 -16.076 -16.296
  -7.140 -16.392 -16.392
  -7.133 -15.595 -15.595
  -7.127 -15.848 -16.230
  -7.121 -15.942 -16.493
  -7.115 -15.819 -15.819
  -7.109 -16.041 -16.353
  -7.103 -16.085 -16.085
  -7.098 -16.067 -16.306
  -7.092 -15.772 -15.936
  -7.086 -16.455 -16.455
  -7.081 -15.843 -16.411
  -7.075 -15.905 -16.112
  -7.070 -15.519 -15.840
  -7.064 -15.420 -16.056
  -7.059 -16.048 -16.285
  -7.054 -15.638 -15.805
  -7.049 -15.623 -16.949
  -7.043 -16.323 -16.675
  -7.038 -16.294 -16.294
  -7.033 -15.853 -16.161
  -7.029 -16.147 -16.523
  -7.024 -15.548 -16.598
  -7.019 -15.293 -16.214
  -7.014 -15.749 -16.296
  -7.009 -16.615 -17.018
  -7.005 -16.140 -16.140
  -7.000 -16.587 -16.765
  -6.995 -16.080 -16.398
  -6.991 -15.986 -16.595
  -6.986 -15.872 -15.872
  -6.982 -16.021 -16.362
  -6.978 -15.601 -16.078
  -6.973 -16.419 -16.419
  -6.969 -15.998 -16.673
  -6.965 -16.347 -16.506
  -6.961 -15.648 -16.366
  -6.956 -16.090 -16.274
  -6.952 -16.331 -49.500
  -6.948 -15.990 -16.454
  -6.944 -16.465 -16.877
  -6.940 -16.103 -49.500
  -6.936 -16.150 -17.289
  -6.932 -15.574 -16.959
  -6.928 -16.854 -22.397
  -6.924 -16.200 -16.351
  -6.920 -16.447 -16.700
  -6.917 -16.470 -16.637
  -6.913 -15.916 -16.118
  -6.909 -14.192 -16.542
  -6.905 -49.500     NaN
  -6.902 -16.045 -17.443
  -6.898 -16.019 -16.019
  -6.894 -15.966 -16.861
  -6.891 -16.385 -16.621
  -6.887 -49.500     NaN
  -6.884 -16.049 -16.570
  -6.880 -16.135 -16.515
  -6.877 -16.813 -49.500
  -6.873 -15.963 -17.036
  -6.870 -49.500     NaN
  -6.867 -16.789 -17.010
  -6.863 -16.954 -49.500
  -6.860 -49.500     NaN
  -6.857 -16.308 -17.119
  -6.853 -16.859 -49.500
  -6.850 -16.015 -49.500
  -6.847 -49.500     NaN
  -6.844 -16.228 -16.539
  -6.840 -49.500     NaN
  -6.837 -16.849 -16.849
  -6.834 -49.500 -49.500
  -6.831 -16.232 -16.666
  -6.828 -16.307 -49.500
  -6.825 -49.500     NaN
  -6.822 -15.266 -15.940
  -6.819 -16.828 -49.500
  -6.816 -17.297 -49.500
  -6.813 -16.508 -49.500
  -6.810 -15.805 -49.500
  -6.807 -17.371 -49.500
  -6.804 -16.984 -49.500
  -6.801 -14.096 -16.250
  -6.798 -16.718 -49.500
  -6.795 -16.506 -49.500
  -6.792 -17.022 -49.500
  -6.789 -16.376 -16.783
  -6.787 -16.534 -49.500
  -6.784 -16.761 -49.500
  -6.781 -49.500 -49.500
  -6.778 -16.558 -49.500
  -6.775 -49.500     NaN
  -6.773 -17.145 -49.500
  -6.770 -16.650 -49.500
  -6.767 -49.500     NaN
  -6.765 -15.811 -49.500
  -6.762 -16.791 -16.986
  -6.759 -49.500     NaN
  -6.757 -49.500     NaN
  -6.754 -16.055 -49.500
  -6.751 -49.500 -49.500
  -6.749 -16.374 -16.565
  -6.746 -49.500     NaN
  -6.744 -16.379 -49.500
  -6.741 -16.257 -16.585
  -6.739 -17.179 -49.500
  -6.736 -16.395 -49.500
  -6.734 -49.500 -49.500
  -6.731 -16.396 -49.500
  -6.729 -16.565 -49.500
  -6.726 -49.500 -49.500
  -6.724 -49.500     NaN
  -6.721 -16.574 -49.500
  -6.719 -16.198 -16.397
  -6.717 -49.500     NaN
  -6.714 -16.487 -49.500
  -6.712 -49.500 -49.500
  -6.709 -49.500 -49.500
  -6.707 -15.738 -15.738
  -6.705 -49.500     NaN
  -6.702 -16.663 -49.500
  -6.700 -49.500     NaN
  -6.698 -49.500     NaN
  -6.696 -49.500 -49.500
  -6.693 -16.538 -16.538
  -6.691 -49.500     NaN
  -6.689 -49.500     NaN
  -6.687 -16.023 -49.500
  -6.684 -16.222 -16.539
  -6.682 -49.500     NaN
  -6.680 -15.786 -15.786
  -6.678 -49.500 -49.500
  -6.675 -49.500 -49.500
  -6.673 -49.500 -49.500
  -6.671 -49.500 -49.500
  -6.669 -16.542 -49.500
  -6.667 -49.500 -49.500
  -6.665 -49.500 -49.500
  -6.663 -16.193 -49.500
  -6.661 -49.500 -49.500
  -6.658 -49.500     NaN
  -6.656 -16.556 -16.556
  -6.654 -49.500 -49.500
  -6.652 -49.500 -49.500
  -6.650 -49.500     NaN
  -6.648 -49.500 -49.500
  -6.646 -49.500 -49.500
  -6.644 -49.500 -49.500
  -6.642 -15.227 -49.500
  -6.640 -49.500 -49.500
  -6.638 -49.500 -49.500
  -6.636 -16.606 -16.606
  -6.634 -49.500 -49.500
  -6.632 -49.500 -49.500
  -6.630 -16.536 -16.536
  -6.628 -49.500     NaN
  -6.626 -16.137 -16.137
  -6.624 -49.500 -49.500
  -6.622 -49.500 -49.500
  -6.620 -16.290 -49.500
  -6.618 -49.500 -49.500
  -6.617 -16.325 -16.325
  -6.615 -49.500 -49.500
  -6.613 -49.500 -49.500
  -6.611 -49.500     NaN
  -6.609 -49.500 -49.500
  -6.607 -49.500 -49.500
  -6.605 -49.500 -49.500
  -6.603 -49.500 -49.500
  -6.602 -49.500 -49.500
  -6.600 -49.500 -49.500
  -6.598 -49.500 -49.500
  -6.596 -16.049 -16.049
  -6.594 -16.092 -49.500
