  -8.861 -13.907 -13.907
  -8.599 -14.019 -14.019
  -8.442 -14.187 -14.187
  -8.329 -14.104 -14.104
  -8.239 -14.203 -14.203
  -8.166 -14.424 -14.424
  -8.103 -14.421 -14.421
  -8.048 -14.493 -14.493
  -7.999 -14.353 -14.353
  -7.955 -14.518 -14.518
  -7.916 -14.597 -14.597
  -7.879 -14.648 -14.648
  -7.846 -14.751 -14.751
  -7.815 -14.495 -14.694
  -7.786 -14.463 -14.820
  -7.758 -14.595 -14.595
  -7.733 -14.703 -14.703
  -7.709 -14.876 -14.876
  -7.686 -14.730 -14.730
  -7.664 -14.681 -14.836
  -7.643 -14.970 -14.970
  -7.624 -14.546 -15.157
  -7.605 -14.442 -15.031
  -7.586 -14.701 -14.855
  -7.569 -15.329 -15.329
  -7.552 -13.693 -15.297
  -7.536 -15.204 -15.363
  -7.521 -14.897 -15.279
  -7.506 -15.197 -15.197
  -7.491 -14.622 -15.050
  -7.477 -14.833 -15.307
  -7.464 -15.273 -15.530
  -7.451 -14.809 -15.251
  -7.438 -15.118 -15.489
  -7.425 -15.386 -15.538
  -7.413 -15.334 -15.334
  -7.401 -15.088 -15.088
  -7.390 -15.467 -15.467
  -7.379 -15.416 -15.577
  -7.368 -15.145 -15.503
  -7.357 -15.465 -15.465
  -7.347 -15.417 -15.775
  -7.337 -15.344 -15.344
  -7.327 -15.604 -15.789
  -7.317 -15.414 -15.414
  -7.308 -14.887 -15.253
  -7.299 -15.531 -15.874
  -7.290 -15.580 -15.580
  -7.281 -15.302 -15.537
  -7.272 -15.094 -15.454
  -7.264 -15.969 -15.969
  -7.255 -15.639 -16.032
  -7.247 -15.046 -15.371
  -7.239 -15.424 -16.113
  -7.231 -15.840 -16.028
  -7.223 -15.636 -16.030
  -7.216 -15.176 -15.769
  -7.208 -15.729 -15.729
  -7.201 -15.614 -15.614
  -7.194 -15.626 -15.626
  -7.187 -15.974 -16.301
  -7.180 -15.515 -16.040
  -7.173 -16.047 -16.047
  -7.166 -15.302 -15.959
  -7.159 -15.917 -15.917
  -7.153 -16.148 -16.349
  -7.146 -15.159 -15.595
  -7.140 -15.736 -15.736
  -7.133 -16.111 -16.111
  -7.127 -15.480 -15.480
  -7.121 -16.080 -16.258
  -7.115 -15.816 -15.816
  -7.109 -16.055 -16.227
  -7.103 -15.979 -15.979
  -7.098 -14.848 -15.891
  -7.092 -15.554 -15.999
  -7.086 -15.997 -15.997
  -7.081 -15.571 -15.908
  -7.075 -16.281 -16.281
  -7.070 -16.129 -16.631
  -7.064 -15.814 -16.121
  -7.059 -16.396 -16.396
  -7.054 -16.035 -16.455
  -7.049 -16.229 -16.609
  -7.043 -15.788 -16.210
  -7.038 -15.733 -16.322
  -7.033 -16.462 -16.462
  -7.029 -16.596 -16.596
  -7.024 -15.655 -16.304
  -7.019 -16.188 -16.387
  -7.014 -16.392 -16.592
  -7.009 -16.139 -16.321
  -7.005 -14.839 -16.081
  -7.000 -16.344 -16.752
  -6.995 -15.829 -16.330
  -6.991 -15.826 -16.774
  -6.986 -15.319 -16.587
  -6.982 -16.482 -16.642
  -6.978 -16.406 -16.406
  -6.973 -16.324 -16.490
  -6.969 -15.624 -16.028
  -6.965 -16.545 -16.706
  -6.961 -16.412 -16.643
  -6.956 -16.173 -16.627
  -6.952 -16.651 -16.651
  -6.948 -15.907 -16.154
  -6.944 -16.176 -16.480
  -6.940 -16.597 -16.761
  -6.936 -16.155 -16.334
  -6.932 -16.991 -17.236
  -6.928 -17.100 -17.252
  -6.924 -16.743 -17.245
  -6.920 -16.888 -17.188
  -6.917 -16.768 -17.039
  -6.913 -15.943 -49.500
  -6.909 -15.876 -16.499
  -6.905 -49.500     NaN
  -6.902 -15.533 -16.476
  -6.898 -15.597 -16.273
  -6.894 -15.625 -15.891
  -6.891 -16.561 -16.731
  -6.887 -16.449 -16.621
  -6.884 -15.472 -15.905
  -6.880 -16.319 -16.660
  -6.877 -14.717 -49.500
  -6.873 -16.272 -49.500
  -6.870 -15.464 -15.883
  -6.867 -16.547 -17.080
  -6.863 -15.920 -17.339
  -6.860 -16.198 -16.406
  -6.857 -15.665 -15.896
  -6.853 -49.500     NaN
  -6.850 -16.221 -16.221
  -6.847 -15.819 -16.108
  -6.844 -16.654 -49.500
  -6.840 -16.705 -49.500
  -6.837 -16.226 -49.500
  -6.834 -16.177 -16.674
  -6.831 -16.529 -17.509
  -6.828 -16.480 -16.982
  -6.825 -16.447 -16.646
  -6.822 -16.552 -16.850
  -6.819 -49.500     NaN
  -6.816 -15.740 -16.179
  -6.813 -16.774 -49.500
  -6.810 -15.321 -49.500
  -6.807 -16.065 -16.650
  -6.804 -16.620 -16.620
  -6.801 -49.500     NaN
  -6.798 -49.500     NaN
  -6.795 -16.636 -49.500
  -6.792 -15.977 -16.657
  -6.789 -16.237 -16.475
  -6.787 -16.497 -16.787
  -6.784 -16.348 -49.500
  -6.781 -16.714 -49.500
  -6.778 -49.500     NaN
  -6.775 -49.500     NaN
  -6.773 -16.687 -49.500
  -6.770 -49.500     NaN
  -6.767 -49.500     NaN
  -6.765 -16.751 -16.751
  -6.762 -49.500     NaN
  -6.759 -16.290 -16.290
  -6.757 -49.500     NaN
  -6.754 -49.500     NaN
  -6.751 -16.356 -49.500
  -6.749 -15.718 -15.888
  -6.746 -16.191 -49.500
  -6.744 -49.500 -49.500
  -6.741 -49.500     NaN
  -6.739 -49.500     NaN
  -6.736 -15.986 -16.403
  -6.734 -16.381 -49.500
  -6.731 -49.500     NaN
  -6.729 -17.283 -49.500
  -6.726 -17.198 -17.198
  -6.724 -16.470 -16.470
  -6.721 -16.524 -16.524
  -6.719 -49.500 -49.500
  -6.717 -16.867 -49.500
  -6.714 -15.969 -15.969
  -6.712 -49.500     NaN
  -6.709 -16.109 -16.421
  -6.707 -49.500 -49.500
  -6.705 -49.500     NaN
  -6.702 -15.726 -16.398
  -6.700 -16.052 -49.500
  -6.698 -49.500 -49.500
  -6.696 -49.500 -49.500
  -6.693 -16.808 -16.808
  -6.691 -49.500     NaN
  -6.689 -17.095 -17.095
  -6.687 -16.412 -49.500
  -6.684 -49.500 -49.500
  -6.682 -49.500     NaN
  -6.680 -15.856 -15.856
  -6.678 -49.500     NaN
  -6.675 -49.500     NaN
  -6.673 -49.500 -49.500
  -6.671 -49.500 -49.500
  -6.669 -15.843 -15.843
  -6.667 -49.500 -49.500
  -6.665 -49.500     NaN
  -6.663 -49.500 -49.500
  -6.661 -16.265 -16.842
  -6.658 -49.500     NaN
  -6.656 -16.723 -49.500
  -6.654 -49.500 -49.500
  -6.652 -49.500 -49.500
  -6.650 -49.500     NaN
  -6.648 -49.500 -49.500
  -6.646 -49.500 -49.500
  -6.644 -49.500 -49.500
  -6.642 -49.500 -49.500
  -6.640 -49.500 -49.500
  -6.638 -49.500     NaN
  -6.636 -49.500 -49.500
  -6.634 -49.500 -49.500
  -6.632 -49.500 -49.500
  -6.630 -16.805 -16.805
  -6.628 -49.500 -49.500
  -6.626 -49.500 -49.500
  -6.624 -49.500 -49.500
  -6.622 -49.500     NaN
  -6.620 -49.500     NaN
  -6.618 -16.665 -49.500
  -6.617 -49.500 -49.500
  -6.615 -49.500 -49.500
  -6.613 -49.500 -49.500
  -6.611 -49.500 -49.500
  -6.609 -49.500     NaN
  -6.607 -16.034 -49.500
  -6.605 -49.500 -49.500
  -6.603 -49.500 -49.500
  -6.602 -49.500     NaN
  -6.600 -49.500 -49.500
  -6.598 -49.500 -49.500
  -6.596 -49.500 -49.500
  -6.594 -49.500     NaN
