  -8.861 -13.868 -13.868
  -8.599 -14.055 -14.055
  -8.442 -14.129 -14.129
  -8.329 -14.266 -14.266
  -8.239 -14.307 -14.307
  -8.166 -14.302 -14.302
  -8.103 -14.266 -14.266
  -8.048 -14.307 -14.307
  -7.999 -14.372 -14.372
  -7.955 -14.437 -14.597
  -7.916 -14.574 -14.574
  -7.879 -14.659 -14.659
  -7.846 -14.571 -14.571
  -7.815 -14.473 -14.758
  -7.786 -14.797 -14.797
  -7.758 -14.770 -14.770
  -7.733 -14.651 -14.651
  -7.709 -14.814 -14.814
  -7.686 -14.748 -14.748
  -7.664 -15.053 -15.053
  -7.643 -14.685 -14.901
  -7.624 -14.480 -14.789
  -7.605 -14.780 -14.780
  -7.586 -15.097 -15.097
  -7.569 -15.045 -15.045
  -7.552 -15.189 -15.189
  -7.536 -14.913 -14.913
  -7.521 -14.844 -15.119
  -7.506 -15.088 -15.088
  -7.491 -15.059 -15.059
  -7.477 -15.531 -15.531
  -7.464 -14.745 -15.273
  -7.451 -15.119 -15.119
  -7.438 -14.790 -15.004
  -7.425 -14.762 -15.004
  -7.413 -15.268 -15.491
  -7.401 -15.172 -15.338
  -7.390 -15.342 -15.342
  -7.379 -15.037 -15.447
  -7.368 -15.226 -15.643
  -7.357 -15.530 -15.530
  -7.347 -15.650 -15.650
  -7.337 -15.523 -15.820
  -7.327 -15.294 -15.565
  -7.317 -15.602 -15.602
  -7.308 -15.751 -15.751
  -7.299 -15.500 -15.731
  -7.290 -14.852 -15.322
  -7.281 -15.196 -15.489
  -7.272 -15.639 -15.639
  -7.264 -15.789 -15.988
  -7.255 -15.732 -15.732
  -7.247 -14.880 -15.631
  -7.239 -15.518 -15.688
  -7.231 -15.502 -15.924
  -7.223 -15.857 -15.857
  -7.216 -15.318 -15.702
  -7.208 -15.583 -15.786
  -7.201 -15.910 -16.291
  -7.194 -15.094 -15.922
  -7.187 -15.485 -15.858
  -7.180 -15.317 -15.522
  -7.173 -15.542 -15.703
  -7.166 -15.717 -15.717
  -7.159 -15.283 -15.283
  -7.153 -15.777 -16.053
  -7.146 -16.115 -16.115
  -7.140 -16.305 -16.305
  -7.133 -16.130 -16.130
  -7.127 -15.897 -16.377
  -7.121 -15.831 -16.005
  -7.115 -15.731 -16.110
  -7.109 -15.890 -15.890
  -7.103 -15.963 -16.161
  -7.098 -14.163 -15.095
  -7.092 -15.527 -15.772
  -7.086 -16.132 -16.306
  -7.081 -15.256 -15.923
  -7.075 -15.133 -15.488
  -7.070 -16.139 -16.391
  -7.064 -15.361 -15.769
  -7.059 -15.313 -15.576
  -7.054 -15.512 -15.828
  -7.049 -15.971 -16.260
  -7.043 -15.249 -15.893
  -7.038 -15.614 -15.820
  -7.033 -16.280 -16.533
  -7.029 -15.301 -15.610
  -7.024 -16.044 -16.044
  -7.019 -15.757 -16.030
  -7.014 -15.457 -15.649
  -7.009 -16.043 -16.346
  -7.005 -16.370 -16.370
  -7.000 -16.013 -16.284
  -6.995 -16.245 -16.406
  -6.991 -15.891 -16.356
  -6.986 -16.392 -16.609
  -6.982 -16.538 -16.892
  -6.978 -16.511 -16.856
  -6.973 -16.043 -16.208
  -6.969 -16.101 -16.442
  -6.965 -14.835 -16.482
  -6.961 -16.344 -16.344
  -6.956 -16.194 -16.486
  -6.952 -16.354 -16.859
  -6.948 -15.371 -16.115
  -6.944 -16.484 -16.484
  -6.940 -16.530 -16.932
  -6.936 -16.240 -16.541
  -6.932 -16.446 -22.591
  -6.928 -16.015 -16.561
  -6.924 -16.599 -16.599
  -6.920 -16.711 -17.057
  -6.917 -16.561 -17.098
  -6.913 -22.892 -22.892
  -6.909 -16.371 -16.758
  -6.905 -16.210 -16.787
  -6.902 -16.749 -16.928
  -6.898 -16.358 -16.904
  -6.894 -16.295 -16.919
  -6.891 -15.954 -16.133
  -6.887 -16.023 -16.023
  -6.884 -16.770 -17.189
  -6.880 -15.959 -49.500
  -6.877 -15.535 -17.053
  -6.873 -16.562 -49.500
  -6.870 -16.199 -16.674
  -6.867 -15.585 -16.158
  -6.863 -16.762 -17.085
  -6.860 -16.504 -16.698
  -6.857 -16.434 -16.640
  -6.853 -16.758 -49.500
  -6.850 -16.369 -49.500
  -6.847 -17.229 -49.500
  -6.844 -16.667 -16.826
  -6.840 -15.174 -16.745
  -6.837 -16.947 -17.162
  -6.834 -49.500     NaN
  -6.831 -49.500     NaN
  -6.828 -16.398 -16.958
  -6.825 -15.703 -16.796
  -6.822 -49.500     NaN
  -6.819 -16.251 -16.555
  -6.816 -16.133 -16.133
  -6.813 -49.500     NaN
  -6.810 -16.271 -49.500
  -6.807 -15.745 -49.500
  -6.804 -16.372 -16.372
  -6.801 -16.605 -49.500
  -6.798 -16.975 -17.222
  -6.795 -49.500     NaN
  -6.792 -49.500     NaN
  -6.789 -16.139 -16.344
  -6.787 -17.213 -17.213
  -6.784 -16.872 -49.500
  -6.781 -16.677 -49.500
  -6.778 -16.392 -49.500
  -6.775 -14.494 -49.500
  -6.773 -15.488 -16.461
  -6.770 -16.546 -49.500
  -6.767 -16.302 -49.500
  -6.765 -49.500 -49.500
  -6.762 -49.500 -49.500
  -6.759 -16.631 -16.982
  -6.757 -49.500     NaN
  -6.754 -17.027 -49.500
  -6.751 -49.500     NaN
  -6.749 -16.736 -49.500
  -6.746 -49.500 -49.500
  -6.744 -49.500 -49.500
  -6.741 -16.589 -49.500
  -6.739 -49.500     NaN
  -6.736 -49.500 -49.500
  -6.734 -49.500     NaN
  -6.731 -49.500     NaN
  -6.729 -16.709 -16.865
  -6.726 -16.626 -49.500
  -6.724 -49.500 -49.500
  -6.721 -16.178 -16.489
  -6.719 -16.836 -49.500
  -6.717 -16.630 -49.500
  -6.714 -16.539 -49.500
  -6.712 -49.500 -49.500
  -6.709 -49.500 -49.500
  -6.707 -15.443 -49.500
  -6.705 -49.500     NaN
  -6.702 -49.500     NaN
  -6.700 -16.650 -16.650
  -6.698 -49.500     NaN
  -6.696 -16.491 -49.500
  -6.693 -49.500 -49.500
  -6.691 -15.553 -16.188
  -6.689 -49.500 -49.500
  -6.687 -49.500     NaN
  -6.684 -49.500 -49.500
  -6.682 -49.500 -49.500
  -6.680 -49.500 -49.500
  -6.678 -15.936 -49.500
  -6.675 -49.500 -49.500
  -6.673 -49.500 -49.500
  -6.671 -49.500 -49.500
  -6.669 -16.930 -16.930
  -6.667 -49.500     NaN
  -6.665 -49.500 -49.500
  -6.663 -49.500 -49.500
  -6.661 -49.500 -49.500
  -6.658 -17.076 -49.500
  -6.656 -49.500 -49.500
  -6.654 -49.500     NaN
  -6.652 -49.500 -49.500
  -6.650 -49.500 -49.500
  -6.648 -49.500 -49.500
  -6.646 -49.500 -49.500
  -6.644 -49.500 -49.500
  -6.642 -16.474 -16.474
  -6.640 -16.348 -49.500
  -6.638 -49.500 -49.500
  -6.636 -49.500 -49.500
  -6.634 -49.500 -49.500
  -6.632 -49.500 -49.500
  -6.630 -16.331 -16.331
  -6.628 -49.500 -49.500
  -6.626 -49.500 -49.500
  -6.624 -16.147 -49.500
  -6.622 -49.500 -49.500
  -6.620 -49.500     NaN
  -6.618 -15.895 -49.500
  -6.617 -49.500 -49.500
  -6.615 -15.975 -16.442
  -6.613 -49.500 -49.500
  -6.611 -16.632 -49.500
  -6.609 -49.500 -49.500
  -6.607 -49.500 -49.500
  -6.605 -49.500 -49.500
  -6.603 -49.500 -49.500
  -6.602 -49.500 -49.500
  -6.600 -49.500 -49.500
  -6.598 -16.960 -16.960
  -6.596 -16.731 -16.731
  -6.594 -16.418 -49.500
