  -8.861 -13.937 -13.937
  -8.599 -14.011 -14.011
  -8.442 -14.016 -14.016
  -8.329 -14.191 -14.191
  -8.239 -14.105 -14.105
  -8.166 -14.357 -14.357
  -8.103 -14.316 -14.316
  -8.048 -14.455 -14.455
  -7.999 -14.024 -14.462
  -7.955 -14.408 -14.408
  -7.916 -14.566 -14.566
  -7.879 -14.208 -14.557
  -7.846 -14.583 -14.766
  -7.815 -14.545 -14.545
  -7.786 -14.430 -14.793
  -7.758 -14.730 -14.730
  -7.733 -14.802 -14.802
  -7.709 -14.872 -14.872
  -7.686 -14.745 -14.745
  -7.664 -14.847 -14.847
  -7.643 -15.084 -15.084
  -7.624 -14.671 -14.905
  -7.605 -14.994 -14.994
  -7.586 -14.811 -15.073
  -7.569 -15.085 -15.085
  -7.552 -14.381 -15.166
  -7.536 -14.839 -14.839
  -7.521 -15.124 -15.124
  -7.506 -14.952 -14.952
  -7.491 -14.918 -15.089
  -7.477 -15.294 -15.294
  -7.464 -15.135 -15.287
  -7.451 -14.157 -15.143
  -7.438 -15.472 -15.472
  -7.425 -14.454 -15.393
  -7.413 -15.374 -15.374
  -7.401 -15.263 -15.594
  -7.390 -15.048 -15.048
  -7.379 -15.511 -15.511
  -7.368 -14.632 -15.064
  -7.357 -15.619 -15.619
  -7.347 -15.615 -15.615
  -7.337 -15.473 -15.473
  -7.327 -14.862 -15.361
  -7.317 -15.118 -15.283
  -7.308 -15.275 -15.657
  -7.299 -15.309 -15.588
  -7.290 -15.386 -15.618
  -7.281 -15.531 -15.531
  -7.272 -15.583 -15.583
  -7.264 -15.542 -15.721
  -7.255 -15.661 -15.866
  -7.247 -15.765 -15.765
  -7.239 -15.579 -15.800
  -7.231 -15.437 -15.589
  -7.223 -15.173 -15.977
  -7.216 -15.776 -15.776
  -7.208 -15.749 -15.749
  -7.201 -15.616 -15.951
  -7.194 -14.561 -14.970
  -7.187 -15.953 -15.953
  -7.180 -15.726 -15.726
  -7.173 -16.163 -16.163
  -7.166 -15.841 -15.841
  -7.159 -16.101 -16.101
  -7.153 -15.541 -16.024
  -7.146 -16.071 -16.071
  -7.140 -15.066 -16.217
  -7.133 -15.745 -16.193
  -7.127 -15.844 -15.844
  -7.121 -15.396 -15.555
  -7.115 -15.729 -16.084
  -7.109 -15.598 -15.598
  -7.103 -14.993 -16.307
  -7.098 -16.289 -16.289
  -7.092 -15.848 -16.066
  -7.086 -16.359 -16.653
  -7.081 -15.781 -16.134
  -7.075 -15.680 -16.120
  -7.070 -15.625 -15.809
  -7.064 -16.136 -16.136
  -7.059 -16.319 -16.319
  -7.054 -16.137 -16.137
  -7.049 -15.271 -16.372
  -7.043 -15.987 -16.452
  -7.038 -15.648 -16.193
  -7.033 -16.276 -16.276
  -7.029 -16.004 -16.257
  -7.024 -15.826 -16.453
  -7.019 -15.888 -16.801
  -7.014 -16.345 -16.345
  -7.009 -16.095 -16.330
  -7.005 -16.097 -16.573
  -7.000 -15.657 -15.904
  -6.995 -15.759 -15.911
  -6.991 -16.299 -16.299
  -6.986 -16.529 -16.730
  -6.982 -15.118 -15.600
  -6.978 -16.188 -16.627
  -6.973 -16.140 -16.140
  -6.969 -15.741 -16.036
  -6.965 -49.500     NaN
  -6.961 -16.808 -49.500
  -6.956 -16.285 -16.285
  -6.952 -15.841 -16.731
  -6.948 -16.351 -16.646
  -6.944 -16.586 -16.757
  -6.940 -16.518 -16.746
  -6.936 -16.291 -16.844
  -6.932 -15.811 -16.091
  -6.928 -16.080 -16.080
  -6.924 -15.692 -16.239
  -6.920 -16.571 -49.500
  -6.917 -15.987 -49.500
  -6.913 -16.141 -16.788
  -6.909 -16.428 -16.851
  -6.905 -22.029 -22.029
  -6.902 -16.069 -16.247
  -6.898 -15.754 -49.500
  -6.894 -16.654 -49.500
  -6.891 -17.228 -23.391
  -6.887 -17.239 -22.412
  -6.884 -16.054 -16.917
  -6.880 -15.927 -15.927
  -6.877 -15.484 -16.271
  -6.873 -16.048 -16.737
  -6.870 -15.927 -16.696
  -6.867 -49.500 -49.500
  -6.863 -16.652 -17.116
  -6.860 -17.086 -49.500
  -6.857 -17.439 -49.500
  -6.853 -49.500     NaN
  -6.850 -16.300 -16.644
  -6.847 -14.785 -16.797
  -6.844 -16.048 -16.390
  -6.840 -16.884 -49.500
  -6.837 -49.500     NaN
  -6.834 -49.500     NaN
  -6.831 -16.017 -16.283
  -6.828 -16.062 -16.062
  -6.825 -16.900 -17.066
  -6.822 -15.512 -16.565
  -6.819 -16.179 -16.512
  -6.816 -16.702 -16.702
  -6.813 -16.472 -16.472
  -6.810 -49.500 -49.500
  -6.807 -16.138 -16.358
  -6.804 -16.776 -16.998
  -6.801 -16.484 -16.747
  -6.798 -16.393 -16.656
  -6.795 -49.500     NaN
  -6.792 -16.188 -49.500
  -6.789 -16.168 -16.168
  -6.787 -49.500     NaN
  -6.784 -16.904 -49.500
  -6.781 -49.500     NaN
  -6.778 -49.500     NaN
  -6.775 -16.724 -49.500
  -6.773 -49.500     NaN
  -6.770 -16.942 -49.500
  -6.767 -49.500     NaN
  -6.765 -49.500     NaN
  -6.762 -49.500     NaN
  -6.759 -15.936 -49.500
  -6.757 -49.500     NaN
  -6.754 -49.500     NaN
  -6.751 -15.543 -49.500
  -6.749 -49.500 -49.500
  -6.746 -49.500     NaN
  -6.744 -16.639 -49.500
  -6.741 -49.500 -49.500
  -6.739 -16.063 -16.063
  -6.736 -49.500     NaN
  -6.734 -14.751 -49.500
  -6.731 -15.405 -49.500
  -6.729 -16.148 -49.500
  -6.726 -49.500 -49.500
  -6.724 -49.500     NaN
  -6.721 -15.147 -49.500
  -6.719 -16.437 -49.500
  -6.717 -16.600 -49.500
  -6.714 -49.500     NaN
  -6.712 -16.807 -49.500
  -6.709 -49.500     NaN
  -6.707 -49.500 -49.500
  -6.705 -16.517 -16.681
  -6.702 -17.010 -17.010
  -6.700 -17.095 -17.095
  -6.698 -16.183 -16.183
  -6.696 -49.500 -49.500
  -6.693 -16.329 -16.329
  -6.691 -49.500 -49.500
  -6.689 -49.500     NaN
  -6.687 -16.042 -49.500
  -6.684 -49.500     NaN
  -6.682 -15.740 -15.740
  -6.680 -15.678 -49.500
  -6.678 -17.073 -49.500
  -6.675 -49.500     NaN
  -6.673 -49.500     NaN
  -6.671 -49.500     NaN
  -6.669 -16.402 -16.402
  -6.667 -16.960 -49.500
  -6.665 -49.500     NaN
  -6.663 -49.500     NaN
  -6.661 -49.500 -49.500
  -6.658 -49.500 -49.500
  -6.656 -16.386 -49.500
  -6.654 -49.500 -49.500
  -6.652 -49.500 -49.500
  -6.650 -49.500     NaN
  -6.648 -49.500     NaN
  -6.646 -49.500     NaN
  -6.644 -49.500 -49.500
  -6.642 -49.500 -49.500
  -6.640 -49.500     NaN
  -6.638 -16.591 -16.591
  -6.636 -49.500 -49.500
  -6.634 -49.500 -49.500
  -6.632 -49.500     NaN
  -6.630 -49.500 -49.500
  -6.628 -49.500 -49.500
  -6.626 -49.500 -49.500
  -6.624 -49.500 -49.500
  -6.622 -49.500 -49.500
  -6.620 -49.500 -49.500
  -6.618 -49.500 -49.500
  -6.617 -49.500 -49.500
  -6.615 -49.500 -49.500
  -6.613 -49.500 -49.500
  -6.611 -16.497 -16.497
  -6.609 -49.500 -49.500
  -6.607 -49.500 -49.500
  -6.605 -15.769 -49.500
  -6.603 -49.500     NaN
  -6.602 -49.500 -49.500
  -6.600 -49.500 -49.500
  -6.598 -49.500 -49.500
  -6.596 -49.500 -49.500
  -6.594 -49.500 -49.500
