  -8.861 -13.928 -13.928
  -8.599 -14.052 -14.052
  -8.442 -14.062 -14.062
  -8.329 -14.163 -14.163
  -8.239 -14.236 -14.236
  -8.166 -14.388 -14.388
  -8.103 -14.323 -14.323
  -8.048 -14.474 -14.474
  -7.999 -14.407 -14.407
  -7.955 -14.630 -14.630
  -7.916 -14.344 -14.565
  -7.879 -14.782 -14.782
  -7.846 -14.654 -14.654
  -7.815 -14.693 -14.693
  -7.786 -14.139 -14.695
  -7.758 -14.745 -14.902
  -7.733 -14.811 -14.811
  -7.709 -14.654 -14.654
  -7.686 -14.915 -14.915
  -7.664 -14.862 -14.862
  -7.643 -14.680 -14.680
  -7.624 -14.894 -14.894
  -7.605 -14.886 -14.886
  -7.586 -14.948 -14.948
  -7.569 -15.213 -15.213
  -7.552 -14.905 -14.905
  -7.536 -15.078 -15.078
  -7.521 -14.963 -15.238
  -7.506 -15.205 -15.205
  -7.491 -14.866 -15.101
  -7.477 -15.158 -15.447
  -7.464 -15.217 -15.217
  -7.451 -15.169 -15.169
  -7.438 -15.259 -15.438
  -7.425 -15.401 -15.401
  -7.413 -14.610 -15.222
  -7.401 -15.507 -15.692
  -7.390 -15.711 -15.711
  -7.379 -15.448 -15.448
  -7.368 -15.309 -15.309
  -7.357 -15.567 -15.567
  -7.347 -14.566 -15.313
  -7.337 -15.141 -15.365
  -7.327 -15.284 -15.284
  -7.317 -14.979 -15.200
  -7.308 -14.992 -14.992
  -7.299 -15.322 -15.697
  -7.290 -15.291 -15.291
  -7.281 -15.540 -15.540
  -7.272 -15.393 -15.820
  -7.264 -15.264 -15.510
  -7.255 -15.010 -15.245
  -7.247 -15.176 -15.377
  -7.239 -15.693 -15.899
  -7.231 -14.459 -15.760
  -7.223 -14.958 -15.695
  -7.216 -15.225 -15.499
  -7.208 -15.739 -15.739
  -7.201 -15.442 -15.442
  -7.194 -15.417 -15.578
  -7.187 -14.846 -15.944
  -7.180 -15.225 -15.964
  -7.173 -15.782 -15.782
  -7.166 -15.408 -16.064
  -7.159 -15.454 -15.943
  -7.153 -16.052 -16.052
  -7.146 -16.176 -16.176
  -7.140 -15.118 -15.644
  -7.133 -16.077 -16.077
  -7.127 -15.773 -16.033
  -7.121 -15.927 -15.927
  -7.115 -15.758 -15.988
  -7.109 -15.405 -15.932
  -7.103 -16.014 -16.407
  -7.098 -16.261 -16.261
  -7.092 -15.738 -15.738
  -7.086 -15.752 -15.962
  -7.081 -15.801 -16.097
  -7.075 -15.437 -15.705
  -7.070 -16.046 -16.665
  -7.064 -16.538 -16.538
  -7.059 -16.028 -16.028
  -7.054 -15.946 -16.477
  -7.049 -16.093 -16.093
  -7.043 -15.855 -15.855
  -7.038 -16.522 -16.522
  -7.033 -15.489 -16.170
  -7.029 -15.965 -16.407
  -7.024 -16.067 -16.337
  -7.019 -15.505 -16.567
  -7.014 -15.225 -15.888
  -7.009 -16.477 -16.477
  -7.005 -15.860 -16.108
  -7.000 -15.829 -16.162
  -6.995 -16.364 -16.364
  -6.991 -16.443 -16.443
  -6.986 -15.792 -15.989
  -6.982 -16.653 -16.998
  -6.978 -16.232 -16.232
  -6.973 -16.375 -16.375
  -6.969 -15.697 -17.457
  -6.965 -15.758 -16.195
  -6.961 -16.018 -16.197
  -6.956 -15.660 -15.844
  -6.952 -14.675 -15.586
  -6.948 -15.800 -16.542
  -6.944 -16.664 -49.500
  -6.940 -15.651 -15.863
  -6.936 -15.937 -16.766
  -6.932 -16.354 -16.551
  -6.928 -16.401 -17.186
  -6.924 -15.612 -16.720
  -6.920 -16.621 -49.500
  -6.917 -15.489 -16.669
  -6.913 -15.430 -15.787
  -6.909 -16.297 -16.485
  -6.905 -16.583 -16.981
  -6.902 -15.356 -15.742
  -6.898 -15.887 -16.576
  -6.894 -16.336 -16.684
  -6.891 -15.613 -16.060
  -6.887 -15.737 -16.801
  -6.884 -16.349 -16.753
  -6.880 -16.626 -49.500
  -6.877 -16.765 -49.500
  -6.873 -16.583 -16.583
  -6.870 -15.350 -16.533
  -6.867 -16.595 -16.971
  -6.863 -15.854 -16.290
  -6.860 -16.238 -16.572
  -6.857 -16.299 -16.299
  -6.853 -15.900 -16.884
  -6.850 -15.569 -16.523
  -6.847 -15.795 -16.611
  -6.844 -16.125 -49.500
  -6.840 -16.076 -16.965
  -6.837 -49.500     NaN
  -6.834 -15.772 -49.500
  -6.831 -16.641 -49.500
  -6.828 -16.621 -49.500
  -6.825 -16.349 -16.575
  -6.822 -49.500     NaN
  -6.819 -16.779 -49.500
  -6.816 -16.797 -49.500
  -6.813 -16.730 -17.242
  -6.810 -16.825 -17.326
  -6.807 -16.171 -16.349
  -6.804 -16.629 -16.834
  -6.801 -16.580 -49.500
  -6.798 -16.540 -49.500
  -6.795 -49.500     NaN
  -6.792 -16.126 -49.500
  -6.789 -16.687 -16.901
  -6.787 -49.500     NaN
  -6.784 -49.500     NaN
  -6.781 -49.500     NaN
  -6.778 -49.500     NaN
  -6.775 -49.500     NaN
  -6.773 -49.500     NaN
  -6.770 -49.500     NaN
  -6.767 -49.500     NaN
  -6.765 -16.638 -16.638
  -6.762 -16.903 -49.500
  -6.759 -16.135 -49.500
  -6.757 -49.500     NaN
  -6.754 -16.122 -49.500
  -6.751 -15.947 -16.913
  -6.749 -49.500     NaN
  -6.746 -15.609 -15.609
  -6.744 -49.500     NaN
  -6.741 -49.500     NaN
  -6.739 -15.870 -16.189
  -6.736 -16.098 -16.956
  -6.734 -49.500 -49.500
  -6.731 -16.326 -16.326
  -6.729 -15.807 -15.807
  -6.726 -16.786 -49.500
  -6.724 -16.431 -16.637
  -6.721 -49.500 -49.500
  -6.719 -16.216 -16.216
  -6.717 -16.034 -49.500
  -6.714 -49.500     NaN
  -6.712 -49.500     NaN
  -6.709 -16.379 -49.500
  -6.707 -49.500     NaN
  -6.705 -16.232 -49.500
  -6.702 -49.500     NaN
  -6.700 -49.500     NaN
  -6.698 -16.496 -49.500
  -6.696 -15.780 -15.780
  -6.693 -49.500     NaN
  -6.691 -49.500 -49.500
  -6.689 -16.388 -49.500
  -6.687 -49.500 -49.500
  -6.684 -49.500     NaN
  -6.682 -49.500     NaN
  -6.680 -49.500 -49.500
  -6.678 -49.500 -49.500
  -6.675 -16.682 -49.500
  -6.673 -15.921 -16.285
  -6.671 -49.500 -49.500
  -6.669 -49.500 -49.500
  -6.667 -15.770 -15.770
  -6.665 -16.812 -16.812
  -6.663 -16.834 -16.834
  -6.661 -49.500 -49.500
  -6.658 -49.500 -49.500
  -6.656 -16.255 -16.255
  -6.654 -49.500 -49.500
  -6.652 -49.500 -49.500
  -6.650 -14.506 -49.500
  -6.648 -16.265 -49.500
  -6.646 -49.500 -49.500
  -6.644 -49.500 -49.500
  -6.642 -49.500 -49.500
  -6.640 -49.500 -49.500
  -6.638 -16.224 -49.500
  -6.636 -49.500 -49.500
  -6.634 -16.319 -16.319
  -6.632 -16.191 -16.191
  -6.630 -49.500 -49.500
  -6.628 -49.500 -49.500
  -6.626 -16.953 -16.953
  -6.624 -16.398 -49.500
  -6.622 -49.500 -49.500
  -6.620 -49.500     NaN
  -6.618 -49.500     NaN
  -6.617 -49.500 -49.500
  -6.615 -49.500 -49.500
  -6.613 -49.500 -49.500
  -6.611 -49.500 -49.500
  -6.609 -49.500 -49.500
  -6.607 -15.843 -15.843
  -6.605 -49.500 -49.500
  -6.603 -16.629 -16.629
  -6.602 -49.500 -49.500
  -6.600 -16.457 -16.457
  -6.598 -49.500 -49.500
  -6.596 -49.500     NaN
  -6.594 -49.500 -49.500
