  -8.861 -13.912 -13.912
  -8.599 -13.997 -13.997
  -8.442 -14.051 -14.051
  -8.329 -14.228 -14.228
  -8.239 -14.287 -14.287
  -8.166 -14.380 -14.380
  -8.103 -14.462 -14.462
  -8.048 -14.057 -14.334
  -7.999 -14.577 -14.577
  -7.955 -14.475 -14.475
  -7.916 -14.529 -14.529
  -7.879 -14.870 -14.870
  -7.846 -14.605 -14.605
  -7.815 -14.704 -14.704
  -7.786 -14.714 -14.714
  -7.758 -14.704 -14.704
  -7.733 -14.850 -14.850
  -7.709 -14.798 -14.798
  -7.686 -14.933 -15.159
  -7.664 -14.938 -14.938
  -7.643 -14.899 -15.060
  -7.624 -14.665 -14.903
  -7.605 -14.712 -14.894
  -7.586 -14.997 -14.997
  -7.569 -14.948 -15.321
  -7.552 -15.177 -15.177
  -7.536 -15.287 -15.287
  -7.521 -14.631 -15.243
  -7.506 -14.801 -14.970
  -7.491 -15.416 -15.416
  -7.477 -15.402 -15.402
  -7.464 -14.528 -15.471
  -7.451 -15.388 -15.388
  -7.438 -15.038 -15.038
  -7.425 -15.038 -15.218
  -7.413 -15.041 -15.386
  -7.401 -15.378 -15.378
  -7.390 -15.477 -15.477
  -7.379 -15.093 -15.254
  -7.368 -15.069 -15.560
  -7.357 -15.231 -15.583
  -7.347 -15.305 -15.305
  -7.337 -15.252 -15.252
  -7.327 -14.500 -15.079
  -7.317 -15.586 -15.586
  -7.308 -15.427 -15.808
  -7.299 -15.465 -15.465
  -7.290 -14.636 -15.045
  -7.281 -15.407 -15.407
  -7.272 -15.865 -15.865
  -7.264 -14.830 -15.052
  -7.255 -14.739 -15.897
  -7.247 -15.931 -15.931
  -7.239 -15.555 -15.555
  -7.231 -15.039 -15.039
  -7.223 -15.456 -15.674
  -7.216 -15.757 -15.757
  -7.208 -15.667 -16.053
  -7.201 -15.253 -15.854
  -7.194 -15.234 -15.836
  -7.187 -16.079 -16.319
  -7.180 -15.323 -15.486
  -7.173 -15.671 -15.671
  -7.166 -14.875 -15.949
  -7.159 -15.572 -15.572
  -7.153 -14.753 -15.185
  -7.146 -15.924 -15.924
  -7.140 -15.780 -16.134
  -7.133 -15.542 -16.095
  -7.127 -14.474 -15.621
  -7.121 -15.999 -15.999
  -7.115 -15.904 -15.904
  -7.109 -15.623 -16.132
  -7.103 -15.782 -16.359
  -7.098 -15.900 -16.080
  -7.092 -15.910 -16.214
  -7.086 -16.011 -16.011
  -7.081 -15.595 -15.791
  -7.075 -14.974 -16.473
  -7.070 -16.068 -16.255
  -7.064 -16.021 -16.378
  -7.059 -15.273 -16.533
  -7.054 -16.508 -16.508
  -7.049 -16.054 -16.249
  -7.043 -16.197 -16.391
  -7.038 -15.588 -15.795
  -7.033 -16.088 -16.344
  -7.029 -16.298 -16.298
  -7.024 -15.866 -16.504
  -7.019 -16.198 -16.373
  -7.014 -16.086 -16.656
  -7.009 -16.541 -16.541
  -7.005 -15.965 -16.332
  -7.000 -16.178 -16.597
  -6.995 -15.872 -16.237
  -6.991 -16.620 -16.854
  -6.986 -16.189 -16.350
  -6.982 -15.949 -16.610
  -6.978 -16.233 -16.233
  -6.973 -16.469 -16.956
  -6.969 -14.748 -15.511
  -6.965 -16.512 -16.947
  -6.961 -15.690 -15.869
  -6.956 -15.933 -15.933
  -6.952 -16.250 -16.250
  -6.948 -15.833 -16.296
  -6.944 -15.549 -16.163
  -6.940 -16.217 -16.217
  -6.936 -16.681 -16.681
  -6.932 -15.954 -16.409
  -6.928 -16.776 -23.025
  -6.924 -16.382 -16.755
  -6.920 -15.000 -15.739
  -6.917 -16.762 -17.266
  -6.913 -16.951 -49.500
  -6.909 -16.540 -17.000
  -6.905 -16.958 -17.495
  -6.902 -15.940 -16.262
  -6.898 -16.090 -16.258
  -6.894 -16.594 -16.894
  -6.891 -15.563 -15.917
  -6.887 -16.644 -16.901
  -6.884 -17.049 -17.330
  -6.880 -16.163 -16.163
  -6.877 -15.538 -16.599
  -6.873 -16.767 -49.500
  -6.870 -16.148 -16.342
  -6.867 -16.659 -16.659
  -6.863 -16.601 -49.500
  -6.860 -15.956 -16.175
  -6.857 -16.655 -17.243
  -6.853 -15.965 -16.768
  -6.850 -16.934 -49.500
  -6.847 -16.278 -16.644
  -6.844 -17.014 -49.500
  -6.840 -16.295 -17.257
  -6.837 -14.686 -49.500
  -6.834 -49.500     NaN
  -6.831 -16.661 -49.500
  -6.828 -16.405 -49.500
  -6.825 -15.529 -49.500
  -6.822 -16.144 -16.565
  -6.819 -49.500     NaN
  -6.816 -16.264 -16.731
  -6.813 -16.356 -16.539
  -6.810 -49.500     NaN
  -6.807 -16.718 -49.500
  -6.804 -16.638 -17.059
  -6.801 -16.545 -49.500
  -6.798 -49.500     NaN
  -6.795 -17.285 -49.500
  -6.792 -16.592 -49.500
  -6.789 -16.611 -49.500
  -6.787 -16.880 -49.500
  -6.784 -16.629 -49.500
  -6.781 -49.500     NaN
  -6.778 -16.788 -17.121
  -6.775 -16.160 -16.526
  -6.773 -49.500     NaN
  -6.770 -16.953 -16.953
  -6.767 -15.613 -49.500
  -6.765 -16.405 -16.405
  -6.762 -49.500     NaN
  -6.759 -15.862 -16.421
  -6.757 -49.500 -49.500
  -6.754 -49.500     NaN
  -6.751 -15.984 -49.500
  -6.749 -16.073 -16.306
  -6.746 -16.634 -17.077
  -6.744 -16.355 -49.500
  -6.741 -49.500 -49.500
  -6.739 -49.500     NaN
  -6.736 -15.580 -15.580
  -6.734 -49.500     NaN
  -6.731 -16.034 -16.688
  -6.729 -49.500 -49.500
  -6.726 -16.196 -16.829
  -6.724 -16.450 -49.500
  -6.721 -16.854 -49.500
  -6.719 -49.500 -49.500
  -6.717 -16.610 -49.500
  -6.714 -49.500     NaN
  -6.712 -49.500 -49.500
  -6.709 -49.500 -49.500
  -6.707 -49.500     NaN
  -6.705 -49.500 -49.500
  -6.702 -15.849 -15.849
  -6.700 -49.500 -49.500
  -6.698 -49.500     NaN
  -6.696 -49.500     NaN
  -6.693 -17.012 -49.500
  -6.691 -49.500 -49.500
  -6.689 -49.500     NaN
  -6.687 -16.894 -16.894
  -6.684 -17.117 -49.500
  -6.682 -49.500     NaN
  -6.680 -49.500 -49.500
  -6.678 -16.970 -49.500
  -6.675 -49.500     NaN
  -6.673 -15.399 -15.399
  -6.671 -49.500 -49.500
  -6.669 -49.500 -49.500
  -6.667 -49.500 -49.500
  -6.665 -16.768 -49.500
  -6.663 -49.500 -49.500
  -6.661 -49.500 -49.500
  -6.658 -49.500 -49.500
  -6.656 -16.318 -16.318
  -6.654 -49.500 -49.500
  -6.652 -49.500 -49.500
  -6.650 -49.500 -49.500
  -6.648 -49.500 -49.500
  -6.646 -49.500 -49.500
  -6.644 -49.500 -49.500
  -6.642 -49.500 -49.500
  -6.640 -16.577 -49.500
  -6.638 -49.500     NaN
  -6.636 -16.606 -16.606
  -6.634 -49.500 -49.500
  -6.632 -49.500     NaN
  -6.630 -49.500 -49.500
  -6.628 -49.500     NaN
  -6.626 -16.765 -16.765
  -6.624 -49.500 -49.500
  -6.622 -49.500 -49.500
  -6.620 -49.500 -49.500
  -6.618 -49.500 -49.500
  -6.617 -16.218 -16.218
  -6.615 -49.500     NaN
  -6.613 -49.500 -49.500
  -6.611 -49.500 -49.500
  -6.609 -49.500 -49.500
  -6.607 -49.500 -49.500
  -6.605 -49.500 -49.500
  -6.603 -49.500 -49.500
  -6.602 -49.500 -49.500
  -6.600 -49.500 -49.500
  -6.598 -49.500 -49.500
  -6.596 -49.500 -49.500
  -6.594 -16.400 -16.400
