  -8.861 -13.918 -13.918
  -8.599 -14.049 -14.049
  -8.442 -14.126 -14.126
  -8.329 -14.087 -14.087
  -8.239 -14.219 -14.219
  -8.166 -14.306 -14.306
  -8.103 -14.448 -14.448
  -8.048 -14.398 -14.398
  -7.999 -14.098 -14.098
  -7.955 -14.525 -14.525
  -7.916 -14.707 -14.707
  -7.879 -14.542 -14.542
  -7.846 -14.699 -14.699
  -7.815 -14.671 -14.671
  -7.786 -14.600 -14.600
  -7.758 -14.731 -14.731
  -7.733 -14.427 -14.782
  -7.709 -14.960 -14.960
  -7.686 -15.021 -15.021
  -7.664 -14.995 -14.995
  -7.643 -14.508 -14.663
  -7.624 -14.858 -15.108
  -7.605 -14.781 -15.025
  -7.586 -14.864 -14.864
  -7.569 -14.160 -14.336
  -7.552 -14.973 -14.973
  -7.536 -15.262 -15.262
  -7.521 -15.157 -15.157
  -7.506 -15.411 -15.411
  -7.491 -15.051 -15.051
  -7.477 -14.923 -15.180
  -7.464 -15.070 -15.070
  -7.451 -14.730 -15.007
  -7.438 -15.137 -15.137
  -7.425 -15.356 -15.356
  -7.413 -14.760 -15.086
  -7.401 -15.406 -15.406
  -7.390 -15.303 -15.638
  -7.379 -15.211 -15.211
  -7.368 -15.300 -15.532
  -7.357 -15.162 -15.410
  -7.347 -15.429 -15.715
  -7.337 -15.398 -15.658
  -7.327 -15.822 -15.822
  -7.317 -15.550 -15.550
  -7.308 -15.445 -15.445
  -7.299 -14.726 -15.226
  -7.290 -15.210 -15.740
  -7.281 -15.102 -15.289
  -7.272 -15.144 -15.637
  -7.264 -14.898 -15.714
  -7.255 -15.582 -15.796
  -7.247 -15.777 -15.777
  -7.239 -15.329 -15.700
  -7.231 -16.063 -16.063
  -7.223 -15.537 -15.736
  -7.216 -15.536 -15.536
  -7.208 -14.023 -15.150
  -7.201 -15.548 -15.742
  -7.194 -15.690 -15.946
  -7.187 -15.662 -15.662
  -7.180 -15.497 -16.057
  -7.173 -15.735 -15.735
  -7.166 -15.717 -15.891
  -7.159 -15.701 -15.701
  -7.153 -15.404 -15.821
  -7.146 -15.581 -15.892
  -7.140 -15.180 -15.772
  -7.133 -15.347 -16.077
  -7.127 -16.054 -16.352
  -7.121 -14.773 -16.205
  -7.115 -15.942 -16.116
  -7.109 -16.122 -16.122
  -7.103 -16.183 -16.183
  -7.098 -15.635 -16.121
  -7.092 -15.894 -15.894
  -7.086 -16.135 -16.401
  -7.081 -16.047 -16.210
  -7.075 -15.949 -16.127
  -7.070 -15.634 -15.973
  -7.064 -15.580 -16.270
  -7.059 -15.793 -16.202
  -7.054 -16.044 -16.044
  -7.049 -15.735 -16.024
  -7.043 -16.375 -16.770
  -7.038 -15.455 -15.942
  -7.033 -16.007 -16.007
  -7.029 -15.722 -15.994
  -7.024 -15.706 -15.878
  -7.019 -16.299 -16.475
  -7.014 -16.204 -16.416
  -7.009 -16.112 -16.432
  -7.005 -16.456 -16.740
  -7.000 -16.254 -16.254
  -6.995 -16.233 -16.538
  -6.991 -16.286 -16.286
  -6.986 -15.567 -15.736
  -6.982 -15.837 -16.122
  -6.978 -15.873 -16.141
  -6.973 -16.219 -16.377
  -6.969 -15.351 -16.918
  -6.965 -14.893 -16.009
  -6.961 -16.113 -16.113
  -6.956 -16.890 -17.423
  -6.952 -15.743 -16.216
  -6.948 -16.279 -16.279
  -6.944 -15.958 -16.425
  -6.940 -15.672 -16.212
  -6.936 -16.097 -16.097
  -6.932 -16.386 -16.386
  -6.928 -16.793 -17.054
  -6.924 -16.404 -16.598
  -6.920 -16.071 -16.360
  -6.917 -16.349 -16.349
  -6.913 -16.422 -16.650
  -6.909 -16.524 -16.686
  -6.905 -16.533 -16.734
  -6.902 -15.774 -16.768
  -6.898 -16.040 -49.500
  -6.894 -16.572 -16.896
  -6.891 -16.303 -16.303
  -6.887 -16.363 -16.988
  -6.884 -16.097 -16.747
  -6.880 -16.558 -17.222
  -6.877 -16.316 -49.500
  -6.873 -16.972 -49.500
  -6.870 -16.533 -49.500
  -6.867 -17.007 -49.500
  -6.863 -16.092 -16.919
  -6.860 -15.609 -16.425
  -6.857 -16.649 -49.500
  -6.853 -16.202 -16.375
  -6.850 -16.431 -16.704
  -6.847 -49.500     NaN
  -6.844 -16.546 -49.500
  -6.840 -49.500     NaN
  -6.837 -16.360 -49.500
  -6.834 -17.225 -49.500
  -6.831 -16.660 -16.852
  -6.828 -16.123 -16.428
  -6.825 -15.807 -16.305
  -6.822 -49.500     NaN
  -6.819 -16.490 -16.919
  -6.816 -17.091 -49.500
  -6.813 -49.500     NaN
  -6.810 -16.585 -16.762
  -6.807 -16.524 -49.500
  -6.804 -16.178 -16.987
  -6.801 -16.779 -49.500
  -6.798 -49.500     NaN
  -6.795 -16.712 -49.500
  -6.792 -17.248 -49.500
  -6.789 -16.406 -16.604
  -6.787 -49.500     NaN
  -6.784 -49.500     NaN
  -6.781 -16.484 -17.287
  -6.778 -16.537 -49.500
  -6.775 -49.500     NaN
  -6.773 -16.383 -16.965
  -6.770 -16.360 -16.949
  -6.767 -16.478 -49.500
  -6.765 -16.696 -49.500
  -6.762 -16.366 -49.500
  -6.759 -49.500     NaN
  -6.757 -16.459 -49.500
  -6.754 -16.643 -16.643
  -6.751 -16.291 -49.500
  -6.749 -15.140 -16.725
  -6.746 -15.170 -49.500
  -6.744 -15.783 -49.500
  -6.741 -49.500     NaN
  -6.739 -49.500     NaN
  -6.736 -49.500     NaN
  -6.734 -15.864 -49.500
  -6.731 -16.235 -16.235
  -6.729 -15.759 -16.740
  -6.726 -15.870 -15.870
  -6.724 -15.694 -49.500
  -6.721 -49.500     NaN
  -6.719 -15.859 -49.500
  -6.717 -49.500 -49.500
  -6.714 -15.938 -16.487
  -6.712 -49.500     NaN
  -6.709 -16.126 -49.500
  -6.707 -49.500     NaN
  -6.705 -49.500 -49.500
  -6.702 -16.551 -49.500
  -6.700 -16.357 -16.357
  -6.698 -49.500 -49.500
  -6.696 -16.088 -49.500
  -6.693 -49.500 -49.500
  -6.691 -16.778 -49.500
  -6.689 -49.500 -49.500
  -6.687 -14.883 -49.500
  -6.684 -16.985 -16.985
  -6.682 -49.500     NaN
  -6.680 -49.500     NaN
  -6.678 -49.500 -49.500
  -6.675 -49.500 -49.500
  -6.673 -49.500 -49.500
  -6.671 -49.500 -49.500
  -6.669 -49.500 -49.500
  -6.667 -49.500 -49.500
  -6.665 -16.690 -16.690
  -6.663 -49.500 -49.500
  -6.661 -49.500 -49.500
  -6.658 -49.500 -49.500
  -6.656 -49.500     NaN
  -6.654 -16.213 -49.500
  -6.652 -49.500 -49.500
  -6.650 -16.300 -49.500
  -6.648 -49.500 -49.500
  -6.646 -49.500     NaN
  -6.644 -49.500 -49.500
  -6.642 -49.500     NaN
  -6.640 -49.500     NaN
  -6.638 -15.918 -15.918
  -6.636 -16.373 -16.373
  -6.634 -49.500 -49.500
  -6.632 -49.500 -49.500
  -6.630 -16.786 -16.786
  -6.628 -49.500 -49.500
  -6.626 -49.500 -49.500
  -6.624 -16.670 -16.670
  -6.622 -16.203 -49.500
  -6.620 -49.500 -49.500
  -6.618 -49.500     NaN
  -6.617 -16.709 -16.709
  -6.615 -49.500 -49.500
  -6.613 -49.500     NaN
  -6.611 -49.500 -49.500
  -6.609 -49.500 -49.500
  -6.607 -49.500 -49.500
  -6.605 -49.500 -49.500
  -6.603 -49.500 -49.500
  -6.602 -16.486 -49.500
  -6.600 -49.500 -49.500
  -6.598 -49.500 -49.500
  -6.596 -49.500 -49.500
  -6.594 -49.500 -49.500
