  -8.861 -13.767 -13.767
  -8.599 -14.017 -14.017
  -8.442 -14.123 -14.123
  -8.329 -14.213 -14.213
  -8.239 -14.286 -14.286
  -8.166 -14.383 -14.383
  -8.103 -14.429 -14.429
  -8.048 -14.467 -14.467
  -7.999 -14.326 -14.326
  -7.955 -14.540 -14.540
  -7.916 -14.566 -14.566
  -7.879 -14.599 -14.758
  -7.846 -14.689 -14.689
  -7.815 -14.326 -14.753
  -7.786 -14.642 -14.642
  -7.758 -14.635 -14.787
  -7.733 -14.700 -14.700
  -7.709 -14.871 -14.871
  -7.686 -14.933 -14.933
  -7.664 -14.728 -15.074
  -7.643 -15.034 -15.034
  -7.624 -14.940 -14.940
  -7.605 -15.054 -15.054
  -7.586 -14.854 -15.097
  -7.569 -14.983 -14.983
  -7.552 -15.248 -15.248
  -7.536 -14.653 -14.891
  -7.521 -15.389 -15.389
  -7.506 -14.881 -15.136
  -7.491 -15.010 -15.010
  -7.477 -14.869 -15.239
  -7.464 -14.873 -15.197
  -7.451 -15.307 -15.307
  -7.438 -14.802 -15.021
  -7.425 -15.338 -15.338
  -7.413 -15.434 -15.434
  -7.401 -15.164 -15.361
  -7.390 -15.131 -15.321
  -7.379 -15.110 -15.293
  -7.368 -15.535 -15.535
  -7.357 -15.559 -15.559
  -7.347 -15.224 -15.224
  -7.337 -15.560 -15.560
  -7.327 -15.557 -15.557
  -7.317 -14.817 -15.211
  -7.308 -15.696 -16.101
  -7.299 -15.466 -15.466
  -7.290 -15.502 -15.686
  -7.281 -14.637 -14.943
  -7.272 -15.689 -15.689
  -7.264 -15.057 -15.883
  -7.255 -14.223 -15.332
  -7.247 -15.931 -15.931
  -7.239 -15.654 -15.654
  -7.231 -15.677 -15.837
  -7.223 -15.888 -16.133
  -7.216 -15.687 -15.687
  -7.208 -15.174 -16.183
  -7.201 -15.346 -15.849
  -7.194 -15.471 -15.471
  -7.187 -15.946 -15.946
  -7.180 -15.805 -16.083
  -7.173 -15.931 -15.931
  -7.166 -16.136 -16.136
  -7.159 -15.645 -15.645
  -7.153 -15.785 -15.785
  -7.146 -15.450 -15.909
  -7.140 -15.883 -16.113
  -7.133 -16.260 -16.260
  -7.127 -15.712 -16.028
  -7.121 -15.723 -15.723
  -7.115 -14.555 -15.847
  -7.109 -15.883 -15.883
  -7.103 -15.171 -15.453
  -7.098 -15.061 -15.660
  -7.092 -16.105 -16.281
  -7.086 -15.811 -16.298
  -7.081 -15.550 -16.448
  -7.075 -15.496 -15.967
  -7.070 -15.676 -16.270
  -7.064 -16.478 -16.478
  -7.059 -15.838 -16.164
  -7.054 -15.448 -16.340
  -7.049 -15.736 -15.736
  -7.043 -16.024 -16.024
  -7.038 -15.861 -15.861
  -7.033 -16.152 -16.488
  -7.029 -15.787 -16.026
  -7.024 -15.712 -16.199
  -7.019 -16.211 -16.211
  -7.014 -15.743 -16.222
  -7.009 -15.911 -16.105
  -7.005 -16.479 -16.479
  -7.000 -16.474 -16.474
  -6.995 -16.490 -16.676
  -6.991 -15.924 -16.101
  -6.986 -15.564 -15.734
  -6.982 -16.377 -16.377
  -6.978 -15.953 -16.105
  -6.973 -16.687 -16.687
  -6.969 -16.095 -16.379
  -6.965 -16.479 -16.479
  -6.961 -16.030 -16.487
  -6.956 -15.927 -16.367
  -6.952 -16.179 -49.500
  -6.948 -16.035 -16.035
  -6.944 -16.483 -16.483
  -6.940 -15.747 -16.050
  -6.936 -16.308 -16.308
  -6.932 -16.914 -49.500
  -6.928 -16.204 -16.355
  -6.924 -16.139 -16.391
  -6.920 -16.440 -17.120
  -6.917 -16.394 -16.756
  -6.913 -15.999 -15.999
  -6.909 -16.443 -16.443
  -6.905 -15.811 -16.240
  -6.902 -16.270 -16.428
  -6.898 -16.758 -21.730
  -6.894 -16.544 -17.302
  -6.891 -22.556 -22.556
  -6.887 -17.100 -49.500
  -6.884 -16.185 -16.445
  -6.880 -16.914 -17.179
  -6.877 -16.134 -16.909
  -6.873 -15.943 -16.164
  -6.870 -15.961 -16.796
  -6.867 -16.836 -17.033
  -6.863 -16.464 -49.500
  -6.860 -16.217 -16.660
  -6.857 -15.958 -15.958
  -6.853 -49.500 -49.500
  -6.850 -49.500     NaN
  -6.847 -17.410 -49.500
  -6.844 -16.783 -49.500
  -6.840 -49.500     NaN
  -6.837 -16.341 -16.635
  -6.834 -16.339 -49.500
  -6.831 -16.616 -16.905
  -6.828 -16.500 -17.169
  -6.825 -16.034 -16.773
  -6.822 -17.128 -49.500
  -6.819 -49.500     NaN
  -6.816 -16.412 -16.412
  -6.813 -49.500     NaN
  -6.810 -49.500     NaN
  -6.807 -16.244 -49.500
  -6.804 -49.500     NaN
  -6.801 -49.500     NaN
  -6.798 -16.730 -17.106
  -6.795 -49.500     NaN
  -6.792 -16.751 -49.500
  -6.789 -49.500     NaN
  -6.787 -17.102 -49.500
  -6.784 -16.099 -16.385
  -6.781 -16.807 -49.500
  -6.778 -16.500 -49.500
  -6.775 -16.180 -49.500
  -6.773 -49.500 -49.500
  -6.770 -16.915 -49.500
  -6.767 -17.055 -49.500
  -6.765 -49.500     NaN
  -6.762 -17.005 -49.500
  -6.759 -16.454 -49.500
  -6.757 -16.399 -49.500
  -6.754 -16.133 -16.133
  -6.751 -16.327 -49.500
  -6.749 -49.500 -49.500
  -6.746 -49.500 -49.500
  -6.744 -16.863 -49.500
  -6.741 -49.500     NaN
  -6.739 -16.417 -16.605
  -6.736 -49.500 -49.500
  -6.734 -49.500 -49.500
  -6.731 -49.500     NaN
  -6.729 -16.866 -16.866
  -6.726 -49.500     NaN
  -6.724 -16.184 -16.890
  -6.721 -17.207 -49.500
  -6.719 -49.500 -49.500
  -6.717 -15.834 -15.834
  -6.714 -16.535 -16.981
  -6.712 -49.500     NaN
  -6.709 -49.500 -49.500
  -6.707 -49.500     NaN
  -6.705 -16.057 -16.219
  -6.702 -49.500 -49.500
  -6.700 -49.500 -49.500
  -6.698 -49.500     NaN
  -6.696 -49.500 -49.500
  -6.693 -15.847 -16.400
  -6.691 -49.500     NaN
  -6.689 -49.500 -49.500
  -6.687 -49.500     NaN
  -6.684 -49.500     NaN
  -6.682 -49.500 -49.500
  -6.680 -15.955 -49.500
  -6.678 -16.523 -49.500
  -6.675 -17.070 -17.070
  -6.673 -49.500 -49.500
  -6.671 -49.500 -49.500
  -6.669 -49.500 -49.500
  -6.667 -16.678 -16.678
  -6.665 -49.500     NaN
  -6.663 -14.862 -14.862
  -6.661 -49.500     NaN
  -6.658 -49.500     NaN
  -6.656 -49.500 -49.500
  -6.654 -15.672 -15.672
  -6.652 -49.500 -49.500
  -6.650 -49.500 -49.500
  -6.648 -16.511 -49.500
  -6.646 -16.232 -16.232
  -6.644 -49.500     NaN
  -6.642 -49.500 -49.500
  -6.640 -49.500     NaN
  -6.638 -16.575 -49.500
  -6.636 -14.379 -49.500
  -6.634 -16.700 -16.700
  -6.632 -49.500 -49.500
  -6.630 -49.500 -49.500
  -6.628 -49.500 -49.500
  -6.626 -49.500     NaN
  -6.624 -49.500 -49.500
  -6.622 -49.500 -49.500
  -6.620 -49.500 -49.500
  -6.618 -16.669 -49.500
  -6.617 -49.500 -49.500
  -6.615 -49.500 -49.500
  -6.613 -16.641 -16.641
  -6.611 -16.613 -49.500
  -6.609 -49.500 -49.500
  -6.607 -16.310 -16.310
  -6.605 -49.500     NaN
  -6.603 -49.500 -49.500
  -6.602 -49.500 -49.500
  -6.600 -49.500     NaN
  -6.598 -49.500 -49.500
  -6.596 -15.471 -15.471
  -6.594 -16.543 -49.500
