  -8.861 -13.927 -13.927
  -8.599 -14.074 -14.074
  -8.442 -14.044 -14.044
  -8.329 -14.234 -14.234
  -8.239 -14.308 -14.308
  -8.166 -14.384 -14.384
  -8.103 -14.467 -14.467
  -8.048 -14.580 -14.580
  -7.999 -14.390 -14.390
  -7.955 -14.485 -14.485
  -7.916 -14.501 -14.501
  -7.879 -14.647 -14.647
  -7.846 -14.751 -14.751
  -7.815 -14.722 -14.722
  -7.786 -14.679 -14.852
  -7.758 -14.831 -14.831
  -7.733 -14.739 -14.958
  -7.709 -14.858 -14.858
  -7.686 -14.617 -14.617
  -7.664 -14.940 -14.940
  -7.643 -15.051 -15.051
  -7.624 -14.538 -15.039
  -7.605 -14.548 -14.794
  -7.586 -15.256 -15.256
  -7.569 -14.929 -14.929
  -7.552 -14.954 -15.165
  -7.536 -14.914 -15.115
  -7.521 -14.919 -14.919
  -7.506 -14.544 -14.544
  -7.491 -15.152 -15.152
  -7.477 -14.424 -15.045
  -7.464 -14.306 -14.898
  -7.451 -15.085 -15.302
  -7.438 -14.895 -15.061
  -7.425 -15.573 -15.573
  -7.413 -14.997 -15.238
  -7.401 -15.526 -15.526
  -7.390 -15.269 -15.470
  -7.379 -15.359 -15.359
  -7.368 -15.339 -15.339
  -7.357 -15.543 -15.543
  -7.347 -15.211 -15.211
  -7.337 -15.401 -15.674
  -7.327 -15.208 -15.208
  -7.317 -14.788 -14.982
  -7.308 -15.395 -15.657
  -7.299 -15.526 -15.686
  -7.290 -15.518 -15.779
  -7.281 -15.829 -15.829
  -7.272 -15.576 -15.983
  -7.264 -15.762 -15.762
  -7.255 -15.306 -15.598
  -7.247 -15.388 -15.388
  -7.239 -15.615 -15.615
  -7.231 -15.768 -15.768
  -7.223 -15.075 -15.355
  -7.216 -15.795 -15.795
  -7.208 -15.862 -15.862
  -7.201 -15.755 -15.950
  -7.194 -15.513 -15.513
  -7.187 -16.204 -16.204
  -7.180 -15.170 -15.437
  -7.173 -15.709 -15.993
  -7.166 -16.011 -16.011
  -7.159 -15.884 -16.156
  -7.153 -15.775 -15.775
  -7.146 -15.266 -15.266
  -7.140 -16.097 -16.308
  -7.133 -15.932 -15.932
  -7.127 -14.677 -15.446
  -7.121 -15.493 -15.707
  -7.115 -15.794 -15.794
  -7.109 -16.177 -16.177
  -7.103 -16.219 -16.219
  -7.098 -16.172 -16.172
  -7.092 -15.342 -16.127
  -7.086 -15.777 -16.124
  -7.081 -16.066 -16.354
  -7.075 -15.850 -16.049
  -7.070 -16.374 -16.374
  -7.064 -16.153 -16.153
  -7.059 -15.834 -16.232
  -7.054 -15.876 -16.171
  -7.049 -15.777 -16.229
  -7.043 -16.355 -16.638
  -7.038 -16.199 -16.199
  -7.033 -15.485 -15.686
  -7.029 -16.343 -16.642
  -7.024 -16.532 -16.532
  -7.019 -15.188 -16.072
  -7.014 -15.509 -15.720
  -7.009 -16.168 -16.168
  -7.005 -16.009 -16.176
  -7.000 -15.912 -16.131
  -6.995 -16.002 -16.157
  -6.991 -15.146 -16.090
  -6.986 -15.619 -15.867
  -6.982 -15.868 -15.868
  -6.978 -16.579 -16.579
  -6.973 -14.824 -15.028
  -6.969 -16.047 -16.573
  -6.965 -17.169 -17.473
  -6.961 -16.745 -22.295
  -6.956 -16.259 -16.452
  -6.952 -15.745 -15.993
  -6.948 -15.879 -16.030
  -6.944 -16.216 -16.682
  -6.940 -15.730 -16.115
  -6.936 -16.508 -16.768
  -6.932 -15.514 -16.182
  -6.928 -16.422 -16.837
  -6.924 -16.348 -16.705
  -6.920 -16.775 -16.974
  -6.917 -16.159 -16.927
  -6.913 -15.950 -16.313
  -6.909 -16.165 -16.350
  -6.905 -16.423 -16.717
  -6.902 -16.265 -16.265
  -6.898 -16.435 -16.608
  -6.894 -17.049 -17.222
  -6.891 -15.873 -49.500
  -6.887 -16.777 -49.500
  -6.884 -16.368 -16.605
  -6.880 -15.830 -16.667
  -6.877 -16.483 -16.667
  -6.873 -16.351 -16.540
  -6.870 -16.988 -49.500
  -6.867 -16.747 -49.500
  -6.863 -16.080 -16.406
  -6.860 -16.579 -49.500
  -6.857 -15.628 -49.500
  -6.853 -15.664 -16.458
  -6.850 -49.500     NaN
  -6.847 -49.500 -49.500
  -6.844 -16.804 -49.500
  -6.840 -49.500     NaN
  -6.837 -16.766 -49.500
  -6.834 -16.611 -49.500
  -6.831 -15.898 -49.500
  -6.828 -16.349 -49.500
  -6.825 -16.382 -17.076
  -6.822 -49.500     NaN
  -6.819 -16.207 -16.528
  -6.816 -16.710 -49.500
  -6.813 -16.929 -49.500
  -6.810 -16.492 -17.257
  -6.807 -16.231 -16.597
  -6.804 -16.216 -17.243
  -6.801 -16.419 -16.647
  -6.798 -16.277 -16.766
  -6.795 -16.025 -16.209
  -6.792 -15.762 -16.177
  -6.789 -16.695 -49.500
  -6.787 -49.500     NaN
  -6.784 -16.842 -49.500
  -6.781 -49.500     NaN
  -6.778 -16.486 -16.702
  -6.775 -49.500     NaN
  -6.773 -49.500 -49.500
  -6.770 -16.429 -49.500
  -6.767 -49.500 -49.500
  -6.765 -16.097 -16.512
  -6.762 -15.943 -17.340
  -6.759 -16.043 -49.500
  -6.757 -15.760 -16.604
  -6.754 -16.810 -49.500
  -6.751 -49.500     NaN
  -6.749 -49.500     NaN
  -6.746 -49.500     NaN
  -6.744 -49.500     NaN
  -6.741 -49.500     NaN
  -6.739 -15.636 -49.500
  -6.736 -16.785 -49.500
  -6.734 -49.500 -49.500
  -6.731 -16.327 -16.757
  -6.729 -49.500     NaN
  -6.726 -49.500     NaN
  -6.724 -49.500     NaN
  -6.721 -49.500 -49.500
  -6.719 -49.500     NaN
  -6.717 -16.627 -49.500
  -6.714 -16.045 -16.812
  -6.712 -49.500 -49.500
  -6.709 -49.500     NaN
  -6.707 -49.500     NaN
  -6.705 -49.500     NaN
  -6.702 -16.244 -16.244
  -6.700 -49.500     NaN
  -6.698 -16.814 -49.500
  -6.696 -49.500 -49.500
  -6.693 -16.461 -49.500
  -6.691 -15.013 -15.013
  -6.689 -15.020 -15.020
  -6.687 -49.500 -49.500
  -6.684 -49.500 -49.500
  -6.682 -16.202 -16.202
  -6.680 -16.151 -16.151
  -6.678 -49.500     NaN
  -6.675 -49.500 -49.500
  -6.673 -49.500     NaN
  -6.671 -49.500 -49.500
  -6.669 -17.151 -49.500
  -6.667 -49.500 -49.500
  -6.665 -49.500 -49.500
  -6.663 -16.627 -16.627
  -6.661 -16.035 -49.500
  -6.658 -49.500 -49.500
  -6.656 -17.214 -17.214
  -6.654 -49.500     NaN
  -6.652 -49.500 -49.500
  -6.650 -49.500 -49.500
  -6.648 -49.500     NaN
  -6.646 -16.472 -16.472
  -6.644 -49.500 -49.500
  -6.642 -15.420 -15.420
  -6.640 -49.500 -49.500
  -6.638 -49.500 -49.500
  -6.636 -49.500 -49.500
  -6.634 -15.506 -49.500
  -6.632 -49.500 -49.500
  -6.630 -17.010 -17.010
  -6.628 -49.500 -49.500
  -6.626 -49.500 -49.500
  -6.624 -16.213 -16.213
  -6.622 -49.500 -49.500
  -6.620 -49.500 -49.500
  -6.618 -49.500 -49.500
  -6.617 -16.819 -16.819
  -6.615 -49.500 -49.500
  -6.613 -49.500 -49.500
  -6.611 -49.500 -49.500
  -6.609 -16.908 -49.500
  -6.607 -16.962 -16.962
  -6.605 -49.500 -49.500
  -6.603 -49.500     NaN
  -6.602 -49.500 -49.500
  -6.600 -15.878 -49.500
  -6.598 -49.500 -49.500
  -6.596 -49.500 -49.500
  -6.594 -49.500 -49.500
