  -8.861 -13.947 -13.947
  -8.599 -14.055 -14.055
  -8.442 -13.994 -13.994
  -8.329 -14.216 -14.216
  -8.239 -14.194 -14.194
  -8.166 -14.159 -14.159
  -8.103 -14.419 -14.419
  -8.048 -14.461 -14.461
  -7.999 -14.534 -14.534
  -7.955 -14.538 -14.538
  -7.916 -14.422 -14.422
  -7.879 -14.713 -14.713
  -7.846 -14.472 -14.472
  -7.815 -14.236 -14.553
  -7.786 -14.248 -14.616
  -7.758 -13.571 -14.876
  -7.733 -14.816 -14.816
  -7.709 -14.894 -14.894
  -7.686 -14.694 -15.117
  -7.664 -14.556 -14.556
  -7.643 -15.055 -15.055
  -7.624 -15.042 -15.042
  -7.605 -15.076 -15.076
  -7.586 -14.918 -14.918
  -7.569 -15.268 -15.268
  -7.552 -15.003 -15.211
  -7.536 -14.669 -14.931
  -7.521 -14.964 -14.964
  -7.506 -15.119 -15.119
  -7.491 -14.331 -14.614
  -7.477 -15.015 -15.256
  -7.464 -15.095 -15.269
  -7.451 -14.973 -14.973
  -7.438 -15.350 -15.350
  -7.425 -13.829 -14.971
  -7.413 -15.232 -15.232
  -7.401 -15.419 -15.604
  -7.390 -15.410 -15.674
  -7.379 -15.369 -15.613
  -7.368 -15.251 -15.466
  -7.357 -15.589 -15.589
  -7.347 -15.723 -15.723
  -7.337 -15.540 -15.763
  -7.327 -15.615 -15.820
  -7.317 -15.571 -15.571
  -7.308 -15.091 -15.271
  -7.299 -15.147 -15.351
  -7.290 -15.440 -15.955
  -7.281 -14.773 -15.412
  -7.272 -15.515 -15.515
  -7.264 -15.688 -15.688
  -7.255 -15.954 -16.160
  -7.247 -15.578 -15.578
  -7.239 -15.464 -15.464
  -7.231 -15.276 -15.722
  -7.223 -15.552 -15.772
  -7.216 -15.748 -15.748
  -7.208 -15.405 -15.405
  -7.201 -15.468 -15.678
  -7.194 -15.502 -15.895
  -7.187 -15.787 -15.787
  -7.180 -15.595 -15.595
  -7.173 -14.888 -15.302
  -7.166 -15.716 -16.153
  -7.159 -15.415 -15.749
  -7.153 -15.801 -16.077
  -7.146 -15.416 -16.006
  -7.140 -16.197 -16.197
  -7.133 -15.263 -15.458
  -7.127 -15.662 -15.835
  -7.121 -14.963 -16.247
  -7.115 -15.394 -15.815
  -7.109 -15.158 -15.595
  -7.103 -15.207 -16.537
  -7.098 -15.600 -15.959
  -7.092 -16.178 -16.407
  -7.086 -16.091 -16.091
  -7.081 -15.841 -16.086
  -7.075 -15.181 -15.934
  -7.070 -16.197 -16.197
  -7.064 -15.659 -16.070
  -7.059 -16.080 -16.080
  -7.054 -15.979 -16.441
  -7.049 -16.008 -16.176
  -7.043 -16.045 -16.416
  -7.038 -16.349 -16.349
  -7.033 -15.593 -16.422
  -7.029 -15.610 -16.122
  -7.024 -16.216 -16.216
  -7.019 -16.202 -16.202
  -7.014 -14.762 -16.346
  -7.009 -16.135 -16.135
  -7.005 -15.462 -15.981
  -7.000 -15.567 -16.199
  -6.995 -16.168 -16.322
  -6.991 -15.468 -16.273
  -6.986 -16.316 -16.539
  -6.982 -16.321 -16.321
  -6.978 -15.636 -16.422
  -6.973 -16.196 -16.612
  -6.969 -15.050 -15.821
  -6.965 -15.866 -16.084
  -6.961 -16.354 -49.500
  -6.956 -16.139 -16.551
  -6.952 -15.931 -15.931
  -6.948 -16.761 -17.397
  -6.944 -15.494 -16.208
  -6.940 -16.293 -16.708
  -6.936 -16.081 -16.314
  -6.932 -16.300 -16.638
  -6.928 -17.229 -22.635
  -6.924 -16.551 -16.842
  -6.920 -16.336 -16.588
  -6.917 -16.002 -16.203
  -6.913 -16.327 -16.871
  -6.909 -16.814 -21.905
  -6.905 -16.188 -22.586
  -6.902 -16.876 -17.157
  -6.898 -16.855 -49.500
  -6.894 -16.463 -49.500
  -6.891 -16.694 -16.694
  -6.887 -16.175 -16.706
  -6.884 -15.456 -16.634
  -6.880 -16.725 -49.500
  -6.877 -49.500     NaN
  -6.873 -49.500     NaN
  -6.870 -17.006 -49.500
  -6.867 -16.267 -16.421
  -6.863 -16.658 -16.849
  -6.860 -16.758 -49.500
  -6.857 -16.324 -16.324
  -6.853 -16.870 -49.500
  -6.850 -16.638 -16.804
  -6.847 -16.606 -49.500
  -6.844 -17.077 -49.500
  -6.840 -16.514 -16.754
  -6.837 -15.911 -16.108
  -6.834 -15.573 -16.490
  -6.831 -16.187 -16.187
  -6.828 -49.500     NaN
  -6.825 -49.500     NaN
  -6.822 -16.690 -49.500
  -6.819 -16.881 -49.500
  -6.816 -16.402 -16.641
  -6.813 -49.500     NaN
  -6.810 -16.701 -49.500
  -6.807 -15.939 -16.652
  -6.804 -16.138 -16.290
  -6.801 -17.229 -49.500
  -6.798 -16.745 -49.500
  -6.795 -49.500     NaN
  -6.792 -49.500     NaN
  -6.789 -15.816 -16.637
  -6.787 -15.988 -16.457
  -6.784 -16.236 -49.500
  -6.781 -49.500     NaN
  -6.778 -16.210 -17.311
  -6.775 -49.500     NaN
  -6.773 -16.658 -49.500
  -6.770 -49.500 -49.500
  -6.767 -16.593 -49.500
  -6.765 -49.500     NaN
  -6.762 -16.070 -16.820
  -6.759 -16.545 -16.772
  -6.757 -49.500     NaN
  -6.754 -16.812 -16.812
  -6.751 -15.867 -16.874
  -6.749 -49.500 -49.500
  -6.746 -17.216 -49.500
  -6.744 -16.645 -16.817
  -6.741 -49.500     NaN
  -6.739 -15.815 -15.815
  -6.736 -49.500     NaN
  -6.734 -49.500     NaN
  -6.731 -16.502 -49.500
  -6.729 -49.500     NaN
  -6.726 -49.500 -49.500
  -6.724 -16.184 -16.184
  -6.721 -16.257 -16.571
  -6.719 -16.129 -49.500
  -6.717 -49.500     NaN
  -6.714 -49.500 -49.500
  -6.712 -49.500     NaN
  -6.709 -49.500     NaN
  -6.707 -15.893 -49.500
  -6.705 -49.500 -49.500
  -6.702 -49.500     NaN
  -6.700 -16.237 -16.237
  -6.698 -16.723 -49.500
  -6.696 -15.757 -15.757
  -6.693 -49.500     NaN
  -6.691 -49.500     NaN
  -6.689 -49.500 -49.500
  -6.687 -16.873 -49.500
  -6.684 -16.844 -16.844
  -6.682 -16.663 -49.500
  -6.680 -49.500 -49.500
  -6.678 -49.500 -49.500
  -6.675 -49.500 -49.500
  -6.673 -49.500     NaN
  -6.671 -16.457 -17.056
  -6.669 -49.500     NaN
  -6.667 -16.413 -49.500
  -6.665 -49.500 -49.500
  -6.663 -49.500 -49.500
  -6.661 -49.500 -49.500
  -6.658 -49.500 -49.500
  -6.656 -49.500 -49.500
  -6.654 -49.500     NaN
  -6.652 -49.500 -49.500
  -6.650 -49.500 -49.500
  -6.648 -16.384 -16.384
  -6.646 -49.500     NaN
  -6.644 -14.887 -14.887
  -6.642 -49.500 -49.500
  -6.640 -49.500 -49.500
  -6.638 -14.992 -49.500
  -6.636 -49.500 -49.500
  -6.634 -49.500 -49.500
  -6.632 -49.500     NaN
  -6.630 -49.500 -49.500
  -6.628 -49.500 -49.500
  -6.626 -16.375 -49.500
  -6.624 -49.500 -49.500
  -6.622 -49.500 -49.500
  -6.620 -49.500 -49.500
  -6.618 -16.567 -49.500
  -6.617 -49.500 -49.500
  -6.615 -49.500 -49.500
  -6.613 -49.500 -49.500
  -6.611 -49.500 -49.500
  -6.609 -49.500 -49.500
  -6.607 -15.645 -15.645
  -6.605 -49.500 -49.500
  -6.603 -16.326 -16.326
  -6.602 -49.500 -49.500
  -6.600 -49.500 -49.500
  -6.598 -49.500 -49.500
  -6.596 -49.500 -49.500
  -6.594 -49.500     NaN
