  -8.861 -13.912 -13.912
  -8.599 -14.040 -14.040
  -8.442 -14.110 -14.110
  -8.329 -14.286 -14.286
  -8.239 -14.147 -14.147
  -8.166 -14.381 -14.381
  -8.103 -14.383 -14.383
  -8.048 -14.470 -14.470
  -7.999 -14.579 -14.579
  -7.955 -14.591 -14.591
  -7.916 -14.614 -14.614
  -7.879 -14.493 -14.724
  -7.846 -14.550 -14.742
  -7.815 -14.835 -14.835
  -7.786 -14.680 -14.680
  -7.758 -14.495 -14.672
  -7.733 -14.796 -14.796
  -7.709 -14.621 -14.838
  -7.686 -14.744 -14.744
  -7.664 -14.859 -15.016
  -7.643 -14.928 -14.928
  -7.624 -14.912 -15.137
  -7.605 -14.730 -14.903
  -7.586 -15.131 -15.131
  -7.569 -15.061 -15.061
  -7.552 -15.140 -15.140
  -7.536 -15.197 -15.197
  -7.521 -15.110 -15.110
  -7.506 -14.801 -14.801
  -7.491 -14.311 -14.924
  -7.477 -15.085 -15.085
  -7.464 -14.842 -15.257
  -7.451 -15.064 -15.064
  -7.438 -15.170 -15.422
  -7.425 -15.202 -15.202
  -7.413 -15.146 -15.505
  -7.401 -15.259 -15.259
  -7.390 -14.787 -14.983
  -7.379 -14.978 -15.490
  -7.368 -14.820 -15.007
  -7.357 -15.570 -15.570
  -7.347 -13.970 -15.467
  -7.337 -15.612 -15.612
  -7.327 -14.534 -14.729
  -7.317 -15.759 -16.044
  -7.308 -15.576 -15.576
  -7.299 -15.580 -15.845
  -7.290 -15.686 -15.686
  -7.281 -15.594 -15.594
  -7.272 -15.467 -15.467
  -7.264 -15.048 -15.048
  -7.255 -15.553 -15.553
  -7.247 -15.293 -15.709
  -7.239 -15.626 -16.006
  -7.231 -15.720 -15.926
  -7.223 -15.808 -16.069
  -7.216 -15.901 -15.901
  -7.208 -15.671 -15.971
  -7.201 -15.912 -15.912
  -7.194 -15.309 -15.495
  -7.187 -15.820 -15.990
  -7.180 -15.872 -16.038
  -7.173 -15.239 -15.239
  -7.166 -15.633 -16.071
  -7.159 -16.141 -16.141
  -7.153 -15.499 -16.212
  -7.146 -15.739 -15.739
  -7.140 -16.030 -16.316
  -7.133 -15.547 -16.180
  -7.127 -15.996 -16.229
  -7.121 -15.422 -16.147
  -7.115 -15.120 -16.246
  -7.109 -15.603 -16.020
  -7.103 -15.402 -15.402
  -7.098 -16.156 -16.467
  -7.092 -15.821 -16.198
  -7.086 -15.478 -15.865
  -7.081 -16.061 -16.250
  -7.075 -16.007 -16.184
  -7.070 -15.796 -16.186
  -7.064 -15.706 -16.134
  -7.059 -15.830 -16.104
  -7.054 -16.761 -16.761
  -7.049 -15.724 -16.277
  -7.043 -15.225 -16.196
  -7.038 -16.355 -16.355
  -7.033 -16.290 -16.290
  -7.029 -16.492 -16.492
  -7.024 -15.944 -16.236
  -7.019 -16.366 -16.785
  -7.014 -16.091 -16.091
  -7.009 -16.486 -16.486
  -7.005 -16.370 -16.370
  -7.000 -15.679 -16.690
  -6.995 -15.922 -15.922
  -6.991 -16.080 -16.382
  -6.986 -16.196 -16.377
  -6.982 -15.567 -15.724
  -6.978 -15.985 -16.261
  -6.973 -15.453 -15.810
  -6.969 -16.552 -16.704
  -6.965 -16.370 -16.777
  -6.961 -16.047 -16.282
  -6.956 -16.191 -16.612
  -6.952 -15.933 -16.331
  -6.948 -16.270 -16.486
  -6.944 -15.411 -16.722
  -6.940 -16.499 -16.750
  -6.936 -16.136 -16.965
  -6.932 -16.031 -16.702
  -6.928 -16.608 -16.608
  -6.924 -16.054 -16.260
  -6.920 -14.675 -16.965
  -6.917 -16.467 -22.390
  -6.913 -16.475 -16.639
  -6.909 -16.138 -16.899
  -6.905 -49.500     NaN
  -6.902 -16.190 -16.381
  -6.898 -16.237 -16.237
  -6.894 -16.412 -16.909
  -6.891 -16.790 -49.500
  -6.887 -16.826 -17.143
  -6.884 -16.575 -49.500
  -6.880 -16.752 -49.500
  -6.877 -16.294 -16.867
  -6.873 -17.101 -49.500
  -6.870 -15.966 -16.180
  -6.867 -16.066 -16.957
  -6.863 -15.152 -16.568
  -6.860 -16.816 -17.213
  -6.857 -16.094 -16.280
  -6.853 -16.586 -49.500
  -6.850 -16.443 -16.838
  -6.847 -16.291 -16.492
  -6.844 -15.990 -16.825
  -6.840 -17.074 -49.500
  -6.837 -16.450 -49.500
  -6.834 -16.061 -16.923
  -6.831 -49.500     NaN
  -6.828 -14.940 -49.500
  -6.825 -49.500 -49.500
  -6.822 -16.738 -49.500
  -6.819 -16.681 -16.850
  -6.816 -16.725 -16.996
  -6.813 -16.876 -17.037
  -6.810 -16.658 -16.867
  -6.807 -15.732 -49.500
  -6.804 -49.500 -49.500
  -6.801 -16.916 -49.500
  -6.798 -16.080 -16.684
  -6.795 -49.500     NaN
  -6.792 -16.446 -16.763
  -6.789 -49.500 -49.500
  -6.787 -16.779 -49.500
  -6.784 -49.500     NaN
  -6.781 -15.767 -49.500
  -6.778 -16.300 -49.500
  -6.775 -16.272 -16.554
  -6.773 -49.500     NaN
  -6.770 -16.384 -49.500
  -6.767 -49.500     NaN
  -6.765 -15.670 -16.751
  -6.762 -49.500     NaN
  -6.759 -49.500     NaN
  -6.757 -49.500     NaN
  -6.754 -49.500     NaN
  -6.751 -49.500     NaN
  -6.749 -16.726 -49.500
  -6.746 -49.500     NaN
  -6.744 -16.456 -16.759
  -6.741 -49.500 -49.500
  -6.739 -16.236 -16.757
  -6.736 -49.500 -49.500
  -6.734 -16.089 -49.500
  -6.731 -49.500     NaN
  -6.729 -49.500     NaN
  -6.726 -49.500 -49.500
  -6.724 -16.442 -16.442
  -6.721 -16.521 -49.500
  -6.719 -49.500 -49.500
  -6.717 -49.500 -49.500
  -6.714 -49.500     NaN
  -6.712 -16.373 -49.500
  -6.709 -16.046 -16.046
  -6.707 -15.500 -49.500
  -6.705 -15.053 -49.500
  -6.702 -16.631 -16.816
  -6.700 -49.500 -49.500
  -6.698 -16.273 -49.500
  -6.696 -49.500     NaN
  -6.693 -49.500 -49.500
  -6.691 -16.830 -49.500
  -6.689 -16.119 -49.500
  -6.687 -49.500 -49.500
  -6.684 -49.500 -49.500
  -6.682 -49.500     NaN
  -6.680 -16.204 -16.204
  -6.678 -49.500 -49.500
  -6.675 -16.496 -16.496
  -6.673 -49.500     NaN
  -6.671 -49.500 -49.500
  -6.669 -16.959 -16.959
  -6.667 -16.655 -16.655
  -6.665 -49.500     NaN
  -6.663 -49.500 -49.500
  -6.661 -49.500 -49.500
  -6.658 -16.489 -49.500
  -6.656 -49.500     NaN
  -6.654 -49.500 -49.500
  -6.652 -49.500     NaN
  -6.650 -49.500 -49.500
  -6.648 -15.435 -49.500
  -6.646 -16.468 -16.979
  -6.644 -49.500 -49.500
  -6.642 -49.500 -49.500
  -6.640 -49.500 -49.500
  -6.638 -16.095 -16.095
  -6.636 -49.500 -49.500
  -6.634 -49.500 -49.500
  -6.632 -49.500 -49.500
  -6.630 -16.078 -16.078
  -6.628 -49.500     NaN
  -6.626 -16.541 -49.500
  -6.624 -15.578 -15.578
  -6.622 -15.987 -49.500
  -6.620 -49.500 -49.500
  -6.618 -49.500 -49.500
  -6.617 -49.500 -49.500
  -6.615 -16.131 -16.131
  -6.613 -49.500     NaN
  -6.611 -49.500 -49.500
  -6.609 -49.500 -49.500
  -6.607 -49.500 -49.500
  -6.605 -49.500 -49.500
  -6.603 -49.500 -49.500
  -6.602 -49.500 -49.500
  -6.600 -49.500 -49.500
  -6.598 -49.500 -49.500
  -6.596 -49.500 -49.500
  -6.594 -15.573 -15.573
