  -8.861 -13.849 -13.849
  -8.599 -13.921 -13.921
  -8.442 -14.013 -14.013
  -8.329 -14.216 -14.216
  -8.239 -14.279 -14.279
  -8.166 -14.276 -14.276
  -8.103 -14.072 -14.338
  -8.048 -14.410 -14.410
  -7.999 -14.438 -14.438
  -7.955 -14.611 -14.611
  -7.916 -14.554 -14.554
  -7.879 -14.717 -14.717
  -7.846 -14.493 -14.698
  -7.815 -14.936 -14.936
  -7.786 -14.368 -14.529
  -7.758 -14.616 -14.616
  -7.733 -14.764 -14.764
  -7.709 -14.863 -14.863
  -7.686 -14.823 -14.823
  -7.664 -14.805 -15.051
  -7.643 -14.873 -14.873
  -7.624 -15.030 -15.030
  -7.605 -14.672 -14.832
  -7.586 -15.157 -15.157
  -7.569 -15.021 -15.021
  -7.552 -14.865 -14.865
  -7.536 -15.096 -15.096
  -7.521 -14.612 -15.321
  -7.506 -15.165 -15.165
  -7.491 -15.055 -15.055
  -7.477 -14.902 -14.902
  -7.464 -15.416 -15.416
  -7.451 -14.921 -15.150
  -7.438 -15.291 -15.547
  -7.425 -15.398 -15.398
  -7.413 -14.935 -14.935
  -7.401 -15.085 -15.305
  -7.390 -15.366 -15.366
  -7.379 -15.215 -15.511
  -7.368 -14.741 -15.496
  -7.357 -15.369 -15.545
  -7.347 -15.161 -15.489
  -7.337 -14.678 -15.299
  -7.327 -15.653 -15.653
  -7.317 -14.984 -15.710
  -7.308 -15.782 -15.782
  -7.299 -15.341 -15.621
  -7.290 -15.873 -15.873
  -7.281 -15.633 -15.844
  -7.272 -15.579 -15.579
  -7.264 -15.787 -15.787
  -7.255 -15.732 -15.732
  -7.247 -15.988 -15.988
  -7.239 -15.860 -15.860
  -7.231 -15.519 -15.519
  -7.223 -15.728 -16.012
  -7.216 -15.923 -15.923
  -7.208 -15.735 -15.918
  -7.201 -14.798 -15.575
  -7.194 -16.026 -16.026
  -7.187 -15.346 -15.507
  -7.180 -15.813 -15.813
  -7.173 -15.841 -15.841
  -7.166 -15.913 -15.913
  -7.159 -15.755 -16.190
  -7.153 -15.676 -15.877
  -7.146 -15.599 -16.436
  -7.140 -15.781 -16.000
  -7.133 -15.269 -15.687
  -7.127 -15.878 -15.878
  -7.121 -15.062 -15.816
  -7.115 -15.818 -16.051
  -7.109 -15.807 -16.259
  -7.103 -15.006 -16.439
  -7.098 -15.392 -15.687
  -7.092 -16.319 -16.474
  -7.086 -16.295 -16.647
  -7.081 -15.854 -15.854
  -7.075 -14.487 -16.505
  -7.070 -15.849 -16.265
  -7.064 -16.132 -16.132
  -7.059 -16.132 -16.132
  -7.054 -15.153 -16.523
  -7.049 -16.419 -16.419
  -7.043 -16.111 -16.270
  -7.038 -16.075 -16.075
  -7.033 -16.554 -16.554
  -7.029 -16.024 -16.227
  -7.024 -16.111 -16.111
  -7.019 -16.118 -16.380
  -7.014 -15.922 -15.922
  -7.009 -16.251 -16.576
  -7.005 -15.282 -16.229
  -7.000 -15.518 -15.817
  -6.995 -16.410 -16.410
  -6.991 -15.704 -16.012
  -6.986 -15.315 -16.071
  -6.982 -16.265 -16.654
  -6.978 -16.670 -17.261
  -6.973 -16.479 -16.479
  -6.969 -16.173 -16.173
  -6.965 -15.614 -16.453
  -6.961 -15.845 -16.270
  -6.956 -16.443 -16.631
  -6.952 -16.496 -16.496
  -6.948 -15.473 -16.757
  -6.944 -15.287 -15.574
  -6.940 -16.320 -16.665
  -6.936 -15.872 -16.440
  -6.932 -15.995 -15.995
  -6.928 -16.537 -49.500
  -6.924 -16.578 -17.091
  -6.920 -16.524 -16.707
  -6.917 -16.496 -17.171
  -6.913 -16.215 -16.380
  -6.909 -16.289 -16.289
  -6.905 -16.422 -17.364
  -6.902 -16.615 -16.615
  -6.898 -17.439 -49.500
  -6.894 -17.256 -23.318
  -6.891 -16.282 -17.296
  -6.887 -15.358 -16.547
  -6.884 -17.153 -49.500
  -6.880 -16.788 -49.500
  -6.877 -16.451 -16.606
  -6.873 -16.345 -16.524
  -6.870 -16.030 -16.730
  -6.867 -15.882 -49.500
  -6.863 -15.679 -17.167
  -6.860 -49.500     NaN
  -6.857 -15.918 -16.613
  -6.853 -15.112 -16.313
  -6.850 -49.500     NaN
  -6.847 -49.500     NaN
  -6.844 -16.849 -49.500
  -6.840 -16.799 -49.500
  -6.837 -16.704 -49.500
  -6.834 -16.965 -49.500
  -6.831 -49.500     NaN
  -6.828 -49.500     NaN
  -6.825 -16.590 -16.777
  -6.822 -49.500     NaN
  -6.819 -17.227 -49.500
  -6.816 -17.031 -49.500
  -6.813 -16.646 -16.800
  -6.810 -15.858 -16.252
  -6.807 -16.547 -17.386
  -6.804 -16.346 -16.804
  -6.801 -16.655 -49.500
  -6.798 -49.500     NaN
  -6.795 -16.633 -17.155
  -6.792 -49.500     NaN
  -6.789 -16.809 -17.308
  -6.787 -17.207 -49.500
  -6.784 -49.500 -49.500
  -6.781 -16.005 -16.207
  -6.778 -49.500     NaN
  -6.775 -16.838 -16.838
  -6.773 -16.470 -16.718
  -6.770 -16.846 -49.500
  -6.767 -16.605 -16.887
  -6.765 -49.500     NaN
  -6.762 -49.500     NaN
  -6.759 -16.623 -16.623
  -6.757 -17.096 -49.500
  -6.754 -49.500     NaN
  -6.751 -49.500     NaN
  -6.749 -49.500 -49.500
  -6.746 -16.375 -49.500
  -6.744 -16.007 -16.204
  -6.741 -49.500     NaN
  -6.739 -16.127 -16.291
  -6.736 -16.317 -16.317
  -6.734 -49.500 -49.500
  -6.731 -49.500     NaN
  -6.729 -49.500     NaN
  -6.726 -49.500     NaN
  -6.724 -49.500     NaN
  -6.721 -49.500 -49.500
  -6.719 -49.500 -49.500
  -6.717 -49.500     NaN
  -6.714 -49.500     NaN
  -6.712 -49.500     NaN
  -6.709 -16.024 -16.663
  -6.707 -49.500     NaN
  -6.705 -15.567 -49.500
  -6.702 -49.500 -49.500
  -6.700 -49.500 -49.500
  -6.698 -49.500     NaN
  -6.696 -49.500 -49.500
  -6.693 -49.500     NaN
  -6.691 -15.842 -16.228
  -6.689 -49.500 -49.500
  -6.687 -49.500 -49.500
  -6.684 -49.500 -49.500
  -6.682 -49.500 -49.500
  -6.680 -49.500     NaN
  -6.678 -16.952 -16.952
  -6.675 -49.500     NaN
  -6.673 -16.532 -49.500
  -6.671 -49.500 -49.500
  -6.669 -49.500 -49.500
  -6.667 -49.500 -49.500
  -6.665 -16.883 -16.883
  -6.663 -49.500 -49.500
  -6.661 -49.500     NaN
  -6.658 -49.500     NaN
  -6.656 -49.500 -49.500
  -6.654 -49.500 -49.500
  -6.652 -49.500 -49.500
  -6.650 -49.500     NaN
  -6.648 -49.500 -49.500
  -6.646 -49.500 -49.500
  -6.644 -16.490 -16.928
  -6.642 -16.716 -49.500
  -6.640 -16.072 -16.072
  -6.638 -49.500     NaN
  -6.636 -16.698 -16.698
  -6.634 -49.500 -49.500
  -6.632 -16.000 -16.000
  -6.630 -16.021 -49.500
  -6.628 -49.500 -49.500
  -6.626 -49.500 -49.500
  -6.624 -49.500 -49.500
  -6.622 -49.500     NaN
  -6.620 -49.500 -49.500
  -6.618 -16.765 -49.500
  -6.617 -49.500 -49.500
  -6.615 -49.500 -49.500
  -6.613 -49.500     NaN
  -6.611 -15.912 -15.912
  -6.609 -49.500 -49.500
  -6.607 -49.500 -49.500
  -6.605 -49.500 -49.500
  -6.603 -49.500 -49.500
  -6.602 -49.500 -49.500
  -6.600 -16.596 -16.596
  -6.598 -49.500 -49.500
  -6.596 -49.500 -49.500
  -6.594 -17.058 -49.500
