  -8.861 -13.868 -13.868
  -8.599 -14.008 -14.008
  -8.442 -14.046 -14.046
  -8.329 -14.152 -14.152
  -8.239 -14.051 -14.202
  -8.166 -14.297 -14.297
  -8.103 -14.378 -14.378
  -8.048 -14.394 -14.394
  -7.999 -14.419 -14.419
  -7.955 -14.533 -14.533
  -7.916 -14.507 -14.507
  -7.879 -14.629 -14.629
  -7.846 -14.582 -14.582
  -7.815 -14.728 -14.728
  -7.786 -14.599 -14.599
  -7.758 -14.713 -14.713
  -7.733 -14.749 -14.749
  -7.709 -14.898 -14.898
  -7.686 -14.584 -14.822
  -7.664 -14.903 -15.062
  -7.643 -15.022 -15.022
  -7.624 -14.528 -14.528
  -7.605 -15.008 -15.008
  -7.586 -15.058 -15.058
  -7.569 -15.018 -15.258
  -7.552 -14.877 -15.039
  -7.536 -14.793 -14.793
  -7.521 -13.872 -15.129
  -7.506 -15.138 -15.138
  -7.491 -15.281 -15.281
  -7.477 -15.264 -15.264
  -7.464 -15.354 -15.354
  -7.451 -15.341 -15.341
  -7.438 -14.781 -15.160
  -7.425 -14.952 -14.952
  -7.413 -14.752 -15.082
  -7.401 -15.420 -15.420
  -7.390 -15.014 -15.014
  -7.379 -15.315 -15.315
  -7.368 -15.574 -15.574
  -7.357 -15.153 -15.609
  -7.347 -15.323 -15.496
  -7.337 -15.254 -15.254
  -7.327 -15.539 -15.539
  -7.317 -15.343 -15.759
  -7.308 -15.588 -15.588
  -7.299 -14.467 -15.669
  -7.290 -14.872 -15.524
  -7.281 -15.183 -15.659
  -7.272 -15.505 -15.840
  -7.264 -15.905 -15.905
  -7.255 -15.656 -15.656
  -7.247 -15.467 -15.668
  -7.239 -15.631 -15.631
  -7.231 -15.497 -15.497
  -7.223 -15.510 -15.730
  -7.216 -15.424 -15.667
  -7.208 -15.335 -15.335
  -7.201 -15.405 -15.676
  -7.194 -15.609 -16.067
  -7.187 -15.704 -15.882
  -7.180 -14.580 -16.063
  -7.173 -14.661 -15.209
  -7.166 -15.929 -15.929
  -7.159 -15.850 -15.850
  -7.153 -15.825 -15.825
  -7.146 -15.781 -16.087
  -7.140 -15.754 -16.009
  -7.133 -15.971 -15.971
  -7.127 -15.838 -16.088
  -7.121 -15.976 -15.976
  -7.115 -15.882 -16.198
  -7.109 -14.933 -15.975
  -7.103 -15.349 -15.504
  -7.098 -15.809 -16.124
  -7.092 -15.862 -15.862
  -7.086 -15.844 -16.161
  -7.081 -16.208 -16.208
  -7.075 -15.896 -16.051
  -7.070 -15.928 -16.152
  -7.064 -16.720 -16.871
  -7.059 -16.566 -16.566
  -7.054 -15.863 -15.863
  -7.049 -15.142 -15.392
  -7.043 -15.902 -16.127
  -7.038 -15.194 -15.690
  -7.033 -15.949 -16.332
  -7.029 -15.792 -16.124
  -7.024 -15.759 -15.951
  -7.019 -15.441 -15.441
  -7.014 -16.337 -16.543
  -7.009 -15.958 -16.213
  -7.005 -15.737 -16.328
  -7.000 -15.605 -16.259
  -6.995 -15.884 -16.144
  -6.991 -16.000 -16.238
  -6.986 -15.927 -16.189
  -6.982 -15.849 -16.207
  -6.978 -15.523 -15.789
  -6.973 -15.050 -16.600
  -6.969 -16.743 -16.965
  -6.965 -15.952 -16.138
  -6.961 -15.904 -16.170
  -6.956 -16.298 -16.464
  -6.952 -16.714 -17.408
  -6.948 -16.361 -16.542
  -6.944 -15.594 -17.222
  -6.940 -16.692 -16.902
  -6.936 -16.136 -16.421
  -6.932 -16.622 -16.790
  -6.928 -16.236 -16.746
  -6.924 -16.617 -16.617
  -6.920 -16.173 -17.000
  -6.917 -16.435 -16.435
  -6.913 -15.636 -16.106
  -6.909 -15.562 -16.613
  -6.905 -16.474 -16.898
  -6.902 -15.961 -16.269
  -6.898 -15.463 -16.028
  -6.894 -15.297 -15.930
  -6.891 -15.553 -16.706
  -6.887 -15.856 -16.389
  -6.884 -15.716 -15.716
  -6.880 -49.500     NaN
  -6.877 -16.067 -16.222
  -6.873 -16.174 -16.399
  -6.870 -49.500     NaN
  -6.867 -16.275 -16.641
  -6.863 -16.485 -17.081
  -6.860 -49.500     NaN
  -6.857 -16.782 -16.782
  -6.853 -16.715 -17.254
  -6.850 -16.822 -49.500
  -6.847 -16.826 -17.111
  -6.844 -16.282 -16.526
  -6.840 -16.079 -16.388
  -6.837 -15.781 -16.295
  -6.834 -15.970 -16.186
  -6.831 -15.987 -49.500
  -6.828 -49.500     NaN
  -6.825 -16.317 -49.500
  -6.822 -17.348 -49.500
  -6.819 -16.546 -16.806
  -6.816 -16.575 -16.908
  -6.813 -49.500     NaN
  -6.810 -15.242 -49.500
  -6.807 -16.424 -16.958
  -6.804 -16.450 -16.630
  -6.801 -16.811 -49.500
  -6.798 -17.048 -49.500
  -6.795 -49.500     NaN
  -6.792 -15.432 -16.050
  -6.789 -49.500     NaN
  -6.787 -49.500     NaN
  -6.784 -16.868 -49.500
  -6.781 -49.500     NaN
  -6.778 -15.504 -16.462
  -6.775 -16.619 -16.619
  -6.773 -49.500 -49.500
  -6.770 -17.181 -49.500
  -6.767 -16.705 -49.500
  -6.765 -16.555 -49.500
  -6.762 -49.500     NaN
  -6.759 -15.986 -49.500
  -6.757 -49.500 -49.500
  -6.754 -16.794 -49.500
  -6.751 -49.500     NaN
  -6.749 -15.928 -15.928
  -6.746 -15.845 -49.500
  -6.744 -49.500     NaN
  -6.741 -16.944 -49.500
  -6.739 -15.695 -16.598
  -6.736 -49.500     NaN
  -6.734 -49.500 -49.500
  -6.731 -16.955 -49.500
  -6.729 -16.474 -49.500
  -6.726 -49.500 -49.500
  -6.724 -16.250 -16.776
  -6.721 -16.591 -49.500
  -6.719 -49.500     NaN
  -6.717 -16.921 -49.500
  -6.714 -15.988 -49.500
  -6.712 -49.500 -49.500
  -6.709 -16.881 -49.500
  -6.707 -49.500     NaN
  -6.705 -16.391 -49.500
  -6.702 -15.581 -49.500
  -6.700 -16.499 -16.499
  -6.698 -16.697 -49.500
  -6.696 -49.500     NaN
  -6.693 -49.500 -49.500
  -6.691 -49.500 -49.500
  -6.689 -16.145 -16.145
  -6.687 -49.500     NaN
  -6.684 -49.500 -49.500
  -6.682 -49.500     NaN
  -6.680 -16.348 -49.500
  -6.678 -49.500 -49.500
  -6.675 -49.500 -49.500
  -6.673 -16.750 -49.500
  -6.671 -49.500     NaN
  -6.669 -16.726 -49.500
  -6.667 -49.500 -49.500
  -6.665 -16.439 -49.500
  -6.663 -16.150 -16.150
  -6.661 -49.500 -49.500
  -6.658 -49.500     NaN
  -6.656 -15.881 -16.711
  -6.654 -49.500 -49.500
  -6.652 -49.500 -49.500
  -6.650 -16.676 -16.676
  -6.648 -49.500 -49.500
  -6.646 -49.500     NaN
  -6.644 -49.500 -49.500
  -6.642 -15.562 -15.562
  -6.640 -49.500 -49.500
  -6.638 -16.028 -49.500
  -6.636 -49.500 -49.500
  -6.634 -16.607 -49.500
  -6.632 -15.934 -15.934
  -6.630 -15.612 -49.500
  -6.628 -49.500 -49.500
  -6.626 -49.500 -49.500
  -6.624 -49.500 -49.500
  -6.622 -49.500     NaN
  -6.620 -16.357 -16.550
  -6.618 -49.500 -49.500
  -6.617 -16.613 -16.613
  -6.615 -49.500 -49.500
  -6.613 -49.500 -49.500
  -6.611 -49.500 -49.500
  -6.609 -49.500     NaN
  -6.607 -49.500 -49.500
  -6.605 -49.500 -49.500
  -6.603 -49.500 -49.500
  -6.602 -49.500 -49.500
  -6.600 -49.500 -49.500
  -6.598 -49.500 -49.500
  -6.596 -49.500 -49.500
  -6.594 -16.373 -16.373
