  -8.861 -13.849 -13.849
  -8.599 -14.001 -14.001
  -8.442 -14.114 -14.114
  -8.329 -14.165 -14.165
  -8.239 -14.161 -14.161
  -8.166 -14.367 -14.367
  -8.103 -14.322 -14.322
  -8.048 -14.297 -14.297
  -7.999 -14.601 -14.601
  -7.955 -14.484 -14.484
  -7.916 -14.499 -14.499
  -7.879 -14.548 -14.548
  -7.846 -14.554 -14.554
  -7.815 -14.472 -14.472
  -7.786 -14.597 -14.597
  -7.758 -14.621 -14.840
  -7.733 -14.767 -14.940
  -7.709 -14.859 -14.859
  -7.686 -14.892 -14.892
  -7.664 -14.861 -14.861
  -7.643 -14.756 -14.756
  -7.624 -14.856 -14.856
  -7.605 -14.679 -14.980
  -7.586 -14.831 -14.831
  -7.569 -14.759 -14.759
  -7.552 -14.910 -15.237
  -7.536 -14.776 -14.776
  -7.521 -15.236 -15.236
  -7.506 -15.101 -15.101
  -7.491 -15.121 -15.121
  -7.477 -15.345 -15.345
  -7.464 -15.319 -15.319
  -7.451 -15.124 -15.124
  -7.438 -15.157 -15.489
  -7.425 -15.093 -15.093
  -7.413 -15.078 -15.078
  -7.401 -15.339 -15.553
  -7.390 -15.230 -15.230
  -7.379 -14.951 -15.779
  -7.368 -15.142 -15.448
  -7.357 -14.657 -14.816
  -7.347 -14.932 -15.381
  -7.337 -15.160 -15.160
  -7.327 -15.397 -15.397
  -7.317 -15.696 -15.696
  -7.308 -15.307 -15.464
  -7.299 -15.098 -15.299
  -7.290 -15.734 -15.942
  -7.281 -15.088 -15.088
  -7.272 -15.251 -15.441
  -7.264 -15.457 -15.457
  -7.255 -15.448 -15.615
  -7.247 -15.382 -15.543
  -7.239 -15.533 -15.533
  -7.231 -14.451 -15.634
  -7.223 -14.624 -15.831
  -7.216 -15.856 -15.856
  -7.208 -15.737 -15.905
  -7.201 -15.733 -15.733
  -7.194 -16.129 -16.129
  -7.187 -14.600 -15.741
  -7.180 -15.223 -15.706
  -7.173 -15.163 -15.163
  -7.166 -15.594 -15.836
  -7.159 -15.149 -15.844
  -7.153 -15.522 -15.833
  -7.146 -15.788 -15.788
  -7.140 -16.132 -16.132
  -7.133 -15.666 -16.069
  -7.127 -14.397 -15.916
  -7.121 -15.764 -16.292
  -7.115 -15.488 -16.112
  -7.109 -15.984 -16.173
  -7.103 -16.063 -16.063
  -7.098 -16.092 -16.092
  -7.092 -14.670 -15.857
  -7.086 -15.636 -16.181
  -7.081 -15.724 -15.955
  -7.075 -15.909 -16.158
  -7.070 -15.470 -15.771
  -7.064 -16.030 -16.191
  -7.059 -16.157 -16.313
  -7.054 -15.292 -15.699
  -7.049 -15.878 -15.878
  -7.043 -16.287 -16.287
  -7.038 -14.898 -15.905
  -7.033 -16.112 -16.420
  -7.029 -16.416 -16.802
  -7.024 -15.536 -15.801
  -7.019 -15.802 -16.053
  -7.014 -16.092 -16.324
  -7.009 -16.089 -16.089
  -7.005 -16.472 -16.472
  -7.000 -15.691 -15.989
  -6.995 -15.940 -16.213
  -6.991 -15.858 -15.858
  -6.986 -16.130 -16.130
  -6.982 -16.263 -16.431
  -6.978 -16.070 -16.422
  -6.973 -16.187 -16.374
  -6.969 -16.699 -16.699
  -6.965 -15.643 -16.144
  -6.961 -15.836 -16.418
  -6.956 -15.602 -15.785
  -6.952 -15.607 -16.102
  -6.948 -16.618 -17.061
  -6.944 -16.213 -16.525
  -6.940 -15.981 -16.975
  -6.936 -16.201 -16.201
  -6.932 -15.921 -16.119
  -6.928 -16.386 -16.558
  -6.924 -15.991 -16.204
  -6.920 -15.430 -16.123
  -6.917 -16.429 -16.586
  -6.913 -17.001 -22.796
  -6.909 -16.247 -16.501
  -6.905 -16.622 -16.989
  -6.902 -15.683 -16.166
  -6.898 -16.311 -16.677
  -6.894 -16.189 -16.387
  -6.891 -16.682 -17.093
  -6.887 -16.472 -16.704
  -6.884 -14.737 -16.362
  -6.880 -16.039 -16.429
  -6.877 -16.594 -49.500
  -6.873 -17.403 -49.500
  -6.870 -16.778 -16.972
  -6.867 -16.590 -16.814
  -6.863 -15.711 -16.706
  -6.860 -15.983 -16.255
  -6.857 -15.986 -16.159
  -6.853 -16.257 -17.015
  -6.850 -49.500 -49.500
  -6.847 -49.500     NaN
  -6.844 -17.020 -49.500
  -6.840 -16.971 -49.500
  -6.837 -15.339 -16.576
  -6.834 -15.500 -17.030
  -6.831 -16.007 -16.693
  -6.828 -49.500     NaN
  -6.825 -16.167 -16.504
  -6.822 -16.087 -16.518
  -6.819 -17.025 -49.500
  -6.816 -16.975 -49.500
  -6.813 -16.290 -49.500
  -6.810 -16.240 -49.500
  -6.807 -49.500     NaN
  -6.804 -16.537 -49.500
  -6.801 -16.613 -49.500
  -6.798 -16.591 -49.500
  -6.795 -16.715 -49.500
  -6.792 -16.224 -49.500
  -6.789 -16.299 -16.299
  -6.787 -15.040 -16.588
  -6.784 -16.050 -16.723
  -6.781 -16.603 -49.500
  -6.778 -15.819 -49.500
  -6.775 -49.500     NaN
  -6.773 -15.815 -16.050
  -6.770 -16.025 -49.500
  -6.767 -49.500 -49.500
  -6.765 -49.500     NaN
  -6.762 -17.077 -49.500
  -6.759 -49.500     NaN
  -6.757 -16.892 -49.500
  -6.754 -16.659 -49.500
  -6.751 -49.500     NaN
  -6.749 -16.048 -49.500
  -6.746 -49.500     NaN
  -6.744 -16.230 -16.812
  -6.741 -16.907 -49.500
  -6.739 -16.723 -49.500
  -6.736 -15.914 -16.551
  -6.734 -16.849 -49.500
  -6.731 -49.500 -49.500
  -6.729 -16.497 -16.497
  -6.726 -49.500     NaN
  -6.724 -49.500     NaN
  -6.721 -16.586 -49.500
  -6.719 -49.500 -49.500
  -6.717 -16.136 -16.473
  -6.714 -49.500 -49.500
  -6.712 -16.289 -49.500
  -6.709 -16.157 -16.818
  -6.707 -49.500     NaN
  -6.705 -49.500 -49.500
  -6.702 -49.500     NaN
  -6.700 -16.518 -49.500
  -6.698 -15.227 -16.329
  -6.696 -16.500 -49.500
  -6.693 -49.500 -49.500
  -6.691 -49.500 -49.500
  -6.689 -49.500     NaN
  -6.687 -49.500     NaN
  -6.684 -16.145 -49.500
  -6.682 -16.331 -16.331
  -6.680 -49.500 -49.500
  -6.678 -16.487 -16.487
  -6.675 -49.500 -49.500
  -6.673 -16.973 -49.500
  -6.671 -16.566 -49.500
  -6.669 -49.500 -49.500
  -6.667 -49.500 -49.500
  -6.665 -49.500     NaN
  -6.663 -15.195 -15.195
  -6.661 -49.500 -49.500
  -6.658 -16.339 -49.500
  -6.656 -49.500     NaN
  -6.654 -49.500 -49.500
  -6.652 -16.474 -49.500
  -6.650 -16.493 -16.493
  -6.648 -49.500 -49.500
  -6.646 -49.500     NaN
  -6.644 -17.043 -17.043
  -6.642 -49.500 -49.500
  -6.640 -15.868 -15.868
  -6.638 -15.510 -49.500
  -6.636 -49.500 -49.500
  -6.634 -49.500 -49.500
  -6.632 -49.500 -49.500
  -6.630 -49.500     NaN
  -6.628 -49.500 -49.500
  -6.626 -49.500 -49.500
  -6.624 -49.500     NaN
  -6.622 -49.500 -49.500
  -6.620 -49.500 -49.500
  -6.618 -15.959 -15.959
  -6.617 -49.500     NaN
  -6.615 -49.500 -49.500
  -6.613 -16.536 -16.536
  -6.611 -49.500 -49.500
  -6.609 -16.655 -49.500
  -6.607 -49.500 -49.500
  -6.605 -49.500 -49.500
  -6.603 -49.500 -49.500
  -6.602 -49.500 -49.500
  -6.600 -49.500 -49.500
  -6.598 -49.500 -49.500
  -6.596 -49.500 -49.500
  -6.594 -49.500 -49.500
