  -8.861 -13.858 -13.858
  -8.599 -14.001 -14.001
  -8.442 -14.076 -14.076
  -8.329 -14.182 -14.182
  -8.239 -14.166 -14.166
  -8.166 -14.411 -14.411
  -8.103 -14.169 -14.169
  -8.048 -14.216 -14.216
  -7.999 -14.569 -14.569
  -7.955 -14.621 -14.621
  -7.916 -14.561 -14.561
  -7.879 -14.562 -14.726
  -7.846 -14.549 -14.549
  -7.815 -14.781 -14.781
  -7.786 -14.531 -14.531
  -7.758 -14.620 -14.825
  -7.733 -14.972 -14.972
  -7.709 -14.885 -14.885
  -7.686 -14.576 -14.954
  -7.664 -14.689 -14.689
  -7.643 -14.739 -14.739
  -7.624 -14.821 -14.821
  -7.605 -15.095 -15.095
  -7.586 -15.145 -15.145
  -7.569 -15.286 -15.286
  -7.552 -15.139 -15.300
  -7.536 -14.867 -15.135
  -7.521 -14.919 -15.124
  -7.506 -15.014 -15.279
  -7.491 -15.178 -15.178
  -7.477 -15.268 -15.268
  -7.464 -14.887 -14.887
  -7.451 -15.480 -15.480
  -7.438 -15.119 -15.384
  -7.425 -15.343 -15.343
  -7.413 -15.497 -15.659
  -7.401 -14.794 -14.794
  -7.390 -15.342 -15.342
  -7.379 -15.010 -15.570
  -7.368 -15.156 -15.156
  -7.357 -15.072 -15.446
  -7.347 -15.173 -15.515
  -7.337 -14.287 -15.192
  -7.327 -15.103 -15.103
  -7.317 -15.353 -15.556
  -7.308 -14.751 -15.499
  -7.299 -14.892 -15.517
  -7.290 -15.242 -15.242
  -7.281 -15.029 -15.245
  -7.272 -15.177 -15.457
  -7.264 -15.403 -15.403
  -7.255 -15.392 -15.679
  -7.247 -15.464 -15.743
  -7.239 -15.215 -15.215
  -7.231 -15.556 -15.828
  -7.223 -15.215 -15.646
  -7.216 -15.802 -15.802
  -7.208 -15.183 -15.912
  -7.201 -15.312 -15.312
  -7.194 -15.519 -15.519
  -7.187 -15.793 -15.959
  -7.180 -15.897 -16.147
  -7.173 -15.701 -15.701
  -7.166 -15.111 -15.744
  -7.159 -15.945 -15.945
  -7.153 -15.622 -15.836
  -7.146 -15.945 -16.317
  -7.140 -15.470 -16.030
  -7.133 -16.118 -16.118
  -7.127 -15.855 -16.253
  -7.121 -16.155 -16.155
  -7.115 -14.180 -15.619
  -7.109 -15.825 -15.825
  -7.103 -15.392 -16.298
  -7.098 -15.892 -16.157
  -7.092 -16.468 -16.468
  -7.086 -16.044 -16.044
  -7.081 -15.671 -16.219
  -7.075 -15.799 -15.953
  -7.070 -15.812 -15.975
  -7.064 -15.661 -16.204
  -7.059 -16.100 -16.467
  -7.054 -15.653 -15.955
  -7.049 -15.691 -16.245
  -7.043 -16.165 -16.165
  -7.038 -15.961 -16.163
  -7.033 -16.029 -16.029
  -7.029 -15.964 -15.964
  -7.024 -16.280 -16.280
  -7.019 -16.328 -16.557
  -7.014 -16.143 -16.391
  -7.009 -15.848 -16.252
  -7.005 -16.113 -16.300
  -7.000 -16.439 -16.796
  -6.995 -16.206 -16.206
  -6.991 -16.303 -16.472
  -6.986 -15.643 -15.832
  -6.982 -15.733 -15.904
  -6.978 -15.919 -15.919
  -6.973 -16.152 -16.580
  -6.969 -15.040 -15.300
  -6.965 -16.135 -16.784
  -6.961 -16.142 -16.444
  -6.956 -16.612 -17.003
  -6.952 -15.647 -15.843
  -6.948 -16.415 -16.651
  -6.944 -16.058 -16.058
  -6.940 -15.342 -16.207
  -6.936 -15.033 -16.084
  -6.932 -16.585 -22.313
  -6.928 -15.747 -15.935
  -6.924 -16.244 -16.805
  -6.920 -16.307 -16.881
  -6.917 -16.129 -16.495
  -6.913 -15.573 -22.631
  -6.909 -16.257 -16.411
  -6.905 -16.715 -16.928
  -6.902 -16.622 -49.500
  -6.898 -15.959 -17.013
  -6.894 -15.907 -16.197
  -6.891 -15.805 -16.179
  -6.887 -16.540 -16.907
  -6.884 -16.248 -49.500
  -6.880 -16.210 -49.500
  -6.877 -16.263 -16.479
  -6.873 -16.991 -49.500
  -6.870 -16.219 -16.219
  -6.867 -49.500     NaN
  -6.863 -16.468 -16.688
  -6.860 -16.421 -16.421
  -6.857 -49.500     NaN
  -6.853 -16.052 -16.220
  -6.850 -16.612 -49.500
  -6.847 -49.500 -49.500
  -6.844 -16.913 -49.500
  -6.840 -16.464 -16.790
  -6.837 -16.038 -16.629
  -6.834 -16.440 -16.817
  -6.831 -49.500 -49.500
  -6.828 -49.500     NaN
  -6.825 -16.563 -49.500
  -6.822 -16.752 -16.987
  -6.819 -16.612 -16.873
  -6.816 -16.580 -49.500
  -6.813 -49.500     NaN
  -6.810 -16.977 -49.500
  -6.807 -16.375 -16.801
  -6.804 -16.666 -49.500
  -6.801 -16.381 -16.846
  -6.798 -16.859 -17.093
  -6.795 -49.500     NaN
  -6.792 -49.500 -49.500
  -6.789 -49.500     NaN
  -6.787 -15.707 -49.500
  -6.784 -49.500     NaN
  -6.781 -16.544 -16.544
  -6.778 -16.260 -17.093
  -6.775 -16.101 -49.500
  -6.773 -15.866 -16.783
  -6.770 -49.500     NaN
  -6.767 -17.113 -49.500
  -6.765 -14.963 -49.500
  -6.762 -16.086 -49.500
  -6.759 -16.218 -16.218
  -6.757 -16.744 -49.500
  -6.754 -15.984 -16.178
  -6.751 -16.616 -49.500
  -6.749 -16.186 -16.782
  -6.746 -49.500     NaN
  -6.744 -16.023 -16.644
  -6.741 -16.168 -16.612
  -6.739 -16.436 -49.500
  -6.736 -49.500     NaN
  -6.734 -16.176 -49.500
  -6.731 -49.500     NaN
  -6.729 -49.500     NaN
  -6.726 -49.500 -49.500
  -6.724 -49.500 -49.500
  -6.721 -49.500 -49.500
  -6.719 -16.401 -16.872
  -6.717 -16.493 -16.493
  -6.714 -49.500 -49.500
  -6.712 -15.703 -49.500
  -6.709 -49.500     NaN
  -6.707 -49.500     NaN
  -6.705 -49.500     NaN
  -6.702 -16.527 -16.805
  -6.700 -49.500     NaN
  -6.698 -49.500     NaN
  -6.696 -15.891 -15.891
  -6.693 -15.971 -16.884
  -6.691 -16.355 -16.685
  -6.689 -16.357 -49.500
  -6.687 -16.381 -16.381
  -6.684 -15.997 -16.217
  -6.682 -16.403 -49.500
  -6.680 -16.365 -16.365
  -6.678 -49.500 -49.500
  -6.675 -49.500 -49.500
  -6.673 -49.500 -49.500
  -6.671 -49.500 -49.500
  -6.669 -49.500 -49.500
  -6.667 -49.500 -49.500
  -6.665 -49.500 -49.500
  -6.663 -49.500     NaN
  -6.661 -49.500 -49.500
  -6.658 -16.541 -49.500
  -6.656 -49.500 -49.500
  -6.654 -16.429 -49.500
  -6.652 -49.500 -49.500
  -6.650 -49.500 -49.500
  -6.648 -49.500     NaN
  -6.646 -49.500 -49.500
  -6.644 -49.500 -49.500
  -6.642 -49.500 -49.500
  -6.640 -49.500 -49.500
  -6.638 -49.500 -49.500
  -6.636 -49.500 -49.500
  -6.634 -49.500 -49.500
  -6.632 -16.053 -49.500
  -6.630 -49.500 -49.500
  -6.628 -49.500 -49.500
  -6.626 -49.500 -49.500
  -6.624 -49.500 -49.500
  -6.622 -49.500 -49.500
  -6.620 -49.500 -49.500
  -6.618 -49.500     NaN
  -6.617 -16.350 -16.669
  -6.615 -16.348 -16.348
  -6.613 -16.369 -16.369
  -6.611 -49.500 -49.500
  -6.609 -49.500     NaN
  -6.607 -49.500 -49.500
  -6.605 -16.523 -49.500
  -6.603 -15.919 -15.919
  -6.602 -49.500 -49.500
  -6.600 -49.500 -49.500
  -6.598 -49.500 -49.500
  -6.596 -49.500 -49.500
  -6.594 -49.500 -49.500
