  -8.861 -13.784 -13.784
  -8.599 -13.988 -13.988
  -8.442 -14.102 -14.102
  -8.329 -14.178 -14.178
  -8.239 -14.292 -14.292
  -8.166 -14.228 -14.228
  -8.103 -14.387 -14.387
  -8.048 -14.408 -14.408
  -7.999 -14.494 -14.494
  -7.955 -14.483 -14.483
  -7.916 -14.527 -14.527
  -7.879 -14.444 -14.444
  -7.846 -14.621 -14.621
  -7.815 -14.740 -14.740
  -7.786 -14.681 -14.681
  -7.758 -14.606 -14.886
  -7.733 -14.644 -14.644
  -7.709 -14.684 -14.684
  -7.686 -14.743 -14.934
  -7.664 -14.761 -15.021
  -7.643 -14.259 -14.725
  -7.624 -15.009 -15.009
  -7.605 -14.624 -14.978
  -7.586 -14.715 -15.076
  -7.569 -14.780 -15.226
  -7.552 -14.573 -15.073
  -7.536 -14.820 -14.820
  -7.521 -14.889 -14.889
  -7.506 -14.631 -14.989
  -7.491 -15.306 -15.306
  -7.477 -14.938 -14.938
  -7.464 -15.176 -15.176
  -7.451 -14.933 -15.230
  -7.438 -15.259 -15.259
  -7.425 -15.334 -15.334
  -7.413 -15.222 -15.375
  -7.401 -14.633 -15.052
  -7.390 -15.357 -15.517
  -7.379 -15.266 -15.472
  -7.368 -14.538 -15.186
  -7.357 -15.186 -15.186
  -7.347 -15.600 -15.600
  -7.337 -15.602 -15.602
  -7.327 -15.510 -15.510
  -7.317 -15.364 -15.364
  -7.308 -14.462 -15.517
  -7.299 -14.905 -15.409
  -7.290 -15.445 -15.703
  -7.281 -15.769 -15.769
  -7.272 -15.259 -15.259
  -7.264 -15.463 -15.463
  -7.255 -15.502 -15.894
  -7.247 -15.308 -15.556
  -7.239 -16.017 -16.017
  -7.231 -15.567 -15.798
  -7.223 -15.472 -15.727
  -7.216 -15.897 -15.897
  -7.208 -15.517 -15.835
  -7.201 -15.652 -15.652
  -7.194 -15.492 -15.698
  -7.187 -13.717 -15.262
  -7.180 -15.856 -15.856
  -7.173 -16.036 -16.036
  -7.166 -15.748 -15.904
  -7.159 -16.247 -16.247
  -7.153 -16.151 -16.151
  -7.146 -15.557 -15.860
  -7.140 -16.012 -16.012
  -7.133 -15.942 -15.942
  -7.127 -14.894 -14.894
  -7.121 -15.860 -15.860
  -7.115 -15.474 -15.835
  -7.109 -15.584 -15.844
  -7.103 -15.714 -15.714
  -7.098 -15.520 -16.235
  -7.092 -16.330 -16.482
  -7.086 -15.758 -15.981
  -7.081 -16.347 -16.593
  -7.075 -15.561 -16.355
  -7.070 -15.674 -15.933
  -7.064 -15.753 -15.753
  -7.059 -15.936 -16.102
  -7.054 -16.080 -16.376
  -7.049 -16.213 -16.213
  -7.043 -16.118 -16.337
  -7.038 -16.265 -16.265
  -7.033 -16.076 -16.076
  -7.029 -16.002 -16.370
  -7.024 -15.293 -16.112
  -7.019 -16.151 -16.151
  -7.014 -16.164 -16.418
  -7.009 -15.876 -15.876
  -7.005 -15.675 -16.599
  -7.000 -15.798 -17.057
  -6.995 -15.294 -15.610
  -6.991 -16.255 -16.591
  -6.986 -15.730 -16.413
  -6.982 -16.527 -16.527
  -6.978 -16.198 -16.445
  -6.973 -15.970 -16.167
  -6.969 -16.390 -16.390
  -6.965 -16.096 -16.294
  -6.961 -15.870 -16.127
  -6.956 -16.218 -49.500
  -6.952 -16.486 -16.750
  -6.948 -16.204 -16.457
  -6.944 -16.362 -16.671
  -6.940 -16.018 -16.508
  -6.936 -15.824 -16.660
  -6.932 -16.209 -16.371
  -6.928 -16.210 -16.423
  -6.924 -16.257 -16.672
  -6.920 -16.050 -16.206
  -6.917 -15.682 -15.922
  -6.913 -15.485 -16.537
  -6.909 -16.552 -17.281
  -6.905 -15.632 -15.853
  -6.902 -16.299 -16.775
  -6.898 -16.553 -16.853
  -6.894 -16.879 -17.287
  -6.891 -16.697 -16.853
  -6.887 -16.906 -49.500
  -6.884 -16.513 -16.811
  -6.880 -16.592 -16.786
  -6.877 -16.266 -16.266
  -6.873 -16.069 -16.069
  -6.870 -15.378 -16.810
  -6.867 -16.316 -17.406
  -6.863 -16.393 -49.500
  -6.860 -49.500     NaN
  -6.857 -15.342 -16.425
  -6.853 -15.713 -16.118
  -6.850 -16.173 -16.852
  -6.847 -16.185 -16.712
  -6.844 -16.145 -16.713
  -6.840 -16.631 -16.983
  -6.837 -16.257 -17.072
  -6.834 -16.488 -17.054
  -6.831 -49.500     NaN
  -6.828 -16.825 -17.094
  -6.825 -49.500     NaN
  -6.822 -16.652 -16.962
  -6.819 -16.007 -16.702
  -6.816 -16.462 -16.835
  -6.813 -16.380 -16.655
  -6.810 -16.638 -17.139
  -6.807 -16.374 -16.633
  -6.804 -16.248 -16.699
  -6.801 -16.588 -16.789
  -6.798 -16.343 -49.500
  -6.795 -15.833 -16.128
  -6.792 -16.634 -17.049
  -6.789 -16.807 -17.051
  -6.787 -49.500     NaN
  -6.784 -49.500 -49.500
  -6.781 -49.500     NaN
  -6.778 -15.241 -16.719
  -6.775 -16.009 -49.500
  -6.773 -16.555 -49.500
  -6.770 -15.615 -49.500
  -6.767 -49.500 -49.500
  -6.765 -15.693 -15.693
  -6.762 -16.456 -49.500
  -6.759 -49.500     NaN
  -6.757 -49.500     NaN
  -6.754 -16.671 -49.500
  -6.751 -16.708 -16.875
  -6.749 -49.500     NaN
  -6.746 -49.500 -49.500
  -6.744 -16.743 -49.500
  -6.741 -16.639 -49.500
  -6.739 -16.696 -49.500
  -6.736 -17.166 -49.500
  -6.734 -16.594 -49.500
  -6.731 -49.500 -49.500
  -6.729 -49.500     NaN
  -6.726 -16.363 -49.500
  -6.724 -16.796 -49.500
  -6.721 -49.500     NaN
  -6.719 -49.500 -49.500
  -6.717 -16.425 -49.500
  -6.714 -49.500     NaN
  -6.712 -49.500     NaN
  -6.709 -49.500     NaN
  -6.707 -49.500     NaN
  -6.705 -15.685 -15.685
  -6.702 -16.905 -16.905
  -6.700 -16.287 -16.660
  -6.698 -49.500 -49.500
  -6.696 -49.500     NaN
  -6.693 -49.500 -49.500
  -6.691 -16.241 -49.500
  -6.689 -49.500 -49.500
  -6.687 -16.248 -17.297
  -6.684 -49.500 -49.500
  -6.682 -49.500     NaN
  -6.680 -16.170 -49.500
  -6.678 -49.500 -49.500
  -6.675 -49.500     NaN
  -6.673 -49.500 -49.500
  -6.671 -16.608 -49.500
  -6.669 -49.500     NaN
  -6.667 -49.500 -49.500
  -6.665 -49.500     NaN
  -6.663 -49.500     NaN
  -6.661 -15.411 -15.411
  -6.658 -49.500     NaN
  -6.656 -49.500 -49.500
  -6.654 -49.500 -49.500
  -6.652 -49.500 -49.500
  -6.650 -49.500 -49.500
  -6.648 -49.500     NaN
  -6.646 -49.500 -49.500
  -6.644 -49.500 -49.500
  -6.642 -15.749 -16.270
  -6.640 -49.500     NaN
  -6.638 -49.500 -49.500
  -6.636 -16.455 -49.500
  -6.634 -16.405 -16.405
  -6.632 -16.728 -49.500
  -6.630 -49.500 -49.500
  -6.628 -49.500     NaN
  -6.626 -49.500     NaN
  -6.624 -49.500     NaN
  -6.622 -49.500     NaN
  -6.620 -49.500 -49.500
  -6.618 -49.500 -49.500
  -6.617 -49.500 -49.500
  -6.615 -49.500 -49.500
  -6.613 -49.500 -49.500
  -6.611 -49.500 -49.500
  -6.609 -49.500 -49.500
  -6.607 -49.500     NaN
  -6.605 -49.500 -49.500
  -6.603 -49.500 -49.500
  -6.602 -49.500 -49.500
  -6.600 -15.473 -15.849
  -6.598 -16.606 -16.606
  -6.596 -49.500 -49.500
  -6.594 -16.651 -16.651
