  -8.861 -13.858 -13.858
  -8.599 -14.006 -14.006
  -8.442 -14.096 -14.096
  -8.329 -14.170 -14.170
  -8.239 -14.171 -14.171
  -8.166 -14.326 -14.326
  -8.103 -14.395 -14.395
  -8.048 -14.365 -14.365
  -7.999 -14.463 -14.463
  -7.955 -14.467 -14.467
  -7.916 -14.469 -14.634
  -7.879 -14.368 -14.607
  -7.846 -14.297 -14.486
  -7.815 -14.695 -14.695
  -7.786 -14.596 -14.787
  -7.758 -14.698 -14.698
  -7.733 -14.877 -14.877
  -7.709 -14.872 -14.872
  -7.686 -14.909 -14.909
  -7.664 -14.781 -14.781
  -7.643 -14.108 -15.163
  -7.624 -14.687 -14.687
  -7.605 -14.644 -14.874
  -7.586 -15.002 -15.002
  -7.569 -15.205 -15.205
  -7.552 -14.865 -14.865
  -7.536 -15.117 -15.269
  -7.521 -14.949 -14.949
  -7.506 -14.636 -15.084
  -7.491 -14.032 -15.082
  -7.477 -14.931 -14.931
  -7.464 -15.495 -15.495
  -7.451 -15.328 -15.328
  -7.438 -14.661 -14.826
  -7.425 -15.137 -15.137
  -7.413 -15.426 -15.426
  -7.401 -15.261 -15.261
  -7.390 -15.361 -15.612
  -7.379 -15.441 -15.441
  -7.368 -15.222 -15.222
  -7.357 -14.506 -15.348
  -7.347 -14.914 -15.425
  -7.337 -14.459 -14.761
  -7.327 -15.407 -15.570
  -7.317 -15.362 -15.540
  -7.308 -14.634 -15.546
  -7.299 -15.457 -15.650
  -7.290 -15.783 -15.783
  -7.281 -15.376 -15.563
  -7.272 -15.658 -15.658
  -7.264 -15.779 -15.970
  -7.255 -15.338 -15.502
  -7.247 -15.481 -15.481
  -7.239 -15.233 -15.233
  -7.231 -15.584 -15.789
  -7.223 -15.609 -15.799
  -7.216 -15.023 -15.744
  -7.208 -15.989 -15.989
  -7.201 -15.398 -16.037
  -7.194 -15.806 -15.978
  -7.187 -15.436 -15.624
  -7.180 -15.788 -15.788
  -7.173 -15.841 -15.841
  -7.166 -15.839 -15.839
  -7.159 -14.543 -15.820
  -7.153 -14.476 -14.811
  -7.146 -16.029 -16.332
  -7.140 -15.452 -15.784
  -7.133 -16.018 -16.184
  -7.127 -15.598 -16.157
  -7.121 -15.438 -16.017
  -7.115 -15.550 -15.550
  -7.109 -15.493 -15.958
  -7.103 -15.840 -16.194
  -7.098 -16.103 -16.103
  -7.092 -16.143 -16.333
  -7.086 -15.691 -16.167
  -7.081 -15.945 -16.179
  -7.075 -15.365 -16.081
  -7.070 -15.070 -15.960
  -7.064 -15.390 -16.260
  -7.059 -15.927 -16.307
  -7.054 -15.459 -15.800
  -7.049 -15.525 -15.682
  -7.043 -15.162 -15.547
  -7.038 -15.480 -15.956
  -7.033 -16.120 -16.512
  -7.029 -16.580 -16.580
  -7.024 -15.601 -16.350
  -7.019 -15.812 -16.014
  -7.014 -15.857 -16.068
  -7.009 -15.825 -15.825
  -7.005 -15.296 -16.465
  -7.000 -15.731 -16.191
  -6.995 -15.778 -16.154
  -6.991 -15.526 -15.788
  -6.986 -15.958 -16.153
  -6.982 -15.690 -16.492
  -6.978 -16.846 -16.846
  -6.973 -15.722 -16.094
  -6.969 -15.332 -16.156
  -6.965 -15.644 -16.629
  -6.961 -16.594 -17.113
  -6.956 -16.128 -17.037
  -6.952 -15.807 -16.832
  -6.948 -16.075 -16.649
  -6.944 -16.098 -16.488
  -6.940 -15.156 -15.742
  -6.936 -16.490 -16.685
  -6.932 -15.362 -16.060
  -6.928 -16.210 -16.585
  -6.924 -16.480 -16.480
  -6.920 -16.432 -22.776
  -6.917 -16.017 -23.022
  -6.913 -16.470 -16.709
  -6.909 -15.042 -16.025
  -6.905 -15.481 -15.771
  -6.902 -16.975 -49.500
  -6.898 -15.772 -16.884
  -6.894 -16.346 -17.097
  -6.891 -15.533 -15.930
  -6.887 -15.507 -16.156
  -6.884 -16.469 -16.935
  -6.880 -16.184 -16.619
  -6.877 -16.970 -49.500
  -6.873 -17.247 -49.500
  -6.870 -49.500     NaN
  -6.867 -16.468 -49.500
  -6.863 -15.357 -16.301
  -6.860 -16.155 -16.620
  -6.857 -15.951 -16.699
  -6.853 -16.162 -49.500
  -6.850 -15.393 -15.595
  -6.847 -49.500     NaN
  -6.844 -16.467 -49.500
  -6.840 -16.026 -16.026
  -6.837 -16.519 -16.866
  -6.834 -17.052 -49.500
  -6.831 -17.136 -49.500
  -6.828 -49.500 -49.500
  -6.825 -15.750 -16.817
  -6.822 -49.500     NaN
  -6.819 -15.787 -16.446
  -6.816 -15.891 -16.372
  -6.813 -49.500     NaN
  -6.810 -15.639 -16.498
  -6.807 -16.745 -49.500
  -6.804 -49.500     NaN
  -6.801 -49.500     NaN
  -6.798 -16.860 -17.111
  -6.795 -15.865 -16.049
  -6.792 -16.333 -16.957
  -6.789 -16.496 -49.500
  -6.787 -15.772 -16.553
  -6.784 -49.500     NaN
  -6.781 -16.483 -49.500
  -6.778 -49.500     NaN
  -6.775 -16.266 -16.826
  -6.773 -49.500     NaN
  -6.770 -16.194 -16.458
  -6.767 -16.522 -16.705
  -6.765 -16.258 -16.258
  -6.762 -49.500     NaN
  -6.759 -49.500     NaN
  -6.757 -49.500 -49.500
  -6.754 -49.500     NaN
  -6.751 -15.834 -16.131
  -6.749 -49.500 -49.500
  -6.746 -49.500     NaN
  -6.744 -15.962 -49.500
  -6.741 -16.432 -49.500
  -6.739 -49.500     NaN
  -6.736 -15.305 -15.305
  -6.734 -16.423 -16.423
  -6.731 -16.136 -16.455
  -6.729 -49.500     NaN
  -6.726 -16.053 -16.421
  -6.724 -49.500     NaN
  -6.721 -16.394 -49.500
  -6.719 -16.361 -16.808
  -6.717 -16.489 -49.500
  -6.714 -49.500     NaN
  -6.712 -16.391 -49.500
  -6.709 -49.500     NaN
  -6.707 -49.500     NaN
  -6.705 -16.406 -49.500
  -6.702 -49.500 -49.500
  -6.700 -49.500     NaN
  -6.698 -49.500     NaN
  -6.696 -15.937 -49.500
  -6.693 -49.500     NaN
  -6.691 -49.500     NaN
  -6.689 -16.769 -16.769
  -6.687 -16.977 -49.500
  -6.684 -49.500 -49.500
  -6.682 -49.500     NaN
  -6.680 -16.068 -49.500
  -6.678 -49.500     NaN
  -6.675 -49.500     NaN
  -6.673 -49.500     NaN
  -6.671 -49.500 -49.500
  -6.669 -49.500 -49.500
  -6.667 -49.500     NaN
  -6.665 -49.500 -49.500
  -6.663 -16.153 -49.500
  -6.661 -16.073 -49.500
  -6.658 -49.500 -49.500
  -6.656 -49.500 -49.500
  -6.654 -16.714 -16.714
  -6.652 -49.500 -49.500
  -6.650 -49.500     NaN
  -6.648 -16.791 -49.500
  -6.646 -49.500 -49.500
  -6.644 -16.167 -16.167
  -6.642 -49.500 -49.500
  -6.640 -49.500 -49.500
  -6.638 -49.500 -49.500
  -6.636 -16.414 -16.777
  -6.634 -49.500     NaN
  -6.632 -49.500     NaN
  -6.630 -16.094 -16.094
  -6.628 -49.500     NaN
  -6.626 -49.500 -49.500
  -6.624 -49.500 -49.500
  -6.622 -16.196 -49.500
  -6.620 -16.516 -16.516
  -6.618 -49.500 -49.500
  -6.617 -16.762 -16.762
  -6.615 -49.500 -49.500
  -6.613 -49.500 -49.500
  -6.611 -16.091 -49.500
  -6.609 -49.500 -49.500
  -6.607 -49.500 -49.500
  -6.605 -49.500 -49.500
  -6.603 -49.500 -49.500
  -6.602 -49.500     NaN
  -6.600 -49.500 -49.500
  -6.598 -15.965 -15.965
  -6.596 -15.518 -16.739
  -6.594 -49.500 -49.500
