  -8.861 -13.879 -13.879
  -8.599 -13.936 -13.936
  -8.442 -13.990 -13.990
  -8.329 -14.176 -14.176
  -8.239 -14.167 -14.167
  -8.166 -14.350 -14.350
  -8.103 -14.349 -14.349
  -8.048 -14.264 -14.264
  -7.999 -14.373 -14.543
  -7.955 -14.406 -14.406
  -7.916 -14.644 -14.644
  -7.879 -14.481 -14.481
  -7.846 -14.738 -14.738
  -7.815 -14.621 -14.621
  -7.786 -14.569 -14.569
  -7.758 -14.526 -14.683
  -7.733 -14.967 -14.967
  -7.709 -14.639 -14.960
  -7.686 -14.952 -14.952
  -7.664 -14.840 -14.840
  -7.643 -14.686 -14.925
  -7.624 -15.072 -15.072
  -7.605 -14.497 -14.876
  -7.586 -14.931 -14.931
  -7.569 -14.799 -15.008
  -7.552 -15.007 -15.007
  -7.536 -15.121 -15.121
  -7.521 -15.301 -15.301
  -7.506 -14.691 -15.322
  -7.491 -15.015 -15.015
  -7.477 -15.036 -15.263
  -7.464 -15.308 -15.308
  -7.451 -15.322 -15.322
  -7.438 -13.980 -15.131
  -7.425 -15.124 -15.308
  -7.413 -15.396 -15.559
  -7.401 -15.426 -15.426
  -7.390 -15.313 -15.313
  -7.379 -15.318 -15.676
  -7.368 -15.523 -15.523
  -7.357 -15.470 -15.470
  -7.347 -15.239 -15.422
  -7.337 -14.937 -15.593
  -7.327 -15.002 -15.508
  -7.317 -15.275 -15.774
  -7.308 -15.698 -15.698
  -7.299 -14.881 -15.268
  -7.290 -15.484 -15.650
  -7.281 -15.316 -15.316
  -7.272 -15.284 -15.284
  -7.264 -15.616 -15.616
  -7.255 -15.071 -15.417
  -7.247 -15.365 -15.617
  -7.239 -15.558 -15.558
  -7.231 -15.520 -15.758
  -7.223 -15.822 -15.822
  -7.216 -15.812 -16.007
  -7.208 -15.258 -15.803
  -7.201 -15.641 -15.641
  -7.194 -15.836 -15.836
  -7.187 -15.600 -15.600
  -7.180 -15.648 -15.803
  -7.173 -15.684 -15.684
  -7.166 -15.389 -16.017
  -7.159 -15.349 -15.611
  -7.153 -15.883 -15.883
  -7.146 -15.735 -16.004
  -7.140 -14.820 -15.997
  -7.133 -15.887 -16.194
  -7.127 -14.267 -15.503
  -7.121 -15.982 -15.982
  -7.115 -15.983 -16.150
  -7.109 -16.309 -16.309
  -7.103 -15.446 -15.747
  -7.098 -15.405 -16.133
  -7.092 -16.177 -16.177
  -7.086 -15.957 -16.174
  -7.081 -14.815 -15.882
  -7.075 -15.921 -16.153
  -7.070 -15.932 -16.159
  -7.064 -15.667 -15.833
  -7.059 -15.996 -16.189
  -7.054 -15.073 -16.421
  -7.049 -15.321 -16.092
  -7.043 -15.999 -16.219
  -7.038 -15.275 -15.898
  -7.033 -16.211 -16.436
  -7.029 -15.660 -16.324
  -7.024 -15.936 -16.241
  -7.019 -16.249 -16.249
  -7.014 -14.834 -15.695
  -7.009 -15.584 -16.172
  -7.005 -16.155 -16.406
  -7.000 -16.183 -16.741
  -6.995 -16.432 -16.605
  -6.991 -15.942 -15.942
  -6.986 -15.638 -16.415
  -6.982 -16.136 -16.406
  -6.978 -15.854 -15.854
  -6.973 -16.110 -16.409
  -6.969 -16.210 -16.480
  -6.965 -15.383 -16.179
  -6.961 -16.234 -16.470
  -6.956 -16.527 -16.527
  -6.952 -16.561 -16.561
  -6.948 -16.222 -16.507
  -6.944 -16.485 -17.012
  -6.940 -16.913 -49.500
  -6.936 -15.794 -16.088
  -6.932 -15.213 -16.697
  -6.928 -16.739 -17.098
  -6.924 -16.532 -16.532
  -6.920 -15.634 -15.866
  -6.917 -14.904 -16.014
  -6.913 -16.478 -16.875
  -6.909 -16.609 -16.609
  -6.905 -16.348 -16.348
  -6.902 -15.904 -16.434
  -6.898 -16.133 -16.309
  -6.894 -17.111 -17.354
  -6.891 -15.446 -16.524
  -6.887 -16.553 -16.851
  -6.884 -15.999 -16.491
  -6.880 -16.251 -16.706
  -6.877 -16.892 -17.129
  -6.873 -16.271 -17.062
  -6.870 -14.073 -16.138
  -6.867 -16.628 -49.500
  -6.863 -16.450 -16.450
  -6.860 -15.956 -16.223
  -6.857 -16.568 -49.500
  -6.853 -16.744 -49.500
  -6.850 -15.496 -16.232
  -6.847 -16.495 -16.660
  -6.844 -15.890 -16.257
  -6.840 -15.735 -16.000
  -6.837 -15.931 -16.153
  -6.834 -16.935 -49.500
  -6.831 -16.252 -16.844
  -6.828 -49.500     NaN
  -6.825 -49.500     NaN
  -6.822 -16.498 -49.500
  -6.819 -16.680 -49.500
  -6.816 -16.584 -16.865
  -6.813 -15.406 -49.500
  -6.810 -15.927 -16.167
  -6.807 -16.358 -16.612
  -6.804 -16.428 -16.428
  -6.801 -16.933 -49.500
  -6.798 -16.243 -16.619
  -6.795 -49.500 -49.500
  -6.792 -16.263 -16.499
  -6.789 -16.218 -16.721
  -6.787 -49.500     NaN
  -6.784 -49.500     NaN
  -6.781 -49.500     NaN
  -6.778 -16.755 -49.500
  -6.775 -16.527 -16.777
  -6.773 -16.423 -16.768
  -6.770 -16.867 -16.867
  -6.767 -15.204 -49.500
  -6.765 -49.500     NaN
  -6.762 -16.706 -49.500
  -6.759 -16.694 -49.500
  -6.757 -16.136 -16.136
  -6.754 -49.500 -49.500
  -6.751 -17.141 -49.500
  -6.749 -49.500     NaN
  -6.746 -16.919 -49.500
  -6.744 -16.967 -49.500
  -6.741 -16.009 -16.372
  -6.739 -49.500     NaN
  -6.736 -16.812 -49.500
  -6.734 -16.145 -49.500
  -6.731 -49.500     NaN
  -6.729 -15.608 -16.331
  -6.726 -16.171 -16.171
  -6.724 -49.500 -49.500
  -6.721 -15.672 -16.404
  -6.719 -16.231 -49.500
  -6.717 -16.404 -49.500
  -6.714 -15.674 -49.500
  -6.712 -49.500 -49.500
  -6.709 -49.500     NaN
  -6.707 -15.821 -49.500
  -6.705 -49.500 -49.500
  -6.702 -49.500     NaN
  -6.700 -49.500 -49.500
  -6.698 -49.500 -49.500
  -6.696 -16.755 -16.755
  -6.693 -49.500     NaN
  -6.691 -16.295 -49.500
  -6.689 -49.500 -49.500
  -6.687 -17.034 -49.500
  -6.684 -49.500 -49.500
  -6.682 -49.500 -49.500
  -6.680 -49.500     NaN
  -6.678 -49.500 -49.500
  -6.675 -49.500 -49.500
  -6.673 -16.545 -49.500
  -6.671 -16.912 -16.912
  -6.669 -49.500 -49.500
  -6.667 -49.500 -49.500
  -6.665 -49.500     NaN
  -6.663 -15.913 -16.065
  -6.661 -49.500     NaN
  -6.658 -49.500     NaN
  -6.656 -16.470 -49.500
  -6.654 -49.500     NaN
  -6.652 -49.500     NaN
  -6.650 -49.500 -49.500
  -6.648 -49.500 -49.500
  -6.646 -49.500     NaN
  -6.644 -49.500 -49.500
  -6.642 -49.500 -49.500
  -6.640 -49.500 -49.500
  -6.638 -49.500 -49.500
  -6.636 -16.345 -49.500
  -6.634 -49.500 -49.500
  -6.632 -49.500 -49.500
  -6.630 -49.500     NaN
  -6.628 -16.067 -49.500
  -6.626 -49.500 -49.500
  -6.624 -49.500 -49.500
  -6.622 -49.500 -49.500
  -6.620 -49.500 -49.500
  -6.618 -16.934 -16.934
  -6.617 -49.500 -49.500
  -6.615 -49.500     NaN
  -6.613 -49.500 -49.500
  -6.611 -49.500 -49.500
  -6.609 -15.928 -49.500
  -6.607 -49.500 -49.500
  -6.605 -16.471 -16.471
  -6.603 -49.500 -49.500
  -6.602 -49.500 -49.500
  -6.600 -49.500 -49.500
  -6.598 -49.500 -49.500
  -6.596 -49.500 -49.500
  -6.594 -49.500 -49.500
