  -8.861 -13.844 -13.844
  -8.599 -13.901 -13.901
  -8.442 -14.011 -14.011
  -8.329 -14.136 -14.136
  -8.239 -14.196 -14.196
  -8.166 -14.325 -14.325
  -8.103 -14.324 -14.324
  -8.048 -13.759 -14.330
  -7.999 -14.565 -14.565
  -7.955 -14.535 -14.535
  -7.916 -14.640 -14.640
  -7.879 -14.532 -14.532
  -7.846 -14.747 -14.747
  -7.815 -14.587 -14.587
  -7.786 -14.818 -14.818
  -7.758 -14.857 -14.857
  -7.733 -14.663 -14.828
  -7.709 -14.879 -14.879
  -7.686 -14.855 -14.855
  -7.664 -14.923 -14.923
  -7.643 -14.740 -14.912
  -7.624 -15.090 -15.090
  -7.605 -14.748 -15.004
  -7.586 -15.019 -15.019
  -7.569 -14.923 -14.923
  -7.552 -14.302 -14.950
  -7.536 -14.313 -14.979
  -7.521 -14.936 -14.936
  -7.506 -14.726 -15.000
  -7.491 -15.415 -15.415
  -7.477 -14.606 -15.201
  -7.464 -15.178 -15.178
  -7.451 -15.238 -15.238
  -7.438 -15.159 -15.159
  -7.425 -15.419 -15.419
  -7.413 -15.433 -15.592
  -7.401 -15.197 -15.197
  -7.390 -14.907 -14.907
  -7.379 -14.981 -15.271
  -7.368 -15.195 -15.542
  -7.357 -14.920 -15.368
  -7.347 -14.821 -15.381
  -7.337 -15.217 -15.217
  -7.327 -15.336 -15.539
  -7.317 -15.843 -15.843
  -7.308 -15.535 -15.535
  -7.299 -15.510 -15.510
  -7.290 -15.428 -15.428
  -7.281 -15.799 -15.799
  -7.272 -15.133 -15.418
  -7.264 -15.277 -15.486
  -7.255 -15.629 -15.629
  -7.247 -15.375 -15.375
  -7.239 -15.504 -15.722
  -7.231 -15.742 -16.079
  -7.223 -15.420 -15.420
  -7.216 -15.993 -16.221
  -7.208 -15.717 -15.717
  -7.201 -15.273 -15.787
  -7.194 -15.663 -15.663
  -7.187 -15.785 -15.961
  -7.180 -15.927 -15.927
  -7.173 -15.919 -15.919
  -7.166 -15.743 -16.192
  -7.159 -14.864 -15.272
  -7.153 -15.976 -15.976
  -7.146 -15.652 -15.652
  -7.140 -15.840 -15.840
  -7.133 -15.451 -15.639
  -7.127 -15.492 -15.729
  -7.121 -15.648 -15.648
  -7.115 -16.033 -16.196
  -7.109 -15.876 -15.876
  -7.103 -15.692 -16.020
  -7.098 -15.723 -16.035
  -7.092 -16.285 -16.285
  -7.086 -15.603 -15.840
  -7.081 -15.050 -15.368
  -7.075 -15.408 -15.753
  -7.070 -16.027 -16.198
  -7.064 -15.840 -16.207
  -7.059 -16.015 -16.284
  -7.054 -15.701 -15.987
  -7.049 -16.456 -16.456
  -7.043 -16.298 -16.298
  -7.038 -14.859 -15.552
  -7.033 -16.062 -16.352
  -7.029 -16.158 -16.158
  -7.024 -15.694 -16.212
  -7.019 -15.763 -16.021
  -7.014 -16.085 -16.265
  -7.009 -16.526 -16.756
  -7.005 -15.239 -16.630
  -7.000 -16.161 -16.161
  -6.995 -15.892 -16.259
  -6.991 -14.845 -15.801
  -6.986 -16.511 -16.511
  -6.982 -16.475 -16.726
  -6.978 -16.424 -16.679
  -6.973 -16.486 -16.664
  -6.969 -15.922 -16.871
  -6.965 -16.479 -16.804
  -6.961 -16.125 -16.125
  -6.956 -15.515 -15.887
  -6.952 -16.458 -16.458
  -6.948 -15.391 -15.641
  -6.944 -15.688 -16.522
  -6.940 -15.924 -16.555
  -6.936 -16.108 -16.419
  -6.932 -16.055 -16.439
  -6.928 -15.466 -16.608
  -6.924 -15.874 -16.854
  -6.920 -16.895 -22.098
  -6.917 -15.405 -15.734
  -6.913 -16.452 -22.322
  -6.909 -16.263 -16.476
  -6.905 -15.076 -15.457
  -6.902 -16.671 -49.500
  -6.898 -16.422 -16.584
  -6.894 -16.351 -16.844
  -6.891 -14.415 -16.153
  -6.887 -16.662 -49.500
  -6.884 -16.180 -16.467
  -6.880 -16.733 -17.148
  -6.877 -15.963 -16.170
  -6.873 -15.093 -16.620
  -6.870 -16.021 -16.021
  -6.867 -16.514 -49.500
  -6.863 -16.746 -49.500
  -6.860 -16.440 -16.622
  -6.857 -16.837 -49.500
  -6.853 -15.977 -16.212
  -6.850 -16.334 -49.500
  -6.847 -15.930 -16.144
  -6.844 -49.500 -49.500
  -6.840 -16.356 -49.500
  -6.837 -16.745 -49.500
  -6.834 -16.081 -16.240
  -6.831 -16.444 -16.783
  -6.828 -16.589 -16.883
  -6.825 -49.500     NaN
  -6.822 -14.965 -16.231
  -6.819 -49.500     NaN
  -6.816 -49.500     NaN
  -6.813 -16.852 -49.500
  -6.810 -16.318 -16.784
  -6.807 -16.302 -16.549
  -6.804 -49.500     NaN
  -6.801 -17.134 -49.500
  -6.798 -16.791 -49.500
  -6.795 -16.201 -17.286
  -6.792 -16.292 -16.475
  -6.789 -15.973 -15.973
  -6.787 -49.500     NaN
  -6.784 -49.500     NaN
  -6.781 -17.031 -49.500
  -6.778 -16.212 -16.538
  -6.775 -16.115 -49.500
  -6.773 -16.467 -49.500
  -6.770 -16.828 -16.828
  -6.767 -15.813 -17.191
  -6.765 -16.892 -49.500
  -6.762 -16.517 -17.004
  -6.759 -49.500     NaN
  -6.757 -16.832 -49.500
  -6.754 -49.500 -49.500
  -6.751 -14.805 -16.737
  -6.749 -49.500 -49.500
  -6.746 -49.500     NaN
  -6.744 -49.500 -49.500
  -6.741 -49.500     NaN
  -6.739 -49.500     NaN
  -6.736 -15.977 -49.500
  -6.734 -49.500 -49.500
  -6.731 -49.500     NaN
  -6.729 -49.500     NaN
  -6.726 -15.350 -15.884
  -6.724 -15.998 -16.771
  -6.721 -16.917 -16.917
  -6.719 -49.500 -49.500
  -6.717 -49.500     NaN
  -6.714 -49.500     NaN
  -6.712 -49.500 -49.500
  -6.709 -49.500 -49.500
  -6.707 -16.903 -49.500
  -6.705 -49.500 -49.500
  -6.702 -49.500     NaN
  -6.700 -49.500     NaN
  -6.698 -49.500 -49.500
  -6.696 -15.876 -16.242
  -6.693 -16.150 -16.150
  -6.691 -49.500 -49.500
  -6.689 -49.500     NaN
  -6.687 -49.500     NaN
  -6.684 -49.500     NaN
  -6.682 -16.236 -16.406
  -6.680 -15.859 -49.500
  -6.678 -16.740 -49.500
  -6.675 -15.930 -16.193
  -6.673 -17.000 -49.500
  -6.671 -15.687 -15.687
  -6.669 -16.467 -49.500
  -6.667 -16.101 -16.101
  -6.665 -16.360 -16.360
  -6.663 -49.500 -49.500
  -6.661 -16.711 -49.500
  -6.658 -49.500 -49.500
  -6.656 -49.500 -49.500
  -6.654 -49.500 -49.500
  -6.652 -49.500 -49.500
  -6.650 -16.419 -16.419
  -6.648 -16.153 -49.500
  -6.646 -49.500     NaN
  -6.644 -49.500 -49.500
  -6.642 -49.500     NaN
  -6.640 -49.500     NaN
  -6.638 -49.500 -49.500
  -6.636 -15.793 -15.969
  -6.634 -16.460 -16.787
  -6.632 -49.500     NaN
  -6.630 -49.500 -49.500
  -6.628 -16.666 -16.666
  -6.626 -49.500     NaN
  -6.624 -49.500 -49.500
  -6.622 -49.500 -49.500
  -6.620 -15.838 -15.838
  -6.618 -49.500 -49.500
  -6.617 -49.500 -49.500
  -6.615 -49.500 -49.500
  -6.613 -49.500 -49.500
  -6.611 -16.062 -49.500
  -6.609 -49.500     NaN
  -6.607 -16.621 -49.500
  -6.605 -49.500 -49.500
  -6.603 -49.500 -49.500
  -6.602 -49.500 -49.500
  -6.600 -49.500 -49.500
  -6.598 -49.500 -49.500
  -6.596 -49.500 -49.500
  -6.594 -49.500 -49.500
