  -8.861 -13.875 -13.875
  -8.599 -13.951 -13.951
  -8.442 -14.133 -14.133
  -8.329 -14.172 -14.172
  -8.239 -14.297 -14.297
  -8.166 -14.329 -14.329
  -8.103 -14.326 -14.326
  -8.048 -14.465 -14.465
  -7.999 -14.590 -14.590
  -7.955 -14.456 -14.456
  -7.916 -14.670 -14.670
  -7.879 -14.397 -14.649
  -7.846 -14.323 -14.539
  -7.815 -14.816 -14.816
  -7.786 -14.700 -14.700
  -7.758 -14.907 -14.907
  -7.733 -14.515 -14.731
  -7.709 -14.680 -14.680
  -7.686 -14.850 -14.850
  -7.664 -14.702 -14.702
  -7.643 -14.796 -14.796
  -7.624 -14.895 -14.895
  -7.605 -15.056 -15.056
  -7.586 -14.979 -14.979
  -7.569 -15.123 -15.123
  -7.552 -14.898 -15.053
  -7.536 -15.051 -15.051
  -7.521 -14.977 -15.168
  -7.506 -14.804 -14.804
  -7.491 -15.119 -15.119
  -7.477 -15.192 -15.192
  -7.464 -15.470 -15.470
  -7.451 -14.697 -14.968
  -7.438 -15.192 -15.380
  -7.425 -15.078 -15.468
  -7.413 -15.185 -15.337
  -7.401 -14.591 -15.072
  -7.390 -15.219 -15.219
  -7.379 -14.896 -14.896
  -7.368 -15.393 -15.393
  -7.357 -15.531 -15.531
  -7.347 -15.529 -15.529
  -7.337 -15.679 -15.679
  -7.327 -14.826 -15.058
  -7.317 -15.094 -15.262
  -7.308 -14.953 -15.348
  -7.299 -14.380 -15.811
  -7.290 -15.217 -15.217
  -7.281 -15.511 -15.511
  -7.272 -15.295 -15.295
  -7.264 -15.370 -15.370
  -7.255 -14.717 -14.917
  -7.247 -15.602 -15.602
  -7.239 -15.431 -15.950
  -7.231 -15.449 -15.706
  -7.223 -15.155 -15.560
  -7.216 -15.836 -15.836
  -7.208 -15.714 -15.984
  -7.201 -15.637 -15.853
  -7.194 -15.548 -15.548
  -7.187 -15.626 -15.790
  -7.180 -14.153 -16.146
  -7.173 -15.816 -15.816
  -7.166 -15.906 -15.906
  -7.159 -15.611 -15.844
  -7.153 -15.533 -15.533
  -7.146 -15.925 -16.316
  -7.140 -15.972 -15.972
  -7.133 -15.709 -15.709
  -7.127 -15.142 -15.706
  -7.121 -14.866 -15.985
  -7.115 -15.976 -15.976
  -7.109 -16.146 -16.146
  -7.103 -15.913 -15.913
  -7.098 -15.411 -15.922
  -7.092 -15.965 -15.965
  -7.086 -16.055 -16.055
  -7.081 -15.061 -15.415
  -7.075 -15.940 -16.113
  -7.070 -16.268 -16.534
  -7.064 -16.216 -16.216
  -7.059 -15.643 -15.890
  -7.054 -15.600 -15.600
  -7.049 -15.125 -16.263
  -7.043 -15.434 -16.064
  -7.038 -15.674 -16.419
  -7.033 -16.022 -16.246
  -7.029 -15.877 -16.106
  -7.024 -15.787 -16.167
  -7.019 -14.741 -16.785
  -7.014 -15.623 -15.999
  -7.009 -16.360 -16.543
  -7.005 -16.432 -16.590
  -7.000 -16.169 -16.531
  -6.995 -16.491 -16.878
  -6.991 -15.675 -15.930
  -6.986 -16.812 -16.812
  -6.982 -15.062 -15.903
  -6.978 -16.187 -16.501
  -6.973 -15.818 -16.225
  -6.969 -16.129 -16.376
  -6.965 -15.969 -15.969
  -6.961 -16.209 -16.594
  -6.956 -16.352 -16.352
  -6.952 -15.897 -16.659
  -6.948 -16.335 -16.335
  -6.944 -16.657 -16.853
  -6.940 -14.821 -16.230
  -6.936 -15.971 -15.971
  -6.932 -16.119 -17.169
  -6.928 -16.464 -17.218
  -6.924 -15.839 -16.162
  -6.920 -16.170 -16.382
  -6.917 -16.071 -16.326
  -6.913 -15.889 -16.514
  -6.909 -14.969 -15.879
  -6.905 -16.713 -49.500
  -6.902 -15.279 -15.699
  -6.898 -16.765 -16.765
  -6.894 -16.884 -17.340
  -6.891 -49.500     NaN
  -6.887 -15.864 -16.150
  -6.884 -16.604 -49.500
  -6.880 -16.832 -49.500
  -6.877 -15.545 -16.681
  -6.873 -49.500     NaN
  -6.870 -16.231 -16.231
  -6.867 -16.524 -17.241
  -6.863 -16.736 -17.047
  -6.860 -16.239 -16.554
  -6.857 -16.750 -49.500
  -6.853 -17.065 -17.233
  -6.850 -15.554 -16.201
  -6.847 -15.297 -16.706
  -6.844 -16.092 -16.743
  -6.840 -16.867 -49.500
  -6.837 -16.095 -49.500
  -6.834 -16.026 -16.564
  -6.831 -16.046 -16.046
  -6.828 -16.423 -49.500
  -6.825 -49.500 -49.500
  -6.822 -17.213 -49.500
  -6.819 -49.500     NaN
  -6.816 -49.500     NaN
  -6.813 -16.913 -17.086
  -6.810 -16.257 -49.500
  -6.807 -16.559 -49.500
  -6.804 -16.807 -49.500
  -6.801 -16.466 -16.825
  -6.798 -49.500     NaN
  -6.795 -17.010 -49.500
  -6.792 -16.305 -16.712
  -6.789 -16.133 -16.556
  -6.787 -49.500     NaN
  -6.784 -16.248 -16.248
  -6.781 -16.664 -49.500
  -6.778 -49.500     NaN
  -6.775 -16.647 -49.500
  -6.773 -16.091 -17.150
  -6.770 -49.500 -49.500
  -6.767 -16.681 -49.500
  -6.765 -16.043 -16.571
  -6.762 -16.758 -16.990
  -6.759 -49.500     NaN
  -6.757 -16.875 -49.500
  -6.754 -16.224 -49.500
  -6.751 -16.135 -49.500
  -6.749 -15.583 -17.363
  -6.746 -15.988 -49.500
  -6.744 -16.080 -16.464
  -6.741 -15.787 -16.301
  -6.739 -16.787 -17.029
  -6.736 -49.500 -49.500
  -6.734 -16.080 -16.927
  -6.731 -49.500     NaN
  -6.729 -49.500 -49.500
  -6.726 -49.500     NaN
  -6.724 -16.881 -49.500
  -6.721 -49.500 -49.500
  -6.719 -16.565 -49.500
  -6.717 -16.476 -49.500
  -6.714 -15.891 -15.891
  -6.712 -49.500 -49.500
  -6.709 -16.761 -49.500
  -6.707 -16.482 -16.482
  -6.705 -16.655 -16.655
  -6.702 -49.500     NaN
  -6.700 -15.981 -15.981
  -6.698 -49.500     NaN
  -6.696 -49.500     NaN
  -6.693 -49.500     NaN
  -6.691 -49.500     NaN
  -6.689 -16.200 -49.500
  -6.687 -49.500 -49.500
  -6.684 -49.500     NaN
  -6.682 -15.964 -49.500
  -6.680 -16.348 -16.552
  -6.678 -49.500 -49.500
  -6.675 -49.500 -49.500
  -6.673 -16.669 -49.500
  -6.671 -49.500 -49.500
  -6.669 -16.726 -16.726
  -6.667 -49.500 -49.500
  -6.665 -49.500 -49.500
  -6.663 -49.500     NaN
  -6.661 -49.500 -49.500
  -6.658 -49.500 -49.500
  -6.656 -16.825 -16.825
  -6.654 -49.500 -49.500
  -6.652 -49.500 -49.500
  -6.650 -49.500 -49.500
  -6.648 -49.500 -49.500
  -6.646 -49.500 -49.500
  -6.644 -15.379 -15.379
  -6.642 -49.500     NaN
  -6.640 -49.500 -49.500
  -6.638 -49.500     NaN
  -6.636 -49.500     NaN
  -6.634 -15.554 -15.918
  -6.632 -49.500     NaN
  -6.630 -49.500 -49.500
  -6.628 -16.623 -16.623
  -6.626 -49.500 -49.500
  -6.624 -49.500     NaN
  -6.622 -49.500 -49.500
  -6.620 -49.500 -49.500
  -6.618 -49.500 -49.500
  -6.617 -49.500     NaN
  -6.615 -49.500     NaN
  -6.613 -15.647 -49.500
  -6.611 -49.500     NaN
  -6.609 -49.500 -49.500
  -6.607 -49.500 -49.500
  -6.605 -49.500 -49.500
  -6.603 -49.500 -49.500
  -6.602 -49.500 -49.500
  -6.600 -16.750 -16.750
  -6.598 -16.323 -49.500
  -6.596 -49.500 -49.500
  -6.594 -49.500     NaN
