  -8.861 -13.889 -13.889
  -8.599 -13.984 -13.984
  -8.442 -14.100 -14.100
  -8.329 -14.150 -14.150
  -8.239 -14.242 -14.242
  -8.166 -14.353 -14.353
  -8.103 -14.302 -14.302
  -8.048 -14.294 -14.494
  -7.999 -14.311 -14.311
  -7.955 -14.582 -14.582
  -7.916 -14.450 -14.659
  -7.879 -14.499 -14.499
  -7.846 -14.691 -14.691
  -7.815 -14.629 -14.629
  -7.786 -14.564 -14.564
  -7.758 -14.915 -14.915
  -7.733 -14.793 -15.074
  -7.709 -14.721 -14.721
  -7.686 -14.830 -15.024
  -7.664 -14.933 -14.933
  -7.643 -14.657 -15.113
  -7.624 -14.944 -14.944
  -7.605 -14.767 -15.039
  -7.586 -14.555 -14.754
  -7.569 -14.998 -15.221
  -7.552 -15.026 -15.200
  -7.536 -14.960 -14.960
  -7.521 -14.991 -14.991
  -7.506 -15.129 -15.129
  -7.491 -15.289 -15.289
  -7.477 -15.171 -15.171
  -7.464 -14.868 -15.080
  -7.451 -15.024 -15.193
  -7.438 -15.223 -15.402
  -7.425 -15.433 -15.433
  -7.413 -15.227 -15.414
  -7.401 -14.677 -14.862
  -7.390 -15.154 -15.351
  -7.379 -15.431 -15.431
  -7.368 -14.658 -15.200
  -7.357 -14.769 -15.089
  -7.347 -14.790 -15.444
  -7.337 -15.527 -15.527
  -7.327 -15.415 -15.599
  -7.317 -15.503 -15.713
  -7.308 -15.513 -15.513
  -7.299 -15.602 -15.602
  -7.290 -15.683 -15.683
  -7.281 -15.693 -15.693
  -7.272 -15.527 -15.527
  -7.264 -15.640 -15.792
  -7.255 -15.749 -15.749
  -7.247 -14.862 -15.551
  -7.239 -15.366 -15.668
  -7.231 -14.995 -15.283
  -7.223 -15.478 -15.786
  -7.216 -14.764 -15.737
  -7.208 -15.545 -15.545
  -7.201 -15.970 -15.970
  -7.194 -15.636 -16.095
  -7.187 -15.787 -15.787
  -7.180 -15.332 -15.685
  -7.173 -15.950 -15.950
  -7.166 -14.952 -15.819
  -7.159 -15.540 -15.913
  -7.153 -15.443 -15.849
  -7.146 -15.365 -15.633
  -7.140 -16.063 -16.063
  -7.133 -15.701 -15.701
  -7.127 -15.779 -15.779
  -7.121 -15.172 -15.561
  -7.115 -15.906 -16.137
  -7.109 -15.970 -16.190
  -7.103 -15.284 -15.737
  -7.098 -15.749 -15.749
  -7.092 -15.587 -15.882
  -7.086 -15.443 -15.983
  -7.081 -16.017 -16.190
  -7.075 -15.989 -16.400
  -7.070 -15.254 -16.027
  -7.064 -15.216 -16.048
  -7.059 -16.084 -16.452
  -7.054 -15.212 -15.851
  -7.049 -15.820 -16.002
  -7.043 -14.737 -15.864
  -7.038 -16.195 -16.195
  -7.033 -16.550 -16.550
  -7.029 -16.238 -16.425
  -7.024 -15.899 -15.899
  -7.019 -15.307 -16.127
  -7.014 -16.267 -16.635
  -7.009 -15.813 -16.067
  -7.005 -15.964 -15.964
  -7.000 -15.527 -15.703
  -6.995 -15.994 -15.994
  -6.991 -16.192 -16.192
  -6.986 -16.817 -17.150
  -6.982 -15.368 -16.742
  -6.978 -15.553 -16.022
  -6.973 -16.313 -16.468
  -6.969 -16.183 -16.390
  -6.965 -16.210 -16.363
  -6.961 -16.260 -16.517
  -6.956 -16.233 -16.584
  -6.952 -15.657 -16.742
  -6.948 -16.230 -16.230
  -6.944 -16.282 -16.282
  -6.940 -16.413 -16.672
  -6.936 -15.251 -17.394
  -6.932 -16.365 -16.545
  -6.928 -15.883 -16.258
  -6.924 -15.855 -16.726
  -6.920 -16.100 -16.100
  -6.917 -16.550 -16.791
  -6.913 -16.085 -16.249
  -6.909 -16.982 -23.032
  -6.905 -15.887 -16.268
  -6.902 -16.710 -16.955
  -6.898 -16.431 -16.968
  -6.894 -16.026 -16.193
  -6.891 -14.845 -16.522
  -6.887 -16.526 -17.141
  -6.884 -16.410 -16.721
  -6.880 -16.682 -49.500
  -6.877 -16.087 -16.767
  -6.873 -16.354 -49.500
  -6.870 -16.716 -17.050
  -6.867 -16.322 -49.500
  -6.863 -16.144 -16.656
  -6.860 -15.563 -16.418
  -6.857 -16.352 -49.500
  -6.853 -15.535 -16.913
  -6.850 -16.596 -16.596
  -6.847 -16.269 -49.500
  -6.844 -15.986 -16.224
  -6.840 -15.949 -16.496
  -6.837 -16.163 -16.834
  -6.834 -15.792 -16.435
  -6.831 -16.528 -16.790
  -6.828 -16.832 -49.500
  -6.825 -16.386 -16.816
  -6.822 -16.694 -49.500
  -6.819 -16.482 -49.500
  -6.816 -15.865 -16.222
  -6.813 -14.805 -16.699
  -6.810 -16.586 -49.500
  -6.807 -16.170 -16.947
  -6.804 -16.272 -16.639
  -6.801 -49.500     NaN
  -6.798 -16.973 -49.500
  -6.795 -16.643 -49.500
  -6.792 -49.500 -49.500
  -6.789 -17.129 -49.500
  -6.787 -16.151 -49.500
  -6.784 -16.746 -49.500
  -6.781 -16.860 -49.500
  -6.778 -16.742 -49.500
  -6.775 -49.500     NaN
  -6.773 -49.500     NaN
  -6.770 -16.899 -17.179
  -6.767 -49.500 -49.500
  -6.765 -16.291 -16.578
  -6.762 -16.183 -17.069
  -6.759 -16.066 -16.380
  -6.757 -16.988 -49.500
  -6.754 -49.500 -49.500
  -6.751 -17.021 -49.500
  -6.749 -49.500     NaN
  -6.746 -17.095 -49.500
  -6.744 -15.568 -16.164
  -6.741 -49.500     NaN
  -6.739 -16.167 -49.500
  -6.736 -49.500     NaN
  -6.734 -49.500     NaN
  -6.731 -15.505 -49.500
  -6.729 -49.500     NaN
  -6.726 -16.204 -16.514
  -6.724 -15.747 -49.500
  -6.721 -16.596 -16.840
  -6.719 -16.033 -16.840
  -6.717 -16.668 -16.830
  -6.714 -16.038 -16.772
  -6.712 -49.500 -49.500
  -6.709 -49.500     NaN
  -6.707 -49.500 -49.500
  -6.705 -16.339 -49.500
  -6.702 -49.500 -49.500
  -6.700 -49.500     NaN
  -6.698 -49.500     NaN
  -6.696 -49.500 -49.500
  -6.693 -16.475 -49.500
  -6.691 -49.500     NaN
  -6.689 -49.500     NaN
  -6.687 -49.500 -49.500
  -6.684 -49.500 -49.500
  -6.682 -49.500 -49.500
  -6.680 -16.171 -16.763
  -6.678 -16.687 -16.687
  -6.675 -49.500     NaN
  -6.673 -49.500 -49.500
  -6.671 -15.851 -16.055
  -6.669 -16.772 -49.500
  -6.667 -16.711 -49.500
  -6.665 -16.286 -16.286
  -6.663 -49.500     NaN
  -6.661 -49.500 -49.500
  -6.658 -49.500 -49.500
  -6.656 -49.500     NaN
  -6.654 -16.768 -16.768
  -6.652 -16.324 -16.324
  -6.650 -16.767 -49.500
  -6.648 -49.500 -49.500
  -6.646 -49.500     NaN
  -6.644 -49.500 -49.500
  -6.642 -49.500 -49.500
  -6.640 -49.500 -49.500
  -6.638 -49.500     NaN
  -6.636 -49.500     NaN
  -6.634 -49.500 -49.500
  -6.632 -49.500 -49.500
  -6.630 -49.500 -49.500
  -6.628 -49.500 -49.500
  -6.626 -49.500 -49.500
  -6.624 -15.527 -15.527
  -6.622 -49.500 -49.500
  -6.620 -49.500 -49.500
  -6.618 -49.500 -49.500
  -6.617 -15.788 -15.788
  -6.615 -49.500 -49.500
  -6.613 -49.500 -49.500
  -6.611 -49.500 -49.500
  -6.609 -49.500 -49.500
  -6.607 -16.772 -49.500
  -6.605 -49.500 -49.500
  -6.603 -49.500 -49.500
  -6.602 -49.500 -49.500
  -6.600 -49.500     NaN
  -6.598 -49.500     NaN
  -6.596 -49.500 -49.500
  -6.594 -49.500 -49.500
