  -8.861 -13.832 -13.832
  -8.599 -13.994 -13.994
  -8.442 -14.061 -14.061
  -8.329 -14.183 -14.183
  -8.239 -14.288 -14.288
  -8.166 -14.365 -14.365
  -8.103 -14.431 -14.431
  -8.048 -14.461 -14.461
  -7.999 -14.490 -14.490
  -7.955 -14.008 -14.366
  -7.916 -14.453 -14.453
  -7.879 -14.495 -14.495
  -7.846 -14.669 -14.669
  -7.815 -14.679 -14.679
  -7.786 -14.550 -14.550
  -7.758 -13.524 -14.791
  -7.733 -14.833 -14.833
  -7.709 -14.967 -14.967
  -7.686 -14.340 -14.686
  -7.664 -14.574 -14.826
  -7.643 -14.962 -14.962
  -7.624 -14.470 -15.062
  -7.605 -14.940 -15.113
  -7.586 -14.824 -14.824
  -7.569 -14.855 -15.037
  -7.552 -14.893 -14.893
  -7.536 -14.817 -15.054
  -7.521 -14.829 -15.198
  -7.506 -15.383 -15.383
  -7.491 -15.044 -15.428
  -7.477 -15.034 -15.219
  -7.464 -15.073 -15.073
  -7.451 -15.253 -15.253
  -7.438 -14.396 -14.874
  -7.425 -15.399 -15.399
  -7.413 -15.131 -15.324
  -7.401 -15.037 -15.037
  -7.390 -14.947 -15.279
  -7.379 -15.354 -15.553
  -7.368 -15.544 -15.724
  -7.357 -14.907 -15.443
  -7.347 -15.432 -15.432
  -7.337 -15.336 -15.336
  -7.327 -14.465 -15.348
  -7.317 -15.254 -15.254
  -7.308 -15.416 -15.615
  -7.299 -15.707 -15.707
  -7.290 -15.627 -15.627
  -7.281 -15.334 -15.578
  -7.272 -15.848 -15.848
  -7.264 -15.597 -15.597
  -7.255 -15.739 -15.739
  -7.247 -15.006 -15.448
  -7.239 -14.606 -15.391
  -7.231 -15.249 -15.879
  -7.223 -15.608 -15.608
  -7.216 -15.282 -15.933
  -7.208 -15.015 -15.816
  -7.201 -15.691 -15.953
  -7.194 -15.397 -15.397
  -7.187 -15.778 -15.778
  -7.180 -15.328 -16.209
  -7.173 -15.204 -15.916
  -7.166 -15.390 -15.657
  -7.159 -15.671 -15.987
  -7.153 -15.648 -15.885
  -7.146 -15.647 -15.984
  -7.140 -15.785 -15.961
  -7.133 -15.111 -15.111
  -7.127 -15.404 -15.889
  -7.121 -15.871 -15.871
  -7.115 -15.931 -15.931
  -7.109 -16.212 -16.212
  -7.103 -14.738 -15.052
  -7.098 -15.504 -15.721
  -7.092 -16.173 -16.173
  -7.086 -15.101 -15.466
  -7.081 -16.026 -16.026
  -7.075 -15.777 -16.040
  -7.070 -15.695 -16.005
  -7.064 -15.347 -15.922
  -7.059 -16.196 -16.196
  -7.054 -15.703 -15.703
  -7.049 -16.160 -16.160
  -7.043 -15.780 -15.780
  -7.038 -15.716 -16.040
  -7.033 -14.928 -15.208
  -7.029 -16.155 -16.155
  -7.024 -15.904 -16.353
  -7.019 -16.029 -16.029
  -7.014 -15.134 -16.348
  -7.009 -16.060 -16.357
  -7.005 -16.324 -16.503
  -7.000 -16.272 -16.432
  -6.995 -14.996 -16.365
  -6.991 -16.120 -16.120
  -6.986 -15.723 -15.930
  -6.982 -15.821 -16.083
  -6.978 -15.838 -16.075
  -6.973 -16.741 -17.075
  -6.969 -15.028 -16.135
  -6.965 -15.097 -15.993
  -6.961 -16.439 -16.632
  -6.956 -16.308 -16.809
  -6.952 -16.217 -16.377
  -6.948 -16.913 -22.770
  -6.944 -16.013 -16.542
  -6.940 -16.372 -16.372
  -6.936 -16.038 -16.463
  -6.932 -16.082 -16.790
  -6.928 -17.218 -49.500
  -6.924 -15.963 -16.364
  -6.920 -49.500     NaN
  -6.917 -15.640 -16.485
  -6.913 -15.899 -16.106
  -6.909 -16.933 -49.500
  -6.905 -15.591 -15.591
  -6.902 -16.109 -16.726
  -6.898 -16.466 -16.626
  -6.894 -15.918 -16.736
  -6.891 -16.718 -17.011
  -6.887 -16.643 -17.091
  -6.884 -15.848 -49.500
  -6.880 -16.778 -49.500
  -6.877 -16.422 -16.422
  -6.873 -16.951 -49.500
  -6.870 -16.815 -16.987
  -6.867 -16.882 -17.120
  -6.863 -16.184 -16.508
  -6.860 -16.465 -16.737
  -6.857 -49.500     NaN
  -6.853 -16.337 -49.500
  -6.850 -16.966 -17.365
  -6.847 -15.998 -16.222
  -6.844 -16.195 -16.195
  -6.840 -16.845 -17.255
  -6.837 -16.521 -49.500
  -6.834 -15.884 -16.970
  -6.831 -16.267 -16.460
  -6.828 -16.372 -49.500
  -6.825 -15.123 -16.285
  -6.822 -16.282 -49.500
  -6.819 -16.202 -16.446
  -6.816 -16.487 -49.500
  -6.813 -16.070 -16.308
  -6.810 -16.576 -49.500
  -6.807 -17.042 -17.279
  -6.804 -16.434 -49.500
  -6.801 -16.600 -49.500
  -6.798 -15.576 -15.806
  -6.795 -16.954 -49.500
  -6.792 -49.500     NaN
  -6.789 -16.880 -49.500
  -6.787 -16.826 -49.500
  -6.784 -16.744 -16.927
  -6.781 -15.821 -49.500
  -6.778 -16.715 -49.500
  -6.775 -49.500     NaN
  -6.773 -16.514 -49.500
  -6.770 -49.500     NaN
  -6.767 -49.500     NaN
  -6.765 -16.724 -49.500
  -6.762 -16.475 -49.500
  -6.759 -49.500     NaN
  -6.757 -16.609 -49.500
  -6.754 -15.107 -16.658
  -6.751 -15.681 -49.500
  -6.749 -16.361 -16.511
  -6.746 -16.666 -16.666
  -6.744 -16.134 -49.500
  -6.741 -16.391 -49.500
  -6.739 -49.500     NaN
  -6.736 -16.779 -16.779
  -6.734 -49.500     NaN
  -6.731 -49.500 -49.500
  -6.729 -16.497 -49.500
  -6.726 -15.081 -49.500
  -6.724 -49.500 -49.500
  -6.721 -16.490 -16.490
  -6.719 -16.620 -16.931
  -6.717 -15.449 -49.500
  -6.714 -49.500 -49.500
  -6.712 -16.365 -49.500
  -6.709 -49.500 -49.500
  -6.707 -15.712 -16.590
  -6.705 -16.532 -16.773
  -6.702 -16.845 -49.500
  -6.700 -49.500 -49.500
  -6.698 -49.500 -49.500
  -6.696 -49.500 -49.500
  -6.693 -49.500     NaN
  -6.691 -16.474 -16.892
  -6.689 -49.500     NaN
  -6.687 -49.500 -49.500
  -6.684 -49.500 -49.500
  -6.682 -49.500     NaN
  -6.680 -49.500 -49.500
  -6.678 -16.473 -49.500
  -6.675 -16.339 -16.507
  -6.673 -49.500     NaN
  -6.671 -16.114 -16.114
  -6.669 -16.577 -16.577
  -6.667 -49.500 -49.500
  -6.665 -16.138 -49.500
  -6.663 -49.500     NaN
  -6.661 -49.500 -49.500
  -6.658 -16.308 -16.308
  -6.656 -16.325 -49.500
  -6.654 -49.500 -49.500
  -6.652 -49.500 -49.500
  -6.650 -49.500     NaN
  -6.648 -16.510 -16.510
  -6.646 -49.500     NaN
  -6.644 -15.645 -15.645
  -6.642 -49.500 -49.500
  -6.640 -16.273 -49.500
  -6.638 -49.500     NaN
  -6.636 -49.500 -49.500
  -6.634 -49.500 -49.500
  -6.632 -49.500 -49.500
  -6.630 -16.231 -16.231
  -6.628 -49.500 -49.500
  -6.626 -49.500 -49.500
  -6.624 -49.500     NaN
  -6.622 -49.500 -49.500
  -6.620 -49.500 -49.500
  -6.618 -49.500 -49.500
  -6.617 -49.500     NaN
  -6.615 -49.500 -49.500
  -6.613 -49.500 -49.500
  -6.611 -49.500 -49.500
  -6.609 -49.500 -49.500
  -6.607 -49.500 -49.500
  -6.605 -49.500 -49.500
  -6.603 -49.500     NaN
  -6.602 -49.500 -49.500
  -6.600 -16.246 -16.246
  -6.598 -49.500     NaN
  -6.596 -16.757 -16.757
  -6.594 -49.500 -49.500
