  -8.861 -13.809 -13.809
  -8.599 -13.965 -13.965
  -8.442 -14.060 -14.060
  -8.329 -14.137 -14.137
  -8.239 -14.253 -14.253
  -8.166 -14.239 -14.239
  -8.103 -14.334 -14.334
  -8.048 -14.428 -14.428
  -7.999 -14.466 -14.466
  -7.955 -14.508 -14.508
  -7.916 -14.251 -14.251
  -7.879 -14.516 -14.516
  -7.846 -14.698 -14.698
  -7.815 -14.852 -14.852
  -7.786 -14.598 -14.790
  -7.758 -14.735 -14.735
  -7.733 -14.865 -14.865
  -7.709 -14.643 -14.968
  -7.686 -14.740 -14.909
  -7.664 -14.948 -14.948
  -7.643 -14.739 -14.973
  -7.624 -14.950 -14.950
  -7.605 -15.126 -15.126
  -7.586 -14.984 -15.149
  -7.569 -15.030 -15.030
  -7.552 -14.890 -14.890
  -7.536 -15.282 -15.282
  -7.521 -15.141 -15.293
  -7.506 -15.282 -15.282
  -7.491 -15.162 -15.313
  -7.477 -14.705 -14.954
  -7.464 -15.258 -15.258
  -7.451 -14.812 -14.812
  -7.438 -15.140 -15.429
  -7.425 -14.546 -14.987
  -7.413 -15.200 -15.200
  -7.401 -15.339 -15.339
  -7.390 -15.346 -15.346
  -7.379 -15.308 -15.571
  -7.368 -15.002 -15.002
  -7.357 -14.902 -15.318
  -7.347 -15.407 -15.407
  -7.337 -15.337 -15.337
  -7.327 -15.077 -15.603
  -7.317 -15.736 -15.736
  -7.308 -15.528 -15.528
  -7.299 -15.457 -15.457
  -7.290 -14.729 -15.278
  -7.281 -15.238 -15.546
  -7.272 -15.600 -15.600
  -7.264 -15.016 -15.865
  -7.255 -15.697 -15.697
  -7.247 -15.250 -15.250
  -7.239 -15.641 -15.641
  -7.231 -15.770 -15.770
  -7.223 -15.566 -15.566
  -7.216 -14.770 -15.861
  -7.208 -15.599 -15.859
  -7.201 -14.983 -15.329
  -7.194 -15.176 -15.506
  -7.187 -16.009 -16.009
  -7.180 -14.444 -16.245
  -7.173 -15.172 -15.871
  -7.166 -15.734 -15.734
  -7.159 -15.846 -15.846
  -7.153 -15.521 -15.800
  -7.146 -16.178 -16.178
  -7.140 -15.356 -15.639
  -7.133 -15.889 -15.889
  -7.127 -15.990 -16.207
  -7.121 -15.750 -15.750
  -7.115 -16.032 -16.366
  -7.109 -14.087 -14.360
  -7.103 -16.056 -16.249
  -7.098 -15.874 -15.874
  -7.092 -14.885 -15.162
  -7.086 -16.135 -16.322
  -7.081 -16.110 -16.110
  -7.075 -14.913 -15.980
  -7.070 -15.335 -15.335
  -7.064 -14.651 -15.982
  -7.059 -15.858 -16.107
  -7.054 -16.133 -16.427
  -7.049 -16.114 -16.444
  -7.043 -15.990 -15.990
  -7.038 -16.083 -16.391
  -7.033 -16.128 -16.315
  -7.029 -16.238 -16.238
  -7.024 -15.985 -15.985
  -7.019 -15.840 -16.033
  -7.014 -15.942 -16.337
  -7.009 -16.140 -16.439
  -7.005 -14.341 -16.247
  -7.000 -15.269 -15.846
  -6.995 -16.371 -16.371
  -6.991 -15.524 -15.867
  -6.986 -16.481 -16.652
  -6.982 -16.164 -16.319
  -6.978 -16.672 -16.860
  -6.973 -15.557 -16.145
  -6.969 -15.179 -15.921
  -6.965 -16.212 -16.572
  -6.961 -16.731 -16.884
  -6.956 -15.640 -16.455
  -6.952 -15.544 -15.544
  -6.948 -15.767 -15.920
  -6.944 -15.839 -16.049
  -6.940 -16.238 -16.535
  -6.936 -16.080 -16.260
  -6.932 -16.054 -16.376
  -6.928 -16.400 -16.400
  -6.924 -15.885 -15.885
  -6.920 -16.399 -49.500
  -6.917 -16.473 -21.763
  -6.913 -16.507 -16.791
  -6.909 -16.559 -49.500
  -6.905 -17.233 -49.500
  -6.902 -15.495 -16.039
  -6.898 -17.193 -23.010
  -6.894 -15.848 -16.819
  -6.891 -15.830 -16.970
  -6.887 -15.937 -16.202
  -6.884 -16.697 -17.401
  -6.880 -15.830 -49.500
  -6.877 -16.718 -17.366
  -6.873 -15.580 -16.233
  -6.870 -16.371 -16.578
  -6.867 -17.012 -49.500
  -6.863 -16.360 -16.774
  -6.860 -17.267 -49.500
  -6.857 -16.759 -17.136
  -6.853 -16.175 -16.853
  -6.850 -16.538 -16.744
  -6.847 -16.135 -16.747
  -6.844 -15.959 -16.210
  -6.840 -16.810 -17.086
  -6.837 -49.500     NaN
  -6.834 -16.313 -16.648
  -6.831 -16.746 -49.500
  -6.828 -16.522 -16.815
  -6.825 -16.231 -49.500
  -6.822 -16.124 -16.450
  -6.819 -17.200 -49.500
  -6.816 -16.544 -49.500
  -6.813 -15.782 -17.188
  -6.810 -49.500     NaN
  -6.807 -16.141 -17.054
  -6.804 -49.500     NaN
  -6.801 -16.121 -49.500
  -6.798 -15.644 -15.917
  -6.795 -16.743 -49.500
  -6.792 -49.500 -49.500
  -6.789 -49.500     NaN
  -6.787 -16.167 -16.798
  -6.784 -15.849 -16.081
  -6.781 -49.500 -49.500
  -6.778 -49.500     NaN
  -6.775 -16.394 -16.758
  -6.773 -16.995 -49.500
  -6.770 -16.610 -49.500
  -6.767 -16.503 -49.500
  -6.765 -16.184 -17.026
  -6.762 -16.697 -49.500
  -6.759 -49.500     NaN
  -6.757 -15.598 -15.812
  -6.754 -49.500 -49.500
  -6.751 -49.500     NaN
  -6.749 -16.525 -49.500
  -6.746 -16.159 -16.565
  -6.744 -16.765 -49.500
  -6.741 -16.951 -49.500
  -6.739 -16.662 -16.951
  -6.736 -16.929 -49.500
  -6.734 -16.494 -49.500
  -6.731 -15.828 -16.798
  -6.729 -49.500     NaN
  -6.726 -49.500 -49.500
  -6.724 -49.500     NaN
  -6.721 -15.912 -49.500
  -6.719 -49.500     NaN
  -6.717 -16.858 -49.500
  -6.714 -49.500 -49.500
  -6.712 -49.500     NaN
  -6.709 -15.363 -16.450
  -6.707 -17.001 -49.500
  -6.705 -49.500     NaN
  -6.702 -49.500     NaN
  -6.700 -15.980 -49.500
  -6.698 -16.274 -49.500
  -6.696 -16.308 -16.308
  -6.693 -49.500     NaN
  -6.691 -15.373 -16.626
  -6.689 -49.500 -49.500
  -6.687 -49.500 -49.500
  -6.684 -16.342 -16.859
  -6.682 -16.699 -49.500
  -6.680 -49.500 -49.500
  -6.678 -49.500 -49.500
  -6.675 -16.052 -16.215
  -6.673 -49.500 -49.500
  -6.671 -16.289 -49.500
  -6.669 -49.500 -49.500
  -6.667 -16.381 -16.797
  -6.665 -49.500 -49.500
  -6.663 -16.078 -49.500
  -6.661 -49.500 -49.500
  -6.658 -49.500 -49.500
  -6.656 -49.500     NaN
  -6.654 -49.500     NaN
  -6.652 -16.233 -16.233
  -6.650 -49.500 -49.500
  -6.648 -49.500     NaN
  -6.646 -16.746 -16.746
  -6.644 -49.500 -49.500
  -6.642 -49.500 -49.500
  -6.640 -49.500 -49.500
  -6.638 -49.500 -49.500
  -6.636 -16.304 -16.304
  -6.634 -49.500 -49.500
  -6.632 -49.500 -49.500
  -6.630 -49.500 -49.500
  -6.628 -49.500     NaN
  -6.626 -49.500 -49.500
  -6.624 -49.500     NaN
  -6.622 -49.500 -49.500
  -6.620 -49.500 -49.500
  -6.618 -49.500 -49.500
  -6.617 -49.500 -49.500
  -6.615 -15.503 -15.503
  -6.613 -49.500 -49.500
  -6.611 -49.500 -49.500
  -6.609 -49.500 -49.500
  -6.607 -49.500     NaN
  -6.605 -49.500 -49.500
  -6.603 -49.500 -49.500
  -6.602 -16.010 -49.500
  -6.600 -49.500 -49.500
  -6.598 -49.500     NaN
  -6.596 -16.750 -49.500
  -6.594 -49.500     NaN
