  -8.861 -13.837 -13.837
  -8.599 -13.968 -13.968
  -8.442 -14.071 -14.071
  -8.329 -14.164 -14.164
  -8.239 -14.183 -14.183
  -8.166 -14.272 -14.272
  -8.103 -14.354 -14.354
  -8.048 -14.294 -14.294
  -7.999 -14.497 -14.497
  -7.955 -14.549 -14.549
  -7.916 -14.400 -14.400
  -7.879 -14.722 -14.722
  -7.846 -14.185 -14.720
  -7.815 -14.600 -14.600
  -7.786 -14.567 -14.567
  -7.758 -14.845 -14.845
  -7.733 -14.665 -14.665
  -7.709 -14.923 -14.923
  -7.686 -14.638 -14.638
  -7.664 -14.212 -14.808
  -7.643 -15.038 -15.038
  -7.624 -14.374 -14.920
  -7.605 -14.932 -14.932
  -7.586 -14.888 -15.071
  -7.569 -14.958 -15.183
  -7.552 -15.082 -15.082
  -7.536 -15.109 -15.109
  -7.521 -15.130 -15.130
  -7.506 -15.257 -15.257
  -7.491 -15.011 -15.227
  -7.477 -15.051 -15.051
  -7.464 -14.732 -15.121
  -7.451 -15.158 -15.158
  -7.438 -15.090 -15.254
  -7.425 -15.089 -15.540
  -7.413 -14.922 -15.606
  -7.401 -15.013 -15.178
  -7.390 -15.594 -15.594
  -7.379 -15.456 -15.456
  -7.368 -15.296 -15.554
  -7.357 -14.767 -15.496
  -7.347 -15.604 -15.799
  -7.337 -15.307 -15.457
  -7.327 -15.264 -15.264
  -7.317 -15.325 -15.691
  -7.308 -15.525 -15.525
  -7.299 -15.364 -15.557
  -7.290 -15.125 -15.321
  -7.281 -14.909 -15.205
  -7.272 -15.456 -15.626
  -7.264 -15.039 -15.377
  -7.255 -15.406 -15.649
  -7.247 -15.560 -15.560
  -7.239 -14.834 -15.786
  -7.231 -15.525 -15.525
  -7.223 -15.486 -15.758
  -7.216 -15.901 -16.062
  -7.208 -15.556 -15.716
  -7.201 -15.683 -15.683
  -7.194 -15.884 -15.884
  -7.187 -15.499 -15.794
  -7.180 -14.533 -15.531
  -7.173 -15.909 -16.102
  -7.166 -16.005 -16.306
  -7.159 -15.397 -15.833
  -7.153 -15.927 -15.927
  -7.146 -16.023 -16.200
  -7.140 -15.721 -16.011
  -7.133 -15.430 -15.949
  -7.127 -15.317 -16.099
  -7.121 -15.081 -16.045
  -7.115 -15.956 -15.956
  -7.109 -15.946 -16.107
  -7.103 -15.359 -15.607
  -7.098 -15.810 -16.225
  -7.092 -14.945 -15.710
  -7.086 -16.067 -16.067
  -7.081 -15.832 -15.832
  -7.075 -15.879 -16.065
  -7.070 -15.935 -15.935
  -7.064 -14.345 -15.847
  -7.059 -16.107 -16.324
  -7.054 -16.310 -16.481
  -7.049 -16.020 -16.020
  -7.043 -16.103 -16.299
  -7.038 -16.112 -16.572
  -7.033 -16.209 -16.437
  -7.029 -16.026 -16.640
  -7.024 -15.721 -15.912
  -7.019 -15.655 -15.895
  -7.014 -16.156 -16.762
  -7.009 -15.264 -15.814
  -7.005 -16.121 -16.121
  -7.000 -16.122 -16.358
  -6.995 -15.731 -15.886
  -6.991 -15.582 -16.009
  -6.986 -15.300 -16.275
  -6.982 -16.612 -16.852
  -6.978 -15.366 -16.355
  -6.973 -16.070 -16.262
  -6.969 -16.288 -16.288
  -6.965 -15.978 -15.978
  -6.961 -16.123 -16.512
  -6.956 -15.435 -22.980
  -6.952 -16.363 -16.515
  -6.948 -16.242 -16.242
  -6.944 -16.076 -16.076
  -6.940 -16.174 -16.546
  -6.936 -16.083 -16.256
  -6.932 -16.166 -16.329
  -6.928 -15.803 -16.001
  -6.924 -16.023 -16.550
  -6.920 -16.473 -16.692
  -6.917 -15.740 -15.956
  -6.913 -15.407 -15.890
  -6.909 -16.425 -16.425
  -6.905 -15.931 -16.547
  -6.902 -16.337 -16.501
  -6.898 -16.177 -16.405
  -6.894 -15.816 -16.647
  -6.891 -16.344 -16.978
  -6.887 -16.265 -16.744
  -6.884 -16.029 -16.312
  -6.880 -15.957 -49.500
  -6.877 -16.376 -16.612
  -6.873 -16.707 -49.500
  -6.870 -15.979 -16.243
  -6.867 -49.500 -49.500
  -6.863 -16.158 -16.493
  -6.860 -16.479 -16.985
  -6.857 -16.792 -16.989
  -6.853 -16.553 -49.500
  -6.850 -16.871 -49.500
  -6.847 -15.007 -16.476
  -6.844 -17.059 -49.500
  -6.840 -16.547 -49.500
  -6.837 -16.426 -16.719
  -6.834 -15.856 -49.500
  -6.831 -16.456 -16.997
  -6.828 -17.132 -49.500
  -6.825 -14.939 -15.471
  -6.822 -49.500     NaN
  -6.819 -16.387 -16.802
  -6.816 -16.287 -16.527
  -6.813 -16.194 -49.500
  -6.810 -16.849 -49.500
  -6.807 -16.295 -16.649
  -6.804 -17.082 -49.500
  -6.801 -16.517 -16.815
  -6.798 -16.421 -49.500
  -6.795 -16.786 -49.500
  -6.792 -16.361 -16.667
  -6.789 -16.219 -16.845
  -6.787 -16.673 -16.872
  -6.784 -49.500     NaN
  -6.781 -16.267 -49.500
  -6.778 -16.224 -16.632
  -6.775 -16.086 -16.841
  -6.773 -49.500     NaN
  -6.770 -16.460 -17.118
  -6.767 -16.730 -49.500
  -6.765 -49.500 -49.500
  -6.762 -16.265 -49.500
  -6.759 -16.292 -16.292
  -6.757 -49.500     NaN
  -6.754 -16.907 -49.500
  -6.751 -49.500     NaN
  -6.749 -49.500     NaN
  -6.746 -16.867 -49.500
  -6.744 -16.898 -49.500
  -6.741 -49.500     NaN
  -6.739 -15.961 -16.169
  -6.736 -16.272 -17.036
  -6.734 -15.820 -16.140
  -6.731 -49.500     NaN
  -6.729 -17.049 -49.500
  -6.726 -49.500 -49.500
  -6.724 -16.666 -49.500
  -6.721 -16.932 -49.500
  -6.719 -49.500     NaN
  -6.717 -49.500     NaN
  -6.714 -49.500 -49.500
  -6.712 -49.500     NaN
  -6.709 -49.500 -49.500
  -6.707 -15.978 -16.272
  -6.705 -49.500 -49.500
  -6.702 -16.449 -49.500
  -6.700 -49.500 -49.500
  -6.698 -49.500     NaN
  -6.696 -49.500 -49.500
  -6.693 -49.500     NaN
  -6.691 -16.342 -49.500
  -6.689 -17.094 -17.094
  -6.687 -49.500     NaN
  -6.684 -16.657 -49.500
  -6.682 -16.209 -16.209
  -6.680 -49.500 -49.500
  -6.678 -16.805 -16.805
  -6.675 -49.500 -49.500
  -6.673 -49.500 -49.500
  -6.671 -49.500 -49.500
  -6.669 -16.115 -49.500
  -6.667 -49.500     NaN
  -6.665 -16.471 -49.500
  -6.663 -49.500 -49.500
  -6.661 -49.500     NaN
  -6.658 -16.484 -49.500
  -6.656 -16.753 -49.500
  -6.654 -49.500 -49.500
  -6.652 -16.567 -49.500
  -6.650 -16.857 -16.857
  -6.648 -49.500 -49.500
  -6.646 -16.484 -16.484
  -6.644 -49.500 -49.500
  -6.642 -49.500 -49.500
  -6.640 -49.500 -49.500
  -6.638 -49.500     NaN
  -6.636 -49.500 -49.500
  -6.634 -16.063 -16.063
  -6.632 -49.500 -49.500
  -6.630 -49.500 -49.500
  -6.628 -49.500     NaN
  -6.626 -16.713 -49.500
  -6.624 -49.500 -49.500
  -6.622 -49.500 -49.500
  -6.620 -49.500     NaN
  -6.618 -16.366 -16.366
  -6.617 -16.609 -49.500
  -6.615 -49.500 -49.500
  -6.613 -49.500 -49.500
  -6.611 -49.500 -49.500
  -6.609 -49.500     NaN
  -6.607 -49.500 -49.500
  -6.605 -49.500 -49.500
  -6.603 -49.500 -49.500
  -6.602 -49.500     NaN
  -6.600 -16.332 -16.332
  -6.598 -49.500 -49.500
  -6.596 -49.500 -49.500
  -6.594 -49.500 -49.500
