  -8.861 -13.863 -13.863
  -8.599 -13.954 -13.954
  -8.442 -14.099 -14.099
  -8.329 -14.198 -14.198
  -8.239 -14.321 -14.321
  -8.166 -14.355 -14.355
  -8.103 -14.265 -14.265
  -8.048 -14.075 -14.334
  -7.999 -14.172 -14.377
  -7.955 -14.554 -14.554
  -7.916 -14.581 -14.581
  -7.879 -14.593 -14.593
  -7.846 -14.637 -14.637
  -7.815 -14.543 -14.784
  -7.786 -14.966 -14.966
  -7.758 -14.506 -14.851
  -7.733 -14.801 -14.801
  -7.709 -14.974 -14.974
  -7.686 -14.885 -15.056
  -7.664 -14.962 -14.962
  -7.643 -14.896 -15.147
  -7.624 -14.974 -14.974
  -7.605 -15.010 -15.010
  -7.586 -15.146 -15.146
  -7.569 -14.557 -14.845
  -7.552 -14.872 -15.061
  -7.536 -15.119 -15.306
  -7.521 -15.175 -15.175
  -7.506 -15.276 -15.276
  -7.491 -14.802 -14.802
  -7.477 -14.701 -15.162
  -7.464 -14.930 -15.365
  -7.451 -14.920 -15.428
  -7.438 -14.543 -14.920
  -7.425 -15.475 -15.475
  -7.413 -15.154 -15.318
  -7.401 -15.255 -15.511
  -7.390 -14.953 -14.953
  -7.379 -15.457 -15.652
  -7.368 -14.814 -15.274
  -7.357 -15.246 -15.432
  -7.347 -14.844 -15.072
  -7.337 -15.132 -15.418
  -7.327 -15.522 -15.522
  -7.317 -15.644 -15.644
  -7.308 -15.204 -15.379
  -7.299 -15.128 -15.416
  -7.290 -15.643 -15.643
  -7.281 -15.433 -15.433
  -7.272 -15.829 -15.829
  -7.264 -15.412 -15.598
  -7.255 -15.035 -15.702
  -7.247 -15.663 -15.663
  -7.239 -15.564 -15.564
  -7.231 -15.714 -15.714
  -7.223 -15.332 -15.688
  -7.216 -15.661 -15.661
  -7.208 -15.016 -15.798
  -7.201 -15.543 -15.871
  -7.194 -15.829 -16.003
  -7.187 -15.403 -15.565
  -7.180 -15.642 -15.835
  -7.173 -14.867 -15.307
  -7.166 -16.079 -16.079
  -7.159 -15.127 -15.462
  -7.153 -15.740 -15.740
  -7.146 -15.924 -15.924
  -7.140 -15.724 -16.034
  -7.133 -15.425 -15.604
  -7.127 -16.201 -16.201
  -7.121 -15.981 -15.981
  -7.115 -15.756 -16.079
  -7.109 -16.117 -16.117
  -7.103 -16.073 -16.319
  -7.098 -15.845 -16.062
  -7.092 -15.798 -16.238
  -7.086 -15.589 -15.917
  -7.081 -16.023 -16.271
  -7.075 -15.421 -15.608
  -7.070 -16.107 -16.283
  -7.064 -15.967 -16.188
  -7.059 -14.799 -16.150
  -7.054 -16.344 -16.344
  -7.049 -15.833 -15.984
  -7.043 -16.088 -16.249
  -7.038 -14.960 -16.300
  -7.033 -15.822 -16.192
  -7.029 -15.841 -16.112
  -7.024 -16.163 -16.407
  -7.019 -16.105 -16.105
  -7.014 -16.026 -16.436
  -7.009 -15.120 -15.913
  -7.005 -16.121 -16.276
  -7.000 -16.123 -16.560
  -6.995 -15.687 -15.975
  -6.991 -15.591 -16.002
  -6.986 -15.433 -15.878
  -6.982 -15.159 -15.900
  -6.978 -16.668 -16.894
  -6.973 -15.442 -16.449
  -6.969 -16.466 -16.690
  -6.965 -16.093 -16.268
  -6.961 -16.299 -16.683
  -6.956 -15.875 -16.314
  -6.952 -16.342 -16.718
  -6.948 -16.070 -16.366
  -6.944 -15.911 -16.958
  -6.940 -15.828 -15.828
  -6.936 -16.711 -16.870
  -6.932 -16.462 -16.623
  -6.928 -16.580 -16.580
  -6.924 -17.253 -22.070
  -6.920 -15.982 -15.982
  -6.917 -16.161 -16.394
  -6.913 -16.143 -16.389
  -6.909 -16.279 -16.530
  -6.905 -15.264 -16.152
  -6.902 -15.750 -15.997
  -6.898 -16.506 -16.728
  -6.894 -16.423 -16.576
  -6.891 -15.871 -17.134
  -6.887 -16.579 -16.924
  -6.884 -16.316 -49.500
  -6.880 -15.219 -16.051
  -6.877 -16.531 -17.289
  -6.873 -16.451 -16.612
  -6.870 -16.434 -16.591
  -6.867 -49.500     NaN
  -6.863 -16.256 -17.100
  -6.860 -16.273 -16.780
  -6.857 -16.523 -49.500
  -6.853 -16.678 -49.500
  -6.850 -49.500     NaN
  -6.847 -16.528 -49.500
  -6.844 -49.500     NaN
  -6.840 -17.127 -49.500
  -6.837 -49.500 -49.500
  -6.834 -16.303 -16.641
  -6.831 -49.500 -49.500
  -6.828 -15.039 -15.807
  -6.825 -49.500     NaN
  -6.822 -49.500     NaN
  -6.819 -16.998 -49.500
  -6.816 -16.229 -16.927
  -6.813 -16.865 -49.500
  -6.810 -16.418 -16.769
  -6.807 -16.358 -17.164
  -6.804 -49.500     NaN
  -6.801 -49.500     NaN
  -6.798 -16.560 -49.500
  -6.795 -16.778 -49.500
  -6.792 -16.696 -17.122
  -6.789 -16.693 -49.500
  -6.787 -49.500     NaN
  -6.784 -16.420 -49.500
  -6.781 -16.798 -17.073
  -6.778 -15.396 -49.500
  -6.775 -15.803 -16.567
  -6.773 -16.355 -49.500
  -6.770 -17.072 -49.500
  -6.767 -49.500     NaN
  -6.765 -16.487 -49.500
  -6.762 -15.977 -16.625
  -6.759 -16.283 -16.660
  -6.757 -15.695 -15.695
  -6.754 -16.531 -49.500
  -6.751 -15.829 -49.500
  -6.749 -16.495 -49.500
  -6.746 -16.466 -49.500
  -6.744 -17.028 -49.500
  -6.741 -16.370 -49.500
  -6.739 -49.500 -49.500
  -6.736 -49.500 -49.500
  -6.734 -16.280 -16.280
  -6.731 -49.500 -49.500
  -6.729 -16.373 -16.672
  -6.726 -16.662 -49.500
  -6.724 -49.500     NaN
  -6.721 -49.500     NaN
  -6.719 -16.940 -49.500
  -6.717 -49.500     NaN
  -6.714 -49.500 -49.500
  -6.712 -49.500 -49.500
  -6.709 -49.500 -49.500
  -6.707 -16.048 -49.500
  -6.705 -49.500     NaN
  -6.702 -16.576 -49.500
  -6.700 -15.471 -49.500
  -6.698 -49.500 -49.500
  -6.696 -49.500 -49.500
  -6.693 -49.500 -49.500
  -6.691 -49.500 -49.500
  -6.689 -49.500 -49.500
  -6.687 -49.500 -49.500
  -6.684 -15.015 -16.513
  -6.682 -16.687 -49.500
  -6.680 -49.500 -49.500
  -6.678 -16.561 -49.500
  -6.675 -49.500 -49.500
  -6.673 -17.001 -49.500
  -6.671 -15.897 -49.500
  -6.669 -16.517 -49.500
  -6.667 -16.717 -49.500
  -6.665 -49.500 -49.500
  -6.663 -49.500 -49.500
  -6.661 -49.500 -49.500
  -6.658 -49.500     NaN
  -6.656 -16.674 -49.500
  -6.654 -15.284 -49.500
  -6.652 -49.500 -49.500
  -6.650 -49.500 -49.500
  -6.648 -15.266 -17.094
  -6.646 -49.500 -49.500
  -6.644 -16.320 -16.320
  -6.642 -49.500 -49.500
  -6.640 -49.500 -49.500
  -6.638 -49.500 -49.500
  -6.636 -15.348 -16.800
  -6.634 -49.500 -49.500
  -6.632 -49.500     NaN
  -6.630 -16.739 -49.500
  -6.628 -49.500     NaN
  -6.626 -16.492 -49.500
  -6.624 -49.500 -49.500
  -6.622 -15.810 -49.500
  -6.620 -49.500 -49.500
  -6.618 -49.500 -49.500
  -6.617 -16.705 -17.061
  -6.615 -16.218 -16.218
  -6.613 -49.500 -49.500
  -6.611 -49.500 -49.500
  -6.609 -16.059 -16.226
  -6.607 -49.500 -49.500
  -6.605 -49.500 -49.500
  -6.603 -49.500 -49.500
  -6.602 -49.500 -49.500
  -6.600 -49.500 -49.500
  -6.598 -49.500 -49.500
  -6.596 -49.500 -49.500
  -6.594 -49.500 -49.500
