  -8.861 -13.845 -13.845
  -8.599 -14.003 -14.003
  -8.442 -13.983 -13.983
  -8.329 -14.136 -14.136
  -8.239 -14.180 -14.180
  -8.166 -14.320 -14.320
  -8.103 -14.419 -14.419
  -8.048 -14.417 -14.417
  -7.999 -14.512 -14.512
  -7.955 -14.547 -14.547
  -7.916 -14.627 -14.627
  -7.879 -14.413 -14.595
  -7.846 -14.114 -14.562
  -7.815 -14.680 -14.680
  -7.786 -14.712 -14.712
  -7.758 -14.723 -14.723
  -7.733 -14.885 -14.885
  -7.709 -14.601 -14.601
  -7.686 -14.832 -14.832
  -7.664 -15.022 -15.022
  -7.643 -14.903 -14.903
  -7.624 -14.949 -14.949
  -7.605 -15.214 -15.214
  -7.586 -14.926 -14.926
  -7.569 -14.647 -15.078
  -7.552 -15.105 -15.105
  -7.536 -14.908 -15.066
  -7.521 -15.213 -15.213
  -7.506 -15.138 -15.294
  -7.491 -15.190 -15.190
  -7.477 -15.114 -15.338
  -7.464 -15.303 -15.303
  -7.451 -15.349 -15.349
  -7.438 -15.129 -15.129
  -7.425 -15.351 -15.351
  -7.413 -14.950 -15.540
  -7.401 -15.554 -15.554
  -7.390 -15.289 -15.467
  -7.379 -15.241 -15.593
  -7.368 -15.066 -15.587
  -7.357 -14.961 -15.262
  -7.347 -15.115 -15.316
  -7.337 -15.193 -15.409
  -7.327 -15.413 -15.413
  -7.317 -15.412 -15.651
  -7.308 -15.378 -15.572
  -7.299 -15.633 -15.633
  -7.290 -15.701 -15.701
  -7.281 -15.234 -15.703
  -7.272 -15.168 -15.432
  -7.264 -14.662 -15.663
  -7.255 -15.016 -15.016
  -7.247 -15.160 -15.391
  -7.239 -15.546 -15.546
  -7.231 -15.152 -15.752
  -7.223 -15.226 -15.393
  -7.216 -15.611 -15.611
  -7.208 -15.563 -15.563
  -7.201 -15.331 -15.849
  -7.194 -15.553 -15.553
  -7.187 -15.720 -15.720
  -7.180 -15.154 -15.680
  -7.173 -15.857 -15.857
  -7.166 -15.825 -15.825
  -7.159 -16.182 -16.182
  -7.153 -15.490 -15.490
  -7.146 -16.282 -16.282
  -7.140 -15.515 -15.714
  -7.133 -15.724 -16.046
  -7.127 -15.043 -15.638
  -7.121 -16.089 -16.089
  -7.115 -15.323 -16.163
  -7.109 -15.311 -15.952
  -7.103 -15.986 -16.138
  -7.098 -15.921 -15.921
  -7.092 -15.766 -15.766
  -7.086 -14.421 -15.768
  -7.081 -15.464 -16.291
  -7.075 -16.109 -16.109
  -7.070 -16.289 -16.531
  -7.064 -16.206 -16.206
  -7.059 -15.920 -16.095
  -7.054 -16.083 -16.463
  -7.049 -16.196 -16.496
  -7.043 -15.076 -16.028
  -7.038 -14.948 -15.952
  -7.033 -15.563 -15.563
  -7.029 -16.097 -16.718
  -7.024 -16.415 -16.588
  -7.019 -16.288 -16.288
  -7.014 -16.482 -16.482
  -7.009 -15.909 -16.476
  -7.005 -16.310 -16.310
  -7.000 -15.272 -16.344
  -6.995 -16.329 -16.498
  -6.991 -16.022 -16.022
  -6.986 -15.536 -15.735
  -6.982 -16.257 -16.257
  -6.978 -16.450 -16.702
  -6.973 -22.948 -22.948
  -6.969 -15.928 -16.535
  -6.965 -16.232 -16.232
  -6.961 -15.738 -16.122
  -6.956 -16.345 -16.345
  -6.952 -16.543 -16.852
  -6.948 -15.192 -17.100
  -6.944 -15.666 -15.893
  -6.940 -14.835 -16.033
  -6.936 -16.485 -16.644
  -6.932 -16.695 -16.851
  -6.928 -16.666 -16.666
  -6.924 -16.287 -16.287
  -6.920 -16.705 -16.705
  -6.917 -16.453 -16.655
  -6.913 -22.526 -22.526
  -6.909 -15.712 -16.266
  -6.905 -15.747 -16.789
  -6.902 -15.211 -16.749
  -6.898 -15.639 -16.448
  -6.894 -16.721 -17.047
  -6.891 -16.518 -16.861
  -6.887 -16.526 -16.526
  -6.884 -15.414 -16.206
  -6.880 -16.987 -49.500
  -6.877 -16.588 -16.791
  -6.873 -16.348 -16.734
  -6.870 -16.492 -17.048
  -6.867 -16.338 -16.729
  -6.863 -17.129 -17.403
  -6.860 -16.916 -17.270
  -6.857 -49.500     NaN
  -6.853 -16.559 -49.500
  -6.850 -15.664 -16.289
  -6.847 -16.947 -49.500
  -6.844 -49.500 -49.500
  -6.840 -49.500     NaN
  -6.837 -16.005 -16.327
  -6.834 -16.383 -16.544
  -6.831 -16.666 -16.852
  -6.828 -16.198 -16.198
  -6.825 -15.894 -17.122
  -6.822 -49.500     NaN
  -6.819 -15.931 -16.165
  -6.816 -15.785 -16.730
  -6.813 -16.127 -16.387
  -6.810 -16.410 -49.500
  -6.807 -49.500     NaN
  -6.804 -16.118 -16.675
  -6.801 -16.615 -49.500
  -6.798 -49.500     NaN
  -6.795 -49.500     NaN
  -6.792 -16.666 -49.500
  -6.789 -16.825 -49.500
  -6.787 -16.229 -16.732
  -6.784 -16.758 -16.758
  -6.781 -49.500 -49.500
  -6.778 -49.500     NaN
  -6.775 -16.483 -49.500
  -6.773 -49.500 -49.500
  -6.770 -49.500     NaN
  -6.767 -49.500 -49.500
  -6.765 -49.500     NaN
  -6.762 -16.952 -49.500
  -6.759 -49.500     NaN
  -6.757 -49.500     NaN
  -6.754 -49.500     NaN
  -6.751 -49.500 -49.500
  -6.749 -49.500 -49.500
  -6.746 -49.500     NaN
  -6.744 -15.825 -16.914
  -6.741 -49.500     NaN
  -6.739 -16.102 -16.487
  -6.736 -16.141 -16.141
  -6.734 -49.500     NaN
  -6.731 -16.573 -17.030
  -6.729 -15.304 -49.500
  -6.726 -16.658 -17.212
  -6.724 -16.952 -49.500
  -6.721 -15.958 -16.718
  -6.719 -49.500 -49.500
  -6.717 -16.143 -16.474
  -6.714 -16.278 -16.436
  -6.712 -16.724 -16.724
  -6.709 -15.090 -16.522
  -6.707 -49.500 -49.500
  -6.705 -16.794 -16.794
  -6.702 -49.500 -49.500
  -6.700 -16.482 -49.500
  -6.698 -17.074 -17.074
  -6.696 -16.140 -16.140
  -6.693 -49.500     NaN
  -6.691 -49.500     NaN
  -6.689 -49.500 -49.500
  -6.687 -16.296 -16.296
  -6.684 -49.500     NaN
  -6.682 -16.009 -49.500
  -6.680 -49.500 -49.500
  -6.678 -15.999 -16.598
  -6.675 -16.302 -16.543
  -6.673 -16.725 -49.500
  -6.671 -17.094 -17.094
  -6.669 -49.500 -49.500
  -6.667 -49.500 -49.500
  -6.665 -16.191 -49.500
  -6.663 -49.500 -49.500
  -6.661 -49.500 -49.500
  -6.658 -49.500 -49.500
  -6.656 -49.500     NaN
  -6.654 -49.500 -49.500
  -6.652 -49.500     NaN
  -6.650 -49.500 -49.500
  -6.648 -15.378 -15.378
  -6.646 -49.500     NaN
  -6.644 -49.500 -49.500
  -6.642 -16.383 -16.383
  -6.640 -49.500 -49.500
  -6.638 -49.500 -49.500
  -6.636 -16.621 -16.621
  -6.634 -16.085 -49.500
  -6.632 -49.500 -49.500
  -6.630 -49.500 -49.500
  -6.628 -49.500     NaN
  -6.626 -49.500     NaN
  -6.624 -49.500 -49.500
  -6.622 -49.500     NaN
  -6.620 -16.723 -49.500
  -6.618 -16.623 -16.623
  -6.617 -49.500 -49.500
  -6.615 -49.500 -49.500
  -6.613 -16.266 -49.500
  -6.611 -49.500 -49.500
  -6.609 -49.500 -49.500
  -6.607 -49.500 -49.500
  -6.605 -49.500 -49.500
  -6.603 -49.500 -49.500
  -6.602 -49.500     NaN
  -6.600 -49.500     NaN
  -6.598 -49.500     NaN
  -6.596 -49.500     NaN
  -6.594 -49.500 -49.500
