  -8.861 -13.871 -13.871
  -8.599 -14.025 -14.025
  -8.442 -14.162 -14.162
  -8.329 -14.215 -14.215
  -8.239 -14.116 -14.116
  -8.166 -14.326 -14.326
  -8.103 -14.197 -14.197
  -8.048 -14.490 -14.490
  -7.999 -14.314 -14.314
  -7.955 -13.997 -14.583
  -7.916 -14.666 -14.666
  -7.879 -14.821 -14.821
  -7.846 -14.267 -14.691
  -7.815 -14.797 -14.797
  -7.786 -14.777 -14.777
  -7.758 -14.864 -14.864
  -7.733 -14.756 -14.756
  -7.709 -14.311 -14.796
  -7.686 -14.344 -14.971
  -7.664 -14.559 -14.752
  -7.643 -14.938 -14.938
  -7.624 -14.914 -14.914
  -7.605 -14.944 -14.944
  -7.586 -14.333 -15.076
  -7.569 -14.876 -14.876
  -7.552 -15.196 -15.196
  -7.536 -15.040 -15.040
  -7.521 -14.788 -14.963
  -7.506 -15.111 -15.111
  -7.491 -14.919 -15.123
  -7.477 -14.674 -15.376
  -7.464 -15.304 -15.304
  -7.451 -15.046 -15.046
  -7.438 -15.564 -15.564
  -7.425 -15.214 -15.371
  -7.413 -15.110 -15.275
  -7.401 -14.423 -15.363
  -7.390 -15.432 -15.633
  -7.379 -15.488 -15.488
  -7.368 -15.419 -15.419
  -7.357 -15.734 -15.734
  -7.347 -14.668 -15.191
  -7.337 -15.266 -15.266
  -7.327 -15.413 -15.588
  -7.317 -15.282 -15.439
  -7.308 -15.700 -15.700
  -7.299 -14.486 -15.467
  -7.290 -15.299 -15.458
  -7.281 -15.078 -15.278
  -7.272 -15.560 -15.560
  -7.264 -15.600 -15.600
  -7.255 -15.907 -15.907
  -7.247 -15.335 -15.335
  -7.239 -15.501 -15.501
  -7.231 -15.560 -15.560
  -7.223 -15.468 -15.468
  -7.216 -15.809 -16.055
  -7.208 -15.523 -15.708
  -7.201 -15.396 -15.396
  -7.194 -15.614 -15.937
  -7.187 -15.439 -15.774
  -7.180 -15.480 -15.950
  -7.173 -15.426 -15.869
  -7.166 -15.933 -15.933
  -7.159 -15.835 -16.065
  -7.153 -15.691 -16.117
  -7.146 -15.764 -15.930
  -7.140 -15.631 -15.631
  -7.133 -15.168 -15.847
  -7.127 -15.638 -16.016
  -7.121 -16.088 -16.088
  -7.115 -15.212 -16.071
  -7.109 -16.102 -16.102
  -7.103 -15.937 -16.171
  -7.098 -15.824 -15.824
  -7.092 -15.912 -15.912
  -7.086 -15.637 -15.888
  -7.081 -15.711 -16.143
  -7.075 -16.184 -16.184
  -7.070 -16.047 -16.360
  -7.064 -15.541 -15.844
  -7.059 -16.239 -16.239
  -7.054 -15.991 -16.147
  -7.049 -16.019 -16.019
  -7.043 -14.900 -16.150
  -7.038 -16.165 -16.355
  -7.033 -15.414 -15.906
  -7.029 -16.221 -16.384
  -7.024 -15.968 -16.232
  -7.019 -16.362 -16.598
  -7.014 -14.874 -15.909
  -7.009 -16.173 -16.173
  -7.005 -16.120 -16.277
  -7.000 -16.146 -16.146
  -6.995 -15.698 -16.389
  -6.991 -16.738 -16.946
  -6.986 -16.181 -16.698
  -6.982 -16.387 -16.387
  -6.978 -16.065 -16.344
  -6.973 -15.790 -16.304
  -6.969 -15.982 -16.354
  -6.965 -15.934 -16.189
  -6.961 -15.971 -16.375
  -6.956 -16.478 -16.478
  -6.952 -15.461 -16.459
  -6.948 -16.431 -16.431
  -6.944 -16.356 -16.836
  -6.940 -16.800 -49.500
  -6.936 -16.353 -16.943
  -6.932 -16.413 -16.598
  -6.928 -16.057 -16.057
  -6.924 -16.494 -16.494
  -6.920 -16.704 -16.704
  -6.917 -16.176 -16.453
  -6.913 -16.108 -16.322
  -6.909 -16.526 -16.526
  -6.905 -15.926 -16.090
  -6.902 -15.898 -16.916
  -6.898 -16.829 -17.158
  -6.894 -16.167 -16.795
  -6.891 -16.385 -49.500
  -6.887 -16.728 -16.978
  -6.884 -16.931 -49.500
  -6.880 -16.785 -16.963
  -6.877 -15.900 -16.515
  -6.873 -16.852 -17.363
  -6.870 -16.428 -17.338
  -6.867 -16.411 -16.411
  -6.863 -16.119 -16.374
  -6.860 -16.952 -49.500
  -6.857 -16.298 -16.816
  -6.853 -16.237 -16.451
  -6.850 -15.935 -16.227
  -6.847 -16.266 -16.437
  -6.844 -16.078 -17.144
  -6.840 -17.028 -17.219
  -6.837 -49.500     NaN
  -6.834 -16.847 -49.500
  -6.831 -16.162 -16.419
  -6.828 -16.511 -49.500
  -6.825 -15.848 -49.500
  -6.822 -16.284 -16.711
  -6.819 -16.325 -49.500
  -6.816 -16.723 -16.915
  -6.813 -16.944 -49.500
  -6.810 -49.500     NaN
  -6.807 -16.725 -49.500
  -6.804 -16.415 -16.771
  -6.801 -15.995 -16.160
  -6.798 -17.256 -49.500
  -6.795 -16.485 -16.716
  -6.792 -49.500     NaN
  -6.789 -15.995 -16.412
  -6.787 -17.086 -49.500
  -6.784 -49.500     NaN
  -6.781 -15.774 -16.021
  -6.778 -16.879 -49.500
  -6.775 -16.381 -49.500
  -6.773 -16.334 -49.500
  -6.770 -16.739 -16.739
  -6.767 -16.692 -49.500
  -6.765 -49.500 -49.500
  -6.762 -16.419 -49.500
  -6.759 -16.217 -16.472
  -6.757 -16.489 -16.856
  -6.754 -15.253 -15.253
  -6.751 -15.892 -49.500
  -6.749 -49.500     NaN
  -6.746 -49.500     NaN
  -6.744 -16.365 -49.500
  -6.741 -49.500 -49.500
  -6.739 -49.500     NaN
  -6.736 -49.500     NaN
  -6.734 -49.500 -49.500
  -6.731 -49.500 -49.500
  -6.729 -15.723 -16.008
  -6.726 -17.023 -49.500
  -6.724 -49.500     NaN
  -6.721 -15.899 -15.899
  -6.719 -16.016 -16.304
  -6.717 -16.696 -49.500
  -6.714 -16.347 -16.347
  -6.712 -15.731 -16.462
  -6.709 -49.500 -49.500
  -6.707 -16.756 -49.500
  -6.705 -49.500     NaN
  -6.702 -16.454 -16.871
  -6.700 -49.500     NaN
  -6.698 -14.467 -49.500
  -6.696 -49.500 -49.500
  -6.693 -49.500 -49.500
  -6.691 -49.500 -49.500
  -6.689 -49.500 -49.500
  -6.687 -49.500 -49.500
  -6.684 -15.530 -15.530
  -6.682 -49.500 -49.500
  -6.680 -16.450 -49.500
  -6.678 -49.500 -49.500
  -6.675 -49.500 -49.500
  -6.673 -16.257 -49.500
  -6.671 -49.500 -49.500
  -6.669 -16.614 -16.614
  -6.667 -15.437 -49.500
  -6.665 -49.500 -49.500
  -6.663 -49.500 -49.500
  -6.661 -16.719 -49.500
  -6.658 -49.500 -49.500
  -6.656 -15.480 -49.500
  -6.654 -49.500 -49.500
  -6.652 -16.586 -16.586
  -6.650 -49.500     NaN
  -6.648 -16.513 -16.719
  -6.646 -49.500 -49.500
  -6.644 -49.500 -49.500
  -6.642 -16.636 -49.500
  -6.640 -49.500     NaN
  -6.638 -49.500 -49.500
  -6.636 -49.500 -49.500
  -6.634 -49.500 -49.500
  -6.632 -49.500     NaN
  -6.630 -49.500 -49.500
  -6.628 -16.739 -49.500
  -6.626 -49.500     NaN
  -6.624 -16.127 -16.127
  -6.622 -49.500 -49.500
  -6.620 -49.500     NaN
  -6.618 -49.500 -49.500
  -6.617 -49.500     NaN
  -6.615 -49.500 -49.500
  -6.613 -49.500     NaN
  -6.611 -49.500 -49.500
  -6.609 -49.500 -49.500
  -6.607 -15.163 -49.500
  -6.605 -49.500 -49.500
  -6.603 -49.500     NaN
  -6.602 -49.500     NaN
  -6.600 -15.834 -15.834
  -6.598 -49.500 -49.500
  -6.596 -49.500 -49.500
  -6.594 -49.500 -49.500
