  -8.861 -13.865 -13.865
  -8.599 -13.957 -13.957
  -8.442 -14.080 -14.080
  -8.329 -14.270 -14.270
  -8.239 -14.233 -14.233
  -8.166 -14.368 -14.368
  -8.103 -14.272 -14.272
  -8.048 -14.533 -14.533
  -7.999 -14.542 -14.542
  -7.955 -14.518 -14.518
  -7.916 -14.372 -14.372
  -7.879 -14.319 -14.319
  -7.846 -14.717 -14.717
  -7.815 -14.685 -14.685
  -7.786 -14.530 -14.690
  -7.758 -14.380 -14.752
  -7.733 -14.402 -14.749
  -7.709 -14.702 -14.923
  -7.686 -14.783 -14.783
  -7.664 -14.709 -14.709
  -7.643 -14.953 -14.953
  -7.624 -14.813 -15.090
  -7.605 -14.701 -14.880
  -7.586 -15.016 -15.016
  -7.569 -15.208 -15.208
  -7.552 -15.127 -15.127
  -7.536 -15.167 -15.167
  -7.521 -15.215 -15.396
  -7.506 -15.005 -15.005
  -7.491 -15.111 -15.111
  -7.477 -15.244 -15.244
  -7.464 -15.052 -15.262
  -7.451 -15.061 -15.061
  -7.438 -15.390 -15.390
  -7.425 -14.936 -15.387
  -7.413 -14.879 -15.088
  -7.401 -15.284 -15.284
  -7.390 -15.056 -15.246
  -7.379 -15.435 -15.435
  -7.368 -15.229 -15.403
  -7.357 -15.224 -15.533
  -7.347 -15.355 -15.534
  -7.337 -15.567 -15.567
  -7.327 -15.596 -15.596
  -7.317 -15.368 -15.368
  -7.308 -15.903 -15.903
  -7.299 -15.380 -15.635
  -7.290 -15.509 -15.509
  -7.281 -15.673 -15.673
  -7.272 -15.225 -15.533
  -7.264 -15.937 -15.937
  -7.255 -15.698 -15.698
  -7.247 -15.693 -15.693
  -7.239 -15.671 -15.671
  -7.231 -15.572 -15.572
  -7.223 -15.138 -15.609
  -7.216 -15.566 -15.751
  -7.208 -15.370 -15.370
  -7.201 -15.509 -15.771
  -7.194 -15.295 -15.499
  -7.187 -14.616 -15.356
  -7.180 -15.056 -15.849
  -7.173 -15.639 -15.962
  -7.166 -15.563 -15.563
  -7.159 -15.627 -15.933
  -7.153 -15.180 -15.847
  -7.146 -15.442 -15.987
  -7.140 -15.622 -16.379
  -7.133 -15.295 -15.295
  -7.127 -15.509 -15.781
  -7.121 -15.560 -16.061
  -7.115 -15.836 -15.836
  -7.109 -14.934 -15.587
  -7.103 -15.753 -15.753
  -7.098 -15.606 -15.783
  -7.092 -15.981 -16.440
  -7.086 -16.013 -16.013
  -7.081 -15.570 -16.090
  -7.075 -15.745 -16.199
  -7.070 -16.255 -16.255
  -7.064 -16.339 -16.505
  -7.059 -15.598 -15.598
  -7.054 -16.083 -16.083
  -7.049 -16.368 -16.566
  -7.043 -16.262 -16.466
  -7.038 -16.310 -16.471
  -7.033 -16.166 -16.166
  -7.029 -16.057 -16.362
  -7.024 -16.402 -16.402
  -7.019 -16.305 -16.305
  -7.014 -16.070 -16.606
  -7.009 -14.659 -15.926
  -7.005 -15.729 -15.895
  -7.000 -16.391 -16.623
  -6.995 -15.862 -16.142
  -6.991 -15.468 -15.736
  -6.986 -15.742 -15.944
  -6.982 -16.145 -16.401
  -6.978 -17.195 -22.250
  -6.973 -14.896 -16.397
  -6.969 -16.163 -16.551
  -6.965 -16.391 -16.585
  -6.961 -16.395 -16.551
  -6.956 -15.287 -16.239
  -6.952 -15.683 -16.892
  -6.948 -16.134 -16.134
  -6.944 -16.808 -16.808
  -6.940 -15.924 -16.245
  -6.936 -15.868 -16.333
  -6.932 -16.428 -16.631
  -6.928 -15.926 -49.500
  -6.924 -16.433 -16.433
  -6.920 -16.450 -16.810
  -6.917 -16.179 -17.053
  -6.913 -16.271 -16.271
  -6.909 -16.161 -16.335
  -6.905 -16.377 -16.693
  -6.902 -15.466 -16.933
  -6.898 -22.416 -22.416
  -6.894 -16.330 -16.635
  -6.891 -16.155 -16.966
  -6.887 -16.262 -49.500
  -6.884 -16.630 -17.278
  -6.880 -16.116 -16.116
  -6.877 -16.525 -16.710
  -6.873 -49.500     NaN
  -6.870 -16.334 -16.927
  -6.867 -16.797 -16.987
  -6.863 -16.132 -16.335
  -6.860 -15.900 -49.500
  -6.857 -16.689 -49.500
  -6.853 -49.500     NaN
  -6.850 -49.500     NaN
  -6.847 -16.201 -49.500
  -6.844 -15.901 -16.605
  -6.840 -15.735 -16.462
  -6.837 -16.483 -49.500
  -6.834 -16.481 -49.500
  -6.831 -16.543 -16.858
  -6.828 -16.342 -16.689
  -6.825 -15.315 -49.500
  -6.822 -15.965 -16.220
  -6.819 -16.005 -16.502
  -6.816 -16.437 -16.724
  -6.813 -16.738 -49.500
  -6.810 -16.301 -17.004
  -6.807 -49.500 -49.500
  -6.804 -16.335 -49.500
  -6.801 -17.175 -49.500
  -6.798 -49.500 -49.500
  -6.795 -49.500     NaN
  -6.792 -16.406 -49.500
  -6.789 -15.356 -49.500
  -6.787 -16.833 -49.500
  -6.784 -16.344 -16.546
  -6.781 -15.458 -16.488
  -6.778 -17.096 -49.500
  -6.775 -16.546 -49.500
  -6.773 -16.631 -49.500
  -6.770 -16.852 -49.500
  -6.767 -16.798 -49.500
  -6.765 -15.934 -49.500
  -6.762 -49.500     NaN
  -6.759 -16.400 -16.728
  -6.757 -16.542 -16.797
  -6.754 -49.500     NaN
  -6.751 -49.500     NaN
  -6.749 -15.811 -16.571
  -6.746 -49.500 -49.500
  -6.744 -49.500 -49.500
  -6.741 -16.665 -49.500
  -6.739 -49.500 -49.500
  -6.736 -49.500     NaN
  -6.734 -16.333 -16.940
  -6.731 -49.500 -49.500
  -6.729 -49.500     NaN
  -6.726 -16.390 -49.500
  -6.724 -49.500     NaN
  -6.721 -49.500     NaN
  -6.719 -16.560 -49.500
  -6.717 -49.500 -49.500
  -6.714 -16.745 -49.500
  -6.712 -16.343 -16.694
  -6.709 -17.013 -17.013
  -6.707 -49.500 -49.500
  -6.705 -16.250 -49.500
  -6.702 -16.640 -16.831
  -6.700 -49.500 -49.500
  -6.698 -49.500     NaN
  -6.696 -15.975 -16.734
  -6.693 -16.393 -16.393
  -6.691 -16.753 -49.500
  -6.689 -15.928 -15.928
  -6.687 -16.090 -16.090
  -6.684 -49.500 -49.500
  -6.682 -15.963 -49.500
  -6.680 -16.168 -16.168
  -6.678 -49.500 -49.500
  -6.675 -15.990 -49.500
  -6.673 -49.500     NaN
  -6.671 -16.691 -49.500
  -6.669 -15.615 -16.355
  -6.667 -49.500 -49.500
  -6.665 -49.500 -49.500
  -6.663 -49.500 -49.500
  -6.661 -49.500     NaN
  -6.658 -49.500 -49.500
  -6.656 -15.601 -49.500
  -6.654 -49.500     NaN
  -6.652 -49.500 -49.500
  -6.650 -15.949 -49.500
  -6.648 -16.489 -49.500
  -6.646 -49.500     NaN
  -6.644 -49.500     NaN
  -6.642 -49.500 -49.500
  -6.640 -17.220 -17.220
  -6.638 -49.500 -49.500
  -6.636 -49.500 -49.500
  -6.634 -49.500 -49.500
  -6.632 -49.500     NaN
  -6.630 -49.500     NaN
  -6.628 -49.500 -49.500
  -6.626 -49.500 -49.500
  -6.624 -16.846 -49.500
  -6.622 -49.500     NaN
  -6.620 -49.500 -49.500
  -6.618 -49.500 -49.500
  -6.617 -49.500     NaN
  -6.615 -17.055 -49.500
  -6.613 -49.500 -49.500
  -6.611 -49.500 -49.500
  -6.609 -49.500 -49.500
  -6.607 -49.500 -49.500
  -6.605 -49.500     NaN
  -6.603 -15.660 -15.660
  -6.602 -16.467 -49.500
  -6.600 -49.500 -49.500
  -6.598 -49.500 -49.500
  -6.596 -16.157 -49.500
  -6.594 -49.500 -49.500
