  -8.861 -13.820 -13.820
  -8.599 -13.988 -13.988
  -8.442 -14.078 -14.078
  -8.329 -14.129 -14.129
  -8.239 -14.158 -14.158
  -8.166 -14.392 -14.392
  -8.103 -14.271 -14.271
  -8.048 -13.595 -14.288
  -7.999 -14.310 -14.310
  -7.955 -14.373 -14.373
  -7.916 -14.527 -14.527
  -7.879 -14.280 -14.493
  -7.846 -14.612 -14.612
  -7.815 -14.718 -14.718
  -7.786 -14.560 -14.740
  -7.758 -14.720 -14.720
  -7.733 -14.947 -14.947
  -7.709 -14.864 -14.864
  -7.686 -14.605 -14.844
  -7.664 -14.432 -15.011
  -7.643 -14.875 -15.083
  -7.624 -14.606 -14.606
  -7.605 -15.038 -15.038
  -7.586 -14.870 -14.870
  -7.569 -15.229 -15.229
  -7.552 -15.156 -15.156
  -7.536 -15.147 -15.304
  -7.521 -15.114 -15.114
  -7.506 -14.407 -15.277
  -7.491 -14.629 -14.873
  -7.477 -15.355 -15.355
  -7.464 -15.330 -15.330
  -7.451 -15.132 -15.132
  -7.438 -14.801 -15.414
  -7.425 -15.414 -15.414
  -7.413 -15.080 -15.338
  -7.401 -15.432 -15.432
  -7.390 -14.948 -15.458
  -7.379 -15.479 -15.663
  -7.368 -15.397 -15.397
  -7.357 -15.219 -15.627
  -7.347 -15.348 -15.511
  -7.337 -14.778 -15.257
  -7.327 -15.474 -15.768
  -7.317 -15.576 -15.576
  -7.308 -15.620 -15.620
  -7.299 -15.746 -15.746
  -7.290 -14.420 -15.545
  -7.281 -15.397 -15.720
  -7.272 -14.957 -15.449
  -7.264 -15.440 -15.603
  -7.255 -15.092 -15.260
  -7.247 -15.796 -16.021
  -7.239 -14.254 -15.704
  -7.231 -15.905 -15.905
  -7.223 -15.838 -15.838
  -7.216 -15.837 -15.837
  -7.208 -15.291 -15.567
  -7.201 -15.702 -15.702
  -7.194 -14.958 -15.856
  -7.187 -14.994 -15.513
  -7.180 -15.222 -15.661
  -7.173 -15.316 -15.316
  -7.166 -15.799 -15.989
  -7.159 -16.051 -16.051
  -7.153 -15.476 -15.714
  -7.146 -16.086 -16.086
  -7.140 -15.394 -15.710
  -7.133 -15.522 -15.674
  -7.127 -15.887 -15.887
  -7.121 -15.834 -15.834
  -7.115 -15.621 -16.051
  -7.109 -15.800 -15.800
  -7.103 -15.769 -15.983
  -7.098 -15.792 -16.110
  -7.092 -14.717 -15.932
  -7.086 -15.883 -15.883
  -7.081 -15.650 -16.139
  -7.075 -16.168 -16.168
  -7.070 -15.930 -15.930
  -7.064 -15.774 -16.391
  -7.059 -15.781 -16.217
  -7.054 -15.998 -15.998
  -7.049 -15.099 -15.684
  -7.043 -16.376 -16.376
  -7.038 -15.897 -16.273
  -7.033 -15.860 -16.082
  -7.029 -16.038 -16.529
  -7.024 -16.186 -16.437
  -7.019 -16.077 -16.236
  -7.014 -16.391 -16.668
  -7.009 -15.949 -16.175
  -7.005 -15.615 -16.103
  -7.000 -16.187 -16.643
  -6.995 -15.410 -15.588
  -6.991 -16.606 -16.993
  -6.986 -16.775 -16.775
  -6.982 -16.124 -16.338
  -6.978 -16.164 -16.324
  -6.973 -16.943 -49.500
  -6.969 -15.919 -15.919
  -6.965 -15.857 -16.173
  -6.961 -15.436 -16.449
  -6.956 -16.388 -16.795
  -6.952 -16.677 -16.959
  -6.948 -16.108 -16.108
  -6.944 -16.381 -16.381
  -6.940 -15.668 -16.675
  -6.936 -16.346 -16.622
  -6.932 -16.038 -16.506
  -6.928 -15.656 -15.656
  -6.924 -16.646 -16.809
  -6.920 -14.794 -15.973
  -6.917 -16.238 -16.238
  -6.913 -15.914 -16.399
  -6.909 -15.791 -16.282
  -6.905 -16.691 -22.072
  -6.902 -15.444 -16.159
  -6.898 -16.441 -16.781
  -6.894 -15.461 -15.761
  -6.891 -15.886 -16.182
  -6.887 -15.578 -16.149
  -6.884 -16.057 -16.253
  -6.880 -16.288 -16.613
  -6.877 -16.415 -16.415
  -6.873 -16.169 -16.757
  -6.870 -16.292 -16.292
  -6.867 -15.567 -16.368
  -6.863 -15.384 -16.006
  -6.860 -16.239 -16.239
  -6.857 -16.045 -16.439
  -6.853 -16.915 -17.110
  -6.850 -16.453 -16.714
  -6.847 -16.206 -16.370
  -6.844 -16.165 -16.380
  -6.840 -16.587 -49.500
  -6.837 -16.066 -49.500
  -6.834 -49.500     NaN
  -6.831 -16.877 -49.500
  -6.828 -49.500     NaN
  -6.825 -49.500 -49.500
  -6.822 -16.398 -16.764
  -6.819 -17.104 -49.500
  -6.816 -15.250 -15.424
  -6.813 -16.685 -49.500
  -6.810 -16.334 -16.334
  -6.807 -14.760 -16.393
  -6.804 -49.500     NaN
  -6.801 -15.654 -49.500
  -6.798 -49.500     NaN
  -6.795 -49.500     NaN
  -6.792 -49.500 -49.500
  -6.789 -16.303 -16.303
  -6.787 -16.724 -17.087
  -6.784 -16.604 -16.604
  -6.781 -49.500     NaN
  -6.778 -49.500     NaN
  -6.775 -49.500 -49.500
  -6.773 -16.602 -49.500
  -6.770 -16.715 -16.920
  -6.767 -16.014 -49.500
  -6.765 -16.771 -49.500
  -6.762 -49.500     NaN
  -6.759 -16.199 -17.062
  -6.757 -49.500     NaN
  -6.754 -17.041 -17.041
  -6.751 -16.400 -16.715
  -6.749 -16.341 -49.500
  -6.746 -49.500     NaN
  -6.744 -49.500 -49.500
  -6.741 -16.044 -16.226
  -6.739 -16.422 -49.500
  -6.736 -49.500     NaN
  -6.734 -15.966 -49.500
  -6.731 -49.500     NaN
  -6.729 -49.500     NaN
  -6.726 -16.199 -16.508
  -6.724 -49.500 -49.500
  -6.721 -15.948 -49.500
  -6.719 -16.922 -17.170
  -6.717 -16.741 -49.500
  -6.714 -16.790 -49.500
  -6.712 -49.500 -49.500
  -6.709 -49.500 -49.500
  -6.707 -16.092 -16.092
  -6.705 -16.395 -16.395
  -6.702 -16.740 -49.500
  -6.700 -16.861 -49.500
  -6.698 -16.278 -16.278
  -6.696 -49.500 -49.500
  -6.693 -49.500 -49.500
  -6.691 -49.500     NaN
  -6.689 -49.500     NaN
  -6.687 -16.559 -49.500
  -6.684 -49.500     NaN
  -6.682 -16.055 -49.500
  -6.680 -49.500 -49.500
  -6.678 -16.935 -49.500
  -6.675 -16.909 -49.500
  -6.673 -49.500     NaN
  -6.671 -49.500     NaN
  -6.669 -15.752 -16.467
  -6.667 -16.389 -49.500
  -6.665 -16.567 -16.834
  -6.663 -49.500 -49.500
  -6.661 -49.500     NaN
  -6.658 -49.500 -49.500
  -6.656 -49.500 -49.500
  -6.654 -16.702 -16.702
  -6.652 -49.500     NaN
  -6.650 -49.500 -49.500
  -6.648 -49.500 -49.500
  -6.646 -49.500 -49.500
  -6.644 -16.489 -49.500
  -6.642 -49.500 -49.500
  -6.640 -49.500     NaN
  -6.638 -49.500 -49.500
  -6.636 -49.500     NaN
  -6.634 -16.662 -16.820
  -6.632 -49.500 -49.500
  -6.630 -49.500 -49.500
  -6.628 -49.500 -49.500
  -6.626 -49.500 -49.500
  -6.624 -49.500 -49.500
  -6.622 -16.392 -16.728
  -6.620 -49.500     NaN
  -6.618 -49.500 -49.500
  -6.617 -49.500 -49.500
  -6.615 -15.456 -15.456
  -6.613 -49.500 -49.500
  -6.611 -49.500 -49.500
  -6.609 -16.613 -16.613
  -6.607 -49.500 -49.500
  -6.605 -15.812 -15.812
  -6.603 -49.500 -49.500
  -6.602 -49.500 -49.500
  -6.600 -49.500 -49.500
  -6.598 -49.500 -49.500
  -6.596 -49.500     NaN
  -6.594 -49.500 -49.500
