  -8.861 -13.854 -13.854
  -8.599 -14.019 -14.019
  -8.442 -14.024 -14.024
  -8.329 -14.132 -14.132
  -8.239 -14.167 -14.167
  -8.166 -14.231 -14.231
  -8.103 -14.285 -14.285
  -8.048 -14.483 -14.483
  -7.999 -14.429 -14.429
  -7.955 -14.349 -14.349
  -7.916 -14.540 -14.540
  -7.879 -14.699 -14.699
  -7.846 -14.500 -14.500
  -7.815 -14.810 -14.810
  -7.786 -14.781 -14.982
  -7.758 -14.736 -14.736
  -7.733 -14.506 -14.701
  -7.709 -14.742 -14.742
  -7.686 -14.662 -14.662
  -7.664 -14.958 -14.958
  -7.643 -14.674 -14.845
  -7.624 -14.936 -15.109
  -7.605 -14.746 -14.746
  -7.586 -14.680 -14.976
  -7.569 -14.967 -14.967
  -7.552 -14.984 -14.984
  -7.536 -15.116 -15.116
  -7.521 -14.918 -14.918
  -7.506 -15.000 -15.000
  -7.491 -15.012 -15.012
  -7.477 -15.207 -15.207
  -7.464 -15.236 -15.236
  -7.451 -15.348 -15.348
  -7.438 -14.942 -15.242
  -7.425 -15.008 -15.219
  -7.413 -15.114 -15.430
  -7.401 -15.099 -15.352
  -7.390 -15.221 -15.390
  -7.379 -15.531 -15.531
  -7.368 -15.355 -15.621
  -7.357 -15.107 -15.281
  -7.347 -15.112 -15.314
  -7.337 -15.458 -15.458
  -7.327 -15.249 -15.442
  -7.317 -15.268 -15.434
  -7.308 -14.693 -15.227
  -7.299 -15.828 -15.828
  -7.290 -15.493 -15.493
  -7.281 -15.658 -15.658
  -7.272 -14.862 -15.521
  -7.264 -14.934 -15.443
  -7.255 -15.693 -15.693
  -7.247 -15.528 -15.528
  -7.239 -15.992 -15.992
  -7.231 -15.417 -15.946
  -7.223 -15.520 -15.520
  -7.216 -15.183 -15.720
  -7.208 -14.736 -15.509
  -7.201 -15.800 -15.800
  -7.194 -16.087 -16.292
  -7.187 -15.683 -15.683
  -7.180 -15.363 -15.887
  -7.173 -15.116 -15.923
  -7.166 -15.811 -16.131
  -7.159 -15.678 -15.876
  -7.153 -15.346 -15.678
  -7.146 -15.326 -15.588
  -7.140 -14.759 -15.877
  -7.133 -15.727 -15.925
  -7.127 -16.240 -16.240
  -7.121 -15.927 -15.927
  -7.115 -15.270 -15.847
  -7.109 -15.179 -16.100
  -7.103 -15.560 -15.772
  -7.098 -15.719 -15.719
  -7.092 -14.619 -15.909
  -7.086 -15.964 -16.223
  -7.081 -16.009 -16.009
  -7.075 -15.536 -15.724
  -7.070 -15.820 -15.820
  -7.064 -15.706 -15.868
  -7.059 -16.368 -16.368
  -7.054 -16.000 -16.381
  -7.049 -16.273 -16.273
  -7.043 -15.729 -16.765
  -7.038 -16.004 -16.004
  -7.033 -16.482 -16.482
  -7.029 -16.488 -16.488
  -7.024 -16.117 -16.277
  -7.019 -15.669 -15.851
  -7.014 -15.958 -16.838
  -7.009 -15.974 -15.974
  -7.005 -16.027 -16.027
  -7.000 -15.724 -16.012
  -6.995 -15.982 -16.280
  -6.991 -16.346 -16.557
  -6.986 -16.371 -16.371
  -6.982 -15.653 -15.899
  -6.978 -15.221 -16.370
  -6.973 -15.572 -15.844
  -6.969 -16.208 -16.445
  -6.965 -15.981 -16.568
  -6.961 -14.775 -15.791
  -6.956 -16.329 -16.520
  -6.952 -15.781 -15.781
  -6.948 -15.997 -16.576
  -6.944 -16.642 -17.048
  -6.940 -15.309 -15.723
  -6.936 -16.124 -16.379
  -6.932 -16.085 -16.706
  -6.928 -16.275 -17.185
  -6.924 -16.613 -16.613
  -6.920 -16.650 -16.808
  -6.917 -16.148 -16.338
  -6.913 -15.716 -16.314
  -6.909 -16.342 -16.645
  -6.905 -16.631 -49.500
  -6.902 -15.480 -16.203
  -6.898 -21.901 -21.901
  -6.894 -49.500 -49.500
  -6.891 -16.531 -17.005
  -6.887 -15.193 -16.653
  -6.884 -16.240 -17.074
  -6.880 -16.622 -49.500
  -6.877 -16.744 -16.909
  -6.873 -16.069 -16.686
  -6.870 -16.963 -49.500
  -6.867 -16.114 -16.114
  -6.863 -16.021 -16.779
  -6.860 -15.830 -16.633
  -6.857 -15.844 -16.023
  -6.853 -15.458 -17.101
  -6.850 -15.556 -15.806
  -6.847 -16.490 -16.654
  -6.844 -15.686 -16.034
  -6.840 -15.429 -16.387
  -6.837 -16.475 -16.810
  -6.834 -16.068 -16.259
  -6.831 -15.246 -16.884
  -6.828 -16.737 -49.500
  -6.825 -16.937 -49.500
  -6.822 -49.500     NaN
  -6.819 -49.500     NaN
  -6.816 -16.331 -16.912
  -6.813 -16.925 -49.500
  -6.810 -16.824 -49.500
  -6.807 -16.459 -16.459
  -6.804 -16.435 -16.919
  -6.801 -16.592 -16.886
  -6.798 -15.957 -49.500
  -6.795 -17.135 -49.500
  -6.792 -49.500     NaN
  -6.789 -16.845 -49.500
  -6.787 -15.920 -16.432
  -6.784 -49.500     NaN
  -6.781 -16.811 -49.500
  -6.778 -16.887 -49.500
  -6.775 -16.391 -49.500
  -6.773 -49.500 -49.500
  -6.770 -15.895 -49.500
  -6.767 -17.022 -49.500
  -6.765 -16.771 -49.500
  -6.762 -49.500 -49.500
  -6.759 -49.500     NaN
  -6.757 -16.467 -16.670
  -6.754 -16.467 -49.500
  -6.751 -17.100 -49.500
  -6.749 -16.427 -49.500
  -6.746 -49.500 -49.500
  -6.744 -49.500     NaN
  -6.741 -49.500     NaN
  -6.739 -16.337 -49.500
  -6.736 -15.769 -49.500
  -6.734 -49.500     NaN
  -6.731 -15.968 -49.500
  -6.729 -49.500     NaN
  -6.726 -15.852 -15.852
  -6.724 -15.275 -16.263
  -6.721 -49.500 -49.500
  -6.719 -16.571 -49.500
  -6.717 -49.500     NaN
  -6.714 -49.500     NaN
  -6.712 -49.500 -49.500
  -6.709 -16.249 -49.500
  -6.707 -49.500 -49.500
  -6.705 -49.500     NaN
  -6.702 -49.500     NaN
  -6.700 -16.496 -49.500
  -6.698 -16.265 -16.265
  -6.696 -16.545 -49.500
  -6.693 -49.500 -49.500
  -6.691 -16.760 -49.500
  -6.689 -49.500 -49.500
  -6.687 -49.500 -49.500
  -6.684 -49.500     NaN
  -6.682 -49.500 -49.500
  -6.680 -16.709 -49.500
  -6.678 -16.656 -16.656
  -6.675 -16.663 -49.500
  -6.673 -49.500     NaN
  -6.671 -15.930 -15.930
  -6.669 -16.061 -49.500
  -6.667 -49.500 -49.500
  -6.665 -16.401 -16.401
  -6.663 -15.156 -16.329
  -6.661 -49.500 -49.500
  -6.658 -49.500     NaN
  -6.656 -16.283 -16.283
  -6.654 -49.500     NaN
  -6.652 -15.862 -49.500
  -6.650 -49.500 -49.500
  -6.648 -49.500 -49.500
  -6.646 -16.815 -16.815
  -6.644 -49.500     NaN
  -6.642 -16.380 -16.380
  -6.640 -16.277 -16.277
  -6.638 -15.488 -15.488
  -6.636 -49.500 -49.500
  -6.634 -16.762 -16.762
  -6.632 -49.500 -49.500
  -6.630 -49.500 -49.500
  -6.628 -16.372 -49.500
  -6.626 -49.500     NaN
  -6.624 -49.500 -49.500
  -6.622 -49.500 -49.500
  -6.620 -49.500 -49.500
  -6.618 -49.500 -49.500
  -6.617 -49.500 -49.500
  -6.615 -49.500 -49.500
  -6.613 -49.500 -49.500
  -6.611 -16.305 -16.305
  -6.609 -49.500 -49.500
  -6.607 -49.500 -49.500
  -6.605 -49.500     NaN
  -6.603 -49.500 -49.500
  -6.602 -16.103 -16.553
  -6.600 -49.500 -49.500
  -6.598 -15.641 -49.500
  -6.596 -49.500 -49.500
  -6.594 -49.500 -49.500
