  -8.861 -13.826 -13.826
  -8.599 -13.987 -13.987
  -8.442 -14.145 -14.145
  -8.329 -14.155 -14.155
  -8.239 -14.248 -14.248
  -8.166 -14.355 -14.355
  -8.103 -14.466 -14.466
  -8.048 -14.349 -14.349
  -7.999 -14.455 -14.455
  -7.955 -14.557 -14.557
  -7.916 -14.556 -14.556
  -7.879 -14.523 -14.523
  -7.846 -14.401 -14.401
  -7.815 -14.417 -14.417
  -7.786 -14.552 -14.552
  -7.758 -14.270 -14.622
  -7.733 -14.548 -14.748
  -7.709 -14.668 -14.843
  -7.686 -15.018 -15.018
  -7.664 -14.655 -14.655
  -7.643 -14.720 -14.720
  -7.624 -14.961 -14.961
  -7.605 -14.657 -14.821
  -7.586 -15.203 -15.203
  -7.569 -15.102 -15.319
  -7.552 -14.733 -14.922
  -7.536 -15.214 -15.214
  -7.521 -14.944 -14.944
  -7.506 -14.844 -15.009
  -7.491 -14.769 -15.150
  -7.477 -15.153 -15.153
  -7.464 -14.970 -14.970
  -7.451 -15.290 -15.290
  -7.438 -15.136 -15.136
  -7.425 -15.031 -15.201
  -7.413 -15.472 -15.472
  -7.401 -15.202 -15.396
  -7.390 -15.322 -15.526
  -7.379 -15.566 -15.566
  -7.368 -15.254 -15.413
  -7.357 -15.660 -15.660
  -7.347 -14.939 -15.364
  -7.337 -15.258 -15.440
  -7.327 -15.089 -15.595
  -7.317 -15.228 -15.647
  -7.308 -15.697 -15.697
  -7.299 -15.672 -15.672
  -7.290 -14.243 -15.512
  -7.281 -14.743 -15.322
  -7.272 -15.704 -15.916
  -7.264 -15.442 -15.442
  -7.255 -15.800 -15.800
  -7.247 -15.578 -15.826
  -7.239 -15.116 -15.447
  -7.231 -14.980 -15.543
  -7.223 -15.168 -15.424
  -7.216 -15.158 -15.158
  -7.208 -15.150 -15.330
  -7.201 -15.892 -15.892
  -7.194 -15.950 -16.208
  -7.187 -15.810 -15.995
  -7.180 -15.819 -16.088
  -7.173 -15.166 -15.402
  -7.166 -15.297 -15.535
  -7.159 -14.557 -16.049
  -7.153 -15.665 -15.665
  -7.146 -15.682 -15.891
  -7.140 -15.646 -15.646
  -7.133 -15.580 -15.580
  -7.127 -16.358 -16.358
  -7.121 -15.634 -15.634
  -7.115 -15.921 -15.921
  -7.109 -15.994 -16.206
  -7.103 -16.070 -16.070
  -7.098 -15.492 -15.784
  -7.092 -15.489 -15.489
  -7.086 -15.762 -16.040
  -7.081 -16.244 -16.244
  -7.075 -16.071 -16.355
  -7.070 -15.786 -15.786
  -7.064 -16.122 -16.696
  -7.059 -15.059 -16.704
  -7.054 -15.229 -15.413
  -7.049 -16.231 -16.489
  -7.043 -15.437 -15.609
  -7.038 -15.928 -15.928
  -7.033 -15.295 -15.737
  -7.029 -16.518 -16.518
  -7.024 -16.008 -16.180
  -7.019 -16.293 -16.293
  -7.014 -15.297 -16.158
  -7.009 -16.073 -16.224
  -7.005 -16.079 -16.079
  -7.000 -16.056 -16.223
  -6.995 -15.059 -16.492
  -6.991 -16.097 -16.284
  -6.986 -16.110 -16.110
  -6.982 -16.137 -16.137
  -6.978 -15.949 -16.435
  -6.973 -15.518 -16.187
  -6.969 -16.084 -16.381
  -6.965 -15.527 -16.225
  -6.961 -16.490 -16.490
  -6.956 -16.401 -16.659
  -6.952 -15.490 -16.336
  -6.948 -15.381 -15.818
  -6.944 -15.693 -15.891
  -6.940 -16.593 -16.765
  -6.936 -15.706 -15.873
  -6.932 -15.397 -15.955
  -6.928 -22.202 -22.202
  -6.924 -15.799 -16.093
  -6.920 -16.260 -49.500
  -6.917 -15.971 -16.288
  -6.913 -16.194 -16.889
  -6.909 -16.312 -16.710
  -6.905 -15.657 -16.135
  -6.902 -16.635 -16.786
  -6.898 -15.857 -16.532
  -6.894 -16.891 -49.500
  -6.891 -16.156 -16.156
  -6.887 -16.380 -16.621
  -6.884 -16.404 -16.632
  -6.880 -15.437 -15.988
  -6.877 -15.658 -16.010
  -6.873 -16.451 -16.823
  -6.870 -14.436 -15.326
  -6.867 -15.967 -16.292
  -6.863 -17.038 -49.500
  -6.860 -16.109 -16.657
  -6.857 -16.014 -49.500
  -6.853 -16.434 -16.969
  -6.850 -16.767 -17.300
  -6.847 -16.703 -17.238
  -6.844 -16.467 -16.913
  -6.840 -16.530 -16.758
  -6.837 -16.961 -49.500
  -6.834 -49.500     NaN
  -6.831 -16.800 -49.500
  -6.828 -16.450 -16.777
  -6.825 -49.500     NaN
  -6.822 -15.979 -16.865
  -6.819 -16.645 -49.500
  -6.816 -16.710 -49.500
  -6.813 -15.071 -16.766
  -6.810 -49.500     NaN
  -6.807 -17.221 -49.500
  -6.804 -16.621 -16.980
  -6.801 -17.269 -49.500
  -6.798 -15.897 -16.114
  -6.795 -16.286 -49.500
  -6.792 -16.036 -17.304
  -6.789 -16.587 -49.500
  -6.787 -49.500     NaN
  -6.784 -15.106 -15.954
  -6.781 -17.070 -49.500
  -6.778 -16.902 -49.500
  -6.775 -17.130 -49.500
  -6.773 -49.500     NaN
  -6.770 -49.500     NaN
  -6.767 -16.817 -49.500
  -6.765 -16.295 -49.500
  -6.762 -15.841 -15.841
  -6.759 -16.504 -16.738
  -6.757 -16.635 -49.500
  -6.754 -15.833 -16.059
  -6.751 -16.185 -49.500
  -6.749 -16.515 -49.500
  -6.746 -16.919 -49.500
  -6.744 -49.500 -49.500
  -6.741 -49.500     NaN
  -6.739 -15.780 -49.500
  -6.736 -49.500     NaN
  -6.734 -49.500     NaN
  -6.731 -17.119 -49.500
  -6.729 -49.500 -49.500
  -6.726 -16.134 -16.904
  -6.724 -49.500     NaN
  -6.721 -16.223 -49.500
  -6.719 -16.945 -49.500
  -6.717 -16.454 -49.500
  -6.714 -16.154 -16.747
  -6.712 -15.501 -15.501
  -6.709 -49.500     NaN
  -6.707 -16.839 -16.839
  -6.705 -49.500 -49.500
  -6.702 -16.536 -49.500
  -6.700 -49.500 -49.500
  -6.698 -16.016 -16.732
  -6.696 -49.500 -49.500
  -6.693 -49.500     NaN
  -6.691 -49.500     NaN
  -6.689 -49.500 -49.500
  -6.687 -49.500 -49.500
  -6.684 -49.500     NaN
  -6.682 -49.500     NaN
  -6.680 -49.500 -49.500
  -6.678 -49.500 -49.500
  -6.675 -49.500 -49.500
  -6.673 -16.186 -49.500
  -6.671 -17.095 -49.500
  -6.669 -16.539 -16.539
  -6.667 -15.957 -49.500
  -6.665 -49.500     NaN
  -6.663 -49.500 -49.500
  -6.661 -16.379 -49.500
  -6.658 -49.500 -49.500
  -6.656 -49.500 -49.500
  -6.654 -49.500 -49.500
  -6.652 -49.500     NaN
  -6.650 -49.500 -49.500
  -6.648 -49.500 -49.500
  -6.646 -49.500 -49.500
  -6.644 -15.072 -49.500
  -6.642 -16.677 -49.500
  -6.640 -49.500     NaN
  -6.638 -49.500 -49.500
  -6.636 -15.971 -15.971
  -6.634 -49.500 -49.500
  -6.632 -16.050 -49.500
  -6.630 -49.500 -49.500
  -6.628 -15.942 -49.500
  -6.626 -49.500 -49.500
  -6.624 -16.230 -49.500
  -6.622 -49.500 -49.500
  -6.620 -49.500 -49.500
  -6.618 -49.500 -49.500
  -6.617 -15.892 -49.500
  -6.615 -16.164 -49.500
  -6.613 -16.327 -49.500
  -6.611 -49.500     NaN
  -6.609 -49.500 -49.500
  -6.607 -49.500 -49.500
  -6.605 -49.500 -49.500
  -6.603 -49.500 -49.500
  -6.602 -49.500 -49.500
  -6.600 -16.293 -16.293
  -6.598 -16.581 -16.581
  -6.596 -15.618 -15.618
  -6.594 -49.500 -49.500
