  -8.861 -13.865 -13.865
  -8.599 -13.961 -13.961
  -8.442 -14.108 -14.108
  -8.329 -14.128 -14.128
  -8.239 -14.296 -14.296
  -8.166 -14.376 -14.376
  -8.103 -14.325 -14.325
  -8.048 -14.251 -14.251
  -7.999 -14.706 -14.706
  -7.955 -14.438 -14.438
  -7.916 -14.248 -14.555
  -7.879 -14.610 -14.610
  -7.846 -14.580 -14.580
  -7.815 -14.649 -14.649
  -7.786 -14.814 -14.814
  -7.758 -14.609 -14.609
  -7.733 -14.768 -14.768
  -7.709 -14.786 -14.786
  -7.686 -14.570 -14.888
  -7.664 -14.700 -14.700
  -7.643 -14.679 -14.679
  -7.624 -14.334 -14.994
  -7.605 -15.131 -15.131
  -7.586 -14.918 -14.918
  -7.569 -14.595 -15.108
  -7.552 -14.727 -15.080
  -7.536 -14.784 -15.032
  -7.521 -15.240 -15.240
  -7.506 -14.462 -15.066
  -7.491 -15.065 -15.230
  -7.477 -14.872 -15.381
  -7.464 -15.244 -15.244
  -7.451 -15.141 -15.141
  -7.438 -15.106 -15.273
  -7.425 -15.253 -15.253
  -7.413 -15.201 -15.201
  -7.401 -14.887 -15.339
  -7.390 -15.181 -15.181
  -7.379 -14.606 -15.659
  -7.368 -15.293 -15.293
  -7.357 -15.096 -15.274
  -7.347 -15.548 -15.548
  -7.337 -14.289 -15.398
  -7.327 -15.311 -15.560
  -7.317 -15.427 -15.602
  -7.308 -15.502 -15.684
  -7.299 -15.700 -15.700
  -7.290 -15.468 -15.619
  -7.281 -15.717 -15.717
  -7.272 -15.313 -15.627
  -7.264 -15.523 -15.774
  -7.255 -15.027 -15.620
  -7.247 -15.911 -15.911
  -7.239 -15.184 -15.364
  -7.231 -15.576 -15.852
  -7.223 -15.438 -15.692
  -7.216 -15.808 -15.808
  -7.208 -15.845 -15.999
  -7.201 -15.796 -15.796
  -7.194 -15.851 -15.851
  -7.187 -15.388 -15.388
  -7.180 -15.857 -16.012
  -7.173 -15.210 -15.399
  -7.166 -15.741 -15.741
  -7.159 -15.021 -15.963
  -7.153 -16.134 -16.134
  -7.146 -15.605 -15.826
  -7.140 -14.738 -15.984
  -7.133 -15.416 -15.829
  -7.127 -16.049 -16.208
  -7.121 -15.895 -16.122
  -7.115 -15.710 -15.710
  -7.109 -16.051 -16.051
  -7.103 -15.518 -15.683
  -7.098 -15.881 -15.881
  -7.092 -15.710 -15.934
  -7.086 -15.889 -15.889
  -7.081 -16.142 -16.142
  -7.075 -15.716 -15.901
  -7.070 -15.270 -15.991
  -7.064 -16.018 -16.018
  -7.059 -16.296 -16.296
  -7.054 -15.802 -16.025
  -7.049 -15.739 -15.976
  -7.043 -16.051 -16.051
  -7.038 -15.834 -16.044
  -7.033 -15.916 -16.119
  -7.029 -16.436 -16.436
  -7.024 -15.857 -16.294
  -7.019 -16.216 -16.377
  -7.014 -16.299 -16.481
  -7.009 -16.067 -16.067
  -7.005 -16.409 -16.634
  -7.000 -16.316 -16.571
  -6.995 -15.660 -15.832
  -6.991 -15.465 -15.899
  -6.986 -15.644 -16.758
  -6.982 -15.498 -15.948
  -6.978 -16.337 -16.337
  -6.973 -16.434 -16.434
  -6.969 -16.761 -17.183
  -6.965 -15.687 -16.037
  -6.961 -15.465 -16.072
  -6.956 -16.002 -16.536
  -6.952 -16.467 -16.467
  -6.948 -15.099 -16.098
  -6.944 -15.900 -16.523
  -6.940 -16.375 -16.375
  -6.936 -16.021 -17.135
  -6.932 -15.877 -16.080
  -6.928 -15.720 -16.201
  -6.924 -16.496 -16.689
  -6.920 -16.361 -16.661
  -6.917 -16.498 -16.674
  -6.913 -15.496 -15.895
  -6.909 -16.221 -16.897
  -6.905 -16.223 -16.459
  -6.902 -16.025 -16.276
  -6.898 -16.379 -17.225
  -6.894 -16.452 -16.940
  -6.891 -16.286 -16.490
  -6.887 -16.611 -16.611
  -6.884 -16.143 -16.143
  -6.880 -16.677 -49.500
  -6.877 -16.556 -16.933
  -6.873 -16.659 -49.500
  -6.870 -49.500     NaN
  -6.867 -16.239 -49.500
  -6.863 -16.473 -16.748
  -6.860 -49.500     NaN
  -6.857 -16.408 -16.686
  -6.853 -15.927 -16.528
  -6.850 -16.061 -17.133
  -6.847 -16.809 -49.500
  -6.844 -16.709 -16.924
  -6.840 -16.670 -49.500
  -6.837 -17.042 -49.500
  -6.834 -49.500     NaN
  -6.831 -49.500     NaN
  -6.828 -16.464 -49.500
  -6.825 -16.721 -49.500
  -6.822 -15.874 -16.496
  -6.819 -16.965 -49.500
  -6.816 -15.324 -15.518
  -6.813 -16.509 -49.500
  -6.810 -16.478 -49.500
  -6.807 -15.677 -16.977
  -6.804 -16.724 -49.500
  -6.801 -49.500     NaN
  -6.798 -16.517 -49.500
  -6.795 -17.068 -49.500
  -6.792 -16.477 -49.500
  -6.789 -49.500     NaN
  -6.787 -49.500     NaN
  -6.784 -15.831 -49.500
  -6.781 -16.761 -49.500
  -6.778 -16.816 -17.134
  -6.775 -49.500     NaN
  -6.773 -15.955 -17.339
  -6.770 -49.500     NaN
  -6.767 -16.612 -16.612
  -6.765 -49.500     NaN
  -6.762 -49.500     NaN
  -6.759 -49.500 -49.500
  -6.757 -49.500     NaN
  -6.754 -16.128 -16.570
  -6.751 -16.243 -16.418
  -6.749 -16.213 -49.500
  -6.746 -15.114 -49.500
  -6.744 -49.500 -49.500
  -6.741 -16.471 -49.500
  -6.739 -49.500     NaN
  -6.736 -16.819 -17.064
  -6.734 -49.500     NaN
  -6.731 -14.978 -49.500
  -6.729 -16.872 -49.500
  -6.726 -16.042 -16.042
  -6.724 -49.500     NaN
  -6.721 -16.661 -49.500
  -6.719 -17.046 -49.500
  -6.717 -16.190 -16.190
  -6.714 -49.500 -49.500
  -6.712 -14.533 -16.840
  -6.709 -17.176 -49.500
  -6.707 -49.500     NaN
  -6.705 -49.500     NaN
  -6.702 -16.393 -16.393
  -6.700 -49.500 -49.500
  -6.698 -15.565 -15.565
  -6.696 -49.500     NaN
  -6.693 -14.715 -16.160
  -6.691 -49.500 -49.500
  -6.689 -16.113 -49.500
  -6.687 -15.440 -16.226
  -6.684 -16.725 -49.500
  -6.682 -49.500     NaN
  -6.680 -49.500 -49.500
  -6.678 -49.500 -49.500
  -6.675 -16.216 -16.370
  -6.673 -15.307 -49.500
  -6.671 -16.286 -49.500
  -6.669 -49.500 -49.500
  -6.667 -49.500 -49.500
  -6.665 -49.500 -49.500
  -6.663 -49.500     NaN
  -6.661 -16.273 -16.273
  -6.658 -49.500 -49.500
  -6.656 -49.500     NaN
  -6.654 -49.500 -49.500
  -6.652 -49.500 -49.500
  -6.650 -49.500 -49.500
  -6.648 -49.500 -49.500
  -6.646 -49.500 -49.500
  -6.644 -49.500 -49.500
  -6.642 -49.500 -49.500
  -6.640 -16.270 -49.500
  -6.638 -15.802 -49.500
  -6.636 -49.500     NaN
  -6.634 -49.500     NaN
  -6.632 -16.025 -16.025
  -6.630 -49.500     NaN
  -6.628 -49.500 -49.500
  -6.626 -49.500 -49.500
  -6.624 -49.500 -49.500
  -6.622 -49.500     NaN
  -6.620 -49.500 -49.500
  -6.618 -49.500 -49.500
  -6.617 -49.500 -49.500
  -6.615 -49.500 -49.500
  -6.613 -49.500     NaN
  -6.611 -49.500     NaN
  -6.609 -16.256 -16.256
  -6.607 -49.500 -49.500
  -6.605 -49.500 -49.500
  -6.603 -16.909 -16.909
  -6.602 -17.122 -17.122
  -6.600 -16.075 -49.500
  -6.598 -16.111 -49.500
  -6.596 -16.695 -49.500
  -6.594 -49.500 -49.500
