  -8.861 -13.890 -13.890
  -8.599 -14.006 -14.006
  -8.442 -14.074 -14.074
  -8.329 -14.209 -14.209
  -8.239 -14.317 -14.317
  -8.166 -14.392 -14.392
  -8.103 -14.184 -14.184
  -8.048 -14.469 -14.469
  -7.999 -14.369 -14.369
  -7.955 -14.541 -14.541
  -7.916 -14.450 -14.450
  -7.879 -14.427 -14.587
  -7.846 -14.520 -14.520
  -7.815 -14.567 -14.567
  -7.786 -14.648 -14.648
  -7.758 -14.890 -14.890
  -7.733 -14.765 -14.765
  -7.709 -14.822 -14.822
  -7.686 -14.610 -14.610
  -7.664 -14.701 -14.862
  -7.643 -15.216 -15.216
  -7.624 -14.772 -14.772
  -7.605 -14.922 -15.159
  -7.586 -15.075 -15.075
  -7.569 -15.202 -15.358
  -7.552 -15.090 -15.090
  -7.536 -15.031 -15.382
  -7.521 -15.118 -15.118
  -7.506 -14.899 -15.075
  -7.491 -14.913 -15.253
  -7.477 -14.867 -14.867
  -7.464 -15.060 -15.258
  -7.451 -15.182 -15.373
  -7.438 -14.981 -15.235
  -7.425 -15.543 -15.543
  -7.413 -15.322 -15.322
  -7.401 -15.182 -15.182
  -7.390 -15.312 -15.312
  -7.379 -15.075 -15.674
  -7.368 -15.508 -15.508
  -7.357 -15.474 -15.474
  -7.347 -15.209 -15.430
  -7.337 -15.609 -15.609
  -7.327 -15.688 -15.688
  -7.317 -15.162 -15.656
  -7.308 -15.126 -15.575
  -7.299 -15.698 -15.948
  -7.290 -15.170 -15.417
  -7.281 -14.548 -14.742
  -7.272 -15.495 -15.495
  -7.264 -15.618 -15.837
  -7.255 -15.427 -15.814
  -7.247 -15.173 -15.888
  -7.239 -15.600 -15.923
  -7.231 -15.531 -15.693
  -7.223 -15.823 -15.823
  -7.216 -15.428 -16.125
  -7.208 -15.756 -15.756
  -7.201 -15.808 -15.808
  -7.194 -15.470 -15.645
  -7.187 -15.497 -15.923
  -7.180 -15.895 -15.895
  -7.173 -15.859 -15.859
  -7.166 -15.364 -15.891
  -7.159 -15.249 -15.800
  -7.153 -15.922 -16.097
  -7.146 -15.372 -15.600
  -7.140 -16.179 -16.179
  -7.133 -15.569 -16.000
  -7.127 -15.678 -16.145
  -7.121 -14.916 -15.333
  -7.115 -15.489 -15.701
  -7.109 -15.629 -15.871
  -7.103 -16.130 -16.130
  -7.098 -16.183 -16.183
  -7.092 -15.996 -15.996
  -7.086 -15.899 -15.899
  -7.081 -16.223 -16.223
  -7.075 -15.719 -16.027
  -7.070 -14.922 -15.532
  -7.064 -15.481 -15.712
  -7.059 -15.812 -16.090
  -7.054 -15.953 -16.190
  -7.049 -15.910 -16.255
  -7.043 -15.840 -16.227
  -7.038 -15.530 -15.687
  -7.033 -15.891 -16.223
  -7.029 -16.155 -16.155
  -7.024 -15.165 -16.609
  -7.019 -17.341 -22.497
  -7.014 -15.052 -16.009
  -7.009 -15.707 -16.269
  -7.005 -16.027 -16.360
  -7.000 -16.180 -16.180
  -6.995 -15.657 -15.891
  -6.991 -15.855 -16.473
  -6.986 -15.726 -16.102
  -6.982 -16.251 -16.251
  -6.978 -16.463 -16.463
  -6.973 -16.221 -16.380
  -6.969 -15.718 -16.004
  -6.965 -16.214 -17.093
  -6.961 -15.510 -15.510
  -6.956 -16.575 -16.575
  -6.952 -16.010 -16.505
  -6.948 -16.082 -16.421
  -6.944 -16.182 -16.182
  -6.940 -16.636 -17.330
  -6.936 -16.360 -16.522
  -6.932 -15.702 -16.114
  -6.928 -16.458 -16.679
  -6.924 -15.720 -16.903
  -6.920 -15.815 -16.284
  -6.917 -16.269 -16.521
  -6.913 -16.279 -16.763
  -6.909 -16.456 -16.859
  -6.905 -17.303 -49.500
  -6.902 -49.500     NaN
  -6.898 -15.131 -15.802
  -6.894 -16.424 -49.500
  -6.891 -16.577 -49.500
  -6.887 -16.305 -16.680
  -6.884 -15.816 -16.390
  -6.880 -16.878 -17.039
  -6.877 -15.844 -49.500
  -6.873 -16.369 -49.500
  -6.870 -17.481 -49.500
  -6.867 -16.547 -49.500
  -6.863 -49.500     NaN
  -6.860 -15.283 -16.240
  -6.857 -49.500     NaN
  -6.853 -15.765 -16.216
  -6.850 -16.876 -49.500
  -6.847 -16.057 -49.500
  -6.844 -15.475 -49.500
  -6.840 -16.261 -16.686
  -6.837 -16.144 -16.622
  -6.834 -49.500     NaN
  -6.831 -15.335 -16.575
  -6.828 -16.019 -17.369
  -6.825 -16.401 -49.500
  -6.822 -17.235 -49.500
  -6.819 -15.631 -16.047
  -6.816 -16.649 -17.065
  -6.813 -15.543 -16.869
  -6.810 -15.844 -49.500
  -6.807 -16.425 -49.500
  -6.804 -16.043 -16.804
  -6.801 -16.712 -49.500
  -6.798 -16.217 -16.217
  -6.795 -15.045 -16.189
  -6.792 -15.753 -16.522
  -6.789 -16.867 -49.500
  -6.787 -49.500 -49.500
  -6.784 -16.115 -16.347
  -6.781 -49.500     NaN
  -6.778 -16.548 -16.548
  -6.775 -49.500     NaN
  -6.773 -15.759 -16.516
  -6.770 -16.569 -49.500
  -6.767 -49.500     NaN
  -6.765 -16.248 -49.500
  -6.762 -49.500     NaN
  -6.759 -17.011 -49.500
  -6.757 -16.593 -16.593
  -6.754 -16.422 -49.500
  -6.751 -15.495 -49.500
  -6.749 -16.976 -49.500
  -6.746 -49.500     NaN
  -6.744 -17.115 -49.500
  -6.741 -16.042 -16.740
  -6.739 -49.500     NaN
  -6.736 -49.500 -49.500
  -6.734 -49.500     NaN
  -6.731 -49.500     NaN
  -6.729 -16.852 -49.500
  -6.726 -16.220 -16.220
  -6.724 -49.500     NaN
  -6.721 -49.500     NaN
  -6.719 -16.591 -49.500
  -6.717 -16.284 -49.500
  -6.714 -16.701 -49.500
  -6.712 -49.500 -49.500
  -6.709 -16.990 -49.500
  -6.707 -49.500     NaN
  -6.705 -16.710 -16.925
  -6.702 -16.439 -49.500
  -6.700 -49.500 -49.500
  -6.698 -17.210 -49.500
  -6.696 -16.611 -49.500
  -6.693 -49.500     NaN
  -6.691 -49.500 -49.500
  -6.689 -49.500 -49.500
  -6.687 -16.651 -49.500
  -6.684 -16.466 -17.073
  -6.682 -49.500 -49.500
  -6.680 -16.680 -16.680
  -6.678 -49.500     NaN
  -6.675 -49.500 -49.500
  -6.673 -49.500 -49.500
  -6.671 -16.451 -49.500
  -6.669 -16.173 -49.500
  -6.667 -49.500     NaN
  -6.665 -16.762 -49.500
  -6.663 -49.500 -49.500
  -6.661 -16.568 -16.568
  -6.658 -49.500 -49.500
  -6.656 -49.500 -49.500
  -6.654 -49.500     NaN
  -6.652 -49.500 -49.500
  -6.650 -49.500     NaN
  -6.648 -49.500 -49.500
  -6.646 -49.500 -49.500
  -6.644 -49.500     NaN
  -6.642 -49.500     NaN
  -6.640 -49.500 -49.500
  -6.638 -49.500 -49.500
  -6.636 -16.260 -16.552
  -6.634 -16.054 -16.054
  -6.632 -15.201 -15.201
  -6.630 -49.500 -49.500
  -6.628 -49.500 -49.500
  -6.626 -49.500     NaN
  -6.624 -49.500 -49.500
  -6.622 -14.852 -14.852
  -6.620 -49.500 -49.500
  -6.618 -49.500 -49.500
  -6.617 -49.500 -49.500
  -6.615 -49.500 -49.500
  -6.613 -49.500 -49.500
  -6.611 -49.500 -49.500
  -6.609 -49.500     NaN
  -6.607 -49.500 -49.500
  -6.605 -49.500     NaN
  -6.603 -49.500 -49.500
  -6.602 -49.500 -49.500
  -6.600 -49.500 -49.500
  -6.598 -16.265 -16.265
  -6.596 -49.500 -49.500
  -6.594 -49.500 -49.500
