  -8.861 -13.850 -13.850
  -8.599 -13.995 -13.995
  -8.442 -14.122 -14.122
  -8.329 -14.186 -14.186
  -8.239 -14.216 -14.216
  -8.166 -14.322 -14.322
  -8.103 -14.334 -14.334
  -8.048 -14.304 -14.490
  -7.999 -14.535 -14.535
  -7.955 -14.508 -14.508
  -7.916 -14.461 -14.461
  -7.879 -14.509 -14.509
  -7.846 -14.662 -14.662
  -7.815 -14.739 -14.739
  -7.786 -14.839 -14.839
  -7.758 -14.664 -14.834
  -7.733 -14.869 -14.869
  -7.709 -14.647 -14.817
  -7.686 -14.895 -14.895
  -7.664 -14.705 -14.950
  -7.643 -14.584 -14.900
  -7.624 -15.022 -15.022
  -7.605 -15.057 -15.057
  -7.586 -15.061 -15.061
  -7.569 -14.834 -14.834
  -7.552 -14.830 -15.049
  -7.536 -15.131 -15.131
  -7.521 -15.000 -15.319
  -7.506 -15.091 -15.091
  -7.491 -15.163 -15.163
  -7.477 -14.162 -14.826
  -7.464 -15.081 -15.081
  -7.451 -15.205 -15.205
  -7.438 -14.689 -15.041
  -7.425 -15.138 -15.350
  -7.413 -15.237 -15.447
  -7.401 -14.208 -15.446
  -7.390 -15.428 -15.428
  -7.379 -14.911 -14.911
  -7.368 -15.056 -15.398
  -7.357 -14.598 -15.396
  -7.347 -14.275 -14.964
  -7.337 -15.459 -15.459
  -7.327 -15.397 -15.627
  -7.317 -15.527 -15.813
  -7.308 -15.351 -15.620
  -7.299 -15.571 -15.723
  -7.290 -15.609 -15.803
  -7.281 -15.749 -15.749
  -7.272 -15.209 -15.741
  -7.264 -15.424 -15.607
  -7.255 -15.835 -15.835
  -7.247 -15.273 -15.523
  -7.239 -15.289 -15.785
  -7.231 -15.746 -15.746
  -7.223 -14.912 -15.552
  -7.216 -15.448 -15.856
  -7.208 -15.711 -15.711
  -7.201 -15.355 -15.570
  -7.194 -15.227 -15.943
  -7.187 -15.461 -15.917
  -7.180 -15.943 -15.943
  -7.173 -15.793 -15.793
  -7.166 -15.809 -15.809
  -7.159 -15.715 -15.715
  -7.153 -15.880 -16.212
  -7.146 -15.649 -15.649
  -7.140 -15.945 -16.239
  -7.133 -15.962 -15.962
  -7.127 -15.893 -16.470
  -7.121 -15.572 -15.826
  -7.115 -16.271 -16.271
  -7.109 -16.125 -16.373
  -7.103 -16.226 -16.226
  -7.098 -16.210 -16.210
  -7.092 -15.353 -15.819
  -7.086 -15.499 -15.703
  -7.081 -15.865 -16.109
  -7.075 -15.413 -15.833
  -7.070 -16.009 -16.361
  -7.064 -15.584 -15.931
  -7.059 -16.644 -16.644
  -7.054 -16.003 -16.298
  -7.049 -15.599 -16.078
  -7.043 -15.698 -15.698
  -7.038 -16.241 -16.241
  -7.033 -15.816 -15.816
  -7.029 -15.692 -15.899
  -7.024 -14.873 -16.306
  -7.019 -15.722 -16.298
  -7.014 -15.258 -15.490
  -7.009 -16.190 -16.481
  -7.005 -16.053 -16.352
  -7.000 -15.390 -15.856
  -6.995 -16.248 -16.453
  -6.991 -16.293 -16.293
  -6.986 -15.972 -16.426
  -6.982 -16.737 -17.203
  -6.978 -15.924 -16.504
  -6.973 -15.629 -16.080
  -6.969 -16.587 -16.802
  -6.965 -16.253 -16.253
  -6.961 -16.046 -16.775
  -6.956 -14.840 -15.855
  -6.952 -15.456 -15.903
  -6.948 -16.316 -16.685
  -6.944 -15.721 -16.404
  -6.940 -16.349 -16.349
  -6.936 -16.173 -16.358
  -6.932 -16.794 -17.134
  -6.928 -16.106 -16.106
  -6.924 -16.238 -16.677
  -6.920 -17.264 -23.187
  -6.917 -15.955 -16.327
  -6.913 -15.581 -16.825
  -6.909 -15.890 -16.307
  -6.905 -16.718 -49.500
  -6.902 -16.056 -16.723
  -6.898 -16.719 -16.989
  -6.894 -16.340 -16.583
  -6.891 -16.570 -16.851
  -6.887 -15.875 -16.847
  -6.884 -16.127 -16.370
  -6.880 -49.500 -49.500
  -6.877 -16.353 -16.594
  -6.873 -15.962 -16.630
  -6.870 -15.572 -16.220
  -6.867 -16.840 -17.016
  -6.863 -14.984 -16.245
  -6.860 -16.550 -16.904
  -6.857 -15.291 -16.497
  -6.853 -15.699 -16.490
  -6.850 -16.640 -16.823
  -6.847 -16.524 -16.683
  -6.844 -49.500     NaN
  -6.840 -16.512 -49.500
  -6.837 -49.500     NaN
  -6.834 -16.111 -16.953
  -6.831 -16.179 -49.500
  -6.828 -16.194 -16.441
  -6.825 -16.743 -17.022
  -6.822 -16.858 -49.500
  -6.819 -49.500     NaN
  -6.816 -16.549 -49.500
  -6.813 -16.252 -49.500
  -6.810 -49.500     NaN
  -6.807 -16.205 -16.205
  -6.804 -16.442 -16.442
  -6.801 -15.974 -16.758
  -6.798 -49.500     NaN
  -6.795 -15.408 -15.408
  -6.792 -16.795 -17.049
  -6.789 -16.553 -49.500
  -6.787 -16.669 -17.117
  -6.784 -16.412 -49.500
  -6.781 -49.500     NaN
  -6.778 -16.303 -16.643
  -6.775 -15.872 -49.500
  -6.773 -16.648 -49.500
  -6.770 -15.846 -16.867
  -6.767 -15.726 -49.500
  -6.765 -49.500     NaN
  -6.762 -16.478 -16.629
  -6.759 -16.491 -49.500
  -6.757 -16.400 -16.632
  -6.754 -49.500     NaN
  -6.751 -15.711 -15.711
  -6.749 -49.500     NaN
  -6.746 -16.511 -49.500
  -6.744 -16.247 -16.247
  -6.741 -49.500 -49.500
  -6.739 -49.500 -49.500
  -6.736 -16.252 -49.500
  -6.734 -15.718 -16.500
  -6.731 -49.500     NaN
  -6.729 -16.867 -49.500
  -6.726 -49.500     NaN
  -6.724 -16.999 -49.500
  -6.721 -49.500     NaN
  -6.719 -16.722 -49.500
  -6.717 -49.500     NaN
  -6.714 -49.500     NaN
  -6.712 -49.500 -49.500
  -6.709 -49.500     NaN
  -6.707 -16.608 -17.213
  -6.705 -16.175 -17.115
  -6.702 -16.929 -49.500
  -6.700 -16.931 -49.500
  -6.698 -15.914 -15.914
  -6.696 -16.595 -49.500
  -6.693 -49.500 -49.500
  -6.691 -49.500 -49.500
  -6.689 -49.500 -49.500
  -6.687 -49.500 -49.500
  -6.684 -16.332 -16.574
  -6.682 -49.500 -49.500
  -6.680 -16.420 -16.420
  -6.678 -49.500     NaN
  -6.675 -49.500 -49.500
  -6.673 -49.500 -49.500
  -6.671 -49.500     NaN
  -6.669 -49.500 -49.500
  -6.667 -16.459 -49.500
  -6.665 -49.500 -49.500
  -6.663 -49.500     NaN
  -6.661 -49.500 -49.500
  -6.658 -16.071 -49.500
  -6.656 -49.500 -49.500
  -6.654 -49.500 -49.500
  -6.652 -16.763 -49.500
  -6.650 -49.500 -49.500
  -6.648 -49.500     NaN
  -6.646 -49.500 -49.500
  -6.644 -49.500 -49.500
  -6.642 -49.500     NaN
  -6.640 -49.500     NaN
  -6.638 -16.395 -16.395
  -6.636 -16.714 -16.714
  -6.634 -13.643 -13.643
  -6.632 -49.500 -49.500
  -6.630 -14.457 -14.457
  -6.628 -49.500 -49.500
  -6.626 -14.369 -49.500
  -6.624 -49.500     NaN
  -6.622 -49.500 -49.500
  -6.620 -16.927 -16.927
  -6.618 -49.500     NaN
  -6.617 -16.416 -16.416
  -6.615 -49.500 -49.500
  -6.613 -16.485 -49.500
  -6.611 -49.500 -49.500
  -6.609 -49.500 -49.500
  -6.607 -49.500 -49.500
  -6.605 -49.500     NaN
  -6.603 -49.500 -49.500
  -6.602 -49.500 -49.500
  -6.600 -16.970 -16.970
  -6.598 -49.500 -49.500
  -6.596 -49.500 -49.500
  -6.594 -49.500     NaN
