  -8.861 -13.841 -13.841
  -8.599 -14.013 -14.013
  -8.442 -14.098 -14.098
  -8.329 -14.120 -14.120
  -8.239 -14.258 -14.258
  -8.166 -14.300 -14.300
  -8.103 -14.307 -14.307
  -8.048 -14.107 -14.107
  -7.999 -13.971 -14.276
  -7.955 -14.465 -14.465
  -7.916 -14.728 -14.728
  -7.879 -14.402 -14.599
  -7.846 -14.764 -14.764
  -7.815 -14.637 -14.637
  -7.786 -14.520 -14.520
  -7.758 -14.248 -14.415
  -7.733 -14.702 -14.702
  -7.709 -14.500 -14.792
  -7.686 -14.768 -14.768
  -7.664 -15.138 -15.138
  -7.643 -14.987 -14.987
  -7.624 -15.104 -15.104
  -7.605 -15.056 -15.056
  -7.586 -15.023 -15.023
  -7.569 -14.908 -14.908
  -7.552 -14.895 -14.895
  -7.536 -14.886 -15.162
  -7.521 -14.946 -14.946
  -7.506 -14.794 -14.975
  -7.491 -14.455 -14.982
  -7.477 -15.140 -15.297
  -7.464 -14.831 -15.022
  -7.451 -15.080 -15.294
  -7.438 -15.360 -15.360
  -7.425 -15.355 -15.355
  -7.413 -14.524 -15.451
  -7.401 -15.345 -15.345
  -7.390 -15.471 -15.471
  -7.379 -15.227 -15.227
  -7.368 -15.524 -15.740
  -7.357 -15.355 -15.355
  -7.347 -15.462 -15.462
  -7.337 -15.579 -15.579
  -7.327 -15.272 -15.272
  -7.317 -15.253 -15.433
  -7.308 -15.484 -15.756
  -7.299 -15.479 -15.670
  -7.290 -14.729 -15.747
  -7.281 -15.478 -15.696
  -7.272 -15.049 -15.389
  -7.264 -14.844 -15.518
  -7.255 -14.498 -15.722
  -7.247 -15.414 -15.752
  -7.239 -15.924 -16.089
  -7.231 -15.646 -15.812
  -7.223 -15.619 -15.619
  -7.216 -15.748 -15.748
  -7.208 -15.888 -15.888
  -7.201 -15.797 -15.988
  -7.194 -15.698 -15.963
  -7.187 -15.991 -15.991
  -7.180 -14.817 -14.973
  -7.173 -15.787 -15.787
  -7.166 -15.684 -16.122
  -7.159 -15.545 -15.832
  -7.153 -14.431 -15.983
  -7.146 -15.790 -16.011
  -7.140 -15.501 -15.745
  -7.133 -15.564 -15.968
  -7.127 -15.776 -16.189
  -7.121 -15.846 -16.019
  -7.115 -15.606 -16.120
  -7.109 -16.098 -16.098
  -7.103 -15.680 -16.257
  -7.098 -16.004 -16.184
  -7.092 -15.916 -16.153
  -7.086 -15.926 -16.123
  -7.081 -15.906 -15.906
  -7.075 -15.230 -16.117
  -7.070 -14.906 -15.867
  -7.064 -16.083 -16.083
  -7.059 -16.107 -16.532
  -7.054 -15.700 -16.011
  -7.049 -16.078 -16.078
  -7.043 -15.950 -16.190
  -7.038 -16.296 -16.296
  -7.033 -16.502 -16.840
  -7.029 -15.900 -16.296
  -7.024 -15.920 -15.920
  -7.019 -16.279 -16.279
  -7.014 -16.052 -16.052
  -7.009 -16.108 -16.295
  -7.005 -16.030 -16.546
  -7.000 -15.395 -16.463
  -6.995 -15.805 -15.805
  -6.991 -16.506 -16.506
  -6.986 -16.267 -16.419
  -6.982 -15.740 -16.404
  -6.978 -15.747 -16.014
  -6.973 -15.935 -16.371
  -6.969 -16.183 -16.399
  -6.965 -16.373 -16.570
  -6.961 -16.428 -16.843
  -6.956 -16.402 -16.720
  -6.952 -15.774 -23.043
  -6.948 -16.335 -17.052
  -6.944 -15.476 -16.207
  -6.940 -15.633 -16.054
  -6.936 -17.207 -22.382
  -6.932 -16.472 -16.730
  -6.928 -16.358 -16.358
  -6.924 -16.476 -16.685
  -6.920 -15.396 -15.396
  -6.917 -16.294 -16.807
  -6.913 -16.129 -16.327
  -6.909 -15.765 -17.188
  -6.905 -15.984 -16.727
  -6.902 -16.643 -16.937
  -6.898 -16.089 -16.400
  -6.894 -16.474 -16.634
  -6.891 -16.522 -16.522
  -6.887 -15.999 -16.241
  -6.884 -15.381 -15.805
  -6.880 -16.193 -16.542
  -6.877 -16.039 -16.913
  -6.873 -16.034 -16.034
  -6.870 -16.067 -16.067
  -6.867 -16.394 -49.500
  -6.863 -16.226 -16.404
  -6.860 -16.366 -17.179
  -6.857 -16.269 -17.239
  -6.853 -49.500 -49.500
  -6.850 -15.623 -49.500
  -6.847 -16.353 -16.616
  -6.844 -16.795 -17.085
  -6.840 -17.050 -49.500
  -6.837 -15.852 -16.309
  -6.834 -16.559 -16.972
  -6.831 -16.086 -16.366
  -6.828 -16.276 -16.564
  -6.825 -49.500     NaN
  -6.822 -49.500     NaN
  -6.819 -16.159 -16.597
  -6.816 -49.500     NaN
  -6.813 -16.721 -16.927
  -6.810 -16.085 -16.875
  -6.807 -49.500     NaN
  -6.804 -49.500     NaN
  -6.801 -15.738 -16.165
  -6.798 -17.065 -49.500
  -6.795 -49.500     NaN
  -6.792 -49.500     NaN
  -6.789 -16.616 -49.500
  -6.787 -16.630 -49.500
  -6.784 -15.891 -17.177
  -6.781 -16.239 -16.239
  -6.778 -16.434 -17.253
  -6.775 -49.500     NaN
  -6.773 -15.967 -16.475
  -6.770 -16.454 -49.500
  -6.767 -49.500     NaN
  -6.765 -49.500     NaN
  -6.762 -17.261 -49.500
  -6.759 -49.500     NaN
  -6.757 -15.305 -49.500
  -6.754 -16.025 -16.025
  -6.751 -49.500     NaN
  -6.749 -16.676 -49.500
  -6.746 -49.500     NaN
  -6.744 -49.500 -49.500
  -6.741 -49.500     NaN
  -6.739 -49.500     NaN
  -6.736 -49.500     NaN
  -6.734 -15.846 -15.846
  -6.731 -16.244 -16.692
  -6.729 -49.500     NaN
  -6.726 -15.796 -15.796
  -6.724 -15.862 -49.500
  -6.721 -15.376 -49.500
  -6.719 -15.696 -15.696
  -6.717 -16.196 -16.196
  -6.714 -16.269 -16.269
  -6.712 -49.500     NaN
  -6.709 -49.500 -49.500
  -6.707 -49.500 -49.500
  -6.705 -16.727 -49.500
  -6.702 -49.500 -49.500
  -6.700 -16.275 -16.275
  -6.698 -16.298 -49.500
  -6.696 -49.500     NaN
  -6.693 -16.941 -16.941
  -6.691 -15.940 -15.940
  -6.689 -16.184 -16.478
  -6.687 -14.974 -49.500
  -6.684 -15.930 -16.745
  -6.682 -49.500 -49.500
  -6.680 -16.477 -49.500
  -6.678 -49.500 -49.500
  -6.675 -49.500     NaN
  -6.673 -49.500 -49.500
  -6.671 -49.500 -49.500
  -6.669 -16.201 -49.500
  -6.667 -49.500     NaN
  -6.665 -49.500     NaN
  -6.663 -16.255 -49.500
  -6.661 -49.500 -49.500
  -6.658 -16.817 -49.500
  -6.656 -49.500     NaN
  -6.654 -15.917 -15.917
  -6.652 -49.500 -49.500
  -6.650 -16.769 -49.500
  -6.648 -49.500 -49.500
  -6.646 -16.703 -16.888
  -6.644 -49.500 -49.500
  -6.642 -49.500 -49.500
  -6.640 -49.500 -49.500
  -6.638 -49.500 -49.500
  -6.636 -49.500 -49.500
  -6.634 -16.122 -16.122
  -6.632 -49.500     NaN
  -6.630 -49.500     NaN
  -6.628 -49.500     NaN
  -6.626 -49.500 -49.500
  -6.624 -49.500     NaN
  -6.622 -49.500 -49.500
  -6.620 -49.500 -49.500
  -6.618 -16.916 -16.916
  -6.617 -16.304 -16.304
  -6.615 -49.500 -49.500
  -6.613 -49.500 -49.500
  -6.611 -49.500 -49.500
  -6.609 -16.059 -16.059
  -6.607 -49.500 -49.500
  -6.605 -16.588 -49.500
  -6.603 -49.500 -49.500
  -6.602 -49.500 -49.500
  -6.600 -49.500     NaN
  -6.598 -14.803 -49.500
  -6.596 -49.500 -49.500
  -6.594 -15.989 -15.989
