  -8.861 -13.848 -13.848
  -8.599 -13.986 -13.986
  -8.442 -14.123 -14.123
  -8.329 -14.200 -14.200
  -8.239 -14.130 -14.130
  -8.166 -14.265 -14.265
  -8.103 -14.310 -14.310
  -8.048 -14.249 -14.249
  -7.999 -14.459 -14.459
  -7.955 -14.459 -14.459
  -7.916 -14.601 -14.601
  -7.879 -14.639 -14.639
  -7.846 -14.597 -14.597
  -7.815 -14.643 -14.821
  -7.786 -14.689 -14.689
  -7.758 -14.783 -14.783
  -7.733 -14.744 -14.744
  -7.709 -14.557 -14.758
  -7.686 -14.578 -14.901
  -7.664 -14.702 -15.099
  -7.643 -15.151 -15.151
  -7.624 -15.066 -15.066
  -7.605 -14.927 -14.927
  -7.586 -14.995 -14.995
  -7.569 -15.073 -15.073
  -7.552 -15.155 -15.155
  -7.536 -15.221 -15.221
  -7.521 -15.077 -15.077
  -7.506 -14.932 -15.171
  -7.491 -15.186 -15.186
  -7.477 -14.885 -15.036
  -7.464 -15.106 -15.106
  -7.451 -14.833 -15.029
  -7.438 -15.144 -15.412
  -7.425 -14.858 -15.292
  -7.413 -15.229 -15.229
  -7.401 -15.168 -15.168
  -7.390 -15.332 -15.332
  -7.379 -15.253 -15.638
  -7.368 -15.352 -15.352
  -7.357 -15.011 -15.209
  -7.347 -14.941 -15.307
  -7.337 -15.544 -15.544
  -7.327 -15.097 -15.097
  -7.317 -14.944 -15.103
  -7.308 -15.111 -15.111
  -7.299 -15.214 -15.214
  -7.290 -14.181 -14.962
  -7.281 -15.408 -15.638
  -7.272 -15.401 -15.817
  -7.264 -15.658 -15.658
  -7.255 -15.535 -15.722
  -7.247 -15.733 -15.733
  -7.239 -15.705 -15.705
  -7.231 -15.796 -15.796
  -7.223 -15.698 -15.698
  -7.216 -15.445 -15.445
  -7.208 -16.033 -16.033
  -7.201 -15.536 -15.855
  -7.194 -14.883 -16.058
  -7.187 -15.575 -15.575
  -7.180 -15.895 -16.048
  -7.173 -15.873 -15.873
  -7.166 -15.632 -15.910
  -7.159 -15.195 -15.927
  -7.153 -15.971 -15.971
  -7.146 -15.823 -15.999
  -7.140 -16.073 -16.315
  -7.133 -15.908 -15.908
  -7.127 -15.601 -16.006
  -7.121 -15.578 -15.865
  -7.115 -16.000 -16.000
  -7.109 -15.740 -15.897
  -7.103 -15.475 -15.734
  -7.098 -15.969 -15.969
  -7.092 -15.579 -15.579
  -7.086 -15.877 -16.100
  -7.081 -15.582 -15.806
  -7.075 -15.617 -16.384
  -7.070 -15.384 -15.830
  -7.064 -16.196 -16.430
  -7.059 -15.978 -15.978
  -7.054 -15.508 -16.384
  -7.049 -15.339 -15.339
  -7.043 -16.187 -16.187
  -7.038 -16.124 -16.124
  -7.033 -16.294 -16.498
  -7.029 -15.975 -16.134
  -7.024 -16.333 -16.333
  -7.019 -15.808 -15.808
  -7.014 -15.358 -15.821
  -7.009 -15.841 -15.841
  -7.005 -15.509 -16.003
  -7.000 -16.282 -16.643
  -6.995 -23.414 -23.414
  -6.991 -15.666 -16.219
  -6.986 -16.640 -16.640
  -6.982 -14.353 -16.075
  -6.978 -15.559 -16.549
  -6.973 -16.441 -16.683
  -6.969 -15.984 -16.172
  -6.965 -14.759 -16.394
  -6.961 -15.752 -16.502
  -6.956 -16.055 -16.460
  -6.952 -15.954 -16.136
  -6.948 -16.568 -16.568
  -6.944 -16.079 -49.500
  -6.940 -15.748 -16.192
  -6.936 -15.511 -16.015
  -6.932 -16.544 -16.732
  -6.928 -16.433 -16.621
  -6.924 -15.965 -16.125
  -6.920 -14.748 -16.158
  -6.917 -15.697 -16.283
  -6.913 -16.643 -16.897
  -6.909 -16.060 -16.060
  -6.905 -14.899 -15.497
  -6.902 -17.147 -49.500
  -6.898 -16.059 -16.274
  -6.894 -15.755 -16.192
  -6.891 -15.346 -16.290
  -6.887 -16.294 -16.882
  -6.884 -15.375 -16.611
  -6.880 -15.862 -16.584
  -6.877 -49.500 -49.500
  -6.873 -16.335 -49.500
  -6.870 -16.185 -16.758
  -6.867 -16.893 -17.064
  -6.863 -16.285 -16.863
  -6.860 -16.714 -16.976
  -6.857 -16.016 -16.600
  -6.853 -16.766 -16.926
  -6.850 -15.744 -16.252
  -6.847 -17.080 -49.500
  -6.844 -49.500     NaN
  -6.840 -49.500     NaN
  -6.837 -49.500     NaN
  -6.834 -49.500 -49.500
  -6.831 -16.684 -17.407
  -6.828 -49.500     NaN
  -6.825 -16.290 -49.500
  -6.822 -49.500     NaN
  -6.819 -16.459 -17.072
  -6.816 -15.421 -49.500
  -6.813 -16.484 -16.864
  -6.810 -15.622 -49.500
  -6.807 -15.623 -16.625
  -6.804 -49.500     NaN
  -6.801 -15.725 -49.500
  -6.798 -16.726 -16.937
  -6.795 -49.500     NaN
  -6.792 -16.801 -17.093
  -6.789 -15.815 -49.500
  -6.787 -16.988 -49.500
  -6.784 -49.500     NaN
  -6.781 -16.292 -16.292
  -6.778 -16.909 -49.500
  -6.775 -49.500     NaN
  -6.773 -49.500     NaN
  -6.770 -15.808 -49.500
  -6.767 -16.129 -16.544
  -6.765 -16.754 -49.500
  -6.762 -15.909 -16.232
  -6.759 -16.656 -49.500
  -6.757 -16.977 -49.500
  -6.754 -16.281 -49.500
  -6.751 -49.500 -49.500
  -6.749 -16.850 -49.500
  -6.746 -16.681 -17.109
  -6.744 -15.312 -49.500
  -6.741 -49.500 -49.500
  -6.739 -16.838 -16.838
  -6.736 -49.500     NaN
  -6.734 -49.500 -49.500
  -6.731 -49.500     NaN
  -6.729 -49.500     NaN
  -6.726 -16.086 -49.500
  -6.724 -49.500     NaN
  -6.721 -49.500     NaN
  -6.719 -49.500 -49.500
  -6.717 -49.500 -49.500
  -6.714 -16.346 -49.500
  -6.712 -49.500 -49.500
  -6.709 -16.348 -16.618
  -6.707 -16.718 -17.062
  -6.705 -49.500 -49.500
  -6.702 -49.500     NaN
  -6.700 -16.176 -16.176
  -6.698 -16.531 -49.500
  -6.696 -49.500     NaN
  -6.693 -17.154 -49.500
  -6.691 -16.461 -49.500
  -6.689 -49.500 -49.500
  -6.687 -15.776 -49.500
  -6.684 -49.500 -49.500
  -6.682 -16.603 -16.603
  -6.680 -49.500 -49.500
  -6.678 -15.817 -15.817
  -6.675 -49.500 -49.500
  -6.673 -15.977 -16.181
  -6.671 -49.500 -49.500
  -6.669 -16.374 -16.374
  -6.667 -49.500 -49.500
  -6.665 -49.500     NaN
  -6.663 -49.500 -49.500
  -6.661 -49.500 -49.500
  -6.658 -49.500 -49.500
  -6.656 -49.500 -49.500
  -6.654 -16.424 -49.500
  -6.652 -16.529 -49.500
  -6.650 -49.500 -49.500
  -6.648 -49.500     NaN
  -6.646 -16.464 -16.464
  -6.644 -49.500 -49.500
  -6.642 -49.500     NaN
  -6.640 -49.500 -49.500
  -6.638 -49.500     NaN
  -6.636 -49.500 -49.500
  -6.634 -49.500 -49.500
  -6.632 -49.500     NaN
  -6.630 -16.638 -16.638
  -6.628 -49.500 -49.500
  -6.626 -49.500     NaN
  -6.624 -49.500 -49.500
  -6.622 -49.500 -49.500
  -6.620 -49.500     NaN
  -6.618 -49.500     NaN
  -6.617 -49.500 -49.500
  -6.615 -49.500 -49.500
  -6.613 -49.500 -49.500
  -6.611 -49.500 -49.500
  -6.609 -49.500 -49.500
  -6.607 -15.879 -15.879
  -6.605 -49.500 -49.500
  -6.603 -49.500     NaN
  -6.602 -49.500 -49.500
  -6.600 -49.500 -49.500
  -6.598 -49.500 -49.500
  -6.596 -49.500 -49.500
  -6.594 -15.454 -49.500
