  -8.861 -13.862 -13.862
  -8.599 -14.012 -14.012
  -8.442 -14.076 -14.076
  -8.329 -14.100 -14.100
  -8.239 -14.302 -14.302
  -8.166 -14.344 -14.344
  -8.103 -14.395 -14.395
  -8.048 -14.365 -14.365
  -7.999 -14.516 -14.516
  -7.955 -14.556 -14.556
  -7.916 -14.499 -14.499
  -7.879 -14.338 -14.551
  -7.846 -14.592 -14.592
  -7.815 -14.750 -14.750
  -7.786 -14.418 -14.725
  -7.758 -14.970 -14.970
  -7.733 -14.508 -14.867
  -7.709 -14.696 -14.696
  -7.686 -14.840 -14.840
  -7.664 -14.845 -14.845
  -7.643 -14.804 -14.804
  -7.624 -14.937 -15.090
  -7.605 -15.243 -15.243
  -7.586 -14.852 -15.079
  -7.569 -14.815 -15.021
  -7.552 -15.088 -15.088
  -7.536 -15.278 -15.278
  -7.521 -15.087 -15.087
  -7.506 -14.428 -14.610
  -7.491 -15.061 -15.261
  -7.477 -14.718 -14.907
  -7.464 -14.815 -15.145
  -7.451 -15.244 -15.244
  -7.438 -15.014 -15.298
  -7.425 -14.598 -15.326
  -7.413 -14.889 -15.154
  -7.401 -15.209 -15.209
  -7.390 -15.307 -15.307
  -7.379 -15.268 -15.268
  -7.368 -15.427 -15.427
  -7.357 -15.102 -15.362
  -7.347 -15.649 -15.649
  -7.337 -15.500 -15.500
  -7.327 -15.560 -15.560
  -7.317 -15.120 -15.687
  -7.308 -15.794 -15.794
  -7.299 -15.279 -15.462
  -7.290 -15.595 -15.595
  -7.281 -14.874 -15.387
  -7.272 -15.621 -15.842
  -7.264 -15.147 -15.392
  -7.255 -15.293 -15.668
  -7.247 -15.739 -15.973
  -7.239 -15.681 -15.870
  -7.231 -15.651 -15.651
  -7.223 -15.667 -16.055
  -7.216 -15.251 -15.841
  -7.208 -15.635 -15.635
  -7.201 -15.822 -15.822
  -7.194 -14.478 -15.242
  -7.187 -15.532 -15.694
  -7.180 -15.144 -15.619
  -7.173 -16.024 -16.024
  -7.166 -15.963 -15.963
  -7.159 -15.577 -15.878
  -7.153 -15.670 -16.367
  -7.146 -15.486 -15.486
  -7.140 -16.046 -16.046
  -7.133 -15.637 -15.973
  -7.127 -15.441 -15.724
  -7.121 -16.159 -16.159
  -7.115 -16.254 -16.254
  -7.109 -15.752 -15.752
  -7.103 -15.725 -15.725
  -7.098 -15.588 -15.588
  -7.092 -15.725 -16.217
  -7.086 -15.717 -15.959
  -7.081 -15.394 -15.645
  -7.075 -16.199 -16.199
  -7.070 -15.862 -16.318
  -7.064 -16.445 -16.445
  -7.059 -16.100 -16.100
  -7.054 -15.630 -15.832
  -7.049 -15.417 -15.913
  -7.043 -16.355 -16.355
  -7.038 -15.847 -16.074
  -7.033 -16.215 -16.412
  -7.029 -15.859 -16.355
  -7.024 -15.942 -15.942
  -7.019 -16.868 -17.041
  -7.014 -15.442 -15.841
  -7.009 -15.744 -16.063
  -7.005 -15.570 -15.856
  -7.000 -16.425 -16.425
  -6.995 -15.945 -16.457
  -6.991 -15.538 -15.727
  -6.986 -15.531 -16.132
  -6.982 -15.634 -15.921
  -6.978 -16.279 -16.603
  -6.973 -16.782 -17.016
  -6.969 -15.737 -16.048
  -6.965 -16.499 -16.499
  -6.961 -16.156 -16.502
  -6.956 -16.579 -16.579
  -6.952 -16.147 -16.658
  -6.948 -16.184 -16.184
  -6.944 -16.130 -16.422
  -6.940 -16.541 -22.722
  -6.936 -16.375 -16.824
  -6.932 -15.690 -15.881
  -6.928 -16.350 -16.785
  -6.924 -16.288 -49.500
  -6.920 -16.173 -16.396
  -6.917 -15.818 -16.233
  -6.913 -16.666 -17.336
  -6.909 -15.886 -16.417
  -6.905 -16.020 -16.902
  -6.902 -16.669 -16.669
  -6.898 -49.500     NaN
  -6.894 -16.418 -16.418
  -6.891 -14.410 -16.335
  -6.887 -16.249 -17.123
  -6.884 -17.015 -49.500
  -6.880 -15.704 -49.500
  -6.877 -16.231 -16.410
  -6.873 -16.167 -16.742
  -6.870 -16.865 -17.313
  -6.867 -16.384 -16.384
  -6.863 -16.424 -49.500
  -6.860 -16.214 -16.374
  -6.857 -49.500     NaN
  -6.853 -16.122 -49.500
  -6.850 -16.039 -16.898
  -6.847 -49.500     NaN
  -6.844 -16.422 -16.752
  -6.840 -49.500     NaN
  -6.837 -15.686 -15.857
  -6.834 -49.500     NaN
  -6.831 -16.116 -16.348
  -6.828 -16.143 -16.926
  -6.825 -16.520 -49.500
  -6.822 -16.325 -17.069
  -6.819 -16.368 -16.368
  -6.816 -15.878 -16.683
  -6.813 -16.584 -16.896
  -6.810 -16.170 -16.788
  -6.807 -15.317 -16.961
  -6.804 -16.784 -17.267
  -6.801 -15.555 -16.052
  -6.798 -15.097 -49.500
  -6.795 -15.401 -49.500
  -6.792 -16.690 -49.500
  -6.789 -16.594 -49.500
  -6.787 -49.500     NaN
  -6.784 -16.110 -16.110
  -6.781 -49.500     NaN
  -6.778 -15.864 -49.500
  -6.775 -16.110 -16.279
  -6.773 -15.625 -49.500
  -6.770 -49.500     NaN
  -6.767 -16.976 -49.500
  -6.765 -49.500     NaN
  -6.762 -17.108 -17.108
  -6.759 -49.500     NaN
  -6.757 -16.775 -49.500
  -6.754 -49.500 -49.500
  -6.751 -49.500 -49.500
  -6.749 -16.785 -49.500
  -6.746 -17.244 -17.244
  -6.744 -16.852 -49.500
  -6.741 -49.500 -49.500
  -6.739 -49.500 -49.500
  -6.736 -16.947 -49.500
  -6.734 -15.492 -49.500
  -6.731 -49.500     NaN
  -6.729 -15.828 -16.648
  -6.726 -49.500     NaN
  -6.724 -16.257 -49.500
  -6.721 -16.207 -49.500
  -6.719 -15.184 -16.177
  -6.717 -49.500 -49.500
  -6.714 -16.444 -16.444
  -6.712 -49.500 -49.500
  -6.709 -49.500     NaN
  -6.707 -16.772 -49.500
  -6.705 -16.079 -49.500
  -6.702 -49.500     NaN
  -6.700 -49.500     NaN
  -6.698 -49.500 -49.500
  -6.696 -49.500 -49.500
  -6.693 -49.500     NaN
  -6.691 -49.500     NaN
  -6.689 -16.183 -16.183
  -6.687 -49.500 -49.500
  -6.684 -49.500     NaN
  -6.682 -16.166 -16.166
  -6.680 -49.500 -49.500
  -6.678 -16.245 -49.500
  -6.675 -49.500 -49.500
  -6.673 -49.500     NaN
  -6.671 -49.500     NaN
  -6.669 -49.500     NaN
  -6.667 -49.500     NaN
  -6.665 -16.197 -49.500
  -6.663 -49.500 -49.500
  -6.661 -49.500     NaN
  -6.658 -15.958 -49.500
  -6.656 -49.500     NaN
  -6.654 -49.500 -49.500
  -6.652 -49.500 -49.500
  -6.650 -16.340 -16.340
  -6.648 -49.500 -49.500
  -6.646 -16.700 -16.700
  -6.644 -49.500     NaN
  -6.642 -16.521 -16.521
  -6.640 -49.500 -49.500
  -6.638 -16.462 -49.500
  -6.636 -49.500 -49.500
  -6.634 -16.424 -16.424
  -6.632 -49.500 -49.500
  -6.630 -15.938 -49.500
  -6.628 -49.500     NaN
  -6.626 -49.500     NaN
  -6.624 -49.500 -49.500
  -6.622 -49.500     NaN
  -6.620 -49.500 -49.500
  -6.618 -49.500     NaN
  -6.617 -49.500 -49.500
  -6.615 -49.500 -49.500
  -6.613 -16.384 -49.500
  -6.611 -49.500 -49.500
  -6.609 -49.500     NaN
  -6.607 -15.871 -16.277
  -6.605 -16.309 -16.309
  -6.603 -49.500 -49.500
  -6.602 -49.500 -49.500
  -6.600 -49.500 -49.500
  -6.598 -49.500 -49.500
  -6.596 -49.500 -49.500
  -6.594 -49.500 -49.500
