  -8.861 -13.877 -13.877
  -8.599 -14.007 -14.007
  -8.442 -14.085 -14.085
  -8.329 -14.176 -14.176
  -8.239 -14.227 -14.227
  -8.166 -14.206 -14.206
  -8.103 -14.185 -14.347
  -8.048 -14.323 -14.323
  -7.999 -14.476 -14.476
  -7.955 -14.372 -14.372
  -7.916 -14.426 -14.426
  -7.879 -14.671 -14.671
  -7.846 -14.719 -14.719
  -7.815 -14.743 -14.743
  -7.786 -14.730 -14.730
  -7.758 -14.558 -14.842
  -7.733 -14.828 -14.828
  -7.709 -14.697 -14.697
  -7.686 -14.671 -14.934
  -7.664 -14.696 -14.696
  -7.643 -14.990 -14.990
  -7.624 -14.561 -14.877
  -7.605 -14.990 -14.990
  -7.586 -14.744 -14.916
  -7.569 -14.943 -15.128
  -7.552 -13.991 -14.897
  -7.536 -15.120 -15.120
  -7.521 -14.873 -15.365
  -7.506 -14.792 -15.049
  -7.491 -14.410 -15.370
  -7.477 -15.493 -15.493
  -7.464 -15.275 -15.275
  -7.451 -14.906 -15.216
  -7.438 -15.137 -15.460
  -7.425 -15.220 -15.373
  -7.413 -15.021 -15.465
  -7.401 -14.811 -15.043
  -7.390 -14.925 -15.484
  -7.379 -15.289 -15.289
  -7.368 -15.515 -15.515
  -7.357 -15.375 -15.375
  -7.347 -15.147 -15.380
  -7.337 -15.293 -15.522
  -7.327 -15.393 -15.713
  -7.317 -15.518 -15.518
  -7.308 -15.396 -15.396
  -7.299 -14.904 -15.130
  -7.290 -15.203 -15.465
  -7.281 -15.421 -15.421
  -7.272 -15.690 -15.690
  -7.264 -14.486 -15.211
  -7.255 -15.538 -15.847
  -7.247 -15.009 -15.215
  -7.239 -15.550 -15.550
  -7.231 -15.712 -15.877
  -7.223 -15.054 -15.711
  -7.216 -15.547 -15.547
  -7.208 -15.706 -15.924
  -7.201 -15.552 -15.733
  -7.194 -14.055 -15.897
  -7.187 -15.749 -15.749
  -7.180 -15.948 -16.208
  -7.173 -15.511 -16.044
  -7.166 -16.073 -16.236
  -7.159 -15.020 -15.616
  -7.153 -15.081 -16.001
  -7.146 -16.267 -16.267
  -7.140 -14.978 -15.316
  -7.133 -15.692 -15.692
  -7.127 -14.104 -15.760
  -7.121 -15.402 -15.402
  -7.115 -16.541 -16.541
  -7.109 -14.924 -15.690
  -7.103 -15.558 -16.207
  -7.098 -15.641 -15.867
  -7.092 -15.166 -15.367
  -7.086 -15.845 -15.845
  -7.081 -15.643 -15.813
  -7.075 -16.099 -16.099
  -7.070 -15.791 -16.084
  -7.064 -16.142 -16.349
  -7.059 -15.996 -16.382
  -7.054 -15.509 -15.698
  -7.049 -15.712 -15.881
  -7.043 -16.393 -16.393
  -7.038 -15.794 -16.238
  -7.033 -15.860 -16.116
  -7.029 -16.007 -16.224
  -7.024 -15.794 -16.690
  -7.019 -15.899 -16.115
  -7.014 -15.245 -16.408
  -7.009 -15.843 -15.843
  -7.005 -15.833 -16.695
  -7.000 -15.843 -16.018
  -6.995 -16.550 -16.550
  -6.991 -15.877 -16.585
  -6.986 -16.264 -16.479
  -6.982 -15.852 -15.852
  -6.978 -15.883 -16.123
  -6.973 -15.028 -16.078
  -6.969 -16.292 -16.736
  -6.965 -15.396 -15.878
  -6.961 -16.409 -16.576
  -6.956 -16.225 -16.225
  -6.952 -16.054 -16.288
  -6.948 -16.095 -16.706
  -6.944 -16.179 -16.360
  -6.940 -16.251 -16.251
  -6.936 -16.794 -17.027
  -6.932 -14.786 -15.871
  -6.928 -15.917 -15.917
  -6.924 -17.022 -49.500
  -6.920 -16.652 -16.846
  -6.917 -16.021 -16.246
  -6.913 -16.252 -16.252
  -6.909 -16.378 -16.820
  -6.905 -17.168 -49.500
  -6.902 -17.353 -22.620
  -6.898 -49.500     NaN
  -6.894 -16.693 -49.500
  -6.891 -16.239 -17.019
  -6.887 -49.500     NaN
  -6.884 -15.919 -16.446
  -6.880 -16.705 -16.911
  -6.877 -16.466 -49.500
  -6.873 -16.603 -16.863
  -6.870 -16.195 -16.607
  -6.867 -16.212 -16.832
  -6.863 -15.668 -16.430
  -6.860 -15.497 -15.995
  -6.857 -16.764 -49.500
  -6.853 -16.202 -16.759
  -6.850 -16.498 -49.500
  -6.847 -15.771 -16.546
  -6.844 -16.478 -17.077
  -6.840 -16.647 -49.500
  -6.837 -16.768 -49.500
  -6.834 -16.141 -16.594
  -6.831 -16.424 -49.500
  -6.828 -15.946 -16.322
  -6.825 -49.500     NaN
  -6.822 -15.604 -17.045
  -6.819 -16.319 -16.874
  -6.816 -49.500     NaN
  -6.813 -16.941 -49.500
  -6.810 -16.575 -49.500
  -6.807 -15.952 -16.573
  -6.804 -16.040 -17.063
  -6.801 -16.235 -49.500
  -6.798 -16.430 -17.021
  -6.795 -16.736 -49.500
  -6.792 -16.383 -49.500
  -6.789 -16.568 -16.818
  -6.787 -17.174 -49.500
  -6.784 -15.783 -16.731
  -6.781 -49.500 -49.500
  -6.778 -16.319 -16.902
  -6.775 -49.500     NaN
  -6.773 -16.698 -49.500
  -6.770 -49.500     NaN
  -6.767 -15.738 -15.738
  -6.765 -49.500     NaN
  -6.762 -16.276 -49.500
  -6.759 -16.489 -49.500
  -6.757 -49.500     NaN
  -6.754 -15.895 -49.500
  -6.751 -16.412 -16.655
  -6.749 -49.500     NaN
  -6.746 -49.500 -49.500
  -6.744 -49.500     NaN
  -6.741 -16.227 -49.500
  -6.739 -49.500     NaN
  -6.736 -16.148 -16.450
  -6.734 -17.029 -17.029
  -6.731 -49.500     NaN
  -6.729 -49.500     NaN
  -6.726 -49.500     NaN
  -6.724 -49.500     NaN
  -6.721 -16.530 -49.500
  -6.719 -15.401 -49.500
  -6.717 -16.416 -49.500
  -6.714 -49.500 -49.500
  -6.712 -16.520 -49.500
  -6.709 -16.800 -49.500
  -6.707 -49.500     NaN
  -6.705 -49.500 -49.500
  -6.702 -49.500     NaN
  -6.700 -49.500 -49.500
  -6.698 -49.500     NaN
  -6.696 -16.476 -16.476
  -6.693 -16.060 -49.500
  -6.691 -49.500 -49.500
  -6.689 -16.990 -49.500
  -6.687 -49.500     NaN
  -6.684 -49.500 -49.500
  -6.682 -15.925 -15.925
  -6.680 -16.388 -49.500
  -6.678 -16.045 -49.500
  -6.675 -49.500     NaN
  -6.673 -49.500     NaN
  -6.671 -15.981 -15.981
  -6.669 -16.115 -16.115
  -6.667 -16.253 -49.500
  -6.665 -16.610 -49.500
  -6.663 -49.500 -49.500
  -6.661 -16.848 -16.848
  -6.658 -49.500 -49.500
  -6.656 -49.500 -49.500
  -6.654 -49.500 -49.500
  -6.652 -49.500 -49.500
  -6.650 -49.500 -49.500
  -6.648 -16.107 -16.107
  -6.646 -49.500     NaN
  -6.644 -17.017 -49.500
  -6.642 -49.500 -49.500
  -6.640 -15.645 -49.500
  -6.638 -49.500 -49.500
  -6.636 -15.795 -16.058
  -6.634 -49.500 -49.500
  -6.632 -49.500 -49.500
  -6.630 -49.500 -49.500
  -6.628 -49.500 -49.500
  -6.626 -49.500 -49.500
  -6.624 -49.500 -49.500
  -6.622 -49.500 -49.500
  -6.620 -49.500 -49.500
  -6.618 -16.577 -49.500
  -6.617 -49.500 -49.500
  -6.615 -49.500 -49.500
  -6.613 -16.482 -49.500
  -6.611 -49.500 -49.500
  -6.609 -49.500 -49.500
  -6.607 -49.500 -49.500
  -6.605 -49.500 -49.500
  -6.603 -49.500 -49.500
  -6.602 -16.360 -16.360
  -6.600 -49.500 -49.500
  -6.598 -49.500 -49.500
  -6.596 -49.500 -49.500
  -6.594 -49.500 -49.500
