  -8.861 -13.851 -13.851
  -8.599 -13.634 -14.001
  -8.442 -14.128 -14.128
  -8.329 -14.212 -14.212
  -8.239 -14.203 -14.203
  -8.166 -14.247 -14.247
  -8.103 -14.420 -14.420
  -8.048 -14.334 -14.334
  -7.999 -14.549 -14.549
  -7.955 -14.504 -14.504
  -7.916 -14.532 -14.532
  -7.879 -14.606 -14.606
  -7.846 -14.599 -14.599
  -7.815 -14.766 -14.766
  -7.786 -14.461 -14.700
  -7.758 -14.367 -14.519
  -7.733 -14.693 -14.693
  -7.709 -14.761 -15.006
  -7.686 -15.003 -15.003
  -7.664 -14.660 -14.938
  -7.643 -14.132 -15.084
  -7.624 -15.137 -15.137
  -7.605 -14.810 -14.810
  -7.586 -14.863 -15.036
  -7.569 -14.551 -14.848
  -7.552 -14.121 -14.876
  -7.536 -15.204 -15.204
  -7.521 -15.392 -15.392
  -7.506 -15.147 -15.147
  -7.491 -15.225 -15.225
  -7.477 -14.912 -15.210
  -7.464 -15.065 -15.065
  -7.451 -15.152 -15.152
  -7.438 -15.157 -15.358
  -7.425 -15.137 -15.350
  -7.413 -15.034 -15.572
  -7.401 -14.878 -15.072
  -7.390 -14.871 -15.563
  -7.379 -15.385 -15.385
  -7.368 -15.488 -15.488
  -7.357 -15.336 -15.336
  -7.347 -15.434 -15.434
  -7.337 -15.279 -15.592
  -7.327 -15.443 -15.707
  -7.317 -15.179 -15.179
  -7.308 -15.491 -15.491
  -7.299 -15.073 -15.354
  -7.290 -15.372 -15.594
  -7.281 -15.411 -15.586
  -7.272 -15.528 -15.528
  -7.264 -15.192 -15.656
  -7.255 -15.257 -15.773
  -7.247 -15.345 -15.345
  -7.239 -15.696 -15.696
  -7.231 -15.458 -15.693
  -7.223 -15.406 -15.850
  -7.216 -15.703 -15.931
  -7.208 -15.831 -15.831
  -7.201 -15.262 -15.977
  -7.194 -15.669 -15.669
  -7.187 -14.667 -14.988
  -7.180 -15.808 -15.808
  -7.173 -15.729 -15.967
  -7.166 -15.795 -15.795
  -7.159 -15.941 -16.146
  -7.153 -15.690 -15.849
  -7.146 -16.166 -16.166
  -7.140 -15.643 -15.874
  -7.133 -16.017 -16.306
  -7.127 -15.941 -15.941
  -7.121 -15.580 -15.759
  -7.115 -15.982 -16.157
  -7.109 -16.338 -16.338
  -7.103 -15.272 -15.870
  -7.098 -15.621 -15.621
  -7.092 -15.116 -15.353
  -7.086 -16.152 -16.152
  -7.081 -16.034 -16.034
  -7.075 -15.938 -16.169
  -7.070 -15.942 -16.200
  -7.064 -15.711 -15.711
  -7.059 -15.066 -16.324
  -7.054 -16.136 -16.390
  -7.049 -15.978 -15.978
  -7.043 -16.203 -16.203
  -7.038 -15.932 -16.093
  -7.033 -16.396 -16.752
  -7.029 -15.791 -15.791
  -7.024 -15.029 -16.355
  -7.019 -16.149 -16.720
  -7.014 -15.787 -16.370
  -7.009 -16.177 -16.177
  -7.005 -14.524 -16.374
  -7.000 -15.984 -16.194
  -6.995 -15.632 -15.894
  -6.991 -16.049 -16.675
  -6.986 -16.477 -16.642
  -6.982 -16.381 -16.549
  -6.978 -15.958 -16.390
  -6.973 -15.374 -16.103
  -6.969 -15.487 -16.219
  -6.965 -16.393 -16.393
  -6.961 -16.211 -16.991
  -6.956 -15.779 -16.095
  -6.952 -15.739 -16.711
  -6.948 -15.264 -15.934
  -6.944 -15.905 -16.161
  -6.940 -15.850 -49.500
  -6.936 -15.567 -15.567
  -6.932 -15.861 -49.500
  -6.928 -16.348 -16.883
  -6.924 -16.511 -49.500
  -6.920 -16.989 -49.500
  -6.917 -15.973 -16.296
  -6.913 -16.205 -16.849
  -6.909 -16.259 -16.259
  -6.905 -15.053 -16.747
  -6.902 -16.091 -16.369
  -6.898 -15.413 -16.208
  -6.894 -15.835 -16.198
  -6.891 -16.282 -16.680
  -6.887 -16.024 -16.180
  -6.884 -15.510 -16.314
  -6.880 -16.000 -16.384
  -6.877 -16.349 -16.776
  -6.873 -16.489 -16.489
  -6.870 -14.894 -16.776
  -6.867 -16.120 -16.120
  -6.863 -15.901 -16.175
  -6.860 -16.804 -49.500
  -6.857 -15.808 -15.991
  -6.853 -16.408 -16.888
  -6.850 -16.388 -16.716
  -6.847 -16.188 -16.448
  -6.844 -16.803 -17.026
  -6.840 -16.937 -49.500
  -6.837 -16.409 -16.409
  -6.834 -17.304 -49.500
  -6.831 -49.500     NaN
  -6.828 -17.058 -49.500
  -6.825 -16.869 -49.500
  -6.822 -15.526 -49.500
  -6.819 -16.218 -16.775
  -6.816 -16.257 -49.500
  -6.813 -17.183 -49.500
  -6.810 -49.500     NaN
  -6.807 -16.741 -49.500
  -6.804 -15.867 -16.379
  -6.801 -49.500 -49.500
  -6.798 -14.745 -16.191
  -6.795 -16.248 -16.512
  -6.792 -16.945 -49.500
  -6.789 -16.074 -49.500
  -6.787 -17.299 -49.500
  -6.784 -16.344 -49.500
  -6.781 -15.094 -49.500
  -6.778 -16.672 -49.500
  -6.775 -16.359 -49.500
  -6.773 -16.446 -16.707
  -6.770 -49.500     NaN
  -6.767 -16.101 -16.470
  -6.765 -16.741 -49.500
  -6.762 -17.193 -49.500
  -6.759 -16.258 -49.500
  -6.757 -49.500     NaN
  -6.754 -16.858 -16.858
  -6.751 -16.267 -49.500
  -6.749 -49.500 -49.500
  -6.746 -49.500     NaN
  -6.744 -16.141 -49.500
  -6.741 -49.500 -49.500
  -6.739 -16.860 -49.500
  -6.736 -16.171 -16.423
  -6.734 -49.500 -49.500
  -6.731 -16.545 -17.024
  -6.729 -16.529 -16.529
  -6.726 -49.500 -49.500
  -6.724 -15.790 -49.500
  -6.721 -16.508 -16.938
  -6.719 -15.778 -49.500
  -6.717 -16.732 -49.500
  -6.714 -16.272 -49.500
  -6.712 -17.093 -49.500
  -6.709 -16.455 -49.500
  -6.707 -16.966 -16.966
  -6.705 -16.504 -49.500
  -6.702 -15.801 -16.723
  -6.700 -49.500     NaN
  -6.698 -49.500 -49.500
  -6.696 -49.500 -49.500
  -6.693 -49.500 -49.500
  -6.691 -16.302 -49.500
  -6.689 -15.848 -15.848
  -6.687 -15.956 -16.837
  -6.684 -49.500 -49.500
  -6.682 -16.820 -49.500
  -6.680 -49.500 -49.500
  -6.678 -17.146 -49.500
  -6.675 -16.892 -49.500
  -6.673 -49.500 -49.500
  -6.671 -49.500 -49.500
  -6.669 -49.500 -49.500
  -6.667 -49.500 -49.500
  -6.665 -49.500     NaN
  -6.663 -49.500 -49.500
  -6.661 -49.500     NaN
  -6.658 -16.559 -49.500
  -6.656 -15.412 -49.500
  -6.654 -49.500     NaN
  -6.652 -49.500 -49.500
  -6.650 -49.500     NaN
  -6.648 -16.276 -16.276
  -6.646 -16.690 -49.500
  -6.644 -49.500 -49.500
  -6.642 -15.193 -49.500
  -6.640 -49.500 -49.500
  -6.638 -49.500     NaN
  -6.636 -16.049 -16.049
  -6.634 -49.500     NaN
  -6.632 -49.500 -49.500
  -6.630 -49.500 -49.500
  -6.628 -16.692 -49.500
  -6.626 -49.500     NaN
  -6.624 -49.500 -49.500
  -6.622 -49.500 -49.500
  -6.620 -49.500 -49.500
  -6.618 -49.500 -49.500
  -6.617 -16.596 -16.596
  -6.615 -16.352 -49.500
  -6.613 -49.500 -49.500
  -6.611 -49.500 -49.500
  -6.609 -49.500 -49.500
  -6.607 -49.500 -49.500
  -6.605 -49.500 -49.500
  -6.603 -49.500 -49.500
  -6.602 -49.500     NaN
  -6.600 -49.500 -49.500
  -6.598 -49.500 -49.500
  -6.596 -49.500 -49.500
  -6.594 -16.351 -16.351
