  -8.861 -13.840 -13.840
  -8.599 -13.925 -13.925
  -8.442 -14.061 -14.061
  -8.329 -14.183 -14.183
  -8.239 -14.158 -14.158
  -8.166 -14.309 -14.309
  -8.103 -14.088 -14.088
  -8.048 -14.409 -14.409
  -7.999 -14.273 -14.273
  -7.955 -14.389 -14.389
  -7.916 -14.587 -14.587
  -7.879 -14.453 -14.453
  -7.846 -14.569 -14.569
  -7.815 -14.531 -14.776
  -7.786 -14.370 -14.370
  -7.758 -14.520 -14.847
  -7.733 -14.203 -14.371
  -7.709 -14.665 -14.665
  -7.686 -14.446 -14.907
  -7.664 -14.845 -14.845
  -7.643 -14.957 -14.957
  -7.624 -14.582 -14.971
  -7.605 -14.542 -14.875
  -7.586 -15.163 -15.163
  -7.569 -14.803 -14.996
  -7.552 -15.080 -15.080
  -7.536 -14.959 -15.118
  -7.521 -14.963 -14.963
  -7.506 -15.197 -15.197
  -7.491 -15.053 -15.053
  -7.477 -15.259 -15.259
  -7.464 -15.308 -15.308
  -7.451 -15.285 -15.285
  -7.438 -15.312 -15.465
  -7.425 -14.977 -14.977
  -7.413 -15.299 -15.299
  -7.401 -15.301 -15.301
  -7.390 -14.713 -15.371
  -7.379 -15.108 -15.108
  -7.368 -15.309 -15.612
  -7.357 -15.644 -15.644
  -7.347 -15.284 -15.628
  -7.337 -14.914 -15.425
  -7.327 -15.300 -15.695
  -7.317 -14.812 -15.545
  -7.308 -15.222 -15.600
  -7.299 -15.393 -15.567
  -7.290 -15.153 -15.455
  -7.281 -15.281 -15.281
  -7.272 -15.476 -15.881
  -7.264 -15.127 -15.127
  -7.255 -15.432 -15.432
  -7.247 -15.784 -15.938
  -7.239 -15.214 -16.061
  -7.231 -15.289 -15.549
  -7.223 -15.834 -15.834
  -7.216 -15.125 -15.446
  -7.208 -15.603 -15.603
  -7.201 -15.493 -15.835
  -7.194 -15.479 -15.703
  -7.187 -15.484 -15.757
  -7.180 -15.537 -16.013
  -7.173 -15.581 -15.743
  -7.166 -15.150 -15.748
  -7.159 -15.981 -16.185
  -7.153 -15.412 -16.096
  -7.146 -15.900 -16.398
  -7.140 -15.465 -15.955
  -7.133 -14.984 -15.953
  -7.127 -15.450 -16.076
  -7.121 -15.618 -15.877
  -7.115 -15.316 -16.012
  -7.109 -16.079 -16.292
  -7.103 -15.406 -15.406
  -7.098 -15.854 -16.048
  -7.092 -15.576 -15.856
  -7.086 -16.266 -16.266
  -7.081 -15.920 -16.267
  -7.075 -15.499 -16.075
  -7.070 -16.080 -16.080
  -7.064 -15.830 -15.995
  -7.059 -16.296 -16.296
  -7.054 -16.608 -16.608
  -7.049 -15.093 -16.227
  -7.043 -15.865 -15.865
  -7.038 -16.082 -16.334
  -7.033 -15.371 -15.749
  -7.029 -16.355 -16.355
  -7.024 -15.637 -15.984
  -7.019 -16.398 -16.637
  -7.014 -15.836 -16.064
  -7.009 -15.879 -15.879
  -7.005 -15.604 -15.604
  -7.000 -15.473 -15.995
  -6.995 -15.776 -15.953
  -6.991 -16.142 -16.142
  -6.986 -15.436 -16.368
  -6.982 -16.333 -16.494
  -6.978 -15.527 -15.985
  -6.973 -16.325 -16.490
  -6.969 -16.668 -16.864
  -6.965 -16.519 -16.731
  -6.961 -14.996 -16.156
  -6.956 -16.227 -16.461
  -6.952 -16.403 -16.614
  -6.948 -15.762 -16.056
  -6.944 -16.676 -16.676
  -6.940 -16.995 -17.218
  -6.936 -16.002 -16.002
  -6.932 -15.730 -16.204
  -6.928 -17.082 -49.500
  -6.924 -15.758 -16.081
  -6.920 -16.260 -16.626
  -6.917 -14.859 -15.176
  -6.913 -16.416 -16.416
  -6.909 -15.920 -17.428
  -6.905 -16.513 -16.925
  -6.902 -16.540 -16.866
  -6.898 -16.112 -16.514
  -6.894 -16.237 -16.237
  -6.891 -15.793 -16.435
  -6.887 -17.015 -49.500
  -6.884 -14.997 -16.483
  -6.880 -16.523 -49.500
  -6.877 -49.500     NaN
  -6.873 -15.237 -16.400
  -6.870 -49.500     NaN
  -6.867 -16.600 -16.921
  -6.863 -15.926 -16.276
  -6.860 -16.008 -16.479
  -6.857 -16.468 -17.209
  -6.853 -15.144 -16.179
  -6.850 -16.574 -17.412
  -6.847 -16.283 -16.562
  -6.844 -16.854 -49.500
  -6.840 -16.083 -16.287
  -6.837 -16.222 -16.403
  -6.834 -16.868 -49.500
  -6.831 -16.283 -49.500
  -6.828 -16.619 -49.500
  -6.825 -16.637 -49.500
  -6.822 -49.500     NaN
  -6.819 -49.500     NaN
  -6.816 -15.904 -49.500
  -6.813 -16.493 -49.500
  -6.810 -16.309 -49.500
  -6.807 -16.035 -16.432
  -6.804 -16.891 -49.500
  -6.801 -16.080 -16.250
  -6.798 -16.214 -16.573
  -6.795 -16.301 -16.717
  -6.792 -16.749 -16.997
  -6.789 -15.998 -16.572
  -6.787 -16.806 -49.500
  -6.784 -17.120 -49.500
  -6.781 -16.804 -49.500
  -6.778 -49.500     NaN
  -6.775 -49.500     NaN
  -6.773 -16.225 -16.662
  -6.770 -17.198 -49.500
  -6.767 -16.786 -49.500
  -6.765 -16.063 -16.063
  -6.762 -16.562 -49.500
  -6.759 -49.500 -49.500
  -6.757 -16.265 -17.102
  -6.754 -16.490 -16.747
  -6.751 -15.789 -16.289
  -6.749 -49.500 -49.500
  -6.746 -15.980 -16.205
  -6.744 -49.500 -49.500
  -6.741 -16.423 -49.500
  -6.739 -49.500 -49.500
  -6.736 -49.500     NaN
  -6.734 -16.659 -49.500
  -6.731 -16.291 -49.500
  -6.729 -49.500     NaN
  -6.726 -49.500 -49.500
  -6.724 -16.653 -49.500
  -6.721 -14.745 -49.500
  -6.719 -49.500 -49.500
  -6.717 -16.308 -49.500
  -6.714 -16.012 -16.012
  -6.712 -49.500 -49.500
  -6.709 -49.500     NaN
  -6.707 -16.759 -49.500
  -6.705 -14.999 -49.500
  -6.702 -16.706 -49.500
  -6.700 -16.817 -49.500
  -6.698 -16.272 -49.500
  -6.696 -49.500 -49.500
  -6.693 -16.546 -49.500
  -6.691 -16.711 -49.500
  -6.689 -16.376 -49.500
  -6.687 -49.500     NaN
  -6.684 -49.500 -49.500
  -6.682 -16.760 -16.760
  -6.680 -49.500     NaN
  -6.678 -49.500     NaN
  -6.675 -49.500 -49.500
  -6.673 -49.500 -49.500
  -6.671 -49.500 -49.500
  -6.669 -16.028 -16.028
  -6.667 -15.776 -49.500
  -6.665 -49.500 -49.500
  -6.663 -16.483 -49.500
  -6.661 -49.500     NaN
  -6.658 -49.500 -49.500
  -6.656 -16.605 -16.605
  -6.654 -15.778 -16.121
  -6.652 -49.500 -49.500
  -6.650 -16.621 -49.500
  -6.648 -49.500 -49.500
  -6.646 -49.500 -49.500
  -6.644 -16.482 -49.500
  -6.642 -16.232 -49.500
  -6.640 -49.500     NaN
  -6.638 -16.891 -49.500
  -6.636 -49.500 -49.500
  -6.634 -49.500 -49.500
  -6.632 -49.500 -49.500
  -6.630 -49.500 -49.500
  -6.628 -49.500 -49.500
  -6.626 -49.500     NaN
  -6.624 -49.500 -49.500
  -6.622 -49.500 -49.500
  -6.620 -15.312 -16.739
  -6.618 -49.500     NaN
  -6.617 -49.500 -49.500
  -6.615 -49.500 -49.500
  -6.613 -49.500 -49.500
  -6.611 -49.500     NaN
  -6.609 -16.396 -16.396
  -6.607 -49.500     NaN
  -6.605 -16.541 -16.962
  -6.603 -49.500 -49.500
  -6.602 -49.500 -49.500
  -6.600 -49.500 -49.500
  -6.598 -16.013 -16.013
  -6.596 -49.500 -49.500
  -6.594 -49.500 -49.500
