  -8.861 -13.869 -13.869
  -8.599 -13.956 -13.956
  -8.442 -13.978 -13.978
  -8.329 -14.173 -14.173
  -8.239 -14.187 -14.187
  -8.166 -14.287 -14.287
  -8.103 -13.834 -14.459
  -8.048 -14.129 -14.366
  -7.999 -14.499 -14.499
  -7.955 -14.431 -14.431
  -7.916 -14.481 -14.701
  -7.879 -14.539 -14.539
  -7.846 -14.851 -14.851
  -7.815 -14.766 -14.766
  -7.786 -14.840 -14.840
  -7.758 -14.845 -14.845
  -7.733 -14.832 -14.832
  -7.709 -14.965 -14.965
  -7.686 -13.785 -14.685
  -7.664 -14.646 -14.801
  -7.643 -14.678 -15.104
  -7.624 -14.960 -14.960
  -7.605 -15.217 -15.217
  -7.586 -14.489 -14.875
  -7.569 -14.733 -14.894
  -7.552 -14.989 -14.989
  -7.536 -15.274 -15.274
  -7.521 -15.068 -15.068
  -7.506 -15.062 -15.062
  -7.491 -14.731 -15.323
  -7.477 -14.756 -14.756
  -7.464 -15.196 -15.349
  -7.451 -15.160 -15.160
  -7.438 -15.055 -15.055
  -7.425 -15.340 -15.340
  -7.413 -15.501 -15.501
  -7.401 -14.578 -15.003
  -7.390 -15.332 -15.583
  -7.379 -14.552 -15.448
  -7.368 -15.205 -15.564
  -7.357 -15.503 -15.503
  -7.347 -15.068 -15.427
  -7.337 -15.019 -15.206
  -7.327 -14.416 -15.654
  -7.317 -15.317 -15.317
  -7.308 -15.510 -15.715
  -7.299 -15.457 -15.700
  -7.290 -14.994 -14.994
  -7.281 -15.383 -15.383
  -7.272 -15.346 -15.346
  -7.264 -15.693 -15.693
  -7.255 -15.465 -15.897
  -7.247 -15.636 -15.817
  -7.239 -15.710 -15.710
  -7.231 -15.379 -15.699
  -7.223 -15.614 -15.858
  -7.216 -15.722 -15.890
  -7.208 -15.762 -15.762
  -7.201 -14.554 -15.688
  -7.194 -15.252 -15.853
  -7.187 -15.833 -16.064
  -7.180 -15.815 -15.815
  -7.173 -15.520 -15.808
  -7.166 -15.163 -15.633
  -7.159 -15.364 -15.823
  -7.153 -15.844 -15.844
  -7.146 -15.938 -15.938
  -7.140 -15.549 -15.760
  -7.133 -15.810 -15.810
  -7.127 -15.511 -15.662
  -7.121 -15.345 -15.499
  -7.115 -15.667 -15.860
  -7.109 -16.163 -16.317
  -7.103 -16.312 -16.672
  -7.098 -15.826 -16.261
  -7.092 -15.912 -16.351
  -7.086 -15.900 -16.064
  -7.081 -16.259 -16.259
  -7.075 -15.643 -15.823
  -7.070 -15.570 -15.738
  -7.064 -15.802 -16.025
  -7.059 -15.890 -16.044
  -7.054 -16.435 -16.637
  -7.049 -16.245 -16.245
  -7.043 -16.528 -16.759
  -7.038 -16.490 -16.751
  -7.033 -16.148 -16.148
  -7.029 -16.017 -16.282
  -7.024 -15.810 -16.061
  -7.019 -16.317 -16.317
  -7.014 -15.942 -16.539
  -7.009 -15.858 -16.439
  -7.005 -16.133 -16.133
  -7.000 -15.454 -15.454
  -6.995 -15.721 -16.112
  -6.991 -15.711 -16.127
  -6.986 -16.477 -16.800
  -6.982 -16.668 -16.878
  -6.978 -15.988 -16.221
  -6.973 -16.322 -16.494
  -6.969 -14.569 -15.797
  -6.965 -16.162 -16.941
  -6.961 -16.175 -16.175
  -6.956 -16.334 -16.334
  -6.952 -15.286 -16.260
  -6.948 -15.952 -16.339
  -6.944 -15.673 -16.364
  -6.940 -16.248 -16.248
  -6.936 -16.006 -16.293
  -6.932 -16.089 -16.089
  -6.928 -16.222 -16.401
  -6.924 -16.605 -17.104
  -6.920 -16.211 -16.589
  -6.917 -16.445 -16.445
  -6.913 -15.804 -16.150
  -6.909 -16.633 -16.633
  -6.905 -16.528 -16.710
  -6.902 -15.266 -16.240
  -6.898 -15.674 -49.500
  -6.894 -16.251 -49.500
  -6.891 -15.858 -16.267
  -6.887 -15.646 -16.065
  -6.884 -49.500     NaN
  -6.880 -49.500     NaN
  -6.877 -16.260 -16.711
  -6.873 -16.653 -16.845
  -6.870 -16.057 -16.628
  -6.867 -16.357 -16.591
  -6.863 -16.794 -49.500
  -6.860 -16.558 -16.883
  -6.857 -49.500     NaN
  -6.853 -17.266 -49.500
  -6.850 -17.244 -49.500
  -6.847 -16.903 -17.098
  -6.844 -16.358 -16.618
  -6.840 -15.807 -15.971
  -6.837 -16.779 -49.500
  -6.834 -16.575 -16.824
  -6.831 -16.512 -49.500
  -6.828 -15.962 -16.743
  -6.825 -16.129 -16.367
  -6.822 -15.607 -16.091
  -6.819 -16.616 -16.774
  -6.816 -16.561 -49.500
  -6.813 -16.489 -16.489
  -6.810 -16.153 -49.500
  -6.807 -16.614 -49.500
  -6.804 -16.558 -17.067
  -6.801 -16.368 -49.500
  -6.798 -49.500     NaN
  -6.795 -16.595 -49.500
  -6.792 -15.415 -16.538
  -6.789 -49.500     NaN
  -6.787 -49.500     NaN
  -6.784 -16.529 -49.500
  -6.781 -16.457 -16.457
  -6.778 -16.072 -16.746
  -6.775 -49.500     NaN
  -6.773 -17.084 -17.412
  -6.770 -49.500     NaN
  -6.767 -16.250 -16.941
  -6.765 -49.500 -49.500
  -6.762 -49.500     NaN
  -6.759 -16.656 -49.500
  -6.757 -16.123 -49.500
  -6.754 -49.500     NaN
  -6.751 -16.534 -16.708
  -6.749 -16.655 -16.970
  -6.746 -16.400 -16.970
  -6.744 -15.638 -16.358
  -6.741 -49.500     NaN
  -6.739 -49.500     NaN
  -6.736 -49.500     NaN
  -6.734 -16.819 -49.500
  -6.731 -17.033 -17.033
  -6.729 -49.500     NaN
  -6.726 -16.140 -49.500
  -6.724 -49.500     NaN
  -6.721 -16.300 -16.300
  -6.719 -16.581 -49.500
  -6.717 -16.185 -49.500
  -6.714 -49.500     NaN
  -6.712 -16.401 -16.401
  -6.709 -15.700 -16.768
  -6.707 -49.500     NaN
  -6.705 -49.500     NaN
  -6.702 -49.500     NaN
  -6.700 -16.026 -49.500
  -6.698 -49.500 -49.500
  -6.696 -49.500 -49.500
  -6.693 -49.500 -49.500
  -6.691 -49.500     NaN
  -6.689 -16.129 -16.129
  -6.687 -49.500     NaN
  -6.684 -16.390 -49.500
  -6.682 -15.978 -49.500
  -6.680 -16.266 -16.266
  -6.678 -15.695 -49.500
  -6.675 -49.500 -49.500
  -6.673 -49.500 -49.500
  -6.671 -16.782 -49.500
  -6.669 -16.424 -16.424
  -6.667 -49.500     NaN
  -6.665 -49.500     NaN
  -6.663 -49.500 -49.500
  -6.661 -16.608 -16.608
  -6.658 -49.500     NaN
  -6.656 -16.152 -16.152
  -6.654 -49.500 -49.500
  -6.652 -49.500     NaN
  -6.650 -49.500     NaN
  -6.648 -15.189 -15.189
  -6.646 -16.525 -16.525
  -6.644 -49.500     NaN
  -6.642 -49.500     NaN
  -6.640 -49.500 -49.500
  -6.638 -49.500 -49.500
  -6.636 -15.777 -15.777
  -6.634 -49.500 -49.500
  -6.632 -49.500 -49.500
  -6.630 -16.410 -49.500
  -6.628 -49.500 -49.500
  -6.626 -16.385 -16.649
  -6.624 -49.500 -49.500
  -6.622 -49.500 -49.500
  -6.620 -49.500 -49.500
  -6.618 -49.500 -49.500
  -6.617 -49.500 -49.500
  -6.615 -49.500     NaN
  -6.613 -49.500     NaN
  -6.611 -49.500 -49.500
  -6.609 -49.500 -49.500
  -6.607 -49.500     NaN
  -6.605 -16.874 -16.874
  -6.603 -49.500 -49.500
  -6.602 -49.500 -49.500
  -6.600 -49.500 -49.500
  -6.598 -49.500 -49.500
  -6.596 -49.500 -49.500
  -6.594 -49.500 -49.500
