  -8.861 -13.824 -13.824
  -8.599 -13.937 -13.937
  -8.442 -14.090 -14.090
  -8.329 -14.082 -14.082
  -8.239 -14.227 -14.227
  -8.166 -14.242 -14.242
  -8.103 -14.291 -14.291
  -8.048 -14.498 -14.498
  -7.999 -14.093 -14.547
  -7.955 -14.522 -14.522
  -7.916 -14.465 -14.465
  -7.879 -14.481 -14.664
  -7.846 -14.725 -14.725
  -7.815 -14.673 -14.673
  -7.786 -14.572 -14.572
  -7.758 -14.711 -14.711
  -7.733 -14.448 -14.823
  -7.709 -14.943 -14.943
  -7.686 -14.899 -14.899
  -7.664 -14.620 -14.620
  -7.643 -14.832 -14.832
  -7.624 -15.082 -15.249
  -7.605 -14.834 -15.211
  -7.586 -15.233 -15.233
  -7.569 -14.555 -14.952
  -7.552 -15.154 -15.154
  -7.536 -15.167 -15.167
  -7.521 -14.126 -14.594
  -7.506 -15.097 -15.097
  -7.491 -14.445 -15.054
  -7.477 -15.126 -15.126
  -7.464 -15.252 -15.252
  -7.451 -15.072 -15.359
  -7.438 -15.219 -15.219
  -7.425 -15.149 -15.149
  -7.413 -15.224 -15.454
  -7.401 -14.785 -15.526
  -7.390 -15.375 -15.375
  -7.379 -14.742 -15.274
  -7.368 -15.235 -15.600
  -7.357 -14.913 -15.577
  -7.347 -15.407 -15.407
  -7.337 -14.741 -15.271
  -7.327 -15.384 -15.384
  -7.317 -15.383 -15.383
  -7.308 -15.232 -15.401
  -7.299 -15.175 -15.724
  -7.290 -15.499 -15.657
  -7.281 -15.067 -15.067
  -7.272 -15.283 -15.467
  -7.264 -15.408 -15.644
  -7.255 -15.775 -15.775
  -7.247 -15.396 -15.908
  -7.239 -15.679 -15.679
  -7.231 -15.761 -15.761
  -7.223 -15.693 -15.693
  -7.216 -14.782 -14.981
  -7.208 -15.860 -15.860
  -7.201 -15.685 -15.685
  -7.194 -15.677 -15.677
  -7.187 -15.745 -16.029
  -7.180 -15.782 -15.782
  -7.173 -16.130 -16.130
  -7.166 -15.980 -15.980
  -7.159 -15.225 -16.215
  -7.153 -15.962 -16.216
  -7.146 -15.857 -15.857
  -7.140 -15.911 -16.089
  -7.133 -15.703 -15.860
  -7.127 -15.531 -15.765
  -7.121 -15.707 -16.026
  -7.115 -16.034 -16.034
  -7.109 -16.151 -16.312
  -7.103 -15.090 -15.497
  -7.098 -15.921 -16.180
  -7.092 -15.948 -15.948
  -7.086 -15.143 -15.726
  -7.081 -15.950 -15.950
  -7.075 -15.750 -16.026
  -7.070 -16.228 -16.228
  -7.064 -15.995 -15.995
  -7.059 -16.245 -16.245
  -7.054 -16.040 -16.233
  -7.049 -15.578 -15.578
  -7.043 -14.606 -14.948
  -7.038 -15.542 -15.897
  -7.033 -15.100 -15.269
  -7.029 -16.091 -16.325
  -7.024 -15.809 -16.334
  -7.019 -16.426 -16.712
  -7.014 -15.624 -16.254
  -7.009 -16.469 -17.026
  -7.005 -16.430 -16.678
  -7.000 -16.304 -16.528
  -6.995 -16.261 -16.261
  -6.991 -16.525 -16.925
  -6.986 -15.778 -16.028
  -6.982 -14.653 -15.523
  -6.978 -16.384 -16.384
  -6.973 -15.871 -16.424
  -6.969 -16.464 -17.404
  -6.965 -16.356 -16.356
  -6.961 -15.634 -16.129
  -6.956 -15.560 -15.766
  -6.952 -16.415 -16.415
  -6.948 -15.887 -16.053
  -6.944 -16.064 -16.217
  -6.940 -15.548 -16.692
  -6.936 -16.330 -16.483
  -6.932 -16.281 -16.281
  -6.928 -16.298 -16.778
  -6.924 -16.216 -16.683
  -6.920 -16.521 -16.815
  -6.917 -16.192 -16.889
  -6.913 -17.015 -21.823
  -6.909 -16.132 -16.485
  -6.905 -16.479 -16.650
  -6.902 -16.304 -16.304
  -6.898 -16.207 -16.406
  -6.894 -16.273 -16.532
  -6.891 -15.555 -16.054
  -6.887 -16.630 -16.834
  -6.884 -16.262 -17.001
  -6.880 -16.741 -16.741
  -6.877 -49.500     NaN
  -6.873 -16.376 -16.564
  -6.870 -16.147 -16.147
  -6.867 -17.131 -49.500
  -6.863 -16.532 -17.381
  -6.860 -16.827 -49.500
  -6.857 -15.827 -49.500
  -6.853 -16.608 -49.500
  -6.850 -15.987 -16.500
  -6.847 -49.500     NaN
  -6.844 -16.486 -16.770
  -6.840 -14.584 -15.892
  -6.837 -14.861 -16.627
  -6.834 -16.458 -16.700
  -6.831 -49.500     NaN
  -6.828 -16.266 -49.500
  -6.825 -16.414 -16.631
  -6.822 -16.187 -16.434
  -6.819 -15.904 -49.500
  -6.816 -16.703 -16.927
  -6.813 -16.810 -49.500
  -6.810 -16.776 -49.500
  -6.807 -49.500     NaN
  -6.804 -16.423 -49.500
  -6.801 -15.873 -49.500
  -6.798 -16.409 -49.500
  -6.795 -17.261 -49.500
  -6.792 -16.524 -16.709
  -6.789 -49.500 -49.500
  -6.787 -16.229 -16.468
  -6.784 -17.120 -49.500
  -6.781 -16.119 -17.316
  -6.778 -15.677 -16.630
  -6.775 -16.810 -49.500
  -6.773 -49.500     NaN
  -6.770 -49.500     NaN
  -6.767 -49.500     NaN
  -6.765 -16.144 -16.470
  -6.762 -49.500     NaN
  -6.759 -16.226 -49.500
  -6.757 -14.255 -14.255
  -6.754 -16.329 -16.533
  -6.751 -49.500 -49.500
  -6.749 -49.500     NaN
  -6.746 -15.110 -16.260
  -6.744 -15.691 -49.500
  -6.741 -17.414 -49.500
  -6.739 -49.500     NaN
  -6.736 -16.174 -16.174
  -6.734 -16.001 -49.500
  -6.731 -16.169 -16.679
  -6.729 -16.665 -49.500
  -6.726 -49.500     NaN
  -6.724 -17.013 -49.500
  -6.721 -49.500 -49.500
  -6.719 -16.680 -16.680
  -6.717 -16.068 -16.234
  -6.714 -16.526 -16.820
  -6.712 -49.500     NaN
  -6.709 -49.500     NaN
  -6.707 -49.500 -49.500
  -6.705 -16.699 -49.500
  -6.702 -49.500     NaN
  -6.700 -15.939 -16.613
  -6.698 -16.425 -49.500
  -6.696 -49.500 -49.500
  -6.693 -49.500     NaN
  -6.691 -15.491 -15.702
  -6.689 -49.500     NaN
  -6.687 -16.401 -49.500
  -6.684 -49.500 -49.500
  -6.682 -49.500 -49.500
  -6.680 -49.500 -49.500
  -6.678 -16.265 -49.500
  -6.675 -16.441 -16.441
  -6.673 -49.500 -49.500
  -6.671 -49.500 -49.500
  -6.669 -16.612 -49.500
  -6.667 -49.500     NaN
  -6.665 -16.346 -49.500
  -6.663 -49.500     NaN
  -6.661 -49.500     NaN
  -6.658 -49.500 -49.500
  -6.656 -49.500 -49.500
  -6.654 -49.500     NaN
  -6.652 -49.500     NaN
  -6.650 -49.500     NaN
  -6.648 -49.500     NaN
  -6.646 -49.500     NaN
  -6.644 -49.500 -49.500
  -6.642 -15.609 -49.500
  -6.640 -49.500 -49.500
  -6.638 -49.500 -49.500
  -6.636 -49.500 -49.500
  -6.634 -49.500     NaN
  -6.632 -49.500     NaN
  -6.630 -14.954 -14.954
  -6.628 -15.810 -15.810
  -6.626 -49.500 -49.500
  -6.624 -49.500 -49.500
  -6.622 -49.500 -49.500
  -6.620 -49.500 -49.500
  -6.618 -16.625 -49.500
  -6.617 -49.500     NaN
  -6.615 -49.500 -49.500
  -6.613 -15.563 -15.563
  -6.611 -49.500 -49.500
  -6.609 -49.500 -49.500
  -6.607 -17.025 -49.500
  -6.605 -49.500 -49.500
  -6.603 -49.500 -49.500
  -6.602 -16.392 -16.392
  -6.600 -49.500 -49.500
  -6.598 -49.500     NaN
  -6.596 -49.500 -49.500
  -6.594 -49.500 -49.500
