  -8.861 -13.831 -13.831
  -8.599 -14.002 -14.002
  -8.442 -14.085 -14.085
  -8.329 -14.207 -14.207
  -8.239 -14.292 -14.292
  -8.166 -13.951 -13.951
  -8.103 -14.382 -14.382
  -8.048 -14.431 -14.431
  -7.999 -14.412 -14.412
  -7.955 -14.470 -14.470
  -7.916 -14.555 -14.555
  -7.879 -14.635 -14.635
  -7.846 -14.638 -14.638
  -7.815 -14.351 -14.700
  -7.786 -14.786 -14.786
  -7.758 -14.608 -14.759
  -7.733 -14.618 -14.780
  -7.709 -14.699 -14.904
  -7.686 -14.442 -14.442
  -7.664 -14.475 -14.990
  -7.643 -14.565 -14.565
  -7.624 -14.865 -14.865
  -7.605 -15.227 -15.227
  -7.586 -14.784 -15.043
  -7.569 -14.732 -15.171
  -7.552 -15.144 -15.144
  -7.536 -14.973 -14.973
  -7.521 -14.956 -15.126
  -7.506 -14.926 -15.092
  -7.491 -15.287 -15.287
  -7.477 -15.009 -15.009
  -7.464 -15.269 -15.269
  -7.451 -15.120 -15.120
  -7.438 -15.098 -15.098
  -7.425 -15.407 -15.570
  -7.413 -14.937 -15.201
  -7.401 -15.140 -15.140
  -7.390 -15.299 -15.299
  -7.379 -14.247 -15.087
  -7.368 -15.423 -15.423
  -7.357 -15.129 -15.624
  -7.347 -15.653 -15.828
  -7.337 -15.435 -15.716
  -7.327 -14.986 -14.986
  -7.317 -15.624 -15.624
  -7.308 -15.156 -15.359
  -7.299 -15.692 -15.692
  -7.290 -15.481 -15.481
  -7.281 -15.200 -15.438
  -7.272 -15.091 -15.671
  -7.264 -15.208 -15.495
  -7.255 -15.861 -15.861
  -7.247 -15.289 -16.120
  -7.239 -15.805 -15.805
  -7.231 -15.173 -15.403
  -7.223 -15.527 -15.527
  -7.216 -14.576 -15.007
  -7.208 -15.299 -15.299
  -7.201 -15.172 -15.387
  -7.194 -15.978 -15.978
  -7.187 -15.507 -15.818
  -7.180 -15.645 -15.796
  -7.173 -15.881 -16.051
  -7.166 -15.683 -15.683
  -7.159 -15.939 -15.939
  -7.153 -15.731 -15.731
  -7.146 -15.599 -16.025
  -7.140 -15.161 -15.370
  -7.133 -15.751 -16.053
  -7.127 -14.848 -15.727
  -7.121 -14.675 -16.023
  -7.115 -15.568 -15.910
  -7.109 -16.199 -16.199
  -7.103 -15.991 -15.991
  -7.098 -15.828 -16.120
  -7.092 -15.566 -15.731
  -7.086 -15.933 -16.187
  -7.081 -16.056 -16.056
  -7.075 -15.357 -16.009
  -7.070 -15.999 -15.999
  -7.064 -15.880 -16.060
  -7.059 -16.262 -16.262
  -7.054 -15.971 -16.218
  -7.049 -16.150 -16.150
  -7.043 -15.542 -16.014
  -7.038 -16.209 -16.478
  -7.033 -16.041 -16.294
  -7.029 -16.371 -16.371
  -7.024 -16.039 -16.039
  -7.019 -15.333 -16.361
  -7.014 -15.851 -16.286
  -7.009 -15.796 -16.044
  -7.005 -16.562 -16.789
  -7.000 -15.374 -15.717
  -6.995 -15.969 -16.270
  -6.991 -16.263 -16.418
  -6.986 -16.164 -16.164
  -6.982 -15.940 -16.160
  -6.978 -15.760 -15.760
  -6.973 -15.591 -15.968
  -6.969 -16.031 -16.195
  -6.965 -15.894 -16.141
  -6.961 -15.691 -16.601
  -6.956 -15.878 -16.560
  -6.952 -15.778 -16.268
  -6.948 -16.833 -16.833
  -6.944 -15.761 -16.026
  -6.940 -16.172 -16.172
  -6.936 -16.874 -17.125
  -6.932 -16.703 -21.829
  -6.928 -16.644 -16.817
  -6.924 -16.620 -16.847
  -6.920 -15.981 -16.158
  -6.917 -16.371 -17.419
  -6.913 -15.656 -16.125
  -6.909 -15.942 -16.597
  -6.905 -17.132 -22.372
  -6.902 -16.150 -16.338
  -6.898 -16.687 -17.023
  -6.894 -15.928 -16.432
  -6.891 -16.835 -49.500
  -6.887 -16.954 -17.215
  -6.884 -16.283 -16.938
  -6.880 -15.945 -49.500
  -6.877 -16.286 -16.454
  -6.873 -16.499 -49.500
  -6.870 -16.338 -16.763
  -6.867 -15.756 -15.991
  -6.863 -49.500     NaN
  -6.860 -15.532 -49.500
  -6.857 -16.677 -17.016
  -6.853 -16.391 -16.872
  -6.850 -16.296 -16.507
  -6.847 -15.922 -49.500
  -6.844 -15.751 -49.500
  -6.840 -17.256 -49.500
  -6.837 -16.544 -49.500
  -6.834 -16.464 -49.500
  -6.831 -16.777 -49.500
  -6.828 -16.401 -16.558
  -6.825 -49.500     NaN
  -6.822 -16.075 -16.271
  -6.819 -16.751 -16.952
  -6.816 -16.434 -49.500
  -6.813 -16.048 -16.466
  -6.810 -15.516 -16.133
  -6.807 -15.581 -17.020
  -6.804 -16.697 -49.500
  -6.801 -15.981 -49.500
  -6.798 -49.500 -49.500
  -6.795 -16.054 -16.644
  -6.792 -49.500     NaN
  -6.789 -15.279 -16.269
  -6.787 -49.500     NaN
  -6.784 -16.935 -17.323
  -6.781 -49.500 -49.500
  -6.778 -49.500     NaN
  -6.775 -49.500     NaN
  -6.773 -49.500     NaN
  -6.770 -16.756 -17.200
  -6.767 -49.500     NaN
  -6.765 -16.563 -16.799
  -6.762 -16.584 -49.500
  -6.759 -16.278 -16.575
  -6.757 -16.117 -49.500
  -6.754 -16.654 -16.833
  -6.751 -49.500     NaN
  -6.749 -49.500 -49.500
  -6.746 -16.680 -49.500
  -6.744 -49.500     NaN
  -6.741 -49.500     NaN
  -6.739 -49.500     NaN
  -6.736 -15.978 -16.130
  -6.734 -49.500     NaN
  -6.731 -16.853 -49.500
  -6.729 -16.597 -16.597
  -6.726 -49.500     NaN
  -6.724 -49.500 -49.500
  -6.721 -16.572 -49.500
  -6.719 -15.298 -49.500
  -6.717 -49.500     NaN
  -6.714 -16.353 -16.353
  -6.712 -16.042 -16.384
  -6.709 -49.500 -49.500
  -6.707 -15.945 -49.500
  -6.705 -16.054 -49.500
  -6.702 -14.673 -16.494
  -6.700 -16.568 -16.568
  -6.698 -49.500 -49.500
  -6.696 -49.500     NaN
  -6.693 -49.500 -49.500
  -6.691 -49.500     NaN
  -6.689 -16.392 -16.392
  -6.687 -16.853 -16.853
  -6.684 -49.500 -49.500
  -6.682 -16.364 -16.364
  -6.680 -15.984 -49.500
  -6.678 -16.809 -16.809
  -6.675 -49.500     NaN
  -6.673 -49.500 -49.500
  -6.671 -49.500     NaN
  -6.669 -49.500     NaN
  -6.667 -49.500 -49.500
  -6.665 -49.500     NaN
  -6.663 -49.500 -49.500
  -6.661 -49.500     NaN
  -6.658 -49.500 -49.500
  -6.656 -17.191 -17.191
  -6.654 -49.500 -49.500
  -6.652 -49.500 -49.500
  -6.650 -49.500 -49.500
  -6.648 -16.306 -16.306
  -6.646 -49.500 -49.500
  -6.644 -49.500 -49.500
  -6.642 -15.156 -15.156
  -6.640 -49.500 -49.500
  -6.638 -49.500 -49.500
  -6.636 -49.500 -49.500
  -6.634 -16.113 -16.997
  -6.632 -15.569 -49.500
  -6.630 -49.500 -49.500
  -6.628 -49.500 -49.500
  -6.626 -49.500     NaN
  -6.624 -15.468 -49.500
  -6.622 -49.500 -49.500
  -6.620 -15.798 -49.500
  -6.618 -49.500 -49.500
  -6.617 -49.500 -49.500
  -6.615 -49.500 -49.500
  -6.613 -49.500 -49.500
  -6.611 -16.703 -16.703
  -6.609 -16.922 -16.922
  -6.607 -49.500     NaN
  -6.605 -49.500 -49.500
  -6.603 -16.113 -49.500
  -6.602 -49.500 -49.500
  -6.600 -16.459 -49.500
  -6.598 -49.500     NaN
  -6.596 -49.500 -49.500
  -6.594 -49.500 -49.500
