  -8.861 -13.857 -13.857
  -8.599 -13.929 -13.929
  -8.442 -14.081 -14.081
  -8.329 -14.121 -14.121
  -8.239 -14.181 -14.181
  -8.166 -14.268 -14.268
  -8.103 -14.261 -14.261
  -8.048 -14.331 -14.331
  -7.999 -14.514 -14.514
  -7.955 -14.572 -14.572
  -7.916 -14.301 -14.301
  -7.879 -14.429 -14.619
  -7.846 -14.689 -14.689
  -7.815 -14.598 -14.598
  -7.786 -14.802 -14.802
  -7.758 -14.469 -14.469
  -7.733 -14.311 -14.756
  -7.709 -14.771 -14.771
  -7.686 -14.812 -15.034
  -7.664 -14.126 -14.828
  -7.643 -14.746 -14.746
  -7.624 -14.310 -14.933
  -7.605 -14.966 -14.966
  -7.586 -14.639 -14.975
  -7.569 -15.068 -15.068
  -7.552 -15.368 -15.368
  -7.536 -14.196 -14.456
  -7.521 -15.216 -15.216
  -7.506 -15.293 -15.293
  -7.491 -15.293 -15.293
  -7.477 -15.139 -15.139
  -7.464 -14.916 -15.091
  -7.451 -15.248 -15.248
  -7.438 -14.861 -14.861
  -7.425 -14.471 -15.160
  -7.413 -15.010 -15.297
  -7.401 -15.267 -15.267
  -7.390 -15.091 -15.427
  -7.379 -15.148 -15.148
  -7.368 -15.251 -15.576
  -7.357 -15.108 -15.309
  -7.347 -15.261 -15.476
  -7.337 -14.511 -15.531
  -7.327 -15.460 -15.624
  -7.317 -15.316 -15.316
  -7.308 -15.443 -15.443
  -7.299 -15.784 -15.784
  -7.290 -15.646 -15.826
  -7.281 -15.501 -15.501
  -7.272 -15.287 -15.605
  -7.264 -15.194 -15.511
  -7.255 -15.524 -15.524
  -7.247 -15.531 -15.531
  -7.239 -16.049 -16.049
  -7.231 -14.745 -15.508
  -7.223 -15.513 -15.513
  -7.216 -15.161 -15.741
  -7.208 -15.745 -15.745
  -7.201 -15.156 -15.646
  -7.194 -15.404 -15.641
  -7.187 -15.416 -15.741
  -7.180 -15.779 -15.983
  -7.173 -15.954 -15.954
  -7.166 -14.978 -15.628
  -7.159 -15.514 -15.778
  -7.153 -15.898 -15.898
  -7.146 -14.904 -15.581
  -7.140 -15.707 -15.879
  -7.133 -15.664 -16.239
  -7.127 -16.037 -16.037
  -7.121 -15.819 -15.978
  -7.115 -16.017 -16.183
  -7.109 -16.345 -16.572
  -7.103 -15.273 -15.653
  -7.098 -15.863 -15.863
  -7.092 -15.602 -16.146
  -7.086 -15.961 -16.235
  -7.081 -15.048 -16.040
  -7.075 -15.956 -15.956
  -7.070 -15.745 -16.033
  -7.064 -15.774 -15.774
  -7.059 -15.841 -16.128
  -7.054 -16.132 -16.132
  -7.049 -16.234 -16.234
  -7.043 -16.080 -16.247
  -7.038 -16.397 -16.557
  -7.033 -16.188 -16.188
  -7.029 -15.864 -16.107
  -7.024 -15.887 -16.040
  -7.019 -15.829 -16.364
  -7.014 -15.737 -15.737
  -7.009 -15.145 -16.622
  -7.005 -15.449 -15.716
  -7.000 -16.171 -16.425
  -6.995 -16.479 -16.734
  -6.991 -15.990 -16.213
  -6.986 -16.231 -16.231
  -6.982 -15.394 -16.246
  -6.978 -15.996 -16.326
  -6.973 -15.992 -16.489
  -6.969 -16.221 -16.431
  -6.965 -16.116 -16.116
  -6.961 -15.588 -15.830
  -6.956 -15.111 -15.906
  -6.952 -16.494 -16.876
  -6.948 -15.733 -17.031
  -6.944 -15.719 -15.946
  -6.940 -16.074 -16.301
  -6.936 -16.287 -17.000
  -6.932 -17.046 -22.398
  -6.928 -49.500     NaN
  -6.924 -15.597 -15.881
  -6.920 -16.837 -17.108
  -6.917 -16.538 -16.711
  -6.913 -16.342 -16.713
  -6.909 -16.241 -16.241
  -6.905 -16.447 -16.649
  -6.902 -17.028 -49.500
  -6.898 -16.105 -16.281
  -6.894 -16.234 -16.483
  -6.891 -16.037 -16.217
  -6.887 -16.657 -16.923
  -6.884 -15.821 -16.258
  -6.880 -16.329 -16.723
  -6.877 -17.062 -49.500
  -6.873 -15.203 -16.224
  -6.870 -15.421 -16.219
  -6.867 -16.417 -16.581
  -6.863 -16.202 -49.500
  -6.860 -16.079 -16.438
  -6.857 -16.280 -16.570
  -6.853 -16.023 -16.185
  -6.850 -49.500     NaN
  -6.847 -15.541 -17.005
  -6.844 -16.414 -16.931
  -6.840 -16.209 -16.840
  -6.837 -16.968 -49.500
  -6.834 -16.622 -49.500
  -6.831 -49.500     NaN
  -6.828 -16.542 -16.913
  -6.825 -16.234 -16.783
  -6.822 -16.016 -49.500
  -6.819 -15.652 -16.102
  -6.816 -16.142 -16.631
  -6.813 -17.163 -49.500
  -6.810 -49.500     NaN
  -6.807 -15.840 -16.070
  -6.804 -49.500     NaN
  -6.801 -15.870 -16.268
  -6.798 -15.968 -16.379
  -6.795 -16.009 -16.282
  -6.792 -16.825 -49.500
  -6.789 -16.456 -16.937
  -6.787 -49.500     NaN
  -6.784 -49.500     NaN
  -6.781 -16.641 -49.500
  -6.778 -15.659 -15.824
  -6.775 -16.172 -16.172
  -6.773 -16.607 -49.500
  -6.770 -16.710 -17.058
  -6.767 -16.476 -49.500
  -6.765 -49.500     NaN
  -6.762 -15.145 -15.942
  -6.759 -16.317 -49.500
  -6.757 -49.500     NaN
  -6.754 -15.665 -16.557
  -6.751 -49.500     NaN
  -6.749 -16.004 -16.694
  -6.746 -16.288 -16.790
  -6.744 -49.500     NaN
  -6.741 -16.582 -49.500
  -6.739 -15.518 -49.500
  -6.736 -16.129 -16.376
  -6.734 -16.250 -16.728
  -6.731 -49.500 -49.500
  -6.729 -16.554 -49.500
  -6.726 -49.500 -49.500
  -6.724 -16.507 -49.500
  -6.721 -49.500     NaN
  -6.719 -16.690 -49.500
  -6.717 -49.500     NaN
  -6.714 -49.500 -49.500
  -6.712 -49.500 -49.500
  -6.709 -49.500 -49.500
  -6.707 -17.125 -49.500
  -6.705 -49.500 -49.500
  -6.702 -49.500 -49.500
  -6.700 -49.500     NaN
  -6.698 -49.500     NaN
  -6.696 -17.195 -49.500
  -6.693 -16.506 -49.500
  -6.691 -49.500     NaN
  -6.689 -49.500 -49.500
  -6.687 -15.811 -49.500
  -6.684 -49.500 -49.500
  -6.682 -49.500 -49.500
  -6.680 -49.500 -49.500
  -6.678 -49.500     NaN
  -6.675 -16.171 -16.867
  -6.673 -16.620 -49.500
  -6.671 -17.071 -49.500
  -6.669 -49.500 -49.500
  -6.667 -49.500     NaN
  -6.665 -49.500     NaN
  -6.663 -15.869 -16.242
  -6.661 -16.736 -49.500
  -6.658 -49.500 -49.500
  -6.656 -49.500     NaN
  -6.654 -49.500 -49.500
  -6.652 -49.500 -49.500
  -6.650 -16.655 -16.655
  -6.648 -49.500 -49.500
  -6.646 -49.500 -49.500
  -6.644 -49.500     NaN
  -6.642 -49.500 -49.500
  -6.640 -49.500 -49.500
  -6.638 -49.500 -49.500
  -6.636 -49.500 -49.500
  -6.634 -16.546 -16.803
  -6.632 -49.500 -49.500
  -6.630 -16.138 -16.138
  -6.628 -49.500 -49.500
  -6.626 -49.500 -49.500
  -6.624 -16.517 -16.517
  -6.622 -49.500 -49.500
  -6.620 -49.500 -49.500
  -6.618 -49.500 -49.500
  -6.617 -49.500 -49.500
  -6.615 -49.500 -49.500
  -6.613 -49.500 -49.500
  -6.611 -49.500 -49.500
  -6.609 -49.500     NaN
  -6.607 -16.620 -49.500
  -6.605 -49.500 -49.500
  -6.603 -16.373 -16.373
  -6.602 -49.500 -49.500
  -6.600 -49.500     NaN
  -6.598 -49.500 -49.500
  -6.596 -49.500 -49.500
  -6.594 -49.500 -49.500
