  -8.861 -13.852 -13.852
  -8.599 -14.018 -14.018
  -8.442 -14.145 -14.145
  -8.329 -13.953 -13.953
  -8.239 -14.094 -14.246
  -8.166 -14.406 -14.406
  -8.103 -14.187 -14.187
  -8.048 -14.443 -14.443
  -7.999 -14.498 -14.498
  -7.955 -14.541 -14.541
  -7.916 -14.312 -14.534
  -7.879 -14.729 -14.729
  -7.846 -14.663 -14.663
  -7.815 -14.542 -14.542
  -7.786 -14.757 -14.757
  -7.758 -14.488 -14.905
  -7.733 -14.847 -14.847
  -7.709 -14.694 -14.694
  -7.686 -14.765 -14.765
  -7.664 -14.481 -14.717
  -7.643 -14.694 -14.985
  -7.624 -14.706 -14.981
  -7.605 -15.063 -15.063
  -7.586 -14.823 -14.823
  -7.569 -14.658 -15.078
  -7.552 -15.046 -15.046
  -7.536 -14.595 -14.595
  -7.521 -15.327 -15.327
  -7.506 -15.014 -15.210
  -7.491 -15.230 -15.230
  -7.477 -15.243 -15.243
  -7.464 -14.880 -15.285
  -7.451 -14.978 -15.302
  -7.438 -15.290 -15.290
  -7.425 -15.099 -15.099
  -7.413 -15.567 -15.567
  -7.401 -15.361 -15.581
  -7.390 -14.774 -14.774
  -7.379 -15.362 -15.362
  -7.368 -15.454 -15.454
  -7.357 -15.656 -15.656
  -7.347 -15.163 -15.430
  -7.337 -15.046 -15.384
  -7.327 -15.848 -15.848
  -7.317 -15.569 -15.569
  -7.308 -15.448 -15.639
  -7.299 -15.593 -15.593
  -7.290 -15.454 -15.657
  -7.281 -15.120 -15.362
  -7.272 -15.618 -15.618
  -7.264 -15.418 -15.720
  -7.255 -15.719 -15.719
  -7.247 -15.165 -15.418
  -7.239 -15.407 -15.602
  -7.231 -15.287 -15.529
  -7.223 -15.814 -16.094
  -7.216 -15.381 -15.381
  -7.208 -15.183 -15.842
  -7.201 -15.781 -15.781
  -7.194 -15.809 -15.809
  -7.187 -15.503 -15.503
  -7.180 -14.676 -15.756
  -7.173 -15.780 -16.002
  -7.166 -15.859 -16.226
  -7.159 -16.043 -16.043
  -7.153 -15.977 -15.977
  -7.146 -15.782 -15.782
  -7.140 -15.819 -15.819
  -7.133 -15.612 -16.039
  -7.127 -15.641 -15.839
  -7.121 -15.813 -16.026
  -7.115 -15.911 -16.317
  -7.109 -15.593 -15.980
  -7.103 -16.076 -16.245
  -7.098 -16.093 -16.093
  -7.092 -15.951 -15.951
  -7.086 -15.228 -16.027
  -7.081 -15.765 -16.059
  -7.075 -15.826 -15.999
  -7.070 -16.387 -16.387
  -7.064 -15.827 -16.115
  -7.059 -16.153 -16.153
  -7.054 -16.165 -16.165
  -7.049 -16.159 -16.539
  -7.043 -15.802 -15.802
  -7.038 -16.313 -16.313
  -7.033 -15.743 -16.319
  -7.029 -16.666 -16.666
  -7.024 -16.344 -16.523
  -7.019 -16.329 -16.552
  -7.014 -16.166 -16.166
  -7.009 -16.450 -16.646
  -7.005 -15.926 -16.399
  -7.000 -15.284 -16.173
  -6.995 -16.335 -16.580
  -6.991 -16.361 -16.361
  -6.986 -16.000 -16.417
  -6.982 -15.472 -15.871
  -6.978 -15.989 -15.989
  -6.973 -16.193 -16.193
  -6.969 -15.952 -16.382
  -6.965 -15.892 -16.470
  -6.961 -16.117 -16.480
  -6.956 -16.651 -16.868
  -6.952 -16.748 -17.107
  -6.948 -16.207 -16.982
  -6.944 -15.264 -15.536
  -6.940 -15.922 -16.235
  -6.936 -15.562 -15.969
  -6.932 -16.377 -16.679
  -6.928 -15.415 -15.942
  -6.924 -16.201 -16.614
  -6.920 -16.201 -16.358
  -6.917 -15.792 -16.350
  -6.913 -16.295 -16.528
  -6.909 -16.358 -16.532
  -6.905 -15.687 -16.632
  -6.902 -15.532 -15.785
  -6.898 -16.205 -16.894
  -6.894 -16.534 -16.912
  -6.891 -15.542 -16.180
  -6.887 -15.459 -16.952
  -6.884 -15.486 -16.196
  -6.880 -15.693 -49.500
  -6.877 -15.850 -16.346
  -6.873 -49.500     NaN
  -6.870 -16.990 -17.326
  -6.867 -15.796 -16.862
  -6.863 -16.746 -16.983
  -6.860 -15.771 -16.563
  -6.857 -15.344 -15.950
  -6.853 -49.500     NaN
  -6.850 -49.500     NaN
  -6.847 -16.353 -16.628
  -6.844 -16.200 -49.500
  -6.840 -16.283 -16.870
  -6.837 -15.648 -16.951
  -6.834 -49.500     NaN
  -6.831 -16.804 -49.500
  -6.828 -16.358 -16.564
  -6.825 -16.791 -49.500
  -6.822 -49.500     NaN
  -6.819 -16.515 -49.500
  -6.816 -16.284 -49.500
  -6.813 -49.500     NaN
  -6.810 -15.923 -16.437
  -6.807 -16.846 -49.500
  -6.804 -14.906 -16.694
  -6.801 -16.832 -17.147
  -6.798 -16.352 -49.500
  -6.795 -16.376 -49.500
  -6.792 -49.500     NaN
  -6.789 -16.193 -17.439
  -6.787 -49.500     NaN
  -6.784 -49.500     NaN
  -6.781 -16.234 -49.500
  -6.778 -16.576 -17.141
  -6.775 -16.451 -16.451
  -6.773 -16.799 -49.500
  -6.770 -16.955 -49.500
  -6.767 -49.500     NaN
  -6.765 -16.099 -16.797
  -6.762 -16.662 -49.500
  -6.759 -49.500     NaN
  -6.757 -49.500     NaN
  -6.754 -49.500     NaN
  -6.751 -49.500     NaN
  -6.749 -16.163 -16.163
  -6.746 -16.331 -16.638
  -6.744 -15.872 -49.500
  -6.741 -49.500     NaN
  -6.739 -16.342 -49.500
  -6.736 -16.745 -16.745
  -6.734 -49.500 -49.500
  -6.731 -15.996 -49.500
  -6.729 -16.307 -16.307
  -6.726 -16.619 -49.500
  -6.724 -16.928 -49.500
  -6.721 -16.192 -49.500
  -6.719 -49.500     NaN
  -6.717 -49.500 -49.500
  -6.714 -16.746 -49.500
  -6.712 -49.500 -49.500
  -6.709 -49.500 -49.500
  -6.707 -16.939 -49.500
  -6.705 -15.940 -17.029
  -6.702 -49.500     NaN
  -6.700 -49.500     NaN
  -6.698 -16.273 -16.273
  -6.696 -49.500     NaN
  -6.693 -16.761 -49.500
  -6.691 -16.341 -49.500
  -6.689 -16.741 -49.500
  -6.687 -16.318 -49.500
  -6.684 -16.567 -49.500
  -6.682 -16.150 -16.150
  -6.680 -15.281 -49.500
  -6.678 -16.813 -49.500
  -6.675 -15.693 -49.500
  -6.673 -16.569 -16.569
  -6.671 -15.740 -16.103
  -6.669 -49.500 -49.500
  -6.667 -49.500     NaN
  -6.665 -49.500     NaN
  -6.663 -49.500     NaN
  -6.661 -16.359 -16.795
  -6.658 -16.149 -49.500
  -6.656 -49.500     NaN
  -6.654 -49.500 -49.500
  -6.652 -16.526 -49.500
  -6.650 -49.500     NaN
  -6.648 -49.500 -49.500
  -6.646 -49.500 -49.500
  -6.644 -16.598 -16.598
  -6.642 -49.500     NaN
  -6.640 -16.505 -49.500
  -6.638 -49.500 -49.500
  -6.636 -49.500 -49.500
  -6.634 -49.500     NaN
  -6.632 -49.500 -49.500
  -6.630 -49.500 -49.500
  -6.628 -49.500 -49.500
  -6.626 -15.866 -15.866
  -6.624 -49.500 -49.500
  -6.622 -49.500 -49.500
  -6.620 -49.500 -49.500
  -6.618 -49.500     NaN
  -6.617 -49.500 -49.500
  -6.615 -49.500 -49.500
  -6.613 -49.500     NaN
  -6.611 -16.417 -49.500
  -6.609 -49.500 -49.500
  -6.607 -49.500 -49.500
  -6.605 -15.929 -15.929
  -6.603 -49.500 -49.500
  -6.602 -49.500 -49.500
  -6.600 -49.500 -49.500
  -6.598 -49.500 -49.500
  -6.596 -49.500 -49.500
  -6.594 -15.516 -15.516
