  -8.861 -13.830 -13.830
  -8.599 -13.969 -13.969
  -8.442 -14.108 -14.108
  -8.329 -14.022 -14.022
  -8.239 -14.149 -14.149
  -8.166 -14.168 -14.168
  -8.103 -14.087 -14.087
  -8.048 -14.446 -14.446
  -7.999 -14.319 -14.319
  -7.955 -14.175 -14.459
  -7.916 -14.673 -14.673
  -7.879 -14.681 -14.681
  -7.846 -14.687 -14.687
  -7.815 -14.696 -14.696
  -7.786 -14.833 -14.833
  -7.758 -14.809 -14.809
  -7.733 -14.970 -14.970
  -7.709 -14.803 -14.803
  -7.686 -14.777 -14.777
  -7.664 -14.933 -14.933
  -7.643 -14.890 -15.047
  -7.624 -14.681 -14.900
  -7.605 -14.616 -15.115
  -7.586 -15.070 -15.070
  -7.569 -14.331 -15.058
  -7.552 -14.851 -14.851
  -7.536 -14.942 -14.942
  -7.521 -15.021 -15.021
  -7.506 -14.750 -14.916
  -7.491 -15.279 -15.279
  -7.477 -15.159 -15.159
  -7.464 -15.371 -15.371
  -7.451 -14.833 -15.282
  -7.438 -14.984 -15.464
  -7.425 -15.014 -15.014
  -7.413 -15.349 -15.349
  -7.401 -14.315 -15.653
  -7.390 -15.190 -15.190
  -7.379 -15.456 -15.456
  -7.368 -15.408 -15.408
  -7.357 -15.480 -15.480
  -7.347 -15.636 -15.636
  -7.337 -15.290 -15.473
  -7.327 -14.910 -15.139
  -7.317 -15.267 -15.267
  -7.308 -15.013 -15.318
  -7.299 -15.193 -15.654
  -7.290 -15.220 -15.556
  -7.281 -15.251 -15.931
  -7.272 -15.017 -15.623
  -7.264 -14.820 -15.790
  -7.255 -15.408 -15.573
  -7.247 -15.556 -15.769
  -7.239 -15.745 -16.010
  -7.231 -15.785 -15.785
  -7.223 -15.748 -16.012
  -7.216 -15.755 -15.755
  -7.208 -15.579 -15.579
  -7.201 -15.849 -15.849
  -7.194 -15.786 -15.786
  -7.187 -15.993 -15.993
  -7.180 -15.484 -15.746
  -7.173 -15.150 -15.336
  -7.166 -15.783 -15.783
  -7.159 -15.270 -15.894
  -7.153 -14.333 -14.516
  -7.146 -15.834 -15.834
  -7.140 -15.639 -16.158
  -7.133 -15.567 -15.996
  -7.127 -15.618 -15.797
  -7.121 -16.015 -16.015
  -7.115 -14.506 -15.756
  -7.109 -15.675 -15.675
  -7.103 -15.818 -15.818
  -7.098 -15.943 -15.943
  -7.092 -15.972 -15.972
  -7.086 -15.792 -15.982
  -7.081 -15.640 -16.018
  -7.075 -15.687 -16.369
  -7.070 -15.558 -15.722
  -7.064 -15.547 -16.127
  -7.059 -15.028 -15.654
  -7.054 -15.640 -15.881
  -7.049 -16.135 -16.135
  -7.043 -15.212 -15.400
  -7.038 -15.593 -15.768
  -7.033 -16.413 -16.606
  -7.029 -16.264 -16.418
  -7.024 -15.799 -15.799
  -7.019 -15.460 -16.072
  -7.014 -15.826 -15.826
  -7.009 -15.844 -16.058
  -7.005 -15.950 -16.604
  -7.000 -16.278 -16.444
  -6.995 -16.236 -16.236
  -6.991 -16.020 -16.020
  -6.986 -15.264 -15.759
  -6.982 -16.490 -16.699
  -6.978 -15.904 -15.904
  -6.973 -15.140 -16.246
  -6.969 -16.551 -16.951
  -6.965 -15.772 -16.112
  -6.961 -16.120 -16.425
  -6.956 -16.534 -17.035
  -6.952 -16.011 -16.312
  -6.948 -16.317 -17.027
  -6.944 -14.994 -15.672
  -6.940 -15.993 -16.340
  -6.936 -16.331 -16.331
  -6.932 -16.045 -16.625
  -6.928 -17.170 -49.500
  -6.924 -16.097 -16.404
  -6.920 -16.257 -16.579
  -6.917 -16.590 -16.891
  -6.913 -15.740 -16.362
  -6.909 -16.171 -16.367
  -6.905 -15.867 -16.042
  -6.902 -16.937 -17.351
  -6.898 -16.436 -16.657
  -6.894 -16.648 -49.500
  -6.891 -15.897 -16.110
  -6.887 -16.419 -16.419
  -6.884 -16.131 -17.253
  -6.880 -16.449 -16.724
  -6.877 -16.797 -17.244
  -6.873 -16.417 -49.500
  -6.870 -17.135 -17.510
  -6.867 -16.384 -49.500
  -6.863 -16.437 -16.437
  -6.860 -16.269 -16.882
  -6.857 -16.166 -49.500
  -6.853 -15.679 -16.632
  -6.850 -49.500     NaN
  -6.847 -16.544 -49.500
  -6.844 -16.368 -16.602
  -6.840 -16.384 -16.971
  -6.837 -49.500 -49.500
  -6.834 -16.593 -49.500
  -6.831 -16.841 -49.500
  -6.828 -49.500 -49.500
  -6.825 -49.500     NaN
  -6.822 -16.840 -49.500
  -6.819 -16.387 -49.500
  -6.816 -16.335 -16.522
  -6.813 -49.500     NaN
  -6.810 -16.378 -16.378
  -6.807 -16.814 -49.500
  -6.804 -15.500 -15.982
  -6.801 -49.500     NaN
  -6.798 -15.759 -15.953
  -6.795 -49.500     NaN
  -6.792 -16.789 -49.500
  -6.789 -16.380 -49.500
  -6.787 -16.943 -16.943
  -6.784 -49.500     NaN
  -6.781 -16.796 -49.500
  -6.778 -16.089 -16.869
  -6.775 -49.500     NaN
  -6.773 -16.515 -16.713
  -6.770 -49.500 -49.500
  -6.767 -16.381 -49.500
  -6.765 -15.874 -49.500
  -6.762 -16.661 -16.853
  -6.759 -49.500 -49.500
  -6.757 -16.140 -16.391
  -6.754 -16.076 -49.500
  -6.751 -49.500     NaN
  -6.749 -17.217 -49.500
  -6.746 -16.243 -16.408
  -6.744 -16.632 -49.500
  -6.741 -49.500 -49.500
  -6.739 -49.500     NaN
  -6.736 -49.500     NaN
  -6.734 -16.112 -16.326
  -6.731 -49.500     NaN
  -6.729 -49.500     NaN
  -6.726 -49.500     NaN
  -6.724 -49.500     NaN
  -6.721 -16.849 -16.849
  -6.719 -16.083 -16.083
  -6.717 -49.500     NaN
  -6.714 -49.500 -49.500
  -6.712 -15.763 -49.500
  -6.709 -49.500     NaN
  -6.707 -49.500 -49.500
  -6.705 -16.720 -16.720
  -6.702 -49.500     NaN
  -6.700 -15.629 -15.841
  -6.698 -16.673 -49.500
  -6.696 -16.456 -16.456
  -6.693 -16.177 -16.344
  -6.691 -49.500 -49.500
  -6.689 -49.500     NaN
  -6.687 -16.656 -49.500
  -6.684 -16.252 -16.252
  -6.682 -49.500     NaN
  -6.680 -49.500 -49.500
  -6.678 -49.500 -49.500
  -6.675 -15.908 -49.500
  -6.673 -49.500     NaN
  -6.671 -49.500     NaN
  -6.669 -16.210 -49.500
  -6.667 -49.500     NaN
  -6.665 -16.144 -16.144
  -6.663 -16.445 -16.445
  -6.661 -16.220 -49.500
  -6.658 -17.124 -49.500
  -6.656 -49.500 -49.500
  -6.654 -49.500     NaN
  -6.652 -16.702 -16.702
  -6.650 -49.500 -49.500
  -6.648 -49.500 -49.500
  -6.646 -49.500 -49.500
  -6.644 -49.500 -49.500
  -6.642 -49.500 -49.500
  -6.640 -49.500 -49.500
  -6.638 -49.500 -49.500
  -6.636 -49.500 -49.500
  -6.634 -49.500     NaN
  -6.632 -49.500     NaN
  -6.630 -49.500 -49.500
  -6.628 -49.500     NaN
  -6.626 -49.500 -49.500
  -6.624 -49.500 -49.500
  -6.622 -49.500 -49.500
  -6.620 -16.365 -16.365
  -6.618 -16.423 -16.423
  -6.617 -49.500 -49.500
  -6.615 -16.668 -16.668
  -6.613 -49.500     NaN
  -6.611 -49.500     NaN
  -6.609 -49.500 -49.500
  -6.607 -49.500 -49.500
  -6.605 -49.500 -49.500
  -6.603 -49.500 -49.500
  -6.602 -49.500     NaN
  -6.600 -16.696 -16.696
  -6.598 -49.500 -49.500
  -6.596 -49.500 -49.500
  -6.594 -49.500 -49.500
