  -8.861 -13.817 -13.817
  -8.599 -14.002 -14.002
  -8.442 -14.098 -14.098
  -8.329 -14.072 -14.072
  -8.239 -14.383 -14.383
  -8.166 -14.298 -14.298
  -8.103 -14.319 -14.319
  -8.048 -14.349 -14.349
  -7.999 -14.347 -14.347
  -7.955 -14.409 -14.409
  -7.916 -14.499 -14.499
  -7.879 -14.416 -14.416
  -7.846 -14.073 -14.613
  -7.815 -14.659 -14.659
  -7.786 -14.540 -14.540
  -7.758 -14.807 -14.807
  -7.733 -14.848 -14.848
  -7.709 -14.873 -14.873
  -7.686 -15.005 -15.005
  -7.664 -14.815 -15.045
  -7.643 -15.042 -15.042
  -7.624 -14.888 -14.888
  -7.605 -15.032 -15.032
  -7.586 -14.838 -14.838
  -7.569 -14.845 -14.845
  -7.552 -14.685 -14.863
  -7.536 -15.121 -15.121
  -7.521 -15.119 -15.119
  -7.506 -14.825 -15.064
  -7.491 -15.382 -15.382
  -7.477 -15.293 -15.293
  -7.464 -15.221 -15.221
  -7.451 -14.706 -14.706
  -7.438 -15.099 -15.368
  -7.425 -15.304 -15.304
  -7.413 -15.046 -15.291
  -7.401 -15.267 -15.267
  -7.390 -15.309 -15.529
  -7.379 -15.281 -15.281
  -7.368 -14.444 -15.497
  -7.357 -15.595 -15.595
  -7.347 -15.180 -15.513
  -7.337 -15.176 -15.176
  -7.327 -14.645 -15.323
  -7.317 -15.004 -15.004
  -7.308 -15.584 -15.584
  -7.299 -15.016 -15.516
  -7.290 -15.687 -15.687
  -7.281 -15.427 -15.597
  -7.272 -15.660 -15.660
  -7.264 -15.521 -15.521
  -7.255 -15.139 -15.536
  -7.247 -15.749 -15.749
  -7.239 -14.954 -15.926
  -7.231 -15.475 -15.664
  -7.223 -14.986 -15.947
  -7.216 -15.817 -15.817
  -7.208 -14.292 -15.731
  -7.201 -15.758 -15.758
  -7.194 -15.643 -15.893
  -7.187 -15.550 -16.139
  -7.180 -15.259 -15.665
  -7.173 -15.922 -15.922
  -7.166 -15.200 -15.705
  -7.159 -15.475 -15.629
  -7.153 -14.736 -15.415
  -7.146 -15.732 -15.732
  -7.140 -15.488 -15.801
  -7.133 -15.954 -16.127
  -7.127 -16.174 -16.365
  -7.121 -15.864 -15.864
  -7.115 -14.743 -14.996
  -7.109 -15.607 -15.938
  -7.103 -15.548 -15.548
  -7.098 -16.308 -16.308
  -7.092 -15.524 -16.136
  -7.086 -16.339 -16.339
  -7.081 -15.890 -15.890
  -7.075 -15.493 -16.113
  -7.070 -16.050 -16.247
  -7.064 -16.003 -16.207
  -7.059 -15.297 -16.032
  -7.054 -16.480 -16.480
  -7.049 -16.121 -16.517
  -7.043 -16.387 -16.716
  -7.038 -15.693 -15.957
  -7.033 -14.728 -15.484
  -7.029 -15.883 -16.036
  -7.024 -16.423 -16.423
  -7.019 -15.225 -16.343
  -7.014 -14.817 -16.615
  -7.009 -16.439 -16.439
  -7.005 -15.193 -16.047
  -7.000 -15.444 -15.624
  -6.995 -16.304 -16.304
  -6.991 -15.684 -15.886
  -6.986 -16.217 -16.217
  -6.982 -15.446 -16.325
  -6.978 -15.970 -16.530
  -6.973 -15.548 -15.765
  -6.969 -16.353 -16.778
  -6.965 -16.291 -16.291
  -6.961 -15.191 -15.848
  -6.956 -15.780 -16.409
  -6.952 -16.116 -16.398
  -6.948 -16.721 -16.921
  -6.944 -15.623 -15.974
  -6.940 -16.092 -16.398
  -6.936 -16.709 -17.291
  -6.932 -16.316 -16.478
  -6.928 -16.128 -16.317
  -6.924 -16.397 -16.616
  -6.920 -16.285 -16.480
  -6.917 -16.142 -16.142
  -6.913 -16.447 -16.651
  -6.909 -16.047 -16.712
  -6.905 -15.832 -16.767
  -6.902 -16.104 -16.359
  -6.898 -22.595 -22.595
  -6.894 -15.861 -16.630
  -6.891 -15.973 -16.226
  -6.887 -23.416 -23.416
  -6.884 -15.832 -16.375
  -6.880 -15.783 -16.349
  -6.877 -15.849 -49.500
  -6.873 -16.682 -17.207
  -6.870 -16.207 -16.393
  -6.867 -16.739 -16.922
  -6.863 -16.535 -16.747
  -6.860 -16.902 -49.500
  -6.857 -15.754 -16.132
  -6.853 -16.542 -16.542
  -6.850 -16.299 -16.460
  -6.847 -16.781 -49.500
  -6.844 -49.500     NaN
  -6.840 -16.971 -49.500
  -6.837 -16.632 -49.500
  -6.834 -14.891 -16.280
  -6.831 -15.918 -16.346
  -6.828 -49.500 -49.500
  -6.825 -15.741 -16.800
  -6.822 -49.500     NaN
  -6.819 -15.554 -16.361
  -6.816 -16.274 -16.705
  -6.813 -16.245 -49.500
  -6.810 -16.013 -16.647
  -6.807 -16.018 -16.735
  -6.804 -16.185 -49.500
  -6.801 -49.500     NaN
  -6.798 -16.149 -16.149
  -6.795 -16.144 -16.589
  -6.792 -17.043 -49.500
  -6.789 -49.500     NaN
  -6.787 -16.802 -49.500
  -6.784 -49.500     NaN
  -6.781 -16.610 -49.500
  -6.778 -16.835 -49.500
  -6.775 -15.906 -49.500
  -6.773 -49.500     NaN
  -6.770 -49.500     NaN
  -6.767 -16.122 -49.500
  -6.765 -49.500     NaN
  -6.762 -49.500     NaN
  -6.759 -49.500     NaN
  -6.757 -16.658 -16.906
  -6.754 -16.259 -49.500
  -6.751 -15.448 -49.500
  -6.749 -49.500 -49.500
  -6.746 -15.715 -49.500
  -6.744 -49.500 -49.500
  -6.741 -16.377 -16.377
  -6.739 -49.500 -49.500
  -6.736 -49.500 -49.500
  -6.734 -16.302 -16.701
  -6.731 -49.500     NaN
  -6.729 -49.500 -49.500
  -6.726 -16.202 -16.507
  -6.724 -49.500     NaN
  -6.721 -49.500     NaN
  -6.719 -16.802 -49.500
  -6.717 -49.500     NaN
  -6.714 -17.058 -49.500
  -6.712 -49.500 -49.500
  -6.709 -16.568 -16.568
  -6.707 -15.512 -16.626
  -6.705 -15.847 -15.847
  -6.702 -49.500 -49.500
  -6.700 -49.500 -49.500
  -6.698 -16.920 -16.920
  -6.696 -49.500     NaN
  -6.693 -49.500     NaN
  -6.691 -49.500     NaN
  -6.689 -16.729 -16.729
  -6.687 -16.515 -16.515
  -6.684 -49.500 -49.500
  -6.682 -49.500 -49.500
  -6.680 -49.500     NaN
  -6.678 -49.500 -49.500
  -6.675 -16.748 -16.748
  -6.673 -49.500 -49.500
  -6.671 -16.470 -16.470
  -6.669 -16.241 -49.500
  -6.667 -16.610 -49.500
  -6.665 -49.500 -49.500
  -6.663 -16.601 -49.500
  -6.661 -49.500 -49.500
  -6.658 -49.500     NaN
  -6.656 -49.500     NaN
  -6.654 -16.640 -16.640
  -6.652 -16.595 -16.595
  -6.650 -49.500     NaN
  -6.648 -16.472 -49.500
  -6.646 -49.500     NaN
  -6.644 -49.500     NaN
  -6.642 -16.371 -16.371
  -6.640 -49.500 -49.500
  -6.638 -15.945 -49.500
  -6.636 -16.116 -16.587
  -6.634 -49.500 -49.500
  -6.632 -49.500 -49.500
  -6.630 -49.500     NaN
  -6.628 -49.500 -49.500
  -6.626 -16.464 -49.500
  -6.624 -49.500 -49.500
  -6.622 -49.500 -49.500
  -6.620 -16.836 -16.836
  -6.618 -49.500 -49.500
  -6.617 -16.214 -16.214
  -6.615 -49.500 -49.500
  -6.613 -49.500 -49.500
  -6.611 -16.341 -49.500
  -6.609 -16.016 -49.500
  -6.607 -49.500 -49.500
  -6.605 -16.493 -16.493
  -6.603 -49.500 -49.500
  -6.602 -49.500 -49.500
  -6.600 -16.666 -49.500
  -6.598 -49.500     NaN
  -6.596 -16.335 -16.784
  -6.594 -49.500 -49.500
