  -8.861 -13.855 -13.855
  -8.599 -14.018 -14.018
  -8.442 -14.096 -14.096
  -8.329 -14.158 -14.158
  -8.239 -14.339 -14.339
  -8.166 -14.259 -14.259
  -8.103 -14.394 -14.394
  -8.048 -14.142 -14.142
  -7.999 -14.389 -14.556
  -7.955 -14.528 -14.528
  -7.916 -14.323 -14.323
  -7.879 -14.613 -14.613
  -7.846 -14.789 -14.789
  -7.815 -14.440 -14.440
  -7.786 -14.584 -14.584
  -7.758 -14.744 -14.744
  -7.733 -14.756 -14.756
  -7.709 -14.208 -14.370
  -7.686 -14.541 -14.784
  -7.664 -14.862 -14.862
  -7.643 -14.686 -14.974
  -7.624 -15.179 -15.179
  -7.605 -14.969 -14.969
  -7.586 -15.235 -15.235
  -7.569 -14.952 -15.137
  -7.552 -15.098 -15.098
  -7.536 -15.276 -15.276
  -7.521 -14.442 -15.126
  -7.506 -15.044 -15.044
  -7.491 -14.939 -14.939
  -7.477 -15.443 -15.443
  -7.464 -15.109 -15.109
  -7.451 -15.186 -15.434
  -7.438 -15.212 -15.408
  -7.425 -15.159 -15.372
  -7.413 -15.282 -15.437
  -7.401 -15.123 -15.344
  -7.390 -14.868 -15.139
  -7.379 -15.102 -15.383
  -7.368 -14.490 -15.111
  -7.357 -15.135 -15.347
  -7.347 -14.964 -15.360
  -7.337 -14.917 -15.342
  -7.327 -14.991 -14.991
  -7.317 -15.318 -15.497
  -7.308 -15.222 -15.837
  -7.299 -15.262 -15.656
  -7.290 -15.667 -15.667
  -7.281 -15.626 -15.626
  -7.272 -15.416 -15.640
  -7.264 -15.481 -15.481
  -7.255 -14.781 -15.297
  -7.247 -15.933 -15.933
  -7.239 -15.845 -15.845
  -7.231 -15.503 -15.730
  -7.223 -15.028 -15.205
  -7.216 -15.435 -15.435
  -7.208 -15.735 -15.735
  -7.201 -15.451 -15.451
  -7.194 -15.796 -15.796
  -7.187 -16.016 -16.016
  -7.180 -16.059 -16.059
  -7.173 -15.501 -15.732
  -7.166 -15.826 -15.826
  -7.159 -16.021 -16.021
  -7.153 -15.526 -15.677
  -7.146 -14.377 -15.466
  -7.140 -15.344 -15.550
  -7.133 -15.291 -15.291
  -7.127 -15.854 -15.854
  -7.121 -16.195 -16.195
  -7.115 -15.053 -15.795
  -7.109 -15.979 -15.979
  -7.103 -16.135 -16.135
  -7.098 -15.441 -15.621
  -7.092 -16.331 -16.331
  -7.086 -15.374 -15.691
  -7.081 -16.186 -16.186
  -7.075 -15.857 -15.857
  -7.070 -16.605 -16.605
  -7.064 -16.323 -16.323
  -7.059 -16.400 -16.400
  -7.054 -15.475 -15.776
  -7.049 -15.937 -15.937
  -7.043 -15.910 -16.090
  -7.038 -16.002 -16.002
  -7.033 -15.273 -15.949
  -7.029 -16.006 -16.300
  -7.024 -15.967 -16.356
  -7.019 -15.869 -16.184
  -7.014 -16.312 -16.312
  -7.009 -16.231 -16.231
  -7.005 -16.019 -16.635
  -7.000 -16.381 -16.381
  -6.995 -15.346 -16.112
  -6.991 -16.078 -16.300
  -6.986 -16.102 -16.758
  -6.982 -16.071 -16.071
  -6.978 -16.069 -17.094
  -6.973 -15.796 -15.953
  -6.969 -16.715 -16.961
  -6.965 -15.842 -16.038
  -6.961 -15.982 -16.150
  -6.956 -15.859 -16.276
  -6.952 -16.271 -16.271
  -6.948 -16.374 -16.707
  -6.944 -16.004 -16.296
  -6.940 -16.378 -49.500
  -6.936 -16.545 -16.698
  -6.932 -16.071 -16.335
  -6.928 -17.152 -49.500
  -6.924 -16.332 -16.745
  -6.920 -15.440 -17.026
  -6.917 -16.571 -17.060
  -6.913 -16.759 -49.500
  -6.909 -16.281 -16.888
  -6.905 -16.127 -16.763
  -6.902 -16.140 -16.943
  -6.898 -16.197 -16.503
  -6.894 -16.341 -16.618
  -6.891 -16.191 -16.734
  -6.887 -16.062 -16.329
  -6.884 -15.975 -16.196
  -6.880 -16.700 -16.852
  -6.877 -16.219 -16.555
  -6.873 -16.046 -16.288
  -6.870 -15.540 -16.060
  -6.867 -49.500     NaN
  -6.863 -16.081 -16.081
  -6.860 -16.115 -16.703
  -6.857 -16.518 -16.767
  -6.853 -16.328 -16.663
  -6.850 -16.892 -49.500
  -6.847 -16.391 -16.639
  -6.844 -16.231 -16.231
  -6.840 -16.773 -49.500
  -6.837 -16.512 -49.500
  -6.834 -16.787 -17.039
  -6.831 -16.024 -16.560
  -6.828 -49.500     NaN
  -6.825 -16.872 -16.872
  -6.822 -16.544 -16.727
  -6.819 -16.471 -16.984
  -6.816 -16.409 -49.500
  -6.813 -49.500     NaN
  -6.810 -16.367 -16.954
  -6.807 -16.394 -49.500
  -6.804 -15.835 -16.244
  -6.801 -16.540 -16.903
  -6.798 -15.597 -16.700
  -6.795 -16.636 -49.500
  -6.792 -16.108 -16.263
  -6.789 -49.500     NaN
  -6.787 -15.743 -16.477
  -6.784 -49.500     NaN
  -6.781 -49.500     NaN
  -6.778 -49.500 -49.500
  -6.775 -49.500     NaN
  -6.773 -15.864 -15.864
  -6.770 -16.728 -49.500
  -6.767 -14.033 -16.269
  -6.765 -49.500     NaN
  -6.762 -16.270 -16.270
  -6.759 -15.918 -16.099
  -6.757 -49.500     NaN
  -6.754 -49.500     NaN
  -6.751 -49.500     NaN
  -6.749 -16.231 -16.865
  -6.746 -16.016 -49.500
  -6.744 -49.500 -49.500
  -6.741 -16.769 -49.500
  -6.739 -49.500     NaN
  -6.736 -49.500     NaN
  -6.734 -49.500     NaN
  -6.731 -15.542 -15.542
  -6.729 -16.680 -49.500
  -6.726 -16.669 -49.500
  -6.724 -16.113 -16.552
  -6.721 -16.533 -49.500
  -6.719 -49.500 -49.500
  -6.717 -16.471 -16.471
  -6.714 -49.500 -49.500
  -6.712 -49.500 -49.500
  -6.709 -16.737 -49.500
  -6.707 -49.500     NaN
  -6.705 -49.500 -49.500
  -6.702 -49.500     NaN
  -6.700 -49.500     NaN
  -6.698 -15.420 -15.420
  -6.696 -16.646 -49.500
  -6.693 -16.702 -49.500
  -6.691 -49.500     NaN
  -6.689 -49.500 -49.500
  -6.687 -49.500 -49.500
  -6.684 -15.911 -49.500
  -6.682 -16.628 -49.500
  -6.680 -49.500     NaN
  -6.678 -15.952 -49.500
  -6.675 -16.100 -49.500
  -6.673 -16.018 -49.500
  -6.671 -17.008 -49.500
  -6.669 -49.500 -49.500
  -6.667 -49.500     NaN
  -6.665 -49.500 -49.500
  -6.663 -16.146 -16.146
  -6.661 -49.500 -49.500
  -6.658 -16.747 -16.747
  -6.656 -16.706 -16.706
  -6.654 -13.694 -15.928
  -6.652 -49.500     NaN
  -6.650 -15.774 -15.774
  -6.648 -16.158 -16.158
  -6.646 -49.500 -49.500
  -6.644 -49.500     NaN
  -6.642 -49.500 -49.500
  -6.640 -49.500 -49.500
  -6.638 -49.500 -49.500
  -6.636 -49.500     NaN
  -6.634 -49.500 -49.500
  -6.632 -15.622 -15.622
  -6.630 -49.500 -49.500
  -6.628 -49.500 -49.500
  -6.626 -49.500 -49.500
  -6.624 -49.500 -49.500
  -6.622 -49.500 -49.500
  -6.620 -15.996 -49.500
  -6.618 -49.500 -49.500
  -6.617 -49.500 -49.500
  -6.615 -14.933 -49.500
  -6.613 -49.500 -49.500
  -6.611 -49.500 -49.500
  -6.609 -49.500 -49.500
  -6.607 -49.500 -49.500
  -6.605 -15.452 -15.452
  -6.603 -49.500 -49.500
  -6.602 -49.500 -49.500
  -6.600 -49.500     NaN
  -6.598 -49.500 -49.500
  -6.596 -49.500     NaN
  -6.594 -16.133 -16.133
