  -8.861 -13.844 -13.844
  -8.599 -14.013 -14.013
  -8.442 -14.132 -14.132
  -8.329 -14.086 -14.086
  -8.239 -14.241 -14.241
  -8.166 -14.245 -14.245
  -8.103 -14.311 -14.311
  -8.048 -14.385 -14.385
  -7.999 -14.465 -14.465
  -7.955 -14.408 -14.408
  -7.916 -14.483 -14.483
  -7.879 -14.526 -14.526
  -7.846 -14.436 -14.436
  -7.815 -14.725 -14.725
  -7.786 -14.841 -14.841
  -7.758 -14.730 -14.730
  -7.733 -14.654 -14.654
  -7.709 -14.759 -14.759
  -7.686 -14.835 -14.835
  -7.664 -14.554 -14.716
  -7.643 -14.952 -14.952
  -7.624 -14.975 -14.975
  -7.605 -14.790 -14.790
  -7.586 -14.842 -15.096
  -7.569 -15.090 -15.090
  -7.552 -14.621 -15.154
  -7.536 -15.085 -15.085
  -7.521 -14.853 -15.021
  -7.506 -15.227 -15.227
  -7.491 -15.418 -15.418
  -7.477 -14.009 -15.061
  -7.464 -15.049 -15.294
  -7.451 -14.919 -15.375
  -7.438 -15.538 -15.538
  -7.425 -15.385 -15.385
  -7.413 -15.472 -15.472
  -7.401 -14.606 -14.806
  -7.390 -15.424 -15.424
  -7.379 -15.051 -15.051
  -7.368 -15.454 -15.765
  -7.357 -15.460 -15.700
  -7.347 -14.784 -15.065
  -7.337 -15.279 -15.474
  -7.327 -15.439 -15.439
  -7.317 -15.444 -15.444
  -7.308 -14.698 -15.024
  -7.299 -15.439 -15.638
  -7.290 -15.147 -15.819
  -7.281 -14.417 -15.933
  -7.272 -15.449 -15.449
  -7.264 -15.112 -15.112
  -7.255 -15.044 -15.671
  -7.247 -14.969 -15.565
  -7.239 -15.367 -15.676
  -7.231 -15.487 -15.975
  -7.223 -15.944 -15.944
  -7.216 -15.828 -16.001
  -7.208 -15.025 -15.525
  -7.201 -15.467 -15.767
  -7.194 -15.661 -15.661
  -7.187 -15.130 -15.130
  -7.180 -15.728 -15.728
  -7.173 -15.720 -15.720
  -7.166 -15.639 -15.819
  -7.159 -15.851 -15.851
  -7.153 -15.788 -15.788
  -7.146 -15.582 -15.856
  -7.140 -15.980 -15.980
  -7.133 -14.955 -15.166
  -7.127 -15.420 -15.911
  -7.121 -15.836 -15.836
  -7.115 -15.847 -16.055
  -7.109 -15.941 -16.109
  -7.103 -15.666 -15.873
  -7.098 -15.805 -16.579
  -7.092 -15.528 -16.064
  -7.086 -16.281 -16.281
  -7.081 -16.277 -16.277
  -7.075 -15.714 -15.917
  -7.070 -16.035 -16.194
  -7.064 -16.428 -16.428
  -7.059 -16.008 -16.008
  -7.054 -16.251 -16.251
  -7.049 -15.220 -16.114
  -7.043 -16.019 -16.019
  -7.038 -16.000 -16.000
  -7.033 -16.169 -16.169
  -7.029 -15.844 -16.169
  -7.024 -16.381 -16.381
  -7.019 -15.873 -16.201
  -7.014 -15.454 -15.454
  -7.009 -15.607 -15.825
  -7.005 -15.157 -16.404
  -7.000 -15.765 -16.432
  -6.995 -16.187 -16.439
  -6.991 -16.159 -16.319
  -6.986 -16.032 -16.032
  -6.982 -16.328 -16.328
  -6.978 -16.847 -22.739
  -6.973 -15.462 -15.832
  -6.969 -15.939 -16.172
  -6.965 -15.342 -16.018
  -6.961 -16.921 -17.272
  -6.956 -16.320 -16.692
  -6.952 -16.716 -16.716
  -6.948 -15.368 -15.646
  -6.944 -15.606 -16.321
  -6.940 -16.292 -16.633
  -6.936 -16.475 -16.475
  -6.932 -16.625 -16.791
  -6.928 -16.064 -16.484
  -6.924 -15.582 -15.735
  -6.920 -16.065 -16.966
  -6.917 -16.737 -17.250
  -6.913 -15.871 -16.078
  -6.909 -16.004 -16.569
  -6.905 -16.966 -17.351
  -6.902 -16.064 -17.060
  -6.898 -16.147 -16.699
  -6.894 -16.606 -16.927
  -6.891 -16.696 -17.007
  -6.887 -16.631 -16.631
  -6.884 -16.819 -49.500
  -6.880 -16.957 -17.149
  -6.877 -49.500 -49.500
  -6.873 -16.411 -16.993
  -6.870 -16.270 -16.599
  -6.867 -16.697 -49.500
  -6.863 -16.206 -16.514
  -6.860 -16.272 -16.754
  -6.857 -15.651 -16.438
  -6.853 -16.425 -16.701
  -6.850 -16.312 -16.938
  -6.847 -16.329 -16.701
  -6.844 -49.500 -49.500
  -6.840 -17.304 -49.500
  -6.837 -16.761 -17.176
  -6.834 -49.500 -49.500
  -6.831 -16.450 -16.762
  -6.828 -15.909 -16.619
  -6.825 -16.167 -49.500
  -6.822 -15.969 -49.500
  -6.819 -16.017 -16.480
  -6.816 -16.627 -49.500
  -6.813 -17.224 -49.500
  -6.810 -49.500 -49.500
  -6.807 -49.500 -49.500
  -6.804 -16.747 -49.500
  -6.801 -16.004 -16.413
  -6.798 -49.500 -49.500
  -6.795 -17.026 -49.500
  -6.792 -16.032 -16.758
  -6.789 -16.969 -49.500
  -6.787 -16.491 -16.685
  -6.784 -15.840 -49.500
  -6.781 -16.512 -49.500
  -6.778 -16.478 -16.675
  -6.775 -16.432 -49.500
  -6.773 -16.634 -49.500
  -6.770 -16.941 -17.195
  -6.767 -16.636 -16.811
  -6.765 -14.998 -16.766
  -6.762 -16.558 -49.500
  -6.759 -49.500 -49.500
  -6.757 -16.564 -49.500
  -6.754 -49.500 -49.500
  -6.751 -49.500 -49.500
  -6.749 -17.105 -49.500
  -6.746 -49.500 -49.500
  -6.744 -16.595 -16.860
  -6.741 -16.467 -16.915
  -6.739 -16.457 -49.500
  -6.736 -49.500 -49.500
  -6.734 -49.500 -49.500
  -6.731 -49.500 -49.500
  -6.729 -49.500 -49.500
  -6.726 -49.500 -49.500
  -6.724 -49.500 -49.500
  -6.721 -16.715 -16.891
  -6.719 -15.681 -16.430
  -6.717 -49.500 -49.500
  -6.714 -16.548 -49.500
  -6.712 -49.500 -49.500
  -6.709 -49.500 -49.500
  -6.707 -16.524 -49.500
  -6.705 -16.691 -49.500
  -6.702 -17.184 -49.500
  -6.700 -16.124 -49.500
  -6.698 -49.500 -49.500
  -6.696 -49.500 -49.500
  -6.693 -49.500 -49.500
  -6.691 -49.500 -49.500
  -6.689 -16.281 -49.500
  -6.687 -49.500 -49.500
  -6.684 -49.500 -49.500
  -6.682 -49.500 -49.500
  -6.680 -49.500 -49.500
  -6.678 -16.479 -49.500
  -6.675 -49.500 -49.500
  -6.673 -49.500 -49.500
  -6.671 -49.500 -49.500
  -6.669 -49.500 -49.500
  -6.667 -16.027 -49.500
  -6.665 -49.500 -49.500
  -6.663 -16.496 -49.500
  -6.661 -49.500 -49.500
  -6.658 -16.972 -49.500
  -6.656 -49.500 -49.500
  -6.654 -15.908 -16.573
  -6.652 -49.500 -49.500
  -6.650 -49.500 -49.500
  -6.648 -49.500 -49.500
  -6.646 -49.500 -49.500
  -6.644 -16.630 -49.500
  -6.642 -49.500 -49.500
  -6.640 -16.958 -49.500
  -6.638 -49.500 -49.500
  -6.636 -15.842 -49.500
  -6.634 -49.500 -49.500
  -6.632 -17.025 -49.500
  -6.630 -15.553 -49.500
  -6.628 -16.683 -49.500
  -6.626 -49.500 -49.500
  -6.624 -49.500 -49.500
  -6.622 -49.500 -49.500
  -6.620 -49.500 -49.500
  -6.618 -15.749 -49.500
  -6.617 -15.872 -16.439
  -6.615 -49.500 -49.500
  -6.613 -49.500 -49.500
  -6.611 -49.500 -49.500
  -6.609 -49.500 -49.500
  -6.607 -49.500 -49.500
  -6.605 -49.500 -49.500
  -6.603 -16.079 -49.500
  -6.602 -49.500 -49.500
  -6.600 -16.752 -49.500
  -6.598 -15.714 -49.500
  -6.596 -49.500 -49.500
  -6.594 -49.500 -49.500
