  -8.861 -13.852 -13.852
  -8.599 -14.043 -14.043
  -8.442 -14.095 -14.095
  -8.329 -14.120 -14.120
  -8.239 -14.192 -14.192
  -8.166 -14.185 -14.185
  -8.103 -14.143 -14.143
  -8.048 -13.992 -14.420
  -7.999 -14.431 -14.431
  -7.955 -14.450 -14.450
  -7.916 -14.583 -14.583
  -7.879 -14.658 -14.658
  -7.846 -14.705 -14.705
  -7.815 -14.693 -14.693
  -7.786 -14.838 -14.838
  -7.758 -14.737 -14.737
  -7.733 -15.020 -15.020
  -7.709 -14.700 -14.953
  -7.686 -14.684 -14.684
  -7.664 -14.920 -14.920
  -7.643 -14.949 -14.949
  -7.624 -14.808 -14.959
  -7.605 -15.026 -15.026
  -7.586 -14.816 -14.816
  -7.569 -14.996 -15.233
  -7.552 -14.653 -14.876
  -7.536 -15.192 -15.192
  -7.521 -14.996 -15.180
  -7.506 -15.237 -15.237
  -7.491 -15.313 -15.313
  -7.477 -14.719 -14.870
  -7.464 -14.681 -15.344
  -7.451 -14.180 -14.665
  -7.438 -15.380 -15.380
  -7.425 -14.841 -15.364
  -7.413 -14.903 -15.278
  -7.401 -14.716 -14.716
  -7.390 -15.219 -15.382
  -7.379 -15.362 -15.362
  -7.368 -15.233 -15.233
  -7.357 -15.389 -15.578
  -7.347 -14.992 -15.186
  -7.337 -15.100 -15.100
  -7.327 -14.239 -15.433
  -7.317 -15.229 -15.560
  -7.308 -14.431 -15.490
  -7.299 -14.401 -15.527
  -7.290 -14.949 -15.157
  -7.281 -15.165 -15.353
  -7.272 -15.298 -15.465
  -7.264 -15.743 -15.939
  -7.255 -15.749 -15.749
  -7.247 -15.795 -15.795
  -7.239 -15.931 -15.931
  -7.231 -15.564 -15.564
  -7.223 -15.881 -15.881
  -7.216 -15.569 -15.923
  -7.208 -15.988 -15.988
  -7.201 -15.573 -15.573
  -7.194 -15.558 -15.800
  -7.187 -15.697 -15.982
  -7.180 -15.762 -15.762
  -7.173 -15.302 -15.965
  -7.166 -16.325 -16.325
  -7.159 -15.352 -16.001
  -7.153 -14.754 -15.312
  -7.146 -15.456 -15.890
  -7.140 -15.667 -15.843
  -7.133 -15.623 -15.808
  -7.127 -16.080 -16.305
  -7.121 -16.000 -16.000
  -7.115 -16.058 -16.058
  -7.109 -15.785 -15.978
  -7.103 -15.243 -15.851
  -7.098 -15.737 -16.020
  -7.092 -14.903 -15.849
  -7.086 -16.012 -16.012
  -7.081 -15.972 -15.972
  -7.075 -14.636 -16.228
  -7.070 -15.176 -16.213
  -7.064 -15.931 -16.136
  -7.059 -14.859 -16.421
  -7.054 -15.487 -16.418
  -7.049 -15.494 -15.998
  -7.043 -15.965 -15.965
  -7.038 -16.003 -16.377
  -7.033 -15.826 -16.055
  -7.029 -16.789 -17.109
  -7.024 -15.743 -15.743
  -7.019 -16.301 -16.504
  -7.014 -16.249 -16.657
  -7.009 -16.199 -16.435
  -7.005 -15.902 -17.157
  -7.000 -15.758 -15.758
  -6.995 -15.919 -16.074
  -6.991 -16.564 -16.717
  -6.986 -15.592 -15.757
  -6.982 -15.419 -16.081
  -6.978 -16.211 -16.211
  -6.973 -16.390 -16.390
  -6.969 -16.115 -16.396
  -6.965 -15.320 -16.561
  -6.961 -16.276 -16.478
  -6.956 -16.261 -16.551
  -6.952 -16.342 -16.342
  -6.948 -16.059 -16.432
  -6.944 -16.098 -16.274
  -6.940 -16.361 -16.361
  -6.936 -16.326 -16.511
  -6.932 -16.370 -16.579
  -6.928 -15.859 -16.584
  -6.924 -16.364 -16.746
  -6.920 -15.966 -17.082
  -6.917 -16.393 -16.953
  -6.913 -15.810 -16.126
  -6.909 -15.842 -16.286
  -6.905 -16.574 -17.014
  -6.902 -15.762 -16.203
  -6.898 -15.507 -16.392
  -6.894 -15.955 -15.955
  -6.891 -16.430 -16.760
  -6.887 -16.433 -16.685
  -6.884 -16.213 -16.766
  -6.880 -16.100 -16.100
  -6.877 -15.975 -16.178
  -6.873 -17.029 -49.500
  -6.870 -16.455 -16.675
  -6.867 -15.348 -16.394
  -6.863 -49.500     NaN
  -6.860 -16.644 -49.500
  -6.857 -16.607 -16.607
  -6.853 -16.929 -49.500
  -6.850 -15.624 -16.621
  -6.847 -16.193 -16.593
  -6.844 -15.658 -15.964
  -6.840 -16.403 -17.162
  -6.837 -16.146 -16.549
  -6.834 -16.071 -16.787
  -6.831 -16.236 -49.500
  -6.828 -49.500 -49.500
  -6.825 -16.535 -16.886
  -6.822 -15.484 -16.329
  -6.819 -49.500     NaN
  -6.816 -17.038 -49.500
  -6.813 -16.560 -49.500
  -6.810 -49.500     NaN
  -6.807 -49.500     NaN
  -6.804 -16.916 -49.500
  -6.801 -16.068 -16.283
  -6.798 -16.070 -17.409
  -6.795 -16.278 -49.500
  -6.792 -16.263 -17.036
  -6.789 -16.639 -49.500
  -6.787 -16.064 -49.500
  -6.784 -17.434 -49.500
  -6.781 -16.551 -49.500
  -6.778 -17.063 -17.226
  -6.775 -17.036 -49.500
  -6.773 -49.500     NaN
  -6.770 -15.933 -49.500
  -6.767 -49.500     NaN
  -6.765 -49.500     NaN
  -6.762 -49.500 -49.500
  -6.759 -49.500 -49.500
  -6.757 -15.681 -49.500
  -6.754 -14.877 -49.500
  -6.751 -17.069 -49.500
  -6.749 -16.532 -49.500
  -6.746 -49.500     NaN
  -6.744 -17.096 -17.096
  -6.741 -49.500     NaN
  -6.739 -15.893 -16.128
  -6.736 -16.616 -49.500
  -6.734 -16.097 -49.500
  -6.731 -16.297 -49.500
  -6.729 -49.500     NaN
  -6.726 -49.500     NaN
  -6.724 -49.500     NaN
  -6.721 -15.531 -15.531
  -6.719 -49.500 -49.500
  -6.717 -15.965 -49.500
  -6.714 -49.500 -49.500
  -6.712 -16.797 -49.500
  -6.709 -16.644 -16.797
  -6.707 -49.500     NaN
  -6.705 -49.500 -49.500
  -6.702 -49.500     NaN
  -6.700 -16.539 -16.539
  -6.698 -49.500 -49.500
  -6.696 -15.999 -15.999
  -6.693 -49.500 -49.500
  -6.691 -16.736 -49.500
  -6.689 -49.500     NaN
  -6.687 -49.500 -49.500
  -6.684 -15.426 -15.694
  -6.682 -49.500 -49.500
  -6.680 -49.500 -49.500
  -6.678 -49.500     NaN
  -6.675 -49.500     NaN
  -6.673 -16.513 -49.500
  -6.671 -16.740 -16.740
  -6.669 -15.184 -17.214
  -6.667 -49.500     NaN
  -6.665 -49.500 -49.500
  -6.663 -49.500 -49.500
  -6.661 -49.500     NaN
  -6.658 -49.500 -49.500
  -6.656 -49.500 -49.500
  -6.654 -49.500     NaN
  -6.652 -16.383 -49.500
  -6.650 -14.670 -14.670
  -6.648 -49.500 -49.500
  -6.646 -16.669 -49.500
  -6.644 -49.500 -49.500
  -6.642 -16.817 -16.817
  -6.640 -49.500 -49.500
  -6.638 -16.549 -16.549
  -6.636 -16.650 -16.650
  -6.634 -16.882 -49.500
  -6.632 -49.500     NaN
  -6.630 -49.500 -49.500
  -6.628 -16.224 -16.224
  -6.626 -49.500 -49.500
  -6.624 -49.500 -49.500
  -6.622 -49.500 -49.500
  -6.620 -49.500     NaN
  -6.618 -49.500     NaN
  -6.617 -49.500 -49.500
  -6.615 -16.881 -16.881
  -6.613 -49.500 -49.500
  -6.611 -49.500 -49.500
  -6.609 -15.459 -49.500
  -6.607 -49.500 -49.500
  -6.605 -16.329 -16.329
  -6.603 -49.500     NaN
  -6.602 -49.500 -49.500
  -6.600 -49.500 -49.500
  -6.598 -49.500 -49.500
  -6.596 -49.500 -49.500
  -6.594 -49.500 -49.500
