  -8.861 -13.791 -13.791
  -8.599 -13.999 -13.999
  -8.442 -13.993 -13.993
  -8.329 -14.230 -14.230
  -8.239 -13.926 -14.222
  -8.166 -14.200 -14.200
  -8.103 -14.443 -14.443
  -8.048 -14.414 -14.414
  -7.999 -14.432 -14.432
  -7.955 -14.582 -14.582
  -7.916 -14.255 -14.505
  -7.879 -14.540 -14.702
  -7.846 -14.368 -14.368
  -7.815 -14.200 -14.438
  -7.786 -14.682 -14.682
  -7.758 -14.801 -14.801
  -7.733 -14.514 -14.976
  -7.709 -14.330 -14.651
  -7.686 -14.782 -14.782
  -7.664 -14.809 -14.809
  -7.643 -14.781 -14.781
  -7.624 -14.798 -14.798
  -7.605 -14.929 -14.929
  -7.586 -14.885 -14.885
  -7.569 -14.806 -14.806
  -7.552 -15.137 -15.137
  -7.536 -15.169 -15.169
  -7.521 -15.190 -15.190
  -7.506 -14.899 -14.899
  -7.491 -15.077 -15.258
  -7.477 -15.034 -15.034
  -7.464 -15.033 -15.033
  -7.451 -15.211 -15.211
  -7.438 -15.385 -15.385
  -7.425 -15.430 -15.430
  -7.413 -15.494 -15.494
  -7.401 -14.925 -15.229
  -7.390 -15.612 -15.612
  -7.379 -15.167 -15.319
  -7.368 -15.506 -15.720
  -7.357 -15.406 -15.608
  -7.347 -15.419 -15.599
  -7.337 -15.368 -15.556
  -7.327 -15.683 -15.921
  -7.317 -15.218 -15.218
  -7.308 -15.555 -15.555
  -7.299 -15.377 -15.589
  -7.290 -15.813 -15.813
  -7.281 -15.552 -15.705
  -7.272 -15.531 -15.531
  -7.264 -15.474 -15.850
  -7.255 -15.418 -15.753
  -7.247 -15.490 -15.490
  -7.239 -15.425 -15.840
  -7.231 -15.789 -16.028
  -7.223 -15.565 -15.565
  -7.216 -15.397 -15.663
  -7.208 -15.811 -15.811
  -7.201 -15.321 -15.694
  -7.194 -15.514 -15.709
  -7.187 -15.829 -16.049
  -7.180 -15.727 -15.727
  -7.173 -14.785 -16.021
  -7.166 -15.767 -15.767
  -7.159 -15.980 -15.980
  -7.153 -15.315 -15.315
  -7.146 -15.200 -15.695
  -7.140 -14.946 -15.705
  -7.133 -15.729 -16.024
  -7.127 -15.894 -15.894
  -7.121 -15.779 -15.996
  -7.115 -15.641 -16.032
  -7.109 -15.613 -15.816
  -7.103 -15.825 -15.825
  -7.098 -15.782 -16.012
  -7.092 -15.488 -16.122
  -7.086 -15.689 -15.954
  -7.081 -15.892 -16.068
  -7.075 -15.836 -15.836
  -7.070 -15.475 -15.701
  -7.064 -15.593 -15.593
  -7.059 -15.590 -16.065
  -7.054 -16.251 -16.251
  -7.049 -14.481 -15.231
  -7.043 -16.086 -16.086
  -7.038 -14.939 -15.909
  -7.033 -15.769 -16.143
  -7.029 -16.670 -16.670
  -7.024 -16.325 -16.564
  -7.019 -15.987 -16.183
  -7.014 -15.968 -15.968
  -7.009 -15.806 -16.063
  -7.005 -15.890 -16.192
  -7.000 -15.414 -16.557
  -6.995 -15.970 -16.319
  -6.991 -15.761 -16.201
  -6.986 -16.552 -16.722
  -6.982 -16.252 -16.252
  -6.978 -16.695 -16.695
  -6.973 -16.188 -16.595
  -6.969 -15.997 -16.297
  -6.965 -15.354 -15.510
  -6.961 -16.203 -16.203
  -6.956 -16.148 -16.788
  -6.952 -16.312 -16.533
  -6.948 -16.361 -16.361
  -6.944 -15.863 -16.540
  -6.940 -16.044 -16.289
  -6.936 -16.726 -16.973
  -6.932 -16.240 -16.622
  -6.928 -16.028 -16.607
  -6.924 -15.537 -16.880
  -6.920 -16.441 -16.686
  -6.917 -15.922 -16.345
  -6.913 -16.226 -16.626
  -6.909 -15.305 -15.842
  -6.905 -16.439 -17.027
  -6.902 -15.846 -16.148
  -6.898 -16.135 -16.355
  -6.894 -16.234 -16.922
  -6.891 -16.438 -16.612
  -6.887 -16.262 -16.440
  -6.884 -16.305 -16.490
  -6.880 -16.122 -16.527
  -6.877 -15.615 -16.298
  -6.873 -49.500     NaN
  -6.870 -16.529 -17.210
  -6.867 -15.364 -15.592
  -6.863 -16.749 -17.057
  -6.860 -15.993 -16.175
  -6.857 -16.192 -16.672
  -6.853 -15.767 -16.128
  -6.850 -16.983 -49.500
  -6.847 -16.068 -16.661
  -6.844 -16.585 -16.787
  -6.840 -15.308 -16.317
  -6.837 -16.137 -16.547
  -6.834 -15.678 -15.958
  -6.831 -49.500     NaN
  -6.828 -14.681 -16.380
  -6.825 -49.500     NaN
  -6.822 -49.500     NaN
  -6.819 -16.588 -49.500
  -6.816 -16.101 -16.385
  -6.813 -14.999 -14.999
  -6.810 -15.745 -49.500
  -6.807 -16.284 -16.638
  -6.804 -49.500     NaN
  -6.801 -16.856 -17.215
  -6.798 -49.500     NaN
  -6.795 -17.164 -49.500
  -6.792 -16.758 -49.500
  -6.789 -17.051 -49.500
  -6.787 -16.590 -17.276
  -6.784 -16.269 -16.609
  -6.781 -49.500     NaN
  -6.778 -15.795 -16.580
  -6.775 -49.500     NaN
  -6.773 -49.500     NaN
  -6.770 -49.500     NaN
  -6.767 -16.707 -49.500
  -6.765 -49.500     NaN
  -6.762 -49.500     NaN
  -6.759 -15.418 -16.656
  -6.757 -17.249 -17.249
  -6.754 -49.500     NaN
  -6.751 -15.960 -16.890
  -6.749 -49.500     NaN
  -6.746 -49.500 -49.500
  -6.744 -49.500 -49.500
  -6.741 -49.500     NaN
  -6.739 -16.387 -17.092
  -6.736 -15.369 -17.215
  -6.734 -16.672 -49.500
  -6.731 -16.580 -16.788
  -6.729 -49.500     NaN
  -6.726 -49.500 -49.500
  -6.724 -16.581 -49.500
  -6.721 -15.826 -16.373
  -6.719 -16.339 -16.339
  -6.717 -16.460 -17.029
  -6.714 -16.153 -16.153
  -6.712 -49.500 -49.500
  -6.709 -49.500 -49.500
  -6.707 -16.297 -49.500
  -6.705 -49.500     NaN
  -6.702 -15.586 -49.500
  -6.700 -16.765 -49.500
  -6.698 -49.500     NaN
  -6.696 -49.500     NaN
  -6.693 -49.500 -49.500
  -6.691 -49.500 -49.500
  -6.689 -49.500     NaN
  -6.687 -16.406 -16.725
  -6.684 -49.500 -49.500
  -6.682 -16.648 -16.648
  -6.680 -49.500 -49.500
  -6.678 -15.500 -49.500
  -6.675 -16.852 -49.500
  -6.673 -16.968 -49.500
  -6.671 -49.500     NaN
  -6.669 -49.500 -49.500
  -6.667 -49.500     NaN
  -6.665 -15.509 -49.500
  -6.663 -49.500     NaN
  -6.661 -49.500     NaN
  -6.658 -49.500     NaN
  -6.656 -16.626 -16.626
  -6.654 -15.312 -49.500
  -6.652 -16.590 -16.590
  -6.650 -49.500 -49.500
  -6.648 -49.500 -49.500
  -6.646 -49.500 -49.500
  -6.644 -49.500 -49.500
  -6.642 -49.500     NaN
  -6.640 -49.500 -49.500
  -6.638 -16.270 -49.500
  -6.636 -49.500 -49.500
  -6.634 -49.500 -49.500
  -6.632 -15.767 -15.767
  -6.630 -49.500 -49.500
  -6.628 -49.500 -49.500
  -6.626 -16.527 -49.500
  -6.624 -16.733 -16.733
  -6.622 -49.500 -49.500
  -6.620 -49.500 -49.500
  -6.618 -49.500 -49.500
  -6.617 -49.500     NaN
  -6.615 -49.500 -49.500
  -6.613 -16.091 -16.091
  -6.611 -49.500     NaN
  -6.609 -16.386 -16.386
  -6.607 -16.278 -16.278
  -6.605 -49.500 -49.500
  -6.603 -49.500 -49.500
  -6.602 -16.235 -16.235
  -6.600 -49.500 -49.500
  -6.598 -49.500 -49.500
  -6.596 -49.500 -49.500
  -6.594 -49.500     NaN
