  -8.861 -13.795 -13.795
  -8.599 -14.004 -14.004
  -8.442 -14.085 -14.085
  -8.329 -14.227 -14.227
  -8.239 -14.260 -14.260
  -8.166 -14.215 -14.373
  -8.103 -14.334 -14.334
  -8.048 -14.419 -14.419
  -7.999 -14.639 -14.639
  -7.955 -14.625 -14.625
  -7.916 -14.321 -14.321
  -7.879 -14.644 -14.644
  -7.846 -14.360 -14.360
  -7.815 -14.576 -14.576
  -7.786 -14.383 -14.718
  -7.758 -14.879 -14.879
  -7.733 -14.671 -14.878
  -7.709 -14.460 -14.690
  -7.686 -14.928 -14.928
  -7.664 -14.317 -14.933
  -7.643 -14.506 -14.834
  -7.624 -14.857 -14.857
  -7.605 -13.951 -14.526
  -7.586 -14.939 -14.939
  -7.569 -14.838 -15.006
  -7.552 -15.035 -15.035
  -7.536 -15.185 -15.338
  -7.521 -14.707 -14.707
  -7.506 -15.101 -15.101
  -7.491 -15.051 -15.265
  -7.477 -15.230 -15.230
  -7.464 -15.251 -15.404
  -7.451 -15.174 -15.174
  -7.438 -15.276 -15.511
  -7.425 -15.215 -15.215
  -7.413 -15.357 -15.520
  -7.401 -15.185 -15.185
  -7.390 -15.317 -15.552
  -7.379 -15.279 -15.583
  -7.368 -15.474 -15.474
  -7.357 -14.830 -15.033
  -7.347 -15.348 -15.348
  -7.337 -15.549 -15.549
  -7.327 -14.756 -15.389
  -7.317 -15.419 -15.419
  -7.308 -15.156 -15.156
  -7.299 -14.367 -15.079
  -7.290 -15.243 -15.243
  -7.281 -14.771 -15.629
  -7.272 -15.440 -15.613
  -7.264 -13.748 -15.739
  -7.255 -14.899 -14.899
  -7.247 -15.692 -15.692
  -7.239 -15.715 -15.715
  -7.231 -15.764 -15.764
  -7.223 -15.521 -15.521
  -7.216 -15.568 -15.568
  -7.208 -15.181 -15.778
  -7.201 -15.775 -15.775
  -7.194 -15.509 -16.040
  -7.187 -15.119 -15.693
  -7.180 -15.369 -15.369
  -7.173 -15.261 -15.609
  -7.166 -15.684 -15.684
  -7.159 -15.724 -15.724
  -7.153 -15.463 -16.037
  -7.146 -15.988 -15.988
  -7.140 -15.920 -16.167
  -7.133 -15.609 -16.044
  -7.127 -15.643 -15.867
  -7.121 -15.462 -15.886
  -7.115 -15.394 -15.394
  -7.109 -16.374 -16.374
  -7.103 -15.859 -15.859
  -7.098 -15.624 -15.881
  -7.092 -15.640 -15.885
  -7.086 -15.872 -16.134
  -7.081 -15.122 -15.666
  -7.075 -16.275 -16.275
  -7.070 -16.209 -16.209
  -7.064 -15.999 -16.390
  -7.059 -16.123 -16.123
  -7.054 -15.505 -15.902
  -7.049 -16.250 -16.425
  -7.043 -16.485 -16.485
  -7.038 -16.019 -16.019
  -7.033 -15.653 -16.139
  -7.029 -15.627 -15.627
  -7.024 -15.589 -15.768
  -7.019 -16.344 -16.344
  -7.014 -16.258 -16.258
  -7.009 -15.263 -16.358
  -7.005 -16.163 -16.163
  -7.000 -15.994 -16.220
  -6.995 -15.932 -16.160
  -6.991 -16.165 -16.165
  -6.986 -16.407 -16.407
  -6.982 -15.156 -15.641
  -6.978 -16.474 -16.732
  -6.973 -15.805 -16.745
  -6.969 -15.028 -15.511
  -6.965 -16.014 -16.172
  -6.961 -16.063 -16.384
  -6.956 -15.908 -16.639
  -6.952 -16.912 -49.500
  -6.948 -16.074 -16.273
  -6.944 -15.167 -16.329
  -6.940 -16.488 -16.679
  -6.936 -15.467 -16.306
  -6.932 -16.868 -17.126
  -6.928 -16.195 -16.557
  -6.924 -16.309 -16.563
  -6.920 -16.034 -16.308
  -6.917 -15.939 -15.939
  -6.913 -15.273 -16.313
  -6.909 -15.213 -15.834
  -6.905 -16.523 -16.806
  -6.902 -23.013 -23.013
  -6.898 -16.352 -21.536
  -6.894 -16.110 -16.762
  -6.891 -16.635 -16.635
  -6.887 -16.336 -16.923
  -6.884 -16.024 -16.444
  -6.880 -16.725 -17.161
  -6.877 -17.253 -49.500
  -6.873 -16.284 -16.284
  -6.870 -49.500     NaN
  -6.867 -16.771 -49.500
  -6.863 -15.753 -49.500
  -6.860 -16.718 -49.500
  -6.857 -49.500     NaN
  -6.853 -16.105 -16.105
  -6.850 -49.500     NaN
  -6.847 -16.523 -16.523
  -6.844 -16.101 -16.378
  -6.840 -14.262 -16.808
  -6.837 -16.533 -16.686
  -6.834 -16.661 -49.500
  -6.831 -49.500     NaN
  -6.828 -49.500     NaN
  -6.825 -17.040 -49.500
  -6.822 -49.500     NaN
  -6.819 -16.815 -49.500
  -6.816 -16.429 -16.429
  -6.813 -16.616 -16.958
  -6.810 -15.939 -49.500
  -6.807 -16.099 -16.294
  -6.804 -49.500     NaN
  -6.801 -15.231 -16.204
  -6.798 -16.362 -16.739
  -6.795 -15.685 -49.500
  -6.792 -17.079 -49.500
  -6.789 -16.331 -49.500
  -6.787 -16.489 -49.500
  -6.784 -16.606 -16.873
  -6.781 -49.500     NaN
  -6.778 -49.500     NaN
  -6.775 -16.206 -16.385
  -6.773 -16.263 -17.060
  -6.770 -49.500     NaN
  -6.767 -49.500 -49.500
  -6.765 -16.867 -49.500
  -6.762 -16.840 -49.500
  -6.759 -49.500 -49.500
  -6.757 -15.593 -49.500
  -6.754 -15.496 -16.503
  -6.751 -15.997 -49.500
  -6.749 -16.173 -49.500
  -6.746 -49.500     NaN
  -6.744 -49.500     NaN
  -6.741 -15.716 -16.044
  -6.739 -49.500 -49.500
  -6.736 -15.417 -16.961
  -6.734 -16.191 -49.500
  -6.731 -49.500     NaN
  -6.729 -49.500 -49.500
  -6.726 -49.500     NaN
  -6.724 -49.500 -49.500
  -6.721 -16.630 -16.630
  -6.719 -15.485 -49.500
  -6.717 -49.500     NaN
  -6.714 -49.500     NaN
  -6.712 -49.500     NaN
  -6.709 -16.734 -16.734
  -6.707 -49.500     NaN
  -6.705 -49.500 -49.500
  -6.702 -16.719 -49.500
  -6.700 -49.500     NaN
  -6.698 -49.500     NaN
  -6.696 -49.500     NaN
  -6.693 -16.111 -49.500
  -6.691 -49.500 -49.500
  -6.689 -49.500     NaN
  -6.687 -16.703 -16.703
  -6.684 -49.500 -49.500
  -6.682 -16.211 -49.500
  -6.680 -16.884 -49.500
  -6.678 -49.500 -49.500
  -6.675 -16.400 -49.500
  -6.673 -16.616 -17.077
  -6.671 -16.527 -49.500
  -6.669 -49.500 -49.500
  -6.667 -49.500 -49.500
  -6.665 -49.500 -49.500
  -6.663 -16.497 -16.497
  -6.661 -49.500 -49.500
  -6.658 -49.500 -49.500
  -6.656 -49.500 -49.500
  -6.654 -16.130 -49.500
  -6.652 -49.500 -49.500
  -6.650 -49.500     NaN
  -6.648 -16.581 -16.581
  -6.646 -49.500 -49.500
  -6.644 -49.500 -49.500
  -6.642 -49.500 -49.500
  -6.640 -15.808 -49.500
  -6.638 -49.500     NaN
  -6.636 -16.981 -16.981
  -6.634 -49.500 -49.500
  -6.632 -14.676 -49.500
  -6.630 -49.500 -49.500
  -6.628 -16.467 -49.500
  -6.626 -16.121 -49.500
  -6.624 -49.500     NaN
  -6.622 -49.500 -49.500
  -6.620 -49.500 -49.500
  -6.618 -49.500 -49.500
  -6.617 -49.500 -49.500
  -6.615 -49.500 -49.500
  -6.613 -14.611 -14.611
  -6.611 -49.500 -49.500
  -6.609 -16.523 -49.500
  -6.607 -49.500 -49.500
  -6.605 -16.900 -49.500
  -6.603 -49.500 -49.500
  -6.602 -49.500 -49.500
  -6.600 -16.753 -49.500
  -6.598 -16.186 -49.500
  -6.596 -15.279 -15.279
  -6.594 -49.500 -49.500
