  -8.861 -13.854 -13.854
  -8.599 -14.014 -14.014
  -8.442 -13.951 -13.951
  -8.329 -14.148 -14.148
  -8.239 -14.156 -14.156
  -8.166 -14.341 -14.341
  -8.103 -14.339 -14.339
  -8.048 -14.397 -14.397
  -7.999 -14.334 -14.505
  -7.955 -14.342 -14.534
  -7.916 -14.668 -14.668
  -7.879 -14.134 -14.290
  -7.846 -14.646 -14.646
  -7.815 -14.565 -14.777
  -7.786 -14.687 -14.687
  -7.758 -14.690 -14.690
  -7.733 -14.743 -14.743
  -7.709 -15.013 -15.013
  -7.686 -14.653 -14.653
  -7.664 -14.677 -14.889
  -7.643 -14.621 -14.621
  -7.624 -15.194 -15.194
  -7.605 -14.320 -15.023
  -7.586 -14.281 -14.477
  -7.569 -14.966 -15.132
  -7.552 -14.938 -14.938
  -7.536 -14.828 -15.112
  -7.521 -15.045 -15.045
  -7.506 -14.974 -15.245
  -7.491 -14.811 -15.222
  -7.477 -15.095 -15.095
  -7.464 -15.189 -15.189
  -7.451 -15.416 -15.570
  -7.438 -15.047 -15.377
  -7.425 -15.198 -15.198
  -7.413 -15.518 -15.518
  -7.401 -14.980 -15.244
  -7.390 -15.258 -15.258
  -7.379 -15.403 -15.574
  -7.368 -15.414 -15.414
  -7.357 -15.321 -15.321
  -7.347 -15.330 -15.768
  -7.337 -15.673 -15.673
  -7.327 -15.204 -15.382
  -7.317 -15.026 -15.401
  -7.308 -15.069 -15.374
  -7.299 -15.655 -15.818
  -7.290 -15.258 -15.450
  -7.281 -14.158 -15.149
  -7.272 -15.761 -15.761
  -7.264 -14.859 -15.573
  -7.255 -15.497 -15.497
  -7.247 -14.883 -15.852
  -7.239 -15.559 -15.716
  -7.231 -15.896 -15.896
  -7.223 -15.641 -15.837
  -7.216 -15.105 -15.486
  -7.208 -15.697 -15.917
  -7.201 -15.799 -15.799
  -7.194 -15.796 -15.796
  -7.187 -15.707 -15.953
  -7.180 -14.700 -16.077
  -7.173 -15.502 -15.776
  -7.166 -16.084 -16.084
  -7.159 -15.927 -15.927
  -7.153 -15.678 -15.861
  -7.146 -15.018 -15.586
  -7.140 -15.953 -15.953
  -7.133 -15.801 -15.801
  -7.127 -15.861 -15.861
  -7.121 -15.501 -15.709
  -7.115 -14.885 -15.943
  -7.109 -15.317 -15.884
  -7.103 -15.989 -16.259
  -7.098 -15.822 -16.293
  -7.092 -14.205 -15.714
  -7.086 -16.055 -16.055
  -7.081 -15.653 -15.653
  -7.075 -16.035 -16.035
  -7.070 -15.730 -15.730
  -7.064 -16.269 -16.269
  -7.059 -15.893 -15.893
  -7.054 -15.852 -16.034
  -7.049 -16.106 -16.330
  -7.043 -16.287 -16.462
  -7.038 -15.735 -16.219
  -7.033 -16.026 -16.443
  -7.029 -16.005 -16.005
  -7.024 -15.954 -15.954
  -7.019 -16.478 -16.478
  -7.014 -15.877 -16.154
  -7.009 -16.117 -16.316
  -7.005 -15.329 -15.594
  -7.000 -14.909 -15.128
  -6.995 -16.580 -16.902
  -6.991 -14.850 -16.008
  -6.986 -15.605 -15.902
  -6.982 -15.465 -16.031
  -6.978 -16.167 -16.167
  -6.973 -15.576 -16.227
  -6.969 -16.067 -16.067
  -6.965 -15.966 -16.456
  -6.961 -16.341 -16.515
  -6.956 -15.358 -16.976
  -6.952 -15.622 -16.352
  -6.948 -16.700 -16.700
  -6.944 -17.447 -22.370
  -6.940 -14.610 -14.803
  -6.936 -15.981 -16.178
  -6.932 -16.202 -16.443
  -6.928 -14.773 -16.269
  -6.924 -15.877 -15.877
  -6.920 -16.994 -49.500
  -6.917 -49.500     NaN
  -6.913 -15.451 -15.616
  -6.909 -15.940 -15.940
  -6.905 -16.630 -17.232
  -6.902 -16.700 -22.315
  -6.898 -16.256 -49.500
  -6.894 -15.843 -16.384
  -6.891 -16.337 -49.500
  -6.887 -16.307 -16.665
  -6.884 -16.358 -49.500
  -6.880 -16.116 -16.275
  -6.877 -16.271 -49.500
  -6.873 -16.754 -16.754
  -6.870 -16.805 -49.500
  -6.867 -16.612 -16.612
  -6.863 -17.157 -49.500
  -6.860 -16.420 -16.648
  -6.857 -16.335 -16.750
  -6.853 -49.500     NaN
  -6.850 -16.444 -16.634
  -6.847 -49.500     NaN
  -6.844 -16.157 -16.603
  -6.840 -16.007 -16.299
  -6.837 -15.227 -16.565
  -6.834 -15.324 -16.906
  -6.831 -16.779 -49.500
  -6.828 -16.160 -16.521
  -6.825 -16.328 -16.514
  -6.822 -16.591 -16.862
  -6.819 -16.106 -16.273
  -6.816 -49.500     NaN
  -6.813 -49.500     NaN
  -6.810 -16.212 -16.790
  -6.807 -17.025 -49.500
  -6.804 -16.576 -49.500
  -6.801 -49.500     NaN
  -6.798 -16.144 -16.371
  -6.795 -15.905 -15.905
  -6.792 -15.957 -49.500
  -6.789 -16.535 -17.160
  -6.787 -49.500     NaN
  -6.784 -16.313 -49.500
  -6.781 -16.141 -16.367
  -6.778 -16.554 -49.500
  -6.775 -49.500     NaN
  -6.773 -49.500 -49.500
  -6.770 -16.751 -49.500
  -6.767 -16.264 -16.455
  -6.765 -16.228 -49.500
  -6.762 -15.192 -49.500
  -6.759 -49.500     NaN
  -6.757 -15.746 -16.796
  -6.754 -49.500     NaN
  -6.751 -14.575 -49.500
  -6.749 -49.500     NaN
  -6.746 -49.500 -49.500
  -6.744 -49.500 -49.500
  -6.741 -49.500     NaN
  -6.739 -16.647 -49.500
  -6.736 -16.104 -16.293
  -6.734 -49.500     NaN
  -6.731 -16.296 -16.296
  -6.729 -49.500     NaN
  -6.726 -49.500     NaN
  -6.724 -16.675 -49.500
  -6.721 -49.500     NaN
  -6.719 -16.507 -49.500
  -6.717 -49.500 -49.500
  -6.714 -16.108 -16.372
  -6.712 -49.500     NaN
  -6.709 -15.420 -16.030
  -6.707 -16.757 -16.757
  -6.705 -49.500 -49.500
  -6.702 -49.500 -49.500
  -6.700 -49.500     NaN
  -6.698 -49.500     NaN
  -6.696 -49.500 -49.500
  -6.693 -16.823 -49.500
  -6.691 -49.500 -49.500
  -6.689 -49.500 -49.500
  -6.687 -16.962 -49.500
  -6.684 -15.973 -16.360
  -6.682 -16.945 -49.500
  -6.680 -49.500 -49.500
  -6.678 -16.438 -16.438
  -6.675 -16.550 -49.500
  -6.673 -49.500     NaN
  -6.671 -16.593 -49.500
  -6.669 -15.384 -15.384
  -6.667 -49.500 -49.500
  -6.665 -49.500 -49.500
  -6.663 -49.500 -49.500
  -6.661 -49.500 -49.500
  -6.658 -49.500 -49.500
  -6.656 -49.500 -49.500
  -6.654 -49.500     NaN
  -6.652 -16.939 -49.500
  -6.650 -14.958 -14.958
  -6.648 -49.500 -49.500
  -6.646 -49.500 -49.500
  -6.644 -49.500 -49.500
  -6.642 -16.110 -49.500
  -6.640 -49.500     NaN
  -6.638 -49.500 -49.500
  -6.636 -49.500     NaN
  -6.634 -49.500 -49.500
  -6.632 -16.652 -49.500
  -6.630 -16.418 -16.418
  -6.628 -49.500 -49.500
  -6.626 -16.100 -16.100
  -6.624 -49.500 -49.500
  -6.622 -49.500 -49.500
  -6.620 -49.500     NaN
  -6.618 -49.500 -49.500
  -6.617 -49.500 -49.500
  -6.615 -49.500     NaN
  -6.613 -49.500     NaN
  -6.611 -49.500 -49.500
  -6.609 -49.500     NaN
  -6.607 -49.500 -49.500
  -6.605 -49.500     NaN
  -6.603 -49.500 -49.500
  -6.602 -49.500 -49.500
  -6.600 -16.055 -16.055
  -6.598 -49.500 -49.500
  -6.596 -49.500     NaN
  -6.594 -49.500     NaN
