  -8.861 -13.868 -13.868
  -8.599 -13.951 -13.951
  -8.442 -13.957 -14.133
  -8.329 -14.246 -14.246
  -8.239 -14.326 -14.326
  -8.166 -14.364 -14.364
  -8.103 -14.337 -14.337
  -8.048 -14.428 -14.428
  -7.999 -14.385 -14.385
  -7.955 -14.370 -14.523
  -7.916 -14.485 -14.485
  -7.879 -14.568 -14.568
  -7.846 -14.680 -14.680
  -7.815 -14.545 -14.545
  -7.786 -14.833 -14.833
  -7.758 -14.768 -14.768
  -7.733 -14.848 -14.848
  -7.709 -14.619 -14.825
  -7.686 -14.999 -14.999
  -7.664 -14.798 -14.798
  -7.643 -15.004 -15.004
  -7.624 -14.923 -14.923
  -7.605 -14.770 -14.770
  -7.586 -14.975 -14.975
  -7.569 -14.749 -15.014
  -7.552 -15.169 -15.169
  -7.536 -15.078 -15.078
  -7.521 -15.201 -15.201
  -7.506 -14.143 -14.892
  -7.491 -15.027 -15.321
  -7.477 -14.880 -15.088
  -7.464 -14.983 -15.355
  -7.451 -14.687 -15.376
  -7.438 -14.935 -15.096
  -7.425 -15.336 -15.336
  -7.413 -15.004 -15.004
  -7.401 -15.244 -15.244
  -7.390 -15.313 -15.313
  -7.379 -14.715 -15.390
  -7.368 -15.187 -15.187
  -7.357 -15.414 -15.414
  -7.347 -15.290 -15.637
  -7.337 -14.626 -14.998
  -7.327 -15.183 -15.183
  -7.317 -14.956 -14.956
  -7.308 -14.875 -15.227
  -7.299 -15.463 -15.463
  -7.290 -15.386 -15.602
  -7.281 -14.771 -15.563
  -7.272 -15.469 -15.756
  -7.264 -15.852 -15.852
  -7.255 -15.678 -15.960
  -7.247 -15.494 -15.494
  -7.239 -15.418 -15.653
  -7.231 -15.316 -15.536
  -7.223 -15.953 -15.953
  -7.216 -15.417 -15.949
  -7.208 -15.897 -16.088
  -7.201 -15.330 -15.712
  -7.194 -15.762 -15.762
  -7.187 -15.435 -15.612
  -7.180 -15.082 -16.172
  -7.173 -15.729 -15.729
  -7.166 -15.592 -15.592
  -7.159 -15.833 -15.833
  -7.153 -15.912 -16.198
  -7.146 -15.889 -16.081
  -7.140 -15.235 -15.842
  -7.133 -15.553 -15.553
  -7.127 -16.075 -16.075
  -7.121 -15.156 -15.156
  -7.115 -15.917 -15.917
  -7.109 -16.080 -16.080
  -7.103 -16.209 -16.209
  -7.098 -16.136 -16.302
  -7.092 -14.843 -15.824
  -7.086 -15.996 -16.442
  -7.081 -16.398 -16.398
  -7.075 -16.100 -16.100
  -7.070 -15.794 -15.794
  -7.064 -15.519 -15.984
  -7.059 -15.971 -16.305
  -7.054 -15.969 -15.969
  -7.049 -16.128 -16.345
  -7.043 -16.247 -16.247
  -7.038 -15.770 -15.936
  -7.033 -16.285 -16.285
  -7.029 -15.904 -16.240
  -7.024 -16.307 -16.515
  -7.019 -15.338 -16.036
  -7.014 -16.162 -16.341
  -7.009 -15.769 -15.926
  -7.005 -15.935 -16.318
  -7.000 -16.506 -16.506
  -6.995 -16.306 -16.676
  -6.991 -16.283 -16.613
  -6.986 -15.674 -16.493
  -6.982 -15.611 -15.932
  -6.978 -16.237 -16.237
  -6.973 -15.882 -16.306
  -6.969 -16.524 -16.736
  -6.965 -15.652 -15.835
  -6.961 -16.261 -16.261
  -6.956 -16.557 -16.557
  -6.952 -14.866 -15.172
  -6.948 -15.334 -16.078
  -6.944 -16.192 -16.667
  -6.940 -14.584 -16.660
  -6.936 -15.645 -16.458
  -6.932 -16.493 -16.657
  -6.928 -16.172 -16.324
  -6.924 -16.319 -16.713
  -6.920 -15.787 -16.714
  -6.917 -16.414 -16.661
  -6.913 -16.539 -16.883
  -6.909 -15.946 -16.116
  -6.905 -16.364 -16.364
  -6.902 -16.883 -49.500
  -6.898 -15.821 -16.068
  -6.894 -14.445 -14.669
  -6.891 -16.303 -16.478
  -6.887 -16.716 -16.961
  -6.884 -15.751 -16.173
  -6.880 -15.386 -15.679
  -6.877 -16.559 -16.711
  -6.873 -17.013 -17.330
  -6.870 -49.500     NaN
  -6.867 -15.655 -49.500
  -6.863 -15.895 -49.500
  -6.860 -16.921 -49.500
  -6.857 -15.609 -16.665
  -6.853 -16.421 -16.822
  -6.850 -16.834 -49.500
  -6.847 -16.492 -49.500
  -6.844 -15.544 -15.697
  -6.840 -49.500     NaN
  -6.837 -16.792 -16.964
  -6.834 -16.381 -16.577
  -6.831 -49.500     NaN
  -6.828 -15.802 -16.266
  -6.825 -16.917 -49.500
  -6.822 -16.942 -49.500
  -6.819 -16.046 -49.500
  -6.816 -49.500     NaN
  -6.813 -49.500     NaN
  -6.810 -16.284 -16.533
  -6.807 -16.873 -17.159
  -6.804 -15.314 -16.294
  -6.801 -16.813 -16.813
  -6.798 -16.321 -16.538
  -6.795 -16.299 -16.892
  -6.792 -49.500     NaN
  -6.789 -16.769 -49.500
  -6.787 -16.309 -16.766
  -6.784 -49.500 -49.500
  -6.781 -49.500     NaN
  -6.778 -16.077 -16.602
  -6.775 -16.027 -49.500
  -6.773 -15.818 -16.683
  -6.770 -49.500 -49.500
  -6.767 -49.500     NaN
  -6.765 -49.500     NaN
  -6.762 -49.500     NaN
  -6.759 -16.429 -49.500
  -6.757 -16.036 -49.500
  -6.754 -16.873 -49.500
  -6.751 -49.500 -49.500
  -6.749 -16.355 -16.874
  -6.746 -16.126 -49.500
  -6.744 -16.488 -16.710
  -6.741 -49.500     NaN
  -6.739 -49.500     NaN
  -6.736 -49.500     NaN
  -6.734 -16.005 -16.005
  -6.731 -49.500 -49.500
  -6.729 -49.500 -49.500
  -6.726 -15.348 -16.293
  -6.724 -16.461 -49.500
  -6.721 -49.500     NaN
  -6.719 -16.300 -49.500
  -6.717 -49.500     NaN
  -6.714 -49.500 -49.500
  -6.712 -16.495 -49.500
  -6.709 -49.500 -49.500
  -6.707 -49.500 -49.500
  -6.705 -49.500     NaN
  -6.702 -15.853 -16.253
  -6.700 -15.971 -49.500
  -6.698 -16.686 -49.500
  -6.696 -49.500 -49.500
  -6.693 -17.037 -49.500
  -6.691 -15.871 -16.799
  -6.689 -49.500     NaN
  -6.687 -49.500     NaN
  -6.684 -49.500 -49.500
  -6.682 -49.500 -49.500
  -6.680 -49.500     NaN
  -6.678 -49.500 -49.500
  -6.675 -49.500     NaN
  -6.673 -16.340 -16.340
  -6.671 -49.500 -49.500
  -6.669 -49.500 -49.500
  -6.667 -49.500 -49.500
  -6.665 -49.500 -49.500
  -6.663 -49.500 -49.500
  -6.661 -49.500     NaN
  -6.658 -49.500 -49.500
  -6.656 -49.500 -49.500
  -6.654 -49.500 -49.500
  -6.652 -49.500     NaN
  -6.650 -16.216 -16.572
  -6.648 -15.801 -49.500
  -6.646 -49.500 -49.500
  -6.644 -49.500 -49.500
  -6.642 -49.500 -49.500
  -6.640 -49.500 -49.500
  -6.638 -49.500 -49.500
  -6.636 -49.500 -49.500
  -6.634 -49.500 -49.500
  -6.632 -49.500 -49.500
  -6.630 -49.500 -49.500
  -6.628 -49.500 -49.500
  -6.626 -49.500 -49.500
  -6.624 -49.500     NaN
  -6.622 -49.500     NaN
  -6.620 -49.500     NaN
  -6.618 -49.500 -49.500
  -6.617 -49.500 -49.500
  -6.615 -16.945 -16.945
  -6.613 -16.403 -16.403
  -6.611 -49.500     NaN
  -6.609 -15.832 -16.088
  -6.607 -49.500 -49.500
  -6.605 -49.500     NaN
  -6.603 -16.650 -16.650
  -6.602 -49.500     NaN
  -6.600 -49.500 -49.500
  -6.598 -49.500 -49.500
  -6.596 -49.500 -49.500
  -6.594 -16.589 -16.589
