  -8.861 -13.875 -13.875
  -8.599 -13.986 -13.986
  -8.442 -14.102 -14.102
  -8.329 -14.133 -14.133
  -8.239 -14.237 -14.237
  -8.166 -14.331 -14.331
  -8.103 -14.376 -14.376
  -8.048 -14.410 -14.410
  -7.999 -14.432 -14.432
  -7.955 -14.547 -14.547
  -7.916 -14.483 -14.483
  -7.879 -14.250 -14.727
  -7.846 -14.436 -14.436
  -7.815 -14.605 -14.605
  -7.786 -14.683 -14.683
  -7.758 -14.331 -14.638
  -7.733 -14.773 -14.940
  -7.709 -14.805 -14.962
  -7.686 -14.701 -14.701
  -7.664 -14.384 -14.545
  -7.643 -15.015 -15.015
  -7.624 -14.750 -14.750
  -7.605 -14.553 -15.032
  -7.586 -14.923 -15.129
  -7.569 -15.134 -15.134
  -7.552 -14.940 -15.143
  -7.536 -14.604 -14.819
  -7.521 -15.003 -15.003
  -7.506 -14.927 -14.927
  -7.491 -15.162 -15.162
  -7.477 -15.352 -15.352
  -7.464 -15.277 -15.277
  -7.451 -15.350 -15.350
  -7.438 -15.337 -15.337
  -7.425 -15.328 -15.328
  -7.413 -14.813 -14.813
  -7.401 -14.777 -15.528
  -7.390 -14.962 -14.962
  -7.379 -15.124 -15.124
  -7.368 -14.983 -15.431
  -7.357 -15.006 -15.006
  -7.347 -15.121 -15.121
  -7.337 -15.652 -15.652
  -7.327 -15.228 -15.441
  -7.317 -15.512 -15.858
  -7.308 -15.375 -15.667
  -7.299 -15.599 -15.599
  -7.290 -15.765 -15.765
  -7.281 -15.544 -15.544
  -7.272 -15.824 -15.824
  -7.264 -15.502 -15.773
  -7.255 -15.810 -15.810
  -7.247 -15.348 -15.597
  -7.239 -15.330 -15.670
  -7.231 -15.436 -15.768
  -7.223 -15.279 -15.484
  -7.216 -15.487 -15.804
  -7.208 -16.069 -16.069
  -7.201 -15.527 -15.815
  -7.194 -16.115 -16.115
  -7.187 -15.614 -15.849
  -7.180 -15.105 -16.141
  -7.173 -14.972 -15.619
  -7.166 -15.338 -15.338
  -7.159 -15.529 -15.751
  -7.153 -15.868 -15.868
  -7.146 -15.431 -15.431
  -7.140 -15.300 -15.838
  -7.133 -16.125 -16.125
  -7.127 -15.640 -15.640
  -7.121 -16.132 -16.132
  -7.115 -15.835 -15.991
  -7.109 -15.931 -15.931
  -7.103 -15.392 -16.053
  -7.098 -16.093 -16.093
  -7.092 -16.045 -16.045
  -7.086 -15.842 -16.030
  -7.081 -15.232 -15.406
  -7.075 -16.196 -16.437
  -7.070 -15.644 -15.644
  -7.064 -15.443 -16.076
  -7.059 -15.976 -15.976
  -7.054 -15.891 -15.891
  -7.049 -16.265 -16.265
  -7.043 -16.008 -16.247
  -7.038 -14.671 -15.028
  -7.033 -16.591 -16.591
  -7.029 -15.197 -16.449
  -7.024 -16.563 -16.563
  -7.019 -16.110 -16.356
  -7.014 -15.681 -16.018
  -7.009 -16.256 -16.256
  -7.005 -15.727 -15.879
  -7.000 -16.164 -16.164
  -6.995 -16.026 -16.188
  -6.991 -16.112 -16.112
  -6.986 -14.814 -16.305
  -6.982 -16.528 -16.977
  -6.978 -16.039 -16.370
  -6.973 -16.004 -16.328
  -6.969 -16.248 -16.456
  -6.965 -16.594 -16.594
  -6.961 -16.418 -16.730
  -6.956 -16.100 -16.773
  -6.952 -15.490 -16.386
  -6.948 -15.928 -16.195
  -6.944 -16.249 -16.512
  -6.940 -16.380 -16.731
  -6.936 -15.513 -15.716
  -6.932 -16.600 -16.843
  -6.928 -16.424 -16.904
  -6.924 -15.472 -16.962
  -6.920 -16.425 -49.500
  -6.917 -16.174 -16.721
  -6.913 -16.128 -17.306
  -6.909 -15.366 -15.708
  -6.905 -15.926 -16.166
  -6.902 -16.569 -16.723
  -6.898 -16.104 -16.265
  -6.894 -15.985 -15.985
  -6.891 -16.584 -49.500
  -6.887 -16.266 -16.266
  -6.884 -16.313 -49.500
  -6.880 -15.864 -16.936
  -6.877 -16.802 -17.134
  -6.873 -15.828 -16.234
  -6.870 -16.598 -17.038
  -6.867 -16.131 -16.456
  -6.863 -16.491 -16.657
  -6.860 -16.681 -16.965
  -6.857 -49.500     NaN
  -6.853 -16.464 -16.879
  -6.850 -15.747 -16.398
  -6.847 -16.012 -17.219
  -6.844 -17.377 -49.500
  -6.840 -16.456 -16.853
  -6.837 -15.836 -16.085
  -6.834 -15.634 -16.162
  -6.831 -15.358 -49.500
  -6.828 -49.500     NaN
  -6.825 -16.439 -16.592
  -6.822 -16.234 -16.390
  -6.819 -14.789 -15.587
  -6.816 -15.417 -16.275
  -6.813 -15.886 -16.572
  -6.810 -15.523 -16.740
  -6.807 -16.990 -49.500
  -6.804 -49.500     NaN
  -6.801 -16.708 -17.021
  -6.798 -16.749 -17.346
  -6.795 -16.706 -49.500
  -6.792 -49.500     NaN
  -6.789 -15.656 -15.924
  -6.787 -49.500     NaN
  -6.784 -16.706 -49.500
  -6.781 -16.098 -49.500
  -6.778 -15.688 -49.500
  -6.775 -16.251 -16.251
  -6.773 -16.463 -49.500
  -6.770 -16.527 -17.021
  -6.767 -49.500     NaN
  -6.765 -15.445 -49.500
  -6.762 -17.174 -49.500
  -6.759 -49.500     NaN
  -6.757 -49.500     NaN
  -6.754 -15.740 -15.740
  -6.751 -49.500     NaN
  -6.749 -49.500     NaN
  -6.746 -16.713 -49.500
  -6.744 -16.304 -49.500
  -6.741 -49.500 -49.500
  -6.739 -49.500     NaN
  -6.736 -49.500     NaN
  -6.734 -17.243 -49.500
  -6.731 -49.500     NaN
  -6.729 -16.532 -49.500
  -6.726 -16.206 -49.500
  -6.724 -49.500     NaN
  -6.721 -16.843 -16.843
  -6.719 -49.500     NaN
  -6.717 -16.904 -49.500
  -6.714 -49.500 -49.500
  -6.712 -49.500     NaN
  -6.709 -16.893 -49.500
  -6.707 -16.133 -16.481
  -6.705 -49.500     NaN
  -6.702 -16.710 -49.500
  -6.700 -49.500 -49.500
  -6.698 -49.500     NaN
  -6.696 -49.500     NaN
  -6.693 -49.500 -49.500
  -6.691 -16.812 -49.500
  -6.689 -49.500 -49.500
  -6.687 -49.500     NaN
  -6.684 -14.854 -14.854
  -6.682 -49.500 -49.500
  -6.680 -16.324 -16.324
  -6.678 -16.731 -49.500
  -6.675 -16.139 -49.500
  -6.673 -49.500 -49.500
  -6.671 -49.500 -49.500
  -6.669 -49.500 -49.500
  -6.667 -49.500 -49.500
  -6.665 -49.500 -49.500
  -6.663 -15.947 -49.500
  -6.661 -16.208 -49.500
  -6.658 -49.500     NaN
  -6.656 -16.786 -16.786
  -6.654 -16.569 -49.500
  -6.652 -49.500     NaN
  -6.650 -16.773 -16.773
  -6.648 -49.500 -49.500
  -6.646 -49.500 -49.500
  -6.644 -49.500 -49.500
  -6.642 -16.138 -49.500
  -6.640 -49.500 -49.500
  -6.638 -49.500 -49.500
  -6.636 -49.500 -49.500
  -6.634 -49.500 -49.500
  -6.632 -16.445 -16.752
  -6.630 -49.500 -49.500
  -6.628 -49.500     NaN
  -6.626 -16.085 -16.528
  -6.624 -49.500 -49.500
  -6.622 -16.584 -49.500
  -6.620 -49.500 -49.500
  -6.618 -49.500 -49.500
  -6.617 -49.500 -49.500
  -6.615 -16.190 -16.190
  -6.613 -49.500     NaN
  -6.611 -49.500 -49.500
  -6.609 -16.739 -49.500
  -6.607 -49.500 -49.500
  -6.605 -16.320 -16.320
  -6.603 -49.500 -49.500
  -6.602 -14.730 -14.730
  -6.600 -49.500 -49.500
  -6.598 -49.500 -49.500
  -6.596 -14.719 -49.500
  -6.594 -49.500 -49.500
