  -8.861 -13.813 -13.813
  -8.599 -13.974 -13.974
  -8.442 -14.087 -14.087
  -8.329 -14.187 -14.187
  -8.239 -14.186 -14.186
  -8.166 -14.186 -14.186
  -8.103 -14.444 -14.444
  -8.048 -14.313 -14.313
  -7.999 -14.513 -14.513
  -7.955 -14.665 -14.665
  -7.916 -14.314 -14.580
  -7.879 -14.525 -14.525
  -7.846 -14.480 -14.480
  -7.815 -14.508 -14.508
  -7.786 -14.693 -14.693
  -7.758 -14.492 -14.668
  -7.733 -14.397 -14.569
  -7.709 -14.262 -14.563
  -7.686 -14.870 -14.870
  -7.664 -15.026 -15.026
  -7.643 -14.975 -14.975
  -7.624 -15.042 -15.042
  -7.605 -14.793 -14.970
  -7.586 -15.082 -15.082
  -7.569 -14.706 -14.958
  -7.552 -14.637 -15.067
  -7.536 -15.084 -15.084
  -7.521 -15.195 -15.195
  -7.506 -15.297 -15.297
  -7.491 -15.107 -15.107
  -7.477 -15.058 -15.058
  -7.464 -14.864 -15.016
  -7.451 -14.926 -15.122
  -7.438 -15.211 -15.211
  -7.425 -15.255 -15.255
  -7.413 -15.216 -15.434
  -7.401 -15.662 -15.662
  -7.390 -14.937 -15.144
  -7.379 -15.500 -15.500
  -7.368 -14.993 -15.432
  -7.357 -15.387 -15.680
  -7.347 -15.597 -15.597
  -7.337 -15.093 -15.519
  -7.327 -15.284 -15.503
  -7.317 -15.372 -15.372
  -7.308 -14.412 -15.257
  -7.299 -15.526 -15.526
  -7.290 -15.354 -15.534
  -7.281 -15.482 -15.707
  -7.272 -15.525 -15.738
  -7.264 -15.876 -15.876
  -7.255 -15.244 -15.922
  -7.247 -15.707 -15.899
  -7.239 -15.664 -15.664
  -7.231 -15.594 -15.594
  -7.223 -15.281 -15.563
  -7.216 -15.876 -15.876
  -7.208 -15.527 -16.004
  -7.201 -15.256 -15.771
  -7.194 -15.287 -15.799
  -7.187 -15.011 -15.341
  -7.180 -15.580 -15.832
  -7.173 -15.872 -15.872
  -7.166 -15.750 -16.190
  -7.159 -15.871 -15.871
  -7.153 -15.175 -15.710
  -7.146 -15.307 -15.725
  -7.140 -15.602 -15.839
  -7.133 -15.526 -15.808
  -7.127 -15.938 -16.123
  -7.121 -15.739 -16.086
  -7.115 -15.943 -15.943
  -7.109 -15.601 -15.753
  -7.103 -15.976 -16.133
  -7.098 -15.763 -15.954
  -7.092 -15.890 -15.890
  -7.086 -15.791 -15.947
  -7.081 -15.339 -15.972
  -7.075 -16.129 -16.129
  -7.070 -16.093 -16.448
  -7.064 -15.777 -15.777
  -7.059 -15.562 -15.857
  -7.054 -15.883 -15.883
  -7.049 -16.230 -16.230
  -7.043 -15.771 -16.435
  -7.038 -16.108 -16.108
  -7.033 -16.253 -16.253
  -7.029 -14.768 -15.244
  -7.024 -15.465 -16.105
  -7.019 -15.359 -15.684
  -7.014 -16.188 -16.583
  -7.009 -16.249 -16.521
  -7.005 -16.377 -16.655
  -7.000 -16.235 -16.235
  -6.995 -15.998 -16.337
  -6.991 -16.549 -17.180
  -6.986 -16.040 -16.397
  -6.982 -15.984 -16.411
  -6.978 -16.990 -49.500
  -6.973 -16.012 -16.250
  -6.969 -16.398 -16.398
  -6.965 -16.133 -16.526
  -6.961 -16.678 -16.914
  -6.956 -16.346 -16.528
  -6.952 -16.166 -16.556
  -6.948 -15.463 -16.683
  -6.944 -16.054 -16.270
  -6.940 -16.061 -16.350
  -6.936 -16.086 -16.086
  -6.932 -15.949 -16.298
  -6.928 -16.355 -16.899
  -6.924 -16.196 -16.532
  -6.920 -15.562 -16.089
  -6.917 -15.718 -16.371
  -6.913 -15.557 -16.857
  -6.909 -16.101 -16.522
  -6.905 -16.014 -16.322
  -6.902 -15.918 -16.089
  -6.898 -16.417 -16.570
  -6.894 -15.530 -16.125
  -6.891 -14.852 -16.167
  -6.887 -16.120 -16.444
  -6.884 -15.760 -16.367
  -6.880 -15.697 -16.203
  -6.877 -49.500 -49.500
  -6.873 -16.540 -16.755
  -6.870 -16.611 -49.500
  -6.867 -49.500     NaN
  -6.863 -49.500     NaN
  -6.860 -16.380 -16.663
  -6.857 -15.978 -16.165
  -6.853 -49.500     NaN
  -6.850 -15.927 -16.355
  -6.847 -16.496 -49.500
  -6.844 -16.322 -16.805
  -6.840 -16.829 -49.500
  -6.837 -15.775 -16.997
  -6.834 -15.838 -16.834
  -6.831 -16.035 -49.500
  -6.828 -16.114 -16.586
  -6.825 -16.424 -49.500
  -6.822 -16.312 -16.470
  -6.819 -17.000 -17.333
  -6.816 -16.340 -16.703
  -6.813 -15.464 -16.930
  -6.810 -16.491 -49.500
  -6.807 -16.145 -16.521
  -6.804 -17.077 -49.500
  -6.801 -16.056 -49.500
  -6.798 -16.347 -16.713
  -6.795 -16.347 -17.005
  -6.792 -16.282 -16.437
  -6.789 -15.733 -16.221
  -6.787 -49.500 -49.500
  -6.784 -49.500     NaN
  -6.781 -16.249 -49.500
  -6.778 -16.221 -49.500
  -6.775 -15.791 -49.500
  -6.773 -16.461 -16.846
  -6.770 -16.458 -49.500
  -6.767 -16.260 -16.935
  -6.765 -16.836 -49.500
  -6.762 -16.431 -49.500
  -6.759 -16.507 -16.840
  -6.757 -16.990 -49.500
  -6.754 -15.627 -16.179
  -6.751 -17.074 -49.500
  -6.749 -49.500     NaN
  -6.746 -16.532 -49.500
  -6.744 -49.500     NaN
  -6.741 -16.662 -49.500
  -6.739 -49.500     NaN
  -6.736 -49.500 -49.500
  -6.734 -16.144 -16.144
  -6.731 -16.204 -16.846
  -6.729 -16.648 -49.500
  -6.726 -49.500 -49.500
  -6.724 -49.500 -49.500
  -6.721 -49.500     NaN
  -6.719 -49.500     NaN
  -6.717 -49.500     NaN
  -6.714 -49.500 -49.500
  -6.712 -49.500 -49.500
  -6.709 -49.500 -49.500
  -6.707 -49.500     NaN
  -6.705 -15.929 -15.929
  -6.702 -15.876 -49.500
  -6.700 -49.500     NaN
  -6.698 -16.294 -16.464
  -6.696 -49.500     NaN
  -6.693 -16.865 -49.500
  -6.691 -49.500 -49.500
  -6.689 -49.500     NaN
  -6.687 -16.520 -49.500
  -6.684 -49.500 -49.500
  -6.682 -16.203 -49.500
  -6.680 -49.500 -49.500
  -6.678 -49.500 -49.500
  -6.675 -49.500     NaN
  -6.673 -49.500 -49.500
  -6.671 -49.500     NaN
  -6.669 -16.579 -49.500
  -6.667 -16.091 -16.091
  -6.665 -49.500 -49.500
  -6.663 -49.500     NaN
  -6.661 -49.500 -49.500
  -6.658 -49.500 -49.500
  -6.656 -49.500 -49.500
  -6.654 -49.500 -49.500
  -6.652 -16.673 -16.673
  -6.650 -49.500     NaN
  -6.648 -49.500 -49.500
  -6.646 -16.205 -16.205
  -6.644 -16.090 -49.500
  -6.642 -16.344 -16.344
  -6.640 -49.500 -49.500
  -6.638 -49.500     NaN
  -6.636 -49.500 -49.500
  -6.634 -49.500     NaN
  -6.632 -16.846 -16.846
  -6.630 -49.500     NaN
  -6.628 -49.500 -49.500
  -6.626 -17.242 -49.500
  -6.624 -49.500 -49.500
  -6.622 -49.500 -49.500
  -6.620 -49.500 -49.500
  -6.618 -16.113 -49.500
  -6.617 -16.534 -49.500
  -6.615 -49.500 -49.500
  -6.613 -49.500     NaN
  -6.611 -16.264 -49.500
  -6.609 -49.500 -49.500
  -6.607 -49.500 -49.500
  -6.605 -49.500 -49.500
  -6.603 -49.500 -49.500
  -6.602 -15.751 -15.751
  -6.600 -49.500 -49.500
  -6.598 -49.500 -49.500
  -6.596 -16.322 -49.500
  -6.594 -49.500 -49.500
