  -8.861 -13.861 -13.861
  -8.599 -14.042 -14.042
  -8.442 -14.103 -14.103
  -8.329 -14.027 -14.027
  -8.239 -14.195 -14.195
  -8.166 -14.385 -14.385
  -8.103 -14.330 -14.330
  -8.048 -14.341 -14.341
  -7.999 -14.517 -14.517
  -7.955 -14.546 -14.546
  -7.916 -14.681 -14.681
  -7.879 -14.757 -14.757
  -7.846 -14.145 -14.750
  -7.815 -13.770 -14.821
  -7.786 -14.264 -14.264
  -7.758 -14.834 -14.834
  -7.733 -14.754 -14.920
  -7.709 -14.703 -14.703
  -7.686 -14.310 -14.776
  -7.664 -14.981 -14.981
  -7.643 -14.630 -14.630
  -7.624 -15.023 -15.023
  -7.605 -14.897 -15.157
  -7.586 -14.903 -15.165
  -7.569 -14.907 -15.113
  -7.552 -14.916 -14.916
  -7.536 -15.025 -15.204
  -7.521 -15.054 -15.272
  -7.506 -15.530 -15.530
  -7.491 -15.096 -15.096
  -7.477 -15.059 -15.438
  -7.464 -14.706 -15.429
  -7.451 -14.635 -15.133
  -7.438 -15.197 -15.197
  -7.425 -15.117 -15.117
  -7.413 -15.417 -15.417
  -7.401 -15.198 -15.384
  -7.390 -15.335 -15.335
  -7.379 -14.820 -15.547
  -7.368 -15.309 -15.481
  -7.357 -15.271 -15.526
  -7.347 -15.787 -15.787
  -7.337 -15.382 -15.382
  -7.327 -15.734 -15.734
  -7.317 -15.269 -15.487
  -7.308 -15.946 -15.946
  -7.299 -15.699 -15.699
  -7.290 -15.452 -15.736
  -7.281 -15.590 -15.795
  -7.272 -14.100 -15.363
  -7.264 -15.331 -15.510
  -7.255 -15.735 -15.735
  -7.247 -15.685 -15.857
  -7.239 -14.825 -15.545
  -7.231 -15.303 -15.523
  -7.223 -15.521 -15.919
  -7.216 -13.404 -16.021
  -7.208 -15.712 -15.869
  -7.201 -15.434 -16.114
  -7.194 -15.096 -15.605
  -7.187 -15.744 -15.744
  -7.180 -15.333 -15.726
  -7.173 -15.784 -15.971
  -7.166 -15.308 -15.697
  -7.159 -15.581 -15.581
  -7.153 -15.693 -15.879
  -7.146 -15.249 -15.522
  -7.140 -16.182 -16.182
  -7.133 -15.192 -15.427
  -7.127 -16.101 -16.101
  -7.121 -15.141 -16.053
  -7.115 -15.661 -16.162
  -7.109 -15.844 -16.138
  -7.103 -16.238 -16.503
  -7.098 -15.306 -15.945
  -7.092 -15.847 -16.202
  -7.086 -16.199 -16.353
  -7.081 -15.506 -15.666
  -7.075 -15.858 -16.048
  -7.070 -15.979 -16.153
  -7.064 -16.021 -16.021
  -7.059 -15.919 -15.919
  -7.054 -16.307 -16.307
  -7.049 -16.065 -16.065
  -7.043 -15.222 -15.572
  -7.038 -15.150 -16.074
  -7.033 -15.922 -16.082
  -7.029 -16.159 -16.159
  -7.024 -15.585 -16.116
  -7.019 -15.805 -16.021
  -7.014 -16.189 -16.378
  -7.009 -16.340 -16.340
  -7.005 -15.578 -16.371
  -7.000 -16.682 -17.203
  -6.995 -16.618 -16.618
  -6.991 -16.478 -16.478
  -6.986 -16.287 -16.287
  -6.982 -15.868 -16.319
  -6.978 -16.268 -16.428
  -6.973 -16.413 -16.576
  -6.969 -16.315 -16.315
  -6.965 -16.012 -16.012
  -6.961 -16.173 -16.418
  -6.956 -16.305 -16.482
  -6.952 -15.317 -16.158
  -6.948 -15.697 -16.099
  -6.944 -16.405 -16.590
  -6.940 -15.764 -15.923
  -6.936 -15.829 -16.154
  -6.932 -16.073 -16.490
  -6.928 -17.134 -22.523
  -6.924 -16.072 -16.246
  -6.920 -15.761 -16.551
  -6.917 -15.637 -16.341
  -6.913 -16.029 -16.200
  -6.909 -16.047 -16.367
  -6.905 -16.238 -16.564
  -6.902 -16.839 -16.993
  -6.898 -17.272 -49.500
  -6.894 -15.118 -17.071
  -6.891 -16.756 -16.960
  -6.887 -16.328 -16.595
  -6.884 -15.555 -16.062
  -6.880 -16.525 -49.500
  -6.877 -15.604 -16.413
  -6.873 -17.004 -49.500
  -6.870 -15.411 -16.578
  -6.867 -16.564 -49.500
  -6.863 -16.407 -16.876
  -6.860 -16.307 -16.905
  -6.857 -49.500     NaN
  -6.853 -15.703 -16.732
  -6.850 -16.304 -16.517
  -6.847 -15.479 -16.420
  -6.844 -16.427 -16.900
  -6.840 -15.972 -16.524
  -6.837 -16.032 -16.251
  -6.834 -16.158 -16.715
  -6.831 -49.500     NaN
  -6.828 -16.047 -17.031
  -6.825 -16.342 -49.500
  -6.822 -15.824 -15.986
  -6.819 -16.472 -49.500
  -6.816 -16.400 -49.500
  -6.813 -15.186 -16.319
  -6.810 -16.103 -17.061
  -6.807 -49.500     NaN
  -6.804 -16.260 -16.260
  -6.801 -49.500     NaN
  -6.798 -49.500     NaN
  -6.795 -16.754 -49.500
  -6.792 -16.480 -16.480
  -6.789 -16.927 -49.500
  -6.787 -16.629 -49.500
  -6.784 -49.500 -49.500
  -6.781 -16.460 -16.816
  -6.778 -49.500     NaN
  -6.775 -16.509 -17.048
  -6.773 -15.572 -16.581
  -6.770 -49.500     NaN
  -6.767 -49.500     NaN
  -6.765 -49.500     NaN
  -6.762 -49.500     NaN
  -6.759 -16.762 -17.280
  -6.757 -17.159 -49.500
  -6.754 -49.500     NaN
  -6.751 -49.500     NaN
  -6.749 -16.673 -49.500
  -6.746 -49.500     NaN
  -6.744 -49.500     NaN
  -6.741 -49.500 -49.500
  -6.739 -49.500     NaN
  -6.736 -16.643 -16.914
  -6.734 -49.500 -49.500
  -6.731 -49.500     NaN
  -6.729 -16.527 -16.527
  -6.726 -16.695 -16.695
  -6.724 -15.384 -16.612
  -6.721 -49.500 -49.500
  -6.719 -16.923 -49.500
  -6.717 -16.680 -49.500
  -6.714 -49.500 -49.500
  -6.712 -49.500 -49.500
  -6.709 -49.500 -49.500
  -6.707 -16.402 -49.500
  -6.705 -49.500     NaN
  -6.702 -49.500     NaN
  -6.700 -17.173 -17.173
  -6.698 -49.500 -49.500
  -6.696 -16.726 -49.500
  -6.693 -15.850 -15.850
  -6.691 -15.844 -16.013
  -6.689 -49.500 -49.500
  -6.687 -16.756 -16.756
  -6.684 -15.346 -49.500
  -6.682 -49.500     NaN
  -6.680 -49.500 -49.500
  -6.678 -49.500 -49.500
  -6.675 -16.877 -49.500
  -6.673 -16.974 -49.500
  -6.671 -49.500     NaN
  -6.669 -49.500     NaN
  -6.667 -49.500 -49.500
  -6.665 -49.500 -49.500
  -6.663 -16.489 -16.489
  -6.661 -49.500 -49.500
  -6.658 -49.500 -49.500
  -6.656 -49.500     NaN
  -6.654 -15.928 -15.928
  -6.652 -15.329 -49.500
  -6.650 -49.500 -49.500
  -6.648 -49.500     NaN
  -6.646 -16.439 -49.500
  -6.644 -49.500     NaN
  -6.642 -16.404 -49.500
  -6.640 -49.500 -49.500
  -6.638 -49.500 -49.500
  -6.636 -49.500 -49.500
  -6.634 -49.500     NaN
  -6.632 -49.500 -49.500
  -6.630 -49.500 -49.500
  -6.628 -16.441 -16.999
  -6.626 -16.389 -16.389
  -6.624 -15.675 -15.675
  -6.622 -16.251 -16.440
  -6.620 -16.825 -16.825
  -6.618 -49.500 -49.500
  -6.617 -49.500 -49.500
  -6.615 -49.500 -49.500
  -6.613 -16.207 -49.500
  -6.611 -15.825 -15.825
  -6.609 -16.105 -49.500
  -6.607 -15.806 -49.500
  -6.605 -49.500     NaN
  -6.603 -49.500     NaN
  -6.602 -49.500 -49.500
  -6.600 -49.500     NaN
  -6.598 -49.500 -49.500
  -6.596 -49.500 -49.500
  -6.594 -49.500 -49.500
