  -8.861 -13.832 -13.832
  -8.599 -14.003 -14.003
  -8.442 -14.044 -14.044
  -8.329 -14.143 -14.143
  -8.239 -14.234 -14.234
  -8.166 -13.805 -14.307
  -8.103 -14.327 -14.327
  -8.048 -14.357 -14.357
  -7.999 -14.439 -14.439
  -7.955 -14.406 -14.406
  -7.916 -14.537 -14.537
  -7.879 -13.959 -14.252
  -7.846 -14.624 -14.795
  -7.815 -14.739 -14.739
  -7.786 -14.743 -14.743
  -7.758 -14.836 -14.836
  -7.733 -14.921 -14.921
  -7.709 -14.725 -14.725
  -7.686 -14.435 -14.828
  -7.664 -14.825 -14.825
  -7.643 -14.899 -14.899
  -7.624 -14.589 -15.001
  -7.605 -14.902 -14.902
  -7.586 -14.716 -15.036
  -7.569 -14.885 -15.161
  -7.552 -14.977 -15.129
  -7.536 -14.603 -14.781
  -7.521 -14.528 -14.972
  -7.506 -15.204 -15.204
  -7.491 -15.233 -15.233
  -7.477 -14.978 -14.978
  -7.464 -14.730 -15.053
  -7.451 -15.307 -15.476
  -7.438 -15.007 -15.192
  -7.425 -15.000 -15.000
  -7.413 -15.266 -15.266
  -7.401 -15.389 -15.389
  -7.390 -15.390 -15.390
  -7.379 -15.105 -15.274
  -7.368 -14.778 -15.330
  -7.357 -14.972 -15.586
  -7.347 -15.519 -15.519
  -7.337 -15.336 -15.640
  -7.327 -15.469 -15.641
  -7.317 -15.234 -15.234
  -7.308 -15.162 -15.464
  -7.299 -14.226 -15.296
  -7.290 -15.471 -15.471
  -7.281 -15.476 -15.476
  -7.272 -15.936 -15.936
  -7.264 -15.343 -15.527
  -7.255 -15.915 -15.915
  -7.247 -15.424 -15.645
  -7.239 -15.538 -15.538
  -7.231 -15.986 -15.986
  -7.223 -15.960 -15.960
  -7.216 -15.337 -15.597
  -7.208 -15.630 -15.936
  -7.201 -15.690 -15.906
  -7.194 -15.172 -15.696
  -7.187 -14.361 -15.708
  -7.180 -15.550 -15.886
  -7.173 -14.695 -15.496
  -7.166 -15.556 -15.803
  -7.159 -15.796 -15.796
  -7.153 -15.868 -15.868
  -7.146 -15.926 -15.926
  -7.140 -15.359 -15.780
  -7.133 -15.244 -15.398
  -7.127 -15.819 -16.012
  -7.121 -16.399 -16.568
  -7.115 -15.401 -15.648
  -7.109 -15.570 -16.143
  -7.103 -16.109 -16.109
  -7.098 -16.271 -16.271
  -7.092 -15.876 -15.876
  -7.086 -15.892 -15.892
  -7.081 -16.089 -16.089
  -7.075 -15.991 -15.991
  -7.070 -15.708 -16.447
  -7.064 -15.870 -15.870
  -7.059 -15.374 -15.633
  -7.054 -15.884 -16.039
  -7.049 -16.443 -16.443
  -7.043 -16.280 -16.582
  -7.038 -15.154 -15.323
  -7.033 -15.908 -16.176
  -7.029 -16.101 -16.101
  -7.024 -13.958 -16.121
  -7.019 -15.149 -15.916
  -7.014 -16.024 -16.024
  -7.009 -16.384 -16.582
  -7.005 -16.234 -16.234
  -7.000 -16.466 -16.695
  -6.995 -16.195 -16.473
  -6.991 -16.323 -16.476
  -6.986 -16.100 -16.100
  -6.982 -16.267 -16.631
  -6.978 -16.439 -16.594
  -6.973 -16.228 -16.902
  -6.969 -15.447 -15.925
  -6.965 -16.209 -16.209
  -6.961 -16.891 -17.049
  -6.956 -15.435 -16.326
  -6.952 -16.662 -16.944
  -6.948 -16.592 -16.811
  -6.944 -16.147 -16.452
  -6.940 -15.864 -16.206
  -6.936 -16.232 -16.506
  -6.932 -15.698 -16.578
  -6.928 -17.307 -49.500
  -6.924 -16.409 -16.409
  -6.920 -15.987 -15.987
  -6.917 -16.453 -17.072
  -6.913 -15.058 -15.848
  -6.909 -15.815 -22.399
  -6.905 -16.353 -17.188
  -6.902 -15.789 -16.500
  -6.898 -15.974 -22.539
  -6.894 -16.141 -16.325
  -6.891 -16.474 -16.863
  -6.887 -15.560 -16.005
  -6.884 -16.348 -16.934
  -6.880 -16.485 -49.500
  -6.877 -16.731 -17.079
  -6.873 -15.871 -16.150
  -6.870 -16.106 -17.097
  -6.867 -16.362 -16.553
  -6.863 -16.607 -16.799
  -6.860 -16.389 -16.883
  -6.857 -16.665 -49.500
  -6.853 -16.428 -49.500
  -6.850 -16.480 -16.742
  -6.847 -16.516 -16.516
  -6.844 -16.293 -49.500
  -6.840 -16.294 -16.294
  -6.837 -16.609 -49.500
  -6.834 -15.904 -16.660
  -6.831 -49.500 -49.500
  -6.828 -16.661 -16.860
  -6.825 -16.850 -49.500
  -6.822 -16.864 -17.230
  -6.819 -15.106 -16.247
  -6.816 -16.449 -49.500
  -6.813 -16.496 -16.976
  -6.810 -49.500     NaN
  -6.807 -49.500     NaN
  -6.804 -16.300 -16.539
  -6.801 -16.101 -16.267
  -6.798 -15.891 -16.062
  -6.795 -16.497 -49.500
  -6.792 -49.500     NaN
  -6.789 -16.320 -16.856
  -6.787 -49.500     NaN
  -6.784 -49.500     NaN
  -6.781 -49.500 -49.500
  -6.778 -16.336 -16.843
  -6.775 -16.393 -49.500
  -6.773 -49.500     NaN
  -6.770 -16.462 -49.500
  -6.767 -16.110 -16.110
  -6.765 -49.500     NaN
  -6.762 -16.637 -16.637
  -6.759 -16.933 -49.500
  -6.757 -15.711 -15.967
  -6.754 -49.500 -49.500
  -6.751 -49.500     NaN
  -6.749 -49.500     NaN
  -6.746 -49.500     NaN
  -6.744 -49.500 -49.500
  -6.741 -49.500     NaN
  -6.739 -49.500     NaN
  -6.736 -16.682 -16.885
  -6.734 -14.736 -49.500
  -6.731 -16.562 -16.562
  -6.729 -49.500     NaN
  -6.726 -49.500     NaN
  -6.724 -16.818 -49.500
  -6.721 -16.672 -49.500
  -6.719 -49.500 -49.500
  -6.717 -49.500     NaN
  -6.714 -16.272 -49.500
  -6.712 -49.500     NaN
  -6.709 -16.323 -49.500
  -6.707 -49.500     NaN
  -6.705 -15.167 -16.712
  -6.702 -49.500     NaN
  -6.700 -49.500     NaN
  -6.698 -49.500     NaN
  -6.696 -49.500     NaN
  -6.693 -49.500 -49.500
  -6.691 -15.862 -15.862
  -6.689 -16.343 -49.500
  -6.687 -16.293 -49.500
  -6.684 -16.125 -16.966
  -6.682 -49.500     NaN
  -6.680 -16.521 -49.500
  -6.678 -16.164 -16.164
  -6.675 -15.879 -49.500
  -6.673 -15.961 -15.961
  -6.671 -16.610 -49.500
  -6.669 -16.464 -17.073
  -6.667 -16.450 -16.450
  -6.665 -49.500 -49.500
  -6.663 -16.135 -16.135
  -6.661 -49.500 -49.500
  -6.658 -16.176 -16.657
  -6.656 -16.006 -16.177
  -6.654 -16.031 -16.031
  -6.652 -49.500 -49.500
  -6.650 -49.500     NaN
  -6.648 -49.500 -49.500
  -6.646 -49.500 -49.500
  -6.644 -49.500 -49.500
  -6.642 -49.500     NaN
  -6.640 -15.521 -49.500
  -6.638 -49.500 -49.500
  -6.636 -49.500 -49.500
  -6.634 -49.500 -49.500
  -6.632 -49.500     NaN
  -6.630 -49.500     NaN
  -6.628 -49.500 -49.500
  -6.626 -49.500 -49.500
  -6.624 -49.500 -49.500
  -6.622 -49.500 -49.500
  -6.620 -16.181 -49.500
  -6.618 -49.500 -49.500
  -6.617 -49.500 -49.500
  -6.615 -49.500 -49.500
  -6.613 -49.500 -49.500
  -6.611 -49.500 -49.500
  -6.609 -16.139 -49.500
  -6.607 -49.500 -49.500
  -6.605 -16.499 -16.499
  -6.603 -49.500 -49.500
  -6.602 -16.586 -49.500
  -6.600 -49.500 -49.500
  -6.598 -49.500 -49.500
  -6.596 -16.278 -16.278
  -6.594 -49.500     NaN
