  -8.861 -13.871 -13.871
  -8.599 -13.965 -13.965
  -8.442 -14.126 -14.126
  -8.329 -14.164 -14.164
  -8.239 -14.219 -14.219
  -8.166 -13.918 -14.097
  -8.103 -14.236 -14.236
  -8.048 -14.495 -14.495
  -7.999 -14.314 -14.508
  -7.955 -14.454 -14.454
  -7.916 -14.466 -14.466
  -7.879 -14.715 -14.715
  -7.846 -14.432 -14.432
  -7.815 -14.704 -14.704
  -7.786 -14.549 -14.549
  -7.758 -14.451 -14.717
  -7.733 -14.337 -14.738
  -7.709 -14.720 -14.720
  -7.686 -14.541 -14.541
  -7.664 -14.695 -14.695
  -7.643 -15.094 -15.094
  -7.624 -14.795 -15.022
  -7.605 -14.913 -14.913
  -7.586 -14.985 -14.985
  -7.569 -14.564 -14.829
  -7.552 -15.195 -15.195
  -7.536 -14.927 -14.927
  -7.521 -14.331 -15.089
  -7.506 -14.919 -15.187
  -7.491 -15.081 -15.283
  -7.477 -15.228 -15.228
  -7.464 -15.146 -15.371
  -7.451 -14.902 -14.902
  -7.438 -14.929 -15.107
  -7.425 -15.209 -15.209
  -7.413 -15.233 -15.233
  -7.401 -15.048 -15.048
  -7.390 -15.358 -15.358
  -7.379 -15.391 -15.391
  -7.368 -15.262 -15.611
  -7.357 -15.591 -15.591
  -7.347 -14.424 -15.099
  -7.337 -15.779 -15.779
  -7.327 -15.520 -15.520
  -7.317 -15.528 -15.528
  -7.308 -15.346 -15.534
  -7.299 -14.428 -15.196
  -7.290 -15.530 -15.530
  -7.281 -15.711 -15.882
  -7.272 -15.555 -15.555
  -7.264 -15.391 -15.391
  -7.255 -15.836 -15.836
  -7.247 -15.002 -15.549
  -7.239 -15.716 -15.716
  -7.231 -15.881 -15.881
  -7.223 -15.842 -15.842
  -7.216 -15.230 -15.585
  -7.208 -15.707 -15.707
  -7.201 -15.129 -15.394
  -7.194 -15.432 -15.615
  -7.187 -15.702 -15.871
  -7.180 -15.876 -15.876
  -7.173 -15.933 -15.933
  -7.166 -16.024 -16.024
  -7.159 -15.938 -15.938
  -7.153 -15.864 -15.864
  -7.146 -14.936 -15.700
  -7.140 -15.703 -15.875
  -7.133 -15.846 -16.227
  -7.127 -15.915 -15.915
  -7.121 -15.196 -15.766
  -7.115 -16.077 -16.077
  -7.109 -15.073 -15.869
  -7.103 -15.436 -15.702
  -7.098 -15.771 -15.975
  -7.092 -15.824 -16.213
  -7.086 -15.321 -15.885
  -7.081 -15.924 -16.078
  -7.075 -15.409 -15.594
  -7.070 -15.829 -15.829
  -7.064 -15.797 -16.158
  -7.059 -15.526 -15.864
  -7.054 -15.846 -16.103
  -7.049 -15.505 -16.151
  -7.043 -15.972 -15.972
  -7.038 -16.180 -16.394
  -7.033 -16.659 -16.659
  -7.029 -16.404 -16.404
  -7.024 -16.300 -16.455
  -7.019 -15.567 -16.192
  -7.014 -16.068 -16.359
  -7.009 -15.416 -16.136
  -7.005 -16.701 -16.701
  -7.000 -15.773 -16.253
  -6.995 -16.339 -16.339
  -6.991 -16.882 -17.143
  -6.986 -15.939 -16.175
  -6.982 -16.165 -16.335
  -6.978 -15.696 -15.696
  -6.973 -16.407 -16.407
  -6.969 -16.276 -16.276
  -6.965 -14.564 -16.340
  -6.961 -16.408 -16.408
  -6.956 -15.959 -16.604
  -6.952 -16.026 -16.304
  -6.948 -15.853 -16.861
  -6.944 -15.405 -16.059
  -6.940 -16.689 -16.689
  -6.936 -15.912 -16.349
  -6.932 -16.063 -16.482
  -6.928 -16.363 -16.922
  -6.924 -15.908 -16.308
  -6.920 -14.738 -16.144
  -6.917 -16.763 -49.500
  -6.913 -15.425 -15.821
  -6.909 -16.332 -16.332
  -6.905 -15.560 -15.726
  -6.902 -15.925 -16.094
  -6.898 -16.246 -22.665
  -6.894 -16.694 -16.855
  -6.891 -17.040 -49.500
  -6.887 -16.316 -49.500
  -6.884 -16.898 -49.500
  -6.880 -16.901 -17.085
  -6.877 -15.081 -15.264
  -6.873 -16.965 -49.500
  -6.870 -16.461 -17.086
  -6.867 -16.579 -16.740
  -6.863 -16.826 -49.500
  -6.860 -16.172 -16.738
  -6.857 -15.789 -16.526
  -6.853 -49.500     NaN
  -6.850 -16.954 -49.500
  -6.847 -15.546 -17.060
  -6.844 -49.500     NaN
  -6.840 -16.813 -49.500
  -6.837 -16.646 -17.154
  -6.834 -15.864 -16.818
  -6.831 -15.757 -15.757
  -6.828 -15.513 -16.486
  -6.825 -15.194 -49.500
  -6.822 -16.264 -16.438
  -6.819 -15.372 -15.936
  -6.816 -49.500     NaN
  -6.813 -49.500     NaN
  -6.810 -16.228 -16.228
  -6.807 -16.633 -16.835
  -6.804 -15.714 -16.643
  -6.801 -16.186 -16.366
  -6.798 -16.596 -49.500
  -6.795 -16.740 -49.500
  -6.792 -16.686 -17.368
  -6.789 -16.656 -49.500
  -6.787 -49.500     NaN
  -6.784 -16.607 -16.831
  -6.781 -49.500     NaN
  -6.778 -49.500     NaN
  -6.775 -16.546 -49.500
  -6.773 -16.453 -49.500
  -6.770 -16.069 -16.454
  -6.767 -17.069 -49.500
  -6.765 -15.619 -16.505
  -6.762 -49.500     NaN
  -6.759 -49.500     NaN
  -6.757 -15.754 -49.500
  -6.754 -17.146 -17.146
  -6.751 -15.395 -15.395
  -6.749 -16.735 -49.500
  -6.746 -49.500     NaN
  -6.744 -49.500     NaN
  -6.741 -49.500 -49.500
  -6.739 -16.473 -49.500
  -6.736 -16.278 -49.500
  -6.734 -49.500     NaN
  -6.731 -16.474 -49.500
  -6.729 -16.613 -16.870
  -6.726 -16.921 -49.500
  -6.724 -16.870 -49.500
  -6.721 -17.053 -49.500
  -6.719 -16.310 -16.613
  -6.717 -15.560 -17.000
  -6.714 -16.575 -49.500
  -6.712 -49.500     NaN
  -6.709 -16.358 -49.500
  -6.707 -49.500     NaN
  -6.705 -16.345 -49.500
  -6.702 -49.500 -49.500
  -6.700 -16.302 -16.302
  -6.698 -16.203 -49.500
  -6.696 -49.500 -49.500
  -6.693 -49.500 -49.500
  -6.691 -49.500     NaN
  -6.689 -16.703 -49.500
  -6.687 -49.500     NaN
  -6.684 -49.500     NaN
  -6.682 -49.500 -49.500
  -6.680 -49.500     NaN
  -6.678 -16.770 -16.770
  -6.675 -49.500     NaN
  -6.673 -49.500 -49.500
  -6.671 -15.939 -49.500
  -6.669 -49.500     NaN
  -6.667 -49.500 -49.500
  -6.665 -16.623 -49.500
  -6.663 -16.626 -49.500
  -6.661 -49.500 -49.500
  -6.658 -16.550 -16.550
  -6.656 -49.500 -49.500
  -6.654 -49.500 -49.500
  -6.652 -49.500 -49.500
  -6.650 -16.353 -49.500
  -6.648 -49.500 -49.500
  -6.646 -49.500     NaN
  -6.644 -49.500 -49.500
  -6.642 -49.500 -49.500
  -6.640 -49.500 -49.500
  -6.638 -49.500 -49.500
  -6.636 -16.418 -16.418
  -6.634 -49.500     NaN
  -6.632 -49.500 -49.500
  -6.630 -16.343 -16.343
  -6.628 -49.500 -49.500
  -6.626 -16.544 -16.544
  -6.624 -16.580 -49.500
  -6.622 -15.248 -49.500
  -6.620 -16.502 -16.759
  -6.618 -49.500 -49.500
  -6.617 -49.500 -49.500
  -6.615 -49.500 -49.500
  -6.613 -49.500 -49.500
  -6.611 -49.500     NaN
  -6.609 -49.500 -49.500
  -6.607 -49.500 -49.500
  -6.605 -49.500 -49.500
  -6.603 -49.500 -49.500
  -6.602 -49.500     NaN
  -6.600 -49.500 -49.500
  -6.598 -49.500     NaN
  -6.596 -16.405 -49.500
  -6.594 -49.500 -49.500
