  -8.861 -13.857 -13.857
  -8.599 -14.008 -14.008
  -8.442 -14.045 -14.045
  -8.329 -14.217 -14.217
  -8.239 -14.239 -14.239
  -8.166 -14.433 -14.433
  -8.103 -14.473 -14.473
  -8.048 -14.533 -14.533
  -7.999 -14.398 -14.398
  -7.955 -14.520 -14.520
  -7.916 -14.506 -14.506
  -7.879 -14.516 -14.516
  -7.846 -14.665 -14.665
  -7.815 -14.662 -14.662
  -7.786 -14.629 -14.818
  -7.758 -13.836 -14.495
  -7.733 -14.678 -14.678
  -7.709 -14.968 -14.968
  -7.686 -14.625 -14.625
  -7.664 -14.774 -14.774
  -7.643 -14.847 -14.847
  -7.624 -14.756 -14.923
  -7.605 -15.130 -15.130
  -7.586 -14.951 -14.951
  -7.569 -14.929 -15.199
  -7.552 -14.888 -14.888
  -7.536 -15.155 -15.366
  -7.521 -15.236 -15.236
  -7.506 -15.232 -15.232
  -7.491 -14.952 -15.188
  -7.477 -14.957 -15.210
  -7.464 -15.368 -15.368
  -7.451 -14.564 -14.992
  -7.438 -14.039 -15.006
  -7.425 -15.103 -15.324
  -7.413 -14.839 -15.084
  -7.401 -15.420 -15.420
  -7.390 -14.904 -15.346
  -7.379 -15.448 -15.448
  -7.368 -15.192 -15.192
  -7.357 -15.617 -15.617
  -7.347 -15.203 -15.363
  -7.337 -15.349 -15.349
  -7.327 -15.508 -15.764
  -7.317 -14.954 -15.528
  -7.308 -15.277 -15.633
  -7.299 -14.730 -15.171
  -7.290 -15.054 -15.512
  -7.281 -14.568 -15.163
  -7.272 -15.563 -15.736
  -7.264 -15.358 -15.529
  -7.255 -15.808 -15.808
  -7.247 -15.401 -15.401
  -7.239 -15.445 -15.792
  -7.231 -15.466 -15.646
  -7.223 -15.936 -15.936
  -7.216 -15.487 -15.487
  -7.208 -15.512 -15.512
  -7.201 -15.566 -15.566
  -7.194 -14.810 -15.509
  -7.187 -15.667 -15.883
  -7.180 -16.050 -16.266
  -7.173 -15.777 -15.935
  -7.166 -15.808 -15.808
  -7.159 -15.515 -15.670
  -7.153 -15.622 -15.950
  -7.146 -15.932 -16.163
  -7.140 -15.526 -15.526
  -7.133 -15.347 -16.185
  -7.127 -15.909 -15.909
  -7.121 -15.686 -15.930
  -7.115 -15.123 -15.952
  -7.109 -15.655 -16.041
  -7.103 -15.492 -16.043
  -7.098 -15.878 -16.200
  -7.092 -15.422 -15.774
  -7.086 -14.430 -15.842
  -7.081 -16.190 -16.190
  -7.075 -14.495 -15.611
  -7.070 -16.334 -16.334
  -7.064 -15.918 -16.240
  -7.059 -15.487 -16.222
  -7.054 -15.420 -16.298
  -7.049 -15.574 -15.574
  -7.043 -16.186 -16.186
  -7.038 -15.915 -15.915
  -7.033 -15.697 -16.031
  -7.029 -16.408 -16.620
  -7.024 -16.092 -16.092
  -7.019 -16.080 -16.080
  -7.014 -15.457 -15.914
  -7.009 -15.867 -16.172
  -7.005 -15.636 -15.907
  -7.000 -16.146 -16.470
  -6.995 -15.926 -15.926
  -6.991 -16.199 -16.378
  -6.986 -16.121 -16.121
  -6.982 -15.608 -16.941
  -6.978 -16.004 -16.216
  -6.973 -16.224 -16.419
  -6.969 -16.254 -16.631
  -6.965 -16.307 -16.510
  -6.961 -16.064 -16.341
  -6.956 -16.403 -16.798
  -6.952 -15.957 -16.175
  -6.948 -16.205 -16.677
  -6.944 -16.170 -16.443
  -6.940 -16.439 -16.439
  -6.936 -16.090 -16.090
  -6.932 -15.631 -16.987
  -6.928 -15.750 -16.167
  -6.924 -16.038 -16.206
  -6.920 -16.355 -16.724
  -6.917 -16.678 -16.678
  -6.913 -16.019 -16.246
  -6.909 -15.503 -16.379
  -6.905 -16.434 -16.664
  -6.902 -16.069 -49.500
  -6.898 -16.172 -16.815
  -6.894 -15.904 -15.904
  -6.891 -16.330 -23.046
  -6.887 -16.559 -16.713
  -6.884 -16.343 -49.500
  -6.880 -16.390 -16.961
  -6.877 -14.962 -16.249
  -6.873 -16.070 -16.665
  -6.870 -16.324 -16.560
  -6.867 -16.941 -49.500
  -6.863 -16.375 -16.544
  -6.860 -16.704 -49.500
  -6.857 -15.937 -49.500
  -6.853 -16.249 -17.135
  -6.850 -16.907 -49.500
  -6.847 -16.226 -16.398
  -6.844 -16.931 -49.500
  -6.840 -16.528 -49.500
  -6.837 -16.284 -49.500
  -6.834 -16.533 -49.500
  -6.831 -16.403 -16.660
  -6.828 -16.775 -49.500
  -6.825 -15.784 -16.561
  -6.822 -15.827 -16.135
  -6.819 -49.500     NaN
  -6.816 -15.901 -16.282
  -6.813 -15.627 -16.531
  -6.810 -16.487 -16.487
  -6.807 -49.500     NaN
  -6.804 -49.500     NaN
  -6.801 -15.773 -16.445
  -6.798 -16.205 -49.500
  -6.795 -49.500     NaN
  -6.792 -49.500     NaN
  -6.789 -16.187 -16.718
  -6.787 -16.181 -16.181
  -6.784 -16.705 -49.500
  -6.781 -15.438 -16.527
  -6.778 -49.500     NaN
  -6.775 -16.488 -49.500
  -6.773 -16.678 -16.930
  -6.770 -16.715 -49.500
  -6.767 -15.460 -49.500
  -6.765 -15.954 -49.500
  -6.762 -49.500     NaN
  -6.759 -16.953 -49.500
  -6.757 -16.892 -49.500
  -6.754 -17.113 -49.500
  -6.751 -16.964 -49.500
  -6.749 -16.149 -49.500
  -6.746 -49.500 -49.500
  -6.744 -49.500     NaN
  -6.741 -49.500     NaN
  -6.739 -15.983 -16.523
  -6.736 -16.431 -16.431
  -6.734 -49.500     NaN
  -6.731 -16.281 -49.500
  -6.729 -49.500     NaN
  -6.726 -49.500 -49.500
  -6.724 -49.500 -49.500
  -6.721 -16.636 -49.500
  -6.719 -15.582 -49.500
  -6.717 -49.500     NaN
  -6.714 -15.444 -15.444
  -6.712 -16.754 -49.500
  -6.709 -49.500 -49.500
  -6.707 -49.500     NaN
  -6.705 -49.500     NaN
  -6.702 -49.500 -49.500
  -6.700 -49.500 -49.500
  -6.698 -15.299 -15.299
  -6.696 -49.500     NaN
  -6.693 -16.763 -49.500
  -6.691 -16.728 -16.985
  -6.689 -49.500 -49.500
  -6.687 -49.500 -49.500
  -6.684 -49.500 -49.500
  -6.682 -16.474 -49.500
  -6.680 -16.176 -49.500
  -6.678 -17.020 -49.500
  -6.675 -49.500 -49.500
  -6.673 -49.500 -49.500
  -6.671 -49.500     NaN
  -6.669 -49.500 -49.500
  -6.667 -16.385 -16.385
  -6.665 -16.064 -16.064
  -6.663 -16.454 -49.500
  -6.661 -49.500 -49.500
  -6.658 -49.500 -49.500
  -6.656 -49.500 -49.500
  -6.654 -49.500     NaN
  -6.652 -16.921 -49.500
  -6.650 -49.500     NaN
  -6.648 -49.500 -49.500
  -6.646 -16.509 -16.509
  -6.644 -16.504 -16.731
  -6.642 -49.500     NaN
  -6.640 -16.584 -16.584
  -6.638 -49.500 -49.500
  -6.636 -16.825 -49.500
  -6.634 -16.170 -16.170
  -6.632 -49.500 -49.500
  -6.630 -15.518 -15.706
  -6.628 -49.500 -49.500
  -6.626 -49.500     NaN
  -6.624 -49.500     NaN
  -6.622 -15.912 -49.500
  -6.620 -49.500 -49.500
  -6.618 -49.500 -49.500
  -6.617 -49.500 -49.500
  -6.615 -49.500 -49.500
  -6.613 -49.500     NaN
  -6.611 -49.500 -49.500
  -6.609 -16.014 -16.014
  -6.607 -49.500 -49.500
  -6.605 -49.500 -49.500
  -6.603 -49.500 -49.500
  -6.602 -49.500 -49.500
  -6.600 -49.500 -49.500
  -6.598 -49.500     NaN
  -6.596 -49.500     NaN
  -6.594 -49.500 -49.500
