  -8.861 -13.831 -13.831
  -8.599 -13.993 -13.993
  -8.442 -14.042 -14.042
  -8.329 -14.233 -14.233
  -8.239 -14.282 -14.282
  -8.166 -14.344 -14.344
  -8.103 -14.220 -14.373
  -8.048 -14.414 -14.414
  -7.999 -14.262 -14.525
  -7.955 -14.430 -14.430
  -7.916 -14.555 -14.555
  -7.879 -14.681 -14.681
  -7.846 -14.430 -14.430
  -7.815 -14.248 -14.545
  -7.786 -14.921 -14.921
  -7.758 -14.248 -14.689
  -7.733 -14.725 -14.725
  -7.709 -14.754 -14.754
  -7.686 -14.806 -14.806
  -7.664 -14.919 -14.919
  -7.643 -14.679 -15.040
  -7.624 -14.975 -14.975
  -7.605 -14.925 -14.925
  -7.586 -14.843 -15.184
  -7.569 -14.828 -14.828
  -7.552 -15.155 -15.155
  -7.536 -14.964 -14.964
  -7.521 -15.217 -15.217
  -7.506 -15.014 -15.211
  -7.491 -15.242 -15.242
  -7.477 -14.487 -14.680
  -7.464 -15.362 -15.362
  -7.451 -15.275 -15.275
  -7.438 -14.564 -15.160
  -7.425 -15.411 -15.411
  -7.413 -15.229 -15.229
  -7.401 -15.410 -15.607
  -7.390 -14.797 -15.413
  -7.379 -15.233 -15.408
  -7.368 -15.451 -15.451
  -7.357 -15.314 -15.314
  -7.347 -15.641 -15.641
  -7.337 -15.105 -15.633
  -7.327 -15.451 -15.735
  -7.317 -15.504 -15.504
  -7.308 -14.527 -15.604
  -7.299 -15.335 -15.658
  -7.290 -15.263 -15.263
  -7.281 -15.602 -15.817
  -7.272 -15.537 -15.537
  -7.264 -15.078 -15.492
  -7.255 -15.526 -15.526
  -7.247 -15.714 -15.714
  -7.239 -15.622 -15.861
  -7.231 -15.732 -15.732
  -7.223 -15.210 -15.432
  -7.216 -14.968 -15.150
  -7.208 -15.928 -16.218
  -7.201 -16.084 -16.084
  -7.194 -15.396 -15.694
  -7.187 -15.490 -15.490
  -7.180 -14.933 -15.498
  -7.173 -15.749 -15.922
  -7.166 -15.322 -15.633
  -7.159 -16.099 -16.099
  -7.153 -15.593 -15.837
  -7.146 -16.087 -16.087
  -7.140 -15.554 -15.869
  -7.133 -15.266 -15.602
  -7.127 -15.717 -15.881
  -7.121 -15.968 -16.145
  -7.115 -15.484 -15.484
  -7.109 -15.412 -15.564
  -7.103 -15.841 -15.841
  -7.098 -15.847 -15.847
  -7.092 -16.017 -16.190
  -7.086 -15.836 -15.836
  -7.081 -15.710 -16.295
  -7.075 -15.709 -16.425
  -7.070 -15.893 -16.095
  -7.064 -16.230 -16.230
  -7.059 -15.974 -16.490
  -7.054 -16.234 -16.234
  -7.049 -16.524 -16.524
  -7.043 -16.362 -16.362
  -7.038 -16.245 -16.494
  -7.033 -15.853 -16.012
  -7.029 -16.435 -16.435
  -7.024 -14.372 -15.322
  -7.019 -15.694 -15.981
  -7.014 -15.931 -16.132
  -7.009 -16.575 -16.888
  -7.005 -15.376 -16.031
  -7.000 -16.159 -16.159
  -6.995 -16.238 -16.647
  -6.991 -16.287 -16.530
  -6.986 -15.597 -15.986
  -6.982 -15.809 -16.135
  -6.978 -15.084 -15.854
  -6.973 -15.394 -16.305
  -6.969 -15.849 -16.208
  -6.965 -15.985 -16.241
  -6.961 -16.237 -16.647
  -6.956 -16.691 -16.917
  -6.952 -16.980 -22.388
  -6.948 -16.367 -16.524
  -6.944 -15.798 -16.225
  -6.940 -16.010 -16.465
  -6.936 -16.259 -16.431
  -6.932 -15.011 -15.204
  -6.928 -16.232 -16.627
  -6.924 -16.970 -49.500
  -6.920 -16.020 -16.469
  -6.917 -16.083 -16.264
  -6.913 -15.735 -16.240
  -6.909 -15.823 -16.368
  -6.905 -17.080 -23.127
  -6.902 -17.364 -49.500
  -6.898 -16.116 -16.487
  -6.894 -15.962 -16.274
  -6.891 -16.205 -16.474
  -6.887 -15.595 -49.500
  -6.884 -15.927 -16.305
  -6.880 -16.653 -17.034
  -6.877 -16.001 -16.181
  -6.873 -16.581 -49.500
  -6.870 -16.650 -16.650
  -6.867 -15.730 -16.705
  -6.863 -49.500     NaN
  -6.860 -15.679 -16.487
  -6.857 -15.895 -16.442
  -6.853 -15.803 -17.201
  -6.850 -16.167 -17.125
  -6.847 -15.159 -49.500
  -6.844 -16.703 -49.500
  -6.840 -16.470 -16.743
  -6.837 -49.500     NaN
  -6.834 -49.500     NaN
  -6.831 -16.097 -49.500
  -6.828 -15.830 -16.215
  -6.825 -49.500     NaN
  -6.822 -17.095 -49.500
  -6.819 -16.274 -16.555
  -6.816 -16.230 -49.500
  -6.813 -49.500     NaN
  -6.810 -17.163 -49.500
  -6.807 -16.366 -16.518
  -6.804 -16.778 -17.257
  -6.801 -16.542 -49.500
  -6.798 -15.045 -49.500
  -6.795 -49.500     NaN
  -6.792 -16.572 -49.500
  -6.789 -15.988 -16.336
  -6.787 -15.473 -49.500
  -6.784 -49.500 -49.500
  -6.781 -16.046 -16.487
  -6.778 -16.133 -16.739
  -6.775 -16.731 -49.500
  -6.773 -15.911 -16.381
  -6.770 -49.500     NaN
  -6.767 -15.352 -49.500
  -6.765 -16.773 -49.500
  -6.762 -17.072 -49.500
  -6.759 -49.500 -49.500
  -6.757 -16.605 -49.500
  -6.754 -16.173 -16.695
  -6.751 -15.735 -16.450
  -6.749 -16.266 -49.500
  -6.746 -49.500 -49.500
  -6.744 -16.137 -16.403
  -6.741 -49.500 -49.500
  -6.739 -16.678 -49.500
  -6.736 -49.500     NaN
  -6.734 -49.500     NaN
  -6.731 -16.523 -16.523
  -6.729 -16.713 -49.500
  -6.726 -16.905 -49.500
  -6.724 -17.021 -17.021
  -6.721 -49.500 -49.500
  -6.719 -49.500 -49.500
  -6.717 -49.500 -49.500
  -6.714 -16.820 -49.500
  -6.712 -16.427 -49.500
  -6.709 -49.500     NaN
  -6.707 -49.500     NaN
  -6.705 -49.500     NaN
  -6.702 -14.679 -49.500
  -6.700 -49.500 -49.500
  -6.698 -49.500 -49.500
  -6.696 -49.500 -49.500
  -6.693 -49.500 -49.500
  -6.691 -49.500 -49.500
  -6.689 -16.287 -49.500
  -6.687 -49.500     NaN
  -6.684 -16.398 -16.398
  -6.682 -49.500 -49.500
  -6.680 -16.374 -49.500
  -6.678 -49.500 -49.500
  -6.675 -16.408 -16.408
  -6.673 -16.584 -49.500
  -6.671 -49.500     NaN
  -6.669 -49.500 -49.500
  -6.667 -49.500 -49.500
  -6.665 -16.083 -49.500
  -6.663 -49.500 -49.500
  -6.661 -16.086 -49.500
  -6.658 -49.500     NaN
  -6.656 -16.061 -49.500
  -6.654 -49.500     NaN
  -6.652 -16.128 -16.417
  -6.650 -49.500 -49.500
  -6.648 -49.500     NaN
  -6.646 -49.500     NaN
  -6.644 -15.996 -15.996
  -6.642 -49.500 -49.500
  -6.640 -49.500     NaN
  -6.638 -16.523 -16.523
  -6.636 -49.500 -49.500
  -6.634 -16.667 -49.500
  -6.632 -15.269 -15.269
  -6.630 -49.500 -49.500
  -6.628 -49.500 -49.500
  -6.626 -16.452 -49.500
  -6.624 -49.500     NaN
  -6.622 -49.500 -49.500
  -6.620 -49.500 -49.500
  -6.618 -49.500     NaN
  -6.617 -49.500 -49.500
  -6.615 -49.500 -49.500
  -6.613 -49.500 -49.500
  -6.611 -49.500 -49.500
  -6.609 -16.330 -49.500
  -6.607 -16.382 -49.500
  -6.605 -16.867 -16.867
  -6.603 -49.500 -49.500
  -6.602 -49.500 -49.500
  -6.600 -49.500 -49.500
  -6.598 -49.500 -49.500
  -6.596 -15.729 -15.729
  -6.594 -49.500     NaN
