  -8.861 -13.824 -13.824
  -8.599 -14.014 -14.014
  -8.442 -14.115 -14.115
  -8.329 -14.213 -14.213
  -8.239 -14.147 -14.147
  -8.166 -14.299 -14.299
  -8.103 -14.402 -14.402
  -8.048 -14.318 -14.318
  -7.999 -14.416 -14.416
  -7.955 -14.615 -14.615
  -7.916 -14.626 -14.626
  -7.879 -14.504 -14.504
  -7.846 -14.730 -14.730
  -7.815 -14.644 -14.644
  -7.786 -14.124 -14.776
  -7.758 -14.793 -14.793
  -7.733 -14.217 -14.406
  -7.709 -14.415 -14.415
  -7.686 -14.888 -14.888
  -7.664 -14.587 -14.587
  -7.643 -14.945 -14.945
  -7.624 -14.688 -14.688
  -7.605 -14.203 -14.932
  -7.586 -15.007 -15.007
  -7.569 -14.993 -14.993
  -7.552 -15.201 -15.201
  -7.536 -14.595 -15.268
  -7.521 -14.341 -15.282
  -7.506 -15.258 -15.258
  -7.491 -14.992 -14.992
  -7.477 -15.236 -15.236
  -7.464 -15.326 -15.326
  -7.451 -14.637 -15.211
  -7.438 -14.991 -15.451
  -7.425 -14.881 -15.359
  -7.413 -15.337 -15.337
  -7.401 -15.340 -15.340
  -7.390 -15.110 -15.110
  -7.379 -15.192 -15.192
  -7.368 -15.146 -15.146
  -7.357 -15.485 -15.671
  -7.347 -15.031 -15.327
  -7.337 -15.116 -15.597
  -7.327 -15.292 -15.292
  -7.317 -15.318 -15.539
  -7.308 -15.550 -15.550
  -7.299 -15.375 -15.375
  -7.290 -15.319 -15.572
  -7.281 -15.172 -15.172
  -7.272 -14.979 -15.571
  -7.264 -15.830 -15.830
  -7.255 -15.419 -15.583
  -7.247 -15.241 -15.241
  -7.239 -15.074 -15.573
  -7.231 -15.299 -15.828
  -7.223 -14.521 -15.430
  -7.216 -15.384 -15.384
  -7.208 -15.788 -15.788
  -7.201 -15.914 -15.914
  -7.194 -15.448 -16.025
  -7.187 -15.831 -16.137
  -7.180 -15.272 -15.620
  -7.173 -14.711 -15.709
  -7.166 -15.858 -16.028
  -7.159 -15.523 -16.087
  -7.153 -15.958 -15.958
  -7.146 -15.008 -15.460
  -7.140 -15.688 -15.925
  -7.133 -15.036 -15.977
  -7.127 -16.011 -16.208
  -7.121 -15.010 -15.825
  -7.115 -15.981 -16.186
  -7.109 -16.021 -16.021
  -7.103 -15.859 -16.100
  -7.098 -16.250 -16.403
  -7.092 -15.289 -15.875
  -7.086 -15.963 -16.278
  -7.081 -15.889 -15.889
  -7.075 -15.526 -15.782
  -7.070 -16.207 -16.416
  -7.064 -15.624 -16.068
  -7.059 -15.634 -15.836
  -7.054 -15.913 -16.178
  -7.049 -16.268 -16.429
  -7.043 -16.193 -16.193
  -7.038 -15.515 -16.084
  -7.033 -15.857 -16.109
  -7.029 -14.833 -15.622
  -7.024 -16.063 -16.299
  -7.019 -16.486 -16.654
  -7.014 -14.886 -16.105
  -7.009 -15.642 -15.865
  -7.005 -15.726 -15.726
  -7.000 -15.917 -16.309
  -6.995 -15.788 -16.088
  -6.991 -16.114 -16.114
  -6.986 -16.199 -16.199
  -6.982 -15.481 -16.375
  -6.978 -15.882 -16.058
  -6.973 -16.187 -16.499
  -6.969 -15.979 -16.367
  -6.965 -16.057 -16.309
  -6.961 -16.265 -16.265
  -6.956 -15.807 -16.512
  -6.952 -17.040 -23.074
  -6.948 -16.361 -16.681
  -6.944 -16.371 -16.784
  -6.940 -16.258 -16.815
  -6.936 -16.136 -16.732
  -6.932 -15.549 -16.323
  -6.928 -16.423 -16.423
  -6.924 -16.285 -16.481
  -6.920 -15.809 -16.284
  -6.917 -15.877 -15.877
  -6.913 -15.859 -16.094
  -6.909 -16.351 -16.560
  -6.905 -16.068 -16.437
  -6.902 -16.553 -17.272
  -6.898 -49.500     NaN
  -6.894 -16.380 -16.586
  -6.891 -15.029 -16.104
  -6.887 -16.079 -49.500
  -6.884 -15.627 -16.464
  -6.880 -16.447 -16.645
  -6.877 -16.363 -16.759
  -6.873 -16.506 -16.818
  -6.870 -16.577 -16.759
  -6.867 -16.189 -16.597
  -6.863 -16.043 -16.454
  -6.860 -49.500     NaN
  -6.857 -15.750 -15.918
  -6.853 -16.493 -49.500
  -6.850 -15.718 -16.915
  -6.847 -16.198 -16.579
  -6.844 -16.515 -16.737
  -6.840 -49.500     NaN
  -6.837 -16.375 -16.375
  -6.834 -15.648 -15.876
  -6.831 -16.237 -16.717
  -6.828 -16.524 -16.739
  -6.825 -16.613 -16.810
  -6.822 -16.542 -16.937
  -6.819 -16.188 -16.347
  -6.816 -16.885 -17.333
  -6.813 -16.488 -49.500
  -6.810 -16.349 -49.500
  -6.807 -16.931 -49.500
  -6.804 -16.544 -16.824
  -6.801 -16.087 -49.500
  -6.798 -15.969 -49.500
  -6.795 -49.500     NaN
  -6.792 -16.572 -16.935
  -6.789 -16.698 -49.500
  -6.787 -16.664 -49.500
  -6.784 -15.946 -49.500
  -6.781 -49.500     NaN
  -6.778 -16.535 -16.834
  -6.775 -15.921 -16.288
  -6.773 -49.500     NaN
  -6.770 -16.758 -49.500
  -6.767 -49.500     NaN
  -6.765 -16.769 -49.500
  -6.762 -49.500 -49.500
  -6.759 -49.500     NaN
  -6.757 -16.740 -49.500
  -6.754 -49.500     NaN
  -6.751 -49.500     NaN
  -6.749 -49.500 -49.500
  -6.746 -16.784 -16.981
  -6.744 -16.363 -49.500
  -6.741 -49.500     NaN
  -6.739 -16.716 -49.500
  -6.736 -15.761 -16.079
  -6.734 -15.145 -49.500
  -6.731 -16.881 -16.881
  -6.729 -16.711 -49.500
  -6.726 -15.313 -16.788
  -6.724 -15.690 -16.278
  -6.721 -49.500 -49.500
  -6.719 -16.887 -49.500
  -6.717 -49.500 -49.500
  -6.714 -16.376 -49.500
  -6.712 -16.620 -49.500
  -6.709 -16.115 -49.500
  -6.707 -16.091 -16.091
  -6.705 -49.500 -49.500
  -6.702 -49.500 -49.500
  -6.700 -49.500     NaN
  -6.698 -16.492 -17.079
  -6.696 -16.471 -49.500
  -6.693 -49.500     NaN
  -6.691 -49.500 -49.500
  -6.689 -16.348 -16.348
  -6.687 -16.264 -16.264
  -6.684 -49.500     NaN
  -6.682 -16.351 -16.351
  -6.680 -49.500 -49.500
  -6.678 -49.500 -49.500
  -6.675 -49.500 -49.500
  -6.673 -15.917 -17.284
  -6.671 -16.301 -49.500
  -6.669 -49.500     NaN
  -6.667 -49.500 -49.500
  -6.665 -16.766 -16.766
  -6.663 -49.500 -49.500
  -6.661 -49.500 -49.500
  -6.658 -49.500     NaN
  -6.656 -49.500     NaN
  -6.654 -16.651 -49.500
  -6.652 -16.814 -16.814
  -6.650 -49.500 -49.500
  -6.648 -49.500 -49.500
  -6.646 -15.637 -49.500
  -6.644 -49.500 -49.500
  -6.642 -16.348 -49.500
  -6.640 -15.478 -15.478
  -6.638 -49.500 -49.500
  -6.636 -16.652 -16.652
  -6.634 -49.500 -49.500
  -6.632 -49.500     NaN
  -6.630 -49.500 -49.500
  -6.628 -49.500 -49.500
  -6.626 -49.500     NaN
  -6.624 -49.500     NaN
  -6.622 -49.500     NaN
  -6.620 -15.863 -15.863
  -6.618 -49.500 -49.500
  -6.617 -49.500     NaN
  -6.615 -49.500     NaN
  -6.613 -49.500 -49.500
  -6.611 -49.500 -49.500
  -6.609 -16.755 -49.500
  -6.607 -16.429 -49.500
  -6.605 -49.500 -49.500
  -6.603 -16.493 -49.500
  -6.602 -49.500 -49.500
  -6.600 -49.500 -49.500
  -6.598 -49.500 -49.500
  -6.596 -49.500 -49.500
  -6.594 -49.500     NaN
