  -8.861 -13.794 -13.794
  -8.599 -13.972 -13.972
  -8.442 -14.062 -14.062
  -8.329 -14.215 -14.215
  -8.239 -14.257 -14.257
  -8.166 -14.302 -14.302
  -8.103 -14.423 -14.423
  -8.048 -14.451 -14.451
  -7.999 -14.228 -14.228
  -7.955 -14.459 -14.459
  -7.916 -14.632 -14.632
  -7.879 -14.286 -14.643
  -7.846 -14.680 -14.680
  -7.815 -14.642 -14.642
  -7.786 -14.829 -14.829
  -7.758 -14.781 -14.781
  -7.733 -14.491 -14.491
  -7.709 -14.839 -15.062
  -7.686 -14.711 -14.906
  -7.664 -14.564 -14.732
  -7.643 -14.781 -14.781
  -7.624 -14.769 -14.769
  -7.605 -15.139 -15.139
  -7.586 -15.091 -15.091
  -7.569 -14.864 -15.222
  -7.552 -15.293 -15.293
  -7.536 -15.083 -15.083
  -7.521 -13.214 -15.136
  -7.506 -14.836 -14.991
  -7.491 -14.439 -15.123
  -7.477 -14.255 -15.181
  -7.464 -14.765 -15.372
  -7.451 -15.447 -15.447
  -7.438 -15.646 -15.646
  -7.425 -15.388 -15.388
  -7.413 -15.239 -15.410
  -7.401 -15.172 -15.361
  -7.390 -15.338 -15.338
  -7.379 -15.222 -15.222
  -7.368 -15.403 -15.403
  -7.357 -15.226 -15.488
  -7.347 -15.561 -15.717
  -7.337 -15.680 -15.680
  -7.327 -15.363 -15.363
  -7.317 -15.536 -15.536
  -7.308 -15.147 -15.147
  -7.299 -15.482 -15.768
  -7.290 -15.569 -15.569
  -7.281 -15.101 -15.764
  -7.272 -14.852 -15.128
  -7.264 -15.614 -15.614
  -7.255 -15.325 -15.515
  -7.247 -14.905 -15.614
  -7.239 -15.653 -15.653
  -7.231 -15.652 -15.919
  -7.223 -14.886 -15.134
  -7.216 -14.928 -15.336
  -7.208 -15.943 -16.149
  -7.201 -15.010 -15.427
  -7.194 -15.502 -15.502
  -7.187 -15.330 -15.601
  -7.180 -15.647 -15.866
  -7.173 -15.642 -15.942
  -7.166 -15.609 -15.967
  -7.159 -15.000 -16.116
  -7.153 -15.767 -15.767
  -7.146 -15.153 -15.583
  -7.140 -16.113 -16.313
  -7.133 -15.982 -15.982
  -7.127 -15.243 -15.414
  -7.121 -15.659 -15.823
  -7.115 -15.813 -16.040
  -7.109 -15.903 -16.075
  -7.103 -15.727 -15.983
  -7.098 -15.341 -16.047
  -7.092 -15.653 -15.946
  -7.086 -16.196 -16.447
  -7.081 -15.322 -15.322
  -7.075 -15.703 -15.902
  -7.070 -15.804 -15.981
  -7.064 -15.803 -16.229
  -7.059 -15.799 -15.799
  -7.054 -16.132 -16.132
  -7.049 -15.721 -16.026
  -7.043 -15.872 -16.056
  -7.038 -15.462 -15.640
  -7.033 -16.376 -16.376
  -7.029 -16.089 -16.284
  -7.024 -16.853 -17.236
  -7.019 -15.305 -16.388
  -7.014 -16.048 -16.429
  -7.009 -14.381 -15.722
  -7.005 -16.072 -16.072
  -7.000 -15.750 -16.516
  -6.995 -16.500 -16.500
  -6.991 -15.881 -16.374
  -6.986 -15.756 -16.605
  -6.982 -15.906 -16.696
  -6.978 -16.151 -16.611
  -6.973 -16.678 -16.858
  -6.969 -16.456 -16.456
  -6.965 -15.865 -15.865
  -6.961 -16.195 -16.732
  -6.956 -16.748 -17.013
  -6.952 -16.298 -16.298
  -6.948 -15.009 -15.533
  -6.944 -14.739 -14.969
  -6.940 -16.735 -16.938
  -6.936 -16.178 -16.461
  -6.932 -15.793 -16.254
  -6.928 -16.628 -16.785
  -6.924 -16.881 -17.233
  -6.920 -15.340 -16.212
  -6.917 -16.353 -16.545
  -6.913 -14.732 -16.837
  -6.909 -15.945 -16.484
  -6.905 -16.139 -16.808
  -6.902 -15.521 -16.611
  -6.898 -16.167 -16.983
  -6.894 -16.731 -16.941
  -6.891 -16.057 -16.263
  -6.887 -16.281 -16.741
  -6.884 -15.989 -15.989
  -6.880 -16.835 -17.044
  -6.877 -15.886 -16.232
  -6.873 -17.072 -49.500
  -6.870 -16.461 -17.014
  -6.867 -15.152 -16.349
  -6.863 -49.500     NaN
  -6.860 -16.497 -49.500
  -6.857 -16.572 -16.858
  -6.853 -15.987 -16.454
  -6.850 -16.452 -17.083
  -6.847 -49.500     NaN
  -6.844 -17.131 -49.500
  -6.840 -16.377 -49.500
  -6.837 -16.582 -49.500
  -6.834 -16.277 -16.277
  -6.831 -49.500     NaN
  -6.828 -16.367 -49.500
  -6.825 -15.236 -16.783
  -6.822 -16.339 -16.767
  -6.819 -16.471 -16.817
  -6.816 -49.500     NaN
  -6.813 -49.500     NaN
  -6.810 -15.722 -16.158
  -6.807 -49.500     NaN
  -6.804 -16.248 -16.974
  -6.801 -16.846 -49.500
  -6.798 -49.500     NaN
  -6.795 -16.319 -16.537
  -6.792 -49.500     NaN
  -6.789 -17.330 -49.500
  -6.787 -49.500     NaN
  -6.784 -49.500     NaN
  -6.781 -15.932 -16.312
  -6.778 -16.196 -16.196
  -6.775 -15.799 -15.799
  -6.773 -16.997 -49.500
  -6.770 -16.751 -16.913
  -6.767 -15.995 -49.500
  -6.765 -16.502 -49.500
  -6.762 -16.683 -16.970
  -6.759 -49.500     NaN
  -6.757 -15.983 -16.792
  -6.754 -16.130 -16.488
  -6.751 -16.839 -49.500
  -6.749 -16.490 -49.500
  -6.746 -16.622 -49.500
  -6.744 -49.500 -49.500
  -6.741 -16.367 -49.500
  -6.739 -16.398 -49.500
  -6.736 -15.798 -15.798
  -6.734 -49.500     NaN
  -6.731 -49.500 -49.500
  -6.729 -49.500     NaN
  -6.726 -15.925 -15.925
  -6.724 -49.500     NaN
  -6.721 -16.095 -16.382
  -6.719 -16.414 -16.414
  -6.717 -16.529 -49.500
  -6.714 -49.500     NaN
  -6.712 -16.636 -16.636
  -6.709 -16.603 -49.500
  -6.707 -49.500 -49.500
  -6.705 -49.500 -49.500
  -6.702 -15.956 -49.500
  -6.700 -49.500 -49.500
  -6.698 -49.500 -49.500
  -6.696 -15.168 -15.523
  -6.693 -49.500     NaN
  -6.691 -49.500     NaN
  -6.689 -49.500 -49.500
  -6.687 -49.500     NaN
  -6.684 -49.500     NaN
  -6.682 -49.500 -49.500
  -6.680 -49.500 -49.500
  -6.678 -15.470 -49.500
  -6.675 -16.441 -16.441
  -6.673 -49.500 -49.500
  -6.671 -49.500     NaN
  -6.669 -49.500 -49.500
  -6.667 -49.500 -49.500
  -6.665 -15.251 -49.500
  -6.663 -49.500     NaN
  -6.661 -16.686 -16.686
  -6.658 -49.500 -49.500
  -6.656 -15.569 -15.569
  -6.654 -16.631 -16.631
  -6.652 -49.500     NaN
  -6.650 -49.500     NaN
  -6.648 -49.500 -49.500
  -6.646 -16.377 -16.951
  -6.644 -49.500     NaN
  -6.642 -49.500     NaN
  -6.640 -49.500 -49.500
  -6.638 -49.500 -49.500
  -6.636 -49.500 -49.500
  -6.634 -16.793 -49.500
  -6.632 -49.500 -49.500
  -6.630 -15.339 -49.500
  -6.628 -49.500 -49.500
  -6.626 -49.500 -49.500
  -6.624 -49.500 -49.500
  -6.622 -49.500     NaN
  -6.620 -49.500 -49.500
  -6.618 -49.500 -49.500
  -6.617 -49.500 -49.500
  -6.615 -49.500 -49.500
  -6.613 -49.500 -49.500
  -6.611 -49.500     NaN
  -6.609 -16.720 -49.500
  -6.607 -49.500 -49.500
  -6.605 -49.500 -49.500
  -6.603 -49.500 -49.500
  -6.602 -49.500 -49.500
  -6.600 -15.405 -49.500
  -6.598 -15.743 -15.743
  -6.596 -49.500     NaN
  -6.594 -49.500     NaN
