  -8.861 -13.840 -13.840
  -8.599 -13.958 -13.958
  -8.442 -14.058 -14.058
  -8.329 -14.154 -14.154
  -8.239 -14.127 -14.127
  -8.166 -13.859 -14.208
  -8.103 -14.136 -14.287
  -8.048 -14.482 -14.482
  -7.999 -14.485 -14.485
  -7.955 -14.269 -14.269
  -7.916 -14.264 -14.461
  -7.879 -14.596 -14.596
  -7.846 -14.363 -14.363
  -7.815 -14.127 -14.525
  -7.786 -14.650 -14.803
  -7.758 -14.860 -14.860
  -7.733 -14.840 -14.840
  -7.709 -14.718 -14.718
  -7.686 -14.864 -14.864
  -7.664 -14.677 -14.912
  -7.643 -14.947 -14.947
  -7.624 -14.849 -14.849
  -7.605 -14.061 -15.024
  -7.586 -14.921 -15.109
  -7.569 -14.901 -15.100
  -7.552 -15.090 -15.090
  -7.536 -14.700 -14.700
  -7.521 -15.128 -15.128
  -7.506 -15.226 -15.226
  -7.491 -14.660 -15.040
  -7.477 -14.909 -14.909
  -7.464 -14.847 -15.014
  -7.451 -14.221 -15.049
  -7.438 -15.178 -15.442
  -7.425 -15.206 -15.206
  -7.413 -15.416 -15.416
  -7.401 -15.294 -15.294
  -7.390 -15.511 -15.511
  -7.379 -15.388 -15.388
  -7.368 -14.721 -15.313
  -7.357 -15.163 -15.397
  -7.347 -15.146 -15.397
  -7.337 -14.191 -15.652
  -7.327 -15.684 -15.684
  -7.317 -15.518 -15.518
  -7.308 -15.421 -15.421
  -7.299 -15.569 -15.724
  -7.290 -13.974 -15.293
  -7.281 -15.517 -15.517
  -7.272 -15.512 -15.512
  -7.264 -14.949 -15.798
  -7.255 -15.304 -15.655
  -7.247 -14.867 -15.317
  -7.239 -15.716 -15.716
  -7.231 -15.804 -15.804
  -7.223 -15.707 -15.707
  -7.216 -15.500 -15.937
  -7.208 -15.624 -15.813
  -7.201 -15.366 -15.666
  -7.194 -14.694 -15.831
  -7.187 -15.135 -15.882
  -7.180 -15.226 -15.846
  -7.173 -15.280 -15.943
  -7.166 -15.514 -15.514
  -7.159 -15.628 -15.804
  -7.153 -15.902 -15.902
  -7.146 -15.695 -15.695
  -7.140 -15.724 -16.045
  -7.133 -16.200 -16.425
  -7.127 -15.682 -15.682
  -7.121 -15.972 -16.171
  -7.115 -16.129 -16.129
  -7.109 -15.898 -16.309
  -7.103 -16.018 -16.018
  -7.098 -15.859 -15.859
  -7.092 -15.925 -16.155
  -7.086 -15.536 -15.859
  -7.081 -16.154 -16.425
  -7.075 -15.320 -16.282
  -7.070 -16.249 -16.249
  -7.064 -15.705 -16.265
  -7.059 -15.583 -15.994
  -7.054 -15.948 -15.948
  -7.049 -15.659 -15.881
  -7.043 -16.022 -16.246
  -7.038 -14.705 -16.090
  -7.033 -16.270 -16.508
  -7.029 -15.980 -16.199
  -7.024 -15.094 -15.396
  -7.019 -16.266 -16.266
  -7.014 -16.145 -16.748
  -7.009 -15.213 -16.072
  -7.005 -15.320 -16.059
  -7.000 -16.217 -16.217
  -6.995 -15.817 -16.225
  -6.991 -16.260 -16.639
  -6.986 -15.837 -16.047
  -6.982 -15.494 -15.955
  -6.978 -15.734 -16.121
  -6.973 -16.816 -16.990
  -6.969 -15.522 -16.405
  -6.965 -16.461 -16.654
  -6.961 -15.598 -16.075
  -6.956 -16.270 -16.782
  -6.952 -16.121 -16.296
  -6.948 -16.675 -16.952
  -6.944 -16.264 -16.459
  -6.940 -15.959 -16.543
  -6.936 -16.348 -16.513
  -6.932 -15.774 -15.958
  -6.928 -16.385 -16.385
  -6.924 -15.892 -16.439
  -6.920 -15.495 -16.473
  -6.917 -16.568 -16.568
  -6.913 -16.818 -16.818
  -6.909 -15.948 -16.343
  -6.905 -15.875 -16.242
  -6.902 -16.159 -16.767
  -6.898 -16.393 -49.500
  -6.894 -15.365 -16.150
  -6.891 -17.266 -22.181
  -6.887 -15.307 -16.806
  -6.884 -16.486 -49.500
  -6.880 -16.926 -49.500
  -6.877 -15.980 -16.446
  -6.873 -17.025 -49.500
  -6.870 -16.670 -16.882
  -6.867 -16.073 -16.428
  -6.863 -16.901 -49.500
  -6.860 -16.342 -16.501
  -6.857 -16.186 -16.186
  -6.853 -49.500     NaN
  -6.850 -16.238 -16.411
  -6.847 -15.952 -15.952
  -6.844 -15.993 -49.500
  -6.840 -49.500     NaN
  -6.837 -16.547 -16.953
  -6.834 -15.980 -49.500
  -6.831 -49.500     NaN
  -6.828 -16.027 -49.500
  -6.825 -15.897 -16.827
  -6.822 -16.190 -17.121
  -6.819 -16.712 -49.500
  -6.816 -16.483 -17.143
  -6.813 -16.701 -49.500
  -6.810 -16.448 -16.756
  -6.807 -15.226 -16.319
  -6.804 -49.500     NaN
  -6.801 -16.544 -16.754
  -6.798 -16.582 -49.500
  -6.795 -17.038 -49.500
  -6.792 -16.494 -17.436
  -6.789 -16.693 -49.500
  -6.787 -49.500     NaN
  -6.784 -49.500     NaN
  -6.781 -16.183 -16.774
  -6.778 -49.500 -49.500
  -6.775 -16.666 -49.500
  -6.773 -16.773 -49.500
  -6.770 -15.443 -16.833
  -6.767 -15.440 -16.824
  -6.765 -16.925 -49.500
  -6.762 -15.816 -49.500
  -6.759 -17.353 -49.500
  -6.757 -16.878 -16.878
  -6.754 -49.500 -49.500
  -6.751 -15.609 -15.938
  -6.749 -16.081 -49.500
  -6.746 -15.947 -15.947
  -6.744 -16.993 -49.500
  -6.741 -49.500     NaN
  -6.739 -16.749 -49.500
  -6.736 -49.500     NaN
  -6.734 -49.500     NaN
  -6.731 -16.986 -49.500
  -6.729 -49.500 -49.500
  -6.726 -49.500     NaN
  -6.724 -49.500     NaN
  -6.721 -49.500     NaN
  -6.719 -49.500 -49.500
  -6.717 -49.500     NaN
  -6.714 -49.500 -49.500
  -6.712 -49.500 -49.500
  -6.709 -15.423 -15.707
  -6.707 -49.500 -49.500
  -6.705 -16.037 -16.333
  -6.702 -16.687 -49.500
  -6.700 -49.500 -49.500
  -6.698 -49.500     NaN
  -6.696 -17.007 -49.500
  -6.693 -14.557 -14.557
  -6.691 -16.800 -49.500
  -6.689 -49.500     NaN
  -6.687 -14.723 -15.886
  -6.684 -16.298 -49.500
  -6.682 -16.058 -16.513
  -6.680 -15.982 -15.982
  -6.678 -16.368 -49.500
  -6.675 -49.500 -49.500
  -6.673 -49.500 -49.500
  -6.671 -16.646 -49.500
  -6.669 -16.092 -16.092
  -6.667 -49.500 -49.500
  -6.665 -49.500     NaN
  -6.663 -49.500 -49.500
  -6.661 -16.563 -16.563
  -6.658 -15.010 -49.500
  -6.656 -49.500 -49.500
  -6.654 -49.500 -49.500
  -6.652 -14.503 -49.500
  -6.650 -49.500     NaN
  -6.648 -16.002 -16.730
  -6.646 -49.500 -49.500
  -6.644 -15.661 -49.500
  -6.642 -49.500 -49.500
  -6.640 -49.500 -49.500
  -6.638 -49.500     NaN
  -6.636 -49.500 -49.500
  -6.634 -49.500 -49.500
  -6.632 -49.500 -49.500
  -6.630 -49.500 -49.500
  -6.628 -16.564 -49.500
  -6.626 -49.500     NaN
  -6.624 -49.500 -49.500
  -6.622 -16.070 -16.070
  -6.620 -49.500 -49.500
  -6.618 -49.500 -49.500
  -6.617 -49.500 -49.500
  -6.615 -49.500 -49.500
  -6.613 -15.925 -15.925
  -6.611 -49.500 -49.500
  -6.609 -49.500 -49.500
  -6.607 -49.500 -49.500
  -6.605 -16.694 -49.500
  -6.603 -49.500 -49.500
  -6.602 -49.500     NaN
  -6.600 -49.500     NaN
  -6.598 -49.500     NaN
  -6.596 -49.500 -49.500
  -6.594 -49.500 -49.500
