  -8.861 -13.862 -13.862
  -8.599 -13.998 -13.998
  -8.442 -14.135 -14.135
  -8.329 -14.160 -14.160
  -8.239 -13.669 -14.220
  -8.166 -14.236 -14.236
  -8.103 -14.354 -14.354
  -8.048 -14.402 -14.402
  -7.999 -14.501 -14.501
  -7.955 -14.556 -14.556
  -7.916 -14.431 -14.431
  -7.879 -14.543 -14.543
  -7.846 -14.291 -14.462
  -7.815 -14.129 -14.129
  -7.786 -14.816 -14.816
  -7.758 -14.862 -14.862
  -7.733 -14.617 -14.617
  -7.709 -14.537 -14.765
  -7.686 -14.747 -14.747
  -7.664 -15.015 -15.015
  -7.643 -14.796 -14.796
  -7.624 -14.746 -14.984
  -7.605 -14.705 -14.705
  -7.586 -14.763 -15.233
  -7.569 -15.331 -15.331
  -7.552 -15.176 -15.176
  -7.536 -15.245 -15.245
  -7.521 -14.803 -14.803
  -7.506 -14.589 -15.219
  -7.491 -14.794 -15.408
  -7.477 -15.041 -15.194
  -7.464 -15.107 -15.318
  -7.451 -15.134 -15.134
  -7.438 -15.190 -15.374
  -7.425 -14.899 -15.207
  -7.413 -15.239 -15.538
  -7.401 -15.270 -15.270
  -7.390 -15.466 -15.466
  -7.379 -15.086 -15.380
  -7.368 -15.372 -15.372
  -7.357 -15.266 -15.266
  -7.347 -15.093 -15.469
  -7.337 -15.635 -15.635
  -7.327 -15.029 -15.182
  -7.317 -15.173 -15.801
  -7.308 -15.603 -15.603
  -7.299 -15.584 -15.584
  -7.290 -14.933 -15.553
  -7.281 -15.570 -15.570
  -7.272 -15.180 -15.666
  -7.264 -15.505 -15.725
  -7.255 -15.444 -15.626
  -7.247 -15.677 -16.010
  -7.239 -15.673 -15.673
  -7.231 -15.125 -15.512
  -7.223 -15.363 -15.671
  -7.216 -15.104 -15.376
  -7.208 -14.893 -15.381
  -7.201 -15.897 -15.897
  -7.194 -14.989 -15.293
  -7.187 -15.437 -15.617
  -7.180 -15.734 -16.025
  -7.173 -14.637 -16.018
  -7.166 -15.474 -15.794
  -7.159 -15.729 -15.729
  -7.153 -16.212 -16.212
  -7.146 -15.257 -15.810
  -7.140 -15.715 -15.973
  -7.133 -15.528 -15.853
  -7.127 -16.072 -16.072
  -7.121 -15.468 -15.859
  -7.115 -15.530 -15.869
  -7.109 -14.786 -15.758
  -7.103 -15.577 -15.792
  -7.098 -16.216 -16.216
  -7.092 -15.928 -16.286
  -7.086 -16.158 -16.158
  -7.081 -15.746 -15.746
  -7.075 -16.225 -16.455
  -7.070 -15.952 -16.157
  -7.064 -15.283 -16.084
  -7.059 -16.056 -16.284
  -7.054 -16.191 -16.191
  -7.049 -16.309 -16.309
  -7.043 -16.103 -16.289
  -7.038 -15.444 -15.622
  -7.033 -15.830 -15.830
  -7.029 -14.559 -15.682
  -7.024 -16.190 -16.190
  -7.019 -16.479 -16.479
  -7.014 -16.001 -16.001
  -7.009 -14.093 -15.826
  -7.005 -16.925 -21.938
  -7.000 -16.116 -16.770
  -6.995 -15.895 -16.292
  -6.991 -16.030 -16.334
  -6.986 -16.231 -17.163
  -6.982 -16.105 -16.574
  -6.978 -15.733 -16.552
  -6.973 -16.296 -16.296
  -6.969 -16.344 -16.988
  -6.965 -15.196 -16.129
  -6.961 -16.158 -16.714
  -6.956 -16.219 -16.373
  -6.952 -15.393 -15.616
  -6.948 -16.334 -16.334
  -6.944 -16.107 -16.373
  -6.940 -15.651 -15.821
  -6.936 -15.699 -16.282
  -6.932 -15.432 -16.427
  -6.928 -16.007 -16.007
  -6.924 -16.488 -16.488
  -6.920 -16.570 -22.730
  -6.917 -16.723 -17.138
  -6.913 -16.333 -16.539
  -6.909 -16.218 -16.585
  -6.905 -16.399 -16.597
  -6.902 -16.362 -16.609
  -6.898 -16.276 -16.663
  -6.894 -15.335 -16.576
  -6.891 -16.288 -16.730
  -6.887 -16.207 -16.486
  -6.884 -15.542 -16.743
  -6.880 -17.144 -49.500
  -6.877 -15.620 -15.964
  -6.873 -15.349 -49.500
  -6.870 -16.495 -49.500
  -6.867 -16.715 -17.282
  -6.863 -15.552 -16.624
  -6.860 -16.749 -17.107
  -6.857 -49.500     NaN
  -6.853 -16.078 -16.078
  -6.850 -16.069 -16.614
  -6.847 -16.208 -16.978
  -6.844 -16.620 -49.500
  -6.840 -16.496 -16.975
  -6.837 -16.963 -49.500
  -6.834 -16.674 -49.500
  -6.831 -16.655 -16.655
  -6.828 -16.113 -16.891
  -6.825 -16.733 -49.500
  -6.822 -49.500     NaN
  -6.819 -49.500     NaN
  -6.816 -16.582 -16.805
  -6.813 -49.500     NaN
  -6.810 -15.869 -49.500
  -6.807 -16.189 -49.500
  -6.804 -49.500     NaN
  -6.801 -16.460 -49.500
  -6.798 -49.500     NaN
  -6.795 -16.537 -17.276
  -6.792 -16.011 -49.500
  -6.789 -49.500     NaN
  -6.787 -49.500 -49.500
  -6.784 -15.010 -15.759
  -6.781 -16.971 -49.500
  -6.778 -16.280 -49.500
  -6.775 -49.500 -49.500
  -6.773 -14.741 -16.095
  -6.770 -49.500     NaN
  -6.767 -14.465 -49.500
  -6.765 -15.745 -49.500
  -6.762 -16.145 -49.500
  -6.759 -15.905 -16.141
  -6.757 -16.153 -16.691
  -6.754 -16.282 -49.500
  -6.751 -17.005 -49.500
  -6.749 -15.236 -49.500
  -6.746 -49.500 -49.500
  -6.744 -49.500     NaN
  -6.741 -15.497 -49.500
  -6.739 -15.618 -15.618
  -6.736 -15.361 -15.361
  -6.734 -49.500     NaN
  -6.731 -49.500     NaN
  -6.729 -16.398 -49.500
  -6.726 -49.500 -49.500
  -6.724 -16.511 -49.500
  -6.721 -49.500     NaN
  -6.719 -16.551 -16.984
  -6.717 -16.406 -49.500
  -6.714 -16.896 -49.500
  -6.712 -49.500     NaN
  -6.709 -49.500     NaN
  -6.707 -16.151 -16.605
  -6.705 -15.678 -16.604
  -6.702 -49.500     NaN
  -6.700 -16.175 -49.500
  -6.698 -15.991 -16.878
  -6.696 -49.500 -49.500
  -6.693 -15.933 -15.933
  -6.691 -49.500 -49.500
  -6.689 -49.500 -49.500
  -6.687 -16.600 -49.500
  -6.684 -16.580 -17.216
  -6.682 -16.697 -49.500
  -6.680 -49.500 -49.500
  -6.678 -16.602 -16.602
  -6.675 -49.500 -49.500
  -6.673 -16.452 -16.676
  -6.671 -16.793 -49.500
  -6.669 -49.500 -49.500
  -6.667 -49.500 -49.500
  -6.665 -49.500 -49.500
  -6.663 -49.500 -49.500
  -6.661 -16.707 -49.500
  -6.658 -49.500 -49.500
  -6.656 -49.500     NaN
  -6.654 -15.826 -15.826
  -6.652 -49.500     NaN
  -6.650 -49.500 -49.500
  -6.648 -49.500 -49.500
  -6.646 -49.500     NaN
  -6.644 -16.336 -49.500
  -6.642 -49.500 -49.500
  -6.640 -16.533 -16.533
  -6.638 -49.500 -49.500
  -6.636 -49.500 -49.500
  -6.634 -49.500 -49.500
  -6.632 -49.500 -49.500
  -6.630 -16.444 -49.500
  -6.628 -16.123 -16.123
  -6.626 -15.026 -49.500
  -6.624 -49.500 -49.500
  -6.622 -49.500 -49.500
  -6.620 -49.500 -49.500
  -6.618 -16.470 -49.500
  -6.617 -49.500 -49.500
  -6.615 -49.500 -49.500
  -6.613 -15.726 -49.500
  -6.611 -49.500 -49.500
  -6.609 -49.500 -49.500
  -6.607 -15.982 -16.447
  -6.605 -49.500 -49.500
  -6.603 -49.500 -49.500
  -6.602 -49.500 -49.500
  -6.600 -49.500     NaN
  -6.598 -16.140 -16.140
  -6.596 -49.500 -49.500
  -6.594 -49.500 -49.500
