  -8.861 -13.840 -13.840
  -8.599 -13.942 -13.942
  -8.442 -14.062 -14.062
  -8.329 -14.214 -14.214
  -8.239 -14.231 -14.231
  -8.166 -14.093 -14.376
  -8.103 -14.425 -14.425
  -8.048 -14.421 -14.421
  -7.999 -14.528 -14.528
  -7.955 -14.461 -14.461
  -7.916 -14.549 -14.549
  -7.879 -14.686 -14.686
  -7.846 -14.632 -14.632
  -7.815 -14.796 -14.796
  -7.786 -14.759 -14.759
  -7.758 -14.632 -14.861
  -7.733 -14.627 -14.627
  -7.709 -14.860 -14.860
  -7.686 -14.899 -14.899
  -7.664 -14.609 -14.772
  -7.643 -14.884 -14.884
  -7.624 -14.881 -15.065
  -7.605 -14.845 -15.142
  -7.586 -15.018 -15.277
  -7.569 -14.776 -14.776
  -7.552 -14.995 -14.995
  -7.536 -14.359 -14.983
  -7.521 -14.460 -15.107
  -7.506 -14.868 -15.060
  -7.491 -15.026 -15.026
  -7.477 -14.598 -15.145
  -7.464 -14.765 -15.041
  -7.451 -14.984 -15.182
  -7.438 -15.164 -15.164
  -7.425 -15.492 -15.492
  -7.413 -15.265 -15.468
  -7.401 -15.002 -15.002
  -7.390 -15.588 -15.588
  -7.379 -14.754 -14.988
  -7.368 -15.379 -15.379
  -7.357 -15.300 -15.300
  -7.347 -15.625 -15.625
  -7.337 -14.353 -15.278
  -7.327 -15.356 -15.762
  -7.317 -14.586 -15.536
  -7.308 -15.403 -15.576
  -7.299 -15.323 -15.714
  -7.290 -15.469 -15.469
  -7.281 -14.923 -15.773
  -7.272 -15.097 -15.097
  -7.264 -15.087 -15.392
  -7.255 -15.734 -15.734
  -7.247 -14.994 -15.216
  -7.239 -15.555 -15.711
  -7.231 -15.221 -15.933
  -7.223 -15.668 -15.668
  -7.216 -15.604 -15.604
  -7.208 -15.081 -15.569
  -7.201 -14.716 -15.298
  -7.194 -16.013 -16.013
  -7.187 -15.424 -15.424
  -7.180 -15.326 -16.037
  -7.173 -15.123 -15.657
  -7.166 -15.965 -15.965
  -7.159 -15.401 -15.957
  -7.153 -15.837 -16.106
  -7.146 -15.783 -15.783
  -7.140 -15.019 -15.628
  -7.133 -16.116 -16.116
  -7.127 -15.263 -15.870
  -7.121 -15.337 -15.832
  -7.115 -15.478 -15.868
  -7.109 -16.000 -16.313
  -7.103 -15.968 -16.384
  -7.098 -15.957 -15.957
  -7.092 -14.990 -16.233
  -7.086 -15.750 -16.069
  -7.081 -15.658 -16.146
  -7.075 -16.018 -16.018
  -7.070 -15.631 -16.165
  -7.064 -16.056 -16.222
  -7.059 -15.962 -16.307
  -7.054 -15.498 -15.498
  -7.049 -16.312 -16.312
  -7.043 -16.164 -16.164
  -7.038 -16.563 -16.813
  -7.033 -15.936 -16.370
  -7.029 -16.198 -16.381
  -7.024 -16.136 -16.136
  -7.019 -15.854 -16.028
  -7.014 -15.778 -15.778
  -7.009 -15.859 -16.316
  -7.005 -15.495 -16.127
  -7.000 -15.980 -16.472
  -6.995 -16.430 -17.167
  -6.991 -16.268 -16.784
  -6.986 -16.214 -16.407
  -6.982 -14.942 -16.574
  -6.978 -15.546 -16.048
  -6.973 -16.328 -16.778
  -6.969 -15.415 -15.968
  -6.965 -17.045 -17.355
  -6.961 -16.172 -49.500
  -6.956 -16.052 -16.358
  -6.952 -15.878 -16.141
  -6.948 -16.356 -16.661
  -6.944 -16.113 -16.752
  -6.940 -15.962 -16.208
  -6.936 -16.443 -16.699
  -6.932 -16.414 -16.638
  -6.928 -16.981 -17.365
  -6.924 -15.814 -16.109
  -6.920 -16.485 -16.485
  -6.917 -16.263 -16.472
  -6.913 -15.788 -16.409
  -6.909 -15.501 -15.729
  -6.905 -15.556 -16.384
  -6.902 -16.839 -49.500
  -6.898 -16.297 -16.636
  -6.894 -16.600 -16.831
  -6.891 -16.582 -49.500
  -6.887 -16.316 -16.481
  -6.884 -15.577 -15.788
  -6.880 -16.621 -17.091
  -6.877 -16.388 -16.616
  -6.873 -49.500     NaN
  -6.870 -15.889 -16.140
  -6.867 -16.490 -16.490
  -6.863 -16.230 -16.420
  -6.860 -49.500 -49.500
  -6.857 -16.009 -16.234
  -6.853 -15.523 -16.547
  -6.850 -16.293 -16.549
  -6.847 -16.251 -49.500
  -6.844 -49.500 -49.500
  -6.840 -15.937 -17.084
  -6.837 -16.140 -16.357
  -6.834 -16.979 -49.500
  -6.831 -16.038 -16.333
  -6.828 -16.475 -16.725
  -6.825 -15.830 -16.751
  -6.822 -14.143 -16.370
  -6.819 -49.500     NaN
  -6.816 -49.500     NaN
  -6.813 -16.761 -49.500
  -6.810 -16.140 -49.500
  -6.807 -16.036 -16.036
  -6.804 -16.186 -16.574
  -6.801 -15.111 -16.391
  -6.798 -15.859 -49.500
  -6.795 -49.500     NaN
  -6.792 -49.500 -49.500
  -6.789 -15.917 -16.473
  -6.787 -16.141 -16.141
  -6.784 -16.779 -49.500
  -6.781 -16.972 -49.500
  -6.778 -49.500     NaN
  -6.775 -16.055 -49.500
  -6.773 -49.500     NaN
  -6.770 -16.398 -49.500
  -6.767 -49.500     NaN
  -6.765 -49.500     NaN
  -6.762 -49.500 -49.500
  -6.759 -49.500 -49.500
  -6.757 -15.777 -16.692
  -6.754 -16.191 -16.191
  -6.751 -49.500 -49.500
  -6.749 -16.697 -49.500
  -6.746 -49.500     NaN
  -6.744 -16.993 -49.500
  -6.741 -49.500     NaN
  -6.739 -16.392 -16.790
  -6.736 -16.808 -49.500
  -6.734 -16.503 -49.500
  -6.731 -49.500     NaN
  -6.729 -49.500     NaN
  -6.726 -49.500 -49.500
  -6.724 -49.500     NaN
  -6.721 -49.500     NaN
  -6.719 -49.500 -49.500
  -6.717 -49.500 -49.500
  -6.714 -49.500 -49.500
  -6.712 -16.577 -49.500
  -6.709 -49.500     NaN
  -6.707 -16.730 -49.500
  -6.705 -16.483 -16.483
  -6.702 -16.654 -49.500
  -6.700 -16.656 -17.075
  -6.698 -49.500     NaN
  -6.696 -16.121 -16.121
  -6.693 -49.500     NaN
  -6.691 -16.094 -49.500
  -6.689 -49.500 -49.500
  -6.687 -15.859 -16.436
  -6.684 -16.493 -49.500
  -6.682 -15.359 -16.855
  -6.680 -16.615 -49.500
  -6.678 -15.058 -49.500
  -6.675 -16.928 -49.500
  -6.673 -49.500 -49.500
  -6.671 -49.500     NaN
  -6.669 -49.500 -49.500
  -6.667 -16.847 -49.500
  -6.665 -16.704 -16.704
  -6.663 -49.500 -49.500
  -6.661 -49.500 -49.500
  -6.658 -49.500 -49.500
  -6.656 -49.500 -49.500
  -6.654 -16.209 -17.195
  -6.652 -49.500 -49.500
  -6.650 -49.500     NaN
  -6.648 -49.500 -49.500
  -6.646 -16.270 -49.500
  -6.644 -49.500     NaN
  -6.642 -49.500 -49.500
  -6.640 -16.811 -49.500
  -6.638 -49.500 -49.500
  -6.636 -49.500 -49.500
  -6.634 -49.500 -49.500
  -6.632 -49.500 -49.500
  -6.630 -49.500 -49.500
  -6.628 -16.806 -49.500
  -6.626 -49.500 -49.500
  -6.624 -16.365 -16.365
  -6.622 -49.500 -49.500
  -6.620 -49.500 -49.500
  -6.618 -49.500 -49.500
  -6.617 -49.500     NaN
  -6.615 -49.500     NaN
  -6.613 -49.500 -49.500
  -6.611 -49.500 -49.500
  -6.609 -49.500 -49.500
  -6.607 -15.768 -15.768
  -6.605 -49.500 -49.500
  -6.603 -16.859 -49.500
  -6.602 -49.500 -49.500
  -6.600 -49.500 -49.500
  -6.598 -15.595 -16.515
  -6.596 -49.500 -49.500
  -6.594 -15.221 -15.221
