  -8.861 -13.856 -13.856
  -8.599 -13.951 -13.951
  -8.442 -14.063 -14.063
  -8.329 -14.180 -14.180
  -8.239 -14.302 -14.302
  -8.166 -14.364 -14.364
  -8.103 -14.375 -14.375
  -8.048 -14.252 -14.252
  -7.999 -14.468 -14.468
  -7.955 -14.506 -14.506
  -7.916 -14.637 -14.637
  -7.879 -14.502 -14.502
  -7.846 -14.557 -14.557
  -7.815 -14.483 -14.803
  -7.786 -14.797 -14.797
  -7.758 -14.580 -14.778
  -7.733 -14.816 -14.816
  -7.709 -14.785 -14.785
  -7.686 -14.566 -14.566
  -7.664 -14.993 -14.993
  -7.643 -14.658 -15.050
  -7.624 -14.525 -14.750
  -7.605 -13.994 -14.763
  -7.586 -15.016 -15.016
  -7.569 -15.049 -15.049
  -7.552 -15.097 -15.097
  -7.536 -15.004 -15.215
  -7.521 -14.914 -15.085
  -7.506 -14.534 -15.163
  -7.491 -14.784 -14.944
  -7.477 -15.060 -15.265
  -7.464 -15.492 -15.492
  -7.451 -15.319 -15.319
  -7.438 -15.144 -15.303
  -7.425 -15.291 -15.545
  -7.413 -15.201 -15.545
  -7.401 -14.944 -15.247
  -7.390 -15.080 -15.080
  -7.379 -15.216 -15.216
  -7.368 -14.914 -15.415
  -7.357 -15.599 -15.599
  -7.347 -15.196 -15.434
  -7.337 -15.146 -15.146
  -7.327 -15.186 -15.506
  -7.317 -14.745 -15.029
  -7.308 -15.471 -15.471
  -7.299 -15.469 -15.761
  -7.290 -15.720 -15.720
  -7.281 -15.562 -15.896
  -7.272 -14.004 -15.734
  -7.264 -14.994 -15.219
  -7.255 -15.152 -15.686
  -7.247 -15.798 -15.798
  -7.239 -15.065 -15.065
  -7.231 -15.826 -16.043
  -7.223 -15.849 -16.099
  -7.216 -15.501 -15.678
  -7.208 -15.434 -15.695
  -7.201 -15.799 -15.799
  -7.194 -15.459 -15.690
  -7.187 -15.538 -15.890
  -7.180 -15.401 -15.775
  -7.173 -15.646 -16.021
  -7.166 -15.963 -15.963
  -7.159 -15.473 -15.676
  -7.153 -15.256 -15.530
  -7.146 -15.982 -16.149
  -7.140 -15.777 -15.934
  -7.133 -14.585 -16.404
  -7.127 -15.534 -15.534
  -7.121 -15.679 -15.956
  -7.115 -15.641 -15.851
  -7.109 -15.983 -15.983
  -7.103 -15.725 -15.907
  -7.098 -15.620 -16.167
  -7.092 -15.539 -16.143
  -7.086 -15.309 -15.693
  -7.081 -16.202 -16.202
  -7.075 -15.721 -15.929
  -7.070 -14.985 -15.751
  -7.064 -15.439 -15.649
  -7.059 -14.957 -16.263
  -7.054 -16.284 -16.284
  -7.049 -16.114 -16.114
  -7.043 -15.672 -15.854
  -7.038 -15.207 -16.014
  -7.033 -16.329 -16.621
  -7.029 -16.326 -16.326
  -7.024 -15.704 -15.704
  -7.019 -16.307 -16.645
  -7.014 -15.713 -16.404
  -7.009 -16.012 -17.008
  -7.005 -15.815 -16.406
  -7.000 -16.116 -16.116
  -6.995 -16.048 -16.395
  -6.991 -14.994 -15.569
  -6.986 -15.313 -16.425
  -6.982 -15.852 -16.040
  -6.978 -15.208 -16.451
  -6.973 -16.169 -16.169
  -6.969 -16.065 -16.245
  -6.965 -16.826 -16.977
  -6.961 -16.128 -16.128
  -6.956 -15.984 -16.229
  -6.952 -15.984 -15.984
  -6.948 -16.752 -17.072
  -6.944 -16.216 -16.650
  -6.940 -16.036 -16.299
  -6.936 -15.971 -16.309
  -6.932 -16.759 -16.915
  -6.928 -16.515 -16.874
  -6.924 -16.144 -16.321
  -6.920 -16.112 -16.709
  -6.917 -16.761 -17.188
  -6.913 -15.680 -16.450
  -6.909 -16.436 -16.616
  -6.905 -16.115 -16.115
  -6.902 -15.921 -16.264
  -6.898 -16.834 -49.500
  -6.894 -16.195 -16.475
  -6.891 -49.500     NaN
  -6.887 -16.663 -16.866
  -6.884 -16.383 -16.561
  -6.880 -16.139 -16.771
  -6.877 -16.724 -16.724
  -6.873 -16.279 -49.500
  -6.870 -16.358 -16.524
  -6.867 -16.714 -16.874
  -6.863 -16.118 -16.613
  -6.860 -15.944 -16.853
  -6.857 -16.345 -49.500
  -6.853 -16.067 -16.445
  -6.850 -16.089 -49.500
  -6.847 -15.547 -16.040
  -6.844 -16.623 -16.623
  -6.840 -16.671 -16.860
  -6.837 -16.908 -17.084
  -6.834 -16.481 -16.711
  -6.831 -16.247 -49.500
  -6.828 -16.425 -16.583
  -6.825 -16.380 -16.563
  -6.822 -49.500     NaN
  -6.819 -15.462 -17.021
  -6.816 -49.500     NaN
  -6.813 -16.289 -16.707
  -6.810 -17.089 -49.500
  -6.807 -49.500     NaN
  -6.804 -49.500     NaN
  -6.801 -16.376 -16.691
  -6.798 -15.870 -16.402
  -6.795 -16.404 -16.667
  -6.792 -16.915 -49.500
  -6.789 -15.818 -16.492
  -6.787 -49.500     NaN
  -6.784 -17.178 -49.500
  -6.781 -16.540 -16.797
  -6.778 -49.500     NaN
  -6.775 -16.703 -49.500
  -6.773 -16.606 -16.769
  -6.770 -16.928 -49.500
  -6.767 -49.500     NaN
  -6.765 -16.757 -49.500
  -6.762 -16.261 -49.500
  -6.759 -49.500     NaN
  -6.757 -16.296 -49.500
  -6.754 -16.270 -49.500
  -6.751 -16.274 -16.274
  -6.749 -49.500     NaN
  -6.746 -49.500     NaN
  -6.744 -17.139 -49.500
  -6.741 -49.500     NaN
  -6.739 -49.500 -49.500
  -6.736 -16.047 -49.500
  -6.734 -16.092 -49.500
  -6.731 -16.429 -49.500
  -6.729 -49.500     NaN
  -6.726 -16.537 -16.702
  -6.724 -49.500     NaN
  -6.721 -49.500 -49.500
  -6.719 -15.784 -16.391
  -6.717 -49.500 -49.500
  -6.714 -16.127 -16.555
  -6.712 -49.500     NaN
  -6.709 -49.500     NaN
  -6.707 -49.500 -49.500
  -6.705 -16.084 -16.084
  -6.702 -49.500     NaN
  -6.700 -15.707 -15.707
  -6.698 -49.500 -49.500
  -6.696 -16.151 -16.151
  -6.693 -49.500 -49.500
  -6.691 -49.500     NaN
  -6.689 -17.008 -49.500
  -6.687 -49.500 -49.500
  -6.684 -49.500     NaN
  -6.682 -16.398 -16.398
  -6.680 -49.500     NaN
  -6.678 -49.500     NaN
  -6.675 -16.344 -16.574
  -6.673 -16.744 -49.500
  -6.671 -49.500 -49.500
  -6.669 -16.362 -16.362
  -6.667 -16.378 -16.598
  -6.665 -49.500 -49.500
  -6.663 -16.229 -16.623
  -6.661 -49.500     NaN
  -6.658 -16.836 -49.500
  -6.656 -49.500 -49.500
  -6.654 -49.500 -49.500
  -6.652 -49.500 -49.500
  -6.650 -49.500 -49.500
  -6.648 -17.081 -49.500
  -6.646 -16.579 -49.500
  -6.644 -49.500 -49.500
  -6.642 -49.500 -49.500
  -6.640 -16.718 -16.718
  -6.638 -49.500 -49.500
  -6.636 -49.500     NaN
  -6.634 -16.432 -16.432
  -6.632 -49.500 -49.500
  -6.630 -49.500 -49.500
  -6.628 -49.500 -49.500
  -6.626 -15.798 -15.798
  -6.624 -49.500     NaN
  -6.622 -16.746 -49.500
  -6.620 -49.500     NaN
  -6.618 -49.500 -49.500
  -6.617 -49.500 -49.500
  -6.615 -16.340 -49.500
  -6.613 -49.500 -49.500
  -6.611 -49.500 -49.500
  -6.609 -49.500     NaN
  -6.607 -49.500 -49.500
  -6.605 -49.500 -49.500
  -6.603 -16.568 -16.568
  -6.602 -16.013 -49.500
  -6.600 -16.263 -16.263
  -6.598 -49.500 -49.500
  -6.596 -49.500 -49.500
  -6.594 -49.500 -49.500
