  -8.861 -13.854 -13.854
  -8.599 -13.986 -13.986
  -8.442 -14.088 -14.088
  -8.329 -14.174 -14.174
  -8.239 -14.270 -14.270
  -8.166 -14.233 -14.233
  -8.103 -14.324 -14.324
  -8.048 -14.508 -14.508
  -7.999 -14.531 -14.531
  -7.955 -14.469 -14.469
  -7.916 -14.448 -14.663
  -7.879 -14.651 -14.651
  -7.846 -14.151 -14.745
  -7.815 -14.535 -14.732
  -7.786 -14.691 -14.691
  -7.758 -14.142 -14.883
  -7.733 -14.712 -14.712
  -7.709 -14.903 -14.903
  -7.686 -14.729 -14.729
  -7.664 -15.011 -15.011
  -7.643 -14.477 -15.077
  -7.624 -14.976 -14.976
  -7.605 -15.250 -15.250
  -7.586 -14.778 -14.968
  -7.569 -14.392 -15.071
  -7.552 -15.165 -15.165
  -7.536 -15.207 -15.207
  -7.521 -14.839 -15.096
  -7.506 -15.032 -15.187
  -7.491 -14.849 -14.849
  -7.477 -14.857 -15.086
  -7.464 -14.609 -14.794
  -7.451 -15.233 -15.233
  -7.438 -15.128 -15.128
  -7.425 -15.383 -15.383
  -7.413 -15.024 -15.024
  -7.401 -14.983 -14.983
  -7.390 -15.492 -15.492
  -7.379 -15.420 -15.420
  -7.368 -15.290 -15.449
  -7.357 -15.107 -15.265
  -7.347 -15.263 -15.419
  -7.337 -15.570 -15.570
  -7.327 -15.500 -15.500
  -7.317 -15.607 -15.769
  -7.308 -15.372 -15.581
  -7.299 -15.551 -15.551
  -7.290 -15.457 -15.772
  -7.281 -15.425 -15.704
  -7.272 -14.837 -15.161
  -7.264 -15.571 -15.758
  -7.255 -15.544 -15.544
  -7.247 -16.018 -16.018
  -7.239 -15.683 -15.683
  -7.231 -15.189 -15.945
  -7.223 -15.698 -15.698
  -7.216 -15.545 -15.545
  -7.208 -14.706 -15.811
  -7.201 -15.293 -16.021
  -7.194 -15.417 -15.857
  -7.187 -15.790 -15.790
  -7.180 -14.959 -15.374
  -7.173 -15.840 -15.840
  -7.166 -15.799 -15.799
  -7.159 -16.075 -16.075
  -7.153 -15.781 -15.781
  -7.146 -15.497 -15.754
  -7.140 -15.593 -15.887
  -7.133 -16.021 -16.021
  -7.127 -15.913 -15.913
  -7.121 -15.361 -15.952
  -7.115 -15.231 -16.278
  -7.109 -15.831 -15.831
  -7.103 -16.009 -16.009
  -7.098 -16.206 -16.206
  -7.092 -16.093 -16.093
  -7.086 -15.117 -16.105
  -7.081 -15.754 -15.754
  -7.075 -16.278 -16.278
  -7.070 -15.562 -15.750
  -7.064 -15.905 -16.450
  -7.059 -16.363 -16.546
  -7.054 -16.362 -16.362
  -7.049 -16.043 -16.043
  -7.043 -16.416 -16.416
  -7.038 -15.994 -15.994
  -7.033 -16.033 -16.033
  -7.029 -16.037 -16.199
  -7.024 -15.609 -15.889
  -7.019 -16.365 -16.611
  -7.014 -16.115 -16.616
  -7.009 -16.376 -16.636
  -7.005 -15.691 -15.691
  -7.000 -16.160 -16.160
  -6.995 -16.093 -16.555
  -6.991 -16.058 -16.271
  -6.986 -16.138 -16.358
  -6.982 -15.865 -16.366
  -6.978 -16.139 -16.738
  -6.973 -16.569 -16.750
  -6.969 -15.626 -15.833
  -6.965 -15.189 -15.454
  -6.961 -16.156 -16.321
  -6.956 -16.483 -16.483
  -6.952 -16.470 -16.753
  -6.948 -16.800 -17.043
  -6.944 -15.470 -17.008
  -6.940 -16.328 -16.493
  -6.936 -16.016 -16.455
  -6.932 -16.340 -16.562
  -6.928 -15.413 -16.220
  -6.924 -15.768 -16.095
  -6.920 -16.021 -16.175
  -6.917 -16.441 -16.649
  -6.913 -15.777 -16.124
  -6.909 -16.307 -16.513
  -6.905 -16.432 -16.701
  -6.902 -16.570 -16.897
  -6.898 -16.602 -22.120
  -6.894 -16.941 -17.124
  -6.891 -16.737 -16.737
  -6.887 -16.904 -49.500
  -6.884 -15.921 -16.412
  -6.880 -15.488 -16.665
  -6.877 -16.929 -49.500
  -6.873 -15.856 -16.547
  -6.870 -16.140 -16.701
  -6.867 -16.988 -49.500
  -6.863 -15.328 -15.921
  -6.860 -16.674 -17.296
  -6.857 -15.843 -16.156
  -6.853 -49.500 -49.500
  -6.850 -16.177 -16.332
  -6.847 -16.706 -17.055
  -6.844 -16.143 -16.310
  -6.840 -16.714 -17.156
  -6.837 -16.444 -16.631
  -6.834 -16.662 -49.500
  -6.831 -17.137 -49.500
  -6.828 -16.545 -16.746
  -6.825 -49.500     NaN
  -6.822 -15.190 -16.054
  -6.819 -14.884 -49.500
  -6.816 -49.500     NaN
  -6.813 -15.985 -17.052
  -6.810 -16.528 -49.500
  -6.807 -16.516 -17.254
  -6.804 -49.500     NaN
  -6.801 -16.213 -49.500
  -6.798 -16.783 -49.500
  -6.795 -16.604 -16.808
  -6.792 -16.306 -49.500
  -6.789 -16.159 -49.500
  -6.787 -16.908 -49.500
  -6.784 -49.500     NaN
  -6.781 -15.914 -15.914
  -6.778 -49.500     NaN
  -6.775 -15.750 -16.498
  -6.773 -15.983 -15.983
  -6.770 -16.107 -49.500
  -6.767 -16.421 -17.001
  -6.765 -16.255 -49.500
  -6.762 -16.889 -49.500
  -6.759 -16.533 -49.500
  -6.757 -16.562 -16.996
  -6.754 -16.028 -16.196
  -6.751 -16.359 -16.620
  -6.749 -15.727 -16.588
  -6.746 -49.500     NaN
  -6.744 -49.500 -49.500
  -6.741 -15.373 -15.779
  -6.739 -49.500     NaN
  -6.736 -49.500     NaN
  -6.734 -15.784 -17.039
  -6.731 -49.500     NaN
  -6.729 -49.500 -49.500
  -6.726 -49.500     NaN
  -6.724 -16.999 -49.500
  -6.721 -15.692 -16.222
  -6.719 -16.661 -49.500
  -6.717 -16.142 -49.500
  -6.714 -49.500     NaN
  -6.712 -16.215 -49.500
  -6.709 -49.500     NaN
  -6.707 -16.295 -49.500
  -6.705 -49.500     NaN
  -6.702 -49.500     NaN
  -6.700 -49.500     NaN
  -6.698 -16.371 -16.371
  -6.696 -49.500 -49.500
  -6.693 -49.500 -49.500
  -6.691 -49.500 -49.500
  -6.689 -16.476 -16.476
  -6.687 -49.500 -49.500
  -6.684 -16.295 -49.500
  -6.682 -49.500 -49.500
  -6.680 -16.210 -49.500
  -6.678 -49.500     NaN
  -6.675 -15.702 -16.153
  -6.673 -49.500     NaN
  -6.671 -49.500 -49.500
  -6.669 -49.500 -49.500
  -6.667 -49.500     NaN
  -6.665 -49.500 -49.500
  -6.663 -16.369 -16.369
  -6.661 -16.213 -49.500
  -6.658 -15.758 -15.758
  -6.656 -49.500 -49.500
  -6.654 -49.500 -49.500
  -6.652 -49.500     NaN
  -6.650 -49.500     NaN
  -6.648 -16.737 -16.737
  -6.646 -15.628 -15.628
  -6.644 -49.500 -49.500
  -6.642 -49.500 -49.500
  -6.640 -16.917 -49.500
  -6.638 -49.500 -49.500
  -6.636 -49.500 -49.500
  -6.634 -49.500     NaN
  -6.632 -49.500 -49.500
  -6.630 -49.500 -49.500
  -6.628 -49.500     NaN
  -6.626 -49.500 -49.500
  -6.624 -49.500 -49.500
  -6.622 -49.500 -49.500
  -6.620 -16.683 -49.500
  -6.618 -49.500     NaN
  -6.617 -49.500 -49.500
  -6.615 -49.500 -49.500
  -6.613 -49.500 -49.500
  -6.611 -49.500 -49.500
  -6.609 -15.779 -49.500
  -6.607 -16.481 -16.481
  -6.605 -49.500 -49.500
  -6.603 -49.500 -49.500
  -6.602 -49.500 -49.500
  -6.600 -16.316 -49.500
  -6.598 -49.500 -49.500
  -6.596 -15.860 -15.860
  -6.594 -16.806 -49.500
