  -8.861 -13.877 -13.877
  -8.599 -13.989 -13.989
  -8.442 -14.079 -14.079
  -8.329 -14.168 -14.168
  -8.239 -14.200 -14.200
  -8.166 -14.223 -14.223
  -8.103 -14.298 -14.298
  -8.048 -14.483 -14.483
  -7.999 -14.419 -14.419
  -7.955 -14.627 -14.627
  -7.916 -14.657 -14.657
  -7.879 -14.632 -14.632
  -7.846 -14.619 -14.619
  -7.815 -14.663 -14.663
  -7.786 -14.693 -14.693
  -7.758 -14.774 -14.774
  -7.733 -14.885 -14.885
  -7.709 -14.826 -14.826
  -7.686 -14.267 -14.775
  -7.664 -14.836 -14.836
  -7.643 -14.887 -14.887
  -7.624 -14.746 -15.030
  -7.605 -14.633 -14.941
  -7.586 -14.851 -14.851
  -7.569 -14.686 -14.686
  -7.552 -14.870 -15.187
  -7.536 -14.998 -14.998
  -7.521 -14.986 -15.203
  -7.506 -14.880 -15.033
  -7.491 -14.514 -14.851
  -7.477 -14.836 -14.836
  -7.464 -14.899 -15.096
  -7.451 -15.377 -15.377
  -7.438 -14.605 -14.994
  -7.425 -14.896 -15.058
  -7.413 -15.397 -15.580
  -7.401 -15.314 -15.470
  -7.390 -15.397 -15.550
  -7.379 -15.300 -15.300
  -7.368 -15.415 -15.415
  -7.357 -15.172 -15.703
  -7.347 -14.931 -15.249
  -7.337 -15.668 -15.668
  -7.327 -15.670 -15.670
  -7.317 -15.394 -15.559
  -7.308 -15.580 -15.743
  -7.299 -14.968 -15.212
  -7.290 -15.566 -15.566
  -7.281 -15.628 -15.628
  -7.272 -15.775 -15.775
  -7.264 -14.853 -15.161
  -7.255 -15.817 -15.817
  -7.247 -15.450 -15.450
  -7.239 -15.841 -15.841
  -7.231 -15.635 -15.635
  -7.223 -15.544 -15.544
  -7.216 -15.605 -15.605
  -7.208 -16.021 -16.021
  -7.201 -15.595 -15.595
  -7.194 -15.412 -15.692
  -7.187 -14.964 -15.122
  -7.180 -15.633 -15.849
  -7.173 -15.076 -15.267
  -7.166 -15.927 -16.090
  -7.159 -15.741 -15.741
  -7.153 -15.845 -16.172
  -7.146 -15.910 -16.072
  -7.140 -14.900 -15.535
  -7.133 -15.970 -16.123
  -7.127 -15.813 -16.022
  -7.121 -15.553 -16.177
  -7.115 -15.916 -15.916
  -7.109 -16.189 -16.189
  -7.103 -15.624 -15.820
  -7.098 -15.625 -15.913
  -7.092 -15.964 -16.141
  -7.086 -15.987 -16.228
  -7.081 -16.165 -16.165
  -7.075 -16.096 -16.364
  -7.070 -15.689 -16.100
  -7.064 -15.917 -15.917
  -7.059 -15.446 -15.971
  -7.054 -15.080 -15.291
  -7.049 -16.424 -16.424
  -7.043 -15.982 -15.982
  -7.038 -15.927 -15.927
  -7.033 -15.870 -16.338
  -7.029 -15.571 -16.193
  -7.024 -15.767 -16.468
  -7.019 -15.466 -16.120
  -7.014 -16.066 -16.385
  -7.009 -16.336 -16.336
  -7.005 -16.193 -16.193
  -7.000 -16.298 -16.298
  -6.995 -15.436 -15.436
  -6.991 -15.283 -16.302
  -6.986 -16.698 -16.963
  -6.982 -15.506 -15.659
  -6.978 -15.666 -16.257
  -6.973 -16.106 -16.542
  -6.969 -16.091 -16.318
  -6.965 -16.691 -49.500
  -6.961 -16.201 -16.599
  -6.956 -16.464 -16.650
  -6.952 -16.135 -16.135
  -6.948 -15.868 -16.659
  -6.944 -15.622 -16.196
  -6.940 -16.372 -16.372
  -6.936 -16.193 -16.193
  -6.932 -15.612 -16.323
  -6.928 -16.334 -17.096
  -6.924 -16.106 -16.304
  -6.920 -16.229 -16.229
  -6.917 -16.280 -16.959
  -6.913 -16.927 -17.342
  -6.909 -16.636 -16.834
  -6.905 -15.936 -16.680
  -6.902 -16.695 -49.500
  -6.898 -17.355 -49.500
  -6.894 -16.216 -16.508
  -6.891 -16.354 -16.868
  -6.887 -16.704 -16.972
  -6.884 -15.633 -16.180
  -6.880 -16.459 -49.500
  -6.877 -16.438 -16.604
  -6.873 -16.341 -17.246
  -6.870 -16.999 -17.256
  -6.867 -49.500     NaN
  -6.863 -16.846 -17.170
  -6.860 -49.500     NaN
  -6.857 -16.764 -49.500
  -6.853 -16.390 -16.651
  -6.850 -15.635 -49.500
  -6.847 -16.703 -16.917
  -6.844 -16.957 -49.500
  -6.840 -16.323 -16.507
  -6.837 -49.500     NaN
  -6.834 -49.500 -49.500
  -6.831 -16.529 -49.500
  -6.828 -49.500     NaN
  -6.825 -15.741 -16.171
  -6.822 -16.785 -49.500
  -6.819 -15.921 -17.005
  -6.816 -15.849 -16.062
  -6.813 -16.986 -49.500
  -6.810 -16.965 -49.500
  -6.807 -16.362 -16.630
  -6.804 -16.620 -16.784
  -6.801 -15.350 -16.695
  -6.798 -16.436 -16.683
  -6.795 -49.500     NaN
  -6.792 -16.679 -16.845
  -6.789 -16.774 -49.500
  -6.787 -16.245 -16.421
  -6.784 -17.173 -49.500
  -6.781 -16.076 -17.068
  -6.778 -49.500     NaN
  -6.775 -14.075 -16.009
  -6.773 -49.500     NaN
  -6.770 -49.500     NaN
  -6.767 -16.658 -16.857
  -6.765 -17.002 -17.002
  -6.762 -16.925 -49.500
  -6.759 -16.206 -49.500
  -6.757 -49.500     NaN
  -6.754 -49.500     NaN
  -6.751 -16.739 -16.739
  -6.749 -49.500     NaN
  -6.746 -49.500     NaN
  -6.744 -49.500     NaN
  -6.741 -15.733 -17.031
  -6.739 -16.928 -49.500
  -6.736 -49.500 -49.500
  -6.734 -15.892 -16.675
  -6.731 -17.060 -49.500
  -6.729 -15.556 -15.556
  -6.726 -49.500     NaN
  -6.724 -49.500     NaN
  -6.721 -49.500 -49.500
  -6.719 -49.500     NaN
  -6.717 -49.500 -49.500
  -6.714 -17.034 -49.500
  -6.712 -16.899 -49.500
  -6.709 -49.500     NaN
  -6.707 -16.739 -16.739
  -6.705 -49.500 -49.500
  -6.702 -49.500 -49.500
  -6.700 -49.500     NaN
  -6.698 -49.500     NaN
  -6.696 -49.500     NaN
  -6.693 -49.500     NaN
  -6.691 -49.500     NaN
  -6.689 -16.879 -49.500
  -6.687 -49.500 -49.500
  -6.684 -49.500 -49.500
  -6.682 -16.306 -16.306
  -6.680 -49.500 -49.500
  -6.678 -49.500     NaN
  -6.675 -49.500 -49.500
  -6.673 -49.500 -49.500
  -6.671 -49.500     NaN
  -6.669 -16.491 -16.491
  -6.667 -16.747 -16.747
  -6.665 -49.500 -49.500
  -6.663 -49.500 -49.500
  -6.661 -49.500 -49.500
  -6.658 -49.500     NaN
  -6.656 -15.701 -16.917
  -6.654 -49.500 -49.500
  -6.652 -49.500 -49.500
  -6.650 -16.590 -16.590
  -6.648 -49.500 -49.500
  -6.646 -49.500     NaN
  -6.644 -49.500     NaN
  -6.642 -49.500     NaN
  -6.640 -49.500 -49.500
  -6.638 -49.500 -49.500
  -6.636 -49.500 -49.500
  -6.634 -49.500 -49.500
  -6.632 -49.500 -49.500
  -6.630 -16.168 -16.168
  -6.628 -49.500 -49.500
  -6.626 -15.483 -49.500
  -6.624 -16.545 -49.500
  -6.622 -49.500 -49.500
  -6.620 -16.526 -16.526
  -6.618 -49.500     NaN
  -6.617 -49.500 -49.500
  -6.615 -49.500     NaN
  -6.613 -49.500 -49.500
  -6.611 -16.298 -49.500
  -6.609 -16.280 -16.280
  -6.607 -15.496 -16.294
  -6.605 -49.500 -49.500
  -6.603 -49.500     NaN
  -6.602 -49.500 -49.500
  -6.600 -49.500 -49.500
  -6.598 -49.500 -49.500
  -6.596 -49.500     NaN
  -6.594 -16.519 -16.519
