  -8.861 -13.867 -13.867
  -8.599 -13.998 -13.998
  -8.442 -14.139 -14.139
  -8.329 -14.118 -14.118
  -8.239 -14.292 -14.292
  -8.166 -14.168 -14.168
  -8.103 -14.142 -14.142
  -8.048 -14.518 -14.518
  -7.999 -14.542 -14.542
  -7.955 -14.590 -14.590
  -7.916 -14.460 -14.460
  -7.879 -14.545 -14.545
  -7.846 -14.574 -14.574
  -7.815 -14.598 -14.598
  -7.786 -14.651 -14.651
  -7.758 -14.746 -14.746
  -7.733 -14.755 -14.755
  -7.709 -14.856 -14.856
  -7.686 -14.525 -14.834
  -7.664 -14.687 -14.687
  -7.643 -14.449 -14.612
  -7.624 -14.255 -14.683
  -7.605 -14.936 -14.936
  -7.586 -15.073 -15.073
  -7.569 -14.995 -14.995
  -7.552 -14.956 -15.141
  -7.536 -15.053 -15.053
  -7.521 -14.738 -15.102
  -7.506 -14.114 -14.993
  -7.491 -15.226 -15.226
  -7.477 -15.059 -15.059
  -7.464 -15.174 -15.371
  -7.451 -15.199 -15.199
  -7.438 -14.784 -15.023
  -7.425 -15.111 -15.352
  -7.413 -15.181 -15.181
  -7.401 -15.362 -15.362
  -7.390 -14.779 -15.122
  -7.379 -14.604 -15.168
  -7.368 -15.138 -15.296
  -7.357 -15.355 -15.355
  -7.347 -15.255 -15.580
  -7.337 -15.518 -15.735
  -7.327 -15.388 -15.388
  -7.317 -15.363 -15.363
  -7.308 -15.369 -15.529
  -7.299 -14.724 -15.182
  -7.290 -15.134 -15.552
  -7.281 -15.350 -15.516
  -7.272 -15.205 -15.574
  -7.264 -15.743 -15.743
  -7.255 -15.635 -15.635
  -7.247 -15.251 -15.826
  -7.239 -15.657 -15.958
  -7.231 -15.782 -15.782
  -7.223 -15.194 -15.540
  -7.216 -15.493 -15.918
  -7.208 -15.680 -15.680
  -7.201 -15.695 -16.091
  -7.194 -15.525 -15.843
  -7.187 -15.526 -15.762
  -7.180 -15.813 -15.813
  -7.173 -15.288 -15.554
  -7.166 -15.790 -15.790
  -7.159 -15.966 -15.966
  -7.153 -15.954 -15.954
  -7.146 -15.862 -15.862
  -7.140 -15.884 -16.065
  -7.133 -15.510 -15.939
  -7.127 -16.029 -16.029
  -7.121 -15.716 -16.252
  -7.115 -15.713 -15.920
  -7.109 -15.558 -15.712
  -7.103 -15.908 -16.099
  -7.098 -16.012 -16.302
  -7.092 -16.595 -16.595
  -7.086 -16.021 -16.021
  -7.081 -15.758 -15.914
  -7.075 -15.445 -16.120
  -7.070 -16.099 -16.503
  -7.064 -15.813 -16.230
  -7.059 -15.745 -15.994
  -7.054 -15.396 -15.853
  -7.049 -15.233 -15.900
  -7.043 -15.862 -16.188
  -7.038 -16.168 -16.168
  -7.033 -16.364 -16.596
  -7.029 -15.890 -16.336
  -7.024 -16.099 -16.257
  -7.019 -14.843 -15.707
  -7.014 -15.451 -16.337
  -7.009 -16.301 -16.595
  -7.005 -16.141 -16.141
  -7.000 -15.988 -15.988
  -6.995 -16.310 -16.522
  -6.991 -16.346 -16.606
  -6.986 -16.240 -16.451
  -6.982 -15.620 -15.885
  -6.978 -16.297 -16.297
  -6.973 -16.385 -16.639
  -6.969 -16.343 -16.552
  -6.965 -16.102 -16.918
  -6.961 -16.051 -16.051
  -6.956 -16.240 -16.404
  -6.952 -15.830 -16.453
  -6.948 -16.174 -16.479
  -6.944 -15.911 -16.277
  -6.940 -15.762 -16.228
  -6.936 -16.020 -16.510
  -6.932 -15.595 -15.750
  -6.928 -15.846 -16.001
  -6.924 -16.164 -16.164
  -6.920 -16.540 -16.830
  -6.917 -16.410 -16.675
  -6.913 -15.870 -16.930
  -6.909 -17.014 -49.500
  -6.905 -16.563 -16.745
  -6.902 -16.253 -16.476
  -6.898 -16.367 -16.367
  -6.894 -17.184 -49.500
  -6.891 -16.009 -22.009
  -6.887 -16.567 -16.567
  -6.884 -16.106 -16.345
  -6.880 -15.722 -16.758
  -6.877 -16.777 -49.500
  -6.873 -16.457 -17.048
  -6.870 -16.032 -49.500
  -6.867 -16.580 -17.008
  -6.863 -16.827 -49.500
  -6.860 -49.500 -49.500
  -6.857 -15.913 -16.957
  -6.853 -16.840 -49.500
  -6.850 -16.423 -16.765
  -6.847 -14.970 -16.630
  -6.844 -16.061 -16.350
  -6.840 -16.324 -16.712
  -6.837 -16.475 -16.475
  -6.834 -49.500     NaN
  -6.831 -49.500     NaN
  -6.828 -16.329 -16.329
  -6.825 -16.407 -49.500
  -6.822 -15.546 -16.104
  -6.819 -16.221 -16.662
  -6.816 -16.842 -49.500
  -6.813 -16.492 -16.812
  -6.810 -16.742 -49.500
  -6.807 -16.245 -16.511
  -6.804 -16.699 -49.500
  -6.801 -16.192 -16.378
  -6.798 -16.237 -16.418
  -6.795 -16.431 -16.623
  -6.792 -16.765 -49.500
  -6.789 -49.500     NaN
  -6.787 -16.370 -49.500
  -6.784 -15.934 -49.500
  -6.781 -49.500     NaN
  -6.778 -49.500     NaN
  -6.775 -14.963 -16.848
  -6.773 -49.500     NaN
  -6.770 -49.500 -49.500
  -6.767 -16.472 -49.500
  -6.765 -16.346 -49.500
  -6.762 -49.500     NaN
  -6.759 -15.917 -49.500
  -6.757 -49.500     NaN
  -6.754 -16.079 -49.500
  -6.751 -49.500     NaN
  -6.749 -49.500 -49.500
  -6.746 -16.218 -49.500
  -6.744 -15.115 -15.115
  -6.741 -49.500 -49.500
  -6.739 -16.912 -49.500
  -6.736 -16.766 -49.500
  -6.734 -49.500     NaN
  -6.731 -49.500 -49.500
  -6.729 -49.500     NaN
  -6.726 -16.722 -49.500
  -6.724 -16.371 -49.500
  -6.721 -16.774 -17.281
  -6.719 -16.818 -16.818
  -6.717 -14.630 -14.630
  -6.714 -49.500 -49.500
  -6.712 -16.102 -16.102
  -6.709 -16.956 -49.500
  -6.707 -17.025 -49.500
  -6.705 -49.500     NaN
  -6.702 -49.500     NaN
  -6.700 -16.758 -16.758
  -6.698 -49.500     NaN
  -6.696 -49.500     NaN
  -6.693 -49.500     NaN
  -6.691 -16.626 -16.872
  -6.689 -49.500 -49.500
  -6.687 -16.810 -49.500
  -6.684 -16.513 -16.513
  -6.682 -49.500     NaN
  -6.680 -17.100 -49.500
  -6.678 -49.500 -49.500
  -6.675 -15.823 -16.040
  -6.673 -49.500     NaN
  -6.671 -49.500 -49.500
  -6.669 -49.500 -49.500
  -6.667 -16.273 -16.273
  -6.665 -16.282 -49.500
  -6.663 -16.683 -49.500
  -6.661 -49.500     NaN
  -6.658 -49.500     NaN
  -6.656 -49.500     NaN
  -6.654 -49.500 -49.500
  -6.652 -16.966 -16.966
  -6.650 -49.500     NaN
  -6.648 -49.500 -49.500
  -6.646 -16.437 -16.608
  -6.644 -49.500 -49.500
  -6.642 -49.500 -49.500
  -6.640 -49.500 -49.500
  -6.638 -16.674 -16.674
  -6.636 -49.500     NaN
  -6.634 -16.473 -49.500
  -6.632 -49.500 -49.500
  -6.630 -49.500 -49.500
  -6.628 -49.500 -49.500
  -6.626 -15.819 -49.500
  -6.624 -49.500 -49.500
  -6.622 -49.500 -49.500
  -6.620 -16.966 -49.500
  -6.618 -49.500     NaN
  -6.617 -49.500 -49.500
  -6.615 -49.500 -49.500
  -6.613 -49.500 -49.500
  -6.611 -49.500     NaN
  -6.609 -49.500 -49.500
  -6.607 -49.500 -49.500
  -6.605 -49.500 -49.500
  -6.603 -49.500 -49.500
  -6.602 -49.500 -49.500
  -6.600 -49.500 -49.500
  -6.598 -16.046 -49.500
  -6.596 -49.500     NaN
  -6.594 -49.500 -49.500
