  -8.861 -13.860 -13.860
  -8.599 -14.048 -14.048
  -8.442 -14.101 -14.101
  -8.329 -14.149 -14.149
  -8.239 -14.300 -14.300
  -8.166 -14.263 -14.263
  -8.103 -14.414 -14.414
  -8.048 -14.489 -14.489
  -7.999 -14.394 -14.394
  -7.955 -14.361 -14.361
  -7.916 -14.511 -14.511
  -7.879 -14.590 -14.590
  -7.846 -14.717 -14.717
  -7.815 -14.712 -14.712
  -7.786 -14.855 -14.855
  -7.758 -14.359 -14.680
  -7.733 -14.661 -14.661
  -7.709 -14.759 -15.047
  -7.686 -14.593 -14.755
  -7.664 -14.648 -14.940
  -7.643 -15.002 -15.002
  -7.624 -14.773 -14.773
  -7.605 -14.532 -15.161
  -7.586 -15.207 -15.207
  -7.569 -15.001 -15.165
  -7.552 -14.530 -15.128
  -7.536 -15.123 -15.123
  -7.521 -15.073 -15.073
  -7.506 -14.652 -14.866
  -7.491 -15.298 -15.298
  -7.477 -15.080 -15.080
  -7.464 -14.983 -15.181
  -7.451 -14.960 -14.960
  -7.438 -15.098 -15.098
  -7.425 -15.247 -15.247
  -7.413 -15.117 -15.117
  -7.401 -14.901 -15.058
  -7.390 -15.228 -15.228
  -7.379 -15.122 -15.493
  -7.368 -15.100 -15.372
  -7.357 -15.485 -15.649
  -7.347 -15.544 -15.544
  -7.337 -14.536 -15.225
  -7.327 -14.299 -14.690
  -7.317 -15.225 -15.642
  -7.308 -14.845 -15.389
  -7.299 -15.690 -15.690
  -7.290 -15.219 -15.478
  -7.281 -15.339 -15.339
  -7.272 -15.481 -15.771
  -7.264 -15.402 -15.402
  -7.255 -15.587 -15.979
  -7.247 -15.693 -15.854
  -7.239 -15.760 -15.930
  -7.231 -14.786 -15.625
  -7.223 -15.289 -15.736
  -7.216 -15.551 -16.015
  -7.208 -14.980 -15.568
  -7.201 -15.734 -15.734
  -7.194 -15.520 -15.905
  -7.187 -15.770 -15.770
  -7.180 -15.663 -15.663
  -7.173 -15.922 -15.922
  -7.166 -15.036 -15.394
  -7.159 -15.717 -15.717
  -7.153 -15.933 -15.933
  -7.146 -16.195 -16.195
  -7.140 -15.393 -15.843
  -7.133 -15.538 -16.018
  -7.127 -16.077 -16.282
  -7.121 -15.630 -15.630
  -7.115 -15.729 -16.007
  -7.109 -15.342 -15.678
  -7.103 -15.616 -15.904
  -7.098 -14.238 -16.250
  -7.092 -16.074 -16.308
  -7.086 -15.771 -15.771
  -7.081 -16.092 -16.092
  -7.075 -15.527 -15.706
  -7.070 -16.105 -16.283
  -7.064 -15.638 -16.087
  -7.059 -15.809 -15.979
  -7.054 -15.811 -16.113
  -7.049 -15.742 -16.169
  -7.043 -15.268 -16.011
  -7.038 -16.047 -16.047
  -7.033 -16.198 -16.360
  -7.029 -16.346 -16.346
  -7.024 -16.776 -16.776
  -7.019 -15.917 -16.105
  -7.014 -16.096 -16.432
  -7.009 -16.079 -16.280
  -7.005 -15.199 -15.600
  -7.000 -16.166 -16.166
  -6.995 -16.067 -16.067
  -6.991 -15.557 -15.980
  -6.986 -16.618 -16.905
  -6.982 -15.113 -15.919
  -6.978 -15.814 -16.448
  -6.973 -16.031 -16.684
  -6.969 -16.067 -16.285
  -6.965 -17.172 -49.500
  -6.961 -16.220 -16.458
  -6.956 -15.827 -16.496
  -6.952 -17.063 -17.636
  -6.948 -16.128 -16.331
  -6.944 -15.454 -16.195
  -6.940 -15.761 -15.761
  -6.936 -16.118 -16.118
  -6.932 -21.936 -21.936
  -6.928 -15.629 -16.595
  -6.924 -16.122 -16.297
  -6.920 -16.831 -16.996
  -6.917 -15.977 -16.467
  -6.913 -16.569 -16.862
  -6.909 -16.187 -16.439
  -6.905 -16.349 -16.349
  -6.902 -16.540 -17.149
  -6.898 -16.289 -16.289
  -6.894 -16.302 -16.461
  -6.891 -15.446 -16.251
  -6.887 -15.870 -16.361
  -6.884 -16.172 -49.500
  -6.880 -16.075 -16.534
  -6.877 -16.265 -16.863
  -6.873 -15.802 -15.802
  -6.870 -15.873 -49.500
  -6.867 -16.310 -16.470
  -6.863 -16.387 -16.757
  -6.860 -16.438 -17.318
  -6.857 -14.882 -49.500
  -6.853 -15.809 -16.456
  -6.850 -16.030 -17.088
  -6.847 -15.198 -16.407
  -6.844 -49.500     NaN
  -6.840 -16.598 -16.898
  -6.837 -16.606 -16.788
  -6.834 -15.009 -16.621
  -6.831 -16.144 -16.342
  -6.828 -49.500     NaN
  -6.825 -15.690 -49.500
  -6.822 -16.101 -16.691
  -6.819 -16.107 -49.500
  -6.816 -16.630 -49.500
  -6.813 -16.435 -49.500
  -6.810 -49.500     NaN
  -6.807 -49.500     NaN
  -6.804 -16.027 -49.500
  -6.801 -16.961 -17.189
  -6.798 -16.242 -16.771
  -6.795 -16.088 -16.616
  -6.792 -49.500     NaN
  -6.789 -49.500     NaN
  -6.787 -15.867 -16.107
  -6.784 -49.500     NaN
  -6.781 -16.709 -49.500
  -6.778 -15.345 -49.500
  -6.775 -49.500 -49.500
  -6.773 -16.953 -49.500
  -6.770 -49.500     NaN
  -6.767 -16.396 -17.263
  -6.765 -16.799 -16.799
  -6.762 -15.303 -49.500
  -6.759 -16.985 -49.500
  -6.757 -49.500     NaN
  -6.754 -49.500     NaN
  -6.751 -15.520 -49.500
  -6.749 -49.500     NaN
  -6.746 -16.589 -16.589
  -6.744 -49.500     NaN
  -6.741 -16.786 -49.500
  -6.739 -16.524 -16.762
  -6.736 -49.500 -49.500
  -6.734 -16.716 -49.500
  -6.731 -49.500 -49.500
  -6.729 -16.358 -17.055
  -6.726 -49.500     NaN
  -6.724 -16.179 -49.500
  -6.721 -15.809 -49.500
  -6.719 -16.549 -49.500
  -6.717 -16.951 -49.500
  -6.714 -15.695 -49.500
  -6.712 -16.460 -49.500
  -6.709 -49.500 -49.500
  -6.707 -16.719 -49.500
  -6.705 -16.297 -16.297
  -6.702 -49.500     NaN
  -6.700 -16.908 -49.500
  -6.698 -49.500 -49.500
  -6.696 -16.328 -49.500
  -6.693 -49.500 -49.500
  -6.691 -16.442 -16.746
  -6.689 -49.500 -49.500
  -6.687 -49.500 -49.500
  -6.684 -49.500 -49.500
  -6.682 -16.408 -16.408
  -6.680 -49.500     NaN
  -6.678 -49.500 -49.500
  -6.675 -16.515 -49.500
  -6.673 -16.281 -16.835
  -6.671 -49.500     NaN
  -6.669 -16.724 -16.724
  -6.667 -49.500 -49.500
  -6.665 -49.500 -49.500
  -6.663 -49.500     NaN
  -6.661 -49.500     NaN
  -6.658 -49.500     NaN
  -6.656 -16.061 -49.500
  -6.654 -16.717 -16.717
  -6.652 -16.906 -16.906
  -6.650 -16.588 -16.588
  -6.648 -16.641 -16.641
  -6.646 -49.500 -49.500
  -6.644 -49.500 -49.500
  -6.642 -49.500 -49.500
  -6.640 -16.956 -16.956
  -6.638 -49.500 -49.500
  -6.636 -15.595 -15.595
  -6.634 -16.107 -49.500
  -6.632 -49.500 -49.500
  -6.630 -15.676 -49.500
  -6.628 -49.500     NaN
  -6.626 -15.997 -49.500
  -6.624 -16.422 -49.500
  -6.622 -49.500     NaN
  -6.620 -49.500 -49.500
  -6.618 -16.705 -49.500
  -6.617 -16.447 -16.447
  -6.615 -49.500 -49.500
  -6.613 -49.500 -49.500
  -6.611 -49.500 -49.500
  -6.609 -49.500 -49.500
  -6.607 -49.500     NaN
  -6.605 -49.500 -49.500
  -6.603 -15.965 -49.500
  -6.602 -16.611 -49.500
  -6.600 -49.500 -49.500
  -6.598 -49.500 -49.500
  -6.596 -49.500 -49.500
  -6.594 -49.500 -49.500
