  -8.861 -13.784 -13.784
  -8.599 -14.026 -14.026
  -8.442 -14.078 -14.078
  -8.329 -14.221 -14.221
  -8.239 -14.007 -14.243
  -8.166 -14.269 -14.269
  -8.103 -14.289 -14.289
  -8.048 -14.511 -14.511
  -7.999 -14.513 -14.513
  -7.955 -14.296 -14.296
  -7.916 -14.476 -14.476
  -7.879 -14.665 -14.665
  -7.846 -14.525 -14.525
  -7.815 -14.389 -14.598
  -7.786 -14.809 -14.809
  -7.758 -14.251 -14.840
  -7.733 -14.775 -14.775
  -7.709 -14.938 -14.938
  -7.686 -14.539 -15.004
  -7.664 -14.706 -15.117
  -7.643 -15.022 -15.022
  -7.624 -15.115 -15.115
  -7.605 -14.430 -14.925
  -7.586 -14.641 -14.867
  -7.569 -15.135 -15.334
  -7.552 -14.798 -14.798
  -7.536 -15.016 -15.016
  -7.521 -14.850 -14.850
  -7.506 -14.783 -15.058
  -7.491 -14.730 -14.730
  -7.477 -15.232 -15.232
  -7.464 -15.001 -15.001
  -7.451 -14.964 -15.446
  -7.438 -15.222 -15.222
  -7.425 -15.509 -15.509
  -7.413 -14.929 -15.389
  -7.401 -15.260 -15.479
  -7.390 -15.571 -15.571
  -7.379 -14.851 -14.851
  -7.368 -15.549 -15.549
  -7.357 -15.685 -15.685
  -7.347 -15.557 -15.557
  -7.337 -15.370 -15.370
  -7.327 -15.511 -15.511
  -7.317 -15.356 -15.518
  -7.308 -15.156 -15.156
  -7.299 -15.652 -15.652
  -7.290 -14.258 -15.457
  -7.281 -15.661 -15.661
  -7.272 -14.972 -15.813
  -7.264 -15.423 -15.634
  -7.255 -15.036 -15.036
  -7.247 -15.093 -15.276
  -7.239 -15.970 -15.970
  -7.231 -15.687 -15.687
  -7.223 -15.838 -16.003
  -7.216 -15.505 -15.505
  -7.208 -15.763 -15.763
  -7.201 -15.805 -15.805
  -7.194 -15.661 -15.661
  -7.187 -15.446 -15.852
  -7.180 -14.950 -15.703
  -7.173 -15.617 -16.067
  -7.166 -15.694 -15.694
  -7.159 -15.712 -15.712
  -7.153 -15.881 -15.881
  -7.146 -15.672 -15.672
  -7.140 -15.785 -15.785
  -7.133 -14.819 -16.328
  -7.127 -15.132 -16.501
  -7.121 -16.091 -16.091
  -7.115 -15.648 -15.830
  -7.109 -15.153 -15.764
  -7.103 -15.501 -15.501
  -7.098 -15.684 -16.107
  -7.092 -15.546 -15.788
  -7.086 -15.554 -15.823
  -7.081 -15.789 -16.019
  -7.075 -15.560 -15.953
  -7.070 -15.891 -16.050
  -7.064 -15.851 -16.151
  -7.059 -15.189 -15.708
  -7.054 -15.919 -15.919
  -7.049 -15.769 -15.982
  -7.043 -15.885 -16.077
  -7.038 -16.160 -16.357
  -7.033 -16.189 -16.189
  -7.029 -15.921 -15.921
  -7.024 -15.982 -16.213
  -7.019 -15.753 -15.753
  -7.014 -16.089 -16.293
  -7.009 -16.310 -16.310
  -7.005 -16.405 -16.405
  -7.000 -15.882 -16.077
  -6.995 -15.738 -16.329
  -6.991 -16.395 -16.668
  -6.986 -16.211 -16.497
  -6.982 -15.325 -16.443
  -6.978 -16.228 -16.380
  -6.973 -16.309 -17.458
  -6.969 -15.949 -15.949
  -6.965 -16.182 -16.182
  -6.961 -16.583 -16.583
  -6.956 -15.780 -16.448
  -6.952 -16.325 -16.499
  -6.948 -15.538 -16.169
  -6.944 -15.883 -16.134
  -6.940 -14.557 -16.142
  -6.936 -16.040 -16.214
  -6.932 -16.188 -16.405
  -6.928 -16.222 -16.222
  -6.924 -16.267 -16.440
  -6.920 -16.282 -16.889
  -6.917 -16.326 -16.326
  -6.913 -22.562 -22.562
  -6.909 -23.100 -23.100
  -6.905 -17.181 -22.574
  -6.902 -16.411 -16.833
  -6.898 -15.909 -16.136
  -6.894 -16.984 -17.230
  -6.891 -16.271 -16.445
  -6.887 -49.500     NaN
  -6.884 -16.103 -16.259
  -6.880 -15.825 -16.187
  -6.877 -16.452 -16.805
  -6.873 -16.564 -16.720
  -6.870 -16.370 -16.658
  -6.867 -16.047 -17.263
  -6.863 -16.998 -49.500
  -6.860 -16.339 -16.932
  -6.857 -15.659 -16.519
  -6.853 -16.007 -16.959
  -6.850 -49.500     NaN
  -6.847 -16.289 -16.289
  -6.844 -14.970 -16.824
  -6.840 -15.807 -16.470
  -6.837 -16.221 -49.500
  -6.834 -15.378 -16.084
  -6.831 -16.182 -17.077
  -6.828 -16.109 -49.500
  -6.825 -15.403 -16.678
  -6.822 -16.911 -49.500
  -6.819 -16.610 -49.500
  -6.816 -49.500     NaN
  -6.813 -16.211 -49.500
  -6.810 -49.500     NaN
  -6.807 -15.487 -16.002
  -6.804 -16.664 -16.976
  -6.801 -15.585 -49.500
  -6.798 -16.299 -16.451
  -6.795 -15.845 -16.997
  -6.792 -16.602 -17.039
  -6.789 -14.794 -17.142
  -6.787 -16.554 -16.791
  -6.784 -16.971 -49.500
  -6.781 -16.705 -17.022
  -6.778 -16.876 -49.500
  -6.775 -16.599 -49.500
  -6.773 -49.500     NaN
  -6.770 -17.094 -49.500
  -6.767 -16.197 -49.500
  -6.765 -49.500     NaN
  -6.762 -49.500     NaN
  -6.759 -15.889 -49.500
  -6.757 -49.500     NaN
  -6.754 -15.935 -16.640
  -6.751 -16.357 -49.500
  -6.749 -49.500     NaN
  -6.746 -49.500     NaN
  -6.744 -16.368 -49.500
  -6.741 -49.500 -49.500
  -6.739 -49.500     NaN
  -6.736 -15.922 -16.432
  -6.734 -16.428 -16.428
  -6.731 -49.500 -49.500
  -6.729 -16.644 -49.500
  -6.726 -16.049 -49.500
  -6.724 -15.970 -16.674
  -6.721 -49.500 -49.500
  -6.719 -49.500     NaN
  -6.717 -16.900 -49.500
  -6.714 -15.893 -49.500
  -6.712 -49.500 -49.500
  -6.709 -49.500     NaN
  -6.707 -15.782 -49.500
  -6.705 -49.500 -49.500
  -6.702 -16.129 -49.500
  -6.700 -15.883 -49.500
  -6.698 -16.273 -16.273
  -6.696 -49.500     NaN
  -6.693 -49.500 -49.500
  -6.691 -16.647 -49.500
  -6.689 -49.500     NaN
  -6.687 -49.500 -49.500
  -6.684 -16.789 -49.500
  -6.682 -49.500     NaN
  -6.680 -15.775 -16.144
  -6.678 -49.500 -49.500
  -6.675 -49.500 -49.500
  -6.673 -16.284 -16.284
  -6.671 -49.500 -49.500
  -6.669 -49.500 -49.500
  -6.667 -16.283 -49.500
  -6.665 -49.500 -49.500
  -6.663 -49.500     NaN
  -6.661 -16.536 -49.500
  -6.658 -16.024 -16.024
  -6.656 -49.500 -49.500
  -6.654 -49.500 -49.500
  -6.652 -49.500 -49.500
  -6.650 -49.500 -49.500
  -6.648 -49.500     NaN
  -6.646 -49.500 -49.500
  -6.644 -16.644 -49.500
  -6.642 -49.500 -49.500
  -6.640 -49.500 -49.500
  -6.638 -49.500 -49.500
  -6.636 -49.500     NaN
  -6.634 -16.312 -16.312
  -6.632 -49.500 -49.500
  -6.630 -15.745 -15.745
  -6.628 -49.500     NaN
  -6.626 -16.791 -16.791
  -6.624 -49.500 -49.500
  -6.622 -16.347 -16.347
  -6.620 -49.500 -49.500
  -6.618 -14.812 -14.812
  -6.617 -49.500 -49.500
  -6.615 -16.459 -16.459
  -6.613 -49.500 -49.500
  -6.611 -16.302 -49.500
  -6.609 -16.840 -49.500
  -6.607 -49.500 -49.500
  -6.605 -49.500     NaN
  -6.603 -16.314 -49.500
  -6.602 -49.500 -49.500
  -6.600 -16.051 -49.500
  -6.598 -49.500 -49.500
  -6.596 -49.500     NaN
  -6.594 -49.500 -49.500
