  -8.861 -13.781 -13.781
  -8.599 -14.042 -14.042
  -8.442 -14.072 -14.072
  -8.329 -14.164 -14.164
  -8.239 -14.211 -14.211
  -8.166 -14.437 -14.437
  -8.103 -14.339 -14.339
  -8.048 -14.478 -14.478
  -7.999 -14.629 -14.629
  -7.955 -14.572 -14.572
  -7.916 -14.510 -14.510
  -7.879 -14.502 -14.747
  -7.846 -14.636 -14.636
  -7.815 -14.660 -14.660
  -7.786 -14.676 -14.829
  -7.758 -14.915 -14.915
  -7.733 -14.636 -14.636
  -7.709 -14.892 -14.892
  -7.686 -14.818 -14.818
  -7.664 -14.872 -14.872
  -7.643 -14.924 -14.924
  -7.624 -14.952 -15.155
  -7.605 -14.219 -15.087
  -7.586 -14.590 -15.152
  -7.569 -14.998 -14.998
  -7.552 -14.870 -14.870
  -7.536 -14.834 -14.834
  -7.521 -14.987 -14.987
  -7.506 -15.279 -15.279
  -7.491 -14.758 -15.093
  -7.477 -14.836 -14.836
  -7.464 -15.306 -15.306
  -7.451 -15.216 -15.455
  -7.438 -15.470 -15.470
  -7.425 -15.042 -15.298
  -7.413 -15.076 -15.263
  -7.401 -15.229 -15.229
  -7.390 -14.887 -15.054
  -7.379 -14.981 -15.409
  -7.368 -14.915 -15.112
  -7.357 -14.451 -15.418
  -7.347 -15.405 -15.572
  -7.337 -14.898 -15.406
  -7.327 -15.340 -15.340
  -7.317 -15.455 -15.455
  -7.308 -14.813 -15.645
  -7.299 -15.449 -15.655
  -7.290 -15.748 -15.748
  -7.281 -15.547 -15.547
  -7.272 -15.463 -15.629
  -7.264 -15.671 -15.671
  -7.255 -15.438 -15.725
  -7.247 -15.514 -15.711
  -7.239 -14.822 -15.630
  -7.231 -15.126 -15.645
  -7.223 -15.101 -15.763
  -7.216 -15.556 -15.846
  -7.208 -15.564 -15.783
  -7.201 -15.821 -15.821
  -7.194 -15.090 -15.892
  -7.187 -15.597 -15.597
  -7.180 -15.787 -16.079
  -7.173 -15.685 -15.685
  -7.166 -16.063 -16.063
  -7.159 -16.038 -16.038
  -7.153 -14.992 -15.716
  -7.146 -15.851 -16.032
  -7.140 -15.567 -15.985
  -7.133 -15.747 -16.408
  -7.127 -16.102 -16.102
  -7.121 -15.385 -15.717
  -7.115 -15.958 -15.958
  -7.109 -15.892 -15.892
  -7.103 -15.443 -16.139
  -7.098 -15.957 -15.957
  -7.092 -15.416 -15.772
  -7.086 -15.638 -15.981
  -7.081 -15.661 -16.304
  -7.075 -15.771 -16.003
  -7.070 -15.874 -15.874
  -7.064 -15.900 -16.400
  -7.059 -16.295 -16.295
  -7.054 -15.676 -16.315
  -7.049 -16.430 -16.430
  -7.043 -15.753 -15.753
  -7.038 -16.167 -16.167
  -7.033 -16.021 -16.021
  -7.029 -15.074 -16.161
  -7.024 -15.568 -16.133
  -7.019 -15.959 -16.154
  -7.014 -16.088 -16.310
  -7.009 -16.065 -16.250
  -7.005 -15.515 -16.048
  -7.000 -15.766 -16.289
  -6.995 -16.254 -16.694
  -6.991 -16.177 -16.452
  -6.986 -16.271 -16.271
  -6.982 -15.798 -16.099
  -6.978 -15.774 -16.775
  -6.973 -15.897 -16.196
  -6.969 -14.932 -15.664
  -6.965 -16.074 -16.364
  -6.961 -16.753 -16.753
  -6.956 -15.943 -16.507
  -6.952 -16.215 -16.377
  -6.948 -16.078 -16.230
  -6.944 -16.152 -16.152
  -6.940 -14.665 -15.628
  -6.936 -16.399 -16.565
  -6.932 -16.542 -16.822
  -6.928 -16.340 -16.638
  -6.924 -16.163 -16.314
  -6.920 -17.104 -49.500
  -6.917 -15.408 -49.500
  -6.913 -16.926 -17.354
  -6.909 -15.621 -49.500
  -6.905 -15.208 -15.453
  -6.902 -16.540 -16.774
  -6.898 -15.561 -16.386
  -6.894 -16.209 -16.460
  -6.891 -15.850 -16.689
  -6.887 -15.945 -16.141
  -6.884 -16.823 -17.062
  -6.880 -16.388 -16.600
  -6.877 -16.199 -16.484
  -6.873 -14.801 -15.928
  -6.870 -16.933 -49.500
  -6.867 -15.944 -16.419
  -6.863 -16.519 -16.961
  -6.860 -16.522 -49.500
  -6.857 -49.500 -49.500
  -6.853 -15.990 -16.571
  -6.850 -15.759 -49.500
  -6.847 -16.160 -16.160
  -6.844 -49.500     NaN
  -6.840 -17.177 -49.500
  -6.837 -49.500 -49.500
  -6.834 -49.500     NaN
  -6.831 -16.463 -16.677
  -6.828 -16.524 -49.500
  -6.825 -16.051 -16.463
  -6.822 -16.537 -49.500
  -6.819 -16.926 -49.500
  -6.816 -49.500     NaN
  -6.813 -16.540 -16.862
  -6.810 -16.372 -17.079
  -6.807 -16.064 -16.321
  -6.804 -16.329 -16.899
  -6.801 -15.698 -16.366
  -6.798 -15.863 -16.311
  -6.795 -16.566 -17.016
  -6.792 -16.346 -16.557
  -6.789 -15.822 -15.822
  -6.787 -49.500 -49.500
  -6.784 -49.500 -49.500
  -6.781 -49.500     NaN
  -6.778 -16.469 -49.500
  -6.775 -15.722 -16.067
  -6.773 -15.674 -16.125
  -6.770 -49.500     NaN
  -6.767 -16.031 -16.436
  -6.765 -15.862 -16.308
  -6.762 -16.785 -16.785
  -6.759 -16.863 -49.500
  -6.757 -16.565 -49.500
  -6.754 -49.500     NaN
  -6.751 -16.429 -16.700
  -6.749 -16.236 -49.500
  -6.746 -17.447 -49.500
  -6.744 -49.500     NaN
  -6.741 -16.547 -49.500
  -6.739 -16.240 -49.500
  -6.736 -16.623 -17.123
  -6.734 -16.649 -49.500
  -6.731 -49.500 -49.500
  -6.729 -49.500 -49.500
  -6.726 -16.443 -49.500
  -6.724 -17.018 -49.500
  -6.721 -16.379 -16.768
  -6.719 -49.500 -49.500
  -6.717 -49.500     NaN
  -6.714 -16.341 -49.500
  -6.712 -49.500     NaN
  -6.709 -49.500 -49.500
  -6.707 -49.500     NaN
  -6.705 -49.500     NaN
  -6.702 -49.500 -49.500
  -6.700 -49.500 -49.500
  -6.698 -49.500     NaN
  -6.696 -16.464 -16.464
  -6.693 -49.500 -49.500
  -6.691 -16.289 -16.586
  -6.689 -49.500 -49.500
  -6.687 -49.500 -49.500
  -6.684 -16.609 -49.500
  -6.682 -49.500 -49.500
  -6.680 -49.500     NaN
  -6.678 -16.199 -16.486
  -6.675 -49.500 -49.500
  -6.673 -49.500 -49.500
  -6.671 -16.034 -49.500
  -6.669 -49.500     NaN
  -6.667 -49.500     NaN
  -6.665 -49.500     NaN
  -6.663 -49.500 -49.500
  -6.661 -15.923 -15.923
  -6.658 -49.500 -49.500
  -6.656 -16.260 -49.500
  -6.654 -16.688 -16.688
  -6.652 -49.500 -49.500
  -6.650 -49.500 -49.500
  -6.648 -49.500 -49.500
  -6.646 -16.615 -16.615
  -6.644 -16.000 -49.500
  -6.642 -49.500     NaN
  -6.640 -49.500 -49.500
  -6.638 -49.500 -49.500
  -6.636 -49.500 -49.500
  -6.634 -49.500 -49.500
  -6.632 -49.500 -49.500
  -6.630 -49.500 -49.500
  -6.628 -49.500     NaN
  -6.626 -49.500 -49.500
  -6.624 -15.518 -15.518
  -6.622 -16.515 -49.500
  -6.620 -49.500 -49.500
  -6.618 -49.500 -49.500
  -6.617 -49.500     NaN
  -6.615 -49.500 -49.500
  -6.613 -49.500 -49.500
  -6.611 -49.500 -49.500
  -6.609 -49.500 -49.500
  -6.607 -49.500     NaN
  -6.605 -49.500     NaN
  -6.603 -49.500 -49.500
  -6.602 -49.500 -49.500
  -6.600 -49.500 -49.500
  -6.598 -16.570 -49.500
  -6.596 -16.769 -16.769
  -6.594 -49.500 -49.500
