  -8.861 -13.858 -13.858
  -8.599 -13.939 -13.939
  -8.442 -14.114 -14.114
  -8.329 -14.181 -14.181
  -8.239 -14.262 -14.262
  -8.166 -14.345 -14.345
  -8.103 -14.371 -14.371
  -8.048 -14.366 -14.366
  -7.999 -14.461 -14.461
  -7.955 -14.593 -14.593
  -7.916 -14.622 -14.622
  -7.879 -14.683 -14.683
  -7.846 -14.674 -14.674
  -7.815 -14.329 -14.608
  -7.786 -14.416 -14.878
  -7.758 -14.421 -14.678
  -7.733 -14.627 -14.627
  -7.709 -14.567 -14.567
  -7.686 -14.804 -14.804
  -7.664 -14.632 -15.002
  -7.643 -14.974 -14.974
  -7.624 -14.381 -14.816
  -7.605 -14.472 -14.721
  -7.586 -14.802 -15.067
  -7.569 -15.092 -15.092
  -7.552 -14.989 -14.989
  -7.536 -15.347 -15.347
  -7.521 -14.915 -15.127
  -7.506 -15.011 -15.011
  -7.491 -15.252 -15.252
  -7.477 -15.102 -15.102
  -7.464 -15.031 -15.309
  -7.451 -14.939 -14.939
  -7.438 -14.949 -15.277
  -7.425 -15.397 -15.397
  -7.413 -15.143 -15.367
  -7.401 -14.754 -14.954
  -7.390 -15.058 -15.058
  -7.379 -15.288 -15.288
  -7.368 -14.761 -14.982
  -7.357 -15.343 -15.507
  -7.347 -15.068 -15.068
  -7.337 -14.897 -15.507
  -7.327 -15.774 -15.774
  -7.317 -15.165 -15.367
  -7.308 -15.350 -15.350
  -7.299 -15.494 -15.494
  -7.290 -15.675 -15.675
  -7.281 -15.404 -15.404
  -7.272 -15.628 -15.782
  -7.264 -15.549 -15.729
  -7.255 -15.639 -15.639
  -7.247 -15.190 -15.373
  -7.239 -15.847 -15.847
  -7.231 -15.684 -15.684
  -7.223 -14.591 -14.840
  -7.216 -15.449 -15.875
  -7.208 -15.537 -15.537
  -7.201 -14.945 -15.563
  -7.194 -14.966 -15.556
  -7.187 -15.351 -15.580
  -7.180 -15.748 -16.053
  -7.173 -15.612 -15.612
  -7.166 -15.109 -15.387
  -7.159 -15.616 -15.616
  -7.153 -15.314 -16.099
  -7.146 -15.291 -15.672
  -7.140 -15.524 -15.766
  -7.133 -15.760 -16.047
  -7.127 -16.103 -16.103
  -7.121 -15.859 -16.068
  -7.115 -15.350 -15.687
  -7.109 -15.574 -15.865
  -7.103 -15.199 -16.155
  -7.098 -15.930 -15.930
  -7.092 -15.437 -15.640
  -7.086 -16.158 -16.158
  -7.081 -15.730 -15.936
  -7.075 -15.886 -16.304
  -7.070 -15.514 -15.838
  -7.064 -16.050 -16.050
  -7.059 -16.330 -16.330
  -7.054 -16.216 -16.216
  -7.049 -14.940 -16.005
  -7.043 -15.570 -16.359
  -7.038 -16.383 -16.383
  -7.033 -16.151 -16.151
  -7.029 -16.073 -16.249
  -7.024 -15.923 -16.088
  -7.019 -15.751 -16.183
  -7.014 -15.111 -15.590
  -7.009 -15.277 -16.026
  -7.005 -15.926 -16.202
  -7.000 -15.648 -15.804
  -6.995 -16.166 -16.638
  -6.991 -14.011 -16.936
  -6.986 -15.650 -15.982
  -6.982 -16.450 -16.966
  -6.978 -15.852 -16.705
  -6.973 -15.863 -16.509
  -6.969 -15.775 -15.943
  -6.965 -15.819 -16.005
  -6.961 -16.058 -16.058
  -6.956 -16.509 -16.509
  -6.952 -16.567 -16.719
  -6.948 -15.586 -16.640
  -6.944 -15.766 -16.073
  -6.940 -16.591 -17.093
  -6.936 -16.703 -22.684
  -6.932 -16.453 -16.453
  -6.928 -16.278 -16.614
  -6.924 -15.738 -15.993
  -6.920 -15.886 -16.277
  -6.917 -16.098 -16.368
  -6.913 -17.001 -22.536
  -6.909 -16.123 -16.401
  -6.905 -15.019 -15.729
  -6.902 -15.966 -16.332
  -6.898 -15.949 -16.381
  -6.894 -16.713 -16.713
  -6.891 -16.502 -16.701
  -6.887 -16.751 -17.328
  -6.884 -16.480 -17.072
  -6.880 -16.253 -16.948
  -6.877 -15.815 -16.170
  -6.873 -16.804 -49.500
  -6.870 -16.402 -16.852
  -6.867 -16.329 -16.482
  -6.863 -16.392 -16.704
  -6.860 -15.749 -16.355
  -6.857 -14.870 -16.185
  -6.853 -16.453 -16.996
  -6.850 -16.626 -17.098
  -6.847 -16.012 -16.222
  -6.844 -17.620 -49.500
  -6.840 -16.269 -16.526
  -6.837 -16.447 -17.101
  -6.834 -16.684 -16.843
  -6.831 -16.659 -16.659
  -6.828 -49.500     NaN
  -6.825 -16.018 -16.440
  -6.822 -16.968 -49.500
  -6.819 -15.990 -16.651
  -6.816 -16.549 -49.500
  -6.813 -49.500     NaN
  -6.810 -16.313 -16.730
  -6.807 -16.960 -49.500
  -6.804 -15.810 -16.419
  -6.801 -16.244 -16.869
  -6.798 -16.689 -49.500
  -6.795 -16.569 -16.724
  -6.792 -17.171 -49.500
  -6.789 -15.729 -16.723
  -6.787 -49.500     NaN
  -6.784 -49.500     NaN
  -6.781 -15.902 -49.500
  -6.778 -49.500     NaN
  -6.775 -49.500     NaN
  -6.773 -16.337 -16.337
  -6.770 -16.128 -16.128
  -6.767 -16.106 -16.450
  -6.765 -49.500     NaN
  -6.762 -15.855 -16.743
  -6.759 -16.725 -49.500
  -6.757 -49.500     NaN
  -6.754 -15.793 -49.500
  -6.751 -49.500     NaN
  -6.749 -49.500 -49.500
  -6.746 -49.500     NaN
  -6.744 -17.227 -17.227
  -6.741 -49.500     NaN
  -6.739 -49.500     NaN
  -6.736 -16.718 -49.500
  -6.734 -15.868 -16.495
  -6.731 -49.500     NaN
  -6.729 -49.500     NaN
  -6.726 -49.500     NaN
  -6.724 -15.479 -49.500
  -6.721 -16.709 -16.709
  -6.719 -15.966 -49.500
  -6.717 -49.500 -49.500
  -6.714 -16.051 -49.500
  -6.712 -49.500 -49.500
  -6.709 -49.500     NaN
  -6.707 -16.755 -49.500
  -6.705 -16.451 -16.451
  -6.702 -16.844 -49.500
  -6.700 -15.770 -49.500
  -6.698 -15.852 -49.500
  -6.696 -49.500 -49.500
  -6.693 -49.500     NaN
  -6.691 -49.500     NaN
  -6.689 -49.500 -49.500
  -6.687 -49.500 -49.500
  -6.684 -16.803 -49.500
  -6.682 -49.500 -49.500
  -6.680 -49.500     NaN
  -6.678 -49.500 -49.500
  -6.675 -49.500 -49.500
  -6.673 -49.500 -49.500
  -6.671 -49.500     NaN
  -6.669 -49.500     NaN
  -6.667 -49.500     NaN
  -6.665 -15.461 -15.461
  -6.663 -49.500 -49.500
  -6.661 -49.500     NaN
  -6.658 -49.500     NaN
  -6.656 -49.500 -49.500
  -6.654 -49.500 -49.500
  -6.652 -16.499 -16.499
  -6.650 -49.500 -49.500
  -6.648 -49.500 -49.500
  -6.646 -49.500 -49.500
  -6.644 -16.224 -16.224
  -6.642 -49.500     NaN
  -6.640 -49.500 -49.500
  -6.638 -49.500     NaN
  -6.636 -16.424 -49.500
  -6.634 -49.500 -49.500
  -6.632 -49.500 -49.500
  -6.630 -49.500 -49.500
  -6.628 -49.500     NaN
  -6.626 -49.500 -49.500
  -6.624 -16.125 -16.125
  -6.622 -15.481 -15.481
  -6.620 -49.500 -49.500
  -6.618 -49.500 -49.500
  -6.617 -16.517 -49.500
  -6.615 -49.500 -49.500
  -6.613 -49.500     NaN
  -6.611 -16.276 -49.500
  -6.609 -16.570 -16.570
  -6.607 -49.500 -49.500
  -6.605 -49.500 -49.500
  -6.603 -16.338 -16.338
  -6.602 -49.500 -49.500
  -6.600 -49.500 -49.500
  -6.598 -16.067 -16.067
  -6.596 -15.886 -15.886
  -6.594 -16.334 -16.334
