  -8.861 -14.007 -14.007
  -8.599 -14.115 -14.115
  -8.442 -14.152 -14.152
  -8.329 -14.281 -14.281
  -8.239 -14.288 -14.288
  -8.166 -14.482 -14.482
  -8.103 -14.515 -14.515
  -8.048 -14.505 -14.505
  -7.999 -14.623 -14.623
  -7.955 -14.588 -14.588
  -7.916 -14.677 -14.677
  -7.879 -14.519 -14.738
  -7.846 -14.579 -14.778
  -7.815 -14.764 -14.764
  -7.786 -14.841 -14.841
  -7.758 -14.857 -14.857
  -7.733 -14.849 -14.849
  -7.709 -14.545 -14.545
  -7.686 -14.944 -14.944
  -7.664 -14.734 -14.925
  -7.643 -14.997 -14.997
  -7.624 -14.629 -15.120
  -7.605 -15.024 -15.024
  -7.586 -15.251 -15.251
  -7.569 -14.442 -15.158
  -7.552 -14.599 -14.875
  -7.536 -14.879 -15.081
  -7.521 -15.155 -15.155
  -7.506 -15.302 -15.302
  -7.491 -15.006 -15.006
  -7.477 -15.236 -15.520
  -7.464 -15.017 -15.180
  -7.451 -15.259 -15.413
  -7.438 -15.408 -15.408
  -7.425 -15.382 -15.555
  -7.413 -15.220 -15.381
  -7.401 -15.760 -15.760
  -7.390 -15.183 -15.423
  -7.379 -15.268 -15.514
  -7.368 -15.634 -15.634
  -7.357 -15.490 -15.490
  -7.347 -14.630 -14.949
  -7.337 -15.477 -15.668
  -7.327 -15.480 -15.480
  -7.317 -15.891 -15.891
  -7.308 -15.058 -15.806
  -7.299 -15.163 -15.521
  -7.290 -15.095 -15.658
  -7.281 -14.614 -15.673
  -7.272 -15.467 -15.670
  -7.264 -15.325 -15.776
  -7.255 -15.816 -16.131
  -7.247 -15.268 -15.533
  -7.239 -16.052 -16.052
  -7.231 -15.935 -16.093
  -7.223 -16.091 -16.091
  -7.216 -15.707 -16.076
  -7.208 -16.077 -16.077
  -7.201 -15.242 -15.463
  -7.194 -16.093 -16.264
  -7.187 -16.122 -16.541
  -7.180 -15.958 -16.192
  -7.173 -15.851 -16.155
  -7.166 -15.349 -15.653
  -7.159 -15.792 -16.108
  -7.153 -15.759 -16.242
  -7.146 -15.766 -15.971
  -7.140 -15.724 -15.952
  -7.133 -16.639 -16.639
  -7.127 -15.439 -15.769
  -7.121 -16.378 -16.378
  -7.115 -16.005 -16.283
  -7.109 -15.531 -15.780
  -7.103 -15.907 -16.075
  -7.098 -15.974 -15.974
  -7.092 -15.618 -15.983
  -7.086 -16.229 -16.229
  -7.081 -16.443 -16.443
  -7.075 -15.833 -16.334
  -7.070 -16.113 -16.113
  -7.064 -15.405 -16.506
  -7.059 -15.429 -16.849
  -7.054 -16.231 -16.231
  -7.049 -15.943 -16.138
  -7.043 -15.605 -15.805
  -7.038 -16.260 -16.443
  -7.033 -16.187 -16.590
  -7.029 -16.359 -16.359
  -7.024 -15.356 -16.198
  -7.019 -16.486 -16.486
  -7.014 -15.682 -15.983
  -7.009 -16.525 -16.734
  -7.005 -16.824 -17.143
  -7.000 -15.374 -15.970
  -6.995 -16.160 -16.716
  -6.991 -16.312 -16.571
  -6.986 -16.685 -16.685
  -6.982 -15.824 -16.025
  -6.978 -15.765 -16.564
  -6.973 -15.989 -16.399
  -6.969 -16.407 -16.407
  -6.965 -15.367 -16.582
  -6.961 -16.772 -16.949
  -6.956 -16.008 -16.530
  -6.952 -17.146 -49.500
  -6.948 -16.599 -16.788
  -6.944 -16.874 -17.156
  -6.940 -17.039 -17.241
  -6.936 -16.271 -16.497
  -6.932 -16.468 -49.500
  -6.928 -21.638 -21.638
  -6.924 -16.942 -49.500
  -6.920 -16.709 -16.898
  -6.917 -16.075 -16.409
  -6.913 -16.783 -17.011
  -6.909 -16.606 -16.606
  -6.905 -16.374 -16.752
  -6.902 -16.772 -17.110
  -6.898 -16.554 -16.980
  -6.894 -16.290 -16.687
  -6.891 -16.355 -16.656
  -6.887 -16.054 -16.424
  -6.884 -17.021 -17.179
  -6.880 -16.859 -49.500
  -6.877 -16.972 -49.500
  -6.873 -17.080 -49.500
  -6.870 -16.758 -16.758
  -6.867 -16.612 -17.376
  -6.863 -17.071 -49.500
  -6.860 -17.083 -49.500
  -6.857 -16.542 -49.500
  -6.853 -16.125 -17.006
  -6.850 -16.297 -49.500
  -6.847 -15.943 -17.021
  -6.844 -16.640 -49.500
  -6.840 -16.478 -16.805
  -6.837 -16.100 -16.947
  -6.834 -16.452 -49.500
  -6.831 -16.742 -49.500
  -6.828 -16.366 -49.500
  -6.825 -49.500 -49.500
  -6.822 -49.500     NaN
  -6.819 -49.500     NaN
  -6.816 -49.500     NaN
  -6.813 -16.892 -49.500
  -6.810 -49.500     NaN
  -6.807 -49.500     NaN
  -6.804 -49.500 -49.500
  -6.801 -16.598 -49.500
  -6.798 -16.898 -49.500
  -6.795 -49.500     NaN
  -6.792 -16.369 -49.500
  -6.789 -49.500 -49.500
  -6.787 -49.500     NaN
  -6.784 -49.500 -49.500
  -6.781 -49.500     NaN
  -6.778 -16.386 -16.386
  -6.775 -49.500     NaN
  -6.773 -49.500     NaN
  -6.770 -16.119 -16.546
  -6.767 -17.083 -49.500
  -6.765 -49.500     NaN
  -6.762 -17.086 -49.500
  -6.759 -15.801 -16.258
  -6.757 -16.741 -16.741
  -6.754 -16.007 -16.007
  -6.751 -49.500     NaN
  -6.749 -16.866 -49.500
  -6.746 -49.500     NaN
  -6.744 -49.500     NaN
  -6.741 -49.500 -49.500
  -6.739 -49.500     NaN
  -6.736 -49.500     NaN
  -6.734 -15.353 -15.353
  -6.731 -16.370 -49.500
  -6.729 -49.500 -49.500
  -6.726 -49.500     NaN
  -6.724 -16.722 -16.722
  -6.721 -49.500 -49.500
  -6.719 -49.500 -49.500
  -6.717 -49.500 -49.500
  -6.714 -49.500 -49.500
  -6.712 -49.500     NaN
  -6.709 -16.555 -16.555
  -6.707 -49.500 -49.500
  -6.705 -49.500     NaN
  -6.702 -16.372 -49.500
  -6.700 -49.500 -49.500
  -6.698 -49.500 -49.500
  -6.696 -16.696 -49.500
  -6.693 -49.500     NaN
  -6.691 -49.500 -49.500
  -6.689 -16.741 -17.048
  -6.687 -49.500 -49.500
  -6.684 -49.500 -49.500
  -6.682 -16.740 -49.500
  -6.680 -49.500 -49.500
  -6.678 -15.774 -16.121
  -6.675 -17.034 -49.500
  -6.673 -49.500 -49.500
  -6.671 -49.500     NaN
  -6.669 -49.500 -49.500
  -6.667 -16.407 -16.407
  -6.665 -16.618 -16.618
  -6.663 -49.500     NaN
  -6.661 -49.500     NaN
  -6.658 -16.416 -16.416
  -6.656 -15.887 -15.887
  -6.654 -49.500 -49.500
  -6.652 -49.500 -49.500
  -6.650 -49.500 -49.500
  -6.648 -49.500 -49.500
  -6.646 -49.500 -49.500
  -6.644 -49.500 -49.500
  -6.642 -16.461 -16.461
  -6.640 -49.500 -49.500
  -6.638 -16.270 -49.500
  -6.636 -15.676 -15.676
  -6.634 -15.352 -15.352
  -6.632 -49.500 -49.500
  -6.630 -49.500 -49.500
  -6.628 -15.476 -49.500
  -6.626 -15.598 -15.598
  -6.624 -49.500 -49.500
  -6.622 -49.500 -49.500
  -6.620 -49.500 -49.500
  -6.618 -16.548 -16.548
  -6.617 -16.751 -49.500
  -6.615 -49.500 -49.500
  -6.613 -49.500 -49.500
  -6.611 -16.487 -16.487
  -6.609 -49.500 -49.500
  -6.607 -49.500 -49.500
  -6.605 -49.500 -49.500
  -6.603 -49.500 -49.500
  -6.602 -49.500 -49.500
  -6.600 -49.500 -49.500
  -6.598 -49.500 -49.500
  -6.596 -49.500 -49.500
  -6.594 -49.500 -49.500
