  -8.861 -13.969 -13.969
  -8.599 -14.086 -14.086
  -8.442 -14.178 -14.178
  -8.329 -14.120 -14.374
  -8.239 -14.417 -14.417
  -8.166 -14.189 -14.454
  -8.103 -14.373 -14.373
  -8.048 -14.361 -14.361
  -7.999 -14.583 -14.583
  -7.955 -14.639 -14.639
  -7.916 -14.690 -14.690
  -7.879 -14.629 -14.629
  -7.846 -14.550 -14.734
  -7.815 -14.660 -14.876
  -7.786 -14.885 -14.885
  -7.758 -14.902 -14.902
  -7.733 -14.977 -14.977
  -7.709 -14.850 -14.850
  -7.686 -14.937 -14.937
  -7.664 -15.096 -15.096
  -7.643 -14.796 -14.796
  -7.624 -15.094 -15.094
  -7.605 -15.254 -15.254
  -7.586 -14.911 -15.063
  -7.569 -14.801 -14.801
  -7.552 -15.273 -15.273
  -7.536 -14.998 -14.998
  -7.521 -15.287 -15.287
  -7.506 -15.335 -15.335
  -7.491 -15.366 -15.366
  -7.477 -15.212 -15.397
  -7.464 -15.729 -15.729
  -7.451 -15.168 -15.168
  -7.438 -14.693 -15.454
  -7.425 -15.440 -15.440
  -7.413 -15.235 -15.426
  -7.401 -14.605 -15.451
  -7.390 -15.534 -15.534
  -7.379 -14.263 -15.479
  -7.368 -15.553 -15.553
  -7.357 -14.759 -15.652
  -7.347 -15.815 -15.815
  -7.337 -15.867 -15.867
  -7.327 -15.283 -15.755
  -7.317 -15.873 -15.873
  -7.308 -15.168 -15.475
  -7.299 -14.771 -15.096
  -7.290 -14.874 -15.736
  -7.281 -15.488 -15.488
  -7.272 -15.613 -15.613
  -7.264 -15.083 -15.320
  -7.255 -15.215 -15.215
  -7.247 -15.652 -15.808
  -7.239 -15.474 -15.953
  -7.231 -16.056 -16.056
  -7.223 -15.670 -16.173
  -7.216 -15.073 -15.704
  -7.208 -15.136 -15.427
  -7.201 -15.815 -16.023
  -7.194 -15.574 -15.904
  -7.187 -15.464 -16.256
  -7.180 -15.370 -16.159
  -7.173 -15.890 -15.890
  -7.166 -16.337 -16.337
  -7.159 -16.012 -16.012
  -7.153 -15.735 -15.996
  -7.146 -15.680 -15.680
  -7.140 -15.913 -16.358
  -7.133 -16.024 -16.024
  -7.127 -16.306 -16.306
  -7.121 -16.097 -16.097
  -7.115 -16.186 -16.406
  -7.109 -15.618 -16.273
  -7.103 -16.491 -16.491
  -7.098 -15.635 -16.589
  -7.092 -14.997 -15.193
  -7.086 -16.237 -16.633
  -7.081 -15.906 -16.440
  -7.075 -16.314 -16.914
  -7.070 -15.600 -16.515
  -7.064 -15.877 -16.260
  -7.059 -16.247 -16.482
  -7.054 -15.506 -15.975
  -7.049 -16.399 -16.556
  -7.043 -16.149 -16.548
  -7.038 -15.616 -15.925
  -7.033 -16.407 -16.407
  -7.029 -16.313 -16.625
  -7.024 -16.164 -16.774
  -7.019 -16.667 -16.827
  -7.014 -16.678 -16.678
  -7.009 -16.206 -16.433
  -7.005 -16.325 -16.518
  -7.000 -15.472 -16.058
  -6.995 -16.428 -17.036
  -6.991 -16.559 -16.765
  -6.986 -15.770 -23.281
  -6.982 -16.326 -16.487
  -6.978 -15.621 -15.969
  -6.973 -15.649 -16.424
  -6.969 -16.273 -16.464
  -6.965 -16.339 -16.741
  -6.961 -16.386 -49.500
  -6.956 -16.364 -16.533
  -6.952 -16.206 -16.735
  -6.948 -16.811 -22.947
  -6.944 -16.254 -17.033
  -6.940 -15.195 -16.428
  -6.936 -16.903 -17.180
  -6.932 -17.114 -22.723
  -6.928 -17.196 -49.500
  -6.924 -17.280 -17.441
  -6.920 -15.219 -16.763
  -6.917 -16.114 -16.114
  -6.913 -15.783 -16.338
  -6.909 -17.616 -21.374
  -6.905 -16.202 -17.297
  -6.902 -16.221 -16.952
  -6.898 -16.587 -16.821
  -6.894 -49.500     NaN
  -6.891 -16.505 -16.851
  -6.887 -16.460 -49.500
  -6.884 -16.534 -16.844
  -6.880 -15.996 -17.120
  -6.877 -17.017 -49.500
  -6.873 -16.303 -16.850
  -6.870 -16.289 -49.500
  -6.867 -15.380 -16.785
  -6.863 -15.869 -49.500
  -6.860 -49.500 -49.500
  -6.857 -16.409 -16.573
  -6.853 -16.614 -17.077
  -6.850 -49.500 -49.500
  -6.847 -49.500     NaN
  -6.844 -16.027 -16.262
  -6.840 -16.249 -16.978
  -6.837 -49.500     NaN
  -6.834 -17.016 -49.500
  -6.831 -49.500 -49.500
  -6.828 -16.996 -49.500
  -6.825 -16.196 -16.765
  -6.822 -15.329 -17.376
  -6.819 -15.505 -16.636
  -6.816 -49.500     NaN
  -6.813 -49.500     NaN
  -6.810 -16.883 -49.500
  -6.807 -49.500     NaN
  -6.804 -49.500     NaN
  -6.801 -49.500 -49.500
  -6.798 -15.721 -16.576
  -6.795 -16.595 -49.500
  -6.792 -49.500     NaN
  -6.789 -16.871 -49.500
  -6.787 -49.500     NaN
  -6.784 -49.500     NaN
  -6.781 -16.058 -16.058
  -6.778 -49.500 -49.500
  -6.775 -15.626 -16.589
  -6.773 -17.049 -49.500
  -6.770 -49.500 -49.500
  -6.767 -49.500 -49.500
  -6.765 -49.500 -49.500
  -6.762 -16.951 -49.500
  -6.759 -49.500 -49.500
  -6.757 -15.917 -49.500
  -6.754 -49.500     NaN
  -6.751 -49.500     NaN
  -6.749 -15.801 -49.500
  -6.746 -49.500     NaN
  -6.744 -49.500 -49.500
  -6.741 -49.500     NaN
  -6.739 -49.500     NaN
  -6.736 -49.500     NaN
  -6.734 -49.500 -49.500
  -6.731 -17.034 -49.500
  -6.729 -49.500 -49.500
  -6.726 -16.669 -49.500
  -6.724 -17.072 -49.500
  -6.721 -49.500     NaN
  -6.719 -16.929 -16.929
  -6.717 -49.500     NaN
  -6.714 -17.049 -49.500
  -6.712 -49.500     NaN
  -6.709 -16.270 -16.270
  -6.707 -49.500 -49.500
  -6.705 -49.500     NaN
  -6.702 -16.661 -16.661
  -6.700 -49.500 -49.500
  -6.698 -49.500 -49.500
  -6.696 -49.500     NaN
  -6.693 -49.500 -49.500
  -6.691 -16.320 -16.320
  -6.689 -49.500     NaN
  -6.687 -49.500 -49.500
  -6.684 -17.067 -17.067
  -6.682 -16.513 -16.513
  -6.680 -49.500 -49.500
  -6.678 -16.702 -49.500
  -6.675 -49.500 -49.500
  -6.673 -49.500 -49.500
  -6.671 -49.500 -49.500
  -6.669 -49.500 -49.500
  -6.667 -49.500 -49.500
  -6.665 -16.457 -16.457
  -6.663 -49.500 -49.500
  -6.661 -49.500 -49.500
  -6.658 -49.500 -49.500
  -6.656 -16.358 -16.626
  -6.654 -49.500     NaN
  -6.652 -16.133 -49.500
  -6.650 -49.500 -49.500
  -6.648 -16.687 -16.687
  -6.646 -49.500 -49.500
  -6.644 -49.500 -49.500
  -6.642 -49.500 -49.500
  -6.640 -49.500 -49.500
  -6.638 -49.500 -49.500
  -6.636 -49.500 -49.500
  -6.634 -49.500 -49.500
  -6.632 -16.463 -49.500
  -6.630 -49.500 -49.500
  -6.628 -49.500     NaN
  -6.626 -49.500 -49.500
  -6.624 -49.500 -49.500
  -6.622 -49.500 -49.500
  -6.620 -49.500 -49.500
  -6.618 -49.500 -49.500
  -6.617 -16.586 -49.500
  -6.615 -49.500 -49.500
  -6.613 -16.799 -16.799
  -6.611 -16.321 -16.321
  -6.609 -49.500     NaN
  -6.607 -15.114 -15.114
  -6.605 -49.500 -49.500
  -6.603 -49.500 -49.500
  -6.602 -16.229 -49.500
  -6.600 -49.500 -49.500
  -6.598 -49.500 -49.500
  -6.596 -49.500 -49.500
  -6.594 -49.500 -49.500
