  -8.861 -13.948 -13.948
  -8.599 -14.033 -14.033
  -8.442 -14.231 -14.231
  -8.329 -14.232 -14.232
  -8.239 -14.440 -14.440
  -8.166 -14.488 -14.488
  -8.103 -14.185 -14.185
  -8.048 -14.630 -14.630
  -7.999 -14.595 -14.595
  -7.955 -14.336 -14.336
  -7.916 -14.742 -14.742
  -7.879 -14.906 -14.906
  -7.846 -14.470 -14.470
  -7.815 -14.820 -14.820
  -7.786 -14.867 -14.867
  -7.758 -14.969 -14.969
  -7.733 -14.814 -14.814
  -7.709 -15.015 -15.015
  -7.686 -14.867 -14.867
  -7.664 -15.085 -15.085
  -7.643 -15.130 -15.130
  -7.624 -14.667 -14.971
  -7.605 -14.951 -15.346
  -7.586 -15.055 -15.055
  -7.569 -14.917 -15.173
  -7.552 -14.724 -14.884
  -7.536 -14.945 -15.130
  -7.521 -14.583 -15.172
  -7.506 -15.395 -15.395
  -7.491 -15.373 -15.373
  -7.477 -15.393 -15.393
  -7.464 -15.808 -15.808
  -7.451 -14.916 -15.483
  -7.438 -14.629 -15.399
  -7.425 -15.276 -15.276
  -7.413 -15.545 -15.545
  -7.401 -15.308 -15.308
  -7.390 -14.975 -15.534
  -7.379 -15.055 -15.055
  -7.368 -15.110 -15.743
  -7.357 -15.641 -15.641
  -7.347 -14.478 -15.085
  -7.337 -15.253 -15.629
  -7.327 -15.643 -15.643
  -7.317 -14.884 -15.135
  -7.308 -14.853 -15.206
  -7.299 -15.336 -15.839
  -7.290 -15.823 -15.823
  -7.281 -15.936 -15.936
  -7.272 -14.641 -15.296
  -7.264 -15.568 -15.568
  -7.255 -14.375 -15.806
  -7.247 -15.699 -15.699
  -7.239 -16.005 -16.005
  -7.231 -15.713 -15.876
  -7.223 -15.283 -15.738
  -7.216 -15.629 -15.907
  -7.208 -15.681 -15.905
  -7.201 -15.932 -16.247
  -7.194 -15.598 -15.940
  -7.187 -15.145 -15.567
  -7.180 -15.704 -16.076
  -7.173 -16.206 -16.206
  -7.166 -16.119 -16.334
  -7.159 -16.169 -16.169
  -7.153 -15.660 -16.055
  -7.146 -15.382 -15.771
  -7.140 -15.992 -16.493
  -7.133 -16.227 -16.227
  -7.127 -16.410 -16.658
  -7.121 -15.619 -16.335
  -7.115 -16.054 -16.251
  -7.109 -16.409 -16.409
  -7.103 -15.602 -15.859
  -7.098 -15.058 -16.277
  -7.092 -16.228 -16.228
  -7.086 -16.242 -16.242
  -7.081 -16.112 -16.375
  -7.075 -16.805 -16.805
  -7.070 -16.003 -16.332
  -7.064 -15.393 -16.215
  -7.059 -16.583 -16.583
  -7.054 -15.918 -16.192
  -7.049 -16.311 -16.549
  -7.043 -16.499 -16.922
  -7.038 -16.535 -16.770
  -7.033 -16.537 -16.537
  -7.029 -14.397 -16.160
  -7.024 -16.462 -16.745
  -7.019 -16.076 -16.638
  -7.014 -16.574 -16.574
  -7.009 -16.345 -17.149
  -7.005 -16.164 -16.678
  -7.000 -21.999 -21.999
  -6.995 -16.491 -16.491
  -6.991 -15.624 -15.836
  -6.986 -16.138 -16.342
  -6.982 -16.816 -16.974
  -6.978 -15.727 -16.585
  -6.973 -16.210 -16.514
  -6.969 -16.572 -16.878
  -6.965 -17.606 -23.011
  -6.961 -16.840 -17.584
  -6.956 -15.418 -16.366
  -6.952 -15.534 -16.367
  -6.948 -17.289 -49.500
  -6.944 -49.500     NaN
  -6.940 -15.801 -16.118
  -6.936 -16.379 -17.024
  -6.932 -15.755 -16.369
  -6.928 -15.686 -16.696
  -6.924 -16.401 -16.718
  -6.920 -16.220 -16.385
  -6.917 -16.432 -17.072
  -6.913 -49.500     NaN
  -6.909 -49.500 -49.500
  -6.905 -15.295 -16.629
  -6.902 -15.886 -16.901
  -6.898 -16.061 -17.192
  -6.894 -16.593 -17.085
  -6.891 -22.845 -22.845
  -6.887 -16.965 -17.213
  -6.884 -16.596 -49.500
  -6.880 -16.877 -49.500
  -6.877 -16.174 -16.328
  -6.873 -49.500 -49.500
  -6.870 -49.500     NaN
  -6.867 -16.550 -16.960
  -6.863 -16.250 -16.882
  -6.860 -16.018 -16.490
  -6.857 -16.134 -16.789
  -6.853 -16.546 -16.785
  -6.850 -15.592 -16.532
  -6.847 -17.013 -49.500
  -6.844 -16.724 -49.500
  -6.840 -17.295 -49.500
  -6.837 -16.975 -49.500
  -6.834 -16.412 -16.780
  -6.831 -16.169 -16.539
  -6.828 -16.663 -49.500
  -6.825 -16.587 -17.027
  -6.822 -15.249 -49.500
  -6.819 -16.923 -49.500
  -6.816 -17.197 -49.500
  -6.813 -49.500 -49.500
  -6.810 -49.500     NaN
  -6.807 -49.500     NaN
  -6.804 -15.139 -16.180
  -6.801 -16.799 -49.500
  -6.798 -49.500     NaN
  -6.795 -17.122 -49.500
  -6.792 -49.500     NaN
  -6.789 -49.500     NaN
  -6.787 -49.500 -49.500
  -6.784 -14.933 -16.717
  -6.781 -16.202 -16.202
  -6.778 -49.500     NaN
  -6.775 -16.247 -16.971
  -6.773 -49.500     NaN
  -6.770 -15.852 -17.280
  -6.767 -49.500     NaN
  -6.765 -16.419 -49.500
  -6.762 -16.124 -49.500
  -6.759 -49.500 -49.500
  -6.757 -16.218 -16.218
  -6.754 -49.500     NaN
  -6.751 -16.375 -16.375
  -6.749 -15.639 -15.639
  -6.746 -49.500 -49.500
  -6.744 -49.500     NaN
  -6.741 -15.762 -16.222
  -6.739 -16.366 -16.831
  -6.736 -49.500 -49.500
  -6.734 -49.500 -49.500
  -6.731 -49.500     NaN
  -6.729 -49.500     NaN
  -6.726 -17.006 -49.500
  -6.724 -49.500     NaN
  -6.721 -49.500     NaN
  -6.719 -49.500 -49.500
  -6.717 -49.500 -49.500
  -6.714 -49.500 -49.500
  -6.712 -49.500 -49.500
  -6.709 -49.500     NaN
  -6.707 -16.807 -16.807
  -6.705 -16.696 -49.500
  -6.702 -49.500     NaN
  -6.700 -49.500 -49.500
  -6.698 -15.739 -49.500
  -6.696 -16.536 -17.001
  -6.693 -49.500     NaN
  -6.691 -49.500 -49.500
  -6.689 -49.500 -49.500
  -6.687 -16.600 -49.500
  -6.684 -49.500 -49.500
  -6.682 -16.736 -16.736
  -6.680 -15.395 -15.395
  -6.678 -49.500 -49.500
  -6.675 -16.990 -16.990
  -6.673 -49.500     NaN
  -6.671 -49.500 -49.500
  -6.669 -49.500 -49.500
  -6.667 -49.500     NaN
  -6.665 -16.751 -16.751
  -6.663 -49.500 -49.500
  -6.661 -49.500 -49.500
  -6.658 -49.500 -49.500
  -6.656 -49.500 -49.500
  -6.654 -49.500 -49.500
  -6.652 -15.726 -15.726
  -6.650 -15.967 -49.500
  -6.648 -49.500 -49.500
  -6.646 -49.500 -49.500
  -6.644 -49.500 -49.500
  -6.642 -49.500 -49.500
  -6.640 -16.773 -16.773
  -6.638 -49.500 -49.500
  -6.636 -49.500     NaN
  -6.634 -16.435 -49.500
  -6.632 -49.500 -49.500
  -6.630 -49.500 -49.500
  -6.628 -49.500 -49.500
  -6.626 -16.437 -16.437
  -6.624 -49.500 -49.500
  -6.622 -49.500 -49.500
  -6.620 -16.304 -16.304
  -6.618 -49.500 -49.500
  -6.617 -49.500 -49.500
  -6.615 -49.500 -49.500
  -6.613 -49.500 -49.500
  -6.611 -49.500 -49.500
  -6.609 -49.500 -49.500
  -6.607 -49.500 -49.500
  -6.605 -49.500 -49.500
  -6.603 -49.500 -49.500
  -6.602 -49.500 -49.500
  -6.600 -49.500 -49.500
  -6.598 -49.500 -49.500
  -6.596 -49.500 -49.500
  -6.594 -49.500 -49.500
