  -8.861 -13.996 -13.996
  -8.599 -14.092 -14.092
  -8.442 -14.165 -14.165
  -8.329 -14.305 -14.305
  -8.239 -14.326 -14.326
  -8.166 -14.306 -14.306
  -8.103 -14.346 -14.513
  -8.048 -14.565 -14.565
  -7.999 -14.461 -14.461
  -7.955 -14.583 -14.583
  -7.916 -14.645 -14.645
  -7.879 -14.870 -14.870
  -7.846 -14.794 -14.794
  -7.815 -14.801 -14.801
  -7.786 -14.826 -14.826
  -7.758 -14.533 -14.533
  -7.733 -14.850 -14.850
  -7.709 -14.935 -14.935
  -7.686 -15.035 -15.192
  -7.664 -15.011 -15.011
  -7.643 -14.828 -15.029
  -7.624 -15.072 -15.072
  -7.605 -15.153 -15.153
  -7.586 -14.815 -14.815
  -7.569 -15.230 -15.230
  -7.552 -15.187 -15.407
  -7.536 -15.168 -15.168
  -7.521 -15.265 -15.265
  -7.506 -14.541 -15.543
  -7.491 -15.273 -15.273
  -7.477 -15.277 -15.277
  -7.464 -15.612 -15.612
  -7.451 -15.238 -15.238
  -7.438 -15.059 -15.059
  -7.425 -15.290 -15.290
  -7.413 -15.274 -15.480
  -7.401 -15.438 -15.438
  -7.390 -15.380 -15.380
  -7.379 -14.884 -14.884
  -7.368 -15.058 -15.411
  -7.357 -14.882 -14.882
  -7.347 -15.484 -15.484
  -7.337 -15.195 -15.195
  -7.327 -15.292 -15.624
  -7.317 -15.801 -15.801
  -7.308 -15.349 -15.602
  -7.299 -15.530 -16.011
  -7.290 -15.425 -15.425
  -7.281 -15.294 -15.294
  -7.272 -15.702 -16.073
  -7.264 -14.843 -15.793
  -7.255 -15.260 -15.852
  -7.247 -16.101 -16.101
  -7.239 -13.894 -15.355
  -7.231 -16.232 -16.232
  -7.223 -15.682 -15.895
  -7.216 -15.836 -15.836
  -7.208 -15.936 -16.097
  -7.201 -15.006 -15.927
  -7.194 -15.475 -15.818
  -7.187 -15.545 -16.109
  -7.180 -14.714 -15.616
  -7.173 -15.884 -16.171
  -7.166 -15.094 -16.068
  -7.159 -15.202 -15.701
  -7.153 -15.355 -15.516
  -7.146 -16.106 -16.390
  -7.140 -15.862 -15.862
  -7.133 -16.013 -16.278
  -7.127 -16.294 -16.294
  -7.121 -15.482 -15.821
  -7.115 -16.322 -16.744
  -7.109 -16.052 -16.052
  -7.103 -15.760 -16.130
  -7.098 -15.455 -16.060
  -7.092 -16.029 -16.781
  -7.086 -15.222 -16.190
  -7.081 -16.024 -16.024
  -7.075 -15.905 -16.809
  -7.070 -16.446 -16.446
  -7.064 -16.312 -16.312
  -7.059 -15.792 -15.792
  -7.054 -15.725 -15.725
  -7.049 -16.075 -16.590
  -7.043 -16.940 -17.425
  -7.038 -15.939 -16.174
  -7.033 -14.987 -16.538
  -7.029 -15.648 -16.131
  -7.024 -16.144 -16.381
  -7.019 -16.498 -16.676
  -7.014 -16.083 -16.747
  -7.009 -16.258 -16.424
  -7.005 -16.619 -16.899
  -7.000 -16.428 -16.428
  -6.995 -16.169 -16.343
  -6.991 -15.121 -16.087
  -6.986 -16.251 -16.470
  -6.982 -15.885 -16.545
  -6.978 -15.762 -16.245
  -6.973 -16.464 -16.464
  -6.969 -16.481 -17.281
  -6.965 -16.688 -16.688
  -6.961 -16.188 -16.761
  -6.956 -16.398 -16.677
  -6.952 -16.051 -16.570
  -6.948 -16.728 -16.954
  -6.944 -15.975 -16.572
  -6.940 -16.330 -17.043
  -6.936 -16.391 -16.616
  -6.932 -16.162 -16.523
  -6.928 -16.740 -17.091
  -6.924 -16.289 -16.735
  -6.920 -16.369 -16.642
  -6.917 -49.500     NaN
  -6.913 -16.700 -16.952
  -6.909 -15.991 -49.500
  -6.905 -16.619 -16.773
  -6.902 -16.280 -22.599
  -6.898 -16.291 -17.218
  -6.894 -16.410 -16.840
  -6.891 -15.242 -16.806
  -6.887 -17.234 -22.294
  -6.884 -16.214 -16.915
  -6.880 -17.215 -49.500
  -6.877 -15.952 -49.500
  -6.873 -49.500 -49.500
  -6.870 -16.950 -49.500
  -6.867 -15.559 -49.500
  -6.863 -16.373 -49.500
  -6.860 -16.977 -49.500
  -6.857 -49.500     NaN
  -6.853 -49.500     NaN
  -6.850 -16.031 -16.541
  -6.847 -16.172 -49.500
  -6.844 -16.493 -17.077
  -6.840 -49.500     NaN
  -6.837 -16.523 -49.500
  -6.834 -16.628 -17.170
  -6.831 -17.287 -49.500
  -6.828 -16.251 -16.700
  -6.825 -49.500 -49.500
  -6.822 -15.589 -15.787
  -6.819 -16.695 -49.500
  -6.816 -17.006 -49.500
  -6.813 -16.972 -49.500
  -6.810 -49.500     NaN
  -6.807 -15.928 -15.928
  -6.804 -17.479 -49.500
  -6.801 -16.737 -16.737
  -6.798 -49.500 -49.500
  -6.795 -49.500     NaN
  -6.792 -16.991 -49.500
  -6.789 -16.069 -49.500
  -6.787 -16.599 -49.500
  -6.784 -16.508 -49.500
  -6.781 -49.500     NaN
  -6.778 -49.500     NaN
  -6.775 -49.500     NaN
  -6.773 -49.500     NaN
  -6.770 -16.339 -49.500
  -6.767 -49.500 -49.500
  -6.765 -49.500     NaN
  -6.762 -49.500 -49.500
  -6.759 -49.500     NaN
  -6.757 -16.443 -16.600
  -6.754 -49.500     NaN
  -6.751 -49.500 -49.500
  -6.749 -49.500     NaN
  -6.746 -49.500 -49.500
  -6.744 -17.169 -49.500
  -6.741 -49.500 -49.500
  -6.739 -49.500 -49.500
  -6.736 -15.886 -16.240
  -6.734 -49.500     NaN
  -6.731 -49.500     NaN
  -6.729 -15.663 -16.521
  -6.726 -16.570 -49.500
  -6.724 -49.500     NaN
  -6.721 -49.500 -49.500
  -6.719 -49.500 -49.500
  -6.717 -49.500     NaN
  -6.714 -16.892 -16.892
  -6.712 -49.500 -49.500
  -6.709 -15.978 -49.500
  -6.707 -49.500 -49.500
  -6.705 -16.527 -49.500
  -6.702 -49.500 -49.500
  -6.700 -16.088 -16.088
  -6.698 -49.500 -49.500
  -6.696 -49.500 -49.500
  -6.693 -15.909 -15.909
  -6.691 -49.500 -49.500
  -6.689 -49.500 -49.500
  -6.687 -49.500 -49.500
  -6.684 -49.500 -49.500
  -6.682 -49.500     NaN
  -6.680 -49.500 -49.500
  -6.678 -16.752 -49.500
  -6.675 -16.468 -16.468
  -6.673 -49.500 -49.500
  -6.671 -16.487 -16.644
  -6.669 -15.744 -15.744
  -6.667 -49.500 -49.500
  -6.665 -49.500 -49.500
  -6.663 -49.500 -49.500
  -6.661 -49.500 -49.500
  -6.658 -49.500 -49.500
  -6.656 -49.500 -49.500
  -6.654 -49.500 -49.500
  -6.652 -49.500 -49.500
  -6.650 -49.500 -49.500
  -6.648 -49.500 -49.500
  -6.646 -49.500 -49.500
  -6.644 -49.500 -49.500
  -6.642 -49.500 -49.500
  -6.640 -49.500 -49.500
  -6.638 -49.500 -49.500
  -6.636 -15.816 -15.816
  -6.634 -49.500 -49.500
  -6.632 -49.500     NaN
  -6.630 -49.500 -49.500
  -6.628 -49.500     NaN
  -6.626 -49.500 -49.500
  -6.624 -49.500 -49.500
  -6.622 -49.500 -49.500
  -6.620 -14.945 -14.945
  -6.618 -15.933 -49.500
  -6.617 -49.500 -49.500
  -6.615 -49.500 -49.500
  -6.613 -49.500 -49.500
  -6.611 -49.500 -49.500
  -6.609 -49.500 -49.500
  -6.607 -49.500 -49.500
  -6.605 -49.500 -49.500
  -6.603 -49.500 -49.500
  -6.602 -49.500 -49.500
  -6.600 -16.339 -16.339
  -6.598 -49.500 -49.500
  -6.596 -49.500 -49.500
  -6.594 -49.500 -49.500
