  -8.861 -13.944 -13.944
  -8.599 -14.138 -14.138
  -8.442 -14.245 -14.245
  -8.329 -14.264 -14.264
  -8.239 -14.261 -14.261
  -8.166 -14.385 -14.385
  -8.103 -14.467 -14.467
  -8.048 -14.565 -14.565
  -7.999 -14.608 -14.608
  -7.955 -14.585 -14.585
  -7.916 -14.701 -14.701
  -7.879 -14.666 -14.666
  -7.846 -14.803 -14.803
  -7.815 -14.578 -14.578
  -7.786 -14.736 -14.964
  -7.758 -14.826 -15.014
  -7.733 -15.080 -15.080
  -7.709 -14.928 -14.928
  -7.686 -14.840 -15.079
  -7.664 -14.934 -15.102
  -7.643 -14.671 -14.955
  -7.624 -15.184 -15.367
  -7.605 -15.124 -15.124
  -7.586 -15.225 -15.225
  -7.569 -15.069 -15.069
  -7.552 -15.028 -15.287
  -7.536 -15.231 -15.231
  -7.521 -15.490 -15.490
  -7.506 -14.771 -15.086
  -7.491 -14.981 -15.176
  -7.477 -15.392 -15.392
  -7.464 -15.497 -15.497
  -7.451 -15.155 -15.339
  -7.438 -15.361 -15.361
  -7.425 -15.194 -15.378
  -7.413 -15.352 -15.683
  -7.401 -14.930 -15.456
  -7.390 -15.377 -15.377
  -7.379 -15.370 -15.370
  -7.368 -15.654 -15.654
  -7.357 -15.362 -15.700
  -7.347 -15.781 -15.781
  -7.337 -15.595 -15.779
  -7.327 -15.671 -15.671
  -7.317 -15.237 -15.689
  -7.308 -15.837 -15.837
  -7.299 -15.327 -15.660
  -7.290 -15.489 -16.011
  -7.281 -15.210 -15.947
  -7.272 -15.158 -15.602
  -7.264 -15.336 -15.821
  -7.255 -15.471 -15.804
  -7.247 -15.841 -15.841
  -7.239 -15.455 -15.979
  -7.231 -14.294 -15.929
  -7.223 -15.568 -15.880
  -7.216 -15.644 -15.906
  -7.208 -15.553 -15.832
  -7.201 -15.650 -15.815
  -7.194 -15.473 -16.062
  -7.187 -16.270 -16.270
  -7.180 -15.860 -16.205
  -7.173 -15.193 -15.362
  -7.166 -16.194 -16.194
  -7.159 -15.991 -16.168
  -7.153 -16.193 -16.193
  -7.146 -15.730 -16.057
  -7.140 -15.290 -15.883
  -7.133 -15.928 -15.928
  -7.127 -16.211 -16.370
  -7.121 -16.054 -16.054
  -7.115 -15.677 -16.146
  -7.109 -16.730 -17.036
  -7.103 -15.978 -16.214
  -7.098 -16.392 -16.543
  -7.092 -15.510 -16.048
  -7.086 -16.035 -16.614
  -7.081 -15.992 -16.163
  -7.075 -14.681 -15.776
  -7.070 -15.836 -16.459
  -7.064 -16.091 -16.091
  -7.059 -16.500 -16.901
  -7.054 -15.478 -15.796
  -7.049 -15.665 -16.256
  -7.043 -15.958 -15.958
  -7.038 -15.844 -16.545
  -7.033 -16.306 -16.525
  -7.029 -16.123 -16.585
  -7.024 -16.681 -16.964
  -7.019 -15.941 -16.122
  -7.014 -15.984 -16.595
  -7.009 -16.990 -17.419
  -7.005 -16.372 -16.607
  -7.000 -22.941 -22.941
  -6.995 -16.009 -17.166
  -6.991 -16.590 -16.590
  -6.986 -16.503 -16.503
  -6.982 -16.709 -16.709
  -6.978 -16.662 -17.152
  -6.973 -16.329 -16.329
  -6.969 -15.152 -17.093
  -6.965 -15.130 -16.171
  -6.961 -14.811 -16.225
  -6.956 -16.172 -16.475
  -6.952 -16.007 -16.268
  -6.948 -16.094 -16.722
  -6.944 -15.652 -16.772
  -6.940 -15.394 -16.763
  -6.936 -15.660 -16.043
  -6.932 -15.352 -23.029
  -6.928 -16.828 -16.990
  -6.924 -15.989 -16.629
  -6.920 -17.120 -23.158
  -6.917 -15.973 -17.142
  -6.913 -49.500     NaN
  -6.909 -16.646 -16.799
  -6.905 -15.918 -16.948
  -6.902 -16.162 -16.702
  -6.898 -15.850 -16.323
  -6.894 -16.294 -16.294
  -6.891 -16.717 -49.500
  -6.887 -17.599 -49.500
  -6.884 -15.201 -49.500
  -6.880 -16.021 -16.711
  -6.877 -17.006 -49.500
  -6.873 -49.500     NaN
  -6.870 -49.500     NaN
  -6.867 -16.573 -16.737
  -6.863 -49.500     NaN
  -6.860 -49.500     NaN
  -6.857 -16.659 -16.659
  -6.853 -16.693 -16.903
  -6.850 -49.500     NaN
  -6.847 -49.500     NaN
  -6.844 -49.500 -49.500
  -6.840 -16.690 -17.130
  -6.837 -49.500 -49.500
  -6.834 -17.164 -49.500
  -6.831 -49.500     NaN
  -6.828 -16.517 -16.792
  -6.825 -49.500     NaN
  -6.822 -15.187 -15.507
  -6.819 -49.500     NaN
  -6.816 -16.324 -16.549
  -6.813 -49.500     NaN
  -6.810 -15.191 -16.564
  -6.807 -49.500     NaN
  -6.804 -49.500     NaN
  -6.801 -16.289 -16.568
  -6.798 -16.491 -49.500
  -6.795 -16.343 -17.034
  -6.792 -16.514 -49.500
  -6.789 -49.500     NaN
  -6.787 -16.746 -16.746
  -6.784 -15.775 -49.500
  -6.781 -16.267 -49.500
  -6.778 -49.500     NaN
  -6.775 -49.500 -49.500
  -6.773 -16.504 -49.500
  -6.770 -49.500     NaN
  -6.767 -49.500     NaN
  -6.765 -49.500     NaN
  -6.762 -49.500     NaN
  -6.759 -49.500 -49.500
  -6.757 -49.500 -49.500
  -6.754 -16.263 -49.500
  -6.751 -16.687 -16.687
  -6.749 -49.500 -49.500
  -6.746 -49.500 -49.500
  -6.744 -49.500 -49.500
  -6.741 -49.500 -49.500
  -6.739 -49.500 -49.500
  -6.736 -16.099 -16.099
  -6.734 -49.500     NaN
  -6.731 -16.688 -49.500
  -6.729 -49.500     NaN
  -6.726 -49.500     NaN
  -6.724 -49.500 -49.500
  -6.721 -15.510 -49.500
  -6.719 -49.500     NaN
  -6.717 -49.500 -49.500
  -6.714 -49.500 -49.500
  -6.712 -49.500 -49.500
  -6.709 -49.500 -49.500
  -6.707 -49.500     NaN
  -6.705 -49.500 -49.500
  -6.702 -49.500 -49.500
  -6.700 -16.681 -49.500
  -6.698 -49.500 -49.500
  -6.696 -49.500     NaN
  -6.693 -17.092 -49.500
  -6.691 -49.500 -49.500
  -6.689 -49.500     NaN
  -6.687 -16.461 -49.500
  -6.684 -15.864 -49.500
  -6.682 -49.500     NaN
  -6.680 -16.574 -16.574
  -6.678 -49.500 -49.500
  -6.675 -15.261 -15.261
  -6.673 -49.500 -49.500
  -6.671 -49.500 -49.500
  -6.669 -49.500 -49.500
  -6.667 -49.500 -49.500
  -6.665 -49.500 -49.500
  -6.663 -49.500     NaN
  -6.661 -49.500 -49.500
  -6.658 -49.500 -49.500
  -6.656 -49.500 -49.500
  -6.654 -49.500     NaN
  -6.652 -49.500 -49.500
  -6.650 -49.500 -49.500
  -6.648 -49.500 -49.500
  -6.646 -49.500 -49.500
  -6.644 -49.500 -49.500
  -6.642 -49.500 -49.500
  -6.640 -49.500 -49.500
  -6.638 -49.500 -49.500
  -6.636 -49.500 -49.500
  -6.634 -49.500 -49.500
  -6.632 -49.500 -49.500
  -6.630 -16.804 -16.804
  -6.628 -15.651 -15.651
  -6.626 -49.500 -49.500
  -6.624 -49.500 -49.500
  -6.622 -49.500     NaN
  -6.620 -16.898 -16.898
  -6.618 -49.500 -49.500
  -6.617 -49.500 -49.500
  -6.615 -49.500 -49.500
  -6.613 -49.500 -49.500
  -6.611 -49.500 -49.500
  -6.609 -49.500     NaN
  -6.607 -49.500 -49.500
  -6.605 -49.500 -49.500
  -6.603 -49.500 -49.500
  -6.602 -49.500 -49.500
  -6.600 -49.500 -49.500
  -6.598 -49.500 -49.500
  -6.596 -16.212 -16.212
  -6.594 -49.500 -49.500
