  -8.861 -13.993 -13.993
  -8.599 -14.130 -14.130
  -8.442 -14.270 -14.270
  -8.329 -14.284 -14.284
  -8.239 -14.342 -14.342
  -8.166 -14.341 -14.341
  -8.103 -14.372 -14.372
  -8.048 -14.580 -14.580
  -7.999 -14.612 -14.612
  -7.955 -14.621 -14.621
  -7.916 -14.432 -14.721
  -7.879 -14.716 -14.716
  -7.846 -14.720 -14.720
  -7.815 -14.898 -14.898
  -7.786 -14.785 -14.785
  -7.758 -15.043 -15.043
  -7.733 -14.887 -14.887
  -7.709 -14.888 -14.888
  -7.686 -14.928 -14.928
  -7.664 -14.954 -14.954
  -7.643 -15.059 -15.059
  -7.624 -14.970 -15.255
  -7.605 -15.219 -15.373
  -7.586 -14.703 -14.703
  -7.569 -14.966 -14.966
  -7.552 -15.023 -15.324
  -7.536 -15.436 -15.436
  -7.521 -14.642 -15.515
  -7.506 -14.669 -14.881
  -7.491 -15.208 -15.208
  -7.477 -14.570 -15.524
  -7.464 -15.465 -15.465
  -7.451 -15.670 -15.670
  -7.438 -14.428 -15.182
  -7.425 -15.630 -15.630
  -7.413 -14.852 -15.232
  -7.401 -15.232 -15.520
  -7.390 -14.951 -15.606
  -7.379 -15.517 -15.517
  -7.368 -15.586 -15.586
  -7.357 -15.350 -15.350
  -7.347 -15.353 -15.353
  -7.337 -15.463 -15.463
  -7.327 -15.246 -15.679
  -7.317 -14.877 -15.280
  -7.308 -14.845 -15.468
  -7.299 -14.925 -15.758
  -7.290 -15.578 -15.578
  -7.281 -15.816 -16.007
  -7.272 -15.458 -15.763
  -7.264 -15.932 -15.932
  -7.255 -15.582 -15.582
  -7.247 -15.321 -15.897
  -7.239 -15.369 -15.589
  -7.231 -15.848 -16.006
  -7.223 -15.645 -15.645
  -7.216 -15.898 -16.065
  -7.208 -15.963 -15.963
  -7.201 -15.599 -15.828
  -7.194 -15.567 -15.753
  -7.187 -15.845 -16.157
  -7.180 -14.924 -15.584
  -7.173 -16.065 -16.065
  -7.166 -15.014 -15.297
  -7.159 -15.876 -16.174
  -7.153 -15.784 -15.957
  -7.146 -15.167 -15.722
  -7.140 -16.025 -16.295
  -7.133 -15.904 -16.215
  -7.127 -16.110 -16.110
  -7.121 -16.208 -16.208
  -7.115 -15.952 -15.952
  -7.109 -15.778 -15.778
  -7.103 -16.327 -16.498
  -7.098 -15.771 -15.771
  -7.092 -16.097 -16.356
  -7.086 -16.216 -16.432
  -7.081 -16.218 -16.435
  -7.075 -15.189 -15.908
  -7.070 -15.811 -16.183
  -7.064 -15.771 -15.959
  -7.059 -16.429 -16.429
  -7.054 -15.162 -15.430
  -7.049 -16.273 -16.273
  -7.043 -16.749 -16.749
  -7.038 -16.273 -16.273
  -7.033 -16.127 -16.433
  -7.029 -16.185 -16.185
  -7.024 -16.554 -16.554
  -7.019 -15.458 -15.938
  -7.014 -15.529 -16.520
  -7.009 -16.508 -16.692
  -7.005 -16.649 -16.649
  -7.000 -16.667 -16.848
  -6.995 -16.351 -16.917
  -6.991 -15.331 -15.845
  -6.986 -15.911 -16.112
  -6.982 -15.849 -16.499
  -6.978 -16.442 -16.740
  -6.973 -15.718 -16.883
  -6.969 -15.846 -16.289
  -6.965 -16.731 -17.014
  -6.961 -14.876 -15.576
  -6.956 -15.763 -16.203
  -6.952 -15.735 -16.398
  -6.948 -16.747 -49.500
  -6.944 -15.013 -16.177
  -6.940 -16.845 -49.500
  -6.936 -16.621 -16.866
  -6.932 -16.074 -16.527
  -6.928 -15.952 -16.235
  -6.924 -15.802 -16.133
  -6.920 -15.648 -15.817
  -6.917 -16.481 -16.872
  -6.913 -15.516 -17.288
  -6.909 -16.453 -16.663
  -6.905 -16.937 -17.315
  -6.902 -15.126 -15.977
  -6.898 -16.313 -17.178
  -6.894 -16.848 -16.848
  -6.891 -15.789 -17.224
  -6.887 -14.777 -16.060
  -6.884 -16.456 -49.500
  -6.880 -16.199 -16.724
  -6.877 -49.500     NaN
  -6.873 -49.500 -49.500
  -6.870 -17.149 -49.500
  -6.867 -16.845 -49.500
  -6.863 -49.500     NaN
  -6.860 -16.716 -49.500
  -6.857 -16.414 -16.414
  -6.853 -16.272 -16.801
  -6.850 -49.500     NaN
  -6.847 -17.017 -49.500
  -6.844 -49.500     NaN
  -6.840 -16.489 -16.807
  -6.837 -16.114 -16.316
  -6.834 -17.320 -49.500
  -6.831 -49.500     NaN
  -6.828 -17.312 -49.500
  -6.825 -49.500     NaN
  -6.822 -16.191 -16.191
  -6.819 -16.740 -49.500
  -6.816 -49.500     NaN
  -6.813 -15.989 -49.500
  -6.810 -49.500     NaN
  -6.807 -16.235 -16.458
  -6.804 -49.500     NaN
  -6.801 -16.691 -49.500
  -6.798 -49.500     NaN
  -6.795 -49.500     NaN
  -6.792 -49.500     NaN
  -6.789 -16.871 -49.500
  -6.787 -15.421 -17.216
  -6.784 -16.957 -49.500
  -6.781 -15.735 -15.735
  -6.778 -49.500 -49.500
  -6.775 -16.555 -16.555
  -6.773 -49.500     NaN
  -6.770 -49.500     NaN
  -6.767 -49.500 -49.500
  -6.765 -16.768 -16.768
  -6.762 -16.818 -16.818
  -6.759 -49.500     NaN
  -6.757 -17.072 -49.500
  -6.754 -49.500     NaN
  -6.751 -49.500 -49.500
  -6.749 -16.238 -49.500
  -6.746 -16.140 -16.332
  -6.744 -49.500 -49.500
  -6.741 -49.500 -49.500
  -6.739 -16.935 -49.500
  -6.736 -49.500     NaN
  -6.734 -16.677 -49.500
  -6.731 -16.485 -49.500
  -6.729 -49.500 -49.500
  -6.726 -49.500 -49.500
  -6.724 -15.629 -16.747
  -6.721 -16.796 -16.796
  -6.719 -49.500     NaN
  -6.717 -16.422 -49.500
  -6.714 -15.369 -49.500
  -6.712 -49.500 -49.500
  -6.709 -49.500 -49.500
  -6.707 -49.500 -49.500
  -6.705 -49.500 -49.500
  -6.702 -49.500 -49.500
  -6.700 -49.500 -49.500
  -6.698 -49.500     NaN
  -6.696 -17.180 -49.500
  -6.693 -49.500 -49.500
  -6.691 -49.500 -49.500
  -6.689 -49.500 -49.500
  -6.687 -49.500 -49.500
  -6.684 -49.500 -49.500
  -6.682 -49.500 -49.500
  -6.680 -49.500 -49.500
  -6.678 -17.337 -17.337
  -6.675 -16.999 -49.500
  -6.673 -49.500 -49.500
  -6.671 -49.500 -49.500
  -6.669 -49.500 -49.500
  -6.667 -16.380 -16.380
  -6.665 -16.503 -16.503
  -6.663 -16.284 -49.500
  -6.661 -49.500     NaN
  -6.658 -49.500     NaN
  -6.656 -49.500 -49.500
  -6.654 -49.500 -49.500
  -6.652 -16.740 -49.500
  -6.650 -49.500 -49.500
  -6.648 -49.500 -49.500
  -6.646 -49.500     NaN
  -6.644 -49.500 -49.500
  -6.642 -49.500 -49.500
  -6.640 -49.500 -49.500
  -6.638 -49.500     NaN
  -6.636 -49.500 -49.500
  -6.634 -49.500 -49.500
  -6.632 -49.500 -49.500
  -6.630 -49.500 -49.500
  -6.628 -49.500 -49.500
  -6.626 -49.500 -49.500
  -6.624 -49.500     NaN
  -6.622 -15.791 -15.791
  -6.620 -49.500 -49.500
  -6.618 -49.500 -49.500
  -6.617 -49.500 -49.500
  -6.615 -49.500 -49.500
  -6.613 -49.500 -49.500
  -6.611 -49.500 -49.500
  -6.609 -49.500 -49.500
  -6.607 -49.500 -49.500
  -6.605 -49.500 -49.500
  -6.603 -49.500 -49.500
  -6.602 -49.500 -49.500
  -6.600 -49.500 -49.500
  -6.598 -49.500 -49.500
  -6.596 -49.500 -49.500
  -6.594 -49.500 -49.500
