  -8.861 -13.875 -13.875
  -8.599 -14.106 -14.106
  -8.442 -13.905 -14.136
  -8.329 -14.131 -14.131
  -8.239 -14.308 -14.308
  -8.166 -14.260 -14.484
  -8.103 -14.314 -14.314
  -8.048 -14.327 -14.327
  -7.999 -14.513 -14.513
  -7.955 -14.562 -14.562
  -7.916 -14.736 -14.736
  -7.879 -14.840 -14.840
  -7.846 -14.755 -14.755
  -7.815 -14.743 -14.743
  -7.786 -14.755 -14.912
  -7.758 -14.612 -14.829
  -7.733 -14.643 -14.643
  -7.709 -14.864 -15.039
  -7.686 -14.113 -14.930
  -7.664 -15.043 -15.043
  -7.643 -14.703 -14.901
  -7.624 -15.178 -15.178
  -7.605 -15.055 -15.055
  -7.586 -15.164 -15.164
  -7.569 -14.627 -15.030
  -7.552 -15.124 -15.124
  -7.536 -14.986 -14.986
  -7.521 -15.255 -15.255
  -7.506 -15.295 -15.295
  -7.491 -15.112 -15.432
  -7.477 -15.105 -15.369
  -7.464 -15.409 -15.409
  -7.451 -15.264 -15.519
  -7.438 -15.224 -15.224
  -7.425 -14.502 -15.246
  -7.413 -15.151 -15.481
  -7.401 -15.176 -15.482
  -7.390 -15.417 -15.623
  -7.379 -15.060 -15.435
  -7.368 -15.569 -15.742
  -7.357 -15.353 -15.353
  -7.347 -15.191 -15.603
  -7.337 -15.744 -15.929
  -7.327 -15.665 -15.665
  -7.317 -15.221 -15.221
  -7.308 -15.136 -15.360
  -7.299 -15.380 -15.380
  -7.290 -16.155 -16.155
  -7.281 -15.356 -15.706
  -7.272 -15.356 -15.356
  -7.264 -15.740 -15.740
  -7.255 -15.796 -16.093
  -7.247 -15.574 -15.849
  -7.239 -15.354 -15.860
  -7.231 -15.496 -16.008
  -7.223 -16.023 -16.023
  -7.216 -15.138 -16.300
  -7.208 -15.684 -15.921
  -7.201 -15.638 -16.062
  -7.194 -16.425 -16.766
  -7.187 -15.919 -15.919
  -7.180 -15.433 -15.772
  -7.173 -14.778 -15.887
  -7.166 -16.275 -16.275
  -7.159 -15.976 -16.140
  -7.153 -15.771 -15.771
  -7.146 -15.341 -15.895
  -7.140 -16.251 -16.251
  -7.133 -15.961 -15.961
  -7.127 -15.944 -16.115
  -7.121 -14.497 -15.906
  -7.115 -15.864 -16.110
  -7.109 -15.266 -16.445
  -7.103 -15.967 -16.228
  -7.098 -15.110 -15.891
  -7.092 -14.922 -15.943
  -7.086 -15.974 -16.185
  -7.081 -16.296 -16.296
  -7.075 -16.501 -16.501
  -7.070 -16.055 -16.350
  -7.064 -16.169 -16.439
  -7.059 -15.356 -16.130
  -7.054 -16.143 -16.376
  -7.049 -16.327 -16.327
  -7.043 -16.404 -16.557
  -7.038 -16.563 -16.563
  -7.033 -16.127 -16.394
  -7.029 -16.086 -16.685
  -7.024 -15.685 -16.695
  -7.019 -14.273 -16.668
  -7.014 -16.090 -16.329
  -7.009 -16.309 -16.937
  -7.005 -16.259 -16.438
  -7.000 -16.693 -16.855
  -6.995 -15.667 -16.345
  -6.991 -16.142 -16.142
  -6.986 -15.360 -15.716
  -6.982 -15.979 -15.979
  -6.978 -15.613 -16.033
  -6.973 -16.244 -17.133
  -6.969 -15.659 -16.463
  -6.965 -16.344 -16.691
  -6.961 -16.132 -16.513
  -6.956 -16.579 -16.579
  -6.952 -16.643 -16.643
  -6.948 -16.140 -16.685
  -6.944 -15.523 -16.634
  -6.940 -16.467 -16.696
  -6.936 -16.758 -49.500
  -6.932 -49.500     NaN
  -6.928 -16.616 -16.931
  -6.924 -15.784 -16.341
  -6.920 -15.113 -16.282
  -6.917 -15.903 -16.096
  -6.913 -15.958 -17.223
  -6.909 -15.761 -49.500
  -6.905 -49.500 -49.500
  -6.902 -16.904 -17.057
  -6.898 -15.314 -16.300
  -6.894 -14.640 -16.836
  -6.891 -15.722 -16.083
  -6.887 -16.945 -17.164
  -6.884 -15.850 -17.208
  -6.880 -49.500     NaN
  -6.877 -16.992 -49.500
  -6.873 -16.664 -49.500
  -6.870 -16.328 -49.500
  -6.867 -15.265 -16.883
  -6.863 -49.500     NaN
  -6.860 -16.882 -49.500
  -6.857 -16.963 -49.500
  -6.853 -49.500 -49.500
  -6.850 -15.757 -16.317
  -6.847 -15.797 -49.500
  -6.844 -15.920 -49.500
  -6.840 -49.500     NaN
  -6.837 -17.038 -17.310
  -6.834 -15.765 -49.500
  -6.831 -16.208 -16.794
  -6.828 -16.732 -49.500
  -6.825 -16.836 -49.500
  -6.822 -49.500     NaN
  -6.819 -15.324 -49.500
  -6.816 -49.500     NaN
  -6.813 -49.500     NaN
  -6.810 -16.581 -16.581
  -6.807 -49.500     NaN
  -6.804 -16.301 -49.500
  -6.801 -16.877 -49.500
  -6.798 -49.500     NaN
  -6.795 -16.207 -16.701
  -6.792 -15.515 -16.777
  -6.789 -16.319 -49.500
  -6.787 -49.500     NaN
  -6.784 -16.484 -17.054
  -6.781 -49.500     NaN
  -6.778 -16.722 -49.500
  -6.775 -15.637 -17.063
  -6.773 -16.430 -16.430
  -6.770 -49.500     NaN
  -6.767 -16.154 -16.897
  -6.765 -49.500 -49.500
  -6.762 -49.500 -49.500
  -6.759 -49.500     NaN
  -6.757 -16.344 -16.604
  -6.754 -16.609 -49.500
  -6.751 -16.904 -49.500
  -6.749 -49.500     NaN
  -6.746 -49.500     NaN
  -6.744 -16.566 -49.500
  -6.741 -49.500 -49.500
  -6.739 -49.500 -49.500
  -6.736 -16.701 -49.500
  -6.734 -16.087 -16.087
  -6.731 -16.912 -49.500
  -6.729 -16.200 -49.500
  -6.726 -16.593 -49.500
  -6.724 -49.500     NaN
  -6.721 -49.500 -49.500
  -6.719 -49.500 -49.500
  -6.717 -49.500     NaN
  -6.714 -49.500 -49.500
  -6.712 -16.140 -49.500
  -6.709 -16.570 -16.570
  -6.707 -49.500 -49.500
  -6.705 -49.500 -49.500
  -6.702 -16.927 -16.927
  -6.700 -49.500 -49.500
  -6.698 -49.500     NaN
  -6.696 -16.611 -16.611
  -6.693 -49.500 -49.500
  -6.691 -49.500 -49.500
  -6.689 -16.296 -16.915
  -6.687 -49.500 -49.500
  -6.684 -49.500 -49.500
  -6.682 -15.646 -15.646
  -6.680 -49.500 -49.500
  -6.678 -49.500 -49.500
  -6.675 -49.500 -49.500
  -6.673 -49.500 -49.500
  -6.671 -16.501 -16.501
  -6.669 -49.500 -49.500
  -6.667 -49.500 -49.500
  -6.665 -16.776 -16.776
  -6.663 -16.984 -49.500
  -6.661 -49.500     NaN
  -6.658 -49.500 -49.500
  -6.656 -49.500 -49.500
  -6.654 -49.500     NaN
  -6.652 -49.500 -49.500
  -6.650 -49.500 -49.500
  -6.648 -16.361 -16.361
  -6.646 -49.500 -49.500
  -6.644 -49.500     NaN
  -6.642 -49.500     NaN
  -6.640 -49.500     NaN
  -6.638 -49.500 -49.500
  -6.636 -49.500 -49.500
  -6.634 -49.500 -49.500
  -6.632 -49.500 -49.500
  -6.630 -49.500 -49.500
  -6.628 -49.500 -49.500
  -6.626 -49.500 -49.500
  -6.624 -49.500 -49.500
  -6.622 -49.500 -49.500
  -6.620 -49.500 -49.500
  -6.618 -49.500 -49.500
  -6.617 -49.500 -49.500
  -6.615 -49.500 -49.500
  -6.613 -49.500 -49.500
  -6.611 -49.500     NaN
  -6.609 -49.500 -49.500
  -6.607 -49.500 -49.500
  -6.605 -49.500 -49.500
  -6.603 -49.500 -49.500
  -6.602 -49.500 -49.500
  -6.600 -49.500 -49.500
  -6.598 -49.500 -49.500
  -6.596 -49.500 -49.500
  -6.594 -49.500 -49.500
