  -8.861 -13.941 -13.941
  -8.599 -14.129 -14.129
  -8.442 -14.271 -14.271
  -8.329 -14.184 -14.184
  -8.239 -14.363 -14.363
  -8.166 -14.208 -14.360
  -8.103 -14.508 -14.508
  -8.048 -14.563 -14.563
  -7.999 -14.482 -14.482
  -7.955 -14.510 -14.510
  -7.916 -14.593 -14.593
  -7.879 -14.385 -14.884
  -7.846 -14.692 -14.692
  -7.815 -14.937 -14.937
  -7.786 -14.761 -14.761
  -7.758 -14.971 -14.971
  -7.733 -14.556 -14.750
  -7.709 -14.874 -15.050
  -7.686 -15.072 -15.072
  -7.664 -14.784 -15.016
  -7.643 -15.008 -15.008
  -7.624 -15.298 -15.298
  -7.605 -15.083 -15.083
  -7.586 -14.238 -14.758
  -7.569 -15.009 -15.009
  -7.552 -15.402 -15.402
  -7.536 -15.299 -15.299
  -7.521 -15.067 -15.067
  -7.506 -15.162 -15.162
  -7.491 -15.260 -15.439
  -7.477 -14.891 -15.133
  -7.464 -15.206 -15.206
  -7.451 -15.410 -15.410
  -7.438 -15.266 -15.668
  -7.425 -15.764 -15.764
  -7.413 -15.630 -15.630
  -7.401 -15.395 -15.579
  -7.390 -15.321 -15.491
  -7.379 -15.024 -15.024
  -7.368 -15.839 -15.839
  -7.357 -15.482 -15.482
  -7.347 -15.140 -15.454
  -7.337 -15.419 -15.581
  -7.327 -15.281 -15.480
  -7.317 -14.553 -15.874
  -7.308 -15.202 -15.511
  -7.299 -15.570 -15.570
  -7.290 -15.136 -15.136
  -7.281 -15.574 -15.894
  -7.272 -15.542 -15.963
  -7.264 -16.088 -16.274
  -7.255 -15.619 -15.797
  -7.247 -15.304 -15.460
  -7.239 -15.833 -15.833
  -7.231 -15.323 -15.323
  -7.223 -15.810 -15.810
  -7.216 -15.396 -15.599
  -7.208 -15.597 -15.843
  -7.201 -15.861 -15.861
  -7.194 -15.190 -15.902
  -7.187 -15.977 -15.977
  -7.180 -16.159 -16.320
  -7.173 -16.208 -16.466
  -7.166 -15.885 -16.159
  -7.159 -15.918 -16.252
  -7.153 -16.006 -16.362
  -7.146 -16.390 -16.547
  -7.140 -15.319 -15.962
  -7.133 -15.509 -16.137
  -7.127 -16.493 -16.493
  -7.121 -15.621 -16.442
  -7.115 -16.209 -16.209
  -7.109 -16.216 -16.461
  -7.103 -15.597 -15.855
  -7.098 -16.126 -16.126
  -7.092 -16.485 -16.485
  -7.086 -16.141 -16.738
  -7.081 -16.085 -16.332
  -7.075 -16.130 -16.319
  -7.070 -15.108 -16.214
  -7.064 -16.152 -16.446
  -7.059 -15.504 -16.360
  -7.054 -16.322 -16.322
  -7.049 -16.313 -16.487
  -7.043 -16.110 -16.545
  -7.038 -16.009 -16.202
  -7.033 -15.864 -16.891
  -7.029 -16.642 -16.642
  -7.024 -16.056 -16.056
  -7.019 -15.199 -49.500
  -7.014 -16.257 -16.630
  -7.009 -16.451 -16.451
  -7.005 -15.850 -15.850
  -7.000 -16.547 -16.761
  -6.995 -16.154 -16.341
  -6.991 -16.051 -16.427
  -6.986 -16.731 -17.370
  -6.982 -16.888 -16.888
  -6.978 -16.512 -49.500
  -6.973 -16.976 -22.500
  -6.969 -16.498 -17.238
  -6.965 -49.500     NaN
  -6.961 -14.966 -16.004
  -6.956 -16.251 -16.562
  -6.952 -16.356 -16.630
  -6.948 -16.678 -17.093
  -6.944 -16.152 -16.487
  -6.940 -16.406 -16.406
  -6.936 -15.600 -16.684
  -6.932 -15.819 -16.042
  -6.928 -16.885 -49.500
  -6.924 -16.482 -17.204
  -6.920 -15.942 -16.613
  -6.917 -14.705 -16.502
  -6.913 -16.076 -16.629
  -6.909 -16.956 -49.500
  -6.905 -16.247 -16.247
  -6.902 -16.279 -16.544
  -6.898 -16.668 -16.986
  -6.894 -17.140 -17.312
  -6.891 -16.466 -16.466
  -6.887 -15.899 -16.358
  -6.884 -16.410 -16.830
  -6.880 -16.907 -49.500
  -6.877 -16.622 -16.834
  -6.873 -16.723 -16.913
  -6.870 -17.127 -49.500
  -6.867 -49.500     NaN
  -6.863 -49.500 -49.500
  -6.860 -16.661 -16.874
  -6.857 -49.500     NaN
  -6.853 -15.144 -15.792
  -6.850 -49.500     NaN
  -6.847 -49.500     NaN
  -6.844 -49.500     NaN
  -6.840 -16.523 -16.886
  -6.837 -49.500     NaN
  -6.834 -16.664 -49.500
  -6.831 -15.832 -15.832
  -6.828 -49.500 -49.500
  -6.825 -15.389 -16.693
  -6.822 -15.509 -15.666
  -6.819 -17.089 -49.500
  -6.816 -49.500     NaN
  -6.813 -15.731 -16.730
  -6.810 -49.500     NaN
  -6.807 -16.839 -49.500
  -6.804 -49.500     NaN
  -6.801 -16.794 -49.500
  -6.798 -16.728 -49.500
  -6.795 -49.500     NaN
  -6.792 -15.637 -49.500
  -6.789 -49.500     NaN
  -6.787 -49.500     NaN
  -6.784 -49.500     NaN
  -6.781 -16.425 -16.425
  -6.778 -16.251 -49.500
  -6.775 -15.523 -16.231
  -6.773 -16.271 -16.961
  -6.770 -49.500 -49.500
  -6.767 -16.442 -49.500
  -6.765 -49.500     NaN
  -6.762 -49.500 -49.500
  -6.759 -49.500     NaN
  -6.757 -15.210 -15.210
  -6.754 -49.500     NaN
  -6.751 -16.608 -49.500
  -6.749 -15.569 -16.636
  -6.746 -49.500 -49.500
  -6.744 -49.500 -49.500
  -6.741 -49.500 -49.500
  -6.739 -49.500     NaN
  -6.736 -49.500     NaN
  -6.734 -49.500     NaN
  -6.731 -49.500 -49.500
  -6.729 -16.353 -16.353
  -6.726 -49.500 -49.500
  -6.724 -16.471 -49.500
  -6.721 -49.500 -49.500
  -6.719 -49.500     NaN
  -6.717 -49.500 -49.500
  -6.714 -49.500 -49.500
  -6.712 -49.500     NaN
  -6.709 -49.500 -49.500
  -6.707 -49.500 -49.500
  -6.705 -49.500 -49.500
  -6.702 -49.500 -49.500
  -6.700 -49.500 -49.500
  -6.698 -49.500 -49.500
  -6.696 -49.500 -49.500
  -6.693 -49.500 -49.500
  -6.691 -17.130 -17.130
  -6.689 -16.578 -49.500
  -6.687 -16.376 -49.500
  -6.684 -16.344 -49.500
  -6.682 -16.637 -16.637
  -6.680 -49.500     NaN
  -6.678 -49.500 -49.500
  -6.675 -49.500 -49.500
  -6.673 -16.240 -49.500
  -6.671 -49.500     NaN
  -6.669 -16.739 -49.500
  -6.667 -49.500 -49.500
  -6.665 -49.500 -49.500
  -6.663 -49.500     NaN
  -6.661 -49.500 -49.500
  -6.658 -49.500 -49.500
  -6.656 -49.500 -49.500
  -6.654 -49.500 -49.500
  -6.652 -16.657 -16.657
  -6.650 -49.500 -49.500
  -6.648 -49.500 -49.500
  -6.646 -49.500 -49.500
  -6.644 -16.774 -49.500
  -6.642 -49.500 -49.500
  -6.640 -16.223 -16.223
  -6.638 -49.500     NaN
  -6.636 -16.447 -16.447
  -6.634 -49.500 -49.500
  -6.632 -16.364 -49.500
  -6.630 -15.956 -15.956
  -6.628 -49.500 -49.500
  -6.626 -49.500 -49.500
  -6.624 -49.500 -49.500
  -6.622 -49.500 -49.500
  -6.620 -49.500 -49.500
  -6.618 -49.500 -49.500
  -6.617 -49.500 -49.500
  -6.615 -49.500 -49.500
  -6.613 -49.500 -49.500
  -6.611 -49.500 -49.500
  -6.609 -49.500 -49.500
  -6.607 -49.500 -49.500
  -6.605 -15.920 -49.500
  -6.603 -49.500 -49.500
  -6.602 -16.312 -49.500
  -6.600 -49.500 -49.500
  -6.598 -49.500 -49.500
  -6.596 -49.500 -49.500
  -6.594 -49.500 -49.500
