  -8.861 -13.977 -13.977
  -8.599 -14.058 -14.058
  -8.442 -14.225 -14.225
  -8.329 -14.344 -14.344
  -8.239 -14.410 -14.410
  -8.166 -14.410 -14.410
  -8.103 -14.392 -14.606
  -8.048 -14.507 -14.507
  -7.999 -14.557 -14.557
  -7.955 -14.631 -14.631
  -7.916 -14.621 -14.621
  -7.879 -14.624 -14.801
  -7.846 -14.807 -14.807
  -7.815 -14.702 -14.702
  -7.786 -14.820 -14.820
  -7.758 -14.888 -14.888
  -7.733 -15.042 -15.042
  -7.709 -14.969 -14.969
  -7.686 -14.841 -15.059
  -7.664 -14.834 -14.834
  -7.643 -15.084 -15.084
  -7.624 -14.915 -14.915
  -7.605 -14.988 -14.988
  -7.586 -15.059 -15.059
  -7.569 -14.855 -15.155
  -7.552 -14.529 -15.087
  -7.536 -14.942 -14.942
  -7.521 -14.941 -15.125
  -7.506 -14.653 -14.984
  -7.491 -15.130 -15.469
  -7.477 -15.446 -15.446
  -7.464 -15.275 -15.442
  -7.451 -15.637 -15.637
  -7.438 -14.637 -15.588
  -7.425 -15.369 -15.369
  -7.413 -15.337 -15.337
  -7.401 -14.800 -14.800
  -7.390 -15.462 -15.462
  -7.379 -15.581 -15.581
  -7.368 -15.297 -15.875
  -7.357 -15.276 -15.653
  -7.347 -15.068 -15.281
  -7.337 -15.440 -15.831
  -7.327 -15.251 -15.705
  -7.317 -15.840 -15.840
  -7.308 -15.556 -15.818
  -7.299 -15.618 -15.790
  -7.290 -15.241 -15.463
  -7.281 -15.919 -15.919
  -7.272 -15.546 -15.864
  -7.264 -15.706 -15.706
  -7.255 -15.744 -15.744
  -7.247 -16.092 -16.092
  -7.239 -16.114 -16.114
  -7.231 -15.516 -15.870
  -7.223 -15.380 -15.876
  -7.216 -16.149 -16.149
  -7.208 -15.067 -15.807
  -7.201 -14.889 -15.774
  -7.194 -15.293 -15.750
  -7.187 -15.896 -16.316
  -7.180 -15.780 -16.320
  -7.173 -16.060 -16.238
  -7.166 -15.569 -15.803
  -7.159 -14.404 -15.479
  -7.153 -16.004 -16.004
  -7.146 -15.460 -16.141
  -7.140 -16.009 -16.261
  -7.133 -16.061 -16.061
  -7.127 -15.833 -16.188
  -7.121 -15.513 -15.985
  -7.115 -14.909 -15.785
  -7.109 -15.696 -16.041
  -7.103 -15.849 -15.849
  -7.098 -15.847 -16.544
  -7.092 -16.062 -16.291
  -7.086 -15.215 -16.296
  -7.081 -15.802 -16.538
  -7.075 -15.337 -16.461
  -7.070 -16.143 -17.331
  -7.064 -14.911 -15.955
  -7.059 -15.823 -16.202
  -7.054 -15.609 -16.298
  -7.049 -16.632 -16.787
  -7.043 -15.950 -16.457
  -7.038 -15.658 -15.842
  -7.033 -16.441 -16.968
  -7.029 -16.363 -16.524
  -7.024 -15.359 -16.465
  -7.019 -16.003 -16.003
  -7.014 -16.553 -16.819
  -7.009 -14.643 -16.316
  -7.005 -16.234 -16.503
  -7.000 -15.262 -16.213
  -6.995 -16.192 -16.192
  -6.991 -16.136 -16.886
  -6.986 -16.809 -22.714
  -6.982 -16.214 -16.433
  -6.978 -15.880 -16.309
  -6.973 -17.059 -17.282
  -6.969 -16.102 -16.879
  -6.965 -15.681 -16.164
  -6.961 -16.283 -16.610
  -6.956 -16.042 -17.161
  -6.952 -17.010 -49.500
  -6.948 -49.500     NaN
  -6.944 -16.528 -17.121
  -6.940 -16.498 -16.865
  -6.936 -16.654 -22.856
  -6.932 -15.493 -16.407
  -6.928 -15.145 -16.362
  -6.924 -16.820 -49.500
  -6.920 -16.075 -23.110
  -6.917 -16.971 -17.147
  -6.913 -15.901 -16.336
  -6.909 -16.525 -16.937
  -6.905 -17.027 -17.289
  -6.902 -16.547 -49.500
  -6.898 -16.027 -16.634
  -6.894 -49.500     NaN
  -6.891 -49.500 -49.500
  -6.887 -16.626 -16.871
  -6.884 -15.277 -16.278
  -6.880 -16.219 -17.182
  -6.877 -15.068 -17.426
  -6.873 -16.462 -49.500
  -6.870 -16.353 -16.530
  -6.867 -49.500     NaN
  -6.863 -15.726 -49.500
  -6.860 -16.118 -16.366
  -6.857 -15.021 -49.500
  -6.853 -17.172 -49.500
  -6.850 -16.580 -49.500
  -6.847 -17.050 -49.500
  -6.844 -16.670 -49.500
  -6.840 -16.505 -49.500
  -6.837 -16.579 -49.500
  -6.834 -17.359 -49.500
  -6.831 -16.685 -49.500
  -6.828 -16.780 -49.500
  -6.825 -16.339 -49.500
  -6.822 -49.500     NaN
  -6.819 -15.979 -16.693
  -6.816 -16.223 -16.921
  -6.813 -49.500 -49.500
  -6.810 -49.500     NaN
  -6.807 -15.195 -16.592
  -6.804 -49.500     NaN
  -6.801 -17.443 -49.500
  -6.798 -49.500     NaN
  -6.795 -15.952 -49.500
  -6.792 -16.585 -16.585
  -6.789 -16.552 -49.500
  -6.787 -16.667 -49.500
  -6.784 -49.500 -49.500
  -6.781 -49.500     NaN
  -6.778 -49.500 -49.500
  -6.775 -16.136 -16.794
  -6.773 -16.706 -49.500
  -6.770 -17.025 -49.500
  -6.767 -17.054 -49.500
  -6.765 -49.500 -49.500
  -6.762 -16.737 -49.500
  -6.759 -49.500     NaN
  -6.757 -16.728 -49.500
  -6.754 -16.967 -49.500
  -6.751 -49.500     NaN
  -6.749 -16.676 -16.676
  -6.746 -49.500     NaN
  -6.744 -16.616 -16.775
  -6.741 -49.500     NaN
  -6.739 -49.500 -49.500
  -6.736 -49.500     NaN
  -6.734 -49.500 -49.500
  -6.731 -15.742 -15.742
  -6.729 -49.500     NaN
  -6.726 -49.500 -49.500
  -6.724 -17.078 -49.500
  -6.721 -16.600 -16.600
  -6.719 -49.500 -49.500
  -6.717 -16.987 -49.500
  -6.714 -49.500 -49.500
  -6.712 -15.911 -15.911
  -6.709 -16.833 -49.500
  -6.707 -49.500     NaN
  -6.705 -49.500 -49.500
  -6.702 -49.500 -49.500
  -6.700 -49.500 -49.500
  -6.698 -16.628 -49.500
  -6.696 -49.500 -49.500
  -6.693 -49.500 -49.500
  -6.691 -16.463 -49.500
  -6.689 -49.500 -49.500
  -6.687 -16.454 -49.500
  -6.684 -49.500 -49.500
  -6.682 -49.500 -49.500
  -6.680 -49.500 -49.500
  -6.678 -49.500 -49.500
  -6.675 -49.500 -49.500
  -6.673 -16.336 -16.336
  -6.671 -49.500 -49.500
  -6.669 -16.650 -16.650
  -6.667 -49.500 -49.500
  -6.665 -16.062 -49.500
  -6.663 -49.500 -49.500
  -6.661 -49.500 -49.500
  -6.658 -49.500     NaN
  -6.656 -49.500 -49.500
  -6.654 -49.500 -49.500
  -6.652 -49.500     NaN
  -6.650 -49.500 -49.500
  -6.648 -49.500     NaN
  -6.646 -49.500 -49.500
  -6.644 -49.500 -49.500
  -6.642 -49.500 -49.500
  -6.640 -49.500     NaN
  -6.638 -49.500     NaN
  -6.636 -16.596 -16.596
  -6.634 -49.500     NaN
  -6.632 -49.500 -49.500
  -6.630 -49.500 -49.500
  -6.628 -49.500 -49.500
  -6.626 -49.500 -49.500
  -6.624 -49.500 -49.500
  -6.622 -49.500 -49.500
  -6.620 -16.854 -16.854
  -6.618 -49.500 -49.500
  -6.617 -49.500 -49.500
  -6.615 -49.500 -49.500
  -6.613 -49.500 -49.500
  -6.611 -16.277 -49.500
  -6.609 -49.500 -49.500
  -6.607 -16.385 -16.385
  -6.605 -49.500 -49.500
  -6.603 -49.500 -49.500
  -6.602 -49.500 -49.500
  -6.600 -49.500     NaN
  -6.598 -49.500 -49.500
  -6.596 -15.655 -15.655
  -6.594 -49.500 -49.500
