  -8.861 -14.009 -14.009
  -8.599 -14.157 -14.157
  -8.442 -14.155 -14.155
  -8.329 -14.200 -14.200
  -8.239 -14.401 -14.401
  -8.166 -14.136 -14.476
  -8.103 -14.217 -14.217
  -8.048 -14.541 -14.541
  -7.999 -14.647 -14.647
  -7.955 -14.484 -14.739
  -7.916 -14.705 -14.705
  -7.879 -14.430 -14.655
  -7.846 -14.761 -14.761
  -7.815 -14.648 -14.844
  -7.786 -14.620 -14.825
  -7.758 -14.582 -14.957
  -7.733 -14.985 -14.985
  -7.709 -14.874 -14.874
  -7.686 -14.730 -14.906
  -7.664 -14.862 -14.862
  -7.643 -14.905 -14.905
  -7.624 -14.720 -15.110
  -7.605 -14.652 -14.901
  -7.586 -15.205 -15.205
  -7.569 -14.774 -14.990
  -7.552 -15.257 -15.257
  -7.536 -15.144 -15.301
  -7.521 -15.117 -15.117
  -7.506 -14.780 -15.050
  -7.491 -15.484 -15.484
  -7.477 -15.239 -15.239
  -7.464 -15.234 -15.488
  -7.451 -15.329 -15.329
  -7.438 -14.793 -15.059
  -7.425 -14.718 -15.568
  -7.413 -15.447 -15.447
  -7.401 -15.689 -15.689
  -7.390 -15.470 -15.756
  -7.379 -15.565 -15.565
  -7.368 -15.522 -15.695
  -7.357 -15.688 -15.688
  -7.347 -15.415 -15.892
  -7.337 -15.113 -15.630
  -7.327 -15.271 -15.271
  -7.317 -15.238 -15.459
  -7.308 -15.439 -15.736
  -7.299 -15.437 -15.639
  -7.290 -15.341 -15.543
  -7.281 -14.235 -15.718
  -7.272 -15.540 -15.540
  -7.264 -15.771 -15.771
  -7.255 -15.860 -16.048
  -7.247 -15.567 -15.748
  -7.239 -15.712 -15.896
  -7.231 -15.487 -16.096
  -7.223 -15.379 -15.642
  -7.216 -15.694 -15.694
  -7.208 -15.808 -16.269
  -7.201 -15.056 -15.469
  -7.194 -15.627 -15.805
  -7.187 -15.615 -15.615
  -7.180 -15.497 -15.497
  -7.173 -16.063 -16.386
  -7.166 -15.780 -16.143
  -7.159 -16.107 -16.107
  -7.153 -15.743 -15.914
  -7.146 -15.808 -16.169
  -7.140 -15.314 -16.126
  -7.133 -15.919 -16.407
  -7.127 -16.556 -16.781
  -7.121 -15.976 -16.220
  -7.115 -16.117 -16.117
  -7.109 -15.858 -16.128
  -7.103 -15.479 -16.256
  -7.098 -16.002 -16.550
  -7.092 -15.560 -16.308
  -7.086 -15.042 -15.215
  -7.081 -16.258 -16.568
  -7.075 -16.189 -16.420
  -7.070 -15.923 -15.923
  -7.064 -15.997 -15.997
  -7.059 -15.504 -15.668
  -7.054 -15.946 -16.955
  -7.049 -16.173 -16.173
  -7.043 -15.984 -15.984
  -7.038 -16.030 -16.030
  -7.033 -16.252 -16.612
  -7.029 -16.539 -16.694
  -7.024 -16.517 -16.876
  -7.019 -15.442 -15.616
  -7.014 -15.938 -16.432
  -7.009 -15.599 -16.111
  -7.005 -16.340 -16.504
  -7.000 -16.780 -16.780
  -6.995 -15.869 -16.277
  -6.991 -16.421 -16.588
  -6.986 -15.217 -15.597
  -6.982 -16.434 -16.855
  -6.978 -16.597 -16.597
  -6.973 -16.187 -16.578
  -6.969 -15.976 -16.312
  -6.965 -16.793 -16.971
  -6.961 -16.351 -16.546
  -6.956 -14.326 -16.158
  -6.952 -16.055 -16.762
  -6.948 -15.957 -16.223
  -6.944 -16.634 -16.634
  -6.940 -16.780 -17.035
  -6.936 -16.326 -17.021
  -6.932 -16.779 -22.226
  -6.928 -17.292 -49.500
  -6.924 -49.500     NaN
  -6.920 -17.274 -49.500
  -6.917 -16.360 -16.360
  -6.913 -16.122 -16.543
  -6.909 -14.921 -16.562
  -6.905 -16.616 -22.660
  -6.902 -15.568 -16.100
  -6.898 -49.500     NaN
  -6.894 -16.182 -49.500
  -6.891 -16.869 -49.500
  -6.887 -16.887 -49.500
  -6.884 -16.175 -49.500
  -6.880 -49.500     NaN
  -6.877 -16.579 -49.500
  -6.873 -16.325 -49.500
  -6.870 -16.350 -49.500
  -6.867 -16.871 -49.500
  -6.863 -49.500     NaN
  -6.860 -16.596 -49.500
  -6.857 -49.500     NaN
  -6.853 -17.307 -49.500
  -6.850 -16.970 -49.500
  -6.847 -16.766 -49.500
  -6.844 -17.017 -49.500
  -6.840 -16.735 -16.923
  -6.837 -16.326 -16.326
  -6.834 -16.128 -16.632
  -6.831 -49.500 -49.500
  -6.828 -16.444 -49.500
  -6.825 -49.500     NaN
  -6.822 -15.520 -15.878
  -6.819 -16.481 -49.500
  -6.816 -49.500     NaN
  -6.813 -16.589 -49.500
  -6.810 -16.119 -49.500
  -6.807 -49.500     NaN
  -6.804 -17.089 -49.500
  -6.801 -16.888 -49.500
  -6.798 -49.500     NaN
  -6.795 -16.027 -49.500
  -6.792 -17.006 -49.500
  -6.789 -49.500     NaN
  -6.787 -49.500     NaN
  -6.784 -16.435 -16.789
  -6.781 -49.500 -49.500
  -6.778 -49.500     NaN
  -6.775 -16.047 -17.161
  -6.773 -49.500     NaN
  -6.770 -49.500     NaN
  -6.767 -16.408 -16.408
  -6.765 -16.730 -49.500
  -6.762 -16.587 -49.500
  -6.759 -16.372 -16.645
  -6.757 -49.500 -49.500
  -6.754 -16.387 -49.500
  -6.751 -49.500 -49.500
  -6.749 -16.546 -49.500
  -6.746 -16.740 -49.500
  -6.744 -49.500 -49.500
  -6.741 -49.500 -49.500
  -6.739 -17.262 -49.500
  -6.736 -16.239 -49.500
  -6.734 -16.439 -16.876
  -6.731 -16.737 -16.737
  -6.729 -49.500 -49.500
  -6.726 -16.253 -16.253
  -6.724 -49.500 -49.500
  -6.721 -49.500 -49.500
  -6.719 -49.500 -49.500
  -6.717 -16.530 -49.500
  -6.714 -49.500     NaN
  -6.712 -49.500 -49.500
  -6.709 -49.500 -49.500
  -6.707 -49.500 -49.500
  -6.705 -49.500     NaN
  -6.702 -49.500 -49.500
  -6.700 -16.419 -49.500
  -6.698 -49.500 -49.500
  -6.696 -16.361 -49.500
  -6.693 -16.601 -49.500
  -6.691 -16.622 -49.500
  -6.689 -16.931 -49.500
  -6.687 -49.500 -49.500
  -6.684 -15.718 -16.630
  -6.682 -49.500 -49.500
  -6.680 -49.500 -49.500
  -6.678 -49.500 -49.500
  -6.675 -49.500     NaN
  -6.673 -49.500 -49.500
  -6.671 -49.500 -49.500
  -6.669 -49.500 -49.500
  -6.667 -16.326 -16.761
  -6.665 -49.500 -49.500
  -6.663 -49.500 -49.500
  -6.661 -49.500 -49.500
  -6.658 -49.500 -49.500
  -6.656 -49.500 -49.500
  -6.654 -16.383 -16.383
  -6.652 -49.500 -49.500
  -6.650 -49.500     NaN
  -6.648 -49.500 -49.500
  -6.646 -49.500 -49.500
  -6.644 -49.500 -49.500
  -6.642 -49.500 -49.500
  -6.640 -49.500 -49.500
  -6.638 -49.500 -49.500
  -6.636 -49.500 -49.500
  -6.634 -49.500 -49.500
  -6.632 -15.966 -15.966
  -6.630 -49.500 -49.500
  -6.628 -49.500 -49.500
  -6.626 -49.500 -49.500
  -6.624 -49.500 -49.500
  -6.622 -49.500     NaN
  -6.620 -49.500 -49.500
  -6.618 -49.500 -49.500
  -6.617 -49.500 -49.500
  -6.615 -49.500 -49.500
  -6.613 -49.500 -49.500
  -6.611 -49.500     NaN
  -6.609 -49.500 -49.500
  -6.607 -49.500 -49.500
  -6.605 -16.400 -16.400
  -6.603 -49.500 -49.500
  -6.602 -49.500 -49.500
  -6.600 -49.500 -49.500
  -6.598 -49.500 -49.500
  -6.596 -49.500 -49.500
  -6.594 -49.500 -49.500
