  -8.861 -14.003 -14.003
  -8.599 -14.056 -14.056
  -8.442 -14.180 -14.180
  -8.329 -14.327 -14.327
  -8.239 -14.442 -14.442
  -8.166 -14.300 -14.300
  -8.103 -14.457 -14.457
  -8.048 -14.557 -14.557
  -7.999 -14.706 -14.706
  -7.955 -14.740 -14.740
  -7.916 -14.391 -14.582
  -7.879 -14.730 -14.730
  -7.846 -14.801 -14.801
  -7.815 -14.943 -14.943
  -7.786 -14.521 -14.777
  -7.758 -14.832 -14.832
  -7.733 -15.040 -15.040
  -7.709 -14.789 -15.001
  -7.686 -15.097 -15.097
  -7.664 -14.838 -14.838
  -7.643 -14.851 -14.851
  -7.624 -14.730 -14.730
  -7.605 -14.880 -15.138
  -7.586 -15.318 -15.318
  -7.569 -15.122 -15.122
  -7.552 -15.346 -15.346
  -7.536 -14.647 -15.188
  -7.521 -15.081 -15.375
  -7.506 -14.978 -15.249
  -7.491 -15.167 -15.373
  -7.477 -15.398 -15.398
  -7.464 -14.749 -15.214
  -7.451 -15.014 -15.346
  -7.438 -15.231 -15.231
  -7.425 -15.305 -15.305
  -7.413 -15.561 -15.561
  -7.401 -13.963 -15.342
  -7.390 -15.678 -15.678
  -7.379 -15.434 -15.601
  -7.368 -15.404 -15.596
  -7.357 -15.562 -15.562
  -7.347 -15.085 -15.291
  -7.337 -15.549 -15.549
  -7.327 -15.357 -15.702
  -7.317 -15.776 -15.776
  -7.308 -15.711 -15.711
  -7.299 -15.748 -15.748
  -7.290 -15.373 -15.540
  -7.281 -15.666 -15.666
  -7.272 -15.268 -15.665
  -7.264 -15.770 -15.770
  -7.255 -15.132 -15.472
  -7.247 -15.941 -15.941
  -7.239 -15.643 -16.135
  -7.231 -15.418 -15.643
  -7.223 -15.301 -16.050
  -7.216 -16.063 -16.063
  -7.208 -15.649 -15.649
  -7.201 -15.791 -15.951
  -7.194 -15.492 -15.783
  -7.187 -15.994 -15.994
  -7.180 -16.156 -16.340
  -7.173 -15.712 -15.712
  -7.166 -16.034 -16.298
  -7.159 -15.782 -15.782
  -7.153 -16.501 -16.501
  -7.146 -15.811 -15.811
  -7.140 -15.686 -15.887
  -7.133 -15.459 -15.741
  -7.127 -16.010 -16.283
  -7.121 -15.537 -16.085
  -7.115 -16.258 -16.537
  -7.109 -15.583 -15.792
  -7.103 -15.514 -15.983
  -7.098 -16.215 -16.425
  -7.092 -16.341 -16.341
  -7.086 -16.875 -16.875
  -7.081 -15.527 -16.451
  -7.075 -15.705 -15.705
  -7.070 -16.189 -16.189
  -7.064 -15.230 -16.061
  -7.059 -16.046 -16.354
  -7.054 -16.657 -16.657
  -7.049 -16.461 -16.763
  -7.043 -15.495 -16.704
  -7.038 -16.332 -16.766
  -7.033 -16.430 -16.584
  -7.029 -16.700 -16.887
  -7.024 -15.997 -15.997
  -7.019 -16.134 -16.134
  -7.014 -16.038 -16.450
  -7.009 -15.664 -16.609
  -7.005 -16.214 -16.498
  -7.000 -16.570 -16.570
  -6.995 -17.519 -22.186
  -6.991 -16.535 -16.774
  -6.986 -16.125 -16.512
  -6.982 -15.932 -16.218
  -6.978 -16.633 -16.633
  -6.973 -16.010 -16.461
  -6.969 -16.543 -16.543
  -6.965 -16.321 -16.476
  -6.961 -17.223 -22.346
  -6.956 -16.919 -17.211
  -6.952 -15.993 -16.270
  -6.948 -16.526 -16.913
  -6.944 -15.527 -16.450
  -6.940 -22.768 -22.768
  -6.936 -16.256 -16.870
  -6.932 -16.179 -49.500
  -6.928 -16.586 -16.586
  -6.924 -15.912 -16.501
  -6.920 -16.893 -17.092
  -6.917 -16.519 -49.500
  -6.913 -15.342 -16.336
  -6.909 -16.307 -16.574
  -6.905 -17.274 -22.543
  -6.902 -16.705 -16.905
  -6.898 -16.095 -49.500
  -6.894 -16.239 -16.620
  -6.891 -21.403 -21.403
  -6.887 -49.500 -49.500
  -6.884 -16.910 -17.426
  -6.880 -16.752 -49.500
  -6.877 -49.500     NaN
  -6.873 -16.090 -49.500
  -6.870 -49.500     NaN
  -6.867 -16.756 -49.500
  -6.863 -15.906 -16.478
  -6.860 -16.412 -16.412
  -6.857 -16.617 -49.500
  -6.853 -15.355 -16.443
  -6.850 -49.500 -49.500
  -6.847 -16.720 -49.500
  -6.844 -49.500     NaN
  -6.840 -16.954 -49.500
  -6.837 -15.919 -16.462
  -6.834 -16.998 -17.448
  -6.831 -17.176 -49.500
  -6.828 -16.701 -17.156
  -6.825 -17.235 -49.500
  -6.822 -15.984 -49.500
  -6.819 -49.500 -49.500
  -6.816 -17.297 -49.500
  -6.813 -15.920 -16.928
  -6.810 -16.754 -49.500
  -6.807 -49.500     NaN
  -6.804 -16.166 -16.551
  -6.801 -49.500     NaN
  -6.798 -49.500 -49.500
  -6.795 -17.139 -49.500
  -6.792 -49.500     NaN
  -6.789 -16.471 -16.701
  -6.787 -16.585 -16.761
  -6.784 -49.500     NaN
  -6.781 -49.500 -49.500
  -6.778 -16.985 -16.985
  -6.775 -16.912 -49.500
  -6.773 -49.500 -49.500
  -6.770 -49.500     NaN
  -6.767 -49.500 -49.500
  -6.765 -16.487 -17.036
  -6.762 -49.500     NaN
  -6.759 -15.689 -16.515
  -6.757 -49.500     NaN
  -6.754 -15.881 -16.367
  -6.751 -49.500 -49.500
  -6.749 -49.500 -49.500
  -6.746 -49.500 -49.500
  -6.744 -16.812 -49.500
  -6.741 -16.071 -49.500
  -6.739 -49.500     NaN
  -6.736 -16.046 -49.500
  -6.734 -16.080 -16.080
  -6.731 -49.500 -49.500
  -6.729 -49.500     NaN
  -6.726 -49.500 -49.500
  -6.724 -49.500     NaN
  -6.721 -16.608 -49.500
  -6.719 -49.500 -49.500
  -6.717 -16.289 -16.289
  -6.714 -16.473 -16.473
  -6.712 -49.500 -49.500
  -6.709 -16.606 -49.500
  -6.707 -16.973 -49.500
  -6.705 -49.500     NaN
  -6.702 -49.500 -49.500
  -6.700 -49.500 -49.500
  -6.698 -16.943 -49.500
  -6.696 -16.424 -16.424
  -6.693 -15.950 -49.500
  -6.691 -49.500 -49.500
  -6.689 -16.294 -49.500
  -6.687 -49.500     NaN
  -6.684 -49.500     NaN
  -6.682 -49.500 -49.500
  -6.680 -49.500 -49.500
  -6.678 -49.500 -49.500
  -6.675 -49.500 -49.500
  -6.673 -16.531 -16.531
  -6.671 -49.500 -49.500
  -6.669 -49.500 -49.500
  -6.667 -49.500 -49.500
  -6.665 -49.500 -49.500
  -6.663 -49.500 -49.500
  -6.661 -49.500 -49.500
  -6.658 -16.086 -49.500
  -6.656 -49.500 -49.500
  -6.654 -49.500 -49.500
  -6.652 -49.500 -49.500
  -6.650 -49.500 -49.500
  -6.648 -49.500 -49.500
  -6.646 -49.500 -49.500
  -6.644 -49.500 -49.500
  -6.642 -16.035 -16.035
  -6.640 -49.500 -49.500
  -6.638 -16.508 -49.500
  -6.636 -49.500 -49.500
  -6.634 -16.350 -49.500
  -6.632 -49.500 -49.500
  -6.630 -49.500 -49.500
  -6.628 -49.500     NaN
  -6.626 -49.500 -49.500
  -6.624 -49.500 -49.500
  -6.622 -49.500 -49.500
  -6.620 -49.500 -49.500
  -6.618 -49.500 -49.500
  -6.617 -49.500 -49.500
  -6.615 -49.500 -49.500
  -6.613 -49.500 -49.500
  -6.611 -49.500 -49.500
  -6.609 -49.500     NaN
  -6.607 -49.500 -49.500
  -6.605 -49.500 -49.500
  -6.603 -16.283 -16.283
  -6.602 -15.214 -15.214
  -6.600 -49.500 -49.500
  -6.598 -49.500 -49.500
  -6.596 -49.500 -49.500
  -6.594 -49.500 -49.500
