  -8.861 -13.968 -13.968
  -8.599 -14.086 -14.086
  -8.442 -14.203 -14.203
  -8.329 -14.271 -14.271
  -8.239 -14.116 -14.477
  -8.166 -14.269 -14.269
  -8.103 -14.534 -14.534
  -8.048 -14.464 -14.464
  -7.999 -14.619 -14.619
  -7.955 -14.697 -14.697
  -7.916 -14.595 -14.595
  -7.879 -14.795 -14.795
  -7.846 -14.758 -14.758
  -7.815 -14.874 -14.874
  -7.786 -14.668 -14.668
  -7.758 -14.844 -14.844
  -7.733 -14.854 -14.854
  -7.709 -14.758 -14.758
  -7.686 -14.916 -14.916
  -7.664 -15.169 -15.169
  -7.643 -14.878 -14.878
  -7.624 -14.532 -15.029
  -7.605 -15.056 -15.232
  -7.586 -15.105 -15.105
  -7.569 -15.241 -15.241
  -7.552 -15.086 -15.086
  -7.536 -15.297 -15.297
  -7.521 -14.911 -14.911
  -7.506 -15.283 -15.283
  -7.491 -15.311 -15.311
  -7.477 -15.204 -15.204
  -7.464 -15.043 -15.043
  -7.451 -15.094 -15.094
  -7.438 -15.322 -15.495
  -7.425 -15.345 -15.762
  -7.413 -15.151 -15.494
  -7.401 -15.175 -15.175
  -7.390 -15.348 -15.348
  -7.379 -14.982 -14.982
  -7.368 -15.672 -15.672
  -7.357 -15.753 -15.753
  -7.347 -15.293 -15.293
  -7.337 -15.419 -15.419
  -7.327 -15.496 -15.738
  -7.317 -15.829 -15.829
  -7.308 -15.540 -15.865
  -7.299 -15.529 -15.883
  -7.290 -15.554 -15.554
  -7.281 -15.181 -15.699
  -7.272 -15.382 -15.720
  -7.264 -15.952 -15.952
  -7.255 -15.192 -15.749
  -7.247 -14.847 -15.663
  -7.239 -15.597 -15.597
  -7.231 -15.738 -15.894
  -7.223 -15.843 -15.843
  -7.216 -15.097 -15.848
  -7.208 -15.321 -15.693
  -7.201 -15.828 -16.238
  -7.194 -15.805 -15.805
  -7.187 -15.695 -16.373
  -7.180 -15.980 -16.232
  -7.173 -15.614 -15.614
  -7.166 -15.964 -15.964
  -7.159 -15.924 -16.348
  -7.153 -15.815 -16.203
  -7.146 -16.305 -16.305
  -7.140 -16.034 -16.216
  -7.133 -16.039 -16.343
  -7.127 -16.273 -16.273
  -7.121 -15.318 -15.506
  -7.115 -15.961 -15.961
  -7.109 -15.918 -16.503
  -7.103 -15.131 -15.851
  -7.098 -16.480 -16.480
  -7.092 -16.029 -16.245
  -7.086 -15.826 -16.000
  -7.081 -16.214 -16.214
  -7.075 -16.049 -16.774
  -7.070 -16.501 -16.501
  -7.064 -16.493 -16.763
  -7.059 -16.295 -16.518
  -7.054 -15.847 -16.057
  -7.049 -16.059 -16.612
  -7.043 -16.003 -16.579
  -7.038 -16.025 -16.025
  -7.033 -16.177 -16.177
  -7.029 -15.958 -16.627
  -7.024 -15.170 -15.376
  -7.019 -16.992 -21.226
  -7.014 -16.448 -16.780
  -7.009 -16.276 -16.577
  -7.005 -16.071 -16.071
  -7.000 -16.064 -16.577
  -6.995 -17.024 -23.185
  -6.991 -16.187 -16.402
  -6.986 -15.591 -15.968
  -6.982 -16.212 -16.452
  -6.978 -16.590 -16.881
  -6.973 -15.507 -16.112
  -6.969 -16.173 -16.684
  -6.965 -16.140 -16.981
  -6.961 -16.205 -16.205
  -6.956 -16.607 -16.780
  -6.952 -16.097 -16.416
  -6.948 -16.606 -16.951
  -6.944 -16.507 -16.709
  -6.940 -16.546 -17.171
  -6.936 -16.295 -16.295
  -6.932 -16.932 -49.500
  -6.928 -16.324 -16.529
  -6.924 -15.550 -15.800
  -6.920 -16.592 -16.878
  -6.917 -15.848 -16.798
  -6.913 -16.274 -16.623
  -6.909 -15.351 -16.376
  -6.905 -16.100 -16.851
  -6.902 -16.108 -16.351
  -6.898 -16.906 -17.061
  -6.894 -16.774 -17.166
  -6.891 -49.500     NaN
  -6.887 -49.500     NaN
  -6.884 -17.230 -49.500
  -6.880 -16.054 -49.500
  -6.877 -49.500 -49.500
  -6.873 -16.955 -49.500
  -6.870 -16.643 -16.815
  -6.867 -16.589 -49.500
  -6.863 -16.707 -49.500
  -6.860 -49.500     NaN
  -6.857 -16.943 -49.500
  -6.853 -16.970 -49.500
  -6.850 -49.500     NaN
  -6.847 -49.500     NaN
  -6.844 -15.645 -49.500
  -6.840 -16.377 -17.076
  -6.837 -17.082 -49.500
  -6.834 -16.645 -16.645
  -6.831 -15.630 -16.256
  -6.828 -16.639 -16.950
  -6.825 -49.500 -49.500
  -6.822 -16.453 -16.453
  -6.819 -16.871 -49.500
  -6.816 -49.500     NaN
  -6.813 -16.272 -49.500
  -6.810 -49.500     NaN
  -6.807 -14.829 -16.806
  -6.804 -49.500     NaN
  -6.801 -16.615 -16.771
  -6.798 -49.500 -49.500
  -6.795 -16.740 -49.500
  -6.792 -15.563 -16.099
  -6.789 -49.500     NaN
  -6.787 -49.500     NaN
  -6.784 -16.859 -49.500
  -6.781 -16.085 -16.404
  -6.778 -16.759 -49.500
  -6.775 -49.500     NaN
  -6.773 -16.413 -16.413
  -6.770 -49.500     NaN
  -6.767 -49.500 -49.500
  -6.765 -49.500     NaN
  -6.762 -16.082 -49.500
  -6.759 -49.500     NaN
  -6.757 -17.009 -49.500
  -6.754 -49.500     NaN
  -6.751 -15.920 -15.920
  -6.749 -49.500 -49.500
  -6.746 -49.500 -49.500
  -6.744 -17.055 -49.500
  -6.741 -49.500     NaN
  -6.739 -15.753 -49.500
  -6.736 -49.500 -49.500
  -6.734 -49.500     NaN
  -6.731 -49.500     NaN
  -6.729 -49.500     NaN
  -6.726 -16.256 -49.500
  -6.724 -49.500 -49.500
  -6.721 -49.500     NaN
  -6.719 -14.966 -49.500
  -6.717 -49.500     NaN
  -6.714 -49.500     NaN
  -6.712 -49.500 -49.500
  -6.709 -16.265 -49.500
  -6.707 -15.895 -15.895
  -6.705 -49.500     NaN
  -6.702 -49.500 -49.500
  -6.700 -49.500 -49.500
  -6.698 -49.500 -49.500
  -6.696 -16.925 -16.925
  -6.693 -49.500 -49.500
  -6.691 -49.500     NaN
  -6.689 -49.500     NaN
  -6.687 -16.799 -16.799
  -6.684 -49.500 -49.500
  -6.682 -49.500 -49.500
  -6.680 -49.500     NaN
  -6.678 -49.500 -49.500
  -6.675 -49.500 -49.500
  -6.673 -49.500 -49.500
  -6.671 -49.500 -49.500
  -6.669 -49.500 -49.500
  -6.667 -16.559 -16.559
  -6.665 -49.500 -49.500
  -6.663 -49.500 -49.500
  -6.661 -16.324 -16.596
  -6.658 -17.047 -49.500
  -6.656 -49.500 -49.500
  -6.654 -49.500 -49.500
  -6.652 -49.500     NaN
  -6.650 -49.500 -49.500
  -6.648 -49.500 -49.500
  -6.646 -49.500 -49.500
  -6.644 -15.902 -16.545
  -6.642 -49.500 -49.500
  -6.640 -16.124 -16.124
  -6.638 -49.500 -49.500
  -6.636 -16.098 -16.098
  -6.634 -17.195 -17.195
  -6.632 -49.500 -49.500
  -6.630 -49.500 -49.500
  -6.628 -49.500 -49.500
  -6.626 -49.500 -49.500
  -6.624 -49.500 -49.500
  -6.622 -49.500 -49.500
  -6.620 -49.500 -49.500
  -6.618 -49.500 -49.500
  -6.617 -49.500 -49.500
  -6.615 -49.500 -49.500
  -6.613 -49.500 -49.500
  -6.611 -49.500 -49.500
  -6.609 -49.500 -49.500
  -6.607 -49.500 -49.500
  -6.605 -49.500     NaN
  -6.603 -49.500 -49.500
  -6.602 -49.500 -49.500
  -6.600 -49.500 -49.500
  -6.598 -49.500 -49.500
  -6.596 -49.500 -49.500
  -6.594 -49.500 -49.500
