  -8.861 -13.985 -13.985
  -8.599 -14.125 -14.125
  -8.442 -14.190 -14.190
  -8.329 -14.264 -14.264
  -8.239 -14.036 -14.403
  -8.166 -14.529 -14.529
  -8.103 -14.399 -14.399
  -8.048 -14.526 -14.526
  -7.999 -14.653 -14.653
  -7.955 -14.754 -14.754
  -7.916 -14.685 -14.685
  -7.879 -14.617 -14.847
  -7.846 -14.721 -14.721
  -7.815 -14.812 -14.812
  -7.786 -14.929 -14.929
  -7.758 -14.855 -14.855
  -7.733 -14.811 -15.022
  -7.709 -14.808 -15.046
  -7.686 -15.022 -15.022
  -7.664 -14.798 -14.961
  -7.643 -14.549 -14.790
  -7.624 -14.906 -15.125
  -7.605 -15.184 -15.362
  -7.586 -14.920 -15.088
  -7.569 -15.134 -15.134
  -7.552 -15.368 -15.368
  -7.536 -15.205 -15.205
  -7.521 -15.232 -15.232
  -7.506 -14.932 -15.097
  -7.491 -15.370 -15.370
  -7.477 -15.329 -15.329
  -7.464 -15.304 -15.505
  -7.451 -15.425 -15.425
  -7.438 -14.709 -15.390
  -7.425 -15.349 -15.349
  -7.413 -14.993 -15.234
  -7.401 -14.898 -15.651
  -7.390 -15.646 -15.646
  -7.379 -15.559 -15.559
  -7.368 -14.884 -15.307
  -7.357 -15.511 -15.511
  -7.347 -15.288 -15.503
  -7.337 -15.910 -15.910
  -7.327 -15.027 -15.530
  -7.317 -15.376 -15.608
  -7.308 -15.568 -15.940
  -7.299 -15.624 -15.624
  -7.290 -15.104 -15.808
  -7.281 -16.047 -16.279
  -7.272 -15.700 -15.700
  -7.264 -15.307 -15.706
  -7.255 -15.174 -15.461
  -7.247 -15.391 -15.604
  -7.239 -15.921 -16.225
  -7.231 -16.033 -16.033
  -7.223 -15.744 -15.744
  -7.216 -15.866 -15.866
  -7.208 -15.480 -15.825
  -7.201 -15.689 -15.689
  -7.194 -14.503 -15.937
  -7.187 -14.505 -15.989
  -7.180 -16.116 -16.116
  -7.173 -16.342 -16.342
  -7.166 -15.882 -16.187
  -7.159 -16.219 -16.219
  -7.153 -15.786 -15.786
  -7.146 -16.146 -16.386
  -7.140 -16.107 -16.107
  -7.133 -16.151 -16.151
  -7.127 -15.775 -16.070
  -7.121 -15.457 -16.235
  -7.115 -15.593 -16.032
  -7.109 -15.559 -16.189
  -7.103 -16.479 -16.673
  -7.098 -15.636 -16.351
  -7.092 -16.136 -16.412
  -7.086 -15.637 -16.336
  -7.081 -16.387 -16.839
  -7.075 -16.180 -16.554
  -7.070 -16.213 -16.409
  -7.064 -15.890 -16.828
  -7.059 -16.292 -16.594
  -7.054 -15.748 -15.994
  -7.049 -16.546 -16.922
  -7.043 -16.758 -16.758
  -7.038 -16.751 -16.751
  -7.033 -16.012 -16.299
  -7.029 -16.724 -16.964
  -7.024 -16.544 -16.544
  -7.019 -15.739 -16.284
  -7.014 -15.916 -16.100
  -7.009 -16.234 -16.562
  -7.005 -16.035 -16.511
  -7.000 -49.500     NaN
  -6.995 -16.676 -17.090
  -6.991 -16.621 -16.621
  -6.986 -15.462 -16.485
  -6.982 -16.173 -16.675
  -6.978 -15.442 -16.611
  -6.973 -16.212 -16.712
  -6.969 -15.970 -16.457
  -6.965 -14.309 -16.560
  -6.961 -15.954 -16.502
  -6.956 -15.732 -15.979
  -6.952 -17.119 -49.500
  -6.948 -16.863 -17.112
  -6.944 -16.045 -17.496
  -6.940 -16.096 -16.816
  -6.936 -16.551 -16.707
  -6.932 -49.500     NaN
  -6.928 -16.682 -16.928
  -6.924 -16.044 -16.584
  -6.920 -15.877 -16.500
  -6.917 -16.009 -49.500
  -6.913 -15.456 -15.968
  -6.909 -16.056 -17.250
  -6.905 -16.031 -16.645
  -6.902 -16.578 -16.578
  -6.898 -16.323 -16.847
  -6.894 -49.500     NaN
  -6.891 -16.052 -16.302
  -6.887 -15.880 -16.210
  -6.884 -16.339 -16.652
  -6.880 -16.719 -49.500
  -6.877 -16.540 -16.761
  -6.873 -14.770 -16.343
  -6.870 -16.508 -16.793
  -6.867 -49.500 -49.500
  -6.863 -16.251 -16.251
  -6.860 -16.546 -16.948
  -6.857 -16.737 -49.500
  -6.853 -49.500     NaN
  -6.850 -15.841 -49.500
  -6.847 -15.618 -16.872
  -6.844 -49.500     NaN
  -6.840 -15.367 -16.948
  -6.837 -15.995 -16.749
  -6.834 -16.987 -49.500
  -6.831 -15.677 -16.734
  -6.828 -16.784 -49.500
  -6.825 -49.500     NaN
  -6.822 -16.884 -49.500
  -6.819 -15.964 -49.500
  -6.816 -16.800 -49.500
  -6.813 -16.020 -17.093
  -6.810 -49.500     NaN
  -6.807 -16.591 -16.962
  -6.804 -15.826 -16.116
  -6.801 -49.500 -49.500
  -6.798 -16.291 -16.291
  -6.795 -49.500 -49.500
  -6.792 -16.439 -49.500
  -6.789 -49.500     NaN
  -6.787 -17.099 -49.500
  -6.784 -17.127 -49.500
  -6.781 -49.500     NaN
  -6.778 -49.500     NaN
  -6.775 -49.500     NaN
  -6.773 -49.500 -49.500
  -6.770 -49.500 -49.500
  -6.767 -16.701 -16.701
  -6.765 -16.862 -49.500
  -6.762 -16.190 -16.995
  -6.759 -17.112 -49.500
  -6.757 -16.406 -17.009
  -6.754 -16.807 -16.807
  -6.751 -49.500     NaN
  -6.749 -16.903 -49.500
  -6.746 -15.901 -49.500
  -6.744 -17.110 -49.500
  -6.741 -17.031 -49.500
  -6.739 -49.500 -49.500
  -6.736 -16.235 -49.500
  -6.734 -49.500 -49.500
  -6.731 -49.500     NaN
  -6.729 -16.325 -49.500
  -6.726 -49.500     NaN
  -6.724 -49.500 -49.500
  -6.721 -49.500 -49.500
  -6.719 -49.500 -49.500
  -6.717 -49.500 -49.500
  -6.714 -49.500 -49.500
  -6.712 -16.894 -49.500
  -6.709 -16.941 -16.941
  -6.707 -49.500 -49.500
  -6.705 -16.270 -16.270
  -6.702 -16.747 -49.500
  -6.700 -49.500 -49.500
  -6.698 -49.500 -49.500
  -6.696 -16.545 -16.545
  -6.693 -16.215 -16.215
  -6.691 -49.500 -49.500
  -6.689 -49.500     NaN
  -6.687 -16.644 -49.500
  -6.684 -15.907 -49.500
  -6.682 -49.500     NaN
  -6.680 -16.293 -49.500
  -6.678 -49.500 -49.500
  -6.675 -49.500 -49.500
  -6.673 -49.500 -49.500
  -6.671 -15.778 -49.500
  -6.669 -49.500 -49.500
  -6.667 -49.500     NaN
  -6.665 -49.500 -49.500
  -6.663 -49.500 -49.500
  -6.661 -49.500     NaN
  -6.658 -49.500 -49.500
  -6.656 -49.500 -49.500
  -6.654 -15.508 -15.508
  -6.652 -49.500 -49.500
  -6.650 -49.500 -49.500
  -6.648 -49.500     NaN
  -6.646 -49.500 -49.500
  -6.644 -49.500 -49.500
  -6.642 -16.607 -16.607
  -6.640 -49.500 -49.500
  -6.638 -49.500 -49.500
  -6.636 -49.500 -49.500
  -6.634 -49.500 -49.500
  -6.632 -49.500 -49.500
  -6.630 -49.500 -49.500
  -6.628 -49.500 -49.500
  -6.626 -49.500 -49.500
  -6.624 -16.664 -16.664
  -6.622 -49.500 -49.500
  -6.620 -49.500 -49.500
  -6.618 -16.678 -49.500
  -6.617 -49.500 -49.500
  -6.615 -49.500 -49.500
  -6.613 -49.500 -49.500
  -6.611 -49.500     NaN
  -6.609 -49.500 -49.500
  -6.607 -49.500 -49.500
  -6.605 -49.500 -49.500
  -6.603 -16.492 -16.492
  -6.602 -49.500 -49.500
  -6.600 -49.500 -49.500
  -6.598 -49.500 -49.500
  -6.596 -49.500 -49.500
  -6.594 -49.500 -49.500
