  -8.861 -13.998 -13.998
  -8.599 -14.117 -14.117
  -8.442 -14.183 -14.183
  -8.329 -14.299 -14.299
  -8.239 -14.350 -14.350
  -8.166 -14.421 -14.421
  -8.103 -14.462 -14.462
  -8.048 -14.658 -14.658
  -7.999 -14.286 -14.563
  -7.955 -14.642 -14.642
  -7.916 -14.632 -14.632
  -7.879 -14.760 -14.760
  -7.846 -14.547 -14.547
  -7.815 -14.545 -14.846
  -7.786 -14.917 -14.917
  -7.758 -14.561 -14.561
  -7.733 -14.944 -14.944
  -7.709 -14.971 -14.971
  -7.686 -14.695 -14.991
  -7.664 -14.849 -15.026
  -7.643 -14.908 -15.125
  -7.624 -15.065 -15.065
  -7.605 -15.093 -15.093
  -7.586 -14.273 -14.889
  -7.569 -14.947 -15.157
  -7.552 -15.220 -15.220
  -7.536 -15.196 -15.196
  -7.521 -15.041 -15.041
  -7.506 -14.423 -14.763
  -7.491 -15.130 -15.402
  -7.477 -14.870 -15.317
  -7.464 -15.116 -15.116
  -7.451 -14.979 -14.979
  -7.438 -14.225 -15.582
  -7.425 -15.152 -15.330
  -7.413 -14.719 -14.878
  -7.401 -15.271 -15.445
  -7.390 -15.643 -15.643
  -7.379 -15.282 -15.436
  -7.368 -15.347 -15.551
  -7.357 -15.517 -15.517
  -7.347 -15.331 -15.742
  -7.337 -15.225 -15.225
  -7.327 -15.060 -15.257
  -7.317 -15.220 -15.380
  -7.308 -15.503 -15.821
  -7.299 -15.572 -15.784
  -7.290 -15.870 -15.870
  -7.281 -16.109 -16.109
  -7.272 -15.137 -15.475
  -7.264 -15.957 -15.957
  -7.255 -15.897 -16.111
  -7.247 -15.046 -15.756
  -7.239 -15.275 -15.663
  -7.231 -15.836 -16.066
  -7.223 -15.936 -15.936
  -7.216 -15.782 -16.028
  -7.208 -15.503 -16.096
  -7.201 -16.024 -16.196
  -7.194 -14.979 -15.513
  -7.187 -14.866 -15.883
  -7.180 -15.400 -15.580
  -7.173 -16.011 -16.196
  -7.166 -15.628 -15.628
  -7.159 -15.879 -16.251
  -7.153 -16.417 -16.607
  -7.146 -15.474 -15.912
  -7.140 -16.246 -16.642
  -7.133 -15.687 -16.102
  -7.127 -16.004 -16.193
  -7.121 -16.243 -16.243
  -7.115 -15.947 -15.947
  -7.109 -15.497 -16.223
  -7.103 -16.511 -16.511
  -7.098 -16.482 -16.482
  -7.092 -16.219 -16.452
  -7.086 -16.415 -16.415
  -7.081 -16.055 -16.055
  -7.075 -16.579 -16.793
  -7.070 -15.651 -15.980
  -7.064 -16.223 -16.429
  -7.059 -16.094 -16.335
  -7.054 -16.440 -16.440
  -7.049 -15.395 -16.362
  -7.043 -15.719 -16.566
  -7.038 -15.875 -16.157
  -7.033 -16.863 -17.561
  -7.029 -15.465 -16.028
  -7.024 -16.024 -16.024
  -7.019 -16.348 -16.348
  -7.014 -16.324 -16.538
  -7.009 -16.305 -16.305
  -7.005 -16.623 -16.943
  -7.000 -16.328 -16.608
  -6.995 -15.939 -16.276
  -6.991 -16.385 -17.227
  -6.986 -16.067 -16.628
  -6.982 -23.097 -23.097
  -6.978 -16.426 -49.500
  -6.973 -16.619 -17.281
  -6.969 -16.395 -16.395
  -6.965 -15.482 -16.928
  -6.961 -16.951 -17.179
  -6.956 -15.980 -49.500
  -6.952 -15.396 -16.037
  -6.948 -16.247 -16.743
  -6.944 -16.691 -49.500
  -6.940 -16.394 -16.394
  -6.936 -16.302 -16.468
  -6.932 -15.281 -17.242
  -6.928 -15.564 -16.741
  -6.924 -15.963 -16.668
  -6.920 -15.457 -15.457
  -6.917 -16.256 -16.457
  -6.913 -16.720 -22.171
  -6.909 -17.287 -49.500
  -6.905 -15.414 -15.568
  -6.902 -15.975 -16.505
  -6.898 -15.869 -16.267
  -6.894 -22.726 -22.726
  -6.891 -16.405 -17.084
  -6.887 -16.228 -17.223
  -6.884 -14.690 -16.466
  -6.880 -16.143 -16.862
  -6.877 -16.701 -49.500
  -6.873 -16.459 -16.710
  -6.870 -16.804 -49.500
  -6.867 -49.500     NaN
  -6.863 -15.730 -17.143
  -6.860 -15.760 -49.500
  -6.857 -16.635 -49.500
  -6.853 -49.500 -49.500
  -6.850 -49.500     NaN
  -6.847 -16.539 -16.810
  -6.844 -16.908 -17.238
  -6.840 -49.500     NaN
  -6.837 -16.475 -16.676
  -6.834 -16.747 -49.500
  -6.831 -16.842 -16.842
  -6.828 -15.674 -17.089
  -6.825 -16.612 -49.500
  -6.822 -16.397 -49.500
  -6.819 -16.305 -16.635
  -6.816 -16.504 -16.699
  -6.813 -17.004 -49.500
  -6.810 -49.500     NaN
  -6.807 -16.998 -49.500
  -6.804 -16.670 -49.500
  -6.801 -16.235 -17.234
  -6.798 -49.500 -49.500
  -6.795 -16.310 -16.687
  -6.792 -17.136 -17.136
  -6.789 -16.522 -49.500
  -6.787 -49.500 -49.500
  -6.784 -16.219 -49.500
  -6.781 -16.589 -49.500
  -6.778 -49.500     NaN
  -6.775 -49.500 -49.500
  -6.773 -49.500     NaN
  -6.770 -49.500     NaN
  -6.767 -49.500     NaN
  -6.765 -16.387 -49.500
  -6.762 -17.253 -49.500
  -6.759 -49.500     NaN
  -6.757 -49.500 -49.500
  -6.754 -49.500 -49.500
  -6.751 -49.500     NaN
  -6.749 -15.828 -15.828
  -6.746 -16.427 -16.799
  -6.744 -49.500 -49.500
  -6.741 -49.500     NaN
  -6.739 -49.500     NaN
  -6.736 -49.500 -49.500
  -6.734 -16.243 -49.500
  -6.731 -16.735 -16.735
  -6.729 -49.500     NaN
  -6.726 -15.324 -16.060
  -6.724 -49.500 -49.500
  -6.721 -16.465 -49.500
  -6.719 -49.500 -49.500
  -6.717 -49.500     NaN
  -6.714 -16.416 -49.500
  -6.712 -16.791 -49.500
  -6.709 -49.500     NaN
  -6.707 -49.500 -49.500
  -6.705 -16.248 -49.500
  -6.702 -49.500     NaN
  -6.700 -49.500 -49.500
  -6.698 -49.500     NaN
  -6.696 -49.500 -49.500
  -6.693 -49.500 -49.500
  -6.691 -49.500 -49.500
  -6.689 -49.500 -49.500
  -6.687 -49.500 -49.500
  -6.684 -49.500 -49.500
  -6.682 -49.500 -49.500
  -6.680 -16.837 -49.500
  -6.678 -49.500 -49.500
  -6.675 -49.500 -49.500
  -6.673 -49.500 -49.500
  -6.671 -49.500 -49.500
  -6.669 -49.500 -49.500
  -6.667 -49.500 -49.500
  -6.665 -16.727 -16.727
  -6.663 -16.251 -16.654
  -6.661 -49.500 -49.500
  -6.658 -49.500 -49.500
  -6.656 -49.500 -49.500
  -6.654 -49.500 -49.500
  -6.652 -49.500 -49.500
  -6.650 -49.500 -49.500
  -6.648 -16.472 -16.472
  -6.646 -49.500 -49.500
  -6.644 -49.500 -49.500
  -6.642 -49.500 -49.500
  -6.640 -16.328 -16.328
  -6.638 -15.494 -15.494
  -6.636 -49.500 -49.500
  -6.634 -49.500 -49.500
  -6.632 -49.500 -49.500
  -6.630 -49.500 -49.500
  -6.628 -49.500 -49.500
  -6.626 -49.500 -49.500
  -6.624 -49.500 -49.500
  -6.622 -16.467 -49.500
  -6.620 -15.640 -15.640
  -6.618 -49.500 -49.500
  -6.617 -49.500     NaN
  -6.615 -16.444 -16.444
  -6.613 -49.500 -49.500
  -6.611 -15.911 -15.911
  -6.609 -49.500 -49.500
  -6.607 -49.500 -49.500
  -6.605 -49.500 -49.500
  -6.603 -49.500 -49.500
  -6.602 -49.500 -49.500
  -6.600 -49.500 -49.500
  -6.598 -49.500 -49.500
  -6.596 -49.500 -49.500
  -6.594 -16.466 -49.500
