  -8.861 -13.969 -13.969
  -8.599 -14.095 -14.095
  -8.442 -14.208 -14.208
  -8.329 -14.297 -14.297
  -8.239 -14.351 -14.351
  -8.166 -14.386 -14.386
  -8.103 -14.472 -14.472
  -8.048 -14.531 -14.531
  -7.999 -14.710 -14.710
  -7.955 -14.463 -14.689
  -7.916 -14.220 -14.585
  -7.879 -14.550 -14.764
  -7.846 -14.749 -14.749
  -7.815 -14.623 -14.623
  -7.786 -14.546 -14.719
  -7.758 -14.942 -14.942
  -7.733 -13.964 -14.977
  -7.709 -14.911 -14.911
  -7.686 -14.922 -14.922
  -7.664 -14.850 -14.850
  -7.643 -14.696 -14.883
  -7.624 -14.945 -14.945
  -7.605 -14.823 -14.996
  -7.586 -14.966 -14.966
  -7.569 -14.939 -14.939
  -7.552 -15.153 -15.153
  -7.536 -14.257 -15.043
  -7.521 -15.252 -15.252
  -7.506 -14.845 -15.059
  -7.491 -15.131 -15.131
  -7.477 -15.389 -15.389
  -7.464 -15.404 -15.722
  -7.451 -15.539 -15.539
  -7.438 -15.493 -15.493
  -7.425 -14.939 -15.487
  -7.413 -15.639 -15.639
  -7.401 -15.286 -15.286
  -7.390 -15.562 -15.562
  -7.379 -15.317 -15.539
  -7.368 -15.273 -15.803
  -7.357 -15.606 -15.606
  -7.347 -15.582 -15.787
  -7.337 -15.590 -15.590
  -7.327 -15.219 -15.651
  -7.317 -15.095 -15.610
  -7.308 -15.292 -15.667
  -7.299 -15.508 -15.508
  -7.290 -15.443 -15.665
  -7.281 -15.449 -15.956
  -7.272 -15.537 -15.979
  -7.264 -15.885 -15.885
  -7.255 -14.693 -15.871
  -7.247 -15.891 -15.891
  -7.239 -15.345 -15.624
  -7.231 -15.883 -16.304
  -7.223 -15.414 -15.975
  -7.216 -15.303 -15.541
  -7.208 -15.856 -16.069
  -7.201 -16.108 -16.108
  -7.194 -15.665 -15.888
  -7.187 -15.510 -15.665
  -7.180 -15.484 -15.650
  -7.173 -14.747 -15.032
  -7.166 -15.190 -15.884
  -7.159 -15.432 -15.867
  -7.153 -14.454 -15.044
  -7.146 -15.608 -15.760
  -7.140 -16.176 -16.497
  -7.133 -15.999 -16.297
  -7.127 -16.104 -16.104
  -7.121 -16.382 -16.382
  -7.115 -15.927 -16.115
  -7.109 -15.915 -15.915
  -7.103 -15.810 -16.471
  -7.098 -15.882 -16.134
  -7.092 -16.113 -16.487
  -7.086 -16.292 -16.292
  -7.081 -14.585 -15.582
  -7.075 -15.575 -16.345
  -7.070 -16.090 -16.616
  -7.064 -16.518 -16.691
  -7.059 -16.252 -16.410
  -7.054 -15.357 -15.761
  -7.049 -15.693 -16.124
  -7.043 -16.263 -16.620
  -7.038 -14.980 -16.105
  -7.033 -15.802 -16.422
  -7.029 -15.710 -16.392
  -7.024 -16.488 -16.488
  -7.019 -16.030 -16.030
  -7.014 -16.475 -17.056
  -7.009 -15.834 -16.010
  -7.005 -15.606 -16.035
  -7.000 -15.566 -15.952
  -6.995 -16.127 -16.359
  -6.991 -17.083 -22.754
  -6.986 -16.291 -16.820
  -6.982 -16.525 -17.059
  -6.978 -16.103 -16.653
  -6.973 -16.946 -17.288
  -6.969 -15.880 -16.848
  -6.965 -15.921 -16.112
  -6.961 -16.721 -16.924
  -6.956 -16.239 -16.239
  -6.952 -16.493 -16.868
  -6.948 -15.517 -16.358
  -6.944 -16.253 -16.555
  -6.940 -15.919 -16.312
  -6.936 -16.937 -17.109
  -6.932 -16.582 -16.998
  -6.928 -16.561 -16.837
  -6.924 -16.002 -16.979
  -6.920 -15.524 -16.531
  -6.917 -16.819 -17.152
  -6.913 -17.069 -17.585
  -6.909 -16.528 -16.748
  -6.905 -16.782 -17.147
  -6.902 -49.500     NaN
  -6.898 -16.586 -16.820
  -6.894 -16.408 -16.713
  -6.891 -16.414 -16.631
  -6.887 -16.480 -49.500
  -6.884 -49.500     NaN
  -6.880 -15.474 -16.599
  -6.877 -15.850 -16.861
  -6.873 -49.500     NaN
  -6.870 -16.936 -49.500
  -6.867 -16.191 -16.670
  -6.863 -49.500     NaN
  -6.860 -16.505 -16.673
  -6.857 -49.500     NaN
  -6.853 -49.500     NaN
  -6.850 -16.702 -17.164
  -6.847 -17.197 -49.500
  -6.844 -49.500     NaN
  -6.840 -16.319 -16.675
  -6.837 -49.500 -49.500
  -6.834 -49.500     NaN
  -6.831 -15.901 -16.120
  -6.828 -49.500     NaN
  -6.825 -49.500     NaN
  -6.822 -16.723 -49.500
  -6.819 -49.500     NaN
  -6.816 -17.218 -49.500
  -6.813 -16.578 -49.500
  -6.810 -16.925 -49.500
  -6.807 -49.500 -49.500
  -6.804 -49.500     NaN
  -6.801 -49.500     NaN
  -6.798 -49.500     NaN
  -6.795 -16.450 -16.960
  -6.792 -16.364 -49.500
  -6.789 -14.908 -15.967
  -6.787 -16.272 -16.489
  -6.784 -49.500     NaN
  -6.781 -16.246 -16.246
  -6.778 -49.500     NaN
  -6.775 -49.500     NaN
  -6.773 -49.500     NaN
  -6.770 -16.887 -49.500
  -6.767 -17.362 -49.500
  -6.765 -49.500     NaN
  -6.762 -16.405 -49.500
  -6.759 -16.566 -16.566
  -6.757 -16.178 -49.500
  -6.754 -49.500 -49.500
  -6.751 -49.500 -49.500
  -6.749 -49.500 -49.500
  -6.746 -16.569 -16.834
  -6.744 -16.997 -16.997
  -6.741 -16.529 -16.790
  -6.739 -49.500 -49.500
  -6.736 -16.777 -49.500
  -6.734 -49.500 -49.500
  -6.731 -49.500     NaN
  -6.729 -49.500 -49.500
  -6.726 -17.041 -49.500
  -6.724 -49.500 -49.500
  -6.721 -49.500     NaN
  -6.719 -49.500     NaN
  -6.717 -16.623 -49.500
  -6.714 -17.014 -49.500
  -6.712 -49.500 -49.500
  -6.709 -49.500 -49.500
  -6.707 -16.667 -16.667
  -6.705 -16.970 -49.500
  -6.702 -16.394 -16.748
  -6.700 -49.500 -49.500
  -6.698 -16.078 -16.078
  -6.696 -49.500     NaN
  -6.693 -49.500 -49.500
  -6.691 -49.500     NaN
  -6.689 -16.494 -16.494
  -6.687 -16.407 -16.407
  -6.684 -49.500 -49.500
  -6.682 -49.500 -49.500
  -6.680 -49.500 -49.500
  -6.678 -49.500 -49.500
  -6.675 -49.500 -49.500
  -6.673 -49.500 -49.500
  -6.671 -49.500 -49.500
  -6.669 -49.500 -49.500
  -6.667 -49.500 -49.500
  -6.665 -49.500 -49.500
  -6.663 -49.500 -49.500
  -6.661 -49.500 -49.500
  -6.658 -49.500     NaN
  -6.656 -49.500 -49.500
  -6.654 -49.500     NaN
  -6.652 -49.500 -49.500
  -6.650 -49.500     NaN
  -6.648 -16.301 -49.500
  -6.646 -16.589 -16.589
  -6.644 -49.500     NaN
  -6.642 -49.500 -49.500
  -6.640 -49.500 -49.500
  -6.638 -49.500 -49.500
  -6.636 -49.500 -49.500
  -6.634 -49.500 -49.500
  -6.632 -49.500     NaN
  -6.630 -49.500 -49.500
  -6.628 -16.694 -16.694
  -6.626 -49.500 -49.500
  -6.624 -49.500 -49.500
  -6.622 -49.500 -49.500
  -6.620 -15.301 -15.301
  -6.618 -49.500     NaN
  -6.617 -16.332 -16.332
  -6.615 -16.896 -16.896
  -6.613 -49.500     NaN
  -6.611 -49.500 -49.500
  -6.609 -49.500 -49.500
  -6.607 -16.019 -16.019
  -6.605 -49.500 -49.500
  -6.603 -49.500 -49.500
  -6.602 -49.500 -49.500
  -6.600 -49.500 -49.500
  -6.598 -16.957 -16.957
  -6.596 -49.500 -49.500
  -6.594 -49.500 -49.500
