  -8.861 -13.975 -13.975
  -8.599 -14.078 -14.078
  -8.442 -14.226 -14.226
  -8.329 -14.271 -14.271
  -8.239 -14.273 -14.273
  -8.166 -14.332 -14.332
  -8.103 -14.306 -14.306
  -8.048 -14.375 -14.571
  -7.999 -14.279 -14.600
  -7.955 -14.623 -14.623
  -7.916 -14.733 -14.733
  -7.879 -14.415 -14.811
  -7.846 -14.391 -14.801
  -7.815 -14.816 -14.816
  -7.786 -14.847 -14.847
  -7.758 -14.625 -14.874
  -7.733 -14.857 -14.857
  -7.709 -15.065 -15.065
  -7.686 -14.575 -14.821
  -7.664 -14.976 -14.976
  -7.643 -14.921 -14.921
  -7.624 -14.994 -14.994
  -7.605 -15.100 -15.100
  -7.586 -14.967 -14.967
  -7.569 -15.212 -15.390
  -7.552 -15.108 -15.108
  -7.536 -14.953 -14.953
  -7.521 -15.185 -15.341
  -7.506 -14.707 -15.117
  -7.491 -15.046 -15.046
  -7.477 -14.923 -14.923
  -7.464 -15.151 -15.314
  -7.451 -14.850 -15.209
  -7.438 -15.438 -15.593
  -7.425 -15.148 -15.350
  -7.413 -15.027 -15.326
  -7.401 -15.566 -15.566
  -7.390 -15.660 -15.660
  -7.379 -15.146 -15.368
  -7.368 -14.520 -15.985
  -7.357 -15.664 -15.848
  -7.347 -15.796 -16.012
  -7.337 -15.842 -15.842
  -7.327 -15.405 -15.405
  -7.317 -14.871 -15.481
  -7.308 -15.360 -15.360
  -7.299 -14.818 -15.553
  -7.290 -15.470 -15.470
  -7.281 -15.872 -15.872
  -7.272 -15.802 -16.119
  -7.264 -15.540 -15.777
  -7.255 -15.278 -15.278
  -7.247 -15.578 -15.578
  -7.239 -15.604 -15.882
  -7.231 -15.979 -16.136
  -7.223 -15.908 -16.074
  -7.216 -15.688 -16.052
  -7.208 -15.842 -16.144
  -7.201 -15.832 -16.024
  -7.194 -15.404 -15.652
  -7.187 -15.521 -15.773
  -7.180 -16.038 -16.038
  -7.173 -15.624 -15.624
  -7.166 -16.128 -16.128
  -7.159 -16.370 -16.370
  -7.153 -15.321 -15.872
  -7.146 -15.589 -15.864
  -7.140 -16.227 -16.448
  -7.133 -15.863 -16.019
  -7.127 -15.664 -15.941
  -7.121 -15.890 -15.890
  -7.115 -15.610 -16.313
  -7.109 -15.917 -16.525
  -7.103 -16.065 -16.065
  -7.098 -15.738 -15.977
  -7.092 -16.254 -16.254
  -7.086 -15.898 -15.898
  -7.081 -15.120 -16.032
  -7.075 -16.434 -16.434
  -7.070 -16.183 -16.475
  -7.064 -16.211 -16.578
  -7.059 -15.769 -16.009
  -7.054 -16.568 -16.890
  -7.049 -15.748 -15.980
  -7.043 -16.480 -16.704
  -7.038 -15.497 -16.054
  -7.033 -15.655 -16.068
  -7.029 -16.220 -16.392
  -7.024 -16.832 -16.998
  -7.019 -15.828 -16.004
  -7.014 -16.692 -16.959
  -7.009 -16.552 -16.815
  -7.005 -15.800 -16.354
  -7.000 -16.257 -16.257
  -6.995 -15.551 -15.785
  -6.991 -16.043 -16.916
  -6.986 -15.735 -16.278
  -6.982 -16.459 -16.781
  -6.978 -16.641 -22.661
  -6.973 -15.997 -16.593
  -6.969 -15.940 -16.543
  -6.965 -16.504 -16.987
  -6.961 -16.251 -16.575
  -6.956 -15.906 -16.386
  -6.952 -16.795 -17.426
  -6.948 -15.885 -16.316
  -6.944 -16.295 -16.506
  -6.940 -16.382 -16.565
  -6.936 -14.728 -16.340
  -6.932 -16.025 -17.092
  -6.928 -15.125 -16.421
  -6.924 -15.569 -49.500
  -6.920 -16.375 -49.500
  -6.917 -15.456 -17.246
  -6.913 -49.500 -49.500
  -6.909 -15.310 -16.446
  -6.905 -16.154 -16.505
  -6.902 -16.157 -16.566
  -6.898 -17.169 -49.500
  -6.894 -16.615 -22.366
  -6.891 -16.761 -17.136
  -6.887 -16.048 -16.598
  -6.884 -16.377 -17.167
  -6.880 -16.388 -16.698
  -6.877 -49.500     NaN
  -6.873 -17.182 -49.500
  -6.870 -49.500     NaN
  -6.867 -16.230 -16.460
  -6.863 -16.818 -49.500
  -6.860 -16.521 -49.500
  -6.857 -15.451 -49.500
  -6.853 -17.357 -49.500
  -6.850 -17.034 -49.500
  -6.847 -49.500 -49.500
  -6.844 -15.760 -16.210
  -6.840 -16.300 -16.793
  -6.837 -16.111 -16.463
  -6.834 -49.500     NaN
  -6.831 -16.374 -17.052
  -6.828 -49.500 -49.500
  -6.825 -49.500     NaN
  -6.822 -16.367 -16.754
  -6.819 -16.936 -17.269
  -6.816 -16.619 -16.854
  -6.813 -16.591 -49.500
  -6.810 -49.500     NaN
  -6.807 -16.874 -49.500
  -6.804 -16.959 -17.213
  -6.801 -16.878 -49.500
  -6.798 -49.500     NaN
  -6.795 -49.500     NaN
  -6.792 -16.104 -49.500
  -6.789 -49.500 -49.500
  -6.787 -16.525 -49.500
  -6.784 -49.500     NaN
  -6.781 -16.884 -16.884
  -6.778 -16.622 -49.500
  -6.775 -49.500     NaN
  -6.773 -16.633 -49.500
  -6.770 -17.107 -49.500
  -6.767 -49.500     NaN
  -6.765 -49.500     NaN
  -6.762 -16.413 -16.576
  -6.759 -49.500 -49.500
  -6.757 -49.500     NaN
  -6.754 -16.157 -49.500
  -6.751 -49.500     NaN
  -6.749 -49.500     NaN
  -6.746 -49.500     NaN
  -6.744 -16.600 -49.500
  -6.741 -15.372 -16.550
  -6.739 -49.500     NaN
  -6.736 -49.500 -49.500
  -6.734 -49.500 -49.500
  -6.731 -15.824 -15.824
  -6.729 -15.313 -16.912
  -6.726 -16.212 -16.212
  -6.724 -15.914 -15.914
  -6.721 -49.500 -49.500
  -6.719 -49.500 -49.500
  -6.717 -49.500     NaN
  -6.714 -15.971 -49.500
  -6.712 -49.500     NaN
  -6.709 -49.500 -49.500
  -6.707 -49.500     NaN
  -6.705 -49.500 -49.500
  -6.702 -49.500 -49.500
  -6.700 -16.869 -16.869
  -6.698 -49.500 -49.500
  -6.696 -49.500     NaN
  -6.693 -16.191 -16.191
  -6.691 -16.551 -16.551
  -6.689 -49.500     NaN
  -6.687 -16.862 -16.862
  -6.684 -49.500 -49.500
  -6.682 -49.500 -49.500
  -6.680 -49.500 -49.500
  -6.678 -49.500 -49.500
  -6.675 -16.401 -16.401
  -6.673 -49.500 -49.500
  -6.671 -49.500     NaN
  -6.669 -49.500     NaN
  -6.667 -49.500 -49.500
  -6.665 -49.500 -49.500
  -6.663 -49.500 -49.500
  -6.661 -49.500 -49.500
  -6.658 -49.500 -49.500
  -6.656 -15.903 -16.866
  -6.654 -49.500 -49.500
  -6.652 -49.500 -49.500
  -6.650 -49.500 -49.500
  -6.648 -49.500 -49.500
  -6.646 -49.500 -49.500
  -6.644 -49.500 -49.500
  -6.642 -49.500 -49.500
  -6.640 -49.500 -49.500
  -6.638 -49.500 -49.500
  -6.636 -16.596 -16.596
  -6.634 -49.500 -49.500
  -6.632 -49.500 -49.500
  -6.630 -49.500 -49.500
  -6.628 -16.388 -16.388
  -6.626 -49.500 -49.500
  -6.624 -49.500 -49.500
  -6.622 -49.500     NaN
  -6.620 -49.500     NaN
  -6.618 -49.500 -49.500
  -6.617 -49.500 -49.500
  -6.615 -49.500 -49.500
  -6.613 -49.500 -49.500
  -6.611 -49.500     NaN
  -6.609 -49.500 -49.500
  -6.607 -49.500 -49.500
  -6.605 -49.500 -49.500
  -6.603 -49.500 -49.500
  -6.602 -49.500 -49.500
  -6.600 -49.500 -49.500
  -6.598 -49.500 -49.500
  -6.596 -49.500 -49.500
  -6.594 -49.500 -49.500
