  -8.861 -13.959 -13.959
  -8.599 -14.027 -14.027
  -8.442 -14.269 -14.269
  -8.329 -14.265 -14.265
  -8.239 -14.403 -14.403
  -8.166 -14.319 -14.483
  -8.103 -14.599 -14.599
  -8.048 -14.351 -14.649
  -7.999 -14.550 -14.550
  -7.955 -14.701 -14.701
  -7.916 -14.703 -14.703
  -7.879 -14.865 -14.865
  -7.846 -14.846 -14.846
  -7.815 -14.497 -14.702
  -7.786 -14.767 -14.767
  -7.758 -14.676 -14.676
  -7.733 -14.983 -14.983
  -7.709 -14.826 -15.013
  -7.686 -14.795 -14.795
  -7.664 -14.974 -14.974
  -7.643 -15.032 -15.032
  -7.624 -15.059 -15.059
  -7.605 -15.062 -15.062
  -7.586 -14.973 -14.973
  -7.569 -15.099 -15.099
  -7.552 -15.027 -15.027
  -7.536 -15.282 -15.282
  -7.521 -15.232 -15.232
  -7.506 -14.910 -14.910
  -7.491 -15.389 -15.389
  -7.477 -15.299 -15.465
  -7.464 -15.193 -15.193
  -7.451 -14.904 -15.218
  -7.438 -15.206 -15.448
  -7.425 -15.520 -15.520
  -7.413 -15.595 -15.595
  -7.401 -14.355 -15.130
  -7.390 -15.391 -15.391
  -7.379 -15.250 -15.752
  -7.368 -15.401 -15.749
  -7.357 -15.261 -15.708
  -7.347 -15.092 -15.552
  -7.337 -15.795 -15.795
  -7.327 -14.093 -14.783
  -7.317 -15.671 -15.977
  -7.308 -15.523 -15.695
  -7.299 -15.456 -15.850
  -7.290 -15.969 -15.969
  -7.281 -15.422 -15.422
  -7.272 -16.046 -16.046
  -7.264 -14.540 -15.240
  -7.255 -15.472 -15.637
  -7.247 -15.389 -15.681
  -7.239 -15.559 -15.559
  -7.231 -15.572 -16.055
  -7.223 -16.242 -16.242
  -7.216 -15.984 -15.984
  -7.208 -16.246 -16.246
  -7.201 -15.683 -15.683
  -7.194 -15.273 -15.875
  -7.187 -16.139 -16.139
  -7.180 -15.954 -16.215
  -7.173 -15.261 -16.110
  -7.166 -15.726 -15.934
  -7.159 -16.098 -16.098
  -7.153 -16.384 -16.561
  -7.146 -16.164 -16.326
  -7.140 -16.660 -16.920
  -7.133 -16.319 -16.319
  -7.127 -16.144 -16.555
  -7.121 -16.106 -16.106
  -7.115 -15.757 -15.963
  -7.109 -16.296 -16.296
  -7.103 -15.393 -15.780
  -7.098 -15.797 -15.957
  -7.092 -15.969 -15.969
  -7.086 -16.500 -16.728
  -7.081 -15.851 -16.115
  -7.075 -15.919 -16.097
  -7.070 -16.285 -16.463
  -7.064 -16.301 -16.301
  -7.059 -16.084 -16.292
  -7.054 -16.375 -16.375
  -7.049 -16.130 -16.130
  -7.043 -16.034 -16.282
  -7.038 -15.567 -16.233
  -7.033 -14.890 -15.951
  -7.029 -15.728 -16.289
  -7.024 -14.283 -16.192
  -7.019 -16.715 -16.715
  -7.014 -16.036 -16.338
  -7.009 -16.543 -16.782
  -7.005 -16.719 -16.719
  -7.000 -17.085 -49.500
  -6.995 -16.411 -16.730
  -6.991 -15.072 -17.027
  -6.986 -16.930 -17.113
  -6.982 -15.968 -16.609
  -6.978 -16.385 -16.587
  -6.973 -16.893 -17.046
  -6.969 -16.076 -16.517
  -6.965 -16.754 -49.500
  -6.961 -16.370 -16.591
  -6.956 -15.913 -16.280
  -6.952 -16.789 -49.500
  -6.948 -21.769 -21.769
  -6.944 -16.025 -16.746
  -6.940 -16.216 -22.595
  -6.936 -16.143 -16.753
  -6.932 -15.890 -17.430
  -6.928 -16.450 -16.450
  -6.924 -16.183 -17.151
  -6.920 -16.368 -16.648
  -6.917 -15.452 -16.243
  -6.913 -16.201 -16.695
  -6.909 -15.557 -16.687
  -6.905 -16.274 -22.995
  -6.902 -16.006 -16.445
  -6.898 -16.830 -17.083
  -6.894 -21.487 -21.487
  -6.891 -16.253 -16.733
  -6.887 -17.109 -49.500
  -6.884 -49.500     NaN
  -6.880 -49.500     NaN
  -6.877 -16.078 -49.500
  -6.873 -16.216 -17.077
  -6.870 -17.041 -49.500
  -6.867 -49.500     NaN
  -6.863 -16.698 -16.871
  -6.860 -16.036 -17.123
  -6.857 -49.500 -49.500
  -6.853 -16.936 -49.500
  -6.850 -49.500 -49.500
  -6.847 -16.107 -49.500
  -6.844 -16.246 -49.500
  -6.840 -16.743 -17.188
  -6.837 -49.500 -49.500
  -6.834 -49.500     NaN
  -6.831 -49.500 -49.500
  -6.828 -15.266 -16.726
  -6.825 -49.500     NaN
  -6.822 -16.600 -17.121
  -6.819 -16.847 -49.500
  -6.816 -16.944 -17.206
  -6.813 -49.500     NaN
  -6.810 -15.761 -49.500
  -6.807 -49.500 -49.500
  -6.804 -16.783 -17.060
  -6.801 -49.500     NaN
  -6.798 -49.500     NaN
  -6.795 -16.276 -16.717
  -6.792 -17.047 -17.047
  -6.789 -49.500     NaN
  -6.787 -49.500 -49.500
  -6.784 -16.822 -49.500
  -6.781 -16.060 -49.500
  -6.778 -16.944 -49.500
  -6.775 -49.500     NaN
  -6.773 -16.302 -49.500
  -6.770 -49.500     NaN
  -6.767 -16.816 -49.500
  -6.765 -49.500     NaN
  -6.762 -15.325 -49.500
  -6.759 -16.713 -49.500
  -6.757 -49.500 -49.500
  -6.754 -16.602 -49.500
  -6.751 -49.500     NaN
  -6.749 -16.087 -16.281
  -6.746 -49.500 -49.500
  -6.744 -49.500 -49.500
  -6.741 -49.500 -49.500
  -6.739 -49.500     NaN
  -6.736 -49.500 -49.500
  -6.734 -49.500 -49.500
  -6.731 -49.500 -49.500
  -6.729 -49.500     NaN
  -6.726 -49.500 -49.500
  -6.724 -16.336 -16.539
  -6.721 -49.500     NaN
  -6.719 -49.500     NaN
  -6.717 -49.500     NaN
  -6.714 -16.428 -16.428
  -6.712 -49.500     NaN
  -6.709 -49.500     NaN
  -6.707 -16.566 -16.566
  -6.705 -49.500     NaN
  -6.702 -49.500     NaN
  -6.700 -49.500 -49.500
  -6.698 -49.500 -49.500
  -6.696 -16.074 -16.074
  -6.693 -49.500 -49.500
  -6.691 -49.500 -49.500
  -6.689 -49.500 -49.500
  -6.687 -17.047 -49.500
  -6.684 -49.500     NaN
  -6.682 -49.500 -49.500
  -6.680 -49.500 -49.500
  -6.678 -49.500     NaN
  -6.675 -16.707 -49.500
  -6.673 -49.500 -49.500
  -6.671 -49.500 -49.500
  -6.669 -49.500 -49.500
  -6.667 -16.554 -16.554
  -6.665 -49.500 -49.500
  -6.663 -49.500 -49.500
  -6.661 -15.678 -49.500
  -6.658 -16.838 -16.838
  -6.656 -49.500 -49.500
  -6.654 -15.835 -49.500
  -6.652 -49.500 -49.500
  -6.650 -49.500 -49.500
  -6.648 -49.500 -49.500
  -6.646 -15.509 -49.500
  -6.644 -49.500 -49.500
  -6.642 -16.568 -16.568
  -6.640 -49.500 -49.500
  -6.638 -16.335 -16.335
  -6.636 -49.500 -49.500
  -6.634 -15.942 -15.942
  -6.632 -49.500     NaN
  -6.630 -49.500 -49.500
  -6.628 -49.500 -49.500
  -6.626 -49.500 -49.500
  -6.624 -49.500 -49.500
  -6.622 -16.080 -16.080
  -6.620 -49.500 -49.500
  -6.618 -49.500 -49.500
  -6.617 -16.131 -16.131
  -6.615 -49.500 -49.500
  -6.613 -49.500 -49.500
  -6.611 -16.137 -16.137
  -6.609 -49.500 -49.500
  -6.607 -49.500 -49.500
  -6.605 -16.735 -16.735
  -6.603 -49.500 -49.500
  -6.602 -49.500 -49.500
  -6.600 -49.500 -49.500
  -6.598 -49.500 -49.500
  -6.596 -49.500 -49.500
  -6.594 -15.227 -49.500
