  -8.861 -13.933 -13.933
  -8.599 -14.144 -14.144
  -8.442 -14.044 -14.044
  -8.329 -14.340 -14.340
  -8.239 -14.364 -14.364
  -8.166 -14.392 -14.392
  -8.103 -13.959 -14.467
  -8.048 -14.585 -14.585
  -7.999 -14.468 -14.653
  -7.955 -14.482 -14.482
  -7.916 -14.452 -14.604
  -7.879 -14.815 -14.815
  -7.846 -14.626 -14.626
  -7.815 -14.824 -14.824
  -7.786 -14.880 -14.880
  -7.758 -14.960 -14.960
  -7.733 -14.917 -14.917
  -7.709 -14.683 -14.943
  -7.686 -14.924 -15.135
  -7.664 -14.837 -15.079
  -7.643 -15.146 -15.146
  -7.624 -15.081 -15.081
  -7.605 -15.008 -15.008
  -7.586 -14.623 -15.246
  -7.569 -14.725 -15.088
  -7.552 -14.915 -15.239
  -7.536 -14.785 -15.136
  -7.521 -15.134 -15.134
  -7.506 -15.088 -15.365
  -7.491 -15.189 -15.189
  -7.477 -14.858 -15.099
  -7.464 -15.555 -15.555
  -7.451 -15.403 -15.403
  -7.438 -15.628 -15.628
  -7.425 -15.408 -15.408
  -7.413 -15.076 -15.883
  -7.401 -14.986 -15.352
  -7.390 -15.530 -15.707
  -7.379 -15.918 -16.138
  -7.368 -15.528 -15.528
  -7.357 -15.092 -15.410
  -7.347 -15.881 -15.881
  -7.337 -15.081 -15.322
  -7.327 -15.800 -15.800
  -7.317 -16.084 -16.084
  -7.308 -14.691 -15.297
  -7.299 -15.505 -15.505
  -7.290 -15.905 -15.905
  -7.281 -15.729 -15.729
  -7.272 -15.696 -15.944
  -7.264 -15.346 -15.652
  -7.255 -15.526 -15.526
  -7.247 -15.495 -16.086
  -7.239 -15.742 -15.742
  -7.231 -15.508 -15.666
  -7.223 -15.204 -15.390
  -7.216 -16.018 -16.018
  -7.208 -14.684 -15.694
  -7.201 -16.187 -16.187
  -7.194 -14.571 -15.448
  -7.187 -15.917 -16.285
  -7.180 -15.893 -15.893
  -7.173 -15.119 -16.104
  -7.166 -15.770 -16.283
  -7.159 -15.900 -16.331
  -7.153 -16.059 -16.059
  -7.146 -15.601 -15.944
  -7.140 -15.882 -15.882
  -7.133 -15.743 -16.180
  -7.127 -15.132 -15.289
  -7.121 -16.522 -16.702
  -7.115 -15.823 -16.308
  -7.109 -16.222 -16.387
  -7.103 -15.784 -16.129
  -7.098 -16.430 -16.430
  -7.092 -15.103 -16.054
  -7.086 -15.799 -16.172
  -7.081 -15.945 -16.323
  -7.075 -15.456 -16.228
  -7.070 -16.403 -16.403
  -7.064 -16.239 -16.513
  -7.059 -16.509 -16.692
  -7.054 -16.074 -16.074
  -7.049 -15.710 -15.892
  -7.043 -16.973 -17.341
  -7.038 -16.627 -16.627
  -7.033 -16.167 -16.325
  -7.029 -16.459 -16.459
  -7.024 -15.787 -16.978
  -7.019 -16.346 -16.712
  -7.014 -16.119 -16.288
  -7.009 -16.128 -17.580
  -7.005 -15.838 -16.015
  -7.000 -16.483 -16.483
  -6.995 -15.452 -16.220
  -6.991 -15.998 -16.253
  -6.986 -16.558 -17.164
  -6.982 -17.269 -49.500
  -6.978 -17.004 -49.500
  -6.973 -16.125 -16.883
  -6.969 -16.661 -16.876
  -6.965 -16.326 -16.562
  -6.961 -17.272 -49.500
  -6.956 -16.216 -16.216
  -6.952 -16.639 -16.875
  -6.948 -22.592 -22.592
  -6.944 -15.658 -16.500
  -6.940 -15.581 -15.817
  -6.936 -16.733 -16.980
  -6.932 -16.229 -16.785
  -6.928 -16.686 -17.048
  -6.924 -15.695 -16.075
  -6.920 -16.535 -16.535
  -6.917 -16.439 -49.500
  -6.913 -15.990 -16.251
  -6.909 -16.528 -16.682
  -6.905 -16.206 -17.255
  -6.902 -16.331 -16.646
  -6.898 -16.566 -16.911
  -6.894 -16.129 -16.626
  -6.891 -16.717 -49.500
  -6.887 -16.935 -49.500
  -6.884 -16.818 -49.500
  -6.880 -49.500     NaN
  -6.877 -16.201 -16.534
  -6.873 -15.976 -49.500
  -6.870 -16.914 -17.247
  -6.867 -15.081 -16.342
  -6.863 -14.881 -15.071
  -6.860 -49.500 -49.500
  -6.857 -49.500     NaN
  -6.853 -49.500     NaN
  -6.850 -49.500     NaN
  -6.847 -17.084 -49.500
  -6.844 -49.500     NaN
  -6.840 -16.036 -16.036
  -6.837 -16.663 -49.500
  -6.834 -49.500     NaN
  -6.831 -17.212 -49.500
  -6.828 -17.149 -49.500
  -6.825 -49.500 -49.500
  -6.822 -16.719 -49.500
  -6.819 -16.411 -16.794
  -6.816 -17.003 -49.500
  -6.813 -16.722 -49.500
  -6.810 -16.983 -17.177
  -6.807 -15.683 -16.523
  -6.804 -16.790 -49.500
  -6.801 -16.768 -49.500
  -6.798 -49.500 -49.500
  -6.795 -49.500 -49.500
  -6.792 -15.238 -15.917
  -6.789 -49.500     NaN
  -6.787 -49.500     NaN
  -6.784 -49.500 -49.500
  -6.781 -15.867 -49.500
  -6.778 -49.500     NaN
  -6.775 -16.341 -49.500
  -6.773 -49.500     NaN
  -6.770 -49.500     NaN
  -6.767 -16.251 -16.562
  -6.765 -16.159 -16.650
  -6.762 -49.500 -49.500
  -6.759 -49.500     NaN
  -6.757 -49.500 -49.500
  -6.754 -49.500     NaN
  -6.751 -16.287 -16.287
  -6.749 -16.973 -16.973
  -6.746 -17.115 -49.500
  -6.744 -16.843 -49.500
  -6.741 -16.308 -16.704
  -6.739 -49.500 -49.500
  -6.736 -49.500 -49.500
  -6.734 -49.500     NaN
  -6.731 -15.752 -49.500
  -6.729 -16.766 -16.766
  -6.726 -16.381 -49.500
  -6.724 -49.500 -49.500
  -6.721 -49.500 -49.500
  -6.719 -16.581 -16.581
  -6.717 -49.500 -49.500
  -6.714 -49.500 -49.500
  -6.712 -49.500 -49.500
  -6.709 -49.500 -49.500
  -6.707 -49.500 -49.500
  -6.705 -49.500 -49.500
  -6.702 -49.500 -49.500
  -6.700 -17.158 -49.500
  -6.698 -16.534 -16.534
  -6.696 -49.500 -49.500
  -6.693 -49.500 -49.500
  -6.691 -49.500     NaN
  -6.689 -49.500 -49.500
  -6.687 -49.500 -49.500
  -6.684 -49.500     NaN
  -6.682 -49.500 -49.500
  -6.680 -49.500 -49.500
  -6.678 -49.500     NaN
  -6.675 -49.500 -49.500
  -6.673 -49.500     NaN
  -6.671 -49.500     NaN
  -6.669 -16.481 -16.659
  -6.667 -49.500 -49.500
  -6.665 -49.500 -49.500
  -6.663 -49.500 -49.500
  -6.661 -49.500     NaN
  -6.658 -49.500 -49.500
  -6.656 -49.500 -49.500
  -6.654 -49.500 -49.500
  -6.652 -49.500 -49.500
  -6.650 -49.500 -49.500
  -6.648 -49.500 -49.500
  -6.646 -16.332 -49.500
  -6.644 -49.500 -49.500
  -6.642 -49.500     NaN
  -6.640 -49.500 -49.500
  -6.638 -49.500 -49.500
  -6.636 -49.500 -49.500
  -6.634 -49.500 -49.500
  -6.632 -49.500 -49.500
  -6.630 -49.500 -49.500
  -6.628 -49.500 -49.500
  -6.626 -49.500 -49.500
  -6.624 -49.500 -49.500
  -6.622 -49.500 -49.500
  -6.620 -49.500 -49.500
  -6.618 -49.500 -49.500
  -6.617 -49.500     NaN
  -6.615 -49.500 -49.500
  -6.613 -16.878 -49.500
  -6.611 -49.500 -49.500
  -6.609 -49.500 -49.500
  -6.607 -49.500 -49.500
  -6.605 -49.500 -49.500
  -6.603 -16.630 -16.926
  -6.602 -49.500 -49.500
  -6.600 -49.500 -49.500
  -6.598 -49.500 -49.500
  -6.596 -49.500 -49.500
  -6.594 -49.500 -49.500
