  -8.861 -13.977 -13.977
  -8.599 -14.127 -14.127
  -8.442 -14.259 -14.259
  -8.329 -14.280 -14.280
  -8.239 -14.382 -14.382
  -8.166 -14.394 -14.394
  -8.103 -14.615 -14.615
  -8.048 -14.503 -14.503
  -7.999 -14.505 -14.505
  -7.955 -14.415 -14.641
  -7.916 -14.661 -14.661
  -7.879 -14.747 -14.747
  -7.846 -14.770 -14.770
  -7.815 -14.257 -14.521
  -7.786 -14.848 -14.848
  -7.758 -14.684 -14.684
  -7.733 -14.789 -14.789
  -7.709 -14.584 -14.799
  -7.686 -14.724 -14.724
  -7.664 -14.999 -14.999
  -7.643 -15.012 -15.012
  -7.624 -14.943 -15.246
  -7.605 -14.934 -15.164
  -7.586 -15.091 -15.091
  -7.569 -15.014 -15.014
  -7.552 -14.911 -15.080
  -7.536 -14.526 -15.292
  -7.521 -15.360 -15.360
  -7.506 -15.464 -15.464
  -7.491 -15.390 -15.390
  -7.477 -15.469 -15.469
  -7.464 -15.037 -15.309
  -7.451 -14.816 -15.068
  -7.438 -15.221 -15.536
  -7.425 -15.220 -15.220
  -7.413 -15.085 -15.085
  -7.401 -15.664 -15.664
  -7.390 -15.390 -15.390
  -7.379 -15.621 -15.775
  -7.368 -15.416 -15.898
  -7.357 -15.007 -15.245
  -7.347 -15.664 -15.664
  -7.337 -15.580 -15.965
  -7.327 -15.719 -15.924
  -7.317 -15.728 -15.728
  -7.308 -15.885 -15.885
  -7.299 -14.474 -15.650
  -7.290 -15.215 -15.682
  -7.281 -15.151 -15.314
  -7.272 -15.269 -15.474
  -7.264 -15.648 -15.648
  -7.255 -15.363 -15.363
  -7.247 -15.724 -16.037
  -7.239 -15.667 -15.980
  -7.231 -15.302 -15.694
  -7.223 -15.197 -15.366
  -7.216 -15.214 -15.928
  -7.208 -15.212 -15.737
  -7.201 -15.721 -16.332
  -7.194 -15.526 -16.016
  -7.187 -15.890 -16.072
  -7.180 -15.779 -15.929
  -7.173 -15.867 -16.090
  -7.166 -15.847 -15.847
  -7.159 -15.447 -15.955
  -7.153 -16.289 -16.648
  -7.146 -15.688 -16.437
  -7.140 -16.064 -16.064
  -7.133 -15.567 -15.567
  -7.127 -16.597 -16.597
  -7.121 -15.014 -15.614
  -7.115 -15.842 -16.069
  -7.109 -16.319 -16.319
  -7.103 -16.174 -16.174
  -7.098 -15.878 -16.372
  -7.092 -16.254 -16.430
  -7.086 -16.213 -16.213
  -7.081 -15.418 -15.918
  -7.075 -15.954 -16.380
  -7.070 -16.078 -16.274
  -7.064 -15.816 -16.164
  -7.059 -15.763 -15.990
  -7.054 -16.617 -16.617
  -7.049 -16.153 -16.153
  -7.043 -16.410 -16.754
  -7.038 -15.960 -16.722
  -7.033 -16.226 -16.412
  -7.029 -16.195 -16.195
  -7.024 -15.765 -15.957
  -7.019 -15.439 -16.054
  -7.014 -15.713 -15.995
  -7.009 -16.614 -16.777
  -7.005 -16.189 -16.434
  -7.000 -16.152 -16.361
  -6.995 -15.766 -16.374
  -6.991 -16.136 -16.548
  -6.986 -16.695 -16.910
  -6.982 -16.386 -16.610
  -6.978 -16.640 -16.875
  -6.973 -16.452 -16.794
  -6.969 -17.034 -21.961
  -6.965 -16.512 -17.408
  -6.961 -16.731 -17.344
  -6.956 -16.664 -16.839
  -6.952 -16.236 -16.522
  -6.948 -14.764 -17.507
  -6.944 -16.505 -16.984
  -6.940 -16.005 -16.213
  -6.936 -16.908 -49.500
  -6.932 -16.778 -49.500
  -6.928 -16.496 -16.496
  -6.924 -15.913 -16.647
  -6.920 -16.752 -23.109
  -6.917 -49.500     NaN
  -6.913 -16.247 -16.486
  -6.909 -16.972 -23.083
  -6.905 -16.129 -16.606
  -6.902 -16.608 -16.608
  -6.898 -49.500     NaN
  -6.894 -16.634 -16.911
  -6.891 -16.080 -16.080
  -6.887 -16.553 -16.826
  -6.884 -16.028 -16.247
  -6.880 -15.998 -49.500
  -6.877 -16.191 -49.500
  -6.873 -49.500 -49.500
  -6.870 -16.201 -16.495
  -6.867 -15.452 -49.500
  -6.863 -16.432 -49.500
  -6.860 -49.500     NaN
  -6.857 -49.500     NaN
  -6.853 -16.557 -16.727
  -6.850 -49.500     NaN
  -6.847 -16.653 -49.500
  -6.844 -16.697 -49.500
  -6.840 -16.780 -49.500
  -6.837 -15.772 -49.500
  -6.834 -16.717 -16.922
  -6.831 -15.157 -15.157
  -6.828 -49.500     NaN
  -6.825 -16.600 -16.814
  -6.822 -16.758 -17.317
  -6.819 -49.500     NaN
  -6.816 -16.712 -49.500
  -6.813 -49.500     NaN
  -6.810 -49.500     NaN
  -6.807 -49.500     NaN
  -6.804 -15.882 -49.500
  -6.801 -15.745 -16.029
  -6.798 -15.069 -49.500
  -6.795 -16.378 -49.500
  -6.792 -49.500     NaN
  -6.789 -16.844 -49.500
  -6.787 -16.112 -16.986
  -6.784 -49.500     NaN
  -6.781 -16.942 -49.500
  -6.778 -15.864 -49.500
  -6.775 -49.500 -49.500
  -6.773 -17.078 -49.500
  -6.770 -15.995 -49.500
  -6.767 -49.500     NaN
  -6.765 -16.349 -49.500
  -6.762 -16.156 -49.500
  -6.759 -49.500     NaN
  -6.757 -16.358 -16.358
  -6.754 -16.376 -16.582
  -6.751 -16.644 -49.500
  -6.749 -16.655 -49.500
  -6.746 -49.500 -49.500
  -6.744 -16.705 -16.705
  -6.741 -49.500     NaN
  -6.739 -49.500     NaN
  -6.736 -49.500 -49.500
  -6.734 -49.500 -49.500
  -6.731 -16.204 -49.500
  -6.729 -49.500 -49.500
  -6.726 -49.500     NaN
  -6.724 -16.685 -16.685
  -6.721 -16.368 -16.368
  -6.719 -49.500 -49.500
  -6.717 -49.500     NaN
  -6.714 -16.349 -16.349
  -6.712 -49.500     NaN
  -6.709 -49.500 -49.500
  -6.707 -16.541 -16.541
  -6.705 -49.500 -49.500
  -6.702 -49.500 -49.500
  -6.700 -49.500 -49.500
  -6.698 -49.500 -49.500
  -6.696 -17.044 -49.500
  -6.693 -49.500 -49.500
  -6.691 -49.500     NaN
  -6.689 -16.561 -49.500
  -6.687 -49.500 -49.500
  -6.684 -49.500 -49.500
  -6.682 -49.500     NaN
  -6.680 -49.500 -49.500
  -6.678 -49.500     NaN
  -6.675 -49.500 -49.500
  -6.673 -49.500     NaN
  -6.671 -49.500 -49.500
  -6.669 -15.701 -49.500
  -6.667 -49.500 -49.500
  -6.665 -49.500 -49.500
  -6.663 -16.525 -49.500
  -6.661 -49.500 -49.500
  -6.658 -49.500 -49.500
  -6.656 -49.500 -49.500
  -6.654 -49.500 -49.500
  -6.652 -16.081 -16.081
  -6.650 -49.500 -49.500
  -6.648 -49.500 -49.500
  -6.646 -49.500 -49.500
  -6.644 -49.500 -49.500
  -6.642 -49.500 -49.500
  -6.640 -49.500 -49.500
  -6.638 -49.500 -49.500
  -6.636 -49.500 -49.500
  -6.634 -49.500 -49.500
  -6.632 -49.500 -49.500
  -6.630 -49.500 -49.500
  -6.628 -16.708 -49.500
  -6.626 -49.500 -49.500
  -6.624 -15.868 -15.868
  -6.622 -49.500 -49.500
  -6.620 -49.500 -49.500
  -6.618 -16.849 -49.500
  -6.617 -49.500 -49.500
  -6.615 -49.500 -49.500
  -6.613 -49.500 -49.500
  -6.611 -49.500 -49.500
  -6.609 -49.500 -49.500
  -6.607 -16.823 -17.101
  -6.605 -49.500 -49.500
  -6.603 -49.500 -49.500
  -6.602 -16.219 -16.219
  -6.600 -49.500 -49.500
  -6.598 -49.500 -49.500
  -6.596 -49.500 -49.500
  -6.594 -49.500 -49.500
