  -8.861 -13.996 -13.996
  -8.599 -14.149 -14.149
  -8.442 -14.149 -14.149
  -8.329 -14.291 -14.291
  -8.239 -14.277 -14.277
  -8.166 -14.471 -14.471
  -8.103 -14.466 -14.466
  -8.048 -14.541 -14.541
  -7.999 -14.552 -14.552
  -7.955 -14.648 -14.648
  -7.916 -14.628 -14.628
  -7.879 -14.679 -14.679
  -7.846 -14.577 -14.833
  -7.815 -14.900 -14.900
  -7.786 -14.750 -14.750
  -7.758 -14.775 -14.775
  -7.733 -14.792 -14.964
  -7.709 -14.817 -14.817
  -7.686 -14.591 -14.821
  -7.664 -15.150 -15.150
  -7.643 -15.135 -15.135
  -7.624 -14.951 -15.167
  -7.605 -15.323 -15.323
  -7.586 -14.912 -15.100
  -7.569 -14.941 -14.941
  -7.552 -15.279 -15.279
  -7.536 -15.264 -15.264
  -7.521 -15.511 -15.511
  -7.506 -15.170 -15.170
  -7.491 -15.178 -15.360
  -7.477 -14.858 -15.274
  -7.464 -15.035 -15.324
  -7.451 -15.169 -15.169
  -7.438 -14.902 -15.079
  -7.425 -15.296 -15.296
  -7.413 -14.991 -14.991
  -7.401 -15.591 -15.591
  -7.390 -15.072 -15.072
  -7.379 -15.414 -15.414
  -7.368 -15.353 -15.503
  -7.357 -15.309 -15.309
  -7.347 -14.353 -15.219
  -7.337 -14.841 -15.069
  -7.327 -15.300 -15.634
  -7.317 -15.431 -15.630
  -7.308 -15.485 -15.642
  -7.299 -15.567 -15.567
  -7.290 -15.691 -15.908
  -7.281 -15.592 -15.802
  -7.272 -15.504 -15.504
  -7.264 -15.101 -15.325
  -7.255 -15.062 -15.238
  -7.247 -15.389 -16.022
  -7.239 -15.597 -15.597
  -7.231 -15.330 -15.502
  -7.223 -15.632 -16.100
  -7.216 -16.282 -16.282
  -7.208 -15.770 -15.974
  -7.201 -15.962 -15.962
  -7.194 -15.689 -15.962
  -7.187 -15.625 -16.227
  -7.180 -15.956 -16.106
  -7.173 -15.647 -16.183
  -7.166 -15.903 -15.903
  -7.159 -15.723 -15.985
  -7.153 -16.391 -16.391
  -7.146 -15.426 -15.796
  -7.140 -15.997 -16.391
  -7.133 -15.583 -15.992
  -7.127 -16.525 -16.684
  -7.121 -16.162 -16.162
  -7.115 -16.231 -16.231
  -7.109 -15.935 -16.604
  -7.103 -16.094 -16.094
  -7.098 -16.332 -16.332
  -7.092 -16.157 -16.157
  -7.086 -15.733 -16.180
  -7.081 -15.861 -16.069
  -7.075 -16.342 -16.515
  -7.070 -15.939 -16.104
  -7.064 -16.922 -17.113
  -7.059 -16.314 -16.314
  -7.054 -15.295 -16.419
  -7.049 -15.770 -16.226
  -7.043 -16.194 -16.194
  -7.038 -15.842 -16.121
  -7.033 -15.812 -16.029
  -7.029 -16.390 -16.390
  -7.024 -16.110 -16.807
  -7.019 -16.246 -16.701
  -7.014 -16.189 -16.189
  -7.009 -16.449 -16.449
  -7.005 -16.672 -17.074
  -7.000 -15.793 -15.976
  -6.995 -16.670 -16.854
  -6.991 -16.395 -16.566
  -6.986 -15.756 -15.971
  -6.982 -15.354 -15.916
  -6.978 -15.171 -16.032
  -6.973 -16.395 -16.395
  -6.969 -16.517 -16.788
  -6.965 -17.299 -22.974
  -6.961 -17.077 -17.377
  -6.956 -16.654 -17.043
  -6.952 -17.349 -49.500
  -6.948 -15.813 -16.304
  -6.944 -16.618 -16.618
  -6.940 -16.576 -16.816
  -6.936 -16.785 -49.500
  -6.932 -16.492 -17.211
  -6.928 -15.736 -17.418
  -6.924 -16.296 -49.500
  -6.920 -16.213 -17.035
  -6.917 -16.683 -16.683
  -6.913 -16.109 -16.109
  -6.909 -16.680 -16.845
  -6.905 -14.940 -16.908
  -6.902 -49.500     NaN
  -6.898 -16.719 -16.884
  -6.894 -16.086 -16.404
  -6.891 -16.698 -22.333
  -6.887 -15.757 -22.622
  -6.884 -15.258 -15.948
  -6.880 -16.464 -16.713
  -6.877 -16.463 -49.500
  -6.873 -16.498 -49.500
  -6.870 -15.264 -16.634
  -6.867 -15.606 -49.500
  -6.863 -16.476 -16.663
  -6.860 -16.726 -17.260
  -6.857 -16.876 -49.500
  -6.853 -16.875 -17.047
  -6.850 -49.500     NaN
  -6.847 -16.464 -17.324
  -6.844 -16.737 -49.500
  -6.840 -16.830 -17.171
  -6.837 -49.500     NaN
  -6.834 -49.500     NaN
  -6.831 -16.288 -16.483
  -6.828 -49.500 -49.500
  -6.825 -15.763 -49.500
  -6.822 -16.351 -16.928
  -6.819 -16.181 -49.500
  -6.816 -16.177 -49.500
  -6.813 -49.500 -49.500
  -6.810 -16.258 -16.444
  -6.807 -49.500 -49.500
  -6.804 -17.061 -49.500
  -6.801 -16.993 -49.500
  -6.798 -49.500     NaN
  -6.795 -16.249 -16.673
  -6.792 -16.685 -16.685
  -6.789 -16.958 -49.500
  -6.787 -49.500     NaN
  -6.784 -16.827 -49.500
  -6.781 -49.500     NaN
  -6.778 -49.500     NaN
  -6.775 -49.500     NaN
  -6.773 -16.952 -16.952
  -6.770 -49.500     NaN
  -6.767 -49.500 -49.500
  -6.765 -16.791 -49.500
  -6.762 -49.500 -49.500
  -6.759 -16.263 -16.263
  -6.757 -49.500 -49.500
  -6.754 -15.622 -49.500
  -6.751 -49.500 -49.500
  -6.749 -49.500 -49.500
  -6.746 -49.500     NaN
  -6.744 -16.239 -16.474
  -6.741 -49.500     NaN
  -6.739 -16.005 -49.500
  -6.736 -49.500 -49.500
  -6.734 -16.415 -49.500
  -6.731 -49.500     NaN
  -6.729 -49.500     NaN
  -6.726 -16.048 -16.048
  -6.724 -16.270 -49.500
  -6.721 -16.496 -16.679
  -6.719 -49.500 -49.500
  -6.717 -49.500     NaN
  -6.714 -49.500     NaN
  -6.712 -49.500 -49.500
  -6.709 -49.500 -49.500
  -6.707 -49.500 -49.500
  -6.705 -49.500 -49.500
  -6.702 -49.500 -49.500
  -6.700 -49.500 -49.500
  -6.698 -16.260 -16.260
  -6.696 -49.500 -49.500
  -6.693 -49.500     NaN
  -6.691 -49.500 -49.500
  -6.689 -49.500 -49.500
  -6.687 -15.997 -15.997
  -6.684 -16.517 -49.500
  -6.682 -16.725 -49.500
  -6.680 -49.500 -49.500
  -6.678 -49.500 -49.500
  -6.675 -49.500 -49.500
  -6.673 -49.500 -49.500
  -6.671 -49.500     NaN
  -6.669 -49.500 -49.500
  -6.667 -16.985 -16.985
  -6.665 -16.714 -16.714
  -6.663 -49.500     NaN
  -6.661 -49.500     NaN
  -6.658 -49.500 -49.500
  -6.656 -49.500 -49.500
  -6.654 -16.777 -49.500
  -6.652 -49.500 -49.500
  -6.650 -49.500     NaN
  -6.648 -49.500 -49.500
  -6.646 -49.500 -49.500
  -6.644 -49.500 -49.500
  -6.642 -49.500     NaN
  -6.640 -49.500 -49.500
  -6.638 -49.500 -49.500
  -6.636 -49.500 -49.500
  -6.634 -49.500 -49.500
  -6.632 -16.489 -16.489
  -6.630 -49.500 -49.500
  -6.628 -49.500 -49.500
  -6.626 -49.500 -49.500
  -6.624 -49.500 -49.500
  -6.622 -49.500     NaN
  -6.620 -49.500 -49.500
  -6.618 -49.500 -49.500
  -6.617 -49.500 -49.500
  -6.615 -49.500 -49.500
  -6.613 -16.220 -49.500
  -6.611 -49.500 -49.500
  -6.609 -49.500 -49.500
  -6.607 -49.500 -49.500
  -6.605 -49.500 -49.500
  -6.603 -49.500 -49.500
  -6.602 -49.500 -49.500
  -6.600 -49.500 -49.500
  -6.598 -49.500 -49.500
  -6.596 -49.500 -49.500
  -6.594 -16.166 -16.166
