  -8.861 -13.988 -13.988
  -8.599 -14.116 -14.116
  -8.442 -14.242 -14.242
  -8.329 -14.239 -14.239
  -8.239 -14.375 -14.375
  -8.166 -14.443 -14.443
  -8.103 -14.579 -14.579
  -8.048 -14.598 -14.598
  -7.999 -14.537 -14.537
  -7.955 -14.706 -14.706
  -7.916 -14.533 -14.794
  -7.879 -14.491 -14.491
  -7.846 -14.799 -14.799
  -7.815 -14.751 -14.751
  -7.786 -14.674 -14.674
  -7.758 -14.420 -14.420
  -7.733 -14.681 -14.842
  -7.709 -14.897 -14.897
  -7.686 -15.226 -15.226
  -7.664 -15.059 -15.059
  -7.643 -15.032 -15.032
  -7.624 -14.735 -14.735
  -7.605 -15.223 -15.223
  -7.586 -14.935 -14.935
  -7.569 -14.798 -14.798
  -7.552 -14.935 -15.117
  -7.536 -14.615 -15.054
  -7.521 -14.826 -15.323
  -7.506 -15.428 -15.428
  -7.491 -15.200 -15.200
  -7.477 -15.457 -15.457
  -7.464 -15.229 -15.499
  -7.451 -15.595 -15.595
  -7.438 -15.259 -15.499
  -7.425 -14.966 -15.198
  -7.413 -15.113 -15.370
  -7.401 -14.226 -15.084
  -7.390 -14.896 -15.265
  -7.379 -15.287 -15.775
  -7.368 -15.291 -15.291
  -7.357 -15.295 -15.517
  -7.347 -15.406 -15.735
  -7.337 -15.226 -15.226
  -7.327 -15.316 -15.316
  -7.317 -15.840 -15.840
  -7.308 -15.854 -15.854
  -7.299 -15.928 -15.928
  -7.290 -15.636 -15.842
  -7.281 -15.712 -15.918
  -7.272 -15.934 -15.934
  -7.264 -15.459 -15.459
  -7.255 -15.782 -15.943
  -7.247 -15.341 -15.763
  -7.239 -15.583 -15.805
  -7.231 -15.633 -15.633
  -7.223 -15.445 -15.910
  -7.216 -15.972 -16.182
  -7.208 -16.087 -16.087
  -7.201 -15.765 -16.057
  -7.194 -15.809 -15.809
  -7.187 -14.524 -15.829
  -7.180 -15.988 -16.199
  -7.173 -16.063 -16.220
  -7.166 -15.356 -15.700
  -7.159 -14.924 -16.049
  -7.153 -16.273 -16.273
  -7.146 -16.100 -16.357
  -7.140 -15.887 -15.887
  -7.133 -15.676 -16.342
  -7.127 -15.368 -15.792
  -7.121 -16.420 -16.420
  -7.115 -15.496 -16.497
  -7.109 -15.643 -16.232
  -7.103 -15.391 -15.774
  -7.098 -15.933 -15.933
  -7.092 -15.972 -16.142
  -7.086 -16.100 -16.100
  -7.081 -15.864 -16.064
  -7.075 -16.124 -16.124
  -7.070 -16.197 -16.456
  -7.064 -15.965 -16.255
  -7.059 -16.018 -16.381
  -7.054 -16.103 -16.286
  -7.049 -16.757 -16.907
  -7.043 -16.588 -16.588
  -7.038 -16.089 -16.089
  -7.033 -16.354 -16.513
  -7.029 -15.738 -15.914
  -7.024 -16.315 -16.315
  -7.019 -15.377 -16.623
  -7.014 -16.294 -16.294
  -7.009 -16.188 -16.916
  -7.005 -16.434 -16.701
  -7.000 -15.246 -15.918
  -6.995 -16.382 -16.668
  -6.991 -15.717 -16.553
  -6.986 -16.456 -16.926
  -6.982 -16.180 -16.598
  -6.978 -16.612 -16.612
  -6.973 -15.774 -16.916
  -6.969 -16.022 -16.194
  -6.965 -16.222 -16.222
  -6.961 -16.658 -17.041
  -6.956 -16.083 -16.583
  -6.952 -16.505 -16.677
  -6.948 -16.420 -17.553
  -6.944 -16.683 -17.101
  -6.940 -16.200 -16.500
  -6.936 -16.251 -16.606
  -6.932 -16.920 -49.500
  -6.928 -16.906 -49.500
  -6.924 -15.765 -16.631
  -6.920 -15.331 -16.462
  -6.917 -15.817 -16.075
  -6.913 -17.015 -49.500
  -6.909 -16.469 -16.849
  -6.905 -16.701 -22.903
  -6.902 -17.134 -22.435
  -6.898 -16.292 -17.125
  -6.894 -15.913 -16.365
  -6.891 -16.280 -16.560
  -6.887 -49.500     NaN
  -6.884 -16.039 -16.380
  -6.880 -16.336 -17.252
  -6.877 -17.304 -49.500
  -6.873 -16.554 -49.500
  -6.870 -16.594 -17.097
  -6.867 -16.320 -49.500
  -6.863 -15.870 -16.457
  -6.860 -15.603 -16.207
  -6.857 -17.034 -49.500
  -6.853 -16.360 -16.598
  -6.850 -16.028 -16.833
  -6.847 -49.500     NaN
  -6.844 -16.417 -49.500
  -6.840 -16.084 -16.511
  -6.837 -49.500     NaN
  -6.834 -16.842 -49.500
  -6.831 -49.500     NaN
  -6.828 -16.712 -49.500
  -6.825 -49.500 -49.500
  -6.822 -15.440 -17.331
  -6.819 -16.962 -49.500
  -6.816 -16.915 -17.068
  -6.813 -49.500     NaN
  -6.810 -49.500     NaN
  -6.807 -49.500     NaN
  -6.804 -49.500     NaN
  -6.801 -49.500     NaN
  -6.798 -16.345 -49.500
  -6.795 -49.500     NaN
  -6.792 -49.500     NaN
  -6.789 -49.500     NaN
  -6.787 -49.500 -49.500
  -6.784 -16.385 -16.930
  -6.781 -16.807 -16.966
  -6.778 -16.725 -49.500
  -6.775 -17.122 -49.500
  -6.773 -49.500     NaN
  -6.770 -49.500     NaN
  -6.767 -49.500 -49.500
  -6.765 -49.500     NaN
  -6.762 -49.500     NaN
  -6.759 -49.500 -49.500
  -6.757 -49.500     NaN
  -6.754 -49.500 -49.500
  -6.751 -16.652 -16.853
  -6.749 -49.500     NaN
  -6.746 -49.500     NaN
  -6.744 -15.675 -15.675
  -6.741 -16.475 -16.475
  -6.739 -16.842 -49.500
  -6.736 -49.500 -49.500
  -6.734 -49.500 -49.500
  -6.731 -15.902 -16.735
  -6.729 -49.500 -49.500
  -6.726 -16.636 -49.500
  -6.724 -16.998 -16.998
  -6.721 -49.500     NaN
  -6.719 -49.500     NaN
  -6.717 -15.824 -49.500
  -6.714 -15.386 -15.386
  -6.712 -49.500 -49.500
  -6.709 -16.911 -16.911
  -6.707 -16.904 -16.904
  -6.705 -16.305 -16.305
  -6.702 -16.291 -16.291
  -6.700 -49.500     NaN
  -6.698 -49.500 -49.500
  -6.696 -49.500     NaN
  -6.693 -49.500     NaN
  -6.691 -49.500     NaN
  -6.689 -49.500 -49.500
  -6.687 -49.500 -49.500
  -6.684 -49.500 -49.500
  -6.682 -49.500     NaN
  -6.680 -49.500 -49.500
  -6.678 -49.500 -49.500
  -6.675 -49.500 -49.500
  -6.673 -49.500     NaN
  -6.671 -16.470 -16.652
  -6.669 -16.538 -49.500
  -6.667 -49.500 -49.500
  -6.665 -15.819 -15.819
  -6.663 -49.500 -49.500
  -6.661 -49.500 -49.500
  -6.658 -49.500 -49.500
  -6.656 -16.758 -16.758
  -6.654 -49.500     NaN
  -6.652 -49.500 -49.500
  -6.650 -16.132 -16.132
  -6.648 -49.500 -49.500
  -6.646 -49.500 -49.500
  -6.644 -49.500 -49.500
  -6.642 -16.423 -16.423
  -6.640 -49.500 -49.500
  -6.638 -16.887 -16.887
  -6.636 -49.500 -49.500
  -6.634 -49.500 -49.500
  -6.632 -49.500 -49.500
  -6.630 -49.500 -49.500
  -6.628 -49.500 -49.500
  -6.626 -49.500 -49.500
  -6.624 -16.264 -16.264
  -6.622 -16.976 -16.976
  -6.620 -49.500 -49.500
  -6.618 -16.197 -16.197
  -6.617 -49.500 -49.500
  -6.615 -49.500 -49.500
  -6.613 -49.500 -49.500
  -6.611 -49.500 -49.500
  -6.609 -49.500 -49.500
  -6.607 -49.500 -49.500
  -6.605 -49.500 -49.500
  -6.603 -16.643 -49.500
  -6.602 -16.190 -16.190
  -6.600 -16.768 -16.768
  -6.598 -49.500 -49.500
  -6.596 -49.500 -49.500
  -6.594 -49.500 -49.500
