  -8.861 -13.970 -13.970
  -8.599 -14.091 -14.091
  -8.442 -14.255 -14.255
  -8.329 -14.205 -14.205
  -8.239 -14.262 -14.262
  -8.166 -14.426 -14.426
  -8.103 -14.343 -14.343
  -8.048 -14.501 -14.501
  -7.999 -14.341 -14.341
  -7.955 -14.624 -14.624
  -7.916 -14.392 -14.572
  -7.879 -14.750 -14.750
  -7.846 -14.788 -14.788
  -7.815 -15.030 -15.030
  -7.786 -14.368 -14.626
  -7.758 -15.020 -15.020
  -7.733 -14.964 -14.964
  -7.709 -14.576 -14.576
  -7.686 -14.690 -14.931
  -7.664 -14.966 -15.135
  -7.643 -15.025 -15.025
  -7.624 -15.264 -15.264
  -7.605 -15.157 -15.157
  -7.586 -14.820 -14.820
  -7.569 -14.681 -15.178
  -7.552 -15.114 -15.114
  -7.536 -15.400 -15.400
  -7.521 -15.094 -15.094
  -7.506 -14.862 -15.041
  -7.491 -15.300 -15.459
  -7.477 -15.332 -15.332
  -7.464 -15.087 -15.318
  -7.451 -15.373 -15.373
  -7.438 -15.572 -15.572
  -7.425 -15.225 -15.225
  -7.413 -14.945 -15.225
  -7.401 -15.557 -15.557
  -7.390 -15.624 -15.624
  -7.379 -15.171 -15.629
  -7.368 -15.806 -15.806
  -7.357 -15.085 -15.085
  -7.347 -14.903 -15.184
  -7.337 -15.775 -15.934
  -7.327 -15.172 -15.172
  -7.317 -15.249 -15.495
  -7.308 -14.543 -15.594
  -7.299 -15.371 -15.371
  -7.290 -15.370 -15.618
  -7.281 -15.630 -15.895
  -7.272 -15.630 -15.859
  -7.264 -15.094 -15.499
  -7.255 -16.037 -16.037
  -7.247 -15.795 -15.795
  -7.239 -14.674 -14.904
  -7.231 -15.713 -15.927
  -7.223 -15.746 -16.078
  -7.216 -14.670 -15.874
  -7.208 -16.291 -16.291
  -7.201 -14.434 -15.983
  -7.194 -15.370 -15.937
  -7.187 -15.467 -16.363
  -7.180 -15.817 -16.295
  -7.173 -15.255 -15.255
  -7.166 -14.742 -15.083
  -7.159 -15.163 -15.964
  -7.153 -15.818 -16.042
  -7.146 -15.975 -16.303
  -7.140 -15.902 -16.261
  -7.133 -15.855 -15.855
  -7.127 -16.393 -16.393
  -7.121 -15.794 -15.794
  -7.115 -16.371 -16.371
  -7.109 -15.218 -15.999
  -7.103 -15.847 -16.206
  -7.098 -15.933 -16.110
  -7.092 -15.905 -16.066
  -7.086 -16.291 -16.477
  -7.081 -16.170 -16.352
  -7.075 -16.606 -16.763
  -7.070 -15.959 -15.959
  -7.064 -16.218 -16.667
  -7.059 -15.997 -16.337
  -7.054 -16.090 -17.011
  -7.049 -16.325 -16.941
  -7.043 -15.921 -16.555
  -7.038 -16.416 -16.416
  -7.033 -14.842 -16.654
  -7.029 -17.493 -21.974
  -7.024 -16.127 -16.127
  -7.019 -15.991 -16.348
  -7.014 -16.325 -16.690
  -7.009 -15.949 -17.152
  -7.005 -15.499 -16.406
  -7.000 -16.604 -16.798
  -6.995 -16.082 -16.260
  -6.991 -15.831 -16.637
  -6.986 -16.614 -16.614
  -6.982 -15.508 -17.214
  -6.978 -16.392 -16.847
  -6.973 -16.601 -16.601
  -6.969 -16.439 -16.613
  -6.965 -16.536 -16.786
  -6.961 -16.044 -16.044
  -6.956 -16.477 -16.692
  -6.952 -17.148 -17.354
  -6.948 -15.471 -16.017
  -6.944 -16.683 -17.016
  -6.940 -16.512 -17.214
  -6.936 -15.849 -16.260
  -6.932 -16.569 -16.569
  -6.928 -17.331 -49.500
  -6.924 -16.292 -16.495
  -6.920 -16.881 -17.256
  -6.917 -17.257 -49.500
  -6.913 -16.029 -16.029
  -6.909 -16.410 -22.323
  -6.905 -16.484 -16.711
  -6.902 -16.509 -16.807
  -6.898 -17.014 -49.500
  -6.894 -16.117 -16.670
  -6.891 -15.823 -16.104
  -6.887 -15.817 -49.500
  -6.884 -16.449 -16.646
  -6.880 -16.565 -16.866
  -6.877 -16.730 -17.156
  -6.873 -16.357 -16.700
  -6.870 -16.482 -49.500
  -6.867 -49.500 -49.500
  -6.863 -16.796 -49.500
  -6.860 -15.898 -16.215
  -6.857 -15.963 -16.157
  -6.853 -17.116 -49.500
  -6.850 -16.994 -49.500
  -6.847 -16.315 -16.772
  -6.844 -16.255 -16.427
  -6.840 -16.305 -16.773
  -6.837 -16.472 -49.500
  -6.834 -16.543 -16.754
  -6.831 -15.600 -49.500
  -6.828 -16.667 -49.500
  -6.825 -16.594 -16.907
  -6.822 -49.500     NaN
  -6.819 -16.450 -16.684
  -6.816 -14.790 -49.500
  -6.813 -49.500     NaN
  -6.810 -16.549 -16.774
  -6.807 -17.403 -49.500
  -6.804 -16.822 -17.296
  -6.801 -16.047 -16.916
  -6.798 -15.283 -49.500
  -6.795 -49.500     NaN
  -6.792 -49.500     NaN
  -6.789 -49.500 -49.500
  -6.787 -16.651 -16.811
  -6.784 -17.082 -49.500
  -6.781 -49.500 -49.500
  -6.778 -16.294 -16.294
  -6.775 -16.099 -16.459
  -6.773 -16.678 -49.500
  -6.770 -49.500     NaN
  -6.767 -16.325 -16.491
  -6.765 -49.500     NaN
  -6.762 -49.500 -49.500
  -6.759 -49.500     NaN
  -6.757 -49.500 -49.500
  -6.754 -49.500     NaN
  -6.751 -49.500 -49.500
  -6.749 -49.500     NaN
  -6.746 -16.342 -16.342
  -6.744 -49.500 -49.500
  -6.741 -16.590 -16.590
  -6.739 -49.500 -49.500
  -6.736 -49.500 -49.500
  -6.734 -49.500     NaN
  -6.731 -14.855 -14.855
  -6.729 -15.714 -15.714
  -6.726 -49.500 -49.500
  -6.724 -49.500 -49.500
  -6.721 -49.500 -49.500
  -6.719 -49.500     NaN
  -6.717 -49.500 -49.500
  -6.714 -49.500     NaN
  -6.712 -49.500     NaN
  -6.709 -16.968 -16.968
  -6.707 -49.500     NaN
  -6.705 -49.500 -49.500
  -6.702 -16.184 -49.500
  -6.700 -49.500 -49.500
  -6.698 -16.960 -16.960
  -6.696 -16.596 -16.596
  -6.693 -49.500 -49.500
  -6.691 -49.500     NaN
  -6.689 -49.500     NaN
  -6.687 -16.412 -16.412
  -6.684 -49.500 -49.500
  -6.682 -16.823 -49.500
  -6.680 -49.500     NaN
  -6.678 -49.500 -49.500
  -6.675 -49.500 -49.500
  -6.673 -49.500 -49.500
  -6.671 -49.500     NaN
  -6.669 -49.500     NaN
  -6.667 -49.500 -49.500
  -6.665 -49.500 -49.500
  -6.663 -49.500 -49.500
  -6.661 -49.500     NaN
  -6.658 -49.500 -49.500
  -6.656 -49.500 -49.500
  -6.654 -16.848 -16.848
  -6.652 -49.500     NaN
  -6.650 -49.500     NaN
  -6.648 -49.500 -49.500
  -6.646 -49.500 -49.500
  -6.644 -15.729 -15.729
  -6.642 -49.500 -49.500
  -6.640 -49.500 -49.500
  -6.638 -49.500     NaN
  -6.636 -49.500 -49.500
  -6.634 -49.500 -49.500
  -6.632 -49.500     NaN
  -6.630 -49.500 -49.500
  -6.628 -49.500     NaN
  -6.626 -49.500 -49.500
  -6.624 -49.500 -49.500
  -6.622 -49.500 -49.500
  -6.620 -49.500 -49.500
  -6.618 -49.500 -49.500
  -6.617 -49.500 -49.500
  -6.615 -49.500     NaN
  -6.613 -14.545 -14.545
  -6.611 -16.846 -16.846
  -6.609 -16.063 -49.500
  -6.607 -49.500 -49.500
  -6.605 -49.500 -49.500
  -6.603 -49.500 -49.500
  -6.602 -49.500 -49.500
  -6.600 -49.500 -49.500
  -6.598 -49.500 -49.500
  -6.596 -49.500 -49.500
  -6.594 -49.500     NaN
