  -8.861 -13.937 -13.937
  -8.599 -14.138 -14.138
  -8.442 -14.273 -14.273
  -8.329 -14.341 -14.341
  -8.239 -14.331 -14.331
  -8.166 -14.434 -14.434
  -8.103 -14.191 -14.479
  -8.048 -14.558 -14.558
  -7.999 -14.461 -14.461
  -7.955 -14.439 -14.439
  -7.916 -14.708 -14.708
  -7.879 -14.628 -14.628
  -7.846 -14.798 -14.798
  -7.815 -14.674 -14.993
  -7.786 -14.500 -14.746
  -7.758 -14.974 -14.974
  -7.733 -14.799 -14.799
  -7.709 -14.662 -15.016
  -7.686 -14.602 -14.829
  -7.664 -14.887 -14.887
  -7.643 -14.975 -15.199
  -7.624 -15.204 -15.204
  -7.605 -14.726 -14.977
  -7.586 -14.935 -14.935
  -7.569 -14.992 -15.466
  -7.552 -15.207 -15.207
  -7.536 -15.128 -15.128
  -7.521 -15.029 -15.357
  -7.506 -15.202 -15.202
  -7.491 -15.044 -15.279
  -7.477 -15.103 -15.103
  -7.464 -14.073 -14.413
  -7.451 -15.283 -15.283
  -7.438 -15.495 -15.495
  -7.425 -15.144 -15.460
  -7.413 -15.468 -15.468
  -7.401 -14.872 -14.872
  -7.390 -15.376 -15.376
  -7.379 -15.257 -15.257
  -7.368 -15.440 -15.774
  -7.357 -14.734 -15.309
  -7.347 -15.804 -15.804
  -7.337 -15.011 -15.282
  -7.327 -15.528 -15.528
  -7.317 -15.315 -15.646
  -7.308 -15.750 -15.750
  -7.299 -15.136 -15.655
  -7.290 -15.521 -15.779
  -7.281 -15.460 -15.460
  -7.272 -15.725 -15.725
  -7.264 -15.699 -15.699
  -7.255 -15.979 -16.331
  -7.247 -15.978 -15.978
  -7.239 -16.003 -16.003
  -7.231 -15.956 -16.209
  -7.223 -15.049 -15.752
  -7.216 -15.596 -15.864
  -7.208 -16.010 -16.010
  -7.201 -15.547 -16.156
  -7.194 -15.847 -16.128
  -7.187 -15.991 -15.991
  -7.180 -16.046 -16.046
  -7.173 -14.403 -15.646
  -7.166 -15.262 -15.556
  -7.159 -16.402 -16.402
  -7.153 -16.227 -16.227
  -7.146 -15.251 -16.072
  -7.140 -15.976 -16.203
  -7.133 -15.296 -15.924
  -7.127 -16.047 -16.047
  -7.121 -15.558 -16.061
  -7.115 -15.841 -15.841
  -7.109 -15.705 -16.368
  -7.103 -15.618 -16.066
  -7.098 -15.680 -16.029
  -7.092 -16.107 -16.268
  -7.086 -15.703 -16.799
  -7.081 -16.205 -16.382
  -7.075 -16.369 -16.369
  -7.070 -16.391 -16.391
  -7.064 -15.878 -16.717
  -7.059 -16.206 -16.206
  -7.054 -15.579 -16.005
  -7.049 -16.295 -16.454
  -7.043 -15.453 -15.701
  -7.038 -16.238 -16.572
  -7.033 -14.696 -16.354
  -7.029 -15.200 -17.063
  -7.024 -16.864 -17.239
  -7.019 -16.194 -16.194
  -7.014 -16.482 -16.482
  -7.009 -15.623 -16.061
  -7.005 -16.279 -16.762
  -7.000 -14.857 -16.151
  -6.995 -16.258 -16.998
  -6.991 -15.727 -16.325
  -6.986 -15.353 -16.587
  -6.982 -16.402 -16.881
  -6.978 -16.667 -16.955
  -6.973 -17.368 -49.500
  -6.969 -16.044 -16.328
  -6.965 -16.087 -16.491
  -6.961 -14.916 -21.749
  -6.956 -16.394 -16.557
  -6.952 -17.075 -49.500
  -6.948 -16.215 -16.728
  -6.944 -16.518 -49.500
  -6.940 -17.019 -49.500
  -6.936 -16.571 -16.571
  -6.932 -16.599 -17.066
  -6.928 -15.759 -49.500
  -6.924 -15.459 -23.179
  -6.920 -15.984 -16.843
  -6.917 -15.549 -16.335
  -6.913 -16.060 -16.618
  -6.909 -15.545 -16.672
  -6.905 -16.690 -22.339
  -6.902 -16.276 -16.558
  -6.898 -16.717 -16.973
  -6.894 -16.419 -16.660
  -6.891 -16.550 -17.147
  -6.887 -16.359 -16.590
  -6.884 -16.580 -16.832
  -6.880 -16.567 -17.060
  -6.877 -15.646 -17.264
  -6.873 -15.616 -16.476
  -6.870 -16.220 -49.500
  -6.867 -16.047 -16.286
  -6.863 -16.764 -17.041
  -6.860 -49.500 -49.500
  -6.857 -16.497 -16.821
  -6.853 -16.124 -16.343
  -6.850 -49.500     NaN
  -6.847 -15.970 -16.138
  -6.844 -15.571 -16.885
  -6.840 -49.500     NaN
  -6.837 -16.311 -49.500
  -6.834 -16.362 -49.500
  -6.831 -16.711 -49.500
  -6.828 -49.500     NaN
  -6.825 -49.500     NaN
  -6.822 -16.402 -16.557
  -6.819 -16.061 -49.500
  -6.816 -49.500     NaN
  -6.813 -16.742 -49.500
  -6.810 -49.500     NaN
  -6.807 -16.496 -49.500
  -6.804 -49.500     NaN
  -6.801 -16.133 -49.500
  -6.798 -49.500     NaN
  -6.795 -16.222 -16.761
  -6.792 -15.536 -49.500
  -6.789 -16.706 -16.924
  -6.787 -49.500     NaN
  -6.784 -49.500     NaN
  -6.781 -49.500     NaN
  -6.778 -16.184 -49.500
  -6.775 -16.784 -49.500
  -6.773 -49.500 -49.500
  -6.770 -14.671 -14.671
  -6.767 -49.500     NaN
  -6.765 -16.511 -49.500
  -6.762 -49.500     NaN
  -6.759 -49.500 -49.500
  -6.757 -16.506 -16.506
  -6.754 -49.500     NaN
  -6.751 -49.500     NaN
  -6.749 -49.500 -49.500
  -6.746 -16.292 -16.589
  -6.744 -49.500 -49.500
  -6.741 -17.202 -49.500
  -6.739 -49.500     NaN
  -6.736 -49.500     NaN
  -6.734 -49.500 -49.500
  -6.731 -16.586 -16.586
  -6.729 -16.926 -16.926
  -6.726 -16.383 -49.500
  -6.724 -49.500 -49.500
  -6.721 -49.500 -49.500
  -6.719 -49.500 -49.500
  -6.717 -49.500     NaN
  -6.714 -16.672 -16.672
  -6.712 -15.215 -49.500
  -6.709 -16.281 -49.500
  -6.707 -49.500 -49.500
  -6.705 -49.500 -49.500
  -6.702 -49.500 -49.500
  -6.700 -16.088 -16.088
  -6.698 -49.500     NaN
  -6.696 -49.500     NaN
  -6.693 -49.500 -49.500
  -6.691 -49.500     NaN
  -6.689 -49.500     NaN
  -6.687 -49.500 -49.500
  -6.684 -49.500 -49.500
  -6.682 -49.500 -49.500
  -6.680 -49.500 -49.500
  -6.678 -16.846 -49.500
  -6.675 -49.500 -49.500
  -6.673 -49.500 -49.500
  -6.671 -49.500 -49.500
  -6.669 -16.555 -16.555
  -6.667 -49.500 -49.500
  -6.665 -49.500 -49.500
  -6.663 -49.500     NaN
  -6.661 -16.618 -16.618
  -6.658 -15.491 -15.491
  -6.656 -49.500     NaN
  -6.654 -49.500 -49.500
  -6.652 -49.500 -49.500
  -6.650 -49.500 -49.500
  -6.648 -16.570 -16.570
  -6.646 -49.500 -49.500
  -6.644 -49.500 -49.500
  -6.642 -49.500 -49.500
  -6.640 -49.500     NaN
  -6.638 -49.500 -49.500
  -6.636 -49.500 -49.500
  -6.634 -15.682 -15.682
  -6.632 -49.500 -49.500
  -6.630 -16.525 -16.525
  -6.628 -49.500 -49.500
  -6.626 -49.500 -49.500
  -6.624 -49.500 -49.500
  -6.622 -16.960 -16.960
  -6.620 -16.584 -16.584
  -6.618 -49.500 -49.500
  -6.617 -49.500     NaN
  -6.615 -49.500 -49.500
  -6.613 -16.267 -49.500
  -6.611 -49.500 -49.500
  -6.609 -49.500 -49.500
  -6.607 -49.500 -49.500
  -6.605 -16.079 -16.079
  -6.603 -49.500 -49.500
  -6.602 -49.500 -49.500
  -6.600 -49.500 -49.500
  -6.598 -49.500 -49.500
  -6.596 -16.252 -16.252
  -6.594 -49.500 -49.500
