  -8.861 -13.987 -13.987
  -8.599 -14.154 -14.154
  -8.442 -14.197 -14.197
  -8.329 -14.286 -14.286
  -8.239 -14.361 -14.361
  -8.166 -14.411 -14.411
  -8.103 -14.482 -14.482
  -8.048 -14.462 -14.462
  -7.999 -14.578 -14.578
  -7.955 -14.341 -14.607
  -7.916 -14.614 -14.614
  -7.879 -14.431 -14.431
  -7.846 -14.614 -14.775
  -7.815 -14.382 -14.597
  -7.786 -14.734 -14.734
  -7.758 -14.886 -14.886
  -7.733 -14.926 -14.926
  -7.709 -14.956 -14.956
  -7.686 -15.050 -15.050
  -7.664 -14.838 -15.043
  -7.643 -14.509 -14.680
  -7.624 -14.723 -15.171
  -7.605 -14.865 -15.230
  -7.586 -15.184 -15.184
  -7.569 -15.297 -15.297
  -7.552 -15.208 -15.208
  -7.536 -15.109 -15.267
  -7.521 -15.460 -15.460
  -7.506 -15.162 -15.162
  -7.491 -14.497 -14.846
  -7.477 -15.169 -15.408
  -7.464 -15.120 -15.470
  -7.451 -15.225 -15.225
  -7.438 -14.831 -15.021
  -7.425 -15.315 -15.632
  -7.413 -15.569 -15.569
  -7.401 -15.821 -15.821
  -7.390 -14.782 -14.782
  -7.379 -15.186 -15.525
  -7.368 -15.469 -15.469
  -7.357 -15.521 -15.521
  -7.347 -15.040 -15.040
  -7.337 -15.252 -16.036
  -7.327 -15.781 -15.781
  -7.317 -15.466 -15.466
  -7.308 -15.707 -15.976
  -7.299 -15.111 -15.438
  -7.290 -14.302 -15.582
  -7.281 -15.437 -15.674
  -7.272 -14.979 -15.274
  -7.264 -15.727 -15.727
  -7.255 -15.422 -15.422
  -7.247 -15.976 -15.976
  -7.239 -15.676 -15.873
  -7.231 -15.893 -16.202
  -7.223 -15.589 -16.049
  -7.216 -15.816 -16.000
  -7.208 -15.746 -15.915
  -7.201 -16.058 -16.058
  -7.194 -15.145 -16.129
  -7.187 -16.282 -16.282
  -7.180 -15.698 -15.698
  -7.173 -16.077 -16.077
  -7.166 -15.816 -15.816
  -7.159 -15.302 -15.567
  -7.153 -15.079 -15.664
  -7.146 -16.002 -16.002
  -7.140 -15.407 -15.902
  -7.133 -15.758 -15.924
  -7.127 -15.095 -16.247
  -7.121 -16.378 -16.378
  -7.115 -16.185 -16.185
  -7.109 -15.452 -16.263
  -7.103 -15.910 -15.910
  -7.098 -15.697 -15.906
  -7.092 -16.318 -16.538
  -7.086 -15.740 -15.921
  -7.081 -15.949 -16.202
  -7.075 -15.896 -16.077
  -7.070 -15.584 -16.109
  -7.064 -15.966 -16.404
  -7.059 -16.567 -17.052
  -7.054 -15.350 -15.654
  -7.049 -16.223 -16.223
  -7.043 -16.756 -17.037
  -7.038 -16.142 -16.562
  -7.033 -16.739 -16.739
  -7.029 -16.303 -16.490
  -7.024 -16.564 -16.923
  -7.019 -15.618 -16.511
  -7.014 -15.437 -16.160
  -7.009 -16.173 -16.173
  -7.005 -16.038 -16.261
  -7.000 -15.648 -16.193
  -6.995 -15.245 -16.579
  -6.991 -16.222 -17.002
  -6.986 -15.924 -16.079
  -6.982 -16.226 -16.226
  -6.978 -16.261 -16.542
  -6.973 -15.998 -16.697
  -6.969 -16.204 -49.500
  -6.965 -16.839 -17.201
  -6.961 -16.346 -16.881
  -6.956 -16.642 -16.839
  -6.952 -16.635 -16.817
  -6.948 -16.522 -16.776
  -6.944 -15.877 -16.069
  -6.940 -15.520 -17.317
  -6.936 -16.920 -17.269
  -6.932 -16.867 -49.500
  -6.928 -16.321 -16.487
  -6.924 -15.881 -16.203
  -6.920 -16.310 -49.500
  -6.917 -14.822 -16.481
  -6.913 -15.019 -16.419
  -6.909 -14.179 -15.805
  -6.905 -16.752 -16.906
  -6.902 -15.744 -16.505
  -6.898 -15.802 -17.052
  -6.894 -16.390 -16.622
  -6.891 -15.619 -16.817
  -6.887 -17.068 -22.136
  -6.884 -16.926 -17.554
  -6.880 -17.344 -49.500
  -6.877 -49.500     NaN
  -6.873 -49.500     NaN
  -6.870 -49.500     NaN
  -6.867 -14.909 -14.909
  -6.863 -16.986 -49.500
  -6.860 -15.888 -49.500
  -6.857 -16.649 -49.500
  -6.853 -17.038 -49.500
  -6.850 -16.659 -17.047
  -6.847 -16.885 -49.500
  -6.844 -16.122 -16.976
  -6.840 -17.237 -49.500
  -6.837 -16.017 -16.973
  -6.834 -16.067 -16.474
  -6.831 -16.377 -49.500
  -6.828 -49.500     NaN
  -6.825 -49.500 -49.500
  -6.822 -16.813 -17.034
  -6.819 -16.515 -49.500
  -6.816 -49.500     NaN
  -6.813 -17.015 -49.500
  -6.810 -49.500     NaN
  -6.807 -16.704 -49.500
  -6.804 -16.301 -17.057
  -6.801 -16.750 -16.934
  -6.798 -16.563 -16.850
  -6.795 -49.500     NaN
  -6.792 -49.500 -49.500
  -6.789 -16.681 -49.500
  -6.787 -16.798 -49.500
  -6.784 -49.500     NaN
  -6.781 -16.992 -49.500
  -6.778 -16.315 -49.500
  -6.775 -49.500 -49.500
  -6.773 -16.016 -49.500
  -6.770 -49.500     NaN
  -6.767 -49.500     NaN
  -6.765 -16.617 -16.617
  -6.762 -15.857 -16.479
  -6.759 -49.500     NaN
  -6.757 -49.500 -49.500
  -6.754 -49.500 -49.500
  -6.751 -49.500     NaN
  -6.749 -16.373 -49.500
  -6.746 -49.500 -49.500
  -6.744 -49.500     NaN
  -6.741 -49.500     NaN
  -6.739 -49.500     NaN
  -6.736 -49.500 -49.500
  -6.734 -49.500 -49.500
  -6.731 -16.684 -49.500
  -6.729 -16.857 -16.857
  -6.726 -16.714 -49.500
  -6.724 -17.108 -17.108
  -6.721 -49.500 -49.500
  -6.719 -49.500     NaN
  -6.717 -49.500 -49.500
  -6.714 -49.500 -49.500
  -6.712 -49.500 -49.500
  -6.709 -49.500     NaN
  -6.707 -49.500 -49.500
  -6.705 -15.938 -15.938
  -6.702 -15.334 -49.500
  -6.700 -49.500     NaN
  -6.698 -16.314 -16.314
  -6.696 -49.500 -49.500
  -6.693 -49.500 -49.500
  -6.691 -49.500 -49.500
  -6.689 -49.500     NaN
  -6.687 -49.500     NaN
  -6.684 -16.671 -49.500
  -6.682 -49.500 -49.500
  -6.680 -16.953 -16.953
  -6.678 -49.500 -49.500
  -6.675 -49.500 -49.500
  -6.673 -16.759 -16.759
  -6.671 -49.500 -49.500
  -6.669 -49.500     NaN
  -6.667 -49.500     NaN
  -6.665 -16.692 -49.500
  -6.663 -49.500 -49.500
  -6.661 -16.730 -49.500
  -6.658 -49.500 -49.500
  -6.656 -49.500 -49.500
  -6.654 -49.500 -49.500
  -6.652 -49.500 -49.500
  -6.650 -49.500 -49.500
  -6.648 -49.500 -49.500
  -6.646 -15.855 -15.855
  -6.644 -16.421 -16.421
  -6.642 -49.500     NaN
  -6.640 -49.500 -49.500
  -6.638 -49.500 -49.500
  -6.636 -49.500 -49.500
  -6.634 -49.500 -49.500
  -6.632 -49.500 -49.500
  -6.630 -49.500 -49.500
  -6.628 -49.500 -49.500
  -6.626 -49.500 -49.500
  -6.624 -49.500 -49.500
  -6.622 -49.500 -49.500
  -6.620 -49.500 -49.500
  -6.618 -49.500 -49.500
  -6.617 -49.500 -49.500
  -6.615 -49.500 -49.500
  -6.613 -49.500 -49.500
  -6.611 -16.742 -16.742
  -6.609 -49.500 -49.500
  -6.607 -49.500     NaN
  -6.605 -49.500 -49.500
  -6.603 -49.500 -49.500
  -6.602 -49.500 -49.500
  -6.600 -49.500     NaN
  -6.598 -49.500 -49.500
  -6.596 -49.500 -49.500
  -6.594 -49.500 -49.500
