  -8.861 -13.991 -13.991
  -8.599 -14.126 -14.126
  -8.442 -14.198 -14.198
  -8.329 -13.991 -14.325
  -8.239 -14.396 -14.396
  -8.166 -14.316 -14.476
  -8.103 -14.293 -14.447
  -8.048 -14.589 -14.589
  -7.999 -14.551 -14.551
  -7.955 -14.658 -14.658
  -7.916 -14.714 -14.714
  -7.879 -14.633 -14.633
  -7.846 -14.872 -14.872
  -7.815 -14.811 -14.811
  -7.786 -14.885 -14.885
  -7.758 -14.995 -14.995
  -7.733 -14.571 -14.817
  -7.709 -14.780 -14.780
  -7.686 -14.648 -14.648
  -7.664 -15.088 -15.088
  -7.643 -15.069 -15.069
  -7.624 -14.862 -15.027
  -7.605 -15.215 -15.215
  -7.586 -14.889 -14.889
  -7.569 -15.049 -15.049
  -7.552 -15.020 -15.020
  -7.536 -15.410 -15.410
  -7.521 -15.186 -15.186
  -7.506 -15.247 -15.247
  -7.491 -15.232 -15.407
  -7.477 -14.716 -15.459
  -7.464 -15.341 -15.341
  -7.451 -15.060 -15.265
  -7.438 -15.073 -15.073
  -7.425 -15.468 -15.468
  -7.413 -15.531 -15.531
  -7.401 -15.284 -15.591
  -7.390 -14.820 -15.346
  -7.379 -15.313 -15.626
  -7.368 -15.347 -15.551
  -7.357 -15.699 -15.699
  -7.347 -15.587 -15.587
  -7.337 -15.194 -15.641
  -7.327 -15.181 -15.424
  -7.317 -15.663 -15.663
  -7.308 -15.362 -15.362
  -7.299 -15.753 -15.753
  -7.290 -15.970 -15.970
  -7.281 -15.464 -15.818
  -7.272 -16.156 -16.156
  -7.264 -15.804 -15.804
  -7.255 -15.662 -15.903
  -7.247 -15.700 -15.700
  -7.239 -15.455 -15.633
  -7.231 -15.751 -15.927
  -7.223 -15.657 -16.025
  -7.216 -15.005 -15.576
  -7.208 -15.589 -16.012
  -7.201 -16.151 -16.364
  -7.194 -15.220 -16.035
  -7.187 -16.059 -16.059
  -7.180 -16.067 -16.284
  -7.173 -15.779 -15.779
  -7.166 -16.031 -16.408
  -7.159 -16.230 -16.230
  -7.153 -14.866 -15.615
  -7.146 -15.807 -16.224
  -7.140 -14.937 -15.259
  -7.133 -15.843 -16.024
  -7.127 -15.275 -15.570
  -7.121 -15.869 -16.044
  -7.115 -15.666 -15.878
  -7.109 -15.976 -15.976
  -7.103 -15.979 -16.257
  -7.098 -15.340 -15.524
  -7.092 -16.242 -16.242
  -7.086 -16.095 -16.378
  -7.081 -15.814 -16.274
  -7.075 -16.023 -16.023
  -7.070 -16.122 -16.286
  -7.064 -15.635 -15.987
  -7.059 -16.130 -16.130
  -7.054 -15.898 -16.126
  -7.049 -16.394 -16.652
  -7.043 -16.339 -16.497
  -7.038 -15.924 -16.209
  -7.033 -16.926 -16.926
  -7.029 -16.179 -16.785
  -7.024 -16.855 -17.038
  -7.019 -16.304 -16.671
  -7.014 -16.159 -16.367
  -7.009 -16.101 -16.509
  -7.005 -15.463 -15.956
  -7.000 -15.484 -16.485
  -6.995 -15.826 -16.231
  -6.991 -16.928 -17.246
  -6.986 -15.833 -17.070
  -6.982 -15.305 -16.717
  -6.978 -16.664 -16.664
  -6.973 -15.757 -15.926
  -6.969 -16.796 -49.500
  -6.965 -16.240 -16.434
  -6.961 -16.979 -49.500
  -6.956 -16.098 -16.422
  -6.952 -16.093 -16.682
  -6.948 -16.321 -16.822
  -6.944 -49.500     NaN
  -6.940 -17.071 -17.328
  -6.936 -15.215 -17.341
  -6.932 -15.449 -16.943
  -6.928 -17.247 -23.067
  -6.924 -16.729 -49.500
  -6.920 -16.460 -16.628
  -6.917 -16.473 -16.723
  -6.913 -16.441 -16.971
  -6.909 -16.697 -16.910
  -6.905 -49.500 -49.500
  -6.902 -16.901 -49.500
  -6.898 -16.842 -16.842
  -6.894 -16.498 -49.500
  -6.891 -16.811 -17.066
  -6.887 -16.987 -17.186
  -6.884 -17.070 -49.500
  -6.880 -16.431 -16.969
  -6.877 -16.723 -49.500
  -6.873 -17.099 -49.500
  -6.870 -16.355 -16.596
  -6.867 -15.918 -49.500
  -6.863 -17.433 -49.500
  -6.860 -17.073 -49.500
  -6.857 -16.416 -16.838
  -6.853 -15.320 -16.245
  -6.850 -16.494 -16.879
  -6.847 -16.308 -16.478
  -6.844 -17.018 -49.500
  -6.840 -16.456 -17.358
  -6.837 -15.900 -16.055
  -6.834 -16.917 -49.500
  -6.831 -16.551 -17.000
  -6.828 -16.908 -49.500
  -6.825 -49.500 -49.500
  -6.822 -49.500     NaN
  -6.819 -15.586 -16.522
  -6.816 -49.500     NaN
  -6.813 -16.948 -49.500
  -6.810 -16.225 -16.384
  -6.807 -15.342 -16.922
  -6.804 -17.054 -49.500
  -6.801 -16.815 -17.074
  -6.798 -17.042 -49.500
  -6.795 -49.500     NaN
  -6.792 -49.500     NaN
  -6.789 -49.500     NaN
  -6.787 -49.500     NaN
  -6.784 -16.671 -49.500
  -6.781 -16.309 -16.309
  -6.778 -16.584 -49.500
  -6.775 -16.105 -49.500
  -6.773 -15.201 -49.500
  -6.770 -49.500     NaN
  -6.767 -15.703 -16.516
  -6.765 -16.259 -49.500
  -6.762 -49.500     NaN
  -6.759 -49.500 -49.500
  -6.757 -16.437 -49.500
  -6.754 -49.500 -49.500
  -6.751 -16.657 -16.657
  -6.749 -49.500     NaN
  -6.746 -49.500     NaN
  -6.744 -49.500 -49.500
  -6.741 -16.916 -49.500
  -6.739 -49.500     NaN
  -6.736 -49.500     NaN
  -6.734 -49.500 -49.500
  -6.731 -16.162 -16.707
  -6.729 -16.118 -16.118
  -6.726 -49.500     NaN
  -6.724 -49.500 -49.500
  -6.721 -49.500     NaN
  -6.719 -16.725 -16.725
  -6.717 -49.500     NaN
  -6.714 -16.965 -16.965
  -6.712 -49.500 -49.500
  -6.709 -16.561 -16.561
  -6.707 -49.500 -49.500
  -6.705 -16.264 -49.500
  -6.702 -49.500 -49.500
  -6.700 -49.500     NaN
  -6.698 -49.500 -49.500
  -6.696 -49.500 -49.500
  -6.693 -16.801 -49.500
  -6.691 -49.500 -49.500
  -6.689 -49.500 -49.500
  -6.687 -16.332 -49.500
  -6.684 -49.500 -49.500
  -6.682 -49.500 -49.500
  -6.680 -49.500 -49.500
  -6.678 -49.500 -49.500
  -6.675 -49.500 -49.500
  -6.673 -49.500 -49.500
  -6.671 -49.500 -49.500
  -6.669 -49.500 -49.500
  -6.667 -49.500 -49.500
  -6.665 -16.645 -16.645
  -6.663 -16.408 -49.500
  -6.661 -49.500 -49.500
  -6.658 -49.500 -49.500
  -6.656 -49.500 -49.500
  -6.654 -49.500     NaN
  -6.652 -15.692 -49.500
  -6.650 -49.500 -49.500
  -6.648 -49.500 -49.500
  -6.646 -49.500 -49.500
  -6.644 -49.500 -49.500
  -6.642 -49.500 -49.500
  -6.640 -49.500 -49.500
  -6.638 -49.500 -49.500
  -6.636 -17.065 -49.500
  -6.634 -16.311 -16.311
  -6.632 -49.500 -49.500
  -6.630 -49.500 -49.500
  -6.628 -49.500 -49.500
  -6.626 -16.807 -16.807
  -6.624 -49.500 -49.500
  -6.622 -49.500 -49.500
  -6.620 -49.500 -49.500
  -6.618 -49.500 -49.500
  -6.617 -49.500 -49.500
  -6.615 -49.500 -49.500
  -6.613 -49.500 -49.500
  -6.611 -15.539 -49.500
  -6.609 -49.500 -49.500
  -6.607 -49.500 -49.500
  -6.605 -49.500 -49.500
  -6.603 -49.500 -49.500
  -6.602 -49.500 -49.500
  -6.600 -49.500 -49.500
  -6.598 -49.500     NaN
  -6.596 -49.500 -49.500
  -6.594 -49.500 -49.500
