  -8.861 -13.961 -13.961
  -8.599 -14.055 -14.055
  -8.442 -14.251 -14.251
  -8.329 -14.392 -14.392
  -8.239 -14.319 -14.319
  -8.166 -14.301 -14.301
  -8.103 -14.485 -14.485
  -8.048 -14.549 -14.549
  -7.999 -14.508 -14.683
  -7.955 -14.605 -14.605
  -7.916 -14.468 -14.697
  -7.879 -14.505 -14.811
  -7.846 -14.513 -14.513
  -7.815 -14.799 -14.799
  -7.786 -14.794 -14.794
  -7.758 -14.836 -14.836
  -7.733 -15.077 -15.077
  -7.709 -14.952 -14.952
  -7.686 -14.943 -14.943
  -7.664 -14.992 -14.992
  -7.643 -15.147 -15.147
  -7.624 -15.153 -15.346
  -7.605 -14.986 -14.986
  -7.586 -15.263 -15.263
  -7.569 -15.371 -15.371
  -7.552 -15.081 -15.081
  -7.536 -14.913 -15.265
  -7.521 -14.907 -14.907
  -7.506 -15.012 -15.245
  -7.491 -15.255 -15.433
  -7.477 -15.347 -15.347
  -7.464 -15.254 -15.254
  -7.451 -15.631 -15.631
  -7.438 -15.337 -15.337
  -7.425 -15.600 -15.600
  -7.413 -15.173 -15.173
  -7.401 -15.243 -15.612
  -7.390 -15.341 -15.341
  -7.379 -15.528 -15.528
  -7.368 -15.458 -15.618
  -7.357 -15.888 -15.888
  -7.347 -14.756 -14.756
  -7.337 -15.508 -15.508
  -7.327 -15.548 -15.548
  -7.317 -15.461 -15.666
  -7.308 -15.671 -15.873
  -7.299 -15.583 -15.825
  -7.290 -15.563 -15.563
  -7.281 -15.722 -15.722
  -7.272 -14.921 -15.362
  -7.264 -15.408 -15.632
  -7.255 -15.127 -15.494
  -7.247 -15.962 -15.962
  -7.239 -15.445 -15.653
  -7.231 -15.679 -15.983
  -7.223 -14.738 -15.457
  -7.216 -15.510 -15.913
  -7.208 -14.792 -15.341
  -7.201 -15.573 -16.114
  -7.194 -15.880 -16.345
  -7.187 -15.418 -16.128
  -7.180 -15.650 -15.999
  -7.173 -15.653 -15.653
  -7.166 -15.877 -15.877
  -7.159 -15.955 -16.111
  -7.153 -14.924 -15.287
  -7.146 -16.076 -16.076
  -7.140 -15.723 -16.089
  -7.133 -15.858 -16.330
  -7.127 -16.362 -16.362
  -7.121 -14.899 -15.724
  -7.115 -16.119 -16.119
  -7.109 -14.725 -16.649
  -7.103 -15.714 -16.143
  -7.098 -16.365 -16.515
  -7.092 -16.133 -16.133
  -7.086 -15.753 -15.753
  -7.081 -15.284 -15.913
  -7.075 -16.431 -16.431
  -7.070 -16.354 -16.786
  -7.064 -16.341 -16.520
  -7.059 -16.501 -16.501
  -7.054 -15.870 -16.575
  -7.049 -16.768 -16.991
  -7.043 -15.514 -15.738
  -7.038 -15.952 -16.411
  -7.033 -16.717 -16.872
  -7.029 -16.605 -16.605
  -7.024 -15.903 -15.903
  -7.019 -16.279 -16.476
  -7.014 -15.820 -16.109
  -7.009 -16.695 -16.695
  -7.005 -15.529 -16.195
  -7.000 -16.623 -16.835
  -6.995 -16.544 -16.780
  -6.991 -16.698 -16.971
  -6.986 -15.250 -15.628
  -6.982 -16.764 -17.279
  -6.978 -15.956 -16.936
  -6.973 -16.593 -17.085
  -6.969 -15.991 -16.739
  -6.965 -16.105 -16.520
  -6.961 -16.024 -16.341
  -6.956 -14.060 -16.383
  -6.952 -15.541 -16.009
  -6.948 -16.034 -16.487
  -6.944 -16.306 -16.306
  -6.940 -16.663 -22.780
  -6.936 -16.366 -16.735
  -6.932 -16.633 -49.500
  -6.928 -16.089 -16.385
  -6.924 -16.090 -16.426
  -6.920 -49.500 -49.500
  -6.917 -17.073 -23.317
  -6.913 -15.789 -16.354
  -6.909 -16.619 -16.880
  -6.905 -16.968 -49.500
  -6.902 -49.500     NaN
  -6.898 -16.547 -16.720
  -6.894 -16.263 -16.532
  -6.891 -16.759 -17.094
  -6.887 -49.500     NaN
  -6.884 -16.574 -49.500
  -6.880 -16.209 -16.702
  -6.877 -49.500     NaN
  -6.873 -15.442 -15.716
  -6.870 -16.945 -49.500
  -6.867 -49.500     NaN
  -6.863 -17.166 -49.500
  -6.860 -16.896 -49.500
  -6.857 -49.500     NaN
  -6.853 -49.500 -49.500
  -6.850 -16.653 -49.500
  -6.847 -49.500     NaN
  -6.844 -16.420 -49.500
  -6.840 -15.500 -16.793
  -6.837 -16.050 -49.500
  -6.834 -16.506 -16.895
  -6.831 -49.500 -49.500
  -6.828 -15.956 -15.956
  -6.825 -49.500     NaN
  -6.822 -16.026 -49.500
  -6.819 -16.403 -17.039
  -6.816 -16.047 -49.500
  -6.813 -16.694 -16.995
  -6.810 -14.895 -16.551
  -6.807 -15.642 -49.500
  -6.804 -49.500     NaN
  -6.801 -49.500     NaN
  -6.798 -16.430 -49.500
  -6.795 -16.269 -16.912
  -6.792 -17.318 -49.500
  -6.789 -15.283 -16.571
  -6.787 -15.805 -15.805
  -6.784 -49.500     NaN
  -6.781 -16.392 -17.225
  -6.778 -17.387 -49.500
  -6.775 -49.500 -49.500
  -6.773 -49.500     NaN
  -6.770 -49.500 -49.500
  -6.767 -49.500     NaN
  -6.765 -49.500     NaN
  -6.762 -16.165 -16.165
  -6.759 -49.500 -49.500
  -6.757 -49.500 -49.500
  -6.754 -15.406 -49.500
  -6.751 -15.627 -49.500
  -6.749 -16.676 -49.500
  -6.746 -49.500     NaN
  -6.744 -16.636 -49.500
  -6.741 -49.500     NaN
  -6.739 -16.509 -49.500
  -6.736 -49.500     NaN
  -6.734 -16.804 -16.804
  -6.731 -15.990 -15.990
  -6.729 -49.500 -49.500
  -6.726 -49.500 -49.500
  -6.724 -49.500 -49.500
  -6.721 -49.500 -49.500
  -6.719 -49.500     NaN
  -6.717 -16.627 -49.500
  -6.714 -49.500     NaN
  -6.712 -49.500 -49.500
  -6.709 -49.500     NaN
  -6.707 -16.192 -16.358
  -6.705 -49.500 -49.500
  -6.702 -49.500 -49.500
  -6.700 -49.500 -49.500
  -6.698 -49.500 -49.500
  -6.696 -49.500     NaN
  -6.693 -16.553 -49.500
  -6.691 -49.500 -49.500
  -6.689 -49.500 -49.500
  -6.687 -49.500 -49.500
  -6.684 -49.500 -49.500
  -6.682 -49.500     NaN
  -6.680 -16.071 -16.071
  -6.678 -49.500     NaN
  -6.675 -16.509 -49.500
  -6.673 -49.500     NaN
  -6.671 -49.500 -49.500
  -6.669 -49.500 -49.500
  -6.667 -49.500 -49.500
  -6.665 -49.500 -49.500
  -6.663 -49.500 -49.500
  -6.661 -16.474 -16.474
  -6.658 -49.500 -49.500
  -6.656 -49.500 -49.500
  -6.654 -16.371 -16.371
  -6.652 -49.500 -49.500
  -6.650 -49.500 -49.500
  -6.648 -49.500 -49.500
  -6.646 -49.500 -49.500
  -6.644 -49.500 -49.500
  -6.642 -49.500 -49.500
  -6.640 -16.520 -49.500
  -6.638 -49.500 -49.500
  -6.636 -49.500 -49.500
  -6.634 -49.500     NaN
  -6.632 -49.500 -49.500
  -6.630 -49.500 -49.500
  -6.628 -49.500 -49.500
  -6.626 -49.500     NaN
  -6.624 -49.500 -49.500
  -6.622 -49.500 -49.500
  -6.620 -49.500 -49.500
  -6.618 -49.500     NaN
  -6.617 -49.500 -49.500
  -6.615 -17.057 -17.057
  -6.613 -49.500 -49.500
  -6.611 -49.500 -49.500
  -6.609 -49.500 -49.500
  -6.607 -49.500     NaN
  -6.605 -49.500 -49.500
  -6.603 -49.500 -49.500
  -6.602 -49.500 -49.500
  -6.600 -49.500 -49.500
  -6.598 -49.500 -49.500
  -6.596 -49.500 -49.500
  -6.594 -49.500 -49.500
