  -8.861 -13.982 -13.982
  -8.599 -14.138 -14.138
  -8.442 -14.221 -14.221
  -8.329 -14.354 -14.354
  -8.239 -14.345 -14.345
  -8.166 -14.351 -14.351
  -8.103 -14.364 -14.364
  -8.048 -14.138 -14.598
  -7.999 -14.655 -14.655
  -7.955 -14.527 -14.527
  -7.916 -14.661 -14.661
  -7.879 -14.593 -14.792
  -7.846 -14.762 -14.762
  -7.815 -14.727 -14.727
  -7.786 -14.924 -14.924
  -7.758 -14.739 -14.973
  -7.733 -14.793 -14.793
  -7.709 -15.081 -15.081
  -7.686 -14.830 -14.830
  -7.664 -15.058 -15.058
  -7.643 -14.093 -15.030
  -7.624 -15.116 -15.116
  -7.605 -14.518 -14.798
  -7.586 -14.883 -15.112
  -7.569 -14.921 -14.921
  -7.552 -14.966 -15.151
  -7.536 -15.254 -15.254
  -7.521 -15.004 -15.375
  -7.506 -15.041 -15.041
  -7.491 -14.962 -15.117
  -7.477 -15.115 -15.404
  -7.464 -15.279 -15.279
  -7.451 -14.909 -15.337
  -7.438 -15.366 -15.596
  -7.425 -15.653 -15.653
  -7.413 -15.431 -15.624
  -7.401 -15.260 -15.260
  -7.390 -15.067 -15.282
  -7.379 -15.205 -15.205
  -7.368 -15.433 -15.599
  -7.357 -15.586 -15.586
  -7.347 -15.919 -15.919
  -7.337 -14.910 -15.753
  -7.327 -15.602 -15.778
  -7.317 -15.679 -15.679
  -7.308 -15.588 -15.588
  -7.299 -15.487 -16.022
  -7.290 -15.429 -15.605
  -7.281 -15.731 -15.956
  -7.272 -15.666 -15.666
  -7.264 -15.881 -15.881
  -7.255 -15.560 -15.560
  -7.247 -15.845 -15.845
  -7.239 -15.562 -15.562
  -7.231 -15.545 -15.545
  -7.223 -15.565 -15.565
  -7.216 -15.442 -15.950
  -7.208 -15.216 -15.449
  -7.201 -16.090 -16.550
  -7.194 -15.958 -16.148
  -7.187 -15.910 -15.910
  -7.180 -15.933 -16.087
  -7.173 -15.897 -16.147
  -7.166 -15.389 -15.926
  -7.159 -15.501 -15.743
  -7.153 -16.396 -16.396
  -7.146 -15.201 -15.851
  -7.140 -16.132 -16.132
  -7.133 -16.273 -16.273
  -7.127 -15.989 -15.989
  -7.121 -16.219 -16.219
  -7.115 -15.954 -15.954
  -7.109 -16.109 -16.630
  -7.103 -16.309 -16.309
  -7.098 -16.019 -16.019
  -7.092 -15.868 -15.868
  -7.086 -15.935 -16.155
  -7.081 -16.407 -16.407
  -7.075 -15.575 -15.792
  -7.070 -16.533 -16.533
  -7.064 -16.643 -17.068
  -7.059 -15.487 -15.963
  -7.054 -15.878 -16.177
  -7.049 -14.451 -16.244
  -7.043 -16.860 -17.228
  -7.038 -15.453 -16.230
  -7.033 -16.379 -16.379
  -7.029 -16.215 -16.612
  -7.024 -16.420 -16.578
  -7.019 -14.866 -15.337
  -7.014 -16.094 -16.359
  -7.009 -16.216 -16.216
  -7.005 -15.714 -49.500
  -7.000 -16.730 -16.730
  -6.995 -16.111 -16.319
  -6.991 -16.858 -22.017
  -6.986 -16.328 -16.504
  -6.982 -16.807 -17.147
  -6.978 -16.928 -17.119
  -6.973 -14.897 -15.089
  -6.969 -16.525 -16.803
  -6.965 -16.625 -17.006
  -6.961 -14.119 -49.500
  -6.956 -16.846 -17.269
  -6.952 -16.139 -16.372
  -6.948 -16.593 -21.628
  -6.944 -16.312 -16.795
  -6.940 -14.995 -15.589
  -6.936 -16.034 -16.677
  -6.932 -16.663 -16.663
  -6.928 -16.730 -17.050
  -6.924 -16.253 -16.996
  -6.920 -17.340 -49.500
  -6.917 -16.383 -16.383
  -6.913 -16.656 -22.347
  -6.909 -17.344 -49.500
  -6.905 -17.160 -49.500
  -6.902 -16.867 -17.168
  -6.898 -15.148 -17.016
  -6.894 -15.193 -16.623
  -6.891 -15.094 -49.500
  -6.887 -17.000 -17.271
  -6.884 -16.767 -49.500
  -6.880 -17.178 -49.500
  -6.877 -15.331 -49.500
  -6.873 -15.867 -16.662
  -6.870 -16.145 -16.427
  -6.867 -16.624 -16.798
  -6.863 -15.970 -16.695
  -6.860 -15.794 -16.320
  -6.857 -49.500     NaN
  -6.853 -15.823 -17.098
  -6.850 -16.915 -49.500
  -6.847 -16.930 -49.500
  -6.844 -16.736 -17.047
  -6.840 -49.500     NaN
  -6.837 -49.500     NaN
  -6.834 -49.500 -49.500
  -6.831 -16.989 -16.989
  -6.828 -16.327 -16.820
  -6.825 -16.813 -49.500
  -6.822 -49.500     NaN
  -6.819 -49.500     NaN
  -6.816 -15.933 -16.814
  -6.813 -49.500     NaN
  -6.810 -16.479 -49.500
  -6.807 -16.735 -49.500
  -6.804 -49.500     NaN
  -6.801 -16.706 -16.706
  -6.798 -16.786 -49.500
  -6.795 -16.533 -49.500
  -6.792 -16.909 -49.500
  -6.789 -49.500     NaN
  -6.787 -16.838 -49.500
  -6.784 -49.500 -49.500
  -6.781 -16.135 -16.364
  -6.778 -49.500     NaN
  -6.775 -49.500     NaN
  -6.773 -16.635 -49.500
  -6.770 -16.579 -49.500
  -6.767 -16.648 -49.500
  -6.765 -16.017 -16.204
  -6.762 -16.484 -49.500
  -6.759 -16.558 -16.558
  -6.757 -16.014 -16.225
  -6.754 -49.500 -49.500
  -6.751 -17.054 -49.500
  -6.749 -49.500     NaN
  -6.746 -49.500 -49.500
  -6.744 -16.785 -49.500
  -6.741 -49.500 -49.500
  -6.739 -49.500     NaN
  -6.736 -16.205 -49.500
  -6.734 -49.500     NaN
  -6.731 -16.762 -16.762
  -6.729 -49.500     NaN
  -6.726 -49.500     NaN
  -6.724 -49.500 -49.500
  -6.721 -49.500 -49.500
  -6.719 -49.500 -49.500
  -6.717 -49.500 -49.500
  -6.714 -16.845 -16.845
  -6.712 -49.500 -49.500
  -6.709 -16.508 -16.508
  -6.707 -49.500 -49.500
  -6.705 -49.500 -49.500
  -6.702 -49.500     NaN
  -6.700 -49.500     NaN
  -6.698 -49.500     NaN
  -6.696 -49.500 -49.500
  -6.693 -49.500     NaN
  -6.691 -49.500 -49.500
  -6.689 -15.757 -49.500
  -6.687 -49.500     NaN
  -6.684 -49.500 -49.500
  -6.682 -49.500     NaN
  -6.680 -49.500 -49.500
  -6.678 -16.884 -16.884
  -6.675 -16.172 -16.172
  -6.673 -49.500     NaN
  -6.671 -49.500     NaN
  -6.669 -49.500 -49.500
  -6.667 -16.530 -49.500
  -6.665 -16.607 -16.607
  -6.663 -16.671 -16.671
  -6.661 -49.500 -49.500
  -6.658 -49.500 -49.500
  -6.656 -16.282 -16.282
  -6.654 -49.500 -49.500
  -6.652 -49.500 -49.500
  -6.650 -49.500 -49.500
  -6.648 -49.500     NaN
  -6.646 -15.368 -15.368
  -6.644 -16.772 -16.772
  -6.642 -49.500 -49.500
  -6.640 -49.500 -49.500
  -6.638 -49.500 -49.500
  -6.636 -49.500 -49.500
  -6.634 -49.500 -49.500
  -6.632 -49.500 -49.500
  -6.630 -49.500 -49.500
  -6.628 -49.500 -49.500
  -6.626 -49.500 -49.500
  -6.624 -16.469 -16.469
  -6.622 -16.333 -16.333
  -6.620 -49.500 -49.500
  -6.618 -49.500     NaN
  -6.617 -49.500 -49.500
  -6.615 -49.500 -49.500
  -6.613 -49.500 -49.500
  -6.611 -16.087 -16.087
  -6.609 -49.500 -49.500
  -6.607 -49.500 -49.500
  -6.605 -49.500 -49.500
  -6.603 -49.500 -49.500
  -6.602 -49.500 -49.500
  -6.600 -49.500 -49.500
  -6.598 -49.500 -49.500
  -6.596 -49.500 -49.500
  -6.594 -49.500 -49.500
