  -8.861 -13.970 -13.970
  -8.599 -14.051 -14.051
  -8.442 -14.214 -14.214
  -8.329 -14.200 -14.200
  -8.239 -14.342 -14.342
  -8.166 -14.390 -14.390
  -8.103 -14.515 -14.515
  -8.048 -14.440 -14.440
  -7.999 -14.515 -14.515
  -7.955 -14.077 -14.598
  -7.916 -14.717 -14.717
  -7.879 -14.639 -14.639
  -7.846 -14.558 -14.558
  -7.815 -14.895 -14.895
  -7.786 -15.059 -15.059
  -7.758 -14.780 -14.780
  -7.733 -14.821 -14.821
  -7.709 -15.023 -15.023
  -7.686 -14.981 -14.981
  -7.664 -15.071 -15.071
  -7.643 -14.823 -15.071
  -7.624 -15.066 -15.066
  -7.605 -14.353 -15.079
  -7.586 -15.152 -15.327
  -7.569 -15.109 -15.109
  -7.552 -15.297 -15.297
  -7.536 -14.836 -15.223
  -7.521 -15.028 -15.028
  -7.506 -14.897 -15.111
  -7.491 -15.370 -15.370
  -7.477 -15.202 -15.202
  -7.464 -14.896 -15.102
  -7.451 -15.532 -15.532
  -7.438 -14.539 -15.373
  -7.425 -15.481 -15.481
  -7.413 -15.176 -15.395
  -7.401 -14.987 -14.987
  -7.390 -15.412 -15.605
  -7.379 -15.189 -15.415
  -7.368 -15.538 -15.538
  -7.357 -15.285 -15.472
  -7.347 -15.529 -15.529
  -7.337 -15.227 -15.559
  -7.327 -15.609 -15.999
  -7.317 -14.498 -15.494
  -7.308 -15.512 -15.696
  -7.299 -15.697 -15.870
  -7.290 -15.276 -15.535
  -7.281 -15.573 -15.792
  -7.272 -14.978 -15.919
  -7.264 -15.741 -15.741
  -7.255 -15.793 -16.103
  -7.247 -15.328 -15.942
  -7.239 -15.989 -15.989
  -7.231 -15.825 -15.825
  -7.223 -15.613 -15.777
  -7.216 -15.333 -15.507
  -7.208 -15.435 -16.529
  -7.201 -15.013 -15.535
  -7.194 -15.937 -15.937
  -7.187 -15.886 -15.886
  -7.180 -15.730 -15.730
  -7.173 -15.955 -16.189
  -7.166 -16.147 -16.147
  -7.159 -15.403 -16.138
  -7.153 -14.883 -15.608
  -7.146 -15.690 -15.853
  -7.140 -16.132 -16.132
  -7.133 -14.646 -16.364
  -7.127 -15.481 -16.580
  -7.121 -16.299 -16.474
  -7.115 -15.877 -16.082
  -7.109 -14.186 -14.601
  -7.103 -16.350 -16.350
  -7.098 -15.793 -16.230
  -7.092 -16.283 -16.583
  -7.086 -15.958 -15.958
  -7.081 -16.160 -16.411
  -7.075 -15.354 -16.140
  -7.070 -16.735 -16.735
  -7.064 -16.455 -16.695
  -7.059 -15.940 -16.678
  -7.054 -15.931 -16.218
  -7.049 -14.590 -16.784
  -7.043 -16.329 -16.573
  -7.038 -15.398 -16.272
  -7.033 -16.047 -16.267
  -7.029 -16.256 -16.545
  -7.024 -15.693 -16.416
  -7.019 -16.498 -16.498
  -7.014 -16.507 -16.507
  -7.009 -16.306 -16.468
  -7.005 -16.733 -16.733
  -7.000 -16.058 -16.725
  -6.995 -15.645 -16.110
  -6.991 -16.170 -16.657
  -6.986 -15.541 -16.755
  -6.982 -14.927 -15.987
  -6.978 -16.068 -17.023
  -6.973 -16.862 -17.276
  -6.969 -15.951 -16.673
  -6.965 -49.500 -49.500
  -6.961 -16.256 -16.490
  -6.956 -16.465 -16.747
  -6.952 -16.017 -16.810
  -6.948 -16.455 -16.455
  -6.944 -16.052 -16.412
  -6.940 -16.576 -16.576
  -6.936 -16.992 -17.175
  -6.932 -15.710 -16.571
  -6.928 -16.521 -17.018
  -6.924 -15.735 -16.535
  -6.920 -15.907 -16.989
  -6.917 -49.500     NaN
  -6.913 -16.136 -16.911
  -6.909 -16.077 -16.229
  -6.905 -16.498 -16.896
  -6.902 -16.135 -49.500
  -6.898 -16.688 -23.521
  -6.894 -16.642 -16.798
  -6.891 -16.233 -17.072
  -6.887 -16.362 -16.552
  -6.884 -49.500     NaN
  -6.880 -16.157 -16.754
  -6.877 -15.605 -49.500
  -6.873 -16.667 -16.908
  -6.870 -16.213 -16.213
  -6.867 -49.500     NaN
  -6.863 -16.339 -16.783
  -6.860 -16.369 -49.500
  -6.857 -16.608 -49.500
  -6.853 -16.323 -49.500
  -6.850 -15.506 -49.500
  -6.847 -17.073 -49.500
  -6.844 -17.235 -49.500
  -6.840 -15.731 -49.500
  -6.837 -15.971 -49.500
  -6.834 -49.500 -49.500
  -6.831 -16.177 -17.190
  -6.828 -16.465 -17.075
  -6.825 -16.573 -49.500
  -6.822 -16.208 -16.894
  -6.819 -49.500     NaN
  -6.816 -16.357 -17.084
  -6.813 -16.655 -49.500
  -6.810 -49.500     NaN
  -6.807 -49.500     NaN
  -6.804 -16.545 -49.500
  -6.801 -49.500     NaN
  -6.798 -16.510 -49.500
  -6.795 -17.125 -49.500
  -6.792 -49.500     NaN
  -6.789 -16.795 -49.500
  -6.787 -49.500     NaN
  -6.784 -49.500 -49.500
  -6.781 -49.500     NaN
  -6.778 -49.500     NaN
  -6.775 -16.868 -49.500
  -6.773 -49.500     NaN
  -6.770 -17.142 -17.142
  -6.767 -16.199 -16.617
  -6.765 -15.857 -49.500
  -6.762 -49.500 -49.500
  -6.759 -49.500     NaN
  -6.757 -16.239 -16.239
  -6.754 -49.500     NaN
  -6.751 -49.500     NaN
  -6.749 -16.969 -16.969
  -6.746 -16.422 -16.994
  -6.744 -16.432 -49.500
  -6.741 -49.500     NaN
  -6.739 -49.500 -49.500
  -6.736 -49.500 -49.500
  -6.734 -49.500 -49.500
  -6.731 -16.287 -49.500
  -6.729 -16.408 -49.500
  -6.726 -16.065 -49.500
  -6.724 -49.500 -49.500
  -6.721 -49.500 -49.500
  -6.719 -49.500 -49.500
  -6.717 -49.500 -49.500
  -6.714 -49.500 -49.500
  -6.712 -16.287 -16.287
  -6.709 -49.500 -49.500
  -6.707 -16.663 -49.500
  -6.705 -16.616 -16.833
  -6.702 -15.875 -49.500
  -6.700 -49.500 -49.500
  -6.698 -16.284 -49.500
  -6.696 -49.500     NaN
  -6.693 -49.500 -49.500
  -6.691 -16.709 -49.500
  -6.689 -49.500 -49.500
  -6.687 -15.477 -16.347
  -6.684 -16.504 -16.504
  -6.682 -49.500 -49.500
  -6.680 -49.500 -49.500
  -6.678 -49.500 -49.500
  -6.675 -49.500 -49.500
  -6.673 -49.500 -49.500
  -6.671 -49.500     NaN
  -6.669 -49.500 -49.500
  -6.667 -49.500 -49.500
  -6.665 -49.500 -49.500
  -6.663 -49.500 -49.500
  -6.661 -16.569 -16.569
  -6.658 -49.500     NaN
  -6.656 -49.500 -49.500
  -6.654 -49.500     NaN
  -6.652 -49.500 -49.500
  -6.650 -15.750 -15.750
  -6.648 -49.500     NaN
  -6.646 -49.500 -49.500
  -6.644 -49.500 -49.500
  -6.642 -16.119 -49.500
  -6.640 -49.500 -49.500
  -6.638 -49.500 -49.500
  -6.636 -16.451 -16.451
  -6.634 -16.444 -16.444
  -6.632 -49.500 -49.500
  -6.630 -49.500 -49.500
  -6.628 -49.500 -49.500
  -6.626 -49.500 -49.500
  -6.624 -49.500 -49.500
  -6.622 -16.822 -49.500
  -6.620 -49.500 -49.500
  -6.618 -49.500     NaN
  -6.617 -49.500 -49.500
  -6.615 -49.500 -49.500
  -6.613 -16.113 -16.113
  -6.611 -49.500 -49.500
  -6.609 -49.500 -49.500
  -6.607 -49.500 -49.500
  -6.605 -49.500 -49.500
  -6.603 -49.500 -49.500
  -6.602 -49.500 -49.500
  -6.600 -49.500 -49.500
  -6.598 -17.261 -17.261
  -6.596 -49.500 -49.500
  -6.594 -49.500 -49.500
