  -8.861 -13.976 -13.976
  -8.599 -14.140 -14.140
  -8.442 -14.233 -14.233
  -8.329 -14.334 -14.334
  -8.239 -14.356 -14.356
  -8.166 -14.437 -14.437
  -8.103 -14.376 -14.376
  -8.048 -14.463 -14.463
  -7.999 -14.309 -14.309
  -7.955 -14.602 -14.602
  -7.916 -14.533 -14.533
  -7.879 -14.591 -14.591
  -7.846 -14.732 -14.732
  -7.815 -14.684 -14.684
  -7.786 -15.017 -15.017
  -7.758 -14.613 -14.974
  -7.733 -14.578 -14.759
  -7.709 -15.106 -15.106
  -7.686 -14.888 -14.888
  -7.664 -15.144 -15.144
  -7.643 -14.762 -14.931
  -7.624 -14.178 -14.966
  -7.605 -15.204 -15.204
  -7.586 -15.081 -15.081
  -7.569 -14.954 -15.149
  -7.552 -15.230 -15.230
  -7.536 -14.594 -15.200
  -7.521 -15.009 -15.353
  -7.506 -15.126 -15.126
  -7.491 -15.367 -15.367
  -7.477 -15.210 -15.210
  -7.464 -15.308 -15.308
  -7.451 -15.448 -15.605
  -7.438 -15.225 -15.225
  -7.425 -14.970 -15.580
  -7.413 -15.470 -15.470
  -7.401 -14.285 -14.923
  -7.390 -15.700 -15.700
  -7.379 -15.312 -15.642
  -7.368 -15.712 -15.712
  -7.357 -15.774 -15.774
  -7.347 -15.205 -15.406
  -7.337 -15.241 -15.505
  -7.327 -15.434 -15.683
  -7.317 -15.606 -15.783
  -7.308 -15.732 -15.732
  -7.299 -15.442 -15.643
  -7.290 -15.518 -15.518
  -7.281 -15.976 -15.976
  -7.272 -15.933 -15.933
  -7.264 -15.660 -15.660
  -7.255 -15.372 -15.372
  -7.247 -14.870 -16.028
  -7.239 -15.128 -15.576
  -7.231 -15.490 -15.490
  -7.223 -15.578 -16.218
  -7.216 -15.974 -16.247
  -7.208 -16.045 -16.045
  -7.201 -15.726 -15.941
  -7.194 -15.812 -16.080
  -7.187 -15.164 -15.422
  -7.180 -15.598 -16.278
  -7.173 -15.754 -15.939
  -7.166 -15.928 -16.342
  -7.159 -15.317 -15.646
  -7.153 -16.402 -16.402
  -7.146 -16.194 -16.366
  -7.140 -15.381 -16.234
  -7.133 -16.077 -16.508
  -7.127 -15.169 -15.768
  -7.121 -16.376 -16.745
  -7.115 -15.534 -15.534
  -7.109 -15.279 -15.928
  -7.103 -15.969 -16.220
  -7.098 -16.482 -16.640
  -7.092 -15.401 -16.015
  -7.086 -16.242 -16.242
  -7.081 -15.909 -16.131
  -7.075 -16.308 -16.308
  -7.070 -16.032 -16.322
  -7.064 -16.079 -16.484
  -7.059 -16.292 -16.500
  -7.054 -15.674 -16.164
  -7.049 -15.714 -16.296
  -7.043 -15.992 -16.177
  -7.038 -16.323 -16.728
  -7.033 -16.089 -16.255
  -7.029 -16.235 -16.235
  -7.024 -16.809 -16.809
  -7.019 -16.661 -17.048
  -7.014 -16.257 -16.583
  -7.009 -16.874 -16.874
  -7.005 -16.799 -17.010
  -7.000 -16.368 -16.778
  -6.995 -16.094 -16.269
  -6.991 -15.372 -15.768
  -6.986 -16.112 -16.571
  -6.982 -15.770 -17.192
  -6.978 -16.183 -16.183
  -6.973 -15.602 -17.263
  -6.969 -16.220 -16.405
  -6.965 -15.283 -15.641
  -6.961 -16.406 -17.267
  -6.956 -16.377 -16.847
  -6.952 -15.909 -16.631
  -6.948 -16.653 -16.846
  -6.944 -15.674 -16.088
  -6.940 -16.635 -16.821
  -6.936 -16.023 -16.187
  -6.932 -21.882 -21.882
  -6.928 -16.216 -16.523
  -6.924 -16.845 -17.048
  -6.920 -15.671 -16.107
  -6.917 -15.859 -16.125
  -6.913 -16.354 -17.040
  -6.909 -17.001 -17.296
  -6.905 -49.500     NaN
  -6.902 -16.368 -16.888
  -6.898 -16.029 -16.400
  -6.894 -15.102 -15.975
  -6.891 -15.905 -16.753
  -6.887 -16.275 -16.275
  -6.884 -16.167 -16.481
  -6.880 -16.641 -17.028
  -6.877 -16.072 -49.500
  -6.873 -16.986 -49.500
  -6.870 -15.898 -16.249
  -6.867 -49.500 -49.500
  -6.863 -15.946 -16.314
  -6.860 -17.327 -49.500
  -6.857 -16.790 -17.043
  -6.853 -16.894 -49.500
  -6.850 -16.053 -16.584
  -6.847 -16.008 -49.500
  -6.844 -49.500     NaN
  -6.840 -14.963 -49.500
  -6.837 -49.500 -49.500
  -6.834 -16.307 -16.504
  -6.831 -16.859 -49.500
  -6.828 -49.500     NaN
  -6.825 -49.500 -49.500
  -6.822 -16.484 -49.500
  -6.819 -16.569 -49.500
  -6.816 -49.500     NaN
  -6.813 -49.500 -49.500
  -6.810 -17.200 -49.500
  -6.807 -49.500     NaN
  -6.804 -16.772 -49.500
  -6.801 -49.500     NaN
  -6.798 -49.500     NaN
  -6.795 -16.820 -17.087
  -6.792 -16.687 -49.500
  -6.789 -15.784 -16.033
  -6.787 -49.500     NaN
  -6.784 -49.500 -49.500
  -6.781 -49.500     NaN
  -6.778 -16.358 -16.358
  -6.775 -49.500     NaN
  -6.773 -49.500     NaN
  -6.770 -16.224 -16.590
  -6.767 -49.500     NaN
  -6.765 -49.500     NaN
  -6.762 -49.500 -49.500
  -6.759 -16.925 -49.500
  -6.757 -49.500     NaN
  -6.754 -49.500     NaN
  -6.751 -17.416 -17.416
  -6.749 -49.500     NaN
  -6.746 -49.500     NaN
  -6.744 -16.756 -49.500
  -6.741 -16.780 -16.780
  -6.739 -49.500 -49.500
  -6.736 -16.931 -16.931
  -6.734 -49.500 -49.500
  -6.731 -15.703 -49.500
  -6.729 -49.500     NaN
  -6.726 -16.678 -49.500
  -6.724 -16.202 -16.202
  -6.721 -49.500 -49.500
  -6.719 -16.169 -16.169
  -6.717 -15.576 -49.500
  -6.714 -49.500 -49.500
  -6.712 -49.500 -49.500
  -6.709 -15.116 -15.116
  -6.707 -15.994 -16.146
  -6.705 -49.500 -49.500
  -6.702 -49.500     NaN
  -6.700 -16.208 -49.500
  -6.698 -16.728 -49.500
  -6.696 -49.500 -49.500
  -6.693 -49.500 -49.500
  -6.691 -49.500 -49.500
  -6.689 -16.436 -16.436
  -6.687 -49.500     NaN
  -6.684 -49.500 -49.500
  -6.682 -49.500 -49.500
  -6.680 -49.500 -49.500
  -6.678 -49.500 -49.500
  -6.675 -49.500 -49.500
  -6.673 -49.500 -49.500
  -6.671 -49.500     NaN
  -6.669 -49.500 -49.500
  -6.667 -49.500 -49.500
  -6.665 -16.838 -16.838
  -6.663 -16.401 -49.500
  -6.661 -49.500 -49.500
  -6.658 -49.500 -49.500
  -6.656 -49.500     NaN
  -6.654 -49.500 -49.500
  -6.652 -49.500 -49.500
  -6.650 -49.500 -49.500
  -6.648 -49.500 -49.500
  -6.646 -49.500 -49.500
  -6.644 -49.500 -49.500
  -6.642 -49.500 -49.500
  -6.640 -16.584 -16.584
  -6.638 -49.500 -49.500
  -6.636 -49.500     NaN
  -6.634 -49.500 -49.500
  -6.632 -15.630 -49.500
  -6.630 -16.333 -16.333
  -6.628 -49.500 -49.500
  -6.626 -49.500 -49.500
  -6.624 -49.500     NaN
  -6.622 -49.500 -49.500
  -6.620 -49.500 -49.500
  -6.618 -16.443 -16.443
  -6.617 -49.500 -49.500
  -6.615 -49.500 -49.500
  -6.613 -16.430 -16.430
  -6.611 -16.494 -16.494
  -6.609 -49.500 -49.500
  -6.607 -49.500 -49.500
  -6.605 -49.500 -49.500
  -6.603 -49.500 -49.500
  -6.602 -49.500 -49.500
  -6.600 -49.500 -49.500
  -6.598 -49.500 -49.500
  -6.596 -16.760 -16.760
  -6.594 -49.500     NaN
