  -8.861 -13.963 -13.963
  -8.599 -14.075 -14.075
  -8.442 -14.237 -14.237
  -8.329 -14.241 -14.241
  -8.239 -14.316 -14.316
  -8.166 -14.447 -14.447
  -8.103 -14.498 -14.498
  -8.048 -14.548 -14.548
  -7.999 -14.310 -14.480
  -7.955 -14.610 -14.610
  -7.916 -14.877 -14.877
  -7.879 -14.449 -14.634
  -7.846 -14.822 -14.822
  -7.815 -14.837 -14.837
  -7.786 -14.833 -14.833
  -7.758 -15.000 -15.000
  -7.733 -14.793 -14.975
  -7.709 -14.428 -14.786
  -7.686 -14.853 -14.853
  -7.664 -15.076 -15.076
  -7.643 -14.572 -14.777
  -7.624 -14.665 -15.106
  -7.605 -15.132 -15.132
  -7.586 -14.843 -14.843
  -7.569 -15.353 -15.353
  -7.552 -15.216 -15.216
  -7.536 -15.169 -15.169
  -7.521 -15.348 -15.348
  -7.506 -15.262 -15.262
  -7.491 -15.197 -15.197
  -7.477 -15.263 -15.263
  -7.464 -15.163 -15.163
  -7.451 -15.441 -15.441
  -7.438 -15.376 -15.592
  -7.425 -15.383 -15.383
  -7.413 -15.082 -15.396
  -7.401 -15.451 -15.622
  -7.390 -15.320 -15.320
  -7.379 -15.811 -15.811
  -7.368 -15.677 -15.677
  -7.357 -15.822 -15.822
  -7.347 -15.150 -16.070
  -7.337 -15.382 -15.585
  -7.327 -15.434 -15.730
  -7.317 -15.221 -15.537
  -7.308 -14.636 -15.975
  -7.299 -15.571 -15.571
  -7.290 -15.324 -15.579
  -7.281 -14.742 -15.948
  -7.272 -15.216 -15.986
  -7.264 -15.918 -15.918
  -7.255 -15.656 -15.656
  -7.247 -15.485 -15.843
  -7.239 -15.559 -15.742
  -7.231 -15.806 -16.022
  -7.223 -15.982 -15.982
  -7.216 -15.969 -15.969
  -7.208 -15.625 -15.844
  -7.201 -15.720 -15.974
  -7.194 -15.102 -15.350
  -7.187 -15.776 -15.776
  -7.180 -16.070 -16.070
  -7.173 -14.970 -15.129
  -7.166 -15.648 -15.801
  -7.159 -16.229 -16.382
  -7.153 -15.741 -15.921
  -7.146 -15.952 -16.171
  -7.140 -15.787 -16.135
  -7.133 -16.077 -16.382
  -7.127 -15.753 -15.974
  -7.121 -16.128 -16.128
  -7.115 -15.266 -15.522
  -7.109 -15.665 -16.097
  -7.103 -15.858 -15.858
  -7.098 -15.048 -15.640
  -7.092 -16.328 -16.503
  -7.086 -16.230 -16.572
  -7.081 -16.046 -16.409
  -7.075 -15.932 -16.499
  -7.070 -16.088 -16.088
  -7.064 -16.516 -16.819
  -7.059 -16.480 -16.480
  -7.054 -16.154 -16.154
  -7.049 -16.528 -16.806
  -7.043 -15.951 -16.205
  -7.038 -15.221 -16.448
  -7.033 -16.092 -16.092
  -7.029 -16.095 -16.095
  -7.024 -15.879 -16.033
  -7.019 -16.556 -16.767
  -7.014 -16.092 -16.355
  -7.009 -16.397 -16.841
  -7.005 -15.937 -16.705
  -7.000 -16.235 -16.235
  -6.995 -16.693 -16.868
  -6.991 -16.768 -17.004
  -6.986 -16.627 -16.779
  -6.982 -16.029 -16.293
  -6.978 -16.059 -16.267
  -6.973 -16.313 -16.944
  -6.969 -16.654 -16.871
  -6.965 -15.464 -16.439
  -6.961 -15.481 -15.851
  -6.956 -16.463 -16.697
  -6.952 -15.920 -16.389
  -6.948 -16.031 -16.233
  -6.944 -21.475 -21.475
  -6.940 -16.820 -23.118
  -6.936 -15.127 -16.629
  -6.932 -16.775 -16.775
  -6.928 -16.689 -17.072
  -6.924 -15.601 -49.500
  -6.920 -16.967 -17.371
  -6.917 -16.388 -16.877
  -6.913 -17.308 -49.500
  -6.909 -16.462 -16.695
  -6.905 -16.859 -49.500
  -6.902 -15.893 -16.568
  -6.898 -16.021 -16.907
  -6.894 -16.189 -49.500
  -6.891 -16.834 -17.249
  -6.887 -17.064 -49.500
  -6.884 -17.112 -49.500
  -6.880 -16.773 -49.500
  -6.877 -16.102 -16.780
  -6.873 -49.500 -49.500
  -6.870 -16.070 -49.500
  -6.867 -16.830 -17.133
  -6.863 -17.255 -49.500
  -6.860 -16.619 -17.218
  -6.857 -16.586 -16.817
  -6.853 -49.500 -49.500
  -6.850 -16.641 -16.804
  -6.847 -15.914 -49.500
  -6.844 -15.399 -49.500
  -6.840 -49.500     NaN
  -6.837 -16.983 -49.500
  -6.834 -16.546 -16.546
  -6.831 -49.500     NaN
  -6.828 -17.255 -49.500
  -6.825 -16.668 -49.500
  -6.822 -16.099 -49.500
  -6.819 -15.239 -16.500
  -6.816 -49.500     NaN
  -6.813 -49.500     NaN
  -6.810 -17.098 -49.500
  -6.807 -16.292 -16.525
  -6.804 -16.934 -49.500
  -6.801 -16.219 -49.500
  -6.798 -16.515 -49.500
  -6.795 -16.255 -49.500
  -6.792 -49.500     NaN
  -6.789 -49.500     NaN
  -6.787 -49.500     NaN
  -6.784 -49.500 -49.500
  -6.781 -49.500     NaN
  -6.778 -16.143 -49.500
  -6.775 -49.500     NaN
  -6.773 -49.500     NaN
  -6.770 -49.500     NaN
  -6.767 -15.878 -16.360
  -6.765 -49.500 -49.500
  -6.762 -15.659 -15.659
  -6.759 -16.673 -49.500
  -6.757 -49.500 -49.500
  -6.754 -49.500 -49.500
  -6.751 -49.500 -49.500
  -6.749 -49.500     NaN
  -6.746 -16.748 -49.500
  -6.744 -49.500     NaN
  -6.741 -49.500 -49.500
  -6.739 -49.500 -49.500
  -6.736 -16.592 -16.915
  -6.734 -49.500     NaN
  -6.731 -49.500 -49.500
  -6.729 -16.070 -16.070
  -6.726 -49.500 -49.500
  -6.724 -49.500     NaN
  -6.721 -49.500     NaN
  -6.719 -49.500     NaN
  -6.717 -16.739 -49.500
  -6.714 -16.348 -16.348
  -6.712 -17.103 -49.500
  -6.709 -49.500 -49.500
  -6.707 -16.732 -16.732
  -6.705 -49.500     NaN
  -6.702 -49.500     NaN
  -6.700 -49.500 -49.500
  -6.698 -49.500 -49.500
  -6.696 -49.500 -49.500
  -6.693 -49.500 -49.500
  -6.691 -16.485 -16.485
  -6.689 -16.477 -49.500
  -6.687 -49.500 -49.500
  -6.684 -17.033 -49.500
  -6.682 -49.500     NaN
  -6.680 -49.500     NaN
  -6.678 -49.500 -49.500
  -6.675 -16.770 -16.770
  -6.673 -49.500 -49.500
  -6.671 -49.500 -49.500
  -6.669 -16.046 -16.046
  -6.667 -49.500     NaN
  -6.665 -49.500 -49.500
  -6.663 -49.500 -49.500
  -6.661 -49.500 -49.500
  -6.658 -16.135 -49.500
  -6.656 -49.500 -49.500
  -6.654 -49.500 -49.500
  -6.652 -49.500     NaN
  -6.650 -49.500     NaN
  -6.648 -49.500 -49.500
  -6.646 -49.500 -49.500
  -6.644 -15.215 -49.500
  -6.642 -49.500 -49.500
  -6.640 -49.500 -49.500
  -6.638 -16.859 -16.859
  -6.636 -17.002 -17.002
  -6.634 -16.512 -49.500
  -6.632 -15.882 -15.882
  -6.630 -49.500 -49.500
  -6.628 -49.500 -49.500
  -6.626 -49.500 -49.500
  -6.624 -49.500 -49.500
  -6.622 -49.500 -49.500
  -6.620 -16.675 -16.675
  -6.618 -49.500 -49.500
  -6.617 -49.500     NaN
  -6.615 -49.500 -49.500
  -6.613 -49.500 -49.500
  -6.611 -49.500 -49.500
  -6.609 -49.500 -49.500
  -6.607 -49.500 -49.500
  -6.605 -49.500 -49.500
  -6.603 -49.500 -49.500
  -6.602 -49.500 -49.500
  -6.600 -49.500 -49.500
  -6.598 -16.576 -16.576
  -6.596 -49.500 -49.500
  -6.594 -49.500 -49.500
