  -8.861 -13.964 -13.964
  -8.599 -14.088 -14.088
  -8.442 -14.185 -14.185
  -8.329 -14.345 -14.345
  -8.239 -14.418 -14.418
  -8.166 -14.297 -14.297
  -8.103 -14.484 -14.484
  -8.048 -14.569 -14.569
  -7.999 -14.572 -14.572
  -7.955 -14.622 -14.622
  -7.916 -14.682 -14.682
  -7.879 -14.610 -14.610
  -7.846 -14.839 -14.839
  -7.815 -14.639 -14.639
  -7.786 -14.773 -14.773
  -7.758 -14.643 -14.643
  -7.733 -14.593 -14.593
  -7.709 -14.859 -15.059
  -7.686 -15.050 -15.050
  -7.664 -15.029 -15.029
  -7.643 -14.811 -15.139
  -7.624 -14.954 -14.954
  -7.605 -14.755 -15.059
  -7.586 -15.141 -15.141
  -7.569 -14.777 -15.270
  -7.552 -14.790 -14.790
  -7.536 -14.209 -14.616
  -7.521 -15.047 -15.284
  -7.506 -15.051 -15.258
  -7.491 -15.209 -15.209
  -7.477 -14.839 -15.247
  -7.464 -14.960 -15.159
  -7.451 -15.458 -15.680
  -7.438 -15.467 -15.467
  -7.425 -15.159 -15.673
  -7.413 -14.667 -14.867
  -7.401 -14.836 -15.132
  -7.390 -15.200 -15.576
  -7.379 -15.288 -15.455
  -7.368 -15.344 -15.538
  -7.357 -15.696 -15.696
  -7.347 -14.649 -15.856
  -7.337 -15.429 -15.429
  -7.327 -15.423 -15.764
  -7.317 -15.332 -15.517
  -7.308 -14.537 -15.599
  -7.299 -14.699 -15.126
  -7.290 -15.742 -15.964
  -7.281 -15.653 -15.842
  -7.272 -15.358 -15.358
  -7.264 -15.996 -15.996
  -7.255 -15.024 -15.526
  -7.247 -15.924 -15.924
  -7.239 -15.616 -16.084
  -7.231 -16.052 -16.052
  -7.223 -15.356 -15.514
  -7.216 -15.578 -15.578
  -7.208 -16.080 -16.080
  -7.201 -16.075 -16.234
  -7.194 -14.710 -15.814
  -7.187 -15.233 -15.864
  -7.180 -15.929 -15.929
  -7.173 -16.055 -16.055
  -7.166 -15.923 -16.109
  -7.159 -16.153 -16.342
  -7.153 -16.166 -16.166
  -7.146 -15.739 -15.739
  -7.140 -15.766 -16.170
  -7.133 -15.871 -16.286
  -7.127 -16.021 -16.206
  -7.121 -16.176 -16.485
  -7.115 -15.977 -16.151
  -7.109 -16.316 -16.316
  -7.103 -16.059 -16.213
  -7.098 -15.830 -16.345
  -7.092 -15.154 -15.428
  -7.086 -15.970 -16.174
  -7.081 -16.371 -16.371
  -7.075 -15.786 -15.786
  -7.070 -16.210 -16.469
  -7.064 -16.187 -16.187
  -7.059 -15.427 -15.601
  -7.054 -16.040 -16.040
  -7.049 -15.460 -16.160
  -7.043 -16.214 -16.385
  -7.038 -16.317 -16.483
  -7.033 -15.635 -16.779
  -7.029 -49.500 -49.500
  -7.024 -16.094 -16.550
  -7.019 -16.405 -16.608
  -7.014 -22.394 -22.394
  -7.009 -16.498 -16.854
  -7.005 -16.514 -16.692
  -7.000 -16.311 -16.311
  -6.995 -15.161 -16.171
  -6.991 -16.473 -16.838
  -6.986 -16.300 -16.769
  -6.982 -16.776 -16.928
  -6.978 -16.059 -17.026
  -6.973 -16.495 -16.743
  -6.969 -16.477 -16.635
  -6.965 -15.817 -16.294
  -6.961 -16.404 -16.404
  -6.956 -15.451 -15.890
  -6.952 -15.993 -16.664
  -6.948 -16.270 -16.617
  -6.944 -16.358 -16.676
  -6.940 -17.101 -23.059
  -6.936 -15.839 -16.433
  -6.932 -49.500     NaN
  -6.928 -16.934 -17.110
  -6.924 -16.184 -17.219
  -6.920 -16.611 -16.824
  -6.917 -15.902 -49.500
  -6.913 -16.143 -16.656
  -6.909 -16.338 -16.338
  -6.905 -16.803 -49.500
  -6.902 -16.854 -17.103
  -6.898 -16.301 -49.500
  -6.894 -17.214 -49.500
  -6.891 -15.759 -17.054
  -6.887 -15.722 -17.277
  -6.884 -49.500     NaN
  -6.880 -16.210 -16.429
  -6.877 -16.742 -49.500
  -6.873 -49.500 -49.500
  -6.870 -49.500     NaN
  -6.867 -16.106 -16.672
  -6.863 -16.905 -49.500
  -6.860 -16.440 -49.500
  -6.857 -15.346 -16.550
  -6.853 -16.413 -16.644
  -6.850 -49.500 -49.500
  -6.847 -49.500     NaN
  -6.844 -49.500     NaN
  -6.840 -49.500     NaN
  -6.837 -49.500 -49.500
  -6.834 -16.174 -49.500
  -6.831 -15.554 -16.252
  -6.828 -17.122 -49.500
  -6.825 -49.500     NaN
  -6.822 -49.500     NaN
  -6.819 -16.796 -17.032
  -6.816 -16.823 -49.500
  -6.813 -49.500     NaN
  -6.810 -49.500     NaN
  -6.807 -17.003 -49.500
  -6.804 -49.500     NaN
  -6.801 -16.760 -49.500
  -6.798 -16.617 -17.174
  -6.795 -16.581 -49.500
  -6.792 -49.500 -49.500
  -6.789 -16.505 -49.500
  -6.787 -15.252 -15.431
  -6.784 -49.500 -49.500
  -6.781 -15.771 -49.500
  -6.778 -49.500     NaN
  -6.775 -15.659 -16.795
  -6.773 -16.881 -49.500
  -6.770 -16.181 -16.803
  -6.767 -49.500     NaN
  -6.765 -16.688 -49.500
  -6.762 -16.772 -16.772
  -6.759 -49.500     NaN
  -6.757 -16.702 -49.500
  -6.754 -16.840 -49.500
  -6.751 -16.856 -49.500
  -6.749 -49.500     NaN
  -6.746 -16.931 -16.931
  -6.744 -49.500     NaN
  -6.741 -49.500     NaN
  -6.739 -49.500     NaN
  -6.736 -49.500 -49.500
  -6.734 -49.500 -49.500
  -6.731 -16.088 -16.356
  -6.729 -49.500     NaN
  -6.726 -49.500 -49.500
  -6.724 -49.500     NaN
  -6.721 -15.963 -49.500
  -6.719 -49.500 -49.500
  -6.717 -49.500 -49.500
  -6.714 -49.500 -49.500
  -6.712 -16.134 -49.500
  -6.709 -49.500 -49.500
  -6.707 -49.500     NaN
  -6.705 -16.840 -16.840
  -6.702 -16.257 -49.500
  -6.700 -49.500     NaN
  -6.698 -16.563 -16.563
  -6.696 -49.500 -49.500
  -6.693 -49.500 -49.500
  -6.691 -49.500 -49.500
  -6.689 -49.500     NaN
  -6.687 -49.500 -49.500
  -6.684 -49.500 -49.500
  -6.682 -15.806 -49.500
  -6.680 -49.500 -49.500
  -6.678 -16.522 -49.500
  -6.675 -49.500 -49.500
  -6.673 -49.500     NaN
  -6.671 -49.500 -49.500
  -6.669 -49.500 -49.500
  -6.667 -49.500 -49.500
  -6.665 -49.500 -49.500
  -6.663 -16.895 -16.895
  -6.661 -49.500 -49.500
  -6.658 -49.500 -49.500
  -6.656 -16.153 -16.153
  -6.654 -49.500 -49.500
  -6.652 -16.325 -16.325
  -6.650 -49.500 -49.500
  -6.648 -49.500 -49.500
  -6.646 -49.500 -49.500
  -6.644 -49.500 -49.500
  -6.642 -49.500 -49.500
  -6.640 -16.799 -16.799
  -6.638 -49.500 -49.500
  -6.636 -49.500     NaN
  -6.634 -49.500 -49.500
  -6.632 -49.500 -49.500
  -6.630 -49.500 -49.500
  -6.628 -49.500 -49.500
  -6.626 -49.500     NaN
  -6.624 -16.267 -16.267
  -6.622 -49.500 -49.500
  -6.620 -49.500 -49.500
  -6.618 -49.500 -49.500
  -6.617 -49.500 -49.500
  -6.615 -49.500 -49.500
  -6.613 -49.500 -49.500
  -6.611 -49.500 -49.500
  -6.609 -49.500 -49.500
  -6.607 -16.972 -16.972
  -6.605 -49.500 -49.500
  -6.603 -49.500 -49.500
  -6.602 -49.500 -49.500
  -6.600 -16.648 -16.648
  -6.598 -49.500 -49.500
  -6.596 -49.500 -49.500
  -6.594 -49.500 -49.500
