  -8.861 -13.963 -13.963
  -8.599 -14.069 -14.069
  -8.442 -14.247 -14.247
  -8.329 -14.347 -14.347
  -8.239 -14.396 -14.396
  -8.166 -14.464 -14.464
  -8.103 -14.469 -14.469
  -8.048 -14.567 -14.567
  -7.999 -14.497 -14.497
  -7.955 -14.720 -14.720
  -7.916 -14.396 -14.607
  -7.879 -14.700 -14.700
  -7.846 -14.787 -14.787
  -7.815 -14.797 -14.797
  -7.786 -14.834 -14.834
  -7.758 -14.941 -14.941
  -7.733 -14.758 -15.063
  -7.709 -14.861 -14.861
  -7.686 -15.021 -15.021
  -7.664 -15.072 -15.072
  -7.643 -14.994 -14.994
  -7.624 -14.482 -14.974
  -7.605 -15.021 -15.177
  -7.586 -14.943 -14.943
  -7.569 -15.121 -15.121
  -7.552 -15.083 -15.397
  -7.536 -15.335 -15.335
  -7.521 -15.028 -15.028
  -7.506 -15.103 -15.103
  -7.491 -15.249 -15.405
  -7.477 -14.958 -15.281
  -7.464 -15.219 -15.219
  -7.451 -15.085 -15.249
  -7.438 -15.088 -15.511
  -7.425 -15.567 -15.567
  -7.413 -15.310 -15.626
  -7.401 -14.990 -15.142
  -7.390 -15.067 -15.243
  -7.379 -15.386 -15.386
  -7.368 -15.540 -15.540
  -7.357 -15.046 -15.046
  -7.347 -15.707 -15.707
  -7.337 -15.269 -15.544
  -7.327 -15.612 -15.612
  -7.317 -15.395 -15.760
  -7.308 -15.249 -15.920
  -7.299 -15.117 -15.117
  -7.290 -15.852 -15.852
  -7.281 -15.582 -15.582
  -7.272 -15.244 -15.427
  -7.264 -15.287 -15.719
  -7.255 -15.889 -15.889
  -7.247 -15.835 -15.835
  -7.239 -16.125 -16.125
  -7.231 -15.787 -15.787
  -7.223 -15.710 -15.710
  -7.216 -15.231 -15.692
  -7.208 -15.932 -15.932
  -7.201 -15.931 -15.931
  -7.194 -14.860 -15.608
  -7.187 -15.474 -16.037
  -7.180 -15.927 -15.927
  -7.173 -15.360 -15.787
  -7.166 -15.957 -15.957
  -7.159 -15.805 -16.057
  -7.153 -15.449 -15.792
  -7.146 -15.931 -15.931
  -7.140 -14.791 -16.135
  -7.133 -16.571 -16.571
  -7.127 -16.425 -16.425
  -7.121 -15.628 -16.051
  -7.115 -16.176 -16.176
  -7.109 -16.012 -16.012
  -7.103 -16.091 -16.315
  -7.098 -15.833 -16.020
  -7.092 -15.942 -15.942
  -7.086 -16.230 -16.230
  -7.081 -15.944 -16.393
  -7.075 -15.455 -16.006
  -7.070 -16.099 -16.550
  -7.064 -15.619 -15.867
  -7.059 -15.617 -15.779
  -7.054 -15.820 -16.037
  -7.049 -15.665 -16.089
  -7.043 -15.950 -16.190
  -7.038 -16.328 -16.506
  -7.033 -15.868 -16.220
  -7.029 -15.670 -16.090
  -7.024 -16.016 -16.016
  -7.019 -16.164 -16.479
  -7.014 -16.282 -16.282
  -7.009 -16.817 -49.500
  -7.005 -15.146 -15.509
  -7.000 -16.105 -16.322
  -6.995 -15.634 -16.261
  -6.991 -49.500     NaN
  -6.986 -16.766 -16.917
  -6.982 -16.211 -16.515
  -6.978 -15.850 -16.573
  -6.973 -15.832 -16.003
  -6.969 -15.661 -17.288
  -6.965 -16.505 -16.798
  -6.961 -16.678 -16.985
  -6.956 -17.256 -49.500
  -6.952 -16.430 -16.601
  -6.948 -15.781 -16.875
  -6.944 -16.820 -16.820
  -6.940 -16.140 -16.493
  -6.936 -16.038 -16.463
  -6.932 -22.275 -22.275
  -6.928 -16.781 -17.100
  -6.924 -16.163 -17.143
  -6.920 -16.952 -49.500
  -6.917 -16.752 -49.500
  -6.913 -16.936 -49.500
  -6.909 -49.500     NaN
  -6.905 -15.805 -16.057
  -6.902 -16.302 -16.534
  -6.898 -16.170 -17.117
  -6.894 -49.500     NaN
  -6.891 -49.500     NaN
  -6.887 -16.660 -17.100
  -6.884 -16.872 -17.035
  -6.880 -49.500     NaN
  -6.877 -16.107 -16.274
  -6.873 -15.833 -49.500
  -6.870 -16.258 -16.702
  -6.867 -49.500 -49.500
  -6.863 -49.500     NaN
  -6.860 -15.238 -17.111
  -6.857 -16.465 -16.687
  -6.853 -16.358 -16.767
  -6.850 -17.069 -49.500
  -6.847 -49.500     NaN
  -6.844 -16.776 -49.500
  -6.840 -16.220 -16.673
  -6.837 -16.728 -16.899
  -6.834 -16.567 -49.500
  -6.831 -16.305 -49.500
  -6.828 -15.889 -49.500
  -6.825 -49.500     NaN
  -6.822 -16.694 -49.500
  -6.819 -16.614 -49.500
  -6.816 -49.500     NaN
  -6.813 -49.500     NaN
  -6.810 -16.166 -16.166
  -6.807 -49.500 -49.500
  -6.804 -49.500 -49.500
  -6.801 -16.365 -16.686
  -6.798 -16.648 -49.500
  -6.795 -16.871 -49.500
  -6.792 -49.500     NaN
  -6.789 -16.080 -16.580
  -6.787 -49.500 -49.500
  -6.784 -49.500     NaN
  -6.781 -16.968 -49.500
  -6.778 -49.500     NaN
  -6.775 -49.500 -49.500
  -6.773 -49.500     NaN
  -6.770 -16.773 -49.500
  -6.767 -17.390 -49.500
  -6.765 -16.561 -16.561
  -6.762 -16.866 -16.866
  -6.759 -49.500 -49.500
  -6.757 -14.824 -16.057
  -6.754 -16.363 -16.846
  -6.751 -17.134 -49.500
  -6.749 -49.500     NaN
  -6.746 -49.500     NaN
  -6.744 -16.576 -16.765
  -6.741 -16.367 -16.367
  -6.739 -49.500     NaN
  -6.736 -49.500 -49.500
  -6.734 -49.500     NaN
  -6.731 -49.500     NaN
  -6.729 -17.011 -49.500
  -6.726 -16.436 -16.436
  -6.724 -49.500 -49.500
  -6.721 -49.500 -49.500
  -6.719 -49.500     NaN
  -6.717 -16.528 -16.697
  -6.714 -49.500 -49.500
  -6.712 -49.500     NaN
  -6.709 -49.500     NaN
  -6.707 -49.500 -49.500
  -6.705 -49.500 -49.500
  -6.702 -16.597 -49.500
  -6.700 -49.500     NaN
  -6.698 -16.744 -49.500
  -6.696 -49.500 -49.500
  -6.693 -16.583 -16.583
  -6.691 -49.500     NaN
  -6.689 -49.500 -49.500
  -6.687 -16.121 -16.121
  -6.684 -49.500 -49.500
  -6.682 -49.500 -49.500
  -6.680 -49.500 -49.500
  -6.678 -49.500 -49.500
  -6.675 -16.745 -16.745
  -6.673 -49.500 -49.500
  -6.671 -49.500 -49.500
  -6.669 -49.500     NaN
  -6.667 -49.500 -49.500
  -6.665 -49.500 -49.500
  -6.663 -16.239 -16.239
  -6.661 -16.430 -16.430
  -6.658 -49.500 -49.500
  -6.656 -49.500 -49.500
  -6.654 -49.500 -49.500
  -6.652 -49.500     NaN
  -6.650 -49.500 -49.500
  -6.648 -15.255 -49.500
  -6.646 -49.500 -49.500
  -6.644 -16.523 -16.523
  -6.642 -49.500 -49.500
  -6.640 -49.500 -49.500
  -6.638 -15.992 -49.500
  -6.636 -16.644 -16.644
  -6.634 -16.800 -16.800
  -6.632 -49.500 -49.500
  -6.630 -16.015 -49.500
  -6.628 -49.500 -49.500
  -6.626 -16.533 -49.500
  -6.624 -49.500     NaN
  -6.622 -49.500     NaN
  -6.620 -49.500 -49.500
  -6.618 -49.500     NaN
  -6.617 -49.500 -49.500
  -6.615 -49.500 -49.500
  -6.613 -49.500 -49.500
  -6.611 -49.500 -49.500
  -6.609 -49.500 -49.500
  -6.607 -49.500 -49.500
  -6.605 -49.500 -49.500
  -6.603 -49.500 -49.500
  -6.602 -49.500 -49.500
  -6.600 -49.500 -49.500
  -6.598 -49.500 -49.500
  -6.596 -49.500 -49.500
  -6.594 -49.500 -49.500
