  -8.861 -13.992 -13.992
  -8.599 -14.172 -14.172
  -8.442 -14.244 -14.244
  -8.329 -14.237 -14.237
  -8.239 -14.315 -14.315
  -8.166 -14.406 -14.406
  -8.103 -14.210 -14.210
  -8.048 -14.526 -14.526
  -7.999 -14.569 -14.569
  -7.955 -14.575 -14.575
  -7.916 -14.597 -14.597
  -7.879 -14.485 -14.727
  -7.846 -14.720 -14.720
  -7.815 -14.477 -14.912
  -7.786 -14.803 -14.803
  -7.758 -14.441 -14.744
  -7.733 -14.792 -14.792
  -7.709 -14.948 -14.948
  -7.686 -14.921 -14.921
  -7.664 -14.608 -14.608
  -7.643 -15.116 -15.116
  -7.624 -14.586 -14.781
  -7.605 -15.219 -15.219
  -7.586 -15.062 -15.397
  -7.569 -15.182 -15.182
  -7.552 -15.224 -15.377
  -7.536 -15.141 -15.141
  -7.521 -15.270 -15.270
  -7.506 -14.958 -15.129
  -7.491 -15.129 -15.129
  -7.477 -15.371 -15.371
  -7.464 -15.558 -15.558
  -7.451 -15.395 -15.638
  -7.438 -15.371 -15.371
  -7.425 -15.240 -15.240
  -7.413 -15.285 -15.540
  -7.401 -15.578 -15.578
  -7.390 -15.553 -15.553
  -7.379 -15.203 -15.203
  -7.368 -15.127 -15.784
  -7.357 -15.348 -15.558
  -7.347 -15.375 -15.615
  -7.337 -15.654 -15.654
  -7.327 -15.491 -15.751
  -7.317 -15.284 -15.547
  -7.308 -15.367 -15.665
  -7.299 -14.782 -15.371
  -7.290 -15.667 -15.851
  -7.281 -15.121 -15.834
  -7.272 -15.086 -15.792
  -7.264 -15.424 -15.885
  -7.255 -15.899 -16.163
  -7.247 -14.906 -16.185
  -7.239 -15.858 -16.128
  -7.231 -16.500 -16.500
  -7.223 -15.814 -16.081
  -7.216 -15.624 -16.115
  -7.208 -16.039 -16.309
  -7.201 -14.890 -15.590
  -7.194 -16.140 -16.336
  -7.187 -15.764 -15.966
  -7.180 -15.034 -15.500
  -7.173 -15.787 -16.036
  -7.166 -15.911 -16.447
  -7.159 -15.442 -15.876
  -7.153 -15.834 -16.069
  -7.146 -15.867 -16.028
  -7.140 -16.482 -16.482
  -7.133 -16.023 -16.510
  -7.127 -15.447 -16.233
  -7.121 -16.421 -16.421
  -7.115 -15.082 -16.156
  -7.109 -15.607 -15.867
  -7.103 -15.115 -16.200
  -7.098 -16.062 -16.062
  -7.092 -15.663 -16.348
  -7.086 -16.386 -16.667
  -7.081 -16.270 -16.270
  -7.075 -16.075 -16.075
  -7.070 -16.270 -16.492
  -7.064 -16.686 -16.686
  -7.059 -16.526 -16.814
  -7.054 -16.110 -16.110
  -7.049 -15.784 -16.125
  -7.043 -15.870 -16.711
  -7.038 -15.135 -16.453
  -7.033 -16.506 -16.833
  -7.029 -16.238 -16.451
  -7.024 -16.535 -16.535
  -7.019 -16.611 -16.824
  -7.014 -15.658 -16.345
  -7.009 -16.264 -16.533
  -7.005 -16.271 -16.271
  -7.000 -16.433 -16.900
  -6.995 -16.637 -16.829
  -6.991 -15.946 -16.535
  -6.986 -16.687 -16.926
  -6.982 -16.877 -17.080
  -6.978 -16.670 -17.013
  -6.973 -16.665 -17.025
  -6.969 -15.819 -16.144
  -6.965 -16.466 -16.466
  -6.961 -16.248 -22.394
  -6.956 -16.583 -16.865
  -6.952 -22.499 -22.499
  -6.948 -16.415 -16.415
  -6.944 -15.235 -17.348
  -6.940 -16.541 -16.711
  -6.936 -15.772 -16.181
  -6.932 -49.500     NaN
  -6.928 -16.632 -16.821
  -6.924 -15.922 -16.689
  -6.920 -49.500 -49.500
  -6.917 -16.614 -17.000
  -6.913 -16.349 -16.823
  -6.909 -16.373 -16.531
  -6.905 -16.246 -16.727
  -6.902 -15.912 -16.496
  -6.898 -16.245 -16.531
  -6.894 -49.500     NaN
  -6.891 -49.500     NaN
  -6.887 -16.370 -17.183
  -6.884 -16.846 -49.500
  -6.880 -17.257 -49.500
  -6.877 -15.804 -16.650
  -6.873 -16.203 -17.172
  -6.870 -16.286 -49.500
  -6.867 -15.439 -16.636
  -6.863 -49.500     NaN
  -6.860 -16.349 -16.596
  -6.857 -16.014 -16.532
  -6.853 -15.201 -16.057
  -6.850 -15.560 -16.968
  -6.847 -16.150 -16.606
  -6.844 -16.861 -16.861
  -6.840 -16.685 -17.043
  -6.837 -49.500     NaN
  -6.834 -16.420 -49.500
  -6.831 -17.210 -49.500
  -6.828 -49.500 -49.500
  -6.825 -49.500     NaN
  -6.822 -49.500     NaN
  -6.819 -49.500     NaN
  -6.816 -16.323 -16.599
  -6.813 -16.212 -16.988
  -6.810 -16.643 -16.795
  -6.807 -49.500     NaN
  -6.804 -17.163 -17.163
  -6.801 -49.500     NaN
  -6.798 -16.460 -49.500
  -6.795 -16.071 -49.500
  -6.792 -16.053 -16.893
  -6.789 -49.500     NaN
  -6.787 -49.500     NaN
  -6.784 -16.766 -16.766
  -6.781 -49.500     NaN
  -6.778 -16.967 -49.500
  -6.775 -16.375 -16.375
  -6.773 -49.500     NaN
  -6.770 -49.500     NaN
  -6.767 -15.975 -16.557
  -6.765 -49.500     NaN
  -6.762 -49.500 -49.500
  -6.759 -17.040 -17.040
  -6.757 -49.500 -49.500
  -6.754 -49.500 -49.500
  -6.751 -49.500 -49.500
  -6.749 -16.580 -49.500
  -6.746 -49.500     NaN
  -6.744 -16.572 -16.572
  -6.741 -16.232 -16.232
  -6.739 -49.500 -49.500
  -6.736 -49.500     NaN
  -6.734 -49.500     NaN
  -6.731 -49.500     NaN
  -6.729 -49.500     NaN
  -6.726 -49.500 -49.500
  -6.724 -15.841 -49.500
  -6.721 -49.500 -49.500
  -6.719 -17.087 -49.500
  -6.717 -15.959 -49.500
  -6.714 -49.500 -49.500
  -6.712 -49.500 -49.500
  -6.709 -16.239 -16.239
  -6.707 -49.500 -49.500
  -6.705 -49.500     NaN
  -6.702 -49.500     NaN
  -6.700 -49.500 -49.500
  -6.698 -16.958 -49.500
  -6.696 -49.500 -49.500
  -6.693 -49.500 -49.500
  -6.691 -16.751 -49.500
  -6.689 -49.500 -49.500
  -6.687 -49.500 -49.500
  -6.684 -49.500 -49.500
  -6.682 -49.500 -49.500
  -6.680 -49.500 -49.500
  -6.678 -16.647 -49.500
  -6.675 -49.500 -49.500
  -6.673 -49.500 -49.500
  -6.671 -49.500 -49.500
  -6.669 -49.500 -49.500
  -6.667 -49.500 -49.500
  -6.665 -49.500 -49.500
  -6.663 -49.500 -49.500
  -6.661 -16.134 -16.946
  -6.658 -49.500 -49.500
  -6.656 -49.500 -49.500
  -6.654 -15.726 -15.726
  -6.652 -49.500 -49.500
  -6.650 -16.239 -49.500
  -6.648 -16.516 -16.516
  -6.646 -49.500 -49.500
  -6.644 -49.500 -49.500
  -6.642 -49.500 -49.500
  -6.640 -49.500 -49.500
  -6.638 -49.500 -49.500
  -6.636 -49.500 -49.500
  -6.634 -49.500 -49.500
  -6.632 -49.500 -49.500
  -6.630 -49.500     NaN
  -6.628 -49.500     NaN
  -6.626 -49.500     NaN
  -6.624 -49.500     NaN
  -6.622 -49.500 -49.500
  -6.620 -49.500 -49.500
  -6.618 -49.500     NaN
  -6.617 -49.500 -49.500
  -6.615 -49.500 -49.500
  -6.613 -49.500 -49.500
  -6.611 -17.038 -17.038
  -6.609 -49.500     NaN
  -6.607 -49.500 -49.500
  -6.605 -49.500 -49.500
  -6.603 -49.500 -49.500
  -6.602 -15.704 -15.704
  -6.600 -16.919 -16.919
  -6.598 -16.299 -16.299
  -6.596 -49.500 -49.500
  -6.594 -49.500 -49.500
