  -8.861 -13.975 -13.975
  -8.599 -14.090 -14.090
  -8.442 -14.196 -14.196
  -8.329 -14.338 -14.338
  -8.239 -14.281 -14.281
  -8.166 -14.294 -14.294
  -8.103 -14.533 -14.533
  -8.048 -14.403 -14.403
  -7.999 -14.482 -14.482
  -7.955 -14.357 -14.357
  -7.916 -14.711 -14.711
  -7.879 -14.305 -14.721
  -7.846 -14.778 -14.778
  -7.815 -14.814 -14.814
  -7.786 -14.705 -14.705
  -7.758 -15.001 -15.001
  -7.733 -14.664 -15.033
  -7.709 -14.939 -14.939
  -7.686 -14.952 -14.952
  -7.664 -14.923 -14.923
  -7.643 -15.033 -15.033
  -7.624 -14.874 -15.045
  -7.605 -15.110 -15.110
  -7.586 -15.170 -15.170
  -7.569 -14.499 -14.781
  -7.552 -14.532 -15.143
  -7.536 -15.071 -15.071
  -7.521 -14.518 -15.036
  -7.506 -15.107 -15.107
  -7.491 -14.730 -15.005
  -7.477 -14.575 -15.420
  -7.464 -15.268 -15.268
  -7.451 -15.521 -15.521
  -7.438 -15.551 -15.551
  -7.425 -15.096 -15.096
  -7.413 -14.845 -15.069
  -7.401 -15.686 -15.686
  -7.390 -14.959 -15.611
  -7.379 -14.974 -15.730
  -7.368 -15.394 -15.587
  -7.357 -15.355 -15.355
  -7.347 -15.687 -15.870
  -7.337 -15.760 -15.973
  -7.327 -15.678 -15.678
  -7.317 -15.449 -15.449
  -7.308 -15.651 -15.907
  -7.299 -15.874 -15.874
  -7.290 -15.597 -15.800
  -7.281 -15.830 -15.830
  -7.272 -15.468 -15.664
  -7.264 -15.812 -15.965
  -7.255 -15.695 -15.849
  -7.247 -16.095 -16.095
  -7.239 -15.409 -15.409
  -7.231 -15.650 -15.832
  -7.223 -15.846 -16.017
  -7.216 -15.618 -15.779
  -7.208 -15.584 -16.027
  -7.201 -15.891 -16.042
  -7.194 -16.356 -16.356
  -7.187 -16.055 -16.055
  -7.180 -15.295 -15.806
  -7.173 -15.409 -16.418
  -7.166 -15.758 -15.955
  -7.159 -16.264 -16.264
  -7.153 -15.763 -16.016
  -7.146 -15.936 -15.936
  -7.140 -15.594 -16.021
  -7.133 -15.268 -15.971
  -7.127 -16.261 -16.469
  -7.121 -16.121 -16.121
  -7.115 -16.178 -16.178
  -7.109 -15.938 -16.534
  -7.103 -15.234 -16.526
  -7.098 -16.106 -16.393
  -7.092 -15.923 -15.923
  -7.086 -16.286 -16.286
  -7.081 -15.944 -16.129
  -7.075 -15.955 -16.161
  -7.070 -16.374 -16.374
  -7.064 -16.347 -16.658
  -7.059 -15.099 -16.085
  -7.054 -16.622 -16.622
  -7.049 -15.943 -16.249
  -7.043 -16.266 -16.521
  -7.038 -16.406 -16.560
  -7.033 -16.361 -16.712
  -7.029 -16.565 -16.776
  -7.024 -16.168 -16.168
  -7.019 -15.324 -16.440
  -7.014 -15.896 -16.111
  -7.009 -17.336 -22.622
  -7.005 -16.207 -16.435
  -7.000 -16.266 -16.538
  -6.995 -16.499 -17.209
  -6.991 -15.607 -16.638
  -6.986 -16.138 -16.570
  -6.982 -16.176 -16.176
  -6.978 -16.255 -16.255
  -6.973 -16.065 -16.420
  -6.969 -16.960 -49.500
  -6.965 -15.700 -15.926
  -6.961 -16.069 -16.069
  -6.956 -16.414 -16.565
  -6.952 -16.121 -17.211
  -6.948 -16.207 -16.377
  -6.944 -16.226 -16.441
  -6.940 -16.147 -16.512
  -6.936 -15.979 -16.308
  -6.932 -15.570 -16.870
  -6.928 -16.136 -16.396
  -6.924 -16.555 -17.001
  -6.920 -16.342 -16.966
  -6.917 -16.650 -16.650
  -6.913 -16.638 -17.426
  -6.909 -16.817 -17.124
  -6.905 -16.420 -16.420
  -6.902 -16.842 -22.287
  -6.898 -16.595 -16.973
  -6.894 -16.567 -16.799
  -6.891 -49.500     NaN
  -6.887 -22.835 -22.835
  -6.884 -16.004 -16.253
  -6.880 -15.385 -16.451
  -6.877 -17.073 -49.500
  -6.873 -15.766 -49.500
  -6.870 -16.406 -16.581
  -6.867 -49.500     NaN
  -6.863 -16.839 -49.500
  -6.860 -49.500     NaN
  -6.857 -16.517 -16.829
  -6.853 -49.500 -49.500
  -6.850 -49.500     NaN
  -6.847 -49.500     NaN
  -6.844 -16.108 -49.500
  -6.840 -49.500 -49.500
  -6.837 -49.500 -49.500
  -6.834 -16.142 -16.328
  -6.831 -15.862 -16.704
  -6.828 -49.500 -49.500
  -6.825 -16.438 -16.794
  -6.822 -17.079 -49.500
  -6.819 -15.825 -15.990
  -6.816 -49.500     NaN
  -6.813 -16.970 -49.500
  -6.810 -16.164 -17.000
  -6.807 -16.922 -49.500
  -6.804 -49.500     NaN
  -6.801 -16.423 -17.275
  -6.798 -49.500     NaN
  -6.795 -49.500     NaN
  -6.792 -49.500 -49.500
  -6.789 -49.500     NaN
  -6.787 -17.011 -49.500
  -6.784 -49.500     NaN
  -6.781 -49.500 -49.500
  -6.778 -49.500     NaN
  -6.775 -15.925 -49.500
  -6.773 -16.365 -16.365
  -6.770 -49.500     NaN
  -6.767 -15.726 -16.637
  -6.765 -49.500 -49.500
  -6.762 -16.622 -49.500
  -6.759 -49.500     NaN
  -6.757 -49.500     NaN
  -6.754 -49.500 -49.500
  -6.751 -16.476 -49.500
  -6.749 -17.097 -17.097
  -6.746 -49.500 -49.500
  -6.744 -16.709 -16.709
  -6.741 -49.500 -49.500
  -6.739 -16.510 -16.510
  -6.736 -49.500     NaN
  -6.734 -49.500     NaN
  -6.731 -16.208 -49.500
  -6.729 -49.500     NaN
  -6.726 -49.500     NaN
  -6.724 -16.284 -16.284
  -6.721 -49.500 -49.500
  -6.719 -49.500     NaN
  -6.717 -15.866 -49.500
  -6.714 -49.500 -49.500
  -6.712 -16.481 -16.665
  -6.709 -49.500 -49.500
  -6.707 -16.362 -16.362
  -6.705 -49.500 -49.500
  -6.702 -17.137 -17.137
  -6.700 -15.838 -49.500
  -6.698 -49.500     NaN
  -6.696 -16.318 -16.318
  -6.693 -49.500 -49.500
  -6.691 -16.667 -49.500
  -6.689 -49.500     NaN
  -6.687 -16.310 -16.973
  -6.684 -49.500 -49.500
  -6.682 -49.500 -49.500
  -6.680 -49.500 -49.500
  -6.678 -49.500 -49.500
  -6.675 -16.757 -16.757
  -6.673 -49.500 -49.500
  -6.671 -49.500 -49.500
  -6.669 -49.500 -49.500
  -6.667 -49.500 -49.500
  -6.665 -49.500 -49.500
  -6.663 -49.500     NaN
  -6.661 -49.500 -49.500
  -6.658 -49.500     NaN
  -6.656 -49.500 -49.500
  -6.654 -49.500 -49.500
  -6.652 -16.866 -16.866
  -6.650 -49.500 -49.500
  -6.648 -16.452 -16.452
  -6.646 -49.500 -49.500
  -6.644 -49.500     NaN
  -6.642 -16.929 -49.500
  -6.640 -49.500 -49.500
  -6.638 -49.500     NaN
  -6.636 -49.500 -49.500
  -6.634 -49.500 -49.500
  -6.632 -49.500 -49.500
  -6.630 -49.500 -49.500
  -6.628 -49.500 -49.500
  -6.626 -17.030 -49.500
  -6.624 -49.500 -49.500
  -6.622 -49.500 -49.500
  -6.620 -49.500 -49.500
  -6.618 -49.500 -49.500
  -6.617 -49.500 -49.500
  -6.615 -49.500 -49.500
  -6.613 -49.500 -49.500
  -6.611 -15.441 -15.441
  -6.609 -49.500 -49.500
  -6.607 -49.500 -49.500
  -6.605 -49.500     NaN
  -6.603 -49.500 -49.500
  -6.602 -49.500 -49.500
  -6.600 -16.027 -16.027
  -6.598 -15.420 -15.420
  -6.596 -49.500 -49.500
  -6.594 -49.500 -49.500
