  -8.861 -13.981 -13.981
  -8.599 -14.144 -14.144
  -8.442 -14.191 -14.191
  -8.329 -14.181 -14.181
  -8.239 -14.377 -14.377
  -8.166 -14.327 -14.327
  -8.103 -14.544 -14.544
  -8.048 -14.542 -14.542
  -7.999 -14.640 -14.640
  -7.955 -14.563 -14.563
  -7.916 -14.417 -14.628
  -7.879 -14.720 -14.720
  -7.846 -14.829 -14.829
  -7.815 -14.588 -14.763
  -7.786 -14.828 -14.828
  -7.758 -14.887 -14.887
  -7.733 -14.604 -14.814
  -7.709 -14.667 -14.827
  -7.686 -14.965 -14.965
  -7.664 -14.806 -14.973
  -7.643 -15.206 -15.206
  -7.624 -14.920 -14.920
  -7.605 -15.052 -15.052
  -7.586 -14.607 -15.231
  -7.569 -15.099 -15.099
  -7.552 -14.964 -15.180
  -7.536 -15.032 -15.032
  -7.521 -15.396 -15.396
  -7.506 -15.284 -15.284
  -7.491 -15.312 -15.312
  -7.477 -14.974 -15.172
  -7.464 -15.213 -15.373
  -7.451 -15.442 -15.442
  -7.438 -15.425 -15.425
  -7.425 -14.841 -15.073
  -7.413 -15.694 -15.694
  -7.401 -15.426 -15.426
  -7.390 -14.884 -14.884
  -7.379 -14.911 -15.560
  -7.368 -15.395 -15.815
  -7.357 -15.513 -15.513
  -7.347 -15.521 -15.521
  -7.337 -15.790 -15.790
  -7.327 -15.560 -15.560
  -7.317 -15.152 -15.847
  -7.308 -14.842 -15.262
  -7.299 -15.230 -15.415
  -7.290 -15.790 -15.790
  -7.281 -15.851 -15.851
  -7.272 -14.547 -16.071
  -7.264 -14.629 -15.413
  -7.255 -15.393 -15.393
  -7.247 -15.854 -15.854
  -7.239 -15.443 -16.212
  -7.231 -15.683 -16.072
  -7.223 -14.868 -15.631
  -7.216 -15.668 -15.869
  -7.208 -15.301 -15.618
  -7.201 -15.826 -16.001
  -7.194 -15.749 -16.099
  -7.187 -14.986 -15.328
  -7.180 -15.911 -15.911
  -7.173 -15.661 -16.000
  -7.166 -16.058 -16.058
  -7.159 -16.145 -16.310
  -7.153 -16.125 -16.125
  -7.146 -16.190 -16.342
  -7.140 -16.171 -16.422
  -7.133 -15.644 -15.940
  -7.127 -16.353 -16.353
  -7.121 -15.496 -15.798
  -7.115 -14.636 -16.284
  -7.109 -16.392 -16.569
  -7.103 -15.972 -16.218
  -7.098 -16.267 -16.568
  -7.092 -16.271 -16.628
  -7.086 -15.196 -15.726
  -7.081 -15.910 -15.910
  -7.075 -15.674 -15.911
  -7.070 -16.579 -16.846
  -7.064 -16.464 -16.464
  -7.059 -16.065 -16.786
  -7.054 -16.176 -16.447
  -7.049 -14.270 -16.422
  -7.043 -16.088 -16.491
  -7.038 -16.294 -16.294
  -7.033 -16.299 -16.299
  -7.029 -16.521 -17.466
  -7.024 -16.676 -16.676
  -7.019 -16.495 -16.661
  -7.014 -16.208 -16.208
  -7.009 -16.831 -17.055
  -7.005 -15.684 -16.195
  -7.000 -16.588 -16.588
  -6.995 -16.631 -16.952
  -6.991 -15.449 -16.099
  -6.986 -15.446 -22.387
  -6.982 -17.013 -17.013
  -6.978 -16.941 -17.112
  -6.973 -16.110 -16.790
  -6.969 -16.694 -16.694
  -6.965 -16.395 -16.574
  -6.961 -15.876 -16.127
  -6.956 -16.648 -16.648
  -6.952 -15.294 -15.913
  -6.948 -16.141 -23.281
  -6.944 -16.862 -49.500
  -6.940 -49.500     NaN
  -6.936 -16.808 -16.993
  -6.932 -16.708 -16.708
  -6.928 -16.252 -16.944
  -6.924 -15.114 -16.576
  -6.920 -16.391 -16.391
  -6.917 -16.183 -17.004
  -6.913 -16.849 -21.886
  -6.909 -16.977 -49.500
  -6.905 -16.281 -49.500
  -6.902 -16.488 -16.676
  -6.898 -16.791 -17.022
  -6.894 -16.109 -16.333
  -6.891 -16.744 -16.965
  -6.887 -16.935 -49.500
  -6.884 -16.898 -17.151
  -6.880 -16.633 -49.500
  -6.877 -15.600 -49.500
  -6.873 -15.948 -17.342
  -6.870 -16.440 -17.004
  -6.867 -17.098 -17.098
  -6.863 -17.114 -49.500
  -6.860 -16.817 -49.500
  -6.857 -49.500     NaN
  -6.853 -16.763 -17.049
  -6.850 -16.758 -49.500
  -6.847 -16.546 -49.500
  -6.844 -15.405 -16.948
  -6.840 -16.956 -17.271
  -6.837 -49.500     NaN
  -6.834 -17.048 -17.225
  -6.831 -16.902 -49.500
  -6.828 -49.500     NaN
  -6.825 -16.178 -16.528
  -6.822 -16.449 -16.747
  -6.819 -49.500     NaN
  -6.816 -49.500     NaN
  -6.813 -16.593 -49.500
  -6.810 -49.500     NaN
  -6.807 -15.724 -49.500
  -6.804 -16.189 -49.500
  -6.801 -16.582 -49.500
  -6.798 -16.678 -49.500
  -6.795 -16.224 -16.485
  -6.792 -14.734 -14.734
  -6.789 -16.449 -49.500
  -6.787 -17.202 -49.500
  -6.784 -49.500 -49.500
  -6.781 -49.500 -49.500
  -6.778 -49.500     NaN
  -6.775 -16.389 -16.564
  -6.773 -49.500 -49.500
  -6.770 -16.065 -16.065
  -6.767 -16.657 -49.500
  -6.765 -49.500 -49.500
  -6.762 -49.500     NaN
  -6.759 -16.169 -16.680
  -6.757 -49.500 -49.500
  -6.754 -49.500 -49.500
  -6.751 -16.762 -49.500
  -6.749 -16.740 -49.500
  -6.746 -16.976 -49.500
  -6.744 -16.228 -49.500
  -6.741 -17.173 -17.173
  -6.739 -49.500     NaN
  -6.736 -16.811 -49.500
  -6.734 -49.500 -49.500
  -6.731 -49.500 -49.500
  -6.729 -49.500 -49.500
  -6.726 -17.024 -49.500
  -6.724 -49.500 -49.500
  -6.721 -49.500 -49.500
  -6.719 -49.500     NaN
  -6.717 -49.500     NaN
  -6.714 -49.500     NaN
  -6.712 -16.283 -49.500
  -6.709 -49.500 -49.500
  -6.707 -16.484 -49.500
  -6.705 -16.263 -16.263
  -6.702 -49.500 -49.500
  -6.700 -49.500 -49.500
  -6.698 -16.066 -49.500
  -6.696 -49.500     NaN
  -6.693 -49.500     NaN
  -6.691 -16.900 -49.500
  -6.689 -49.500 -49.500
  -6.687 -16.128 -49.500
  -6.684 -49.500 -49.500
  -6.682 -49.500     NaN
  -6.680 -49.500 -49.500
  -6.678 -49.500 -49.500
  -6.675 -16.010 -49.500
  -6.673 -49.500 -49.500
  -6.671 -16.411 -16.411
  -6.669 -49.500 -49.500
  -6.667 -49.500     NaN
  -6.665 -16.335 -16.335
  -6.663 -49.500 -49.500
  -6.661 -49.500 -49.500
  -6.658 -49.500 -49.500
  -6.656 -49.500 -49.500
  -6.654 -49.500 -49.500
  -6.652 -49.500 -49.500
  -6.650 -49.500     NaN
  -6.648 -49.500 -49.500
  -6.646 -17.022 -17.022
  -6.644 -49.500 -49.500
  -6.642 -49.500     NaN
  -6.640 -49.500 -49.500
  -6.638 -49.500 -49.500
  -6.636 -49.500 -49.500
  -6.634 -16.386 -49.500
  -6.632 -49.500 -49.500
  -6.630 -49.500 -49.500
  -6.628 -49.500 -49.500
  -6.626 -49.500     NaN
  -6.624 -49.500 -49.500
  -6.622 -49.500 -49.500
  -6.620 -49.500 -49.500
  -6.618 -49.500 -49.500
  -6.617 -49.500     NaN
  -6.615 -49.500 -49.500
  -6.613 -49.500 -49.500
  -6.611 -15.626 -49.500
  -6.609 -49.500 -49.500
  -6.607 -49.500 -49.500
  -6.605 -49.500 -49.500
  -6.603 -49.500 -49.500
  -6.602 -49.500 -49.500
  -6.600 -49.500 -49.500
  -6.598 -49.500 -49.500
  -6.596 -49.500 -49.500
  -6.594 -49.500 -49.500
