  -8.861 -13.939 -13.939
  -8.599 -14.067 -14.067
  -8.442 -14.233 -14.233
  -8.329 -14.255 -14.255
  -8.239 -14.298 -14.298
  -8.166 -14.377 -14.377
  -8.103 -14.529 -14.529
  -8.048 -14.458 -14.458
  -7.999 -14.644 -14.644
  -7.955 -14.628 -14.628
  -7.916 -14.795 -14.795
  -7.879 -14.770 -14.770
  -7.846 -14.514 -14.743
  -7.815 -14.886 -14.886
  -7.786 -14.824 -14.824
  -7.758 -14.896 -14.896
  -7.733 -14.610 -14.610
  -7.709 -14.718 -14.718
  -7.686 -15.035 -15.035
  -7.664 -15.179 -15.179
  -7.643 -14.942 -14.942
  -7.624 -15.105 -15.105
  -7.605 -14.847 -14.847
  -7.586 -14.606 -14.897
  -7.569 -15.053 -15.286
  -7.552 -14.949 -14.949
  -7.536 -15.098 -15.261
  -7.521 -15.091 -15.091
  -7.506 -15.093 -15.244
  -7.491 -14.950 -15.182
  -7.477 -15.432 -15.654
  -7.464 -15.466 -15.466
  -7.451 -14.957 -15.297
  -7.438 -15.286 -15.286
  -7.425 -15.363 -15.363
  -7.413 -14.752 -15.379
  -7.401 -15.180 -15.514
  -7.390 -14.910 -14.910
  -7.379 -15.150 -15.316
  -7.368 -15.492 -15.756
  -7.357 -15.246 -15.753
  -7.347 -15.259 -15.259
  -7.337 -14.793 -15.011
  -7.327 -15.358 -15.358
  -7.317 -15.649 -15.805
  -7.308 -15.148 -15.465
  -7.299 -15.121 -15.339
  -7.290 -15.391 -15.391
  -7.281 -15.250 -15.911
  -7.272 -15.905 -15.905
  -7.264 -14.926 -15.219
  -7.255 -16.097 -16.300
  -7.247 -15.425 -15.759
  -7.239 -15.913 -15.913
  -7.231 -15.927 -15.927
  -7.223 -15.857 -15.857
  -7.216 -15.366 -15.366
  -7.208 -16.163 -16.163
  -7.201 -15.673 -15.977
  -7.194 -15.600 -15.600
  -7.187 -15.458 -15.458
  -7.180 -14.903 -15.484
  -7.173 -15.926 -16.151
  -7.166 -15.713 -15.713
  -7.159 -15.981 -15.981
  -7.153 -15.796 -15.957
  -7.146 -15.678 -15.869
  -7.140 -15.721 -16.002
  -7.133 -15.467 -15.805
  -7.127 -16.031 -16.276
  -7.121 -15.526 -15.969
  -7.115 -16.323 -16.323
  -7.109 -16.075 -16.249
  -7.103 -16.084 -16.426
  -7.098 -15.367 -16.313
  -7.092 -15.768 -16.419
  -7.086 -16.099 -16.099
  -7.081 -16.043 -16.043
  -7.075 -16.395 -16.395
  -7.070 -16.346 -16.581
  -7.064 -16.547 -16.547
  -7.059 -16.657 -16.657
  -7.054 -15.769 -16.026
  -7.049 -16.557 -16.884
  -7.043 -16.279 -16.619
  -7.038 -15.813 -16.475
  -7.033 -15.953 -16.190
  -7.029 -16.190 -16.414
  -7.024 -16.001 -16.249
  -7.019 -16.062 -16.062
  -7.014 -15.703 -16.377
  -7.009 -16.333 -16.500
  -7.005 -16.790 -17.019
  -7.000 -15.958 -16.253
  -6.995 -15.167 -16.245
  -6.991 -16.055 -16.310
  -6.986 -15.469 -16.628
  -6.982 -16.708 -17.136
  -6.978 -16.491 -16.491
  -6.973 -15.816 -16.426
  -6.969 -16.176 -16.504
  -6.965 -16.500 -49.500
  -6.961 -16.586 -16.994
  -6.956 -15.664 -16.569
  -6.952 -16.148 -16.328
  -6.948 -16.213 -17.287
  -6.944 -15.902 -16.272
  -6.940 -17.323 -49.500
  -6.936 -16.343 -16.343
  -6.932 -49.500     NaN
  -6.928 -16.582 -23.056
  -6.924 -16.588 -16.749
  -6.920 -16.341 -17.042
  -6.917 -49.500     NaN
  -6.913 -16.590 -16.987
  -6.909 -16.527 -16.696
  -6.905 -15.821 -16.444
  -6.902 -16.080 -16.250
  -6.898 -16.514 -16.987
  -6.894 -16.804 -49.500
  -6.891 -16.484 -16.835
  -6.887 -17.231 -49.500
  -6.884 -16.410 -16.878
  -6.880 -16.237 -16.666
  -6.877 -16.985 -17.267
  -6.873 -16.574 -16.796
  -6.870 -16.181 -16.677
  -6.867 -49.500     NaN
  -6.863 -16.808 -17.070
  -6.860 -16.512 -49.500
  -6.857 -16.403 -17.271
  -6.853 -17.077 -49.500
  -6.850 -16.985 -17.259
  -6.847 -16.977 -17.240
  -6.844 -16.518 -49.500
  -6.840 -16.845 -49.500
  -6.837 -16.004 -16.685
  -6.834 -49.500 -49.500
  -6.831 -49.500     NaN
  -6.828 -15.680 -16.739
  -6.825 -15.360 -15.590
  -6.822 -16.951 -49.500
  -6.819 -49.500     NaN
  -6.816 -16.472 -16.472
  -6.813 -49.500     NaN
  -6.810 -16.852 -49.500
  -6.807 -49.500     NaN
  -6.804 -49.500     NaN
  -6.801 -49.500     NaN
  -6.798 -16.895 -49.500
  -6.795 -15.167 -16.805
  -6.792 -16.404 -49.500
  -6.789 -49.500     NaN
  -6.787 -17.268 -49.500
  -6.784 -49.500 -49.500
  -6.781 -17.167 -49.500
  -6.778 -49.500     NaN
  -6.775 -16.261 -16.261
  -6.773 -16.768 -49.500
  -6.770 -16.890 -49.500
  -6.767 -16.584 -49.500
  -6.765 -49.500 -49.500
  -6.762 -15.961 -49.500
  -6.759 -49.500 -49.500
  -6.757 -16.753 -16.936
  -6.754 -15.952 -16.136
  -6.751 -16.679 -49.500
  -6.749 -15.651 -49.500
  -6.746 -49.500 -49.500
  -6.744 -16.713 -49.500
  -6.741 -49.500     NaN
  -6.739 -16.927 -49.500
  -6.736 -49.500     NaN
  -6.734 -15.728 -49.500
  -6.731 -49.500     NaN
  -6.729 -49.500 -49.500
  -6.726 -15.467 -15.467
  -6.724 -14.989 -14.989
  -6.721 -16.932 -49.500
  -6.719 -49.500     NaN
  -6.717 -49.500 -49.500
  -6.714 -49.500     NaN
  -6.712 -49.500 -49.500
  -6.709 -49.500     NaN
  -6.707 -49.500 -49.500
  -6.705 -49.500 -49.500
  -6.702 -16.420 -16.420
  -6.700 -15.963 -15.963
  -6.698 -15.887 -49.500
  -6.696 -16.659 -49.500
  -6.693 -17.036 -49.500
  -6.691 -14.560 -49.500
  -6.689 -49.500 -49.500
  -6.687 -49.500 -49.500
  -6.684 -49.500 -49.500
  -6.682 -49.500 -49.500
  -6.680 -49.500 -49.500
  -6.678 -15.954 -15.954
  -6.675 -49.500 -49.500
  -6.673 -16.788 -49.500
  -6.671 -49.500 -49.500
  -6.669 -49.500 -49.500
  -6.667 -49.500 -49.500
  -6.665 -49.500 -49.500
  -6.663 -49.500 -49.500
  -6.661 -49.500 -49.500
  -6.658 -49.500 -49.500
  -6.656 -49.500 -49.500
  -6.654 -49.500 -49.500
  -6.652 -49.500 -49.500
  -6.650 -49.500 -49.500
  -6.648 -49.500     NaN
  -6.646 -16.620 -16.620
  -6.644 -49.500 -49.500
  -6.642 -16.771 -16.771
  -6.640 -49.500 -49.500
  -6.638 -49.500 -49.500
  -6.636 -49.500 -49.500
  -6.634 -49.500 -49.500
  -6.632 -49.500 -49.500
  -6.630 -49.500 -49.500
  -6.628 -49.500 -49.500
  -6.626 -16.795 -16.795
  -6.624 -49.500 -49.500
  -6.622 -49.500 -49.500
  -6.620 -15.684 -49.500
  -6.618 -49.500 -49.500
  -6.617 -49.500 -49.500
  -6.615 -49.500 -49.500
  -6.613 -49.500     NaN
  -6.611 -16.522 -16.522
  -6.609 -49.500 -49.500
  -6.607 -49.500 -49.500
  -6.605 -49.500 -49.500
  -6.603 -49.500 -49.500
  -6.602 -49.500 -49.500
  -6.600 -49.500 -49.500
  -6.598 -49.500 -49.500
  -6.596 -49.500 -49.500
  -6.594 -49.500 -49.500
