  -8.861 -13.884 -13.884
  -8.599 -14.106 -14.106
  -8.442 -14.145 -14.145
  -8.329 -14.182 -14.182
  -8.239 -14.308 -14.308
  -8.166 -14.426 -14.426
  -8.103 -14.479 -14.479
  -8.048 -13.971 -14.543
  -7.999 -14.499 -14.499
  -7.955 -14.652 -14.652
  -7.916 -14.325 -14.478
  -7.879 -14.682 -14.682
  -7.846 -14.861 -14.861
  -7.815 -14.830 -14.830
  -7.786 -14.881 -14.881
  -7.758 -14.622 -14.884
  -7.733 -15.002 -15.002
  -7.709 -14.941 -14.941
  -7.686 -15.063 -15.063
  -7.664 -15.090 -15.307
  -7.643 -14.949 -15.112
  -7.624 -15.097 -15.097
  -7.605 -14.981 -14.981
  -7.586 -15.287 -15.287
  -7.569 -14.909 -14.909
  -7.552 -14.953 -14.953
  -7.536 -15.220 -15.220
  -7.521 -15.267 -15.267
  -7.506 -15.135 -15.312
  -7.491 -15.388 -15.388
  -7.477 -15.286 -15.286
  -7.464 -14.663 -14.869
  -7.451 -15.266 -15.266
  -7.438 -15.042 -15.424
  -7.425 -15.358 -15.358
  -7.413 -15.555 -15.555
  -7.401 -15.290 -15.463
  -7.390 -15.224 -15.609
  -7.379 -14.906 -15.172
  -7.368 -15.266 -15.664
  -7.357 -14.797 -15.462
  -7.347 -15.321 -15.321
  -7.337 -14.427 -15.373
  -7.327 -15.178 -15.178
  -7.317 -15.440 -15.616
  -7.308 -14.360 -14.951
  -7.299 -15.829 -15.829
  -7.290 -15.287 -15.939
  -7.281 -15.710 -15.710
  -7.272 -15.236 -16.201
  -7.264 -15.383 -15.543
  -7.255 -15.565 -15.843
  -7.247 -14.914 -15.909
  -7.239 -15.796 -16.086
  -7.231 -14.902 -15.616
  -7.223 -15.689 -15.989
  -7.216 -15.723 -16.009
  -7.208 -16.182 -16.182
  -7.201 -15.494 -15.713
  -7.194 -15.596 -15.596
  -7.187 -15.624 -15.888
  -7.180 -15.882 -16.053
  -7.173 -15.518 -16.133
  -7.166 -16.188 -16.365
  -7.159 -15.980 -16.227
  -7.153 -15.313 -15.866
  -7.146 -15.715 -15.922
  -7.140 -15.830 -15.830
  -7.133 -16.268 -16.268
  -7.127 -16.666 -16.666
  -7.121 -16.227 -16.227
  -7.115 -15.997 -16.452
  -7.109 -15.884 -16.035
  -7.103 -15.861 -16.132
  -7.098 -15.628 -15.901
  -7.092 -15.589 -15.753
  -7.086 -16.061 -16.262
  -7.081 -15.093 -16.297
  -7.075 -15.808 -15.976
  -7.070 -16.226 -16.226
  -7.064 -15.656 -16.284
  -7.059 -15.552 -16.090
  -7.054 -16.148 -16.148
  -7.049 -16.762 -22.812
  -7.043 -16.342 -16.532
  -7.038 -16.791 -17.534
  -7.033 -16.343 -16.533
  -7.029 -15.687 -16.474
  -7.024 -16.475 -16.475
  -7.019 -17.443 -49.500
  -7.014 -16.418 -16.418
  -7.009 -15.967 -16.139
  -7.005 -16.222 -16.222
  -7.000 -15.722 -16.724
  -6.995 -16.558 -21.644
  -6.991 -16.618 -16.618
  -6.986 -15.946 -16.248
  -6.982 -16.532 -49.500
  -6.978 -14.860 -16.528
  -6.973 -16.918 -17.119
  -6.969 -49.500     NaN
  -6.965 -16.237 -16.494
  -6.961 -16.608 -16.608
  -6.956 -15.517 -16.640
  -6.952 -15.461 -16.202
  -6.948 -16.079 -16.654
  -6.944 -16.231 -16.560
  -6.940 -16.580 -16.580
  -6.936 -17.092 -49.500
  -6.932 -16.753 -17.010
  -6.928 -16.124 -16.888
  -6.924 -15.931 -16.382
  -6.920 -15.647 -16.245
  -6.917 -16.748 -49.500
  -6.913 -16.931 -49.500
  -6.909 -16.248 -16.793
  -6.905 -49.500     NaN
  -6.902 -49.500     NaN
  -6.898 -16.608 -17.370
  -6.894 -16.635 -17.033
  -6.891 -17.115 -49.500
  -6.887 -16.884 -17.144
  -6.884 -15.528 -49.500
  -6.880 -16.362 -16.514
  -6.877 -16.479 -49.500
  -6.873 -16.078 -16.676
  -6.870 -14.832 -15.500
  -6.867 -16.119 -16.397
  -6.863 -16.623 -17.211
  -6.860 -49.500 -49.500
  -6.857 -49.500     NaN
  -6.853 -49.500     NaN
  -6.850 -49.500     NaN
  -6.847 -16.566 -16.774
  -6.844 -49.500     NaN
  -6.840 -16.356 -49.500
  -6.837 -16.243 -16.515
  -6.834 -17.163 -49.500
  -6.831 -16.869 -49.500
  -6.828 -16.118 -16.527
  -6.825 -49.500     NaN
  -6.822 -49.500     NaN
  -6.819 -49.500     NaN
  -6.816 -16.397 -49.500
  -6.813 -16.791 -16.791
  -6.810 -16.254 -16.512
  -6.807 -49.500     NaN
  -6.804 -49.500     NaN
  -6.801 -16.911 -17.291
  -6.798 -16.673 -16.673
  -6.795 -49.500     NaN
  -6.792 -16.392 -16.549
  -6.789 -49.500     NaN
  -6.787 -49.500     NaN
  -6.784 -16.976 -16.976
  -6.781 -16.437 -49.500
  -6.778 -49.500     NaN
  -6.775 -15.725 -16.098
  -6.773 -49.500     NaN
  -6.770 -16.930 -49.500
  -6.767 -49.500     NaN
  -6.765 -49.500 -49.500
  -6.762 -16.936 -49.500
  -6.759 -16.537 -16.795
  -6.757 -49.500     NaN
  -6.754 -16.588 -16.588
  -6.751 -16.902 -49.500
  -6.749 -16.552 -16.552
  -6.746 -49.500     NaN
  -6.744 -16.852 -49.500
  -6.741 -16.438 -49.500
  -6.739 -15.289 -15.289
  -6.736 -15.632 -16.839
  -6.734 -49.500     NaN
  -6.731 -49.500     NaN
  -6.729 -16.355 -49.500
  -6.726 -16.153 -16.153
  -6.724 -16.386 -49.500
  -6.721 -49.500     NaN
  -6.719 -49.500     NaN
  -6.717 -49.500     NaN
  -6.714 -49.500 -49.500
  -6.712 -49.500 -49.500
  -6.709 -16.683 -16.683
  -6.707 -16.047 -49.500
  -6.705 -49.500 -49.500
  -6.702 -49.500 -49.500
  -6.700 -16.695 -16.899
  -6.698 -49.500 -49.500
  -6.696 -15.384 -15.384
  -6.693 -49.500 -49.500
  -6.691 -49.500 -49.500
  -6.689 -49.500 -49.500
  -6.687 -49.500     NaN
  -6.684 -16.493 -16.493
  -6.682 -49.500 -49.500
  -6.680 -49.500 -49.500
  -6.678 -49.500 -49.500
  -6.675 -49.500     NaN
  -6.673 -49.500 -49.500
  -6.671 -49.500     NaN
  -6.669 -49.500 -49.500
  -6.667 -49.500 -49.500
  -6.665 -49.500 -49.500
  -6.663 -16.104 -16.104
  -6.661 -49.500 -49.500
  -6.658 -49.500 -49.500
  -6.656 -49.500 -49.500
  -6.654 -49.500 -49.500
  -6.652 -49.500 -49.500
  -6.650 -49.500 -49.500
  -6.648 -49.500 -49.500
  -6.646 -49.500 -49.500
  -6.644 -16.480 -16.480
  -6.642 -49.500 -49.500
  -6.640 -49.500 -49.500
  -6.638 -16.615 -16.615
  -6.636 -49.500 -49.500
  -6.634 -49.500 -49.500
  -6.632 -16.369 -49.500
  -6.630 -16.082 -49.500
  -6.628 -49.500 -49.500
  -6.626 -49.500 -49.500
  -6.624 -49.500 -49.500
  -6.622 -49.500 -49.500
  -6.620 -49.500 -49.500
  -6.618 -49.500 -49.500
  -6.617 -49.500 -49.500
  -6.615 -49.500 -49.500
  -6.613 -49.500 -49.500
  -6.611 -49.500 -49.500
  -6.609 -49.500 -49.500
  -6.607 -15.765 -15.765
  -6.605 -49.500 -49.500
  -6.603 -49.500 -49.500
  -6.602 -49.500 -49.500
  -6.600 -49.500 -49.500
  -6.598 -49.500 -49.500
  -6.596 -49.500 -49.500
  -6.594 -49.500 -49.500
