  -8.861 -13.944 -13.944
  -8.599 -14.128 -14.128
  -8.442 -14.240 -14.240
  -8.329 -14.342 -14.342
  -8.239 -14.484 -14.484
  -8.166 -14.296 -14.296
  -8.103 -14.366 -14.366
  -8.048 -14.533 -14.533
  -7.999 -14.507 -14.507
  -7.955 -14.685 -14.685
  -7.916 -14.278 -14.712
  -7.879 -14.586 -14.586
  -7.846 -14.917 -14.917
  -7.815 -14.627 -14.813
  -7.786 -14.611 -14.611
  -7.758 -14.731 -14.731
  -7.733 -14.779 -14.779
  -7.709 -14.782 -15.058
  -7.686 -14.771 -14.771
  -7.664 -14.951 -14.951
  -7.643 -15.073 -15.073
  -7.624 -14.722 -14.954
  -7.605 -14.941 -14.941
  -7.586 -14.814 -15.055
  -7.569 -15.262 -15.262
  -7.552 -14.632 -15.079
  -7.536 -14.900 -15.084
  -7.521 -15.218 -15.218
  -7.506 -15.341 -15.341
  -7.491 -15.299 -15.299
  -7.477 -14.602 -15.128
  -7.464 -14.768 -15.179
  -7.451 -15.450 -15.450
  -7.438 -15.349 -15.349
  -7.425 -14.152 -15.576
  -7.413 -15.606 -15.606
  -7.401 -15.923 -15.923
  -7.390 -15.079 -15.737
  -7.379 -15.436 -15.436
  -7.368 -15.415 -15.712
  -7.357 -15.820 -15.820
  -7.347 -15.299 -15.743
  -7.337 -14.536 -15.576
  -7.327 -15.106 -15.106
  -7.317 -15.546 -15.546
  -7.308 -15.716 -15.868
  -7.299 -15.498 -15.688
  -7.290 -15.717 -15.717
  -7.281 -15.636 -15.636
  -7.272 -14.977 -15.517
  -7.264 -15.278 -15.678
  -7.255 -15.690 -15.690
  -7.247 -15.676 -16.000
  -7.239 -15.106 -15.714
  -7.231 -15.445 -15.657
  -7.223 -15.052 -15.855
  -7.216 -15.726 -16.077
  -7.208 -15.400 -15.400
  -7.201 -15.462 -16.020
  -7.194 -15.828 -16.238
  -7.187 -15.216 -15.567
  -7.180 -15.325 -15.753
  -7.173 -15.694 -16.053
  -7.166 -15.717 -15.875
  -7.159 -15.568 -15.749
  -7.153 -16.339 -16.554
  -7.146 -16.005 -16.175
  -7.140 -15.071 -15.803
  -7.133 -15.917 -15.917
  -7.127 -15.914 -16.426
  -7.121 -16.072 -16.495
  -7.115 -16.066 -16.420
  -7.109 -15.669 -15.669
  -7.103 -15.547 -15.889
  -7.098 -15.227 -15.555
  -7.092 -16.020 -16.020
  -7.086 -15.555 -15.884
  -7.081 -16.275 -16.451
  -7.075 -15.913 -16.330
  -7.070 -15.776 -16.466
  -7.064 -15.938 -15.938
  -7.059 -15.976 -15.976
  -7.054 -15.796 -16.619
  -7.049 -16.099 -16.297
  -7.043 -16.564 -16.564
  -7.038 -15.599 -16.435
  -7.033 -16.215 -16.866
  -7.029 -15.855 -15.855
  -7.024 -16.366 -16.774
  -7.019 -15.807 -16.122
  -7.014 -15.501 -16.305
  -7.009 -16.264 -16.575
  -7.005 -16.300 -16.300
  -7.000 -16.243 -16.594
  -6.995 -16.028 -16.407
  -6.991 -16.348 -16.548
  -6.986 -15.259 -16.926
  -6.982 -16.068 -17.312
  -6.978 -16.636 -16.790
  -6.973 -15.787 -16.469
  -6.969 -16.270 -16.841
  -6.965 -15.856 -16.769
  -6.961 -49.500 -49.500
  -6.956 -15.488 -16.187
  -6.952 -16.064 -16.691
  -6.948 -15.565 -16.515
  -6.944 -16.001 -20.804
  -6.940 -15.022 -16.519
  -6.936 -16.017 -16.182
  -6.932 -15.793 -16.057
  -6.928 -16.121 -16.979
  -6.924 -16.135 -16.308
  -6.920 -16.053 -49.500
  -6.917 -16.873 -49.500
  -6.913 -16.471 -16.885
  -6.909 -49.500     NaN
  -6.905 -49.500     NaN
  -6.902 -17.136 -17.390
  -6.898 -16.848 -17.052
  -6.894 -16.089 -16.898
  -6.891 -15.826 -49.500
  -6.887 -16.592 -16.592
  -6.884 -16.067 -16.573
  -6.880 -16.877 -17.068
  -6.877 -16.819 -17.553
  -6.873 -49.500     NaN
  -6.870 -16.579 -16.806
  -6.867 -16.240 -16.575
  -6.863 -16.597 -49.500
  -6.860 -17.011 -49.500
  -6.857 -15.841 -49.500
  -6.853 -16.901 -49.500
  -6.850 -16.506 -17.056
  -6.847 -16.756 -49.500
  -6.844 -17.223 -49.500
  -6.840 -49.500 -49.500
  -6.837 -49.500     NaN
  -6.834 -49.500     NaN
  -6.831 -16.240 -49.500
  -6.828 -16.203 -49.500
  -6.825 -49.500     NaN
  -6.822 -49.500     NaN
  -6.819 -16.790 -49.500
  -6.816 -16.893 -17.352
  -6.813 -49.500     NaN
  -6.810 -16.891 -49.500
  -6.807 -49.500     NaN
  -6.804 -15.574 -16.598
  -6.801 -16.785 -16.785
  -6.798 -49.500     NaN
  -6.795 -16.755 -49.500
  -6.792 -49.500 -49.500
  -6.789 -15.646 -49.500
  -6.787 -15.866 -16.734
  -6.784 -16.693 -17.095
  -6.781 -16.328 -49.500
  -6.778 -49.500     NaN
  -6.775 -49.500 -49.500
  -6.773 -49.500 -49.500
  -6.770 -17.347 -49.500
  -6.767 -16.198 -17.167
  -6.765 -49.500     NaN
  -6.762 -17.261 -49.500
  -6.759 -15.850 -49.500
  -6.757 -16.547 -49.500
  -6.754 -16.421 -16.421
  -6.751 -49.500     NaN
  -6.749 -14.937 -14.937
  -6.746 -16.363 -49.500
  -6.744 -16.330 -16.330
  -6.741 -16.429 -49.500
  -6.739 -49.500 -49.500
  -6.736 -16.774 -49.500
  -6.734 -49.500     NaN
  -6.731 -16.511 -49.500
  -6.729 -49.500 -49.500
  -6.726 -49.500     NaN
  -6.724 -49.500 -49.500
  -6.721 -49.500 -49.500
  -6.719 -49.500     NaN
  -6.717 -16.472 -49.500
  -6.714 -49.500     NaN
  -6.712 -16.745 -16.745
  -6.709 -16.365 -16.847
  -6.707 -49.500     NaN
  -6.705 -49.500 -49.500
  -6.702 -49.500 -49.500
  -6.700 -16.468 -16.916
  -6.698 -49.500     NaN
  -6.696 -49.500     NaN
  -6.693 -15.253 -49.500
  -6.691 -49.500 -49.500
  -6.689 -49.500 -49.500
  -6.687 -49.500 -49.500
  -6.684 -49.500 -49.500
  -6.682 -49.500 -49.500
  -6.680 -49.500 -49.500
  -6.678 -49.500 -49.500
  -6.675 -16.735 -49.500
  -6.673 -49.500     NaN
  -6.671 -16.299 -49.500
  -6.669 -49.500 -49.500
  -6.667 -49.500 -49.500
  -6.665 -49.500     NaN
  -6.663 -16.843 -16.843
  -6.661 -49.500 -49.500
  -6.658 -49.500 -49.500
  -6.656 -49.500 -49.500
  -6.654 -49.500 -49.500
  -6.652 -49.500 -49.500
  -6.650 -16.702 -16.702
  -6.648 -49.500 -49.500
  -6.646 -49.500 -49.500
  -6.644 -14.544 -14.544
  -6.642 -49.500 -49.500
  -6.640 -49.500 -49.500
  -6.638 -15.803 -49.500
  -6.636 -49.500 -49.500
  -6.634 -49.500 -49.500
  -6.632 -49.500 -49.500
  -6.630 -49.500 -49.500
  -6.628 -16.431 -16.431
  -6.626 -49.500 -49.500
  -6.624 -49.500 -49.500
  -6.622 -49.500 -49.500
  -6.620 -49.500 -49.500
  -6.618 -49.500 -49.500
  -6.617 -49.500 -49.500
  -6.615 -49.500 -49.500
  -6.613 -49.500 -49.500
  -6.611 -49.500 -49.500
  -6.609 -49.500     NaN
  -6.607 -49.500 -49.500
  -6.605 -49.500 -49.500
  -6.603 -49.500 -49.500
  -6.602 -49.500 -49.500
  -6.600 -49.500 -49.500
  -6.598 -49.500 -49.500
  -6.596 -49.500 -49.500
  -6.594 -49.500 -49.500
