  -8.861 -13.935 -13.935
  -8.599 -14.049 -14.049
  -8.442 -14.214 -14.214
  -8.329 -14.214 -14.214
  -8.239 -14.397 -14.397
  -8.166 -14.402 -14.402
  -8.103 -14.508 -14.508
  -8.048 -14.558 -14.558
  -7.999 -14.553 -14.553
  -7.955 -14.802 -14.802
  -7.916 -14.821 -14.821
  -7.879 -14.608 -14.608
  -7.846 -14.681 -14.681
  -7.815 -14.519 -14.812
  -7.786 -14.902 -14.902
  -7.758 -14.626 -14.904
  -7.733 -14.815 -14.815
  -7.709 -14.948 -15.136
  -7.686 -14.969 -14.969
  -7.664 -15.063 -15.063
  -7.643 -14.772 -15.044
  -7.624 -14.850 -15.213
  -7.605 -14.870 -15.082
  -7.586 -14.892 -14.892
  -7.569 -15.117 -15.117
  -7.552 -15.208 -15.208
  -7.536 -14.909 -14.909
  -7.521 -14.935 -14.935
  -7.506 -15.285 -15.285
  -7.491 -14.879 -15.073
  -7.477 -15.013 -15.182
  -7.464 -15.154 -15.480
  -7.451 -14.727 -14.885
  -7.438 -15.242 -15.242
  -7.425 -15.497 -15.497
  -7.413 -14.699 -14.890
  -7.401 -15.622 -15.622
  -7.390 -15.433 -15.433
  -7.379 -15.372 -15.633
  -7.368 -15.824 -15.824
  -7.357 -14.712 -15.708
  -7.347 -14.820 -15.411
  -7.337 -15.581 -15.581
  -7.327 -15.070 -15.406
  -7.317 -15.618 -15.873
  -7.308 -15.199 -15.416
  -7.299 -15.839 -15.839
  -7.290 -15.968 -15.968
  -7.281 -15.757 -15.757
  -7.272 -15.597 -15.858
  -7.264 -15.485 -15.941
  -7.255 -15.872 -16.111
  -7.247 -15.311 -15.311
  -7.239 -15.860 -15.860
  -7.231 -15.702 -15.906
  -7.223 -15.332 -15.782
  -7.216 -15.582 -15.943
  -7.208 -15.865 -16.295
  -7.201 -16.157 -16.157
  -7.194 -15.444 -15.664
  -7.187 -15.975 -16.295
  -7.180 -15.721 -16.039
  -7.173 -15.607 -15.607
  -7.166 -15.904 -15.904
  -7.159 -15.805 -16.078
  -7.153 -15.728 -15.951
  -7.146 -15.902 -16.105
  -7.140 -16.156 -16.156
  -7.133 -14.699 -15.493
  -7.127 -16.308 -16.308
  -7.121 -16.072 -16.072
  -7.115 -15.934 -15.934
  -7.109 -16.210 -16.210
  -7.103 -15.577 -15.936
  -7.098 -16.270 -16.270
  -7.092 -16.119 -16.119
  -7.086 -16.209 -16.443
  -7.081 -15.084 -15.360
  -7.075 -15.766 -16.063
  -7.070 -16.070 -16.070
  -7.064 -15.411 -16.046
  -7.059 -16.080 -16.413
  -7.054 -16.321 -16.530
  -7.049 -15.621 -15.621
  -7.043 -16.108 -16.412
  -7.038 -16.331 -16.747
  -7.033 -16.113 -16.595
  -7.029 -15.790 -17.336
  -7.024 -16.367 -16.367
  -7.019 -15.053 -15.459
  -7.014 -16.037 -16.268
  -7.009 -49.500     NaN
  -7.005 -16.510 -16.510
  -7.000 -15.242 -16.110
  -6.995 -15.513 -16.024
  -6.991 -15.896 -16.477
  -6.986 -17.000 -49.500
  -6.982 -16.134 -16.373
  -6.978 -15.562 -16.903
  -6.973 -16.428 -16.609
  -6.969 -16.024 -16.228
  -6.965 -16.553 -16.963
  -6.961 -16.053 -16.930
  -6.956 -15.998 -16.329
  -6.952 -16.656 -16.656
  -6.948 -16.352 -16.545
  -6.944 -16.687 -17.042
  -6.940 -16.778 -17.065
  -6.936 -15.487 -15.654
  -6.932 -17.271 -22.881
  -6.928 -15.355 -16.651
  -6.924 -17.251 -21.752
  -6.920 -16.239 -16.740
  -6.917 -15.794 -16.367
  -6.913 -15.128 -16.457
  -6.909 -49.500 -49.500
  -6.905 -49.500     NaN
  -6.902 -17.034 -22.982
  -6.898 -16.918 -17.162
  -6.894 -16.867 -17.135
  -6.891 -22.797 -22.797
  -6.887 -16.929 -17.265
  -6.884 -16.213 -49.500
  -6.880 -49.500 -49.500
  -6.877 -16.999 -49.500
  -6.873 -16.783 -17.164
  -6.870 -49.500     NaN
  -6.867 -16.377 -49.500
  -6.863 -17.181 -49.500
  -6.860 -16.299 -17.145
  -6.857 -15.558 -16.663
  -6.853 -17.135 -49.500
  -6.850 -17.119 -49.500
  -6.847 -16.279 -16.562
  -6.844 -16.313 -16.748
  -6.840 -49.500     NaN
  -6.837 -49.500 -49.500
  -6.834 -49.500     NaN
  -6.831 -49.500 -49.500
  -6.828 -49.500 -49.500
  -6.825 -49.500     NaN
  -6.822 -14.740 -16.513
  -6.819 -49.500     NaN
  -6.816 -49.500     NaN
  -6.813 -49.500     NaN
  -6.810 -16.834 -16.834
  -6.807 -15.003 -16.693
  -6.804 -16.769 -49.500
  -6.801 -49.500     NaN
  -6.798 -16.612 -49.500
  -6.795 -16.277 -49.500
  -6.792 -16.093 -49.500
  -6.789 -49.500     NaN
  -6.787 -49.500 -49.500
  -6.784 -16.305 -16.305
  -6.781 -49.500 -49.500
  -6.778 -16.956 -49.500
  -6.775 -49.500     NaN
  -6.773 -49.500 -49.500
  -6.770 -49.500 -49.500
  -6.767 -16.910 -16.910
  -6.765 -15.960 -49.500
  -6.762 -16.855 -49.500
  -6.759 -49.500 -49.500
  -6.757 -16.411 -16.820
  -6.754 -16.848 -16.848
  -6.751 -16.729 -16.729
  -6.749 -49.500     NaN
  -6.746 -15.013 -16.070
  -6.744 -16.553 -16.553
  -6.741 -49.500 -49.500
  -6.739 -16.422 -49.500
  -6.736 -49.500 -49.500
  -6.734 -49.500 -49.500
  -6.731 -49.500     NaN
  -6.729 -15.139 -49.500
  -6.726 -16.624 -49.500
  -6.724 -16.464 -49.500
  -6.721 -49.500 -49.500
  -6.719 -49.500     NaN
  -6.717 -49.500 -49.500
  -6.714 -49.500 -49.500
  -6.712 -16.504 -49.500
  -6.709 -49.500 -49.500
  -6.707 -49.500     NaN
  -6.705 -49.500     NaN
  -6.702 -16.819 -49.500
  -6.700 -16.459 -49.500
  -6.698 -49.500 -49.500
  -6.696 -49.500 -49.500
  -6.693 -49.500     NaN
  -6.691 -49.500 -49.500
  -6.689 -49.500 -49.500
  -6.687 -49.500 -49.500
  -6.684 -49.500 -49.500
  -6.682 -49.500 -49.500
  -6.680 -49.500     NaN
  -6.678 -49.500     NaN
  -6.675 -15.475 -15.475
  -6.673 -49.500 -49.500
  -6.671 -49.500 -49.500
  -6.669 -16.305 -49.500
  -6.667 -49.500     NaN
  -6.665 -49.500 -49.500
  -6.663 -49.500 -49.500
  -6.661 -49.500     NaN
  -6.658 -49.500     NaN
  -6.656 -49.500 -49.500
  -6.654 -49.500 -49.500
  -6.652 -49.500 -49.500
  -6.650 -49.500 -49.500
  -6.648 -49.500 -49.500
  -6.646 -17.148 -17.148
  -6.644 -16.372 -16.372
  -6.642 -49.500 -49.500
  -6.640 -16.821 -16.821
  -6.638 -49.500     NaN
  -6.636 -16.476 -49.500
  -6.634 -49.500 -49.500
  -6.632 -16.622 -16.622
  -6.630 -49.500 -49.500
  -6.628 -49.500 -49.500
  -6.626 -49.500     NaN
  -6.624 -15.492 -15.492
  -6.622 -49.500 -49.500
  -6.620 -49.500 -49.500
  -6.618 -49.500 -49.500
  -6.617 -49.500 -49.500
  -6.615 -49.500 -49.500
  -6.613 -49.500 -49.500
  -6.611 -16.453 -16.453
  -6.609 -49.500 -49.500
  -6.607 -49.500 -49.500
  -6.605 -49.500 -49.500
  -6.603 -49.500 -49.500
  -6.602 -16.722 -16.722
  -6.600 -49.500 -49.500
  -6.598 -49.500 -49.500
  -6.596 -49.500 -49.500
  -6.594 -49.500 -49.500
