  -8.861 -14.001 -14.001
  -8.599 -14.125 -14.125
  -8.442 -14.215 -14.215
  -8.329 -14.292 -14.292
  -8.239 -14.422 -14.422
  -8.166 -14.345 -14.345
  -8.103 -14.525 -14.525
  -8.048 -14.618 -14.618
  -7.999 -14.684 -14.684
  -7.955 -14.615 -14.615
  -7.916 -14.400 -14.682
  -7.879 -14.758 -14.758
  -7.846 -14.084 -14.659
  -7.815 -14.692 -14.951
  -7.786 -14.309 -14.641
  -7.758 -14.582 -14.753
  -7.733 -14.923 -14.923
  -7.709 -15.062 -15.062
  -7.686 -14.539 -14.863
  -7.664 -14.423 -15.026
  -7.643 -14.609 -15.047
  -7.624 -14.754 -14.754
  -7.605 -15.057 -15.057
  -7.586 -15.308 -15.308
  -7.569 -14.813 -14.988
  -7.552 -14.819 -14.995
  -7.536 -15.299 -15.299
  -7.521 -14.667 -14.859
  -7.506 -14.872 -14.872
  -7.491 -15.319 -15.319
  -7.477 -15.674 -15.674
  -7.464 -15.222 -15.222
  -7.451 -15.315 -15.315
  -7.438 -14.776 -15.568
  -7.425 -15.281 -15.509
  -7.413 -14.886 -15.329
  -7.401 -15.401 -15.401
  -7.390 -15.400 -15.400
  -7.379 -15.317 -15.530
  -7.368 -15.331 -15.739
  -7.357 -15.739 -15.739
  -7.347 -15.304 -15.749
  -7.337 -14.910 -15.117
  -7.327 -15.723 -15.723
  -7.317 -15.540 -15.540
  -7.308 -15.625 -15.625
  -7.299 -14.969 -15.486
  -7.290 -15.138 -15.857
  -7.281 -14.543 -15.178
  -7.272 -15.223 -15.685
  -7.264 -15.175 -15.672
  -7.255 -15.368 -15.611
  -7.247 -16.011 -16.011
  -7.239 -15.305 -15.940
  -7.231 -15.537 -16.090
  -7.223 -15.877 -15.877
  -7.216 -15.370 -15.370
  -7.208 -15.949 -15.949
  -7.201 -15.494 -15.961
  -7.194 -14.872 -15.411
  -7.187 -15.439 -16.051
  -7.180 -15.769 -16.037
  -7.173 -16.069 -16.069
  -7.166 -16.333 -16.333
  -7.159 -15.276 -16.041
  -7.153 -15.973 -16.132
  -7.146 -14.118 -15.876
  -7.140 -16.119 -16.119
  -7.133 -15.720 -15.930
  -7.127 -16.376 -16.539
  -7.121 -14.623 -16.165
  -7.115 -16.330 -16.330
  -7.109 -16.175 -16.175
  -7.103 -15.829 -16.087
  -7.098 -16.060 -16.060
  -7.092 -16.059 -16.433
  -7.086 -16.464 -16.746
  -7.081 -15.903 -15.903
  -7.075 -16.095 -16.469
  -7.070 -16.398 -16.398
  -7.064 -16.312 -16.644
  -7.059 -15.704 -16.187
  -7.054 -16.943 -16.943
  -7.049 -16.045 -16.356
  -7.043 -15.591 -16.525
  -7.038 -15.443 -16.615
  -7.033 -16.047 -16.516
  -7.029 -15.644 -16.363
  -7.024 -15.780 -16.426
  -7.019 -15.186 -16.005
  -7.014 -16.190 -16.421
  -7.009 -16.225 -16.225
  -7.005 -16.414 -17.110
  -7.000 -15.752 -15.752
  -6.995 -16.743 -17.351
  -6.991 -16.647 -16.852
  -6.986 -15.961 -16.211
  -6.982 -16.745 -17.094
  -6.978 -16.278 -16.523
  -6.973 -15.043 -16.455
  -6.969 -14.619 -16.001
  -6.965 -16.659 -16.889
  -6.961 -16.633 -17.116
  -6.956 -16.409 -16.620
  -6.952 -15.493 -16.074
  -6.948 -16.513 -16.736
  -6.944 -16.920 -22.225
  -6.940 -15.659 -16.309
  -6.936 -49.500     NaN
  -6.932 -15.912 -16.709
  -6.928 -17.058 -17.261
  -6.924 -16.367 -16.775
  -6.920 -16.779 -49.500
  -6.917 -16.628 -49.500
  -6.913 -49.500     NaN
  -6.909 -15.116 -15.779
  -6.905 -15.852 -49.500
  -6.902 -16.142 -16.454
  -6.898 -16.378 -17.263
  -6.894 -16.199 -16.598
  -6.891 -16.101 -22.778
  -6.887 -16.721 -49.500
  -6.884 -16.384 -16.538
  -6.880 -16.557 -49.500
  -6.877 -16.364 -16.631
  -6.873 -49.500     NaN
  -6.870 -49.500     NaN
  -6.867 -16.959 -16.959
  -6.863 -17.023 -49.500
  -6.860 -16.628 -16.876
  -6.857 -49.500     NaN
  -6.853 -49.500     NaN
  -6.850 -13.984 -16.401
  -6.847 -16.449 -16.612
  -6.844 -15.339 -16.316
  -6.840 -49.500     NaN
  -6.837 -49.500     NaN
  -6.834 -49.500     NaN
  -6.831 -49.500     NaN
  -6.828 -49.500     NaN
  -6.825 -49.500     NaN
  -6.822 -16.120 -16.349
  -6.819 -16.897 -49.500
  -6.816 -16.487 -16.689
  -6.813 -16.549 -49.500
  -6.810 -16.941 -49.500
  -6.807 -16.793 -16.793
  -6.804 -49.500     NaN
  -6.801 -16.653 -49.500
  -6.798 -16.826 -49.500
  -6.795 -16.366 -16.566
  -6.792 -16.705 -17.126
  -6.789 -49.500     NaN
  -6.787 -49.500     NaN
  -6.784 -16.109 -17.156
  -6.781 -49.500     NaN
  -6.778 -49.500     NaN
  -6.775 -49.500 -49.500
  -6.773 -49.500     NaN
  -6.770 -49.500 -49.500
  -6.767 -49.500 -49.500
  -6.765 -49.500 -49.500
  -6.762 -17.044 -49.500
  -6.759 -49.500     NaN
  -6.757 -49.500     NaN
  -6.754 -49.500     NaN
  -6.751 -16.383 -16.723
  -6.749 -16.555 -16.555
  -6.746 -16.534 -49.500
  -6.744 -16.502 -49.500
  -6.741 -49.500 -49.500
  -6.739 -17.167 -49.500
  -6.736 -16.553 -49.500
  -6.734 -49.500     NaN
  -6.731 -16.078 -17.061
  -6.729 -49.500 -49.500
  -6.726 -49.500     NaN
  -6.724 -49.500 -49.500
  -6.721 -15.989 -17.022
  -6.719 -49.500 -49.500
  -6.717 -49.500     NaN
  -6.714 -49.500 -49.500
  -6.712 -49.500 -49.500
  -6.709 -49.500 -49.500
  -6.707 -14.904 -15.159
  -6.705 -49.500     NaN
  -6.702 -16.734 -16.734
  -6.700 -49.500 -49.500
  -6.698 -49.500     NaN
  -6.696 -49.500 -49.500
  -6.693 -49.500 -49.500
  -6.691 -16.433 -16.433
  -6.689 -49.500 -49.500
  -6.687 -49.500     NaN
  -6.684 -49.500 -49.500
  -6.682 -49.500 -49.500
  -6.680 -49.500 -49.500
  -6.678 -49.500 -49.500
  -6.675 -49.500 -49.500
  -6.673 -49.500 -49.500
  -6.671 -49.500 -49.500
  -6.669 -16.161 -16.161
  -6.667 -49.500     NaN
  -6.665 -49.500 -49.500
  -6.663 -49.500 -49.500
  -6.661 -49.500 -49.500
  -6.658 -49.500 -49.500
  -6.656 -49.500 -49.500
  -6.654 -49.500 -49.500
  -6.652 -16.772 -49.500
  -6.650 -49.500 -49.500
  -6.648 -16.717 -49.500
  -6.646 -16.179 -16.179
  -6.644 -15.966 -49.500
  -6.642 -49.500 -49.500
  -6.640 -49.500 -49.500
  -6.638 -49.500 -49.500
  -6.636 -49.500 -49.500
  -6.634 -49.500 -49.500
  -6.632 -16.122 -16.122
  -6.630 -49.500 -49.500
  -6.628 -49.500 -49.500
  -6.626 -14.962 -49.500
  -6.624 -49.500     NaN
  -6.622 -49.500 -49.500
  -6.620 -49.500 -49.500
  -6.618 -49.500 -49.500
  -6.617 -49.500 -49.500
  -6.615 -49.500 -49.500
  -6.613 -49.500 -49.500
  -6.611 -49.500 -49.500
  -6.609 -49.500 -49.500
  -6.607 -49.500 -49.500
  -6.605 -49.500 -49.500
  -6.603 -49.500 -49.500
  -6.602 -49.500 -49.500
  -6.600 -49.500 -49.500
  -6.598 -49.500 -49.500
  -6.596 -49.500     NaN
  -6.594 -49.500 -49.500
