  -8.861 -13.979 -13.979
  -8.599 -14.138 -14.138
  -8.442 -13.900 -14.201
  -8.329 -14.271 -14.271
  -8.239 -14.321 -14.321
  -8.166 -14.391 -14.391
  -8.103 -14.535 -14.535
  -8.048 -14.561 -14.561
  -7.999 -14.560 -14.560
  -7.955 -14.699 -14.699
  -7.916 -14.571 -14.571
  -7.879 -14.262 -14.562
  -7.846 -14.785 -14.785
  -7.815 -14.601 -14.784
  -7.786 -15.014 -15.014
  -7.758 -14.691 -14.691
  -7.733 -14.760 -14.760
  -7.709 -14.995 -14.995
  -7.686 -15.033 -15.033
  -7.664 -14.838 -15.131
  -7.643 -14.881 -14.881
  -7.624 -14.592 -14.813
  -7.605 -15.291 -15.291
  -7.586 -14.916 -14.916
  -7.569 -14.522 -14.694
  -7.552 -14.854 -14.854
  -7.536 -14.367 -14.546
  -7.521 -14.776 -14.776
  -7.506 -14.335 -15.370
  -7.491 -14.912 -15.112
  -7.477 -15.318 -15.472
  -7.464 -14.978 -15.165
  -7.451 -15.141 -15.141
  -7.438 -14.583 -15.337
  -7.425 -15.591 -15.591
  -7.413 -15.176 -15.600
  -7.401 -15.066 -15.376
  -7.390 -15.491 -15.729
  -7.379 -15.407 -15.407
  -7.368 -15.533 -15.699
  -7.357 -15.591 -15.978
  -7.347 -15.896 -15.896
  -7.337 -15.441 -15.441
  -7.327 -14.258 -15.227
  -7.317 -15.653 -15.653
  -7.308 -15.226 -15.629
  -7.299 -15.080 -15.689
  -7.290 -15.424 -15.882
  -7.281 -15.216 -15.216
  -7.272 -15.897 -16.202
  -7.264 -16.168 -16.168
  -7.255 -15.382 -15.759
  -7.247 -15.327 -15.738
  -7.239 -15.490 -16.010
  -7.231 -15.910 -16.301
  -7.223 -15.873 -15.873
  -7.216 -15.857 -15.857
  -7.208 -15.406 -16.043
  -7.201 -14.692 -16.229
  -7.194 -15.254 -16.141
  -7.187 -15.605 -15.822
  -7.180 -15.415 -15.769
  -7.173 -15.164 -15.747
  -7.166 -15.697 -15.933
  -7.159 -16.035 -16.035
  -7.153 -16.071 -16.376
  -7.146 -16.141 -16.141
  -7.140 -15.645 -15.872
  -7.133 -15.959 -15.959
  -7.127 -15.573 -15.869
  -7.121 -15.559 -16.108
  -7.115 -15.969 -16.138
  -7.109 -14.836 -16.086
  -7.103 -15.950 -16.108
  -7.098 -16.257 -16.463
  -7.092 -15.279 -16.167
  -7.086 -16.299 -16.617
  -7.081 -15.871 -16.086
  -7.075 -15.784 -16.377
  -7.070 -15.893 -15.893
  -7.064 -16.381 -16.381
  -7.059 -16.102 -16.497
  -7.054 -16.438 -16.438
  -7.049 -16.008 -16.171
  -7.043 -16.131 -16.297
  -7.038 -15.821 -16.286
  -7.033 -16.269 -16.584
  -7.029 -15.342 -16.181
  -7.024 -15.787 -16.356
  -7.019 -15.468 -16.148
  -7.014 -15.703 -16.395
  -7.009 -16.544 -16.723
  -7.005 -15.710 -16.309
  -7.000 -15.731 -16.654
  -6.995 -15.809 -16.449
  -6.991 -16.312 -16.613
  -6.986 -16.231 -16.596
  -6.982 -16.137 -17.538
  -6.978 -15.708 -16.692
  -6.973 -16.904 -16.904
  -6.969 -16.046 -16.046
  -6.965 -15.630 -16.038
  -6.961 -15.973 -16.205
  -6.956 -16.708 -49.500
  -6.952 -16.619 -16.619
  -6.948 -16.841 -17.246
  -6.944 -49.500     NaN
  -6.940 -16.305 -16.605
  -6.936 -16.651 -49.500
  -6.932 -15.540 -16.055
  -6.928 -16.467 -17.228
  -6.924 -16.194 -16.410
  -6.920 -15.843 -16.296
  -6.917 -16.703 -16.982
  -6.913 -16.558 -17.131
  -6.909 -15.802 -15.802
  -6.905 -14.951 -16.282
  -6.902 -16.670 -16.670
  -6.898 -15.909 -17.129
  -6.894 -16.386 -16.759
  -6.891 -16.957 -49.500
  -6.887 -16.692 -49.500
  -6.884 -15.982 -16.288
  -6.880 -49.500 -49.500
  -6.877 -15.745 -15.947
  -6.873 -15.908 -16.923
  -6.870 -16.250 -17.114
  -6.867 -16.482 -16.868
  -6.863 -16.098 -17.174
  -6.860 -16.070 -16.601
  -6.857 -49.500 -49.500
  -6.853 -16.833 -49.500
  -6.850 -16.573 -49.500
  -6.847 -16.318 -16.735
  -6.844 -16.111 -16.516
  -6.840 -17.221 -49.500
  -6.837 -49.500     NaN
  -6.834 -16.695 -49.500
  -6.831 -49.500     NaN
  -6.828 -49.500     NaN
  -6.825 -17.271 -49.500
  -6.822 -49.500     NaN
  -6.819 -16.437 -49.500
  -6.816 -16.740 -49.500
  -6.813 -49.500     NaN
  -6.810 -16.882 -49.500
  -6.807 -15.820 -15.820
  -6.804 -15.802 -16.134
  -6.801 -49.500     NaN
  -6.798 -16.867 -17.281
  -6.795 -49.500     NaN
  -6.792 -17.073 -49.500
  -6.789 -49.500     NaN
  -6.787 -49.500     NaN
  -6.784 -49.500     NaN
  -6.781 -16.633 -49.500
  -6.778 -16.419 -49.500
  -6.775 -16.100 -49.500
  -6.773 -49.500     NaN
  -6.770 -49.500 -49.500
  -6.767 -49.500     NaN
  -6.765 -16.693 -16.693
  -6.762 -49.500 -49.500
  -6.759 -49.500 -49.500
  -6.757 -16.277 -49.500
  -6.754 -49.500     NaN
  -6.751 -49.500     NaN
  -6.749 -16.620 -17.153
  -6.746 -49.500     NaN
  -6.744 -17.018 -49.500
  -6.741 -15.605 -49.500
  -6.739 -16.552 -49.500
  -6.736 -49.500 -49.500
  -6.734 -49.500     NaN
  -6.731 -16.889 -49.500
  -6.729 -16.437 -49.500
  -6.726 -49.500     NaN
  -6.724 -49.500     NaN
  -6.721 -16.404 -49.500
  -6.719 -49.500 -49.500
  -6.717 -15.901 -17.042
  -6.714 -49.500 -49.500
  -6.712 -15.747 -49.500
  -6.709 -49.500     NaN
  -6.707 -49.500 -49.500
  -6.705 -16.227 -16.227
  -6.702 -15.813 -16.856
  -6.700 -49.500 -49.500
  -6.698 -14.804 -14.804
  -6.696 -49.500 -49.500
  -6.693 -49.500 -49.500
  -6.691 -49.500     NaN
  -6.689 -16.677 -49.500
  -6.687 -49.500 -49.500
  -6.684 -49.500     NaN
  -6.682 -17.321 -17.321
  -6.680 -16.334 -16.334
  -6.678 -17.086 -49.500
  -6.675 -49.500 -49.500
  -6.673 -49.500 -49.500
  -6.671 -49.500     NaN
  -6.669 -49.500 -49.500
  -6.667 -16.226 -16.226
  -6.665 -49.500 -49.500
  -6.663 -49.500 -49.500
  -6.661 -49.500 -49.500
  -6.658 -49.500 -49.500
  -6.656 -49.500 -49.500
  -6.654 -49.500 -49.500
  -6.652 -49.500 -49.500
  -6.650 -16.721 -16.721
  -6.648 -49.500 -49.500
  -6.646 -49.500 -49.500
  -6.644 -49.500 -49.500
  -6.642 -49.500 -49.500
  -6.640 -49.500 -49.500
  -6.638 -49.500 -49.500
  -6.636 -49.500 -49.500
  -6.634 -49.500 -49.500
  -6.632 -15.626 -15.626
  -6.630 -49.500 -49.500
  -6.628 -49.500 -49.500
  -6.626 -49.500 -49.500
  -6.624 -49.500 -49.500
  -6.622 -49.500 -49.500
  -6.620 -49.500 -49.500
  -6.618 -49.500 -49.500
  -6.617 -49.500 -49.500
  -6.615 -49.500 -49.500
  -6.613 -49.500 -49.500
  -6.611 -49.500 -49.500
  -6.609 -13.830 -13.830
  -6.607 -49.500     NaN
  -6.605 -49.500 -49.500
  -6.603 -16.494 -16.494
  -6.602 -16.593 -16.593
  -6.600 -49.500 -49.500
  -6.598 -49.500 -49.500
  -6.596 -49.500 -49.500
  -6.594 -49.500 -49.500
