  -8.861 -13.961 -13.961
  -8.599 -14.142 -14.142
  -8.442 -14.202 -14.202
  -8.329 -14.337 -14.337
  -8.239 -14.370 -14.370
  -8.166 -14.514 -14.514
  -8.103 -14.375 -14.375
  -8.048 -14.323 -14.323
  -7.999 -14.645 -14.645
  -7.955 -14.530 -14.530
  -7.916 -14.796 -14.796
  -7.879 -14.719 -14.719
  -7.846 -14.925 -14.925
  -7.815 -14.813 -14.813
  -7.786 -14.614 -14.831
  -7.758 -15.175 -15.175
  -7.733 -14.964 -14.964
  -7.709 -15.102 -15.102
  -7.686 -15.218 -15.218
  -7.664 -14.845 -14.845
  -7.643 -14.848 -15.179
  -7.624 -14.988 -14.988
  -7.605 -14.857 -14.857
  -7.586 -15.336 -15.336
  -7.569 -15.129 -15.129
  -7.552 -14.595 -15.396
  -7.536 -14.382 -14.933
  -7.521 -15.281 -15.281
  -7.506 -15.340 -15.340
  -7.491 -15.311 -15.311
  -7.477 -15.451 -15.451
  -7.464 -14.830 -14.830
  -7.451 -15.162 -15.564
  -7.438 -15.199 -15.199
  -7.425 -15.567 -15.567
  -7.413 -15.439 -15.439
  -7.401 -14.770 -15.174
  -7.390 -14.877 -15.786
  -7.379 -15.379 -15.670
  -7.368 -14.322 -16.002
  -7.357 -15.608 -15.608
  -7.347 -15.317 -15.697
  -7.337 -15.260 -15.475
  -7.327 -14.887 -15.752
  -7.317 -15.322 -15.537
  -7.308 -15.242 -15.628
  -7.299 -15.812 -15.812
  -7.290 -15.957 -15.957
  -7.281 -15.814 -15.814
  -7.272 -14.836 -15.473
  -7.264 -15.416 -15.570
  -7.255 -16.135 -16.135
  -7.247 -15.666 -15.666
  -7.239 -15.697 -15.908
  -7.231 -15.425 -15.717
  -7.223 -14.841 -15.848
  -7.216 -15.008 -15.346
  -7.208 -15.415 -15.956
  -7.201 -15.946 -16.141
  -7.194 -15.012 -15.329
  -7.187 -15.684 -16.132
  -7.180 -15.835 -16.229
  -7.173 -16.110 -16.110
  -7.166 -15.431 -16.127
  -7.159 -15.839 -15.839
  -7.153 -16.107 -16.107
  -7.146 -16.130 -16.301
  -7.140 -15.691 -16.101
  -7.133 -15.868 -16.044
  -7.127 -15.187 -16.272
  -7.121 -16.319 -16.319
  -7.115 -14.458 -15.831
  -7.109 -15.802 -15.802
  -7.103 -15.173 -15.348
  -7.098 -15.963 -16.153
  -7.092 -14.963 -15.764
  -7.086 -15.513 -15.929
  -7.081 -16.085 -16.085
  -7.075 -16.056 -16.207
  -7.070 -16.266 -16.266
  -7.064 -15.780 -15.939
  -7.059 -15.686 -15.686
  -7.054 -16.133 -16.453
  -7.049 -16.273 -16.273
  -7.043 -15.339 -15.521
  -7.038 -15.143 -15.921
  -7.033 -15.112 -16.904
  -7.029 -16.495 -16.495
  -7.024 -15.902 -16.468
  -7.019 -16.940 -49.500
  -7.014 -15.980 -16.135
  -7.009 -16.141 -16.822
  -7.005 -15.015 -16.026
  -7.000 -16.041 -16.616
  -6.995 -16.129 -16.419
  -6.991 -16.454 -16.796
  -6.986 -16.289 -16.457
  -6.982 -14.838 -15.761
  -6.978 -15.411 -16.321
  -6.973 -16.349 -16.506
  -6.969 -16.358 -16.358
  -6.965 -16.779 -17.216
  -6.961 -22.418 -22.418
  -6.956 -16.679 -23.171
  -6.952 -16.333 -16.860
  -6.948 -16.119 -16.119
  -6.944 -16.948 -49.500
  -6.940 -22.827 -22.827
  -6.936 -15.655 -15.893
  -6.932 -16.198 -16.593
  -6.928 -17.234 -49.500
  -6.924 -16.823 -17.006
  -6.920 -16.641 -17.204
  -6.917 -15.867 -15.867
  -6.913 -16.409 -16.894
  -6.909 -16.885 -17.131
  -6.905 -49.500     NaN
  -6.902 -16.641 -16.829
  -6.898 -15.988 -16.695
  -6.894 -16.059 -16.651
  -6.891 -16.452 -16.653
  -6.887 -16.450 -16.672
  -6.884 -49.500     NaN
  -6.880 -16.775 -49.500
  -6.877 -49.500 -49.500
  -6.873 -16.078 -16.366
  -6.870 -16.616 -16.985
  -6.867 -15.838 -49.500
  -6.863 -16.178 -16.744
  -6.860 -15.244 -49.500
  -6.857 -17.299 -49.500
  -6.853 -16.438 -49.500
  -6.850 -49.500     NaN
  -6.847 -16.436 -16.668
  -6.844 -49.500     NaN
  -6.840 -16.997 -49.500
  -6.837 -16.856 -49.500
  -6.834 -17.082 -49.500
  -6.831 -16.775 -49.500
  -6.828 -16.605 -17.180
  -6.825 -16.430 -17.248
  -6.822 -49.500     NaN
  -6.819 -16.294 -16.294
  -6.816 -15.968 -16.263
  -6.813 -16.224 -16.882
  -6.810 -16.726 -49.500
  -6.807 -49.500     NaN
  -6.804 -16.354 -49.500
  -6.801 -16.178 -49.500
  -6.798 -16.926 -17.240
  -6.795 -16.596 -49.500
  -6.792 -16.942 -49.500
  -6.789 -16.635 -16.804
  -6.787 -16.785 -49.500
  -6.784 -16.203 -49.500
  -6.781 -17.125 -49.500
  -6.778 -49.500 -49.500
  -6.775 -49.500 -49.500
  -6.773 -49.500     NaN
  -6.770 -49.500     NaN
  -6.767 -49.500 -49.500
  -6.765 -49.500 -49.500
  -6.762 -49.500     NaN
  -6.759 -49.500     NaN
  -6.757 -16.421 -49.500
  -6.754 -49.500 -49.500
  -6.751 -16.601 -16.792
  -6.749 -49.500     NaN
  -6.746 -49.500     NaN
  -6.744 -16.068 -16.068
  -6.741 -49.500     NaN
  -6.739 -14.799 -49.500
  -6.736 -16.879 -49.500
  -6.734 -16.867 -16.867
  -6.731 -49.500 -49.500
  -6.729 -15.316 -49.500
  -6.726 -17.172 -17.172
  -6.724 -49.500 -49.500
  -6.721 -49.500     NaN
  -6.719 -49.500 -49.500
  -6.717 -49.500 -49.500
  -6.714 -49.500     NaN
  -6.712 -49.500 -49.500
  -6.709 -15.074 -15.566
  -6.707 -16.416 -49.500
  -6.705 -15.172 -49.500
  -6.702 -49.500 -49.500
  -6.700 -49.500     NaN
  -6.698 -49.500 -49.500
  -6.696 -49.500     NaN
  -6.693 -49.500 -49.500
  -6.691 -16.380 -16.380
  -6.689 -16.534 -49.500
  -6.687 -16.525 -16.525
  -6.684 -49.500 -49.500
  -6.682 -49.500 -49.500
  -6.680 -49.500     NaN
  -6.678 -49.500     NaN
  -6.675 -49.500 -49.500
  -6.673 -49.500 -49.500
  -6.671 -49.500 -49.500
  -6.669 -49.500 -49.500
  -6.667 -49.500     NaN
  -6.665 -49.500 -49.500
  -6.663 -49.500 -49.500
  -6.661 -16.159 -49.500
  -6.658 -49.500 -49.500
  -6.656 -49.500 -49.500
  -6.654 -16.911 -16.911
  -6.652 -49.500 -49.500
  -6.650 -49.500 -49.500
  -6.648 -49.500 -49.500
  -6.646 -49.500 -49.500
  -6.644 -49.500     NaN
  -6.642 -49.500 -49.500
  -6.640 -16.568 -49.500
  -6.638 -49.500 -49.500
  -6.636 -49.500 -49.500
  -6.634 -49.500 -49.500
  -6.632 -49.500 -49.500
  -6.630 -16.051 -16.051
  -6.628 -49.500 -49.500
  -6.626 -49.500 -49.500
  -6.624 -49.500 -49.500
  -6.622 -49.500 -49.500
  -6.620 -49.500 -49.500
  -6.618 -49.500 -49.500
  -6.617 -49.500 -49.500
  -6.615 -49.500 -49.500
  -6.613 -49.500 -49.500
  -6.611 -16.751 -16.751
  -6.609 -49.500 -49.500
  -6.607 -49.500 -49.500
  -6.605 -49.500 -49.500
  -6.603 -49.500     NaN
  -6.602 -49.500 -49.500
  -6.600 -49.500 -49.500
  -6.598 -49.500 -49.500
  -6.596 -49.500 -49.500
  -6.594 -49.500 -49.500
