  -8.861 -13.993 -13.993
  -8.599 -14.115 -14.115
  -8.442 -14.226 -14.226
  -8.329 -14.203 -14.203
  -8.239 -14.395 -14.395
  -8.166 -14.420 -14.420
  -8.103 -14.469 -14.469
  -8.048 -14.488 -14.678
  -7.999 -14.563 -14.563
  -7.955 -14.390 -14.390
  -7.916 -14.585 -14.585
  -7.879 -14.591 -14.591
  -7.846 -14.746 -14.746
  -7.815 -14.928 -14.928
  -7.786 -14.874 -14.874
  -7.758 -14.854 -14.854
  -7.733 -14.763 -14.929
  -7.709 -15.028 -15.028
  -7.686 -15.027 -15.027
  -7.664 -14.756 -14.756
  -7.643 -14.878 -14.878
  -7.624 -15.221 -15.221
  -7.605 -14.941 -14.941
  -7.586 -15.122 -15.122
  -7.569 -15.220 -15.220
  -7.552 -15.227 -15.227
  -7.536 -15.208 -15.374
  -7.521 -15.363 -15.363
  -7.506 -15.354 -15.354
  -7.491 -15.268 -15.649
  -7.477 -15.361 -15.361
  -7.464 -15.080 -15.513
  -7.451 -15.090 -15.380
  -7.438 -15.208 -15.484
  -7.425 -15.340 -15.340
  -7.413 -15.673 -15.673
  -7.401 -14.736 -15.531
  -7.390 -15.545 -15.718
  -7.379 -15.264 -15.603
  -7.368 -15.239 -15.239
  -7.357 -15.352 -15.352
  -7.347 -14.982 -15.263
  -7.337 -15.698 -15.698
  -7.327 -15.364 -15.583
  -7.317 -15.440 -15.771
  -7.308 -16.032 -16.032
  -7.299 -16.008 -16.008
  -7.290 -15.752 -15.953
  -7.281 -15.947 -15.947
  -7.272 -15.573 -15.866
  -7.264 -15.582 -15.582
  -7.255 -16.144 -16.144
  -7.247 -15.571 -15.748
  -7.239 -15.284 -16.065
  -7.231 -15.819 -15.990
  -7.223 -15.313 -15.845
  -7.216 -15.799 -15.799
  -7.208 -15.696 -16.404
  -7.201 -15.937 -16.222
  -7.194 -16.150 -16.307
  -7.187 -15.517 -15.517
  -7.180 -15.823 -16.001
  -7.173 -14.829 -16.031
  -7.166 -15.913 -16.085
  -7.159 -15.919 -15.919
  -7.153 -15.122 -15.280
  -7.146 -15.612 -16.209
  -7.140 -15.383 -15.383
  -7.133 -15.381 -16.263
  -7.127 -15.993 -16.159
  -7.121 -15.509 -15.969
  -7.115 -16.616 -16.616
  -7.109 -15.561 -15.892
  -7.103 -15.465 -15.887
  -7.098 -15.287 -16.610
  -7.092 -15.606 -16.308
  -7.086 -15.648 -16.309
  -7.081 -16.261 -16.261
  -7.075 -15.801 -16.106
  -7.070 -16.854 -16.854
  -7.064 -15.850 -16.051
  -7.059 -16.626 -16.626
  -7.054 -15.664 -16.302
  -7.049 -16.160 -16.430
  -7.043 -15.903 -15.903
  -7.038 -16.019 -16.380
  -7.033 -16.037 -16.337
  -7.029 -16.207 -16.585
  -7.024 -14.862 -16.225
  -7.019 -16.460 -16.750
  -7.014 -15.852 -16.219
  -7.009 -16.135 -16.135
  -7.005 -16.008 -16.333
  -7.000 -15.612 -16.783
  -6.995 -16.376 -17.028
  -6.991 -16.181 -16.500
  -6.986 -16.244 -16.244
  -6.982 -15.156 -16.600
  -6.978 -16.538 -16.847
  -6.973 -16.679 -49.500
  -6.969 -16.165 -16.165
  -6.965 -14.731 -15.828
  -6.961 -16.208 -16.607
  -6.956 -16.822 -17.261
  -6.952 -16.345 -16.816
  -6.948 -16.913 -17.438
  -6.944 -16.218 -16.444
  -6.940 -16.646 -16.936
  -6.936 -49.500     NaN
  -6.932 -16.642 -22.824
  -6.928 -16.181 -16.466
  -6.924 -16.063 -16.687
  -6.920 -16.385 -17.361
  -6.917 -15.997 -17.016
  -6.913 -16.193 -16.659
  -6.909 -15.954 -16.845
  -6.905 -21.916 -21.916
  -6.902 -16.466 -16.621
  -6.898 -15.601 -16.531
  -6.894 -16.747 -49.500
  -6.891 -16.688 -16.999
  -6.887 -16.429 -49.500
  -6.884 -16.163 -49.500
  -6.880 -49.500     NaN
  -6.877 -16.440 -17.025
  -6.873 -14.466 -15.597
  -6.870 -16.104 -16.395
  -6.867 -16.934 -49.500
  -6.863 -49.500 -49.500
  -6.860 -16.663 -16.942
  -6.857 -16.747 -49.500
  -6.853 -15.998 -17.422
  -6.850 -16.196 -16.714
  -6.847 -16.293 -49.500
  -6.844 -49.500     NaN
  -6.840 -16.752 -16.752
  -6.837 -49.500     NaN
  -6.834 -16.595 -16.940
  -6.831 -16.272 -49.500
  -6.828 -49.500     NaN
  -6.825 -49.500     NaN
  -6.822 -49.500     NaN
  -6.819 -16.271 -49.500
  -6.816 -16.929 -49.500
  -6.813 -16.128 -16.556
  -6.810 -16.437 -16.437
  -6.807 -16.868 -49.500
  -6.804 -16.065 -16.260
  -6.801 -49.500     NaN
  -6.798 -49.500     NaN
  -6.795 -49.500     NaN
  -6.792 -49.500 -49.500
  -6.789 -15.475 -49.500
  -6.787 -49.500     NaN
  -6.784 -16.395 -16.880
  -6.781 -16.289 -16.289
  -6.778 -49.500     NaN
  -6.775 -49.500 -49.500
  -6.773 -16.426 -49.500
  -6.770 -49.500     NaN
  -6.767 -49.500     NaN
  -6.765 -49.500 -49.500
  -6.762 -16.145 -16.856
  -6.759 -49.500     NaN
  -6.757 -49.500     NaN
  -6.754 -49.500 -49.500
  -6.751 -49.500 -49.500
  -6.749 -15.829 -16.908
  -6.746 -49.500     NaN
  -6.744 -49.500     NaN
  -6.741 -17.029 -49.500
  -6.739 -16.224 -16.421
  -6.736 -49.500 -49.500
  -6.734 -49.500 -49.500
  -6.731 -49.500 -49.500
  -6.729 -49.500 -49.500
  -6.726 -16.523 -49.500
  -6.724 -49.500 -49.500
  -6.721 -16.762 -49.500
  -6.719 -17.133 -49.500
  -6.717 -49.500 -49.500
  -6.714 -16.730 -16.730
  -6.712 -49.500 -49.500
  -6.709 -49.500     NaN
  -6.707 -16.069 -16.069
  -6.705 -16.795 -49.500
  -6.702 -49.500 -49.500
  -6.700 -16.753 -49.500
  -6.698 -49.500     NaN
  -6.696 -15.785 -49.500
  -6.693 -16.666 -49.500
  -6.691 -15.464 -15.464
  -6.689 -15.968 -15.968
  -6.687 -49.500 -49.500
  -6.684 -49.500 -49.500
  -6.682 -49.500 -49.500
  -6.680 -16.238 -16.482
  -6.678 -49.500 -49.500
  -6.675 -49.500 -49.500
  -6.673 -49.500 -49.500
  -6.671 -49.500 -49.500
  -6.669 -49.500 -49.500
  -6.667 -16.049 -16.049
  -6.665 -49.500 -49.500
  -6.663 -49.500 -49.500
  -6.661 -16.618 -16.618
  -6.658 -49.500 -49.500
  -6.656 -49.500 -49.500
  -6.654 -49.500 -49.500
  -6.652 -49.500 -49.500
  -6.650 -49.500 -49.500
  -6.648 -49.500     NaN
  -6.646 -16.678 -49.500
  -6.644 -49.500     NaN
  -6.642 -49.500 -49.500
  -6.640 -49.500 -49.500
  -6.638 -49.500 -49.500
  -6.636 -49.500     NaN
  -6.634 -49.500 -49.500
  -6.632 -49.500 -49.500
  -6.630 -16.564 -49.500
  -6.628 -49.500     NaN
  -6.626 -49.500 -49.500
  -6.624 -49.500 -49.500
  -6.622 -49.500 -49.500
  -6.620 -49.500 -49.500
  -6.618 -49.500 -49.500
  -6.617 -49.500 -49.500
  -6.615 -49.500 -49.500
  -6.613 -49.500 -49.500
  -6.611 -16.571 -49.500
  -6.609 -49.500 -49.500
  -6.607 -49.500 -49.500
  -6.605 -49.500 -49.500
  -6.603 -15.656 -16.438
  -6.602 -49.500 -49.500
  -6.600 -49.500 -49.500
  -6.598 -49.500 -49.500
  -6.596 -49.500     NaN
  -6.594 -49.500 -49.500
