  -8.861 -13.987 -13.987
  -8.599 -14.110 -14.110
  -8.442 -14.119 -14.119
  -8.329 -14.264 -14.264
  -8.239 -14.218 -14.218
  -8.166 -14.425 -14.425
  -8.103 -14.453 -14.453
  -8.048 -14.149 -14.585
  -7.999 -14.404 -14.555
  -7.955 -14.577 -14.577
  -7.916 -14.752 -14.752
  -7.879 -14.662 -14.662
  -7.846 -14.448 -14.448
  -7.815 -14.817 -14.817
  -7.786 -14.777 -14.777
  -7.758 -14.796 -14.796
  -7.733 -14.789 -14.789
  -7.709 -15.046 -15.046
  -7.686 -14.939 -14.939
  -7.664 -15.025 -15.025
  -7.643 -14.987 -14.987
  -7.624 -14.889 -14.889
  -7.605 -14.992 -14.992
  -7.586 -15.029 -15.447
  -7.569 -15.170 -15.170
  -7.552 -14.992 -14.992
  -7.536 -15.483 -15.483
  -7.521 -14.774 -15.109
  -7.506 -14.644 -14.907
  -7.491 -15.635 -15.635
  -7.477 -15.143 -15.387
  -7.464 -15.163 -15.334
  -7.451 -14.680 -15.345
  -7.438 -15.390 -15.390
  -7.425 -15.302 -15.302
  -7.413 -15.665 -15.665
  -7.401 -15.136 -15.588
  -7.390 -15.556 -15.556
  -7.379 -14.769 -15.531
  -7.368 -15.301 -15.301
  -7.357 -15.746 -16.079
  -7.347 -15.363 -15.363
  -7.337 -15.619 -15.619
  -7.327 -15.741 -15.741
  -7.317 -15.434 -15.434
  -7.308 -15.092 -15.092
  -7.299 -15.157 -15.541
  -7.290 -15.864 -15.864
  -7.281 -15.233 -15.436
  -7.272 -15.438 -15.783
  -7.264 -15.755 -15.908
  -7.255 -15.201 -15.879
  -7.247 -15.807 -15.807
  -7.239 -15.986 -15.986
  -7.231 -15.298 -15.698
  -7.223 -15.803 -15.803
  -7.216 -15.399 -15.810
  -7.208 -15.516 -15.805
  -7.201 -15.333 -15.714
  -7.194 -15.394 -15.726
  -7.187 -16.094 -16.094
  -7.180 -15.490 -15.490
  -7.173 -15.953 -16.128
  -7.166 -14.808 -15.969
  -7.159 -15.544 -15.828
  -7.153 -15.961 -15.961
  -7.146 -16.238 -16.238
  -7.140 -15.428 -15.696
  -7.133 -15.961 -15.961
  -7.127 -15.929 -16.207
  -7.121 -16.274 -16.274
  -7.115 -15.818 -16.168
  -7.109 -15.516 -15.740
  -7.103 -16.116 -16.116
  -7.098 -16.429 -16.429
  -7.092 -15.093 -15.704
  -7.086 -15.708 -16.569
  -7.081 -15.748 -15.977
  -7.075 -15.421 -16.459
  -7.070 -15.372 -15.539
  -7.064 -15.156 -15.156
  -7.059 -16.058 -16.494
  -7.054 -15.410 -15.866
  -7.049 -16.615 -16.615
  -7.043 -16.184 -16.184
  -7.038 -16.602 -16.602
  -7.033 -16.384 -16.384
  -7.029 -16.542 -16.792
  -7.024 -15.825 -16.062
  -7.019 -16.235 -16.235
  -7.014 -15.868 -16.288
  -7.009 -16.023 -22.180
  -7.005 -16.457 -16.457
  -7.000 -16.423 -16.799
  -6.995 -16.150 -16.657
  -6.991 -16.807 -17.007
  -6.986 -16.398 -16.398
  -6.982 -16.314 -16.979
  -6.978 -16.083 -16.559
  -6.973 -15.962 -16.268
  -6.969 -16.796 -17.043
  -6.965 -16.461 -16.461
  -6.961 -17.078 -17.325
  -6.956 -16.254 -16.428
  -6.952 -15.526 -16.865
  -6.948 -16.804 -17.178
  -6.944 -16.854 -17.089
  -6.940 -16.930 -17.097
  -6.936 -16.347 -16.995
  -6.932 -15.711 -16.168
  -6.928 -16.609 -16.609
  -6.924 -15.587 -16.673
  -6.920 -16.743 -22.805
  -6.917 -15.983 -15.983
  -6.913 -16.539 -17.093
  -6.909 -16.241 -17.149
  -6.905 -16.859 -17.110
  -6.902 -16.640 -16.842
  -6.898 -15.597 -16.080
  -6.894 -16.782 -21.955
  -6.891 -16.571 -49.500
  -6.887 -16.022 -16.800
  -6.884 -16.184 -16.478
  -6.880 -16.320 -16.588
  -6.877 -16.739 -17.051
  -6.873 -49.500     NaN
  -6.870 -16.411 -16.757
  -6.867 -49.500 -49.500
  -6.863 -49.500     NaN
  -6.860 -16.076 -16.319
  -6.857 -49.500 -49.500
  -6.853 -16.621 -16.840
  -6.850 -17.111 -49.500
  -6.847 -15.923 -17.087
  -6.844 -16.957 -49.500
  -6.840 -16.896 -49.500
  -6.837 -16.980 -49.500
  -6.834 -16.087 -49.500
  -6.831 -16.505 -16.733
  -6.828 -49.500 -49.500
  -6.825 -16.463 -49.500
  -6.822 -16.297 -49.500
  -6.819 -49.500     NaN
  -6.816 -15.851 -16.173
  -6.813 -49.500     NaN
  -6.810 -16.686 -17.090
  -6.807 -16.253 -49.500
  -6.804 -15.702 -49.500
  -6.801 -15.431 -16.026
  -6.798 -16.340 -16.529
  -6.795 -49.500     NaN
  -6.792 -16.512 -49.500
  -6.789 -16.185 -49.500
  -6.787 -49.500 -49.500
  -6.784 -49.500     NaN
  -6.781 -15.994 -49.500
  -6.778 -15.447 -17.026
  -6.775 -49.500 -49.500
  -6.773 -16.575 -16.575
  -6.770 -49.500     NaN
  -6.767 -49.500     NaN
  -6.765 -49.500     NaN
  -6.762 -49.500 -49.500
  -6.759 -49.500 -49.500
  -6.757 -49.500     NaN
  -6.754 -49.500     NaN
  -6.751 -17.170 -17.170
  -6.749 -49.500     NaN
  -6.746 -49.500 -49.500
  -6.744 -49.500 -49.500
  -6.741 -49.500 -49.500
  -6.739 -49.500     NaN
  -6.736 -49.500     NaN
  -6.734 -17.239 -17.239
  -6.731 -49.500 -49.500
  -6.729 -16.610 -49.500
  -6.726 -49.500 -49.500
  -6.724 -49.500 -49.500
  -6.721 -49.500     NaN
  -6.719 -16.079 -49.500
  -6.717 -49.500 -49.500
  -6.714 -49.500 -49.500
  -6.712 -49.500     NaN
  -6.709 -15.936 -49.500
  -6.707 -16.503 -49.500
  -6.705 -15.402 -49.500
  -6.702 -49.500 -49.500
  -6.700 -16.632 -16.632
  -6.698 -16.739 -49.500
  -6.696 -49.500 -49.500
  -6.693 -49.500 -49.500
  -6.691 -16.917 -49.500
  -6.689 -49.500     NaN
  -6.687 -49.500     NaN
  -6.684 -49.500     NaN
  -6.682 -49.500 -49.500
  -6.680 -49.500     NaN
  -6.678 -49.500 -49.500
  -6.675 -49.500     NaN
  -6.673 -49.500 -49.500
  -6.671 -16.905 -16.905
  -6.669 -49.500 -49.500
  -6.667 -49.500 -49.500
  -6.665 -49.500 -49.500
  -6.663 -49.500 -49.500
  -6.661 -49.500 -49.500
  -6.658 -49.500 -49.500
  -6.656 -49.500 -49.500
  -6.654 -16.036 -16.036
  -6.652 -49.500 -49.500
  -6.650 -49.500 -49.500
  -6.648 -16.422 -49.500
  -6.646 -49.500 -49.500
  -6.644 -49.500 -49.500
  -6.642 -16.346 -16.346
  -6.640 -49.500     NaN
  -6.638 -49.500 -49.500
  -6.636 -49.500 -49.500
  -6.634 -49.500 -49.500
  -6.632 -49.500 -49.500
  -6.630 -49.500 -49.500
  -6.628 -49.500 -49.500
  -6.626 -17.019 -17.019
  -6.624 -49.500 -49.500
  -6.622 -49.500 -49.500
  -6.620 -16.546 -49.500
  -6.618 -49.500 -49.500
  -6.617 -49.500 -49.500
  -6.615 -49.500 -49.500
  -6.613 -49.500 -49.500
  -6.611 -49.500 -49.500
  -6.609 -49.500 -49.500
  -6.607 -49.500 -49.500
  -6.605 -49.500 -49.500
  -6.603 -16.501 -16.501
  -6.602 -49.500 -49.500
  -6.600 -49.500 -49.500
  -6.598 -49.500 -49.500
  -6.596 -49.500 -49.500
  -6.594 -49.500 -49.500
