  -8.861 -13.985 -13.985
  -8.599 -14.099 -14.099
  -8.442 -14.279 -14.279
  -8.329 -14.374 -14.374
  -8.239 -14.411 -14.411
  -8.166 -14.461 -14.461
  -8.103 -14.511 -14.511
  -8.048 -14.554 -14.554
  -7.999 -14.670 -14.670
  -7.955 -14.545 -14.545
  -7.916 -14.683 -14.683
  -7.879 -14.651 -14.840
  -7.846 -14.788 -14.788
  -7.815 -14.770 -14.770
  -7.786 -14.882 -14.882
  -7.758 -14.528 -14.889
  -7.733 -14.912 -14.912
  -7.709 -15.004 -15.004
  -7.686 -14.650 -14.650
  -7.664 -14.935 -15.103
  -7.643 -15.029 -15.029
  -7.624 -15.170 -15.170
  -7.605 -15.091 -15.091
  -7.586 -15.055 -15.055
  -7.569 -15.124 -15.124
  -7.552 -15.182 -15.182
  -7.536 -15.335 -15.335
  -7.521 -14.467 -14.709
  -7.506 -14.968 -15.197
  -7.491 -15.046 -15.306
  -7.477 -14.990 -15.214
  -7.464 -14.933 -14.933
  -7.451 -15.025 -15.383
  -7.438 -15.384 -15.384
  -7.425 -15.011 -15.465
  -7.413 -14.880 -15.293
  -7.401 -15.358 -15.358
  -7.390 -15.256 -15.608
  -7.379 -15.093 -15.484
  -7.368 -15.322 -15.322
  -7.357 -15.653 -15.833
  -7.347 -15.524 -15.821
  -7.337 -15.599 -15.599
  -7.327 -15.210 -15.407
  -7.317 -15.514 -15.514
  -7.308 -14.574 -15.995
  -7.299 -15.314 -15.585
  -7.290 -15.238 -15.559
  -7.281 -15.257 -15.993
  -7.272 -15.952 -15.952
  -7.264 -15.852 -15.852
  -7.255 -15.912 -15.912
  -7.247 -15.372 -16.051
  -7.239 -15.858 -15.858
  -7.231 -15.758 -16.027
  -7.223 -15.541 -15.541
  -7.216 -15.350 -15.350
  -7.208 -15.334 -15.880
  -7.201 -15.046 -15.851
  -7.194 -15.729 -15.729
  -7.187 -15.944 -15.944
  -7.180 -15.523 -16.034
  -7.173 -15.512 -16.118
  -7.166 -15.530 -16.359
  -7.159 -15.800 -15.800
  -7.153 -15.837 -15.999
  -7.146 -16.134 -16.486
  -7.140 -14.944 -15.809
  -7.133 -15.646 -16.002
  -7.127 -16.186 -16.186
  -7.121 -15.769 -15.769
  -7.115 -16.090 -16.090
  -7.109 -16.248 -16.423
  -7.103 -16.220 -16.220
  -7.098 -15.978 -16.153
  -7.092 -15.195 -15.761
  -7.086 -16.535 -16.535
  -7.081 -15.853 -16.308
  -7.075 -15.279 -16.192
  -7.070 -15.646 -15.646
  -7.064 -15.874 -16.330
  -7.059 -15.889 -16.384
  -7.054 -15.619 -16.261
  -7.049 -16.259 -16.259
  -7.043 -16.107 -16.402
  -7.038 -16.068 -17.255
  -7.033 -15.765 -16.542
  -7.029 -16.210 -16.644
  -7.024 -15.274 -16.611
  -7.019 -16.660 -17.148
  -7.014 -16.230 -16.710
  -7.009 -15.722 -16.238
  -7.005 -17.020 -17.020
  -7.000 -16.618 -16.859
  -6.995 -14.893 -16.680
  -6.991 -15.778 -16.390
  -6.986 -16.654 -16.914
  -6.982 -15.049 -16.375
  -6.978 -15.345 -16.624
  -6.973 -16.579 -16.794
  -6.969 -16.489 -16.489
  -6.965 -16.038 -16.038
  -6.961 -17.124 -49.500
  -6.956 -16.507 -16.507
  -6.952 -16.611 -16.611
  -6.948 -16.674 -17.040
  -6.944 -16.480 -16.719
  -6.940 -16.268 -16.268
  -6.936 -49.500     NaN
  -6.932 -16.480 -16.974
  -6.928 -15.705 -15.947
  -6.924 -16.538 -49.500
  -6.920 -16.922 -49.500
  -6.917 -16.598 -16.598
  -6.913 -16.470 -17.159
  -6.909 -16.930 -16.930
  -6.905 -16.294 -16.539
  -6.902 -16.374 -49.500
  -6.898 -15.876 -16.428
  -6.894 -16.790 -17.035
  -6.891 -49.500     NaN
  -6.887 -16.415 -16.706
  -6.884 -16.458 -16.896
  -6.880 -16.896 -17.157
  -6.877 -16.102 -16.779
  -6.873 -15.406 -16.206
  -6.870 -15.996 -49.500
  -6.867 -16.808 -49.500
  -6.863 -16.250 -16.619
  -6.860 -16.760 -49.500
  -6.857 -49.500     NaN
  -6.853 -49.500 -49.500
  -6.850 -49.500     NaN
  -6.847 -16.517 -16.517
  -6.844 -49.500     NaN
  -6.840 -49.500     NaN
  -6.837 -16.226 -16.646
  -6.834 -16.923 -49.500
  -6.831 -49.500     NaN
  -6.828 -49.500 -49.500
  -6.825 -16.245 -16.438
  -6.822 -16.254 -49.500
  -6.819 -16.873 -49.500
  -6.816 -16.851 -49.500
  -6.813 -15.401 -17.355
  -6.810 -49.500     NaN
  -6.807 -49.500     NaN
  -6.804 -15.234 -15.402
  -6.801 -49.500     NaN
  -6.798 -16.457 -16.651
  -6.795 -49.500 -49.500
  -6.792 -49.500 -49.500
  -6.789 -49.500     NaN
  -6.787 -49.500     NaN
  -6.784 -49.500 -49.500
  -6.781 -16.601 -49.500
  -6.778 -16.835 -49.500
  -6.775 -49.500 -49.500
  -6.773 -49.500 -49.500
  -6.770 -49.500     NaN
  -6.767 -16.123 -49.500
  -6.765 -49.500     NaN
  -6.762 -49.500     NaN
  -6.759 -49.500     NaN
  -6.757 -16.101 -16.101
  -6.754 -15.293 -15.293
  -6.751 -15.597 -49.500
  -6.749 -16.638 -49.500
  -6.746 -49.500     NaN
  -6.744 -49.500     NaN
  -6.741 -49.500     NaN
  -6.739 -49.500 -49.500
  -6.736 -49.500 -49.500
  -6.734 -49.500     NaN
  -6.731 -49.500 -49.500
  -6.729 -15.240 -17.210
  -6.726 -49.500     NaN
  -6.724 -49.500 -49.500
  -6.721 -49.500     NaN
  -6.719 -49.500 -49.500
  -6.717 -16.236 -16.236
  -6.714 -16.659 -16.659
  -6.712 -16.771 -49.500
  -6.709 -49.500     NaN
  -6.707 -49.500 -49.500
  -6.705 -16.504 -16.504
  -6.702 -49.500 -49.500
  -6.700 -16.446 -49.500
  -6.698 -15.832 -49.500
  -6.696 -16.462 -16.718
  -6.693 -16.290 -49.500
  -6.691 -49.500 -49.500
  -6.689 -49.500 -49.500
  -6.687 -16.697 -16.969
  -6.684 -49.500 -49.500
  -6.682 -49.500     NaN
  -6.680 -49.500 -49.500
  -6.678 -49.500 -49.500
  -6.675 -49.500     NaN
  -6.673 -16.434 -16.434
  -6.671 -49.500 -49.500
  -6.669 -16.825 -16.825
  -6.667 -49.500     NaN
  -6.665 -49.500 -49.500
  -6.663 -49.500 -49.500
  -6.661 -49.500     NaN
  -6.658 -49.500 -49.500
  -6.656 -16.922 -16.922
  -6.654 -49.500 -49.500
  -6.652 -49.500 -49.500
  -6.650 -49.500     NaN
  -6.648 -49.500 -49.500
  -6.646 -49.500 -49.500
  -6.644 -49.500 -49.500
  -6.642 -15.804 -15.804
  -6.640 -49.500 -49.500
  -6.638 -49.500 -49.500
  -6.636 -49.500 -49.500
  -6.634 -49.500 -49.500
  -6.632 -49.500     NaN
  -6.630 -16.822 -16.822
  -6.628 -49.500 -49.500
  -6.626 -49.500 -49.500
  -6.624 -49.500 -49.500
  -6.622 -49.500 -49.500
  -6.620 -49.500 -49.500
  -6.618 -49.500 -49.500
  -6.617 -16.512 -16.512
  -6.615 -49.500 -49.500
  -6.613 -49.500 -49.500
  -6.611 -16.662 -49.500
  -6.609 -49.500 -49.500
  -6.607 -49.500 -49.500
  -6.605 -49.500 -49.500
  -6.603 -16.523 -49.500
  -6.602 -49.500 -49.500
  -6.600 -49.500 -49.500
  -6.598 -49.500 -49.500
  -6.596 -49.500 -49.500
  -6.594 -49.500 -49.500
