  -8.861 -13.999 -13.999
  -8.599 -14.111 -14.111
  -8.442 -14.213 -14.213
  -8.329 -14.313 -14.313
  -8.239 -14.402 -14.402
  -8.166 -14.390 -14.390
  -8.103 -14.492 -14.492
  -8.048 -14.594 -14.594
  -7.999 -14.711 -14.711
  -7.955 -14.461 -14.669
  -7.916 -14.451 -14.721
  -7.879 -14.574 -14.725
  -7.846 -14.860 -14.860
  -7.815 -14.893 -14.893
  -7.786 -14.813 -14.813
  -7.758 -15.026 -15.026
  -7.733 -14.936 -14.936
  -7.709 -14.826 -15.041
  -7.686 -14.836 -14.836
  -7.664 -14.613 -14.905
  -7.643 -14.262 -14.597
  -7.624 -15.184 -15.184
  -7.605 -15.252 -15.252
  -7.586 -15.196 -15.196
  -7.569 -15.101 -15.101
  -7.552 -15.062 -15.062
  -7.536 -15.383 -15.383
  -7.521 -14.932 -14.932
  -7.506 -15.512 -15.512
  -7.491 -15.324 -15.324
  -7.477 -15.404 -15.404
  -7.464 -15.438 -15.438
  -7.451 -15.426 -15.426
  -7.438 -15.216 -15.216
  -7.425 -15.004 -15.004
  -7.413 -14.828 -15.926
  -7.401 -15.301 -15.492
  -7.390 -14.641 -15.232
  -7.379 -15.159 -15.159
  -7.368 -15.563 -15.799
  -7.357 -15.432 -15.432
  -7.347 -15.181 -15.385
  -7.337 -15.913 -15.913
  -7.327 -15.612 -15.612
  -7.317 -14.811 -15.214
  -7.308 -15.731 -15.731
  -7.299 -15.386 -15.571
  -7.290 -16.030 -16.030
  -7.281 -15.875 -15.875
  -7.272 -15.421 -15.980
  -7.264 -15.930 -16.085
  -7.255 -15.480 -15.670
  -7.247 -15.795 -16.118
  -7.239 -15.332 -15.661
  -7.231 -15.894 -15.894
  -7.223 -15.767 -15.993
  -7.216 -15.197 -15.888
  -7.208 -15.302 -15.808
  -7.201 -16.013 -16.338
  -7.194 -15.740 -15.740
  -7.187 -15.429 -15.734
  -7.180 -14.724 -15.826
  -7.173 -15.733 -15.900
  -7.166 -16.251 -16.251
  -7.159 -15.128 -15.958
  -7.153 -16.317 -16.317
  -7.146 -16.261 -16.261
  -7.140 -14.809 -15.700
  -7.133 -15.131 -15.563
  -7.127 -15.963 -16.174
  -7.121 -14.881 -15.907
  -7.115 -16.076 -16.076
  -7.109 -15.564 -15.954
  -7.103 -16.099 -16.543
  -7.098 -16.047 -16.523
  -7.092 -14.476 -16.125
  -7.086 -16.497 -16.497
  -7.081 -15.171 -16.658
  -7.075 -15.072 -15.901
  -7.070 -15.483 -16.124
  -7.064 -15.427 -15.959
  -7.059 -16.704 -16.704
  -7.054 -16.403 -16.554
  -7.049 -16.324 -16.324
  -7.043 -15.832 -16.036
  -7.038 -15.864 -16.562
  -7.033 -16.787 -16.787
  -7.029 -15.956 -16.205
  -7.024 -16.048 -16.214
  -7.019 -16.390 -17.004
  -7.014 -16.002 -16.355
  -7.009 -16.777 -17.053
  -7.005 -15.385 -16.345
  -7.000 -16.292 -17.134
  -6.995 -16.522 -16.522
  -6.991 -15.933 -16.307
  -6.986 -16.186 -16.345
  -6.982 -15.080 -15.483
  -6.978 -16.018 -16.333
  -6.973 -16.168 -16.378
  -6.969 -16.310 -16.465
  -6.965 -16.561 -16.808
  -6.961 -16.147 -16.147
  -6.956 -16.413 -17.277
  -6.952 -16.893 -17.052
  -6.948 -21.945 -21.945
  -6.944 -16.690 -16.690
  -6.940 -15.227 -16.461
  -6.936 -21.868 -21.868
  -6.932 -16.142 -16.614
  -6.928 -49.500     NaN
  -6.924 -15.029 -16.265
  -6.920 -16.436 -16.596
  -6.917 -16.559 -16.858
  -6.913 -16.414 -17.045
  -6.909 -16.218 -16.218
  -6.905 -16.374 -16.374
  -6.902 -16.566 -16.871
  -6.898 -16.883 -49.500
  -6.894 -49.500     NaN
  -6.891 -49.500 -49.500
  -6.887 -23.090 -23.090
  -6.884 -16.743 -49.500
  -6.880 -16.359 -17.376
  -6.877 -16.613 -16.794
  -6.873 -15.809 -17.020
  -6.870 -16.670 -49.500
  -6.867 -49.500     NaN
  -6.863 -16.541 -16.815
  -6.860 -16.824 -17.045
  -6.857 -49.500     NaN
  -6.853 -49.500     NaN
  -6.850 -15.831 -16.979
  -6.847 -16.446 -49.500
  -6.844 -16.798 -49.500
  -6.840 -16.704 -49.500
  -6.837 -16.574 -16.752
  -6.834 -16.885 -49.500
  -6.831 -49.500     NaN
  -6.828 -16.844 -17.053
  -6.825 -16.609 -16.980
  -6.822 -15.805 -17.125
  -6.819 -49.500     NaN
  -6.816 -49.500     NaN
  -6.813 -49.500     NaN
  -6.810 -16.538 -16.840
  -6.807 -16.491 -16.715
  -6.804 -15.996 -49.500
  -6.801 -49.500     NaN
  -6.798 -49.500     NaN
  -6.795 -49.500     NaN
  -6.792 -16.601 -49.500
  -6.789 -16.767 -16.767
  -6.787 -49.500     NaN
  -6.784 -49.500     NaN
  -6.781 -16.065 -16.065
  -6.778 -16.623 -49.500
  -6.775 -16.860 -49.500
  -6.773 -16.664 -16.664
  -6.770 -16.445 -49.500
  -6.767 -49.500     NaN
  -6.765 -15.822 -15.822
  -6.762 -16.204 -49.500
  -6.759 -16.122 -16.485
  -6.757 -16.748 -49.500
  -6.754 -17.165 -17.165
  -6.751 -49.500 -49.500
  -6.749 -49.500 -49.500
  -6.746 -49.500 -49.500
  -6.744 -16.228 -49.500
  -6.741 -16.532 -49.500
  -6.739 -49.500 -49.500
  -6.736 -15.533 -49.500
  -6.734 -49.500 -49.500
  -6.731 -49.500 -49.500
  -6.729 -16.371 -49.500
  -6.726 -49.500 -49.500
  -6.724 -49.500 -49.500
  -6.721 -49.500 -49.500
  -6.719 -16.744 -49.500
  -6.717 -49.500 -49.500
  -6.714 -49.500     NaN
  -6.712 -49.500 -49.500
  -6.709 -49.500     NaN
  -6.707 -49.500 -49.500
  -6.705 -49.500 -49.500
  -6.702 -49.500 -49.500
  -6.700 -49.500 -49.500
  -6.698 -49.500 -49.500
  -6.696 -16.428 -16.428
  -6.693 -49.500 -49.500
  -6.691 -17.037 -17.037
  -6.689 -49.500     NaN
  -6.687 -16.691 -49.500
  -6.684 -16.820 -49.500
  -6.682 -49.500     NaN
  -6.680 -16.875 -49.500
  -6.678 -16.191 -16.191
  -6.675 -49.500     NaN
  -6.673 -49.500     NaN
  -6.671 -16.195 -16.195
  -6.669 -49.500 -49.500
  -6.667 -49.500 -49.500
  -6.665 -49.500 -49.500
  -6.663 -49.500 -49.500
  -6.661 -49.500     NaN
  -6.658 -49.500     NaN
  -6.656 -49.500 -49.500
  -6.654 -49.500 -49.500
  -6.652 -16.128 -16.128
  -6.650 -16.392 -49.500
  -6.648 -49.500 -49.500
  -6.646 -15.685 -49.500
  -6.644 -49.500 -49.500
  -6.642 -49.500 -49.500
  -6.640 -49.500 -49.500
  -6.638 -49.500 -49.500
  -6.636 -49.500 -49.500
  -6.634 -15.608 -49.500
  -6.632 -49.500 -49.500
  -6.630 -49.500 -49.500
  -6.628 -49.500 -49.500
  -6.626 -49.500 -49.500
  -6.624 -49.500 -49.500
  -6.622 -49.500 -49.500
  -6.620 -49.500 -49.500
  -6.618 -49.500 -49.500
  -6.617 -49.500 -49.500
  -6.615 -16.203 -16.511
  -6.613 -17.036 -17.036
  -6.611 -49.500 -49.500
  -6.609 -49.500 -49.500
  -6.607 -49.500 -49.500
  -6.605 -49.500 -49.500
  -6.603 -49.500     NaN
  -6.602 -49.500 -49.500
  -6.600 -49.500 -49.500
  -6.598 -49.500 -49.500
  -6.596 -49.500 -49.500
  -6.594 -49.500 -49.500
