  -8.861 -13.955 -13.955
  -8.599 -14.066 -14.066
  -8.442 -14.157 -14.157
  -8.329 -14.069 -14.296
  -8.239 -14.195 -14.195
  -8.166 -14.413 -14.413
  -8.103 -14.540 -14.540
  -8.048 -14.307 -14.464
  -7.999 -14.409 -14.409
  -7.955 -14.842 -14.842
  -7.916 -14.639 -14.639
  -7.879 -14.772 -14.772
  -7.846 -14.820 -14.820
  -7.815 -14.458 -14.458
  -7.786 -14.531 -14.730
  -7.758 -14.423 -14.767
  -7.733 -15.004 -15.004
  -7.709 -14.947 -14.947
  -7.686 -14.999 -14.999
  -7.664 -14.603 -14.974
  -7.643 -14.867 -14.867
  -7.624 -14.813 -15.017
  -7.605 -14.699 -14.907
  -7.586 -14.983 -14.983
  -7.569 -15.143 -15.143
  -7.552 -15.083 -15.083
  -7.536 -15.248 -15.248
  -7.521 -14.090 -15.188
  -7.506 -15.301 -15.301
  -7.491 -14.972 -15.620
  -7.477 -15.053 -15.465
  -7.464 -15.105 -15.105
  -7.451 -15.225 -15.416
  -7.438 -15.431 -15.431
  -7.425 -15.065 -15.550
  -7.413 -15.202 -15.449
  -7.401 -15.040 -15.477
  -7.390 -15.257 -15.257
  -7.379 -15.105 -15.268
  -7.368 -14.584 -15.466
  -7.357 -15.647 -15.647
  -7.347 -15.430 -15.430
  -7.337 -15.541 -15.541
  -7.327 -15.765 -15.945
  -7.317 -14.901 -15.347
  -7.308 -15.237 -15.429
  -7.299 -14.972 -15.302
  -7.290 -14.583 -15.250
  -7.281 -15.714 -15.714
  -7.272 -15.665 -15.931
  -7.264 -15.425 -16.101
  -7.255 -15.562 -15.762
  -7.247 -15.732 -15.965
  -7.239 -16.118 -16.118
  -7.231 -15.752 -15.752
  -7.223 -15.306 -15.819
  -7.216 -15.278 -15.550
  -7.208 -15.317 -15.699
  -7.201 -15.049 -15.772
  -7.194 -15.010 -15.945
  -7.187 -16.358 -16.358
  -7.180 -15.914 -15.914
  -7.173 -14.947 -16.429
  -7.166 -15.503 -15.503
  -7.159 -15.005 -15.409
  -7.153 -15.988 -16.233
  -7.146 -15.331 -15.331
  -7.140 -15.726 -16.039
  -7.133 -16.079 -16.079
  -7.127 -16.051 -16.380
  -7.121 -15.416 -15.737
  -7.115 -16.123 -16.274
  -7.109 -15.971 -16.165
  -7.103 -16.251 -16.438
  -7.098 -15.629 -16.056
  -7.092 -16.275 -16.275
  -7.086 -16.427 -16.427
  -7.081 -15.800 -16.449
  -7.075 -15.907 -16.301
  -7.070 -15.482 -16.171
  -7.064 -16.121 -16.121
  -7.059 -16.479 -16.632
  -7.054 -16.319 -16.319
  -7.049 -16.524 -16.524
  -7.043 -16.231 -16.441
  -7.038 -15.465 -15.682
  -7.033 -15.994 -16.169
  -7.029 -16.461 -16.969
  -7.024 -16.116 -16.759
  -7.019 -15.553 -16.544
  -7.014 -16.709 -16.940
  -7.009 -16.839 -16.992
  -7.005 -15.671 -15.893
  -7.000 -16.102 -16.356
  -6.995 -16.251 -16.918
  -6.991 -16.140 -16.328
  -6.986 -16.075 -16.876
  -6.982 -15.831 -16.411
  -6.978 -15.850 -17.016
  -6.973 -16.424 -17.003
  -6.969 -15.763 -16.870
  -6.965 -17.262 -49.500
  -6.961 -15.924 -16.680
  -6.956 -16.185 -16.362
  -6.952 -15.958 -16.589
  -6.948 -15.849 -16.510
  -6.944 -16.246 -16.477
  -6.940 -16.514 -16.991
  -6.936 -15.263 -16.136
  -6.932 -15.943 -16.315
  -6.928 -16.377 -16.571
  -6.924 -16.292 -16.858
  -6.920 -16.304 -16.470
  -6.917 -16.393 -16.393
  -6.913 -14.899 -15.908
  -6.909 -17.106 -22.772
  -6.905 -49.500     NaN
  -6.902 -16.271 -16.796
  -6.898 -17.122 -49.500
  -6.894 -16.254 -49.500
  -6.891 -16.566 -22.125
  -6.887 -16.389 -49.500
  -6.884 -16.246 -49.500
  -6.880 -17.013 -49.500
  -6.877 -17.135 -49.500
  -6.873 -15.949 -16.425
  -6.870 -16.165 -16.738
  -6.867 -16.699 -16.881
  -6.863 -15.479 -16.237
  -6.860 -15.927 -16.845
  -6.857 -16.558 -49.500
  -6.853 -49.500     NaN
  -6.850 -14.697 -49.500
  -6.847 -16.079 -16.387
  -6.844 -16.343 -17.261
  -6.840 -16.373 -16.681
  -6.837 -15.763 -16.311
  -6.834 -16.860 -49.500
  -6.831 -16.552 -16.951
  -6.828 -16.255 -49.500
  -6.825 -49.500     NaN
  -6.822 -17.213 -49.500
  -6.819 -16.173 -16.858
  -6.816 -16.251 -49.500
  -6.813 -16.834 -49.500
  -6.810 -49.500 -49.500
  -6.807 -16.280 -49.500
  -6.804 -49.500     NaN
  -6.801 -15.739 -16.502
  -6.798 -49.500     NaN
  -6.795 -49.500     NaN
  -6.792 -16.906 -49.500
  -6.789 -49.500     NaN
  -6.787 -15.907 -49.500
  -6.784 -16.576 -16.576
  -6.781 -16.866 -49.500
  -6.778 -16.287 -16.867
  -6.775 -16.912 -17.104
  -6.773 -49.500 -49.500
  -6.770 -49.500     NaN
  -6.767 -49.500     NaN
  -6.765 -49.500     NaN
  -6.762 -16.882 -49.500
  -6.759 -16.762 -16.762
  -6.757 -16.084 -49.500
  -6.754 -16.637 -49.500
  -6.751 -49.500     NaN
  -6.749 -49.500 -49.500
  -6.746 -16.363 -49.500
  -6.744 -16.899 -49.500
  -6.741 -16.480 -49.500
  -6.739 -49.500     NaN
  -6.736 -16.088 -49.500
  -6.734 -17.450 -17.450
  -6.731 -49.500     NaN
  -6.729 -16.319 -16.319
  -6.726 -15.493 -49.500
  -6.724 -49.500 -49.500
  -6.721 -49.500 -49.500
  -6.719 -49.500 -49.500
  -6.717 -49.500     NaN
  -6.714 -49.500     NaN
  -6.712 -14.858 -14.858
  -6.709 -49.500     NaN
  -6.707 -49.500     NaN
  -6.705 -16.305 -16.305
  -6.702 -49.500     NaN
  -6.700 -16.830 -16.830
  -6.698 -49.500     NaN
  -6.696 -49.500     NaN
  -6.693 -49.500 -49.500
  -6.691 -49.500 -49.500
  -6.689 -16.795 -16.795
  -6.687 -49.500 -49.500
  -6.684 -49.500 -49.500
  -6.682 -49.500 -49.500
  -6.680 -49.500 -49.500
  -6.678 -49.500 -49.500
  -6.675 -49.500 -49.500
  -6.673 -16.447 -49.500
  -6.671 -16.655 -16.655
  -6.669 -49.500 -49.500
  -6.667 -49.500 -49.500
  -6.665 -49.500 -49.500
  -6.663 -49.500 -49.500
  -6.661 -49.500 -49.500
  -6.658 -49.500     NaN
  -6.656 -49.500 -49.500
  -6.654 -15.630 -15.630
  -6.652 -49.500 -49.500
  -6.650 -16.514 -49.500
  -6.648 -49.500     NaN
  -6.646 -49.500 -49.500
  -6.644 -49.500 -49.500
  -6.642 -49.500 -49.500
  -6.640 -49.500 -49.500
  -6.638 -49.500 -49.500
  -6.636 -49.500 -49.500
  -6.634 -15.927 -49.500
  -6.632 -49.500 -49.500
  -6.630 -49.500 -49.500
  -6.628 -16.619 -16.619
  -6.626 -49.500 -49.500
  -6.624 -49.500 -49.500
  -6.622 -16.287 -16.287
  -6.620 -49.500 -49.500
  -6.618 -49.500 -49.500
  -6.617 -49.500 -49.500
  -6.615 -49.500 -49.500
  -6.613 -16.921 -16.921
  -6.611 -49.500 -49.500
  -6.609 -49.500 -49.500
  -6.607 -16.512 -49.500
  -6.605 -49.500 -49.500
  -6.603 -49.500 -49.500
  -6.602 -49.500 -49.500
  -6.600 -49.500 -49.500
  -6.598 -49.500 -49.500
  -6.596 -49.500 -49.500
  -6.594 -49.500 -49.500
