  -8.861 -13.988 -13.988
  -8.599 -14.068 -14.068
  -8.442 -14.236 -14.236
  -8.329 -14.356 -14.356
  -8.239 -14.198 -14.359
  -8.166 -14.404 -14.404
  -8.103 -14.440 -14.440
  -8.048 -14.645 -14.645
  -7.999 -14.572 -14.572
  -7.955 -14.714 -14.714
  -7.916 -14.824 -14.824
  -7.879 -14.466 -14.673
  -7.846 -14.353 -14.853
  -7.815 -14.447 -14.923
  -7.786 -14.044 -14.707
  -7.758 -15.002 -15.002
  -7.733 -14.909 -14.909
  -7.709 -14.670 -14.884
  -7.686 -14.935 -14.935
  -7.664 -14.935 -14.935
  -7.643 -14.842 -15.038
  -7.624 -14.837 -14.837
  -7.605 -15.287 -15.287
  -7.586 -14.854 -15.229
  -7.569 -15.237 -15.237
  -7.552 -14.976 -15.198
  -7.536 -15.076 -15.241
  -7.521 -14.891 -15.194
  -7.506 -14.684 -14.903
  -7.491 -15.118 -15.118
  -7.477 -14.783 -15.051
  -7.464 -15.085 -15.578
  -7.451 -15.240 -15.240
  -7.438 -15.579 -15.579
  -7.425 -15.190 -15.190
  -7.413 -15.522 -15.522
  -7.401 -15.040 -15.344
  -7.390 -15.329 -15.329
  -7.379 -15.311 -15.311
  -7.368 -15.502 -15.502
  -7.357 -15.247 -15.469
  -7.347 -15.080 -15.236
  -7.337 -15.366 -15.542
  -7.327 -15.274 -16.017
  -7.317 -15.474 -15.676
  -7.308 -15.852 -15.852
  -7.299 -15.109 -15.709
  -7.290 -14.992 -15.180
  -7.281 -15.046 -15.330
  -7.272 -15.704 -15.704
  -7.264 -15.848 -15.848
  -7.255 -16.149 -16.149
  -7.247 -15.623 -16.006
  -7.239 -15.639 -16.087
  -7.231 -15.634 -15.821
  -7.223 -14.541 -15.994
  -7.216 -15.568 -16.048
  -7.208 -16.047 -16.224
  -7.201 -15.311 -15.658
  -7.194 -16.010 -16.010
  -7.187 -15.520 -15.905
  -7.180 -15.977 -16.249
  -7.173 -15.908 -15.908
  -7.166 -15.483 -16.167
  -7.159 -14.623 -14.909
  -7.153 -15.752 -16.214
  -7.146 -15.667 -15.888
  -7.140 -15.944 -15.944
  -7.133 -15.222 -15.942
  -7.127 -15.807 -15.959
  -7.121 -16.352 -16.352
  -7.115 -16.121 -16.121
  -7.109 -15.998 -16.242
  -7.103 -15.685 -16.101
  -7.098 -15.998 -16.159
  -7.092 -15.725 -15.725
  -7.086 -16.103 -16.555
  -7.081 -15.638 -16.364
  -7.075 -15.063 -15.763
  -7.070 -15.270 -15.592
  -7.064 -15.871 -15.871
  -7.059 -16.263 -16.460
  -7.054 -16.289 -16.573
  -7.049 -16.357 -16.357
  -7.043 -16.661 -16.661
  -7.038 -16.206 -16.206
  -7.033 -15.934 -16.740
  -7.029 -16.604 -16.604
  -7.024 -16.304 -16.516
  -7.019 -15.967 -16.999
  -7.014 -14.813 -15.176
  -7.009 -16.528 -16.679
  -7.005 -16.358 -16.557
  -7.000 -15.769 -17.005
  -6.995 -16.372 -16.583
  -6.991 -15.555 -15.882
  -6.986 -16.335 -16.524
  -6.982 -16.357 -16.801
  -6.978 -15.865 -16.436
  -6.973 -16.331 -17.473
  -6.969 -16.126 -16.443
  -6.965 -16.625 -16.790
  -6.961 -49.500     NaN
  -6.956 -16.143 -16.429
  -6.952 -22.868 -22.868
  -6.948 -49.500     NaN
  -6.944 -16.868 -22.755
  -6.940 -16.208 -16.400
  -6.936 -16.742 -17.356
  -6.932 -15.511 -17.217
  -6.928 -15.926 -16.545
  -6.924 -15.074 -16.401
  -6.920 -15.947 -16.112
  -6.917 -16.050 -16.306
  -6.913 -16.438 -16.672
  -6.909 -16.715 -17.006
  -6.905 -15.607 -15.810
  -6.902 -49.500 -49.500
  -6.898 -49.500     NaN
  -6.894 -16.754 -17.043
  -6.891 -15.154 -17.363
  -6.887 -17.133 -22.542
  -6.884 -49.500     NaN
  -6.880 -16.697 -16.929
  -6.877 -49.500     NaN
  -6.873 -16.562 -49.500
  -6.870 -49.500 -49.500
  -6.867 -17.036 -49.500
  -6.863 -49.500     NaN
  -6.860 -16.703 -49.500
  -6.857 -49.500     NaN
  -6.853 -49.500 -49.500
  -6.850 -16.401 -16.809
  -6.847 -16.721 -16.896
  -6.844 -16.458 -16.900
  -6.840 -16.568 -16.940
  -6.837 -16.902 -49.500
  -6.834 -49.500     NaN
  -6.831 -16.728 -49.500
  -6.828 -16.116 -16.380
  -6.825 -16.927 -49.500
  -6.822 -49.500     NaN
  -6.819 -15.702 -16.103
  -6.816 -49.500     NaN
  -6.813 -17.037 -49.500
  -6.810 -16.310 -16.476
  -6.807 -49.500     NaN
  -6.804 -16.681 -49.500
  -6.801 -15.987 -15.987
  -6.798 -49.500     NaN
  -6.795 -49.500     NaN
  -6.792 -16.927 -49.500
  -6.789 -49.500     NaN
  -6.787 -49.500     NaN
  -6.784 -16.681 -49.500
  -6.781 -49.500     NaN
  -6.778 -16.647 -16.647
  -6.775 -49.500 -49.500
  -6.773 -49.500 -49.500
  -6.770 -15.917 -16.954
  -6.767 -15.688 -49.500
  -6.765 -16.385 -49.500
  -6.762 -49.500 -49.500
  -6.759 -15.790 -15.790
  -6.757 -49.500 -49.500
  -6.754 -16.682 -49.500
  -6.751 -49.500 -49.500
  -6.749 -49.500 -49.500
  -6.746 -49.500     NaN
  -6.744 -16.088 -16.439
  -6.741 -49.500     NaN
  -6.739 -49.500 -49.500
  -6.736 -49.500 -49.500
  -6.734 -49.500 -49.500
  -6.731 -49.500 -49.500
  -6.729 -16.352 -49.500
  -6.726 -49.500     NaN
  -6.724 -49.500     NaN
  -6.721 -16.915 -49.500
  -6.719 -49.500     NaN
  -6.717 -49.500     NaN
  -6.714 -16.873 -49.500
  -6.712 -16.619 -16.619
  -6.709 -16.676 -49.500
  -6.707 -49.500 -49.500
  -6.705 -49.500 -49.500
  -6.702 -49.500     NaN
  -6.700 -49.500     NaN
  -6.698 -49.500 -49.500
  -6.696 -15.989 -15.989
  -6.693 -49.500     NaN
  -6.691 -49.500     NaN
  -6.689 -16.061 -16.061
  -6.687 -16.682 -16.682
  -6.684 -49.500 -49.500
  -6.682 -49.500     NaN
  -6.680 -49.500 -49.500
  -6.678 -16.641 -16.641
  -6.675 -16.606 -49.500
  -6.673 -49.500     NaN
  -6.671 -49.500 -49.500
  -6.669 -16.200 -49.500
  -6.667 -49.500     NaN
  -6.665 -49.500 -49.500
  -6.663 -49.500 -49.500
  -6.661 -49.500 -49.500
  -6.658 -49.500 -49.500
  -6.656 -49.500     NaN
  -6.654 -49.500 -49.500
  -6.652 -49.500 -49.500
  -6.650 -16.608 -49.500
  -6.648 -49.500 -49.500
  -6.646 -49.500 -49.500
  -6.644 -16.495 -16.495
  -6.642 -49.500 -49.500
  -6.640 -49.500 -49.500
  -6.638 -49.500 -49.500
  -6.636 -49.500 -49.500
  -6.634 -49.500 -49.500
  -6.632 -49.500 -49.500
  -6.630 -49.500 -49.500
  -6.628 -17.027 -17.027
  -6.626 -49.500 -49.500
  -6.624 -16.487 -49.500
  -6.622 -49.500 -49.500
  -6.620 -49.500 -49.500
  -6.618 -16.707 -49.500
  -6.617 -49.500 -49.500
  -6.615 -49.500 -49.500
  -6.613 -16.590 -16.590
  -6.611 -49.500 -49.500
  -6.609 -49.500 -49.500
  -6.607 -49.500 -49.500
  -6.605 -49.500 -49.500
  -6.603 -49.500 -49.500
  -6.602 -49.500 -49.500
  -6.600 -49.500 -49.500
  -6.598 -49.500 -49.500
  -6.596 -49.500 -49.500
  -6.594 -49.500 -49.500
