  -8.861 -13.943 -13.943
  -8.599 -14.041 -14.041
  -8.442 -14.230 -14.230
  -8.329 -14.324 -14.324
  -8.239 -14.356 -14.356
  -8.166 -14.360 -14.360
  -8.103 -14.497 -14.497
  -8.048 -14.525 -14.525
  -7.999 -14.452 -14.452
  -7.955 -14.103 -14.553
  -7.916 -14.596 -14.596
  -7.879 -14.869 -14.869
  -7.846 -14.470 -14.695
  -7.815 -14.886 -14.886
  -7.786 -14.937 -14.937
  -7.758 -15.004 -15.004
  -7.733 -14.879 -14.879
  -7.709 -14.269 -14.582
  -7.686 -15.048 -15.048
  -7.664 -14.974 -14.974
  -7.643 -14.833 -15.288
  -7.624 -14.773 -15.002
  -7.605 -14.666 -14.985
  -7.586 -15.206 -15.206
  -7.569 -15.183 -15.183
  -7.552 -14.677 -15.118
  -7.536 -15.080 -15.080
  -7.521 -15.125 -15.125
  -7.506 -14.301 -14.988
  -7.491 -14.590 -15.409
  -7.477 -14.785 -15.120
  -7.464 -14.905 -15.216
  -7.451 -15.034 -15.346
  -7.438 -15.426 -15.598
  -7.425 -15.469 -15.469
  -7.413 -15.315 -15.485
  -7.401 -15.345 -15.345
  -7.390 -15.556 -15.556
  -7.379 -15.092 -15.401
  -7.368 -15.361 -15.570
  -7.357 -14.927 -15.394
  -7.347 -15.763 -15.763
  -7.337 -15.442 -15.442
  -7.327 -15.341 -15.341
  -7.317 -14.891 -15.401
  -7.308 -15.773 -15.773
  -7.299 -15.026 -16.101
  -7.290 -15.367 -15.367
  -7.281 -14.997 -15.943
  -7.272 -15.635 -15.941
  -7.264 -15.600 -16.238
  -7.255 -15.828 -15.828
  -7.247 -15.535 -15.535
  -7.239 -15.815 -15.815
  -7.231 -16.228 -16.228
  -7.223 -14.699 -15.749
  -7.216 -15.903 -15.903
  -7.208 -16.124 -16.124
  -7.201 -16.212 -16.212
  -7.194 -15.434 -15.658
  -7.187 -15.064 -15.972
  -7.180 -15.771 -15.771
  -7.173 -14.827 -15.542
  -7.166 -14.953 -15.372
  -7.159 -15.524 -15.694
  -7.153 -15.335 -15.848
  -7.146 -15.942 -16.143
  -7.140 -15.404 -15.683
  -7.133 -15.937 -16.132
  -7.127 -15.963 -15.963
  -7.121 -16.188 -16.774
  -7.115 -16.481 -16.481
  -7.109 -16.596 -16.596
  -7.103 -16.055 -16.055
  -7.098 -15.908 -15.908
  -7.092 -16.081 -16.542
  -7.086 -15.307 -15.875
  -7.081 -15.957 -15.957
  -7.075 -15.393 -15.953
  -7.070 -16.020 -16.262
  -7.064 -15.210 -15.838
  -7.059 -15.476 -15.909
  -7.054 -16.379 -16.681
  -7.049 -16.240 -16.453
  -7.043 -16.716 -16.975
  -7.038 -15.619 -15.981
  -7.033 -16.682 -16.861
  -7.029 -16.570 -16.898
  -7.024 -15.805 -16.519
  -7.019 -16.281 -16.455
  -7.014 -16.074 -16.566
  -7.009 -16.231 -16.500
  -7.005 -16.327 -16.826
  -7.000 -16.431 -16.695
  -6.995 -16.078 -16.663
  -6.991 -16.102 -16.419
  -6.986 -16.570 -16.791
  -6.982 -16.381 -16.611
  -6.978 -16.381 -17.021
  -6.973 -16.266 -16.777
  -6.969 -16.483 -16.635
  -6.965 -16.574 -16.743
  -6.961 -16.533 -16.533
  -6.956 -16.380 -16.565
  -6.952 -16.078 -16.454
  -6.948 -16.238 -16.489
  -6.944 -49.500     NaN
  -6.940 -16.713 -49.500
  -6.936 -49.500     NaN
  -6.932 -15.884 -16.545
  -6.928 -16.487 -16.966
  -6.924 -15.649 -16.028
  -6.920 -15.999 -16.279
  -6.917 -16.657 -16.657
  -6.913 -16.084 -16.340
  -6.909 -16.418 -49.500
  -6.905 -16.610 -17.222
  -6.902 -49.500     NaN
  -6.898 -16.003 -16.491
  -6.894 -16.675 -16.857
  -6.891 -16.782 -16.970
  -6.887 -15.605 -16.670
  -6.884 -17.030 -49.500
  -6.880 -14.817 -15.242
  -6.877 -15.918 -16.438
  -6.873 -16.783 -49.500
  -6.870 -49.500 -49.500
  -6.867 -16.729 -49.500
  -6.863 -16.247 -49.500
  -6.860 -15.531 -16.650
  -6.857 -16.920 -49.500
  -6.853 -49.500     NaN
  -6.850 -49.500     NaN
  -6.847 -16.269 -17.140
  -6.844 -15.651 -16.676
  -6.840 -49.500     NaN
  -6.837 -16.434 -49.500
  -6.834 -49.500     NaN
  -6.831 -16.539 -16.721
  -6.828 -16.314 -49.500
  -6.825 -16.257 -49.500
  -6.822 -16.782 -17.296
  -6.819 -16.243 -49.500
  -6.816 -15.945 -16.696
  -6.813 -16.610 -49.500
  -6.810 -49.500     NaN
  -6.807 -49.500     NaN
  -6.804 -49.500     NaN
  -6.801 -16.639 -49.500
  -6.798 -49.500     NaN
  -6.795 -49.500     NaN
  -6.792 -16.100 -49.500
  -6.789 -14.289 -49.500
  -6.787 -15.687 -49.500
  -6.784 -17.193 -49.500
  -6.781 -49.500 -49.500
  -6.778 -16.047 -49.500
  -6.775 -16.660 -49.500
  -6.773 -16.858 -16.858
  -6.770 -16.491 -49.500
  -6.767 -15.725 -16.643
  -6.765 -16.866 -49.500
  -6.762 -16.439 -16.439
  -6.759 -17.251 -49.500
  -6.757 -49.500     NaN
  -6.754 -49.500     NaN
  -6.751 -49.500     NaN
  -6.749 -16.710 -49.500
  -6.746 -49.500     NaN
  -6.744 -16.998 -16.998
  -6.741 -49.500 -49.500
  -6.739 -49.500     NaN
  -6.736 -49.500 -49.500
  -6.734 -15.427 -49.500
  -6.731 -16.421 -16.421
  -6.729 -49.500     NaN
  -6.726 -16.235 -16.576
  -6.724 -49.500     NaN
  -6.721 -49.500 -49.500
  -6.719 -49.500 -49.500
  -6.717 -49.500 -49.500
  -6.714 -49.500     NaN
  -6.712 -16.235 -49.500
  -6.709 -16.547 -16.547
  -6.707 -49.500 -49.500
  -6.705 -49.500 -49.500
  -6.702 -49.500 -49.500
  -6.700 -49.500 -49.500
  -6.698 -49.500 -49.500
  -6.696 -49.500     NaN
  -6.693 -49.500 -49.500
  -6.691 -49.500     NaN
  -6.689 -49.500     NaN
  -6.687 -16.865 -16.865
  -6.684 -16.204 -16.204
  -6.682 -49.500 -49.500
  -6.680 -49.500 -49.500
  -6.678 -49.500 -49.500
  -6.675 -15.380 -15.380
  -6.673 -49.500 -49.500
  -6.671 -16.512 -49.500
  -6.669 -49.500 -49.500
  -6.667 -16.600 -16.600
  -6.665 -49.500     NaN
  -6.663 -16.573 -16.573
  -6.661 -49.500     NaN
  -6.658 -49.500 -49.500
  -6.656 -49.500 -49.500
  -6.654 -49.500 -49.500
  -6.652 -16.520 -16.520
  -6.650 -49.500 -49.500
  -6.648 -49.500 -49.500
  -6.646 -49.500 -49.500
  -6.644 -49.500     NaN
  -6.642 -49.500 -49.500
  -6.640 -49.500     NaN
  -6.638 -49.500     NaN
  -6.636 -49.500 -49.500
  -6.634 -49.500 -49.500
  -6.632 -49.500 -49.500
  -6.630 -49.500 -49.500
  -6.628 -16.135 -16.135
  -6.626 -49.500 -49.500
  -6.624 -49.500 -49.500
  -6.622 -14.378 -49.500
  -6.620 -49.500 -49.500
  -6.618 -49.500 -49.500
  -6.617 -49.500 -49.500
  -6.615 -49.500 -49.500
  -6.613 -49.500 -49.500
  -6.611 -49.500 -49.500
  -6.609 -49.500 -49.500
  -6.607 -49.500 -49.500
  -6.605 -49.500 -49.500
  -6.603 -49.500 -49.500
  -6.602 -49.500 -49.500
  -6.600 -49.500 -49.500
  -6.598 -15.661 -49.500
  -6.596 -49.500 -49.500
  -6.594 -49.500 -49.500
