  -8.861 -13.998 -13.998
  -8.599 -14.103 -14.103
  -8.442 -14.256 -14.256
  -8.329 -14.324 -14.324
  -8.239 -14.435 -14.435
  -8.166 -14.316 -14.483
  -8.103 -14.526 -14.526
  -8.048 -14.526 -14.526
  -7.999 -14.616 -14.616
  -7.955 -13.574 -14.611
  -7.916 -14.134 -14.644
  -7.879 -14.759 -14.759
  -7.846 -14.919 -14.919
  -7.815 -14.753 -14.753
  -7.786 -14.651 -14.828
  -7.758 -14.877 -14.877
  -7.733 -14.929 -14.929
  -7.709 -15.015 -15.015
  -7.686 -14.962 -14.962
  -7.664 -15.117 -15.117
  -7.643 -14.791 -15.186
  -7.624 -15.015 -15.015
  -7.605 -15.184 -15.184
  -7.586 -14.796 -15.028
  -7.569 -15.004 -15.004
  -7.552 -15.219 -15.396
  -7.536 -15.129 -15.129
  -7.521 -15.057 -15.263
  -7.506 -15.363 -15.515
  -7.491 -15.156 -15.156
  -7.477 -15.378 -15.378
  -7.464 -14.659 -15.375
  -7.451 -15.076 -15.076
  -7.438 -15.439 -15.439
  -7.425 -15.721 -15.721
  -7.413 -15.294 -15.294
  -7.401 -15.656 -15.656
  -7.390 -15.312 -15.710
  -7.379 -15.353 -15.612
  -7.368 -15.173 -15.173
  -7.357 -15.864 -15.864
  -7.347 -14.813 -15.464
  -7.337 -14.814 -15.331
  -7.327 -14.424 -15.803
  -7.317 -15.300 -15.454
  -7.308 -15.553 -15.553
  -7.299 -15.653 -15.653
  -7.290 -15.215 -15.419
  -7.281 -15.431 -15.681
  -7.272 -15.824 -15.824
  -7.264 -15.688 -15.688
  -7.255 -15.398 -15.555
  -7.247 -15.042 -15.730
  -7.239 -15.540 -15.540
  -7.231 -15.973 -15.973
  -7.223 -15.574 -15.801
  -7.216 -15.491 -15.491
  -7.208 -15.630 -15.933
  -7.201 -15.751 -15.751
  -7.194 -16.110 -16.110
  -7.187 -15.958 -16.167
  -7.180 -15.946 -15.946
  -7.173 -15.307 -15.471
  -7.166 -16.090 -16.090
  -7.159 -15.551 -15.746
  -7.153 -15.668 -15.668
  -7.146 -16.079 -16.079
  -7.140 -15.767 -15.767
  -7.133 -15.480 -15.771
  -7.127 -14.860 -15.705
  -7.121 -15.872 -15.872
  -7.115 -15.409 -15.409
  -7.109 -15.475 -15.674
  -7.103 -16.062 -16.062
  -7.098 -15.353 -16.066
  -7.092 -15.957 -16.239
  -7.086 -16.001 -16.477
  -7.081 -16.549 -16.796
  -7.075 -16.048 -16.048
  -7.070 -15.400 -16.331
  -7.064 -15.908 -16.353
  -7.059 -16.042 -16.483
  -7.054 -15.539 -16.142
  -7.049 -16.366 -16.366
  -7.043 -15.389 -15.560
  -7.038 -15.867 -16.396
  -7.033 -16.312 -16.565
  -7.029 -15.433 -15.727
  -7.024 -16.351 -23.197
  -7.019 -16.321 -16.900
  -7.014 -16.169 -16.169
  -7.009 -15.979 -15.979
  -7.005 -16.099 -16.886
  -7.000 -15.636 -15.946
  -6.995 -15.938 -16.550
  -6.991 -16.466 -16.937
  -6.986 -16.162 -16.443
  -6.982 -15.528 -16.789
  -6.978 -16.721 -16.975
  -6.973 -15.902 -16.819
  -6.969 -15.707 -16.269
  -6.965 -16.329 -16.980
  -6.961 -49.500     NaN
  -6.956 -16.468 -16.796
  -6.952 -16.269 -16.690
  -6.948 -15.241 -16.217
  -6.944 -15.288 -16.565
  -6.940 -16.045 -16.371
  -6.936 -16.633 -16.853
  -6.932 -16.120 -16.283
  -6.928 -16.910 -17.124
  -6.924 -16.519 -49.500
  -6.920 -15.225 -49.500
  -6.917 -16.458 -16.629
  -6.913 -16.992 -22.586
  -6.909 -16.313 -16.623
  -6.905 -15.802 -16.372
  -6.902 -16.163 -17.217
  -6.898 -16.416 -16.579
  -6.894 -16.038 -16.227
  -6.891 -16.207 -16.207
  -6.887 -16.512 -16.672
  -6.884 -16.936 -49.500
  -6.880 -17.236 -49.500
  -6.877 -16.827 -49.500
  -6.873 -15.453 -15.926
  -6.870 -16.109 -49.500
  -6.867 -16.922 -49.500
  -6.863 -15.126 -17.086
  -6.860 -16.248 -49.500
  -6.857 -15.990 -49.500
  -6.853 -15.985 -17.202
  -6.850 -16.882 -49.500
  -6.847 -17.119 -49.500
  -6.844 -49.500     NaN
  -6.840 -16.025 -16.220
  -6.837 -16.380 -16.720
  -6.834 -17.186 -49.500
  -6.831 -49.500     NaN
  -6.828 -49.500     NaN
  -6.825 -16.334 -49.500
  -6.822 -16.676 -16.881
  -6.819 -49.500     NaN
  -6.816 -17.081 -49.500
  -6.813 -16.417 -49.500
  -6.810 -49.500     NaN
  -6.807 -16.994 -49.500
  -6.804 -16.398 -16.571
  -6.801 -16.222 -17.002
  -6.798 -16.988 -16.988
  -6.795 -49.500     NaN
  -6.792 -49.500     NaN
  -6.789 -16.505 -49.500
  -6.787 -49.500     NaN
  -6.784 -49.500     NaN
  -6.781 -16.071 -16.251
  -6.778 -16.848 -49.500
  -6.775 -16.587 -16.739
  -6.773 -49.500 -49.500
  -6.770 -49.500 -49.500
  -6.767 -49.500     NaN
  -6.765 -15.623 -49.500
  -6.762 -49.500 -49.500
  -6.759 -49.500     NaN
  -6.757 -49.500 -49.500
  -6.754 -16.911 -49.500
  -6.751 -49.500     NaN
  -6.749 -49.500 -49.500
  -6.746 -16.632 -49.500
  -6.744 -15.406 -15.406
  -6.741 -49.500 -49.500
  -6.739 -49.500 -49.500
  -6.736 -16.757 -49.500
  -6.734 -49.500 -49.500
  -6.731 -49.500 -49.500
  -6.729 -49.500     NaN
  -6.726 -49.500 -49.500
  -6.724 -16.939 -49.500
  -6.721 -49.500     NaN
  -6.719 -49.500     NaN
  -6.717 -49.500 -49.500
  -6.714 -16.867 -16.867
  -6.712 -49.500     NaN
  -6.709 -49.500     NaN
  -6.707 -49.500 -49.500
  -6.705 -49.500 -49.500
  -6.702 -49.500 -49.500
  -6.700 -16.517 -16.517
  -6.698 -16.095 -16.257
  -6.696 -49.500     NaN
  -6.693 -49.500     NaN
  -6.691 -49.500 -49.500
  -6.689 -16.733 -49.500
  -6.687 -49.500     NaN
  -6.684 -15.510 -15.510
  -6.682 -16.633 -16.633
  -6.680 -49.500     NaN
  -6.678 -49.500     NaN
  -6.675 -49.500 -49.500
  -6.673 -49.500 -49.500
  -6.671 -49.500 -49.500
  -6.669 -49.500 -49.500
  -6.667 -49.500     NaN
  -6.665 -15.640 -15.640
  -6.663 -49.500 -49.500
  -6.661 -49.500     NaN
  -6.658 -49.500 -49.500
  -6.656 -49.500 -49.500
  -6.654 -49.500 -49.500
  -6.652 -16.529 -16.529
  -6.650 -49.500 -49.500
  -6.648 -49.500 -49.500
  -6.646 -49.500 -49.500
  -6.644 -49.500 -49.500
  -6.642 -49.500     NaN
  -6.640 -49.500 -49.500
  -6.638 -49.500 -49.500
  -6.636 -16.145 -16.145
  -6.634 -49.500 -49.500
  -6.632 -15.820 -15.820
  -6.630 -49.500 -49.500
  -6.628 -49.500 -49.500
  -6.626 -16.737 -16.737
  -6.624 -49.500 -49.500
  -6.622 -49.500 -49.500
  -6.620 -49.500 -49.500
  -6.618 -49.500 -49.500
  -6.617 -49.500 -49.500
  -6.615 -16.956 -16.956
  -6.613 -49.500 -49.500
  -6.611 -16.326 -16.326
  -6.609 -16.605 -49.500
  -6.607 -16.679 -16.679
  -6.605 -49.500     NaN
  -6.603 -49.500 -49.500
  -6.602 -49.500     NaN
  -6.600 -16.795 -16.795
  -6.598 -49.500 -49.500
  -6.596 -49.500 -49.500
  -6.594 -49.500 -49.500
