  -8.861 -14.018 -14.018
  -8.599 -14.135 -14.135
  -8.442 -14.185 -14.185
  -8.329 -14.101 -14.267
  -8.239 -14.272 -14.272
  -8.166 -14.415 -14.415
  -8.103 -14.378 -14.378
  -8.048 -13.737 -14.563
  -7.999 -14.419 -14.419
  -7.955 -14.720 -14.720
  -7.916 -14.668 -14.668
  -7.879 -14.746 -14.746
  -7.846 -14.757 -14.757
  -7.815 -14.709 -14.956
  -7.786 -14.712 -14.712
  -7.758 -14.770 -14.770
  -7.733 -14.966 -14.966
  -7.709 -14.962 -14.962
  -7.686 -14.669 -14.866
  -7.664 -14.913 -15.129
  -7.643 -14.533 -14.533
  -7.624 -14.944 -15.155
  -7.605 -14.942 -15.127
  -7.586 -15.088 -15.088
  -7.569 -15.404 -15.404
  -7.552 -14.823 -15.016
  -7.536 -15.222 -15.222
  -7.521 -14.541 -14.961
  -7.506 -14.915 -15.178
  -7.491 -15.113 -15.322
  -7.477 -15.386 -15.386
  -7.464 -15.281 -15.281
  -7.451 -15.315 -15.527
  -7.438 -15.217 -15.217
  -7.425 -15.216 -15.375
  -7.413 -14.525 -15.243
  -7.401 -14.958 -15.338
  -7.390 -15.623 -15.810
  -7.379 -15.318 -15.676
  -7.368 -15.247 -15.434
  -7.357 -15.375 -15.375
  -7.347 -14.904 -15.534
  -7.337 -15.400 -15.625
  -7.327 -15.212 -15.457
  -7.317 -15.928 -15.928
  -7.308 -14.556 -15.568
  -7.299 -15.589 -15.589
  -7.290 -15.951 -15.951
  -7.281 -15.414 -15.603
  -7.272 -16.034 -16.034
  -7.264 -15.997 -15.997
  -7.255 -15.708 -15.708
  -7.247 -16.104 -16.104
  -7.239 -15.629 -16.044
  -7.231 -15.060 -15.655
  -7.223 -15.658 -15.658
  -7.216 -15.654 -16.055
  -7.208 -15.826 -16.120
  -7.201 -15.025 -15.960
  -7.194 -16.205 -16.205
  -7.187 -16.031 -16.031
  -7.180 -16.180 -16.180
  -7.173 -16.246 -16.246
  -7.166 -15.642 -15.642
  -7.159 -15.931 -16.219
  -7.153 -15.612 -16.126
  -7.146 -15.993 -16.310
  -7.140 -15.417 -15.837
  -7.133 -16.095 -16.359
  -7.127 -15.189 -16.298
  -7.121 -16.342 -16.342
  -7.115 -16.315 -16.495
  -7.109 -15.824 -16.283
  -7.103 -16.308 -16.480
  -7.098 -16.587 -16.759
  -7.092 -16.111 -16.358
  -7.086 -15.610 -16.358
  -7.081 -15.285 -15.751
  -7.075 -15.832 -16.324
  -7.070 -15.315 -16.068
  -7.064 -16.771 -16.771
  -7.059 -15.592 -15.958
  -7.054 -16.088 -16.436
  -7.049 -15.951 -16.172
  -7.043 -16.510 -16.510
  -7.038 -15.656 -16.282
  -7.033 -15.728 -16.573
  -7.029 -16.500 -16.500
  -7.024 -16.559 -16.559
  -7.019 -16.113 -16.604
  -7.014 -16.822 -17.365
  -7.009 -16.009 -16.593
  -7.005 -16.414 -16.774
  -7.000 -15.863 -16.569
  -6.995 -16.420 -16.806
  -6.991 -16.390 -16.574
  -6.986 -15.353 -15.826
  -6.982 -16.527 -16.983
  -6.978 -14.734 -15.427
  -6.973 -15.827 -16.277
  -6.969 -16.792 -49.500
  -6.965 -17.134 -49.500
  -6.961 -17.402 -49.500
  -6.956 -16.184 -16.615
  -6.952 -16.458 -16.812
  -6.948 -15.898 -16.544
  -6.944 -16.610 -16.854
  -6.940 -16.338 -16.751
  -6.936 -16.408 -16.408
  -6.932 -16.803 -17.107
  -6.928 -21.935 -21.935
  -6.924 -15.688 -16.331
  -6.920 -14.582 -16.651
  -6.917 -16.923 -49.500
  -6.913 -15.794 -16.268
  -6.909 -49.500 -49.500
  -6.905 -16.472 -16.472
  -6.902 -16.931 -22.781
  -6.898 -16.839 -49.500
  -6.894 -15.355 -49.500
  -6.891 -15.250 -22.448
  -6.887 -15.376 -16.538
  -6.884 -16.232 -16.420
  -6.880 -16.323 -16.488
  -6.877 -16.852 -17.134
  -6.873 -16.704 -16.962
  -6.870 -16.490 -49.500
  -6.867 -16.467 -16.979
  -6.863 -16.207 -16.702
  -6.860 -17.135 -49.500
  -6.857 -15.590 -16.409
  -6.853 -15.772 -15.968
  -6.850 -16.048 -49.500
  -6.847 -16.074 -16.944
  -6.844 -16.538 -16.862
  -6.840 -17.007 -49.500
  -6.837 -49.500 -49.500
  -6.834 -49.500 -49.500
  -6.831 -49.500     NaN
  -6.828 -49.500 -49.500
  -6.825 -49.500     NaN
  -6.822 -16.042 -16.672
  -6.819 -16.321 -16.513
  -6.816 -49.500     NaN
  -6.813 -49.500     NaN
  -6.810 -49.500     NaN
  -6.807 -17.003 -17.177
  -6.804 -16.189 -49.500
  -6.801 -16.689 -49.500
  -6.798 -49.500 -49.500
  -6.795 -16.442 -16.660
  -6.792 -16.141 -16.592
  -6.789 -17.089 -49.500
  -6.787 -15.882 -49.500
  -6.784 -17.037 -49.500
  -6.781 -49.500     NaN
  -6.778 -49.500     NaN
  -6.775 -49.500     NaN
  -6.773 -49.500     NaN
  -6.770 -15.983 -49.500
  -6.767 -49.500 -49.500
  -6.765 -16.733 -17.132
  -6.762 -49.500     NaN
  -6.759 -16.847 -49.500
  -6.757 -16.516 -49.500
  -6.754 -16.239 -49.500
  -6.751 -49.500 -49.500
  -6.749 -49.500     NaN
  -6.746 -49.500 -49.500
  -6.744 -49.500     NaN
  -6.741 -49.500 -49.500
  -6.739 -49.500     NaN
  -6.736 -49.500 -49.500
  -6.734 -49.500 -49.500
  -6.731 -49.500 -49.500
  -6.729 -49.500 -49.500
  -6.726 -15.824 -16.496
  -6.724 -49.500     NaN
  -6.721 -49.500     NaN
  -6.719 -16.744 -49.500
  -6.717 -17.053 -49.500
  -6.714 -49.500 -49.500
  -6.712 -49.500 -49.500
  -6.709 -16.284 -49.500
  -6.707 -16.652 -49.500
  -6.705 -49.500 -49.500
  -6.702 -49.500     NaN
  -6.700 -49.500 -49.500
  -6.698 -49.500 -49.500
  -6.696 -49.500 -49.500
  -6.693 -49.500     NaN
  -6.691 -16.614 -16.614
  -6.689 -16.741 -16.741
  -6.687 -16.467 -16.467
  -6.684 -16.384 -49.500
  -6.682 -49.500 -49.500
  -6.680 -15.874 -15.874
  -6.678 -49.500 -49.500
  -6.675 -49.500 -49.500
  -6.673 -15.609 -15.609
  -6.671 -49.500 -49.500
  -6.669 -49.500 -49.500
  -6.667 -49.500 -49.500
  -6.665 -49.500 -49.500
  -6.663 -49.500 -49.500
  -6.661 -49.500     NaN
  -6.658 -49.500 -49.500
  -6.656 -49.500 -49.500
  -6.654 -49.500 -49.500
  -6.652 -49.500 -49.500
  -6.650 -16.568 -16.845
  -6.648 -16.349 -49.500
  -6.646 -49.500 -49.500
  -6.644 -49.500 -49.500
  -6.642 -49.500 -49.500
  -6.640 -49.500 -49.500
  -6.638 -49.500 -49.500
  -6.636 -49.500 -49.500
  -6.634 -49.500 -49.500
  -6.632 -16.850 -16.850
  -6.630 -16.149 -16.149
  -6.628 -15.675 -49.500
  -6.626 -49.500 -49.500
  -6.624 -49.500 -49.500
  -6.622 -49.500 -49.500
  -6.620 -49.500 -49.500
  -6.618 -49.500 -49.500
  -6.617 -49.500     NaN
  -6.615 -49.500 -49.500
  -6.613 -49.500 -49.500
  -6.611 -49.500 -49.500
  -6.609 -49.500 -49.500
  -6.607 -49.500     NaN
  -6.605 -49.500 -49.500
  -6.603 -49.500 -49.500
  -6.602 -49.500 -49.500
  -6.600 -16.521 -16.521
  -6.598 -49.500 -49.500
  -6.596 -49.500 -49.500
  -6.594 -49.500     NaN
