  -8.861 -13.946 -13.946
  -8.599 -14.160 -14.160
  -8.442 -14.195 -14.195
  -8.329 -14.246 -14.246
  -8.239 -14.458 -14.458
  -8.166 -14.307 -14.307
  -8.103 -14.442 -14.442
  -8.048 -14.553 -14.553
  -7.999 -14.592 -14.592
  -7.955 -14.712 -14.712
  -7.916 -14.023 -14.421
  -7.879 -14.830 -14.830
  -7.846 -14.641 -14.877
  -7.815 -14.820 -14.820
  -7.786 -14.453 -14.723
  -7.758 -14.839 -14.839
  -7.733 -14.691 -14.691
  -7.709 -14.694 -14.925
  -7.686 -14.484 -14.857
  -7.664 -14.951 -14.951
  -7.643 -15.211 -15.211
  -7.624 -14.974 -15.158
  -7.605 -15.063 -15.063
  -7.586 -15.183 -15.183
  -7.569 -14.570 -15.273
  -7.552 -15.118 -15.118
  -7.536 -15.058 -15.302
  -7.521 -15.352 -15.352
  -7.506 -15.029 -15.029
  -7.491 -15.058 -15.058
  -7.477 -15.437 -15.437
  -7.464 -15.065 -15.065
  -7.451 -15.288 -15.492
  -7.438 -15.152 -15.152
  -7.425 -15.164 -15.535
  -7.413 -15.065 -15.065
  -7.401 -15.235 -15.235
  -7.390 -15.078 -15.339
  -7.379 -15.468 -15.651
  -7.368 -15.262 -15.668
  -7.357 -15.569 -15.809
  -7.347 -15.059 -15.657
  -7.337 -14.816 -15.681
  -7.327 -15.601 -15.764
  -7.317 -15.847 -15.847
  -7.308 -15.873 -15.873
  -7.299 -15.845 -15.845
  -7.290 -15.982 -15.982
  -7.281 -14.427 -16.009
  -7.272 -15.056 -15.532
  -7.264 -15.561 -16.085
  -7.255 -15.495 -15.495
  -7.247 -15.800 -15.800
  -7.239 -16.007 -16.007
  -7.231 -15.384 -15.965
  -7.223 -15.426 -16.204
  -7.216 -15.149 -16.097
  -7.208 -15.007 -15.290
  -7.201 -16.135 -16.292
  -7.194 -15.788 -15.958
  -7.187 -16.020 -16.020
  -7.180 -15.352 -15.856
  -7.173 -15.536 -15.964
  -7.166 -15.103 -15.366
  -7.159 -16.060 -16.060
  -7.153 -15.693 -15.693
  -7.146 -16.020 -16.020
  -7.140 -15.883 -16.333
  -7.133 -15.202 -16.346
  -7.127 -16.145 -16.444
  -7.121 -16.255 -16.255
  -7.115 -16.174 -16.174
  -7.109 -15.241 -16.261
  -7.103 -15.468 -16.188
  -7.098 -15.922 -16.392
  -7.092 -15.700 -16.315
  -7.086 -15.684 -16.324
  -7.081 -16.103 -16.339
  -7.075 -16.253 -16.455
  -7.070 -15.953 -16.624
  -7.064 -16.509 -16.709
  -7.059 -15.879 -15.879
  -7.054 -16.105 -16.105
  -7.049 -16.129 -16.354
  -7.043 -16.130 -16.130
  -7.038 -16.033 -16.194
  -7.033 -16.020 -16.240
  -7.029 -16.198 -16.550
  -7.024 -15.404 -16.595
  -7.019 -15.878 -16.071
  -7.014 -16.453 -16.748
  -7.009 -16.778 -49.500
  -7.005 -16.208 -16.553
  -7.000 -16.473 -16.740
  -6.995 -16.155 -16.360
  -6.991 -15.433 -17.107
  -6.986 -16.547 -16.929
  -6.982 -16.678 -16.949
  -6.978 -16.318 -16.586
  -6.973 -16.513 -16.513
  -6.969 -16.645 -16.834
  -6.965 -16.557 -17.351
  -6.961 -15.906 -16.102
  -6.956 -16.043 -16.970
  -6.952 -16.191 -16.637
  -6.948 -15.657 -16.081
  -6.944 -16.327 -16.327
  -6.940 -15.943 -16.998
  -6.936 -21.053 -21.053
  -6.932 -16.585 -16.904
  -6.928 -15.801 -16.387
  -6.924 -16.415 -49.500
  -6.920 -17.042 -49.500
  -6.917 -15.410 -16.321
  -6.913 -16.360 -17.179
  -6.909 -16.113 -16.932
  -6.905 -16.547 -17.194
  -6.902 -16.242 -16.752
  -6.898 -49.500     NaN
  -6.894 -15.949 -16.806
  -6.891 -16.288 -16.624
  -6.887 -21.961 -21.961
  -6.884 -49.500     NaN
  -6.880 -16.214 -16.601
  -6.877 -16.631 -17.271
  -6.873 -16.526 -16.906
  -6.870 -49.500     NaN
  -6.867 -49.500 -49.500
  -6.863 -49.500     NaN
  -6.860 -16.437 -16.786
  -6.857 -16.427 -49.500
  -6.853 -15.693 -16.639
  -6.850 -15.225 -16.373
  -6.847 -16.598 -17.324
  -6.844 -16.456 -16.694
  -6.840 -16.062 -16.371
  -6.837 -16.048 -49.500
  -6.834 -16.735 -49.500
  -6.831 -16.274 -16.274
  -6.828 -16.769 -49.500
  -6.825 -16.615 -49.500
  -6.822 -49.500     NaN
  -6.819 -16.853 -49.500
  -6.816 -16.731 -49.500
  -6.813 -15.486 -49.500
  -6.810 -16.964 -49.500
  -6.807 -16.758 -49.500
  -6.804 -15.902 -16.651
  -6.801 -49.500 -49.500
  -6.798 -49.500 -49.500
  -6.795 -49.500     NaN
  -6.792 -49.500     NaN
  -6.789 -49.500 -49.500
  -6.787 -17.097 -17.097
  -6.784 -49.500     NaN
  -6.781 -49.500 -49.500
  -6.778 -49.500     NaN
  -6.775 -49.500 -49.500
  -6.773 -49.500     NaN
  -6.770 -49.500     NaN
  -6.767 -49.500     NaN
  -6.765 -16.443 -49.500
  -6.762 -15.739 -15.899
  -6.759 -16.669 -16.669
  -6.757 -16.813 -49.500
  -6.754 -15.209 -49.500
  -6.751 -15.419 -15.824
  -6.749 -49.500 -49.500
  -6.746 -15.981 -49.500
  -6.744 -49.500 -49.500
  -6.741 -49.500 -49.500
  -6.739 -49.500 -49.500
  -6.736 -16.535 -49.500
  -6.734 -16.737 -49.500
  -6.731 -16.355 -49.500
  -6.729 -49.500 -49.500
  -6.726 -49.500     NaN
  -6.724 -15.813 -15.813
  -6.721 -16.354 -16.354
  -6.719 -49.500 -49.500
  -6.717 -15.992 -49.500
  -6.714 -16.803 -49.500
  -6.712 -49.500 -49.500
  -6.709 -49.500 -49.500
  -6.707 -49.500 -49.500
  -6.705 -49.500     NaN
  -6.702 -15.600 -49.500
  -6.700 -15.556 -15.556
  -6.698 -49.500 -49.500
  -6.696 -49.500     NaN
  -6.693 -49.500 -49.500
  -6.691 -49.500 -49.500
  -6.689 -49.500     NaN
  -6.687 -49.500 -49.500
  -6.684 -16.255 -16.255
  -6.682 -49.500 -49.500
  -6.680 -49.500 -49.500
  -6.678 -16.660 -16.660
  -6.675 -49.500 -49.500
  -6.673 -49.500 -49.500
  -6.671 -15.741 -49.500
  -6.669 -15.958 -49.500
  -6.667 -49.500 -49.500
  -6.665 -15.400 -15.682
  -6.663 -49.500 -49.500
  -6.661 -49.500     NaN
  -6.658 -49.500 -49.500
  -6.656 -49.500 -49.500
  -6.654 -16.767 -49.500
  -6.652 -16.742 -49.500
  -6.650 -15.815 -15.815
  -6.648 -49.500 -49.500
  -6.646 -49.500 -49.500
  -6.644 -49.500 -49.500
  -6.642 -49.500     NaN
  -6.640 -49.500 -49.500
  -6.638 -49.500 -49.500
  -6.636 -49.500 -49.500
  -6.634 -14.793 -49.500
  -6.632 -49.500 -49.500
  -6.630 -49.500 -49.500
  -6.628 -49.500 -49.500
  -6.626 -49.500 -49.500
  -6.624 -49.500 -49.500
  -6.622 -49.500 -49.500
  -6.620 -49.500 -49.500
  -6.618 -49.500 -49.500
  -6.617 -16.677 -49.500
  -6.615 -16.662 -16.662
  -6.613 -49.500     NaN
  -6.611 -49.500 -49.500
  -6.609 -16.600 -16.600
  -6.607 -49.500 -49.500
  -6.605 -49.500 -49.500
  -6.603 -49.500 -49.500
  -6.602 -49.500 -49.500
  -6.600 -49.500 -49.500
  -6.598 -49.500 -49.500
  -6.596 -49.500 -49.500
  -6.594 -49.500 -49.500
