  -8.861 -14.017 -14.017
  -8.599 -14.112 -14.112
  -8.442 -14.183 -14.183
  -8.329 -14.306 -14.306
  -8.239 -14.319 -14.319
  -8.166 -14.509 -14.509
  -8.103 -14.528 -14.528
  -8.048 -14.426 -14.426
  -7.999 -14.585 -14.585
  -7.955 -14.291 -14.740
  -7.916 -14.424 -14.605
  -7.879 -14.737 -14.737
  -7.846 -14.599 -14.599
  -7.815 -14.703 -14.703
  -7.786 -14.816 -14.816
  -7.758 -14.565 -15.063
  -7.733 -14.848 -15.055
  -7.709 -14.481 -14.847
  -7.686 -15.043 -15.043
  -7.664 -14.987 -14.987
  -7.643 -14.769 -14.769
  -7.624 -14.645 -15.115
  -7.605 -14.868 -14.868
  -7.586 -15.243 -15.243
  -7.569 -14.752 -14.954
  -7.552 -14.745 -14.987
  -7.536 -15.101 -15.255
  -7.521 -14.949 -15.137
  -7.506 -15.252 -15.252
  -7.491 -15.093 -15.292
  -7.477 -15.154 -15.154
  -7.464 -15.328 -15.484
  -7.451 -15.168 -15.351
  -7.438 -15.251 -15.430
  -7.425 -15.686 -15.686
  -7.413 -15.183 -15.468
  -7.401 -15.292 -15.525
  -7.390 -14.959 -15.377
  -7.379 -15.126 -15.549
  -7.368 -14.983 -15.344
  -7.357 -15.559 -15.559
  -7.347 -15.623 -15.623
  -7.337 -15.119 -15.325
  -7.327 -15.286 -15.286
  -7.317 -14.212 -15.129
  -7.308 -15.425 -15.646
  -7.299 -15.518 -15.735
  -7.290 -15.511 -15.709
  -7.281 -15.614 -15.614
  -7.272 -15.255 -15.912
  -7.264 -15.763 -15.936
  -7.255 -15.257 -16.022
  -7.247 -16.037 -16.037
  -7.239 -15.523 -15.523
  -7.231 -14.881 -15.831
  -7.223 -14.580 -15.539
  -7.216 -15.595 -15.792
  -7.208 -14.425 -15.488
  -7.201 -15.653 -16.084
  -7.194 -15.339 -15.915
  -7.187 -15.707 -16.098
  -7.180 -15.843 -16.025
  -7.173 -15.972 -16.282
  -7.166 -15.569 -15.750
  -7.159 -15.481 -16.042
  -7.153 -15.975 -15.975
  -7.146 -15.843 -15.843
  -7.140 -16.091 -16.312
  -7.133 -15.690 -15.871
  -7.127 -16.126 -16.126
  -7.121 -16.360 -16.595
  -7.115 -15.147 -16.132
  -7.109 -15.593 -15.974
  -7.103 -16.087 -16.461
  -7.098 -15.929 -16.213
  -7.092 -15.398 -16.071
  -7.086 -15.288 -15.654
  -7.081 -15.882 -16.295
  -7.075 -16.361 -16.538
  -7.070 -16.095 -16.095
  -7.064 -16.318 -17.076
  -7.059 -15.544 -16.093
  -7.054 -15.647 -16.376
  -7.049 -16.155 -16.306
  -7.043 -15.996 -16.368
  -7.038 -16.241 -16.241
  -7.033 -16.863 -17.161
  -7.029 -16.520 -16.520
  -7.024 -16.658 -16.811
  -7.019 -16.265 -16.265
  -7.014 -15.585 -16.422
  -7.009 -15.878 -16.217
  -7.005 -16.819 -17.000
  -7.000 -15.363 -15.705
  -6.995 -16.142 -16.348
  -6.991 -15.679 -16.472
  -6.986 -16.266 -16.266
  -6.982 -15.611 -16.425
  -6.978 -16.575 -16.753
  -6.973 -15.795 -16.219
  -6.969 -23.125 -23.125
  -6.965 -16.448 -16.600
  -6.961 -16.637 -16.835
  -6.956 -16.343 -16.916
  -6.952 -16.033 -16.566
  -6.948 -16.180 -16.853
  -6.944 -15.518 -16.673
  -6.940 -15.496 -16.488
  -6.936 -15.890 -16.422
  -6.932 -15.895 -16.080
  -6.928 -16.346 -16.518
  -6.924 -16.248 -49.500
  -6.920 -16.113 -16.368
  -6.917 -16.607 -17.402
  -6.913 -16.430 -16.632
  -6.909 -16.638 -49.500
  -6.905 -21.810 -21.810
  -6.902 -16.137 -16.546
  -6.898 -16.576 -16.576
  -6.894 -16.369 -21.923
  -6.891 -17.075 -49.500
  -6.887 -15.605 -15.899
  -6.884 -16.539 -17.095
  -6.880 -16.775 -49.500
  -6.877 -16.352 -17.126
  -6.873 -16.358 -49.500
  -6.870 -49.500 -49.500
  -6.867 -49.500     NaN
  -6.863 -49.500 -49.500
  -6.860 -16.757 -49.500
  -6.857 -16.617 -49.500
  -6.853 -16.699 -17.096
  -6.850 -16.072 -49.500
  -6.847 -16.406 -49.500
  -6.844 -16.868 -49.500
  -6.840 -16.496 -49.500
  -6.837 -49.500     NaN
  -6.834 -49.500     NaN
  -6.831 -16.663 -49.500
  -6.828 -49.500 -49.500
  -6.825 -15.952 -16.209
  -6.822 -15.367 -49.500
  -6.819 -16.333 -49.500
  -6.816 -17.171 -49.500
  -6.813 -49.500     NaN
  -6.810 -16.003 -17.015
  -6.807 -17.382 -49.500
  -6.804 -49.500 -49.500
  -6.801 -17.131 -49.500
  -6.798 -15.610 -16.253
  -6.795 -16.331 -49.500
  -6.792 -49.500     NaN
  -6.789 -49.500     NaN
  -6.787 -16.729 -49.500
  -6.784 -49.500 -49.500
  -6.781 -49.500     NaN
  -6.778 -16.774 -17.031
  -6.775 -49.500     NaN
  -6.773 -49.500     NaN
  -6.770 -16.307 -16.726
  -6.767 -16.677 -49.500
  -6.765 -16.520 -16.889
  -6.762 -49.500 -49.500
  -6.759 -16.775 -49.500
  -6.757 -49.500     NaN
  -6.754 -49.500 -49.500
  -6.751 -49.500 -49.500
  -6.749 -49.500 -49.500
  -6.746 -16.058 -16.765
  -6.744 -49.500 -49.500
  -6.741 -16.339 -49.500
  -6.739 -17.015 -49.500
  -6.736 -49.500 -49.500
  -6.734 -49.500     NaN
  -6.731 -16.859 -16.859
  -6.729 -49.500 -49.500
  -6.726 -49.500     NaN
  -6.724 -49.500     NaN
  -6.721 -49.500 -49.500
  -6.719 -49.500     NaN
  -6.717 -16.789 -16.789
  -6.714 -49.500     NaN
  -6.712 -49.500 -49.500
  -6.709 -16.817 -49.500
  -6.707 -49.500     NaN
  -6.705 -16.418 -16.418
  -6.702 -49.500 -49.500
  -6.700 -16.647 -49.500
  -6.698 -49.500 -49.500
  -6.696 -17.180 -17.180
  -6.693 -49.500 -49.500
  -6.691 -49.500 -49.500
  -6.689 -49.500 -49.500
  -6.687 -49.500 -49.500
  -6.684 -16.403 -16.403
  -6.682 -49.500 -49.500
  -6.680 -49.500 -49.500
  -6.678 -16.626 -49.500
  -6.675 -49.500 -49.500
  -6.673 -15.911 -15.911
  -6.671 -49.500 -49.500
  -6.669 -16.865 -49.500
  -6.667 -49.500 -49.500
  -6.665 -49.500 -49.500
  -6.663 -16.038 -49.500
  -6.661 -16.374 -16.374
  -6.658 -49.500 -49.500
  -6.656 -49.500 -49.500
  -6.654 -49.500     NaN
  -6.652 -49.500 -49.500
  -6.650 -49.500 -49.500
  -6.648 -49.500 -49.500
  -6.646 -49.500     NaN
  -6.644 -49.500 -49.500
  -6.642 -49.500 -49.500
  -6.640 -49.500     NaN
  -6.638 -49.500 -49.500
  -6.636 -49.500 -49.500
  -6.634 -49.500     NaN
  -6.632 -49.500 -49.500
  -6.630 -16.066 -16.066
  -6.628 -16.670 -16.670
  -6.626 -49.500 -49.500
  -6.624 -49.500 -49.500
  -6.622 -49.500 -49.500
  -6.620 -49.500 -49.500
  -6.618 -49.500 -49.500
  -6.617 -49.500 -49.500
  -6.615 -49.500 -49.500
  -6.613 -49.500 -49.500
  -6.611 -49.500 -49.500
  -6.609 -49.500 -49.500
  -6.607 -49.500 -49.500
  -6.605 -49.500 -49.500
  -6.603 -15.550 -49.500
  -6.602 -16.143 -16.143
  -6.600 -49.500 -49.500
  -6.598 -49.500 -49.500
  -6.596 -49.500     NaN
  -6.594 -49.500 -49.500
