  -8.861 -14.007 -14.007
  -8.599 -14.145 -14.145
  -8.442 -14.266 -14.266
  -8.329 -14.254 -14.254
  -8.239 -14.362 -14.362
  -8.166 -14.220 -14.486
  -8.103 -14.300 -14.474
  -8.048 -14.457 -14.457
  -7.999 -14.687 -14.687
  -7.955 -14.447 -14.702
  -7.916 -14.591 -14.751
  -7.879 -14.656 -14.656
  -7.846 -14.647 -14.810
  -7.815 -14.971 -14.971
  -7.786 -14.924 -14.924
  -7.758 -14.848 -14.848
  -7.733 -14.621 -14.621
  -7.709 -14.751 -14.751
  -7.686 -14.659 -14.986
  -7.664 -14.799 -14.979
  -7.643 -15.281 -15.281
  -7.624 -15.026 -15.026
  -7.605 -15.023 -15.023
  -7.586 -14.650 -14.894
  -7.569 -15.245 -15.245
  -7.552 -15.124 -15.124
  -7.536 -15.027 -15.222
  -7.521 -14.482 -15.273
  -7.506 -15.135 -15.135
  -7.491 -15.217 -15.217
  -7.477 -15.028 -15.196
  -7.464 -15.126 -15.126
  -7.451 -15.531 -15.531
  -7.438 -14.624 -15.223
  -7.425 -15.442 -15.442
  -7.413 -15.069 -15.424
  -7.401 -14.791 -15.562
  -7.390 -15.403 -15.403
  -7.379 -15.236 -15.478
  -7.368 -15.394 -15.708
  -7.357 -15.636 -15.636
  -7.347 -15.676 -15.676
  -7.337 -15.840 -15.840
  -7.327 -13.623 -14.994
  -7.317 -15.067 -15.831
  -7.308 -15.460 -15.844
  -7.299 -14.941 -15.103
  -7.290 -15.980 -15.980
  -7.281 -15.859 -15.859
  -7.272 -15.823 -15.823
  -7.264 -15.827 -15.827
  -7.255 -15.581 -15.766
  -7.247 -15.387 -15.387
  -7.239 -15.229 -15.379
  -7.231 -14.971 -15.470
  -7.223 -15.748 -16.272
  -7.216 -15.027 -15.464
  -7.208 -15.156 -16.173
  -7.201 -15.384 -15.629
  -7.194 -15.985 -15.985
  -7.187 -15.066 -15.756
  -7.180 -15.959 -16.120
  -7.173 -15.291 -15.709
  -7.166 -15.940 -16.155
  -7.159 -15.689 -15.901
  -7.153 -15.080 -16.255
  -7.146 -15.679 -15.871
  -7.140 -16.304 -16.304
  -7.133 -15.687 -16.468
  -7.127 -15.234 -15.234
  -7.121 -15.858 -16.012
  -7.115 -16.360 -16.360
  -7.109 -16.520 -16.754
  -7.103 -16.127 -16.427
  -7.098 -16.497 -16.684
  -7.092 -16.352 -16.352
  -7.086 -16.138 -16.417
  -7.081 -15.119 -15.465
  -7.075 -15.716 -15.716
  -7.070 -16.076 -16.076
  -7.064 -16.066 -16.295
  -7.059 -16.410 -16.615
  -7.054 -16.049 -16.593
  -7.049 -16.410 -16.410
  -7.043 -16.075 -16.541
  -7.038 -16.363 -17.166
  -7.033 -15.689 -16.506
  -7.029 -15.136 -16.428
  -7.024 -15.830 -17.048
  -7.019 -16.471 -16.633
  -7.014 -15.848 -16.560
  -7.009 -16.044 -16.958
  -7.005 -16.534 -16.756
  -7.000 -16.417 -16.590
  -6.995 -15.428 -49.500
  -6.991 -15.914 -16.162
  -6.986 -16.106 -16.679
  -6.982 -15.976 -49.500
  -6.978 -16.027 -16.258
  -6.973 -15.177 -15.865
  -6.969 -15.519 -16.242
  -6.965 -16.021 -16.365
  -6.961 -16.447 -16.910
  -6.956 -16.925 -17.137
  -6.952 -15.665 -16.740
  -6.948 -16.462 -16.764
  -6.944 -16.361 -23.114
  -6.940 -16.605 -16.804
  -6.936 -15.993 -16.436
  -6.932 -17.122 -49.500
  -6.928 -16.452 -16.672
  -6.924 -14.965 -15.147
  -6.920 -17.463 -49.500
  -6.917 -16.991 -49.500
  -6.913 -16.209 -16.905
  -6.909 -15.924 -16.876
  -6.905 -15.465 -16.773
  -6.902 -16.777 -16.930
  -6.898 -15.608 -16.406
  -6.894 -14.799 -16.445
  -6.891 -16.389 -22.614
  -6.887 -16.350 -16.754
  -6.884 -16.706 -49.500
  -6.880 -16.344 -16.344
  -6.877 -16.388 -16.657
  -6.873 -17.134 -49.500
  -6.870 -16.662 -49.500
  -6.867 -15.738 -16.874
  -6.863 -16.419 -16.649
  -6.860 -16.091 -17.309
  -6.857 -49.500     NaN
  -6.853 -16.147 -16.853
  -6.850 -16.491 -16.763
  -6.847 -15.668 -15.916
  -6.844 -16.061 -49.500
  -6.840 -16.814 -16.984
  -6.837 -16.191 -16.373
  -6.834 -49.500     NaN
  -6.831 -49.500 -49.500
  -6.828 -49.500     NaN
  -6.825 -49.500     NaN
  -6.822 -49.500     NaN
  -6.819 -14.739 -16.664
  -6.816 -16.175 -49.500
  -6.813 -49.500     NaN
  -6.810 -49.500     NaN
  -6.807 -16.396 -16.758
  -6.804 -16.782 -49.500
  -6.801 -49.500 -49.500
  -6.798 -49.500     NaN
  -6.795 -15.983 -17.097
  -6.792 -49.500     NaN
  -6.789 -15.091 -15.091
  -6.787 -16.438 -16.601
  -6.784 -49.500     NaN
  -6.781 -15.073 -15.073
  -6.778 -49.500 -49.500
  -6.775 -16.290 -16.522
  -6.773 -49.500 -49.500
  -6.770 -49.500     NaN
  -6.767 -49.500     NaN
  -6.765 -49.500     NaN
  -6.762 -49.500 -49.500
  -6.759 -49.500     NaN
  -6.757 -49.500 -49.500
  -6.754 -49.500     NaN
  -6.751 -17.064 -17.064
  -6.749 -15.694 -15.694
  -6.746 -49.500 -49.500
  -6.744 -16.928 -49.500
  -6.741 -16.486 -16.656
  -6.739 -49.500     NaN
  -6.736 -16.513 -49.500
  -6.734 -16.721 -16.721
  -6.731 -49.500 -49.500
  -6.729 -49.500     NaN
  -6.726 -15.663 -49.500
  -6.724 -49.500     NaN
  -6.721 -49.500     NaN
  -6.719 -17.077 -49.500
  -6.717 -16.790 -16.790
  -6.714 -49.500 -49.500
  -6.712 -49.500 -49.500
  -6.709 -49.500     NaN
  -6.707 -16.100 -16.100
  -6.705 -49.500 -49.500
  -6.702 -49.500     NaN
  -6.700 -49.500     NaN
  -6.698 -49.500 -49.500
  -6.696 -49.500 -49.500
  -6.693 -49.500     NaN
  -6.691 -16.605 -16.605
  -6.689 -49.500 -49.500
  -6.687 -17.153 -17.153
  -6.684 -49.500 -49.500
  -6.682 -49.500 -49.500
  -6.680 -49.500 -49.500
  -6.678 -49.500     NaN
  -6.675 -16.714 -16.714
  -6.673 -49.500 -49.500
  -6.671 -49.500 -49.500
  -6.669 -16.545 -49.500
  -6.667 -49.500     NaN
  -6.665 -49.500 -49.500
  -6.663 -16.400 -49.500
  -6.661 -49.500 -49.500
  -6.658 -49.500 -49.500
  -6.656 -49.500     NaN
  -6.654 -49.500 -49.500
  -6.652 -49.500 -49.500
  -6.650 -16.655 -16.655
  -6.648 -49.500 -49.500
  -6.646 -16.129 -16.129
  -6.644 -49.500     NaN
  -6.642 -16.854 -49.500
  -6.640 -49.500 -49.500
  -6.638 -49.500 -49.500
  -6.636 -49.500 -49.500
  -6.634 -49.500 -49.500
  -6.632 -49.500 -49.500
  -6.630 -49.500 -49.500
  -6.628 -49.500 -49.500
  -6.626 -49.500 -49.500
  -6.624 -49.500 -49.500
  -6.622 -49.500     NaN
  -6.620 -49.500 -49.500
  -6.618 -49.500     NaN
  -6.617 -49.500 -49.500
  -6.615 -49.500 -49.500
  -6.613 -16.028 -16.028
  -6.611 -16.330 -16.330
  -6.609 -49.500 -49.500
  -6.607 -49.500 -49.500
  -6.605 -49.500 -49.500
  -6.603 -49.500 -49.500
  -6.602 -15.978 -15.978
  -6.600 -49.500 -49.500
  -6.598 -49.500 -49.500
  -6.596 -49.500 -49.500
  -6.594 -49.500 -49.500
