  -8.861 -13.957 -13.957
  -8.599 -14.059 -14.059
  -8.442 -14.193 -14.193
  -8.329 -13.973 -14.304
  -8.239 -14.359 -14.359
  -8.166 -14.413 -14.413
  -8.103 -14.473 -14.473
  -8.048 -14.112 -14.434
  -7.999 -14.481 -14.481
  -7.955 -14.301 -14.679
  -7.916 -14.555 -14.555
  -7.879 -14.446 -14.446
  -7.846 -14.572 -14.572
  -7.815 -14.548 -14.548
  -7.786 -14.833 -14.833
  -7.758 -14.894 -14.894
  -7.733 -14.954 -15.129
  -7.709 -14.763 -14.763
  -7.686 -14.610 -14.765
  -7.664 -14.790 -14.790
  -7.643 -15.017 -15.017
  -7.624 -15.124 -15.398
  -7.605 -14.464 -14.822
  -7.586 -15.158 -15.158
  -7.569 -15.183 -15.183
  -7.552 -15.087 -15.087
  -7.536 -15.331 -15.331
  -7.521 -15.160 -15.160
  -7.506 -15.185 -15.185
  -7.491 -15.182 -15.451
  -7.477 -15.340 -15.340
  -7.464 -15.478 -15.825
  -7.451 -15.230 -15.230
  -7.438 -15.350 -15.350
  -7.425 -14.973 -15.356
  -7.413 -15.059 -15.059
  -7.401 -14.998 -15.425
  -7.390 -14.940 -15.134
  -7.379 -15.470 -15.470
  -7.368 -15.776 -15.776
  -7.357 -15.409 -15.821
  -7.347 -15.756 -15.756
  -7.337 -15.716 -15.716
  -7.327 -15.614 -15.614
  -7.317 -15.571 -15.777
  -7.308 -15.376 -15.674
  -7.299 -15.407 -15.970
  -7.290 -15.765 -15.765
  -7.281 -15.290 -15.525
  -7.272 -15.387 -15.842
  -7.264 -15.250 -15.801
  -7.255 -15.912 -16.067
  -7.247 -15.363 -15.650
  -7.239 -15.096 -15.458
  -7.231 -15.654 -15.811
  -7.223 -15.520 -15.826
  -7.216 -15.884 -15.884
  -7.208 -15.628 -15.628
  -7.201 -15.880 -16.210
  -7.194 -15.549 -15.951
  -7.187 -15.949 -15.949
  -7.180 -15.241 -15.790
  -7.173 -16.096 -16.096
  -7.166 -16.012 -16.192
  -7.159 -15.911 -16.151
  -7.153 -15.711 -16.201
  -7.146 -16.097 -16.097
  -7.140 -15.487 -16.052
  -7.133 -14.761 -15.696
  -7.127 -15.807 -16.100
  -7.121 -16.180 -16.344
  -7.115 -15.886 -16.240
  -7.109 -15.276 -16.599
  -7.103 -15.841 -15.841
  -7.098 -16.420 -16.420
  -7.092 -15.635 -15.798
  -7.086 -16.560 -16.560
  -7.081 -16.521 -17.316
  -7.075 -16.326 -16.553
  -7.070 -14.603 -16.032
  -7.064 -15.815 -16.104
  -7.059 -15.842 -15.842
  -7.054 -16.096 -16.262
  -7.049 -16.284 -16.508
  -7.043 -15.504 -16.453
  -7.038 -15.258 -16.191
  -7.033 -16.246 -16.246
  -7.029 -15.564 -16.101
  -7.024 -15.441 -15.625
  -7.019 -16.019 -16.614
  -7.014 -15.531 -16.906
  -7.009 -15.993 -16.390
  -7.005 -15.453 -15.742
  -7.000 -16.561 -16.561
  -6.995 -16.860 -16.860
  -6.991 -15.959 -16.544
  -6.986 -16.636 -16.636
  -6.982 -15.888 -16.154
  -6.978 -16.648 -16.848
  -6.973 -16.632 -17.023
  -6.969 -17.044 -17.238
  -6.965 -49.500     NaN
  -6.961 -16.361 -16.873
  -6.956 -16.596 -16.850
  -6.952 -14.974 -15.167
  -6.948 -16.532 -16.532
  -6.944 -16.668 -16.878
  -6.940 -16.377 -16.665
  -6.936 -22.402 -22.402
  -6.932 -16.238 -16.636
  -6.928 -16.811 -17.101
  -6.924 -17.356 -22.598
  -6.920 -16.418 -23.004
  -6.917 -16.337 -16.337
  -6.913 -15.310 -16.080
  -6.909 -17.185 -17.336
  -6.905 -17.374 -22.694
  -6.902 -16.695 -49.500
  -6.898 -22.692 -22.692
  -6.894 -16.554 -49.500
  -6.891 -17.008 -49.500
  -6.887 -15.844 -16.123
  -6.884 -16.091 -16.091
  -6.880 -16.098 -16.273
  -6.877 -16.430 -16.639
  -6.873 -16.828 -49.500
  -6.870 -16.185 -16.457
  -6.867 -14.666 -49.500
  -6.863 -16.382 -17.075
  -6.860 -16.147 -49.500
  -6.857 -16.728 -49.500
  -6.853 -16.503 -16.796
  -6.850 -15.907 -16.295
  -6.847 -16.501 -49.500
  -6.844 -16.636 -49.500
  -6.840 -16.650 -16.849
  -6.837 -16.893 -17.137
  -6.834 -15.959 -49.500
  -6.831 -17.020 -49.500
  -6.828 -16.888 -49.500
  -6.825 -49.500 -49.500
  -6.822 -17.212 -49.500
  -6.819 -16.919 -49.500
  -6.816 -49.500     NaN
  -6.813 -49.500     NaN
  -6.810 -16.846 -49.500
  -6.807 -16.436 -17.134
  -6.804 -49.500     NaN
  -6.801 -16.222 -49.500
  -6.798 -17.330 -49.500
  -6.795 -49.500     NaN
  -6.792 -49.500     NaN
  -6.789 -49.500 -49.500
  -6.787 -16.435 -16.760
  -6.784 -49.500     NaN
  -6.781 -49.500     NaN
  -6.778 -49.500 -49.500
  -6.775 -49.500     NaN
  -6.773 -49.500 -49.500
  -6.770 -16.071 -16.765
  -6.767 -49.500     NaN
  -6.765 -49.500     NaN
  -6.762 -16.569 -16.569
  -6.759 -16.163 -16.163
  -6.757 -16.394 -49.500
  -6.754 -49.500 -49.500
  -6.751 -16.992 -49.500
  -6.749 -49.500 -49.500
  -6.746 -16.626 -16.626
  -6.744 -49.500     NaN
  -6.741 -15.033 -16.278
  -6.739 -49.500     NaN
  -6.736 -49.500 -49.500
  -6.734 -49.500     NaN
  -6.731 -49.500     NaN
  -6.729 -15.758 -15.758
  -6.726 -16.469 -16.469
  -6.724 -16.644 -49.500
  -6.721 -49.500     NaN
  -6.719 -49.500 -49.500
  -6.717 -15.914 -15.914
  -6.714 -16.573 -16.573
  -6.712 -49.500     NaN
  -6.709 -16.540 -16.540
  -6.707 -49.500     NaN
  -6.705 -15.528 -16.611
  -6.702 -49.500 -49.500
  -6.700 -49.500     NaN
  -6.698 -16.859 -16.859
  -6.696 -16.039 -16.039
  -6.693 -49.500     NaN
  -6.691 -49.500     NaN
  -6.689 -49.500 -49.500
  -6.687 -49.500 -49.500
  -6.684 -15.278 -15.278
  -6.682 -49.500 -49.500
  -6.680 -49.500     NaN
  -6.678 -49.500 -49.500
  -6.675 -49.500     NaN
  -6.673 -49.500 -49.500
  -6.671 -49.500 -49.500
  -6.669 -49.500 -49.500
  -6.667 -49.500     NaN
  -6.665 -49.500 -49.500
  -6.663 -49.500 -49.500
  -6.661 -49.500 -49.500
  -6.658 -49.500 -49.500
  -6.656 -49.500 -49.500
  -6.654 -16.019 -16.019
  -6.652 -16.596 -49.500
  -6.650 -49.500 -49.500
  -6.648 -49.500 -49.500
  -6.646 -49.500 -49.500
  -6.644 -49.500 -49.500
  -6.642 -49.500 -49.500
  -6.640 -49.500 -49.500
  -6.638 -49.500 -49.500
  -6.636 -49.500 -49.500
  -6.634 -16.142 -49.500
  -6.632 -49.500 -49.500
  -6.630 -49.500 -49.500
  -6.628 -49.500     NaN
  -6.626 -49.500 -49.500
  -6.624 -16.338 -16.338
  -6.622 -49.500 -49.500
  -6.620 -49.500 -49.500
  -6.618 -16.743 -16.743
  -6.617 -49.500 -49.500
  -6.615 -49.500 -49.500
  -6.613 -15.659 -16.798
  -6.611 -49.500 -49.500
  -6.609 -49.500 -49.500
  -6.607 -49.500 -49.500
  -6.605 -16.434 -49.500
  -6.603 -49.500 -49.500
  -6.602 -49.500 -49.500
  -6.600 -49.500 -49.500
  -6.598 -49.500 -49.500
  -6.596 -16.432 -49.500
  -6.594 -49.500 -49.500
