  -8.861 -13.966 -13.966
  -8.599 -14.173 -14.173
  -8.442 -14.213 -14.213
  -8.329 -14.240 -14.240
  -8.239 -14.346 -14.346
  -8.166 -14.412 -14.412
  -8.103 -14.129 -14.602
  -8.048 -14.523 -14.523
  -7.999 -14.459 -14.459
  -7.955 -14.545 -14.545
  -7.916 -14.727 -14.727
  -7.879 -14.448 -14.820
  -7.846 -14.776 -14.776
  -7.815 -14.660 -14.660
  -7.786 -14.916 -14.916
  -7.758 -14.418 -14.775
  -7.733 -14.943 -14.943
  -7.709 -14.577 -14.881
  -7.686 -14.655 -14.888
  -7.664 -14.877 -15.086
  -7.643 -15.127 -15.127
  -7.624 -15.008 -15.008
  -7.605 -14.718 -15.051
  -7.586 -14.822 -15.106
  -7.569 -14.821 -15.053
  -7.552 -15.011 -15.011
  -7.536 -15.167 -15.167
  -7.521 -14.916 -15.255
  -7.506 -15.138 -15.333
  -7.491 -14.955 -14.955
  -7.477 -15.366 -15.366
  -7.464 -15.233 -15.692
  -7.451 -15.452 -15.638
  -7.438 -15.233 -15.524
  -7.425 -15.130 -15.130
  -7.413 -15.572 -15.572
  -7.401 -15.483 -15.483
  -7.390 -15.342 -15.342
  -7.379 -15.468 -15.468
  -7.368 -15.710 -15.862
  -7.357 -14.598 -15.433
  -7.347 -15.438 -15.438
  -7.337 -15.393 -15.678
  -7.327 -15.743 -15.743
  -7.317 -15.089 -15.264
  -7.308 -15.414 -15.414
  -7.299 -15.109 -15.827
  -7.290 -15.603 -16.098
  -7.281 -15.381 -15.719
  -7.272 -15.643 -15.814
  -7.264 -15.375 -15.791
  -7.255 -15.618 -15.618
  -7.247 -15.857 -15.857
  -7.239 -15.405 -15.890
  -7.231 -15.863 -15.863
  -7.223 -15.671 -15.872
  -7.216 -15.263 -15.764
  -7.208 -14.818 -15.435
  -7.201 -15.520 -16.170
  -7.194 -16.335 -16.335
  -7.187 -16.044 -16.044
  -7.180 -16.260 -16.415
  -7.173 -15.792 -15.792
  -7.166 -15.832 -16.090
  -7.159 -15.739 -15.739
  -7.153 -15.058 -15.947
  -7.146 -15.860 -15.860
  -7.140 -15.288 -15.923
  -7.133 -15.233 -15.793
  -7.127 -15.130 -16.027
  -7.121 -14.902 -15.425
  -7.115 -16.064 -16.064
  -7.109 -16.168 -16.168
  -7.103 -15.403 -16.167
  -7.098 -15.854 -16.409
  -7.092 -15.016 -15.509
  -7.086 -15.703 -16.079
  -7.081 -16.197 -16.451
  -7.075 -16.149 -16.149
  -7.070 -16.423 -16.640
  -7.064 -15.884 -16.128
  -7.059 -16.512 -16.512
  -7.054 -15.719 -16.233
  -7.049 -16.263 -16.263
  -7.043 -15.741 -16.069
  -7.038 -16.437 -16.437
  -7.033 -16.309 -16.612
  -7.029 -15.983 -16.906
  -7.024 -16.208 -16.403
  -7.019 -16.284 -16.764
  -7.014 -14.091 -16.363
  -7.009 -16.187 -16.559
  -7.005 -15.891 -15.891
  -7.000 -15.217 -15.455
  -6.995 -15.477 -16.422
  -6.991 -16.189 -16.874
  -6.986 -16.264 -16.683
  -6.982 -15.176 -16.250
  -6.978 -16.490 -16.490
  -6.973 -16.224 -16.739
  -6.969 -15.976 -16.217
  -6.965 -15.851 -16.176
  -6.961 -16.493 -16.859
  -6.956 -15.492 -16.230
  -6.952 -17.013 -49.500
  -6.948 -17.071 -22.218
  -6.944 -15.269 -15.594
  -6.940 -15.460 -16.318
  -6.936 -14.912 -15.675
  -6.932 -16.305 -16.855
  -6.928 -16.327 -16.504
  -6.924 -16.769 -49.500
  -6.920 -49.500     NaN
  -6.917 -49.500     NaN
  -6.913 -49.500     NaN
  -6.909 -22.976 -22.976
  -6.905 -16.589 -49.500
  -6.902 -16.808 -16.968
  -6.898 -22.736 -22.736
  -6.894 -15.840 -17.229
  -6.891 -16.510 -16.510
  -6.887 -16.923 -49.500
  -6.884 -16.574 -49.500
  -6.880 -49.500     NaN
  -6.877 -15.590 -16.070
  -6.873 -49.500 -49.500
  -6.870 -49.500     NaN
  -6.867 -16.659 -49.500
  -6.863 -16.575 -16.765
  -6.860 -15.712 -16.445
  -6.857 -16.539 -49.500
  -6.853 -49.500     NaN
  -6.850 -49.500     NaN
  -6.847 -15.984 -16.185
  -6.844 -49.500 -49.500
  -6.840 -49.500     NaN
  -6.837 -16.622 -49.500
  -6.834 -49.500     NaN
  -6.831 -17.005 -17.345
  -6.828 -49.500     NaN
  -6.825 -16.650 -49.500
  -6.822 -16.880 -49.500
  -6.819 -16.273 -16.487
  -6.816 -49.500     NaN
  -6.813 -49.500     NaN
  -6.810 -16.586 -49.500
  -6.807 -49.500     NaN
  -6.804 -49.500     NaN
  -6.801 -49.500     NaN
  -6.798 -17.008 -49.500
  -6.795 -15.788 -49.500
  -6.792 -16.558 -16.875
  -6.789 -16.139 -16.861
  -6.787 -16.608 -16.608
  -6.784 -49.500     NaN
  -6.781 -49.500     NaN
  -6.778 -49.500     NaN
  -6.775 -49.500     NaN
  -6.773 -16.399 -16.399
  -6.770 -16.552 -16.552
  -6.767 -49.500 -49.500
  -6.765 -14.505 -49.500
  -6.762 -15.336 -49.500
  -6.759 -16.987 -49.500
  -6.757 -49.500 -49.500
  -6.754 -49.500     NaN
  -6.751 -49.500 -49.500
  -6.749 -16.980 -49.500
  -6.746 -15.215 -49.500
  -6.744 -49.500     NaN
  -6.741 -16.821 -16.821
  -6.739 -16.156 -49.500
  -6.736 -16.473 -49.500
  -6.734 -15.902 -49.500
  -6.731 -49.500 -49.500
  -6.729 -16.044 -16.882
  -6.726 -16.282 -16.776
  -6.724 -49.500     NaN
  -6.721 -49.500     NaN
  -6.719 -49.500 -49.500
  -6.717 -49.500 -49.500
  -6.714 -49.500 -49.500
  -6.712 -49.500 -49.500
  -6.709 -16.835 -49.500
  -6.707 -49.500 -49.500
  -6.705 -49.500     NaN
  -6.702 -16.290 -16.290
  -6.700 -16.192 -16.192
  -6.698 -49.500 -49.500
  -6.696 -49.500 -49.500
  -6.693 -49.500 -49.500
  -6.691 -49.500 -49.500
  -6.689 -49.500 -49.500
  -6.687 -49.500 -49.500
  -6.684 -16.226 -49.500
  -6.682 -49.500     NaN
  -6.680 -49.500 -49.500
  -6.678 -49.500 -49.500
  -6.675 -49.500 -49.500
  -6.673 -49.500 -49.500
  -6.671 -49.500 -49.500
  -6.669 -49.500     NaN
  -6.667 -49.500 -49.500
  -6.665 -49.500 -49.500
  -6.663 -49.500 -49.500
  -6.661 -49.500 -49.500
  -6.658 -49.500 -49.500
  -6.656 -49.500     NaN
  -6.654 -16.467 -16.709
  -6.652 -49.500 -49.500
  -6.650 -49.500 -49.500
  -6.648 -49.500 -49.500
  -6.646 -15.958 -15.958
  -6.644 -49.500 -49.500
  -6.642 -49.500 -49.500
  -6.640 -49.500 -49.500
  -6.638 -49.500 -49.500
  -6.636 -49.500 -49.500
  -6.634 -49.500 -49.500
  -6.632 -49.500 -49.500
  -6.630 -49.500 -49.500
  -6.628 -49.500 -49.500
  -6.626 -16.239 -16.239
  -6.624 -49.500 -49.500
  -6.622 -49.500     NaN
  -6.620 -49.500 -49.500
  -6.618 -49.500 -49.500
  -6.617 -49.500 -49.500
  -6.615 -49.500 -49.500
  -6.613 -49.500 -49.500
  -6.611 -49.500 -49.500
  -6.609 -49.500 -49.500
  -6.607 -16.716 -49.500
  -6.605 -49.500 -49.500
  -6.603 -49.500 -49.500
  -6.602 -49.500 -49.500
  -6.600 -49.500     NaN
  -6.598 -49.500 -49.500
  -6.596 -16.476 -49.500
  -6.594 -49.500 -49.500
