  -8.861 -14.016 -14.016
  -8.599 -14.109 -14.109
  -8.442 -14.228 -14.228
  -8.329 -14.303 -14.303
  -8.239 -14.380 -14.380
  -8.166 -14.500 -14.500
  -8.103 -14.464 -14.464
  -8.048 -14.568 -14.568
  -7.999 -14.467 -14.467
  -7.955 -14.708 -14.708
  -7.916 -14.678 -14.678
  -7.879 -14.283 -14.467
  -7.846 -14.837 -14.837
  -7.815 -14.853 -14.853
  -7.786 -14.595 -14.845
  -7.758 -14.854 -14.854
  -7.733 -14.856 -15.025
  -7.709 -14.848 -14.848
  -7.686 -14.832 -14.832
  -7.664 -15.157 -15.157
  -7.643 -14.542 -14.835
  -7.624 -14.994 -14.994
  -7.605 -14.357 -14.887
  -7.586 -14.416 -14.956
  -7.569 -14.868 -15.213
  -7.552 -14.774 -15.057
  -7.536 -14.416 -15.350
  -7.521 -15.049 -15.049
  -7.506 -15.147 -15.147
  -7.491 -14.794 -14.949
  -7.477 -15.337 -15.337
  -7.464 -15.166 -15.317
  -7.451 -14.601 -14.880
  -7.438 -15.391 -15.391
  -7.425 -15.360 -15.360
  -7.413 -15.274 -15.274
  -7.401 -14.907 -15.538
  -7.390 -15.055 -15.590
  -7.379 -15.658 -15.658
  -7.368 -15.587 -15.587
  -7.357 -14.950 -15.130
  -7.347 -15.806 -15.806
  -7.337 -15.593 -15.593
  -7.327 -15.260 -15.561
  -7.317 -15.709 -15.709
  -7.308 -14.771 -15.418
  -7.299 -15.872 -15.872
  -7.290 -15.334 -15.633
  -7.281 -15.800 -15.800
  -7.272 -15.734 -16.144
  -7.264 -16.131 -16.131
  -7.255 -15.864 -15.864
  -7.247 -15.079 -15.987
  -7.239 -15.865 -15.865
  -7.231 -16.037 -16.037
  -7.223 -14.880 -16.029
  -7.216 -15.560 -16.000
  -7.208 -14.929 -16.260
  -7.201 -15.738 -15.991
  -7.194 -15.564 -16.289
  -7.187 -15.907 -16.058
  -7.180 -15.836 -15.836
  -7.173 -16.204 -16.204
  -7.166 -16.117 -16.117
  -7.159 -15.633 -15.850
  -7.153 -15.196 -15.668
  -7.146 -14.407 -15.661
  -7.140 -16.118 -16.118
  -7.133 -16.211 -16.731
  -7.127 -16.199 -16.199
  -7.121 -15.608 -16.307
  -7.115 -15.269 -16.254
  -7.109 -16.693 -16.693
  -7.103 -15.989 -16.341
  -7.098 -16.204 -16.488
  -7.092 -15.910 -16.136
  -7.086 -15.205 -15.933
  -7.081 -15.176 -16.087
  -7.075 -16.490 -16.672
  -7.070 -14.997 -16.494
  -7.064 -16.932 -17.336
  -7.059 -16.465 -16.643
  -7.054 -15.688 -16.548
  -7.049 -16.857 -17.104
  -7.043 -15.718 -16.035
  -7.038 -15.749 -15.749
  -7.033 -16.533 -17.187
  -7.029 -16.255 -16.255
  -7.024 -14.776 -15.190
  -7.019 -15.850 -16.075
  -7.014 -16.001 -16.202
  -7.009 -16.303 -16.303
  -7.005 -15.289 -16.456
  -7.000 -16.636 -16.994
  -6.995 -16.600 -16.950
  -6.991 -16.332 -16.535
  -6.986 -16.266 -16.266
  -6.982 -16.171 -16.418
  -6.978 -16.634 -16.807
  -6.973 -16.154 -49.500
  -6.969 -17.038 -49.500
  -6.965 -16.240 -16.240
  -6.961 -16.390 -16.598
  -6.956 -16.743 -16.743
  -6.952 -16.072 -17.121
  -6.948 -22.939 -22.939
  -6.944 -16.040 -16.439
  -6.940 -16.904 -17.494
  -6.936 -15.863 -16.086
  -6.932 -49.500 -49.500
  -6.928 -17.000 -17.198
  -6.924 -15.947 -16.193
  -6.920 -16.486 -17.165
  -6.917 -16.477 -16.989
  -6.913 -15.468 -16.567
  -6.909 -16.575 -16.799
  -6.905 -15.471 -15.696
  -6.902 -16.293 -16.980
  -6.898 -49.500     NaN
  -6.894 -16.374 -17.092
  -6.891 -16.542 -16.739
  -6.887 -16.569 -16.786
  -6.884 -17.493 -49.500
  -6.880 -16.115 -16.472
  -6.877 -16.897 -49.500
  -6.873 -15.191 -16.158
  -6.870 -16.712 -17.011
  -6.867 -16.209 -16.713
  -6.863 -16.018 -49.500
  -6.860 -16.415 -49.500
  -6.857 -49.500     NaN
  -6.853 -17.085 -49.500
  -6.850 -16.214 -17.430
  -6.847 -14.432 -16.156
  -6.844 -49.500     NaN
  -6.840 -49.500     NaN
  -6.837 -16.781 -49.500
  -6.834 -15.951 -16.771
  -6.831 -16.122 -16.627
  -6.828 -49.500     NaN
  -6.825 -16.614 -49.500
  -6.822 -15.910 -49.500
  -6.819 -15.842 -16.235
  -6.816 -16.260 -49.500
  -6.813 -49.500 -49.500
  -6.810 -49.500     NaN
  -6.807 -49.500     NaN
  -6.804 -15.953 -49.500
  -6.801 -16.729 -49.500
  -6.798 -49.500 -49.500
  -6.795 -49.500     NaN
  -6.792 -16.159 -16.728
  -6.789 -15.439 -49.500
  -6.787 -16.397 -49.500
  -6.784 -15.696 -16.910
  -6.781 -49.500     NaN
  -6.778 -15.680 -49.500
  -6.775 -49.500     NaN
  -6.773 -16.951 -16.951
  -6.770 -16.781 -49.500
  -6.767 -16.322 -16.563
  -6.765 -16.016 -49.500
  -6.762 -16.649 -16.649
  -6.759 -16.727 -16.727
  -6.757 -49.500     NaN
  -6.754 -16.257 -16.431
  -6.751 -49.500     NaN
  -6.749 -15.623 -49.500
  -6.746 -16.258 -16.505
  -6.744 -49.500 -49.500
  -6.741 -49.500     NaN
  -6.739 -16.581 -16.802
  -6.736 -49.500     NaN
  -6.734 -49.500 -49.500
  -6.731 -49.500 -49.500
  -6.729 -49.500 -49.500
  -6.726 -16.896 -17.127
  -6.724 -49.500 -49.500
  -6.721 -16.680 -49.500
  -6.719 -49.500     NaN
  -6.717 -49.500     NaN
  -6.714 -49.500 -49.500
  -6.712 -16.101 -49.500
  -6.709 -49.500     NaN
  -6.707 -16.670 -16.670
  -6.705 -49.500 -49.500
  -6.702 -49.500 -49.500
  -6.700 -16.524 -16.820
  -6.698 -49.500     NaN
  -6.696 -49.500 -49.500
  -6.693 -49.500 -49.500
  -6.691 -49.500     NaN
  -6.689 -49.500     NaN
  -6.687 -16.600 -16.600
  -6.684 -16.157 -49.500
  -6.682 -49.500 -49.500
  -6.680 -49.500 -49.500
  -6.678 -49.500 -49.500
  -6.675 -49.500 -49.500
  -6.673 -49.500 -49.500
  -6.671 -49.500     NaN
  -6.669 -49.500 -49.500
  -6.667 -49.500 -49.500
  -6.665 -49.500 -49.500
  -6.663 -15.176 -15.176
  -6.661 -49.500 -49.500
  -6.658 -49.500     NaN
  -6.656 -49.500 -49.500
  -6.654 -49.500 -49.500
  -6.652 -49.500     NaN
  -6.650 -49.500 -49.500
  -6.648 -16.680 -49.500
  -6.646 -49.500 -49.500
  -6.644 -49.500 -49.500
  -6.642 -49.500 -49.500
  -6.640 -49.500 -49.500
  -6.638 -49.500 -49.500
  -6.636 -49.500 -49.500
  -6.634 -49.500 -49.500
  -6.632 -49.500 -49.500
  -6.630 -49.500 -49.500
  -6.628 -49.500 -49.500
  -6.626 -49.500 -49.500
  -6.624 -49.500 -49.500
  -6.622 -49.500 -49.500
  -6.620 -16.683 -49.500
  -6.618 -49.500 -49.500
  -6.617 -16.685 -49.500
  -6.615 -49.500 -49.500
  -6.613 -49.500 -49.500
  -6.611 -49.500 -49.500
  -6.609 -49.500 -49.500
  -6.607 -49.500 -49.500
  -6.605 -49.500 -49.500
  -6.603 -49.500 -49.500
  -6.602 -49.500 -49.500
  -6.600 -49.500 -49.500
  -6.598 -49.500 -49.500
  -6.596 -49.500 -49.500
  -6.594 -49.500 -49.500
