  -8.861 -13.921 -13.921
  -8.599 -14.126 -14.126
  -8.442 -14.246 -14.246
  -8.329 -14.278 -14.278
  -8.239 -14.405 -14.405
  -8.166 -14.536 -14.536
  -8.103 -14.544 -14.544
  -8.048 -14.405 -14.405
  -7.999 -14.396 -14.396
  -7.955 -14.019 -14.591
  -7.916 -14.670 -14.670
  -7.879 -14.534 -14.690
  -7.846 -14.619 -14.619
  -7.815 -14.756 -14.756
  -7.786 -14.805 -14.805
  -7.758 -14.740 -14.740
  -7.733 -15.124 -15.124
  -7.709 -14.729 -14.729
  -7.686 -15.004 -15.004
  -7.664 -14.843 -14.843
  -7.643 -15.060 -15.060
  -7.624 -15.065 -15.065
  -7.605 -14.598 -14.889
  -7.586 -14.697 -15.043
  -7.569 -15.137 -15.137
  -7.552 -15.469 -15.469
  -7.536 -14.949 -15.309
  -7.521 -15.367 -15.367
  -7.506 -15.234 -15.397
  -7.491 -14.982 -15.334
  -7.477 -15.302 -15.302
  -7.464 -15.288 -15.464
  -7.451 -15.453 -15.453
  -7.438 -14.715 -15.495
  -7.425 -15.537 -15.537
  -7.413 -14.819 -15.363
  -7.401 -15.509 -15.509
  -7.390 -15.510 -15.510
  -7.379 -15.347 -15.500
  -7.368 -15.507 -15.689
  -7.357 -15.533 -15.533
  -7.347 -15.584 -15.584
  -7.337 -15.596 -15.777
  -7.327 -15.808 -15.808
  -7.317 -15.160 -15.430
  -7.308 -15.052 -15.943
  -7.299 -15.198 -15.454
  -7.290 -15.402 -15.581
  -7.281 -15.243 -15.937
  -7.272 -15.118 -15.320
  -7.264 -15.835 -16.099
  -7.255 -15.747 -15.902
  -7.247 -14.894 -15.413
  -7.239 -16.051 -16.051
  -7.231 -15.399 -15.714
  -7.223 -15.995 -16.208
  -7.216 -15.122 -15.643
  -7.208 -15.537 -16.374
  -7.201 -15.941 -16.154
  -7.194 -15.107 -15.440
  -7.187 -15.264 -15.465
  -7.180 -16.085 -16.343
  -7.173 -16.331 -16.331
  -7.166 -15.227 -15.590
  -7.159 -15.115 -15.811
  -7.153 -15.521 -15.936
  -7.146 -15.215 -15.391
  -7.140 -15.855 -16.021
  -7.133 -15.255 -15.723
  -7.127 -15.457 -16.037
  -7.121 -15.526 -15.778
  -7.115 -16.411 -16.584
  -7.109 -15.524 -16.374
  -7.103 -15.893 -16.175
  -7.098 -15.551 -16.071
  -7.092 -16.234 -16.403
  -7.086 -15.535 -16.461
  -7.081 -15.836 -16.261
  -7.075 -16.287 -16.287
  -7.070 -15.587 -16.506
  -7.064 -16.544 -16.544
  -7.059 -15.252 -16.028
  -7.054 -16.322 -16.740
  -7.049 -15.896 -16.241
  -7.043 -15.854 -16.614
  -7.038 -14.851 -16.087
  -7.033 -15.948 -16.449
  -7.029 -15.607 -15.837
  -7.024 -15.599 -16.072
  -7.019 -15.265 -15.975
  -7.014 -14.909 -16.145
  -7.009 -16.570 -16.797
  -7.005 -15.790 -15.963
  -7.000 -16.358 -16.624
  -6.995 -49.500     NaN
  -6.991 -15.823 -16.761
  -6.986 -16.121 -16.426
  -6.982 -15.712 -15.992
  -6.978 -14.884 -16.699
  -6.973 -16.960 -16.960
  -6.969 -16.592 -17.217
  -6.965 -16.079 -49.500
  -6.961 -16.413 -16.953
  -6.956 -16.570 -49.500
  -6.952 -15.481 -16.379
  -6.948 -16.065 -16.242
  -6.944 -15.878 -16.447
  -6.940 -16.201 -16.459
  -6.936 -17.044 -49.500
  -6.932 -16.669 -49.500
  -6.928 -16.122 -16.290
  -6.924 -16.884 -17.075
  -6.920 -16.332 -16.525
  -6.917 -16.537 -16.882
  -6.913 -16.042 -16.333
  -6.909 -16.190 -16.364
  -6.905 -16.488 -16.488
  -6.902 -16.622 -16.784
  -6.898 -16.707 -16.996
  -6.894 -16.215 -17.158
  -6.891 -16.578 -16.957
  -6.887 -16.407 -16.820
  -6.884 -49.500     NaN
  -6.880 -16.349 -49.500
  -6.877 -49.500 -49.500
  -6.873 -15.730 -49.500
  -6.870 -16.175 -16.438
  -6.867 -49.500 -49.500
  -6.863 -15.997 -49.500
  -6.860 -15.827 -17.099
  -6.857 -16.495 -17.146
  -6.853 -17.001 -49.500
  -6.850 -15.756 -16.756
  -6.847 -16.484 -16.660
  -6.844 -16.040 -49.500
  -6.840 -49.500 -49.500
  -6.837 -49.500     NaN
  -6.834 -49.500     NaN
  -6.831 -17.164 -49.500
  -6.828 -49.500 -49.500
  -6.825 -17.333 -49.500
  -6.822 -49.500     NaN
  -6.819 -16.607 -49.500
  -6.816 -16.712 -49.500
  -6.813 -16.102 -49.500
  -6.810 -16.555 -16.723
  -6.807 -17.047 -49.500
  -6.804 -16.088 -49.500
  -6.801 -16.338 -16.997
  -6.798 -16.912 -49.500
  -6.795 -16.326 -16.726
  -6.792 -15.978 -16.909
  -6.789 -16.619 -49.500
  -6.787 -16.358 -16.939
  -6.784 -49.500     NaN
  -6.781 -49.500     NaN
  -6.778 -15.966 -49.500
  -6.775 -16.595 -16.808
  -6.773 -49.500     NaN
  -6.770 -49.500 -49.500
  -6.767 -49.500     NaN
  -6.765 -49.500     NaN
  -6.762 -16.124 -49.500
  -6.759 -16.273 -16.634
  -6.757 -49.500 -49.500
  -6.754 -49.500     NaN
  -6.751 -49.500 -49.500
  -6.749 -16.121 -49.500
  -6.746 -49.500 -49.500
  -6.744 -49.500     NaN
  -6.741 -49.500     NaN
  -6.739 -49.500     NaN
  -6.736 -49.500     NaN
  -6.734 -49.500 -49.500
  -6.731 -16.943 -49.500
  -6.729 -49.500     NaN
  -6.726 -16.568 -16.834
  -6.724 -49.500 -49.500
  -6.721 -16.309 -49.500
  -6.719 -16.677 -16.677
  -6.717 -49.500 -49.500
  -6.714 -49.500 -49.500
  -6.712 -49.500 -49.500
  -6.709 -49.500     NaN
  -6.707 -16.228 -16.228
  -6.705 -49.500     NaN
  -6.702 -49.500 -49.500
  -6.700 -49.500     NaN
  -6.698 -49.500 -49.500
  -6.696 -49.500 -49.500
  -6.693 -49.500 -49.500
  -6.691 -49.500 -49.500
  -6.689 -49.500 -49.500
  -6.687 -16.179 -49.500
  -6.684 -49.500 -49.500
  -6.682 -49.500 -49.500
  -6.680 -16.547 -49.500
  -6.678 -49.500 -49.500
  -6.675 -49.500 -49.500
  -6.673 -49.500     NaN
  -6.671 -49.500 -49.500
  -6.669 -49.500     NaN
  -6.667 -49.500 -49.500
  -6.665 -49.500 -49.500
  -6.663 -49.500 -49.500
  -6.661 -49.500 -49.500
  -6.658 -49.500 -49.500
  -6.656 -49.500 -49.500
  -6.654 -49.500 -49.500
  -6.652 -49.500 -49.500
  -6.650 -49.500 -49.500
  -6.648 -49.500     NaN
  -6.646 -49.500 -49.500
  -6.644 -49.500 -49.500
  -6.642 -49.500 -49.500
  -6.640 -49.500 -49.500
  -6.638 -49.500 -49.500
  -6.636 -49.500 -49.500
  -6.634 -49.500 -49.500
  -6.632 -49.500 -49.500
  -6.630 -49.500 -49.500
  -6.628 -16.391 -16.391
  -6.626 -49.500 -49.500
  -6.624 -49.500 -49.500
  -6.622 -49.500     NaN
  -6.620 -49.500 -49.500
  -6.618 -49.500 -49.500
  -6.617 -49.500 -49.500
  -6.615 -49.500 -49.500
  -6.613 -49.500 -49.500
  -6.611 -16.599 -16.599
  -6.609 -49.500 -49.500
  -6.607 -49.500 -49.500
  -6.605 -49.500 -49.500
  -6.603 -16.494 -16.494
  -6.602 -49.500 -49.500
  -6.600 -49.500 -49.500
  -6.598 -16.192 -49.500
  -6.596 -49.500 -49.500
  -6.594 -16.340 -16.340
