  -8.861 -13.999 -13.999
  -8.599 -14.115 -14.115
  -8.442 -14.266 -14.266
  -8.329 -14.306 -14.306
  -8.239 -14.266 -14.266
  -8.166 -14.288 -14.288
  -8.103 -14.425 -14.425
  -8.048 -14.586 -14.586
  -7.999 -14.508 -14.508
  -7.955 -14.695 -14.695
  -7.916 -14.640 -14.640
  -7.879 -14.655 -14.655
  -7.846 -14.865 -14.865
  -7.815 -14.914 -14.914
  -7.786 -14.667 -14.925
  -7.758 -14.933 -14.933
  -7.733 -14.651 -14.651
  -7.709 -14.962 -14.962
  -7.686 -14.886 -15.126
  -7.664 -14.341 -14.692
  -7.643 -14.847 -14.847
  -7.624 -15.080 -15.080
  -7.605 -15.011 -15.011
  -7.586 -14.648 -15.127
  -7.569 -14.829 -15.225
  -7.552 -14.883 -15.362
  -7.536 -15.201 -15.201
  -7.521 -15.148 -15.148
  -7.506 -15.300 -15.300
  -7.491 -14.341 -15.390
  -7.477 -15.344 -15.344
  -7.464 -15.159 -15.364
  -7.451 -15.511 -15.511
  -7.438 -15.346 -15.346
  -7.425 -15.124 -15.307
  -7.413 -15.032 -15.308
  -7.401 -15.251 -15.251
  -7.390 -15.693 -15.693
  -7.379 -15.512 -15.816
  -7.368 -15.305 -15.305
  -7.357 -15.106 -15.406
  -7.347 -15.925 -15.925
  -7.337 -15.204 -15.204
  -7.327 -15.342 -15.342
  -7.317 -15.574 -15.772
  -7.308 -15.725 -15.725
  -7.299 -15.220 -15.220
  -7.290 -15.806 -15.964
  -7.281 -15.654 -15.848
  -7.272 -14.918 -15.180
  -7.264 -15.260 -15.260
  -7.255 -16.146 -16.146
  -7.247 -14.459 -15.362
  -7.239 -14.752 -15.620
  -7.231 -15.239 -15.527
  -7.223 -15.739 -16.109
  -7.216 -15.977 -15.977
  -7.208 -15.648 -16.095
  -7.201 -15.306 -15.306
  -7.194 -15.715 -15.715
  -7.187 -15.945 -16.197
  -7.180 -15.952 -16.144
  -7.173 -15.550 -16.029
  -7.166 -14.679 -15.623
  -7.159 -15.485 -15.807
  -7.153 -15.658 -16.261
  -7.146 -15.492 -16.430
  -7.140 -15.705 -16.305
  -7.133 -15.867 -16.080
  -7.127 -15.836 -16.225
  -7.121 -15.971 -16.509
  -7.115 -15.922 -16.240
  -7.109 -16.341 -16.341
  -7.103 -16.009 -16.009
  -7.098 -15.573 -16.260
  -7.092 -15.381 -15.681
  -7.086 -16.002 -16.547
  -7.081 -15.588 -16.108
  -7.075 -16.578 -16.578
  -7.070 -16.015 -16.731
  -7.064 -15.299 -16.274
  -7.059 -15.153 -15.678
  -7.054 -16.116 -16.327
  -7.049 -21.432 -21.432
  -7.043 -16.378 -17.133
  -7.038 -16.548 -17.147
  -7.033 -16.184 -16.764
  -7.029 -15.774 -16.185
  -7.024 -16.081 -16.360
  -7.019 -16.334 -16.608
  -7.014 -15.012 -15.328
  -7.009 -16.433 -16.746
  -7.005 -16.404 -16.404
  -7.000 -16.719 -17.103
  -6.995 -16.521 -16.521
  -6.991 -16.240 -16.938
  -6.986 -14.849 -16.204
  -6.982 -15.603 -15.824
  -6.978 -16.465 -16.828
  -6.973 -16.608 -49.500
  -6.969 -16.586 -49.500
  -6.965 -16.850 -49.500
  -6.961 -15.382 -16.073
  -6.956 -15.478 -16.790
  -6.952 -49.500     NaN
  -6.948 -16.270 -16.820
  -6.944 -16.417 -16.417
  -6.940 -16.792 -17.157
  -6.936 -15.504 -16.282
  -6.932 -16.630 -16.805
  -6.928 -14.417 -16.801
  -6.924 -16.632 -16.632
  -6.920 -23.145 -23.145
  -6.917 -15.588 -16.218
  -6.913 -16.837 -49.500
  -6.909 -22.867 -22.867
  -6.905 -15.333 -16.873
  -6.902 -16.252 -16.522
  -6.898 -16.805 -17.170
  -6.894 -16.546 -16.882
  -6.891 -16.641 -16.812
  -6.887 -16.361 -16.562
  -6.884 -49.500 -49.500
  -6.880 -16.114 -49.500
  -6.877 -49.500     NaN
  -6.873 -16.745 -49.500
  -6.870 -15.980 -16.244
  -6.867 -16.457 -16.457
  -6.863 -15.216 -16.080
  -6.860 -16.949 -49.500
  -6.857 -16.387 -49.500
  -6.853 -16.617 -16.850
  -6.850 -16.135 -49.500
  -6.847 -15.045 -16.642
  -6.844 -16.369 -16.775
  -6.840 -15.909 -16.194
  -6.837 -16.899 -49.500
  -6.834 -16.607 -17.067
  -6.831 -16.738 -49.500
  -6.828 -49.500     NaN
  -6.825 -15.979 -16.554
  -6.822 -15.904 -16.734
  -6.819 -16.198 -16.670
  -6.816 -16.229 -16.493
  -6.813 -49.500     NaN
  -6.810 -16.454 -16.454
  -6.807 -15.916 -16.100
  -6.804 -17.037 -49.500
  -6.801 -16.632 -17.000
  -6.798 -16.674 -49.500
  -6.795 -49.500     NaN
  -6.792 -15.371 -49.500
  -6.789 -49.500     NaN
  -6.787 -49.500     NaN
  -6.784 -15.796 -49.500
  -6.781 -16.468 -17.021
  -6.778 -49.500     NaN
  -6.775 -49.500     NaN
  -6.773 -49.500 -49.500
  -6.770 -49.500     NaN
  -6.767 -49.500     NaN
  -6.765 -16.783 -17.125
  -6.762 -49.500 -49.500
  -6.759 -49.500 -49.500
  -6.757 -49.500     NaN
  -6.754 -49.500     NaN
  -6.751 -49.500 -49.500
  -6.749 -49.500     NaN
  -6.746 -15.172 -49.500
  -6.744 -49.500     NaN
  -6.741 -49.500 -49.500
  -6.739 -49.500 -49.500
  -6.736 -16.863 -49.500
  -6.734 -49.500 -49.500
  -6.731 -16.086 -16.086
  -6.729 -49.500     NaN
  -6.726 -49.500 -49.500
  -6.724 -49.500     NaN
  -6.721 -16.675 -49.500
  -6.719 -16.770 -16.770
  -6.717 -49.500 -49.500
  -6.714 -49.500     NaN
  -6.712 -16.171 -16.171
  -6.709 -49.500 -49.500
  -6.707 -16.368 -16.368
  -6.705 -49.500     NaN
  -6.702 -49.500     NaN
  -6.700 -49.500 -49.500
  -6.698 -49.500 -49.500
  -6.696 -49.500 -49.500
  -6.693 -49.500 -49.500
  -6.691 -49.500 -49.500
  -6.689 -49.500     NaN
  -6.687 -49.500 -49.500
  -6.684 -49.500 -49.500
  -6.682 -49.500 -49.500
  -6.680 -49.500 -49.500
  -6.678 -49.500 -49.500
  -6.675 -49.500 -49.500
  -6.673 -49.500     NaN
  -6.671 -49.500 -49.500
  -6.669 -49.500     NaN
  -6.667 -49.500 -49.500
  -6.665 -49.500 -49.500
  -6.663 -49.500     NaN
  -6.661 -49.500 -49.500
  -6.658 -49.500 -49.500
  -6.656 -49.500 -49.500
  -6.654 -15.806 -15.806
  -6.652 -49.500 -49.500
  -6.650 -49.500 -49.500
  -6.648 -49.500     NaN
  -6.646 -49.500 -49.500
  -6.644 -49.500 -49.500
  -6.642 -49.500     NaN
  -6.640 -49.500 -49.500
  -6.638 -49.500 -49.500
  -6.636 -49.500 -49.500
  -6.634 -49.500 -49.500
  -6.632 -49.500 -49.500
  -6.630 -16.549 -16.549
  -6.628 -49.500 -49.500
  -6.626 -49.500 -49.500
  -6.624 -49.500 -49.500
  -6.622 -49.500 -49.500
  -6.620 -49.500 -49.500
  -6.618 -16.885 -49.500
  -6.617 -49.500 -49.500
  -6.615 -49.500 -49.500
  -6.613 -49.500 -49.500
  -6.611 -49.500 -49.500
  -6.609 -16.607 -49.500
  -6.607 -49.500 -49.500
  -6.605 -49.500     NaN
  -6.603 -16.580 -16.580
  -6.602 -16.703 -16.703
  -6.600 -49.500 -49.500
  -6.598 -49.500 -49.500
  -6.596 -49.500 -49.500
  -6.594 -49.500     NaN
