  -8.861 -13.980 -13.980
  -8.599 -14.139 -14.139
  -8.442 -14.278 -14.278
  -8.329 -14.287 -14.287
  -8.239 -14.400 -14.400
  -8.166 -14.437 -14.437
  -8.103 -14.553 -14.553
  -8.048 -14.567 -14.567
  -7.999 -14.691 -14.691
  -7.955 -14.659 -14.659
  -7.916 -14.661 -14.661
  -7.879 -14.684 -14.684
  -7.846 -14.832 -14.832
  -7.815 -14.859 -14.859
  -7.786 -14.774 -14.774
  -7.758 -14.938 -14.938
  -7.733 -14.898 -14.898
  -7.709 -14.477 -14.681
  -7.686 -14.664 -15.056
  -7.664 -14.848 -15.033
  -7.643 -14.965 -14.965
  -7.624 -14.912 -14.912
  -7.605 -14.905 -15.074
  -7.586 -15.166 -15.368
  -7.569 -15.058 -15.058
  -7.552 -14.820 -15.013
  -7.536 -14.995 -14.995
  -7.521 -15.015 -15.246
  -7.506 -15.225 -15.225
  -7.491 -14.990 -15.283
  -7.477 -14.825 -15.340
  -7.464 -15.363 -15.363
  -7.451 -15.420 -15.420
  -7.438 -15.017 -15.215
  -7.425 -15.188 -15.421
  -7.413 -15.213 -15.424
  -7.401 -15.640 -15.640
  -7.390 -15.429 -15.429
  -7.379 -15.316 -15.499
  -7.368 -15.027 -15.498
  -7.357 -15.173 -15.173
  -7.347 -15.082 -15.273
  -7.337 -15.376 -15.604
  -7.327 -15.366 -15.684
  -7.317 -15.480 -15.686
  -7.308 -15.726 -15.726
  -7.299 -15.709 -15.709
  -7.290 -15.561 -15.900
  -7.281 -15.716 -15.921
  -7.272 -15.299 -15.616
  -7.264 -15.376 -15.376
  -7.255 -15.573 -15.573
  -7.247 -15.996 -16.216
  -7.239 -15.419 -15.419
  -7.231 -15.696 -15.951
  -7.223 -15.613 -15.930
  -7.216 -15.368 -15.943
  -7.208 -15.557 -15.940
  -7.201 -15.904 -15.904
  -7.194 -15.938 -16.094
  -7.187 -15.826 -15.826
  -7.180 -15.563 -15.563
  -7.173 -15.607 -15.809
  -7.166 -15.551 -15.551
  -7.159 -15.047 -16.429
  -7.153 -15.113 -15.447
  -7.146 -14.789 -15.853
  -7.140 -15.298 -15.571
  -7.133 -16.495 -16.495
  -7.127 -15.455 -16.399
  -7.121 -14.312 -16.077
  -7.115 -15.987 -15.987
  -7.109 -16.170 -16.170
  -7.103 -16.310 -16.583
  -7.098 -15.380 -15.944
  -7.092 -15.035 -16.296
  -7.086 -15.291 -16.300
  -7.081 -16.330 -16.510
  -7.075 -16.079 -16.079
  -7.070 -15.991 -15.991
  -7.064 -15.520 -15.707
  -7.059 -15.498 -16.426
  -7.054 -16.403 -16.913
  -7.049 -15.702 -16.271
  -7.043 -15.948 -16.175
  -7.038 -15.225 -15.925
  -7.033 -16.921 -17.086
  -7.029 -16.304 -16.592
  -7.024 -16.806 -16.806
  -7.019 -16.346 -16.656
  -7.014 -16.040 -16.367
  -7.009 -15.508 -16.009
  -7.005 -15.724 -16.890
  -7.000 -15.607 -16.323
  -6.995 -16.331 -16.546
  -6.991 -16.789 -17.327
  -6.986 -16.923 -17.097
  -6.982 -16.281 -16.460
  -6.978 -17.039 -21.787
  -6.973 -16.234 -16.234
  -6.969 -17.073 -22.658
  -6.965 -16.311 -16.577
  -6.961 -15.976 -16.383
  -6.956 -17.448 -49.500
  -6.952 -15.431 -16.696
  -6.948 -16.361 -16.783
  -6.944 -17.305 -49.500
  -6.940 -16.634 -16.987
  -6.936 -16.154 -17.191
  -6.932 -16.131 -16.594
  -6.928 -15.161 -16.084
  -6.924 -15.661 -16.079
  -6.920 -15.599 -17.048
  -6.917 -16.537 -16.935
  -6.913 -16.681 -49.500
  -6.909 -16.483 -16.659
  -6.905 -17.060 -49.500
  -6.902 -17.144 -22.329
  -6.898 -16.501 -16.823
  -6.894 -14.883 -49.500
  -6.891 -16.564 -16.765
  -6.887 -15.658 -15.829
  -6.884 -16.281 -49.500
  -6.880 -16.315 -49.500
  -6.877 -16.704 -16.954
  -6.873 -16.799 -17.189
  -6.870 -16.359 -16.726
  -6.867 -14.652 -17.060
  -6.863 -16.652 -16.869
  -6.860 -17.308 -49.500
  -6.857 -17.024 -49.500
  -6.853 -16.295 -16.683
  -6.850 -16.207 -16.946
  -6.847 -49.500     NaN
  -6.844 -16.793 -17.019
  -6.840 -49.500     NaN
  -6.837 -16.597 -49.500
  -6.834 -49.500     NaN
  -6.831 -15.893 -16.681
  -6.828 -16.750 -17.201
  -6.825 -16.746 -49.500
  -6.822 -16.335 -17.221
  -6.819 -16.980 -49.500
  -6.816 -49.500     NaN
  -6.813 -49.500     NaN
  -6.810 -15.371 -16.529
  -6.807 -16.113 -16.450
  -6.804 -16.232 -16.626
  -6.801 -17.291 -17.291
  -6.798 -49.500     NaN
  -6.795 -49.500     NaN
  -6.792 -16.516 -16.822
  -6.789 -16.239 -17.197
  -6.787 -49.500     NaN
  -6.784 -16.442 -49.500
  -6.781 -16.307 -16.579
  -6.778 -16.508 -49.500
  -6.775 -16.325 -49.500
  -6.773 -49.500 -49.500
  -6.770 -49.500     NaN
  -6.767 -49.500     NaN
  -6.765 -49.500     NaN
  -6.762 -49.500     NaN
  -6.759 -16.855 -49.500
  -6.757 -16.358 -49.500
  -6.754 -49.500     NaN
  -6.751 -16.409 -49.500
  -6.749 -49.500 -49.500
  -6.746 -49.500     NaN
  -6.744 -49.500 -49.500
  -6.741 -49.500 -49.500
  -6.739 -49.500     NaN
  -6.736 -16.076 -49.500
  -6.734 -49.500     NaN
  -6.731 -16.543 -49.500
  -6.729 -49.500     NaN
  -6.726 -49.500 -49.500
  -6.724 -16.751 -49.500
  -6.721 -49.500 -49.500
  -6.719 -49.500 -49.500
  -6.717 -16.471 -49.500
  -6.714 -49.500 -49.500
  -6.712 -49.500     NaN
  -6.709 -49.500     NaN
  -6.707 -49.500 -49.500
  -6.705 -49.500 -49.500
  -6.702 -16.852 -16.852
  -6.700 -49.500     NaN
  -6.698 -49.500 -49.500
  -6.696 -16.858 -16.858
  -6.693 -49.500     NaN
  -6.691 -16.395 -49.500
  -6.689 -15.445 -15.445
  -6.687 -15.516 -15.516
  -6.684 -49.500 -49.500
  -6.682 -49.500 -49.500
  -6.680 -49.500 -49.500
  -6.678 -16.727 -16.727
  -6.675 -15.528 -15.528
  -6.673 -49.500 -49.500
  -6.671 -49.500 -49.500
  -6.669 -16.398 -16.398
  -6.667 -49.500 -49.500
  -6.665 -49.500 -49.500
  -6.663 -49.500 -49.500
  -6.661 -49.500 -49.500
  -6.658 -49.500     NaN
  -6.656 -49.500 -49.500
  -6.654 -49.500 -49.500
  -6.652 -49.500 -49.500
  -6.650 -49.500 -49.500
  -6.648 -49.500 -49.500
  -6.646 -49.500     NaN
  -6.644 -49.500 -49.500
  -6.642 -49.500 -49.500
  -6.640 -49.500 -49.500
  -6.638 -49.500 -49.500
  -6.636 -49.500 -49.500
  -6.634 -49.500 -49.500
  -6.632 -49.500 -49.500
  -6.630 -49.500 -49.500
  -6.628 -49.500 -49.500
  -6.626 -49.500 -49.500
  -6.624 -49.500 -49.500
  -6.622 -49.500 -49.500
  -6.620 -49.500 -49.500
  -6.618 -49.500 -49.500
  -6.617 -49.500 -49.500
  -6.615 -49.500 -49.500
  -6.613 -49.500 -49.500
  -6.611 -49.500 -49.500
  -6.609 -49.500 -49.500
  -6.607 -49.500 -49.500
  -6.605 -49.500 -49.500
  -6.603 -49.500 -49.500
  -6.602 -49.500 -49.500
  -6.600 -16.069 -49.500
  -6.598 -15.862 -49.500
  -6.596 -49.500 -49.500
  -6.594 -49.500 -49.500
