  -8.861 -13.965 -13.965
  -8.599 -14.111 -14.111
  -8.442 -14.135 -14.135
  -8.329 -13.870 -14.152
  -8.239 -14.354 -14.354
  -8.166 -14.499 -14.499
  -8.103 -14.494 -14.494
  -8.048 -14.546 -14.546
  -7.999 -14.716 -14.716
  -7.955 -14.491 -14.491
  -7.916 -14.760 -14.760
  -7.879 -14.718 -14.718
  -7.846 -13.999 -14.567
  -7.815 -14.856 -14.856
  -7.786 -14.781 -14.781
  -7.758 -14.962 -14.962
  -7.733 -14.523 -14.987
  -7.709 -14.715 -14.715
  -7.686 -14.740 -15.023
  -7.664 -15.192 -15.192
  -7.643 -15.156 -15.156
  -7.624 -14.993 -14.993
  -7.605 -14.960 -15.217
  -7.586 -15.046 -15.046
  -7.569 -15.271 -15.271
  -7.552 -15.129 -15.386
  -7.536 -15.153 -15.368
  -7.521 -15.128 -15.313
  -7.506 -15.075 -15.075
  -7.491 -14.299 -15.287
  -7.477 -15.375 -15.375
  -7.464 -15.078 -15.078
  -7.451 -15.436 -15.589
  -7.438 -15.212 -15.212
  -7.425 -15.514 -15.514
  -7.413 -15.283 -15.283
  -7.401 -15.024 -15.024
  -7.390 -15.093 -15.093
  -7.379 -14.976 -15.451
  -7.368 -15.622 -15.884
  -7.357 -15.289 -15.504
  -7.347 -15.840 -15.840
  -7.337 -15.660 -15.660
  -7.327 -15.851 -15.851
  -7.317 -15.553 -15.796
  -7.308 -15.353 -15.792
  -7.299 -15.331 -15.737
  -7.290 -15.682 -16.011
  -7.281 -14.691 -15.603
  -7.272 -15.705 -15.961
  -7.264 -14.916 -15.635
  -7.255 -15.946 -16.131
  -7.247 -15.782 -15.782
  -7.239 -15.825 -15.825
  -7.231 -14.829 -15.213
  -7.223 -15.248 -15.553
  -7.216 -15.305 -15.668
  -7.208 -16.020 -16.020
  -7.201 -16.036 -16.297
  -7.194 -15.802 -15.802
  -7.187 -15.850 -16.051
  -7.180 -15.237 -16.145
  -7.173 -15.912 -15.912
  -7.166 -15.752 -15.967
  -7.159 -15.823 -16.045
  -7.153 -16.084 -16.084
  -7.146 -15.067 -15.764
  -7.140 -16.058 -16.058
  -7.133 -15.932 -16.584
  -7.127 -16.054 -16.054
  -7.121 -16.058 -16.304
  -7.115 -16.245 -16.507
  -7.109 -16.445 -16.445
  -7.103 -15.178 -15.366
  -7.098 -15.009 -15.573
  -7.092 -15.405 -15.560
  -7.086 -16.251 -16.457
  -7.081 -16.617 -16.617
  -7.075 -14.754 -16.234
  -7.070 -15.369 -15.583
  -7.064 -16.638 -16.638
  -7.059 -16.424 -16.424
  -7.054 -16.037 -16.405
  -7.049 -15.850 -16.195
  -7.043 -15.711 -16.199
  -7.038 -17.017 -17.306
  -7.033 -15.750 -16.181
  -7.029 -16.080 -16.500
  -7.024 -16.059 -17.048
  -7.019 -16.808 -16.808
  -7.014 -16.151 -16.469
  -7.009 -16.630 -16.630
  -7.005 -16.229 -16.566
  -7.000 -16.502 -16.669
  -6.995 -16.062 -49.500
  -6.991 -15.413 -15.818
  -6.986 -16.614 -16.778
  -6.982 -15.845 -16.271
  -6.978 -15.551 -15.849
  -6.973 -16.753 -17.071
  -6.969 -16.449 -16.694
  -6.965 -16.157 -16.321
  -6.961 -16.493 -16.837
  -6.956 -15.578 -23.179
  -6.952 -16.461 -16.696
  -6.948 -15.881 -16.824
  -6.944 -14.892 -16.784
  -6.940 -17.063 -17.395
  -6.936 -16.229 -17.007
  -6.932 -16.251 -17.043
  -6.928 -16.368 -23.087
  -6.924 -14.893 -16.027
  -6.920 -16.695 -16.695
  -6.917 -17.073 -17.261
  -6.913 -16.860 -17.464
  -6.909 -16.911 -17.144
  -6.905 -16.232 -49.500
  -6.902 -15.656 -16.691
  -6.898 -16.435 -16.591
  -6.894 -16.437 -16.817
  -6.891 -16.883 -49.500
  -6.887 -17.040 -49.500
  -6.884 -15.034 -16.467
  -6.880 -17.125 -49.500
  -6.877 -15.810 -16.968
  -6.873 -16.133 -16.612
  -6.870 -17.127 -49.500
  -6.867 -14.234 -49.500
  -6.863 -17.126 -49.500
  -6.860 -13.915 -16.303
  -6.857 -15.563 -15.765
  -6.853 -17.091 -49.500
  -6.850 -14.902 -15.305
  -6.847 -16.378 -49.500
  -6.844 -14.905 -16.523
  -6.840 -16.722 -49.500
  -6.837 -16.618 -49.500
  -6.834 -15.962 -16.433
  -6.831 -17.058 -49.500
  -6.828 -15.348 -16.481
  -6.825 -49.500     NaN
  -6.822 -16.476 -16.733
  -6.819 -16.085 -16.296
  -6.816 -49.500     NaN
  -6.813 -16.411 -16.710
  -6.810 -16.571 -16.754
  -6.807 -16.440 -49.500
  -6.804 -15.292 -49.500
  -6.801 -16.902 -49.500
  -6.798 -16.499 -49.500
  -6.795 -16.621 -49.500
  -6.792 -17.136 -49.500
  -6.789 -49.500 -49.500
  -6.787 -49.500 -49.500
  -6.784 -17.135 -49.500
  -6.781 -16.916 -49.500
  -6.778 -16.549 -16.921
  -6.775 -49.500     NaN
  -6.773 -16.719 -16.947
  -6.770 -49.500     NaN
  -6.767 -49.500 -49.500
  -6.765 -49.500     NaN
  -6.762 -49.500 -49.500
  -6.759 -49.500 -49.500
  -6.757 -16.357 -16.580
  -6.754 -49.500 -49.500
  -6.751 -49.500 -49.500
  -6.749 -17.010 -49.500
  -6.746 -49.500 -49.500
  -6.744 -49.500 -49.500
  -6.741 -49.500 -49.500
  -6.739 -49.500     NaN
  -6.736 -17.271 -49.500
  -6.734 -49.500     NaN
  -6.731 -49.500     NaN
  -6.729 -49.500 -49.500
  -6.726 -49.500 -49.500
  -6.724 -49.500     NaN
  -6.721 -49.500 -49.500
  -6.719 -49.500     NaN
  -6.717 -49.500     NaN
  -6.714 -16.903 -16.903
  -6.712 -49.500     NaN
  -6.709 -16.576 -16.576
  -6.707 -49.500     NaN
  -6.705 -49.500     NaN
  -6.702 -16.609 -16.609
  -6.700 -49.500     NaN
  -6.698 -16.475 -49.500
  -6.696 -49.500     NaN
  -6.693 -49.500 -49.500
  -6.691 -49.500 -49.500
  -6.689 -16.883 -16.883
  -6.687 -49.500     NaN
  -6.684 -15.923 -49.500
  -6.682 -49.500 -49.500
  -6.680 -49.500 -49.500
  -6.678 -49.500     NaN
  -6.675 -16.652 -49.500
  -6.673 -49.500 -49.500
  -6.671 -49.500 -49.500
  -6.669 -49.500     NaN
  -6.667 -49.500 -49.500
  -6.665 -49.500 -49.500
  -6.663 -16.550 -16.550
  -6.661 -16.724 -16.724
  -6.658 -49.500 -49.500
  -6.656 -49.500 -49.500
  -6.654 -16.916 -16.916
  -6.652 -49.500 -49.500
  -6.650 -49.500 -49.500
  -6.648 -16.761 -49.500
  -6.646 -49.500 -49.500
  -6.644 -49.500 -49.500
  -6.642 -16.249 -16.249
  -6.640 -49.500 -49.500
  -6.638 -49.500 -49.500
  -6.636 -16.152 -49.500
  -6.634 -49.500 -49.500
  -6.632 -49.500 -49.500
  -6.630 -49.500 -49.500
  -6.628 -49.500 -49.500
  -6.626 -16.826 -16.826
  -6.624 -49.500     NaN
  -6.622 -16.888 -16.888
  -6.620 -49.500 -49.500
  -6.618 -49.500 -49.500
  -6.617 -49.500 -49.500
  -6.615 -49.500 -49.500
  -6.613 -49.500 -49.500
  -6.611 -49.500 -49.500
  -6.609 -49.500     NaN
  -6.607 -49.500 -49.500
  -6.605 -49.500 -49.500
  -6.603 -49.500 -49.500
  -6.602 -49.500 -49.500
  -6.600 -16.212 -16.212
  -6.598 -16.267 -16.267
  -6.596 -15.505 -15.505
  -6.594 -49.500     NaN
