  -8.861 -13.984 -13.984
  -8.599 -14.140 -14.140
  -8.442 -14.189 -14.189
  -8.329 -14.268 -14.268
  -8.239 -14.378 -14.378
  -8.166 -14.419 -14.419
  -8.103 -14.557 -14.557
  -8.048 -14.413 -14.413
  -7.999 -14.484 -14.484
  -7.955 -14.645 -14.645
  -7.916 -14.786 -14.786
  -7.879 -14.123 -14.771
  -7.846 -14.466 -14.825
  -7.815 -14.792 -14.792
  -7.786 -14.874 -14.874
  -7.758 -14.544 -14.880
  -7.733 -14.741 -14.741
  -7.709 -14.779 -14.779
  -7.686 -15.103 -15.103
  -7.664 -15.175 -15.175
  -7.643 -15.172 -15.172
  -7.624 -15.231 -15.231
  -7.605 -15.097 -15.097
  -7.586 -14.653 -15.131
  -7.569 -15.238 -15.238
  -7.552 -15.467 -15.467
  -7.536 -15.251 -15.456
  -7.521 -14.877 -15.100
  -7.506 -14.500 -15.137
  -7.491 -15.385 -15.385
  -7.477 -15.022 -15.361
  -7.464 -14.864 -15.207
  -7.451 -15.174 -15.395
  -7.438 -15.433 -15.433
  -7.425 -15.626 -15.626
  -7.413 -15.151 -15.653
  -7.401 -14.961 -15.305
  -7.390 -15.461 -15.740
  -7.379 -15.063 -15.668
  -7.368 -15.256 -15.484
  -7.357 -15.720 -15.720
  -7.347 -14.666 -14.827
  -7.337 -15.275 -15.517
  -7.327 -15.981 -15.981
  -7.317 -15.779 -15.779
  -7.308 -15.673 -15.925
  -7.299 -15.511 -15.676
  -7.290 -15.234 -15.427
  -7.281 -15.741 -15.741
  -7.272 -15.518 -15.789
  -7.264 -15.585 -15.886
  -7.255 -15.419 -15.884
  -7.247 -15.617 -15.617
  -7.239 -15.584 -15.584
  -7.231 -15.393 -15.582
  -7.223 -15.926 -16.078
  -7.216 -15.827 -15.827
  -7.208 -16.118 -16.118
  -7.201 -15.766 -15.766
  -7.194 -16.122 -16.287
  -7.187 -16.407 -16.407
  -7.180 -15.951 -15.951
  -7.173 -15.773 -16.320
  -7.166 -16.182 -16.182
  -7.159 -15.277 -16.415
  -7.153 -16.032 -16.408
  -7.146 -15.023 -15.965
  -7.140 -15.253 -15.253
  -7.133 -15.913 -16.290
  -7.127 -15.818 -16.260
  -7.121 -15.399 -16.347
  -7.115 -16.011 -16.011
  -7.109 -15.839 -16.143
  -7.103 -15.711 -16.334
  -7.098 -15.828 -16.035
  -7.092 -14.670 -16.301
  -7.086 -15.587 -15.979
  -7.081 -16.142 -16.142
  -7.075 -16.460 -16.634
  -7.070 -16.188 -16.801
  -7.064 -15.225 -15.680
  -7.059 -16.363 -16.682
  -7.054 -15.042 -16.575
  -7.049 -15.297 -16.281
  -7.043 -16.881 -17.036
  -7.038 -16.788 -16.788
  -7.033 -15.143 -15.390
  -7.029 -15.933 -16.360
  -7.024 -15.915 -16.419
  -7.019 -16.070 -16.228
  -7.014 -16.449 -16.449
  -7.009 -16.295 -16.575
  -7.005 -16.527 -16.792
  -7.000 -16.181 -16.588
  -6.995 -15.063 -15.556
  -6.991 -16.358 -16.358
  -6.986 -15.128 -49.500
  -6.982 -16.275 -16.637
  -6.978 -15.472 -22.389
  -6.973 -16.232 -16.571
  -6.969 -16.060 -16.653
  -6.965 -17.322 -49.500
  -6.961 -15.406 -16.071
  -6.956 -15.626 -16.778
  -6.952 -16.077 -16.327
  -6.948 -16.788 -16.788
  -6.944 -15.871 -16.628
  -6.940 -16.392 -16.728
  -6.936 -16.193 -16.947
  -6.932 -16.252 -49.500
  -6.928 -14.656 -16.885
  -6.924 -16.677 -49.500
  -6.920 -16.583 -49.500
  -6.917 -16.132 -16.407
  -6.913 -15.586 -16.889
  -6.909 -16.400 -49.500
  -6.905 -16.188 -16.387
  -6.902 -16.517 -17.199
  -6.898 -16.833 -49.500
  -6.894 -16.301 -16.301
  -6.891 -49.500     NaN
  -6.887 -14.753 -16.459
  -6.884 -16.216 -16.683
  -6.880 -16.844 -49.500
  -6.877 -16.575 -16.809
  -6.873 -15.917 -16.593
  -6.870 -16.064 -49.500
  -6.867 -15.510 -16.306
  -6.863 -16.346 -16.714
  -6.860 -16.147 -49.500
  -6.857 -49.500     NaN
  -6.853 -16.182 -16.775
  -6.850 -16.903 -49.500
  -6.847 -17.362 -49.500
  -6.844 -15.600 -17.208
  -6.840 -16.700 -49.500
  -6.837 -16.548 -49.500
  -6.834 -16.601 -16.916
  -6.831 -15.955 -16.310
  -6.828 -15.405 -16.657
  -6.825 -16.786 -49.500
  -6.822 -16.412 -17.168
  -6.819 -16.961 -49.500
  -6.816 -16.445 -49.500
  -6.813 -49.500     NaN
  -6.810 -49.500     NaN
  -6.807 -49.500     NaN
  -6.804 -16.355 -16.922
  -6.801 -16.305 -49.500
  -6.798 -49.500     NaN
  -6.795 -49.500 -49.500
  -6.792 -49.500     NaN
  -6.789 -16.357 -49.500
  -6.787 -15.646 -16.673
  -6.784 -49.500     NaN
  -6.781 -17.002 -49.500
  -6.778 -16.398 -16.398
  -6.775 -49.500 -49.500
  -6.773 -17.080 -49.500
  -6.770 -49.500     NaN
  -6.767 -49.500     NaN
  -6.765 -49.500     NaN
  -6.762 -49.500 -49.500
  -6.759 -49.500 -49.500
  -6.757 -16.863 -16.863
  -6.754 -17.422 -49.500
  -6.751 -16.434 -17.058
  -6.749 -16.635 -49.500
  -6.746 -16.421 -16.421
  -6.744 -16.831 -49.500
  -6.741 -49.500 -49.500
  -6.739 -16.008 -16.008
  -6.736 -49.500     NaN
  -6.734 -49.500 -49.500
  -6.731 -49.500     NaN
  -6.729 -49.500 -49.500
  -6.726 -49.500 -49.500
  -6.724 -15.332 -49.500
  -6.721 -49.500 -49.500
  -6.719 -49.500     NaN
  -6.717 -16.636 -17.146
  -6.714 -49.500 -49.500
  -6.712 -15.983 -16.706
  -6.709 -49.500     NaN
  -6.707 -15.324 -16.354
  -6.705 -16.134 -16.134
  -6.702 -49.500 -49.500
  -6.700 -49.500 -49.500
  -6.698 -49.500 -49.500
  -6.696 -16.773 -49.500
  -6.693 -49.500 -49.500
  -6.691 -16.109 -49.500
  -6.689 -49.500 -49.500
  -6.687 -49.500     NaN
  -6.684 -49.500 -49.500
  -6.682 -49.500 -49.500
  -6.680 -49.500 -49.500
  -6.678 -16.128 -16.128
  -6.675 -49.500 -49.500
  -6.673 -16.661 -49.500
  -6.671 -49.500 -49.500
  -6.669 -49.500 -49.500
  -6.667 -49.500 -49.500
  -6.665 -49.500     NaN
  -6.663 -49.500 -49.500
  -6.661 -49.500 -49.500
  -6.658 -16.896 -16.896
  -6.656 -49.500     NaN
  -6.654 -49.500     NaN
  -6.652 -16.387 -16.387
  -6.650 -16.091 -16.091
  -6.648 -15.971 -49.500
  -6.646 -49.500 -49.500
  -6.644 -49.500 -49.500
  -6.642 -49.500 -49.500
  -6.640 -49.500 -49.500
  -6.638 -16.267 -16.267
  -6.636 -49.500 -49.500
  -6.634 -49.500 -49.500
  -6.632 -49.500 -49.500
  -6.630 -49.500 -49.500
  -6.628 -49.500 -49.500
  -6.626 -16.596 -16.596
  -6.624 -49.500 -49.500
  -6.622 -49.500 -49.500
  -6.620 -49.500     NaN
  -6.618 -49.500 -49.500
  -6.617 -49.500 -49.500
  -6.615 -16.890 -49.500
  -6.613 -49.500 -49.500
  -6.611 -49.500 -49.500
  -6.609 -49.500 -49.500
  -6.607 -49.500     NaN
  -6.605 -49.500 -49.500
  -6.603 -49.500 -49.500
  -6.602 -49.500 -49.500
  -6.600 -49.500 -49.500
  -6.598 -49.500 -49.500
  -6.596 -49.500 -49.500
  -6.594 -49.500 -49.500
