  -8.861 -13.910 -13.910
  -8.599 -14.044 -14.044
  -8.442 -14.287 -14.287
  -8.329 -14.292 -14.292
  -8.239 -14.379 -14.379
  -8.166 -14.146 -14.341
  -8.103 -14.568 -14.568
  -8.048 -14.454 -14.454
  -7.999 -14.518 -14.518
  -7.955 -14.697 -14.697
  -7.916 -14.703 -14.703
  -7.879 -14.690 -14.690
  -7.846 -14.368 -14.849
  -7.815 -14.806 -14.806
  -7.786 -14.984 -14.984
  -7.758 -14.651 -14.954
  -7.733 -14.976 -14.976
  -7.709 -14.484 -14.928
  -7.686 -14.906 -14.906
  -7.664 -14.706 -14.706
  -7.643 -14.897 -14.897
  -7.624 -15.075 -15.075
  -7.605 -15.188 -15.188
  -7.586 -15.172 -15.172
  -7.569 -15.092 -15.092
  -7.552 -15.077 -15.231
  -7.536 -15.130 -15.130
  -7.521 -15.349 -15.349
  -7.506 -15.494 -15.494
  -7.491 -15.306 -15.306
  -7.477 -15.109 -15.109
  -7.464 -15.288 -15.288
  -7.451 -15.187 -15.187
  -7.438 -15.448 -15.635
  -7.425 -15.244 -15.244
  -7.413 -15.455 -15.455
  -7.401 -14.777 -15.251
  -7.390 -15.690 -15.690
  -7.379 -15.104 -15.607
  -7.368 -15.828 -15.828
  -7.357 -15.614 -15.810
  -7.347 -15.102 -15.388
  -7.337 -15.370 -15.600
  -7.327 -15.154 -15.680
  -7.317 -15.831 -15.831
  -7.308 -14.674 -15.682
  -7.299 -15.656 -15.963
  -7.290 -16.056 -16.056
  -7.281 -14.668 -15.835
  -7.272 -15.525 -15.525
  -7.264 -15.426 -15.795
  -7.255 -15.363 -15.703
  -7.247 -15.617 -15.617
  -7.239 -15.739 -15.739
  -7.231 -15.584 -15.807
  -7.223 -15.907 -15.907
  -7.216 -16.083 -16.083
  -7.208 -15.667 -15.870
  -7.201 -15.743 -16.052
  -7.194 -15.178 -15.395
  -7.187 -16.328 -16.328
  -7.180 -16.262 -16.262
  -7.173 -15.396 -15.951
  -7.166 -15.097 -16.129
  -7.159 -16.110 -16.110
  -7.153 -14.579 -15.790
  -7.146 -16.136 -16.136
  -7.140 -15.254 -15.650
  -7.133 -16.160 -16.160
  -7.127 -16.027 -16.349
  -7.121 -15.188 -15.609
  -7.115 -15.530 -15.889
  -7.109 -16.125 -16.125
  -7.103 -16.126 -16.126
  -7.098 -16.034 -16.034
  -7.092 -15.586 -16.100
  -7.086 -15.850 -15.850
  -7.081 -16.214 -16.953
  -7.075 -16.211 -16.211
  -7.070 -16.507 -16.507
  -7.064 -16.389 -16.389
  -7.059 -16.431 -16.431
  -7.054 -16.104 -16.104
  -7.049 -16.327 -16.327
  -7.043 -16.307 -16.307
  -7.038 -15.305 -16.203
  -7.033 -16.909 -17.173
  -7.029 -16.750 -16.961
  -7.024 -15.726 -16.355
  -7.019 -15.869 -16.045
  -7.014 -16.308 -16.467
  -7.009 -15.355 -15.579
  -7.005 -16.086 -16.943
  -7.000 -15.914 -16.342
  -6.995 -15.784 -15.999
  -6.991 -16.202 -16.202
  -6.986 -16.334 -16.334
  -6.982 -17.134 -17.423
  -6.978 -16.590 -16.815
  -6.973 -16.435 -16.662
  -6.969 -16.771 -21.820
  -6.965 -16.536 -16.688
  -6.961 -16.706 -16.955
  -6.956 -16.196 -16.857
  -6.952 -16.550 -16.550
  -6.948 -49.500     NaN
  -6.944 -16.039 -16.308
  -6.940 -17.099 -22.884
  -6.936 -16.751 -16.974
  -6.932 -15.264 -23.179
  -6.928 -15.553 -16.562
  -6.924 -16.104 -16.104
  -6.920 -16.165 -16.787
  -6.917 -16.669 -16.669
  -6.913 -16.352 -16.634
  -6.909 -16.034 -16.390
  -6.905 -16.449 -16.748
  -6.902 -16.097 -16.359
  -6.898 -16.014 -16.263
  -6.894 -15.995 -16.990
  -6.891 -49.500     NaN
  -6.887 -16.527 -17.011
  -6.884 -49.500     NaN
  -6.880 -16.101 -49.500
  -6.877 -49.500 -49.500
  -6.873 -15.515 -16.690
  -6.870 -16.951 -49.500
  -6.867 -16.435 -16.830
  -6.863 -16.775 -49.500
  -6.860 -16.574 -16.801
  -6.857 -49.500 -49.500
  -6.853 -49.500     NaN
  -6.850 -16.387 -16.822
  -6.847 -49.500     NaN
  -6.844 -16.649 -49.500
  -6.840 -16.065 -49.500
  -6.837 -49.500     NaN
  -6.834 -14.976 -16.580
  -6.831 -16.323 -16.578
  -6.828 -16.468 -49.500
  -6.825 -16.353 -16.643
  -6.822 -49.500     NaN
  -6.819 -49.500     NaN
  -6.816 -49.500     NaN
  -6.813 -16.710 -16.710
  -6.810 -49.500     NaN
  -6.807 -16.585 -49.500
  -6.804 -17.040 -17.252
  -6.801 -16.228 -17.013
  -6.798 -49.500     NaN
  -6.795 -49.500     NaN
  -6.792 -16.678 -17.006
  -6.789 -49.500     NaN
  -6.787 -15.993 -17.001
  -6.784 -17.032 -49.500
  -6.781 -16.417 -16.417
  -6.778 -49.500 -49.500
  -6.775 -49.500     NaN
  -6.773 -49.500 -49.500
  -6.770 -16.646 -49.500
  -6.767 -49.500     NaN
  -6.765 -49.500     NaN
  -6.762 -49.500     NaN
  -6.759 -15.686 -15.686
  -6.757 -16.422 -16.422
  -6.754 -49.500     NaN
  -6.751 -49.500     NaN
  -6.749 -16.622 -49.500
  -6.746 -49.500 -49.500
  -6.744 -49.500 -49.500
  -6.741 -17.171 -17.171
  -6.739 -15.779 -17.150
  -6.736 -49.500 -49.500
  -6.734 -49.500 -49.500
  -6.731 -16.158 -16.313
  -6.729 -49.500     NaN
  -6.726 -16.460 -16.460
  -6.724 -49.500 -49.500
  -6.721 -16.634 -49.500
  -6.719 -49.500 -49.500
  -6.717 -15.777 -15.777
  -6.714 -16.009 -17.303
  -6.712 -49.500     NaN
  -6.709 -49.500 -49.500
  -6.707 -49.500 -49.500
  -6.705 -49.500 -49.500
  -6.702 -49.500 -49.500
  -6.700 -49.500     NaN
  -6.698 -16.685 -16.685
  -6.696 -49.500 -49.500
  -6.693 -16.603 -49.500
  -6.691 -49.500 -49.500
  -6.689 -49.500     NaN
  -6.687 -49.500 -49.500
  -6.684 -49.500 -49.500
  -6.682 -49.500     NaN
  -6.680 -49.500 -49.500
  -6.678 -49.500 -49.500
  -6.675 -49.500 -49.500
  -6.673 -49.500     NaN
  -6.671 -49.500 -49.500
  -6.669 -15.560 -15.560
  -6.667 -49.500     NaN
  -6.665 -49.500 -49.500
  -6.663 -49.500 -49.500
  -6.661 -49.500     NaN
  -6.658 -49.500     NaN
  -6.656 -49.500 -49.500
  -6.654 -49.500 -49.500
  -6.652 -49.500 -49.500
  -6.650 -49.500 -49.500
  -6.648 -49.500 -49.500
  -6.646 -49.500     NaN
  -6.644 -49.500 -49.500
  -6.642 -49.500 -49.500
  -6.640 -49.500 -49.500
  -6.638 -16.624 -16.624
  -6.636 -49.500     NaN
  -6.634 -49.500     NaN
  -6.632 -16.919 -16.919
  -6.630 -49.500 -49.500
  -6.628 -49.500 -49.500
  -6.626 -49.500 -49.500
  -6.624 -16.383 -16.383
  -6.622 -49.500     NaN
  -6.620 -16.347 -16.347
  -6.618 -49.500 -49.500
  -6.617 -49.500 -49.500
  -6.615 -49.500 -49.500
  -6.613 -49.500 -49.500
  -6.611 -49.500 -49.500
  -6.609 -49.500 -49.500
  -6.607 -49.500 -49.500
  -6.605 -49.500 -49.500
  -6.603 -16.633 -16.633
  -6.602 -49.500 -49.500
  -6.600 -49.500 -49.500
  -6.598 -49.500 -49.500
  -6.596 -49.500 -49.500
  -6.594 -16.388 -16.388
