  -8.861 -13.976 -13.976
  -8.599 -14.144 -14.144
  -8.442 -14.211 -14.211
  -8.329 -14.314 -14.314
  -8.239 -14.380 -14.380
  -8.166 -14.462 -14.462
  -8.103 -14.398 -14.552
  -8.048 -14.644 -14.644
  -7.999 -14.512 -14.512
  -7.955 -14.408 -14.408
  -7.916 -14.594 -14.594
  -7.879 -14.704 -14.704
  -7.846 -14.509 -14.796
  -7.815 -14.314 -14.679
  -7.786 -14.474 -14.850
  -7.758 -14.639 -14.639
  -7.733 -14.988 -14.988
  -7.709 -15.037 -15.037
  -7.686 -14.904 -14.904
  -7.664 -14.581 -14.913
  -7.643 -14.422 -15.076
  -7.624 -14.892 -14.892
  -7.605 -14.988 -14.988
  -7.586 -14.818 -15.240
  -7.569 -14.731 -15.068
  -7.552 -15.234 -15.234
  -7.536 -15.058 -15.278
  -7.521 -14.752 -15.212
  -7.506 -15.323 -15.323
  -7.491 -15.290 -15.290
  -7.477 -15.425 -15.425
  -7.464 -15.369 -15.615
  -7.451 -15.291 -15.548
  -7.438 -15.002 -15.643
  -7.425 -15.364 -15.542
  -7.413 -15.329 -15.545
  -7.401 -15.096 -15.276
  -7.390 -15.534 -15.534
  -7.379 -15.602 -15.602
  -7.368 -15.379 -15.379
  -7.357 -14.681 -15.272
  -7.347 -14.801 -15.662
  -7.337 -14.870 -15.326
  -7.327 -15.758 -15.758
  -7.317 -15.341 -15.623
  -7.308 -15.618 -15.618
  -7.299 -15.744 -16.015
  -7.290 -15.773 -16.047
  -7.281 -15.568 -15.778
  -7.272 -15.701 -15.861
  -7.264 -16.036 -16.036
  -7.255 -15.617 -15.913
  -7.247 -15.316 -15.542
  -7.239 -15.701 -16.025
  -7.231 -16.038 -16.038
  -7.223 -15.640 -15.640
  -7.216 -14.872 -15.051
  -7.208 -15.561 -15.561
  -7.201 -15.833 -16.137
  -7.194 -16.072 -16.072
  -7.187 -15.520 -16.098
  -7.180 -16.017 -16.017
  -7.173 -14.507 -14.701
  -7.166 -15.242 -16.288
  -7.159 -14.726 -15.491
  -7.153 -15.619 -15.619
  -7.146 -15.596 -15.826
  -7.140 -15.270 -16.319
  -7.133 -16.223 -16.223
  -7.127 -15.975 -16.150
  -7.121 -15.187 -15.930
  -7.115 -15.313 -15.313
  -7.109 -16.607 -16.849
  -7.103 -16.631 -16.631
  -7.098 -15.916 -15.916
  -7.092 -15.737 -15.922
  -7.086 -16.385 -16.385
  -7.081 -15.386 -15.889
  -7.075 -16.007 -16.552
  -7.070 -15.380 -16.343
  -7.064 -16.360 -16.360
  -7.059 -16.393 -16.614
  -7.054 -16.260 -16.643
  -7.049 -16.368 -16.697
  -7.043 -15.754 -16.303
  -7.038 -16.514 -16.797
  -7.033 -16.188 -16.536
  -7.029 -16.681 -17.042
  -7.024 -16.018 -16.405
  -7.019 -16.235 -16.235
  -7.014 -16.444 -16.444
  -7.009 -15.182 -16.003
  -7.005 -16.424 -16.708
  -7.000 -16.371 -16.563
  -6.995 -16.276 -16.581
  -6.991 -16.704 -16.931
  -6.986 -17.036 -17.430
  -6.982 -16.187 -16.413
  -6.978 -16.163 -16.163
  -6.973 -16.466 -16.466
  -6.969 -17.000 -49.500
  -6.965 -16.062 -16.368
  -6.961 -17.163 -17.460
  -6.956 -15.675 -16.507
  -6.952 -16.548 -16.994
  -6.948 -16.659 -16.659
  -6.944 -16.597 -16.817
  -6.940 -15.674 -16.931
  -6.936 -17.270 -49.500
  -6.932 -15.927 -16.549
  -6.928 -16.280 -16.820
  -6.924 -22.544 -22.544
  -6.920 -16.185 -16.884
  -6.917 -15.360 -16.659
  -6.913 -15.178 -15.538
  -6.909 -15.897 -16.146
  -6.905 -22.062 -22.062
  -6.902 -16.825 -17.020
  -6.898 -16.606 -49.500
  -6.894 -49.500 -49.500
  -6.891 -15.913 -16.374
  -6.887 -16.211 -16.507
  -6.884 -15.604 -16.817
  -6.880 -15.768 -16.128
  -6.877 -49.500     NaN
  -6.873 -16.057 -16.317
  -6.870 -16.617 -49.500
  -6.867 -16.066 -16.670
  -6.863 -49.500     NaN
  -6.860 -15.957 -49.500
  -6.857 -16.261 -49.500
  -6.853 -49.500 -49.500
  -6.850 -16.152 -49.500
  -6.847 -16.076 -16.076
  -6.844 -16.197 -16.995
  -6.840 -16.856 -49.500
  -6.837 -49.500     NaN
  -6.834 -49.500     NaN
  -6.831 -49.500     NaN
  -6.828 -16.434 -49.500
  -6.825 -15.942 -49.500
  -6.822 -16.334 -49.500
  -6.819 -49.500 -49.500
  -6.816 -16.733 -17.045
  -6.813 -49.500     NaN
  -6.810 -16.554 -16.554
  -6.807 -16.695 -16.695
  -6.804 -49.500     NaN
  -6.801 -49.500     NaN
  -6.798 -16.835 -49.500
  -6.795 -15.822 -16.822
  -6.792 -49.500     NaN
  -6.789 -49.500     NaN
  -6.787 -49.500     NaN
  -6.784 -49.500 -49.500
  -6.781 -49.500     NaN
  -6.778 -17.123 -49.500
  -6.775 -16.648 -49.500
  -6.773 -15.767 -16.146
  -6.770 -16.320 -49.500
  -6.767 -16.415 -16.574
  -6.765 -49.500     NaN
  -6.762 -16.239 -49.500
  -6.759 -16.517 -49.500
  -6.757 -49.500     NaN
  -6.754 -49.500     NaN
  -6.751 -49.500 -49.500
  -6.749 -16.484 -16.484
  -6.746 -16.485 -17.142
  -6.744 -15.934 -49.500
  -6.741 -16.328 -49.500
  -6.739 -49.500 -49.500
  -6.736 -49.500 -49.500
  -6.734 -49.500     NaN
  -6.731 -49.500 -49.500
  -6.729 -49.500 -49.500
  -6.726 -49.500 -49.500
  -6.724 -49.500     NaN
  -6.721 -49.500 -49.500
  -6.719 -16.469 -16.469
  -6.717 -49.500 -49.500
  -6.714 -49.500     NaN
  -6.712 -49.500 -49.500
  -6.709 -16.819 -16.819
  -6.707 -49.500 -49.500
  -6.705 -16.170 -16.170
  -6.702 -49.500     NaN
  -6.700 -14.363 -14.363
  -6.698 -49.500 -49.500
  -6.696 -49.500     NaN
  -6.693 -49.500 -49.500
  -6.691 -15.550 -49.500
  -6.689 -49.500 -49.500
  -6.687 -49.500     NaN
  -6.684 -49.500     NaN
  -6.682 -49.500 -49.500
  -6.680 -15.130 -15.130
  -6.678 -49.500 -49.500
  -6.675 -49.500 -49.500
  -6.673 -49.500 -49.500
  -6.671 -49.500     NaN
  -6.669 -49.500 -49.500
  -6.667 -49.500 -49.500
  -6.665 -49.500 -49.500
  -6.663 -49.500 -49.500
  -6.661 -15.788 -15.788
  -6.658 -16.419 -16.419
  -6.656 -49.500 -49.500
  -6.654 -49.500 -49.500
  -6.652 -49.500 -49.500
  -6.650 -49.500 -49.500
  -6.648 -49.500 -49.500
  -6.646 -16.405 -16.405
  -6.644 -49.500 -49.500
  -6.642 -49.500 -49.500
  -6.640 -49.500     NaN
  -6.638 -49.500 -49.500
  -6.636 -49.500 -49.500
  -6.634 -49.500 -49.500
  -6.632 -49.500 -49.500
  -6.630 -49.500 -49.500
  -6.628 -49.500 -49.500
  -6.626 -49.500 -49.500
  -6.624 -16.284 -49.500
  -6.622 -49.500 -49.500
  -6.620 -15.392 -49.500
  -6.618 -49.500 -49.500
  -6.617 -49.500     NaN
  -6.615 -49.500 -49.500
  -6.613 -49.500     NaN
  -6.611 -49.500 -49.500
  -6.609 -49.500 -49.500
  -6.607 -49.500 -49.500
  -6.605 -15.802 -49.500
  -6.603 -49.500 -49.500
  -6.602 -49.500 -49.500
  -6.600 -49.500 -49.500
  -6.598 -49.500 -49.500
  -6.596 -49.500 -49.500
  -6.594 -49.500     NaN
