  -8.861 -13.976 -13.976
  -8.599 -14.128 -14.128
  -8.442 -14.238 -14.238
  -8.329 -14.244 -14.244
  -8.239 -14.402 -14.402
  -8.166 -14.352 -14.352
  -8.103 -14.481 -14.481
  -8.048 -14.500 -14.500
  -7.999 -14.528 -14.528
  -7.955 -14.668 -14.668
  -7.916 -14.634 -14.634
  -7.879 -14.842 -14.842
  -7.846 -14.798 -14.798
  -7.815 -14.591 -14.792
  -7.786 -14.884 -14.884
  -7.758 -14.561 -14.960
  -7.733 -14.959 -14.959
  -7.709 -14.920 -14.920
  -7.686 -14.988 -15.171
  -7.664 -15.123 -15.123
  -7.643 -14.910 -15.116
  -7.624 -14.865 -14.865
  -7.605 -15.121 -15.121
  -7.586 -14.726 -14.941
  -7.569 -15.277 -15.277
  -7.552 -15.163 -15.163
  -7.536 -14.716 -15.170
  -7.521 -15.283 -15.283
  -7.506 -15.135 -15.460
  -7.491 -15.159 -15.574
  -7.477 -15.049 -15.049
  -7.464 -15.210 -15.210
  -7.451 -15.228 -15.505
  -7.438 -15.419 -15.419
  -7.425 -15.261 -15.261
  -7.413 -15.176 -15.176
  -7.401 -15.424 -15.635
  -7.390 -15.332 -15.504
  -7.379 -15.260 -15.631
  -7.368 -15.567 -15.567
  -7.357 -15.610 -15.610
  -7.347 -15.205 -15.467
  -7.337 -15.437 -15.437
  -7.327 -15.651 -16.006
  -7.317 -15.240 -15.551
  -7.308 -15.207 -15.419
  -7.299 -15.900 -15.900
  -7.290 -15.674 -15.674
  -7.281 -15.436 -15.676
  -7.272 -15.607 -16.128
  -7.264 -15.527 -15.757
  -7.255 -15.364 -15.620
  -7.247 -15.780 -16.098
  -7.239 -15.404 -15.762
  -7.231 -15.770 -15.770
  -7.223 -15.876 -15.876
  -7.216 -14.677 -16.030
  -7.208 -15.245 -15.727
  -7.201 -15.383 -15.563
  -7.194 -15.928 -15.928
  -7.187 -15.092 -16.070
  -7.180 -15.336 -15.719
  -7.173 -16.473 -16.669
  -7.166 -16.086 -16.538
  -7.159 -16.142 -16.306
  -7.153 -16.144 -16.302
  -7.146 -16.037 -16.037
  -7.140 -15.997 -15.997
  -7.133 -15.982 -15.982
  -7.127 -15.504 -15.821
  -7.121 -16.149 -16.370
  -7.115 -16.256 -16.256
  -7.109 -15.785 -15.963
  -7.103 -16.348 -16.348
  -7.098 -15.146 -15.925
  -7.092 -16.258 -16.543
  -7.086 -15.889 -15.889
  -7.081 -16.689 -16.689
  -7.075 -16.209 -16.209
  -7.070 -15.476 -15.476
  -7.064 -16.305 -16.616
  -7.059 -16.039 -16.039
  -7.054 -15.618 -16.236
  -7.049 -16.597 -16.597
  -7.043 -16.663 -16.856
  -7.038 -15.148 -16.041
  -7.033 -15.270 -16.080
  -7.029 -15.910 -16.683
  -7.024 -16.118 -16.529
  -7.019 -15.938 -15.938
  -7.014 -16.056 -16.223
  -7.009 -15.461 -16.831
  -7.005 -16.514 -16.733
  -7.000 -15.886 -16.046
  -6.995 -16.428 -16.581
  -6.991 -15.928 -16.399
  -6.986 -15.670 -16.506
  -6.982 -16.134 -16.409
  -6.978 -15.327 -16.641
  -6.973 -15.554 -15.793
  -6.969 -16.868 -17.020
  -6.965 -15.962 -16.739
  -6.961 -16.570 -16.570
  -6.956 -16.437 -16.719
  -6.952 -15.523 -16.502
  -6.948 -16.602 -16.790
  -6.944 -16.209 -16.209
  -6.940 -16.435 -16.643
  -6.936 -15.775 -15.968
  -6.932 -49.500 -49.500
  -6.928 -15.383 -16.576
  -6.924 -16.283 -17.008
  -6.920 -16.049 -16.821
  -6.917 -15.587 -16.398
  -6.913 -49.500     NaN
  -6.909 -14.673 -16.440
  -6.905 -16.750 -16.930
  -6.902 -16.244 -17.089
  -6.898 -16.032 -16.361
  -6.894 -15.283 -16.625
  -6.891 -49.500     NaN
  -6.887 -17.022 -22.773
  -6.884 -16.392 -16.844
  -6.880 -16.956 -17.131
  -6.877 -16.027 -16.538
  -6.873 -49.500 -49.500
  -6.870 -49.500     NaN
  -6.867 -16.795 -17.000
  -6.863 -17.018 -49.500
  -6.860 -15.800 -16.352
  -6.857 -16.136 -16.868
  -6.853 -16.904 -49.500
  -6.850 -15.679 -16.374
  -6.847 -17.294 -49.500
  -6.844 -17.057 -49.500
  -6.840 -16.123 -17.385
  -6.837 -49.500     NaN
  -6.834 -49.500     NaN
  -6.831 -49.500     NaN
  -6.828 -16.084 -49.500
  -6.825 -15.910 -15.910
  -6.822 -49.500     NaN
  -6.819 -16.842 -17.244
  -6.816 -16.483 -49.500
  -6.813 -16.684 -49.500
  -6.810 -15.952 -16.706
  -6.807 -15.403 -15.572
  -6.804 -14.057 -15.649
  -6.801 -17.042 -49.500
  -6.798 -15.820 -49.500
  -6.795 -16.920 -49.500
  -6.792 -49.500     NaN
  -6.789 -15.489 -49.500
  -6.787 -15.118 -49.500
  -6.784 -49.500     NaN
  -6.781 -49.500     NaN
  -6.778 -16.224 -16.792
  -6.775 -49.500     NaN
  -6.773 -17.049 -49.500
  -6.770 -16.637 -49.500
  -6.767 -49.500 -49.500
  -6.765 -49.500 -49.500
  -6.762 -49.500     NaN
  -6.759 -49.500     NaN
  -6.757 -49.500 -49.500
  -6.754 -49.500     NaN
  -6.751 -49.500     NaN
  -6.749 -49.500     NaN
  -6.746 -49.500     NaN
  -6.744 -49.500 -49.500
  -6.741 -15.481 -15.481
  -6.739 -49.500     NaN
  -6.736 -49.500 -49.500
  -6.734 -49.500     NaN
  -6.731 -49.500     NaN
  -6.729 -49.500     NaN
  -6.726 -49.500     NaN
  -6.724 -16.075 -16.075
  -6.721 -49.500     NaN
  -6.719 -17.001 -49.500
  -6.717 -17.013 -17.013
  -6.714 -49.500 -49.500
  -6.712 -49.500     NaN
  -6.709 -17.103 -49.500
  -6.707 -16.691 -49.500
  -6.705 -16.207 -16.207
  -6.702 -49.500 -49.500
  -6.700 -49.500 -49.500
  -6.698 -49.500 -49.500
  -6.696 -49.500     NaN
  -6.693 -49.500 -49.500
  -6.691 -49.500 -49.500
  -6.689 -49.500     NaN
  -6.687 -49.500 -49.500
  -6.684 -49.500 -49.500
  -6.682 -16.818 -16.818
  -6.680 -49.500 -49.500
  -6.678 -15.794 -49.500
  -6.675 -49.500 -49.500
  -6.673 -49.500 -49.500
  -6.671 -49.500 -49.500
  -6.669 -16.728 -16.728
  -6.667 -49.500 -49.500
  -6.665 -49.500     NaN
  -6.663 -16.231 -49.500
  -6.661 -49.500 -49.500
  -6.658 -16.551 -49.500
  -6.656 -49.500 -49.500
  -6.654 -49.500 -49.500
  -6.652 -49.500 -49.500
  -6.650 -16.548 -49.500
  -6.648 -49.500 -49.500
  -6.646 -49.500 -49.500
  -6.644 -49.500 -49.500
  -6.642 -49.500 -49.500
  -6.640 -49.500 -49.500
  -6.638 -49.500 -49.500
  -6.636 -49.500 -49.500
  -6.634 -49.500 -49.500
  -6.632 -49.500 -49.500
  -6.630 -49.500 -49.500
  -6.628 -49.500 -49.500
  -6.626 -49.500     NaN
  -6.624 -16.578 -16.578
  -6.622 -16.642 -16.642
  -6.620 -49.500 -49.500
  -6.618 -49.500 -49.500
  -6.617 -17.077 -17.077
  -6.615 -16.194 -16.194
  -6.613 -49.500 -49.500
  -6.611 -49.500 -49.500
  -6.609 -49.500 -49.500
  -6.607 -49.500 -49.500
  -6.605 -49.500 -49.500
  -6.603 -49.500 -49.500
  -6.602 -49.500 -49.500
  -6.600 -49.500 -49.500
  -6.598 -49.500 -49.500
  -6.596 -49.500 -49.500
  -6.594 -49.500 -49.500
