  -8.861 -13.974 -13.974
  -8.599 -14.115 -14.115
  -8.442 -14.250 -14.250
  -8.329 -14.224 -14.224
  -8.239 -14.475 -14.475
  -8.166 -14.400 -14.400
  -8.103 -14.228 -14.228
  -8.048 -14.641 -14.641
  -7.999 -14.378 -14.592
  -7.955 -14.679 -14.679
  -7.916 -14.687 -14.687
  -7.879 -14.858 -14.858
  -7.846 -14.845 -14.845
  -7.815 -14.721 -14.721
  -7.786 -14.857 -14.857
  -7.758 -14.878 -14.878
  -7.733 -14.887 -15.114
  -7.709 -15.096 -15.096
  -7.686 -14.769 -14.769
  -7.664 -14.838 -14.838
  -7.643 -14.776 -14.933
  -7.624 -15.127 -15.127
  -7.605 -15.173 -15.173
  -7.586 -15.194 -15.194
  -7.569 -14.779 -15.111
  -7.552 -15.182 -15.182
  -7.536 -15.302 -15.302
  -7.521 -15.044 -15.044
  -7.506 -15.197 -15.197
  -7.491 -14.981 -15.228
  -7.477 -15.288 -15.288
  -7.464 -14.937 -15.135
  -7.451 -15.320 -15.559
  -7.438 -15.630 -15.630
  -7.425 -15.151 -15.151
  -7.413 -15.684 -15.684
  -7.401 -15.333 -15.333
  -7.390 -15.414 -15.414
  -7.379 -15.476 -15.476
  -7.368 -14.523 -15.380
  -7.357 -15.319 -15.661
  -7.347 -15.287 -15.287
  -7.337 -15.870 -15.870
  -7.327 -15.375 -15.375
  -7.317 -15.189 -15.765
  -7.308 -15.507 -15.507
  -7.299 -15.415 -15.798
  -7.290 -15.602 -15.935
  -7.281 -15.234 -15.234
  -7.272 -14.836 -15.948
  -7.264 -15.369 -15.761
  -7.255 -15.732 -16.078
  -7.247 -15.684 -16.226
  -7.239 -15.341 -15.714
  -7.231 -15.339 -15.957
  -7.223 -15.421 -16.130
  -7.216 -15.756 -16.026
  -7.208 -15.220 -15.378
  -7.201 -16.086 -16.086
  -7.194 -15.975 -15.975
  -7.187 -15.377 -15.704
  -7.180 -15.935 -16.192
  -7.173 -15.114 -15.304
  -7.166 -15.846 -16.208
  -7.159 -15.658 -15.904
  -7.153 -15.908 -16.147
  -7.146 -15.747 -16.443
  -7.140 -15.234 -15.671
  -7.133 -16.357 -16.357
  -7.127 -15.152 -15.702
  -7.121 -16.037 -16.037
  -7.115 -15.239 -15.688
  -7.109 -16.201 -16.201
  -7.103 -15.234 -16.218
  -7.098 -15.664 -16.093
  -7.092 -16.366 -16.366
  -7.086 -16.391 -16.391
  -7.081 -16.489 -16.778
  -7.075 -15.770 -15.972
  -7.070 -15.783 -16.010
  -7.064 -15.897 -16.185
  -7.059 -14.765 -15.409
  -7.054 -15.776 -16.428
  -7.049 -16.148 -16.393
  -7.043 -15.202 -16.133
  -7.038 -15.727 -16.793
  -7.033 -16.089 -16.461
  -7.029 -16.480 -16.821
  -7.024 -16.565 -16.744
  -7.019 -15.396 -16.202
  -7.014 -16.201 -16.201
  -7.009 -16.297 -16.297
  -7.005 -15.768 -16.232
  -7.000 -16.105 -16.365
  -6.995 -16.587 -16.788
  -6.991 -16.748 -16.954
  -6.986 -16.043 -16.314
  -6.982 -16.465 -16.796
  -6.978 -15.220 -16.948
  -6.973 -15.568 -17.268
  -6.969 -16.320 -16.474
  -6.965 -15.772 -16.345
  -6.961 -16.711 -16.931
  -6.956 -16.555 -16.555
  -6.952 -16.337 -49.500
  -6.948 -15.955 -17.169
  -6.944 -49.500     NaN
  -6.940 -49.500     NaN
  -6.936 -15.358 -15.875
  -6.932 -16.616 -16.616
  -6.928 -16.370 -16.746
  -6.924 -16.977 -17.175
  -6.920 -16.545 -23.351
  -6.917 -16.374 -16.558
  -6.913 -16.436 -16.730
  -6.909 -49.500     NaN
  -6.905 -16.805 -22.711
  -6.902 -49.500 -49.500
  -6.898 -16.352 -16.738
  -6.894 -16.835 -22.727
  -6.891 -49.500     NaN
  -6.887 -49.500 -49.500
  -6.884 -17.406 -49.500
  -6.880 -16.154 -16.407
  -6.877 -16.254 -16.806
  -6.873 -16.978 -49.500
  -6.870 -16.577 -16.738
  -6.867 -15.568 -16.717
  -6.863 -16.623 -16.818
  -6.860 -16.251 -49.500
  -6.857 -16.038 -49.500
  -6.853 -16.641 -49.500
  -6.850 -15.633 -16.489
  -6.847 -16.447 -16.807
  -6.844 -17.094 -49.500
  -6.840 -49.500     NaN
  -6.837 -16.474 -16.640
  -6.834 -49.500 -49.500
  -6.831 -17.054 -49.500
  -6.828 -14.430 -49.500
  -6.825 -49.500     NaN
  -6.822 -16.275 -16.275
  -6.819 -16.739 -49.500
  -6.816 -49.500     NaN
  -6.813 -16.719 -17.134
  -6.810 -49.500     NaN
  -6.807 -16.356 -49.500
  -6.804 -49.500     NaN
  -6.801 -49.500     NaN
  -6.798 -16.850 -49.500
  -6.795 -49.500     NaN
  -6.792 -49.500     NaN
  -6.789 -17.184 -49.500
  -6.787 -16.930 -16.930
  -6.784 -16.761 -49.500
  -6.781 -17.401 -49.500
  -6.778 -49.500     NaN
  -6.775 -16.123 -16.123
  -6.773 -49.500 -49.500
  -6.770 -16.674 -17.200
  -6.767 -49.500     NaN
  -6.765 -16.493 -49.500
  -6.762 -16.641 -49.500
  -6.759 -49.500     NaN
  -6.757 -49.500 -49.500
  -6.754 -49.500     NaN
  -6.751 -49.500     NaN
  -6.749 -16.025 -16.539
  -6.746 -16.158 -49.500
  -6.744 -16.877 -49.500
  -6.741 -49.500 -49.500
  -6.739 -49.500     NaN
  -6.736 -49.500     NaN
  -6.734 -16.309 -16.735
  -6.731 -49.500 -49.500
  -6.729 -16.087 -16.087
  -6.726 -49.500 -49.500
  -6.724 -49.500     NaN
  -6.721 -49.500 -49.500
  -6.719 -16.183 -16.183
  -6.717 -16.821 -49.500
  -6.714 -49.500 -49.500
  -6.712 -49.500 -49.500
  -6.709 -16.274 -16.274
  -6.707 -49.500 -49.500
  -6.705 -49.500 -49.500
  -6.702 -49.500     NaN
  -6.700 -49.500 -49.500
  -6.698 -49.500 -49.500
  -6.696 -16.183 -49.500
  -6.693 -49.500 -49.500
  -6.691 -49.500     NaN
  -6.689 -15.631 -15.631
  -6.687 -49.500 -49.500
  -6.684 -49.500     NaN
  -6.682 -49.500 -49.500
  -6.680 -16.058 -49.500
  -6.678 -49.500 -49.500
  -6.675 -15.736 -15.736
  -6.673 -49.500     NaN
  -6.671 -49.500 -49.500
  -6.669 -49.500 -49.500
  -6.667 -49.500     NaN
  -6.665 -16.888 -16.888
  -6.663 -16.993 -16.993
  -6.661 -49.500 -49.500
  -6.658 -49.500 -49.500
  -6.656 -49.500 -49.500
  -6.654 -49.500 -49.500
  -6.652 -49.500 -49.500
  -6.650 -49.500 -49.500
  -6.648 -49.500     NaN
  -6.646 -49.500 -49.500
  -6.644 -49.500 -49.500
  -6.642 -49.500     NaN
  -6.640 -49.500 -49.500
  -6.638 -49.500 -49.500
  -6.636 -49.500 -49.500
  -6.634 -49.500 -49.500
  -6.632 -49.500 -49.500
  -6.630 -15.754 -15.754
  -6.628 -49.500 -49.500
  -6.626 -16.566 -16.566
  -6.624 -49.500 -49.500
  -6.622 -16.675 -16.675
  -6.620 -17.093 -17.093
  -6.618 -49.500     NaN
  -6.617 -49.500 -49.500
  -6.615 -49.500 -49.500
  -6.613 -49.500 -49.500
  -6.611 -49.500     NaN
  -6.609 -49.500 -49.500
  -6.607 -49.500 -49.500
  -6.605 -49.500 -49.500
  -6.603 -16.451 -16.451
  -6.602 -49.500 -49.500
  -6.600 -49.500 -49.500
  -6.598 -49.500 -49.500
  -6.596 -49.500 -49.500
  -6.594 -49.500     NaN
