  -8.861 -13.997 -13.997
  -8.599 -14.125 -14.125
  -8.442 -14.273 -14.273
  -8.329 -14.015 -14.246
  -8.239 -14.280 -14.280
  -8.166 -14.334 -14.495
  -8.103 -14.374 -14.374
  -8.048 -14.348 -14.617
  -7.999 -14.659 -14.659
  -7.955 -14.641 -14.641
  -7.916 -14.707 -14.707
  -7.879 -14.680 -14.680
  -7.846 -14.712 -14.712
  -7.815 -14.825 -14.825
  -7.786 -14.921 -14.921
  -7.758 -14.868 -14.868
  -7.733 -14.771 -14.771
  -7.709 -15.074 -15.074
  -7.686 -15.150 -15.150
  -7.664 -14.979 -15.169
  -7.643 -14.812 -14.963
  -7.624 -15.202 -15.202
  -7.605 -15.002 -15.002
  -7.586 -14.908 -14.908
  -7.569 -14.908 -15.062
  -7.552 -14.726 -14.970
  -7.536 -14.796 -15.016
  -7.521 -14.517 -15.308
  -7.506 -14.945 -15.243
  -7.491 -15.005 -15.005
  -7.477 -14.926 -15.261
  -7.464 -14.920 -15.152
  -7.451 -14.970 -15.664
  -7.438 -14.887 -15.285
  -7.425 -15.628 -15.628
  -7.413 -15.191 -15.191
  -7.401 -15.669 -15.669
  -7.390 -15.482 -15.482
  -7.379 -15.451 -15.714
  -7.368 -15.367 -15.367
  -7.357 -15.655 -15.655
  -7.347 -15.430 -15.430
  -7.337 -15.232 -15.232
  -7.327 -15.364 -15.364
  -7.317 -16.000 -16.000
  -7.308 -16.126 -16.126
  -7.299 -15.144 -15.420
  -7.290 -15.775 -15.775
  -7.281 -15.581 -15.853
  -7.272 -15.480 -15.480
  -7.264 -15.396 -15.623
  -7.255 -15.705 -15.705
  -7.247 -15.695 -15.695
  -7.239 -15.825 -15.825
  -7.231 -15.216 -15.528
  -7.223 -15.815 -16.149
  -7.216 -15.425 -15.644
  -7.208 -16.020 -16.020
  -7.201 -15.417 -15.742
  -7.194 -15.909 -16.101
  -7.187 -15.686 -15.686
  -7.180 -15.673 -15.673
  -7.173 -15.633 -16.165
  -7.166 -15.893 -15.893
  -7.159 -16.009 -16.009
  -7.153 -15.705 -15.705
  -7.146 -15.416 -15.923
  -7.140 -16.067 -16.067
  -7.133 -15.528 -15.998
  -7.127 -15.220 -16.044
  -7.121 -15.768 -16.199
  -7.115 -15.630 -16.205
  -7.109 -16.129 -16.129
  -7.103 -16.437 -16.437
  -7.098 -13.918 -15.122
  -7.092 -16.479 -16.479
  -7.086 -16.094 -16.094
  -7.081 -15.262 -16.037
  -7.075 -16.063 -16.578
  -7.070 -15.920 -16.091
  -7.064 -16.234 -16.413
  -7.059 -16.353 -16.661
  -7.054 -16.651 -16.816
  -7.049 -15.202 -16.041
  -7.043 -14.605 -15.476
  -7.038 -16.911 -17.434
  -7.033 -16.209 -16.360
  -7.029 -15.902 -16.421
  -7.024 -16.306 -16.306
  -7.019 -16.624 -16.788
  -7.014 -15.884 -16.721
  -7.009 -15.860 -16.314
  -7.005 -16.858 -16.858
  -7.000 -15.339 -16.085
  -6.995 -16.430 -16.430
  -6.991 -15.993 -16.203
  -6.986 -15.466 -16.575
  -6.982 -16.597 -17.235
  -6.978 -16.629 -16.629
  -6.973 -14.670 -16.178
  -6.969 -16.607 -17.214
  -6.965 -16.345 -16.345
  -6.961 -16.743 -16.743
  -6.956 -15.344 -16.144
  -6.952 -16.185 -16.491
  -6.948 -15.996 -16.202
  -6.944 -16.540 -49.500
  -6.940 -17.545 -49.500
  -6.936 -15.772 -22.853
  -6.932 -17.037 -49.500
  -6.928 -15.561 -49.500
  -6.924 -15.683 -16.466
  -6.920 -16.165 -16.429
  -6.917 -16.622 -16.965
  -6.913 -16.890 -17.325
  -6.909 -16.699 -21.948
  -6.905 -49.500     NaN
  -6.902 -16.644 -17.272
  -6.898 -16.422 -16.733
  -6.894 -16.951 -17.228
  -6.891 -15.730 -49.500
  -6.887 -49.500     NaN
  -6.884 -49.500     NaN
  -6.880 -16.724 -49.500
  -6.877 -16.700 -16.868
  -6.873 -16.089 -16.295
  -6.870 -16.350 -16.897
  -6.867 -16.350 -16.629
  -6.863 -16.185 -16.881
  -6.860 -15.972 -16.758
  -6.857 -49.500     NaN
  -6.853 -17.013 -49.500
  -6.850 -16.481 -16.481
  -6.847 -16.428 -49.500
  -6.844 -16.728 -17.025
  -6.840 -16.135 -49.500
  -6.837 -16.757 -49.500
  -6.834 -49.500 -49.500
  -6.831 -16.696 -49.500
  -6.828 -49.500     NaN
  -6.825 -16.542 -17.075
  -6.822 -49.500     NaN
  -6.819 -16.039 -16.478
  -6.816 -16.524 -17.425
  -6.813 -49.500     NaN
  -6.810 -15.637 -17.159
  -6.807 -49.500     NaN
  -6.804 -16.889 -49.500
  -6.801 -16.483 -49.500
  -6.798 -49.500     NaN
  -6.795 -15.840 -49.500
  -6.792 -13.719 -49.500
  -6.789 -16.483 -16.741
  -6.787 -49.500 -49.500
  -6.784 -16.426 -49.500
  -6.781 -49.500     NaN
  -6.778 -15.851 -15.851
  -6.775 -49.500 -49.500
  -6.773 -49.500     NaN
  -6.770 -17.032 -49.500
  -6.767 -49.500 -49.500
  -6.765 -49.500 -49.500
  -6.762 -49.500     NaN
  -6.759 -49.500     NaN
  -6.757 -49.500     NaN
  -6.754 -17.048 -17.048
  -6.751 -16.020 -49.500
  -6.749 -49.500 -49.500
  -6.746 -16.146 -16.146
  -6.744 -16.149 -49.500
  -6.741 -49.500 -49.500
  -6.739 -16.400 -49.500
  -6.736 -16.374 -16.532
  -6.734 -49.500     NaN
  -6.731 -49.500 -49.500
  -6.729 -49.500 -49.500
  -6.726 -49.500 -49.500
  -6.724 -16.558 -49.500
  -6.721 -49.500 -49.500
  -6.719 -49.500 -49.500
  -6.717 -16.843 -49.500
  -6.714 -17.001 -17.001
  -6.712 -16.605 -17.217
  -6.709 -49.500 -49.500
  -6.707 -49.500 -49.500
  -6.705 -49.500 -49.500
  -6.702 -49.500 -49.500
  -6.700 -49.500 -49.500
  -6.698 -15.358 -15.358
  -6.696 -49.500     NaN
  -6.693 -49.500     NaN
  -6.691 -15.766 -49.500
  -6.689 -49.500 -49.500
  -6.687 -49.500 -49.500
  -6.684 -49.500 -49.500
  -6.682 -16.289 -16.289
  -6.680 -49.500     NaN
  -6.678 -49.500     NaN
  -6.675 -49.500 -49.500
  -6.673 -49.500     NaN
  -6.671 -49.500 -49.500
  -6.669 -49.500 -49.500
  -6.667 -16.113 -16.113
  -6.665 -49.500 -49.500
  -6.663 -49.500     NaN
  -6.661 -49.500 -49.500
  -6.658 -16.236 -16.236
  -6.656 -16.950 -16.950
  -6.654 -49.500 -49.500
  -6.652 -49.500 -49.500
  -6.650 -49.500     NaN
  -6.648 -49.500 -49.500
  -6.646 -49.500 -49.500
  -6.644 -49.500     NaN
  -6.642 -49.500 -49.500
  -6.640 -49.500 -49.500
  -6.638 -49.500 -49.500
  -6.636 -16.592 -16.592
  -6.634 -49.500 -49.500
  -6.632 -49.500 -49.500
  -6.630 -49.500 -49.500
  -6.628 -49.500 -49.500
  -6.626 -49.500 -49.500
  -6.624 -49.500 -49.500
  -6.622 -49.500 -49.500
  -6.620 -49.500 -49.500
  -6.618 -49.500 -49.500
  -6.617 -49.500 -49.500
  -6.615 -49.500 -49.500
  -6.613 -49.500 -49.500
  -6.611 -49.500 -49.500
  -6.609 -15.688 -15.688
  -6.607 -49.500 -49.500
  -6.605 -49.500 -49.500
  -6.603 -49.500 -49.500
  -6.602 -49.500     NaN
  -6.600 -16.082 -16.082
  -6.598 -49.500 -49.500
  -6.596 -15.425 -15.425
  -6.594 -49.500 -49.500
