  -8.861 -14.002 -14.002
  -8.599 -14.150 -14.150
  -8.442 -14.091 -14.091
  -8.329 -14.093 -14.252
  -8.239 -14.322 -14.322
  -8.166 -13.828 -14.470
  -8.103 -14.543 -14.543
  -8.048 -14.639 -14.639
  -7.999 -14.762 -14.762
  -7.955 -14.415 -14.791
  -7.916 -14.648 -14.648
  -7.879 -14.607 -14.607
  -7.846 -14.820 -14.820
  -7.815 -14.738 -14.738
  -7.786 -14.728 -14.728
  -7.758 -14.874 -14.874
  -7.733 -14.839 -14.839
  -7.709 -14.763 -14.763
  -7.686 -14.737 -14.900
  -7.664 -14.821 -15.029
  -7.643 -15.041 -15.041
  -7.624 -15.155 -15.155
  -7.605 -15.023 -15.293
  -7.586 -15.250 -15.250
  -7.569 -14.873 -15.046
  -7.552 -14.723 -14.723
  -7.536 -15.124 -15.308
  -7.521 -15.107 -15.268
  -7.506 -14.757 -15.014
  -7.491 -14.766 -15.449
  -7.477 -15.470 -15.470
  -7.464 -15.311 -15.311
  -7.451 -15.543 -15.543
  -7.438 -14.899 -15.427
  -7.425 -15.493 -15.493
  -7.413 -15.114 -15.571
  -7.401 -15.005 -15.590
  -7.390 -15.362 -15.362
  -7.379 -14.305 -14.833
  -7.368 -15.729 -15.729
  -7.357 -15.240 -15.673
  -7.347 -15.428 -15.428
  -7.337 -15.231 -15.463
  -7.327 -15.172 -15.919
  -7.317 -15.579 -15.579
  -7.308 -14.950 -15.216
  -7.299 -15.315 -15.624
  -7.290 -15.531 -15.945
  -7.281 -15.276 -15.770
  -7.272 -14.756 -15.766
  -7.264 -15.948 -16.240
  -7.255 -15.449 -16.076
  -7.247 -15.199 -15.529
  -7.239 -15.251 -15.996
  -7.231 -15.589 -15.940
  -7.223 -15.941 -16.132
  -7.216 -15.738 -16.201
  -7.208 -15.630 -15.892
  -7.201 -15.897 -16.172
  -7.194 -15.849 -15.849
  -7.187 -15.661 -15.928
  -7.180 -15.857 -15.857
  -7.173 -15.939 -16.119
  -7.166 -15.485 -15.810
  -7.159 -15.865 -15.865
  -7.153 -15.418 -15.730
  -7.146 -15.970 -16.128
  -7.140 -16.137 -16.137
  -7.133 -15.124 -16.110
  -7.127 -15.833 -15.833
  -7.121 -15.643 -16.488
  -7.115 -16.106 -16.292
  -7.109 -16.427 -16.427
  -7.103 -15.143 -15.650
  -7.098 -16.145 -16.398
  -7.092 -16.226 -16.226
  -7.086 -16.531 -16.819
  -7.081 -15.987 -15.987
  -7.075 -16.344 -16.344
  -7.070 -16.026 -17.002
  -7.064 -16.207 -16.207
  -7.059 -15.762 -16.059
  -7.054 -15.211 -15.512
  -7.049 -15.376 -15.560
  -7.043 -16.087 -16.087
  -7.038 -15.908 -16.654
  -7.033 -15.342 -16.223
  -7.029 -16.260 -16.683
  -7.024 -16.381 -16.652
  -7.019 -16.445 -16.634
  -7.014 -16.440 -16.440
  -7.009 -15.465 -16.183
  -7.005 -16.258 -16.461
  -7.000 -15.438 -16.187
  -6.995 -15.887 -16.040
  -6.991 -16.451 -16.863
  -6.986 -16.603 -16.985
  -6.982 -16.371 -16.371
  -6.978 -16.738 -16.917
  -6.973 -16.399 -16.573
  -6.969 -15.640 -16.828
  -6.965 -15.970 -16.337
  -6.961 -16.529 -49.500
  -6.956 -15.861 -16.744
  -6.952 -16.093 -16.496
  -6.948 -15.491 -16.527
  -6.944 -15.645 -16.083
  -6.940 -16.286 -16.487
  -6.936 -16.320 -16.549
  -6.932 -16.636 -16.920
  -6.928 -15.256 -22.679
  -6.924 -16.638 -17.130
  -6.920 -16.271 -17.153
  -6.917 -16.632 -49.500
  -6.913 -21.964 -21.964
  -6.909 -16.395 -16.606
  -6.905 -16.030 -23.058
  -6.902 -15.981 -16.143
  -6.898 -15.324 -49.500
  -6.894 -49.500     NaN
  -6.891 -16.718 -49.500
  -6.887 -16.698 -17.040
  -6.884 -16.493 -16.837
  -6.880 -16.439 -49.500
  -6.877 -16.803 -17.477
  -6.873 -16.571 -49.500
  -6.870 -16.364 -16.720
  -6.867 -16.109 -16.445
  -6.863 -16.757 -17.171
  -6.860 -16.484 -16.660
  -6.857 -15.597 -16.277
  -6.853 -49.500     NaN
  -6.850 -17.406 -49.500
  -6.847 -16.873 -49.500
  -6.844 -15.310 -49.500
  -6.840 -17.054 -49.500
  -6.837 -16.455 -16.938
  -6.834 -49.500     NaN
  -6.831 -49.500 -49.500
  -6.828 -16.136 -16.136
  -6.825 -49.500     NaN
  -6.822 -16.201 -16.535
  -6.819 -49.500     NaN
  -6.816 -49.500     NaN
  -6.813 -16.062 -49.500
  -6.810 -16.867 -49.500
  -6.807 -16.618 -49.500
  -6.804 -16.921 -49.500
  -6.801 -16.370 -17.010
  -6.798 -17.167 -49.500
  -6.795 -16.489 -16.489
  -6.792 -49.500     NaN
  -6.789 -49.500     NaN
  -6.787 -16.630 -16.630
  -6.784 -16.143 -49.500
  -6.781 -49.500 -49.500
  -6.778 -49.500     NaN
  -6.775 -16.517 -49.500
  -6.773 -49.500     NaN
  -6.770 -16.271 -49.500
  -6.767 -49.500 -49.500
  -6.765 -49.500 -49.500
  -6.762 -17.141 -49.500
  -6.759 -49.500     NaN
  -6.757 -49.500 -49.500
  -6.754 -16.578 -17.135
  -6.751 -49.500     NaN
  -6.749 -16.022 -16.716
  -6.746 -49.500     NaN
  -6.744 -49.500     NaN
  -6.741 -16.256 -16.256
  -6.739 -49.500     NaN
  -6.736 -49.500 -49.500
  -6.734 -49.500 -49.500
  -6.731 -16.455 -16.455
  -6.729 -49.500     NaN
  -6.726 -49.500 -49.500
  -6.724 -16.944 -49.500
  -6.721 -49.500 -49.500
  -6.719 -49.500 -49.500
  -6.717 -15.211 -49.500
  -6.714 -16.322 -16.322
  -6.712 -16.161 -49.500
  -6.709 -49.500 -49.500
  -6.707 -17.225 -49.500
  -6.705 -49.500 -49.500
  -6.702 -49.500 -49.500
  -6.700 -49.500     NaN
  -6.698 -49.500     NaN
  -6.696 -49.500 -49.500
  -6.693 -16.293 -49.500
  -6.691 -16.909 -49.500
  -6.689 -49.500 -49.500
  -6.687 -16.706 -16.706
  -6.684 -15.526 -49.500
  -6.682 -49.500 -49.500
  -6.680 -49.500     NaN
  -6.678 -49.500     NaN
  -6.675 -15.990 -49.500
  -6.673 -49.500 -49.500
  -6.671 -49.500 -49.500
  -6.669 -49.500 -49.500
  -6.667 -49.500 -49.500
  -6.665 -16.637 -49.500
  -6.663 -49.500 -49.500
  -6.661 -49.500 -49.500
  -6.658 -49.500 -49.500
  -6.656 -49.500 -49.500
  -6.654 -49.500 -49.500
  -6.652 -16.818 -49.500
  -6.650 -49.500 -49.500
  -6.648 -49.500 -49.500
  -6.646 -49.500     NaN
  -6.644 -49.500 -49.500
  -6.642 -49.500 -49.500
  -6.640 -49.500 -49.500
  -6.638 -49.500 -49.500
  -6.636 -49.500 -49.500
  -6.634 -16.978 -16.978
  -6.632 -49.500 -49.500
  -6.630 -49.500 -49.500
  -6.628 -16.404 -16.404
  -6.626 -49.500 -49.500
  -6.624 -16.311 -16.311
  -6.622 -49.500 -49.500
  -6.620 -49.500 -49.500
  -6.618 -49.500 -49.500
  -6.617 -49.500 -49.500
  -6.615 -49.500 -49.500
  -6.613 -15.704 -15.982
  -6.611 -49.500 -49.500
  -6.609 -49.500 -49.500
  -6.607 -16.569 -49.500
  -6.605 -16.797 -16.797
  -6.603 -49.500 -49.500
  -6.602 -49.500 -49.500
  -6.600 -49.500 -49.500
  -6.598 -49.500 -49.500
  -6.596 -49.500 -49.500
  -6.594 -49.500 -49.500
