  -8.861 -14.004 -14.004
  -8.599 -14.098 -14.098
  -8.442 -14.268 -14.268
  -8.329 -14.395 -14.395
  -8.239 -14.340 -14.340
  -8.166 -14.452 -14.452
  -8.103 -14.339 -14.339
  -8.048 -14.554 -14.554
  -7.999 -14.659 -14.659
  -7.955 -14.527 -14.527
  -7.916 -14.586 -14.586
  -7.879 -14.507 -14.785
  -7.846 -14.507 -14.825
  -7.815 -14.753 -14.753
  -7.786 -14.813 -14.813
  -7.758 -14.676 -14.888
  -7.733 -14.520 -15.018
  -7.709 -14.908 -14.908
  -7.686 -14.819 -14.819
  -7.664 -15.103 -15.103
  -7.643 -14.649 -15.193
  -7.624 -14.988 -14.988
  -7.605 -15.175 -15.175
  -7.586 -14.765 -14.929
  -7.569 -15.101 -15.506
  -7.552 -14.891 -14.891
  -7.536 -15.007 -15.307
  -7.521 -15.216 -15.216
  -7.506 -14.976 -15.239
  -7.491 -15.041 -15.339
  -7.477 -15.066 -15.452
  -7.464 -15.500 -15.500
  -7.451 -15.126 -15.126
  -7.438 -15.334 -15.334
  -7.425 -14.775 -15.106
  -7.413 -15.190 -15.672
  -7.401 -15.456 -15.456
  -7.390 -14.984 -15.368
  -7.379 -15.368 -15.368
  -7.368 -15.580 -15.838
  -7.357 -15.343 -15.506
  -7.347 -15.363 -15.517
  -7.337 -15.152 -15.434
  -7.327 -15.896 -15.896
  -7.317 -15.768 -15.971
  -7.308 -15.344 -15.496
  -7.299 -15.811 -15.811
  -7.290 -15.650 -15.650
  -7.281 -15.731 -16.007
  -7.272 -15.451 -15.451
  -7.264 -15.279 -15.834
  -7.255 -15.440 -15.923
  -7.247 -15.335 -15.624
  -7.239 -15.680 -15.971
  -7.231 -15.599 -15.599
  -7.223 -15.616 -15.997
  -7.216 -15.794 -15.794
  -7.208 -15.655 -16.027
  -7.201 -16.018 -16.018
  -7.194 -15.693 -15.693
  -7.187 -15.814 -16.082
  -7.180 -15.549 -15.549
  -7.173 -15.717 -16.061
  -7.166 -15.846 -16.175
  -7.159 -15.858 -15.858
  -7.153 -16.367 -16.367
  -7.146 -16.135 -16.702
  -7.140 -16.214 -16.447
  -7.133 -16.049 -16.399
  -7.127 -16.019 -16.308
  -7.121 -16.501 -16.748
  -7.115 -16.188 -16.347
  -7.109 -15.899 -15.899
  -7.103 -14.848 -16.107
  -7.098 -16.036 -16.227
  -7.092 -16.097 -16.097
  -7.086 -15.630 -15.896
  -7.081 -15.390 -15.548
  -7.075 -15.722 -16.658
  -7.070 -16.429 -16.429
  -7.064 -15.990 -16.151
  -7.059 -15.534 -16.125
  -7.054 -16.284 -16.284
  -7.049 -15.792 -16.690
  -7.043 -15.862 -16.994
  -7.038 -15.261 -16.197
  -7.033 -16.470 -16.470
  -7.029 -15.914 -16.453
  -7.024 -16.765 -49.500
  -7.019 -14.861 -16.221
  -7.014 -15.596 -16.418
  -7.009 -16.147 -16.298
  -7.005 -16.190 -16.349
  -7.000 -16.155 -16.786
  -6.995 -16.066 -16.226
  -6.991 -16.437 -16.437
  -6.986 -15.745 -16.409
  -6.982 -15.971 -16.409
  -6.978 -15.387 -16.755
  -6.973 -16.233 -16.687
  -6.969 -15.749 -16.060
  -6.965 -16.498 -17.097
  -6.961 -15.613 -15.781
  -6.956 -16.316 -16.484
  -6.952 -13.073 -49.500
  -6.948 -16.801 -17.005
  -6.944 -15.746 -16.767
  -6.940 -16.946 -49.500
  -6.936 -15.790 -16.072
  -6.932 -16.164 -16.593
  -6.928 -16.985 -23.404
  -6.924 -16.836 -49.500
  -6.920 -16.743 -23.023
  -6.917 -49.500 -49.500
  -6.913 -16.421 -17.351
  -6.909 -16.503 -49.500
  -6.905 -17.078 -22.675
  -6.902 -17.107 -49.500
  -6.898 -16.408 -16.596
  -6.894 -17.102 -49.500
  -6.891 -15.928 -16.759
  -6.887 -15.782 -16.713
  -6.884 -16.297 -49.500
  -6.880 -16.230 -16.388
  -6.877 -17.061 -49.500
  -6.873 -49.500     NaN
  -6.870 -16.392 -49.500
  -6.867 -49.500 -49.500
  -6.863 -16.596 -17.045
  -6.860 -49.500     NaN
  -6.857 -15.818 -15.818
  -6.853 -16.907 -49.500
  -6.850 -49.500     NaN
  -6.847 -16.540 -16.695
  -6.844 -16.887 -17.255
  -6.840 -49.500     NaN
  -6.837 -16.101 -49.500
  -6.834 -15.660 -49.500
  -6.831 -49.500     NaN
  -6.828 -15.339 -49.500
  -6.825 -15.197 -16.374
  -6.822 -15.686 -49.500
  -6.819 -49.500     NaN
  -6.816 -49.500     NaN
  -6.813 -16.026 -17.106
  -6.810 -15.256 -16.343
  -6.807 -49.500     NaN
  -6.804 -16.232 -16.748
  -6.801 -49.500 -49.500
  -6.798 -16.091 -16.291
  -6.795 -16.720 -17.214
  -6.792 -17.130 -49.500
  -6.789 -16.117 -17.136
  -6.787 -17.042 -49.500
  -6.784 -16.788 -49.500
  -6.781 -16.212 -49.500
  -6.778 -16.934 -17.107
  -6.775 -49.500 -49.500
  -6.773 -49.500 -49.500
  -6.770 -49.500     NaN
  -6.767 -16.063 -16.063
  -6.765 -16.788 -49.500
  -6.762 -16.934 -49.500
  -6.759 -49.500     NaN
  -6.757 -16.758 -49.500
  -6.754 -49.500     NaN
  -6.751 -17.006 -49.500
  -6.749 -49.500 -49.500
  -6.746 -49.500 -49.500
  -6.744 -16.634 -49.500
  -6.741 -49.500     NaN
  -6.739 -49.500 -49.500
  -6.736 -16.194 -49.500
  -6.734 -49.500     NaN
  -6.731 -49.500     NaN
  -6.729 -16.286 -16.448
  -6.726 -16.295 -49.500
  -6.724 -49.500 -49.500
  -6.721 -49.500 -49.500
  -6.719 -16.160 -16.160
  -6.717 -49.500     NaN
  -6.714 -49.500 -49.500
  -6.712 -49.500 -49.500
  -6.709 -49.500 -49.500
  -6.707 -49.500     NaN
  -6.705 -49.500     NaN
  -6.702 -49.500     NaN
  -6.700 -16.694 -49.500
  -6.698 -49.500 -49.500
  -6.696 -49.500     NaN
  -6.693 -49.500     NaN
  -6.691 -49.500 -49.500
  -6.689 -49.500 -49.500
  -6.687 -49.500 -49.500
  -6.684 -14.212 -14.212
  -6.682 -49.500     NaN
  -6.680 -49.500 -49.500
  -6.678 -16.321 -16.321
  -6.675 -49.500     NaN
  -6.673 -49.500 -49.500
  -6.671 -49.500     NaN
  -6.669 -15.695 -49.500
  -6.667 -49.500 -49.500
  -6.665 -49.500 -49.500
  -6.663 -49.500 -49.500
  -6.661 -49.500 -49.500
  -6.658 -49.500 -49.500
  -6.656 -49.500 -49.500
  -6.654 -49.500 -49.500
  -6.652 -49.500 -49.500
  -6.650 -49.500 -49.500
  -6.648 -49.500 -49.500
  -6.646 -49.500 -49.500
  -6.644 -49.500 -49.500
  -6.642 -49.500 -49.500
  -6.640 -49.500 -49.500
  -6.638 -49.500     NaN
  -6.636 -49.500 -49.500
  -6.634 -49.500 -49.500
  -6.632 -49.500 -49.500
  -6.630 -49.500 -49.500
  -6.628 -17.144 -17.144
  -6.626 -49.500 -49.500
  -6.624 -49.500 -49.500
  -6.622 -49.500 -49.500
  -6.620 -49.500 -49.500
  -6.618 -16.763 -16.763
  -6.617 -49.500 -49.500
  -6.615 -49.500 -49.500
  -6.613 -49.500 -49.500
  -6.611 -16.099 -16.099
  -6.609 -49.500 -49.500
  -6.607 -49.500 -49.500
  -6.605 -16.415 -16.415
  -6.603 -49.500 -49.500
  -6.602 -49.500 -49.500
  -6.600 -49.500 -49.500
  -6.598 -49.500 -49.500
  -6.596 -49.500 -49.500
  -6.594 -49.500 -49.500
