  -8.861 -13.998 -13.998
  -8.599 -14.056 -14.056
  -8.442 -14.210 -14.210
  -8.329 -14.315 -14.315
  -8.239 -14.351 -14.351
  -8.166 -14.291 -14.291
  -8.103 -14.435 -14.435
  -8.048 -13.926 -14.538
  -7.999 -14.731 -14.731
  -7.955 -14.559 -14.559
  -7.916 -14.699 -14.853
  -7.879 -14.814 -14.814
  -7.846 -14.713 -14.713
  -7.815 -14.527 -14.949
  -7.786 -14.723 -14.723
  -7.758 -14.862 -14.862
  -7.733 -14.710 -15.007
  -7.709 -14.868 -14.868
  -7.686 -14.958 -14.958
  -7.664 -14.712 -15.111
  -7.643 -15.106 -15.106
  -7.624 -14.724 -14.724
  -7.605 -15.237 -15.237
  -7.586 -15.020 -15.189
  -7.569 -14.937 -14.937
  -7.552 -15.308 -15.308
  -7.536 -14.967 -15.150
  -7.521 -15.131 -15.307
  -7.506 -15.047 -15.360
  -7.491 -15.177 -15.177
  -7.477 -15.085 -15.274
  -7.464 -15.398 -15.398
  -7.451 -15.112 -15.572
  -7.438 -14.669 -14.990
  -7.425 -15.111 -15.111
  -7.413 -15.170 -15.336
  -7.401 -15.187 -15.640
  -7.390 -15.549 -15.549
  -7.379 -14.952 -15.563
  -7.368 -15.324 -15.324
  -7.357 -15.452 -15.626
  -7.347 -15.690 -15.690
  -7.337 -15.693 -15.693
  -7.327 -15.670 -15.670
  -7.317 -15.549 -15.717
  -7.308 -15.376 -15.535
  -7.299 -15.918 -15.918
  -7.290 -15.201 -15.201
  -7.281 -16.026 -16.026
  -7.272 -15.881 -15.881
  -7.264 -15.492 -15.722
  -7.255 -15.030 -15.750
  -7.247 -15.641 -15.641
  -7.239 -15.534 -15.743
  -7.231 -15.906 -16.088
  -7.223 -16.026 -16.179
  -7.216 -16.058 -16.058
  -7.208 -15.885 -15.885
  -7.201 -14.886 -15.997
  -7.194 -16.180 -16.180
  -7.187 -15.600 -15.600
  -7.180 -14.764 -15.231
  -7.173 -16.050 -16.050
  -7.166 -16.238 -16.410
  -7.159 -16.077 -16.077
  -7.153 -15.612 -15.774
  -7.146 -15.426 -15.774
  -7.140 -16.138 -16.138
  -7.133 -16.024 -16.024
  -7.127 -16.437 -16.599
  -7.121 -15.972 -15.972
  -7.115 -15.051 -16.110
  -7.109 -15.899 -16.308
  -7.103 -16.071 -16.320
  -7.098 -15.645 -16.243
  -7.092 -15.478 -16.128
  -7.086 -15.762 -16.071
  -7.081 -16.504 -16.660
  -7.075 -15.967 -16.216
  -7.070 -16.266 -16.266
  -7.064 -15.147 -15.304
  -7.059 -16.256 -16.577
  -7.054 -15.899 -16.113
  -7.049 -15.985 -16.192
  -7.043 -15.504 -15.791
  -7.038 -15.476 -16.336
  -7.033 -15.984 -16.245
  -7.029 -15.012 -16.096
  -7.024 -15.889 -16.432
  -7.019 -15.626 -16.430
  -7.014 -16.133 -16.516
  -7.009 -16.310 -16.310
  -7.005 -16.059 -16.500
  -7.000 -15.608 -16.286
  -6.995 -15.573 -16.138
  -6.991 -16.391 -16.850
  -6.986 -15.765 -16.075
  -6.982 -16.989 -22.967
  -6.978 -16.490 -16.702
  -6.973 -16.422 -16.575
  -6.969 -49.500 -49.500
  -6.965 -16.469 -16.759
  -6.961 -15.193 -49.500
  -6.956 -16.936 -22.768
  -6.952 -16.014 -16.589
  -6.948 -15.504 -16.489
  -6.944 -14.690 -16.557
  -6.940 -15.475 -16.700
  -6.936 -15.023 -17.062
  -6.932 -16.556 -16.752
  -6.928 -16.656 -16.813
  -6.924 -15.811 -16.164
  -6.920 -49.500     NaN
  -6.917 -15.836 -16.173
  -6.913 -16.686 -49.500
  -6.909 -15.893 -16.113
  -6.905 -16.200 -16.833
  -6.902 -16.677 -16.851
  -6.898 -16.710 -49.500
  -6.894 -16.087 -17.034
  -6.891 -16.810 -17.133
  -6.887 -16.337 -16.972
  -6.884 -16.615 -16.852
  -6.880 -16.356 -49.500
  -6.877 -16.692 -49.500
  -6.873 -16.581 -49.500
  -6.870 -49.500     NaN
  -6.867 -49.500     NaN
  -6.863 -16.249 -16.249
  -6.860 -15.356 -17.238
  -6.857 -14.876 -49.500
  -6.853 -49.500 -49.500
  -6.850 -16.848 -49.500
  -6.847 -49.500 -49.500
  -6.844 -15.994 -16.245
  -6.840 -16.938 -49.500
  -6.837 -49.500     NaN
  -6.834 -16.493 -49.500
  -6.831 -49.500     NaN
  -6.828 -17.190 -49.500
  -6.825 -16.691 -16.999
  -6.822 -16.692 -49.500
  -6.819 -16.428 -16.428
  -6.816 -15.305 -49.500
  -6.813 -16.061 -49.500
  -6.810 -16.237 -16.390
  -6.807 -16.915 -49.500
  -6.804 -16.671 -49.500
  -6.801 -49.500     NaN
  -6.798 -49.500 -49.500
  -6.795 -16.781 -49.500
  -6.792 -16.724 -49.500
  -6.789 -16.486 -49.500
  -6.787 -15.941 -16.108
  -6.784 -16.675 -49.500
  -6.781 -15.897 -49.500
  -6.778 -49.500 -49.500
  -6.775 -15.463 -49.500
  -6.773 -49.500     NaN
  -6.770 -49.500     NaN
  -6.767 -16.353 -49.500
  -6.765 -49.500     NaN
  -6.762 -17.064 -49.500
  -6.759 -49.500 -49.500
  -6.757 -15.992 -15.992
  -6.754 -49.500     NaN
  -6.751 -16.148 -16.148
  -6.749 -15.996 -49.500
  -6.746 -16.328 -17.234
  -6.744 -16.450 -16.806
  -6.741 -49.500     NaN
  -6.739 -49.500 -49.500
  -6.736 -49.500     NaN
  -6.734 -49.500     NaN
  -6.731 -16.989 -49.500
  -6.729 -49.500 -49.500
  -6.726 -49.500 -49.500
  -6.724 -49.500 -49.500
  -6.721 -49.500 -49.500
  -6.719 -49.500     NaN
  -6.717 -49.500     NaN
  -6.714 -49.500 -49.500
  -6.712 -49.500     NaN
  -6.709 -49.500     NaN
  -6.707 -49.500 -49.500
  -6.705 -49.500 -49.500
  -6.702 -49.500     NaN
  -6.700 -16.584 -49.500
  -6.698 -16.994 -16.994
  -6.696 -49.500 -49.500
  -6.693 -49.500     NaN
  -6.691 -49.500 -49.500
  -6.689 -49.500 -49.500
  -6.687 -49.500 -49.500
  -6.684 -49.500 -49.500
  -6.682 -16.707 -16.707
  -6.680 -49.500 -49.500
  -6.678 -49.500 -49.500
  -6.675 -49.500 -49.500
  -6.673 -17.135 -17.135
  -6.671 -49.500 -49.500
  -6.669 -49.500 -49.500
  -6.667 -49.500 -49.500
  -6.665 -16.329 -16.329
  -6.663 -49.500 -49.500
  -6.661 -49.500 -49.500
  -6.658 -49.500 -49.500
  -6.656 -16.508 -16.508
  -6.654 -49.500 -49.500
  -6.652 -49.500 -49.500
  -6.650 -49.500 -49.500
  -6.648 -49.500 -49.500
  -6.646 -49.500 -49.500
  -6.644 -49.500 -49.500
  -6.642 -49.500 -49.500
  -6.640 -49.500 -49.500
  -6.638 -49.500 -49.500
  -6.636 -49.500 -49.500
  -6.634 -49.500 -49.500
  -6.632 -16.901 -49.500
  -6.630 -49.500 -49.500
  -6.628 -49.500     NaN
  -6.626 -49.500 -49.500
  -6.624 -49.500 -49.500
  -6.622 -49.500 -49.500
  -6.620 -49.500 -49.500
  -6.618 -49.500 -49.500
  -6.617 -49.500 -49.500
  -6.615 -49.500     NaN
  -6.613 -49.500 -49.500
  -6.611 -49.500 -49.500
  -6.609 -49.500 -49.500
  -6.607 -49.500 -49.500
  -6.605 -49.500 -49.500
  -6.603 -49.500     NaN
  -6.602 -49.500 -49.500
  -6.600 -49.500 -49.500
  -6.598 -49.500 -49.500
  -6.596 -49.500 -49.500
  -6.594 -49.500 -49.500
