  -8.861 -13.837 -13.837
  -8.599 -13.617 -14.133
  -8.442 -14.173 -14.173
  -8.329 -14.333 -14.333
  -8.239 -14.379 -14.379
  -8.166 -14.277 -14.277
  -8.103 -14.492 -14.492
  -8.048 -14.677 -14.677
  -7.999 -14.733 -14.733
  -7.955 -14.786 -14.786
  -7.916 -14.658 -14.658
  -7.879 -14.754 -14.754
  -7.846 -14.912 -14.912
  -7.815 -14.589 -14.796
  -7.786 -14.864 -14.864
  -7.758 -14.616 -14.868
  -7.733 -15.020 -15.020
  -7.709 -15.025 -15.025
  -7.686 -14.702 -14.980
  -7.664 -14.526 -14.679
  -7.643 -14.925 -14.925
  -7.624 -14.563 -14.875
  -7.605 -14.780 -14.780
  -7.586 -15.067 -15.067
  -7.569 -14.924 -14.924
  -7.552 -15.122 -15.122
  -7.536 -15.200 -15.200
  -7.521 -15.032 -15.338
  -7.506 -15.256 -15.506
  -7.491 -15.125 -15.342
  -7.477 -15.416 -15.416
  -7.464 -15.027 -15.027
  -7.451 -15.202 -15.475
  -7.438 -14.358 -14.809
  -7.425 -15.195 -15.385
  -7.413 -15.099 -15.099
  -7.401 -15.083 -15.348
  -7.390 -15.563 -15.563
  -7.379 -15.380 -15.380
  -7.368 -15.735 -15.735
  -7.357 -15.360 -15.675
  -7.347 -14.227 -15.613
  -7.337 -15.382 -15.599
  -7.327 -15.434 -15.434
  -7.317 -15.595 -15.595
  -7.308 -14.888 -15.785
  -7.299 -14.939 -15.355
  -7.290 -15.280 -15.752
  -7.281 -15.321 -15.571
  -7.272 -15.473 -15.666
  -7.264 -15.681 -15.936
  -7.255 -15.856 -16.026
  -7.247 -15.384 -16.058
  -7.239 -15.791 -16.025
  -7.231 -15.571 -15.847
  -7.223 -15.597 -15.910
  -7.216 -15.639 -15.639
  -7.208 -15.625 -15.625
  -7.201 -15.937 -15.937
  -7.194 -16.294 -16.294
  -7.187 -15.521 -15.687
  -7.180 -16.075 -16.240
  -7.173 -15.641 -16.205
  -7.166 -16.015 -16.015
  -7.159 -16.219 -16.219
  -7.153 -16.337 -16.568
  -7.146 -15.298 -15.682
  -7.140 -15.287 -16.065
  -7.133 -15.790 -16.191
  -7.127 -15.798 -16.136
  -7.121 -16.191 -16.191
  -7.115 -16.308 -16.308
  -7.109 -15.851 -15.851
  -7.103 -16.665 -16.964
  -7.098 -15.894 -15.894
  -7.092 -16.986 -16.986
  -7.086 -15.575 -15.968
  -7.081 -15.567 -16.177
  -7.075 -15.245 -16.173
  -7.070 -16.051 -16.540
  -7.064 -16.507 -16.507
  -7.059 -16.081 -16.333
  -7.054 -15.929 -16.396
  -7.049 -15.690 -16.034
  -7.043 -16.420 -16.420
  -7.038 -16.258 -16.426
  -7.033 -15.954 -16.735
  -7.029 -15.271 -16.693
  -7.024 -15.753 -16.053
  -7.019 -16.501 -16.657
  -7.014 -16.261 -16.261
  -7.009 -16.184 -16.184
  -7.005 -16.325 -16.489
  -7.000 -16.119 -16.384
  -6.995 -16.154 -17.138
  -6.991 -16.052 -16.432
  -6.986 -16.982 -49.500
  -6.982 -16.878 -16.878
  -6.978 -16.937 -17.183
  -6.973 -16.831 -17.086
  -6.969 -16.351 -16.536
  -6.965 -16.593 -16.746
  -6.961 -15.322 -16.617
  -6.956 -15.306 -17.125
  -6.952 -15.936 -16.297
  -6.948 -17.148 -22.485
  -6.944 -16.096 -16.366
  -6.940 -16.949 -17.120
  -6.936 -16.475 -16.475
  -6.932 -17.322 -49.500
  -6.928 -49.500     NaN
  -6.924 -49.500     NaN
  -6.920 -16.538 -16.744
  -6.917 -17.153 -49.500
  -6.913 -16.044 -16.843
  -6.909 -17.166 -49.500
  -6.905 -16.222 -16.447
  -6.902 -49.500 -49.500
  -6.898 -15.973 -16.162
  -6.894 -17.072 -49.500
  -6.891 -16.510 -49.500
  -6.887 -49.500 -49.500
  -6.884 -15.748 -16.724
  -6.880 -49.500     NaN
  -6.877 -16.641 -16.846
  -6.873 -17.382 -49.500
  -6.870 -16.871 -49.500
  -6.867 -16.547 -16.878
  -6.863 -16.469 -49.500
  -6.860 -16.770 -17.077
  -6.857 -15.317 -16.520
  -6.853 -16.735 -17.085
  -6.850 -49.500     NaN
  -6.847 -16.006 -17.018
  -6.844 -16.949 -49.500
  -6.840 -49.500 -49.500
  -6.837 -16.626 -49.500
  -6.834 -15.074 -15.889
  -6.831 -17.055 -49.500
  -6.828 -15.747 -49.500
  -6.825 -16.880 -49.500
  -6.822 -16.164 -16.589
  -6.819 -14.815 -15.671
  -6.816 -17.221 -49.500
  -6.813 -17.294 -49.500
  -6.810 -16.243 -16.497
  -6.807 -49.500 -49.500
  -6.804 -49.500     NaN
  -6.801 -49.500     NaN
  -6.798 -49.500     NaN
  -6.795 -49.500     NaN
  -6.792 -16.191 -16.902
  -6.789 -15.589 -15.589
  -6.787 -49.500     NaN
  -6.784 -49.500     NaN
  -6.781 -49.500 -49.500
  -6.778 -16.068 -16.068
  -6.775 -16.176 -16.516
  -6.773 -49.500     NaN
  -6.770 -49.500     NaN
  -6.767 -16.194 -16.194
  -6.765 -49.500     NaN
  -6.762 -17.206 -49.500
  -6.759 -49.500     NaN
  -6.757 -49.500 -49.500
  -6.754 -49.500     NaN
  -6.751 -49.500     NaN
  -6.749 -49.500     NaN
  -6.746 -16.601 -49.500
  -6.744 -49.500 -49.500
  -6.741 -49.500     NaN
  -6.739 -49.500 -49.500
  -6.736 -49.500 -49.500
  -6.734 -49.500 -49.500
  -6.731 -14.961 -16.059
  -6.729 -49.500     NaN
  -6.726 -49.500     NaN
  -6.724 -49.500     NaN
  -6.721 -15.688 -15.688
  -6.719 -16.861 -49.500
  -6.717 -15.060 -16.713
  -6.714 -49.500 -49.500
  -6.712 -16.244 -16.974
  -6.709 -49.500     NaN
  -6.707 -16.287 -49.500
  -6.705 -15.536 -49.500
  -6.702 -16.511 -16.768
  -6.700 -16.445 -49.500
  -6.698 -49.500 -49.500
  -6.696 -49.500 -49.500
  -6.693 -49.500     NaN
  -6.691 -16.625 -16.625
  -6.689 -49.500 -49.500
  -6.687 -49.500 -49.500
  -6.684 -49.500 -49.500
  -6.682 -17.044 -17.044
  -6.680 -49.500 -49.500
  -6.678 -16.189 -49.500
  -6.675 -49.500 -49.500
  -6.673 -49.500 -49.500
  -6.671 -49.500 -49.500
  -6.669 -16.513 -49.500
  -6.667 -49.500 -49.500
  -6.665 -49.500 -49.500
  -6.663 -49.500 -49.500
  -6.661 -49.500 -49.500
  -6.658 -49.500 -49.500
  -6.656 -49.500 -49.500
  -6.654 -49.500 -49.500
  -6.652 -49.500 -49.500
  -6.650 -16.155 -49.500
  -6.648 -16.228 -16.228
  -6.646 -17.154 -17.154
  -6.644 -49.500 -49.500
  -6.642 -49.500 -49.500
  -6.640 -49.500 -49.500
  -6.638 -16.479 -16.479
  -6.636 -16.267 -16.267
  -6.634 -49.500 -49.500
  -6.632 -49.500 -49.500
  -6.630 -49.500 -49.500
  -6.628 -49.500 -49.500
  -6.626 -49.500 -49.500
  -6.624 -49.500 -49.500
  -6.622 -49.500 -49.500
  -6.620 -16.407 -49.500
  -6.618 -49.500 -49.500
  -6.617 -49.500 -49.500
  -6.615 -49.500 -49.500
  -6.613 -49.500 -49.500
  -6.611 -49.500 -49.500
  -6.609 -49.500 -49.500
  -6.607 -49.500 -49.500
  -6.605 -49.500 -49.500
  -6.603 -49.500 -49.500
  -6.602 -49.500 -49.500
  -6.600 -49.500 -49.500
  -6.598 -49.500 -49.500
  -6.596 -49.500 -49.500
  -6.594 -49.500 -49.500
