  -8.861 -13.970 -13.970
  -8.599 -14.138 -14.138
  -8.442 -14.244 -14.244
  -8.329 -14.181 -14.181
  -8.239 -14.447 -14.447
  -8.166 -14.252 -14.252
  -8.103 -14.495 -14.495
  -8.048 -14.485 -14.485
  -7.999 -14.397 -14.397
  -7.955 -14.597 -14.597
  -7.916 -14.821 -14.821
  -7.879 -14.707 -14.707
  -7.846 -14.772 -14.772
  -7.815 -14.773 -14.773
  -7.786 -14.790 -14.790
  -7.758 -14.879 -14.879
  -7.733 -14.714 -14.714
  -7.709 -15.099 -15.099
  -7.686 -14.903 -14.903
  -7.664 -15.047 -15.047
  -7.643 -14.674 -14.674
  -7.624 -15.025 -15.206
  -7.605 -14.950 -15.128
  -7.586 -15.086 -15.086
  -7.569 -14.913 -15.411
  -7.552 -15.373 -15.373
  -7.536 -15.265 -15.265
  -7.521 -15.169 -15.396
  -7.506 -15.268 -15.268
  -7.491 -14.759 -15.180
  -7.477 -15.281 -15.281
  -7.464 -14.828 -15.574
  -7.451 -14.862 -14.862
  -7.438 -15.152 -15.152
  -7.425 -15.315 -15.578
  -7.413 -15.501 -15.501
  -7.401 -15.415 -15.606
  -7.390 -14.928 -15.330
  -7.379 -15.319 -15.574
  -7.368 -15.222 -15.503
  -7.357 -15.802 -15.802
  -7.347 -15.307 -15.530
  -7.337 -15.524 -15.524
  -7.327 -15.381 -15.381
  -7.317 -15.848 -15.848
  -7.308 -15.113 -15.618
  -7.299 -15.288 -15.551
  -7.290 -15.754 -16.093
  -7.281 -15.310 -15.567
  -7.272 -15.746 -15.990
  -7.264 -15.879 -15.879
  -7.255 -15.966 -15.966
  -7.247 -15.556 -15.556
  -7.239 -15.808 -15.808
  -7.231 -15.580 -16.187
  -7.223 -15.889 -15.889
  -7.216 -15.512 -15.752
  -7.208 -15.775 -15.945
  -7.201 -16.029 -16.488
  -7.194 -15.351 -15.351
  -7.187 -15.531 -16.007
  -7.180 -16.147 -16.451
  -7.173 -15.623 -15.623
  -7.166 -16.120 -16.120
  -7.159 -15.776 -15.776
  -7.153 -16.156 -16.356
  -7.146 -15.778 -16.353
  -7.140 -15.774 -15.991
  -7.133 -15.768 -15.768
  -7.127 -16.108 -16.108
  -7.121 -15.390 -16.118
  -7.115 -15.497 -16.116
  -7.109 -15.652 -16.501
  -7.103 -15.674 -15.674
  -7.098 -15.689 -16.245
  -7.092 -16.089 -16.348
  -7.086 -16.083 -16.356
  -7.081 -14.354 -15.675
  -7.075 -15.670 -15.997
  -7.070 -16.008 -16.336
  -7.064 -16.174 -16.403
  -7.059 -15.759 -16.262
  -7.054 -15.652 -16.331
  -7.049 -16.383 -16.720
  -7.043 -14.881 -16.620
  -7.038 -16.385 -16.605
  -7.033 -16.341 -17.387
  -7.029 -16.063 -16.464
  -7.024 -16.662 -16.845
  -7.019 -15.494 -16.050
  -7.014 -15.836 -16.627
  -7.009 -15.463 -16.038
  -7.005 -16.137 -16.346
  -7.000 -16.249 -16.416
  -6.995 -16.354 -16.354
  -6.991 -16.777 -16.984
  -6.986 -16.322 -16.559
  -6.982 -16.117 -16.316
  -6.978 -15.933 -16.229
  -6.973 -16.211 -16.988
  -6.969 -16.664 -16.664
  -6.965 -16.501 -16.501
  -6.961 -16.404 -16.601
  -6.956 -16.884 -49.500
  -6.952 -16.282 -16.671
  -6.948 -16.986 -17.547
  -6.944 -16.692 -16.692
  -6.940 -22.545 -22.545
  -6.936 -16.637 -16.916
  -6.932 -15.841 -16.535
  -6.928 -15.904 -16.858
  -6.924 -16.562 -16.744
  -6.920 -16.773 -16.970
  -6.917 -16.153 -16.684
  -6.913 -16.798 -17.048
  -6.909 -15.962 -16.543
  -6.905 -16.121 -16.529
  -6.902 -16.012 -22.810
  -6.898 -16.841 -17.282
  -6.894 -15.822 -49.500
  -6.891 -17.247 -49.500
  -6.887 -17.459 -49.500
  -6.884 -15.881 -16.595
  -6.880 -16.410 -16.410
  -6.877 -16.346 -49.500
  -6.873 -16.222 -49.500
  -6.870 -16.394 -17.040
  -6.867 -16.682 -16.850
  -6.863 -16.775 -49.500
  -6.860 -16.417 -16.691
  -6.857 -14.768 -16.915
  -6.853 -49.500 -49.500
  -6.850 -16.845 -49.500
  -6.847 -16.597 -49.500
  -6.844 -49.500     NaN
  -6.840 -49.500     NaN
  -6.837 -49.500     NaN
  -6.834 -16.262 -16.797
  -6.831 -15.742 -16.298
  -6.828 -15.837 -15.837
  -6.825 -16.803 -49.500
  -6.822 -49.500     NaN
  -6.819 -16.517 -49.500
  -6.816 -16.226 -16.557
  -6.813 -49.500     NaN
  -6.810 -49.500     NaN
  -6.807 -49.500     NaN
  -6.804 -49.500     NaN
  -6.801 -16.392 -49.500
  -6.798 -49.500     NaN
  -6.795 -16.703 -16.703
  -6.792 -16.819 -49.500
  -6.789 -49.500 -49.500
  -6.787 -49.500     NaN
  -6.784 -16.595 -49.500
  -6.781 -16.145 -49.500
  -6.778 -16.654 -49.500
  -6.775 -16.989 -49.500
  -6.773 -49.500 -49.500
  -6.770 -14.957 -16.283
  -6.767 -15.424 -16.689
  -6.765 -49.500     NaN
  -6.762 -16.713 -49.500
  -6.759 -16.356 -16.707
  -6.757 -16.431 -16.431
  -6.754 -49.500 -49.500
  -6.751 -16.086 -16.312
  -6.749 -16.077 -49.500
  -6.746 -49.500 -49.500
  -6.744 -49.500 -49.500
  -6.741 -17.004 -17.004
  -6.739 -49.500     NaN
  -6.736 -49.500 -49.500
  -6.734 -49.500     NaN
  -6.731 -49.500     NaN
  -6.729 -16.193 -49.500
  -6.726 -49.500 -49.500
  -6.724 -16.619 -49.500
  -6.721 -49.500 -49.500
  -6.719 -49.500     NaN
  -6.717 -49.500 -49.500
  -6.714 -49.500 -49.500
  -6.712 -49.500 -49.500
  -6.709 -49.500 -49.500
  -6.707 -49.500 -49.500
  -6.705 -49.500 -49.500
  -6.702 -15.899 -15.899
  -6.700 -49.500 -49.500
  -6.698 -16.874 -49.500
  -6.696 -49.500 -49.500
  -6.693 -49.500 -49.500
  -6.691 -49.500 -49.500
  -6.689 -49.500 -49.500
  -6.687 -49.500 -49.500
  -6.684 -16.593 -16.593
  -6.682 -49.500     NaN
  -6.680 -49.500     NaN
  -6.678 -49.500 -49.500
  -6.675 -15.929 -15.929
  -6.673 -49.500 -49.500
  -6.671 -49.500 -49.500
  -6.669 -49.500     NaN
  -6.667 -49.500     NaN
  -6.665 -49.500 -49.500
  -6.663 -16.449 -16.449
  -6.661 -49.500 -49.500
  -6.658 -49.500 -49.500
  -6.656 -49.500 -49.500
  -6.654 -49.500 -49.500
  -6.652 -49.500 -49.500
  -6.650 -49.500 -49.500
  -6.648 -16.916 -16.916
  -6.646 -49.500 -49.500
  -6.644 -49.500 -49.500
  -6.642 -49.500 -49.500
  -6.640 -16.285 -49.500
  -6.638 -49.500     NaN
  -6.636 -16.815 -16.815
  -6.634 -49.500 -49.500
  -6.632 -49.500 -49.500
  -6.630 -49.500 -49.500
  -6.628 -49.500 -49.500
  -6.626 -49.500     NaN
  -6.624 -49.500 -49.500
  -6.622 -49.500 -49.500
  -6.620 -49.500 -49.500
  -6.618 -49.500 -49.500
  -6.617 -16.794 -49.500
  -6.615 -49.500 -49.500
  -6.613 -49.500 -49.500
  -6.611 -49.500 -49.500
  -6.609 -49.500 -49.500
  -6.607 -49.500 -49.500
  -6.605 -49.500 -49.500
  -6.603 -16.000 -16.000
  -6.602 -16.550 -49.500
  -6.600 -49.500 -49.500
  -6.598 -16.385 -49.500
  -6.596 -49.500 -49.500
  -6.594 -49.500 -49.500
