  -8.861 -13.971 -13.971
  -8.599 -14.134 -14.134
  -8.442 -14.221 -14.221
  -8.329 -14.352 -14.352
  -8.239 -14.273 -14.462
  -8.166 -14.458 -14.458
  -8.103 -14.530 -14.530
  -8.048 -14.534 -14.534
  -7.999 -14.456 -14.456
  -7.955 -14.562 -14.562
  -7.916 -14.605 -14.605
  -7.879 -14.063 -14.788
  -7.846 -14.844 -14.844
  -7.815 -14.878 -14.878
  -7.786 -14.914 -14.914
  -7.758 -14.729 -14.729
  -7.733 -14.842 -14.842
  -7.709 -15.004 -15.004
  -7.686 -15.003 -15.003
  -7.664 -15.060 -15.060
  -7.643 -14.527 -14.527
  -7.624 -14.956 -14.956
  -7.605 -15.220 -15.220
  -7.586 -15.016 -15.179
  -7.569 -15.070 -15.070
  -7.552 -15.241 -15.241
  -7.536 -14.432 -15.095
  -7.521 -15.216 -15.216
  -7.506 -15.207 -15.397
  -7.491 -15.053 -15.375
  -7.477 -15.151 -15.151
  -7.464 -15.300 -15.300
  -7.451 -14.508 -15.435
  -7.438 -15.339 -15.597
  -7.425 -15.523 -15.523
  -7.413 -15.606 -15.606
  -7.401 -15.463 -15.661
  -7.390 -15.168 -15.331
  -7.379 -15.240 -15.240
  -7.368 -15.213 -15.213
  -7.357 -15.790 -15.790
  -7.347 -14.960 -15.249
  -7.337 -15.399 -15.723
  -7.327 -15.244 -15.621
  -7.317 -15.479 -15.479
  -7.308 -15.056 -15.466
  -7.299 -15.241 -15.394
  -7.290 -14.871 -15.300
  -7.281 -14.845 -15.027
  -7.272 -15.346 -15.346
  -7.264 -14.877 -15.114
  -7.255 -15.568 -16.094
  -7.247 -15.409 -15.623
  -7.239 -15.685 -16.003
  -7.231 -15.241 -15.472
  -7.223 -15.854 -15.854
  -7.216 -15.143 -15.424
  -7.208 -15.036 -15.514
  -7.201 -15.377 -16.214
  -7.194 -16.195 -16.195
  -7.187 -16.204 -16.204
  -7.180 -16.320 -16.320
  -7.173 -16.152 -16.349
  -7.166 -15.053 -15.860
  -7.159 -15.897 -16.229
  -7.153 -15.692 -16.016
  -7.146 -15.847 -16.138
  -7.140 -15.432 -15.432
  -7.133 -16.304 -16.680
  -7.127 -15.890 -15.890
  -7.121 -16.440 -16.616
  -7.115 -16.015 -16.015
  -7.109 -16.143 -16.587
  -7.103 -15.912 -16.066
  -7.098 -16.396 -16.641
  -7.092 -16.612 -16.612
  -7.086 -15.763 -16.157
  -7.081 -16.277 -16.600
  -7.075 -16.313 -16.313
  -7.070 -16.277 -16.573
  -7.064 -15.913 -16.592
  -7.059 -16.643 -16.643
  -7.054 -15.633 -16.434
  -7.049 -16.150 -16.150
  -7.043 -15.777 -16.607
  -7.038 -15.865 -15.865
  -7.033 -16.623 -16.623
  -7.029 -16.284 -16.509
  -7.024 -15.995 -16.605
  -7.019 -15.820 -16.585
  -7.014 -16.210 -16.210
  -7.009 -16.631 -16.631
  -7.005 -17.031 -17.031
  -7.000 -15.511 -16.343
  -6.995 -15.310 -16.032
  -6.991 -16.576 -16.896
  -6.986 -16.447 -17.295
  -6.982 -14.324 -16.305
  -6.978 -15.962 -16.941
  -6.973 -16.553 -16.707
  -6.969 -16.515 -16.515
  -6.965 -17.292 -49.500
  -6.961 -16.822 -49.500
  -6.956 -16.150 -16.764
  -6.952 -16.331 -49.500
  -6.948 -16.390 -16.700
  -6.944 -16.721 -49.500
  -6.940 -15.815 -16.005
  -6.936 -15.893 -16.086
  -6.932 -15.928 -16.655
  -6.928 -16.629 -16.858
  -6.924 -17.056 -49.500
  -6.920 -16.207 -16.552
  -6.917 -15.817 -16.548
  -6.913 -16.003 -16.498
  -6.909 -16.080 -16.841
  -6.905 -15.627 -16.607
  -6.902 -49.500     NaN
  -6.898 -16.078 -16.446
  -6.894 -15.987 -16.396
  -6.891 -17.009 -49.500
  -6.887 -16.906 -49.500
  -6.884 -16.510 -16.818
  -6.880 -16.185 -16.452
  -6.877 -49.500     NaN
  -6.873 -16.582 -16.997
  -6.870 -16.863 -17.058
  -6.867 -16.205 -49.500
  -6.863 -16.945 -49.500
  -6.860 -16.571 -49.500
  -6.857 -16.257 -16.445
  -6.853 -49.500     NaN
  -6.850 -16.632 -49.500
  -6.847 -16.542 -16.785
  -6.844 -15.807 -15.807
  -6.840 -49.500     NaN
  -6.837 -16.442 -16.610
  -6.834 -16.134 -16.429
  -6.831 -16.569 -16.792
  -6.828 -49.500 -49.500
  -6.825 -16.783 -16.952
  -6.822 -16.537 -49.500
  -6.819 -16.247 -49.500
  -6.816 -49.500     NaN
  -6.813 -16.428 -16.636
  -6.810 -15.623 -15.864
  -6.807 -16.470 -49.500
  -6.804 -49.500     NaN
  -6.801 -16.506 -16.658
  -6.798 -49.500     NaN
  -6.795 -49.500     NaN
  -6.792 -17.259 -49.500
  -6.789 -15.239 -17.174
  -6.787 -14.438 -49.500
  -6.784 -49.500     NaN
  -6.781 -16.849 -49.500
  -6.778 -16.993 -49.500
  -6.775 -16.347 -16.749
  -6.773 -49.500 -49.500
  -6.770 -49.500 -49.500
  -6.767 -49.500     NaN
  -6.765 -16.379 -49.500
  -6.762 -49.500 -49.500
  -6.759 -17.010 -49.500
  -6.757 -16.535 -49.500
  -6.754 -49.500 -49.500
  -6.751 -49.500 -49.500
  -6.749 -16.381 -49.500
  -6.746 -49.500     NaN
  -6.744 -17.138 -49.500
  -6.741 -15.948 -49.500
  -6.739 -49.500 -49.500
  -6.736 -49.500 -49.500
  -6.734 -49.500     NaN
  -6.731 -16.600 -16.990
  -6.729 -49.500     NaN
  -6.726 -49.500 -49.500
  -6.724 -49.500 -49.500
  -6.721 -49.500 -49.500
  -6.719 -49.500 -49.500
  -6.717 -49.500     NaN
  -6.714 -16.404 -49.500
  -6.712 -16.845 -16.845
  -6.709 -49.500 -49.500
  -6.707 -49.500 -49.500
  -6.705 -16.489 -49.500
  -6.702 -15.227 -15.227
  -6.700 -15.787 -15.787
  -6.698 -49.500 -49.500
  -6.696 -49.500 -49.500
  -6.693 -16.494 -49.500
  -6.691 -49.500 -49.500
  -6.689 -49.500 -49.500
  -6.687 -49.500 -49.500
  -6.684 -49.500 -49.500
  -6.682 -16.820 -16.820
  -6.680 -49.500     NaN
  -6.678 -49.500 -49.500
  -6.675 -16.711 -16.711
  -6.673 -16.223 -49.500
  -6.671 -49.500 -49.500
  -6.669 -16.794 -16.794
  -6.667 -49.500 -49.500
  -6.665 -49.500 -49.500
  -6.663 -49.500 -49.500
  -6.661 -49.500 -49.500
  -6.658 -49.500 -49.500
  -6.656 -49.500 -49.500
  -6.654 -49.500 -49.500
  -6.652 -49.500     NaN
  -6.650 -49.500 -49.500
  -6.648 -49.500 -49.500
  -6.646 -49.500 -49.500
  -6.644 -49.500 -49.500
  -6.642 -49.500     NaN
  -6.640 -49.500 -49.500
  -6.638 -49.500 -49.500
  -6.636 -49.500 -49.500
  -6.634 -15.290 -49.500
  -6.632 -49.500 -49.500
  -6.630 -49.500 -49.500
  -6.628 -49.500 -49.500
  -6.626 -49.500 -49.500
  -6.624 -49.500 -49.500
  -6.622 -49.500 -49.500
  -6.620 -17.213 -17.213
  -6.618 -49.500 -49.500
  -6.617 -16.649 -16.649
  -6.615 -49.500 -49.500
  -6.613 -49.500 -49.500
  -6.611 -49.500 -49.500
  -6.609 -49.500     NaN
  -6.607 -49.500 -49.500
  -6.605 -16.374 -49.500
  -6.603 -15.634 -15.634
  -6.602 -49.500 -49.500
  -6.600 -49.500 -49.500
  -6.598 -49.500 -49.500
  -6.596 -49.500 -49.500
  -6.594 -49.500 -49.500
