  -8.861 -13.972 -13.972
  -8.599 -14.088 -14.088
  -8.442 -14.238 -14.238
  -8.329 -13.826 -14.282
  -8.239 -14.307 -14.307
  -8.166 -14.367 -14.367
  -8.103 -14.323 -14.323
  -8.048 -14.573 -14.573
  -7.999 -14.641 -14.641
  -7.955 -14.680 -14.680
  -7.916 -14.612 -14.612
  -7.879 -14.702 -14.702
  -7.846 -14.787 -14.787
  -7.815 -14.856 -14.856
  -7.786 -14.748 -14.748
  -7.758 -14.589 -14.867
  -7.733 -14.836 -14.836
  -7.709 -14.898 -14.898
  -7.686 -14.766 -14.766
  -7.664 -14.490 -14.907
  -7.643 -14.774 -14.974
  -7.624 -15.141 -15.141
  -7.605 -14.892 -14.892
  -7.586 -15.301 -15.301
  -7.569 -15.130 -15.130
  -7.552 -15.352 -15.352
  -7.536 -15.199 -15.199
  -7.521 -15.247 -15.247
  -7.506 -15.261 -15.261
  -7.491 -15.452 -15.452
  -7.477 -15.287 -15.287
  -7.464 -15.358 -15.358
  -7.451 -15.076 -15.076
  -7.438 -13.895 -15.120
  -7.425 -14.839 -15.505
  -7.413 -15.147 -15.147
  -7.401 -15.203 -15.493
  -7.390 -14.645 -15.202
  -7.379 -14.930 -15.273
  -7.368 -15.191 -15.359
  -7.357 -14.931 -15.404
  -7.347 -15.363 -15.538
  -7.337 -15.063 -15.665
  -7.327 -15.771 -15.771
  -7.317 -15.517 -15.517
  -7.308 -15.941 -15.941
  -7.299 -15.662 -15.859
  -7.290 -15.812 -16.041
  -7.281 -15.705 -15.705
  -7.272 -15.972 -15.972
  -7.264 -15.718 -15.718
  -7.255 -15.744 -15.943
  -7.247 -15.246 -15.664
  -7.239 -15.481 -15.930
  -7.231 -15.907 -15.907
  -7.223 -15.364 -15.364
  -7.216 -15.555 -15.943
  -7.208 -15.070 -15.937
  -7.201 -15.866 -15.866
  -7.194 -16.202 -16.372
  -7.187 -15.532 -15.930
  -7.180 -16.083 -16.083
  -7.173 -15.654 -15.966
  -7.166 -15.969 -16.205
  -7.159 -15.754 -15.982
  -7.153 -15.727 -15.984
  -7.146 -15.816 -15.816
  -7.140 -15.535 -15.773
  -7.133 -15.221 -15.664
  -7.127 -15.196 -15.573
  -7.121 -16.164 -16.164
  -7.115 -15.386 -15.654
  -7.109 -16.392 -16.392
  -7.103 -16.032 -16.244
  -7.098 -16.233 -16.233
  -7.092 -16.038 -16.229
  -7.086 -16.050 -16.602
  -7.081 -14.907 -16.303
  -7.075 -16.006 -16.212
  -7.070 -15.982 -16.410
  -7.064 -16.021 -16.021
  -7.059 -15.917 -16.400
  -7.054 -15.599 -16.170
  -7.049 -15.897 -15.897
  -7.043 -16.771 -17.140
  -7.038 -16.694 -16.694
  -7.033 -15.805 -16.437
  -7.029 -16.121 -16.864
  -7.024 -16.411 -16.628
  -7.019 -15.597 -15.859
  -7.014 -16.375 -16.576
  -7.009 -15.591 -16.700
  -7.005 -16.278 -16.788
  -7.000 -16.104 -16.104
  -6.995 -16.263 -16.263
  -6.991 -16.106 -17.048
  -6.986 -16.715 -17.002
  -6.982 -16.559 -16.559
  -6.978 -16.522 -16.790
  -6.973 -16.148 -16.823
  -6.969 -15.489 -16.004
  -6.965 -49.500     NaN
  -6.961 -16.344 -16.344
  -6.956 -14.823 -15.719
  -6.952 -16.116 -16.344
  -6.948 -15.958 -16.281
  -6.944 -15.638 -16.355
  -6.940 -16.376 -17.085
  -6.936 -16.672 -17.065
  -6.932 -16.537 -17.120
  -6.928 -16.730 -17.392
  -6.924 -16.108 -16.304
  -6.920 -16.779 -49.500
  -6.917 -16.808 -17.065
  -6.913 -16.547 -16.738
  -6.909 -16.209 -16.736
  -6.905 -16.703 -16.994
  -6.902 -14.965 -15.782
  -6.898 -49.500     NaN
  -6.894 -16.985 -49.500
  -6.891 -15.228 -16.496
  -6.887 -22.013 -22.013
  -6.884 -16.869 -49.500
  -6.880 -16.743 -17.186
  -6.877 -16.571 -17.097
  -6.873 -14.041 -16.953
  -6.870 -15.998 -16.397
  -6.867 -49.500     NaN
  -6.863 -49.500 -49.500
  -6.860 -16.741 -17.035
  -6.857 -15.855 -16.251
  -6.853 -16.131 -49.500
  -6.850 -49.500 -49.500
  -6.847 -16.070 -16.247
  -6.844 -16.749 -49.500
  -6.840 -49.500 -49.500
  -6.837 -17.014 -49.500
  -6.834 -16.271 -16.899
  -6.831 -15.971 -16.535
  -6.828 -16.493 -16.731
  -6.825 -49.500 -49.500
  -6.822 -49.500     NaN
  -6.819 -16.471 -16.624
  -6.816 -16.803 -49.500
  -6.813 -16.898 -49.500
  -6.810 -16.029 -16.635
  -6.807 -16.504 -16.763
  -6.804 -16.666 -49.500
  -6.801 -16.659 -49.500
  -6.798 -49.500     NaN
  -6.795 -49.500     NaN
  -6.792 -16.817 -49.500
  -6.789 -49.500     NaN
  -6.787 -49.500     NaN
  -6.784 -16.959 -49.500
  -6.781 -49.500     NaN
  -6.778 -49.500 -49.500
  -6.775 -49.500     NaN
  -6.773 -17.121 -49.500
  -6.770 -16.289 -49.500
  -6.767 -14.912 -16.185
  -6.765 -17.115 -17.115
  -6.762 -16.595 -17.073
  -6.759 -16.716 -16.716
  -6.757 -16.357 -49.500
  -6.754 -49.500 -49.500
  -6.751 -49.500 -49.500
  -6.749 -49.500 -49.500
  -6.746 -15.016 -15.833
  -6.744 -49.500 -49.500
  -6.741 -15.731 -49.500
  -6.739 -16.300 -49.500
  -6.736 -16.619 -16.952
  -6.734 -16.212 -49.500
  -6.731 -15.533 -15.533
  -6.729 -49.500 -49.500
  -6.726 -16.383 -49.500
  -6.724 -49.500     NaN
  -6.721 -17.261 -49.500
  -6.719 -49.500     NaN
  -6.717 -49.500 -49.500
  -6.714 -49.500     NaN
  -6.712 -49.500 -49.500
  -6.709 -49.500     NaN
  -6.707 -16.729 -49.500
  -6.705 -49.500 -49.500
  -6.702 -49.500     NaN
  -6.700 -49.500 -49.500
  -6.698 -49.500 -49.500
  -6.696 -49.500 -49.500
  -6.693 -49.500 -49.500
  -6.691 -49.500 -49.500
  -6.689 -49.500 -49.500
  -6.687 -49.500 -49.500
  -6.684 -49.500 -49.500
  -6.682 -49.500 -49.500
  -6.680 -49.500 -49.500
  -6.678 -15.480 -15.480
  -6.675 -49.500 -49.500
  -6.673 -49.500     NaN
  -6.671 -49.500 -49.500
  -6.669 -49.500 -49.500
  -6.667 -49.500 -49.500
  -6.665 -49.500 -49.500
  -6.663 -49.500     NaN
  -6.661 -49.500 -49.500
  -6.658 -49.500 -49.500
  -6.656 -49.500 -49.500
  -6.654 -16.713 -16.713
  -6.652 -49.500 -49.500
  -6.650 -49.500 -49.500
  -6.648 -49.500 -49.500
  -6.646 -49.500 -49.500
  -6.644 -49.500 -49.500
  -6.642 -49.500 -49.500
  -6.640 -16.120 -16.120
  -6.638 -16.500 -49.500
  -6.636 -49.500 -49.500
  -6.634 -49.500 -49.500
  -6.632 -49.500 -49.500
  -6.630 -49.500 -49.500
  -6.628 -49.500 -49.500
  -6.626 -49.500 -49.500
  -6.624 -49.500 -49.500
  -6.622 -49.500 -49.500
  -6.620 -49.500     NaN
  -6.618 -49.500 -49.500
  -6.617 -49.500 -49.500
  -6.615 -16.827 -49.500
  -6.613 -49.500 -49.500
  -6.611 -49.500 -49.500
  -6.609 -16.703 -49.500
  -6.607 -49.500 -49.500
  -6.605 -49.500 -49.500
  -6.603 -49.500 -49.500
  -6.602 -49.500 -49.500
  -6.600 -49.500 -49.500
  -6.598 -49.500 -49.500
  -6.596 -49.500 -49.500
  -6.594 -49.500 -49.500
