  -8.861 -13.943 -13.943
  -8.599 -14.122 -14.122
  -8.442 -14.194 -14.194
  -8.329 -14.269 -14.269
  -8.239 -14.441 -14.441
  -8.166 -14.290 -14.290
  -8.103 -14.470 -14.470
  -8.048 -14.554 -14.554
  -7.999 -14.525 -14.525
  -7.955 -14.737 -14.737
  -7.916 -14.598 -14.777
  -7.879 -14.802 -14.802
  -7.846 -14.725 -14.725
  -7.815 -14.475 -14.629
  -7.786 -14.667 -14.667
  -7.758 -15.001 -15.001
  -7.733 -15.018 -15.018
  -7.709 -14.692 -14.692
  -7.686 -14.987 -14.987
  -7.664 -15.127 -15.127
  -7.643 -15.062 -15.062
  -7.624 -14.652 -14.652
  -7.605 -14.903 -14.903
  -7.586 -15.191 -15.191
  -7.569 -14.971 -15.148
  -7.552 -14.325 -14.753
  -7.536 -15.100 -15.100
  -7.521 -15.417 -15.417
  -7.506 -14.890 -15.125
  -7.491 -15.214 -15.214
  -7.477 -15.299 -15.299
  -7.464 -14.828 -15.063
  -7.451 -15.533 -15.533
  -7.438 -15.687 -15.687
  -7.425 -15.388 -15.692
  -7.413 -15.483 -15.828
  -7.401 -15.530 -15.530
  -7.390 -15.665 -15.665
  -7.379 -15.544 -15.851
  -7.368 -14.984 -15.226
  -7.357 -14.808 -15.674
  -7.347 -15.267 -15.436
  -7.337 -14.948 -15.127
  -7.327 -15.904 -15.904
  -7.317 -15.537 -15.537
  -7.308 -15.809 -15.809
  -7.299 -15.812 -15.812
  -7.290 -15.626 -15.899
  -7.281 -15.575 -15.815
  -7.272 -15.619 -15.812
  -7.264 -15.574 -15.758
  -7.255 -15.835 -16.200
  -7.247 -15.711 -15.711
  -7.239 -15.594 -15.594
  -7.231 -15.544 -15.705
  -7.223 -15.418 -16.224
  -7.216 -15.328 -15.753
  -7.208 -15.375 -15.922
  -7.201 -16.044 -16.044
  -7.194 -15.693 -15.693
  -7.187 -16.315 -16.315
  -7.180 -15.990 -15.990
  -7.173 -16.230 -16.230
  -7.166 -15.591 -15.768
  -7.159 -14.918 -16.220
  -7.153 -15.772 -16.043
  -7.146 -15.964 -15.964
  -7.140 -15.983 -16.235
  -7.133 -16.502 -16.502
  -7.127 -16.164 -16.164
  -7.121 -15.574 -16.174
  -7.115 -15.449 -15.876
  -7.109 -15.797 -16.469
  -7.103 -15.789 -16.272
  -7.098 -15.073 -16.251
  -7.092 -16.090 -16.090
  -7.086 -16.315 -16.315
  -7.081 -15.291 -16.321
  -7.075 -14.902 -17.276
  -7.070 -15.567 -15.859
  -7.064 -15.890 -16.332
  -7.059 -16.109 -16.427
  -7.054 -15.728 -15.728
  -7.049 -15.917 -16.233
  -7.043 -16.450 -16.450
  -7.038 -15.256 -15.829
  -7.033 -15.863 -16.399
  -7.029 -16.444 -16.444
  -7.024 -16.541 -16.800
  -7.019 -16.535 -16.699
  -7.014 -16.358 -16.358
  -7.009 -16.293 -16.293
  -7.005 -15.452 -16.463
  -7.000 -15.186 -16.222
  -6.995 -16.650 -17.292
  -6.991 -15.279 -15.596
  -6.986 -17.026 -49.500
  -6.982 -16.451 -16.685
  -6.978 -16.941 -17.207
  -6.973 -16.728 -17.013
  -6.969 -16.525 -16.525
  -6.965 -17.014 -17.305
  -6.961 -15.532 -16.314
  -6.956 -15.621 -15.843
  -6.952 -16.813 -22.633
  -6.948 -15.808 -16.253
  -6.944 -16.448 -16.448
  -6.940 -49.500     NaN
  -6.936 -16.222 -16.491
  -6.932 -15.743 -16.221
  -6.928 -49.500     NaN
  -6.924 -16.767 -22.849
  -6.920 -16.215 -17.180
  -6.917 -16.358 -16.783
  -6.913 -16.000 -16.591
  -6.909 -17.103 -49.500
  -6.905 -15.978 -16.355
  -6.902 -16.431 -16.431
  -6.898 -17.039 -17.218
  -6.894 -22.465 -22.465
  -6.891 -16.220 -49.500
  -6.887 -16.327 -16.688
  -6.884 -49.500     NaN
  -6.880 -16.641 -49.500
  -6.877 -49.500     NaN
  -6.873 -15.433 -16.712
  -6.870 -16.292 -49.500
  -6.867 -49.500     NaN
  -6.863 -16.722 -17.102
  -6.860 -49.500     NaN
  -6.857 -16.782 -49.500
  -6.853 -16.501 -49.500
  -6.850 -16.987 -49.500
  -6.847 -15.749 -16.176
  -6.844 -16.294 -17.107
  -6.840 -49.500     NaN
  -6.837 -49.500     NaN
  -6.834 -16.503 -49.500
  -6.831 -16.149 -16.604
  -6.828 -49.500     NaN
  -6.825 -49.500 -49.500
  -6.822 -16.375 -16.658
  -6.819 -15.513 -49.500
  -6.816 -16.592 -49.500
  -6.813 -16.515 -17.000
  -6.810 -17.022 -17.449
  -6.807 -49.500     NaN
  -6.804 -49.500     NaN
  -6.801 -16.504 -16.904
  -6.798 -49.500     NaN
  -6.795 -49.500     NaN
  -6.792 -16.016 -49.500
  -6.789 -16.814 -49.500
  -6.787 -16.605 -49.500
  -6.784 -49.500     NaN
  -6.781 -16.579 -49.500
  -6.778 -16.758 -49.500
  -6.775 -15.566 -16.033
  -6.773 -49.500     NaN
  -6.770 -16.917 -49.500
  -6.767 -49.500     NaN
  -6.765 -49.500 -49.500
  -6.762 -49.500     NaN
  -6.759 -49.500     NaN
  -6.757 -49.500 -49.500
  -6.754 -17.113 -49.500
  -6.751 -16.827 -49.500
  -6.749 -49.500 -49.500
  -6.746 -49.500     NaN
  -6.744 -49.500 -49.500
  -6.741 -16.336 -49.500
  -6.739 -49.500 -49.500
  -6.736 -49.500     NaN
  -6.734 -16.298 -16.298
  -6.731 -17.015 -49.500
  -6.729 -16.381 -16.381
  -6.726 -49.500 -49.500
  -6.724 -16.815 -49.500
  -6.721 -16.899 -16.899
  -6.719 -15.847 -15.847
  -6.717 -49.500 -49.500
  -6.714 -49.500 -49.500
  -6.712 -49.500     NaN
  -6.709 -49.500 -49.500
  -6.707 -16.581 -49.500
  -6.705 -49.500 -49.500
  -6.702 -49.500 -49.500
  -6.700 -49.500 -49.500
  -6.698 -16.019 -16.019
  -6.696 -16.864 -49.500
  -6.693 -16.929 -49.500
  -6.691 -49.500 -49.500
  -6.689 -49.500 -49.500
  -6.687 -49.500 -49.500
  -6.684 -49.500     NaN
  -6.682 -49.500 -49.500
  -6.680 -49.500 -49.500
  -6.678 -49.500 -49.500
  -6.675 -49.500 -49.500
  -6.673 -49.500 -49.500
  -6.671 -49.500     NaN
  -6.669 -49.500 -49.500
  -6.667 -49.500 -49.500
  -6.665 -49.500 -49.500
  -6.663 -16.671 -49.500
  -6.661 -49.500     NaN
  -6.658 -49.500 -49.500
  -6.656 -49.500 -49.500
  -6.654 -49.500 -49.500
  -6.652 -16.622 -16.622
  -6.650 -16.456 -16.456
  -6.648 -49.500 -49.500
  -6.646 -49.500     NaN
  -6.644 -49.500 -49.500
  -6.642 -17.044 -17.044
  -6.640 -49.500 -49.500
  -6.638 -49.500     NaN
  -6.636 -49.500 -49.500
  -6.634 -49.500 -49.500
  -6.632 -49.500     NaN
  -6.630 -49.500 -49.500
  -6.628 -49.500 -49.500
  -6.626 -49.500 -49.500
  -6.624 -16.589 -16.589
  -6.622 -49.500 -49.500
  -6.620 -49.500 -49.500
  -6.618 -49.500 -49.500
  -6.617 -49.500 -49.500
  -6.615 -49.500 -49.500
  -6.613 -16.193 -16.193
  -6.611 -49.500 -49.500
  -6.609 -49.500 -49.500
  -6.607 -49.500 -49.500
  -6.605 -16.825 -16.825
  -6.603 -49.500 -49.500
  -6.602 -49.500 -49.500
  -6.600 -16.556 -16.556
  -6.598 -49.500 -49.500
  -6.596 -49.500 -49.500
  -6.594 -16.205 -49.500
