  -8.861 -13.963 -13.963
  -8.599 -13.818 -14.143
  -8.442 -14.174 -14.174
  -8.329 -14.246 -14.246
  -8.239 -14.447 -14.447
  -8.166 -14.413 -14.413
  -8.103 -14.366 -14.366
  -8.048 -14.315 -14.503
  -7.999 -14.628 -14.628
  -7.955 -14.544 -14.544
  -7.916 -14.822 -14.822
  -7.879 -14.687 -14.687
  -7.846 -14.721 -14.721
  -7.815 -14.685 -14.932
  -7.786 -14.742 -14.742
  -7.758 -15.014 -15.014
  -7.733 -14.954 -14.954
  -7.709 -15.109 -15.109
  -7.686 -14.719 -14.901
  -7.664 -14.987 -14.987
  -7.643 -15.103 -15.103
  -7.624 -14.906 -14.906
  -7.605 -15.053 -15.348
  -7.586 -14.782 -14.782
  -7.569 -15.027 -15.027
  -7.552 -15.038 -15.038
  -7.536 -15.209 -15.209
  -7.521 -14.747 -15.214
  -7.506 -15.200 -15.200
  -7.491 -14.706 -14.886
  -7.477 -15.127 -15.127
  -7.464 -15.124 -15.124
  -7.451 -15.147 -15.147
  -7.438 -15.554 -15.752
  -7.425 -15.330 -15.330
  -7.413 -15.520 -15.520
  -7.401 -14.526 -15.745
  -7.390 -15.409 -15.409
  -7.379 -15.319 -15.319
  -7.368 -15.646 -15.646
  -7.357 -15.352 -15.557
  -7.347 -15.868 -15.868
  -7.337 -15.046 -15.266
  -7.327 -15.366 -15.577
  -7.317 -15.480 -15.480
  -7.308 -15.030 -15.579
  -7.299 -15.587 -15.587
  -7.290 -15.392 -15.925
  -7.281 -15.184 -15.724
  -7.272 -14.993 -15.507
  -7.264 -15.771 -16.199
  -7.255 -15.637 -15.886
  -7.247 -15.102 -15.315
  -7.239 -15.172 -15.678
  -7.231 -15.640 -15.990
  -7.223 -15.640 -15.956
  -7.216 -15.044 -15.931
  -7.208 -15.380 -15.766
  -7.201 -15.861 -15.861
  -7.194 -16.079 -16.307
  -7.187 -16.123 -16.123
  -7.180 -15.693 -16.035
  -7.173 -14.899 -15.946
  -7.166 -15.777 -16.101
  -7.159 -15.546 -16.101
  -7.153 -15.931 -16.135
  -7.146 -15.014 -16.086
  -7.140 -16.011 -16.405
  -7.133 -15.462 -15.862
  -7.127 -15.765 -16.220
  -7.121 -16.087 -16.087
  -7.115 -16.000 -16.000
  -7.109 -15.867 -15.867
  -7.103 -15.678 -16.329
  -7.098 -16.069 -16.324
  -7.092 -16.702 -16.702
  -7.086 -16.398 -16.398
  -7.081 -15.989 -16.904
  -7.075 -15.492 -16.314
  -7.070 -16.136 -16.318
  -7.064 -16.572 -16.572
  -7.059 -16.377 -16.377
  -7.054 -15.700 -16.750
  -7.049 -16.305 -16.305
  -7.043 -15.892 -15.892
  -7.038 -15.184 -16.325
  -7.033 -16.707 -16.944
  -7.029 -16.031 -16.185
  -7.024 -16.343 -16.799
  -7.019 -15.701 -15.988
  -7.014 -16.048 -16.333
  -7.009 -16.549 -16.754
  -7.005 -16.372 -16.553
  -7.000 -15.246 -16.019
  -6.995 -17.057 -17.374
  -6.991 -16.143 -16.324
  -6.986 -16.057 -16.057
  -6.982 -16.423 -16.423
  -6.978 -16.126 -16.474
  -6.973 -16.560 -16.560
  -6.969 -15.676 -16.621
  -6.965 -17.098 -17.274
  -6.961 -16.150 -16.322
  -6.956 -16.706 -17.005
  -6.952 -15.602 -16.932
  -6.948 -16.489 -16.687
  -6.944 -16.076 -22.167
  -6.940 -16.199 -16.585
  -6.936 -16.565 -16.834
  -6.932 -49.500 -49.500
  -6.928 -49.500     NaN
  -6.924 -16.381 -16.633
  -6.920 -15.946 -16.300
  -6.917 -49.500     NaN
  -6.913 -16.569 -16.569
  -6.909 -16.561 -49.500
  -6.905 -16.378 -16.378
  -6.902 -49.500     NaN
  -6.898 -16.305 -49.500
  -6.894 -16.194 -16.497
  -6.891 -16.292 -16.581
  -6.887 -49.500     NaN
  -6.884 -49.500     NaN
  -6.880 -49.500     NaN
  -6.877 -16.966 -49.500
  -6.873 -16.856 -17.329
  -6.870 -16.956 -49.500
  -6.867 -49.500 -49.500
  -6.863 -49.500     NaN
  -6.860 -16.327 -17.288
  -6.857 -16.312 -16.841
  -6.853 -16.802 -49.500
  -6.850 -16.473 -16.864
  -6.847 -16.997 -17.313
  -6.844 -16.397 -16.397
  -6.840 -49.500     NaN
  -6.837 -15.834 -16.285
  -6.834 -49.500     NaN
  -6.831 -17.315 -49.500
  -6.828 -49.500     NaN
  -6.825 -16.449 -16.703
  -6.822 -16.040 -49.500
  -6.819 -49.500     NaN
  -6.816 -16.052 -16.249
  -6.813 -17.278 -49.500
  -6.810 -49.500     NaN
  -6.807 -16.276 -16.948
  -6.804 -16.073 -16.712
  -6.801 -16.594 -49.500
  -6.798 -49.500     NaN
  -6.795 -49.500     NaN
  -6.792 -49.500     NaN
  -6.789 -16.443 -16.648
  -6.787 -16.412 -16.412
  -6.784 -49.500     NaN
  -6.781 -49.500 -49.500
  -6.778 -14.961 -49.500
  -6.775 -49.500     NaN
  -6.773 -49.500 -49.500
  -6.770 -49.500 -49.500
  -6.767 -16.177 -16.526
  -6.765 -49.500 -49.500
  -6.762 -16.610 -17.010
  -6.759 -15.379 -17.240
  -6.757 -49.500 -49.500
  -6.754 -49.500 -49.500
  -6.751 -16.878 -49.500
  -6.749 -15.394 -15.394
  -6.746 -49.500     NaN
  -6.744 -49.500 -49.500
  -6.741 -49.500     NaN
  -6.739 -49.500 -49.500
  -6.736 -16.866 -49.500
  -6.734 -49.500     NaN
  -6.731 -49.500     NaN
  -6.729 -16.794 -49.500
  -6.726 -49.500     NaN
  -6.724 -15.430 -49.500
  -6.721 -49.500 -49.500
  -6.719 -16.797 -49.500
  -6.717 -49.500     NaN
  -6.714 -49.500 -49.500
  -6.712 -16.979 -49.500
  -6.709 -49.500 -49.500
  -6.707 -49.500 -49.500
  -6.705 -49.500 -49.500
  -6.702 -49.500 -49.500
  -6.700 -49.500     NaN
  -6.698 -49.500 -49.500
  -6.696 -49.500 -49.500
  -6.693 -49.500     NaN
  -6.691 -49.500 -49.500
  -6.689 -49.500     NaN
  -6.687 -49.500 -49.500
  -6.684 -49.500 -49.500
  -6.682 -49.500 -49.500
  -6.680 -49.500 -49.500
  -6.678 -49.500 -49.500
  -6.675 -49.500     NaN
  -6.673 -49.500 -49.500
  -6.671 -49.500 -49.500
  -6.669 -49.500 -49.500
  -6.667 -16.395 -16.395
  -6.665 -49.500 -49.500
  -6.663 -49.500 -49.500
  -6.661 -16.769 -16.769
  -6.658 -49.500 -49.500
  -6.656 -49.500     NaN
  -6.654 -49.500     NaN
  -6.652 -49.500 -49.500
  -6.650 -16.955 -16.955
  -6.648 -49.500 -49.500
  -6.646 -15.811 -15.811
  -6.644 -49.500     NaN
  -6.642 -15.908 -49.500
  -6.640 -15.353 -15.353
  -6.638 -49.500     NaN
  -6.636 -49.500 -49.500
  -6.634 -49.500 -49.500
  -6.632 -49.500     NaN
  -6.630 -49.500 -49.500
  -6.628 -49.500 -49.500
  -6.626 -49.500 -49.500
  -6.624 -49.500 -49.500
  -6.622 -49.500 -49.500
  -6.620 -15.588 -15.588
  -6.618 -16.434 -16.434
  -6.617 -49.500 -49.500
  -6.615 -49.500 -49.500
  -6.613 -49.500 -49.500
  -6.611 -16.583 -16.583
  -6.609 -49.500 -49.500
  -6.607 -49.500 -49.500
  -6.605 -49.500 -49.500
  -6.603 -49.500 -49.500
  -6.602 -49.500 -49.500
  -6.600 -49.500 -49.500
  -6.598 -49.500     NaN
  -6.596 -49.500 -49.500
  -6.594 -49.500 -49.500
