  -8.861 -13.958 -13.958
  -8.599 -14.145 -14.145
  -8.442 -14.221 -14.221
  -8.329 -14.290 -14.290
  -8.239 -14.397 -14.397
  -8.166 -14.466 -14.466
  -8.103 -14.380 -14.380
  -8.048 -14.508 -14.508
  -7.999 -14.619 -14.619
  -7.955 -14.655 -14.655
  -7.916 -14.699 -14.699
  -7.879 -14.668 -14.668
  -7.846 -14.658 -14.658
  -7.815 -14.842 -14.842
  -7.786 -14.779 -14.779
  -7.758 -14.727 -14.727
  -7.733 -14.648 -14.648
  -7.709 -14.636 -14.904
  -7.686 -14.933 -15.152
  -7.664 -14.884 -15.165
  -7.643 -15.213 -15.213
  -7.624 -14.870 -15.184
  -7.605 -15.034 -15.034
  -7.586 -15.339 -15.339
  -7.569 -14.875 -15.116
  -7.552 -15.084 -15.416
  -7.536 -14.450 -15.041
  -7.521 -15.194 -15.194
  -7.506 -13.908 -15.127
  -7.491 -15.161 -15.339
  -7.477 -15.125 -15.283
  -7.464 -15.234 -15.234
  -7.451 -15.142 -15.473
  -7.438 -15.560 -15.560
  -7.425 -15.429 -15.429
  -7.413 -15.614 -15.614
  -7.401 -15.492 -15.492
  -7.390 -15.048 -15.048
  -7.379 -14.881 -15.312
  -7.368 -15.645 -15.645
  -7.357 -15.167 -15.678
  -7.347 -15.788 -15.788
  -7.337 -15.605 -15.605
  -7.327 -15.743 -15.743
  -7.317 -14.932 -15.688
  -7.308 -15.342 -15.518
  -7.299 -15.735 -15.735
  -7.290 -15.478 -15.785
  -7.281 -15.659 -15.869
  -7.272 -15.363 -15.903
  -7.264 -15.265 -16.100
  -7.255 -15.781 -15.781
  -7.247 -16.002 -16.002
  -7.239 -15.476 -15.787
  -7.231 -15.791 -15.791
  -7.223 -15.185 -16.047
  -7.216 -15.471 -15.644
  -7.208 -15.234 -15.959
  -7.201 -15.837 -16.197
  -7.194 -15.119 -15.351
  -7.187 -15.739 -16.541
  -7.180 -15.842 -15.998
  -7.173 -15.674 -15.949
  -7.166 -15.668 -16.207
  -7.159 -15.769 -15.769
  -7.153 -15.797 -15.797
  -7.146 -15.184 -16.200
  -7.140 -15.578 -16.264
  -7.133 -15.645 -15.854
  -7.127 -16.130 -16.434
  -7.121 -15.990 -16.282
  -7.115 -16.371 -16.540
  -7.109 -15.484 -16.068
  -7.103 -16.098 -16.420
  -7.098 -15.622 -16.210
  -7.092 -15.799 -16.113
  -7.086 -15.328 -15.791
  -7.081 -16.310 -16.532
  -7.075 -16.203 -16.403
  -7.070 -16.263 -16.263
  -7.064 -15.282 -16.317
  -7.059 -16.347 -16.347
  -7.054 -16.311 -16.311
  -7.049 -16.598 -16.598
  -7.043 -15.988 -16.372
  -7.038 -16.823 -22.822
  -7.033 -16.223 -16.529
  -7.029 -16.294 -16.453
  -7.024 -15.881 -15.881
  -7.019 -16.150 -16.325
  -7.014 -16.561 -16.928
  -7.009 -15.955 -16.360
  -7.005 -16.470 -16.864
  -7.000 -16.618 -16.845
  -6.995 -16.221 -16.425
  -6.991 -16.551 -16.551
  -6.986 -16.504 -16.504
  -6.982 -16.263 -16.541
  -6.978 -14.914 -15.104
  -6.973 -15.993 -16.515
  -6.969 -16.286 -16.555
  -6.965 -16.933 -17.111
  -6.961 -16.303 -16.489
  -6.956 -16.925 -23.301
  -6.952 -16.245 -16.398
  -6.948 -22.547 -22.547
  -6.944 -16.011 -16.373
  -6.940 -16.455 -16.647
  -6.936 -15.906 -16.102
  -6.932 -16.515 -49.500
  -6.928 -16.640 -17.013
  -6.924 -14.769 -16.203
  -6.920 -16.942 -17.304
  -6.917 -16.633 -49.500
  -6.913 -16.151 -16.326
  -6.909 -16.599 -17.234
  -6.905 -15.656 -22.466
  -6.902 -16.556 -16.799
  -6.898 -16.510 -23.116
  -6.894 -16.526 -16.732
  -6.891 -16.036 -16.489
  -6.887 -15.997 -17.304
  -6.884 -16.157 -16.778
  -6.880 -15.794 -16.603
  -6.877 -16.423 -16.937
  -6.873 -16.909 -49.500
  -6.870 -16.442 -49.500
  -6.867 -49.500     NaN
  -6.863 -16.498 -49.500
  -6.860 -15.642 -15.883
  -6.857 -49.500     NaN
  -6.853 -49.500     NaN
  -6.850 -17.204 -49.500
  -6.847 -16.024 -16.290
  -6.844 -49.500     NaN
  -6.840 -16.189 -49.500
  -6.837 -16.228 -17.011
  -6.834 -16.756 -17.057
  -6.831 -49.500     NaN
  -6.828 -49.500     NaN
  -6.825 -16.023 -17.270
  -6.822 -15.186 -49.500
  -6.819 -16.064 -16.987
  -6.816 -16.406 -49.500
  -6.813 -14.935 -15.918
  -6.810 -49.500     NaN
  -6.807 -16.392 -17.176
  -6.804 -49.500     NaN
  -6.801 -49.500     NaN
  -6.798 -49.500     NaN
  -6.795 -49.500     NaN
  -6.792 -49.500     NaN
  -6.789 -16.870 -49.500
  -6.787 -16.198 -16.198
  -6.784 -49.500 -49.500
  -6.781 -49.500     NaN
  -6.778 -49.500     NaN
  -6.775 -15.611 -15.611
  -6.773 -16.459 -49.500
  -6.770 -49.500     NaN
  -6.767 -16.792 -49.500
  -6.765 -49.500     NaN
  -6.762 -49.500 -49.500
  -6.759 -16.249 -49.500
  -6.757 -49.500 -49.500
  -6.754 -49.500 -49.500
  -6.751 -16.286 -16.286
  -6.749 -49.500     NaN
  -6.746 -49.500     NaN
  -6.744 -16.562 -16.927
  -6.741 -49.500 -49.500
  -6.739 -16.562 -16.562
  -6.736 -49.500 -49.500
  -6.734 -16.818 -49.500
  -6.731 -49.500     NaN
  -6.729 -15.719 -16.644
  -6.726 -15.920 -15.920
  -6.724 -49.500 -49.500
  -6.721 -49.500 -49.500
  -6.719 -49.500     NaN
  -6.717 -49.500     NaN
  -6.714 -14.807 -16.806
  -6.712 -49.500 -49.500
  -6.709 -16.617 -49.500
  -6.707 -49.500 -49.500
  -6.705 -49.500     NaN
  -6.702 -16.530 -49.500
  -6.700 -16.757 -16.757
  -6.698 -16.999 -16.999
  -6.696 -49.500 -49.500
  -6.693 -16.438 -16.438
  -6.691 -15.578 -16.229
  -6.689 -49.500 -49.500
  -6.687 -49.500 -49.500
  -6.684 -49.500 -49.500
  -6.682 -16.582 -16.582
  -6.680 -16.230 -16.230
  -6.678 -49.500 -49.500
  -6.675 -49.500 -49.500
  -6.673 -49.500     NaN
  -6.671 -49.500 -49.500
  -6.669 -49.500 -49.500
  -6.667 -16.511 -49.500
  -6.665 -49.500 -49.500
  -6.663 -49.500     NaN
  -6.661 -16.750 -16.750
  -6.658 -49.500 -49.500
  -6.656 -17.041 -17.041
  -6.654 -49.500 -49.500
  -6.652 -17.016 -49.500
  -6.650 -49.500 -49.500
  -6.648 -16.484 -16.484
  -6.646 -16.399 -49.500
  -6.644 -49.500 -49.500
  -6.642 -49.500 -49.500
  -6.640 -49.500     NaN
  -6.638 -49.500 -49.500
  -6.636 -49.500 -49.500
  -6.634 -49.500 -49.500
  -6.632 -49.500 -49.500
  -6.630 -49.500 -49.500
  -6.628 -49.500     NaN
  -6.626 -49.500     NaN
  -6.624 -49.500     NaN
  -6.622 -49.500 -49.500
  -6.620 -49.500 -49.500
  -6.618 -49.500     NaN
  -6.617 -49.500 -49.500
  -6.615 -49.500 -49.500
  -6.613 -49.500 -49.500
  -6.611 -49.500 -49.500
  -6.609 -49.500 -49.500
  -6.607 -49.500 -49.500
  -6.605 -49.500 -49.500
  -6.603 -16.205 -16.205
  -6.602 -49.500 -49.500
  -6.600 -49.500 -49.500
  -6.598 -49.500 -49.500
  -6.596 -16.856 -16.856
  -6.594 -49.500 -49.500
