  -8.861 -13.980 -13.980
  -8.599 -14.101 -14.101
  -8.442 -14.231 -14.231
  -8.329 -14.290 -14.290
  -8.239 -14.316 -14.316
  -8.166 -14.427 -14.427
  -8.103 -14.513 -14.513
  -8.048 -14.578 -14.578
  -7.999 -14.556 -14.556
  -7.955 -14.611 -14.611
  -7.916 -14.609 -14.609
  -7.879 -14.769 -14.769
  -7.846 -14.603 -14.816
  -7.815 -14.819 -14.819
  -7.786 -14.415 -14.675
  -7.758 -14.882 -14.882
  -7.733 -14.890 -14.890
  -7.709 -14.176 -14.354
  -7.686 -15.174 -15.174
  -7.664 -14.757 -15.153
  -7.643 -15.264 -15.264
  -7.624 -14.923 -14.923
  -7.605 -14.901 -14.901
  -7.586 -15.134 -15.134
  -7.569 -14.950 -15.314
  -7.552 -15.066 -15.066
  -7.536 -14.849 -14.849
  -7.521 -15.044 -15.196
  -7.506 -14.904 -15.183
  -7.491 -15.323 -15.323
  -7.477 -15.178 -15.337
  -7.464 -15.439 -15.650
  -7.451 -15.753 -15.753
  -7.438 -15.478 -15.478
  -7.425 -14.851 -15.082
  -7.413 -15.387 -15.703
  -7.401 -15.364 -15.545
  -7.390 -15.314 -15.521
  -7.379 -15.413 -15.628
  -7.368 -15.306 -15.306
  -7.357 -15.611 -15.611
  -7.347 -14.860 -15.303
  -7.337 -15.049 -15.049
  -7.327 -15.728 -15.728
  -7.317 -15.873 -15.873
  -7.308 -15.419 -15.887
  -7.299 -15.152 -15.772
  -7.290 -15.324 -15.727
  -7.281 -15.862 -15.862
  -7.272 -15.675 -15.675
  -7.264 -16.054 -16.054
  -7.255 -14.987 -16.149
  -7.247 -15.710 -15.710
  -7.239 -15.184 -15.448
  -7.231 -15.645 -16.147
  -7.223 -15.491 -15.491
  -7.216 -15.262 -15.781
  -7.208 -15.832 -16.133
  -7.201 -15.388 -16.227
  -7.194 -15.332 -15.630
  -7.187 -14.917 -16.255
  -7.180 -15.095 -15.405
  -7.173 -16.247 -16.247
  -7.166 -15.626 -16.337
  -7.159 -16.276 -16.276
  -7.153 -16.168 -16.328
  -7.146 -15.503 -16.000
  -7.140 -15.628 -16.015
  -7.133 -15.961 -15.961
  -7.127 -16.159 -16.159
  -7.121 -15.829 -16.022
  -7.115 -16.059 -16.265
  -7.109 -15.981 -16.206
  -7.103 -15.750 -15.959
  -7.098 -15.627 -15.627
  -7.092 -15.927 -16.532
  -7.086 -15.295 -16.141
  -7.081 -15.747 -15.962
  -7.075 -16.136 -16.445
  -7.070 -16.079 -16.079
  -7.064 -16.643 -16.643
  -7.059 -15.760 -16.318
  -7.054 -16.311 -16.491
  -7.049 -16.359 -16.359
  -7.043 -15.932 -16.658
  -7.038 -16.348 -16.348
  -7.033 -16.413 -16.666
  -7.029 -16.507 -16.843
  -7.024 -16.447 -16.762
  -7.019 -16.250 -16.476
  -7.014 -16.107 -16.283
  -7.009 -16.449 -16.449
  -7.005 -16.548 -16.548
  -7.000 -16.160 -16.445
  -6.995 -16.214 -16.534
  -6.991 -16.267 -16.418
  -6.986 -15.840 -16.231
  -6.982 -16.573 -17.288
  -6.978 -16.012 -16.458
  -6.973 -15.556 -16.080
  -6.969 -15.935 -16.487
  -6.965 -16.875 -49.500
  -6.961 -16.223 -16.518
  -6.956 -15.887 -16.184
  -6.952 -16.149 -17.128
  -6.948 -16.643 -17.200
  -6.944 -15.569 -16.857
  -6.940 -16.627 -17.115
  -6.936 -16.092 -16.614
  -6.932 -15.324 -17.034
  -6.928 -14.644 -16.379
  -6.924 -16.126 -16.473
  -6.920 -15.760 -15.760
  -6.917 -49.500     NaN
  -6.913 -16.374 -49.500
  -6.909 -17.060 -49.500
  -6.905 -16.555 -16.775
  -6.902 -17.069 -23.039
  -6.898 -16.496 -21.617
  -6.894 -16.282 -16.814
  -6.891 -16.750 -22.689
  -6.887 -49.500 -49.500
  -6.884 -17.216 -49.500
  -6.880 -16.995 -49.500
  -6.877 -49.500 -49.500
  -6.873 -16.889 -49.500
  -6.870 -49.500     NaN
  -6.867 -49.500     NaN
  -6.863 -15.866 -16.820
  -6.860 -16.072 -49.500
  -6.857 -15.788 -16.169
  -6.853 -49.500     NaN
  -6.850 -16.751 -17.006
  -6.847 -16.127 -16.752
  -6.844 -16.099 -16.498
  -6.840 -49.500     NaN
  -6.837 -16.950 -49.500
  -6.834 -15.962 -16.923
  -6.831 -16.556 -17.015
  -6.828 -17.169 -49.500
  -6.825 -49.500     NaN
  -6.822 -16.187 -16.592
  -6.819 -16.392 -49.500
  -6.816 -15.732 -15.923
  -6.813 -16.197 -17.104
  -6.810 -49.500     NaN
  -6.807 -49.500     NaN
  -6.804 -15.392 -16.292
  -6.801 -15.801 -15.801
  -6.798 -49.500     NaN
  -6.795 -16.136 -16.531
  -6.792 -49.500     NaN
  -6.789 -49.500     NaN
  -6.787 -49.500     NaN
  -6.784 -17.174 -49.500
  -6.781 -49.500     NaN
  -6.778 -15.521 -49.500
  -6.775 -16.446 -49.500
  -6.773 -49.500     NaN
  -6.770 -15.135 -16.641
  -6.767 -16.973 -49.500
  -6.765 -15.549 -17.160
  -6.762 -15.612 -15.612
  -6.759 -16.595 -49.500
  -6.757 -49.500     NaN
  -6.754 -49.500     NaN
  -6.751 -16.238 -16.238
  -6.749 -16.605 -49.500
  -6.746 -49.500     NaN
  -6.744 -49.500 -49.500
  -6.741 -49.500     NaN
  -6.739 -49.500 -49.500
  -6.736 -16.257 -49.500
  -6.734 -49.500 -49.500
  -6.731 -49.500 -49.500
  -6.729 -16.280 -49.500
  -6.726 -49.500 -49.500
  -6.724 -49.500 -49.500
  -6.721 -49.500 -49.500
  -6.719 -16.708 -49.500
  -6.717 -49.500     NaN
  -6.714 -49.500 -49.500
  -6.712 -49.500     NaN
  -6.709 -16.440 -16.440
  -6.707 -49.500 -49.500
  -6.705 -49.500     NaN
  -6.702 -16.320 -16.320
  -6.700 -49.500 -49.500
  -6.698 -49.500     NaN
  -6.696 -49.500 -49.500
  -6.693 -14.389 -14.389
  -6.691 -49.500     NaN
  -6.689 -49.500 -49.500
  -6.687 -49.500 -49.500
  -6.684 -49.500 -49.500
  -6.682 -49.500     NaN
  -6.680 -49.500     NaN
  -6.678 -49.500 -49.500
  -6.675 -15.568 -15.568
  -6.673 -49.500 -49.500
  -6.671 -49.500 -49.500
  -6.669 -49.500 -49.500
  -6.667 -15.995 -49.500
  -6.665 -49.500 -49.500
  -6.663 -49.500 -49.500
  -6.661 -49.500 -49.500
  -6.658 -49.500     NaN
  -6.656 -49.500     NaN
  -6.654 -49.500 -49.500
  -6.652 -16.764 -16.764
  -6.650 -16.234 -49.500
  -6.648 -49.500 -49.500
  -6.646 -49.500 -49.500
  -6.644 -49.500     NaN
  -6.642 -49.500 -49.500
  -6.640 -49.500 -49.500
  -6.638 -49.500 -49.500
  -6.636 -49.500     NaN
  -6.634 -49.500 -49.500
  -6.632 -49.500 -49.500
  -6.630 -49.500 -49.500
  -6.628 -49.500 -49.500
  -6.626 -49.500 -49.500
  -6.624 -49.500 -49.500
  -6.622 -49.500 -49.500
  -6.620 -49.500 -49.500
  -6.618 -49.500 -49.500
  -6.617 -49.500 -49.500
  -6.615 -49.500 -49.500
  -6.613 -49.500 -49.500
  -6.611 -49.500 -49.500
  -6.609 -49.500 -49.500
  -6.607 -49.500 -49.500
  -6.605 -49.500 -49.500
  -6.603 -49.500 -49.500
  -6.602 -16.779 -16.779
  -6.600 -49.500     NaN
  -6.598 -16.328 -16.328
  -6.596 -15.360 -15.360
  -6.594 -49.500 -49.500
