  -8.861 -13.778 -13.778
  -8.599 -13.850 -13.850
  -8.442 -13.988 -13.988
  -8.329 -14.137 -14.137
  -8.239 -14.114 -14.114
  -8.166 -14.173 -14.173
  -8.103 -13.978 -14.159
  -8.048 -14.223 -14.223
  -7.999 -14.398 -14.398
  -7.955 -14.521 -14.521
  -7.916 -14.159 -14.159
  -7.879 -14.145 -14.145
  -7.846 -14.509 -14.509
  -7.815 -14.369 -14.718
  -7.786 -14.780 -14.780
  -7.758 -14.588 -14.740
  -7.733 -14.180 -14.698
  -7.709 -14.768 -14.768
  -7.686 -14.532 -14.532
  -7.664 -14.840 -14.840
  -7.643 -14.830 -14.830
  -7.624 -14.482 -14.958
  -7.605 -14.947 -14.947
  -7.586 -14.835 -14.835
  -7.569 -14.703 -14.916
  -7.552 -14.926 -15.104
  -7.536 -14.982 -14.982
  -7.521 -14.799 -14.799
  -7.506 -15.129 -15.129
  -7.491 -15.078 -15.078
  -7.477 -14.997 -14.997
  -7.464 -14.656 -14.819
  -7.451 -14.901 -15.219
  -7.438 -14.772 -14.772
  -7.425 -14.929 -14.929
  -7.413 -14.967 -14.967
  -7.401 -14.842 -15.108
  -7.390 -15.392 -15.392
  -7.379 -14.352 -15.294
  -7.368 -14.861 -15.154
  -7.357 -15.418 -15.418
  -7.347 -15.271 -15.271
  -7.337 -15.380 -15.380
  -7.327 -15.047 -15.332
  -7.317 -15.481 -15.481
  -7.308 -15.272 -15.272
  -7.299 -15.652 -15.652
  -7.290 -15.252 -15.252
  -7.281 -15.705 -15.705
  -7.272 -14.684 -15.397
  -7.264 -15.435 -15.435
  -7.255 -15.495 -15.664
  -7.247 -14.736 -15.052
  -7.239 -15.428 -15.428
  -7.231 -15.187 -15.187
  -7.223 -14.877 -14.877
  -7.216 -15.553 -15.553
  -7.208 -15.740 -15.740
  -7.201 -14.958 -15.407
  -7.194 -14.611 -15.281
  -7.187 -15.727 -15.727
  -7.180 -15.143 -15.406
  -7.173 -15.030 -15.245
  -7.166 -15.457 -15.618
  -7.159 -15.472 -15.472
  -7.153 -15.293 -15.457
  -7.146 -15.766 -15.766
  -7.140 -15.964 -15.964
  -7.133 -15.639 -15.639
  -7.127 -15.654 -15.654
  -7.121 -15.231 -15.231
  -7.115 -15.516 -15.943
  -7.109 -15.467 -15.818
  -7.103 -15.446 -16.115
  -7.098 -16.006 -16.006
  -7.092 -15.794 -15.794
  -7.086 -15.004 -15.504
  -7.081 -15.592 -15.819
  -7.075 -15.646 -15.813
  -7.070 -16.010 -16.010
  -7.064 -15.870 -16.162
  -7.059 -15.934 -15.934
  -7.054 -15.459 -15.459
  -7.049 -15.501 -15.756
  -7.043 -15.106 -15.414
  -7.038 -16.157 -16.157
  -7.033 -15.458 -15.458
  -7.029 -15.984 -15.984
  -7.024 -15.975 -15.975
  -7.019 -14.997 -15.403
  -7.014 -15.358 -15.558
  -7.009 -16.347 -16.347
  -7.005 -14.946 -15.873
  -7.000 -16.138 -16.322
  -6.995 -15.814 -16.167
  -6.991 -16.185 -16.185
  -6.986 -15.789 -16.253
  -6.982 -15.006 -15.185
  -6.978 -15.784 -15.784
  -6.973 -15.953 -15.953
  -6.969 -16.136 -16.136
  -6.965 -15.458 -16.013
  -6.961 -16.175 -16.334
  -6.956 -15.647 -15.647
  -6.952 -15.835 -16.195
  -6.948 -15.892 -16.222
  -6.944 -16.024 -16.024
  -6.940 -16.661 -16.962
  -6.936 -16.268 -16.495
  -6.932 -16.129 -16.129
  -6.928 -15.816 -16.373
  -6.924 -15.134 -15.391
  -6.920 -15.358 -16.338
  -6.917 -15.602 -16.089
  -6.913 -15.788 -16.744
  -6.909 -15.053 -15.414
  -6.905 -15.028 -16.043
  -6.902 -16.464 -16.811
  -6.898 -16.841 -17.364
  -6.894 -16.236 -16.441
  -6.891 -16.675 -17.207
  -6.887 -16.745 -16.903
  -6.884 -16.230 -49.500
  -6.880 -15.972 -16.236
  -6.877 -15.688 -16.162
  -6.873 -16.147 -16.147
  -6.870 -16.118 -17.299
  -6.867 -16.162 -16.162
  -6.863 -16.458 -16.630
  -6.860 -15.806 -16.019
  -6.857 -15.841 -16.531
  -6.853 -15.419 -15.960
  -6.850 -15.668 -16.347
  -6.847 -15.451 -16.120
  -6.844 -15.350 -16.081
  -6.840 -16.484 -16.724
  -6.837 -16.462 -16.843
  -6.834 -16.035 -16.237
  -6.831 -16.484 -16.665
  -6.828 -16.060 -16.215
  -6.825 -15.480 -16.702
  -6.822 -15.887 -16.537
  -6.819 -16.835 -16.987
  -6.816 -16.412 -16.573
  -6.813 -16.425 -49.500
  -6.810 -16.061 -16.213
  -6.807 -16.301 -16.483
  -6.804 -15.530 -16.509
  -6.801 -16.548 -49.500
  -6.798 -17.242 -49.500
  -6.795 -16.253 -17.272
  -6.792 -16.539 -49.500
  -6.789 -16.177 -49.500
  -6.787 -16.648 -17.087
  -6.784 -16.137 -16.445
  -6.781 -15.957 -16.279
  -6.778 -16.572 -49.500
  -6.775 -49.500     NaN
  -6.773 -16.652 -49.500
  -6.770 -16.439 -17.353
  -6.767 -16.456 -49.500
  -6.765 -49.500 -49.500
  -6.762 -16.056 -16.292
  -6.759 -16.647 -16.950
  -6.757 -16.439 -49.500
  -6.754 -49.500     NaN
  -6.751 -16.035 -16.642
  -6.749 -16.407 -16.786
  -6.746 -49.500     NaN
  -6.744 -15.741 -16.194
  -6.741 -49.500 -49.500
  -6.739 -16.206 -16.383
  -6.736 -17.338 -49.500
  -6.734 -15.937 -16.669
  -6.731 -16.582 -49.500
  -6.729 -15.606 -49.500
  -6.726 -49.500     NaN
  -6.724 -16.869 -49.500
  -6.721 -49.500 -49.500
  -6.719 -49.500     NaN
  -6.717 -16.694 -17.121
  -6.714 -16.723 -49.500
  -6.712 -16.642 -16.832
  -6.709 -16.384 -49.500
  -6.707 -16.200 -49.500
  -6.705 -16.737 -16.972
  -6.702 -15.765 -49.500
  -6.700 -16.533 -49.500
  -6.698 -49.500     NaN
  -6.696 -16.284 -16.793
  -6.693 -16.865 -49.500
  -6.691 -15.823 -16.519
  -6.689 -16.194 -16.479
  -6.687 -49.500     NaN
  -6.684 -49.500     NaN
  -6.682 -16.500 -16.746
  -6.680 -49.500 -49.500
  -6.678 -49.500 -49.500
  -6.675 -16.783 -49.500
  -6.673 -49.500 -49.500
  -6.671 -16.332 -49.500
  -6.669 -49.500     NaN
  -6.667 -49.500     NaN
  -6.665 -16.406 -16.406
  -6.663 -49.500     NaN
  -6.661 -49.500 -49.500
  -6.658 -49.500     NaN
  -6.656 -16.485 -49.500
  -6.654 -15.853 -49.500
  -6.652 -14.287 -14.287
  -6.650 -49.500 -49.500
  -6.648 -16.345 -49.500
  -6.646 -49.500 -49.500
  -6.644 -15.998 -49.500
  -6.642 -49.500     NaN
  -6.640 -49.500     NaN
  -6.638 -15.765 -15.765
  -6.636 -49.500     NaN
  -6.634 -49.500 -49.500
  -6.632 -16.900 -16.900
  -6.630 -15.588 -15.822
  -6.628 -49.500 -49.500
  -6.626 -49.500     NaN
  -6.624 -16.183 -49.500
  -6.622 -16.615 -16.786
  -6.620 -16.560 -16.560
  -6.618 -17.029 -49.500
  -6.617 -49.500 -49.500
  -6.615 -49.500 -49.500
  -6.613 -49.500     NaN
  -6.611 -16.191 -16.930
  -6.609 -49.500     NaN
  -6.607 -49.500 -49.500
  -6.605 -49.500     NaN
  -6.603 -49.500 -49.500
  -6.602 -49.500     NaN
  -6.600 -16.252 -16.500
  -6.598 -49.500 -49.500
  -6.596 -49.500 -49.500
  -6.594 -49.500 -49.500
