  -8.861 -13.772 -13.772
  -8.599 -13.915 -13.915
  -8.442 -13.891 -13.891
  -8.329 -14.017 -14.017
  -8.239 -14.076 -14.076
  -8.166 -14.163 -14.163
  -8.103 -14.301 -14.301
  -8.048 -14.369 -14.369
  -7.999 -14.363 -14.363
  -7.955 -14.331 -14.331
  -7.916 -14.473 -14.473
  -7.879 -14.125 -14.338
  -7.846 -14.481 -14.481
  -7.815 -14.677 -14.677
  -7.786 -14.501 -14.501
  -7.758 -14.615 -14.615
  -7.733 -14.744 -14.744
  -7.709 -14.752 -14.752
  -7.686 -14.609 -14.780
  -7.664 -14.753 -14.753
  -7.643 -14.436 -14.436
  -7.624 -14.748 -14.748
  -7.605 -14.323 -14.589
  -7.586 -14.971 -14.971
  -7.569 -14.934 -14.934
  -7.552 -14.924 -14.924
  -7.536 -14.860 -14.860
  -7.521 -15.063 -15.063
  -7.506 -14.796 -14.970
  -7.491 -14.795 -14.795
  -7.477 -15.107 -15.107
  -7.464 -15.084 -15.084
  -7.451 -15.120 -15.120
  -7.438 -14.934 -15.122
  -7.425 -14.984 -15.157
  -7.413 -14.932 -14.932
  -7.401 -14.816 -15.170
  -7.390 -15.250 -15.250
  -7.379 -15.443 -15.443
  -7.368 -14.970 -14.970
  -7.357 -15.008 -15.008
  -7.347 -14.036 -14.988
  -7.337 -14.491 -14.491
  -7.327 -15.172 -15.330
  -7.317 -15.063 -15.353
  -7.308 -15.018 -15.226
  -7.299 -15.104 -15.532
  -7.290 -14.933 -15.476
  -7.281 -15.158 -15.512
  -7.272 -15.379 -15.379
  -7.264 -15.510 -15.510
  -7.255 -15.386 -15.386
  -7.247 -15.180 -15.454
  -7.239 -15.598 -15.598
  -7.231 -15.178 -15.178
  -7.223 -15.050 -15.383
  -7.216 -15.356 -15.608
  -7.208 -15.353 -15.353
  -7.201 -15.478 -15.729
  -7.194 -14.562 -15.513
  -7.187 -15.693 -15.693
  -7.180 -14.793 -15.133
  -7.173 -15.423 -15.423
  -7.166 -16.133 -16.133
  -7.159 -15.099 -15.578
  -7.153 -14.731 -15.784
  -7.146 -15.469 -15.469
  -7.140 -15.642 -15.929
  -7.133 -15.267 -15.578
  -7.127 -15.198 -15.629
  -7.121 -15.054 -15.406
  -7.115 -14.639 -15.339
  -7.109 -15.568 -15.568
  -7.103 -15.876 -15.876
  -7.098 -15.456 -15.647
  -7.092 -15.686 -15.900
  -7.086 -14.619 -15.938
  -7.081 -14.291 -15.328
  -7.075 -15.866 -15.866
  -7.070 -14.738 -15.129
  -7.064 -15.082 -16.066
  -7.059 -15.949 -16.165
  -7.054 -15.317 -15.501
  -7.049 -15.693 -15.693
  -7.043 -15.715 -15.888
  -7.038 -15.358 -15.834
  -7.033 -16.164 -16.164
  -7.029 -15.501 -15.924
  -7.024 -16.060 -16.211
  -7.019 -15.634 -16.301
  -7.014 -15.124 -15.364
  -7.009 -15.021 -15.407
  -7.005 -16.023 -16.208
  -7.000 -15.220 -15.382
  -6.995 -13.981 -15.675
  -6.991 -15.482 -15.907
  -6.986 -15.153 -16.098
  -6.982 -15.765 -16.270
  -6.978 -15.780 -16.109
  -6.973 -16.331 -16.331
  -6.969 -15.575 -15.733
  -6.965 -15.324 -16.494
  -6.961 -15.985 -16.358
  -6.956 -15.409 -16.572
  -6.952 -14.705 -15.485
  -6.948 -16.376 -16.376
  -6.944 -16.121 -16.273
  -6.940 -15.226 -15.902
  -6.936 -16.375 -16.375
  -6.932 -16.320 -16.320
  -6.928 -16.103 -16.298
  -6.924 -15.881 -16.112
  -6.920 -15.560 -15.751
  -6.917 -16.371 -16.724
  -6.913 -15.396 -16.088
  -6.909 -16.682 -16.835
  -6.905 -16.177 -16.339
  -6.902 -15.055 -16.425
  -6.898 -15.509 -16.189
  -6.894 -16.015 -16.777
  -6.891 -17.031 -49.500
  -6.887 -15.280 -15.754
  -6.884 -16.395 -16.395
  -6.880 -16.287 -16.467
  -6.877 -15.679 -15.877
  -6.873 -16.435 -16.781
  -6.870 -16.385 -16.385
  -6.867 -15.859 -16.117
  -6.863 -16.415 -16.623
  -6.860 -15.465 -49.500
  -6.857 -16.251 -16.694
  -6.853 -15.954 -17.066
  -6.850 -16.078 -16.664
  -6.847 -16.128 -16.450
  -6.844 -16.360 -16.587
  -6.840 -16.211 -49.500
  -6.837 -16.647 -16.818
  -6.834 -16.496 -16.827
  -6.831 -15.513 -17.214
  -6.828 -16.881 -17.038
  -6.825 -16.833 -17.272
  -6.822 -49.500     NaN
  -6.819 -16.604 -16.927
  -6.816 -16.352 -16.700
  -6.813 -15.476 -16.643
  -6.810 -16.554 -16.823
  -6.807 -16.285 -49.500
  -6.804 -15.312 -16.069
  -6.801 -49.500     NaN
  -6.798 -16.620 -16.861
  -6.795 -14.874 -16.707
  -6.792 -15.911 -16.509
  -6.789 -16.040 -16.365
  -6.787 -16.649 -49.500
  -6.784 -49.500     NaN
  -6.781 -16.272 -16.885
  -6.778 -16.525 -49.500
  -6.775 -16.698 -16.915
  -6.773 -49.500     NaN
  -6.770 -16.564 -16.716
  -6.767 -15.952 -16.344
  -6.765 -49.500     NaN
  -6.762 -16.315 -16.510
  -6.759 -16.684 -49.500
  -6.757 -15.757 -16.806
  -6.754 -16.300 -16.300
  -6.751 -16.465 -49.500
  -6.749 -17.250 -49.500
  -6.746 -49.500     NaN
  -6.744 -16.257 -49.500
  -6.741 -49.500     NaN
  -6.739 -49.500     NaN
  -6.736 -16.437 -49.500
  -6.734 -49.500 -49.500
  -6.731 -16.142 -16.142
  -6.729 -49.500     NaN
  -6.726 -16.486 -49.500
  -6.724 -16.454 -16.655
  -6.721 -16.782 -49.500
  -6.719 -16.618 -16.786
  -6.717 -16.006 -16.385
  -6.714 -15.544 -16.789
  -6.712 -49.500     NaN
  -6.709 -15.993 -16.594
  -6.707 -49.500 -49.500
  -6.705 -16.340 -16.593
  -6.702 -16.305 -49.500
  -6.700 -49.500 -49.500
  -6.698 -15.714 -49.500
  -6.696 -16.677 -49.500
  -6.693 -16.059 -17.134
  -6.691 -49.500     NaN
  -6.689 -16.271 -16.487
  -6.687 -49.500     NaN
  -6.684 -16.672 -49.500
  -6.682 -49.500     NaN
  -6.680 -15.865 -15.865
  -6.678 -16.095 -49.500
  -6.675 -49.500     NaN
  -6.673 -49.500     NaN
  -6.671 -15.900 -16.589
  -6.669 -16.100 -16.656
  -6.667 -49.500 -49.500
  -6.665 -49.500 -49.500
  -6.663 -49.500     NaN
  -6.661 -16.695 -16.695
  -6.658 -16.226 -49.500
  -6.656 -16.417 -16.417
  -6.654 -17.113 -49.500
  -6.652 -16.378 -49.500
  -6.650 -49.500     NaN
  -6.648 -49.500     NaN
  -6.646 -16.596 -49.500
  -6.644 -16.582 -49.500
  -6.642 -16.131 -16.131
  -6.640 -16.244 -16.244
  -6.638 -16.893 -49.500
  -6.636 -49.500 -49.500
  -6.634 -15.929 -49.500
  -6.632 -49.500     NaN
  -6.630 -49.500     NaN
  -6.628 -49.500 -49.500
  -6.626 -49.500 -49.500
  -6.624 -15.672 -49.500
  -6.622 -15.324 -16.720
  -6.620 -49.500     NaN
  -6.618 -49.500     NaN
  -6.617 -49.500 -49.500
  -6.615 -16.242 -49.500
  -6.613 -49.500 -49.500
  -6.611 -49.500 -49.500
  -6.609 -15.577 -16.836
  -6.607 -15.459 -49.500
  -6.605 -49.500 -49.500
  -6.603 -49.500 -49.500
  -6.602 -15.926 -15.926
  -6.600 -49.500 -49.500
  -6.598 -49.500     NaN
  -6.596 -15.736 -49.500
  -6.594 -49.500 -49.500
