  -8.861 -13.754 -13.754
  -8.599 -13.837 -13.837
  -8.442 -13.999 -13.999
  -8.329 -14.127 -14.127
  -8.239 -14.067 -14.067
  -8.166 -14.301 -14.301
  -8.103 -14.307 -14.307
  -8.048 -14.064 -14.064
  -7.999 -14.472 -14.472
  -7.955 -14.158 -14.158
  -7.916 -14.401 -14.401
  -7.879 -14.565 -14.565
  -7.846 -14.399 -14.568
  -7.815 -14.439 -14.439
  -7.786 -14.701 -14.701
  -7.758 -14.649 -14.649
  -7.733 -14.705 -14.705
  -7.709 -14.725 -14.725
  -7.686 -14.758 -14.758
  -7.664 -14.594 -14.594
  -7.643 -14.571 -14.571
  -7.624 -14.912 -14.912
  -7.605 -14.732 -14.732
  -7.586 -14.838 -14.838
  -7.569 -15.003 -15.003
  -7.552 -14.891 -14.891
  -7.536 -14.885 -14.885
  -7.521 -14.649 -14.865
  -7.506 -14.893 -14.893
  -7.491 -15.049 -15.049
  -7.477 -15.001 -15.001
  -7.464 -15.017 -15.017
  -7.451 -14.730 -15.185
  -7.438 -14.938 -15.127
  -7.425 -14.802 -15.091
  -7.413 -15.012 -15.012
  -7.401 -15.345 -15.345
  -7.390 -14.855 -15.229
  -7.379 -15.381 -15.381
  -7.368 -15.148 -15.388
  -7.357 -14.685 -15.105
  -7.347 -14.533 -14.688
  -7.337 -14.444 -14.722
  -7.327 -14.984 -15.150
  -7.317 -15.000 -15.170
  -7.308 -15.140 -15.140
  -7.299 -15.360 -15.360
  -7.290 -15.687 -15.687
  -7.281 -15.230 -15.230
  -7.272 -15.373 -15.373
  -7.264 -15.040 -15.243
  -7.255 -15.408 -15.408
  -7.247 -15.628 -15.628
  -7.239 -15.306 -15.486
  -7.231 -15.547 -15.727
  -7.223 -15.218 -15.218
  -7.216 -14.976 -15.154
  -7.208 -15.312 -15.312
  -7.201 -14.668 -15.532
  -7.194 -15.429 -15.429
  -7.187 -15.599 -15.599
  -7.180 -15.226 -15.555
  -7.173 -15.421 -15.747
  -7.166 -15.315 -15.591
  -7.159 -15.494 -15.754
  -7.153 -14.808 -15.567
  -7.146 -15.453 -15.765
  -7.140 -15.661 -15.852
  -7.133 -15.468 -15.696
  -7.127 -15.722 -16.203
  -7.121 -14.804 -15.781
  -7.115 -15.855 -15.855
  -7.109 -15.447 -15.447
  -7.103 -15.877 -15.877
  -7.098 -15.909 -15.909
  -7.092 -15.792 -15.792
  -7.086 -15.861 -16.018
  -7.081 -16.111 -16.111
  -7.075 -15.578 -16.088
  -7.070 -15.882 -16.041
  -7.064 -16.014 -16.180
  -7.059 -15.607 -15.607
  -7.054 -15.777 -15.777
  -7.049 -15.821 -15.978
  -7.043 -15.972 -15.972
  -7.038 -16.069 -16.069
  -7.033 -16.160 -16.160
  -7.029 -15.081 -15.587
  -7.024 -15.824 -15.824
  -7.019 -16.326 -16.524
  -7.014 -15.901 -15.901
  -7.009 -16.221 -16.221
  -7.005 -15.997 -15.997
  -7.000 -15.900 -15.900
  -6.995 -16.093 -16.256
  -6.991 -16.162 -16.162
  -6.986 -16.489 -16.489
  -6.982 -15.617 -15.836
  -6.978 -15.337 -15.627
  -6.973 -15.060 -15.329
  -6.969 -15.193 -15.924
  -6.965 -15.379 -15.717
  -6.961 -16.060 -16.060
  -6.956 -16.252 -16.252
  -6.952 -15.598 -16.872
  -6.948 -16.199 -16.566
  -6.944 -16.321 -16.536
  -6.940 -16.184 -16.184
  -6.936 -15.583 -15.583
  -6.932 -16.214 -16.396
  -6.928 -15.965 -15.965
  -6.924 -16.208 -16.208
  -6.920 -15.510 -16.536
  -6.917 -16.163 -16.617
  -6.913 -15.489 -16.332
  -6.909 -15.964 -16.246
  -6.905 -15.763 -15.954
  -6.902 -15.658 -16.193
  -6.898 -16.114 -16.114
  -6.894 -16.173 -16.173
  -6.891 -16.664 -17.187
  -6.887 -16.125 -16.125
  -6.884 -16.424 -16.424
  -6.880 -16.882 -49.500
  -6.877 -16.399 -16.565
  -6.873 -16.949 -17.105
  -6.870 -16.092 -16.360
  -6.867 -16.447 -16.722
  -6.863 -16.175 -16.633
  -6.860 -16.243 -16.243
  -6.857 -15.766 -16.236
  -6.853 -16.070 -16.752
  -6.850 -16.266 -16.603
  -6.847 -16.813 -49.500
  -6.844 -15.269 -16.430
  -6.840 -15.156 -15.921
  -6.837 -16.140 -16.522
  -6.834 -16.350 -16.821
  -6.831 -15.291 -15.959
  -6.828 -16.518 -16.518
  -6.825 -16.661 -16.916
  -6.822 -16.621 -49.500
  -6.819 -16.421 -16.754
  -6.816 -16.863 -17.025
  -6.813 -49.500     NaN
  -6.810 -16.323 -16.512
  -6.807 -49.500     NaN
  -6.804 -17.020 -49.500
  -6.801 -16.180 -16.630
  -6.798 -16.885 -49.500
  -6.795 -16.056 -16.544
  -6.792 -15.663 -16.019
  -6.789 -16.374 -16.643
  -6.787 -16.224 -16.447
  -6.784 -16.320 -49.500
  -6.781 -16.026 -16.803
  -6.778 -15.669 -16.343
  -6.775 -16.923 -49.500
  -6.773 -16.269 -17.002
  -6.770 -16.271 -49.500
  -6.767 -15.672 -16.077
  -6.765 -16.384 -16.776
  -6.762 -16.589 -16.783
  -6.759 -15.836 -16.178
  -6.757 -49.500     NaN
  -6.754 -16.037 -16.467
  -6.751 -49.500 -49.500
  -6.749 -16.549 -49.500
  -6.746 -16.086 -49.500
  -6.744 -16.423 -49.500
  -6.741 -15.925 -16.561
  -6.739 -16.526 -49.500
  -6.736 -16.961 -49.500
  -6.734 -14.927 -15.557
  -6.731 -16.668 -16.668
  -6.729 -16.617 -16.827
  -6.726 -49.500     NaN
  -6.724 -49.500     NaN
  -6.721 -49.500     NaN
  -6.719 -16.278 -16.992
  -6.717 -16.411 -16.719
  -6.714 -14.669 -49.500
  -6.712 -16.268 -49.500
  -6.709 -16.675 -49.500
  -6.707 -16.072 -49.500
  -6.705 -49.500 -49.500
  -6.702 -16.318 -49.500
  -6.700 -15.295 -49.500
  -6.698 -15.689 -49.500
  -6.696 -49.500 -49.500
  -6.693 -49.500     NaN
  -6.691 -15.705 -16.639
  -6.689 -49.500 -49.500
  -6.687 -49.500     NaN
  -6.684 -16.578 -49.500
  -6.682 -16.226 -49.500
  -6.680 -16.154 -16.523
  -6.678 -49.500     NaN
  -6.675 -49.500 -49.500
  -6.673 -16.943 -49.500
  -6.671 -49.500     NaN
  -6.669 -16.501 -49.500
  -6.667 -15.675 -49.500
  -6.665 -15.961 -16.246
  -6.663 -49.500 -49.500
  -6.661 -16.362 -49.500
  -6.658 -49.500 -49.500
  -6.656 -16.339 -49.500
  -6.654 -49.500     NaN
  -6.652 -49.500     NaN
  -6.650 -49.500     NaN
  -6.648 -16.446 -49.500
  -6.646 -49.500     NaN
  -6.644 -15.908 -16.547
  -6.642 -15.433 -16.033
  -6.640 -49.500 -49.500
  -6.638 -49.500 -49.500
  -6.636 -16.301 -16.301
  -6.634 -16.495 -16.495
  -6.632 -49.500 -49.500
  -6.630 -16.281 -49.500
  -6.628 -16.371 -49.500
  -6.626 -15.756 -49.500
  -6.624 -16.603 -49.500
  -6.622 -49.500     NaN
  -6.620 -49.500 -49.500
  -6.618 -16.258 -16.258
  -6.617 -49.500     NaN
  -6.615 -49.500 -49.500
  -6.613 -16.013 -49.500
  -6.611 -49.500     NaN
  -6.609 -14.887 -16.560
  -6.607 -49.500 -49.500
  -6.605 -49.500     NaN
  -6.603 -49.500 -49.500
  -6.602 -16.230 -16.964
  -6.600 -49.500 -49.500
  -6.598 -16.252 -16.252
  -6.596 -49.500 -49.500
  -6.594 -49.500 -49.500
