  -8.861 -13.765 -13.765
  -8.599 -13.862 -13.862
  -8.442 -14.005 -14.005
  -8.329 -14.124 -14.124
  -8.239 -14.097 -14.097
  -8.166 -14.279 -14.279
  -8.103 -14.335 -14.335
  -8.048 -14.315 -14.315
  -7.999 -14.444 -14.444
  -7.955 -14.318 -14.318
  -7.916 -14.469 -14.469
  -7.879 -14.541 -14.541
  -7.846 -14.412 -14.585
  -7.815 -14.456 -14.456
  -7.786 -14.507 -14.507
  -7.758 -14.448 -14.612
  -7.733 -14.729 -14.729
  -7.709 -14.590 -14.590
  -7.686 -14.434 -14.839
  -7.664 -14.827 -14.827
  -7.643 -14.502 -14.835
  -7.624 -14.717 -14.717
  -7.605 -14.686 -14.686
  -7.586 -14.721 -14.721
  -7.569 -14.566 -14.885
  -7.552 -15.020 -15.020
  -7.536 -14.427 -14.662
  -7.521 -15.059 -15.059
  -7.506 -14.540 -14.944
  -7.491 -14.463 -14.857
  -7.477 -15.020 -15.234
  -7.464 -15.140 -15.140
  -7.451 -14.913 -15.120
  -7.438 -14.992 -14.992
  -7.425 -14.962 -15.128
  -7.413 -14.631 -15.327
  -7.401 -15.129 -15.129
  -7.390 -14.981 -15.194
  -7.379 -14.472 -14.829
  -7.368 -15.085 -15.310
  -7.357 -14.928 -15.101
  -7.347 -15.191 -15.191
  -7.337 -15.167 -15.506
  -7.327 -15.353 -15.353
  -7.317 -15.221 -15.221
  -7.308 -15.403 -15.403
  -7.299 -15.019 -15.258
  -7.290 -15.386 -15.386
  -7.281 -15.237 -15.237
  -7.272 -15.036 -15.209
  -7.264 -15.433 -15.433
  -7.255 -14.986 -15.527
  -7.247 -15.187 -15.520
  -7.239 -14.772 -15.339
  -7.231 -15.332 -15.332
  -7.223 -14.457 -15.420
  -7.216 -15.167 -15.564
  -7.208 -15.420 -15.736
  -7.201 -14.335 -14.964
  -7.194 -15.068 -15.597
  -7.187 -15.795 -15.795
  -7.180 -14.580 -14.885
  -7.173 -15.919 -15.919
  -7.166 -15.419 -15.419
  -7.159 -15.273 -15.688
  -7.153 -14.860 -15.163
  -7.146 -15.016 -15.864
  -7.140 -15.554 -15.886
  -7.133 -15.872 -15.872
  -7.127 -15.703 -15.977
  -7.121 -15.531 -15.706
  -7.115 -15.802 -15.802
  -7.109 -15.489 -15.691
  -7.103 -15.071 -15.570
  -7.098 -15.764 -16.028
  -7.092 -15.149 -15.487
  -7.086 -15.706 -16.098
  -7.081 -15.905 -16.141
  -7.075 -14.987 -15.351
  -7.070 -15.592 -15.971
  -7.064 -15.691 -15.909
  -7.059 -15.938 -15.938
  -7.054 -15.453 -16.053
  -7.049 -15.738 -15.977
  -7.043 -16.249 -16.249
  -7.038 -15.416 -15.416
  -7.033 -15.290 -15.459
  -7.029 -14.868 -15.713
  -7.024 -15.606 -15.822
  -7.019 -15.407 -15.564
  -7.014 -14.940 -15.916
  -7.009 -15.426 -15.788
  -7.005 -15.461 -16.104
  -7.000 -16.049 -16.278
  -6.995 -15.510 -15.804
  -6.991 -15.093 -16.048
  -6.986 -15.494 -15.494
  -6.982 -14.883 -15.709
  -6.978 -16.218 -16.218
  -6.973 -15.499 -16.163
  -6.969 -15.431 -15.946
  -6.965 -15.579 -15.813
  -6.961 -15.684 -15.684
  -6.956 -15.553 -15.957
  -6.952 -16.090 -16.090
  -6.948 -15.586 -16.331
  -6.944 -15.703 -16.290
  -6.940 -16.092 -16.092
  -6.936 -16.072 -16.436
  -6.932 -16.684 -16.684
  -6.928 -16.013 -16.897
  -6.924 -16.214 -16.214
  -6.920 -15.694 -16.145
  -6.917 -16.055 -16.217
  -6.913 -16.153 -16.461
  -6.909 -16.720 -16.894
  -6.905 -16.506 -16.967
  -6.902 -15.540 -15.974
  -6.898 -15.635 -15.635
  -6.894 -15.278 -16.328
  -6.891 -16.240 -16.597
  -6.887 -15.856 -16.223
  -6.884 -16.050 -16.211
  -6.880 -15.869 -15.869
  -6.877 -14.872 -16.324
  -6.873 -16.395 -16.571
  -6.870 -16.039 -16.325
  -6.867 -15.379 -16.407
  -6.863 -15.938 -16.567
  -6.860 -17.004 -49.500
  -6.857 -16.449 -16.640
  -6.853 -14.596 -16.811
  -6.850 -16.033 -16.249
  -6.847 -16.641 -16.911
  -6.844 -15.458 -16.421
  -6.840 -15.850 -16.718
  -6.837 -15.527 -15.839
  -6.834 -16.703 -16.935
  -6.831 -15.972 -16.167
  -6.828 -16.437 -16.437
  -6.825 -49.500     NaN
  -6.822 -15.818 -16.220
  -6.819 -16.478 -16.846
  -6.816 -16.202 -16.473
  -6.813 -16.556 -16.745
  -6.810 -16.527 -16.685
  -6.807 -16.214 -16.537
  -6.804 -49.500     NaN
  -6.801 -16.042 -16.042
  -6.798 -16.696 -49.500
  -6.795 -16.912 -49.500
  -6.792 -15.864 -16.123
  -6.789 -16.237 -49.500
  -6.787 -16.312 -49.500
  -6.784 -16.507 -49.500
  -6.781 -49.500     NaN
  -6.778 -16.360 -16.650
  -6.775 -16.709 -16.940
  -6.773 -16.202 -16.202
  -6.770 -16.727 -16.727
  -6.767 -49.500     NaN
  -6.765 -16.447 -16.786
  -6.762 -16.971 -49.500
  -6.759 -49.500 -49.500
  -6.757 -49.500     NaN
  -6.754 -16.825 -49.500
  -6.751 -15.858 -16.378
  -6.749 -16.269 -16.777
  -6.746 -15.842 -16.282
  -6.744 -49.500     NaN
  -6.741 -16.758 -49.500
  -6.739 -16.282 -16.629
  -6.736 -16.625 -49.500
  -6.734 -16.457 -16.738
  -6.731 -14.913 -16.741
  -6.729 -49.500     NaN
  -6.726 -16.841 -49.500
  -6.724 -16.470 -49.500
  -6.721 -15.991 -49.500
  -6.719 -49.500 -49.500
  -6.717 -16.413 -49.500
  -6.714 -16.225 -49.500
  -6.712 -49.500     NaN
  -6.709 -49.500     NaN
  -6.707 -16.126 -49.500
  -6.705 -16.949 -49.500
  -6.702 -49.500     NaN
  -6.700 -16.164 -16.344
  -6.698 -16.864 -49.500
  -6.696 -15.114 -49.500
  -6.693 -49.500     NaN
  -6.691 -49.500 -49.500
  -6.689 -16.026 -16.026
  -6.687 -49.500     NaN
  -6.684 -15.682 -16.413
  -6.682 -16.212 -17.006
  -6.680 -15.847 -16.248
  -6.678 -15.852 -49.500
  -6.675 -16.255 -16.448
  -6.673 -15.973 -49.500
  -6.671 -49.500 -49.500
  -6.669 -49.500     NaN
  -6.667 -16.167 -16.700
  -6.665 -49.500 -49.500
  -6.663 -16.535 -49.500
  -6.661 -49.500     NaN
  -6.658 -49.500     NaN
  -6.656 -49.500 -49.500
  -6.654 -49.500 -49.500
  -6.652 -49.500     NaN
  -6.650 -16.013 -16.192
  -6.648 -49.500     NaN
  -6.646 -16.875 -16.875
  -6.644 -16.288 -16.288
  -6.642 -49.500 -49.500
  -6.640 -49.500     NaN
  -6.638 -49.500 -49.500
  -6.636 -16.436 -16.436
  -6.634 -16.824 -49.500
  -6.632 -49.500     NaN
  -6.630 -49.500 -49.500
  -6.628 -49.500     NaN
  -6.626 -16.551 -16.551
  -6.624 -17.093 -17.093
  -6.622 -49.500 -49.500
  -6.620 -49.500     NaN
  -6.618 -49.500     NaN
  -6.617 -16.434 -49.500
  -6.615 -49.500 -49.500
  -6.613 -49.500 -49.500
  -6.611 -49.500 -49.500
  -6.609 -49.500 -49.500
  -6.607 -49.500 -49.500
  -6.605 -49.500     NaN
  -6.603 -16.297 -16.297
  -6.602 -16.864 -49.500
  -6.600 -49.500     NaN
  -6.598 -16.283 -49.500
  -6.596 -49.500 -49.500
  -6.594 -49.500 -49.500
