  -8.861 -13.778 -13.778
  -8.599 -13.901 -13.901
  -8.442 -13.965 -13.965
  -8.329 -14.035 -14.035
  -8.239 -14.060 -14.060
  -8.166 -14.192 -14.192
  -8.103 -14.237 -14.237
  -8.048 -14.110 -14.110
  -7.999 -14.384 -14.384
  -7.955 -14.317 -14.317
  -7.916 -14.189 -14.492
  -7.879 -14.515 -14.515
  -7.846 -14.634 -14.634
  -7.815 -14.451 -14.451
  -7.786 -14.436 -14.436
  -7.758 -14.613 -14.613
  -7.733 -14.371 -14.656
  -7.709 -14.634 -14.634
  -7.686 -14.607 -14.607
  -7.664 -14.722 -14.722
  -7.643 -14.493 -14.493
  -7.624 -14.885 -14.885
  -7.605 -14.595 -14.595
  -7.586 -14.757 -14.757
  -7.569 -14.901 -15.061
  -7.552 -14.915 -14.915
  -7.536 -15.039 -15.039
  -7.521 -15.005 -15.005
  -7.506 -14.681 -14.891
  -7.491 -14.573 -14.938
  -7.477 -14.964 -14.964
  -7.464 -14.826 -14.994
  -7.451 -15.102 -15.291
  -7.438 -14.988 -14.988
  -7.425 -15.200 -15.200
  -7.413 -14.275 -14.963
  -7.401 -14.766 -15.204
  -7.390 -14.996 -14.996
  -7.379 -14.930 -14.930
  -7.368 -15.027 -15.177
  -7.357 -15.001 -15.001
  -7.347 -14.773 -15.265
  -7.337 -15.192 -15.354
  -7.327 -14.296 -14.881
  -7.317 -13.962 -15.211
  -7.308 -15.230 -15.681
  -7.299 -15.080 -15.308
  -7.290 -14.942 -15.229
  -7.281 -15.486 -15.666
  -7.272 -15.620 -15.620
  -7.264 -15.233 -15.233
  -7.255 -15.606 -15.606
  -7.247 -15.467 -15.467
  -7.239 -15.411 -15.692
  -7.231 -15.486 -15.486
  -7.223 -15.342 -15.342
  -7.216 -15.024 -15.576
  -7.208 -15.346 -15.574
  -7.201 -15.370 -15.370
  -7.194 -15.163 -15.344
  -7.187 -15.833 -15.833
  -7.180 -15.721 -15.885
  -7.173 -15.478 -15.930
  -7.166 -14.876 -15.284
  -7.159 -15.303 -15.695
  -7.153 -15.461 -15.461
  -7.146 -15.656 -15.656
  -7.140 -15.178 -15.487
  -7.133 -15.068 -15.376
  -7.127 -15.610 -15.913
  -7.121 -15.334 -15.709
  -7.115 -15.560 -15.852
  -7.109 -15.563 -15.888
  -7.103 -15.873 -15.873
  -7.098 -15.483 -15.710
  -7.092 -15.550 -15.723
  -7.086 -15.776 -16.034
  -7.081 -15.543 -15.731
  -7.075 -16.173 -16.173
  -7.070 -15.736 -16.011
  -7.064 -15.223 -16.040
  -7.059 -15.158 -15.823
  -7.054 -15.689 -16.066
  -7.049 -16.050 -16.050
  -7.043 -16.039 -16.039
  -7.038 -14.452 -15.437
  -7.033 -15.570 -15.925
  -7.029 -15.895 -16.081
  -7.024 -15.271 -15.811
  -7.019 -15.835 -16.124
  -7.014 -16.528 -16.528
  -7.009 -15.901 -16.376
  -7.005 -15.463 -15.617
  -7.000 -15.808 -16.116
  -6.995 -15.685 -16.625
  -6.991 -15.293 -16.217
  -6.986 -15.796 -16.171
  -6.982 -15.168 -15.977
  -6.978 -15.411 -15.674
  -6.973 -14.720 -16.204
  -6.969 -16.184 -16.184
  -6.965 -16.376 -16.581
  -6.961 -14.735 -15.900
  -6.956 -16.047 -16.230
  -6.952 -16.571 -16.845
  -6.948 -15.687 -15.937
  -6.944 -16.141 -16.141
  -6.940 -15.265 -16.300
  -6.936 -16.057 -16.057
  -6.932 -16.308 -16.308
  -6.928 -15.962 -16.277
  -6.924 -15.546 -16.258
  -6.920 -16.388 -16.388
  -6.917 -16.331 -16.545
  -6.913 -15.840 -15.840
  -6.909 -16.258 -16.430
  -6.905 -15.492 -49.500
  -6.902 -16.240 -16.425
  -6.898 -15.444 -15.672
  -6.894 -16.145 -16.891
  -6.891 -15.826 -16.173
  -6.887 -16.027 -16.185
  -6.884 -16.321 -16.613
  -6.880 -16.148 -16.867
  -6.877 -16.050 -16.564
  -6.873 -17.522 -49.500
  -6.870 -16.432 -16.599
  -6.867 -16.781 -49.500
  -6.863 -16.096 -16.096
  -6.860 -16.126 -16.283
  -6.857 -15.892 -16.160
  -6.853 -17.118 -49.500
  -6.850 -15.610 -16.157
  -6.847 -16.059 -16.213
  -6.844 -15.988 -16.370
  -6.840 -15.873 -16.072
  -6.837 -15.944 -49.500
  -6.834 -16.994 -49.500
  -6.831 -15.029 -15.198
  -6.828 -16.395 -16.653
  -6.825 -49.500     NaN
  -6.822 -16.006 -16.977
  -6.819 -16.363 -16.672
  -6.816 -16.308 -16.550
  -6.813 -49.500     NaN
  -6.810 -16.151 -16.719
  -6.807 -16.256 -16.488
  -6.804 -16.338 -16.895
  -6.801 -49.500     NaN
  -6.798 -15.777 -15.777
  -6.795 -16.413 -49.500
  -6.792 -49.500     NaN
  -6.789 -16.851 -49.500
  -6.787 -15.922 -49.500
  -6.784 -49.500     NaN
  -6.781 -17.310 -49.500
  -6.778 -16.030 -16.218
  -6.775 -15.951 -16.168
  -6.773 -16.515 -17.217
  -6.770 -16.327 -49.500
  -6.767 -16.455 -49.500
  -6.765 -15.844 -16.010
  -6.762 -16.180 -16.180
  -6.759 -16.303 -49.500
  -6.757 -15.783 -16.650
  -6.754 -15.744 -16.035
  -6.751 -15.925 -16.945
  -6.749 -15.569 -16.323
  -6.746 -16.523 -49.500
  -6.744 -16.729 -49.500
  -6.741 -49.500     NaN
  -6.739 -13.916 -49.500
  -6.736 -15.111 -16.322
  -6.734 -16.563 -16.951
  -6.731 -16.999 -49.500
  -6.729 -49.500 -49.500
  -6.726 -16.128 -16.438
  -6.724 -16.726 -16.726
  -6.721 -16.541 -49.500
  -6.719 -16.403 -16.598
  -6.717 -14.258 -49.500
  -6.714 -49.500 -49.500
  -6.712 -49.500     NaN
  -6.709 -49.500     NaN
  -6.707 -49.500 -49.500
  -6.705 -16.591 -49.500
  -6.702 -16.769 -17.021
  -6.700 -49.500     NaN
  -6.698 -16.438 -49.500
  -6.696 -49.500     NaN
  -6.693 -16.036 -16.214
  -6.691 -49.500 -49.500
  -6.689 -49.500     NaN
  -6.687 -16.966 -49.500
  -6.684 -49.500 -49.500
  -6.682 -49.500     NaN
  -6.680 -49.500     NaN
  -6.678 -16.288 -16.468
  -6.675 -16.208 -16.208
  -6.673 -49.500 -49.500
  -6.671 -16.050 -49.500
  -6.669 -16.290 -49.500
  -6.667 -16.662 -49.500
  -6.665 -16.898 -49.500
  -6.663 -16.274 -49.500
  -6.661 -49.500     NaN
  -6.658 -49.500     NaN
  -6.656 -14.751 -15.868
  -6.654 -16.662 -16.662
  -6.652 -16.207 -16.437
  -6.650 -49.500 -49.500
  -6.648 -49.500 -49.500
  -6.646 -49.500 -49.500
  -6.644 -49.500 -49.500
  -6.642 -16.172 -49.500
  -6.640 -16.235 -16.235
  -6.638 -49.500     NaN
  -6.636 -49.500 -49.500
  -6.634 -49.500 -49.500
  -6.632 -49.500 -49.500
  -6.630 -49.500 -49.500
  -6.628 -49.500 -49.500
  -6.626 -16.656 -49.500
  -6.624 -15.564 -15.564
  -6.622 -16.000 -49.500
  -6.620 -49.500 -49.500
  -6.618 -49.500 -49.500
  -6.617 -49.500 -49.500
  -6.615 -49.500 -49.500
  -6.613 -16.617 -49.500
  -6.611 -49.500     NaN
  -6.609 -49.500 -49.500
  -6.607 -16.694 -16.694
  -6.605 -49.500     NaN
  -6.603 -49.500     NaN
  -6.602 -49.500 -49.500
  -6.600 -15.480 -49.500
  -6.598 -16.611 -16.611
  -6.596 -15.844 -49.500
  -6.594 -49.500 -49.500
