  -8.861 -13.766 -13.766
  -8.599 -13.897 -13.897
  -8.442 -13.958 -13.958
  -8.329 -13.973 -13.973
  -8.239 -14.098 -14.098
  -8.166 -14.274 -14.274
  -8.103 -14.353 -14.353
  -8.048 -14.346 -14.346
  -7.999 -14.131 -14.441
  -7.955 -14.394 -14.394
  -7.916 -14.474 -14.474
  -7.879 -14.557 -14.557
  -7.846 -14.593 -14.593
  -7.815 -14.334 -14.578
  -7.786 -14.781 -14.781
  -7.758 -14.576 -14.576
  -7.733 -14.671 -14.671
  -7.709 -14.426 -14.646
  -7.686 -14.945 -14.945
  -7.664 -14.934 -14.934
  -7.643 -14.807 -14.983
  -7.624 -14.815 -14.815
  -7.605 -14.732 -14.732
  -7.586 -14.788 -14.788
  -7.569 -15.008 -15.008
  -7.552 -14.413 -14.936
  -7.536 -15.024 -15.024
  -7.521 -14.769 -15.116
  -7.506 -15.045 -15.200
  -7.491 -14.564 -14.755
  -7.477 -15.041 -15.041
  -7.464 -14.858 -14.858
  -7.451 -15.020 -15.020
  -7.438 -14.789 -14.964
  -7.425 -15.085 -15.085
  -7.413 -15.093 -15.093
  -7.401 -14.921 -15.336
  -7.390 -15.439 -15.439
  -7.379 -15.446 -15.446
  -7.368 -14.420 -15.372
  -7.357 -15.404 -15.404
  -7.347 -15.167 -15.433
  -7.337 -15.286 -15.286
  -7.327 -15.202 -15.202
  -7.317 -14.636 -15.273
  -7.308 -14.663 -15.265
  -7.299 -14.957 -15.487
  -7.290 -15.290 -15.290
  -7.281 -15.529 -15.713
  -7.272 -14.681 -15.233
  -7.264 -15.524 -15.701
  -7.255 -15.320 -15.320
  -7.247 -15.809 -15.809
  -7.239 -15.942 -15.942
  -7.231 -15.560 -15.712
  -7.223 -14.943 -15.451
  -7.216 -14.960 -15.557
  -7.208 -14.473 -15.662
  -7.201 -15.330 -15.594
  -7.194 -15.526 -15.526
  -7.187 -15.973 -15.973
  -7.180 -15.380 -15.593
  -7.173 -15.669 -15.852
  -7.166 -15.813 -15.813
  -7.159 -15.642 -15.796
  -7.153 -15.547 -15.801
  -7.146 -15.175 -15.440
  -7.140 -15.801 -15.801
  -7.133 -15.167 -15.415
  -7.127 -15.578 -15.732
  -7.121 -15.396 -15.549
  -7.115 -15.939 -16.121
  -7.109 -15.396 -15.748
  -7.103 -15.781 -16.024
  -7.098 -15.227 -16.157
  -7.092 -15.613 -15.613
  -7.086 -15.576 -15.815
  -7.081 -15.299 -15.951
  -7.075 -15.568 -15.842
  -7.070 -15.926 -16.123
  -7.064 -15.831 -15.989
  -7.059 -15.798 -16.021
  -7.054 -16.018 -16.204
  -7.049 -15.229 -15.720
  -7.043 -15.631 -16.339
  -7.038 -15.466 -16.169
  -7.033 -15.221 -16.422
  -7.029 -15.827 -16.130
  -7.024 -16.060 -16.246
  -7.019 -15.739 -15.910
  -7.014 -15.993 -16.181
  -7.009 -15.137 -15.769
  -7.005 -14.987 -15.672
  -7.000 -15.719 -15.950
  -6.995 -14.922 -15.922
  -6.991 -14.840 -15.994
  -6.986 -16.205 -16.430
  -6.982 -15.802 -16.129
  -6.978 -15.830 -15.830
  -6.973 -15.969 -16.132
  -6.969 -15.860 -15.860
  -6.965 -15.602 -15.841
  -6.961 -16.289 -16.522
  -6.956 -16.123 -16.123
  -6.952 -15.750 -16.112
  -6.948 -15.902 -16.570
  -6.944 -16.205 -16.516
  -6.940 -15.992 -16.559
  -6.936 -13.625 -15.432
  -6.932 -15.626 -16.115
  -6.928 -15.517 -15.940
  -6.924 -15.879 -16.286
  -6.920 -49.500     NaN
  -6.917 -16.104 -16.337
  -6.913 -15.343 -15.559
  -6.909 -16.062 -16.648
  -6.905 -16.132 -16.132
  -6.902 -16.499 -16.986
  -6.898 -16.366 -16.594
  -6.894 -16.500 -16.713
  -6.891 -16.547 -16.865
  -6.887 -14.626 -16.375
  -6.884 -15.240 -15.428
  -6.880 -16.154 -16.464
  -6.877 -16.163 -16.454
  -6.873 -16.638 -16.961
  -6.870 -15.839 -16.401
  -6.867 -17.063 -17.422
  -6.863 -15.748 -16.643
  -6.860 -15.703 -16.177
  -6.857 -15.935 -16.965
  -6.853 -16.313 -16.669
  -6.850 -16.260 -17.068
  -6.847 -16.545 -16.742
  -6.844 -16.124 -16.124
  -6.840 -16.221 -16.678
  -6.837 -16.263 -16.438
  -6.834 -16.412 -16.972
  -6.831 -49.500     NaN
  -6.828 -49.500     NaN
  -6.825 -16.325 -16.325
  -6.822 -15.405 -15.573
  -6.819 -16.230 -16.527
  -6.816 -16.679 -16.883
  -6.813 -15.535 -16.237
  -6.810 -16.503 -49.500
  -6.807 -16.707 -49.500
  -6.804 -16.451 -49.500
  -6.801 -15.078 -15.614
  -6.798 -16.178 -16.460
  -6.795 -16.532 -17.099
  -6.792 -16.760 -49.500
  -6.789 -16.590 -16.835
  -6.787 -15.156 -16.523
  -6.784 -14.988 -16.015
  -6.781 -17.041 -17.225
  -6.778 -16.946 -49.500
  -6.775 -16.878 -17.312
  -6.773 -15.929 -16.454
  -6.770 -49.500     NaN
  -6.767 -16.571 -49.500
  -6.765 -16.159 -49.500
  -6.762 -16.699 -49.500
  -6.759 -16.202 -17.108
  -6.757 -49.500     NaN
  -6.754 -15.615 -49.500
  -6.751 -49.500     NaN
  -6.749 -49.500 -49.500
  -6.746 -16.290 -49.500
  -6.744 -17.200 -49.500
  -6.741 -16.012 -16.012
  -6.739 -16.499 -49.500
  -6.736 -49.500     NaN
  -6.734 -49.500     NaN
  -6.731 -49.500 -49.500
  -6.729 -15.786 -16.440
  -6.726 -16.183 -17.047
  -6.724 -16.452 -16.678
  -6.721 -16.483 -49.500
  -6.719 -16.986 -49.500
  -6.717 -49.500     NaN
  -6.714 -16.612 -49.500
  -6.712 -15.596 -49.500
  -6.709 -15.518 -49.500
  -6.707 -16.499 -49.500
  -6.705 -16.241 -16.729
  -6.702 -49.500     NaN
  -6.700 -15.869 -49.500
  -6.698 -16.274 -17.006
  -6.696 -49.500     NaN
  -6.693 -16.658 -49.500
  -6.691 -49.500 -49.500
  -6.689 -16.536 -49.500
  -6.687 -49.500 -49.500
  -6.684 -49.500     NaN
  -6.682 -49.500 -49.500
  -6.680 -49.500     NaN
  -6.678 -49.500 -49.500
  -6.675 -49.500     NaN
  -6.673 -15.837 -49.500
  -6.671 -49.500     NaN
  -6.669 -16.817 -16.817
  -6.667 -49.500     NaN
  -6.665 -49.500 -49.500
  -6.663 -15.991 -16.233
  -6.661 -16.645 -49.500
  -6.658 -16.300 -49.500
  -6.656 -49.500 -49.500
  -6.654 -49.500 -49.500
  -6.652 -16.517 -49.500
  -6.650 -49.500     NaN
  -6.648 -15.914 -16.282
  -6.646 -15.793 -49.500
  -6.644 -49.500 -49.500
  -6.642 -17.020 -49.500
  -6.640 -49.500 -49.500
  -6.638 -49.500     NaN
  -6.636 -49.500     NaN
  -6.634 -15.516 -16.030
  -6.632 -49.500     NaN
  -6.630 -49.500 -49.500
  -6.628 -17.032 -49.500
  -6.626 -15.920 -16.603
  -6.624 -49.500     NaN
  -6.622 -16.434 -49.500
  -6.620 -49.500     NaN
  -6.618 -49.500 -49.500
  -6.617 -49.500 -49.500
  -6.615 -49.500 -49.500
  -6.613 -49.500 -49.500
  -6.611 -15.795 -49.500
  -6.609 -49.500 -49.500
  -6.607 -16.172 -16.172
  -6.605 -49.500 -49.500
  -6.603 -17.039 -49.500
  -6.602 -49.500     NaN
  -6.600 -49.500 -49.500
  -6.598 -15.942 -49.500
  -6.596 -49.500     NaN
  -6.594 -49.500 -49.500
