  -8.861 -13.782 -13.782
  -8.599 -13.912 -13.912
  -8.442 -13.983 -13.983
  -8.329 -14.125 -14.125
  -8.239 -14.224 -14.224
  -8.166 -14.246 -14.246
  -8.103 -14.196 -14.196
  -8.048 -14.182 -14.182
  -7.999 -14.400 -14.400
  -7.955 -14.253 -14.253
  -7.916 -14.460 -14.460
  -7.879 -14.401 -14.401
  -7.846 -14.321 -14.321
  -7.815 -14.563 -14.563
  -7.786 -14.566 -14.566
  -7.758 -14.485 -14.485
  -7.733 -14.807 -14.807
  -7.709 -14.743 -14.743
  -7.686 -14.648 -14.802
  -7.664 -14.791 -14.791
  -7.643 -14.308 -14.560
  -7.624 -14.721 -14.721
  -7.605 -14.656 -14.656
  -7.586 -15.012 -15.012
  -7.569 -14.953 -14.953
  -7.552 -14.879 -14.879
  -7.536 -14.852 -14.852
  -7.521 -15.263 -15.263
  -7.506 -14.750 -14.750
  -7.491 -14.857 -15.070
  -7.477 -15.209 -15.209
  -7.464 -15.278 -15.278
  -7.451 -15.089 -15.089
  -7.438 -15.031 -15.031
  -7.425 -14.903 -14.903
  -7.413 -15.049 -15.049
  -7.401 -14.253 -14.465
  -7.390 -15.289 -15.448
  -7.379 -14.851 -15.268
  -7.368 -15.249 -15.249
  -7.357 -15.336 -15.336
  -7.347 -14.921 -15.216
  -7.337 -15.268 -15.444
  -7.327 -15.393 -15.393
  -7.317 -15.189 -15.431
  -7.308 -15.144 -15.576
  -7.299 -14.229 -15.202
  -7.290 -15.006 -15.426
  -7.281 -14.830 -15.154
  -7.272 -15.519 -15.697
  -7.264 -14.565 -15.145
  -7.255 -15.631 -15.631
  -7.247 -15.677 -15.677
  -7.239 -15.445 -15.445
  -7.231 -15.777 -15.777
  -7.223 -15.235 -15.235
  -7.216 -15.538 -15.708
  -7.208 -15.284 -15.560
  -7.201 -15.138 -15.456
  -7.194 -15.376 -15.719
  -7.187 -15.694 -15.694
  -7.180 -15.763 -15.917
  -7.173 -15.669 -15.669
  -7.166 -15.128 -15.887
  -7.159 -15.034 -15.289
  -7.153 -15.108 -15.897
  -7.146 -15.778 -15.778
  -7.140 -15.584 -15.584
  -7.133 -15.191 -15.511
  -7.127 -15.801 -15.801
  -7.121 -15.856 -16.118
  -7.115 -16.018 -16.018
  -7.109 -15.908 -16.152
  -7.103 -15.832 -15.832
  -7.098 -15.674 -15.674
  -7.092 -16.182 -16.351
  -7.086 -15.068 -15.297
  -7.081 -15.860 -16.014
  -7.075 -15.932 -15.932
  -7.070 -15.817 -15.817
  -7.064 -15.587 -15.829
  -7.059 -15.169 -15.580
  -7.054 -15.480 -15.879
  -7.049 -15.383 -15.539
  -7.043 -16.142 -16.142
  -7.038 -15.762 -16.057
  -7.033 -15.679 -16.042
  -7.029 -15.294 -15.716
  -7.024 -15.283 -15.779
  -7.019 -15.879 -15.879
  -7.014 -16.002 -16.181
  -7.009 -15.110 -15.410
  -7.005 -14.447 -16.006
  -7.000 -16.254 -16.254
  -6.995 -16.022 -16.022
  -6.991 -16.085 -16.295
  -6.986 -15.879 -15.879
  -6.982 -16.389 -16.389
  -6.978 -16.078 -16.078
  -6.973 -16.596 -16.792
  -6.969 -15.192 -15.588
  -6.965 -16.035 -16.035
  -6.961 -16.276 -16.276
  -6.956 -16.608 -16.810
  -6.952 -16.038 -16.397
  -6.948 -16.457 -16.457
  -6.944 -15.471 -15.677
  -6.940 -15.923 -16.175
  -6.936 -15.641 -16.066
  -6.932 -15.803 -16.863
  -6.928 -16.336 -16.634
  -6.924 -16.353 -16.806
  -6.920 -16.256 -16.655
  -6.917 -15.743 -16.524
  -6.913 -16.677 -22.478
  -6.909 -16.181 -16.358
  -6.905 -15.696 -15.973
  -6.902 -16.402 -16.582
  -6.898 -16.439 -17.031
  -6.894 -16.250 -16.627
  -6.891 -15.525 -16.274
  -6.887 -16.170 -16.440
  -6.884 -16.222 -16.222
  -6.880 -15.597 -16.481
  -6.877 -16.337 -16.574
  -6.873 -16.184 -16.649
  -6.870 -16.677 -16.873
  -6.867 -13.425 -16.366
  -6.863 -16.190 -16.497
  -6.860 -16.296 -16.909
  -6.857 -16.122 -17.112
  -6.853 -16.578 -16.578
  -6.850 -49.500     NaN
  -6.847 -14.936 -15.385
  -6.844 -14.677 -16.020
  -6.840 -16.108 -49.500
  -6.837 -16.200 -16.494
  -6.834 -15.986 -15.986
  -6.831 -16.504 -49.500
  -6.828 -16.726 -49.500
  -6.825 -15.623 -15.792
  -6.822 -16.063 -16.063
  -6.819 -16.523 -49.500
  -6.816 -49.500     NaN
  -6.813 -49.500     NaN
  -6.810 -15.565 -16.211
  -6.807 -16.381 -49.500
  -6.804 -15.881 -16.479
  -6.801 -16.561 -16.719
  -6.798 -16.762 -17.293
  -6.795 -15.613 -16.052
  -6.792 -17.156 -49.500
  -6.789 -16.746 -49.500
  -6.787 -16.425 -16.777
  -6.784 -16.031 -16.031
  -6.781 -16.301 -16.989
  -6.778 -49.500     NaN
  -6.775 -16.141 -17.111
  -6.773 -15.916 -16.336
  -6.770 -16.745 -16.976
  -6.767 -49.500     NaN
  -6.765 -16.390 -49.500
  -6.762 -16.416 -49.500
  -6.759 -16.165 -49.500
  -6.757 -16.013 -49.500
  -6.754 -16.788 -49.500
  -6.751 -16.352 -16.788
  -6.749 -49.500     NaN
  -6.746 -16.950 -16.950
  -6.744 -16.669 -16.950
  -6.741 -15.890 -16.406
  -6.739 -16.252 -49.500
  -6.736 -15.962 -49.500
  -6.734 -15.560 -49.500
  -6.731 -16.742 -49.500
  -6.729 -15.838 -16.418
  -6.726 -16.807 -17.104
  -6.724 -49.500 -49.500
  -6.721 -16.113 -16.633
  -6.719 -49.500     NaN
  -6.717 -16.171 -16.831
  -6.714 -16.425 -49.500
  -6.712 -49.500     NaN
  -6.709 -16.323 -16.717
  -6.707 -16.662 -49.500
  -6.705 -16.744 -49.500
  -6.702 -49.500     NaN
  -6.700 -49.500     NaN
  -6.698 -16.961 -49.500
  -6.696 -49.500 -49.500
  -6.693 -16.140 -16.452
  -6.691 -16.484 -16.484
  -6.689 -16.926 -49.500
  -6.687 -16.935 -49.500
  -6.684 -15.494 -49.500
  -6.682 -17.084 -17.084
  -6.680 -49.500     NaN
  -6.678 -49.500     NaN
  -6.675 -49.500     NaN
  -6.673 -49.500 -49.500
  -6.671 -49.500     NaN
  -6.669 -49.500     NaN
  -6.667 -16.004 -49.500
  -6.665 -49.500     NaN
  -6.663 -49.500     NaN
  -6.661 -49.500     NaN
  -6.658 -16.990 -49.500
  -6.656 -49.500 -49.500
  -6.654 -16.584 -49.500
  -6.652 -17.130 -49.500
  -6.650 -15.864 -16.561
  -6.648 -16.020 -16.020
  -6.646 -49.500     NaN
  -6.644 -15.542 -15.542
  -6.642 -49.500 -49.500
  -6.640 -15.468 -15.468
  -6.638 -49.500 -49.500
  -6.636 -49.500 -49.500
  -6.634 -49.500 -49.500
  -6.632 -16.712 -16.712
  -6.630 -16.060 -49.500
  -6.628 -16.683 -49.500
  -6.626 -49.500     NaN
  -6.624 -49.500     NaN
  -6.622 -49.500 -49.500
  -6.620 -16.120 -16.120
  -6.618 -16.548 -49.500
  -6.617 -16.246 -49.500
  -6.615 -16.449 -49.500
  -6.613 -16.218 -16.218
  -6.611 -49.500     NaN
  -6.609 -49.500 -49.500
  -6.607 -49.500 -49.500
  -6.605 -49.500 -49.500
  -6.603 -49.500     NaN
  -6.602 -49.500 -49.500
  -6.600 -49.500 -49.500
  -6.598 -49.500     NaN
  -6.596 -49.500 -49.500
  -6.594 -16.641 -49.500
