  -8.861 -13.747 -13.747
  -8.599 -13.921 -13.921
  -8.442 -14.021 -14.021
  -8.329 -14.017 -14.017
  -8.239 -14.055 -14.055
  -8.166 -14.249 -14.249
  -8.103 -14.176 -14.176
  -8.048 -14.013 -14.374
  -7.999 -13.810 -14.280
  -7.955 -14.416 -14.416
  -7.916 -14.361 -14.361
  -7.879 -14.477 -14.477
  -7.846 -14.368 -14.368
  -7.815 -14.342 -14.342
  -7.786 -14.687 -14.687
  -7.758 -14.418 -14.575
  -7.733 -14.608 -14.608
  -7.709 -14.441 -14.728
  -7.686 -14.250 -14.458
  -7.664 -14.951 -14.951
  -7.643 -14.274 -14.635
  -7.624 -14.729 -14.729
  -7.605 -14.593 -14.843
  -7.586 -14.717 -14.717
  -7.569 -14.625 -14.625
  -7.552 -14.696 -14.896
  -7.536 -14.952 -15.173
  -7.521 -14.541 -15.082
  -7.506 -15.140 -15.140
  -7.491 -15.015 -15.015
  -7.477 -14.967 -15.132
  -7.464 -14.709 -15.011
  -7.451 -14.810 -14.810
  -7.438 -15.248 -15.248
  -7.425 -15.389 -15.389
  -7.413 -15.125 -15.125
  -7.401 -14.754 -14.754
  -7.390 -15.276 -15.276
  -7.379 -15.101 -15.304
  -7.368 -15.245 -15.245
  -7.357 -15.037 -15.207
  -7.347 -14.592 -15.292
  -7.337 -15.307 -15.307
  -7.327 -15.078 -15.305
  -7.317 -14.913 -15.194
  -7.308 -14.965 -15.161
  -7.299 -15.370 -15.370
  -7.290 -15.046 -15.205
  -7.281 -15.146 -15.542
  -7.272 -14.988 -15.345
  -7.264 -14.551 -15.428
  -7.255 -15.427 -15.427
  -7.247 -15.420 -15.420
  -7.239 -15.319 -15.543
  -7.231 -14.735 -15.166
  -7.223 -15.107 -15.295
  -7.216 -15.271 -15.630
  -7.208 -15.220 -15.220
  -7.201 -15.563 -15.847
  -7.194 -15.175 -15.334
  -7.187 -15.132 -15.488
  -7.180 -15.659 -15.659
  -7.173 -15.295 -15.295
  -7.166 -15.740 -15.740
  -7.159 -15.661 -15.661
  -7.153 -15.407 -15.781
  -7.146 -15.444 -15.444
  -7.140 -15.576 -15.576
  -7.133 -15.877 -15.877
  -7.127 -15.319 -15.319
  -7.121 -15.712 -15.712
  -7.115 -15.536 -15.536
  -7.109 -15.430 -15.840
  -7.103 -16.157 -16.157
  -7.098 -15.702 -15.702
  -7.092 -15.694 -15.855
  -7.086 -16.254 -16.254
  -7.081 -15.959 -15.959
  -7.075 -15.169 -15.741
  -7.070 -15.391 -15.391
  -7.064 -15.997 -15.997
  -7.059 -15.811 -15.965
  -7.054 -15.785 -15.971
  -7.049 -15.946 -16.108
  -7.043 -15.980 -16.144
  -7.038 -15.288 -15.619
  -7.033 -15.898 -15.898
  -7.029 -16.071 -16.071
  -7.024 -15.059 -16.079
  -7.019 -16.213 -16.213
  -7.014 -15.718 -15.943
  -7.009 -15.173 -15.917
  -7.005 -15.753 -16.030
  -7.000 -15.907 -15.907
  -6.995 -16.372 -16.372
  -6.991 -16.171 -16.409
  -6.986 -14.785 -16.021
  -6.982 -15.772 -15.772
  -6.978 -16.166 -16.336
  -6.973 -16.243 -16.412
  -6.969 -15.732 -15.732
  -6.965 -15.680 -16.197
  -6.961 -15.476 -15.643
  -6.956 -15.669 -16.010
  -6.952 -15.728 -16.297
  -6.948 -15.647 -16.271
  -6.944 -16.281 -16.443
  -6.940 -16.132 -16.132
  -6.936 -16.376 -16.376
  -6.932 -15.743 -15.743
  -6.928 -16.159 -16.313
  -6.924 -15.137 -16.318
  -6.920 -15.700 -16.326
  -6.917 -15.932 -15.932
  -6.913 -15.677 -16.275
  -6.909 -16.211 -16.404
  -6.905 -17.055 -23.100
  -6.902 -15.721 -16.029
  -6.898 -16.056 -16.518
  -6.894 -16.641 -17.041
  -6.891 -15.844 -15.844
  -6.887 -15.872 -16.582
  -6.884 -16.174 -16.505
  -6.880 -15.999 -16.329
  -6.877 -15.944 -16.500
  -6.873 -16.676 -49.500
  -6.870 -16.727 -16.959
  -6.867 -16.535 -16.705
  -6.863 -15.888 -16.053
  -6.860 -16.533 -16.732
  -6.857 -16.614 -16.846
  -6.853 -16.163 -16.351
  -6.850 -16.053 -16.379
  -6.847 -15.729 -16.857
  -6.844 -15.922 -15.922
  -6.840 -16.406 -49.500
  -6.837 -15.558 -16.363
  -6.834 -15.840 -17.106
  -6.831 -15.928 -16.322
  -6.828 -15.625 -17.236
  -6.825 -16.303 -16.486
  -6.822 -49.500     NaN
  -6.819 -16.107 -16.512
  -6.816 -49.500     NaN
  -6.813 -49.500     NaN
  -6.810 -15.628 -15.910
  -6.807 -15.691 -15.901
  -6.804 -15.293 -16.177
  -6.801 -49.500     NaN
  -6.798 -16.169 -16.676
  -6.795 -16.620 -49.500
  -6.792 -16.334 -16.334
  -6.789 -15.206 -15.787
  -6.787 -16.570 -49.500
  -6.784 -15.942 -17.120
  -6.781 -15.369 -16.112
  -6.778 -15.085 -15.974
  -6.775 -16.181 -16.955
  -6.773 -16.949 -49.500
  -6.770 -15.827 -16.442
  -6.767 -15.689 -16.191
  -6.765 -15.935 -16.579
  -6.762 -16.633 -49.500
  -6.759 -16.031 -16.186
  -6.757 -15.771 -49.500
  -6.754 -16.819 -16.980
  -6.751 -16.277 -16.605
  -6.749 -49.500 -49.500
  -6.746 -16.500 -16.770
  -6.744 -16.931 -49.500
  -6.741 -17.164 -49.500
  -6.739 -16.426 -49.500
  -6.736 -14.703 -49.500
  -6.734 -16.914 -49.500
  -6.731 -16.444 -49.500
  -6.729 -49.500 -49.500
  -6.726 -16.530 -49.500
  -6.724 -49.500 -49.500
  -6.721 -49.500     NaN
  -6.719 -17.145 -49.500
  -6.717 -49.500     NaN
  -6.714 -16.602 -16.602
  -6.712 -16.488 -16.488
  -6.709 -49.500     NaN
  -6.707 -49.500     NaN
  -6.705 -49.500     NaN
  -6.702 -16.134 -16.855
  -6.700 -14.849 -16.707
  -6.698 -49.500     NaN
  -6.696 -49.500 -49.500
  -6.693 -49.500     NaN
  -6.691 -49.500     NaN
  -6.689 -16.291 -49.500
  -6.687 -16.077 -16.701
  -6.684 -49.500 -49.500
  -6.682 -16.609 -49.500
  -6.680 -16.666 -16.928
  -6.678 -17.060 -49.500
  -6.675 -15.960 -16.699
  -6.673 -16.492 -49.500
  -6.671 -15.889 -16.063
  -6.669 -49.500     NaN
  -6.667 -49.500     NaN
  -6.665 -16.527 -16.758
  -6.663 -49.500     NaN
  -6.661 -16.322 -49.500
  -6.658 -16.628 -49.500
  -6.656 -16.529 -16.529
  -6.654 -49.500     NaN
  -6.652 -15.854 -16.207
  -6.650 -15.416 -49.500
  -6.648 -16.636 -49.500
  -6.646 -16.767 -49.500
  -6.644 -49.500     NaN
  -6.642 -49.500 -49.500
  -6.640 -49.500 -49.500
  -6.638 -49.500     NaN
  -6.636 -49.500 -49.500
  -6.634 -15.313 -16.831
  -6.632 -49.500 -49.500
  -6.630 -49.500 -49.500
  -6.628 -49.500 -49.500
  -6.626 -49.500 -49.500
  -6.624 -49.500 -49.500
  -6.622 -49.500 -49.500
  -6.620 -16.093 -17.211
  -6.618 -49.500 -49.500
  -6.617 -49.500     NaN
  -6.615 -49.500 -49.500
  -6.613 -49.500     NaN
  -6.611 -49.500     NaN
  -6.609 -49.500 -49.500
  -6.607 -16.368 -16.368
  -6.605 -49.500 -49.500
  -6.603 -16.840 -49.500
  -6.602 -49.500 -49.500
  -6.600 -15.461 -49.500
  -6.598 -16.219 -16.219
  -6.596 -49.500 -49.500
  -6.594 -49.500 -49.500
