  -8.861 -13.779 -13.779
  -8.599 -13.937 -13.937
  -8.442 -13.978 -13.978
  -8.329 -14.106 -14.106
  -8.239 -14.005 -14.166
  -8.166 -14.068 -14.068
  -8.103 -14.267 -14.267
  -8.048 -14.413 -14.413
  -7.999 -14.310 -14.310
  -7.955 -14.258 -14.258
  -7.916 -14.534 -14.534
  -7.879 -14.260 -14.260
  -7.846 -14.461 -14.461
  -7.815 -14.350 -14.350
  -7.786 -14.436 -14.436
  -7.758 -14.255 -14.553
  -7.733 -14.690 -14.690
  -7.709 -14.682 -14.682
  -7.686 -14.763 -14.763
  -7.664 -14.214 -14.582
  -7.643 -14.485 -14.933
  -7.624 -15.042 -15.042
  -7.605 -14.619 -15.012
  -7.586 -14.864 -14.864
  -7.569 -14.856 -15.029
  -7.552 -14.624 -14.794
  -7.536 -14.965 -14.965
  -7.521 -15.256 -15.256
  -7.506 -14.801 -14.801
  -7.491 -15.117 -15.117
  -7.477 -14.823 -14.823
  -7.464 -14.859 -14.859
  -7.451 -15.005 -15.005
  -7.438 -14.751 -14.978
  -7.425 -14.479 -14.878
  -7.413 -15.331 -15.331
  -7.401 -15.135 -15.135
  -7.390 -14.548 -14.969
  -7.379 -15.292 -15.292
  -7.368 -15.205 -15.502
  -7.357 -14.809 -15.146
  -7.347 -14.443 -15.074
  -7.337 -15.093 -15.271
  -7.327 -15.048 -15.219
  -7.317 -15.476 -15.476
  -7.308 -15.224 -15.224
  -7.299 -15.614 -15.614
  -7.290 -15.425 -15.425
  -7.281 -15.576 -15.576
  -7.272 -15.324 -15.324
  -7.264 -15.034 -15.034
  -7.255 -15.082 -15.408
  -7.247 -15.841 -15.841
  -7.239 -15.716 -15.716
  -7.231 -15.505 -15.505
  -7.223 -15.240 -15.398
  -7.216 -14.659 -15.575
  -7.208 -14.871 -15.480
  -7.201 -15.285 -15.552
  -7.194 -14.941 -15.398
  -7.187 -15.575 -15.575
  -7.180 -15.485 -15.638
  -7.173 -15.437 -15.437
  -7.166 -14.893 -14.893
  -7.159 -15.916 -15.916
  -7.153 -15.311 -15.311
  -7.146 -15.273 -15.581
  -7.140 -15.034 -15.372
  -7.133 -15.799 -15.799
  -7.127 -15.019 -15.338
  -7.121 -15.363 -16.084
  -7.115 -15.420 -15.835
  -7.109 -15.811 -15.811
  -7.103 -15.492 -15.492
  -7.098 -15.999 -16.314
  -7.092 -14.240 -14.916
  -7.086 -14.641 -15.512
  -7.081 -14.631 -15.442
  -7.075 -15.709 -15.709
  -7.070 -15.279 -15.567
  -7.064 -15.443 -15.819
  -7.059 -15.328 -15.724
  -7.054 -16.367 -16.367
  -7.049 -15.683 -16.109
  -7.043 -16.013 -16.013
  -7.038 -16.046 -16.046
  -7.033 -15.845 -16.269
  -7.029 -15.569 -15.907
  -7.024 -15.413 -15.812
  -7.019 -15.439 -16.072
  -7.014 -16.205 -16.205
  -7.009 -15.592 -15.592
  -7.005 -15.910 -16.130
  -7.000 -15.979 -16.132
  -6.995 -15.642 -15.901
  -6.991 -15.979 -16.220
  -6.986 -15.388 -15.680
  -6.982 -15.910 -16.137
  -6.978 -16.065 -16.336
  -6.973 -16.265 -16.503
  -6.969 -15.903 -16.161
  -6.965 -16.067 -16.252
  -6.961 -15.477 -15.700
  -6.956 -16.126 -16.126
  -6.952 -15.193 -15.652
  -6.948 -15.778 -16.189
  -6.944 -15.186 -16.191
  -6.940 -16.378 -16.378
  -6.936 -15.809 -16.365
  -6.932 -15.786 -16.136
  -6.928 -16.401 -16.569
  -6.924 -15.967 -15.967
  -6.920 -16.408 -16.817
  -6.917 -15.916 -16.337
  -6.913 -14.371 -15.900
  -6.909 -15.405 -16.358
  -6.905 -15.876 -16.139
  -6.902 -16.374 -16.374
  -6.898 -16.523 -16.523
  -6.894 -21.005 -21.005
  -6.891 -15.728 -16.108
  -6.887 -16.219 -16.867
  -6.884 -16.136 -16.408
  -6.880 -16.238 -16.478
  -6.877 -16.110 -49.500
  -6.873 -16.483 -16.642
  -6.870 -16.303 -16.599
  -6.867 -16.432 -16.432
  -6.863 -16.076 -16.495
  -6.860 -16.188 -16.356
  -6.857 -16.219 -16.409
  -6.853 -16.133 -17.010
  -6.850 -16.091 -49.500
  -6.847 -15.662 -16.942
  -6.844 -16.233 -16.233
  -6.840 -16.219 -16.610
  -6.837 -16.541 -16.794
  -6.834 -49.500     NaN
  -6.831 -16.369 -16.622
  -6.828 -15.760 -16.212
  -6.825 -16.277 -16.497
  -6.822 -14.583 -16.419
  -6.819 -15.653 -16.722
  -6.816 -15.489 -15.965
  -6.813 -16.325 -16.656
  -6.810 -16.781 -49.500
  -6.807 -15.987 -16.945
  -6.804 -15.185 -15.837
  -6.801 -15.655 -16.879
  -6.798 -15.770 -16.263
  -6.795 -16.330 -16.576
  -6.792 -16.496 -16.884
  -6.789 -15.585 -49.500
  -6.787 -17.165 -49.500
  -6.784 -49.500     NaN
  -6.781 -15.318 -16.067
  -6.778 -49.500     NaN
  -6.775 -16.713 -16.955
  -6.773 -16.771 -16.965
  -6.770 -16.814 -49.500
  -6.767 -16.815 -49.500
  -6.765 -14.858 -49.500
  -6.762 -49.500 -49.500
  -6.759 -16.163 -16.650
  -6.757 -16.347 -16.531
  -6.754 -49.500     NaN
  -6.751 -16.381 -49.500
  -6.749 -15.989 -16.816
  -6.746 -49.500 -49.500
  -6.744 -16.798 -49.500
  -6.741 -49.500     NaN
  -6.739 -15.462 -16.132
  -6.736 -16.273 -16.608
  -6.734 -16.383 -49.500
  -6.731 -16.334 -16.545
  -6.729 -49.500     NaN
  -6.726 -16.298 -16.800
  -6.724 -16.492 -16.786
  -6.721 -16.104 -16.364
  -6.719 -15.937 -16.129
  -6.717 -49.500     NaN
  -6.714 -49.500     NaN
  -6.712 -16.884 -49.500
  -6.709 -49.500     NaN
  -6.707 -16.947 -49.500
  -6.705 -16.713 -49.500
  -6.702 -16.367 -16.367
  -6.700 -16.572 -49.500
  -6.698 -16.109 -16.109
  -6.696 -16.181 -16.919
  -6.693 -16.077 -16.077
  -6.691 -49.500     NaN
  -6.689 -16.517 -49.500
  -6.687 -16.453 -49.500
  -6.684 -49.500 -49.500
  -6.682 -49.500 -49.500
  -6.680 -16.407 -49.500
  -6.678 -49.500     NaN
  -6.675 -49.500 -49.500
  -6.673 -16.359 -16.359
  -6.671 -49.500     NaN
  -6.669 -49.500     NaN
  -6.667 -16.869 -49.500
  -6.665 -49.500 -49.500
  -6.663 -49.500 -49.500
  -6.661 -49.500     NaN
  -6.658 -16.343 -49.500
  -6.656 -49.500 -49.500
  -6.654 -16.894 -49.500
  -6.652 -16.502 -49.500
  -6.650 -49.500     NaN
  -6.648 -16.786 -16.786
  -6.646 -49.500 -49.500
  -6.644 -49.500     NaN
  -6.642 -49.500 -49.500
  -6.640 -15.861 -16.623
  -6.638 -15.677 -49.500
  -6.636 -49.500 -49.500
  -6.634 -49.500 -49.500
  -6.632 -49.500 -49.500
  -6.630 -16.611 -49.500
  -6.628 -49.500     NaN
  -6.626 -16.190 -49.500
  -6.624 -49.500     NaN
  -6.622 -49.500 -49.500
  -6.620 -49.500 -49.500
  -6.618 -16.087 -16.087
  -6.617 -16.289 -49.500
  -6.615 -49.500 -49.500
  -6.613 -16.248 -16.591
  -6.611 -49.500     NaN
  -6.609 -49.500     NaN
  -6.607 -49.500     NaN
  -6.605 -49.500 -49.500
  -6.603 -49.500 -49.500
  -6.602 -49.500 -49.500
  -6.600 -49.500 -49.500
  -6.598 -49.500 -49.500
  -6.596 -49.500     NaN
  -6.594 -14.747 -49.500
