  -8.861 -13.726 -13.726
  -8.599 -13.905 -13.905
  -8.442 -13.883 -13.883
  -8.329 -14.055 -14.055
  -8.239 -14.034 -14.034
  -8.166 -14.084 -14.250
  -8.103 -14.284 -14.284
  -8.048 -14.045 -14.045
  -7.999 -14.397 -14.397
  -7.955 -14.227 -14.227
  -7.916 -14.005 -14.624
  -7.879 -14.454 -14.454
  -7.846 -14.402 -14.402
  -7.815 -14.469 -14.469
  -7.786 -14.344 -14.608
  -7.758 -14.535 -14.535
  -7.733 -14.327 -14.590
  -7.709 -14.645 -14.645
  -7.686 -14.682 -14.836
  -7.664 -14.777 -14.777
  -7.643 -14.799 -14.799
  -7.624 -14.625 -14.885
  -7.605 -14.810 -14.810
  -7.586 -14.285 -14.569
  -7.569 -14.939 -14.939
  -7.552 -14.948 -14.948
  -7.536 -14.909 -14.909
  -7.521 -14.921 -15.101
  -7.506 -14.863 -14.863
  -7.491 -15.010 -15.010
  -7.477 -14.883 -14.883
  -7.464 -15.183 -15.183
  -7.451 -15.024 -15.024
  -7.438 -15.119 -15.119
  -7.425 -15.172 -15.172
  -7.413 -15.003 -15.003
  -7.401 -14.664 -15.100
  -7.390 -15.196 -15.196
  -7.379 -14.898 -14.898
  -7.368 -15.319 -15.319
  -7.357 -15.176 -15.398
  -7.347 -15.573 -15.573
  -7.337 -14.980 -14.980
  -7.327 -15.393 -15.393
  -7.317 -15.271 -15.271
  -7.308 -15.030 -15.292
  -7.299 -15.572 -15.572
  -7.290 -15.248 -15.500
  -7.281 -15.718 -15.718
  -7.272 -15.534 -15.726
  -7.264 -15.247 -15.247
  -7.255 -15.162 -15.162
  -7.247 -14.926 -15.485
  -7.239 -15.236 -15.404
  -7.231 -15.236 -15.668
  -7.223 -15.588 -15.588
  -7.216 -15.282 -15.634
  -7.208 -15.391 -15.709
  -7.201 -15.229 -15.628
  -7.194 -15.607 -15.607
  -7.187 -15.241 -15.481
  -7.180 -15.068 -15.774
  -7.173 -15.294 -15.686
  -7.166 -15.592 -15.592
  -7.159 -15.655 -15.655
  -7.153 -15.244 -15.547
  -7.146 -14.625 -15.465
  -7.140 -14.447 -15.442
  -7.133 -15.828 -15.828
  -7.127 -15.645 -15.645
  -7.121 -15.861 -16.017
  -7.115 -15.727 -15.727
  -7.109 -14.797 -15.519
  -7.103 -15.832 -15.832
  -7.098 -15.784 -15.942
  -7.092 -14.868 -15.805
  -7.086 -15.349 -15.683
  -7.081 -15.899 -15.899
  -7.075 -15.660 -15.660
  -7.070 -15.239 -15.738
  -7.064 -15.137 -15.817
  -7.059 -15.940 -16.106
  -7.054 -15.760 -15.760
  -7.049 -15.932 -16.098
  -7.043 -15.963 -15.963
  -7.038 -15.896 -16.299
  -7.033 -16.034 -16.239
  -7.029 -15.689 -15.968
  -7.024 -15.646 -15.847
  -7.019 -15.370 -15.643
  -7.014 -15.671 -16.335
  -7.009 -16.179 -16.179
  -7.005 -16.116 -16.116
  -7.000 -15.090 -16.030
  -6.995 -14.933 -15.779
  -6.991 -16.362 -16.560
  -6.986 -15.695 -16.038
  -6.982 -16.111 -16.111
  -6.978 -16.277 -16.443
  -6.973 -16.373 -16.373
  -6.969 -16.200 -16.383
  -6.965 -16.106 -16.268
  -6.961 -15.341 -15.887
  -6.956 -16.176 -16.352
  -6.952 -16.175 -16.332
  -6.948 -16.041 -16.041
  -6.944 -15.768 -16.076
  -6.940 -16.505 -17.203
  -6.936 -49.500     NaN
  -6.932 -16.076 -16.076
  -6.928 -15.993 -16.223
  -6.924 -16.353 -16.353
  -6.920 -15.638 -15.941
  -6.917 -15.590 -15.860
  -6.913 -15.937 -16.130
  -6.909 -15.863 -16.052
  -6.905 -15.704 -16.482
  -6.902 -15.605 -15.791
  -6.898 -15.786 -16.126
  -6.894 -15.805 -16.203
  -6.891 -16.097 -16.272
  -6.887 -15.140 -16.062
  -6.884 -16.530 -49.500
  -6.880 -16.113 -16.269
  -6.877 -16.833 -17.162
  -6.873 -16.072 -16.836
  -6.870 -15.631 -16.256
  -6.867 -16.473 -16.628
  -6.863 -16.432 -49.500
  -6.860 -16.204 -16.204
  -6.857 -16.078 -16.648
  -6.853 -16.778 -49.500
  -6.850 -49.500     NaN
  -6.847 -16.095 -49.500
  -6.844 -16.760 -49.500
  -6.840 -16.255 -16.423
  -6.837 -49.500     NaN
  -6.834 -15.481 -15.957
  -6.831 -17.193 -49.500
  -6.828 -16.729 -49.500
  -6.825 -49.500     NaN
  -6.822 -15.878 -49.500
  -6.819 -15.887 -16.082
  -6.816 -16.808 -49.500
  -6.813 -15.932 -15.932
  -6.810 -15.772 -16.622
  -6.807 -15.580 -15.975
  -6.804 -16.163 -16.357
  -6.801 -16.319 -49.500
  -6.798 -16.808 -49.500
  -6.795 -15.198 -15.371
  -6.792 -16.300 -49.500
  -6.789 -17.055 -49.500
  -6.787 -15.559 -15.823
  -6.784 -15.855 -16.256
  -6.781 -49.500     NaN
  -6.778 -49.500     NaN
  -6.775 -16.214 -49.500
  -6.773 -16.646 -17.247
  -6.770 -16.049 -16.372
  -6.767 -49.500 -49.500
  -6.765 -16.630 -49.500
  -6.762 -15.371 -49.500
  -6.759 -16.428 -49.500
  -6.757 -49.500     NaN
  -6.754 -16.313 -17.117
  -6.751 -15.510 -15.682
  -6.749 -16.494 -49.500
  -6.746 -49.500     NaN
  -6.744 -49.500     NaN
  -6.741 -16.501 -49.500
  -6.739 -15.810 -16.484
  -6.736 -16.343 -16.519
  -6.734 -16.524 -49.500
  -6.731 -16.790 -49.500
  -6.729 -16.615 -16.615
  -6.726 -15.240 -16.950
  -6.724 -15.743 -17.070
  -6.721 -17.181 -49.500
  -6.719 -49.500     NaN
  -6.717 -49.500 -49.500
  -6.714 -49.500     NaN
  -6.712 -16.442 -16.891
  -6.709 -15.880 -49.500
  -6.707 -49.500     NaN
  -6.705 -49.500     NaN
  -6.702 -15.779 -16.175
  -6.700 -49.500 -49.500
  -6.698 -16.468 -49.500
  -6.696 -16.770 -16.978
  -6.693 -16.656 -49.500
  -6.691 -15.393 -15.393
  -6.689 -49.500 -49.500
  -6.687 -16.421 -49.500
  -6.684 -49.500     NaN
  -6.682 -49.500     NaN
  -6.680 -13.861 -16.550
  -6.678 -16.385 -49.500
  -6.675 -49.500     NaN
  -6.673 -15.125 -15.524
  -6.671 -15.374 -49.500
  -6.669 -49.500 -49.500
  -6.667 -16.305 -49.500
  -6.665 -16.894 -49.500
  -6.663 -15.608 -49.500
  -6.661 -49.500 -49.500
  -6.658 -16.751 -49.500
  -6.656 -16.357 -17.159
  -6.654 -16.112 -16.112
  -6.652 -16.763 -49.500
  -6.650 -16.707 -49.500
  -6.648 -16.596 -16.596
  -6.646 -49.500     NaN
  -6.644 -49.500 -49.500
  -6.642 -49.500     NaN
  -6.640 -49.500     NaN
  -6.638 -16.765 -49.500
  -6.636 -49.500 -49.500
  -6.634 -49.500 -49.500
  -6.632 -16.732 -49.500
  -6.630 -49.500     NaN
  -6.628 -49.500 -49.500
  -6.626 -15.990 -49.500
  -6.624 -49.500     NaN
  -6.622 -16.247 -16.247
  -6.620 -49.500 -49.500
  -6.618 -49.500     NaN
  -6.617 -49.500 -49.500
  -6.615 -16.576 -49.500
  -6.613 -49.500     NaN
  -6.611 -49.500 -49.500
  -6.609 -49.500 -49.500
  -6.607 -15.743 -49.500
  -6.605 -49.500     NaN
  -6.603 -49.500     NaN
  -6.602 -49.500 -49.500
  -6.600 -16.577 -16.577
  -6.598 -49.500 -49.500
  -6.596 -49.500     NaN
  -6.594 -49.500     NaN
