  -8.861 -13.767 -13.767
  -8.599 -13.852 -13.852
  -8.442 -14.005 -14.005
  -8.329 -14.112 -14.112
  -8.239 -14.264 -14.264
  -8.166 -14.242 -14.242
  -8.103 -14.322 -14.322
  -8.048 -14.107 -14.107
  -7.999 -14.053 -14.285
  -7.955 -14.450 -14.450
  -7.916 -14.360 -14.360
  -7.879 -14.538 -14.538
  -7.846 -14.447 -14.447
  -7.815 -14.562 -14.562
  -7.786 -14.461 -14.461
  -7.758 -14.374 -14.666
  -7.733 -14.605 -14.605
  -7.709 -14.065 -14.718
  -7.686 -14.897 -14.897
  -7.664 -14.724 -14.724
  -7.643 -14.822 -14.822
  -7.624 -14.891 -14.891
  -7.605 -14.925 -14.925
  -7.586 -14.528 -14.968
  -7.569 -14.529 -14.529
  -7.552 -14.461 -15.033
  -7.536 -15.161 -15.161
  -7.521 -14.529 -14.774
  -7.506 -14.878 -15.036
  -7.491 -15.082 -15.082
  -7.477 -15.003 -15.003
  -7.464 -15.096 -15.096
  -7.451 -14.897 -14.897
  -7.438 -15.200 -15.200
  -7.425 -15.395 -15.395
  -7.413 -15.333 -15.333
  -7.401 -15.168 -15.326
  -7.390 -15.016 -15.016
  -7.379 -14.675 -15.110
  -7.368 -14.722 -14.905
  -7.357 -14.880 -14.880
  -7.347 -15.255 -15.255
  -7.337 -15.370 -15.370
  -7.327 -15.028 -15.028
  -7.317 -15.030 -15.291
  -7.308 -15.199 -15.199
  -7.299 -15.115 -15.443
  -7.290 -15.183 -15.484
  -7.281 -15.040 -15.273
  -7.272 -15.121 -15.326
  -7.264 -15.423 -15.423
  -7.255 -15.384 -15.587
  -7.247 -15.211 -15.211
  -7.239 -15.149 -15.385
  -7.231 -14.809 -15.384
  -7.223 -15.182 -15.182
  -7.216 -15.176 -15.176
  -7.208 -15.536 -15.536
  -7.201 -15.467 -15.467
  -7.194 -15.788 -15.788
  -7.187 -15.040 -15.243
  -7.180 -15.832 -15.832
  -7.173 -15.482 -15.482
  -7.166 -15.149 -15.791
  -7.159 -15.090 -15.394
  -7.153 -14.890 -15.582
  -7.146 -15.722 -15.722
  -7.140 -15.154 -15.466
  -7.133 -15.184 -15.617
  -7.127 -15.699 -15.699
  -7.121 -15.857 -15.857
  -7.115 -15.333 -15.827
  -7.109 -15.721 -15.721
  -7.103 -14.916 -15.620
  -7.098 -15.975 -16.144
  -7.092 -15.132 -15.563
  -7.086 -15.791 -15.791
  -7.081 -15.455 -15.850
  -7.075 -15.295 -15.744
  -7.070 -15.412 -15.984
  -7.064 -15.723 -15.925
  -7.059 -16.000 -16.000
  -7.054 -15.292 -15.508
  -7.049 -15.745 -15.745
  -7.043 -15.336 -15.846
  -7.038 -15.875 -16.052
  -7.033 -16.093 -16.288
  -7.029 -15.884 -16.551
  -7.024 -16.079 -16.079
  -7.019 -15.376 -16.219
  -7.014 -15.844 -15.844
  -7.009 -15.201 -15.367
  -7.005 -15.964 -16.298
  -7.000 -15.785 -16.125
  -6.995 -16.011 -16.011
  -6.991 -16.128 -16.128
  -6.986 -16.223 -16.223
  -6.982 -16.081 -16.081
  -6.978 -15.815 -16.502
  -6.973 -16.026 -16.571
  -6.969 -16.366 -16.366
  -6.965 -15.651 -16.059
  -6.961 -15.966 -15.966
  -6.956 -16.197 -16.366
  -6.952 -15.239 -15.965
  -6.948 -16.361 -16.725
  -6.944 -14.999 -16.350
  -6.940 -15.895 -16.284
  -6.936 -16.298 -16.298
  -6.932 -16.205 -16.523
  -6.928 -16.805 -16.959
  -6.924 -15.169 -16.171
  -6.920 -16.008 -16.338
  -6.917 -15.758 -16.588
  -6.913 -16.065 -16.543
  -6.909 -16.294 -16.705
  -6.905 -16.199 -16.492
  -6.902 -15.648 -15.981
  -6.898 -16.189 -16.189
  -6.894 -15.393 -16.306
  -6.891 -15.175 -15.549
  -6.887 -16.021 -16.424
  -6.884 -16.213 -16.623
  -6.880 -16.247 -49.500
  -6.877 -14.902 -16.093
  -6.873 -16.666 -17.037
  -6.870 -14.979 -16.400
  -6.867 -15.713 -16.009
  -6.863 -49.500     NaN
  -6.860 -16.135 -16.319
  -6.857 -15.428 -49.500
  -6.853 -16.273 -49.500
  -6.850 -15.983 -15.983
  -6.847 -15.802 -16.750
  -6.844 -15.726 -16.583
  -6.840 -16.637 -16.637
  -6.837 -16.263 -16.263
  -6.834 -16.136 -16.940
  -6.831 -15.854 -16.545
  -6.828 -16.546 -49.500
  -6.825 -16.364 -16.364
  -6.822 -16.050 -16.260
  -6.819 -15.534 -49.500
  -6.816 -16.821 -16.821
  -6.813 -16.512 -16.991
  -6.810 -16.593 -49.500
  -6.807 -16.393 -49.500
  -6.804 -15.869 -16.561
  -6.801 -14.764 -49.500
  -6.798 -16.764 -49.500
  -6.795 -16.091 -16.361
  -6.792 -15.828 -16.435
  -6.789 -49.500     NaN
  -6.787 -16.128 -16.282
  -6.784 -16.067 -16.681
  -6.781 -49.500     NaN
  -6.778 -16.740 -49.500
  -6.775 -49.500     NaN
  -6.773 -17.340 -49.500
  -6.770 -15.894 -49.500
  -6.767 -16.583 -49.500
  -6.765 -16.956 -49.500
  -6.762 -15.457 -15.677
  -6.759 -49.500     NaN
  -6.757 -49.500     NaN
  -6.754 -16.479 -16.854
  -6.751 -15.603 -16.487
  -6.749 -14.411 -15.457
  -6.746 -15.982 -49.500
  -6.744 -16.257 -49.500
  -6.741 -15.993 -15.993
  -6.739 -16.449 -17.147
  -6.736 -49.500 -49.500
  -6.734 -49.500 -49.500
  -6.731 -16.383 -16.719
  -6.729 -16.664 -49.500
  -6.726 -16.310 -16.761
  -6.724 -16.452 -49.500
  -6.721 -17.102 -49.500
  -6.719 -14.904 -16.253
  -6.717 -15.476 -49.500
  -6.714 -16.401 -16.696
  -6.712 -49.500     NaN
  -6.709 -15.905 -16.645
  -6.707 -49.500     NaN
  -6.705 -49.500     NaN
  -6.702 -49.500     NaN
  -6.700 -49.500 -49.500
  -6.698 -49.500     NaN
  -6.696 -16.066 -49.500
  -6.693 -16.532 -16.804
  -6.691 -16.275 -49.500
  -6.689 -16.907 -49.500
  -6.687 -16.728 -16.728
  -6.684 -49.500 -49.500
  -6.682 -49.500     NaN
  -6.680 -15.487 -15.487
  -6.678 -49.500     NaN
  -6.675 -49.500 -49.500
  -6.673 -49.500 -49.500
  -6.671 -16.754 -49.500
  -6.669 -15.609 -15.609
  -6.667 -16.244 -16.434
  -6.665 -49.500 -49.500
  -6.663 -49.500 -49.500
  -6.661 -49.500 -49.500
  -6.658 -15.576 -15.576
  -6.656 -49.500 -49.500
  -6.654 -16.171 -49.500
  -6.652 -16.762 -49.500
  -6.650 -49.500     NaN
  -6.648 -16.390 -49.500
  -6.646 -49.500 -49.500
  -6.644 -49.500 -49.500
  -6.642 -16.697 -49.500
  -6.640 -16.108 -49.500
  -6.638 -49.500     NaN
  -6.636 -49.500     NaN
  -6.634 -16.548 -16.786
  -6.632 -49.500 -49.500
  -6.630 -49.500 -49.500
  -6.628 -16.584 -49.500
  -6.626 -16.108 -49.500
  -6.624 -49.500 -49.500
  -6.622 -15.778 -15.778
  -6.620 -16.288 -16.288
  -6.618 -49.500 -49.500
  -6.617 -49.500 -49.500
  -6.615 -49.500 -49.500
  -6.613 -16.792 -49.500
  -6.611 -49.500 -49.500
  -6.609 -49.500     NaN
  -6.607 -16.115 -16.115
  -6.605 -16.630 -16.815
  -6.603 -16.509 -49.500
  -6.602 -15.901 -16.527
  -6.600 -49.500 -49.500
  -6.598 -49.500 -49.500
  -6.596 -49.500     NaN
  -6.594 -17.130 -17.130
