  -8.861 -13.744 -13.744
  -8.599 -13.821 -13.821
  -8.442 -13.984 -13.984
  -8.329 -14.025 -14.025
  -8.239 -14.084 -14.084
  -8.166 -13.968 -13.968
  -8.103 -14.280 -14.280
  -8.048 -14.253 -14.253
  -7.999 -14.421 -14.421
  -7.955 -14.375 -14.375
  -7.916 -13.577 -14.290
  -7.879 -14.452 -14.452
  -7.846 -14.185 -14.478
  -7.815 -14.564 -14.564
  -7.786 -14.620 -14.620
  -7.758 -14.754 -14.754
  -7.733 -14.399 -14.399
  -7.709 -14.725 -14.725
  -7.686 -14.449 -14.449
  -7.664 -14.701 -14.701
  -7.643 -14.735 -14.735
  -7.624 -15.020 -15.020
  -7.605 -14.636 -14.847
  -7.586 -14.738 -14.738
  -7.569 -14.950 -15.128
  -7.552 -14.366 -15.051
  -7.536 -14.571 -14.874
  -7.521 -14.885 -15.066
  -7.506 -15.211 -15.211
  -7.491 -15.187 -15.187
  -7.477 -14.873 -14.873
  -7.464 -15.097 -15.097
  -7.451 -14.827 -14.827
  -7.438 -15.303 -15.303
  -7.425 -14.690 -14.989
  -7.413 -15.207 -15.389
  -7.401 -14.775 -15.091
  -7.390 -15.149 -15.149
  -7.379 -14.988 -14.988
  -7.368 -15.067 -15.067
  -7.357 -14.521 -15.212
  -7.347 -14.823 -15.015
  -7.337 -15.043 -15.043
  -7.327 -14.805 -15.025
  -7.317 -15.141 -15.573
  -7.308 -14.748 -14.909
  -7.299 -15.333 -15.333
  -7.290 -14.991 -15.372
  -7.281 -15.402 -15.402
  -7.272 -15.011 -15.717
  -7.264 -14.875 -15.589
  -7.255 -15.444 -15.444
  -7.247 -15.342 -15.602
  -7.239 -15.275 -15.275
  -7.231 -15.578 -15.578
  -7.223 -15.127 -15.731
  -7.216 -14.942 -15.631
  -7.208 -15.318 -15.318
  -7.201 -15.490 -15.490
  -7.194 -14.938 -15.326
  -7.187 -14.829 -14.995
  -7.180 -15.200 -15.200
  -7.173 -15.361 -15.704
  -7.166 -15.620 -15.620
  -7.159 -15.375 -15.375
  -7.153 -15.587 -15.587
  -7.146 -15.844 -15.844
  -7.140 -15.409 -15.690
  -7.133 -15.151 -15.770
  -7.127 -15.712 -15.712
  -7.121 -15.889 -15.889
  -7.115 -15.493 -15.864
  -7.109 -15.929 -15.929
  -7.103 -15.414 -15.671
  -7.098 -15.834 -16.007
  -7.092 -15.303 -15.721
  -7.086 -15.787 -15.787
  -7.081 -15.897 -15.897
  -7.075 -16.049 -16.049
  -7.070 -15.418 -15.676
  -7.064 -15.790 -15.790
  -7.059 -16.000 -16.232
  -7.054 -15.801 -15.801
  -7.049 -15.899 -15.899
  -7.043 -15.885 -15.885
  -7.038 -15.686 -15.686
  -7.033 -15.609 -15.985
  -7.029 -15.136 -15.743
  -7.024 -15.159 -15.644
  -7.019 -15.421 -16.191
  -7.014 -16.151 -16.151
  -7.009 -15.718 -16.166
  -7.005 -15.795 -16.067
  -7.000 -16.157 -16.157
  -6.995 -15.804 -16.080
  -6.991 -15.952 -16.325
  -6.986 -15.849 -16.013
  -6.982 -15.961 -16.134
  -6.978 -15.914 -16.106
  -6.973 -14.930 -15.787
  -6.969 -15.514 -16.059
  -6.965 -16.129 -16.413
  -6.961 -15.902 -15.902
  -6.956 -16.018 -16.532
  -6.952 -15.917 -16.080
  -6.948 -15.269 -16.330
  -6.944 -15.972 -16.490
  -6.940 -15.738 -16.334
  -6.936 -15.900 -16.074
  -6.932 -15.765 -15.996
  -6.928 -16.256 -16.418
  -6.924 -16.446 -16.619
  -6.920 -16.500 -16.707
  -6.917 -16.315 -16.689
  -6.913 -14.670 -16.338
  -6.909 -16.224 -16.431
  -6.905 -15.577 -15.911
  -6.902 -16.432 -16.432
  -6.898 -15.643 -16.426
  -6.894 -14.423 -16.321
  -6.891 -15.996 -16.579
  -6.887 -15.829 -16.547
  -6.884 -49.500     NaN
  -6.880 -16.544 -16.544
  -6.877 -16.495 -16.843
  -6.873 -16.231 -16.231
  -6.870 -16.007 -16.160
  -6.867 -14.887 -16.252
  -6.863 -16.558 -16.558
  -6.860 -16.109 -16.109
  -6.857 -49.500 -49.500
  -6.853 -49.500     NaN
  -6.850 -15.801 -16.819
  -6.847 -16.328 -16.884
  -6.844 -16.452 -16.864
  -6.840 -17.252 -49.500
  -6.837 -16.133 -16.332
  -6.834 -16.815 -16.986
  -6.831 -15.758 -16.182
  -6.828 -49.500     NaN
  -6.825 -16.381 -16.604
  -6.822 -16.479 -16.712
  -6.819 -16.672 -16.872
  -6.816 -15.945 -16.098
  -6.813 -16.813 -49.500
  -6.810 -15.231 -16.706
  -6.807 -17.447 -49.500
  -6.804 -16.128 -16.128
  -6.801 -14.424 -16.831
  -6.798 -15.824 -15.986
  -6.795 -15.797 -49.500
  -6.792 -16.117 -16.278
  -6.789 -16.271 -16.271
  -6.787 -49.500     NaN
  -6.784 -16.026 -17.018
  -6.781 -15.229 -16.776
  -6.778 -16.083 -49.500
  -6.775 -16.084 -49.500
  -6.773 -16.447 -16.642
  -6.770 -49.500 -49.500
  -6.767 -16.732 -49.500
  -6.765 -15.944 -16.296
  -6.762 -16.422 -16.700
  -6.759 -16.667 -49.500
  -6.757 -15.078 -49.500
  -6.754 -15.106 -16.421
  -6.751 -49.500     NaN
  -6.749 -16.249 -49.500
  -6.746 -49.500 -49.500
  -6.744 -16.497 -16.766
  -6.741 -49.500     NaN
  -6.739 -49.500     NaN
  -6.736 -15.935 -49.500
  -6.734 -16.757 -49.500
  -6.731 -17.298 -17.298
  -6.729 -16.105 -16.670
  -6.726 -16.110 -16.350
  -6.724 -16.389 -49.500
  -6.721 -49.500     NaN
  -6.719 -17.023 -49.500
  -6.717 -15.560 -49.500
  -6.714 -49.500     NaN
  -6.712 -16.595 -49.500
  -6.709 -16.364 -49.500
  -6.707 -16.645 -49.500
  -6.705 -17.221 -49.500
  -6.702 -16.802 -49.500
  -6.700 -15.582 -15.582
  -6.698 -15.808 -49.500
  -6.696 -49.500     NaN
  -6.693 -49.500     NaN
  -6.691 -49.500 -49.500
  -6.689 -16.600 -49.500
  -6.687 -16.107 -49.500
  -6.684 -16.277 -17.055
  -6.682 -49.500     NaN
  -6.680 -49.500 -49.500
  -6.678 -16.859 -49.500
  -6.675 -49.500 -49.500
  -6.673 -49.500 -49.500
  -6.671 -49.500     NaN
  -6.669 -49.500     NaN
  -6.667 -16.610 -49.500
  -6.665 -16.058 -16.058
  -6.663 -16.564 -49.500
  -6.661 -49.500 -49.500
  -6.658 -49.500     NaN
  -6.656 -16.726 -49.500
  -6.654 -49.500     NaN
  -6.652 -49.500     NaN
  -6.650 -16.302 -49.500
  -6.648 -49.500     NaN
  -6.646 -16.422 -16.422
  -6.644 -16.506 -16.710
  -6.642 -49.500 -49.500
  -6.640 -49.500     NaN
  -6.638 -15.639 -15.639
  -6.636 -16.358 -16.659
  -6.634 -16.529 -49.500
  -6.632 -17.012 -49.500
  -6.630 -16.425 -16.580
  -6.628 -16.099 -16.099
  -6.626 -49.500 -49.500
  -6.624 -49.500 -49.500
  -6.622 -16.277 -49.500
  -6.620 -49.500 -49.500
  -6.618 -16.344 -49.500
  -6.617 -49.500     NaN
  -6.615 -49.500 -49.500
  -6.613 -49.500 -49.500
  -6.611 -16.524 -16.739
  -6.609 -49.500 -49.500
  -6.607 -49.500     NaN
  -6.605 -49.500     NaN
  -6.603 -49.500     NaN
  -6.602 -49.500 -49.500
  -6.600 -15.804 -15.804
  -6.598 -49.500 -49.500
  -6.596 -49.500 -49.500
  -6.594 -49.500 -49.500
