  -8.861 -13.781 -13.781
  -8.599 -13.899 -13.899
  -8.442 -14.033 -14.033
  -8.329 -14.032 -14.032
  -8.239 -14.066 -14.066
  -8.166 -14.259 -14.259
  -8.103 -14.284 -14.284
  -8.048 -14.343 -14.343
  -7.999 -14.323 -14.481
  -7.955 -14.460 -14.460
  -7.916 -14.354 -14.354
  -7.879 -14.536 -14.536
  -7.846 -14.464 -14.464
  -7.815 -14.676 -14.676
  -7.786 -14.580 -14.580
  -7.758 -14.584 -14.584
  -7.733 -14.680 -14.680
  -7.709 -14.679 -14.679
  -7.686 -14.716 -14.716
  -7.664 -14.637 -14.637
  -7.643 -14.568 -14.568
  -7.624 -14.763 -14.763
  -7.605 -14.989 -14.989
  -7.586 -14.500 -14.500
  -7.569 -14.604 -14.796
  -7.552 -14.967 -14.967
  -7.536 -14.481 -14.933
  -7.521 -15.035 -15.035
  -7.506 -14.356 -14.833
  -7.491 -14.524 -14.838
  -7.477 -15.078 -15.078
  -7.464 -14.465 -15.090
  -7.451 -15.217 -15.217
  -7.438 -15.073 -15.073
  -7.425 -14.903 -15.185
  -7.413 -15.030 -15.240
  -7.401 -15.166 -15.317
  -7.390 -15.180 -15.346
  -7.379 -14.952 -15.118
  -7.368 -15.362 -15.362
  -7.357 -15.003 -15.188
  -7.347 -14.844 -15.170
  -7.337 -15.304 -15.304
  -7.327 -14.925 -14.925
  -7.317 -15.321 -15.321
  -7.308 -15.166 -15.166
  -7.299 -15.356 -15.356
  -7.290 -15.375 -15.375
  -7.281 -15.501 -15.501
  -7.272 -15.485 -15.485
  -7.264 -15.176 -15.460
  -7.255 -15.262 -15.458
  -7.247 -15.070 -15.304
  -7.239 -14.994 -15.311
  -7.231 -15.472 -15.752
  -7.223 -14.763 -15.360
  -7.216 -15.117 -15.287
  -7.208 -14.819 -15.169
  -7.201 -15.578 -15.578
  -7.194 -15.869 -15.869
  -7.187 -15.584 -15.584
  -7.180 -15.261 -15.443
  -7.173 -14.880 -15.539
  -7.166 -15.393 -15.592
  -7.159 -15.453 -15.751
  -7.153 -15.657 -15.827
  -7.146 -15.668 -15.668
  -7.140 -14.118 -15.535
  -7.133 -15.114 -15.543
  -7.127 -15.009 -15.707
  -7.121 -15.458 -15.925
  -7.115 -15.223 -15.223
  -7.109 -15.815 -16.030
  -7.103 -15.464 -15.648
  -7.098 -15.749 -15.749
  -7.092 -15.368 -15.368
  -7.086 -15.784 -15.784
  -7.081 -15.493 -15.493
  -7.075 -15.670 -15.670
  -7.070 -15.874 -16.105
  -7.064 -15.042 -15.429
  -7.059 -15.896 -15.896
  -7.054 -15.814 -15.814
  -7.049 -15.561 -16.166
  -7.043 -16.336 -16.336
  -7.038 -16.083 -16.083
  -7.033 -15.516 -15.721
  -7.029 -16.011 -16.011
  -7.024 -15.327 -15.764
  -7.019 -15.963 -16.230
  -7.014 -16.090 -16.090
  -7.009 -15.718 -15.718
  -7.005 -16.155 -16.341
  -7.000 -16.109 -16.109
  -6.995 -15.913 -15.913
  -6.991 -16.479 -16.479
  -6.986 -15.262 -15.707
  -6.982 -15.112 -15.706
  -6.978 -15.864 -16.196
  -6.973 -15.824 -16.277
  -6.969 -15.975 -16.287
  -6.965 -16.040 -16.237
  -6.961 -15.587 -16.184
  -6.956 -15.753 -16.105
  -6.952 -15.831 -15.831
  -6.948 -16.719 -16.719
  -6.944 -15.822 -15.822
  -6.940 -15.938 -16.181
  -6.936 -16.392 -16.392
  -6.932 -16.164 -16.164
  -6.928 -16.551 -16.844
  -6.924 -16.189 -16.413
  -6.920 -15.911 -15.911
  -6.917 -16.064 -16.846
  -6.913 -16.360 -16.548
  -6.909 -15.475 -16.542
  -6.905 -16.305 -16.466
  -6.902 -16.209 -16.385
  -6.898 -17.043 -17.370
  -6.894 -15.169 -15.485
  -6.891 -15.411 -15.588
  -6.887 -16.018 -16.252
  -6.884 -16.392 -16.392
  -6.880 -16.484 -17.006
  -6.877 -15.454 -15.660
  -6.873 -15.093 -16.544
  -6.870 -16.168 -16.168
  -6.867 -15.957 -16.138
  -6.863 -15.550 -16.280
  -6.860 -16.340 -16.761
  -6.857 -14.783 -15.585
  -6.853 -15.769 -16.271
  -6.850 -16.414 -16.915
  -6.847 -15.198 -15.659
  -6.844 -15.996 -15.996
  -6.840 -16.017 -16.184
  -6.837 -16.961 -49.500
  -6.834 -15.404 -16.576
  -6.831 -16.020 -49.500
  -6.828 -16.403 -16.559
  -6.825 -16.479 -49.500
  -6.822 -15.976 -16.852
  -6.819 -16.563 -49.500
  -6.816 -16.983 -49.500
  -6.813 -15.777 -17.070
  -6.810 -16.698 -49.500
  -6.807 -16.296 -16.920
  -6.804 -16.007 -16.684
  -6.801 -16.275 -16.492
  -6.798 -16.381 -49.500
  -6.795 -15.378 -15.829
  -6.792 -15.191 -15.822
  -6.789 -49.500     NaN
  -6.787 -15.621 -16.546
  -6.784 -16.293 -16.865
  -6.781 -16.691 -17.020
  -6.778 -15.393 -16.336
  -6.775 -13.542 -16.371
  -6.773 -16.224 -16.731
  -6.770 -16.907 -49.500
  -6.767 -16.796 -49.500
  -6.765 -15.503 -49.500
  -6.762 -15.832 -17.008
  -6.759 -16.335 -16.948
  -6.757 -49.500     NaN
  -6.754 -15.844 -49.500
  -6.751 -15.844 -16.219
  -6.749 -49.500     NaN
  -6.746 -15.325 -16.028
  -6.744 -16.758 -49.500
  -6.741 -49.500 -49.500
  -6.739 -16.323 -16.602
  -6.736 -49.500     NaN
  -6.734 -15.017 -16.100
  -6.731 -15.525 -15.754
  -6.729 -16.712 -49.500
  -6.726 -16.751 -49.500
  -6.724 -16.318 -16.318
  -6.721 -49.500     NaN
  -6.719 -15.520 -49.500
  -6.717 -14.806 -49.500
  -6.714 -49.500     NaN
  -6.712 -16.290 -16.486
  -6.709 -16.246 -16.668
  -6.707 -16.416 -49.500
  -6.705 -16.599 -49.500
  -6.702 -49.500 -49.500
  -6.700 -49.500     NaN
  -6.698 -49.500     NaN
  -6.696 -49.500     NaN
  -6.693 -49.500 -49.500
  -6.691 -15.573 -49.500
  -6.689 -16.854 -49.500
  -6.687 -49.500     NaN
  -6.684 -49.500     NaN
  -6.682 -15.220 -15.621
  -6.680 -49.500     NaN
  -6.678 -49.500 -49.500
  -6.675 -16.458 -49.500
  -6.673 -16.696 -49.500
  -6.671 -15.855 -16.240
  -6.669 -15.931 -16.609
  -6.667 -49.500 -49.500
  -6.665 -49.500 -49.500
  -6.663 -49.500 -49.500
  -6.661 -49.500 -49.500
  -6.658 -15.589 -49.500
  -6.656 -49.500 -49.500
  -6.654 -16.175 -49.500
  -6.652 -15.849 -49.500
  -6.650 -16.480 -16.480
  -6.648 -15.646 -49.500
  -6.646 -49.500     NaN
  -6.644 -15.453 -16.176
  -6.642 -49.500     NaN
  -6.640 -16.485 -16.485
  -6.638 -49.500 -49.500
  -6.636 -14.751 -16.339
  -6.634 -17.032 -49.500
  -6.632 -16.218 -16.218
  -6.630 -49.500     NaN
  -6.628 -16.276 -49.500
  -6.626 -49.500 -49.500
  -6.624 -49.500     NaN
  -6.622 -49.500     NaN
  -6.620 -16.217 -49.500
  -6.618 -49.500 -49.500
  -6.617 -49.500 -49.500
  -6.615 -49.500     NaN
  -6.613 -49.500 -49.500
  -6.611 -49.500     NaN
  -6.609 -49.500 -49.500
  -6.607 -16.705 -49.500
  -6.605 -49.500 -49.500
  -6.603 -49.500 -49.500
  -6.602 -16.749 -16.749
  -6.600 -49.500 -49.500
  -6.598 -16.731 -16.731
  -6.596 -49.500 -49.500
  -6.594 -49.500 -49.500
