  -8.861 -13.789 -13.789
  -8.599 -13.927 -13.927
  -8.442 -14.043 -14.043
  -8.329 -14.133 -14.133
  -8.239 -14.111 -14.111
  -8.166 -14.227 -14.227
  -8.103 -14.241 -14.241
  -8.048 -14.258 -14.258
  -7.999 -14.179 -14.378
  -7.955 -14.283 -14.283
  -7.916 -14.534 -14.534
  -7.879 -14.453 -14.453
  -7.846 -14.475 -14.475
  -7.815 -14.353 -14.521
  -7.786 -14.448 -14.448
  -7.758 -14.594 -14.594
  -7.733 -14.387 -14.607
  -7.709 -14.600 -14.600
  -7.686 -13.934 -14.775
  -7.664 -14.731 -14.731
  -7.643 -14.415 -14.916
  -7.624 -14.679 -14.679
  -7.605 -14.764 -14.764
  -7.586 -14.621 -14.621
  -7.569 -14.424 -14.629
  -7.552 -14.901 -14.901
  -7.536 -14.366 -14.838
  -7.521 -14.979 -14.979
  -7.506 -14.678 -14.678
  -7.491 -13.702 -15.137
  -7.477 -14.926 -15.162
  -7.464 -15.210 -15.210
  -7.451 -14.905 -14.905
  -7.438 -14.870 -15.154
  -7.425 -15.079 -15.079
  -7.413 -14.922 -15.343
  -7.401 -14.614 -14.908
  -7.390 -14.910 -15.244
  -7.379 -14.835 -15.015
  -7.368 -15.068 -15.288
  -7.357 -15.416 -15.416
  -7.347 -15.427 -15.427
  -7.337 -14.704 -15.115
  -7.327 -15.288 -15.288
  -7.317 -14.990 -15.266
  -7.308 -15.447 -15.447
  -7.299 -14.713 -14.962
  -7.290 -15.178 -15.376
  -7.281 -15.093 -15.306
  -7.272 -15.614 -15.614
  -7.264 -15.199 -15.672
  -7.255 -15.484 -15.484
  -7.247 -14.653 -15.522
  -7.239 -15.469 -15.641
  -7.231 -15.257 -15.257
  -7.223 -15.241 -15.241
  -7.216 -15.466 -15.675
  -7.208 -15.166 -15.347
  -7.201 -14.760 -15.213
  -7.194 -15.401 -15.401
  -7.187 -15.782 -15.934
  -7.180 -15.667 -15.667
  -7.173 -15.473 -15.473
  -7.166 -15.623 -15.623
  -7.159 -15.392 -15.392
  -7.153 -15.492 -15.663
  -7.146 -15.159 -15.159
  -7.140 -15.858 -15.858
  -7.133 -15.350 -15.548
  -7.127 -15.548 -15.815
  -7.121 -15.175 -15.485
  -7.115 -15.466 -15.628
  -7.109 -15.761 -16.068
  -7.103 -16.093 -16.093
  -7.098 -15.588 -15.996
  -7.092 -15.510 -15.510
  -7.086 -16.066 -16.066
  -7.081 -15.561 -16.041
  -7.075 -16.024 -16.350
  -7.070 -16.212 -16.458
  -7.064 -15.323 -16.179
  -7.059 -15.832 -15.832
  -7.054 -15.885 -15.885
  -7.049 -15.981 -15.981
  -7.043 -16.010 -16.237
  -7.038 -15.324 -16.135
  -7.033 -16.088 -16.088
  -7.029 -15.405 -16.331
  -7.024 -15.956 -16.213
  -7.019 -15.922 -16.077
  -7.014 -15.447 -15.678
  -7.009 -15.785 -15.785
  -7.005 -15.993 -16.319
  -7.000 -15.966 -16.248
  -6.995 -15.750 -16.275
  -6.991 -14.634 -15.180
  -6.986 -15.503 -16.266
  -6.982 -15.989 -15.989
  -6.978 -16.027 -16.027
  -6.973 -15.866 -16.138
  -6.969 -15.863 -16.324
  -6.965 -15.109 -15.266
  -6.961 -15.660 -16.525
  -6.956 -16.044 -16.044
  -6.952 -16.204 -16.416
  -6.948 -15.995 -16.193
  -6.944 -15.697 -15.850
  -6.940 -15.380 -17.434
  -6.936 -15.806 -15.806
  -6.932 -16.449 -16.449
  -6.928 -16.057 -16.057
  -6.924 -16.049 -16.296
  -6.920 -16.099 -16.384
  -6.917 -16.811 -17.055
  -6.913 -15.826 -16.396
  -6.909 -15.430 -15.915
  -6.905 -16.043 -16.238
  -6.902 -16.222 -16.222
  -6.898 -16.321 -16.321
  -6.894 -16.271 -16.271
  -6.891 -16.311 -16.311
  -6.887 -16.264 -16.437
  -6.884 -17.072 -49.500
  -6.880 -16.339 -16.523
  -6.877 -17.209 -49.500
  -6.873 -16.120 -16.753
  -6.870 -14.553 -15.356
  -6.867 -16.999 -16.999
  -6.863 -16.661 -17.057
  -6.860 -16.484 -16.758
  -6.857 -16.382 -16.382
  -6.853 -16.348 -16.873
  -6.850 -16.619 -16.789
  -6.847 -16.272 -16.480
  -6.844 -16.415 -49.500
  -6.840 -15.956 -16.444
  -6.837 -16.255 -16.640
  -6.834 -16.274 -49.500
  -6.831 -15.921 -16.150
  -6.828 -16.853 -49.500
  -6.825 -16.475 -49.500
  -6.822 -15.650 -16.284
  -6.819 -16.686 -16.893
  -6.816 -15.677 -15.904
  -6.813 -16.143 -16.821
  -6.810 -16.848 -17.018
  -6.807 -17.017 -49.500
  -6.804 -16.170 -16.764
  -6.801 -16.751 -49.500
  -6.798 -17.063 -49.500
  -6.795 -49.500     NaN
  -6.792 -16.046 -16.429
  -6.789 -17.005 -49.500
  -6.787 -49.500     NaN
  -6.784 -16.742 -49.500
  -6.781 -14.308 -16.658
  -6.778 -16.178 -16.427
  -6.775 -15.961 -16.778
  -6.773 -16.622 -49.500
  -6.770 -16.239 -16.794
  -6.767 -16.364 -16.596
  -6.765 -16.937 -49.500
  -6.762 -16.584 -16.825
  -6.759 -49.500     NaN
  -6.757 -15.764 -16.472
  -6.754 -49.500     NaN
  -6.751 -16.203 -16.742
  -6.749 -49.500     NaN
  -6.746 -15.409 -16.619
  -6.744 -15.841 -17.321
  -6.741 -16.556 -16.729
  -6.739 -16.841 -49.500
  -6.736 -17.109 -49.500
  -6.734 -49.500 -49.500
  -6.731 -16.115 -16.437
  -6.729 -16.775 -17.420
  -6.726 -16.650 -16.939
  -6.724 -14.626 -16.224
  -6.721 -16.578 -16.840
  -6.719 -16.770 -49.500
  -6.717 -49.500 -49.500
  -6.714 -16.402 -49.500
  -6.712 -16.066 -16.256
  -6.709 -17.140 -49.500
  -6.707 -49.500     NaN
  -6.705 -16.374 -49.500
  -6.702 -15.988 -16.555
  -6.700 -16.371 -16.920
  -6.698 -49.500     NaN
  -6.696 -16.388 -49.500
  -6.693 -49.500 -49.500
  -6.691 -49.500     NaN
  -6.689 -15.499 -49.500
  -6.687 -16.482 -49.500
  -6.684 -16.728 -49.500
  -6.682 -16.702 -49.500
  -6.680 -16.581 -49.500
  -6.678 -15.594 -49.500
  -6.675 -16.794 -49.500
  -6.673 -49.500 -49.500
  -6.671 -16.165 -49.500
  -6.669 -15.671 -49.500
  -6.667 -15.684 -16.456
  -6.665 -49.500 -49.500
  -6.663 -16.672 -49.500
  -6.661 -15.091 -49.500
  -6.658 -49.500 -49.500
  -6.656 -49.500     NaN
  -6.654 -49.500 -49.500
  -6.652 -16.162 -49.500
  -6.650 -16.510 -16.510
  -6.648 -49.500     NaN
  -6.646 -16.772 -49.500
  -6.644 -49.500     NaN
  -6.642 -16.551 -49.500
  -6.640 -49.500 -49.500
  -6.638 -15.367 -16.894
  -6.636 -49.500     NaN
  -6.634 -49.500 -49.500
  -6.632 -16.175 -49.500
  -6.630 -49.500 -49.500
  -6.628 -49.500     NaN
  -6.626 -16.321 -16.321
  -6.624 -49.500     NaN
  -6.622 -17.152 -49.500
  -6.620 -49.500 -49.500
  -6.618 -49.500     NaN
  -6.617 -49.500 -49.500
  -6.615 -49.500 -49.500
  -6.613 -16.028 -49.500
  -6.611 -16.621 -49.500
  -6.609 -49.500 -49.500
  -6.607 -49.500 -49.500
  -6.605 -49.500     NaN
  -6.603 -49.500 -49.500
  -6.602 -49.500 -49.500
  -6.600 -16.564 -49.500
  -6.598 -49.500     NaN
  -6.596 -15.814 -15.814
  -6.594 -16.840 -16.840
