  -8.861 -13.746 -13.746
  -8.599 -13.930 -13.930
  -8.442 -14.013 -14.013
  -8.329 -14.017 -14.017
  -8.239 -13.984 -14.157
  -8.166 -14.211 -14.211
  -8.103 -14.281 -14.281
  -8.048 -14.176 -14.176
  -7.999 -14.378 -14.378
  -7.955 -14.474 -14.474
  -7.916 -14.441 -14.441
  -7.879 -14.492 -14.492
  -7.846 -14.467 -14.467
  -7.815 -14.436 -14.661
  -7.786 -14.094 -14.094
  -7.758 -14.281 -14.604
  -7.733 -14.566 -14.566
  -7.709 -14.437 -14.687
  -7.686 -14.677 -14.677
  -7.664 -14.839 -14.839
  -7.643 -14.970 -14.970
  -7.624 -14.715 -14.715
  -7.605 -14.427 -14.693
  -7.586 -14.925 -15.154
  -7.569 -14.421 -14.817
  -7.552 -14.591 -14.591
  -7.536 -14.961 -14.961
  -7.521 -14.785 -14.948
  -7.506 -14.734 -14.734
  -7.491 -14.664 -14.826
  -7.477 -14.959 -14.959
  -7.464 -15.104 -15.104
  -7.451 -14.826 -15.298
  -7.438 -15.191 -15.191
  -7.425 -15.133 -15.133
  -7.413 -14.864 -15.207
  -7.401 -15.082 -15.082
  -7.390 -15.228 -15.228
  -7.379 -15.007 -15.159
  -7.368 -15.264 -15.264
  -7.357 -14.989 -14.989
  -7.347 -15.152 -15.341
  -7.337 -14.333 -14.835
  -7.327 -15.560 -15.560
  -7.317 -15.267 -15.513
  -7.308 -15.247 -15.247
  -7.299 -15.233 -15.233
  -7.290 -14.946 -15.301
  -7.281 -15.169 -15.169
  -7.272 -15.011 -15.458
  -7.264 -15.492 -15.492
  -7.255 -14.951 -15.430
  -7.247 -15.712 -15.712
  -7.239 -15.557 -15.557
  -7.231 -15.477 -15.688
  -7.223 -14.892 -15.802
  -7.216 -15.674 -15.674
  -7.208 -15.323 -15.491
  -7.201 -15.378 -15.378
  -7.194 -15.039 -15.388
  -7.187 -14.937 -15.426
  -7.180 -15.665 -15.665
  -7.173 -15.767 -15.767
  -7.166 -15.573 -15.573
  -7.159 -15.838 -15.838
  -7.153 -14.773 -15.402
  -7.146 -16.091 -16.091
  -7.140 -15.685 -15.956
  -7.133 -15.303 -15.950
  -7.127 -15.551 -15.936
  -7.121 -15.900 -15.900
  -7.115 -15.028 -15.633
  -7.109 -15.576 -15.803
  -7.103 -15.204 -15.841
  -7.098 -15.493 -16.228
  -7.092 -15.585 -15.901
  -7.086 -15.232 -15.931
  -7.081 -15.785 -15.944
  -7.075 -15.262 -15.461
  -7.070 -15.402 -15.614
  -7.064 -15.844 -15.844
  -7.059 -15.723 -15.723
  -7.054 -16.066 -16.066
  -7.049 -15.786 -15.967
  -7.043 -16.105 -16.105
  -7.038 -15.427 -16.112
  -7.033 -15.630 -16.255
  -7.029 -15.619 -16.022
  -7.024 -15.506 -15.707
  -7.019 -16.241 -16.403
  -7.014 -16.072 -16.072
  -7.009 -15.710 -16.029
  -7.005 -16.271 -16.602
  -7.000 -16.113 -16.311
  -6.995 -15.678 -16.249
  -6.991 -15.131 -16.018
  -6.986 -15.842 -15.842
  -6.982 -16.373 -16.373
  -6.978 -16.221 -16.487
  -6.973 -16.134 -16.134
  -6.969 -16.127 -16.127
  -6.965 -16.131 -16.460
  -6.961 -15.764 -16.264
  -6.956 -15.982 -16.259
  -6.952 -16.267 -16.267
  -6.948 -15.568 -16.192
  -6.944 -15.943 -16.244
  -6.940 -16.353 -16.353
  -6.936 -15.303 -15.908
  -6.932 -16.527 -16.527
  -6.928 -16.170 -16.346
  -6.924 -15.887 -16.105
  -6.920 -16.134 -16.363
  -6.917 -16.261 -16.652
  -6.913 -15.661 -16.574
  -6.909 -15.797 -15.994
  -6.905 -16.438 -16.438
  -6.902 -15.477 -16.012
  -6.898 -15.654 -15.863
  -6.894 -17.067 -49.500
  -6.891 -15.844 -16.658
  -6.887 -16.376 -16.529
  -6.884 -15.252 -16.490
  -6.880 -16.571 -16.816
  -6.877 -16.418 -16.418
  -6.873 -16.050 -16.277
  -6.870 -16.277 -16.439
  -6.867 -16.065 -16.288
  -6.863 -16.462 -16.462
  -6.860 -16.563 -16.936
  -6.857 -15.189 -15.412
  -6.853 -15.870 -16.621
  -6.850 -16.462 -49.500
  -6.847 -16.404 -16.404
  -6.844 -16.112 -16.112
  -6.840 -49.500     NaN
  -6.837 -15.345 -16.660
  -6.834 -15.606 -16.853
  -6.831 -16.810 -49.500
  -6.828 -16.071 -16.499
  -6.825 -16.081 -16.584
  -6.822 -16.810 -49.500
  -6.819 -15.125 -15.590
  -6.816 -16.109 -16.307
  -6.813 -15.715 -16.499
  -6.810 -16.525 -16.874
  -6.807 -16.311 -16.601
  -6.804 -16.685 -49.500
  -6.801 -49.500     NaN
  -6.798 -16.425 -16.638
  -6.795 -16.187 -16.367
  -6.792 -16.664 -49.500
  -6.789 -16.353 -49.500
  -6.787 -15.860 -16.143
  -6.784 -16.684 -16.911
  -6.781 -15.970 -16.173
  -6.778 -15.385 -15.385
  -6.775 -14.889 -16.257
  -6.773 -16.238 -16.827
  -6.770 -16.566 -17.075
  -6.767 -16.812 -49.500
  -6.765 -15.063 -16.376
  -6.762 -17.139 -49.500
  -6.759 -16.683 -16.969
  -6.757 -15.827 -16.013
  -6.754 -49.500     NaN
  -6.751 -16.241 -49.500
  -6.749 -49.500     NaN
  -6.746 -16.506 -49.500
  -6.744 -16.677 -49.500
  -6.741 -49.500     NaN
  -6.739 -49.500     NaN
  -6.736 -49.500 -49.500
  -6.734 -15.648 -16.333
  -6.731 -15.482 -16.992
  -6.729 -16.290 -16.500
  -6.726 -15.659 -49.500
  -6.724 -49.500     NaN
  -6.721 -16.688 -16.688
  -6.719 -16.084 -16.860
  -6.717 -49.500     NaN
  -6.714 -16.282 -49.500
  -6.712 -49.500 -49.500
  -6.709 -16.374 -16.587
  -6.707 -17.194 -49.500
  -6.705 -49.500     NaN
  -6.702 -49.500 -49.500
  -6.700 -15.483 -49.500
  -6.698 -49.500 -49.500
  -6.696 -16.202 -16.407
  -6.693 -49.500 -49.500
  -6.691 -49.500     NaN
  -6.689 -16.274 -16.427
  -6.687 -16.167 -16.615
  -6.684 -16.465 -49.500
  -6.682 -15.824 -16.380
  -6.680 -49.500     NaN
  -6.678 -16.386 -16.386
  -6.675 -49.500 -49.500
  -6.673 -49.500 -49.500
  -6.671 -15.784 -49.500
  -6.669 -49.500     NaN
  -6.667 -15.984 -49.500
  -6.665 -16.811 -49.500
  -6.663 -49.500 -49.500
  -6.661 -49.500 -49.500
  -6.658 -49.500 -49.500
  -6.656 -16.409 -49.500
  -6.654 -15.732 -15.950
  -6.652 -49.500     NaN
  -6.650 -16.044 -49.500
  -6.648 -49.500 -49.500
  -6.646 -49.500     NaN
  -6.644 -15.504 -16.249
  -6.642 -49.500     NaN
  -6.640 -49.500 -49.500
  -6.638 -49.500 -49.500
  -6.636 -16.632 -49.500
  -6.634 -15.879 -15.879
  -6.632 -49.500 -49.500
  -6.630 -17.074 -49.500
  -6.628 -49.500     NaN
  -6.626 -15.291 -16.801
  -6.624 -49.500 -49.500
  -6.622 -16.561 -49.500
  -6.620 -49.500 -49.500
  -6.618 -49.500     NaN
  -6.617 -49.500     NaN
  -6.615 -49.500     NaN
  -6.613 -16.807 -49.500
  -6.611 -49.500     NaN
  -6.609 -49.500     NaN
  -6.607 -49.500 -49.500
  -6.605 -49.500 -49.500
  -6.603 -49.500 -49.500
  -6.602 -15.795 -15.795
  -6.600 -16.446 -49.500
  -6.598 -49.500     NaN
  -6.596 -49.500 -49.500
  -6.594 -49.500 -49.500
