  -8.861 -13.769 -13.769
  -8.599 -13.861 -13.861
  -8.442 -14.004 -14.004
  -8.329 -14.107 -14.107
  -8.239 -14.130 -14.130
  -8.166 -13.980 -13.980
  -8.103 -14.302 -14.302
  -8.048 -14.079 -14.079
  -7.999 -14.386 -14.386
  -7.955 -14.303 -14.303
  -7.916 -14.500 -14.500
  -7.879 -14.126 -14.428
  -7.846 -14.624 -14.624
  -7.815 -14.500 -14.500
  -7.786 -14.676 -14.676
  -7.758 -14.408 -14.680
  -7.733 -14.372 -14.537
  -7.709 -14.434 -14.434
  -7.686 -14.497 -14.690
  -7.664 -14.739 -14.739
  -7.643 -14.857 -14.857
  -7.624 -14.731 -14.731
  -7.605 -14.912 -14.912
  -7.586 -15.070 -15.070
  -7.569 -14.663 -14.848
  -7.552 -13.905 -14.987
  -7.536 -15.035 -15.263
  -7.521 -14.949 -15.164
  -7.506 -15.069 -15.243
  -7.491 -14.846 -14.997
  -7.477 -15.059 -15.059
  -7.464 -15.069 -15.069
  -7.451 -14.945 -15.151
  -7.438 -14.947 -14.947
  -7.425 -14.870 -14.870
  -7.413 -15.260 -15.453
  -7.401 -15.002 -15.209
  -7.390 -15.255 -15.255
  -7.379 -14.883 -14.883
  -7.368 -15.216 -15.216
  -7.357 -15.304 -15.304
  -7.347 -15.130 -15.130
  -7.337 -15.305 -15.305
  -7.327 -15.216 -15.216
  -7.317 -14.992 -14.992
  -7.308 -15.453 -15.453
  -7.299 -14.853 -15.014
  -7.290 -15.035 -15.244
  -7.281 -15.450 -15.627
  -7.272 -15.143 -15.478
  -7.264 -15.544 -15.544
  -7.255 -15.547 -15.547
  -7.247 -15.483 -15.483
  -7.239 -15.371 -15.588
  -7.231 -15.155 -15.155
  -7.223 -15.692 -15.692
  -7.216 -15.515 -15.515
  -7.208 -15.470 -15.736
  -7.201 -15.003 -15.517
  -7.194 -15.487 -15.686
  -7.187 -15.037 -15.807
  -7.180 -15.553 -15.553
  -7.173 -15.531 -15.726
  -7.166 -15.292 -15.467
  -7.159 -15.772 -15.772
  -7.153 -14.925 -15.278
  -7.146 -15.749 -15.749
  -7.140 -14.883 -15.788
  -7.133 -15.014 -15.693
  -7.127 -15.548 -15.815
  -7.121 -15.440 -15.791
  -7.115 -15.997 -15.997
  -7.109 -15.242 -15.847
  -7.103 -15.454 -15.454
  -7.098 -15.051 -15.305
  -7.092 -15.822 -16.013
  -7.086 -15.412 -15.412
  -7.081 -16.072 -16.282
  -7.075 -15.602 -15.755
  -7.070 -15.493 -15.746
  -7.064 -15.486 -15.826
  -7.059 -16.225 -16.225
  -7.054 -15.098 -16.022
  -7.049 -16.036 -16.205
  -7.043 -15.173 -15.360
  -7.038 -15.140 -16.114
  -7.033 -15.510 -15.986
  -7.029 -15.450 -15.710
  -7.024 -15.674 -15.674
  -7.019 -16.120 -16.120
  -7.014 -15.781 -15.781
  -7.009 -15.916 -16.085
  -7.005 -14.954 -15.159
  -7.000 -16.201 -16.201
  -6.995 -14.741 -15.087
  -6.991 -15.912 -16.200
  -6.986 -16.326 -16.326
  -6.982 -16.366 -16.366
  -6.978 -15.921 -16.120
  -6.973 -15.684 -15.945
  -6.969 -15.841 -16.091
  -6.965 -15.943 -16.315
  -6.961 -16.183 -16.379
  -6.956 -15.467 -15.733
  -6.952 -15.655 -15.964
  -6.948 -16.692 -16.959
  -6.944 -15.654 -16.498
  -6.940 -15.353 -15.916
  -6.936 -16.244 -16.511
  -6.932 -15.507 -16.013
  -6.928 -16.157 -16.456
  -6.924 -16.087 -16.443
  -6.920 -15.970 -16.209
  -6.917 -15.668 -16.697
  -6.913 -16.171 -16.458
  -6.909 -15.932 -16.107
  -6.905 -16.130 -16.360
  -6.902 -15.466 -15.947
  -6.898 -15.539 -15.994
  -6.894 -15.175 -15.675
  -6.891 -16.234 -16.234
  -6.887 -16.562 -16.738
  -6.884 -16.562 -16.792
  -6.880 -16.103 -17.035
  -6.877 -16.471 -16.731
  -6.873 -15.182 -16.348
  -6.870 -16.245 -16.662
  -6.867 -16.034 -16.324
  -6.863 -15.624 -16.675
  -6.860 -15.753 -15.933
  -6.857 -15.245 -15.569
  -6.853 -15.741 -15.961
  -6.850 -16.386 -16.606
  -6.847 -16.397 -16.640
  -6.844 -16.301 -16.301
  -6.840 -16.539 -49.500
  -6.837 -14.499 -16.220
  -6.834 -17.026 -49.500
  -6.831 -16.550 -16.826
  -6.828 -17.202 -49.500
  -6.825 -16.173 -16.173
  -6.822 -16.213 -16.213
  -6.819 -49.500     NaN
  -6.816 -16.605 -16.863
  -6.813 -15.465 -16.611
  -6.810 -14.849 -49.500
  -6.807 -16.440 -16.650
  -6.804 -16.951 -49.500
  -6.801 -15.668 -16.627
  -6.798 -16.280 -16.486
  -6.795 -15.865 -16.123
  -6.792 -16.408 -16.764
  -6.789 -16.395 -16.555
  -6.787 -16.161 -49.500
  -6.784 -49.500     NaN
  -6.781 -16.960 -49.500
  -6.778 -16.823 -49.500
  -6.775 -16.379 -16.700
  -6.773 -15.393 -15.666
  -6.770 -15.921 -49.500
  -6.767 -16.812 -16.985
  -6.765 -15.896 -16.066
  -6.762 -16.324 -49.500
  -6.759 -16.303 -16.547
  -6.757 -15.581 -16.569
  -6.754 -49.500     NaN
  -6.751 -16.537 -16.998
  -6.749 -16.313 -16.313
  -6.746 -49.500     NaN
  -6.744 -49.500     NaN
  -6.741 -16.541 -16.817
  -6.739 -16.703 -49.500
  -6.736 -16.062 -16.647
  -6.734 -16.512 -16.778
  -6.731 -16.721 -49.500
  -6.729 -16.350 -16.350
  -6.726 -15.928 -16.261
  -6.724 -49.500     NaN
  -6.721 -15.734 -16.214
  -6.719 -16.260 -16.474
  -6.717 -49.500     NaN
  -6.714 -49.500 -49.500
  -6.712 -15.676 -49.500
  -6.709 -49.500 -49.500
  -6.707 -16.230 -49.500
  -6.705 -15.906 -15.906
  -6.702 -16.750 -17.163
  -6.700 -16.712 -49.500
  -6.698 -49.500     NaN
  -6.696 -16.740 -49.500
  -6.693 -49.500 -49.500
  -6.691 -49.500 -49.500
  -6.689 -49.500 -49.500
  -6.687 -49.500     NaN
  -6.684 -49.500 -49.500
  -6.682 -16.728 -17.118
  -6.680 -49.500     NaN
  -6.678 -49.500 -49.500
  -6.675 -16.181 -16.362
  -6.673 -49.500     NaN
  -6.671 -49.500 -49.500
  -6.669 -16.301 -49.500
  -6.667 -15.621 -49.500
  -6.665 -16.122 -49.500
  -6.663 -49.500 -49.500
  -6.661 -49.500     NaN
  -6.658 -15.971 -49.500
  -6.656 -16.323 -16.323
  -6.654 -49.500     NaN
  -6.652 -16.735 -49.500
  -6.650 -49.500 -49.500
  -6.648 -49.500 -49.500
  -6.646 -49.500     NaN
  -6.644 -16.567 -49.500
  -6.642 -49.500     NaN
  -6.640 -16.564 -49.500
  -6.638 -49.500     NaN
  -6.636 -49.500     NaN
  -6.634 -49.500     NaN
  -6.632 -49.500     NaN
  -6.630 -49.500     NaN
  -6.628 -49.500     NaN
  -6.626 -15.281 -16.659
  -6.624 -16.816 -49.500
  -6.622 -49.500 -49.500
  -6.620 -16.462 -49.500
  -6.618 -49.500 -49.500
  -6.617 -16.171 -49.500
  -6.615 -16.316 -49.500
  -6.613 -16.082 -16.082
  -6.611 -49.500 -49.500
  -6.609 -49.500 -49.500
  -6.607 -49.500 -49.500
  -6.605 -49.500 -49.500
  -6.603 -49.500     NaN
  -6.602 -49.500 -49.500
  -6.600 -16.551 -49.500
  -6.598 -49.500     NaN
  -6.596 -49.500     NaN
  -6.594 -16.434 -49.500
