  -8.861 -13.763 -13.763
  -8.599 -13.913 -13.913
  -8.442 -13.974 -13.974
  -8.329 -14.112 -14.112
  -8.239 -14.139 -14.139
  -8.166 -14.206 -14.206
  -8.103 -14.157 -14.157
  -8.048 -14.294 -14.294
  -7.999 -14.352 -14.352
  -7.955 -14.309 -14.309
  -7.916 -14.283 -14.437
  -7.879 -14.597 -14.597
  -7.846 -14.477 -14.477
  -7.815 -14.603 -14.603
  -7.786 -14.558 -14.558
  -7.758 -14.324 -14.324
  -7.733 -14.717 -14.717
  -7.709 -14.659 -14.659
  -7.686 -14.390 -14.636
  -7.664 -14.780 -14.780
  -7.643 -14.616 -14.889
  -7.624 -14.519 -14.519
  -7.605 -14.680 -14.918
  -7.586 -14.499 -14.680
  -7.569 -14.437 -14.437
  -7.552 -14.743 -14.920
  -7.536 -14.559 -14.758
  -7.521 -14.591 -14.831
  -7.506 -14.421 -14.762
  -7.491 -14.948 -14.948
  -7.477 -14.533 -14.860
  -7.464 -14.648 -14.971
  -7.451 -15.314 -15.314
  -7.438 -14.529 -15.113
  -7.425 -15.300 -15.300
  -7.413 -15.189 -15.189
  -7.401 -14.982 -14.982
  -7.390 -15.276 -15.457
  -7.379 -15.343 -15.343
  -7.368 -15.278 -15.278
  -7.357 -15.152 -15.324
  -7.347 -15.000 -15.314
  -7.337 -15.175 -15.175
  -7.327 -14.490 -15.095
  -7.317 -15.155 -15.310
  -7.308 -15.203 -15.362
  -7.299 -15.420 -15.420
  -7.290 -14.507 -15.409
  -7.281 -15.077 -15.624
  -7.272 -14.680 -15.474
  -7.264 -15.071 -15.259
  -7.255 -15.014 -15.568
  -7.247 -15.186 -15.561
  -7.239 -15.200 -15.200
  -7.231 -15.351 -15.584
  -7.223 -15.632 -15.632
  -7.216 -15.288 -15.693
  -7.208 -15.527 -15.527
  -7.201 -15.642 -15.642
  -7.194 -15.097 -15.296
  -7.187 -15.528 -15.528
  -7.180 -15.499 -15.499
  -7.173 -15.221 -15.664
  -7.166 -15.590 -15.829
  -7.159 -15.387 -15.634
  -7.153 -14.682 -15.988
  -7.146 -15.371 -15.551
  -7.140 -15.721 -15.721
  -7.133 -15.771 -15.771
  -7.127 -15.137 -15.522
  -7.121 -15.745 -15.969
  -7.115 -16.263 -16.263
  -7.109 -15.794 -15.794
  -7.103 -15.777 -16.057
  -7.098 -16.086 -16.086
  -7.092 -15.454 -15.929
  -7.086 -15.380 -15.547
  -7.081 -15.458 -15.891
  -7.075 -15.721 -15.721
  -7.070 -15.745 -15.908
  -7.064 -15.503 -15.750
  -7.059 -15.879 -15.879
  -7.054 -15.619 -15.619
  -7.049 -15.710 -15.710
  -7.043 -16.089 -16.273
  -7.038 -15.547 -16.169
  -7.033 -15.514 -15.668
  -7.029 -14.627 -15.782
  -7.024 -14.552 -15.161
  -7.019 -15.337 -15.575
  -7.014 -15.422 -15.595
  -7.009 -15.503 -15.882
  -7.005 -15.968 -15.968
  -7.000 -15.593 -15.749
  -6.995 -15.877 -15.877
  -6.991 -15.551 -15.705
  -6.986 -16.112 -16.280
  -6.982 -16.335 -16.335
  -6.978 -15.892 -16.355
  -6.973 -15.492 -16.145
  -6.969 -15.331 -16.233
  -6.965 -16.472 -16.625
  -6.961 -16.387 -16.387
  -6.956 -15.915 -16.395
  -6.952 -14.301 -15.693
  -6.948 -16.297 -16.462
  -6.944 -16.155 -16.830
  -6.940 -16.123 -16.821
  -6.936 -15.578 -15.578
  -6.932 -16.623 -16.623
  -6.928 -15.958 -16.245
  -6.924 -15.441 -16.185
  -6.920 -15.774 -16.391
  -6.917 -15.541 -16.116
  -6.913 -16.155 -16.327
  -6.909 -15.203 -16.944
  -6.905 -15.829 -16.211
  -6.902 -14.975 -16.801
  -6.898 -15.751 -15.751
  -6.894 -16.493 -16.493
  -6.891 -14.902 -16.305
  -6.887 -16.382 -16.382
  -6.884 -16.043 -16.326
  -6.880 -16.013 -16.609
  -6.877 -16.608 -16.769
  -6.873 -16.281 -16.661
  -6.870 -15.631 -16.003
  -6.867 -16.116 -16.116
  -6.863 -16.666 -49.500
  -6.860 -15.897 -16.104
  -6.857 -16.457 -16.457
  -6.853 -16.989 -49.500
  -6.850 -16.313 -16.538
  -6.847 -15.799 -16.329
  -6.844 -16.206 -16.538
  -6.840 -15.771 -15.974
  -6.837 -15.844 -16.389
  -6.834 -16.318 -16.516
  -6.831 -49.500     NaN
  -6.828 -16.603 -17.091
  -6.825 -16.142 -16.557
  -6.822 -49.500     NaN
  -6.819 -16.723 -49.500
  -6.816 -16.396 -16.690
  -6.813 -15.225 -15.933
  -6.810 -15.930 -15.930
  -6.807 -16.791 -49.500
  -6.804 -16.496 -16.662
  -6.801 -16.830 -17.104
  -6.798 -17.307 -49.500
  -6.795 -16.602 -16.992
  -6.792 -15.654 -15.964
  -6.789 -16.393 -16.715
  -6.787 -16.593 -16.888
  -6.784 -16.084 -16.432
  -6.781 -16.814 -49.500
  -6.778 -15.819 -17.204
  -6.775 -16.067 -17.037
  -6.773 -49.500     NaN
  -6.770 -16.363 -16.520
  -6.767 -16.529 -16.758
  -6.765 -16.198 -49.500
  -6.762 -16.863 -49.500
  -6.759 -49.500     NaN
  -6.757 -16.415 -49.500
  -6.754 -16.802 -17.143
  -6.751 -16.100 -16.100
  -6.749 -16.285 -49.500
  -6.746 -16.150 -49.500
  -6.744 -16.710 -49.500
  -6.741 -49.500     NaN
  -6.739 -49.500     NaN
  -6.736 -15.723 -49.500
  -6.734 -16.464 -16.637
  -6.731 -16.155 -49.500
  -6.729 -16.461 -16.838
  -6.726 -16.896 -49.500
  -6.724 -16.531 -49.500
  -6.721 -17.042 -49.500
  -6.719 -16.096 -16.096
  -6.717 -16.388 -49.500
  -6.714 -17.039 -49.500
  -6.712 -49.500     NaN
  -6.709 -16.344 -49.500
  -6.707 -16.641 -49.500
  -6.705 -16.203 -16.379
  -6.702 -16.437 -49.500
  -6.700 -49.500     NaN
  -6.698 -16.540 -16.540
  -6.696 -16.098 -17.079
  -6.693 -16.992 -49.500
  -6.691 -16.740 -49.500
  -6.689 -16.100 -16.100
  -6.687 -16.177 -49.500
  -6.684 -16.236 -16.554
  -6.682 -49.500 -49.500
  -6.680 -16.680 -17.026
  -6.678 -49.500 -49.500
  -6.675 -16.657 -49.500
  -6.673 -49.500     NaN
  -6.671 -15.729 -49.500
  -6.669 -49.500     NaN
  -6.667 -16.394 -16.645
  -6.665 -49.500     NaN
  -6.663 -16.576 -49.500
  -6.661 -16.359 -16.359
  -6.658 -49.500     NaN
  -6.656 -49.500     NaN
  -6.654 -16.687 -16.687
  -6.652 -16.527 -16.527
  -6.650 -49.500 -49.500
  -6.648 -14.993 -49.500
  -6.646 -15.676 -49.500
  -6.644 -49.500 -49.500
  -6.642 -49.500 -49.500
  -6.640 -49.500 -49.500
  -6.638 -16.724 -16.724
  -6.636 -49.500     NaN
  -6.634 -49.500 -49.500
  -6.632 -15.273 -49.500
  -6.630 -16.007 -49.500
  -6.628 -49.500 -49.500
  -6.626 -49.500     NaN
  -6.624 -49.500 -49.500
  -6.622 -49.500 -49.500
  -6.620 -49.500     NaN
  -6.618 -49.500 -49.500
  -6.617 -49.500     NaN
  -6.615 -49.500 -49.500
  -6.613 -16.775 -49.500
  -6.611 -49.500 -49.500
  -6.609 -15.796 -49.500
  -6.607 -16.828 -16.828
  -6.605 -15.725 -15.725
  -6.603 -16.249 -49.500
  -6.602 -16.571 -49.500
  -6.600 -49.500 -49.500
  -6.598 -15.090 -16.651
  -6.596 -49.500 -49.500
  -6.594 -49.500     NaN
