  -8.861 -13.780 -13.780
  -8.599 -13.896 -13.896
  -8.442 -14.020 -14.020
  -8.329 -14.111 -14.111
  -8.239 -14.161 -14.161
  -8.166 -14.145 -14.145
  -8.103 -14.172 -14.172
  -8.048 -14.182 -14.182
  -7.999 -14.266 -14.266
  -7.955 -14.328 -14.328
  -7.916 -14.280 -14.499
  -7.879 -14.512 -14.512
  -7.846 -14.130 -14.294
  -7.815 -14.536 -14.536
  -7.786 -14.526 -14.526
  -7.758 -14.457 -14.457
  -7.733 -14.450 -14.664
  -7.709 -14.391 -14.562
  -7.686 -14.715 -14.715
  -7.664 -14.908 -14.908
  -7.643 -14.666 -14.666
  -7.624 -14.887 -14.887
  -7.605 -14.850 -14.850
  -7.586 -14.367 -14.367
  -7.569 -14.617 -14.809
  -7.552 -14.606 -14.960
  -7.536 -14.993 -14.993
  -7.521 -15.204 -15.204
  -7.506 -14.752 -15.152
  -7.491 -14.387 -15.137
  -7.477 -14.713 -14.984
  -7.464 -15.084 -15.084
  -7.451 -15.133 -15.133
  -7.438 -15.120 -15.327
  -7.425 -14.965 -15.172
  -7.413 -15.013 -15.013
  -7.401 -14.687 -15.140
  -7.390 -15.122 -15.122
  -7.379 -14.368 -15.025
  -7.368 -14.891 -15.247
  -7.357 -14.382 -14.734
  -7.347 -15.268 -15.422
  -7.337 -15.162 -15.162
  -7.327 -14.896 -15.465
  -7.317 -15.259 -15.259
  -7.308 -15.371 -15.371
  -7.299 -15.517 -15.517
  -7.290 -15.710 -15.710
  -7.281 -15.035 -15.035
  -7.272 -15.441 -15.441
  -7.264 -15.264 -15.555
  -7.255 -15.233 -15.233
  -7.247 -14.109 -15.458
  -7.239 -15.246 -15.246
  -7.231 -15.257 -15.257
  -7.223 -15.172 -15.333
  -7.216 -15.399 -15.399
  -7.208 -15.650 -15.650
  -7.201 -15.418 -15.828
  -7.194 -15.418 -15.418
  -7.187 -15.480 -15.480
  -7.180 -15.429 -15.723
  -7.173 -14.207 -15.363
  -7.166 -15.665 -15.665
  -7.159 -15.188 -15.370
  -7.153 -15.306 -15.871
  -7.146 -15.631 -15.832
  -7.140 -15.492 -15.856
  -7.133 -14.234 -15.710
  -7.127 -15.569 -15.569
  -7.121 -15.083 -15.757
  -7.115 -15.659 -15.845
  -7.109 -15.226 -15.924
  -7.103 -15.710 -16.001
  -7.098 -15.751 -15.751
  -7.092 -15.643 -15.833
  -7.086 -15.300 -15.621
  -7.081 -15.466 -15.914
  -7.075 -15.442 -15.602
  -7.070 -15.250 -15.617
  -7.064 -15.697 -15.697
  -7.059 -15.815 -16.057
  -7.054 -15.563 -15.563
  -7.049 -15.980 -15.980
  -7.043 -15.749 -15.749
  -7.038 -15.842 -16.324
  -7.033 -15.526 -16.055
  -7.029 -15.058 -15.786
  -7.024 -16.121 -16.496
  -7.019 -15.839 -16.004
  -7.014 -16.019 -16.019
  -7.009 -15.761 -15.997
  -7.005 -16.091 -16.376
  -7.000 -16.211 -16.384
  -6.995 -16.043 -16.043
  -6.991 -15.988 -16.203
  -6.986 -15.889 -16.240
  -6.982 -15.783 -15.956
  -6.978 -15.963 -16.143
  -6.973 -15.877 -16.036
  -6.969 -14.881 -16.482
  -6.965 -15.752 -15.930
  -6.961 -16.311 -16.470
  -6.956 -15.728 -16.072
  -6.952 -16.313 -16.313
  -6.948 -16.054 -16.499
  -6.944 -15.563 -15.563
  -6.940 -15.367 -15.917
  -6.936 -15.887 -15.887
  -6.932 -15.499 -15.957
  -6.928 -16.559 -16.559
  -6.924 -16.152 -16.761
  -6.920 -15.764 -16.347
  -6.917 -16.227 -16.427
  -6.913 -16.010 -49.500
  -6.909 -16.021 -16.021
  -6.905 -16.537 -17.075
  -6.902 -15.666 -16.346
  -6.898 -15.455 -15.946
  -6.894 -15.787 -16.247
  -6.891 -15.952 -16.125
  -6.887 -16.653 -16.835
  -6.884 -16.106 -16.320
  -6.880 -15.691 -16.336
  -6.877 -15.898 -16.293
  -6.873 -16.039 -16.652
  -6.870 -16.257 -16.517
  -6.867 -16.158 -16.346
  -6.863 -16.625 -17.172
  -6.860 -16.251 -16.251
  -6.857 -16.264 -16.836
  -6.853 -16.046 -16.813
  -6.850 -16.468 -16.864
  -6.847 -16.247 -16.963
  -6.844 -16.571 -16.741
  -6.840 -16.070 -16.756
  -6.837 -16.182 -16.182
  -6.834 -16.257 -16.870
  -6.831 -16.575 -17.376
  -6.828 -15.822 -15.822
  -6.825 -15.351 -16.438
  -6.822 -16.111 -16.262
  -6.819 -16.644 -16.821
  -6.816 -15.928 -15.928
  -6.813 -16.305 -16.609
  -6.810 -15.466 -16.172
  -6.807 -15.523 -15.718
  -6.804 -16.615 -16.831
  -6.801 -15.236 -16.529
  -6.798 -15.714 -16.571
  -6.795 -49.500     NaN
  -6.792 -16.355 -16.920
  -6.789 -16.692 -49.500
  -6.787 -16.488 -49.500
  -6.784 -16.980 -49.500
  -6.781 -16.196 -49.500
  -6.778 -16.444 -49.500
  -6.775 -16.824 -17.221
  -6.773 -16.286 -16.559
  -6.770 -16.396 -49.500
  -6.767 -16.410 -16.966
  -6.765 -16.621 -49.500
  -6.762 -15.903 -49.500
  -6.759 -16.538 -16.709
  -6.757 -16.311 -16.547
  -6.754 -16.258 -49.500
  -6.751 -49.500 -49.500
  -6.749 -49.500 -49.500
  -6.746 -49.500     NaN
  -6.744 -15.376 -16.400
  -6.741 -16.120 -16.756
  -6.739 -16.938 -49.500
  -6.736 -16.157 -49.500
  -6.734 -49.500     NaN
  -6.731 -49.500 -49.500
  -6.729 -16.331 -16.509
  -6.726 -16.254 -49.500
  -6.724 -49.500     NaN
  -6.721 -15.324 -16.910
  -6.719 -49.500     NaN
  -6.717 -16.441 -49.500
  -6.714 -16.603 -16.781
  -6.712 -16.527 -17.014
  -6.709 -15.247 -16.772
  -6.707 -49.500 -49.500
  -6.705 -49.500     NaN
  -6.702 -49.500     NaN
  -6.700 -16.682 -16.682
  -6.698 -14.697 -49.500
  -6.696 -49.500     NaN
  -6.693 -49.500     NaN
  -6.691 -16.718 -49.500
  -6.689 -16.997 -49.500
  -6.687 -16.475 -49.500
  -6.684 -16.271 -16.271
  -6.682 -49.500     NaN
  -6.680 -49.500 -49.500
  -6.678 -49.500 -49.500
  -6.675 -49.500 -49.500
  -6.673 -15.534 -49.500
  -6.671 -16.177 -49.500
  -6.669 -49.500 -49.500
  -6.667 -49.500     NaN
  -6.665 -15.701 -16.827
  -6.663 -49.500 -49.500
  -6.661 -49.500 -49.500
  -6.658 -17.225 -49.500
  -6.656 -49.500 -49.500
  -6.654 -49.500 -49.500
  -6.652 -17.100 -49.500
  -6.650 -15.737 -49.500
  -6.648 -49.500     NaN
  -6.646 -16.380 -16.568
  -6.644 -49.500     NaN
  -6.642 -49.500 -49.500
  -6.640 -49.500 -49.500
  -6.638 -16.597 -16.929
  -6.636 -49.500 -49.500
  -6.634 -49.500 -49.500
  -6.632 -16.148 -49.500
  -6.630 -49.500     NaN
  -6.628 -15.794 -49.500
  -6.626 -16.508 -16.508
  -6.624 -49.500 -49.500
  -6.622 -15.173 -15.373
  -6.620 -16.101 -16.101
  -6.618 -49.500 -49.500
  -6.617 -15.799 -49.500
  -6.615 -15.431 -16.839
  -6.613 -49.500     NaN
  -6.611 -49.500     NaN
  -6.609 -49.500 -49.500
  -6.607 -15.544 -49.500
  -6.605 -49.500 -49.500
  -6.603 -49.500 -49.500
  -6.602 -49.500 -49.500
  -6.600 -15.757 -49.500
  -6.598 -49.500     NaN
  -6.596 -49.500 -49.500
  -6.594 -49.500 -49.500
