  -8.861 -13.725 -13.725
  -8.599 -13.825 -13.825
  -8.442 -13.822 -13.990
  -8.329 -13.952 -13.952
  -8.239 -14.090 -14.090
  -8.166 -14.049 -14.210
  -8.103 -14.098 -14.267
  -8.048 -14.238 -14.238
  -7.999 -14.217 -14.217
  -7.955 -14.258 -14.258
  -7.916 -13.900 -14.360
  -7.879 -14.509 -14.509
  -7.846 -14.447 -14.447
  -7.815 -14.525 -14.525
  -7.786 -14.439 -14.681
  -7.758 -14.609 -14.609
  -7.733 -14.679 -14.679
  -7.709 -14.318 -14.869
  -7.686 -14.360 -14.360
  -7.664 -14.800 -14.800
  -7.643 -14.330 -14.714
  -7.624 -14.745 -14.929
  -7.605 -14.842 -14.842
  -7.586 -14.833 -14.833
  -7.569 -14.788 -14.788
  -7.552 -14.865 -14.865
  -7.536 -14.748 -14.748
  -7.521 -14.953 -15.225
  -7.506 -15.113 -15.113
  -7.491 -14.749 -14.749
  -7.477 -14.946 -14.946
  -7.464 -15.066 -15.066
  -7.451 -14.536 -15.075
  -7.438 -15.213 -15.213
  -7.425 -15.125 -15.125
  -7.413 -14.992 -14.992
  -7.401 -15.105 -15.288
  -7.390 -15.113 -15.341
  -7.379 -15.358 -15.358
  -7.368 -15.309 -15.309
  -7.357 -14.698 -15.399
  -7.347 -15.091 -15.385
  -7.337 -15.046 -15.318
  -7.327 -14.540 -14.865
  -7.317 -14.827 -15.432
  -7.308 -15.431 -15.431
  -7.299 -15.358 -15.358
  -7.290 -15.128 -15.722
  -7.281 -15.371 -15.371
  -7.272 -15.182 -15.182
  -7.264 -15.101 -15.358
  -7.255 -14.763 -14.991
  -7.247 -15.327 -15.518
  -7.239 -15.593 -15.593
  -7.231 -15.212 -15.471
  -7.223 -14.788 -15.044
  -7.216 -15.527 -15.527
  -7.208 -15.252 -15.720
  -7.201 -15.469 -15.469
  -7.194 -15.192 -15.794
  -7.187 -15.543 -15.788
  -7.180 -15.140 -15.386
  -7.173 -15.166 -15.508
  -7.166 -15.326 -15.486
  -7.159 -15.640 -15.889
  -7.153 -14.698 -15.884
  -7.146 -15.702 -15.702
  -7.140 -15.386 -16.046
  -7.133 -15.851 -15.851
  -7.127 -15.839 -15.839
  -7.121 -15.580 -16.014
  -7.115 -15.708 -15.912
  -7.109 -15.857 -15.857
  -7.103 -15.744 -15.744
  -7.098 -16.022 -16.022
  -7.092 -15.375 -16.042
  -7.086 -15.395 -15.658
  -7.081 -16.196 -16.196
  -7.075 -15.465 -15.790
  -7.070 -15.468 -15.846
  -7.064 -15.793 -15.793
  -7.059 -16.035 -16.035
  -7.054 -16.021 -16.021
  -7.049 -15.867 -15.867
  -7.043 -15.935 -15.935
  -7.038 -15.158 -15.670
  -7.033 -15.836 -16.022
  -7.029 -15.366 -16.140
  -7.024 -15.896 -15.896
  -7.019 -16.170 -16.170
  -7.014 -14.717 -15.704
  -7.009 -15.108 -15.389
  -7.005 -15.074 -15.799
  -7.000 -16.112 -16.472
  -6.995 -15.110 -15.347
  -6.991 -15.663 -15.663
  -6.986 -15.998 -15.998
  -6.982 -15.854 -16.078
  -6.978 -15.192 -16.351
  -6.973 -15.288 -15.667
  -6.969 -15.669 -15.892
  -6.965 -16.170 -16.170
  -6.961 -16.456 -16.611
  -6.956 -16.107 -16.107
  -6.952 -16.430 -16.598
  -6.948 -16.377 -16.377
  -6.944 -16.198 -16.362
  -6.940 -15.941 -16.219
  -6.936 -15.916 -16.068
  -6.932 -15.995 -16.428
  -6.928 -15.747 -15.978
  -6.924 -16.380 -16.380
  -6.920 -16.304 -16.542
  -6.917 -15.801 -15.954
  -6.913 -15.842 -16.265
  -6.909 -15.751 -16.053
  -6.905 -16.214 -16.686
  -6.902 -15.644 -15.807
  -6.898 -16.245 -16.437
  -6.894 -15.648 -16.376
  -6.891 -16.269 -16.572
  -6.887 -16.050 -16.373
  -6.884 -15.755 -16.423
  -6.880 -16.684 -16.684
  -6.877 -15.717 -16.178
  -6.873 -16.434 -16.865
  -6.870 -49.500     NaN
  -6.867 -16.438 -49.500
  -6.863 -16.414 -16.693
  -6.860 -16.487 -16.487
  -6.857 -15.963 -16.152
  -6.853 -16.042 -16.324
  -6.850 -15.995 -16.186
  -6.847 -15.571 -16.216
  -6.844 -16.067 -49.500
  -6.840 -15.291 -17.240
  -6.837 -16.286 -16.630
  -6.834 -16.701 -16.886
  -6.831 -15.981 -49.500
  -6.828 -16.856 -17.159
  -6.825 -16.303 -16.709
  -6.822 -15.633 -15.843
  -6.819 -16.345 -49.500
  -6.816 -16.388 -16.587
  -6.813 -16.704 -49.500
  -6.810 -16.039 -49.500
  -6.807 -49.500     NaN
  -6.804 -15.500 -16.282
  -6.801 -49.500     NaN
  -6.798 -15.490 -16.120
  -6.795 -16.286 -16.912
  -6.792 -16.870 -17.135
  -6.789 -16.151 -16.820
  -6.787 -16.958 -49.500
  -6.784 -49.500     NaN
  -6.781 -15.624 -16.503
  -6.778 -16.215 -16.576
  -6.775 -16.462 -17.055
  -6.773 -49.500     NaN
  -6.770 -16.979 -17.205
  -6.767 -16.935 -17.126
  -6.765 -16.517 -16.924
  -6.762 -15.532 -16.705
  -6.759 -49.500 -49.500
  -6.757 -16.700 -49.500
  -6.754 -49.500     NaN
  -6.751 -15.856 -16.298
  -6.749 -16.481 -16.481
  -6.746 -16.071 -17.378
  -6.744 -49.500 -49.500
  -6.741 -16.282 -49.500
  -6.739 -49.500 -49.500
  -6.736 -16.489 -16.652
  -6.734 -15.239 -15.239
  -6.731 -16.280 -16.952
  -6.729 -16.843 -49.500
  -6.726 -16.100 -49.500
  -6.724 -15.397 -16.937
  -6.721 -16.053 -16.053
  -6.719 -15.792 -16.065
  -6.717 -15.899 -16.989
  -6.714 -49.500     NaN
  -6.712 -49.500     NaN
  -6.709 -16.523 -16.822
  -6.707 -16.366 -49.500
  -6.705 -16.436 -16.609
  -6.702 -16.863 -49.500
  -6.700 -16.423 -16.423
  -6.698 -16.409 -49.500
  -6.696 -15.695 -16.377
  -6.693 -16.774 -49.500
  -6.691 -16.769 -49.500
  -6.689 -49.500     NaN
  -6.687 -15.595 -15.754
  -6.684 -16.624 -49.500
  -6.682 -49.500     NaN
  -6.680 -16.345 -16.565
  -6.678 -17.015 -49.500
  -6.675 -49.500     NaN
  -6.673 -49.500     NaN
  -6.671 -49.500 -49.500
  -6.669 -49.500     NaN
  -6.667 -49.500     NaN
  -6.665 -16.986 -49.500
  -6.663 -49.500 -49.500
  -6.661 -49.500     NaN
  -6.658 -49.500     NaN
  -6.656 -15.823 -15.823
  -6.654 -15.835 -17.110
  -6.652 -16.332 -16.739
  -6.650 -49.500     NaN
  -6.648 -49.500 -49.500
  -6.646 -16.797 -49.500
  -6.644 -49.500 -49.500
  -6.642 -49.500 -49.500
  -6.640 -16.843 -49.500
  -6.638 -49.500     NaN
  -6.636 -16.218 -49.500
  -6.634 -49.500     NaN
  -6.632 -49.500     NaN
  -6.630 -49.500 -49.500
  -6.628 -49.500 -49.500
  -6.626 -15.839 -15.839
  -6.624 -49.500 -49.500
  -6.622 -49.500 -49.500
  -6.620 -16.978 -16.978
  -6.618 -15.556 -49.500
  -6.617 -16.925 -49.500
  -6.615 -49.500 -49.500
  -6.613 -49.500 -49.500
  -6.611 -49.500 -49.500
  -6.609 -17.031 -49.500
  -6.607 -49.500     NaN
  -6.605 -15.930 -49.500
  -6.603 -49.500 -49.500
  -6.602 -49.500 -49.500
  -6.600 -15.882 -15.882
  -6.598 -15.558 -49.500
  -6.596 -16.153 -16.153
  -6.594 -49.500 -49.500
