  -8.861 -13.760 -13.760
  -8.599 -13.936 -13.936
  -8.442 -13.850 -13.850
  -8.329 -13.934 -13.934
  -8.239 -14.194 -14.194
  -8.166 -14.169 -14.169
  -8.103 -14.106 -14.311
  -8.048 -14.219 -14.219
  -7.999 -14.297 -14.297
  -7.955 -14.112 -14.474
  -7.916 -14.457 -14.457
  -7.879 -14.482 -14.482
  -7.846 -14.360 -14.360
  -7.815 -14.657 -14.657
  -7.786 -14.532 -14.532
  -7.758 -14.556 -14.556
  -7.733 -14.600 -14.600
  -7.709 -14.513 -14.513
  -7.686 -14.739 -14.739
  -7.664 -14.707 -14.707
  -7.643 -14.851 -14.851
  -7.624 -14.692 -14.692
  -7.605 -14.408 -14.765
  -7.586 -14.816 -14.816
  -7.569 -14.373 -14.612
  -7.552 -14.916 -14.916
  -7.536 -14.656 -15.021
  -7.521 -14.759 -15.012
  -7.506 -14.881 -14.881
  -7.491 -15.057 -15.057
  -7.477 -14.467 -14.818
  -7.464 -15.112 -15.112
  -7.451 -14.850 -14.850
  -7.438 -15.199 -15.199
  -7.425 -14.947 -14.947
  -7.413 -14.635 -15.228
  -7.401 -14.176 -15.323
  -7.390 -15.245 -15.468
  -7.379 -15.282 -15.282
  -7.368 -15.277 -15.475
  -7.357 -15.474 -15.474
  -7.347 -15.218 -15.218
  -7.337 -15.303 -15.303
  -7.327 -15.023 -15.323
  -7.317 -15.093 -15.093
  -7.308 -15.405 -15.405
  -7.299 -15.327 -15.327
  -7.290 -15.172 -15.328
  -7.281 -15.583 -15.583
  -7.272 -14.076 -15.145
  -7.264 -15.614 -15.614
  -7.255 -14.803 -15.033
  -7.247 -15.439 -15.634
  -7.239 -15.623 -15.623
  -7.231 -15.408 -15.622
  -7.223 -14.753 -14.753
  -7.216 -15.145 -15.499
  -7.208 -15.537 -15.537
  -7.201 -15.235 -15.235
  -7.194 -15.068 -15.271
  -7.187 -15.485 -15.781
  -7.180 -15.473 -15.669
  -7.173 -15.095 -15.285
  -7.166 -15.467 -15.900
  -7.159 -15.321 -15.321
  -7.153 -15.822 -15.822
  -7.146 -15.505 -15.681
  -7.140 -15.673 -15.673
  -7.133 -16.081 -16.081
  -7.127 -15.467 -15.880
  -7.121 -15.341 -15.812
  -7.115 -15.126 -15.919
  -7.109 -15.499 -15.941
  -7.103 -14.746 -15.580
  -7.098 -15.292 -15.462
  -7.092 -15.842 -15.842
  -7.086 -15.441 -15.661
  -7.081 -15.304 -15.854
  -7.075 -15.105 -15.948
  -7.070 -16.004 -16.004
  -7.064 -15.590 -15.763
  -7.059 -14.913 -16.106
  -7.054 -15.715 -15.906
  -7.049 -15.956 -15.956
  -7.043 -15.949 -15.949
  -7.038 -16.712 -16.712
  -7.033 -15.320 -15.938
  -7.029 -15.795 -15.795
  -7.024 -15.701 -16.060
  -7.019 -16.064 -16.281
  -7.014 -16.137 -16.137
  -7.009 -16.126 -16.317
  -7.005 -16.045 -16.045
  -7.000 -15.882 -16.126
  -6.995 -15.382 -15.949
  -6.991 -16.252 -16.252
  -6.986 -15.768 -15.768
  -6.982 -15.569 -15.813
  -6.978 -15.419 -16.416
  -6.973 -15.863 -15.863
  -6.969 -16.199 -16.199
  -6.965 -16.121 -16.121
  -6.961 -15.913 -16.800
  -6.956 -15.910 -16.249
  -6.952 -15.609 -16.171
  -6.948 -15.531 -15.876
  -6.944 -15.509 -17.080
  -6.940 -16.001 -16.252
  -6.936 -15.317 -15.782
  -6.932 -15.792 -16.291
  -6.928 -16.832 -49.500
  -6.924 -15.810 -16.212
  -6.920 -16.186 -16.463
  -6.917 -16.307 -16.307
  -6.913 -15.200 -15.368
  -6.909 -15.473 -16.033
  -6.905 -16.383 -16.541
  -6.902 -16.132 -16.395
  -6.898 -16.251 -16.423
  -6.894 -15.459 -16.030
  -6.891 -16.795 -17.010
  -6.887 -15.998 -16.423
  -6.884 -14.750 -14.998
  -6.880 -16.230 -16.521
  -6.877 -16.401 -16.401
  -6.873 -16.639 -49.500
  -6.870 -15.949 -16.255
  -6.867 -16.459 -16.459
  -6.863 -16.127 -16.580
  -6.860 -16.101 -16.744
  -6.857 -15.362 -15.747
  -6.853 -15.362 -15.994
  -6.850 -16.928 -17.131
  -6.847 -15.381 -16.547
  -6.844 -16.255 -16.539
  -6.840 -16.361 -16.721
  -6.837 -15.662 -16.612
  -6.834 -16.210 -16.400
  -6.831 -16.019 -16.243
  -6.828 -16.118 -16.118
  -6.825 -49.500     NaN
  -6.822 -16.350 -16.350
  -6.819 -16.256 -16.415
  -6.816 -49.500     NaN
  -6.813 -17.208 -49.500
  -6.810 -16.497 -16.655
  -6.807 -15.847 -49.500
  -6.804 -17.112 -49.500
  -6.801 -16.625 -49.500
  -6.798 -15.787 -16.245
  -6.795 -16.157 -16.315
  -6.792 -16.621 -16.871
  -6.789 -49.500     NaN
  -6.787 -16.376 -16.637
  -6.784 -16.763 -49.500
  -6.781 -16.254 -16.561
  -6.778 -49.500 -49.500
  -6.775 -16.802 -16.979
  -6.773 -16.361 -16.691
  -6.770 -16.995 -49.500
  -6.767 -16.118 -16.524
  -6.765 -16.389 -16.728
  -6.762 -16.680 -16.894
  -6.759 -15.929 -16.308
  -6.757 -16.368 -49.500
  -6.754 -15.990 -15.990
  -6.751 -16.914 -49.500
  -6.749 -16.779 -49.500
  -6.746 -16.271 -16.512
  -6.744 -17.220 -49.500
  -6.741 -49.500     NaN
  -6.739 -16.862 -49.500
  -6.736 -49.500     NaN
  -6.734 -16.107 -49.500
  -6.731 -14.961 -16.749
  -6.729 -16.211 -49.500
  -6.726 -49.500     NaN
  -6.724 -49.500     NaN
  -6.721 -15.575 -16.530
  -6.719 -15.393 -16.448
  -6.717 -16.555 -16.951
  -6.714 -16.878 -49.500
  -6.712 -15.095 -15.445
  -6.709 -49.500     NaN
  -6.707 -15.740 -16.464
  -6.705 -49.500     NaN
  -6.702 -15.981 -49.500
  -6.700 -49.500 -49.500
  -6.698 -16.433 -16.433
  -6.696 -16.002 -16.477
  -6.693 -15.306 -16.920
  -6.691 -16.297 -49.500
  -6.689 -15.957 -49.500
  -6.687 -16.515 -49.500
  -6.684 -16.592 -49.500
  -6.682 -49.500 -49.500
  -6.680 -49.500     NaN
  -6.678 -16.160 -49.500
  -6.675 -15.497 -16.384
  -6.673 -16.002 -16.002
  -6.671 -49.500     NaN
  -6.669 -49.500 -49.500
  -6.667 -16.643 -16.643
  -6.665 -49.500 -49.500
  -6.663 -49.500 -49.500
  -6.661 -49.500 -49.500
  -6.658 -49.500     NaN
  -6.656 -16.381 -16.381
  -6.654 -49.500 -49.500
  -6.652 -15.763 -49.500
  -6.650 -16.486 -49.500
  -6.648 -49.500 -49.500
  -6.646 -49.500     NaN
  -6.644 -49.500 -49.500
  -6.642 -49.500     NaN
  -6.640 -16.408 -49.500
  -6.638 -49.500     NaN
  -6.636 -16.125 -16.125
  -6.634 -49.500     NaN
  -6.632 -49.500     NaN
  -6.630 -16.241 -49.500
  -6.628 -49.500     NaN
  -6.626 -49.500 -49.500
  -6.624 -16.660 -49.500
  -6.622 -49.500 -49.500
  -6.620 -49.500 -49.500
  -6.618 -15.204 -15.204
  -6.617 -16.649 -49.500
  -6.615 -49.500 -49.500
  -6.613 -16.518 -16.518
  -6.611 -15.820 -16.231
  -6.609 -15.632 -49.500
  -6.607 -16.304 -49.500
  -6.605 -49.500 -49.500
  -6.603 -49.500     NaN
  -6.602 -49.500     NaN
  -6.600 -49.500 -49.500
  -6.598 -49.500 -49.500
  -6.596 -16.524 -49.500
  -6.594 -49.500     NaN
