  -8.861 -13.726 -13.726
  -8.599 -13.903 -13.903
  -8.442 -13.986 -13.986
  -8.329 -14.120 -14.120
  -8.239 -14.217 -14.217
  -8.166 -13.743 -14.091
  -8.103 -14.251 -14.251
  -8.048 -14.291 -14.291
  -7.999 -14.215 -14.215
  -7.955 -14.421 -14.421
  -7.916 -14.478 -14.478
  -7.879 -14.339 -14.339
  -7.846 -14.591 -14.591
  -7.815 -14.585 -14.585
  -7.786 -14.629 -14.629
  -7.758 -14.582 -14.582
  -7.733 -14.602 -14.602
  -7.709 -14.325 -14.611
  -7.686 -14.785 -14.785
  -7.664 -14.664 -14.664
  -7.643 -14.291 -14.818
  -7.624 -14.433 -14.814
  -7.605 -14.928 -14.928
  -7.586 -14.900 -14.900
  -7.569 -14.579 -14.910
  -7.552 -14.515 -14.694
  -7.536 -14.931 -15.087
  -7.521 -14.925 -14.925
  -7.506 -14.799 -14.799
  -7.491 -15.174 -15.174
  -7.477 -14.711 -15.055
  -7.464 -15.323 -15.323
  -7.451 -14.853 -14.853
  -7.438 -15.175 -15.175
  -7.425 -14.861 -15.072
  -7.413 -14.414 -15.052
  -7.401 -14.853 -15.088
  -7.390 -15.109 -15.259
  -7.379 -14.872 -15.139
  -7.368 -14.353 -15.272
  -7.357 -15.502 -15.502
  -7.347 -14.886 -15.160
  -7.337 -15.336 -15.336
  -7.327 -14.986 -15.224
  -7.317 -15.391 -15.391
  -7.308 -15.331 -15.331
  -7.299 -15.409 -15.585
  -7.290 -14.730 -15.358
  -7.281 -15.441 -15.441
  -7.272 -14.544 -15.391
  -7.264 -15.225 -15.560
  -7.255 -15.068 -15.573
  -7.247 -14.740 -15.610
  -7.239 -15.074 -15.074
  -7.231 -15.138 -15.419
  -7.223 -15.285 -15.511
  -7.216 -14.948 -15.296
  -7.208 -14.885 -15.231
  -7.201 -15.649 -15.649
  -7.194 -15.542 -15.777
  -7.187 -15.491 -15.491
  -7.180 -15.476 -15.682
  -7.173 -15.429 -15.429
  -7.166 -15.303 -15.536
  -7.159 -15.255 -15.992
  -7.153 -15.401 -15.659
  -7.146 -14.599 -15.898
  -7.140 -15.349 -15.349
  -7.133 -15.429 -16.118
  -7.127 -15.446 -15.795
  -7.121 -15.543 -15.751
  -7.115 -15.297 -15.599
  -7.109 -15.405 -16.028
  -7.103 -15.475 -15.475
  -7.098 -15.829 -15.829
  -7.092 -15.751 -16.014
  -7.086 -15.530 -15.702
  -7.081 -15.784 -15.784
  -7.075 -15.683 -16.006
  -7.070 -15.501 -15.972
  -7.064 -14.616 -15.656
  -7.059 -15.434 -15.434
  -7.054 -15.722 -16.116
  -7.049 -15.870 -16.250
  -7.043 -15.989 -15.989
  -7.038 -15.956 -16.224
  -7.033 -16.201 -16.201
  -7.029 -15.968 -15.968
  -7.024 -16.312 -16.550
  -7.019 -16.060 -16.060
  -7.014 -15.482 -16.192
  -7.009 -15.629 -15.824
  -7.005 -16.642 -17.034
  -7.000 -15.915 -16.152
  -6.995 -15.214 -15.766
  -6.991 -15.557 -15.832
  -6.986 -15.548 -16.012
  -6.982 -16.398 -16.398
  -6.978 -16.235 -16.413
  -6.973 -14.499 -16.444
  -6.969 -15.786 -15.786
  -6.965 -16.872 -17.091
  -6.961 -15.828 -15.828
  -6.956 -15.940 -16.234
  -6.952 -15.007 -15.907
  -6.948 -14.202 -15.625
  -6.944 -14.942 -16.247
  -6.940 -16.143 -16.143
  -6.936 -15.725 -16.332
  -6.932 -15.910 -16.080
  -6.928 -16.675 -16.675
  -6.924 -16.496 -16.948
  -6.920 -15.813 -16.228
  -6.917 -16.206 -16.206
  -6.913 -16.908 -49.500
  -6.909 -16.258 -17.129
  -6.905 -16.320 -16.538
  -6.902 -15.731 -15.911
  -6.898 -15.496 -15.862
  -6.894 -15.737 -16.136
  -6.891 -16.017 -16.312
  -6.887 -16.103 -16.784
  -6.884 -15.367 -16.150
  -6.880 -16.217 -16.571
  -6.877 -16.362 -17.189
  -6.873 -14.738 -15.204
  -6.870 -16.364 -16.527
  -6.867 -15.925 -16.191
  -6.863 -15.612 -15.915
  -6.860 -16.572 -49.500
  -6.857 -17.015 -49.500
  -6.853 -17.117 -49.500
  -6.850 -49.500     NaN
  -6.847 -15.639 -15.961
  -6.844 -16.392 -16.392
  -6.840 -15.870 -16.268
  -6.837 -16.282 -16.537
  -6.834 -49.500     NaN
  -6.831 -16.002 -16.551
  -6.828 -16.166 -17.370
  -6.825 -16.654 -16.971
  -6.822 -16.344 -16.507
  -6.819 -15.568 -16.246
  -6.816 -16.472 -16.655
  -6.813 -16.936 -49.500
  -6.810 -49.500     NaN
  -6.807 -16.195 -16.710
  -6.804 -15.985 -16.192
  -6.801 -16.138 -49.500
  -6.798 -16.153 -16.339
  -6.795 -15.233 -16.856
  -6.792 -16.841 -49.500
  -6.789 -16.165 -16.567
  -6.787 -16.696 -16.860
  -6.784 -16.195 -49.500
  -6.781 -16.889 -49.500
  -6.778 -15.947 -15.947
  -6.775 -15.513 -16.883
  -6.773 -14.913 -15.614
  -6.770 -49.500     NaN
  -6.767 -16.195 -16.665
  -6.765 -16.739 -49.500
  -6.762 -16.153 -16.153
  -6.759 -49.500     NaN
  -6.757 -16.097 -16.880
  -6.754 -49.500     NaN
  -6.751 -16.536 -49.500
  -6.749 -49.500 -49.500
  -6.746 -15.469 -16.475
  -6.744 -49.500     NaN
  -6.741 -49.500     NaN
  -6.739 -16.975 -49.500
  -6.736 -14.981 -49.500
  -6.734 -15.438 -16.933
  -6.731 -49.500     NaN
  -6.729 -15.446 -16.149
  -6.726 -49.500     NaN
  -6.724 -16.267 -16.267
  -6.721 -49.500     NaN
  -6.719 -16.177 -49.500
  -6.717 -16.285 -49.500
  -6.714 -16.764 -49.500
  -6.712 -15.428 -49.500
  -6.709 -16.865 -49.500
  -6.707 -16.205 -49.500
  -6.705 -16.237 -49.500
  -6.702 -49.500     NaN
  -6.700 -16.459 -49.500
  -6.698 -49.500     NaN
  -6.696 -16.853 -49.500
  -6.693 -16.652 -49.500
  -6.691 -16.736 -49.500
  -6.689 -16.833 -49.500
  -6.687 -15.249 -15.249
  -6.684 -49.500 -49.500
  -6.682 -49.500 -49.500
  -6.680 -49.500     NaN
  -6.678 -15.890 -15.890
  -6.675 -15.865 -16.484
  -6.673 -16.689 -49.500
  -6.671 -16.389 -49.500
  -6.669 -16.106 -16.278
  -6.667 -49.500     NaN
  -6.665 -49.500     NaN
  -6.663 -49.500 -49.500
  -6.661 -49.500 -49.500
  -6.658 -15.922 -49.500
  -6.656 -49.500     NaN
  -6.654 -49.500 -49.500
  -6.652 -49.500 -49.500
  -6.650 -16.715 -49.500
  -6.648 -49.500     NaN
  -6.646 -16.763 -49.500
  -6.644 -15.634 -15.634
  -6.642 -49.500     NaN
  -6.640 -49.500 -49.500
  -6.638 -49.500     NaN
  -6.636 -49.500     NaN
  -6.634 -49.500     NaN
  -6.632 -49.500 -49.500
  -6.630 -16.048 -49.500
  -6.628 -16.434 -49.500
  -6.626 -16.504 -49.500
  -6.624 -49.500     NaN
  -6.622 -49.500     NaN
  -6.620 -16.129 -16.357
  -6.618 -16.961 -49.500
  -6.617 -49.500 -49.500
  -6.615 -16.590 -49.500
  -6.613 -49.500 -49.500
  -6.611 -49.500     NaN
  -6.609 -16.171 -16.426
  -6.607 -16.113 -16.113
  -6.605 -15.849 -49.500
  -6.603 -49.500 -49.500
  -6.602 -49.500 -49.500
  -6.600 -49.500 -49.500
  -6.598 -49.500 -49.500
  -6.596 -49.500 -49.500
  -6.594 -49.500 -49.500
