  -8.861 -13.779 -13.779
  -8.599 -13.888 -13.888
  -8.442 -13.976 -13.976
  -8.329 -14.102 -14.102
  -8.239 -14.059 -14.059
  -8.166 -14.217 -14.217
  -8.103 -14.214 -14.214
  -8.048 -14.268 -14.268
  -7.999 -13.972 -14.185
  -7.955 -14.321 -14.321
  -7.916 -14.404 -14.404
  -7.879 -14.577 -14.577
  -7.846 -14.015 -14.303
  -7.815 -14.169 -14.169
  -7.786 -14.629 -14.629
  -7.758 -14.535 -14.535
  -7.733 -14.569 -14.569
  -7.709 -14.691 -14.691
  -7.686 -14.497 -14.657
  -7.664 -14.537 -14.537
  -7.643 -14.480 -14.480
  -7.624 -14.692 -14.861
  -7.605 -14.629 -14.827
  -7.586 -14.639 -14.929
  -7.569 -14.978 -14.978
  -7.552 -14.915 -14.915
  -7.536 -14.832 -14.832
  -7.521 -14.923 -14.923
  -7.506 -14.492 -14.492
  -7.491 -14.997 -14.997
  -7.477 -14.124 -14.908
  -7.464 -14.937 -14.937
  -7.451 -15.145 -15.145
  -7.438 -14.684 -14.684
  -7.425 -14.855 -15.201
  -7.413 -14.088 -14.887
  -7.401 -15.308 -15.308
  -7.390 -14.952 -14.952
  -7.379 -15.264 -15.264
  -7.368 -15.176 -15.176
  -7.357 -14.907 -14.907
  -7.347 -15.430 -15.430
  -7.337 -15.124 -15.124
  -7.327 -15.227 -15.227
  -7.317 -14.758 -15.385
  -7.308 -15.083 -15.083
  -7.299 -15.020 -15.326
  -7.290 -15.331 -15.331
  -7.281 -15.539 -15.539
  -7.272 -15.033 -15.478
  -7.264 -15.538 -15.709
  -7.255 -15.070 -15.070
  -7.247 -15.315 -15.508
  -7.239 -15.504 -15.504
  -7.231 -14.946 -15.693
  -7.223 -15.070 -15.448
  -7.216 -15.783 -15.783
  -7.208 -15.619 -15.619
  -7.201 -15.446 -15.620
  -7.194 -15.590 -15.590
  -7.187 -15.446 -15.446
  -7.180 -14.964 -15.621
  -7.173 -15.674 -15.674
  -7.166 -15.843 -15.843
  -7.159 -14.949 -15.686
  -7.153 -14.431 -15.777
  -7.146 -15.475 -15.475
  -7.140 -15.137 -15.514
  -7.133 -15.529 -15.529
  -7.127 -15.630 -15.630
  -7.121 -15.440 -15.833
  -7.115 -14.707 -15.809
  -7.109 -15.703 -15.703
  -7.103 -14.955 -15.579
  -7.098 -14.242 -15.534
  -7.092 -15.040 -15.796
  -7.086 -15.530 -15.914
  -7.081 -15.963 -15.963
  -7.075 -15.871 -15.871
  -7.070 -15.339 -15.339
  -7.064 -16.181 -16.181
  -7.059 -14.942 -16.013
  -7.054 -15.104 -15.905
  -7.049 -15.025 -15.567
  -7.043 -15.711 -15.992
  -7.038 -15.694 -15.886
  -7.033 -15.795 -16.130
  -7.029 -15.572 -15.779
  -7.024 -15.336 -15.508
  -7.019 -15.414 -16.124
  -7.014 -15.390 -15.667
  -7.009 -16.380 -16.380
  -7.005 -16.442 -16.442
  -7.000 -16.157 -16.349
  -6.995 -15.585 -15.944
  -6.991 -16.001 -16.001
  -6.986 -16.549 -16.751
  -6.982 -15.947 -16.283
  -6.978 -16.074 -16.074
  -6.973 -15.990 -15.990
  -6.969 -15.301 -15.523
  -6.965 -16.213 -16.213
  -6.961 -16.577 -16.740
  -6.956 -15.802 -16.213
  -6.952 -15.927 -16.172
  -6.948 -16.290 -16.680
  -6.944 -16.345 -16.639
  -6.940 -15.852 -16.254
  -6.936 -15.448 -16.009
  -6.932 -16.268 -16.434
  -6.928 -16.184 -16.742
  -6.924 -16.187 -16.421
  -6.920 -15.762 -16.143
  -6.917 -15.266 -16.003
  -6.913 -16.361 -16.743
  -6.909 -15.837 -15.996
  -6.905 -16.274 -16.844
  -6.902 -15.847 -15.847
  -6.898 -16.383 -16.580
  -6.894 -15.466 -15.824
  -6.891 -14.769 -15.616
  -6.887 -16.643 -16.864
  -6.884 -16.755 -16.755
  -6.880 -16.040 -16.485
  -6.877 -16.654 -16.851
  -6.873 -16.080 -16.593
  -6.870 -16.736 -49.500
  -6.867 -16.320 -16.706
  -6.863 -16.523 -16.724
  -6.860 -15.918 -16.179
  -6.857 -15.536 -16.414
  -6.853 -16.597 -16.821
  -6.850 -15.173 -16.724
  -6.847 -16.663 -16.942
  -6.844 -16.621 -16.801
  -6.840 -16.129 -16.301
  -6.837 -16.321 -16.607
  -6.834 -15.691 -16.446
  -6.831 -16.213 -16.705
  -6.828 -16.538 -17.098
  -6.825 -16.471 -17.107
  -6.822 -15.898 -16.826
  -6.819 -16.470 -17.030
  -6.816 -16.385 -16.888
  -6.813 -16.236 -16.736
  -6.810 -16.082 -16.424
  -6.807 -16.200 -16.388
  -6.804 -15.967 -15.967
  -6.801 -16.281 -16.281
  -6.798 -49.500     NaN
  -6.795 -16.399 -16.844
  -6.792 -49.500     NaN
  -6.789 -15.983 -49.500
  -6.787 -16.609 -16.878
  -6.784 -49.500     NaN
  -6.781 -16.605 -16.805
  -6.778 -16.280 -16.280
  -6.775 -17.050 -49.500
  -6.773 -16.393 -17.169
  -6.770 -16.094 -16.988
  -6.767 -17.204 -49.500
  -6.765 -16.759 -49.500
  -6.762 -16.719 -49.500
  -6.759 -49.500     NaN
  -6.757 -16.171 -16.412
  -6.754 -49.500     NaN
  -6.751 -16.553 -49.500
  -6.749 -15.810 -49.500
  -6.746 -16.557 -49.500
  -6.744 -16.180 -16.587
  -6.741 -16.421 -49.500
  -6.739 -16.044 -16.583
  -6.736 -16.645 -49.500
  -6.734 -16.973 -49.500
  -6.731 -15.418 -16.096
  -6.729 -49.500     NaN
  -6.726 -16.549 -49.500
  -6.724 -16.066 -16.415
  -6.721 -16.565 -49.500
  -6.719 -16.167 -49.500
  -6.717 -16.042 -49.500
  -6.714 -49.500 -49.500
  -6.712 -49.500     NaN
  -6.709 -16.464 -16.464
  -6.707 -16.426 -49.500
  -6.705 -16.148 -16.337
  -6.702 -49.500     NaN
  -6.700 -15.348 -49.500
  -6.698 -15.565 -16.465
  -6.696 -16.543 -49.500
  -6.693 -49.500 -49.500
  -6.691 -49.500     NaN
  -6.689 -16.714 -49.500
  -6.687 -16.128 -16.128
  -6.684 -16.763 -49.500
  -6.682 -49.500     NaN
  -6.680 -16.223 -49.500
  -6.678 -16.918 -49.500
  -6.675 -49.500 -49.500
  -6.673 -16.735 -49.500
  -6.671 -49.500     NaN
  -6.669 -16.515 -49.500
  -6.667 -49.500 -49.500
  -6.665 -49.500 -49.500
  -6.663 -16.174 -17.043
  -6.661 -16.916 -49.500
  -6.658 -16.507 -49.500
  -6.656 -16.396 -49.500
  -6.654 -15.824 -49.500
  -6.652 -49.500 -49.500
  -6.650 -16.212 -49.500
  -6.648 -16.393 -16.728
  -6.646 -15.840 -49.500
  -6.644 -49.500 -49.500
  -6.642 -49.500     NaN
  -6.640 -49.500 -49.500
  -6.638 -49.500 -49.500
  -6.636 -15.598 -16.308
  -6.634 -16.735 -49.500
  -6.632 -49.500 -49.500
  -6.630 -49.500     NaN
  -6.628 -49.500 -49.500
  -6.626 -16.666 -49.500
  -6.624 -49.500     NaN
  -6.622 -16.641 -49.500
  -6.620 -49.500 -49.500
  -6.618 -49.500 -49.500
  -6.617 -49.500 -49.500
  -6.615 -49.500     NaN
  -6.613 -49.500 -49.500
  -6.611 -49.500 -49.500
  -6.609 -16.219 -16.219
  -6.607 -16.364 -16.996
  -6.605 -49.500     NaN
  -6.603 -16.158 -49.500
  -6.602 -49.500 -49.500
  -6.600 -49.500     NaN
  -6.598 -49.500 -49.500
  -6.596 -16.789 -49.500
  -6.594 -49.500 -49.500
