  -8.861 -13.747 -13.747
  -8.599 -13.892 -13.892
  -8.442 -14.042 -14.042
  -8.329 -14.065 -14.065
  -8.239 -14.077 -14.077
  -8.166 -14.211 -14.211
  -8.103 -14.277 -14.277
  -8.048 -14.267 -14.267
  -7.999 -14.434 -14.434
  -7.955 -14.251 -14.251
  -7.916 -14.349 -14.349
  -7.879 -14.506 -14.506
  -7.846 -14.693 -14.693
  -7.815 -14.686 -14.686
  -7.786 -14.590 -14.590
  -7.758 -14.378 -14.598
  -7.733 -14.483 -14.483
  -7.709 -14.715 -14.715
  -7.686 -14.643 -14.643
  -7.664 -14.370 -14.889
  -7.643 -14.329 -14.830
  -7.624 -14.078 -14.844
  -7.605 -14.944 -14.944
  -7.586 -14.903 -14.903
  -7.569 -14.903 -14.903
  -7.552 -15.070 -15.070
  -7.536 -14.974 -14.974
  -7.521 -14.606 -15.181
  -7.506 -15.015 -15.015
  -7.491 -14.685 -15.147
  -7.477 -14.987 -14.987
  -7.464 -15.020 -15.020
  -7.451 -15.081 -15.250
  -7.438 -15.348 -15.348
  -7.425 -14.946 -14.946
  -7.413 -14.668 -15.042
  -7.401 -15.047 -15.236
  -7.390 -14.991 -15.290
  -7.379 -15.089 -15.253
  -7.368 -14.478 -15.382
  -7.357 -14.232 -15.141
  -7.347 -15.385 -15.564
  -7.337 -15.290 -15.290
  -7.327 -15.269 -15.269
  -7.317 -15.270 -15.270
  -7.308 -15.370 -15.370
  -7.299 -15.164 -15.164
  -7.290 -14.701 -14.953
  -7.281 -15.502 -15.502
  -7.272 -15.624 -15.624
  -7.264 -15.126 -15.619
  -7.255 -15.460 -15.460
  -7.247 -15.452 -15.452
  -7.239 -15.180 -15.180
  -7.231 -15.617 -15.617
  -7.223 -15.242 -15.647
  -7.216 -15.051 -15.427
  -7.208 -15.248 -15.248
  -7.201 -15.385 -15.614
  -7.194 -15.090 -15.628
  -7.187 -15.186 -15.736
  -7.180 -14.930 -15.147
  -7.173 -15.601 -15.601
  -7.166 -15.093 -15.424
  -7.159 -15.968 -15.968
  -7.153 -15.862 -15.862
  -7.146 -15.599 -16.084
  -7.140 -15.783 -15.950
  -7.133 -15.406 -15.575
  -7.127 -15.684 -15.684
  -7.121 -15.984 -15.984
  -7.115 -16.314 -16.314
  -7.109 -15.746 -15.746
  -7.103 -15.425 -15.745
  -7.098 -15.494 -15.853
  -7.092 -15.726 -15.726
  -7.086 -15.084 -15.563
  -7.081 -15.549 -16.095
  -7.075 -15.663 -15.663
  -7.070 -15.443 -15.920
  -7.064 -15.662 -15.828
  -7.059 -15.599 -15.599
  -7.054 -15.590 -15.590
  -7.049 -15.861 -16.083
  -7.043 -15.804 -15.966
  -7.038 -15.922 -15.922
  -7.033 -16.072 -16.072
  -7.029 -15.703 -16.072
  -7.024 -15.300 -15.761
  -7.019 -16.189 -16.342
  -7.014 -16.020 -16.020
  -7.009 -15.930 -15.930
  -7.005 -15.613 -15.885
  -7.000 -15.977 -16.293
  -6.995 -16.325 -16.325
  -6.991 -15.872 -16.170
  -6.986 -15.645 -15.820
  -6.982 -16.119 -16.574
  -6.978 -16.095 -16.095
  -6.973 -15.898 -16.062
  -6.969 -15.380 -15.540
  -6.965 -15.781 -16.089
  -6.961 -14.926 -16.247
  -6.956 -16.167 -16.479
  -6.952 -16.172 -16.172
  -6.948 -15.985 -16.235
  -6.944 -16.165 -16.373
  -6.940 -16.259 -16.259
  -6.936 -15.293 -15.293
  -6.932 -15.950 -15.950
  -6.928 -16.274 -16.274
  -6.924 -15.929 -16.162
  -6.920 -16.443 -16.443
  -6.917 -15.767 -15.996
  -6.913 -15.273 -15.886
  -6.909 -16.259 -16.259
  -6.905 -16.183 -16.460
  -6.902 -15.579 -15.579
  -6.898 -16.379 -16.379
  -6.894 -15.870 -15.870
  -6.891 -15.757 -16.102
  -6.887 -15.639 -16.293
  -6.884 -15.695 -49.500
  -6.880 -15.939 -15.939
  -6.877 -16.142 -16.309
  -6.873 -16.723 -16.890
  -6.870 -15.896 -16.949
  -6.867 -16.525 -16.708
  -6.863 -15.732 -16.257
  -6.860 -16.984 -49.500
  -6.857 -16.178 -16.481
  -6.853 -15.564 -16.525
  -6.850 -16.140 -16.331
  -6.847 -16.311 -16.574
  -6.844 -16.078 -16.698
  -6.840 -16.151 -16.720
  -6.837 -15.389 -49.500
  -6.834 -17.162 -49.500
  -6.831 -16.171 -49.500
  -6.828 -16.242 -16.714
  -6.825 -16.125 -16.349
  -6.822 -16.702 -17.048
  -6.819 -16.217 -16.217
  -6.816 -16.104 -16.275
  -6.813 -16.382 -49.500
  -6.810 -14.702 -16.231
  -6.807 -15.216 -17.093
  -6.804 -49.500     NaN
  -6.801 -17.180 -49.500
  -6.798 -49.500     NaN
  -6.795 -15.555 -16.292
  -6.792 -16.811 -49.500
  -6.789 -15.698 -49.500
  -6.787 -16.947 -49.500
  -6.784 -49.500     NaN
  -6.781 -16.724 -49.500
  -6.778 -15.104 -16.378
  -6.775 -16.475 -16.705
  -6.773 -16.549 -16.549
  -6.770 -16.699 -49.500
  -6.767 -16.548 -16.760
  -6.765 -16.584 -16.584
  -6.762 -16.016 -16.859
  -6.759 -16.315 -17.072
  -6.757 -16.648 -17.043
  -6.754 -16.073 -49.500
  -6.751 -16.594 -49.500
  -6.749 -49.500     NaN
  -6.746 -49.500     NaN
  -6.744 -16.337 -16.723
  -6.741 -16.008 -49.500
  -6.739 -15.948 -16.295
  -6.736 -16.887 -49.500
  -6.734 -16.955 -49.500
  -6.731 -15.993 -49.500
  -6.729 -16.590 -49.500
  -6.726 -49.500 -49.500
  -6.724 -15.716 -49.500
  -6.721 -49.500     NaN
  -6.719 -49.500     NaN
  -6.717 -49.500 -49.500
  -6.714 -49.500     NaN
  -6.712 -15.738 -49.500
  -6.709 -49.500     NaN
  -6.707 -16.302 -49.500
  -6.705 -16.471 -49.500
  -6.702 -15.790 -16.318
  -6.700 -49.500 -49.500
  -6.698 -15.950 -49.500
  -6.696 -49.500 -49.500
  -6.693 -49.500 -49.500
  -6.691 -15.923 -16.130
  -6.689 -49.500 -49.500
  -6.687 -16.376 -16.376
  -6.684 -16.770 -49.500
  -6.682 -49.500     NaN
  -6.680 -49.500 -49.500
  -6.678 -49.500 -49.500
  -6.675 -16.156 -16.156
  -6.673 -15.941 -17.198
  -6.671 -16.297 -16.508
  -6.669 -15.696 -49.500
  -6.667 -49.500     NaN
  -6.665 -16.228 -16.397
  -6.663 -16.334 -16.611
  -6.661 -49.500 -49.500
  -6.658 -49.500     NaN
  -6.656 -16.039 -16.525
  -6.654 -15.703 -16.258
  -6.652 -49.500     NaN
  -6.650 -16.620 -49.500
  -6.648 -49.500     NaN
  -6.646 -16.084 -16.084
  -6.644 -49.500 -49.500
  -6.642 -49.500     NaN
  -6.640 -16.547 -49.500
  -6.638 -49.500 -49.500
  -6.636 -16.282 -16.728
  -6.634 -16.446 -17.065
  -6.632 -15.562 -15.562
  -6.630 -16.267 -49.500
  -6.628 -49.500 -49.500
  -6.626 -49.500     NaN
  -6.624 -49.500 -49.500
  -6.622 -16.146 -49.500
  -6.620 -49.500 -49.500
  -6.618 -16.381 -16.566
  -6.617 -15.431 -16.243
  -6.615 -49.500     NaN
  -6.613 -49.500 -49.500
  -6.611 -16.568 -16.568
  -6.609 -16.375 -16.375
  -6.607 -49.500 -49.500
  -6.605 -49.500 -49.500
  -6.603 -49.500 -49.500
  -6.602 -49.500 -49.500
  -6.600 -49.500     NaN
  -6.598 -16.134 -49.500
  -6.596 -16.363 -49.500
  -6.594 -49.500     NaN
