  -8.861 -13.767 -13.767
  -8.599 -13.904 -13.904
  -8.442 -13.952 -13.952
  -8.329 -13.831 -14.129
  -8.239 -13.918 -13.918
  -8.166 -14.224 -14.224
  -8.103 -14.315 -14.315
  -8.048 -14.141 -14.356
  -7.999 -14.356 -14.524
  -7.955 -14.403 -14.403
  -7.916 -14.444 -14.444
  -7.879 -14.438 -14.438
  -7.846 -14.559 -14.559
  -7.815 -14.509 -14.509
  -7.786 -14.553 -14.553
  -7.758 -14.709 -14.709
  -7.733 -14.376 -14.706
  -7.709 -13.662 -14.304
  -7.686 -14.954 -14.954
  -7.664 -14.712 -14.712
  -7.643 -14.722 -14.722
  -7.624 -14.720 -14.720
  -7.605 -15.009 -15.009
  -7.586 -15.044 -15.044
  -7.569 -14.810 -14.810
  -7.552 -14.941 -14.941
  -7.536 -15.056 -15.211
  -7.521 -14.794 -14.794
  -7.506 -15.020 -15.020
  -7.491 -14.846 -14.846
  -7.477 -14.832 -15.279
  -7.464 -15.161 -15.323
  -7.451 -15.035 -15.035
  -7.438 -14.889 -14.889
  -7.425 -14.118 -14.968
  -7.413 -15.355 -15.355
  -7.401 -15.053 -15.368
  -7.390 -15.159 -15.159
  -7.379 -14.864 -15.225
  -7.368 -15.211 -15.211
  -7.357 -15.143 -15.354
  -7.347 -15.451 -15.451
  -7.337 -15.183 -15.532
  -7.327 -15.234 -15.234
  -7.317 -14.933 -14.933
  -7.308 -15.264 -15.264
  -7.299 -15.079 -15.233
  -7.290 -15.414 -15.414
  -7.281 -14.944 -15.142
  -7.272 -14.740 -15.118
  -7.264 -15.500 -15.697
  -7.255 -15.432 -15.432
  -7.247 -14.932 -15.132
  -7.239 -15.199 -15.365
  -7.231 -15.328 -15.328
  -7.223 -15.674 -15.674
  -7.216 -15.399 -15.399
  -7.208 -15.436 -15.594
  -7.201 -15.738 -15.738
  -7.194 -15.405 -15.737
  -7.187 -15.297 -15.585
  -7.180 -15.079 -15.509
  -7.173 -15.792 -15.792
  -7.166 -14.890 -15.133
  -7.159 -15.424 -15.671
  -7.153 -15.442 -15.442
  -7.146 -15.869 -15.869
  -7.140 -14.653 -14.653
  -7.133 -15.147 -15.847
  -7.127 -15.257 -15.844
  -7.121 -15.449 -15.651
  -7.115 -15.367 -15.858
  -7.109 -15.453 -15.627
  -7.103 -15.896 -15.896
  -7.098 -15.474 -15.648
  -7.092 -16.071 -16.071
  -7.086 -15.761 -15.761
  -7.081 -15.994 -15.994
  -7.075 -15.898 -16.077
  -7.070 -15.257 -15.502
  -7.064 -16.159 -16.159
  -7.059 -15.938 -15.938
  -7.054 -15.994 -15.994
  -7.049 -16.015 -16.015
  -7.043 -16.117 -16.117
  -7.038 -15.100 -15.372
  -7.033 -15.708 -15.708
  -7.029 -15.613 -15.788
  -7.024 -14.953 -15.328
  -7.019 -15.772 -15.772
  -7.014 -15.288 -15.798
  -7.009 -16.304 -16.304
  -7.005 -15.720 -16.191
  -7.000 -16.047 -16.047
  -6.995 -16.274 -16.431
  -6.991 -15.189 -15.813
  -6.986 -16.590 -16.590
  -6.982 -16.120 -16.120
  -6.978 -15.369 -15.625
  -6.973 -16.080 -16.080
  -6.969 -16.238 -16.404
  -6.965 -15.832 -16.110
  -6.961 -16.284 -22.395
  -6.956 -16.032 -16.032
  -6.952 -15.993 -16.200
  -6.948 -16.279 -16.279
  -6.944 -15.565 -16.281
  -6.940 -15.506 -16.356
  -6.936 -15.922 -16.384
  -6.932 -16.265 -16.482
  -6.928 -16.680 -16.680
  -6.924 -16.231 -16.532
  -6.920 -16.340 -16.340
  -6.917 -14.505 -16.371
  -6.913 -16.223 -16.745
  -6.909 -15.956 -16.560
  -6.905 -15.026 -15.773
  -6.902 -16.869 -22.717
  -6.898 -16.650 -16.650
  -6.894 -15.950 -16.497
  -6.891 -16.660 -16.918
  -6.887 -16.562 -49.500
  -6.884 -15.950 -16.118
  -6.880 -15.749 -16.438
  -6.877 -16.380 -16.380
  -6.873 -15.155 -16.175
  -6.870 -15.827 -16.142
  -6.867 -15.411 -16.150
  -6.863 -16.014 -16.514
  -6.860 -16.419 -49.500
  -6.857 -15.794 -16.030
  -6.853 -16.099 -16.288
  -6.850 -16.310 -16.531
  -6.847 -16.005 -49.500
  -6.844 -49.500 -49.500
  -6.840 -16.180 -16.367
  -6.837 -15.912 -16.297
  -6.834 -16.382 -16.572
  -6.831 -16.544 -17.080
  -6.828 -16.787 -17.024
  -6.825 -16.161 -16.331
  -6.822 -16.444 -49.500
  -6.819 -16.944 -49.500
  -6.816 -17.086 -49.500
  -6.813 -49.500     NaN
  -6.810 -15.663 -16.747
  -6.807 -16.886 -49.500
  -6.804 -49.500     NaN
  -6.801 -15.959 -15.959
  -6.798 -16.074 -16.523
  -6.795 -16.079 -16.319
  -6.792 -16.190 -16.190
  -6.789 -49.500     NaN
  -6.787 -15.200 -16.306
  -6.784 -17.153 -49.500
  -6.781 -16.316 -16.509
  -6.778 -15.885 -49.500
  -6.775 -49.500     NaN
  -6.773 -16.376 -49.500
  -6.770 -15.991 -16.495
  -6.767 -15.517 -16.264
  -6.765 -15.501 -16.863
  -6.762 -15.993 -16.752
  -6.759 -16.720 -49.500
  -6.757 -15.885 -16.230
  -6.754 -49.500     NaN
  -6.751 -49.500     NaN
  -6.749 -15.985 -16.340
  -6.746 -16.735 -49.500
  -6.744 -16.070 -16.783
  -6.741 -16.133 -49.500
  -6.739 -16.213 -49.500
  -6.736 -49.500 -49.500
  -6.734 -15.880 -16.170
  -6.731 -16.349 -49.500
  -6.729 -16.430 -49.500
  -6.726 -49.500     NaN
  -6.724 -16.761 -17.053
  -6.721 -49.500     NaN
  -6.719 -16.926 -49.500
  -6.717 -49.500 -49.500
  -6.714 -49.500     NaN
  -6.712 -16.561 -49.500
  -6.709 -49.500     NaN
  -6.707 -49.500     NaN
  -6.705 -15.804 -16.462
  -6.702 -49.500 -49.500
  -6.700 -49.500     NaN
  -6.698 -16.147 -16.329
  -6.696 -49.500 -49.500
  -6.693 -16.533 -49.500
  -6.691 -16.814 -49.500
  -6.689 -49.500     NaN
  -6.687 -16.207 -16.207
  -6.684 -16.311 -16.556
  -6.682 -16.932 -49.500
  -6.680 -49.500 -49.500
  -6.678 -16.181 -49.500
  -6.675 -15.788 -49.500
  -6.673 -49.500     NaN
  -6.671 -16.292 -16.292
  -6.669 -49.500     NaN
  -6.667 -49.500     NaN
  -6.665 -49.500 -49.500
  -6.663 -15.355 -15.355
  -6.661 -16.135 -16.679
  -6.658 -49.500 -49.500
  -6.656 -15.525 -49.500
  -6.654 -49.500     NaN
  -6.652 -16.055 -16.261
  -6.650 -15.806 -49.500
  -6.648 -16.727 -16.727
  -6.646 -49.500 -49.500
  -6.644 -49.500     NaN
  -6.642 -49.500 -49.500
  -6.640 -16.447 -49.500
  -6.638 -16.792 -49.500
  -6.636 -49.500 -49.500
  -6.634 -49.500 -49.500
  -6.632 -15.689 -16.346
  -6.630 -15.876 -49.500
  -6.628 -49.500 -49.500
  -6.626 -49.500     NaN
  -6.624 -49.500 -49.500
  -6.622 -16.320 -16.627
  -6.620 -49.500     NaN
  -6.618 -49.500     NaN
  -6.617 -49.500 -49.500
  -6.615 -49.500     NaN
  -6.613 -49.500 -49.500
  -6.611 -49.500 -49.500
  -6.609 -49.500     NaN
  -6.607 -49.500 -49.500
  -6.605 -16.542 -49.500
  -6.603 -16.182 -16.182
  -6.602 -49.500     NaN
  -6.600 -16.457 -16.457
  -6.598 -16.693 -16.693
  -6.596 -49.500 -49.500
  -6.594 -49.500     NaN
