  -8.861 -13.724 -13.724
  -8.599 -13.916 -13.916
  -8.442 -13.976 -13.976
  -8.329 -14.052 -14.052
  -8.239 -14.168 -14.168
  -8.166 -14.135 -14.135
  -8.103 -14.241 -14.241
  -8.048 -14.228 -14.228
  -7.999 -14.348 -14.348
  -7.955 -14.526 -14.526
  -7.916 -14.430 -14.430
  -7.879 -14.533 -14.533
  -7.846 -14.615 -14.615
  -7.815 -14.559 -14.559
  -7.786 -14.608 -14.608
  -7.758 -14.547 -14.702
  -7.733 -13.996 -14.519
  -7.709 -14.424 -14.424
  -7.686 -14.765 -14.765
  -7.664 -14.675 -14.675
  -7.643 -14.542 -14.708
  -7.624 -14.867 -14.867
  -7.605 -14.691 -14.898
  -7.586 -14.841 -14.841
  -7.569 -14.483 -14.720
  -7.552 -14.508 -14.994
  -7.536 -14.929 -14.929
  -7.521 -14.949 -15.220
  -7.506 -14.978 -15.234
  -7.491 -14.733 -14.733
  -7.477 -14.691 -14.892
  -7.464 -15.119 -15.119
  -7.451 -14.938 -14.938
  -7.438 -15.201 -15.201
  -7.425 -14.682 -15.111
  -7.413 -15.099 -15.300
  -7.401 -15.113 -15.273
  -7.390 -14.999 -14.999
  -7.379 -13.696 -14.156
  -7.368 -14.449 -14.962
  -7.357 -14.480 -14.727
  -7.347 -15.446 -15.446
  -7.337 -15.509 -15.509
  -7.327 -14.981 -15.205
  -7.317 -14.827 -15.501
  -7.308 -15.189 -15.189
  -7.299 -15.342 -15.342
  -7.290 -15.424 -15.665
  -7.281 -15.229 -15.229
  -7.272 -14.554 -15.093
  -7.264 -15.404 -15.404
  -7.255 -14.772 -15.257
  -7.247 -15.547 -15.547
  -7.239 -15.279 -15.706
  -7.231 -15.246 -15.792
  -7.223 -15.169 -15.809
  -7.216 -15.659 -15.659
  -7.208 -15.554 -15.554
  -7.201 -15.210 -15.604
  -7.194 -15.190 -15.445
  -7.187 -15.061 -15.527
  -7.180 -15.325 -15.682
  -7.173 -14.713 -15.095
  -7.166 -15.949 -15.949
  -7.159 -15.624 -15.624
  -7.153 -15.098 -15.867
  -7.146 -15.725 -16.037
  -7.140 -15.763 -15.763
  -7.133 -15.657 -15.657
  -7.127 -15.334 -15.543
  -7.121 -15.079 -15.372
  -7.115 -15.573 -15.758
  -7.109 -15.237 -16.115
  -7.103 -15.944 -15.944
  -7.098 -14.486 -15.708
  -7.092 -16.008 -16.008
  -7.086 -15.141 -15.572
  -7.081 -16.009 -16.165
  -7.075 -15.272 -15.749
  -7.070 -14.807 -15.711
  -7.064 -14.927 -15.888
  -7.059 -16.093 -16.093
  -7.054 -14.988 -15.248
  -7.049 -16.131 -16.289
  -7.043 -15.740 -15.740
  -7.038 -15.927 -15.927
  -7.033 -15.504 -15.689
  -7.029 -16.008 -16.008
  -7.024 -15.417 -15.744
  -7.019 -15.913 -15.913
  -7.014 -15.831 -16.035
  -7.009 -16.027 -16.541
  -7.005 -16.564 -16.564
  -7.000 -15.573 -16.271
  -6.995 -14.884 -16.003
  -6.991 -15.793 -15.793
  -6.986 -15.599 -15.599
  -6.982 -15.826 -16.244
  -6.978 -15.791 -15.990
  -6.973 -15.572 -16.184
  -6.969 -16.161 -16.161
  -6.965 -15.760 -16.009
  -6.961 -16.244 -16.244
  -6.956 -16.680 -16.858
  -6.952 -16.388 -16.543
  -6.948 -16.027 -16.027
  -6.944 -16.018 -16.559
  -6.940 -15.541 -15.693
  -6.936 -16.129 -16.741
  -6.932 -15.504 -15.739
  -6.928 -15.992 -16.230
  -6.924 -16.304 -16.304
  -6.920 -16.291 -16.698
  -6.917 -15.939 -16.220
  -6.913 -15.896 -16.517
  -6.909 -16.115 -16.502
  -6.905 -16.297 -49.500
  -6.902 -15.979 -16.137
  -6.898 -15.946 -17.060
  -6.894 -16.778 -17.025
  -6.891 -16.232 -16.450
  -6.887 -16.042 -16.345
  -6.884 -15.573 -16.601
  -6.880 -16.338 -17.167
  -6.877 -16.180 -16.347
  -6.873 -15.739 -16.533
  -6.870 -15.736 -15.903
  -6.867 -15.454 -15.761
  -6.863 -16.485 -16.722
  -6.860 -16.773 -49.500
  -6.857 -16.398 -16.582
  -6.853 -16.721 -49.500
  -6.850 -16.396 -16.554
  -6.847 -16.633 -49.500
  -6.844 -16.641 -16.914
  -6.840 -15.891 -16.310
  -6.837 -15.685 -15.887
  -6.834 -16.462 -16.959
  -6.831 -15.515 -15.927
  -6.828 -16.343 -16.931
  -6.825 -16.834 -17.172
  -6.822 -15.825 -16.742
  -6.819 -15.727 -16.216
  -6.816 -49.500     NaN
  -6.813 -15.701 -16.479
  -6.810 -16.437 -49.500
  -6.807 -16.589 -16.793
  -6.804 -15.659 -16.844
  -6.801 -15.482 -15.862
  -6.798 -16.713 -49.500
  -6.795 -16.531 -49.500
  -6.792 -16.014 -49.500
  -6.789 -15.971 -16.864
  -6.787 -16.403 -16.592
  -6.784 -14.619 -14.619
  -6.781 -16.657 -49.500
  -6.778 -17.019 -49.500
  -6.775 -16.153 -49.500
  -6.773 -15.857 -16.233
  -6.770 -15.886 -16.763
  -6.767 -16.124 -16.322
  -6.765 -15.939 -15.939
  -6.762 -16.329 -16.329
  -6.759 -49.500     NaN
  -6.757 -16.722 -49.500
  -6.754 -16.096 -16.838
  -6.751 -16.127 -49.500
  -6.749 -16.481 -16.728
  -6.746 -15.966 -49.500
  -6.744 -16.762 -49.500
  -6.741 -49.500     NaN
  -6.739 -16.282 -16.486
  -6.736 -49.500     NaN
  -6.734 -16.370 -49.500
  -6.731 -49.500     NaN
  -6.729 -16.594 -16.745
  -6.726 -16.350 -16.571
  -6.724 -16.461 -49.500
  -6.721 -49.500     NaN
  -6.719 -16.442 -16.899
  -6.717 -49.500     NaN
  -6.714 -16.377 -17.094
  -6.712 -15.817 -16.095
  -6.709 -16.675 -49.500
  -6.707 -49.500     NaN
  -6.705 -16.331 -16.555
  -6.702 -16.342 -49.500
  -6.700 -49.500 -49.500
  -6.698 -49.500     NaN
  -6.696 -16.775 -16.955
  -6.693 -49.500     NaN
  -6.691 -15.967 -49.500
  -6.689 -16.428 -49.500
  -6.687 -16.318 -49.500
  -6.684 -16.411 -16.411
  -6.682 -15.709 -16.472
  -6.680 -14.788 -49.500
  -6.678 -49.500 -49.500
  -6.675 -49.500 -49.500
  -6.673 -49.500     NaN
  -6.671 -49.500 -49.500
  -6.669 -49.500     NaN
  -6.667 -16.032 -16.032
  -6.665 -49.500     NaN
  -6.663 -49.500 -49.500
  -6.661 -16.551 -49.500
  -6.658 -49.500 -49.500
  -6.656 -49.500     NaN
  -6.654 -49.500 -49.500
  -6.652 -15.602 -49.500
  -6.650 -49.500     NaN
  -6.648 -16.606 -49.500
  -6.646 -49.500     NaN
  -6.644 -49.500 -49.500
  -6.642 -49.500 -49.500
  -6.640 -49.500 -49.500
  -6.638 -15.640 -15.640
  -6.636 -49.500     NaN
  -6.634 -16.007 -16.301
  -6.632 -49.500 -49.500
  -6.630 -16.172 -16.172
  -6.628 -16.473 -16.473
  -6.626 -16.606 -49.500
  -6.624 -49.500 -49.500
  -6.622 -49.500 -49.500
  -6.620 -16.201 -16.201
  -6.618 -49.500 -49.500
  -6.617 -16.500 -49.500
  -6.615 -16.274 -49.500
  -6.613 -49.500 -49.500
  -6.611 -15.176 -49.500
  -6.609 -49.500     NaN
  -6.607 -49.500 -49.500
  -6.605 -49.500 -49.500
  -6.603 -49.500 -49.500
  -6.602 -16.168 -49.500
  -6.600 -49.500     NaN
  -6.598 -16.592 -49.500
  -6.596 -16.028 -16.028
  -6.594 -13.299 -13.299
