  -8.861 -13.764 -13.764
  -8.599 -13.907 -13.907
  -8.442 -13.954 -13.954
  -8.329 -14.138 -14.138
  -8.239 -14.126 -14.126
  -8.166 -14.186 -14.186
  -8.103 -14.222 -14.222
  -8.048 -13.911 -14.287
  -7.999 -14.469 -14.469
  -7.955 -14.257 -14.257
  -7.916 -14.464 -14.464
  -7.879 -14.413 -14.413
  -7.846 -14.399 -14.399
  -7.815 -14.529 -14.693
  -7.786 -14.495 -14.685
  -7.758 -14.515 -14.683
  -7.733 -14.835 -14.835
  -7.709 -14.830 -14.830
  -7.686 -14.458 -14.458
  -7.664 -14.770 -14.770
  -7.643 -14.566 -14.566
  -7.624 -14.739 -14.739
  -7.605 -14.894 -14.894
  -7.586 -14.868 -14.868
  -7.569 -14.656 -14.912
  -7.552 -14.913 -15.159
  -7.536 -15.034 -15.034
  -7.521 -14.623 -14.892
  -7.506 -14.458 -14.967
  -7.491 -14.699 -15.045
  -7.477 -15.182 -15.182
  -7.464 -14.414 -14.622
  -7.451 -14.928 -14.928
  -7.438 -15.253 -15.253
  -7.425 -15.128 -15.128
  -7.413 -15.148 -15.148
  -7.401 -14.817 -14.991
  -7.390 -15.193 -15.193
  -7.379 -14.653 -15.142
  -7.368 -15.021 -15.298
  -7.357 -15.100 -15.100
  -7.347 -15.179 -15.179
  -7.337 -15.334 -15.334
  -7.327 -13.670 -14.515
  -7.317 -14.386 -15.110
  -7.308 -15.508 -15.508
  -7.299 -15.516 -15.516
  -7.290 -15.114 -15.289
  -7.281 -14.941 -15.429
  -7.272 -15.370 -15.678
  -7.264 -15.217 -15.217
  -7.255 -15.437 -15.608
  -7.247 -15.211 -15.380
  -7.239 -15.520 -15.690
  -7.231 -14.896 -15.502
  -7.223 -15.587 -15.587
  -7.216 -15.307 -15.543
  -7.208 -15.104 -15.304
  -7.201 -15.312 -15.312
  -7.194 -15.452 -15.604
  -7.187 -15.267 -15.422
  -7.180 -15.535 -15.890
  -7.173 -15.580 -15.580
  -7.166 -14.569 -15.506
  -7.159 -15.888 -15.888
  -7.153 -15.806 -15.806
  -7.146 -14.876 -15.407
  -7.140 -15.627 -15.627
  -7.133 -15.219 -15.458
  -7.127 -15.740 -15.740
  -7.121 -15.650 -15.650
  -7.115 -15.643 -15.643
  -7.109 -15.227 -15.699
  -7.103 -15.368 -15.629
  -7.098 -15.588 -15.588
  -7.092 -15.822 -16.174
  -7.086 -15.529 -15.753
  -7.081 -15.850 -15.850
  -7.075 -15.445 -15.693
  -7.070 -15.871 -15.871
  -7.064 -16.300 -16.300
  -7.059 -15.263 -15.491
  -7.054 -15.876 -16.085
  -7.049 -14.429 -15.557
  -7.043 -14.493 -16.142
  -7.038 -16.226 -16.226
  -7.033 -15.658 -15.658
  -7.029 -15.714 -15.714
  -7.024 -15.704 -15.874
  -7.019 -16.476 -16.476
  -7.014 -16.178 -16.178
  -7.009 -15.241 -15.478
  -7.005 -16.229 -16.229
  -7.000 -16.062 -16.062
  -6.995 -15.847 -15.847
  -6.991 -15.998 -16.173
  -6.986 -15.629 -15.629
  -6.982 -15.474 -15.876
  -6.978 -16.215 -16.215
  -6.973 -15.708 -16.456
  -6.969 -15.774 -16.092
  -6.965 -16.031 -16.238
  -6.961 -16.201 -16.447
  -6.956 -14.687 -15.599
  -6.952 -16.012 -16.012
  -6.948 -15.796 -16.044
  -6.944 -15.552 -15.811
  -6.940 -16.392 -16.392
  -6.936 -15.752 -15.921
  -6.932 -15.268 -15.615
  -6.928 -16.247 -16.247
  -6.924 -15.067 -15.941
  -6.920 -15.268 -16.137
  -6.917 -14.881 -16.009
  -6.913 -15.838 -16.211
  -6.909 -15.226 -15.485
  -6.905 -15.095 -16.284
  -6.902 -15.007 -49.500
  -6.898 -16.076 -16.076
  -6.894 -16.740 -22.390
  -6.891 -16.271 -16.271
  -6.887 -16.009 -16.009
  -6.884 -16.171 -16.425
  -6.880 -16.396 -16.774
  -6.877 -16.341 -16.652
  -6.873 -16.794 -49.500
  -6.870 -15.600 -16.176
  -6.867 -16.589 -16.795
  -6.863 -15.197 -15.402
  -6.860 -15.665 -16.226
  -6.857 -16.473 -16.697
  -6.853 -16.232 -16.619
  -6.850 -16.042 -16.597
  -6.847 -16.459 -16.751
  -6.844 -16.243 -16.395
  -6.840 -16.457 -16.457
  -6.837 -16.775 -49.500
  -6.834 -16.205 -16.561
  -6.831 -16.746 -17.131
  -6.828 -15.560 -16.690
  -6.825 -16.305 -49.500
  -6.822 -15.794 -16.542
  -6.819 -15.867 -16.230
  -6.816 -16.422 -16.422
  -6.813 -49.500     NaN
  -6.810 -16.140 -16.140
  -6.807 -49.500     NaN
  -6.804 -16.705 -49.500
  -6.801 -16.231 -49.500
  -6.798 -16.178 -16.178
  -6.795 -49.500     NaN
  -6.792 -15.984 -17.043
  -6.789 -16.193 -49.500
  -6.787 -49.500     NaN
  -6.784 -16.543 -17.029
  -6.781 -49.500     NaN
  -6.778 -49.500     NaN
  -6.775 -16.400 -16.850
  -6.773 -15.915 -16.241
  -6.770 -16.360 -16.672
  -6.767 -16.234 -16.435
  -6.765 -16.466 -49.500
  -6.762 -16.085 -16.398
  -6.759 -15.618 -16.414
  -6.757 -16.847 -16.847
  -6.754 -16.009 -16.856
  -6.751 -15.770 -16.893
  -6.749 -16.919 -49.500
  -6.746 -49.500     NaN
  -6.744 -16.713 -49.500
  -6.741 -16.055 -16.770
  -6.739 -49.500     NaN
  -6.736 -16.353 -49.500
  -6.734 -49.500 -49.500
  -6.731 -49.500     NaN
  -6.729 -49.500     NaN
  -6.726 -15.729 -16.992
  -6.724 -49.500 -49.500
  -6.721 -15.865 -49.500
  -6.719 -49.500 -49.500
  -6.717 -15.997 -16.416
  -6.714 -16.419 -49.500
  -6.712 -49.500     NaN
  -6.709 -49.500     NaN
  -6.707 -15.460 -16.512
  -6.705 -16.915 -49.500
  -6.702 -49.500     NaN
  -6.700 -49.500     NaN
  -6.698 -16.423 -49.500
  -6.696 -49.500     NaN
  -6.693 -17.163 -17.163
  -6.691 -49.500     NaN
  -6.689 -49.500 -49.500
  -6.687 -16.572 -49.500
  -6.684 -49.500     NaN
  -6.682 -16.521 -49.500
  -6.680 -49.500 -49.500
  -6.678 -15.833 -49.500
  -6.675 -15.723 -16.676
  -6.673 -15.221 -15.895
  -6.671 -16.002 -49.500
  -6.669 -49.500     NaN
  -6.667 -16.428 -16.428
  -6.665 -16.963 -49.500
  -6.663 -49.500 -49.500
  -6.661 -15.919 -15.919
  -6.658 -15.610 -16.947
  -6.656 -49.500     NaN
  -6.654 -16.110 -16.671
  -6.652 -15.890 -15.890
  -6.650 -49.500 -49.500
  -6.648 -49.500 -49.500
  -6.646 -49.500 -49.500
  -6.644 -49.500     NaN
  -6.642 -49.500     NaN
  -6.640 -49.500     NaN
  -6.638 -49.500     NaN
  -6.636 -49.500     NaN
  -6.634 -16.101 -16.101
  -6.632 -16.393 -49.500
  -6.630 -16.608 -49.500
  -6.628 -16.521 -49.500
  -6.626 -16.427 -16.427
  -6.624 -49.500     NaN
  -6.622 -49.500 -49.500
  -6.620 -15.668 -49.500
  -6.618 -49.500     NaN
  -6.617 -16.415 -49.500
  -6.615 -16.040 -49.500
  -6.613 -49.500     NaN
  -6.611 -16.495 -49.500
  -6.609 -16.708 -49.500
  -6.607 -49.500 -49.500
  -6.605 -49.500 -49.500
  -6.603 -16.348 -49.500
  -6.602 -49.500     NaN
  -6.600 -49.500     NaN
  -6.598 -16.934 -49.500
  -6.596 -16.399 -49.500
  -6.594 -16.497 -16.497
