  -8.861 -13.780 -13.780
  -8.599 -13.882 -13.882
  -8.442 -13.991 -13.991
  -8.329 -14.075 -14.075
  -8.239 -13.942 -14.177
  -8.166 -14.055 -14.055
  -8.103 -14.167 -14.167
  -8.048 -14.190 -14.346
  -7.999 -14.377 -14.377
  -7.955 -14.426 -14.426
  -7.916 -14.266 -14.266
  -7.879 -14.357 -14.644
  -7.846 -14.549 -14.549
  -7.815 -14.487 -14.487
  -7.786 -14.520 -14.520
  -7.758 -14.555 -14.555
  -7.733 -14.538 -14.538
  -7.709 -14.919 -14.919
  -7.686 -14.630 -14.630
  -7.664 -14.836 -14.836
  -7.643 -14.298 -14.735
  -7.624 -14.600 -14.817
  -7.605 -14.666 -14.666
  -7.586 -14.696 -14.696
  -7.569 -14.781 -15.023
  -7.552 -15.127 -15.127
  -7.536 -15.128 -15.128
  -7.521 -14.894 -14.894
  -7.506 -14.806 -14.806
  -7.491 -14.645 -15.154
  -7.477 -14.807 -15.082
  -7.464 -14.808 -14.808
  -7.451 -15.097 -15.097
  -7.438 -14.948 -15.155
  -7.425 -15.154 -15.154
  -7.413 -14.524 -15.054
  -7.401 -15.401 -15.401
  -7.390 -15.057 -15.057
  -7.379 -15.178 -15.346
  -7.368 -15.478 -15.478
  -7.357 -15.099 -15.261
  -7.347 -14.866 -15.412
  -7.337 -15.409 -15.409
  -7.327 -15.472 -15.472
  -7.317 -14.835 -15.483
  -7.308 -15.134 -15.325
  -7.299 -14.975 -14.975
  -7.290 -15.233 -15.509
  -7.281 -15.239 -15.492
  -7.272 -15.504 -15.504
  -7.264 -15.229 -15.443
  -7.255 -15.461 -15.676
  -7.247 -15.341 -15.341
  -7.239 -15.165 -15.336
  -7.231 -15.165 -15.390
  -7.223 -15.294 -15.625
  -7.216 -14.950 -15.325
  -7.208 -15.685 -15.685
  -7.201 -15.340 -15.752
  -7.194 -15.888 -15.888
  -7.187 -14.210 -15.327
  -7.180 -14.888 -15.675
  -7.173 -15.242 -15.242
  -7.166 -15.867 -15.867
  -7.159 -15.357 -15.518
  -7.153 -15.556 -15.556
  -7.146 -15.951 -15.951
  -7.140 -15.680 -15.680
  -7.133 -15.167 -15.362
  -7.127 -15.898 -15.898
  -7.121 -15.414 -15.578
  -7.115 -14.906 -15.322
  -7.109 -14.585 -15.120
  -7.103 -15.844 -16.346
  -7.098 -15.399 -15.929
  -7.092 -14.833 -15.988
  -7.086 -15.484 -15.776
  -7.081 -16.033 -16.033
  -7.075 -15.975 -16.141
  -7.070 -15.421 -15.648
  -7.064 -15.613 -15.821
  -7.059 -15.798 -15.999
  -7.054 -14.518 -15.668
  -7.049 -15.444 -16.089
  -7.043 -15.787 -15.787
  -7.038 -16.202 -16.520
  -7.033 -16.131 -16.131
  -7.029 -16.140 -16.140
  -7.024 -15.369 -15.653
  -7.019 -15.389 -15.984
  -7.014 -15.957 -15.957
  -7.009 -16.108 -16.108
  -7.005 -15.417 -16.059
  -7.000 -16.126 -16.559
  -6.995 -15.729 -16.173
  -6.991 -15.979 -16.293
  -6.986 -15.809 -15.809
  -6.982 -15.624 -15.624
  -6.978 -16.160 -16.344
  -6.973 -14.657 -16.254
  -6.969 -15.827 -16.253
  -6.965 -15.938 -16.220
  -6.961 -16.168 -16.168
  -6.956 -16.318 -16.716
  -6.952 -15.962 -16.152
  -6.948 -15.837 -15.837
  -6.944 -15.617 -15.842
  -6.940 -15.920 -15.920
  -6.936 -15.863 -16.095
  -6.932 -15.683 -15.875
  -6.928 -14.691 -16.159
  -6.924 -16.120 -16.323
  -6.920 -16.270 -16.814
  -6.917 -16.006 -16.006
  -6.913 -16.234 -16.234
  -6.909 -16.126 -16.353
  -6.905 -15.095 -15.745
  -6.902 -16.702 -16.862
  -6.898 -16.662 -17.065
  -6.894 -15.521 -15.910
  -6.891 -15.822 -16.428
  -6.887 -16.249 -16.407
  -6.884 -16.726 -17.259
  -6.880 -15.660 -16.339
  -6.877 -16.218 -16.611
  -6.873 -16.721 -17.134
  -6.870 -15.878 -16.796
  -6.867 -16.693 -16.989
  -6.863 -16.072 -16.684
  -6.860 -16.305 -16.724
  -6.857 -16.246 -16.704
  -6.853 -16.592 -49.500
  -6.850 -15.921 -16.118
  -6.847 -15.909 -16.305
  -6.844 -16.209 -16.867
  -6.840 -15.620 -15.777
  -6.837 -16.239 -16.396
  -6.834 -17.368 -49.500
  -6.831 -16.651 -16.872
  -6.828 -15.988 -16.421
  -6.825 -16.384 -16.384
  -6.822 -16.219 -16.380
  -6.819 -16.479 -16.665
  -6.816 -15.563 -16.109
  -6.813 -15.265 -16.680
  -6.810 -15.468 -15.899
  -6.807 -15.128 -15.352
  -6.804 -17.304 -49.500
  -6.801 -16.291 -16.644
  -6.798 -16.888 -49.500
  -6.795 -16.386 -16.386
  -6.792 -15.883 -16.282
  -6.789 -16.482 -16.762
  -6.787 -49.500 -49.500
  -6.784 -16.183 -16.384
  -6.781 -16.728 -17.088
  -6.778 -16.348 -16.516
  -6.775 -49.500 -49.500
  -6.773 -49.500 -49.500
  -6.770 -15.900 -49.500
  -6.767 -49.500 -49.500
  -6.765 -16.798 -49.500
  -6.762 -16.211 -17.064
  -6.759 -49.500 -49.500
  -6.757 -16.387 -17.118
  -6.754 -16.758 -49.500
  -6.751 -16.378 -49.500
  -6.749 -15.970 -49.500
  -6.746 -16.960 -49.500
  -6.744 -49.500 -49.500
  -6.741 -49.500 -49.500
  -6.739 -49.500 -49.500
  -6.736 -49.500 -49.500
  -6.734 -49.500 -49.500
  -6.731 -49.500 -49.500
  -6.729 -16.283 -49.500
  -6.726 -49.500 -49.500
  -6.724 -16.716 -49.500
  -6.721 -16.222 -49.500
  -6.719 -16.118 -16.798
  -6.717 -16.090 -49.500
  -6.714 -15.394 -15.764
  -6.712 -49.500 -49.500
  -6.709 -16.638 -49.500
  -6.707 -49.500 -49.500
  -6.705 -16.221 -16.501
  -6.702 -16.043 -16.272
  -6.700 -14.599 -49.500
  -6.698 -16.044 -16.622
  -6.696 -16.962 -49.500
  -6.693 -16.249 -49.500
  -6.691 -49.500 -49.500
  -6.689 -49.500 -49.500
  -6.687 -16.510 -49.500
  -6.684 -15.231 -49.500
  -6.682 -15.907 -49.500
  -6.680 -16.697 -16.853
  -6.678 -16.775 -17.044
  -6.675 -49.500 -49.500
  -6.673 -49.500 -49.500
  -6.671 -16.846 -49.500
  -6.669 -49.500 -49.500
  -6.667 -16.523 -49.500
  -6.665 -16.693 -49.500
  -6.663 -15.682 -49.500
  -6.661 -49.500 -49.500
  -6.658 -49.500 -49.500
  -6.656 -16.573 -49.500
  -6.654 -49.500 -49.500
  -6.652 -49.500 -49.500
  -6.650 -49.500 -49.500
  -6.648 -16.820 -49.500
  -6.646 -49.500 -49.500
  -6.644 -15.746 -49.500
  -6.642 -15.340 -49.500
  -6.640 -49.500 -49.500
  -6.638 -49.500 -49.500
  -6.636 -16.491 -49.500
  -6.634 -49.500 -49.500
  -6.632 -49.500 -49.500
  -6.630 -16.655 -49.500
  -6.628 -15.788 -49.500
  -6.626 -16.038 -49.500
  -6.624 -49.500 -49.500
  -6.622 -49.500 -49.500
  -6.620 -49.500 -49.500
  -6.618 -49.500 -49.500
  -6.617 -16.458 -49.500
  -6.615 -16.086 -49.500
  -6.613 -16.806 -49.500
  -6.611 -15.899 -49.500
  -6.609 -49.500 -49.500
  -6.607 -15.373 -16.148
  -6.605 -49.500 -49.500
  -6.603 -49.500 -49.500
  -6.602 -49.500 -49.500
  -6.600 -15.638 -16.705
  -6.598 -49.500 -49.500
  -6.596 -49.500 -49.500
  -6.594 -16.781 -49.500
