  -8.861 -13.752 -13.752
  -8.599 -13.930 -13.930
  -8.442 -13.973 -13.973
  -8.329 -14.115 -14.115
  -8.239 -14.001 -14.001
  -8.166 -14.145 -14.145
  -8.103 -14.234 -14.234
  -8.048 -14.279 -14.279
  -7.999 -14.247 -14.443
  -7.955 -14.478 -14.478
  -7.916 -14.162 -14.346
  -7.879 -14.632 -14.632
  -7.846 -14.457 -14.457
  -7.815 -14.661 -14.661
  -7.786 -14.224 -14.452
  -7.758 -14.629 -14.629
  -7.733 -14.385 -14.663
  -7.709 -14.681 -14.681
  -7.686 -14.463 -14.463
  -7.664 -14.837 -14.837
  -7.643 -14.382 -14.751
  -7.624 -14.952 -14.952
  -7.605 -14.768 -14.968
  -7.586 -14.948 -14.948
  -7.569 -14.981 -14.981
  -7.552 -14.611 -14.844
  -7.536 -15.197 -15.197
  -7.521 -14.932 -14.932
  -7.506 -14.891 -14.891
  -7.491 -14.657 -15.104
  -7.477 -14.780 -14.780
  -7.464 -14.858 -14.858
  -7.451 -15.024 -15.370
  -7.438 -15.060 -15.335
  -7.425 -15.183 -15.183
  -7.413 -14.845 -14.845
  -7.401 -15.273 -15.273
  -7.390 -15.242 -15.242
  -7.379 -14.937 -15.217
  -7.368 -15.366 -15.366
  -7.357 -14.357 -14.607
  -7.347 -15.325 -15.325
  -7.337 -15.400 -15.400
  -7.327 -15.222 -15.222
  -7.317 -15.309 -15.309
  -7.308 -15.090 -15.468
  -7.299 -15.470 -15.470
  -7.290 -14.758 -15.063
  -7.281 -15.371 -15.371
  -7.272 -15.605 -15.605
  -7.264 -14.802 -14.802
  -7.255 -14.772 -15.680
  -7.247 -14.627 -15.100
  -7.239 -15.593 -15.593
  -7.231 -15.303 -15.559
  -7.223 -15.446 -15.633
  -7.216 -15.672 -15.829
  -7.208 -14.673 -15.685
  -7.201 -15.594 -15.762
  -7.194 -15.377 -15.377
  -7.187 -15.652 -15.652
  -7.180 -15.225 -15.541
  -7.173 -15.449 -15.449
  -7.166 -15.915 -15.915
  -7.159 -15.346 -15.346
  -7.153 -15.278 -15.500
  -7.146 -15.388 -15.698
  -7.140 -15.718 -15.989
  -7.133 -14.750 -15.409
  -7.127 -14.841 -14.841
  -7.121 -15.282 -15.691
  -7.115 -15.802 -15.802
  -7.109 -15.422 -15.422
  -7.103 -15.678 -15.678
  -7.098 -15.423 -16.024
  -7.092 -15.925 -16.087
  -7.086 -15.712 -15.880
  -7.081 -15.038 -15.738
  -7.075 -15.657 -15.818
  -7.070 -15.937 -15.937
  -7.064 -16.189 -16.189
  -7.059 -15.594 -15.853
  -7.054 -15.845 -16.048
  -7.049 -15.868 -15.868
  -7.043 -15.592 -15.872
  -7.038 -15.803 -16.137
  -7.033 -15.755 -15.755
  -7.029 -15.481 -15.712
  -7.024 -15.775 -16.094
  -7.019 -15.971 -16.186
  -7.014 -15.711 -15.950
  -7.009 -16.011 -16.011
  -7.005 -15.725 -16.144
  -7.000 -15.984 -15.984
  -6.995 -15.548 -15.831
  -6.991 -15.934 -16.250
  -6.986 -16.224 -16.224
  -6.982 -15.887 -16.119
  -6.978 -15.711 -15.711
  -6.973 -16.261 -16.453
  -6.969 -16.024 -16.253
  -6.965 -16.533 -16.788
  -6.961 -15.368 -15.629
  -6.956 -15.562 -15.794
  -6.952 -16.129 -16.452
  -6.948 -16.144 -16.496
  -6.944 -15.484 -16.336
  -6.940 -15.422 -16.011
  -6.936 -16.141 -16.434
  -6.932 -16.146 -16.928
  -6.928 -15.022 -15.990
  -6.924 -16.227 -16.582
  -6.920 -15.979 -16.312
  -6.917 -15.576 -16.154
  -6.913 -16.231 -16.231
  -6.909 -16.303 -16.551
  -6.905 -16.427 -16.427
  -6.902 -16.558 -16.752
  -6.898 -16.092 -16.491
  -6.894 -15.586 -16.075
  -6.891 -15.755 -16.082
  -6.887 -16.223 -16.521
  -6.884 -16.192 -16.192
  -6.880 -16.381 -16.792
  -6.877 -16.392 -16.590
  -6.873 -17.019 -17.183
  -6.870 -15.809 -15.984
  -6.867 -16.051 -17.198
  -6.863 -16.143 -16.703
  -6.860 -16.850 -16.850
  -6.857 -15.894 -16.867
  -6.853 -16.523 -49.500
  -6.850 -15.651 -16.922
  -6.847 -16.565 -16.796
  -6.844 -15.739 -16.058
  -6.840 -16.816 -49.500
  -6.837 -15.622 -15.873
  -6.834 -16.080 -16.254
  -6.831 -16.384 -16.868
  -6.828 -15.760 -15.968
  -6.825 -16.854 -17.366
  -6.822 -16.322 -16.596
  -6.819 -49.500     NaN
  -6.816 -14.904 -16.879
  -6.813 -14.919 -14.919
  -6.810 -16.207 -16.575
  -6.807 -16.171 -16.855
  -6.804 -15.970 -16.191
  -6.801 -15.491 -16.695
  -6.798 -49.500     NaN
  -6.795 -16.789 -16.789
  -6.792 -15.897 -16.325
  -6.789 -15.298 -16.546
  -6.787 -14.906 -16.665
  -6.784 -15.657 -49.500
  -6.781 -15.658 -15.943
  -6.778 -49.500     NaN
  -6.775 -17.196 -49.500
  -6.773 -16.146 -16.317
  -6.770 -16.256 -16.860
  -6.767 -16.309 -16.476
  -6.765 -16.349 -49.500
  -6.762 -49.500     NaN
  -6.759 -49.500     NaN
  -6.757 -16.286 -16.542
  -6.754 -16.264 -16.621
  -6.751 -16.615 -16.931
  -6.749 -49.500     NaN
  -6.746 -16.712 -49.500
  -6.744 -15.901 -16.183
  -6.741 -16.782 -49.500
  -6.739 -49.500     NaN
  -6.736 -16.264 -49.500
  -6.734 -49.500     NaN
  -6.731 -49.500     NaN
  -6.729 -49.500     NaN
  -6.726 -49.500     NaN
  -6.724 -49.500 -49.500
  -6.721 -49.500     NaN
  -6.719 -49.500 -49.500
  -6.717 -16.116 -49.500
  -6.714 -49.500 -49.500
  -6.712 -15.954 -16.224
  -6.709 -16.400 -49.500
  -6.707 -16.129 -16.556
  -6.705 -49.500     NaN
  -6.702 -16.455 -16.455
  -6.700 -16.151 -49.500
  -6.698 -16.178 -49.500
  -6.696 -49.500     NaN
  -6.693 -17.173 -49.500
  -6.691 -16.290 -16.290
  -6.689 -49.500     NaN
  -6.687 -16.616 -49.500
  -6.684 -49.500     NaN
  -6.682 -49.500     NaN
  -6.680 -49.500 -49.500
  -6.678 -49.500 -49.500
  -6.675 -16.391 -16.883
  -6.673 -49.500 -49.500
  -6.671 -49.500     NaN
  -6.669 -49.500     NaN
  -6.667 -49.500 -49.500
  -6.665 -49.500 -49.500
  -6.663 -49.500     NaN
  -6.661 -16.085 -16.595
  -6.658 -16.122 -49.500
  -6.656 -49.500 -49.500
  -6.654 -16.828 -49.500
  -6.652 -49.500     NaN
  -6.650 -15.803 -15.803
  -6.648 -15.734 -49.500
  -6.646 -15.359 -49.500
  -6.644 -16.095 -16.780
  -6.642 -16.830 -49.500
  -6.640 -16.532 -49.500
  -6.638 -49.500 -49.500
  -6.636 -16.347 -16.347
  -6.634 -49.500 -49.500
  -6.632 -49.500 -49.500
  -6.630 -49.500 -49.500
  -6.628 -15.101 -16.658
  -6.626 -49.500     NaN
  -6.624 -16.122 -49.500
  -6.622 -16.202 -16.390
  -6.620 -49.500 -49.500
  -6.618 -16.565 -49.500
  -6.617 -15.140 -49.500
  -6.615 -16.577 -16.577
  -6.613 -16.378 -49.500
  -6.611 -15.962 -49.500
  -6.609 -49.500 -49.500
  -6.607 -49.500 -49.500
  -6.605 -49.500     NaN
  -6.603 -15.855 -16.925
  -6.602 -15.909 -49.500
  -6.600 -49.500 -49.500
  -6.598 -49.500 -49.500
  -6.596 -16.573 -16.929
  -6.594 -49.500 -49.500
