  -8.861 -13.772 -13.772
  -8.599 -13.850 -13.850
  -8.442 -13.977 -13.977
  -8.329 -13.903 -14.128
  -8.239 -14.076 -14.076
  -8.166 -14.090 -14.090
  -8.103 -14.129 -14.294
  -8.048 -13.957 -14.156
  -7.999 -14.369 -14.369
  -7.955 -14.418 -14.418
  -7.916 -14.447 -14.447
  -7.879 -14.401 -14.401
  -7.846 -14.588 -14.588
  -7.815 -14.628 -14.628
  -7.786 -14.633 -14.633
  -7.758 -14.492 -14.492
  -7.733 -14.695 -14.858
  -7.709 -14.195 -14.771
  -7.686 -14.699 -14.699
  -7.664 -14.859 -14.859
  -7.643 -14.548 -14.548
  -7.624 -14.819 -14.819
  -7.605 -14.820 -14.820
  -7.586 -14.774 -14.989
  -7.569 -14.815 -14.815
  -7.552 -14.998 -14.998
  -7.536 -14.749 -14.749
  -7.521 -15.214 -15.214
  -7.506 -14.997 -14.997
  -7.491 -14.672 -15.141
  -7.477 -15.002 -15.002
  -7.464 -14.976 -14.976
  -7.451 -14.855 -15.063
  -7.438 -14.859 -14.859
  -7.425 -14.492 -15.361
  -7.413 -14.379 -15.005
  -7.401 -15.471 -15.471
  -7.390 -15.146 -15.146
  -7.379 -14.921 -14.921
  -7.368 -14.988 -15.210
  -7.357 -15.201 -15.201
  -7.347 -15.229 -15.384
  -7.337 -15.007 -15.263
  -7.327 -14.996 -15.371
  -7.317 -15.533 -15.697
  -7.308 -15.340 -15.340
  -7.299 -15.166 -15.166
  -7.290 -15.404 -15.404
  -7.281 -15.146 -15.648
  -7.272 -15.417 -15.417
  -7.264 -15.290 -15.290
  -7.255 -14.506 -15.376
  -7.247 -14.366 -15.016
  -7.239 -15.289 -15.441
  -7.231 -14.696 -15.500
  -7.223 -15.627 -15.627
  -7.216 -15.103 -15.536
  -7.208 -15.499 -15.499
  -7.201 -15.178 -15.425
  -7.194 -14.949 -15.726
  -7.187 -15.568 -15.568
  -7.180 -15.215 -15.215
  -7.173 -15.955 -15.955
  -7.166 -14.864 -15.779
  -7.159 -15.543 -15.543
  -7.153 -15.689 -15.843
  -7.146 -15.573 -15.759
  -7.140 -15.347 -15.608
  -7.133 -15.251 -15.469
  -7.127 -15.451 -15.942
  -7.121 -15.613 -15.903
  -7.115 -15.533 -15.867
  -7.109 -15.958 -15.958
  -7.103 -15.541 -15.829
  -7.098 -15.793 -15.793
  -7.092 -15.504 -15.825
  -7.086 -15.179 -15.750
  -7.081 -15.215 -15.600
  -7.075 -15.319 -15.319
  -7.070 -15.634 -15.634
  -7.064 -15.975 -15.975
  -7.059 -15.966 -16.181
  -7.054 -15.693 -16.163
  -7.049 -16.312 -16.312
  -7.043 -15.640 -15.640
  -7.038 -15.287 -15.599
  -7.033 -15.331 -15.746
  -7.029 -15.906 -16.141
  -7.024 -15.441 -15.625
  -7.019 -16.096 -16.485
  -7.014 -16.103 -16.324
  -7.009 -15.803 -15.989
  -7.005 -16.264 -16.264
  -7.000 -15.917 -16.111
  -6.995 -15.811 -15.979
  -6.991 -15.194 -15.861
  -6.986 -16.056 -16.056
  -6.982 -15.940 -16.121
  -6.978 -16.037 -16.037
  -6.973 -15.475 -15.750
  -6.969 -15.633 -16.474
  -6.965 -16.020 -16.020
  -6.961 -15.456 -15.892
  -6.956 -15.993 -15.993
  -6.952 -15.908 -16.194
  -6.948 -16.007 -16.007
  -6.944 -16.148 -16.148
  -6.940 -15.825 -16.017
  -6.936 -16.118 -16.505
  -6.932 -15.974 -16.183
  -6.928 -15.052 -16.203
  -6.924 -16.411 -17.050
  -6.920 -16.014 -16.501
  -6.917 -14.456 -15.883
  -6.913 -16.188 -16.188
  -6.909 -16.220 -16.451
  -6.905 -15.694 -15.902
  -6.902 -15.886 -16.069
  -6.898 -16.185 -16.779
  -6.894 -15.529 -16.477
  -6.891 -15.255 -15.682
  -6.887 -16.000 -16.471
  -6.884 -16.536 -16.536
  -6.880 -15.994 -16.434
  -6.877 -16.073 -49.500
  -6.873 -16.454 -16.454
  -6.870 -15.728 -15.728
  -6.867 -16.330 -16.330
  -6.863 -16.499 -16.817
  -6.860 -15.854 -16.273
  -6.857 -16.190 -16.869
  -6.853 -16.598 -49.500
  -6.850 -15.603 -15.826
  -6.847 -15.930 -15.930
  -6.844 -16.117 -16.282
  -6.840 -16.140 -16.552
  -6.837 -16.610 -16.980
  -6.834 -16.649 -17.089
  -6.831 -15.797 -16.982
  -6.828 -16.590 -16.751
  -6.825 -16.627 -16.941
  -6.822 -15.928 -16.100
  -6.819 -16.314 -17.010
  -6.816 -49.500     NaN
  -6.813 -16.204 -49.500
  -6.810 -15.904 -16.604
  -6.807 -16.422 -16.579
  -6.804 -16.261 -16.539
  -6.801 -16.133 -16.636
  -6.798 -49.500     NaN
  -6.795 -16.357 -16.582
  -6.792 -49.500     NaN
  -6.789 -16.142 -16.142
  -6.787 -16.265 -16.432
  -6.784 -16.209 -16.479
  -6.781 -15.524 -17.022
  -6.778 -49.500     NaN
  -6.775 -16.302 -16.597
  -6.773 -16.292 -17.024
  -6.770 -15.515 -16.947
  -6.767 -16.671 -49.500
  -6.765 -16.378 -16.547
  -6.762 -15.705 -49.500
  -6.759 -16.712 -17.302
  -6.757 -16.312 -49.500
  -6.754 -16.403 -16.619
  -6.751 -16.094 -16.954
  -6.749 -49.500     NaN
  -6.746 -16.333 -16.577
  -6.744 -49.500     NaN
  -6.741 -16.414 -16.414
  -6.739 -17.003 -49.500
  -6.736 -16.708 -49.500
  -6.734 -15.578 -15.578
  -6.731 -16.247 -16.504
  -6.729 -16.523 -49.500
  -6.726 -16.558 -49.500
  -6.724 -16.944 -49.500
  -6.721 -49.500     NaN
  -6.719 -16.077 -49.500
  -6.717 -16.587 -49.500
  -6.714 -15.794 -16.919
  -6.712 -49.500     NaN
  -6.709 -15.408 -16.861
  -6.707 -15.837 -16.211
  -6.705 -49.500     NaN
  -6.702 -49.500 -49.500
  -6.700 -49.500 -49.500
  -6.698 -49.500     NaN
  -6.696 -49.500 -49.500
  -6.693 -49.500 -49.500
  -6.691 -49.500 -49.500
  -6.689 -16.363 -49.500
  -6.687 -15.678 -49.500
  -6.684 -17.094 -17.094
  -6.682 -49.500 -49.500
  -6.680 -49.500 -49.500
  -6.678 -49.500     NaN
  -6.675 -49.500     NaN
  -6.673 -15.763 -16.689
  -6.671 -49.500     NaN
  -6.669 -16.293 -49.500
  -6.667 -49.500     NaN
  -6.665 -49.500     NaN
  -6.663 -15.776 -16.531
  -6.661 -17.177 -17.177
  -6.658 -49.500     NaN
  -6.656 -49.500     NaN
  -6.654 -16.293 -16.293
  -6.652 -16.627 -49.500
  -6.650 -16.563 -49.500
  -6.648 -16.217 -49.500
  -6.646 -49.500 -49.500
  -6.644 -49.500     NaN
  -6.642 -49.500     NaN
  -6.640 -49.500     NaN
  -6.638 -49.500 -49.500
  -6.636 -16.470 -49.500
  -6.634 -16.163 -49.500
  -6.632 -49.500 -49.500
  -6.630 -49.500     NaN
  -6.628 -16.384 -49.500
  -6.626 -49.500     NaN
  -6.624 -49.500     NaN
  -6.622 -16.644 -49.500
  -6.620 -49.500 -49.500
  -6.618 -16.137 -49.500
  -6.617 -49.500     NaN
  -6.615 -49.500     NaN
  -6.613 -16.128 -16.128
  -6.611 -49.500 -49.500
  -6.609 -16.429 -16.942
  -6.607 -49.500     NaN
  -6.605 -16.458 -16.458
  -6.603 -15.629 -49.500
  -6.602 -49.500     NaN
  -6.600 -49.500     NaN
  -6.598 -15.932 -49.500
  -6.596 -49.500 -49.500
  -6.594 -49.500     NaN
