  -8.861 -13.776 -13.776
  -8.599 -13.886 -13.886
  -8.442 -13.996 -13.996
  -8.329 -13.962 -13.962
  -8.239 -14.142 -14.142
  -8.166 -13.984 -14.280
  -8.103 -14.146 -14.146
  -8.048 -14.201 -14.201
  -7.999 -14.384 -14.384
  -7.955 -14.100 -14.434
  -7.916 -14.551 -14.551
  -7.879 -14.465 -14.465
  -7.846 -14.651 -14.651
  -7.815 -14.500 -14.698
  -7.786 -14.397 -14.558
  -7.758 -14.595 -14.595
  -7.733 -14.830 -14.830
  -7.709 -14.808 -14.808
  -7.686 -14.504 -14.504
  -7.664 -14.703 -14.703
  -7.643 -14.799 -14.799
  -7.624 -14.311 -14.475
  -7.605 -14.707 -14.707
  -7.586 -14.914 -14.914
  -7.569 -14.542 -14.871
  -7.552 -14.750 -14.906
  -7.536 -14.992 -14.992
  -7.521 -14.741 -14.921
  -7.506 -14.593 -14.593
  -7.491 -14.874 -14.874
  -7.477 -14.865 -14.865
  -7.464 -14.794 -14.794
  -7.451 -15.068 -15.068
  -7.438 -14.868 -14.868
  -7.425 -14.846 -14.846
  -7.413 -14.999 -15.182
  -7.401 -14.966 -15.146
  -7.390 -15.065 -15.298
  -7.379 -15.229 -15.229
  -7.368 -15.263 -15.263
  -7.357 -15.248 -15.248
  -7.347 -14.905 -14.905
  -7.337 -15.406 -15.406
  -7.327 -15.049 -15.215
  -7.317 -15.022 -15.022
  -7.308 -15.351 -15.351
  -7.299 -15.379 -15.379
  -7.290 -14.898 -15.306
  -7.281 -14.365 -15.053
  -7.272 -15.396 -15.629
  -7.264 -15.194 -15.194
  -7.255 -15.661 -15.661
  -7.247 -15.377 -15.659
  -7.239 -14.565 -15.195
  -7.231 -14.986 -15.441
  -7.223 -15.261 -15.656
  -7.216 -15.426 -15.426
  -7.208 -15.575 -15.575
  -7.201 -14.817 -15.388
  -7.194 -15.699 -15.699
  -7.187 -15.396 -15.788
  -7.180 -15.235 -15.730
  -7.173 -15.398 -15.686
  -7.166 -15.636 -15.873
  -7.159 -15.741 -15.741
  -7.153 -15.632 -15.632
  -7.146 -15.351 -15.719
  -7.140 -15.873 -15.873
  -7.133 -15.676 -16.009
  -7.127 -16.014 -16.014
  -7.121 -15.071 -15.612
  -7.115 -15.087 -15.539
  -7.109 -15.618 -15.960
  -7.103 -15.457 -15.457
  -7.098 -15.911 -15.911
  -7.092 -15.856 -15.856
  -7.086 -15.701 -15.701
  -7.081 -15.720 -15.877
  -7.075 -14.661 -15.542
  -7.070 -15.059 -15.901
  -7.064 -15.276 -15.513
  -7.059 -15.739 -16.243
  -7.054 -15.763 -16.278
  -7.049 -15.061 -16.067
  -7.043 -14.754 -14.955
  -7.038 -15.534 -15.770
  -7.033 -15.686 -15.686
  -7.029 -15.615 -16.060
  -7.024 -16.028 -16.366
  -7.019 -15.435 -16.009
  -7.014 -15.240 -16.048
  -7.009 -15.052 -15.776
  -7.005 -15.146 -15.514
  -7.000 -15.423 -15.581
  -6.995 -15.101 -16.093
  -6.991 -15.824 -15.824
  -6.986 -15.160 -16.502
  -6.982 -16.435 -16.435
  -6.978 -15.540 -16.378
  -6.973 -15.665 -16.052
  -6.969 -15.072 -15.499
  -6.965 -16.217 -16.415
  -6.961 -15.727 -16.396
  -6.956 -15.830 -15.830
  -6.952 -16.149 -16.149
  -6.948 -16.358 -16.527
  -6.944 -15.680 -16.395
  -6.940 -14.850 -15.955
  -6.936 -15.990 -15.990
  -6.932 -16.395 -16.692
  -6.928 -16.402 -16.731
  -6.924 -16.098 -16.098
  -6.920 -16.316 -16.316
  -6.917 -16.153 -16.490
  -6.913 -15.478 -16.159
  -6.909 -16.191 -16.553
  -6.905 -16.294 -16.294
  -6.902 -15.840 -16.060
  -6.898 -16.522 -17.274
  -6.894 -16.050 -16.050
  -6.891 -16.077 -49.500
  -6.887 -15.724 -15.879
  -6.884 -16.203 -16.578
  -6.880 -16.252 -16.558
  -6.877 -16.306 -16.786
  -6.873 -15.739 -15.895
  -6.870 -16.500 -17.170
  -6.867 -16.621 -16.917
  -6.863 -16.375 -16.584
  -6.860 -15.861 -16.535
  -6.857 -16.919 -49.500
  -6.853 -16.164 -16.905
  -6.850 -15.982 -16.216
  -6.847 -16.553 -17.098
  -6.844 -15.655 -16.310
  -6.840 -16.438 -16.685
  -6.837 -49.500     NaN
  -6.834 -17.007 -49.500
  -6.831 -16.051 -17.029
  -6.828 -16.334 -16.817
  -6.825 -16.637 -16.817
  -6.822 -15.482 -49.500
  -6.819 -16.281 -16.513
  -6.816 -14.631 -16.604
  -6.813 -15.922 -16.386
  -6.810 -16.067 -16.717
  -6.807 -16.428 -49.500
  -6.804 -16.612 -16.908
  -6.801 -16.525 -16.901
  -6.798 -15.991 -16.337
  -6.795 -15.725 -16.613
  -6.792 -49.500     NaN
  -6.789 -16.051 -16.520
  -6.787 -16.811 -16.980
  -6.784 -16.335 -16.565
  -6.781 -16.177 -16.346
  -6.778 -16.961 -49.500
  -6.775 -15.636 -49.500
  -6.773 -16.983 -49.500
  -6.770 -49.500     NaN
  -6.767 -16.775 -49.500
  -6.765 -15.226 -16.070
  -6.762 -15.358 -15.874
  -6.759 -49.500     NaN
  -6.757 -16.154 -16.535
  -6.754 -16.161 -16.515
  -6.751 -16.832 -49.500
  -6.749 -16.387 -16.387
  -6.746 -16.275 -16.771
  -6.744 -16.457 -16.868
  -6.741 -16.265 -49.500
  -6.739 -16.078 -16.631
  -6.736 -16.481 -16.632
  -6.734 -16.101 -16.570
  -6.731 -15.863 -15.863
  -6.729 -16.632 -16.918
  -6.726 -49.500     NaN
  -6.724 -49.500     NaN
  -6.721 -49.500 -49.500
  -6.719 -49.500     NaN
  -6.717 -16.351 -49.500
  -6.714 -49.500     NaN
  -6.712 -49.500     NaN
  -6.709 -16.522 -49.500
  -6.707 -49.500     NaN
  -6.705 -49.500     NaN
  -6.702 -49.500 -49.500
  -6.700 -15.890 -49.500
  -6.698 -16.329 -49.500
  -6.696 -49.500 -49.500
  -6.693 -16.634 -49.500
  -6.691 -14.948 -49.500
  -6.689 -49.500     NaN
  -6.687 -49.500 -49.500
  -6.684 -49.500     NaN
  -6.682 -49.500     NaN
  -6.680 -15.779 -49.500
  -6.678 -49.500     NaN
  -6.675 -16.140 -16.140
  -6.673 -49.500     NaN
  -6.671 -15.859 -49.500
  -6.669 -49.500 -49.500
  -6.667 -16.115 -16.844
  -6.665 -49.500     NaN
  -6.663 -49.500 -49.500
  -6.661 -49.500     NaN
  -6.658 -49.500 -49.500
  -6.656 -49.500 -49.500
  -6.654 -49.500     NaN
  -6.652 -16.393 -16.639
  -6.650 -16.083 -16.660
  -6.648 -16.344 -16.344
  -6.646 -49.500 -49.500
  -6.644 -16.212 -49.500
  -6.642 -49.500     NaN
  -6.640 -17.055 -49.500
  -6.638 -49.500 -49.500
  -6.636 -49.500 -49.500
  -6.634 -49.500 -49.500
  -6.632 -49.500     NaN
  -6.630 -16.934 -49.500
  -6.628 -49.500 -49.500
  -6.626 -15.583 -15.583
  -6.624 -49.500     NaN
  -6.622 -16.729 -49.500
  -6.620 -49.500     NaN
  -6.618 -17.003 -49.500
  -6.617 -49.500     NaN
  -6.615 -16.305 -16.305
  -6.613 -49.500     NaN
  -6.611 -16.312 -49.500
  -6.609 -16.529 -16.529
  -6.607 -16.147 -16.147
  -6.605 -49.500 -49.500
  -6.603 -49.500 -49.500
  -6.602 -49.500 -49.500
  -6.600 -49.500     NaN
  -6.598 -49.500 -49.500
  -6.596 -49.500     NaN
  -6.594 -49.500 -49.500
