  -8.861 -13.788 -13.788
  -8.599 -13.904 -13.904
  -8.442 -14.023 -14.023
  -8.329 -14.102 -14.102
  -8.239 -14.207 -14.207
  -8.166 -13.978 -14.187
  -8.103 -14.306 -14.306
  -8.048 -14.365 -14.365
  -7.999 -14.329 -14.329
  -7.955 -14.387 -14.387
  -7.916 -14.625 -14.625
  -7.879 -14.149 -14.426
  -7.846 -14.186 -14.374
  -7.815 -14.520 -14.520
  -7.786 -14.612 -14.612
  -7.758 -14.359 -14.541
  -7.733 -14.424 -14.424
  -7.709 -14.709 -14.709
  -7.686 -14.440 -14.440
  -7.664 -14.421 -14.927
  -7.643 -14.644 -14.978
  -7.624 -14.893 -14.893
  -7.605 -14.671 -14.671
  -7.586 -14.789 -15.005
  -7.569 -14.399 -14.855
  -7.552 -14.184 -14.659
  -7.536 -14.890 -14.890
  -7.521 -15.110 -15.110
  -7.506 -14.961 -14.961
  -7.491 -14.490 -14.788
  -7.477 -15.110 -15.110
  -7.464 -14.774 -14.990
  -7.451 -14.039 -15.005
  -7.438 -15.062 -15.062
  -7.425 -14.818 -15.035
  -7.413 -15.125 -15.125
  -7.401 -14.439 -15.085
  -7.390 -15.051 -15.051
  -7.379 -15.427 -15.427
  -7.368 -14.889 -15.270
  -7.357 -15.266 -15.266
  -7.347 -14.742 -15.178
  -7.337 -15.473 -15.473
  -7.327 -15.336 -15.336
  -7.317 -15.429 -15.429
  -7.308 -15.351 -15.351
  -7.299 -15.096 -15.333
  -7.290 -14.785 -15.173
  -7.281 -15.187 -15.187
  -7.272 -15.242 -15.488
  -7.264 -15.233 -15.423
  -7.255 -15.512 -15.512
  -7.247 -15.620 -15.772
  -7.239 -15.181 -15.561
  -7.231 -15.453 -15.453
  -7.223 -15.492 -15.689
  -7.216 -15.720 -15.720
  -7.208 -15.518 -15.687
  -7.201 -15.358 -15.510
  -7.194 -15.098 -15.254
  -7.187 -15.603 -15.755
  -7.180 -15.338 -15.619
  -7.173 -15.298 -15.589
  -7.166 -15.171 -15.171
  -7.159 -15.051 -15.312
  -7.153 -15.179 -15.915
  -7.146 -15.861 -15.861
  -7.140 -15.629 -15.629
  -7.133 -14.653 -15.309
  -7.127 -14.928 -15.824
  -7.121 -15.345 -15.599
  -7.115 -13.793 -15.878
  -7.109 -15.518 -15.518
  -7.103 -16.007 -16.180
  -7.098 -15.866 -15.866
  -7.092 -15.432 -15.856
  -7.086 -16.165 -16.165
  -7.081 -15.307 -15.806
  -7.075 -15.913 -16.127
  -7.070 -14.845 -16.018
  -7.064 -15.504 -15.753
  -7.059 -15.770 -15.770
  -7.054 -15.628 -15.780
  -7.049 -16.096 -16.096
  -7.043 -15.662 -15.838
  -7.038 -15.873 -15.873
  -7.033 -15.945 -15.945
  -7.029 -15.755 -16.189
  -7.024 -16.127 -16.127
  -7.019 -15.778 -15.933
  -7.014 -15.855 -15.855
  -7.009 -16.115 -16.115
  -7.005 -16.298 -16.478
  -7.000 -15.730 -16.041
  -6.995 -16.052 -16.052
  -6.991 -16.097 -16.097
  -6.986 -15.569 -15.843
  -6.982 -15.808 -16.099
  -6.978 -13.847 -16.061
  -6.973 -16.326 -16.707
  -6.969 -16.073 -16.292
  -6.965 -16.094 -16.352
  -6.961 -16.155 -16.345
  -6.956 -16.220 -16.220
  -6.952 -16.239 -16.707
  -6.948 -15.907 -16.376
  -6.944 -16.000 -16.254
  -6.940 -15.722 -16.092
  -6.936 -15.807 -16.026
  -6.932 -15.838 -16.154
  -6.928 -15.900 -16.174
  -6.924 -16.404 -17.396
  -6.920 -16.489 -16.489
  -6.917 -15.528 -16.643
  -6.913 -16.658 -16.658
  -6.909 -16.502 -16.502
  -6.905 -15.664 -15.887
  -6.902 -15.612 -15.768
  -6.898 -16.513 -16.711
  -6.894 -16.557 -16.792
  -6.891 -14.980 -15.948
  -6.887 -15.857 -17.035
  -6.884 -16.105 -16.290
  -6.880 -16.071 -16.286
  -6.877 -14.990 -15.834
  -6.873 -16.588 -16.863
  -6.870 -16.162 -16.534
  -6.867 -16.714 -16.988
  -6.863 -15.846 -16.209
  -6.860 -17.045 -49.500
  -6.857 -16.226 -16.226
  -6.853 -15.645 -16.181
  -6.850 -15.878 -16.560
  -6.847 -49.500     NaN
  -6.844 -15.895 -16.416
  -6.840 -16.775 -16.775
  -6.837 -15.911 -16.833
  -6.834 -15.487 -16.618
  -6.831 -16.587 -49.500
  -6.828 -16.451 -16.627
  -6.825 -15.293 -16.579
  -6.822 -49.500     NaN
  -6.819 -16.660 -16.873
  -6.816 -49.500     NaN
  -6.813 -16.484 -16.675
  -6.810 -16.449 -16.625
  -6.807 -16.903 -49.500
  -6.804 -16.345 -49.500
  -6.801 -49.500     NaN
  -6.798 -49.500     NaN
  -6.795 -16.475 -49.500
  -6.792 -16.206 -16.359
  -6.789 -15.703 -16.116
  -6.787 -16.065 -16.318
  -6.784 -49.500     NaN
  -6.781 -16.051 -16.490
  -6.778 -49.500     NaN
  -6.775 -16.799 -49.500
  -6.773 -16.354 -49.500
  -6.770 -16.434 -49.500
  -6.767 -16.262 -16.559
  -6.765 -49.500     NaN
  -6.762 -15.967 -49.500
  -6.759 -15.898 -16.540
  -6.757 -16.355 -17.193
  -6.754 -15.755 -49.500
  -6.751 -15.914 -16.243
  -6.749 -49.500     NaN
  -6.746 -16.123 -16.123
  -6.744 -16.989 -49.500
  -6.741 -16.606 -49.500
  -6.739 -16.170 -49.500
  -6.736 -16.616 -49.500
  -6.734 -16.513 -49.500
  -6.731 -17.063 -49.500
  -6.729 -49.500     NaN
  -6.726 -16.450 -49.500
  -6.724 -16.752 -49.500
  -6.721 -16.666 -49.500
  -6.719 -15.275 -16.555
  -6.717 -16.537 -16.764
  -6.714 -15.936 -49.500
  -6.712 -16.855 -49.500
  -6.709 -17.014 -49.500
  -6.707 -49.500     NaN
  -6.705 -16.879 -49.500
  -6.702 -49.500     NaN
  -6.700 -15.852 -16.079
  -6.698 -49.500     NaN
  -6.696 -16.115 -49.500
  -6.693 -49.500     NaN
  -6.691 -16.640 -16.640
  -6.689 -16.782 -49.500
  -6.687 -49.500     NaN
  -6.684 -49.500     NaN
  -6.682 -49.500 -49.500
  -6.680 -16.816 -49.500
  -6.678 -16.223 -16.550
  -6.675 -49.500     NaN
  -6.673 -49.500     NaN
  -6.671 -49.500     NaN
  -6.669 -16.841 -49.500
  -6.667 -49.500 -49.500
  -6.665 -16.235 -49.500
  -6.663 -49.500     NaN
  -6.661 -17.028 -49.500
  -6.658 -16.570 -16.776
  -6.656 -49.500 -49.500
  -6.654 -49.500 -49.500
  -6.652 -17.075 -17.075
  -6.650 -16.174 -16.174
  -6.648 -16.170 -16.170
  -6.646 -15.285 -16.023
  -6.644 -49.500     NaN
  -6.642 -49.500     NaN
  -6.640 -16.480 -49.500
  -6.638 -16.403 -49.500
  -6.636 -16.659 -49.500
  -6.634 -49.500 -49.500
  -6.632 -16.431 -16.657
  -6.630 -16.603 -49.500
  -6.628 -49.500 -49.500
  -6.626 -16.530 -49.500
  -6.624 -16.084 -49.500
  -6.622 -16.042 -49.500
  -6.620 -49.500 -49.500
  -6.618 -49.500 -49.500
  -6.617 -16.534 -49.500
  -6.615 -49.500     NaN
  -6.613 -16.573 -49.500
  -6.611 -16.329 -16.329
  -6.609 -15.211 -15.211
  -6.607 -49.500 -49.500
  -6.605 -16.048 -16.048
  -6.603 -16.174 -16.174
  -6.602 -49.500     NaN
  -6.600 -49.500 -49.500
  -6.598 -49.500     NaN
  -6.596 -49.500 -49.500
  -6.594 -49.500 -49.500
