  -8.861 -13.758 -13.758
  -8.599 -13.938 -13.938
  -8.442 -13.944 -13.944
  -8.329 -13.887 -13.887
  -8.239 -14.151 -14.151
  -8.166 -14.288 -14.288
  -8.103 -14.289 -14.289
  -8.048 -14.351 -14.351
  -7.999 -14.297 -14.297
  -7.955 -14.394 -14.394
  -7.916 -14.447 -14.447
  -7.879 -14.510 -14.510
  -7.846 -14.515 -14.515
  -7.815 -14.451 -14.451
  -7.786 -14.706 -14.706
  -7.758 -14.552 -14.552
  -7.733 -14.655 -14.655
  -7.709 -14.720 -14.720
  -7.686 -14.617 -14.617
  -7.664 -14.802 -14.802
  -7.643 -14.806 -14.806
  -7.624 -14.722 -14.722
  -7.605 -14.755 -15.019
  -7.586 -14.440 -14.773
  -7.569 -14.417 -14.577
  -7.552 -14.699 -14.947
  -7.536 -14.437 -14.798
  -7.521 -15.022 -15.022
  -7.506 -15.022 -15.022
  -7.491 -14.935 -14.935
  -7.477 -15.252 -15.252
  -7.464 -14.819 -14.819
  -7.451 -15.040 -15.238
  -7.438 -15.105 -15.105
  -7.425 -15.002 -15.191
  -7.413 -15.285 -15.285
  -7.401 -14.601 -14.937
  -7.390 -14.994 -14.994
  -7.379 -15.191 -15.191
  -7.368 -14.694 -14.879
  -7.357 -14.829 -15.324
  -7.347 -15.140 -15.140
  -7.337 -15.174 -15.331
  -7.327 -14.528 -14.764
  -7.317 -15.568 -15.568
  -7.308 -14.634 -15.503
  -7.299 -15.164 -15.164
  -7.290 -14.988 -15.143
  -7.281 -15.157 -15.391
  -7.272 -14.801 -15.115
  -7.264 -15.479 -15.479
  -7.255 -15.366 -15.366
  -7.247 -15.273 -15.273
  -7.239 -15.549 -15.549
  -7.231 -14.421 -15.567
  -7.223 -15.317 -15.477
  -7.216 -15.266 -15.601
  -7.208 -15.519 -15.519
  -7.201 -15.353 -15.353
  -7.194 -15.341 -15.567
  -7.187 -15.459 -15.801
  -7.180 -15.768 -15.768
  -7.173 -15.821 -15.821
  -7.166 -15.453 -15.715
  -7.159 -15.404 -15.701
  -7.153 -15.876 -15.876
  -7.146 -14.989 -15.782
  -7.140 -15.266 -15.266
  -7.133 -15.436 -15.690
  -7.127 -15.243 -15.944
  -7.121 -15.343 -15.519
  -7.115 -15.334 -15.781
  -7.109 -15.925 -15.925
  -7.103 -15.786 -15.987
  -7.098 -15.152 -15.422
  -7.092 -15.655 -15.822
  -7.086 -15.482 -15.857
  -7.081 -15.925 -16.162
  -7.075 -15.693 -15.915
  -7.070 -15.405 -15.405
  -7.064 -15.911 -15.911
  -7.059 -15.607 -15.607
  -7.054 -16.026 -16.026
  -7.049 -15.694 -16.089
  -7.043 -15.519 -15.519
  -7.038 -15.885 -15.885
  -7.033 -15.754 -15.754
  -7.029 -15.299 -15.776
  -7.024 -16.015 -16.015
  -7.019 -14.653 -15.879
  -7.014 -16.110 -16.110
  -7.009 -15.708 -15.708
  -7.005 -14.804 -15.959
  -7.000 -16.468 -16.675
  -6.995 -15.552 -15.756
  -6.991 -15.322 -16.162
  -6.986 -16.297 -16.500
  -6.982 -15.537 -16.075
  -6.978 -15.392 -16.219
  -6.973 -15.311 -15.509
  -6.969 -15.823 -16.459
  -6.965 -16.093 -16.093
  -6.961 -15.970 -16.185
  -6.956 -16.058 -16.058
  -6.952 -15.204 -15.424
  -6.948 -15.963 -15.963
  -6.944 -15.971 -16.151
  -6.940 -15.826 -16.254
  -6.936 -16.510 -16.662
  -6.932 -16.587 -16.875
  -6.928 -16.023 -16.023
  -6.924 -16.158 -16.659
  -6.920 -16.197 -16.197
  -6.917 -15.937 -16.124
  -6.913 -16.232 -16.456
  -6.909 -15.232 -15.887
  -6.905 -16.387 -16.607
  -6.902 -15.880 -16.043
  -6.898 -15.961 -16.480
  -6.894 -16.097 -16.270
  -6.891 -16.018 -16.018
  -6.887 -15.491 -16.182
  -6.884 -15.619 -16.485
  -6.880 -16.588 -49.500
  -6.877 -17.031 -49.500
  -6.873 -16.040 -16.409
  -6.870 -16.201 -17.138
  -6.867 -17.074 -49.500
  -6.863 -16.173 -16.567
  -6.860 -15.595 -16.232
  -6.857 -15.657 -16.498
  -6.853 -16.204 -16.619
  -6.850 -15.042 -16.994
  -6.847 -15.456 -15.630
  -6.844 -16.000 -16.495
  -6.840 -16.168 -16.471
  -6.837 -14.042 -15.891
  -6.834 -16.178 -16.439
  -6.831 -49.500     NaN
  -6.828 -15.367 -15.367
  -6.825 -16.214 -16.214
  -6.822 -49.500     NaN
  -6.819 -16.105 -16.888
  -6.816 -16.861 -49.500
  -6.813 -15.643 -16.232
  -6.810 -16.519 -49.500
  -6.807 -16.754 -49.500
  -6.804 -16.944 -49.500
  -6.801 -16.422 -16.422
  -6.798 -16.913 -49.500
  -6.795 -16.875 -17.239
  -6.792 -16.494 -16.731
  -6.789 -16.483 -16.946
  -6.787 -15.569 -15.980
  -6.784 -49.500     NaN
  -6.781 -16.112 -16.492
  -6.778 -16.757 -16.915
  -6.775 -15.776 -15.776
  -6.773 -16.163 -16.325
  -6.770 -15.545 -16.107
  -6.767 -15.683 -16.546
  -6.765 -49.500 -49.500
  -6.762 -16.820 -49.500
  -6.759 -16.247 -16.938
  -6.757 -16.510 -16.667
  -6.754 -16.298 -16.851
  -6.751 -15.087 -16.808
  -6.749 -49.500     NaN
  -6.746 -16.474 -49.500
  -6.744 -15.223 -49.500
  -6.741 -15.950 -16.949
  -6.739 -16.321 -49.500
  -6.736 -16.027 -49.500
  -6.734 -16.882 -49.500
  -6.731 -16.762 -49.500
  -6.729 -16.261 -49.500
  -6.726 -16.302 -49.500
  -6.724 -15.486 -16.096
  -6.721 -15.327 -16.890
  -6.719 -16.955 -49.500
  -6.717 -16.505 -16.806
  -6.714 -49.500 -49.500
  -6.712 -49.500     NaN
  -6.709 -16.438 -49.500
  -6.707 -49.500     NaN
  -6.705 -15.487 -16.623
  -6.702 -49.500 -49.500
  -6.700 -16.235 -16.449
  -6.698 -49.500     NaN
  -6.696 -16.168 -49.500
  -6.693 -16.774 -49.500
  -6.691 -14.454 -16.240
  -6.689 -16.647 -49.500
  -6.687 -49.500 -49.500
  -6.684 -14.658 -14.658
  -6.682 -49.500     NaN
  -6.680 -16.212 -49.500
  -6.678 -49.500 -49.500
  -6.675 -49.500 -49.500
  -6.673 -49.500 -49.500
  -6.671 -16.799 -49.500
  -6.669 -15.945 -49.500
  -6.667 -15.688 -16.541
  -6.665 -17.078 -17.078
  -6.663 -16.141 -16.329
  -6.661 -49.500     NaN
  -6.658 -49.500     NaN
  -6.656 -49.500 -49.500
  -6.654 -16.156 -49.500
  -6.652 -14.726 -14.726
  -6.650 -15.691 -49.500
  -6.648 -16.225 -49.500
  -6.646 -15.312 -49.500
  -6.644 -16.426 -49.500
  -6.642 -49.500     NaN
  -6.640 -16.657 -49.500
  -6.638 -16.323 -49.500
  -6.636 -16.064 -49.500
  -6.634 -49.500 -49.500
  -6.632 -49.500 -49.500
  -6.630 -49.500     NaN
  -6.628 -49.500     NaN
  -6.626 -49.500     NaN
  -6.624 -49.500 -49.500
  -6.622 -49.500 -49.500
  -6.620 -49.500 -49.500
  -6.618 -49.500 -49.500
  -6.617 -16.389 -49.500
  -6.615 -49.500 -49.500
  -6.613 -49.500 -49.500
  -6.611 -14.332 -49.500
  -6.609 -49.500     NaN
  -6.607 -16.278 -49.500
  -6.605 -49.500 -49.500
  -6.603 -49.500     NaN
  -6.602 -49.500     NaN
  -6.600 -16.870 -49.500
  -6.598 -49.500 -49.500
  -6.596 -49.500 -49.500
  -6.594 -16.054 -16.653
