  -8.861 -13.775 -13.775
  -8.599 -13.914 -13.914
  -8.442 -13.978 -13.978
  -8.329 -14.032 -14.032
  -8.239 -14.145 -14.145
  -8.166 -14.033 -14.270
  -8.103 -14.220 -14.220
  -8.048 -14.360 -14.360
  -7.999 -14.351 -14.351
  -7.955 -14.370 -14.370
  -7.916 -14.404 -14.404
  -7.879 -14.340 -14.340
  -7.846 -14.160 -14.323
  -7.815 -14.437 -14.437
  -7.786 -14.391 -14.584
  -7.758 -14.528 -14.528
  -7.733 -14.545 -14.545
  -7.709 -14.538 -14.538
  -7.686 -14.580 -14.580
  -7.664 -14.672 -14.672
  -7.643 -14.703 -14.703
  -7.624 -14.924 -14.924
  -7.605 -14.678 -14.990
  -7.586 -14.637 -14.887
  -7.569 -14.893 -14.893
  -7.552 -15.079 -15.079
  -7.536 -14.925 -14.925
  -7.521 -15.053 -15.053
  -7.506 -14.899 -14.899
  -7.491 -15.173 -15.173
  -7.477 -14.948 -14.948
  -7.464 -15.072 -15.072
  -7.451 -15.052 -15.275
  -7.438 -15.129 -15.129
  -7.425 -14.490 -14.797
  -7.413 -14.719 -14.871
  -7.401 -15.231 -15.231
  -7.390 -15.067 -15.490
  -7.379 -14.855 -15.218
  -7.368 -15.012 -15.379
  -7.357 -15.154 -15.154
  -7.347 -15.158 -15.158
  -7.337 -15.043 -15.275
  -7.327 -14.686 -15.252
  -7.317 -14.905 -15.345
  -7.308 -15.035 -15.199
  -7.299 -15.011 -15.011
  -7.290 -15.004 -15.161
  -7.281 -15.390 -15.390
  -7.272 -15.030 -15.030
  -7.264 -15.055 -15.502
  -7.255 -15.596 -15.748
  -7.247 -14.812 -15.193
  -7.239 -15.321 -15.526
  -7.231 -14.877 -15.372
  -7.223 -14.469 -15.511
  -7.216 -15.156 -15.726
  -7.208 -15.493 -15.699
  -7.201 -15.755 -15.755
  -7.194 -15.818 -15.818
  -7.187 -15.805 -15.805
  -7.180 -14.785 -15.599
  -7.173 -15.797 -15.797
  -7.166 -15.384 -15.384
  -7.159 -15.184 -15.659
  -7.153 -15.728 -15.728
  -7.146 -15.786 -15.786
  -7.140 -15.930 -15.930
  -7.133 -15.624 -15.863
  -7.127 -15.638 -15.808
  -7.121 -15.299 -15.542
  -7.115 -15.249 -15.481
  -7.109 -15.514 -15.774
  -7.103 -15.181 -15.762
  -7.098 -15.233 -16.114
  -7.092 -15.111 -15.111
  -7.086 -15.623 -16.158
  -7.081 -14.817 -15.260
  -7.075 -15.599 -15.883
  -7.070 -15.875 -15.875
  -7.064 -15.160 -15.724
  -7.059 -15.819 -15.819
  -7.054 -15.748 -15.748
  -7.049 -15.828 -15.828
  -7.043 -15.766 -16.106
  -7.038 -16.325 -16.515
  -7.033 -16.042 -16.042
  -7.029 -16.275 -16.275
  -7.024 -16.221 -16.221
  -7.019 -15.650 -16.220
  -7.014 -16.161 -16.161
  -7.009 -15.714 -16.020
  -7.005 -16.065 -16.065
  -7.000 -15.075 -15.380
  -6.995 -15.893 -16.232
  -6.991 -15.119 -15.889
  -6.986 -15.716 -15.716
  -6.982 -15.414 -15.579
  -6.978 -16.125 -16.290
  -6.973 -16.074 -16.074
  -6.969 -14.781 -15.577
  -6.965 -14.848 -15.572
  -6.961 -16.665 -16.665
  -6.956 -15.298 -15.814
  -6.952 -16.112 -16.269
  -6.948 -16.048 -16.285
  -6.944 -15.421 -15.702
  -6.940 -15.852 -15.852
  -6.936 -16.074 -16.251
  -6.932 -16.116 -16.320
  -6.928 -16.208 -16.445
  -6.924 -16.951 -21.681
  -6.920 -16.274 -16.274
  -6.917 -16.376 -16.376
  -6.913 -16.556 -16.556
  -6.909 -15.700 -16.262
  -6.905 -15.597 -16.243
  -6.902 -16.185 -16.444
  -6.898 -16.027 -16.704
  -6.894 -15.811 -15.811
  -6.891 -16.256 -16.408
  -6.887 -15.190 -16.183
  -6.884 -16.009 -16.995
  -6.880 -15.940 -16.121
  -6.877 -16.069 -16.491
  -6.873 -16.276 -17.045
  -6.870 -16.250 -16.594
  -6.867 -16.440 -16.987
  -6.863 -15.222 -15.615
  -6.860 -15.937 -16.320
  -6.857 -16.418 -16.827
  -6.853 -16.834 -17.035
  -6.850 -16.069 -16.357
  -6.847 -15.598 -49.500
  -6.844 -16.193 -16.193
  -6.840 -16.489 -16.986
  -6.837 -16.022 -16.893
  -6.834 -16.523 -16.711
  -6.831 -15.778 -15.997
  -6.828 -15.414 -16.956
  -6.825 -15.751 -16.291
  -6.822 -14.534 -16.270
  -6.819 -15.967 -15.967
  -6.816 -16.071 -16.280
  -6.813 -15.392 -16.220
  -6.810 -16.619 -49.500
  -6.807 -16.705 -17.492
  -6.804 -15.316 -17.132
  -6.801 -15.837 -16.663
  -6.798 -49.500     NaN
  -6.795 -15.563 -16.988
  -6.792 -49.500     NaN
  -6.789 -16.232 -49.500
  -6.787 -16.480 -16.753
  -6.784 -16.643 -16.866
  -6.781 -49.500     NaN
  -6.778 -16.173 -16.173
  -6.775 -16.158 -16.158
  -6.773 -16.268 -16.591
  -6.770 -16.416 -16.828
  -6.767 -16.536 -16.779
  -6.765 -16.587 -16.827
  -6.762 -16.054 -16.381
  -6.759 -15.151 -16.442
  -6.757 -16.031 -16.517
  -6.754 -17.034 -17.403
  -6.751 -49.500     NaN
  -6.749 -49.500     NaN
  -6.746 -15.736 -49.500
  -6.744 -15.499 -16.492
  -6.741 -49.500     NaN
  -6.739 -17.076 -49.500
  -6.736 -15.895 -49.500
  -6.734 -49.500     NaN
  -6.731 -15.338 -16.644
  -6.729 -49.500     NaN
  -6.726 -49.500     NaN
  -6.724 -49.500 -49.500
  -6.721 -16.878 -49.500
  -6.719 -49.500     NaN
  -6.717 -16.822 -49.500
  -6.714 -49.500 -49.500
  -6.712 -16.874 -49.500
  -6.709 -16.433 -49.500
  -6.707 -16.148 -49.500
  -6.705 -49.500     NaN
  -6.702 -49.500 -49.500
  -6.700 -16.328 -49.500
  -6.698 -16.087 -49.500
  -6.696 -49.500     NaN
  -6.693 -49.500     NaN
  -6.691 -16.725 -16.725
  -6.689 -16.093 -16.553
  -6.687 -16.229 -16.229
  -6.684 -15.686 -49.500
  -6.682 -16.353 -49.500
  -6.680 -16.408 -16.880
  -6.678 -49.500     NaN
  -6.675 -16.194 -49.500
  -6.673 -49.500     NaN
  -6.671 -49.500     NaN
  -6.669 -49.500 -49.500
  -6.667 -49.500     NaN
  -6.665 -49.500 -49.500
  -6.663 -15.427 -15.427
  -6.661 -16.658 -16.837
  -6.658 -49.500 -49.500
  -6.656 -49.500     NaN
  -6.654 -15.603 -16.077
  -6.652 -49.500 -49.500
  -6.650 -49.500     NaN
  -6.648 -15.901 -16.481
  -6.646 -49.500     NaN
  -6.644 -49.500 -49.500
  -6.642 -49.500 -49.500
  -6.640 -49.500 -49.500
  -6.638 -49.500     NaN
  -6.636 -15.940 -49.500
  -6.634 -49.500 -49.500
  -6.632 -14.886 -49.500
  -6.630 -16.439 -16.770
  -6.628 -49.500 -49.500
  -6.626 -16.683 -49.500
  -6.624 -16.566 -49.500
  -6.622 -15.422 -16.668
  -6.620 -16.092 -49.500
  -6.618 -17.171 -17.171
  -6.617 -49.500     NaN
  -6.615 -49.500 -49.500
  -6.613 -49.500     NaN
  -6.611 -49.500 -49.500
  -6.609 -49.500 -49.500
  -6.607 -16.701 -49.500
  -6.605 -49.500 -49.500
  -6.603 -49.500 -49.500
  -6.602 -16.844 -16.844
  -6.600 -49.500 -49.500
  -6.598 -49.500 -49.500
  -6.596 -16.573 -49.500
  -6.594 -49.500     NaN
