  -8.861 -13.782 -13.782
  -8.599 -13.900 -13.900
  -8.442 -14.007 -14.007
  -8.329 -14.032 -14.032
  -8.239 -13.951 -13.951
  -8.166 -14.206 -14.206
  -8.103 -14.168 -14.168
  -8.048 -14.170 -14.170
  -7.999 -14.350 -14.350
  -7.955 -14.501 -14.501
  -7.916 -14.509 -14.509
  -7.879 -14.277 -14.527
  -7.846 -14.094 -14.415
  -7.815 -14.309 -14.548
  -7.786 -14.637 -14.637
  -7.758 -14.519 -14.519
  -7.733 -14.752 -14.752
  -7.709 -14.282 -14.740
  -7.686 -14.811 -14.811
  -7.664 -14.549 -14.719
  -7.643 -14.653 -14.838
  -7.624 -14.773 -14.773
  -7.605 -14.831 -14.831
  -7.586 -15.024 -15.024
  -7.569 -14.250 -14.764
  -7.552 -14.613 -15.025
  -7.536 -14.624 -14.952
  -7.521 -14.792 -15.079
  -7.506 -14.666 -14.918
  -7.491 -15.272 -15.272
  -7.477 -15.038 -15.038
  -7.464 -14.764 -15.110
  -7.451 -15.029 -15.029
  -7.438 -15.131 -15.131
  -7.425 -15.004 -15.191
  -7.413 -15.287 -15.287
  -7.401 -14.849 -14.849
  -7.390 -14.728 -15.040
  -7.379 -14.811 -14.811
  -7.368 -14.940 -15.162
  -7.357 -14.779 -15.001
  -7.347 -15.105 -15.373
  -7.337 -14.610 -15.519
  -7.327 -15.153 -15.153
  -7.317 -15.014 -15.014
  -7.308 -15.565 -15.565
  -7.299 -15.242 -15.242
  -7.290 -14.201 -15.447
  -7.281 -15.177 -15.520
  -7.272 -15.409 -15.757
  -7.264 -14.904 -15.729
  -7.255 -15.294 -15.294
  -7.247 -14.423 -15.479
  -7.239 -15.508 -15.742
  -7.231 -15.615 -15.615
  -7.223 -15.639 -15.639
  -7.216 -15.338 -15.809
  -7.208 -15.774 -15.774
  -7.201 -15.248 -15.720
  -7.194 -15.127 -15.406
  -7.187 -15.509 -15.509
  -7.180 -14.676 -15.522
  -7.173 -15.886 -15.886
  -7.166 -14.881 -15.730
  -7.159 -15.142 -15.440
  -7.153 -15.377 -15.377
  -7.146 -15.701 -15.952
  -7.140 -14.840 -15.321
  -7.133 -15.773 -15.773
  -7.127 -15.132 -16.173
  -7.121 -15.879 -15.879
  -7.115 -15.717 -15.717
  -7.109 -15.975 -15.975
  -7.103 -15.370 -16.022
  -7.098 -14.836 -15.711
  -7.092 -15.748 -15.748
  -7.086 -15.074 -15.345
  -7.081 -15.735 -15.960
  -7.075 -16.035 -16.035
  -7.070 -16.111 -16.111
  -7.064 -15.480 -15.926
  -7.059 -16.102 -16.409
  -7.054 -15.555 -16.016
  -7.049 -15.788 -15.980
  -7.043 -15.672 -15.672
  -7.038 -16.151 -16.333
  -7.033 -15.246 -15.824
  -7.029 -15.965 -15.965
  -7.024 -15.600 -15.888
  -7.019 -15.517 -15.942
  -7.014 -15.843 -16.031
  -7.009 -15.679 -15.902
  -7.005 -16.142 -16.142
  -7.000 -15.442 -16.012
  -6.995 -15.808 -15.808
  -6.991 -15.810 -15.810
  -6.986 -16.054 -16.321
  -6.982 -14.939 -15.959
  -6.978 -15.866 -16.041
  -6.973 -16.120 -16.120
  -6.969 -16.123 -16.123
  -6.965 -16.380 -16.380
  -6.961 -14.764 -16.042
  -6.956 -15.238 -16.511
  -6.952 -15.547 -16.039
  -6.948 -16.133 -16.290
  -6.944 -14.825 -15.875
  -6.940 -15.682 -16.067
  -6.936 -16.285 -16.462
  -6.932 -16.508 -16.508
  -6.928 -16.367 -16.367
  -6.924 -15.727 -16.650
  -6.920 -16.148 -16.497
  -6.917 -16.456 -16.644
  -6.913 -16.028 -16.360
  -6.909 -15.542 -16.449
  -6.905 -14.254 -15.824
  -6.902 -15.736 -15.949
  -6.898 -16.006 -16.006
  -6.894 -15.635 -15.635
  -6.891 -15.030 -15.352
  -6.887 -16.253 -16.423
  -6.884 -16.116 -16.268
  -6.880 -16.454 -49.500
  -6.877 -16.206 -16.386
  -6.873 -16.750 -17.139
  -6.870 -16.751 -16.933
  -6.867 -16.346 -16.556
  -6.863 -16.566 -16.727
  -6.860 -15.601 -16.334
  -6.857 -15.333 -16.756
  -6.853 -16.484 -16.484
  -6.850 -16.109 -16.567
  -6.847 -15.755 -16.000
  -6.844 -16.323 -49.500
  -6.840 -15.633 -15.871
  -6.837 -16.018 -16.290
  -6.834 -16.074 -49.500
  -6.831 -49.500 -49.500
  -6.828 -16.525 -16.824
  -6.825 -16.156 -49.500
  -6.822 -16.709 -49.500
  -6.819 -17.333 -49.500
  -6.816 -16.550 -49.500
  -6.813 -16.391 -16.551
  -6.810 -15.674 -16.742
  -6.807 -16.777 -16.965
  -6.804 -16.511 -16.785
  -6.801 -15.968 -16.681
  -6.798 -14.742 -49.500
  -6.795 -49.500     NaN
  -6.792 -16.476 -16.664
  -6.789 -16.957 -49.500
  -6.787 -16.854 -49.500
  -6.784 -15.995 -49.500
  -6.781 -15.898 -16.211
  -6.778 -15.384 -15.890
  -6.775 -16.158 -49.500
  -6.773 -16.305 -49.500
  -6.770 -16.634 -49.500
  -6.767 -16.056 -16.499
  -6.765 -15.519 -15.723
  -6.762 -16.622 -49.500
  -6.759 -16.332 -16.978
  -6.757 -15.875 -16.339
  -6.754 -15.968 -16.364
  -6.751 -49.500     NaN
  -6.749 -49.500     NaN
  -6.746 -49.500     NaN
  -6.744 -16.165 -16.953
  -6.741 -16.271 -49.500
  -6.739 -16.405 -16.405
  -6.736 -16.668 -16.668
  -6.734 -49.500     NaN
  -6.731 -16.549 -49.500
  -6.729 -17.076 -49.500
  -6.726 -49.500     NaN
  -6.724 -16.598 -49.500
  -6.721 -15.560 -16.526
  -6.719 -16.130 -49.500
  -6.717 -49.500 -49.500
  -6.714 -15.841 -15.841
  -6.712 -16.392 -16.616
  -6.709 -16.665 -49.500
  -6.707 -49.500 -49.500
  -6.705 -16.576 -49.500
  -6.702 -15.772 -16.414
  -6.700 -14.943 -15.658
  -6.698 -16.816 -49.500
  -6.696 -49.500 -49.500
  -6.693 -49.500     NaN
  -6.691 -49.500 -49.500
  -6.689 -16.567 -49.500
  -6.687 -49.500 -49.500
  -6.684 -49.500 -49.500
  -6.682 -49.500     NaN
  -6.680 -16.061 -49.500
  -6.678 -49.500     NaN
  -6.675 -16.316 -16.316
  -6.673 -16.519 -49.500
  -6.671 -16.511 -16.737
  -6.669 -16.427 -49.500
  -6.667 -16.123 -49.500
  -6.665 -49.500     NaN
  -6.663 -49.500     NaN
  -6.661 -49.500 -49.500
  -6.658 -16.486 -16.486
  -6.656 -49.500 -49.500
  -6.654 -49.500     NaN
  -6.652 -49.500     NaN
  -6.650 -49.500 -49.500
  -6.648 -49.500 -49.500
  -6.646 -49.500 -49.500
  -6.644 -49.500 -49.500
  -6.642 -49.500     NaN
  -6.640 -16.053 -49.500
  -6.638 -16.973 -49.500
  -6.636 -49.500     NaN
  -6.634 -49.500     NaN
  -6.632 -49.500     NaN
  -6.630 -49.500 -49.500
  -6.628 -49.500     NaN
  -6.626 -49.500 -49.500
  -6.624 -49.500 -49.500
  -6.622 -17.048 -49.500
  -6.620 -15.761 -16.396
  -6.618 -15.021 -49.500
  -6.617 -49.500 -49.500
  -6.615 -15.767 -16.804
  -6.613 -49.500     NaN
  -6.611 -49.500     NaN
  -6.609 -16.184 -16.184
  -6.607 -49.500     NaN
  -6.605 -16.445 -49.500
  -6.603 -16.529 -16.529
  -6.602 -49.500 -49.500
  -6.600 -49.500     NaN
  -6.598 -49.500     NaN
  -6.596 -49.500 -49.500
  -6.594 -49.500     NaN
