  -8.861 -13.779 -13.779
  -8.599 -13.860 -13.860
  -8.442 -14.007 -14.007
  -8.329 -14.163 -14.163
  -8.239 -13.942 -14.101
  -8.166 -14.208 -14.208
  -8.103 -14.165 -14.165
  -8.048 -14.308 -14.308
  -7.999 -14.282 -14.282
  -7.955 -14.316 -14.316
  -7.916 -14.447 -14.447
  -7.879 -14.377 -14.377
  -7.846 -14.511 -14.511
  -7.815 -14.283 -14.686
  -7.786 -14.551 -14.551
  -7.758 -14.586 -14.586
  -7.733 -14.319 -14.684
  -7.709 -14.810 -14.810
  -7.686 -14.659 -14.659
  -7.664 -14.971 -14.971
  -7.643 -14.672 -14.929
  -7.624 -14.911 -14.911
  -7.605 -14.828 -14.828
  -7.586 -14.941 -14.941
  -7.569 -14.581 -14.774
  -7.552 -14.572 -14.926
  -7.536 -15.084 -15.084
  -7.521 -14.898 -14.898
  -7.506 -14.660 -14.660
  -7.491 -14.944 -15.145
  -7.477 -14.849 -15.077
  -7.464 -14.954 -15.125
  -7.451 -15.283 -15.283
  -7.438 -14.992 -15.153
  -7.425 -15.077 -15.077
  -7.413 -15.280 -15.280
  -7.401 -15.182 -15.182
  -7.390 -14.967 -15.201
  -7.379 -14.493 -15.242
  -7.368 -15.193 -15.193
  -7.357 -14.178 -14.494
  -7.347 -14.207 -14.968
  -7.337 -14.941 -14.941
  -7.327 -15.467 -15.467
  -7.317 -15.615 -15.615
  -7.308 -15.057 -15.057
  -7.299 -13.373 -15.065
  -7.290 -15.540 -15.540
  -7.281 -15.563 -15.563
  -7.272 -15.572 -15.572
  -7.264 -15.049 -15.336
  -7.255 -15.690 -15.690
  -7.247 -15.542 -15.542
  -7.239 -15.171 -15.390
  -7.231 -15.543 -15.543
  -7.223 -15.216 -15.216
  -7.216 -15.289 -15.719
  -7.208 -15.499 -15.499
  -7.201 -15.385 -15.926
  -7.194 -15.477 -15.790
  -7.187 -14.996 -15.412
  -7.180 -15.155 -15.702
  -7.173 -15.041 -15.458
  -7.166 -15.451 -15.638
  -7.159 -15.961 -15.961
  -7.153 -15.737 -15.737
  -7.146 -15.375 -15.375
  -7.140 -15.245 -15.462
  -7.133 -15.402 -15.676
  -7.127 -14.567 -15.572
  -7.121 -15.956 -15.956
  -7.115 -15.221 -15.221
  -7.109 -15.215 -15.631
  -7.103 -15.265 -15.734
  -7.098 -15.845 -16.041
  -7.092 -14.956 -15.743
  -7.086 -15.535 -15.535
  -7.081 -15.555 -15.555
  -7.075 -16.180 -16.180
  -7.070 -16.034 -16.034
  -7.064 -15.596 -15.752
  -7.059 -14.949 -15.432
  -7.054 -15.904 -16.229
  -7.049 -14.604 -15.743
  -7.043 -14.457 -15.074
  -7.038 -15.689 -16.057
  -7.033 -16.059 -16.257
  -7.029 -15.176 -15.820
  -7.024 -15.549 -15.890
  -7.019 -16.145 -16.145
  -7.014 -16.291 -16.291
  -7.009 -15.763 -15.763
  -7.005 -14.908 -15.521
  -7.000 -15.904 -16.056
  -6.995 -15.794 -16.380
  -6.991 -15.600 -15.970
  -6.986 -16.080 -16.247
  -6.982 -16.452 -16.452
  -6.978 -16.087 -16.360
  -6.973 -15.946 -16.309
  -6.969 -15.877 -15.877
  -6.965 -16.391 -16.572
  -6.961 -16.422 -16.422
  -6.956 -15.758 -16.121
  -6.952 -15.191 -15.980
  -6.948 -16.208 -16.208
  -6.944 -16.162 -16.162
  -6.940 -15.795 -16.216
  -6.936 -15.408 -15.887
  -6.932 -16.373 -16.373
  -6.928 -16.301 -16.565
  -6.924 -15.747 -16.204
  -6.920 -16.613 -16.936
  -6.917 -15.961 -16.521
  -6.913 -15.173 -15.746
  -6.909 -15.803 -16.405
  -6.905 -16.358 -16.673
  -6.902 -15.178 -16.059
  -6.898 -17.005 -22.479
  -6.894 -16.025 -17.154
  -6.891 -16.013 -16.382
  -6.887 -15.631 -49.500
  -6.884 -16.435 -16.813
  -6.880 -49.500     NaN
  -6.877 -15.935 -16.199
  -6.873 -15.784 -16.219
  -6.870 -16.266 -16.776
  -6.867 -16.186 -16.590
  -6.863 -16.524 -49.500
  -6.860 -15.917 -16.496
  -6.857 -15.506 -16.210
  -6.853 -14.988 -16.087
  -6.850 -15.352 -16.566
  -6.847 -16.544 -16.707
  -6.844 -16.027 -16.283
  -6.840 -16.254 -16.484
  -6.837 -49.500     NaN
  -6.834 -16.205 -49.500
  -6.831 -15.827 -16.149
  -6.828 -15.094 -16.283
  -6.825 -16.030 -16.497
  -6.822 -16.861 -49.500
  -6.819 -15.859 -16.120
  -6.816 -49.500     NaN
  -6.813 -15.867 -16.337
  -6.810 -15.746 -16.447
  -6.807 -15.983 -16.516
  -6.804 -15.918 -16.474
  -6.801 -16.592 -49.500
  -6.798 -15.379 -16.067
  -6.795 -15.848 -16.813
  -6.792 -16.416 -16.416
  -6.789 -16.639 -49.500
  -6.787 -17.047 -49.500
  -6.784 -16.125 -16.337
  -6.781 -15.824 -16.532
  -6.778 -15.193 -16.614
  -6.775 -17.171 -49.500
  -6.773 -16.533 -49.500
  -6.770 -16.628 -17.140
  -6.767 -16.605 -49.500
  -6.765 -16.464 -17.131
  -6.762 -49.500     NaN
  -6.759 -16.421 -49.500
  -6.757 -16.444 -16.885
  -6.754 -17.103 -49.500
  -6.751 -17.135 -49.500
  -6.749 -16.178 -16.355
  -6.746 -16.850 -49.500
  -6.744 -16.975 -49.500
  -6.741 -15.654 -49.500
  -6.739 -15.419 -16.184
  -6.736 -16.853 -49.500
  -6.734 -16.330 -16.992
  -6.731 -15.372 -49.500
  -6.729 -16.563 -49.500
  -6.726 -16.335 -16.777
  -6.724 -16.274 -49.500
  -6.721 -15.125 -49.500
  -6.719 -49.500 -49.500
  -6.717 -16.233 -49.500
  -6.714 -15.778 -49.500
  -6.712 -49.500     NaN
  -6.709 -15.496 -49.500
  -6.707 -49.500     NaN
  -6.705 -49.500     NaN
  -6.702 -49.500 -49.500
  -6.700 -16.089 -16.729
  -6.698 -49.500     NaN
  -6.696 -49.500     NaN
  -6.693 -49.500 -49.500
  -6.691 -15.915 -49.500
  -6.689 -16.202 -16.376
  -6.687 -16.723 -49.500
  -6.684 -49.500     NaN
  -6.682 -49.500 -49.500
  -6.680 -16.561 -49.500
  -6.678 -49.500 -49.500
  -6.675 -16.274 -16.638
  -6.673 -49.500     NaN
  -6.671 -49.500 -49.500
  -6.669 -49.500 -49.500
  -6.667 -49.500     NaN
  -6.665 -16.740 -49.500
  -6.663 -17.147 -49.500
  -6.661 -16.146 -16.940
  -6.658 -49.500     NaN
  -6.656 -49.500     NaN
  -6.654 -49.500 -49.500
  -6.652 -49.500     NaN
  -6.650 -49.500     NaN
  -6.648 -16.659 -49.500
  -6.646 -49.500 -49.500
  -6.644 -16.721 -49.500
  -6.642 -15.570 -16.753
  -6.640 -16.120 -16.120
  -6.638 -49.500 -49.500
  -6.636 -49.500 -49.500
  -6.634 -49.500 -49.500
  -6.632 -49.500 -49.500
  -6.630 -16.725 -49.500
  -6.628 -16.614 -49.500
  -6.626 -49.500     NaN
  -6.624 -16.608 -49.500
  -6.622 -49.500     NaN
  -6.620 -16.479 -49.500
  -6.618 -49.500 -49.500
  -6.617 -49.500 -49.500
  -6.615 -49.500 -49.500
  -6.613 -49.500     NaN
  -6.611 -16.179 -16.179
  -6.609 -49.500 -49.500
  -6.607 -49.500 -49.500
  -6.605 -49.500 -49.500
  -6.603 -49.500     NaN
  -6.602 -49.500     NaN
  -6.600 -49.500 -49.500
  -6.598 -16.219 -49.500
  -6.596 -49.500     NaN
  -6.594 -49.500 -49.500
