  -8.861 -13.766 -13.766
  -8.599 -13.926 -13.926
  -8.442 -14.001 -14.001
  -8.329 -14.043 -14.043
  -8.239 -14.070 -14.070
  -8.166 -14.033 -14.033
  -8.103 -14.101 -14.319
  -8.048 -14.313 -14.313
  -7.999 -14.352 -14.352
  -7.955 -14.307 -14.477
  -7.916 -14.428 -14.428
  -7.879 -14.548 -14.548
  -7.846 -14.022 -14.445
  -7.815 -14.678 -14.678
  -7.786 -14.646 -14.646
  -7.758 -14.667 -14.667
  -7.733 -14.507 -14.507
  -7.709 -14.598 -14.598
  -7.686 -14.604 -14.604
  -7.664 -14.804 -14.804
  -7.643 -14.359 -14.660
  -7.624 -14.495 -14.709
  -7.605 -14.957 -14.957
  -7.586 -14.992 -14.992
  -7.569 -14.750 -14.918
  -7.552 -14.775 -14.775
  -7.536 -14.100 -14.730
  -7.521 -14.800 -14.983
  -7.506 -14.979 -14.979
  -7.491 -14.662 -14.662
  -7.477 -15.001 -15.001
  -7.464 -15.277 -15.277
  -7.451 -14.747 -15.209
  -7.438 -14.953 -14.953
  -7.425 -14.816 -15.303
  -7.413 -14.048 -15.159
  -7.401 -14.578 -15.440
  -7.390 -15.200 -15.370
  -7.379 -15.335 -15.335
  -7.368 -14.814 -15.261
  -7.357 -15.364 -15.364
  -7.347 -15.281 -15.481
  -7.337 -15.138 -15.485
  -7.327 -15.147 -15.384
  -7.317 -14.822 -14.822
  -7.308 -15.379 -15.555
  -7.299 -14.987 -15.462
  -7.290 -15.321 -15.517
  -7.281 -14.275 -15.281
  -7.272 -15.226 -15.385
  -7.264 -15.196 -15.574
  -7.255 -15.233 -15.559
  -7.247 -15.292 -15.495
  -7.239 -15.181 -15.181
  -7.231 -15.048 -15.621
  -7.223 -15.687 -15.687
  -7.216 -15.011 -15.755
  -7.208 -15.668 -15.668
  -7.201 -15.080 -15.080
  -7.194 -15.759 -15.759
  -7.187 -15.559 -15.559
  -7.180 -15.597 -15.757
  -7.173 -15.536 -15.798
  -7.166 -15.356 -15.534
  -7.159 -15.540 -15.790
  -7.153 -15.534 -15.534
  -7.146 -15.525 -16.054
  -7.140 -15.480 -15.480
  -7.133 -15.862 -15.862
  -7.127 -15.779 -15.779
  -7.121 -15.208 -15.622
  -7.115 -15.478 -15.478
  -7.109 -15.077 -15.327
  -7.103 -15.805 -15.805
  -7.098 -15.346 -15.586
  -7.092 -15.440 -15.628
  -7.086 -15.805 -15.805
  -7.081 -15.487 -15.827
  -7.075 -16.044 -16.044
  -7.070 -15.781 -16.073
  -7.064 -15.155 -15.603
  -7.059 -15.974 -16.142
  -7.054 -15.724 -16.163
  -7.049 -15.474 -15.842
  -7.043 -15.970 -15.970
  -7.038 -15.840 -16.045
  -7.033 -15.995 -15.995
  -7.029 -16.141 -16.141
  -7.024 -15.473 -15.754
  -7.019 -15.973 -16.127
  -7.014 -15.709 -16.187
  -7.009 -15.303 -15.802
  -7.005 -15.710 -16.252
  -7.000 -16.022 -16.353
  -6.995 -15.907 -15.907
  -6.991 -16.290 -16.486
  -6.986 -15.484 -15.889
  -6.982 -15.631 -16.266
  -6.978 -16.141 -16.448
  -6.973 -15.860 -16.071
  -6.969 -15.942 -15.942
  -6.965 -16.184 -16.527
  -6.961 -15.849 -15.849
  -6.956 -16.000 -16.303
  -6.952 -16.677 -17.490
  -6.948 -16.096 -16.321
  -6.944 -16.208 -16.208
  -6.940 -15.365 -16.351
  -6.936 -15.790 -16.013
  -6.932 -15.941 -16.539
  -6.928 -15.454 -16.171
  -6.924 -16.017 -16.017
  -6.920 -16.289 -16.504
  -6.917 -15.940 -16.136
  -6.913 -15.803 -16.507
  -6.909 -15.304 -16.321
  -6.905 -15.757 -16.168
  -6.902 -15.927 -16.179
  -6.898 -16.287 -16.287
  -6.894 -15.161 -15.887
  -6.891 -16.295 -17.015
  -6.887 -16.191 -16.577
  -6.884 -15.740 -16.376
  -6.880 -16.356 -16.567
  -6.877 -16.100 -16.100
  -6.873 -16.214 -16.563
  -6.870 -16.032 -16.362
  -6.867 -16.351 -16.704
  -6.863 -16.258 -17.160
  -6.860 -16.332 -16.554
  -6.857 -15.712 -16.995
  -6.853 -16.178 -16.625
  -6.850 -17.142 -17.298
  -6.847 -14.558 -16.060
  -6.844 -16.344 -17.162
  -6.840 -17.221 -49.500
  -6.837 -15.124 -16.686
  -6.834 -16.348 -16.732
  -6.831 -16.692 -49.500
  -6.828 -15.875 -16.718
  -6.825 -16.342 -16.522
  -6.822 -16.292 -16.473
  -6.819 -15.612 -16.205
  -6.816 -49.500     NaN
  -6.813 -17.001 -49.500
  -6.810 -15.792 -16.191
  -6.807 -16.432 -16.432
  -6.804 -16.415 -16.711
  -6.801 -49.500     NaN
  -6.798 -16.809 -49.500
  -6.795 -49.500     NaN
  -6.792 -49.500     NaN
  -6.789 -16.158 -16.158
  -6.787 -16.336 -16.336
  -6.784 -16.099 -16.900
  -6.781 -16.092 -16.092
  -6.778 -16.398 -16.554
  -6.775 -49.500     NaN
  -6.773 -16.425 -16.599
  -6.770 -15.343 -15.577
  -6.767 -15.526 -16.494
  -6.765 -15.784 -16.342
  -6.762 -15.380 -49.500
  -6.759 -15.894 -16.392
  -6.757 -49.500     NaN
  -6.754 -15.970 -16.416
  -6.751 -16.200 -16.435
  -6.749 -16.319 -16.576
  -6.746 -17.005 -49.500
  -6.744 -16.115 -49.500
  -6.741 -16.509 -49.500
  -6.739 -15.445 -15.864
  -6.736 -49.500 -49.500
  -6.734 -16.451 -16.621
  -6.731 -15.410 -16.254
  -6.729 -49.500 -49.500
  -6.726 -15.766 -49.500
  -6.724 -15.555 -16.843
  -6.721 -17.015 -49.500
  -6.719 -16.785 -49.500
  -6.717 -15.669 -49.500
  -6.714 -16.651 -16.967
  -6.712 -15.624 -16.200
  -6.709 -15.972 -49.500
  -6.707 -16.172 -16.658
  -6.705 -49.500     NaN
  -6.702 -16.183 -49.500
  -6.700 -16.906 -17.244
  -6.698 -15.645 -16.362
  -6.696 -15.917 -16.666
  -6.693 -15.810 -49.500
  -6.691 -49.500     NaN
  -6.689 -16.696 -49.500
  -6.687 -49.500 -49.500
  -6.684 -49.500     NaN
  -6.682 -49.500     NaN
  -6.680 -49.500 -49.500
  -6.678 -49.500 -49.500
  -6.675 -15.474 -16.631
  -6.673 -15.827 -49.500
  -6.671 -49.500     NaN
  -6.669 -49.500     NaN
  -6.667 -16.439 -49.500
  -6.665 -17.128 -49.500
  -6.663 -49.500 -49.500
  -6.661 -49.500 -49.500
  -6.658 -16.836 -49.500
  -6.656 -16.347 -49.500
  -6.654 -16.382 -16.535
  -6.652 -15.117 -49.500
  -6.650 -49.500 -49.500
  -6.648 -49.500 -49.500
  -6.646 -49.500     NaN
  -6.644 -49.500     NaN
  -6.642 -49.500     NaN
  -6.640 -49.500     NaN
  -6.638 -14.169 -49.500
  -6.636 -14.807 -49.500
  -6.634 -16.003 -16.003
  -6.632 -16.540 -16.772
  -6.630 -16.075 -49.500
  -6.628 -49.500 -49.500
  -6.626 -49.500 -49.500
  -6.624 -49.500 -49.500
  -6.622 -49.500 -49.500
  -6.620 -49.500     NaN
  -6.618 -49.500 -49.500
  -6.617 -49.500     NaN
  -6.615 -49.500     NaN
  -6.613 -49.500 -49.500
  -6.611 -49.500     NaN
  -6.609 -49.500 -49.500
  -6.607 -49.500 -49.500
  -6.605 -49.500 -49.500
  -6.603 -16.545 -16.545
  -6.602 -49.500 -49.500
  -6.600 -49.500     NaN
  -6.598 -49.500 -49.500
  -6.596 -49.500 -49.500
  -6.594 -49.500     NaN
