  -8.861 -13.775 -13.775
  -8.599 -13.869 -13.869
  -8.442 -14.051 -14.051
  -8.329 -14.102 -14.102
  -8.239 -14.106 -14.106
  -8.166 -14.108 -14.108
  -8.103 -14.257 -14.257
  -8.048 -14.289 -14.289
  -7.999 -13.893 -14.213
  -7.955 -14.251 -14.251
  -7.916 -14.455 -14.455
  -7.879 -14.433 -14.433
  -7.846 -14.566 -14.566
  -7.815 -14.370 -14.370
  -7.786 -14.647 -14.647
  -7.758 -14.396 -14.396
  -7.733 -14.680 -14.680
  -7.709 -14.667 -14.861
  -7.686 -14.491 -14.675
  -7.664 -14.840 -14.840
  -7.643 -14.820 -14.820
  -7.624 -14.637 -14.791
  -7.605 -14.619 -14.810
  -7.586 -14.680 -14.680
  -7.569 -14.872 -14.872
  -7.552 -14.330 -14.717
  -7.536 -14.924 -14.924
  -7.521 -14.753 -14.753
  -7.506 -15.062 -15.062
  -7.491 -14.574 -14.831
  -7.477 -15.095 -15.095
  -7.464 -15.050 -15.050
  -7.451 -15.219 -15.376
  -7.438 -15.319 -15.319
  -7.425 -15.272 -15.272
  -7.413 -14.750 -14.954
  -7.401 -14.726 -15.009
  -7.390 -14.635 -14.864
  -7.379 -14.939 -14.939
  -7.368 -14.917 -15.136
  -7.357 -15.146 -15.400
  -7.347 -14.662 -15.214
  -7.337 -14.385 -15.294
  -7.327 -14.808 -15.239
  -7.317 -15.031 -15.233
  -7.308 -15.181 -15.365
  -7.299 -14.914 -15.312
  -7.290 -15.434 -15.434
  -7.281 -15.317 -15.653
  -7.272 -15.535 -15.535
  -7.264 -14.676 -15.412
  -7.255 -15.343 -15.564
  -7.247 -14.783 -15.231
  -7.239 -15.345 -15.533
  -7.231 -15.294 -15.294
  -7.223 -15.268 -15.655
  -7.216 -15.205 -15.205
  -7.208 -15.123 -15.335
  -7.201 -15.250 -15.487
  -7.194 -15.863 -15.863
  -7.187 -15.552 -15.766
  -7.180 -14.803 -15.169
  -7.173 -15.212 -15.212
  -7.166 -15.749 -15.749
  -7.159 -15.264 -15.684
  -7.153 -14.562 -15.049
  -7.146 -14.890 -15.424
  -7.140 -15.283 -15.283
  -7.133 -15.855 -15.855
  -7.127 -15.475 -15.475
  -7.121 -15.262 -15.262
  -7.115 -15.792 -15.792
  -7.109 -15.688 -15.939
  -7.103 -14.833 -15.537
  -7.098 -15.838 -15.838
  -7.092 -14.521 -15.709
  -7.086 -15.641 -15.808
  -7.081 -16.026 -16.026
  -7.075 -15.777 -15.777
  -7.070 -15.253 -15.253
  -7.064 -15.883 -15.883
  -7.059 -15.723 -15.895
  -7.054 -15.683 -15.683
  -7.049 -15.882 -16.252
  -7.043 -14.984 -15.781
  -7.038 -15.979 -16.211
  -7.033 -16.414 -16.414
  -7.029 -15.972 -15.972
  -7.024 -14.717 -15.642
  -7.019 -16.041 -16.041
  -7.014 -15.939 -16.158
  -7.009 -14.753 -15.826
  -7.005 -15.848 -16.233
  -7.000 -16.098 -16.305
  -6.995 -16.359 -16.359
  -6.991 -15.935 -15.935
  -6.986 -15.965 -16.120
  -6.982 -16.034 -16.211
  -6.978 -15.789 -15.789
  -6.973 -16.504 -16.504
  -6.969 -15.231 -16.003
  -6.965 -15.261 -16.378
  -6.961 -15.054 -15.805
  -6.956 -16.222 -16.222
  -6.952 -15.825 -16.757
  -6.948 -15.985 -16.234
  -6.944 -15.239 -16.065
  -6.940 -16.077 -16.229
  -6.936 -16.372 -16.372
  -6.932 -15.160 -15.160
  -6.928 -15.436 -15.625
  -6.924 -16.400 -16.400
  -6.920 -16.222 -16.595
  -6.917 -15.490 -16.007
  -6.913 -15.660 -15.660
  -6.909 -16.320 -16.779
  -6.905 -15.496 -15.986
  -6.902 -15.836 -16.005
  -6.898 -16.111 -16.111
  -6.894 -15.683 -16.380
  -6.891 -15.927 -16.664
  -6.887 -16.541 -16.541
  -6.884 -16.449 -17.068
  -6.880 -15.606 -49.500
  -6.877 -15.356 -16.322
  -6.873 -15.968 -16.337
  -6.870 -16.494 -17.283
  -6.867 -16.336 -16.745
  -6.863 -16.897 -49.500
  -6.860 -16.486 -49.500
  -6.857 -16.370 -16.545
  -6.853 -15.980 -16.456
  -6.850 -15.862 -16.035
  -6.847 -16.450 -16.450
  -6.844 -16.096 -16.548
  -6.840 -16.956 -49.500
  -6.837 -15.741 -16.481
  -6.834 -16.547 -16.707
  -6.831 -16.775 -17.077
  -6.828 -15.772 -16.312
  -6.825 -16.759 -17.239
  -6.822 -15.749 -16.499
  -6.819 -16.087 -16.285
  -6.816 -16.366 -16.718
  -6.813 -15.249 -15.927
  -6.810 -15.531 -16.611
  -6.807 -16.493 -16.493
  -6.804 -16.888 -49.500
  -6.801 -15.979 -16.403
  -6.798 -16.212 -16.376
  -6.795 -16.808 -49.500
  -6.792 -16.527 -49.500
  -6.789 -16.630 -49.500
  -6.787 -15.729 -49.500
  -6.784 -15.665 -16.395
  -6.781 -15.605 -49.500
  -6.778 -49.500     NaN
  -6.775 -16.693 -49.500
  -6.773 -16.743 -49.500
  -6.770 -16.738 -17.042
  -6.767 -16.134 -16.134
  -6.765 -17.021 -49.500
  -6.762 -15.859 -16.053
  -6.759 -16.993 -16.993
  -6.757 -49.500     NaN
  -6.754 -15.952 -49.500
  -6.751 -16.167 -16.423
  -6.749 -16.859 -49.500
  -6.746 -49.500     NaN
  -6.744 -16.133 -16.512
  -6.741 -15.636 -49.500
  -6.739 -49.500 -49.500
  -6.736 -49.500 -49.500
  -6.734 -16.179 -16.551
  -6.731 -17.037 -49.500
  -6.729 -16.244 -16.396
  -6.726 -16.842 -49.500
  -6.724 -16.046 -16.258
  -6.721 -16.237 -16.913
  -6.719 -49.500     NaN
  -6.717 -16.012 -16.176
  -6.714 -16.154 -16.430
  -6.712 -49.500 -49.500
  -6.709 -49.500 -49.500
  -6.707 -49.500     NaN
  -6.705 -16.086 -49.500
  -6.702 -16.563 -49.500
  -6.700 -17.158 -49.500
  -6.698 -49.500     NaN
  -6.696 -16.604 -49.500
  -6.693 -16.806 -49.500
  -6.691 -17.107 -17.107
  -6.689 -16.370 -49.500
  -6.687 -49.500     NaN
  -6.684 -15.786 -49.500
  -6.682 -49.500     NaN
  -6.680 -16.419 -49.500
  -6.678 -49.500 -49.500
  -6.675 -16.531 -49.500
  -6.673 -16.663 -16.986
  -6.671 -17.013 -49.500
  -6.669 -16.395 -49.500
  -6.667 -49.500 -49.500
  -6.665 -49.500 -49.500
  -6.663 -49.500 -49.500
  -6.661 -16.947 -49.500
  -6.658 -15.894 -16.998
  -6.656 -15.525 -49.500
  -6.654 -49.500 -49.500
  -6.652 -49.500 -49.500
  -6.650 -49.500     NaN
  -6.648 -49.500     NaN
  -6.646 -16.473 -49.500
  -6.644 -15.466 -49.500
  -6.642 -49.500 -49.500
  -6.640 -14.982 -49.500
  -6.638 -16.515 -49.500
  -6.636 -49.500     NaN
  -6.634 -49.500 -49.500
  -6.632 -49.500     NaN
  -6.630 -16.078 -16.078
  -6.628 -15.774 -15.774
  -6.626 -49.500 -49.500
  -6.624 -16.622 -17.190
  -6.622 -16.992 -49.500
  -6.620 -49.500 -49.500
  -6.618 -49.500     NaN
  -6.617 -49.500 -49.500
  -6.615 -49.500 -49.500
  -6.613 -49.500 -49.500
  -6.611 -49.500     NaN
  -6.609 -49.500     NaN
  -6.607 -16.218 -49.500
  -6.605 -49.500 -49.500
  -6.603 -49.500 -49.500
  -6.602 -49.500 -49.500
  -6.600 -49.500 -49.500
  -6.598 -16.848 -16.848
  -6.596 -17.001 -49.500
  -6.594 -49.500     NaN
