  -8.861 -13.784 -13.784
  -8.599 -13.850 -13.850
  -8.442 -13.869 -13.869
  -8.329 -14.074 -14.074
  -8.239 -14.193 -14.193
  -8.166 -14.189 -14.189
  -8.103 -13.888 -14.088
  -8.048 -14.363 -14.363
  -7.999 -14.396 -14.396
  -7.955 -14.329 -14.513
  -7.916 -14.404 -14.404
  -7.879 -14.561 -14.561
  -7.846 -14.431 -14.431
  -7.815 -14.503 -14.503
  -7.786 -14.682 -14.682
  -7.758 -14.549 -14.804
  -7.733 -14.652 -14.652
  -7.709 -14.620 -14.620
  -7.686 -14.769 -14.769
  -7.664 -14.786 -14.786
  -7.643 -14.597 -14.597
  -7.624 -14.611 -14.611
  -7.605 -14.759 -15.070
  -7.586 -14.987 -14.987
  -7.569 -14.881 -14.881
  -7.552 -14.477 -14.984
  -7.536 -14.641 -14.641
  -7.521 -14.985 -14.985
  -7.506 -14.666 -14.666
  -7.491 -15.080 -15.080
  -7.477 -14.759 -14.990
  -7.464 -15.226 -15.226
  -7.451 -14.931 -14.931
  -7.438 -14.866 -14.866
  -7.425 -13.967 -15.137
  -7.413 -15.090 -15.090
  -7.401 -15.016 -15.408
  -7.390 -15.098 -15.395
  -7.379 -15.108 -15.108
  -7.368 -14.971 -14.971
  -7.357 -15.208 -15.208
  -7.347 -15.369 -15.537
  -7.337 -15.334 -15.334
  -7.327 -15.305 -15.305
  -7.317 -15.280 -15.280
  -7.308 -15.432 -15.432
  -7.299 -15.124 -15.124
  -7.290 -15.602 -15.602
  -7.281 -15.194 -15.422
  -7.272 -15.014 -15.214
  -7.264 -14.588 -15.635
  -7.255 -15.169 -15.683
  -7.247 -15.491 -15.491
  -7.239 -15.139 -15.139
  -7.231 -15.134 -15.417
  -7.223 -15.478 -15.478
  -7.216 -15.649 -15.803
  -7.208 -15.474 -15.474
  -7.201 -15.186 -15.489
  -7.194 -15.757 -15.757
  -7.187 -15.527 -15.527
  -7.180 -15.007 -15.259
  -7.173 -15.468 -15.901
  -7.166 -15.620 -15.620
  -7.159 -15.442 -15.693
  -7.153 -15.600 -15.600
  -7.146 -15.557 -15.557
  -7.140 -15.404 -15.880
  -7.133 -14.528 -14.966
  -7.127 -14.958 -15.379
  -7.121 -15.497 -15.497
  -7.115 -14.995 -15.187
  -7.109 -15.531 -15.531
  -7.103 -15.383 -15.573
  -7.098 -15.950 -15.950
  -7.092 -15.959 -15.959
  -7.086 -15.812 -16.242
  -7.081 -15.608 -15.780
  -7.075 -15.434 -15.434
  -7.070 -16.154 -16.154
  -7.064 -15.473 -15.820
  -7.059 -15.473 -15.662
  -7.054 -15.636 -16.157
  -7.049 -15.576 -15.576
  -7.043 -15.139 -15.903
  -7.038 -15.786 -16.106
  -7.033 -15.846 -15.846
  -7.029 -15.003 -15.684
  -7.024 -15.832 -16.034
  -7.019 -15.767 -16.152
  -7.014 -16.151 -16.376
  -7.009 -14.796 -16.245
  -7.005 -15.846 -15.846
  -7.000 -15.845 -16.006
  -6.995 -16.007 -16.007
  -6.991 -16.152 -16.152
  -6.986 -15.966 -16.212
  -6.982 -16.056 -16.056
  -6.978 -15.712 -16.021
  -6.973 -14.643 -16.450
  -6.969 -16.333 -16.333
  -6.965 -15.467 -15.895
  -6.961 -16.515 -16.772
  -6.956 -15.911 -16.237
  -6.952 -16.077 -16.500
  -6.948 -15.637 -15.791
  -6.944 -15.882 -16.130
  -6.940 -15.134 -15.930
  -6.936 -16.058 -16.374
  -6.932 -16.323 -16.650
  -6.928 -15.974 -15.974
  -6.924 -16.141 -16.395
  -6.920 -15.925 -16.150
  -6.917 -16.029 -16.263
  -6.913 -15.622 -16.213
  -6.909 -16.128 -16.128
  -6.905 -16.223 -16.622
  -6.902 -16.119 -16.119
  -6.898 -15.745 -15.745
  -6.894 -16.256 -16.509
  -6.891 -16.023 -16.414
  -6.887 -16.953 -17.226
  -6.884 -49.500     NaN
  -6.880 -16.171 -16.400
  -6.877 -16.300 -16.300
  -6.873 -16.101 -16.101
  -6.870 -15.553 -16.101
  -6.867 -15.613 -16.245
  -6.863 -16.356 -49.500
  -6.860 -16.132 -16.132
  -6.857 -16.805 -16.965
  -6.853 -16.113 -16.360
  -6.850 -16.229 -16.760
  -6.847 -15.786 -16.369
  -6.844 -16.006 -16.006
  -6.840 -49.500     NaN
  -6.837 -15.582 -15.781
  -6.834 -16.180 -16.511
  -6.831 -16.946 -49.500
  -6.828 -16.484 -49.500
  -6.825 -16.599 -49.500
  -6.822 -16.108 -16.291
  -6.819 -16.389 -49.500
  -6.816 -15.865 -49.500
  -6.813 -16.087 -16.825
  -6.810 -16.148 -16.382
  -6.807 -16.228 -16.929
  -6.804 -16.772 -49.500
  -6.801 -16.395 -49.500
  -6.798 -16.604 -17.072
  -6.795 -15.353 -15.353
  -6.792 -16.069 -16.230
  -6.789 -16.468 -17.101
  -6.787 -49.500     NaN
  -6.784 -49.500     NaN
  -6.781 -15.182 -16.914
  -6.778 -16.349 -16.641
  -6.775 -16.305 -16.641
  -6.773 -16.324 -16.324
  -6.770 -15.440 -15.440
  -6.767 -15.998 -49.500
  -6.765 -15.908 -16.446
  -6.762 -49.500     NaN
  -6.759 -16.166 -16.539
  -6.757 -49.500     NaN
  -6.754 -14.563 -49.500
  -6.751 -16.537 -16.750
  -6.749 -15.933 -16.237
  -6.746 -16.553 -49.500
  -6.744 -16.704 -16.704
  -6.741 -15.602 -15.930
  -6.739 -14.854 -16.584
  -6.736 -49.500 -49.500
  -6.734 -49.500     NaN
  -6.731 -15.968 -16.725
  -6.729 -14.878 -14.878
  -6.726 -16.853 -49.500
  -6.724 -49.500     NaN
  -6.721 -15.840 -16.061
  -6.719 -49.500     NaN
  -6.717 -16.865 -49.500
  -6.714 -15.889 -49.500
  -6.712 -49.500     NaN
  -6.709 -49.500     NaN
  -6.707 -16.811 -49.500
  -6.705 -16.368 -49.500
  -6.702 -16.659 -49.500
  -6.700 -49.500     NaN
  -6.698 -16.265 -49.500
  -6.696 -49.500 -49.500
  -6.693 -49.500     NaN
  -6.691 -16.221 -49.500
  -6.689 -49.500     NaN
  -6.687 -15.624 -49.500
  -6.684 -49.500     NaN
  -6.682 -16.301 -49.500
  -6.680 -49.500     NaN
  -6.678 -49.500 -49.500
  -6.675 -49.500 -49.500
  -6.673 -16.813 -49.500
  -6.671 -49.500     NaN
  -6.669 -49.500     NaN
  -6.667 -49.500     NaN
  -6.665 -49.500     NaN
  -6.663 -16.081 -49.500
  -6.661 -49.500 -49.500
  -6.658 -49.500 -49.500
  -6.656 -15.521 -15.691
  -6.654 -16.007 -16.007
  -6.652 -49.500     NaN
  -6.650 -49.500 -49.500
  -6.648 -49.500 -49.500
  -6.646 -17.199 -49.500
  -6.644 -49.500     NaN
  -6.642 -49.500 -49.500
  -6.640 -49.500 -49.500
  -6.638 -49.500 -49.500
  -6.636 -15.654 -15.947
  -6.634 -49.500 -49.500
  -6.632 -16.782 -49.500
  -6.630 -49.500     NaN
  -6.628 -16.930 -16.930
  -6.626 -16.298 -16.656
  -6.624 -49.500 -49.500
  -6.622 -16.482 -49.500
  -6.620 -49.500 -49.500
  -6.618 -49.500 -49.500
  -6.617 -49.500 -49.500
  -6.615 -49.500 -49.500
  -6.613 -15.854 -15.854
  -6.611 -16.741 -49.500
  -6.609 -49.500     NaN
  -6.607 -49.500 -49.500
  -6.605 -49.500 -49.500
  -6.603 -16.971 -16.971
  -6.602 -49.500 -49.500
  -6.600 -49.500     NaN
  -6.598 -49.500     NaN
  -6.596 -16.157 -16.627
  -6.594 -16.454 -49.500
