  -8.861 -13.773 -13.773
  -8.599 -13.868 -13.868
  -8.442 -14.024 -14.024
  -8.329 -14.049 -14.049
  -8.239 -14.106 -14.106
  -8.166 -14.101 -14.101
  -8.103 -14.130 -14.130
  -8.048 -14.411 -14.411
  -7.999 -14.277 -14.277
  -7.955 -14.401 -14.401
  -7.916 -14.435 -14.435
  -7.879 -14.377 -14.596
  -7.846 -14.443 -14.443
  -7.815 -14.687 -14.687
  -7.786 -14.719 -14.719
  -7.758 -14.437 -14.624
  -7.733 -14.663 -14.663
  -7.709 -14.536 -14.536
  -7.686 -14.431 -14.639
  -7.664 -14.589 -14.589
  -7.643 -14.649 -14.649
  -7.624 -14.845 -14.845
  -7.605 -14.761 -14.761
  -7.586 -14.873 -14.873
  -7.569 -15.020 -15.020
  -7.552 -15.021 -15.021
  -7.536 -14.944 -14.944
  -7.521 -14.966 -14.966
  -7.506 -14.514 -14.514
  -7.491 -14.689 -14.917
  -7.477 -14.997 -14.997
  -7.464 -15.265 -15.265
  -7.451 -14.941 -14.941
  -7.438 -14.803 -15.009
  -7.425 -14.585 -14.991
  -7.413 -15.148 -15.148
  -7.401 -15.380 -15.380
  -7.390 -14.948 -14.948
  -7.379 -15.168 -15.168
  -7.368 -14.950 -15.190
  -7.357 -14.626 -14.831
  -7.347 -15.107 -15.107
  -7.337 -15.147 -15.147
  -7.327 -15.487 -15.487
  -7.317 -15.076 -15.395
  -7.308 -15.404 -15.404
  -7.299 -14.748 -15.029
  -7.290 -15.656 -15.656
  -7.281 -14.906 -15.376
  -7.272 -15.402 -15.402
  -7.264 -15.530 -15.530
  -7.255 -15.572 -15.572
  -7.247 -15.618 -15.618
  -7.239 -14.722 -15.373
  -7.231 -15.289 -15.289
  -7.223 -15.431 -15.431
  -7.216 -15.424 -15.424
  -7.208 -14.696 -15.651
  -7.201 -15.660 -15.815
  -7.194 -15.332 -15.584
  -7.187 -15.291 -15.291
  -7.180 -15.567 -15.940
  -7.173 -15.158 -15.742
  -7.166 -15.644 -15.921
  -7.159 -15.631 -15.631
  -7.153 -14.831 -15.862
  -7.146 -14.833 -15.526
  -7.140 -16.004 -16.004
  -7.133 -14.669 -15.516
  -7.127 -15.328 -15.493
  -7.121 -15.896 -15.896
  -7.115 -15.478 -15.652
  -7.109 -15.400 -15.686
  -7.103 -15.031 -15.743
  -7.098 -15.745 -15.745
  -7.092 -15.653 -16.089
  -7.086 -15.386 -15.937
  -7.081 -16.049 -16.049
  -7.075 -15.850 -16.052
  -7.070 -15.367 -15.716
  -7.064 -15.286 -15.953
  -7.059 -15.727 -16.194
  -7.054 -15.172 -16.221
  -7.049 -15.386 -16.182
  -7.043 -15.646 -15.860
  -7.038 -16.510 -16.510
  -7.033 -15.363 -15.518
  -7.029 -16.009 -16.009
  -7.024 -14.681 -16.307
  -7.019 -15.781 -15.993
  -7.014 -15.615 -15.871
  -7.009 -15.423 -15.767
  -7.005 -15.834 -16.231
  -7.000 -15.856 -16.019
  -6.995 -15.286 -15.837
  -6.991 -15.999 -16.359
  -6.986 -14.925 -16.205
  -6.982 -16.085 -16.085
  -6.978 -15.100 -15.452
  -6.973 -15.924 -16.195
  -6.969 -15.775 -16.054
  -6.965 -16.116 -16.116
  -6.961 -16.014 -16.204
  -6.956 -16.448 -16.647
  -6.952 -16.340 -16.493
  -6.948 -15.476 -16.719
  -6.944 -14.829 -16.295
  -6.940 -16.503 -16.670
  -6.936 -15.995 -15.995
  -6.932 -15.563 -15.779
  -6.928 -16.132 -16.132
  -6.924 -16.335 -16.565
  -6.920 -16.478 -16.648
  -6.917 -16.272 -16.272
  -6.913 -16.753 -16.998
  -6.909 -15.652 -16.819
  -6.905 -15.967 -16.544
  -6.902 -16.299 -16.299
  -6.898 -15.995 -16.306
  -6.894 -16.071 -16.275
  -6.891 -16.734 -17.046
  -6.887 -16.341 -16.492
  -6.884 -15.602 -15.987
  -6.880 -16.444 -16.444
  -6.877 -16.160 -16.479
  -6.873 -16.652 -16.990
  -6.870 -16.034 -16.262
  -6.867 -16.678 -16.948
  -6.863 -16.206 -16.505
  -6.860 -15.621 -16.561
  -6.857 -16.050 -16.339
  -6.853 -15.691 -16.147
  -6.850 -15.473 -15.869
  -6.847 -15.650 -16.542
  -6.844 -15.721 -15.892
  -6.840 -16.090 -16.705
  -6.837 -15.773 -16.607
  -6.834 -16.660 -49.500
  -6.831 -15.888 -16.643
  -6.828 -14.867 -16.303
  -6.825 -16.532 -16.808
  -6.822 -16.536 -16.910
  -6.819 -16.419 -16.583
  -6.816 -16.725 -49.500
  -6.813 -15.967 -16.696
  -6.810 -16.179 -16.734
  -6.807 -16.064 -16.259
  -6.804 -16.560 -16.560
  -6.801 -16.082 -16.525
  -6.798 -16.447 -16.890
  -6.795 -15.874 -16.491
  -6.792 -16.563 -49.500
  -6.789 -16.260 -16.445
  -6.787 -15.741 -16.349
  -6.784 -16.292 -49.500
  -6.781 -15.413 -16.810
  -6.778 -15.903 -16.584
  -6.775 -17.241 -49.500
  -6.773 -16.037 -49.500
  -6.770 -16.691 -49.500
  -6.767 -16.771 -49.500
  -6.765 -16.549 -17.223
  -6.762 -16.353 -49.500
  -6.759 -16.163 -16.392
  -6.757 -49.500     NaN
  -6.754 -49.500     NaN
  -6.751 -16.379 -49.500
  -6.749 -16.129 -16.533
  -6.746 -16.727 -49.500
  -6.744 -49.500     NaN
  -6.741 -16.695 -49.500
  -6.739 -49.500     NaN
  -6.736 -49.500     NaN
  -6.734 -16.251 -49.500
  -6.731 -49.500     NaN
  -6.729 -16.182 -49.500
  -6.726 -49.500     NaN
  -6.724 -49.500     NaN
  -6.721 -49.500 -49.500
  -6.719 -16.614 -49.500
  -6.717 -16.693 -49.500
  -6.714 -16.613 -49.500
  -6.712 -49.500     NaN
  -6.709 -49.500 -49.500
  -6.707 -16.721 -49.500
  -6.705 -15.251 -16.494
  -6.702 -49.500     NaN
  -6.700 -49.500 -49.500
  -6.698 -16.348 -49.500
  -6.696 -49.500 -49.500
  -6.693 -49.500     NaN
  -6.691 -49.500 -49.500
  -6.689 -16.067 -16.067
  -6.687 -16.017 -49.500
  -6.684 -16.019 -16.019
  -6.682 -16.741 -49.500
  -6.680 -16.227 -16.403
  -6.678 -49.500 -49.500
  -6.675 -49.500     NaN
  -6.673 -16.828 -49.500
  -6.671 -16.840 -49.500
  -6.669 -16.763 -49.500
  -6.667 -16.720 -49.500
  -6.665 -15.684 -15.684
  -6.663 -16.687 -49.500
  -6.661 -16.610 -49.500
  -6.658 -16.817 -49.500
  -6.656 -16.250 -16.250
  -6.654 -49.500     NaN
  -6.652 -49.500     NaN
  -6.650 -16.154 -16.470
  -6.648 -16.098 -49.500
  -6.646 -16.649 -49.500
  -6.644 -15.727 -16.423
  -6.642 -49.500     NaN
  -6.640 -16.129 -49.500
  -6.638 -15.921 -16.132
  -6.636 -16.072 -16.541
  -6.634 -16.132 -16.397
  -6.632 -49.500 -49.500
  -6.630 -49.500 -49.500
  -6.628 -49.500 -49.500
  -6.626 -49.500 -49.500
  -6.624 -16.493 -49.500
  -6.622 -49.500 -49.500
  -6.620 -49.500 -49.500
  -6.618 -16.050 -16.355
  -6.617 -49.500 -49.500
  -6.615 -16.431 -49.500
  -6.613 -49.500     NaN
  -6.611 -17.021 -49.500
  -6.609 -49.500     NaN
  -6.607 -49.500 -49.500
  -6.605 -49.500 -49.500
  -6.603 -49.500     NaN
  -6.602 -49.500 -49.500
  -6.600 -49.500     NaN
  -6.598 -49.500     NaN
  -6.596 -49.500 -49.500
  -6.594 -49.500 -49.500
