  -8.861 -13.766 -13.766
  -8.599 -13.926 -13.926
  -8.442 -13.989 -13.989
  -8.329 -13.956 -13.956
  -8.239 -14.045 -14.045
  -8.166 -14.229 -14.229
  -8.103 -14.335 -14.335
  -8.048 -14.312 -14.312
  -7.999 -14.202 -14.371
  -7.955 -14.535 -14.535
  -7.916 -14.253 -14.457
  -7.879 -14.591 -14.591
  -7.846 -14.201 -14.201
  -7.815 -14.625 -14.625
  -7.786 -14.346 -14.346
  -7.758 -14.490 -14.697
  -7.733 -14.209 -14.377
  -7.709 -14.650 -14.811
  -7.686 -14.748 -14.748
  -7.664 -14.728 -14.728
  -7.643 -14.076 -14.359
  -7.624 -14.899 -14.899
  -7.605 -15.050 -15.050
  -7.586 -14.581 -14.581
  -7.569 -14.693 -14.693
  -7.552 -14.561 -14.561
  -7.536 -14.961 -15.144
  -7.521 -14.914 -14.914
  -7.506 -14.787 -14.787
  -7.491 -15.002 -15.002
  -7.477 -14.870 -14.870
  -7.464 -14.882 -15.229
  -7.451 -15.189 -15.189
  -7.438 -15.115 -15.115
  -7.425 -15.020 -15.020
  -7.413 -14.339 -14.672
  -7.401 -15.080 -15.241
  -7.390 -14.857 -15.148
  -7.379 -14.082 -14.787
  -7.368 -15.453 -15.453
  -7.357 -14.871 -15.069
  -7.347 -14.755 -14.920
  -7.337 -15.505 -15.505
  -7.327 -14.816 -15.148
  -7.317 -15.239 -15.239
  -7.308 -15.349 -15.349
  -7.299 -15.380 -15.535
  -7.290 -15.099 -15.513
  -7.281 -15.084 -15.292
  -7.272 -15.341 -15.617
  -7.264 -15.514 -15.679
  -7.255 -14.948 -14.948
  -7.247 -15.429 -15.587
  -7.239 -14.158 -15.363
  -7.231 -15.515 -15.715
  -7.223 -15.279 -15.470
  -7.216 -15.379 -15.621
  -7.208 -15.625 -15.793
  -7.201 -15.824 -15.824
  -7.194 -14.946 -15.180
  -7.187 -14.795 -15.023
  -7.180 -15.310 -15.310
  -7.173 -15.480 -15.756
  -7.166 -15.748 -15.748
  -7.159 -15.140 -15.565
  -7.153 -15.337 -15.503
  -7.146 -15.141 -15.404
  -7.140 -15.415 -15.593
  -7.133 -15.810 -15.810
  -7.127 -14.725 -15.610
  -7.121 -16.119 -16.119
  -7.115 -15.389 -16.001
  -7.109 -15.624 -15.624
  -7.103 -15.591 -15.755
  -7.098 -15.118 -15.968
  -7.092 -15.532 -15.953
  -7.086 -15.655 -15.865
  -7.081 -15.589 -15.755
  -7.075 -15.568 -15.768
  -7.070 -14.849 -15.751
  -7.064 -16.014 -16.240
  -7.059 -15.580 -15.813
  -7.054 -15.706 -15.917
  -7.049 -15.378 -15.540
  -7.043 -15.746 -16.038
  -7.038 -16.044 -16.044
  -7.033 -16.144 -16.144
  -7.029 -15.916 -16.157
  -7.024 -15.972 -16.475
  -7.019 -15.588 -15.744
  -7.014 -16.161 -16.161
  -7.009 -15.529 -16.174
  -7.005 -15.586 -15.887
  -7.000 -16.101 -16.388
  -6.995 -16.161 -16.513
  -6.991 -15.375 -16.173
  -6.986 -16.117 -16.117
  -6.982 -15.699 -15.909
  -6.978 -16.311 -16.311
  -6.973 -16.178 -16.178
  -6.969 -16.365 -16.592
  -6.965 -15.646 -16.295
  -6.961 -17.070 -49.500
  -6.956 -15.824 -16.456
  -6.952 -15.631 -15.631
  -6.948 -16.073 -16.232
  -6.944 -15.954 -16.122
  -6.940 -16.235 -16.605
  -6.936 -16.431 -16.806
  -6.932 -15.399 -16.051
  -6.928 -16.149 -16.317
  -6.924 -16.330 -16.522
  -6.920 -16.011 -16.249
  -6.917 -15.517 -15.846
  -6.913 -16.137 -16.463
  -6.909 -15.987 -16.519
  -6.905 -16.080 -16.307
  -6.902 -16.113 -16.411
  -6.898 -16.664 -16.664
  -6.894 -16.079 -16.079
  -6.891 -16.142 -16.142
  -6.887 -15.078 -16.394
  -6.884 -16.069 -16.271
  -6.880 -16.086 -16.928
  -6.877 -16.753 -16.925
  -6.873 -15.777 -15.777
  -6.870 -15.663 -16.051
  -6.867 -15.681 -15.941
  -6.863 -15.600 -16.577
  -6.860 -16.503 -16.503
  -6.857 -14.771 -16.245
  -6.853 -16.393 -16.623
  -6.850 -15.764 -49.500
  -6.847 -15.647 -15.913
  -6.844 -16.412 -16.612
  -6.840 -16.440 -49.500
  -6.837 -15.713 -16.243
  -6.834 -16.424 -16.711
  -6.831 -16.093 -16.281
  -6.828 -16.939 -49.500
  -6.825 -16.026 -16.347
  -6.822 -16.537 -16.957
  -6.819 -15.869 -49.500
  -6.816 -16.260 -16.995
  -6.813 -16.374 -17.139
  -6.810 -15.306 -15.898
  -6.807 -49.500     NaN
  -6.804 -15.895 -16.137
  -6.801 -16.491 -16.714
  -6.798 -16.348 -16.964
  -6.795 -16.456 -16.788
  -6.792 -15.356 -16.485
  -6.789 -16.473 -49.500
  -6.787 -16.897 -49.500
  -6.784 -16.726 -17.115
  -6.781 -16.908 -49.500
  -6.778 -14.899 -16.343
  -6.775 -49.500 -49.500
  -6.773 -49.500     NaN
  -6.770 -49.500     NaN
  -6.767 -16.687 -16.955
  -6.765 -16.820 -49.500
  -6.762 -16.132 -49.500
  -6.759 -15.549 -16.076
  -6.757 -49.500     NaN
  -6.754 -49.500     NaN
  -6.751 -16.890 -17.077
  -6.749 -16.268 -16.268
  -6.746 -16.462 -16.952
  -6.744 -16.496 -49.500
  -6.741 -49.500     NaN
  -6.739 -16.669 -49.500
  -6.736 -16.492 -49.500
  -6.734 -17.099 -49.500
  -6.731 -16.493 -16.904
  -6.729 -49.500     NaN
  -6.726 -49.500 -49.500
  -6.724 -17.017 -49.500
  -6.721 -49.500     NaN
  -6.719 -15.726 -16.084
  -6.717 -15.535 -16.059
  -6.714 -16.448 -49.500
  -6.712 -15.641 -16.403
  -6.709 -16.605 -49.500
  -6.707 -16.350 -16.899
  -6.705 -16.807 -49.500
  -6.702 -14.817 -16.498
  -6.700 -16.523 -17.035
  -6.698 -49.500 -49.500
  -6.696 -16.573 -49.500
  -6.693 -16.534 -49.500
  -6.691 -49.500 -49.500
  -6.689 -15.949 -49.500
  -6.687 -16.501 -49.500
  -6.684 -49.500 -49.500
  -6.682 -16.110 -49.500
  -6.680 -16.694 -49.500
  -6.678 -49.500     NaN
  -6.675 -49.500     NaN
  -6.673 -49.500     NaN
  -6.671 -16.302 -16.514
  -6.669 -49.500     NaN
  -6.667 -16.000 -16.000
  -6.665 -49.500     NaN
  -6.663 -49.500     NaN
  -6.661 -49.500     NaN
  -6.658 -49.500 -49.500
  -6.656 -16.323 -16.323
  -6.654 -49.500     NaN
  -6.652 -49.500 -49.500
  -6.650 -49.500     NaN
  -6.648 -49.500 -49.500
  -6.646 -16.510 -49.500
  -6.644 -49.500 -49.500
  -6.642 -49.500 -49.500
  -6.640 -16.678 -49.500
  -6.638 -49.500     NaN
  -6.636 -49.500     NaN
  -6.634 -49.500 -49.500
  -6.632 -16.115 -16.115
  -6.630 -16.410 -16.410
  -6.628 -49.500 -49.500
  -6.626 -16.716 -16.716
  -6.624 -49.500 -49.500
  -6.622 -49.500 -49.500
  -6.620 -49.500     NaN
  -6.618 -49.500     NaN
  -6.617 -49.500 -49.500
  -6.615 -49.500 -49.500
  -6.613 -15.163 -16.087
  -6.611 -16.362 -49.500
  -6.609 -17.011 -49.500
  -6.607 -17.288 -49.500
  -6.605 -16.846 -49.500
  -6.603 -49.500 -49.500
  -6.602 -15.976 -16.285
  -6.600 -16.046 -49.500
  -6.598 -49.500 -49.500
  -6.596 -49.500 -49.500
  -6.594 -49.500 -49.500
