  -8.861 -13.770 -13.770
  -8.599 -13.856 -13.856
  -8.442 -14.039 -14.039
  -8.329 -14.007 -14.007
  -8.239 -14.025 -14.025
  -8.166 -14.233 -14.233
  -8.103 -14.253 -14.253
  -8.048 -13.957 -14.366
  -7.999 -14.186 -14.186
  -7.955 -14.358 -14.358
  -7.916 -14.086 -14.540
  -7.879 -14.397 -14.397
  -7.846 -14.597 -14.597
  -7.815 -14.015 -14.383
  -7.786 -14.557 -14.557
  -7.758 -14.703 -14.703
  -7.733 -14.493 -14.493
  -7.709 -14.892 -14.892
  -7.686 -14.515 -14.515
  -7.664 -14.566 -14.729
  -7.643 -14.699 -14.699
  -7.624 -14.675 -14.675
  -7.605 -14.936 -14.936
  -7.586 -14.606 -14.855
  -7.569 -14.903 -14.903
  -7.552 -14.517 -14.687
  -7.536 -14.736 -15.134
  -7.521 -14.918 -14.918
  -7.506 -15.090 -15.090
  -7.491 -14.930 -15.084
  -7.477 -14.832 -14.832
  -7.464 -14.357 -14.886
  -7.451 -15.091 -15.350
  -7.438 -14.774 -15.199
  -7.425 -15.334 -15.334
  -7.413 -15.173 -15.173
  -7.401 -15.051 -15.283
  -7.390 -15.150 -15.150
  -7.379 -14.439 -15.290
  -7.368 -15.310 -15.310
  -7.357 -14.910 -15.187
  -7.347 -15.017 -15.349
  -7.337 -14.817 -15.027
  -7.327 -15.330 -15.330
  -7.317 -15.424 -15.636
  -7.308 -15.229 -15.471
  -7.299 -15.102 -15.503
  -7.290 -15.112 -15.112
  -7.281 -15.102 -15.102
  -7.272 -14.988 -15.267
  -7.264 -15.404 -15.404
  -7.255 -15.413 -15.413
  -7.247 -15.644 -15.644
  -7.239 -15.026 -15.491
  -7.231 -15.655 -15.949
  -7.223 -14.642 -15.364
  -7.216 -15.232 -15.232
  -7.208 -15.648 -15.648
  -7.201 -15.113 -15.320
  -7.194 -15.128 -16.018
  -7.187 -14.837 -15.425
  -7.180 -15.498 -15.498
  -7.173 -15.452 -15.452
  -7.166 -14.498 -15.463
  -7.159 -15.408 -15.768
  -7.153 -15.068 -15.474
  -7.146 -15.252 -15.611
  -7.140 -15.746 -15.746
  -7.133 -15.464 -15.807
  -7.127 -15.099 -15.508
  -7.121 -15.638 -15.875
  -7.115 -15.818 -15.818
  -7.109 -15.609 -15.981
  -7.103 -16.099 -16.099
  -7.098 -15.323 -15.483
  -7.092 -15.670 -15.670
  -7.086 -15.686 -15.863
  -7.081 -15.279 -15.279
  -7.075 -15.045 -16.250
  -7.070 -15.698 -15.698
  -7.064 -15.689 -15.920
  -7.059 -16.033 -16.033
  -7.054 -15.697 -16.226
  -7.049 -15.840 -16.005
  -7.043 -16.182 -16.182
  -7.038 -15.659 -15.838
  -7.033 -16.251 -16.251
  -7.029 -16.225 -16.225
  -7.024 -15.594 -15.933
  -7.019 -16.428 -16.428
  -7.014 -16.061 -16.253
  -7.009 -15.712 -16.362
  -7.005 -16.211 -16.211
  -7.000 -15.628 -15.977
  -6.995 -16.077 -16.408
  -6.991 -14.439 -15.527
  -6.986 -15.578 -15.734
  -6.982 -15.197 -16.344
  -6.978 -15.474 -16.505
  -6.973 -15.194 -16.266
  -6.969 -15.911 -15.911
  -6.965 -16.344 -16.610
  -6.961 -16.244 -16.244
  -6.956 -15.427 -16.019
  -6.952 -15.767 -16.016
  -6.948 -15.743 -16.380
  -6.944 -15.696 -16.116
  -6.940 -16.337 -16.707
  -6.936 -16.049 -16.288
  -6.932 -15.621 -16.081
  -6.928 -16.318 -16.318
  -6.924 -16.439 -16.439
  -6.920 -16.060 -16.490
  -6.917 -15.508 -16.062
  -6.913 -15.792 -16.150
  -6.909 -15.442 -16.029
  -6.905 -15.818 -16.432
  -6.902 -15.195 -15.606
  -6.898 -16.095 -16.095
  -6.894 -16.673 -16.870
  -6.891 -15.841 -16.231
  -6.887 -16.378 -16.378
  -6.884 -16.020 -16.020
  -6.880 -49.500     NaN
  -6.877 -16.494 -16.912
  -6.873 -16.039 -16.269
  -6.870 -15.947 -16.738
  -6.867 -16.120 -16.120
  -6.863 -16.930 -49.500
  -6.860 -16.676 -16.925
  -6.857 -16.904 -17.088
  -6.853 -16.454 -16.636
  -6.850 -16.012 -16.167
  -6.847 -16.105 -16.105
  -6.844 -49.500 -49.500
  -6.840 -16.805 -17.284
  -6.837 -49.500     NaN
  -6.834 -16.697 -49.500
  -6.831 -49.500     NaN
  -6.828 -16.878 -49.500
  -6.825 -16.059 -16.858
  -6.822 -16.259 -16.540
  -6.819 -15.941 -49.500
  -6.816 -16.264 -16.419
  -6.813 -16.250 -16.933
  -6.810 -16.540 -16.785
  -6.807 -16.257 -17.027
  -6.804 -16.723 -16.880
  -6.801 -16.758 -16.758
  -6.798 -15.964 -16.388
  -6.795 -16.765 -49.500
  -6.792 -15.515 -16.620
  -6.789 -16.017 -16.278
  -6.787 -15.872 -16.597
  -6.784 -16.476 -49.500
  -6.781 -15.334 -15.666
  -6.778 -15.632 -16.565
  -6.775 -16.367 -17.087
  -6.773 -15.920 -49.500
  -6.770 -15.620 -15.837
  -6.767 -16.574 -17.155
  -6.765 -16.973 -17.228
  -6.762 -16.278 -16.508
  -6.759 -16.526 -17.088
  -6.757 -15.817 -16.070
  -6.754 -16.868 -49.500
  -6.751 -16.088 -16.392
  -6.749 -16.135 -16.592
  -6.746 -16.011 -16.559
  -6.744 -16.772 -17.114
  -6.741 -49.500     NaN
  -6.739 -16.502 -49.500
  -6.736 -49.500     NaN
  -6.734 -16.012 -49.500
  -6.731 -49.500 -49.500
  -6.729 -49.500     NaN
  -6.726 -16.636 -49.500
  -6.724 -16.634 -16.979
  -6.721 -15.892 -17.081
  -6.719 -16.187 -16.187
  -6.717 -16.595 -49.500
  -6.714 -16.745 -49.500
  -6.712 -49.500     NaN
  -6.709 -16.081 -49.500
  -6.707 -49.500     NaN
  -6.705 -16.187 -49.500
  -6.702 -17.029 -49.500
  -6.700 -49.500     NaN
  -6.698 -16.351 -49.500
  -6.696 -16.420 -17.122
  -6.693 -49.500     NaN
  -6.691 -16.782 -49.500
  -6.689 -16.165 -49.500
  -6.687 -16.112 -16.698
  -6.684 -49.500 -49.500
  -6.682 -49.500 -49.500
  -6.680 -16.701 -16.943
  -6.678 -16.810 -16.810
  -6.675 -16.553 -16.846
  -6.673 -49.500     NaN
  -6.671 -49.500     NaN
  -6.669 -49.500     NaN
  -6.667 -16.839 -49.500
  -6.665 -49.500 -49.500
  -6.663 -49.500 -49.500
  -6.661 -16.021 -16.021
  -6.658 -49.500     NaN
  -6.656 -49.500     NaN
  -6.654 -49.500 -49.500
  -6.652 -16.098 -16.098
  -6.650 -16.529 -49.500
  -6.648 -16.294 -49.500
  -6.646 -49.500 -49.500
  -6.644 -15.884 -16.780
  -6.642 -49.500 -49.500
  -6.640 -49.500 -49.500
  -6.638 -49.500 -49.500
  -6.636 -16.292 -49.500
  -6.634 -49.500     NaN
  -6.632 -49.500     NaN
  -6.630 -49.500     NaN
  -6.628 -49.500     NaN
  -6.626 -49.500 -49.500
  -6.624 -15.863 -49.500
  -6.622 -49.500     NaN
  -6.620 -49.500 -49.500
  -6.618 -49.500 -49.500
  -6.617 -16.380 -49.500
  -6.615 -49.500     NaN
  -6.613 -49.500     NaN
  -6.611 -49.500 -49.500
  -6.609 -49.500     NaN
  -6.607 -49.500     NaN
  -6.605 -49.500     NaN
  -6.603 -49.500 -49.500
  -6.602 -49.500     NaN
  -6.600 -49.500 -49.500
  -6.598 -49.500 -49.500
  -6.596 -49.500 -49.500
  -6.594 -49.500 -49.500
