  -8.861 -13.751 -13.751
  -8.599 -13.892 -13.892
  -8.442 -13.990 -13.990
  -8.329 -13.918 -13.918
  -8.239 -14.125 -14.125
  -8.166 -14.201 -14.201
  -8.103 -14.213 -14.213
  -8.048 -14.129 -14.129
  -7.999 -14.358 -14.358
  -7.955 -14.305 -14.305
  -7.916 -14.122 -14.122
  -7.879 -14.428 -14.428
  -7.846 -14.533 -14.533
  -7.815 -14.542 -14.542
  -7.786 -14.404 -14.606
  -7.758 -14.387 -14.802
  -7.733 -14.627 -14.627
  -7.709 -14.636 -14.790
  -7.686 -14.602 -14.602
  -7.664 -14.853 -14.853
  -7.643 -14.557 -14.958
  -7.624 -14.604 -14.968
  -7.605 -14.747 -14.912
  -7.586 -14.795 -14.995
  -7.569 -14.380 -14.973
  -7.552 -14.765 -14.765
  -7.536 -14.962 -14.962
  -7.521 -14.602 -14.975
  -7.506 -15.039 -15.039
  -7.491 -15.020 -15.179
  -7.477 -15.129 -15.129
  -7.464 -15.077 -15.077
  -7.451 -14.777 -14.777
  -7.438 -15.085 -15.280
  -7.425 -14.959 -14.959
  -7.413 -15.144 -15.144
  -7.401 -15.242 -15.520
  -7.390 -15.408 -15.408
  -7.379 -15.127 -15.401
  -7.368 -14.514 -15.052
  -7.357 -15.323 -15.323
  -7.347 -15.079 -15.275
  -7.337 -14.948 -14.948
  -7.327 -15.151 -15.151
  -7.317 -15.143 -15.143
  -7.308 -15.435 -15.435
  -7.299 -15.430 -15.585
  -7.290 -15.224 -15.224
  -7.281 -15.299 -15.299
  -7.272 -15.231 -15.231
  -7.264 -15.006 -15.006
  -7.255 -15.068 -15.280
  -7.247 -14.964 -15.256
  -7.239 -14.656 -14.842
  -7.231 -15.480 -15.664
  -7.223 -15.733 -15.733
  -7.216 -15.541 -15.691
  -7.208 -14.443 -15.568
  -7.201 -15.143 -15.494
  -7.194 -15.252 -15.529
  -7.187 -14.810 -15.499
  -7.180 -15.319 -15.785
  -7.173 -15.781 -15.781
  -7.166 -15.488 -15.783
  -7.159 -15.682 -15.835
  -7.153 -15.537 -15.749
  -7.146 -15.528 -16.030
  -7.140 -15.556 -15.791
  -7.133 -15.190 -15.952
  -7.127 -15.896 -15.896
  -7.121 -15.377 -15.784
  -7.115 -15.835 -15.987
  -7.109 -15.437 -15.673
  -7.103 -15.210 -15.560
  -7.098 -16.133 -16.133
  -7.092 -15.434 -15.686
  -7.086 -15.089 -15.624
  -7.081 -16.033 -16.194
  -7.075 -16.095 -16.095
  -7.070 -15.819 -15.819
  -7.064 -15.894 -16.313
  -7.059 -16.154 -16.154
  -7.054 -16.059 -16.059
  -7.049 -15.700 -15.700
  -7.043 -15.064 -15.241
  -7.038 -15.230 -15.582
  -7.033 -16.102 -16.252
  -7.029 -16.117 -16.502
  -7.024 -14.555 -15.915
  -7.019 -16.091 -16.352
  -7.014 -14.979 -15.950
  -7.009 -14.124 -15.477
  -7.005 -14.925 -15.361
  -7.000 -16.085 -16.085
  -6.995 -15.390 -15.953
  -6.991 -15.432 -15.948
  -6.986 -15.626 -16.101
  -6.982 -16.250 -16.536
  -6.978 -15.535 -16.023
  -6.973 -16.008 -16.160
  -6.969 -15.846 -15.846
  -6.965 -14.782 -15.094
  -6.961 -16.230 -16.444
  -6.956 -15.868 -15.868
  -6.952 -15.168 -16.206
  -6.948 -15.438 -15.653
  -6.944 -15.837 -16.482
  -6.940 -16.310 -16.707
  -6.936 -15.714 -16.445
  -6.932 -15.685 -15.840
  -6.928 -16.079 -16.493
  -6.924 -15.545 -15.888
  -6.920 -15.531 -16.414
  -6.917 -15.977 -15.977
  -6.913 -15.571 -15.571
  -6.909 -15.805 -15.956
  -6.905 -15.663 -16.047
  -6.902 -15.739 -16.074
  -6.898 -16.268 -16.433
  -6.894 -15.948 -15.948
  -6.891 -16.405 -16.804
  -6.887 -16.063 -16.063
  -6.884 -16.200 -16.673
  -6.880 -15.730 -17.463
  -6.877 -16.155 -16.354
  -6.873 -16.554 -16.707
  -6.870 -15.834 -16.299
  -6.867 -16.390 -16.994
  -6.863 -14.687 -16.264
  -6.860 -16.010 -16.010
  -6.857 -15.711 -16.470
  -6.853 -16.216 -16.446
  -6.850 -16.254 -16.616
  -6.847 -16.273 -16.468
  -6.844 -16.436 -16.912
  -6.840 -15.230 -16.809
  -6.837 -15.870 -49.500
  -6.834 -16.090 -16.090
  -6.831 -15.921 -16.132
  -6.828 -16.734 -17.220
  -6.825 -16.622 -49.500
  -6.822 -16.405 -16.405
  -6.819 -14.430 -14.752
  -6.816 -16.474 -16.974
  -6.813 -49.500     NaN
  -6.810 -15.917 -16.084
  -6.807 -17.086 -49.500
  -6.804 -16.244 -16.677
  -6.801 -16.655 -49.500
  -6.798 -16.009 -16.340
  -6.795 -16.697 -49.500
  -6.792 -14.836 -16.079
  -6.789 -16.202 -16.980
  -6.787 -49.500     NaN
  -6.784 -15.867 -16.269
  -6.781 -15.796 -16.488
  -6.778 -16.018 -16.433
  -6.775 -49.500 -49.500
  -6.773 -15.865 -16.037
  -6.770 -16.468 -49.500
  -6.767 -16.950 -49.500
  -6.765 -16.263 -16.480
  -6.762 -15.942 -16.649
  -6.759 -49.500     NaN
  -6.757 -15.753 -16.618
  -6.754 -16.495 -16.809
  -6.751 -15.797 -49.500
  -6.749 -16.129 -16.313
  -6.746 -49.500     NaN
  -6.744 -16.010 -16.307
  -6.741 -15.924 -16.728
  -6.739 -49.500     NaN
  -6.736 -49.500 -49.500
  -6.734 -49.500     NaN
  -6.731 -16.280 -16.739
  -6.729 -16.787 -49.500
  -6.726 -15.323 -17.219
  -6.724 -15.577 -16.066
  -6.721 -16.600 -49.500
  -6.719 -15.164 -16.114
  -6.717 -49.500 -49.500
  -6.714 -16.427 -49.500
  -6.712 -16.844 -49.500
  -6.709 -15.298 -49.500
  -6.707 -49.500 -49.500
  -6.705 -49.500 -49.500
  -6.702 -16.510 -49.500
  -6.700 -49.500     NaN
  -6.698 -49.500     NaN
  -6.696 -49.500 -49.500
  -6.693 -16.779 -49.500
  -6.691 -49.500 -49.500
  -6.689 -49.500     NaN
  -6.687 -17.102 -49.500
  -6.684 -16.017 -16.379
  -6.682 -49.500     NaN
  -6.680 -49.500     NaN
  -6.678 -49.500 -49.500
  -6.675 -49.500     NaN
  -6.673 -16.506 -49.500
  -6.671 -49.500 -49.500
  -6.669 -15.684 -16.259
  -6.667 -16.094 -16.888
  -6.665 -49.500 -49.500
  -6.663 -49.500 -49.500
  -6.661 -49.500     NaN
  -6.658 -49.500     NaN
  -6.656 -49.500     NaN
  -6.654 -16.047 -16.409
  -6.652 -49.500     NaN
  -6.650 -16.549 -49.500
  -6.648 -16.023 -16.023
  -6.646 -16.555 -49.500
  -6.644 -49.500     NaN
  -6.642 -49.500 -49.500
  -6.640 -16.682 -49.500
  -6.638 -16.339 -16.339
  -6.636 -49.500 -49.500
  -6.634 -49.500 -49.500
  -6.632 -49.500 -49.500
  -6.630 -16.453 -49.500
  -6.628 -16.095 -49.500
  -6.626 -16.148 -16.148
  -6.624 -49.500 -49.500
  -6.622 -49.500 -49.500
  -6.620 -16.859 -16.859
  -6.618 -16.191 -17.147
  -6.617 -49.500 -49.500
  -6.615 -49.500 -49.500
  -6.613 -16.864 -49.500
  -6.611 -49.500     NaN
  -6.609 -49.500 -49.500
  -6.607 -49.500     NaN
  -6.605 -49.500 -49.500
  -6.603 -49.500 -49.500
  -6.602 -49.500 -49.500
  -6.600 -16.819 -49.500
  -6.598 -49.500 -49.500
  -6.596 -49.500     NaN
  -6.594 -49.500     NaN
