  -8.861 -13.786 -13.786
  -8.599 -13.933 -13.933
  -8.442 -13.993 -13.993
  -8.329 -14.092 -14.092
  -8.239 -14.052 -14.052
  -8.166 -14.329 -14.329
  -8.103 -14.291 -14.291
  -8.048 -14.200 -14.200
  -7.999 -14.435 -14.435
  -7.955 -14.456 -14.456
  -7.916 -14.341 -14.504
  -7.879 -14.443 -14.443
  -7.846 -14.383 -14.655
  -7.815 -14.626 -14.626
  -7.786 -14.579 -14.579
  -7.758 -14.295 -14.622
  -7.733 -14.509 -14.696
  -7.709 -14.551 -14.551
  -7.686 -14.882 -14.882
  -7.664 -14.613 -14.613
  -7.643 -14.734 -14.734
  -7.624 -14.313 -14.593
  -7.605 -14.818 -14.818
  -7.586 -14.818 -14.818
  -7.569 -14.843 -14.843
  -7.552 -14.996 -14.996
  -7.536 -14.840 -14.840
  -7.521 -15.298 -15.298
  -7.506 -15.062 -15.062
  -7.491 -14.677 -15.150
  -7.477 -14.777 -15.086
  -7.464 -14.972 -14.972
  -7.451 -14.966 -14.966
  -7.438 -15.261 -15.261
  -7.425 -15.141 -15.359
  -7.413 -15.189 -15.189
  -7.401 -14.934 -14.934
  -7.390 -14.780 -15.152
  -7.379 -15.310 -15.310
  -7.368 -14.618 -15.295
  -7.357 -14.982 -15.409
  -7.347 -15.188 -15.188
  -7.337 -15.259 -15.547
  -7.327 -15.131 -15.303
  -7.317 -14.920 -15.306
  -7.308 -15.074 -15.244
  -7.299 -15.497 -15.497
  -7.290 -15.149 -15.388
  -7.281 -15.464 -15.464
  -7.272 -15.485 -15.485
  -7.264 -15.344 -15.344
  -7.255 -15.566 -15.566
  -7.247 -15.533 -15.533
  -7.239 -15.515 -15.515
  -7.231 -15.101 -15.431
  -7.223 -15.497 -15.497
  -7.216 -15.442 -15.676
  -7.208 -15.028 -15.536
  -7.201 -15.002 -15.766
  -7.194 -15.136 -15.717
  -7.187 -15.293 -15.293
  -7.180 -15.842 -15.842
  -7.173 -15.869 -15.869
  -7.166 -15.175 -15.466
  -7.159 -15.454 -15.732
  -7.153 -15.683 -15.683
  -7.146 -15.747 -15.922
  -7.140 -15.491 -15.925
  -7.133 -15.581 -15.581
  -7.127 -15.711 -15.711
  -7.121 -15.163 -15.163
  -7.115 -15.845 -16.059
  -7.109 -15.679 -15.835
  -7.103 -16.090 -16.090
  -7.098 -14.363 -15.561
  -7.092 -15.736 -15.959
  -7.086 -14.910 -16.006
  -7.081 -16.271 -16.271
  -7.075 -15.704 -15.916
  -7.070 -15.487 -15.645
  -7.064 -15.741 -15.741
  -7.059 -16.135 -16.314
  -7.054 -16.253 -16.422
  -7.049 -16.019 -16.251
  -7.043 -14.879 -15.509
  -7.038 -15.908 -15.908
  -7.033 -15.613 -15.911
  -7.029 -16.001 -16.586
  -7.024 -15.032 -15.729
  -7.019 -15.832 -15.832
  -7.014 -15.781 -15.781
  -7.009 -14.931 -15.789
  -7.005 -15.921 -15.921
  -7.000 -16.193 -16.193
  -6.995 -15.459 -16.330
  -6.991 -16.263 -16.551
  -6.986 -15.750 -15.922
  -6.982 -15.777 -16.638
  -6.978 -16.059 -16.059
  -6.973 -16.176 -16.388
  -6.969 -15.949 -16.311
  -6.965 -15.778 -16.291
  -6.961 -15.861 -15.861
  -6.956 -16.023 -16.023
  -6.952 -16.055 -16.055
  -6.948 -16.424 -16.591
  -6.944 -16.402 -16.402
  -6.940 -15.778 -16.081
  -6.936 -16.015 -16.015
  -6.932 -16.147 -16.385
  -6.928 -16.119 -16.305
  -6.924 -16.157 -16.337
  -6.920 -15.735 -16.036
  -6.917 -15.742 -15.956
  -6.913 -16.371 -16.371
  -6.909 -16.371 -16.963
  -6.905 -16.298 -16.509
  -6.902 -16.508 -16.762
  -6.898 -16.921 -17.116
  -6.894 -16.217 -16.439
  -6.891 -15.980 -16.308
  -6.887 -16.337 -16.510
  -6.884 -16.245 -16.788
  -6.880 -15.481 -16.355
  -6.877 -16.144 -16.417
  -6.873 -16.268 -16.451
  -6.870 -16.711 -16.933
  -6.867 -16.085 -16.471
  -6.863 -15.941 -15.941
  -6.860 -15.726 -15.878
  -6.857 -16.239 -16.582
  -6.853 -16.446 -49.500
  -6.850 -15.573 -16.684
  -6.847 -15.859 -16.121
  -6.844 -14.992 -17.131
  -6.840 -15.871 -16.233
  -6.837 -17.340 -49.500
  -6.834 -16.754 -17.042
  -6.831 -49.500     NaN
  -6.828 -16.721 -16.886
  -6.825 -15.833 -16.881
  -6.822 -15.612 -16.491
  -6.819 -15.197 -15.753
  -6.816 -16.192 -16.373
  -6.813 -15.897 -49.500
  -6.810 -15.582 -16.223
  -6.807 -49.500     NaN
  -6.804 -15.641 -16.100
  -6.801 -16.196 -16.669
  -6.798 -16.016 -17.071
  -6.795 -16.191 -16.488
  -6.792 -16.315 -49.500
  -6.789 -15.872 -16.178
  -6.787 -16.864 -49.500
  -6.784 -15.850 -16.153
  -6.781 -49.500     NaN
  -6.778 -16.412 -16.759
  -6.775 -49.500     NaN
  -6.773 -16.002 -16.002
  -6.770 -16.361 -16.361
  -6.767 -15.518 -16.762
  -6.765 -16.213 -49.500
  -6.762 -16.284 -16.284
  -6.759 -16.542 -16.882
  -6.757 -16.717 -49.500
  -6.754 -49.500     NaN
  -6.751 -49.500     NaN
  -6.749 -49.500     NaN
  -6.746 -16.625 -49.500
  -6.744 -49.500     NaN
  -6.741 -16.816 -49.500
  -6.739 -16.175 -16.554
  -6.736 -15.948 -16.291
  -6.734 -49.500     NaN
  -6.731 -16.065 -16.469
  -6.729 -49.500     NaN
  -6.726 -14.975 -16.373
  -6.724 -15.790 -49.500
  -6.721 -16.476 -49.500
  -6.719 -49.500     NaN
  -6.717 -16.720 -49.500
  -6.714 -16.911 -49.500
  -6.712 -16.300 -49.500
  -6.709 -16.075 -16.245
  -6.707 -15.858 -49.500
  -6.705 -15.546 -15.546
  -6.702 -49.500     NaN
  -6.700 -15.956 -49.500
  -6.698 -16.800 -49.500
  -6.696 -49.500     NaN
  -6.693 -49.500 -49.500
  -6.691 -49.500     NaN
  -6.689 -49.500     NaN
  -6.687 -16.088 -16.088
  -6.684 -15.541 -49.500
  -6.682 -49.500 -49.500
  -6.680 -49.500     NaN
  -6.678 -49.500 -49.500
  -6.675 -49.500     NaN
  -6.673 -16.372 -49.500
  -6.671 -49.500     NaN
  -6.669 -16.830 -16.830
  -6.667 -15.880 -16.184
  -6.665 -16.318 -16.975
  -6.663 -16.948 -49.500
  -6.661 -49.500     NaN
  -6.658 -15.431 -15.431
  -6.656 -16.843 -16.843
  -6.654 -49.500 -49.500
  -6.652 -15.101 -49.500
  -6.650 -49.500 -49.500
  -6.648 -49.500     NaN
  -6.646 -16.513 -49.500
  -6.644 -49.500     NaN
  -6.642 -49.500     NaN
  -6.640 -49.500     NaN
  -6.638 -49.500     NaN
  -6.636 -49.500 -49.500
  -6.634 -16.037 -49.500
  -6.632 -49.500     NaN
  -6.630 -16.906 -16.906
  -6.628 -49.500 -49.500
  -6.626 -49.500     NaN
  -6.624 -16.959 -49.500
  -6.622 -49.500     NaN
  -6.620 -49.500 -49.500
  -6.618 -49.500     NaN
  -6.617 -16.090 -16.090
  -6.615 -16.374 -49.500
  -6.613 -49.500 -49.500
  -6.611 -15.901 -49.500
  -6.609 -16.243 -16.243
  -6.607 -15.894 -15.894
  -6.605 -49.500 -49.500
  -6.603 -49.500     NaN
  -6.602 -15.788 -15.788
  -6.600 -16.553 -49.500
  -6.598 -49.500 -49.500
  -6.596 -49.500 -49.500
  -6.594 -16.509 -49.500
