  -8.861 -13.709 -13.709
  -8.599 -13.919 -13.919
  -8.442 -14.025 -14.025
  -8.329 -13.966 -13.966
  -8.239 -14.172 -14.172
  -8.166 -14.161 -14.161
  -8.103 -14.290 -14.290
  -8.048 -14.336 -14.336
  -7.999 -14.383 -14.383
  -7.955 -14.429 -14.429
  -7.916 -14.528 -14.528
  -7.879 -14.390 -14.390
  -7.846 -14.502 -14.502
  -7.815 -14.536 -14.536
  -7.786 -14.763 -14.763
  -7.758 -14.556 -14.556
  -7.733 -14.683 -14.683
  -7.709 -14.514 -14.769
  -7.686 -14.649 -14.649
  -7.664 -14.854 -14.854
  -7.643 -14.823 -14.823
  -7.624 -14.862 -14.862
  -7.605 -14.888 -14.888
  -7.586 -14.877 -14.877
  -7.569 -14.854 -14.854
  -7.552 -14.823 -15.032
  -7.536 -15.013 -15.013
  -7.521 -14.998 -14.998
  -7.506 -14.896 -15.054
  -7.491 -14.578 -14.817
  -7.477 -14.570 -15.007
  -7.464 -14.564 -14.816
  -7.451 -15.183 -15.183
  -7.438 -15.131 -15.131
  -7.425 -15.082 -15.082
  -7.413 -15.208 -15.208
  -7.401 -15.135 -15.344
  -7.390 -14.278 -15.207
  -7.379 -15.182 -15.182
  -7.368 -15.127 -15.326
  -7.357 -15.273 -15.273
  -7.347 -15.219 -15.502
  -7.337 -15.175 -15.175
  -7.327 -15.470 -15.470
  -7.317 -15.465 -15.465
  -7.308 -14.113 -14.984
  -7.299 -15.296 -15.296
  -7.290 -15.486 -15.486
  -7.281 -15.143 -15.596
  -7.272 -15.335 -15.335
  -7.264 -14.216 -14.603
  -7.255 -15.305 -15.305
  -7.247 -14.623 -15.208
  -7.239 -14.944 -15.278
  -7.231 -14.805 -15.407
  -7.223 -14.325 -14.967
  -7.216 -15.634 -15.791
  -7.208 -15.473 -15.473
  -7.201 -15.612 -15.612
  -7.194 -15.310 -15.584
  -7.187 -15.678 -15.678
  -7.180 -15.078 -15.917
  -7.173 -16.104 -16.104
  -7.166 -15.636 -15.636
  -7.159 -15.480 -15.737
  -7.153 -16.108 -16.108
  -7.146 -15.742 -15.742
  -7.140 -15.354 -15.354
  -7.133 -15.762 -15.762
  -7.127 -15.988 -15.988
  -7.121 -15.096 -15.755
  -7.115 -14.666 -15.215
  -7.109 -15.521 -15.682
  -7.103 -14.943 -15.961
  -7.098 -15.404 -15.972
  -7.092 -16.002 -16.002
  -7.086 -15.297 -15.718
  -7.081 -15.344 -15.742
  -7.075 -14.857 -15.839
  -7.070 -15.797 -16.057
  -7.064 -16.192 -16.192
  -7.059 -15.981 -16.146
  -7.054 -15.974 -16.262
  -7.049 -16.061 -16.061
  -7.043 -15.967 -15.967
  -7.038 -15.063 -15.641
  -7.033 -14.577 -15.351
  -7.029 -15.949 -16.149
  -7.024 -15.962 -16.123
  -7.019 -15.710 -15.952
  -7.014 -16.017 -16.304
  -7.009 -15.798 -15.960
  -7.005 -15.575 -16.615
  -7.000 -15.627 -15.792
  -6.995 -15.217 -15.659
  -6.991 -14.858 -15.985
  -6.986 -16.102 -16.347
  -6.982 -15.955 -15.955
  -6.978 -16.243 -16.450
  -6.973 -16.122 -16.122
  -6.969 -15.995 -15.995
  -6.965 -16.289 -16.289
  -6.961 -15.662 -16.497
  -6.956 -16.157 -16.344
  -6.952 -16.282 -16.509
  -6.948 -15.054 -16.034
  -6.944 -16.263 -16.556
  -6.940 -16.919 -17.298
  -6.936 -16.098 -16.098
  -6.932 -16.183 -16.183
  -6.928 -16.220 -16.220
  -6.924 -16.367 -16.814
  -6.920 -15.935 -16.220
  -6.917 -16.305 -16.755
  -6.913 -15.427 -15.987
  -6.909 -16.305 -16.305
  -6.905 -16.287 -16.448
  -6.902 -15.521 -15.760
  -6.898 -16.701 -49.500
  -6.894 -15.931 -16.298
  -6.891 -16.439 -16.644
  -6.887 -15.047 -16.104
  -6.884 -16.525 -16.778
  -6.880 -16.108 -49.500
  -6.877 -15.610 -16.237
  -6.873 -16.523 -16.523
  -6.870 -16.263 -16.566
  -6.867 -16.190 -16.541
  -6.863 -16.681 -49.500
  -6.860 -16.088 -16.251
  -6.857 -16.373 -16.537
  -6.853 -16.240 -49.500
  -6.850 -16.929 -49.500
  -6.847 -16.380 -16.812
  -6.844 -15.784 -16.009
  -6.840 -15.750 -16.219
  -6.837 -16.545 -16.904
  -6.834 -15.613 -15.848
  -6.831 -49.500 -49.500
  -6.828 -17.167 -49.500
  -6.825 -16.158 -16.350
  -6.822 -16.719 -17.106
  -6.819 -16.607 -16.958
  -6.816 -16.276 -16.588
  -6.813 -16.422 -16.976
  -6.810 -16.408 -16.857
  -6.807 -16.350 -16.350
  -6.804 -16.560 -16.981
  -6.801 -49.500 -49.500
  -6.798 -49.500     NaN
  -6.795 -15.250 -15.923
  -6.792 -16.454 -49.500
  -6.789 -16.250 -16.250
  -6.787 -16.456 -16.795
  -6.784 -16.686 -17.209
  -6.781 -16.324 -16.619
  -6.778 -49.500     NaN
  -6.775 -16.224 -16.224
  -6.773 -16.305 -16.513
  -6.770 -16.701 -49.500
  -6.767 -49.500 -49.500
  -6.765 -16.086 -16.632
  -6.762 -15.646 -16.190
  -6.759 -49.500     NaN
  -6.757 -16.340 -16.521
  -6.754 -15.774 -49.500
  -6.751 -49.500     NaN
  -6.749 -15.927 -16.380
  -6.746 -16.528 -49.500
  -6.744 -15.635 -16.605
  -6.741 -15.292 -16.583
  -6.739 -17.067 -49.500
  -6.736 -16.463 -16.990
  -6.734 -16.146 -16.146
  -6.731 -49.500     NaN
  -6.729 -49.500     NaN
  -6.726 -16.866 -49.500
  -6.724 -16.390 -49.500
  -6.721 -15.499 -16.636
  -6.719 -17.128 -49.500
  -6.717 -16.556 -49.500
  -6.714 -49.500     NaN
  -6.712 -16.199 -49.500
  -6.709 -49.500 -49.500
  -6.707 -49.500     NaN
  -6.705 -16.650 -16.918
  -6.702 -16.106 -16.330
  -6.700 -16.383 -49.500
  -6.698 -49.500 -49.500
  -6.696 -49.500 -49.500
  -6.693 -49.500     NaN
  -6.691 -16.208 -16.372
  -6.689 -16.948 -49.500
  -6.687 -16.653 -49.500
  -6.684 -49.500 -49.500
  -6.682 -49.500     NaN
  -6.680 -49.500     NaN
  -6.678 -49.500     NaN
  -6.675 -49.500 -49.500
  -6.673 -49.500 -49.500
  -6.671 -16.891 -16.891
  -6.669 -15.785 -49.500
  -6.667 -16.776 -49.500
  -6.665 -16.214 -16.382
  -6.663 -49.500     NaN
  -6.661 -15.999 -49.500
  -6.658 -16.347 -16.737
  -6.656 -49.500     NaN
  -6.654 -49.500     NaN
  -6.652 -49.500 -49.500
  -6.650 -16.773 -49.500
  -6.648 -16.207 -49.500
  -6.646 -16.460 -49.500
  -6.644 -16.287 -17.118
  -6.642 -16.115 -49.500
  -6.640 -49.500 -49.500
  -6.638 -49.500 -49.500
  -6.636 -16.786 -49.500
  -6.634 -49.500     NaN
  -6.632 -49.500     NaN
  -6.630 -16.336 -49.500
  -6.628 -49.500     NaN
  -6.626 -49.500 -49.500
  -6.624 -49.500 -49.500
  -6.622 -49.500     NaN
  -6.620 -49.500     NaN
  -6.618 -16.175 -16.175
  -6.617 -16.444 -49.500
  -6.615 -49.500     NaN
  -6.613 -49.500 -49.500
  -6.611 -49.500     NaN
  -6.609 -16.943 -49.500
  -6.607 -49.500     NaN
  -6.605 -49.500 -49.500
  -6.603 -16.075 -49.500
  -6.602 -49.500 -49.500
  -6.600 -16.884 -16.884
  -6.598 -49.500 -49.500
  -6.596 -49.500 -49.500
  -6.594 -49.500 -49.500
