  -8.861 -13.754 -13.754
  -8.599 -13.901 -13.901
  -8.442 -14.023 -14.023
  -8.329 -14.046 -14.046
  -8.239 -14.064 -14.064
  -8.166 -14.181 -14.181
  -8.103 -14.300 -14.300
  -8.048 -14.320 -14.320
  -7.999 -14.343 -14.343
  -7.955 -14.240 -14.240
  -7.916 -14.488 -14.488
  -7.879 -14.326 -14.326
  -7.846 -14.371 -14.371
  -7.815 -14.090 -14.397
  -7.786 -14.131 -14.697
  -7.758 -14.699 -14.699
  -7.733 -14.653 -14.653
  -7.709 -14.521 -14.521
  -7.686 -14.678 -14.678
  -7.664 -14.821 -14.821
  -7.643 -14.715 -14.715
  -7.624 -14.415 -14.841
  -7.605 -14.740 -14.928
  -7.586 -15.074 -15.074
  -7.569 -14.023 -14.912
  -7.552 -14.732 -14.932
  -7.536 -14.760 -14.952
  -7.521 -14.852 -14.852
  -7.506 -15.026 -15.240
  -7.491 -15.048 -15.048
  -7.477 -15.073 -15.073
  -7.464 -15.125 -15.125
  -7.451 -14.923 -15.076
  -7.438 -14.868 -15.322
  -7.425 -15.015 -15.015
  -7.413 -14.903 -14.903
  -7.401 -15.035 -15.210
  -7.390 -15.094 -15.094
  -7.379 -15.297 -15.297
  -7.368 -15.172 -15.172
  -7.357 -15.296 -15.461
  -7.347 -15.110 -15.110
  -7.337 -14.672 -15.256
  -7.327 -15.099 -15.099
  -7.317 -15.598 -15.598
  -7.308 -15.547 -15.547
  -7.299 -14.991 -15.144
  -7.290 -15.364 -15.364
  -7.281 -15.416 -15.416
  -7.272 -14.223 -15.559
  -7.264 -14.775 -14.775
  -7.255 -15.435 -15.435
  -7.247 -15.127 -15.385
  -7.239 -15.473 -15.661
  -7.231 -14.908 -14.908
  -7.223 -15.108 -15.260
  -7.216 -14.685 -15.656
  -7.208 -15.093 -15.373
  -7.201 -14.693 -15.416
  -7.194 -15.623 -15.623
  -7.187 -15.520 -15.520
  -7.180 -15.381 -15.813
  -7.173 -15.146 -15.923
  -7.166 -15.772 -15.772
  -7.159 -15.124 -15.421
  -7.153 -15.253 -15.413
  -7.146 -15.694 -15.694
  -7.140 -15.392 -15.392
  -7.133 -15.629 -15.804
  -7.127 -15.288 -15.730
  -7.121 -15.740 -15.740
  -7.115 -15.142 -15.471
  -7.109 -15.854 -16.007
  -7.103 -15.901 -16.060
  -7.098 -15.475 -15.768
  -7.092 -15.102 -15.408
  -7.086 -15.233 -15.518
  -7.081 -16.032 -16.032
  -7.075 -15.716 -15.971
  -7.070 -15.353 -16.079
  -7.064 -16.120 -16.307
  -7.059 -15.486 -15.768
  -7.054 -15.672 -15.672
  -7.049 -16.082 -16.317
  -7.043 -15.514 -16.078
  -7.038 -15.980 -15.980
  -7.033 -16.050 -16.050
  -7.029 -15.823 -16.107
  -7.024 -15.035 -15.726
  -7.019 -15.736 -15.736
  -7.014 -16.334 -16.334
  -7.009 -15.698 -16.033
  -7.005 -15.584 -16.371
  -7.000 -15.834 -16.011
  -6.995 -16.263 -16.475
  -6.991 -15.934 -15.934
  -6.986 -16.101 -16.504
  -6.982 -16.095 -16.297
  -6.978 -14.754 -15.611
  -6.973 -15.959 -16.150
  -6.969 -15.889 -16.167
  -6.965 -16.087 -16.087
  -6.961 -15.704 -16.540
  -6.956 -16.175 -16.175
  -6.952 -16.737 -16.737
  -6.948 -15.793 -16.222
  -6.944 -15.743 -15.991
  -6.940 -15.338 -16.214
  -6.936 -16.142 -16.745
  -6.932 -15.795 -16.036
  -6.928 -16.305 -16.305
  -6.924 -16.414 -16.594
  -6.920 -16.095 -16.332
  -6.917 -15.966 -16.613
  -6.913 -15.516 -16.513
  -6.909 -16.137 -16.714
  -6.905 -16.019 -16.019
  -6.902 -16.333 -16.333
  -6.898 -16.063 -16.376
  -6.894 -14.857 -16.243
  -6.891 -14.946 -16.311
  -6.887 -14.698 -15.341
  -6.884 -16.148 -17.223
  -6.880 -14.849 -49.500
  -6.877 -16.332 -16.504
  -6.873 -16.554 -16.922
  -6.870 -15.184 -15.565
  -6.867 -15.688 -15.979
  -6.863 -16.425 -16.605
  -6.860 -16.146 -16.731
  -6.857 -16.472 -16.908
  -6.853 -16.204 -16.368
  -6.850 -16.433 -16.837
  -6.847 -16.630 -16.846
  -6.844 -15.836 -16.544
  -6.840 -16.599 -17.306
  -6.837 -16.360 -16.710
  -6.834 -15.915 -16.464
  -6.831 -16.106 -16.401
  -6.828 -16.212 -16.499
  -6.825 -14.430 -49.500
  -6.822 -16.080 -16.615
  -6.819 -15.362 -16.797
  -6.816 -16.046 -49.500
  -6.813 -16.257 -16.615
  -6.810 -16.825 -49.500
  -6.807 -16.861 -17.041
  -6.804 -16.879 -49.500
  -6.801 -15.559 -16.242
  -6.798 -16.138 -16.332
  -6.795 -49.500     NaN
  -6.792 -49.500     NaN
  -6.789 -15.823 -16.760
  -6.787 -15.842 -49.500
  -6.784 -16.072 -16.317
  -6.781 -13.838 -17.014
  -6.778 -16.065 -16.255
  -6.775 -16.193 -16.779
  -6.773 -49.500     NaN
  -6.770 -16.334 -16.547
  -6.767 -16.188 -49.500
  -6.765 -49.500     NaN
  -6.762 -16.899 -49.500
  -6.759 -16.269 -16.907
  -6.757 -16.832 -49.500
  -6.754 -16.698 -49.500
  -6.751 -15.019 -49.500
  -6.749 -16.361 -16.523
  -6.746 -16.731 -49.500
  -6.744 -16.617 -17.181
  -6.741 -16.402 -49.500
  -6.739 -15.342 -16.943
  -6.736 -49.500     NaN
  -6.734 -16.601 -16.872
  -6.731 -15.480 -15.682
  -6.729 -16.343 -16.343
  -6.726 -16.729 -49.500
  -6.724 -16.516 -17.042
  -6.721 -16.135 -49.500
  -6.719 -49.500     NaN
  -6.717 -16.278 -16.630
  -6.714 -49.500     NaN
  -6.712 -49.500 -49.500
  -6.709 -17.100 -49.500
  -6.707 -49.500 -49.500
  -6.705 -49.500     NaN
  -6.702 -16.247 -49.500
  -6.700 -49.500 -49.500
  -6.698 -49.500     NaN
  -6.696 -16.920 -49.500
  -6.693 -49.500 -49.500
  -6.691 -15.543 -15.787
  -6.689 -49.500     NaN
  -6.687 -16.488 -49.500
  -6.684 -16.485 -49.500
  -6.682 -16.856 -49.500
  -6.680 -16.091 -49.500
  -6.678 -16.520 -49.500
  -6.675 -49.500     NaN
  -6.673 -16.456 -49.500
  -6.671 -49.500     NaN
  -6.669 -16.306 -49.500
  -6.667 -49.500 -49.500
  -6.665 -49.500     NaN
  -6.663 -16.628 -49.500
  -6.661 -49.500 -49.500
  -6.658 -15.655 -15.655
  -6.656 -49.500 -49.500
  -6.654 -49.500     NaN
  -6.652 -49.500     NaN
  -6.650 -49.500 -49.500
  -6.648 -16.339 -49.500
  -6.646 -16.030 -16.030
  -6.644 -49.500     NaN
  -6.642 -15.863 -15.863
  -6.640 -15.869 -49.500
  -6.638 -49.500 -49.500
  -6.636 -15.936 -16.257
  -6.634 -49.500 -49.500
  -6.632 -49.500 -49.500
  -6.630 -49.500 -49.500
  -6.628 -15.411 -16.587
  -6.626 -49.500 -49.500
  -6.624 -49.500 -49.500
  -6.622 -49.500     NaN
  -6.620 -49.500 -49.500
  -6.618 -49.500     NaN
  -6.617 -49.500     NaN
  -6.615 -49.500 -49.500
  -6.613 -49.500 -49.500
  -6.611 -49.500 -49.500
  -6.609 -49.500 -49.500
  -6.607 -16.392 -16.631
  -6.605 -49.500 -49.500
  -6.603 -49.500 -49.500
  -6.602 -49.500 -49.500
  -6.600 -49.500     NaN
  -6.598 -16.105 -16.925
  -6.596 -16.781 -49.500
  -6.594 -15.785 -49.500
