  -8.861 -13.775 -13.775
  -8.599 -13.832 -13.832
  -8.442 -13.923 -13.923
  -8.329 -14.034 -14.034
  -8.239 -14.148 -14.148
  -8.166 -14.206 -14.206
  -8.103 -14.252 -14.252
  -8.048 -14.371 -14.371
  -7.999 -14.220 -14.220
  -7.955 -14.328 -14.328
  -7.916 -14.547 -14.547
  -7.879 -14.285 -14.285
  -7.846 -14.436 -14.436
  -7.815 -14.448 -14.638
  -7.786 -14.539 -14.539
  -7.758 -14.457 -14.713
  -7.733 -14.162 -14.463
  -7.709 -14.524 -14.524
  -7.686 -14.846 -14.846
  -7.664 -14.666 -14.666
  -7.643 -14.160 -14.678
  -7.624 -14.566 -14.871
  -7.605 -14.825 -15.120
  -7.586 -14.931 -14.931
  -7.569 -14.854 -14.854
  -7.552 -14.976 -14.976
  -7.536 -14.502 -14.502
  -7.521 -15.221 -15.221
  -7.506 -14.542 -14.831
  -7.491 -14.554 -14.742
  -7.477 -13.665 -14.158
  -7.464 -15.073 -15.301
  -7.451 -15.102 -15.102
  -7.438 -14.534 -15.115
  -7.425 -15.156 -15.308
  -7.413 -14.730 -15.112
  -7.401 -15.185 -15.185
  -7.390 -15.436 -15.436
  -7.379 -15.119 -15.312
  -7.368 -15.370 -15.370
  -7.357 -15.025 -15.025
  -7.347 -14.815 -15.018
  -7.337 -15.105 -15.105
  -7.327 -15.303 -15.303
  -7.317 -15.153 -15.153
  -7.308 -15.447 -15.447
  -7.299 -15.011 -15.312
  -7.290 -15.431 -15.619
  -7.281 -15.694 -15.694
  -7.272 -13.782 -14.904
  -7.264 -15.618 -15.618
  -7.255 -13.449 -14.699
  -7.247 -14.638 -15.574
  -7.239 -14.216 -15.630
  -7.231 -15.288 -15.288
  -7.223 -15.709 -15.709
  -7.216 -15.559 -15.559
  -7.208 -15.574 -15.778
  -7.201 -15.683 -15.683
  -7.194 -15.377 -15.377
  -7.187 -15.444 -15.714
  -7.180 -15.351 -15.351
  -7.173 -14.861 -15.680
  -7.166 -15.026 -15.324
  -7.159 -15.470 -15.693
  -7.153 -15.590 -15.761
  -7.146 -14.958 -15.406
  -7.140 -15.932 -15.932
  -7.133 -15.402 -15.614
  -7.127 -15.785 -15.785
  -7.121 -15.280 -15.757
  -7.115 -15.565 -15.852
  -7.109 -15.922 -15.922
  -7.103 -15.065 -15.368
  -7.098 -15.778 -15.935
  -7.092 -15.423 -16.174
  -7.086 -15.566 -15.748
  -7.081 -15.757 -15.986
  -7.075 -16.448 -16.448
  -7.070 -15.725 -15.725
  -7.064 -15.437 -15.918
  -7.059 -15.397 -15.788
  -7.054 -15.876 -15.876
  -7.049 -15.254 -15.522
  -7.043 -15.903 -16.054
  -7.038 -16.039 -16.039
  -7.033 -15.008 -15.425
  -7.029 -15.626 -15.810
  -7.024 -15.947 -16.197
  -7.019 -14.957 -14.957
  -7.014 -16.714 -16.714
  -7.009 -15.785 -15.983
  -7.005 -15.962 -16.324
  -7.000 -15.671 -16.172
  -6.995 -15.885 -15.885
  -6.991 -15.809 -16.195
  -6.986 -16.058 -16.319
  -6.982 -16.209 -16.209
  -6.978 -15.971 -15.971
  -6.973 -16.272 -16.272
  -6.969 -15.329 -15.702
  -6.965 -16.358 -16.358
  -6.961 -16.080 -16.413
  -6.956 -16.313 -16.313
  -6.952 -15.852 -16.634
  -6.948 -15.992 -16.176
  -6.944 -15.537 -16.223
  -6.940 -15.841 -16.326
  -6.936 -15.959 -16.205
  -6.932 -16.006 -16.328
  -6.928 -16.198 -16.198
  -6.924 -15.717 -16.038
  -6.920 -16.374 -16.652
  -6.917 -16.121 -16.121
  -6.913 -15.691 -15.691
  -6.909 -16.572 -22.401
  -6.905 -16.358 -16.781
  -6.902 -16.306 -16.306
  -6.898 -15.774 -16.125
  -6.894 -15.539 -16.206
  -6.891 -15.314 -16.017
  -6.887 -16.233 -16.737
  -6.884 -15.918 -15.918
  -6.880 -15.690 -15.912
  -6.877 -16.331 -16.614
  -6.873 -16.042 -17.024
  -6.870 -16.021 -16.021
  -6.867 -15.790 -15.988
  -6.863 -16.423 -16.576
  -6.860 -16.392 -49.500
  -6.857 -16.723 -17.108
  -6.853 -15.058 -15.794
  -6.850 -16.137 -16.137
  -6.847 -16.512 -16.751
  -6.844 -15.137 -16.348
  -6.840 -17.161 -49.500
  -6.837 -15.936 -16.253
  -6.834 -16.124 -16.343
  -6.831 -49.500     NaN
  -6.828 -15.584 -49.500
  -6.825 -15.215 -16.697
  -6.822 -49.500     NaN
  -6.819 -16.169 -16.487
  -6.816 -16.656 -16.999
  -6.813 -16.253 -17.270
  -6.810 -15.730 -16.155
  -6.807 -16.263 -17.130
  -6.804 -14.843 -15.656
  -6.801 -49.500     NaN
  -6.798 -15.670 -15.825
  -6.795 -16.748 -49.500
  -6.792 -16.237 -16.237
  -6.789 -16.002 -49.500
  -6.787 -15.742 -49.500
  -6.784 -16.264 -49.500
  -6.781 -14.973 -16.529
  -6.778 -17.057 -49.500
  -6.775 -16.224 -16.422
  -6.773 -17.135 -49.500
  -6.770 -16.875 -17.202
  -6.767 -49.500     NaN
  -6.765 -15.011 -16.406
  -6.762 -49.500     NaN
  -6.759 -15.755 -15.991
  -6.757 -49.500 -49.500
  -6.754 -15.211 -16.222
  -6.751 -49.500     NaN
  -6.749 -16.276 -16.430
  -6.746 -16.346 -16.629
  -6.744 -16.193 -49.500
  -6.741 -16.274 -49.500
  -6.739 -16.115 -16.115
  -6.736 -16.154 -49.500
  -6.734 -15.654 -16.346
  -6.731 -16.783 -16.965
  -6.729 -49.500     NaN
  -6.726 -16.364 -16.572
  -6.724 -49.500     NaN
  -6.721 -16.508 -49.500
  -6.719 -16.008 -16.622
  -6.717 -15.996 -49.500
  -6.714 -15.791 -49.500
  -6.712 -49.500     NaN
  -6.709 -49.500 -49.500
  -6.707 -49.500     NaN
  -6.705 -15.977 -49.500
  -6.702 -16.876 -49.500
  -6.700 -16.203 -16.203
  -6.698 -16.209 -16.961
  -6.696 -49.500 -49.500
  -6.693 -49.500 -49.500
  -6.691 -16.312 -16.500
  -6.689 -49.500 -49.500
  -6.687 -49.500     NaN
  -6.684 -15.717 -49.500
  -6.682 -49.500 -49.500
  -6.680 -49.500     NaN
  -6.678 -15.831 -16.172
  -6.675 -49.500     NaN
  -6.673 -16.519 -16.765
  -6.671 -16.562 -49.500
  -6.669 -16.676 -16.676
  -6.667 -16.130 -49.500
  -6.665 -49.500     NaN
  -6.663 -16.141 -49.500
  -6.661 -49.500 -49.500
  -6.658 -16.016 -49.500
  -6.656 -17.112 -49.500
  -6.654 -16.520 -49.500
  -6.652 -49.500 -49.500
  -6.650 -16.095 -49.500
  -6.648 -15.486 -49.500
  -6.646 -49.500 -49.500
  -6.644 -16.814 -49.500
  -6.642 -49.500     NaN
  -6.640 -49.500 -49.500
  -6.638 -16.150 -49.500
  -6.636 -16.725 -49.500
  -6.634 -16.717 -49.500
  -6.632 -49.500 -49.500
  -6.630 -49.500 -49.500
  -6.628 -49.500     NaN
  -6.626 -49.500 -49.500
  -6.624 -49.500     NaN
  -6.622 -49.500 -49.500
  -6.620 -15.308 -49.500
  -6.618 -49.500 -49.500
  -6.617 -16.395 -49.500
  -6.615 -49.500 -49.500
  -6.613 -49.500 -49.500
  -6.611 -16.706 -49.500
  -6.609 -16.141 -49.500
  -6.607 -49.500     NaN
  -6.605 -49.500     NaN
  -6.603 -49.500 -49.500
  -6.602 -49.500 -49.500
  -6.600 -49.500     NaN
  -6.598 -49.500 -49.500
  -6.596 -49.500 -49.500
  -6.594 -15.190 -16.444
