  -8.861 -13.746 -13.746
  -8.599 -13.910 -13.910
  -8.442 -14.046 -14.046
  -8.329 -14.126 -14.126
  -8.239 -14.004 -14.004
  -8.166 -14.100 -14.100
  -8.103 -14.224 -14.224
  -8.048 -14.253 -14.253
  -7.999 -14.389 -14.389
  -7.955 -14.382 -14.382
  -7.916 -14.249 -14.249
  -7.879 -14.559 -14.559
  -7.846 -14.456 -14.456
  -7.815 -14.263 -14.520
  -7.786 -14.618 -14.618
  -7.758 -14.352 -14.510
  -7.733 -14.702 -14.702
  -7.709 -14.219 -14.382
  -7.686 -14.308 -14.556
  -7.664 -14.638 -14.804
  -7.643 -14.289 -14.724
  -7.624 -14.486 -14.831
  -7.605 -14.862 -14.862
  -7.586 -14.975 -14.975
  -7.569 -14.538 -14.922
  -7.552 -14.861 -14.861
  -7.536 -14.786 -14.786
  -7.521 -14.794 -14.794
  -7.506 -15.181 -15.181
  -7.491 -14.718 -15.173
  -7.477 -15.302 -15.302
  -7.464 -14.729 -14.939
  -7.451 -15.061 -15.061
  -7.438 -15.041 -15.041
  -7.425 -14.981 -14.981
  -7.413 -14.883 -15.290
  -7.401 -15.192 -15.192
  -7.390 -14.636 -14.862
  -7.379 -14.578 -15.050
  -7.368 -14.989 -15.295
  -7.357 -15.529 -15.529
  -7.347 -15.456 -15.456
  -7.337 -15.012 -15.334
  -7.327 -15.361 -15.361
  -7.317 -15.107 -15.495
  -7.308 -15.123 -15.438
  -7.299 -15.065 -15.383
  -7.290 -14.018 -15.107
  -7.281 -15.025 -15.551
  -7.272 -15.053 -15.053
  -7.264 -15.258 -15.258
  -7.255 -15.352 -15.572
  -7.247 -14.774 -15.130
  -7.239 -15.757 -15.757
  -7.231 -15.722 -15.722
  -7.223 -14.643 -14.849
  -7.216 -15.365 -15.365
  -7.208 -15.075 -15.320
  -7.201 -15.590 -15.590
  -7.194 -14.779 -15.652
  -7.187 -15.818 -15.818
  -7.180 -15.846 -15.846
  -7.173 -15.289 -15.753
  -7.166 -15.266 -15.516
  -7.159 -15.370 -15.949
  -7.153 -14.790 -15.772
  -7.146 -15.457 -16.018
  -7.140 -15.516 -15.516
  -7.133 -15.160 -15.344
  -7.127 -15.416 -15.945
  -7.121 -15.908 -16.101
  -7.115 -15.843 -15.843
  -7.109 -15.767 -15.767
  -7.103 -15.861 -16.029
  -7.098 -15.000 -15.196
  -7.092 -15.913 -15.913
  -7.086 -15.427 -15.427
  -7.081 -15.712 -16.137
  -7.075 -15.393 -15.393
  -7.070 -16.019 -16.019
  -7.064 -14.680 -15.482
  -7.059 -15.493 -15.972
  -7.054 -16.127 -16.127
  -7.049 -15.831 -15.987
  -7.043 -16.251 -16.251
  -7.038 -15.038 -15.908
  -7.033 -15.728 -15.899
  -7.029 -15.803 -15.989
  -7.024 -15.783 -15.991
  -7.019 -15.015 -16.084
  -7.014 -15.723 -15.723
  -7.009 -16.005 -16.005
  -7.005 -15.987 -16.172
  -7.000 -15.366 -15.579
  -6.995 -16.279 -16.532
  -6.991 -16.216 -16.216
  -6.986 -16.533 -16.703
  -6.982 -16.127 -16.127
  -6.978 -15.959 -15.959
  -6.973 -15.776 -16.324
  -6.969 -16.541 -16.810
  -6.965 -15.706 -16.128
  -6.961 -15.025 -15.817
  -6.956 -15.654 -15.959
  -6.952 -15.715 -16.116
  -6.948 -15.693 -15.874
  -6.944 -15.372 -15.648
  -6.940 -15.588 -15.824
  -6.936 -16.602 -16.773
  -6.932 -16.012 -16.376
  -6.928 -14.886 -15.634
  -6.924 -14.698 -15.998
  -6.920 -16.039 -16.039
  -6.917 -15.822 -16.370
  -6.913 -15.964 -15.964
  -6.909 -15.840 -16.038
  -6.905 -16.176 -16.353
  -6.902 -16.323 -16.323
  -6.898 -16.091 -16.278
  -6.894 -16.091 -16.276
  -6.891 -15.679 -16.068
  -6.887 -15.991 -15.991
  -6.884 -15.001 -16.324
  -6.880 -15.267 -15.795
  -6.877 -15.479 -16.440
  -6.873 -16.068 -16.259
  -6.870 -16.049 -16.710
  -6.867 -16.216 -16.568
  -6.863 -16.457 -49.500
  -6.860 -15.065 -17.255
  -6.857 -15.403 -15.920
  -6.853 -16.598 -49.500
  -6.850 -16.305 -16.628
  -6.847 -16.117 -16.117
  -6.844 -16.260 -49.500
  -6.840 -17.160 -49.500
  -6.837 -16.334 -16.960
  -6.834 -16.622 -49.500
  -6.831 -16.749 -49.500
  -6.828 -16.066 -17.339
  -6.825 -16.528 -16.789
  -6.822 -16.456 -16.456
  -6.819 -15.852 -16.598
  -6.816 -16.639 -17.066
  -6.813 -16.844 -17.079
  -6.810 -16.540 -16.697
  -6.807 -16.213 -16.960
  -6.804 -15.841 -16.282
  -6.801 -15.700 -49.500
  -6.798 -16.169 -16.422
  -6.795 -49.500 -49.500
  -6.792 -16.470 -16.470
  -6.789 -14.874 -16.497
  -6.787 -16.336 -16.544
  -6.784 -15.747 -16.885
  -6.781 -15.477 -49.500
  -6.778 -16.255 -49.500
  -6.775 -16.414 -17.063
  -6.773 -49.500     NaN
  -6.770 -16.233 -16.233
  -6.767 -16.333 -16.491
  -6.765 -15.975 -17.007
  -6.762 -16.876 -17.402
  -6.759 -16.673 -16.836
  -6.757 -16.499 -49.500
  -6.754 -17.001 -49.500
  -6.751 -16.471 -49.500
  -6.749 -16.252 -49.500
  -6.746 -49.500     NaN
  -6.744 -15.887 -16.316
  -6.741 -16.763 -49.500
  -6.739 -49.500     NaN
  -6.736 -16.337 -49.500
  -6.734 -15.831 -49.500
  -6.731 -16.174 -16.174
  -6.729 -16.663 -49.500
  -6.726 -16.081 -16.632
  -6.724 -16.378 -16.378
  -6.721 -49.500 -49.500
  -6.719 -49.500 -49.500
  -6.717 -16.058 -49.500
  -6.714 -49.500     NaN
  -6.712 -16.468 -49.500
  -6.709 -15.845 -16.418
  -6.707 -49.500 -49.500
  -6.705 -49.500 -49.500
  -6.702 -16.762 -49.500
  -6.700 -49.500     NaN
  -6.698 -49.500     NaN
  -6.696 -49.500     NaN
  -6.693 -16.566 -16.810
  -6.691 -49.500     NaN
  -6.689 -16.389 -49.500
  -6.687 -16.070 -16.250
  -6.684 -15.350 -16.115
  -6.682 -49.500     NaN
  -6.680 -49.500     NaN
  -6.678 -17.217 -49.500
  -6.675 -49.500 -49.500
  -6.673 -16.339 -16.675
  -6.671 -16.091 -16.091
  -6.669 -17.080 -49.500
  -6.667 -49.500     NaN
  -6.665 -16.964 -49.500
  -6.663 -15.233 -49.500
  -6.661 -49.500     NaN
  -6.658 -16.564 -49.500
  -6.656 -49.500     NaN
  -6.654 -16.005 -16.005
  -6.652 -49.500     NaN
  -6.650 -16.603 -49.500
  -6.648 -49.500 -49.500
  -6.646 -49.500 -49.500
  -6.644 -49.500     NaN
  -6.642 -16.468 -49.500
  -6.640 -49.500     NaN
  -6.638 -16.921 -49.500
  -6.636 -49.500 -49.500
  -6.634 -49.500     NaN
  -6.632 -49.500     NaN
  -6.630 -16.298 -49.500
  -6.628 -49.500 -49.500
  -6.626 -49.500     NaN
  -6.624 -49.500 -49.500
  -6.622 -16.595 -49.500
  -6.620 -49.500 -49.500
  -6.618 -49.500 -49.500
  -6.617 -49.500     NaN
  -6.615 -49.500 -49.500
  -6.613 -49.500 -49.500
  -6.611 -49.500 -49.500
  -6.609 -16.050 -16.050
  -6.607 -49.500 -49.500
  -6.605 -49.500 -49.500
  -6.603 -49.500 -49.500
  -6.602 -49.500     NaN
  -6.600 -49.500 -49.500
  -6.598 -15.797 -49.500
  -6.596 -16.029 -49.500
  -6.594 -16.533 -16.533
