  -8.861 -13.760 -13.760
  -8.599 -13.850 -13.850
  -8.442 -13.994 -13.994
  -8.329 -14.059 -14.059
  -8.239 -14.062 -14.062
  -8.166 -14.179 -14.179
  -8.103 -14.337 -14.337
  -8.048 -14.103 -14.103
  -7.999 -14.042 -14.362
  -7.955 -14.357 -14.357
  -7.916 -14.462 -14.462
  -7.879 -14.613 -14.613
  -7.846 -14.482 -14.482
  -7.815 -14.733 -14.733
  -7.786 -14.586 -14.586
  -7.758 -14.778 -14.778
  -7.733 -14.859 -14.859
  -7.709 -14.716 -14.716
  -7.686 -14.481 -14.669
  -7.664 -14.444 -14.619
  -7.643 -14.670 -14.670
  -7.624 -14.317 -14.656
  -7.605 -14.916 -14.916
  -7.586 -14.777 -14.777
  -7.569 -14.610 -14.958
  -7.552 -13.796 -14.427
  -7.536 -15.010 -15.010
  -7.521 -14.686 -14.992
  -7.506 -14.714 -15.191
  -7.491 -15.106 -15.106
  -7.477 -14.862 -14.862
  -7.464 -15.011 -15.011
  -7.451 -14.613 -15.249
  -7.438 -14.797 -14.985
  -7.425 -14.301 -14.724
  -7.413 -14.846 -15.030
  -7.401 -14.877 -14.877
  -7.390 -15.255 -15.255
  -7.379 -15.168 -15.168
  -7.368 -14.825 -15.102
  -7.357 -14.464 -14.646
  -7.347 -15.335 -15.335
  -7.337 -15.038 -15.271
  -7.327 -14.422 -14.947
  -7.317 -15.093 -15.275
  -7.308 -15.186 -15.365
  -7.299 -15.360 -15.360
  -7.290 -15.381 -15.381
  -7.281 -15.404 -15.404
  -7.272 -15.357 -15.567
  -7.264 -15.480 -15.480
  -7.255 -15.487 -15.884
  -7.247 -14.712 -15.086
  -7.239 -15.635 -15.635
  -7.231 -15.524 -15.524
  -7.223 -15.694 -15.694
  -7.216 -15.600 -15.600
  -7.208 -15.205 -15.871
  -7.201 -15.745 -15.941
  -7.194 -15.192 -15.458
  -7.187 -15.405 -15.405
  -7.180 -15.572 -15.572
  -7.173 -15.006 -15.205
  -7.166 -15.102 -15.260
  -7.159 -15.616 -15.845
  -7.153 -15.320 -15.662
  -7.146 -14.695 -14.996
  -7.140 -15.607 -15.778
  -7.133 -15.619 -15.818
  -7.127 -15.812 -15.812
  -7.121 -15.033 -15.589
  -7.115 -15.833 -15.833
  -7.109 -15.778 -15.961
  -7.103 -16.046 -16.046
  -7.098 -15.979 -15.979
  -7.092 -15.970 -16.138
  -7.086 -15.941 -16.230
  -7.081 -15.681 -15.681
  -7.075 -16.036 -16.036
  -7.070 -15.245 -15.724
  -7.064 -15.909 -16.079
  -7.059 -15.722 -15.722
  -7.054 -15.100 -15.827
  -7.049 -15.681 -15.681
  -7.043 -16.022 -16.022
  -7.038 -15.362 -15.634
  -7.033 -16.204 -16.204
  -7.029 -15.753 -16.187
  -7.024 -15.627 -15.953
  -7.019 -15.506 -15.782
  -7.014 -16.339 -16.339
  -7.009 -16.446 -16.446
  -7.005 -15.963 -16.357
  -7.000 -15.604 -15.871
  -6.995 -16.040 -16.040
  -6.991 -15.127 -15.490
  -6.986 -16.244 -16.244
  -6.982 -15.874 -16.466
  -6.978 -16.034 -16.308
  -6.973 -15.668 -16.352
  -6.969 -16.257 -16.257
  -6.965 -15.974 -15.974
  -6.961 -16.058 -16.278
  -6.956 -16.141 -16.141
  -6.952 -16.012 -16.204
  -6.948 -15.888 -15.888
  -6.944 -16.034 -16.252
  -6.940 -15.469 -15.664
  -6.936 -15.757 -16.306
  -6.932 -16.185 -16.381
  -6.928 -16.062 -16.062
  -6.924 -15.872 -15.872
  -6.920 -16.085 -16.298
  -6.917 -15.895 -16.392
  -6.913 -15.733 -16.118
  -6.909 -16.979 -17.153
  -6.905 -16.394 -16.607
  -6.902 -16.424 -16.424
  -6.898 -16.403 -16.403
  -6.894 -16.472 -16.689
  -6.891 -15.693 -16.262
  -6.887 -15.878 -16.166
  -6.884 -16.071 -16.352
  -6.880 -15.928 -49.500
  -6.877 -16.307 -16.307
  -6.873 -16.074 -16.353
  -6.870 -15.831 -16.361
  -6.867 -16.297 -16.297
  -6.863 -15.435 -16.191
  -6.860 -15.618 -16.212
  -6.857 -16.344 -16.887
  -6.853 -14.111 -16.759
  -6.850 -15.577 -15.957
  -6.847 -15.493 -16.601
  -6.844 -16.574 -49.500
  -6.840 -16.519 -16.787
  -6.837 -15.559 -16.850
  -6.834 -15.261 -17.033
  -6.831 -17.005 -49.500
  -6.828 -16.526 -16.874
  -6.825 -15.438 -15.604
  -6.822 -16.662 -49.500
  -6.819 -16.024 -16.846
  -6.816 -15.860 -16.878
  -6.813 -49.500     NaN
  -6.810 -16.758 -16.758
  -6.807 -49.500     NaN
  -6.804 -16.330 -16.506
  -6.801 -16.426 -16.736
  -6.798 -49.500 -49.500
  -6.795 -16.075 -16.075
  -6.792 -49.500     NaN
  -6.789 -15.841 -16.599
  -6.787 -15.938 -16.209
  -6.784 -16.091 -16.259
  -6.781 -15.802 -16.659
  -6.778 -15.867 -16.230
  -6.775 -17.159 -49.500
  -6.773 -16.576 -17.287
  -6.770 -16.386 -16.386
  -6.767 -49.500     NaN
  -6.765 -15.638 -49.500
  -6.762 -49.500     NaN
  -6.759 -49.500     NaN
  -6.757 -15.966 -16.206
  -6.754 -16.761 -16.988
  -6.751 -49.500 -49.500
  -6.749 -16.061 -16.239
  -6.746 -15.403 -49.500
  -6.744 -49.500     NaN
  -6.741 -16.874 -49.500
  -6.739 -16.503 -16.841
  -6.736 -16.140 -49.500
  -6.734 -16.432 -16.653
  -6.731 -16.222 -16.627
  -6.729 -49.500     NaN
  -6.726 -16.927 -49.500
  -6.724 -49.500     NaN
  -6.721 -16.055 -16.455
  -6.719 -49.500     NaN
  -6.717 -15.806 -16.153
  -6.714 -17.041 -49.500
  -6.712 -16.017 -16.017
  -6.709 -16.006 -49.500
  -6.707 -49.500 -49.500
  -6.705 -16.868 -49.500
  -6.702 -49.500 -49.500
  -6.700 -49.500 -49.500
  -6.698 -49.500     NaN
  -6.696 -16.651 -49.500
  -6.693 -49.500 -49.500
  -6.691 -16.139 -49.500
  -6.689 -16.261 -49.500
  -6.687 -15.289 -16.871
  -6.684 -16.662 -49.500
  -6.682 -16.137 -49.500
  -6.680 -49.500     NaN
  -6.678 -16.529 -49.500
  -6.675 -16.743 -49.500
  -6.673 -49.500 -49.500
  -6.671 -49.500 -49.500
  -6.669 -16.512 -16.827
  -6.667 -49.500 -49.500
  -6.665 -15.603 -15.603
  -6.663 -14.747 -49.500
  -6.661 -16.050 -16.757
  -6.658 -16.380 -49.500
  -6.656 -49.500     NaN
  -6.654 -16.132 -16.944
  -6.652 -16.561 -49.500
  -6.650 -49.500 -49.500
  -6.648 -16.534 -16.534
  -6.646 -16.251 -16.509
  -6.644 -16.244 -49.500
  -6.642 -49.500 -49.500
  -6.640 -49.500 -49.500
  -6.638 -15.881 -16.146
  -6.636 -49.500     NaN
  -6.634 -49.500 -49.500
  -6.632 -49.500     NaN
  -6.630 -49.500     NaN
  -6.628 -49.500 -49.500
  -6.626 -15.623 -49.500
  -6.624 -16.189 -49.500
  -6.622 -49.500 -49.500
  -6.620 -49.500 -49.500
  -6.618 -49.500 -49.500
  -6.617 -49.500     NaN
  -6.615 -16.483 -49.500
  -6.613 -16.447 -16.447
  -6.611 -49.500 -49.500
  -6.609 -49.500 -49.500
  -6.607 -16.281 -49.500
  -6.605 -49.500 -49.500
  -6.603 -16.830 -49.500
  -6.602 -16.383 -49.500
  -6.600 -49.500     NaN
  -6.598 -49.500 -49.500
  -6.596 -49.500 -49.500
  -6.594 -49.500     NaN
