  -8.861 -13.744 -13.744
  -8.599 -13.824 -13.824
  -8.442 -13.968 -13.968
  -8.329 -14.036 -14.036
  -8.239 -14.172 -14.172
  -8.166 -14.184 -14.184
  -8.103 -14.235 -14.235
  -8.048 -14.388 -14.388
  -7.999 -14.302 -14.302
  -7.955 -14.451 -14.451
  -7.916 -14.296 -14.296
  -7.879 -14.481 -14.481
  -7.846 -14.437 -14.437
  -7.815 -14.236 -14.476
  -7.786 -14.585 -14.585
  -7.758 -14.749 -14.749
  -7.733 -14.533 -14.533
  -7.709 -14.718 -14.718
  -7.686 -14.577 -14.763
  -7.664 -14.792 -14.792
  -7.643 -14.814 -14.814
  -7.624 -14.801 -14.801
  -7.605 -14.741 -14.741
  -7.586 -15.035 -15.035
  -7.569 -14.802 -14.802
  -7.552 -14.881 -14.881
  -7.536 -14.572 -14.753
  -7.521 -14.974 -14.974
  -7.506 -14.853 -14.853
  -7.491 -14.877 -15.125
  -7.477 -14.645 -14.936
  -7.464 -14.688 -15.058
  -7.451 -14.673 -14.860
  -7.438 -15.282 -15.282
  -7.425 -14.902 -14.902
  -7.413 -15.112 -15.409
  -7.401 -15.350 -15.350
  -7.390 -14.955 -14.955
  -7.379 -15.103 -15.103
  -7.368 -15.023 -15.400
  -7.357 -15.011 -15.217
  -7.347 -15.019 -15.372
  -7.337 -15.266 -15.266
  -7.327 -15.375 -15.375
  -7.317 -15.333 -15.333
  -7.308 -15.517 -15.517
  -7.299 -15.256 -15.256
  -7.290 -14.233 -15.149
  -7.281 -15.479 -15.479
  -7.272 -15.503 -15.503
  -7.264 -15.161 -15.161
  -7.255 -14.912 -15.338
  -7.247 -15.149 -15.347
  -7.239 -15.742 -15.742
  -7.231 -15.598 -15.598
  -7.223 -15.036 -15.466
  -7.216 -15.586 -15.586
  -7.208 -15.761 -15.761
  -7.201 -14.942 -15.305
  -7.194 -15.627 -15.627
  -7.187 -15.585 -15.783
  -7.180 -15.896 -15.896
  -7.173 -15.822 -15.822
  -7.166 -15.417 -15.417
  -7.159 -15.892 -15.892
  -7.153 -14.745 -15.713
  -7.146 -15.267 -15.590
  -7.140 -15.366 -15.601
  -7.133 -15.730 -15.730
  -7.127 -15.495 -15.495
  -7.121 -15.682 -15.682
  -7.115 -15.820 -15.820
  -7.109 -15.723 -15.723
  -7.103 -15.502 -15.721
  -7.098 -15.786 -15.786
  -7.092 -15.183 -15.863
  -7.086 -15.572 -15.572
  -7.081 -15.221 -15.447
  -7.075 -15.234 -15.918
  -7.070 -14.871 -15.475
  -7.064 -15.555 -15.710
  -7.059 -15.696 -16.057
  -7.054 -15.509 -15.773
  -7.049 -13.726 -16.105
  -7.043 -15.983 -15.983
  -7.038 -15.885 -15.885
  -7.033 -15.957 -15.957
  -7.029 -15.408 -15.408
  -7.024 -15.168 -15.891
  -7.019 -16.078 -16.323
  -7.014 -16.147 -16.147
  -7.009 -15.027 -15.217
  -7.005 -16.029 -16.193
  -7.000 -15.553 -16.038
  -6.995 -15.741 -15.917
  -6.991 -15.647 -16.173
  -6.986 -15.346 -16.257
  -6.982 -15.863 -15.863
  -6.978 -15.835 -16.458
  -6.973 -15.996 -16.236
  -6.969 -16.166 -16.166
  -6.965 -16.170 -16.701
  -6.961 -15.424 -16.425
  -6.956 -15.993 -15.993
  -6.952 -16.124 -16.290
  -6.948 -16.212 -16.472
  -6.944 -16.107 -16.313
  -6.940 -16.023 -16.023
  -6.936 -15.372 -16.242
  -6.932 -15.114 -15.338
  -6.928 -16.274 -16.274
  -6.924 -15.972 -16.370
  -6.920 -16.004 -16.004
  -6.917 -15.830 -16.465
  -6.913 -16.438 -16.438
  -6.909 -16.412 -16.604
  -6.905 -17.133 -17.319
  -6.902 -15.855 -16.075
  -6.898 -15.870 -16.475
  -6.894 -15.755 -16.402
  -6.891 -16.841 -22.674
  -6.887 -15.818 -15.997
  -6.884 -16.341 -16.341
  -6.880 -16.166 -16.614
  -6.877 -15.230 -16.045
  -6.873 -14.725 -16.699
  -6.870 -16.388 -16.698
  -6.867 -17.059 -17.504
  -6.863 -15.918 -16.206
  -6.860 -15.809 -15.809
  -6.857 -16.042 -16.311
  -6.853 -14.936 -15.314
  -6.850 -15.979 -16.282
  -6.847 -15.325 -16.040
  -6.844 -15.293 -15.556
  -6.840 -15.841 -16.708
  -6.837 -15.793 -15.974
  -6.834 -17.322 -49.500
  -6.831 -16.372 -16.543
  -6.828 -16.632 -49.500
  -6.825 -16.682 -16.839
  -6.822 -15.225 -49.500
  -6.819 -15.814 -16.517
  -6.816 -16.316 -16.876
  -6.813 -16.285 -16.687
  -6.810 -49.500     NaN
  -6.807 -16.671 -17.297
  -6.804 -16.760 -16.928
  -6.801 -15.475 -16.122
  -6.798 -16.259 -16.818
  -6.795 -49.500 -49.500
  -6.792 -16.243 -16.243
  -6.789 -16.232 -16.418
  -6.787 -16.369 -16.587
  -6.784 -49.500     NaN
  -6.781 -49.500     NaN
  -6.778 -16.749 -49.500
  -6.775 -16.549 -16.549
  -6.773 -49.500     NaN
  -6.770 -16.854 -49.500
  -6.767 -16.259 -16.495
  -6.765 -15.730 -16.422
  -6.762 -16.032 -49.500
  -6.759 -16.095 -16.717
  -6.757 -15.913 -16.458
  -6.754 -15.963 -16.474
  -6.751 -49.500     NaN
  -6.749 -16.617 -49.500
  -6.746 -16.650 -49.500
  -6.744 -49.500 -49.500
  -6.741 -16.560 -16.732
  -6.739 -16.426 -49.500
  -6.736 -17.079 -49.500
  -6.734 -16.280 -16.559
  -6.731 -16.856 -16.856
  -6.729 -16.322 -49.500
  -6.726 -49.500     NaN
  -6.724 -49.500     NaN
  -6.721 -49.500 -49.500
  -6.719 -49.500     NaN
  -6.717 -49.500     NaN
  -6.714 -16.872 -49.500
  -6.712 -16.509 -49.500
  -6.709 -16.485 -49.500
  -6.707 -15.104 -49.500
  -6.705 -49.500 -49.500
  -6.702 -15.811 -49.500
  -6.700 -16.221 -49.500
  -6.698 -16.843 -49.500
  -6.696 -15.438 -49.500
  -6.693 -16.834 -49.500
  -6.691 -49.500 -49.500
  -6.689 -17.078 -49.500
  -6.687 -16.273 -49.500
  -6.684 -15.836 -16.795
  -6.682 -16.840 -49.500
  -6.680 -49.500 -49.500
  -6.678 -16.704 -49.500
  -6.675 -16.602 -16.989
  -6.673 -49.500     NaN
  -6.671 -49.500     NaN
  -6.669 -16.446 -49.500
  -6.667 -16.251 -16.251
  -6.665 -49.500 -49.500
  -6.663 -15.866 -16.599
  -6.661 -49.500 -49.500
  -6.658 -16.654 -49.500
  -6.656 -49.500 -49.500
  -6.654 -49.500     NaN
  -6.652 -16.591 -49.500
  -6.650 -16.544 -49.500
  -6.648 -49.500 -49.500
  -6.646 -15.515 -49.500
  -6.644 -49.500 -49.500
  -6.642 -49.500 -49.500
  -6.640 -49.500 -49.500
  -6.638 -49.500     NaN
  -6.636 -49.500 -49.500
  -6.634 -49.500     NaN
  -6.632 -49.500 -49.500
  -6.630 -16.652 -49.500
  -6.628 -16.925 -49.500
  -6.626 -16.622 -49.500
  -6.624 -49.500     NaN
  -6.622 -16.356 -49.500
  -6.620 -49.500     NaN
  -6.618 -15.485 -17.102
  -6.617 -49.500 -49.500
  -6.615 -16.570 -49.500
  -6.613 -15.925 -49.500
  -6.611 -49.500 -49.500
  -6.609 -49.500 -49.500
  -6.607 -16.562 -49.500
  -6.605 -15.728 -15.728
  -6.603 -49.500 -49.500
  -6.602 -49.500 -49.500
  -6.600 -16.745 -49.500
  -6.598 -16.376 -16.376
  -6.596 -49.500 -49.500
  -6.594 -49.500     NaN
