  -8.861 -13.770 -13.770
  -8.599 -13.903 -13.903
  -8.442 -13.937 -13.937
  -8.329 -14.159 -14.159
  -8.239 -13.922 -14.081
  -8.166 -14.155 -14.155
  -8.103 -14.073 -14.316
  -8.048 -14.185 -14.185
  -7.999 -14.138 -14.138
  -7.955 -14.415 -14.415
  -7.916 -14.508 -14.508
  -7.879 -14.257 -14.257
  -7.846 -14.347 -14.347
  -7.815 -14.471 -14.471
  -7.786 -14.543 -14.543
  -7.758 -14.391 -14.657
  -7.733 -14.779 -14.779
  -7.709 -14.668 -14.668
  -7.686 -14.709 -14.709
  -7.664 -14.468 -14.784
  -7.643 -14.409 -14.409
  -7.624 -14.193 -14.545
  -7.605 -14.921 -14.921
  -7.586 -14.301 -14.481
  -7.569 -14.895 -14.895
  -7.552 -14.965 -14.965
  -7.536 -14.493 -14.682
  -7.521 -14.936 -15.135
  -7.506 -15.064 -15.064
  -7.491 -14.873 -14.873
  -7.477 -14.823 -14.823
  -7.464 -14.828 -15.112
  -7.451 -15.061 -15.061
  -7.438 -14.993 -15.233
  -7.425 -14.966 -15.204
  -7.413 -14.941 -15.345
  -7.401 -14.778 -14.778
  -7.390 -14.733 -15.013
  -7.379 -15.386 -15.386
  -7.368 -15.406 -15.406
  -7.357 -14.864 -14.864
  -7.347 -15.404 -15.572
  -7.337 -15.187 -15.187
  -7.327 -15.048 -15.048
  -7.317 -15.103 -15.103
  -7.308 -14.973 -15.235
  -7.299 -15.171 -15.171
  -7.290 -15.266 -15.266
  -7.281 -15.275 -15.275
  -7.272 -15.078 -15.580
  -7.264 -15.216 -15.216
  -7.255 -15.762 -15.762
  -7.247 -15.367 -15.519
  -7.239 -15.073 -15.412
  -7.231 -15.732 -15.732
  -7.223 -15.172 -15.650
  -7.216 -15.358 -15.694
  -7.208 -15.619 -15.619
  -7.201 -15.324 -15.324
  -7.194 -15.241 -15.241
  -7.187 -15.173 -15.576
  -7.180 -15.744 -15.744
  -7.173 -15.291 -15.934
  -7.166 -15.666 -15.835
  -7.159 -15.655 -15.655
  -7.153 -15.270 -15.775
  -7.146 -15.265 -15.265
  -7.140 -15.752 -15.986
  -7.133 -14.205 -15.481
  -7.127 -14.870 -15.275
  -7.121 -15.847 -15.847
  -7.115 -15.098 -15.609
  -7.109 -15.737 -16.043
  -7.103 -15.802 -15.802
  -7.098 -16.060 -16.060
  -7.092 -14.616 -14.882
  -7.086 -15.116 -15.787
  -7.081 -16.112 -16.112
  -7.075 -15.206 -15.801
  -7.070 -15.965 -15.965
  -7.064 -15.857 -16.057
  -7.059 -15.359 -15.550
  -7.054 -15.926 -16.192
  -7.049 -16.054 -16.054
  -7.043 -15.617 -15.617
  -7.038 -14.918 -15.190
  -7.033 -15.565 -16.013
  -7.029 -15.621 -15.850
  -7.024 -16.202 -16.202
  -7.019 -15.726 -16.020
  -7.014 -16.101 -16.101
  -7.009 -16.074 -16.280
  -7.005 -15.082 -16.225
  -7.000 -15.510 -16.363
  -6.995 -15.860 -16.061
  -6.991 -16.429 -16.673
  -6.986 -16.124 -16.424
  -6.982 -15.281 -15.716
  -6.978 -15.876 -15.876
  -6.973 -16.213 -16.402
  -6.969 -16.101 -16.445
  -6.965 -15.630 -15.630
  -6.961 -15.791 -16.042
  -6.956 -15.755 -15.755
  -6.952 -15.321 -16.167
  -6.948 -15.585 -16.324
  -6.944 -16.151 -16.392
  -6.940 -15.208 -16.328
  -6.936 -15.604 -16.011
  -6.932 -16.159 -16.405
  -6.928 -16.045 -16.328
  -6.924 -16.216 -22.766
  -6.920 -16.022 -16.225
  -6.917 -15.188 -15.551
  -6.913 -16.490 -17.357
  -6.909 -15.669 -16.136
  -6.905 -15.892 -16.293
  -6.902 -16.301 -16.530
  -6.898 -16.165 -16.371
  -6.894 -15.879 -16.081
  -6.891 -16.203 -16.727
  -6.887 -15.658 -16.025
  -6.884 -15.414 -16.646
  -6.880 -16.284 -16.731
  -6.877 -16.707 -16.707
  -6.873 -15.378 -16.270
  -6.870 -15.884 -16.279
  -6.867 -49.500     NaN
  -6.863 -16.457 -49.500
  -6.860 -13.586 -16.029
  -6.857 -16.593 -16.593
  -6.853 -15.778 -16.027
  -6.850 -16.031 -16.228
  -6.847 -17.004 -49.500
  -6.844 -16.869 -16.869
  -6.840 -16.003 -49.500
  -6.837 -14.506 -16.741
  -6.834 -16.082 -17.114
  -6.831 -16.664 -16.867
  -6.828 -16.723 -17.341
  -6.825 -15.620 -15.781
  -6.822 -15.783 -16.038
  -6.819 -14.540 -14.985
  -6.816 -16.575 -49.500
  -6.813 -16.309 -49.500
  -6.810 -16.844 -49.500
  -6.807 -16.186 -16.391
  -6.804 -16.979 -49.500
  -6.801 -16.044 -49.500
  -6.798 -16.566 -17.564
  -6.795 -16.277 -49.500
  -6.792 -16.083 -16.415
  -6.789 -49.500     NaN
  -6.787 -49.500     NaN
  -6.784 -16.601 -17.106
  -6.781 -16.600 -16.600
  -6.778 -16.963 -49.500
  -6.775 -16.124 -16.343
  -6.773 -16.972 -49.500
  -6.770 -49.500     NaN
  -6.767 -16.168 -16.715
  -6.765 -16.387 -16.679
  -6.762 -16.759 -49.500
  -6.759 -16.427 -49.500
  -6.757 -16.888 -49.500
  -6.754 -16.849 -49.500
  -6.751 -49.500 -49.500
  -6.749 -16.000 -16.204
  -6.746 -15.746 -16.273
  -6.744 -16.532 -49.500
  -6.741 -16.133 -16.834
  -6.739 -49.500     NaN
  -6.736 -16.530 -16.876
  -6.734 -15.311 -17.086
  -6.731 -49.500     NaN
  -6.729 -49.500     NaN
  -6.726 -16.478 -16.478
  -6.724 -49.500     NaN
  -6.721 -16.237 -49.500
  -6.719 -49.500     NaN
  -6.717 -16.543 -49.500
  -6.714 -16.591 -16.819
  -6.712 -49.500 -49.500
  -6.709 -16.780 -49.500
  -6.707 -17.130 -49.500
  -6.705 -16.591 -16.807
  -6.702 -49.500 -49.500
  -6.700 -49.500 -49.500
  -6.698 -49.500     NaN
  -6.696 -16.445 -16.825
  -6.693 -16.282 -49.500
  -6.691 -15.643 -16.558
  -6.689 -16.364 -16.364
  -6.687 -16.479 -49.500
  -6.684 -14.860 -49.500
  -6.682 -16.018 -49.500
  -6.680 -16.583 -49.500
  -6.678 -49.500 -49.500
  -6.675 -49.500     NaN
  -6.673 -49.500     NaN
  -6.671 -16.152 -16.925
  -6.669 -14.930 -49.500
  -6.667 -49.500     NaN
  -6.665 -16.163 -49.500
  -6.663 -49.500 -49.500
  -6.661 -16.697 -49.500
  -6.658 -16.613 -49.500
  -6.656 -15.935 -15.935
  -6.654 -16.550 -49.500
  -6.652 -16.292 -49.500
  -6.650 -16.448 -16.448
  -6.648 -16.811 -16.811
  -6.646 -16.593 -49.500
  -6.644 -49.500 -49.500
  -6.642 -49.500     NaN
  -6.640 -49.500 -49.500
  -6.638 -49.500 -49.500
  -6.636 -49.500 -49.500
  -6.634 -49.500 -49.500
  -6.632 -16.452 -49.500
  -6.630 -16.429 -16.429
  -6.628 -49.500 -49.500
  -6.626 -49.500 -49.500
  -6.624 -16.506 -49.500
  -6.622 -49.500     NaN
  -6.620 -15.787 -49.500
  -6.618 -16.503 -16.503
  -6.617 -49.500 -49.500
  -6.615 -16.449 -49.500
  -6.613 -14.894 -49.500
  -6.611 -49.500     NaN
  -6.609 -16.028 -49.500
  -6.607 -49.500     NaN
  -6.605 -16.575 -49.500
  -6.603 -49.500     NaN
  -6.602 -49.500 -49.500
  -6.600 -16.452 -49.500
  -6.598 -15.628 -15.628
  -6.596 -49.500     NaN
  -6.594 -16.006 -49.500
