  -8.861 -13.783 -13.783
  -8.599 -13.770 -13.770
  -8.442 -13.941 -13.941
  -8.329 -14.117 -14.117
  -8.239 -14.145 -14.145
  -8.166 -14.204 -14.204
  -8.103 -14.195 -14.195
  -8.048 -13.883 -14.368
  -7.999 -14.360 -14.360
  -7.955 -14.403 -14.403
  -7.916 -14.305 -14.305
  -7.879 -14.449 -14.449
  -7.846 -14.425 -14.425
  -7.815 -14.330 -14.494
  -7.786 -14.391 -14.655
  -7.758 -14.396 -14.767
  -7.733 -14.743 -14.743
  -7.709 -14.630 -14.630
  -7.686 -14.627 -14.627
  -7.664 -14.639 -14.639
  -7.643 -14.645 -14.645
  -7.624 -14.676 -14.676
  -7.605 -14.930 -14.930
  -7.586 -14.906 -14.906
  -7.569 -14.776 -14.776
  -7.552 -14.561 -14.974
  -7.536 -14.929 -14.929
  -7.521 -14.906 -14.906
  -7.506 -14.948 -15.204
  -7.491 -13.901 -14.972
  -7.477 -14.927 -14.927
  -7.464 -15.129 -15.129
  -7.451 -14.691 -14.691
  -7.438 -15.143 -15.143
  -7.425 -15.000 -15.199
  -7.413 -15.031 -15.290
  -7.401 -15.071 -15.315
  -7.390 -14.551 -15.166
  -7.379 -15.106 -15.365
  -7.368 -14.969 -14.969
  -7.357 -14.717 -14.948
  -7.347 -15.159 -15.159
  -7.337 -14.996 -15.197
  -7.327 -14.954 -15.306
  -7.317 -15.437 -15.437
  -7.308 -15.358 -15.358
  -7.299 -15.661 -15.661
  -7.290 -15.209 -15.462
  -7.281 -15.179 -15.179
  -7.272 -15.210 -15.569
  -7.264 -15.439 -15.439
  -7.255 -15.400 -15.400
  -7.247 -15.246 -15.246
  -7.239 -15.365 -15.365
  -7.231 -14.713 -15.605
  -7.223 -15.288 -15.288
  -7.216 -15.267 -15.597
  -7.208 -15.743 -15.743
  -7.201 -15.296 -15.497
  -7.194 -15.406 -15.601
  -7.187 -15.441 -15.441
  -7.180 -14.613 -14.813
  -7.173 -14.812 -15.451
  -7.166 -15.782 -15.782
  -7.159 -15.184 -15.833
  -7.153 -15.522 -15.685
  -7.146 -15.439 -15.728
  -7.140 -15.383 -15.622
  -7.133 -15.937 -15.937
  -7.127 -15.167 -15.420
  -7.121 -15.515 -15.515
  -7.115 -15.243 -15.529
  -7.109 -15.804 -15.804
  -7.103 -15.618 -16.097
  -7.098 -15.856 -16.133
  -7.092 -15.927 -16.104
  -7.086 -15.891 -16.049
  -7.081 -15.946 -16.220
  -7.075 -15.707 -15.707
  -7.070 -15.486 -15.486
  -7.064 -14.759 -15.245
  -7.059 -15.719 -15.922
  -7.054 -15.836 -15.836
  -7.049 -15.599 -16.092
  -7.043 -15.654 -16.107
  -7.038 -15.930 -16.104
  -7.033 -15.893 -16.535
  -7.029 -14.861 -15.792
  -7.024 -15.829 -16.079
  -7.019 -16.036 -16.257
  -7.014 -15.914 -15.914
  -7.009 -15.482 -15.783
  -7.005 -16.121 -16.121
  -7.000 -15.771 -16.102
  -6.995 -16.112 -16.112
  -6.991 -15.547 -16.202
  -6.986 -15.612 -15.776
  -6.982 -15.859 -15.859
  -6.978 -15.373 -15.373
  -6.973 -16.619 -16.619
  -6.969 -15.876 -15.876
  -6.965 -16.414 -16.414
  -6.961 -15.347 -15.347
  -6.956 -16.045 -16.324
  -6.952 -16.170 -16.170
  -6.948 -16.235 -16.235
  -6.944 -16.166 -16.408
  -6.940 -15.046 -15.815
  -6.936 -15.319 -15.852
  -6.932 -16.225 -16.403
  -6.928 -15.692 -16.016
  -6.924 -16.011 -16.011
  -6.920 -16.163 -16.385
  -6.917 -16.182 -16.182
  -6.913 -16.014 -16.213
  -6.909 -14.929 -15.296
  -6.905 -16.077 -16.546
  -6.902 -16.406 -16.873
  -6.898 -16.513 -16.691
  -6.894 -16.087 -16.925
  -6.891 -16.013 -16.735
  -6.887 -49.500     NaN
  -6.884 -15.955 -16.220
  -6.880 -15.634 -16.271
  -6.877 -16.556 -16.757
  -6.873 -16.031 -16.571
  -6.870 -49.500     NaN
  -6.867 -16.978 -49.500
  -6.863 -15.531 -15.717
  -6.860 -16.706 -16.865
  -6.857 -15.912 -15.912
  -6.853 -15.458 -16.487
  -6.850 -16.271 -16.271
  -6.847 -16.983 -49.500
  -6.844 -16.766 -49.500
  -6.840 -15.235 -16.287
  -6.837 -16.753 -17.332
  -6.834 -16.484 -16.663
  -6.831 -16.547 -49.500
  -6.828 -15.355 -16.103
  -6.825 -16.697 -16.939
  -6.822 -16.206 -16.397
  -6.819 -16.099 -16.271
  -6.816 -16.398 -16.398
  -6.813 -13.951 -16.813
  -6.810 -16.279 -16.839
  -6.807 -16.578 -17.026
  -6.804 -16.475 -49.500
  -6.801 -15.434 -49.500
  -6.798 -16.881 -49.500
  -6.795 -49.500     NaN
  -6.792 -15.677 -17.253
  -6.789 -49.500     NaN
  -6.787 -16.262 -16.758
  -6.784 -49.500     NaN
  -6.781 -15.193 -16.634
  -6.778 -16.106 -16.341
  -6.775 -49.500     NaN
  -6.773 -16.191 -16.191
  -6.770 -16.626 -16.924
  -6.767 -49.500     NaN
  -6.765 -49.500     NaN
  -6.762 -16.332 -16.741
  -6.759 -16.264 -16.594
  -6.757 -15.398 -16.327
  -6.754 -16.446 -16.773
  -6.751 -15.763 -16.132
  -6.749 -16.323 -49.500
  -6.746 -15.235 -16.632
  -6.744 -16.248 -17.147
  -6.741 -15.801 -16.061
  -6.739 -16.439 -49.500
  -6.736 -49.500     NaN
  -6.734 -49.500     NaN
  -6.731 -16.574 -16.830
  -6.729 -49.500 -49.500
  -6.726 -16.694 -16.919
  -6.724 -16.952 -49.500
  -6.721 -15.346 -16.092
  -6.719 -17.038 -49.500
  -6.717 -15.901 -49.500
  -6.714 -49.500 -49.500
  -6.712 -15.707 -15.707
  -6.709 -16.751 -49.500
  -6.707 -16.225 -16.783
  -6.705 -16.097 -16.097
  -6.702 -49.500     NaN
  -6.700 -49.500     NaN
  -6.698 -16.735 -49.500
  -6.696 -15.652 -16.511
  -6.693 -16.518 -49.500
  -6.691 -49.500     NaN
  -6.689 -15.634 -16.262
  -6.687 -16.549 -49.500
  -6.684 -49.500 -49.500
  -6.682 -16.890 -49.500
  -6.680 -16.380 -16.721
  -6.678 -49.500 -49.500
  -6.675 -49.500     NaN
  -6.673 -16.000 -49.500
  -6.671 -16.310 -16.310
  -6.669 -49.500     NaN
  -6.667 -15.373 -49.500
  -6.665 -49.500     NaN
  -6.663 -16.384 -49.500
  -6.661 -49.500 -49.500
  -6.658 -49.500 -49.500
  -6.656 -49.500     NaN
  -6.654 -49.500 -49.500
  -6.652 -49.500     NaN
  -6.650 -15.174 -15.174
  -6.648 -49.500 -49.500
  -6.646 -49.500 -49.500
  -6.644 -49.500 -49.500
  -6.642 -49.500 -49.500
  -6.640 -49.500 -49.500
  -6.638 -16.235 -49.500
  -6.636 -16.541 -49.500
  -6.634 -49.500 -49.500
  -6.632 -49.500 -49.500
  -6.630 -49.500     NaN
  -6.628 -49.500     NaN
  -6.626 -16.280 -49.500
  -6.624 -16.275 -16.275
  -6.622 -16.435 -49.500
  -6.620 -15.699 -15.994
  -6.618 -49.500     NaN
  -6.617 -49.500 -49.500
  -6.615 -49.500     NaN
  -6.613 -16.521 -49.500
  -6.611 -16.746 -49.500
  -6.609 -49.500     NaN
  -6.607 -49.500 -49.500
  -6.605 -49.500 -49.500
  -6.603 -16.505 -16.505
  -6.602 -16.323 -49.500
  -6.600 -49.500 -49.500
  -6.598 -49.500 -49.500
  -6.596 -49.500 -49.500
  -6.594 -16.361 -16.361
