  -8.861 -13.786 -13.786
  -8.599 -13.926 -13.926
  -8.442 -13.966 -13.966
  -8.329 -14.035 -14.035
  -8.239 -14.158 -14.158
  -8.166 -14.191 -14.191
  -8.103 -14.262 -14.262
  -8.048 -14.069 -14.280
  -7.999 -14.501 -14.501
  -7.955 -14.547 -14.547
  -7.916 -14.396 -14.396
  -7.879 -14.519 -14.519
  -7.846 -14.431 -14.431
  -7.815 -14.521 -14.521
  -7.786 -14.528 -14.528
  -7.758 -14.366 -14.366
  -7.733 -14.636 -14.636
  -7.709 -14.582 -14.582
  -7.686 -14.521 -14.702
  -7.664 -14.494 -14.817
  -7.643 -14.923 -14.923
  -7.624 -14.689 -14.689
  -7.605 -14.766 -14.766
  -7.586 -14.891 -14.891
  -7.569 -14.490 -14.697
  -7.552 -14.649 -14.649
  -7.536 -15.089 -15.089
  -7.521 -15.158 -15.158
  -7.506 -14.824 -14.824
  -7.491 -14.498 -14.992
  -7.477 -14.955 -15.130
  -7.464 -14.711 -14.943
  -7.451 -15.181 -15.181
  -7.438 -15.057 -15.273
  -7.425 -15.194 -15.194
  -7.413 -15.199 -15.360
  -7.401 -15.060 -15.060
  -7.390 -15.076 -15.076
  -7.379 -15.072 -15.072
  -7.368 -15.038 -15.038
  -7.357 -15.237 -15.462
  -7.347 -15.182 -15.182
  -7.337 -15.485 -15.485
  -7.327 -15.333 -15.333
  -7.317 -14.446 -14.719
  -7.308 -15.211 -15.211
  -7.299 -15.223 -15.223
  -7.290 -15.308 -15.485
  -7.281 -14.574 -15.386
  -7.272 -15.443 -15.443
  -7.264 -14.811 -15.325
  -7.255 -15.328 -15.328
  -7.247 -14.815 -15.518
  -7.239 -15.384 -15.384
  -7.231 -14.175 -15.759
  -7.223 -15.570 -15.570
  -7.216 -15.252 -15.573
  -7.208 -15.220 -15.737
  -7.201 -15.281 -15.566
  -7.194 -15.540 -15.540
  -7.187 -15.351 -15.351
  -7.180 -15.270 -15.453
  -7.173 -15.650 -15.650
  -7.166 -14.225 -15.411
  -7.159 -15.331 -15.747
  -7.153 -15.134 -15.340
  -7.146 -15.679 -16.048
  -7.140 -14.588 -15.555
  -7.133 -15.478 -15.715
  -7.127 -15.645 -15.645
  -7.121 -15.481 -15.481
  -7.115 -15.926 -15.926
  -7.109 -14.910 -15.486
  -7.103 -16.025 -16.025
  -7.098 -15.383 -15.867
  -7.092 -16.184 -16.184
  -7.086 -15.264 -15.264
  -7.081 -15.285 -15.847
  -7.075 -15.474 -15.688
  -7.070 -15.563 -16.097
  -7.064 -15.348 -15.662
  -7.059 -16.272 -16.272
  -7.054 -15.522 -16.030
  -7.049 -15.572 -15.765
  -7.043 -15.278 -15.511
  -7.038 -16.142 -16.142
  -7.033 -15.927 -15.927
  -7.029 -15.461 -15.839
  -7.024 -16.006 -16.006
  -7.019 -15.387 -15.749
  -7.014 -16.000 -16.000
  -7.009 -15.031 -15.927
  -7.005 -16.035 -16.216
  -7.000 -16.370 -16.370
  -6.995 -15.921 -15.921
  -6.991 -15.682 -15.946
  -6.986 -15.167 -15.721
  -6.982 -16.221 -16.221
  -6.978 -15.018 -15.870
  -6.973 -14.067 -15.533
  -6.969 -16.301 -16.473
  -6.965 -14.944 -16.112
  -6.961 -15.689 -16.291
  -6.956 -15.936 -16.100
  -6.952 -14.938 -15.944
  -6.948 -15.224 -15.783
  -6.944 -15.594 -16.306
  -6.940 -16.235 -16.630
  -6.936 -15.961 -16.148
  -6.932 -15.757 -15.938
  -6.928 -15.710 -15.710
  -6.924 -16.430 -16.765
  -6.920 -15.653 -15.872
  -6.917 -15.544 -15.839
  -6.913 -16.472 -17.028
  -6.909 -14.704 -16.204
  -6.905 -15.660 -15.813
  -6.902 -16.233 -16.532
  -6.898 -16.100 -16.100
  -6.894 -16.481 -16.731
  -6.891 -16.621 -16.878
  -6.887 -16.631 -16.907
  -6.884 -16.448 -49.500
  -6.880 -16.093 -16.565
  -6.877 -16.092 -16.373
  -6.873 -16.244 -16.599
  -6.870 -15.503 -15.694
  -6.867 -15.290 -15.592
  -6.863 -16.398 -16.568
  -6.860 -16.277 -16.461
  -6.857 -15.325 -15.788
  -6.853 -16.664 -16.664
  -6.850 -16.105 -16.105
  -6.847 -15.974 -16.130
  -6.844 -16.555 -17.090
  -6.840 -16.134 -49.500
  -6.837 -15.864 -16.524
  -6.834 -16.298 -16.818
  -6.831 -16.538 -17.146
  -6.828 -16.734 -49.500
  -6.825 -16.556 -16.748
  -6.822 -49.500     NaN
  -6.819 -16.094 -16.447
  -6.816 -49.500     NaN
  -6.813 -15.527 -15.527
  -6.810 -15.706 -16.159
  -6.807 -15.196 -15.458
  -6.804 -16.670 -16.903
  -6.801 -16.381 -16.535
  -6.798 -17.154 -49.500
  -6.795 -15.677 -16.206
  -6.792 -15.866 -16.076
  -6.789 -15.993 -16.375
  -6.787 -16.631 -16.882
  -6.784 -16.597 -49.500
  -6.781 -49.500     NaN
  -6.778 -16.263 -16.824
  -6.775 -16.837 -49.500
  -6.773 -16.530 -16.730
  -6.770 -49.500     NaN
  -6.767 -16.441 -49.500
  -6.765 -15.605 -15.996
  -6.762 -16.150 -49.500
  -6.759 -16.908 -49.500
  -6.757 -49.500     NaN
  -6.754 -49.500     NaN
  -6.751 -16.093 -49.500
  -6.749 -49.500     NaN
  -6.746 -16.150 -16.829
  -6.744 -16.808 -49.500
  -6.741 -16.495 -49.500
  -6.739 -16.869 -49.500
  -6.736 -15.419 -49.500
  -6.734 -14.525 -16.838
  -6.731 -16.020 -49.500
  -6.729 -49.500 -49.500
  -6.726 -16.529 -49.500
  -6.724 -15.829 -49.500
  -6.721 -49.500     NaN
  -6.719 -15.522 -16.659
  -6.717 -16.441 -16.621
  -6.714 -49.500     NaN
  -6.712 -49.500     NaN
  -6.709 -15.924 -16.185
  -6.707 -49.500     NaN
  -6.705 -16.276 -16.470
  -6.702 -16.778 -49.500
  -6.700 -15.782 -15.782
  -6.698 -16.156 -16.493
  -6.696 -16.797 -49.500
  -6.693 -16.064 -49.500
  -6.691 -17.011 -49.500
  -6.689 -49.500 -49.500
  -6.687 -49.500 -49.500
  -6.684 -49.500 -49.500
  -6.682 -49.500 -49.500
  -6.680 -16.585 -49.500
  -6.678 -49.500     NaN
  -6.675 -16.335 -49.500
  -6.673 -15.948 -16.206
  -6.671 -16.268 -16.268
  -6.669 -16.846 -49.500
  -6.667 -16.093 -16.632
  -6.665 -15.367 -16.374
  -6.663 -49.500     NaN
  -6.661 -49.500 -49.500
  -6.658 -16.486 -49.500
  -6.656 -16.374 -16.580
  -6.654 -16.774 -49.500
  -6.652 -49.500     NaN
  -6.650 -49.500     NaN
  -6.648 -49.500 -49.500
  -6.646 -49.500     NaN
  -6.644 -49.500 -49.500
  -6.642 -16.538 -49.500
  -6.640 -16.227 -16.951
  -6.638 -49.500 -49.500
  -6.636 -16.201 -16.436
  -6.634 -49.500 -49.500
  -6.632 -49.500 -49.500
  -6.630 -49.500 -49.500
  -6.628 -16.433 -49.500
  -6.626 -49.500 -49.500
  -6.624 -15.855 -49.500
  -6.622 -49.500 -49.500
  -6.620 -49.500 -49.500
  -6.618 -49.500     NaN
  -6.617 -49.500 -49.500
  -6.615 -49.500     NaN
  -6.613 -49.500 -49.500
  -6.611 -49.500 -49.500
  -6.609 -49.500 -49.500
  -6.607 -16.286 -16.286
  -6.605 -49.500 -49.500
  -6.603 -49.500     NaN
  -6.602 -15.578 -49.500
  -6.600 -49.500 -49.500
  -6.598 -49.500 -49.500
  -6.596 -49.500 -49.500
  -6.594 -49.500 -49.500
