  -8.861 -13.736 -13.736
  -8.599 -13.879 -13.879
  -8.442 -13.988 -13.988
  -8.329 -14.065 -14.065
  -8.239 -14.209 -14.209
  -8.166 -14.209 -14.209
  -8.103 -14.342 -14.342
  -8.048 -14.072 -14.308
  -7.999 -14.398 -14.398
  -7.955 -14.292 -14.292
  -7.916 -14.359 -14.585
  -7.879 -14.375 -14.572
  -7.846 -14.524 -14.524
  -7.815 -14.398 -14.398
  -7.786 -14.477 -14.477
  -7.758 -14.575 -14.575
  -7.733 -14.504 -14.725
  -7.709 -14.344 -14.560
  -7.686 -14.697 -14.697
  -7.664 -14.867 -14.867
  -7.643 -14.744 -14.744
  -7.624 -14.648 -14.648
  -7.605 -14.942 -14.942
  -7.586 -14.838 -14.838
  -7.569 -14.752 -15.028
  -7.552 -15.009 -15.009
  -7.536 -14.803 -14.803
  -7.521 -15.066 -15.066
  -7.506 -14.801 -15.092
  -7.491 -15.226 -15.226
  -7.477 -14.826 -15.129
  -7.464 -14.755 -15.047
  -7.451 -14.808 -14.963
  -7.438 -14.718 -15.096
  -7.425 -14.909 -15.073
  -7.413 -14.944 -15.206
  -7.401 -14.899 -14.899
  -7.390 -15.116 -15.116
  -7.379 -14.968 -15.193
  -7.368 -14.958 -15.296
  -7.357 -15.069 -15.069
  -7.347 -14.934 -15.220
  -7.337 -14.843 -14.843
  -7.327 -15.017 -15.017
  -7.317 -15.394 -15.394
  -7.308 -14.828 -15.370
  -7.299 -15.295 -15.295
  -7.290 -15.688 -15.688
  -7.281 -15.181 -15.461
  -7.272 -14.828 -15.125
  -7.264 -15.232 -15.524
  -7.255 -15.057 -15.837
  -7.247 -15.303 -15.600
  -7.239 -14.681 -14.936
  -7.231 -14.775 -15.459
  -7.223 -15.018 -15.558
  -7.216 -14.887 -15.220
  -7.208 -15.752 -15.752
  -7.201 -15.665 -15.829
  -7.194 -15.674 -15.674
  -7.187 -15.757 -15.757
  -7.180 -14.586 -15.584
  -7.173 -14.836 -15.017
  -7.166 -14.945 -15.141
  -7.159 -15.385 -15.584
  -7.153 -15.183 -15.753
  -7.146 -15.177 -15.721
  -7.140 -15.830 -15.830
  -7.133 -15.600 -15.600
  -7.127 -14.824 -15.523
  -7.121 -14.380 -15.449
  -7.115 -15.959 -15.959
  -7.109 -15.626 -15.783
  -7.103 -15.530 -15.530
  -7.098 -15.872 -15.872
  -7.092 -14.938 -15.745
  -7.086 -15.799 -16.189
  -7.081 -15.726 -15.890
  -7.075 -15.830 -15.830
  -7.070 -15.489 -15.876
  -7.064 -15.769 -15.769
  -7.059 -15.610 -15.610
  -7.054 -15.500 -15.500
  -7.049 -16.218 -16.218
  -7.043 -15.848 -16.058
  -7.038 -16.128 -16.128
  -7.033 -16.096 -16.096
  -7.029 -15.897 -16.113
  -7.024 -15.853 -15.853
  -7.019 -15.294 -15.674
  -7.014 -15.805 -15.805
  -7.009 -15.829 -16.070
  -7.005 -16.049 -16.209
  -7.000 -16.038 -16.248
  -6.995 -15.597 -15.597
  -6.991 -15.899 -15.899
  -6.986 -16.057 -16.057
  -6.982 -16.051 -16.051
  -6.978 -16.093 -16.358
  -6.973 -16.323 -16.504
  -6.969 -15.158 -16.159
  -6.965 -16.271 -16.519
  -6.961 -15.533 -16.229
  -6.956 -16.010 -16.173
  -6.952 -15.968 -16.410
  -6.948 -14.935 -15.958
  -6.944 -16.303 -16.303
  -6.940 -16.016 -16.570
  -6.936 -16.657 -16.657
  -6.932 -16.267 -16.267
  -6.928 -15.994 -16.147
  -6.924 -16.353 -16.643
  -6.920 -16.491 -16.491
  -6.917 -16.233 -16.387
  -6.913 -16.309 -16.309
  -6.909 -16.623 -16.884
  -6.905 -16.559 -16.719
  -6.902 -16.309 -16.581
  -6.898 -16.025 -16.299
  -6.894 -14.196 -16.478
  -6.891 -15.055 -15.829
  -6.887 -15.643 -16.028
  -6.884 -15.604 -16.085
  -6.880 -15.888 -16.384
  -6.877 -15.069 -16.115
  -6.873 -16.192 -16.362
  -6.870 -15.205 -16.242
  -6.867 -16.093 -17.062
  -6.863 -15.508 -16.697
  -6.860 -15.697 -16.664
  -6.857 -16.017 -16.261
  -6.853 -16.204 -16.204
  -6.850 -17.046 -49.500
  -6.847 -16.319 -16.500
  -6.844 -15.904 -16.173
  -6.840 -16.205 -16.552
  -6.837 -16.032 -16.504
  -6.834 -15.901 -16.514
  -6.831 -16.478 -16.729
  -6.828 -17.073 -49.500
  -6.825 -15.909 -16.161
  -6.822 -16.047 -16.870
  -6.819 -16.441 -16.870
  -6.816 -16.185 -16.543
  -6.813 -16.114 -16.343
  -6.810 -49.500 -49.500
  -6.807 -16.712 -49.500
  -6.804 -49.500     NaN
  -6.801 -16.082 -49.500
  -6.798 -16.475 -16.742
  -6.795 -16.102 -49.500
  -6.792 -16.452 -49.500
  -6.789 -16.199 -16.199
  -6.787 -16.133 -16.359
  -6.784 -49.500     NaN
  -6.781 -49.500     NaN
  -6.778 -16.499 -16.947
  -6.775 -16.421 -16.599
  -6.773 -16.578 -16.760
  -6.770 -17.008 -17.008
  -6.767 -14.803 -16.665
  -6.765 -15.814 -16.074
  -6.762 -16.788 -49.500
  -6.759 -16.921 -17.272
  -6.757 -15.042 -16.640
  -6.754 -13.675 -49.500
  -6.751 -15.956 -16.126
  -6.749 -49.500     NaN
  -6.746 -49.500     NaN
  -6.744 -49.500     NaN
  -6.741 -49.500     NaN
  -6.739 -16.238 -49.500
  -6.736 -16.259 -17.249
  -6.734 -16.108 -16.736
  -6.731 -16.257 -16.257
  -6.729 -16.588 -49.500
  -6.726 -16.165 -16.343
  -6.724 -49.500     NaN
  -6.721 -16.416 -49.500
  -6.719 -15.584 -17.173
  -6.717 -16.788 -16.788
  -6.714 -49.500     NaN
  -6.712 -49.500 -49.500
  -6.709 -16.234 -49.500
  -6.707 -49.500 -49.500
  -6.705 -15.851 -15.851
  -6.702 -16.422 -16.422
  -6.700 -16.888 -49.500
  -6.698 -16.632 -16.875
  -6.696 -49.500     NaN
  -6.693 -16.328 -49.500
  -6.691 -15.467 -49.500
  -6.689 -49.500 -49.500
  -6.687 -49.500 -49.500
  -6.684 -16.187 -16.403
  -6.682 -15.735 -49.500
  -6.680 -49.500     NaN
  -6.678 -49.500 -49.500
  -6.675 -15.781 -49.500
  -6.673 -16.270 -16.499
  -6.671 -16.626 -49.500
  -6.669 -16.123 -49.500
  -6.667 -49.500 -49.500
  -6.665 -49.500     NaN
  -6.663 -49.500     NaN
  -6.661 -49.500     NaN
  -6.658 -49.500 -49.500
  -6.656 -49.500     NaN
  -6.654 -16.300 -16.300
  -6.652 -16.389 -49.500
  -6.650 -49.500     NaN
  -6.648 -49.500     NaN
  -6.646 -49.500     NaN
  -6.644 -16.568 -49.500
  -6.642 -16.479 -16.479
  -6.640 -49.500     NaN
  -6.638 -49.500 -49.500
  -6.636 -49.500     NaN
  -6.634 -49.500     NaN
  -6.632 -16.233 -49.500
  -6.630 -16.104 -49.500
  -6.628 -49.500     NaN
  -6.626 -49.500 -49.500
  -6.624 -16.663 -49.500
  -6.622 -49.500     NaN
  -6.620 -49.500 -49.500
  -6.618 -49.500 -49.500
  -6.617 -49.500 -49.500
  -6.615 -49.500 -49.500
  -6.613 -49.500     NaN
  -6.611 -16.091 -49.500
  -6.609 -49.500     NaN
  -6.607 -16.467 -49.500
  -6.605 -49.500 -49.500
  -6.603 -16.333 -16.621
  -6.602 -49.500     NaN
  -6.600 -49.500 -49.500
  -6.598 -16.426 -49.500
  -6.596 -49.500 -49.500
  -6.594 -16.255 -16.578
