  -8.861 -13.762 -13.762
  -8.599 -13.888 -13.888
  -8.442 -14.005 -14.005
  -8.329 -14.143 -14.143
  -8.239 -14.202 -14.202
  -8.166 -14.222 -14.222
  -8.103 -14.223 -14.223
  -8.048 -14.234 -14.234
  -7.999 -14.413 -14.413
  -7.955 -14.408 -14.408
  -7.916 -14.459 -14.459
  -7.879 -14.318 -14.318
  -7.846 -14.498 -14.498
  -7.815 -14.612 -14.612
  -7.786 -14.439 -14.439
  -7.758 -14.775 -14.775
  -7.733 -14.756 -14.756
  -7.709 -14.576 -14.576
  -7.686 -14.852 -14.852
  -7.664 -14.381 -14.582
  -7.643 -14.816 -14.816
  -7.624 -14.313 -14.520
  -7.605 -14.742 -14.989
  -7.586 -14.923 -14.923
  -7.569 -14.957 -14.957
  -7.552 -14.316 -14.945
  -7.536 -14.771 -14.936
  -7.521 -14.980 -14.980
  -7.506 -14.998 -14.998
  -7.491 -14.569 -14.775
  -7.477 -15.164 -15.164
  -7.464 -14.728 -14.728
  -7.451 -14.819 -15.087
  -7.438 -14.949 -15.231
  -7.425 -14.775 -15.236
  -7.413 -15.053 -15.053
  -7.401 -14.976 -15.307
  -7.390 -14.520 -14.520
  -7.379 -14.876 -15.201
  -7.368 -14.945 -14.945
  -7.357 -14.941 -14.941
  -7.347 -14.977 -14.977
  -7.337 -14.771 -15.143
  -7.327 -15.061 -15.291
  -7.317 -14.910 -15.215
  -7.308 -15.288 -15.288
  -7.299 -15.333 -15.333
  -7.290 -15.343 -15.502
  -7.281 -15.582 -15.582
  -7.272 -14.857 -15.391
  -7.264 -15.261 -15.656
  -7.255 -14.994 -15.194
  -7.247 -15.553 -15.553
  -7.239 -15.433 -15.433
  -7.231 -15.191 -15.393
  -7.223 -15.124 -15.512
  -7.216 -14.900 -15.266
  -7.208 -14.923 -15.908
  -7.201 -14.968 -15.400
  -7.194 -15.786 -15.786
  -7.187 -15.806 -15.806
  -7.180 -15.689 -15.841
  -7.173 -15.514 -15.709
  -7.166 -15.741 -15.741
  -7.159 -14.907 -15.060
  -7.153 -15.564 -15.564
  -7.146 -15.974 -15.974
  -7.140 -15.161 -15.589
  -7.133 -15.748 -15.748
  -7.127 -15.867 -15.867
  -7.121 -15.896 -15.896
  -7.115 -15.153 -15.862
  -7.109 -15.625 -15.625
  -7.103 -15.859 -15.859
  -7.098 -15.642 -15.932
  -7.092 -15.470 -15.684
  -7.086 -15.753 -15.907
  -7.081 -15.715 -15.715
  -7.075 -15.720 -15.720
  -7.070 -15.703 -15.703
  -7.064 -15.887 -15.887
  -7.059 -15.663 -15.835
  -7.054 -14.928 -15.860
  -7.049 -16.403 -16.403
  -7.043 -15.851 -15.851
  -7.038 -16.008 -16.189
  -7.033 -15.480 -15.973
  -7.029 -15.756 -16.247
  -7.024 -15.743 -15.743
  -7.019 -16.095 -16.095
  -7.014 -15.368 -15.651
  -7.009 -15.852 -15.852
  -7.005 -15.978 -16.155
  -7.000 -15.962 -16.273
  -6.995 -15.696 -16.110
  -6.991 -15.918 -16.137
  -6.986 -15.886 -16.065
  -6.982 -16.094 -16.094
  -6.978 -15.571 -15.946
  -6.973 -15.919 -15.919
  -6.969 -16.197 -16.568
  -6.965 -15.934 -16.171
  -6.961 -16.289 -16.465
  -6.956 -15.840 -16.184
  -6.952 -16.318 -16.524
  -6.948 -16.161 -16.367
  -6.944 -16.389 -16.859
  -6.940 -15.502 -15.811
  -6.936 -16.387 -16.861
  -6.932 -16.258 -16.258
  -6.928 -15.900 -15.900
  -6.924 -16.165 -16.165
  -6.920 -16.233 -16.233
  -6.917 -15.264 -16.369
  -6.913 -15.977 -15.977
  -6.909 -16.136 -16.297
  -6.905 -15.627 -15.860
  -6.902 -16.466 -16.466
  -6.898 -15.957 -16.128
  -6.894 -16.483 -16.645
  -6.891 -15.881 -16.342
  -6.887 -16.146 -16.497
  -6.884 -16.586 -16.940
  -6.880 -16.231 -16.526
  -6.877 -16.374 -16.374
  -6.873 -15.253 -15.881
  -6.870 -16.355 -16.513
  -6.867 -16.474 -16.474
  -6.863 -15.941 -16.186
  -6.860 -49.500     NaN
  -6.857 -16.646 -16.646
  -6.853 -15.773 -17.133
  -6.850 -15.917 -16.377
  -6.847 -16.386 -16.386
  -6.844 -16.811 -17.270
  -6.840 -16.254 -16.430
  -6.837 -15.914 -16.176
  -6.834 -15.708 -15.708
  -6.831 -16.257 -16.599
  -6.828 -16.601 -17.016
  -6.825 -15.796 -16.095
  -6.822 -49.500     NaN
  -6.819 -16.492 -16.654
  -6.816 -16.402 -16.669
  -6.813 -16.606 -17.078
  -6.810 -15.866 -49.500
  -6.807 -14.959 -15.792
  -6.804 -16.290 -49.500
  -6.801 -16.319 -17.121
  -6.798 -49.500     NaN
  -6.795 -16.196 -49.500
  -6.792 -15.922 -16.238
  -6.789 -16.989 -49.500
  -6.787 -16.348 -16.840
  -6.784 -16.838 -49.500
  -6.781 -16.913 -49.500
  -6.778 -16.188 -16.496
  -6.775 -14.466 -15.904
  -6.773 -16.943 -49.500
  -6.770 -16.404 -16.599
  -6.767 -16.627 -49.500
  -6.765 -16.685 -16.959
  -6.762 -49.500     NaN
  -6.759 -15.198 -16.441
  -6.757 -15.994 -16.629
  -6.754 -16.612 -49.500
  -6.751 -49.500     NaN
  -6.749 -49.500 -49.500
  -6.746 -15.778 -49.500
  -6.744 -49.500     NaN
  -6.741 -15.554 -16.448
  -6.739 -16.311 -16.519
  -6.736 -16.144 -49.500
  -6.734 -49.500     NaN
  -6.731 -15.963 -16.648
  -6.729 -16.242 -16.714
  -6.726 -15.532 -49.500
  -6.724 -15.954 -16.912
  -6.721 -49.500     NaN
  -6.719 -49.500     NaN
  -6.717 -49.500 -49.500
  -6.714 -49.500     NaN
  -6.712 -16.236 -16.734
  -6.709 -49.500     NaN
  -6.707 -16.636 -49.500
  -6.705 -49.500     NaN
  -6.702 -15.478 -16.453
  -6.700 -16.584 -49.500
  -6.698 -16.050 -16.475
  -6.696 -49.500     NaN
  -6.693 -49.500     NaN
  -6.691 -16.374 -49.500
  -6.689 -49.500     NaN
  -6.687 -16.266 -49.500
  -6.684 -49.500 -49.500
  -6.682 -16.712 -16.712
  -6.680 -49.500 -49.500
  -6.678 -49.500     NaN
  -6.675 -49.500     NaN
  -6.673 -49.500 -49.500
  -6.671 -49.500     NaN
  -6.669 -49.500     NaN
  -6.667 -16.478 -16.668
  -6.665 -16.150 -16.150
  -6.663 -15.962 -16.228
  -6.661 -14.167 -17.044
  -6.658 -14.917 -49.500
  -6.656 -49.500 -49.500
  -6.654 -49.500 -49.500
  -6.652 -49.500     NaN
  -6.650 -15.633 -49.500
  -6.648 -16.228 -16.228
  -6.646 -16.270 -16.270
  -6.644 -49.500 -49.500
  -6.642 -16.044 -16.352
  -6.640 -15.329 -15.632
  -6.638 -49.500     NaN
  -6.636 -16.395 -16.395
  -6.634 -15.615 -15.615
  -6.632 -16.224 -16.709
  -6.630 -49.500 -49.500
  -6.628 -16.289 -49.500
  -6.626 -49.500     NaN
  -6.624 -49.500 -49.500
  -6.622 -16.170 -49.500
  -6.620 -49.500 -49.500
  -6.618 -49.500 -49.500
  -6.617 -16.347 -49.500
  -6.615 -49.500     NaN
  -6.613 -49.500     NaN
  -6.611 -49.500     NaN
  -6.609 -49.500 -49.500
  -6.607 -49.500     NaN
  -6.605 -16.237 -49.500
  -6.603 -49.500     NaN
  -6.602 -49.500 -49.500
  -6.600 -16.648 -49.500
  -6.598 -49.500     NaN
  -6.596 -49.500 -49.500
  -6.594 -16.510 -16.663
