  -8.861 -13.779 -13.779
  -8.599 -13.796 -13.796
  -8.442 -13.779 -13.779
  -8.329 -14.070 -14.070
  -8.239 -14.219 -14.219
  -8.166 -14.166 -14.166
  -8.103 -14.376 -14.376
  -8.048 -14.310 -14.310
  -7.999 -14.331 -14.331
  -7.955 -14.224 -14.224
  -7.916 -14.507 -14.507
  -7.879 -14.240 -14.240
  -7.846 -14.496 -14.496
  -7.815 -14.570 -14.570
  -7.786 -14.702 -14.702
  -7.758 -14.426 -14.426
  -7.733 -14.445 -14.445
  -7.709 -14.344 -14.344
  -7.686 -14.619 -14.619
  -7.664 -14.750 -14.750
  -7.643 -14.871 -14.871
  -7.624 -14.637 -14.637
  -7.605 -14.546 -14.815
  -7.586 -14.960 -14.960
  -7.569 -14.953 -14.953
  -7.552 -14.879 -14.879
  -7.536 -14.991 -14.991
  -7.521 -15.237 -15.237
  -7.506 -14.718 -14.718
  -7.491 -14.850 -15.067
  -7.477 -14.324 -14.518
  -7.464 -14.771 -15.322
  -7.451 -14.691 -15.101
  -7.438 -14.931 -14.931
  -7.425 -15.327 -15.327
  -7.413 -14.931 -15.226
  -7.401 -14.703 -15.115
  -7.390 -14.919 -15.073
  -7.379 -15.333 -15.333
  -7.368 -15.255 -15.255
  -7.357 -14.530 -15.297
  -7.347 -15.142 -15.142
  -7.337 -14.944 -15.278
  -7.327 -14.888 -15.542
  -7.317 -15.158 -15.158
  -7.308 -15.232 -15.232
  -7.299 -15.503 -15.503
  -7.290 -15.388 -15.388
  -7.281 -15.306 -15.306
  -7.272 -15.216 -15.429
  -7.264 -15.145 -15.321
  -7.255 -15.570 -15.570
  -7.247 -15.429 -15.429
  -7.239 -15.326 -15.326
  -7.231 -15.489 -15.744
  -7.223 -15.482 -15.482
  -7.216 -15.461 -15.764
  -7.208 -15.626 -15.626
  -7.201 -15.245 -15.245
  -7.194 -15.073 -15.681
  -7.187 -15.474 -15.474
  -7.180 -15.469 -15.626
  -7.173 -15.775 -15.775
  -7.166 -15.570 -15.731
  -7.159 -15.885 -15.885
  -7.153 -15.690 -15.690
  -7.146 -15.877 -15.877
  -7.140 -15.688 -15.688
  -7.133 -15.139 -15.139
  -7.127 -14.859 -15.528
  -7.121 -15.370 -15.370
  -7.115 -16.120 -16.120
  -7.109 -15.160 -15.910
  -7.103 -15.878 -15.878
  -7.098 -15.836 -15.836
  -7.092 -15.571 -15.733
  -7.086 -15.639 -15.639
  -7.081 -15.613 -15.913
  -7.075 -15.897 -16.118
  -7.070 -15.830 -15.830
  -7.064 -15.356 -15.864
  -7.059 -15.915 -15.915
  -7.054 -14.678 -15.452
  -7.049 -15.397 -15.665
  -7.043 -15.895 -15.895
  -7.038 -16.057 -16.226
  -7.033 -15.584 -15.735
  -7.029 -15.765 -15.765
  -7.024 -16.091 -16.301
  -7.019 -15.309 -15.699
  -7.014 -15.816 -15.993
  -7.009 -15.326 -15.556
  -7.005 -15.839 -15.839
  -7.000 -15.295 -15.910
  -6.995 -15.120 -16.308
  -6.991 -15.269 -16.040
  -6.986 -14.889 -16.345
  -6.982 -15.952 -15.952
  -6.978 -15.542 -15.869
  -6.973 -16.330 -16.570
  -6.969 -16.286 -16.286
  -6.965 -14.347 -15.465
  -6.961 -15.096 -16.244
  -6.956 -16.188 -16.451
  -6.952 -16.101 -16.374
  -6.948 -15.964 -16.238
  -6.944 -16.180 -16.361
  -6.940 -15.879 -16.399
  -6.936 -15.296 -16.110
  -6.932 -15.766 -16.111
  -6.928 -15.511 -16.507
  -6.924 -15.970 -16.154
  -6.920 -15.759 -15.919
  -6.917 -16.144 -16.144
  -6.913 -16.311 -16.649
  -6.909 -16.170 -16.569
  -6.905 -16.123 -16.123
  -6.902 -16.179 -16.179
  -6.898 -15.904 -16.120
  -6.894 -15.094 -16.070
  -6.891 -16.015 -16.246
  -6.887 -16.650 -17.093
  -6.884 -16.237 -16.526
  -6.880 -17.305 -49.500
  -6.877 -15.660 -16.104
  -6.873 -15.775 -15.775
  -6.870 -16.531 -16.902
  -6.867 -16.756 -16.908
  -6.863 -16.172 -16.480
  -6.860 -16.243 -16.243
  -6.857 -16.603 -16.888
  -6.853 -15.755 -16.430
  -6.850 -16.282 -17.065
  -6.847 -15.315 -49.500
  -6.844 -16.626 -16.843
  -6.840 -15.694 -16.133
  -6.837 -15.888 -16.961
  -6.834 -16.190 -16.405
  -6.831 -16.401 -16.674
  -6.828 -16.198 -16.675
  -6.825 -16.583 -16.745
  -6.822 -14.837 -15.842
  -6.819 -15.747 -16.596
  -6.816 -16.505 -49.500
  -6.813 -16.263 -16.462
  -6.810 -49.500     NaN
  -6.807 -15.930 -16.364
  -6.804 -16.428 -16.713
  -6.801 -16.762 -49.500
  -6.798 -16.569 -49.500
  -6.795 -16.482 -49.500
  -6.792 -16.686 -49.500
  -6.789 -16.157 -16.516
  -6.787 -15.698 -49.500
  -6.784 -16.884 -49.500
  -6.781 -15.541 -17.057
  -6.778 -15.968 -16.292
  -6.775 -16.742 -49.500
  -6.773 -16.661 -16.900
  -6.770 -16.298 -49.500
  -6.767 -16.123 -16.633
  -6.765 -16.647 -17.305
  -6.762 -15.840 -16.511
  -6.759 -49.500     NaN
  -6.757 -49.500     NaN
  -6.754 -16.432 -49.500
  -6.751 -16.452 -49.500
  -6.749 -49.500     NaN
  -6.746 -16.857 -17.208
  -6.744 -49.500     NaN
  -6.741 -16.052 -49.500
  -6.739 -16.128 -16.756
  -6.736 -16.638 -49.500
  -6.734 -49.500     NaN
  -6.731 -16.888 -49.500
  -6.729 -49.500 -49.500
  -6.726 -15.972 -15.972
  -6.724 -49.500     NaN
  -6.721 -16.794 -49.500
  -6.719 -16.761 -49.500
  -6.717 -49.500     NaN
  -6.714 -16.932 -49.500
  -6.712 -15.520 -16.543
  -6.709 -16.143 -16.143
  -6.707 -49.500     NaN
  -6.705 -16.885 -17.253
  -6.702 -16.517 -49.500
  -6.700 -49.500 -49.500
  -6.698 -15.853 -15.853
  -6.696 -49.500     NaN
  -6.693 -49.500 -49.500
  -6.691 -49.500     NaN
  -6.689 -16.281 -16.787
  -6.687 -49.500 -49.500
  -6.684 -49.500     NaN
  -6.682 -49.500     NaN
  -6.680 -17.143 -49.500
  -6.678 -49.500     NaN
  -6.675 -49.500 -49.500
  -6.673 -16.651 -49.500
  -6.671 -16.150 -16.362
  -6.669 -15.759 -16.265
  -6.667 -15.992 -49.500
  -6.665 -15.460 -15.460
  -6.663 -49.500 -49.500
  -6.661 -16.147 -16.586
  -6.658 -16.737 -49.500
  -6.656 -49.500 -49.500
  -6.654 -16.051 -16.702
  -6.652 -16.680 -49.500
  -6.650 -49.500 -49.500
  -6.648 -49.500 -49.500
  -6.646 -49.500     NaN
  -6.644 -16.237 -49.500
  -6.642 -49.500 -49.500
  -6.640 -49.500     NaN
  -6.638 -49.500 -49.500
  -6.636 -15.999 -16.271
  -6.634 -49.500 -49.500
  -6.632 -49.500     NaN
  -6.630 -15.612 -49.500
  -6.628 -49.500     NaN
  -6.626 -49.500 -49.500
  -6.624 -16.508 -16.508
  -6.622 -49.500 -49.500
  -6.620 -49.500 -49.500
  -6.618 -49.500 -49.500
  -6.617 -16.327 -49.500
  -6.615 -16.832 -49.500
  -6.613 -16.533 -16.533
  -6.611 -49.500 -49.500
  -6.609 -49.500     NaN
  -6.607 -49.500 -49.500
  -6.605 -49.500     NaN
  -6.603 -16.088 -16.088
  -6.602 -49.500     NaN
  -6.600 -49.500     NaN
  -6.598 -49.500 -49.500
  -6.596 -49.500 -49.500
  -6.594 -16.538 -49.500
