  -8.861 -13.785 -13.785
  -8.599 -13.897 -13.897
  -8.442 -13.976 -13.976
  -8.329 -14.110 -14.110
  -8.239 -14.158 -14.158
  -8.166 -13.705 -14.193
  -8.103 -14.095 -14.095
  -8.048 -14.340 -14.340
  -7.999 -14.360 -14.360
  -7.955 -13.876 -14.313
  -7.916 -14.455 -14.455
  -7.879 -14.526 -14.526
  -7.846 -14.416 -14.416
  -7.815 -14.223 -14.223
  -7.786 -14.229 -14.611
  -7.758 -14.560 -14.560
  -7.733 -14.674 -14.674
  -7.709 -14.694 -14.694
  -7.686 -14.869 -14.869
  -7.664 -14.369 -14.369
  -7.643 -14.761 -14.761
  -7.624 -14.322 -14.935
  -7.605 -14.808 -15.054
  -7.586 -14.581 -14.846
  -7.569 -14.915 -14.915
  -7.552 -14.496 -14.911
  -7.536 -14.670 -14.670
  -7.521 -14.629 -14.880
  -7.506 -15.199 -15.199
  -7.491 -15.045 -15.239
  -7.477 -14.550 -14.751
  -7.464 -14.975 -14.975
  -7.451 -15.023 -15.177
  -7.438 -14.935 -15.211
  -7.425 -14.837 -15.217
  -7.413 -14.985 -14.985
  -7.401 -15.291 -15.291
  -7.390 -14.019 -15.073
  -7.379 -15.317 -15.317
  -7.368 -15.081 -15.081
  -7.357 -14.664 -14.814
  -7.347 -14.509 -14.825
  -7.337 -15.272 -15.272
  -7.327 -15.136 -15.136
  -7.317 -15.419 -15.419
  -7.308 -14.305 -15.194
  -7.299 -15.353 -15.522
  -7.290 -14.789 -15.074
  -7.281 -15.097 -15.440
  -7.272 -15.404 -15.754
  -7.264 -14.898 -15.078
  -7.255 -15.225 -15.225
  -7.247 -15.266 -15.482
  -7.239 -15.154 -15.380
  -7.231 -15.730 -15.730
  -7.223 -15.488 -15.488
  -7.216 -15.058 -15.058
  -7.208 -14.787 -15.177
  -7.201 -15.484 -15.756
  -7.194 -14.416 -14.970
  -7.187 -15.495 -15.731
  -7.180 -14.472 -15.450
  -7.173 -15.568 -15.568
  -7.166 -15.437 -16.008
  -7.159 -14.750 -14.971
  -7.153 -15.492 -15.966
  -7.146 -15.862 -15.862
  -7.140 -15.476 -15.476
  -7.133 -15.712 -15.712
  -7.127 -14.520 -15.676
  -7.121 -15.202 -15.602
  -7.115 -15.896 -16.084
  -7.109 -15.184 -15.432
  -7.103 -15.677 -15.677
  -7.098 -15.578 -15.578
  -7.092 -15.910 -15.910
  -7.086 -15.035 -15.734
  -7.081 -16.092 -16.290
  -7.075 -15.545 -15.545
  -7.070 -15.856 -15.856
  -7.064 -15.404 -15.833
  -7.059 -16.317 -16.317
  -7.054 -16.029 -16.202
  -7.049 -15.470 -16.067
  -7.043 -15.813 -15.813
  -7.038 -15.896 -16.084
  -7.033 -15.685 -16.161
  -7.029 -15.533 -15.533
  -7.024 -15.770 -15.941
  -7.019 -15.939 -15.939
  -7.014 -15.413 -16.229
  -7.009 -15.968 -16.160
  -7.005 -15.121 -15.349
  -7.000 -15.965 -15.965
  -6.995 -15.358 -16.112
  -6.991 -15.701 -16.006
  -6.986 -14.678 -15.908
  -6.982 -15.839 -16.000
  -6.978 -16.306 -16.539
  -6.973 -15.747 -15.747
  -6.969 -15.337 -16.209
  -6.965 -16.194 -16.759
  -6.961 -15.464 -15.679
  -6.956 -15.650 -15.843
  -6.952 -15.867 -16.058
  -6.948 -15.236 -16.395
  -6.944 -16.148 -16.148
  -6.940 -16.018 -16.177
  -6.936 -15.719 -16.020
  -6.932 -15.728 -16.144
  -6.928 -16.028 -16.205
  -6.924 -16.426 -16.667
  -6.920 -16.318 -16.475
  -6.917 -15.681 -16.193
  -6.913 -16.972 -16.972
  -6.909 -16.031 -16.330
  -6.905 -16.596 -16.596
  -6.902 -16.544 -17.044
  -6.898 -16.035 -16.297
  -6.894 -15.456 -15.998
  -6.891 -16.111 -16.111
  -6.887 -16.935 -17.317
  -6.884 -15.545 -16.773
  -6.880 -16.158 -16.390
  -6.877 -15.615 -16.312
  -6.873 -15.762 -16.352
  -6.870 -16.655 -49.500
  -6.867 -16.315 -16.822
  -6.863 -15.625 -16.204
  -6.860 -16.311 -16.501
  -6.857 -15.985 -16.207
  -6.853 -16.545 -16.897
  -6.850 -15.838 -16.297
  -6.847 -16.157 -16.643
  -6.844 -17.483 -49.500
  -6.840 -16.387 -49.500
  -6.837 -16.168 -16.701
  -6.834 -16.934 -49.500
  -6.831 -16.710 -16.930
  -6.828 -15.771 -16.549
  -6.825 -15.671 -16.004
  -6.822 -16.714 -49.500
  -6.819 -16.524 -16.869
  -6.816 -16.311 -49.500
  -6.813 -49.500     NaN
  -6.810 -16.498 -17.120
  -6.807 -49.500     NaN
  -6.804 -17.076 -49.500
  -6.801 -49.500     NaN
  -6.798 -16.381 -16.713
  -6.795 -15.801 -15.801
  -6.792 -15.883 -16.605
  -6.789 -15.976 -16.725
  -6.787 -15.735 -16.406
  -6.784 -16.591 -16.853
  -6.781 -16.350 -49.500
  -6.778 -16.460 -49.500
  -6.775 -16.178 -49.500
  -6.773 -16.559 -17.158
  -6.770 -49.500     NaN
  -6.767 -16.893 -49.500
  -6.765 -16.396 -49.500
  -6.762 -14.875 -14.875
  -6.759 -16.648 -49.500
  -6.757 -16.398 -16.823
  -6.754 -16.676 -17.107
  -6.751 -15.822 -16.365
  -6.749 -15.874 -16.426
  -6.746 -15.977 -16.306
  -6.744 -16.788 -49.500
  -6.741 -16.162 -49.500
  -6.739 -16.335 -49.500
  -6.736 -49.500     NaN
  -6.734 -15.725 -16.368
  -6.731 -49.500 -49.500
  -6.729 -16.141 -16.141
  -6.726 -15.749 -49.500
  -6.724 -49.500     NaN
  -6.721 -49.500     NaN
  -6.719 -49.500     NaN
  -6.717 -49.500 -49.500
  -6.714 -16.878 -16.878
  -6.712 -16.056 -16.286
  -6.709 -16.503 -16.768
  -6.707 -49.500     NaN
  -6.705 -49.500     NaN
  -6.702 -49.500     NaN
  -6.700 -16.403 -16.740
  -6.698 -15.755 -15.755
  -6.696 -49.500     NaN
  -6.693 -16.221 -16.949
  -6.691 -16.165 -49.500
  -6.689 -15.974 -16.229
  -6.687 -16.209 -16.661
  -6.684 -16.683 -16.912
  -6.682 -49.500     NaN
  -6.680 -16.171 -16.376
  -6.678 -16.298 -49.500
  -6.675 -49.500 -49.500
  -6.673 -17.045 -49.500
  -6.671 -16.270 -49.500
  -6.669 -49.500 -49.500
  -6.667 -49.500 -49.500
  -6.665 -49.500 -49.500
  -6.663 -49.500     NaN
  -6.661 -49.500 -49.500
  -6.658 -49.500 -49.500
  -6.656 -15.111 -15.111
  -6.654 -49.500     NaN
  -6.652 -49.500     NaN
  -6.650 -16.345 -16.753
  -6.648 -16.411 -49.500
  -6.646 -49.500     NaN
  -6.644 -16.938 -49.500
  -6.642 -49.500     NaN
  -6.640 -16.521 -49.500
  -6.638 -49.500 -49.500
  -6.636 -16.453 -49.500
  -6.634 -49.500     NaN
  -6.632 -16.258 -16.258
  -6.630 -49.500     NaN
  -6.628 -16.368 -49.500
  -6.626 -16.186 -49.500
  -6.624 -49.500 -49.500
  -6.622 -49.500 -49.500
  -6.620 -49.500     NaN
  -6.618 -49.500 -49.500
  -6.617 -49.500 -49.500
  -6.615 -49.500     NaN
  -6.613 -16.623 -49.500
  -6.611 -49.500 -49.500
  -6.609 -49.500     NaN
  -6.607 -49.500 -49.500
  -6.605 -49.500 -49.500
  -6.603 -15.956 -49.500
  -6.602 -49.500 -49.500
  -6.600 -16.666 -16.983
  -6.598 -49.500     NaN
  -6.596 -49.500     NaN
  -6.594 -49.500 -49.500
