  -8.861 -13.763 -13.763
  -8.599 -13.793 -13.793
  -8.442 -13.901 -13.901
  -8.329 -14.111 -14.111
  -8.239 -14.119 -14.119
  -8.166 -14.172 -14.172
  -8.103 -14.136 -14.136
  -8.048 -14.374 -14.374
  -7.999 -14.272 -14.272
  -7.955 -14.512 -14.512
  -7.916 -14.479 -14.479
  -7.879 -14.431 -14.431
  -7.846 -14.380 -14.380
  -7.815 -14.500 -14.500
  -7.786 -14.484 -14.484
  -7.758 -14.614 -14.614
  -7.733 -14.718 -14.718
  -7.709 -14.504 -14.504
  -7.686 -14.701 -14.701
  -7.664 -14.782 -14.782
  -7.643 -14.861 -14.861
  -7.624 -14.479 -14.712
  -7.605 -14.733 -15.034
  -7.586 -14.392 -14.999
  -7.569 -14.834 -14.834
  -7.552 -14.963 -14.963
  -7.536 -14.786 -14.786
  -7.521 -14.951 -14.951
  -7.506 -14.859 -15.136
  -7.491 -14.885 -14.885
  -7.477 -14.315 -14.956
  -7.464 -14.787 -14.988
  -7.451 -14.978 -15.192
  -7.438 -14.996 -15.166
  -7.425 -15.114 -15.114
  -7.413 -15.048 -15.336
  -7.401 -15.280 -15.280
  -7.390 -14.884 -15.384
  -7.379 -15.171 -15.171
  -7.368 -15.104 -15.104
  -7.357 -14.645 -15.297
  -7.347 -14.349 -14.662
  -7.337 -14.774 -15.222
  -7.327 -14.826 -15.267
  -7.317 -15.240 -15.240
  -7.308 -15.472 -15.472
  -7.299 -15.195 -15.537
  -7.290 -15.309 -15.464
  -7.281 -15.322 -15.322
  -7.272 -15.450 -15.450
  -7.264 -14.792 -15.433
  -7.255 -15.498 -15.498
  -7.247 -15.108 -15.325
  -7.239 -14.500 -15.772
  -7.231 -15.312 -15.312
  -7.223 -15.612 -15.612
  -7.216 -15.730 -15.886
  -7.208 -14.842 -15.441
  -7.201 -15.749 -15.749
  -7.194 -15.505 -15.839
  -7.187 -15.640 -15.640
  -7.180 -15.504 -15.730
  -7.173 -15.714 -15.714
  -7.166 -15.306 -15.488
  -7.159 -15.316 -15.561
  -7.153 -14.954 -16.095
  -7.146 -15.934 -15.934
  -7.140 -14.547 -14.547
  -7.133 -15.374 -15.608
  -7.127 -15.975 -15.975
  -7.121 -15.336 -16.011
  -7.115 -15.213 -15.920
  -7.109 -15.471 -15.471
  -7.103 -15.920 -15.920
  -7.098 -15.715 -16.070
  -7.092 -15.627 -15.796
  -7.086 -15.426 -16.016
  -7.081 -15.281 -16.016
  -7.075 -15.326 -15.934
  -7.070 -15.436 -15.850
  -7.064 -15.288 -16.145
  -7.059 -14.029 -14.613
  -7.054 -15.436 -16.156
  -7.049 -15.508 -15.704
  -7.043 -16.267 -16.267
  -7.038 -15.420 -15.630
  -7.033 -15.927 -15.927
  -7.029 -16.340 -16.669
  -7.024 -15.872 -15.872
  -7.019 -15.743 -15.939
  -7.014 -16.366 -16.366
  -7.009 -15.304 -15.520
  -7.005 -16.015 -16.188
  -7.000 -15.644 -16.051
  -6.995 -15.189 -16.489
  -6.991 -16.103 -16.335
  -6.986 -15.530 -15.530
  -6.982 -15.596 -15.888
  -6.978 -15.390 -16.058
  -6.973 -16.150 -16.150
  -6.969 -15.913 -15.913
  -6.965 -16.057 -16.745
  -6.961 -16.422 -16.422
  -6.956 -15.468 -16.847
  -6.952 -16.161 -16.342
  -6.948 -16.134 -16.452
  -6.944 -16.512 -16.692
  -6.940 -16.023 -16.885
  -6.936 -15.028 -16.338
  -6.932 -16.704 -16.924
  -6.928 -14.758 -15.079
  -6.924 -15.325 -15.492
  -6.920 -17.101 -21.043
  -6.917 -15.966 -16.405
  -6.913 -16.281 -16.281
  -6.909 -15.684 -15.684
  -6.905 -16.282 -16.486
  -6.902 -16.740 -16.940
  -6.898 -16.062 -16.333
  -6.894 -15.919 -16.302
  -6.891 -16.189 -16.394
  -6.887 -16.559 -16.786
  -6.884 -15.586 -17.086
  -6.880 -15.990 -16.471
  -6.877 -16.529 -16.780
  -6.873 -16.177 -16.428
  -6.870 -16.242 -16.711
  -6.867 -16.413 -16.717
  -6.863 -16.162 -16.440
  -6.860 -15.873 -16.214
  -6.857 -16.309 -16.526
  -6.853 -16.440 -16.440
  -6.850 -16.582 -17.028
  -6.847 -16.234 -17.357
  -6.844 -16.069 -16.401
  -6.840 -16.124 -16.858
  -6.837 -17.307 -49.500
  -6.834 -49.500     NaN
  -6.831 -15.932 -16.531
  -6.828 -16.848 -49.500
  -6.825 -14.680 -16.589
  -6.822 -16.001 -16.239
  -6.819 -14.440 -16.065
  -6.816 -16.266 -16.712
  -6.813 -16.933 -17.104
  -6.810 -16.678 -16.867
  -6.807 -16.742 -49.500
  -6.804 -16.026 -16.444
  -6.801 -15.836 -16.097
  -6.798 -15.895 -16.412
  -6.795 -15.368 -16.170
  -6.792 -49.500     NaN
  -6.789 -17.075 -49.500
  -6.787 -15.998 -16.187
  -6.784 -17.003 -49.500
  -6.781 -15.921 -16.795
  -6.778 -15.690 -15.988
  -6.775 -16.785 -49.500
  -6.773 -16.935 -49.500
  -6.770 -15.842 -16.131
  -6.767 -16.806 -49.500
  -6.765 -49.500     NaN
  -6.762 -16.234 -49.500
  -6.759 -16.907 -49.500
  -6.757 -15.862 -16.357
  -6.754 -49.500     NaN
  -6.751 -16.340 -49.500
  -6.749 -16.106 -49.500
  -6.746 -49.500     NaN
  -6.744 -49.500     NaN
  -6.741 -15.708 -16.385
  -6.739 -16.851 -49.500
  -6.736 -15.395 -16.174
  -6.734 -49.500 -49.500
  -6.731 -16.816 -16.816
  -6.729 -16.361 -49.500
  -6.726 -49.500     NaN
  -6.724 -15.714 -16.707
  -6.721 -49.500     NaN
  -6.719 -16.532 -49.500
  -6.717 -49.500     NaN
  -6.714 -49.500     NaN
  -6.712 -49.500 -49.500
  -6.709 -16.725 -49.500
  -6.707 -49.500     NaN
  -6.705 -16.216 -16.470
  -6.702 -15.537 -49.500
  -6.700 -49.500     NaN
  -6.698 -16.887 -49.500
  -6.696 -16.388 -49.500
  -6.693 -49.500     NaN
  -6.691 -16.593 -49.500
  -6.689 -49.500     NaN
  -6.687 -49.500 -49.500
  -6.684 -17.134 -17.134
  -6.682 -16.786 -16.786
  -6.680 -49.500     NaN
  -6.678 -16.829 -49.500
  -6.675 -49.500 -49.500
  -6.673 -49.500     NaN
  -6.671 -16.179 -16.431
  -6.669 -16.283 -49.500
  -6.667 -49.500 -49.500
  -6.665 -15.459 -49.500
  -6.663 -16.195 -49.500
  -6.661 -49.500     NaN
  -6.658 -49.500 -49.500
  -6.656 -16.243 -49.500
  -6.654 -49.500     NaN
  -6.652 -49.500 -49.500
  -6.650 -49.500 -49.500
  -6.648 -49.500 -49.500
  -6.646 -16.047 -16.047
  -6.644 -16.062 -16.062
  -6.642 -49.500 -49.500
  -6.640 -16.154 -49.500
  -6.638 -16.348 -49.500
  -6.636 -49.500     NaN
  -6.634 -16.832 -49.500
  -6.632 -49.500 -49.500
  -6.630 -16.302 -16.668
  -6.628 -49.500     NaN
  -6.626 -49.500     NaN
  -6.624 -49.500     NaN
  -6.622 -49.500 -49.500
  -6.620 -14.784 -49.500
  -6.618 -16.049 -16.447
  -6.617 -49.500     NaN
  -6.615 -16.467 -49.500
  -6.613 -49.500     NaN
  -6.611 -17.077 -49.500
  -6.609 -16.724 -16.724
  -6.607 -16.989 -49.500
  -6.605 -16.066 -49.500
  -6.603 -49.500 -49.500
  -6.602 -16.214 -16.467
  -6.600 -49.500 -49.500
  -6.598 -49.500 -49.500
  -6.596 -49.500     NaN
  -6.594 -16.101 -49.500
