  -8.861 -13.742 -13.742
  -8.599 -13.882 -13.882
  -8.442 -13.890 -13.890
  -8.329 -14.154 -14.154
  -8.239 -14.204 -14.204
  -8.166 -14.112 -14.112
  -8.103 -14.225 -14.225
  -8.048 -14.454 -14.454
  -7.999 -14.324 -14.324
  -7.955 -14.502 -14.502
  -7.916 -14.254 -14.254
  -7.879 -14.416 -14.416
  -7.846 -14.579 -14.579
  -7.815 -14.650 -14.650
  -7.786 -14.493 -14.493
  -7.758 -14.635 -14.635
  -7.733 -14.224 -14.635
  -7.709 -14.771 -14.771
  -7.686 -14.666 -14.666
  -7.664 -14.647 -14.647
  -7.643 -14.597 -14.597
  -7.624 -14.453 -15.069
  -7.605 -14.690 -14.690
  -7.586 -14.633 -14.633
  -7.569 -14.394 -14.550
  -7.552 -15.003 -15.003
  -7.536 -14.991 -14.991
  -7.521 -14.764 -14.941
  -7.506 -14.279 -15.314
  -7.491 -14.479 -14.711
  -7.477 -15.107 -15.107
  -7.464 -14.329 -15.247
  -7.451 -14.979 -14.979
  -7.438 -15.171 -15.171
  -7.425 -14.822 -15.069
  -7.413 -14.635 -14.961
  -7.401 -15.472 -15.472
  -7.390 -15.084 -15.084
  -7.379 -15.230 -15.230
  -7.368 -15.103 -15.103
  -7.357 -15.201 -15.201
  -7.347 -14.976 -15.146
  -7.337 -14.779 -15.276
  -7.327 -15.281 -15.433
  -7.317 -15.532 -15.532
  -7.308 -14.636 -15.169
  -7.299 -15.342 -15.512
  -7.290 -14.871 -15.029
  -7.281 -15.211 -15.211
  -7.272 -14.933 -15.297
  -7.264 -15.493 -15.493
  -7.255 -15.484 -15.484
  -7.247 -14.880 -15.284
  -7.239 -15.118 -15.295
  -7.231 -15.655 -15.655
  -7.223 -15.501 -15.501
  -7.216 -15.469 -15.758
  -7.208 -15.200 -15.200
  -7.201 -15.136 -15.806
  -7.194 -14.712 -14.943
  -7.187 -15.364 -15.364
  -7.180 -15.526 -15.526
  -7.173 -14.748 -15.295
  -7.166 -15.584 -15.886
  -7.159 -15.259 -15.640
  -7.153 -15.739 -15.897
  -7.146 -15.469 -15.638
  -7.140 -15.660 -15.660
  -7.133 -15.717 -15.717
  -7.127 -15.262 -15.730
  -7.121 -15.462 -15.928
  -7.115 -15.724 -15.896
  -7.109 -15.680 -15.962
  -7.103 -15.726 -15.726
  -7.098 -15.198 -15.660
  -7.092 -15.542 -15.949
  -7.086 -15.914 -15.914
  -7.081 -15.917 -16.186
  -7.075 -16.170 -16.424
  -7.070 -15.936 -16.237
  -7.064 -15.360 -16.035
  -7.059 -15.897 -16.081
  -7.054 -16.008 -16.008
  -7.049 -15.658 -15.846
  -7.043 -15.654 -15.932
  -7.038 -15.891 -16.246
  -7.033 -15.911 -15.911
  -7.029 -15.146 -16.038
  -7.024 -15.884 -16.046
  -7.019 -15.627 -16.262
  -7.014 -14.582 -16.105
  -7.009 -15.942 -15.942
  -7.005 -16.353 -16.353
  -7.000 -15.820 -16.136
  -6.995 -15.814 -16.330
  -6.991 -15.899 -15.899
  -6.986 -16.355 -16.516
  -6.982 -15.344 -15.989
  -6.978 -15.997 -16.211
  -6.973 -16.197 -16.197
  -6.969 -16.485 -16.485
  -6.965 -15.839 -16.082
  -6.961 -15.684 -16.268
  -6.956 -16.257 -16.257
  -6.952 -16.235 -16.235
  -6.948 -16.309 -16.309
  -6.944 -15.117 -15.402
  -6.940 -15.343 -16.094
  -6.936 -15.361 -16.056
  -6.932 -15.527 -16.405
  -6.928 -16.445 -16.734
  -6.924 -15.503 -15.709
  -6.920 -15.280 -15.856
  -6.917 -15.428 -15.790
  -6.913 -16.044 -16.044
  -6.909 -16.314 -49.500
  -6.905 -15.502 -16.095
  -6.902 -15.399 -16.099
  -6.898 -14.345 -16.316
  -6.894 -16.135 -16.828
  -6.891 -16.454 -16.873
  -6.887 -16.140 -16.313
  -6.884 -16.291 -16.753
  -6.880 -15.180 -16.094
  -6.877 -16.384 -16.384
  -6.873 -15.985 -16.469
  -6.870 -16.081 -16.081
  -6.867 -16.059 -16.059
  -6.863 -15.261 -16.331
  -6.860 -49.500     NaN
  -6.857 -16.443 -16.443
  -6.853 -16.807 -17.242
  -6.850 -15.582 -15.924
  -6.847 -16.199 -17.375
  -6.844 -16.377 -16.532
  -6.840 -16.086 -16.337
  -6.837 -16.294 -16.478
  -6.834 -16.115 -49.500
  -6.831 -16.220 -17.178
  -6.828 -15.065 -16.055
  -6.825 -15.236 -15.869
  -6.822 -16.316 -49.500
  -6.819 -16.088 -16.719
  -6.816 -16.952 -49.500
  -6.813 -16.761 -17.075
  -6.810 -16.658 -16.970
  -6.807 -49.500     NaN
  -6.804 -16.788 -49.500
  -6.801 -15.853 -16.780
  -6.798 -15.949 -16.146
  -6.795 -16.185 -17.089
  -6.792 -49.500     NaN
  -6.789 -16.962 -49.500
  -6.787 -16.124 -16.372
  -6.784 -16.050 -16.632
  -6.781 -16.291 -49.500
  -6.778 -15.966 -16.319
  -6.775 -49.500     NaN
  -6.773 -16.042 -16.225
  -6.770 -17.005 -49.500
  -6.767 -15.835 -16.059
  -6.765 -16.341 -16.693
  -6.762 -49.500 -49.500
  -6.759 -16.164 -16.380
  -6.757 -16.619 -49.500
  -6.754 -49.500 -49.500
  -6.751 -49.500     NaN
  -6.749 -49.500     NaN
  -6.746 -16.035 -16.628
  -6.744 -49.500     NaN
  -6.741 -17.296 -49.500
  -6.739 -49.500     NaN
  -6.736 -16.673 -49.500
  -6.734 -16.306 -16.606
  -6.731 -16.496 -16.675
  -6.729 -15.948 -16.819
  -6.726 -16.667 -49.500
  -6.724 -16.031 -49.500
  -6.721 -16.250 -49.500
  -6.719 -49.500     NaN
  -6.717 -16.303 -16.595
  -6.714 -16.883 -17.078
  -6.712 -16.399 -16.399
  -6.709 -15.061 -49.500
  -6.707 -15.835 -15.835
  -6.705 -16.569 -49.500
  -6.702 -49.500     NaN
  -6.700 -49.500     NaN
  -6.698 -16.627 -49.500
  -6.696 -49.500 -49.500
  -6.693 -16.017 -16.221
  -6.691 -49.500 -49.500
  -6.689 -16.552 -49.500
  -6.687 -17.129 -17.129
  -6.684 -16.782 -49.500
  -6.682 -15.817 -15.817
  -6.680 -16.088 -49.500
  -6.678 -49.500 -49.500
  -6.675 -16.115 -16.664
  -6.673 -16.853 -49.500
  -6.671 -15.913 -49.500
  -6.669 -49.500     NaN
  -6.667 -49.500 -49.500
  -6.665 -14.540 -14.540
  -6.663 -49.500 -49.500
  -6.661 -15.956 -49.500
  -6.658 -49.500     NaN
  -6.656 -16.336 -49.500
  -6.654 -15.979 -15.979
  -6.652 -49.500     NaN
  -6.650 -15.999 -16.477
  -6.648 -15.606 -49.500
  -6.646 -16.663 -49.500
  -6.644 -15.969 -16.944
  -6.642 -49.500 -49.500
  -6.640 -49.500 -49.500
  -6.638 -16.030 -16.418
  -6.636 -49.500 -49.500
  -6.634 -49.500 -49.500
  -6.632 -49.500     NaN
  -6.630 -16.037 -49.500
  -6.628 -16.310 -16.468
  -6.626 -49.500 -49.500
  -6.624 -14.691 -49.500
  -6.622 -15.946 -49.500
  -6.620 -49.500     NaN
  -6.618 -49.500 -49.500
  -6.617 -49.500 -49.500
  -6.615 -49.500     NaN
  -6.613 -49.500 -49.500
  -6.611 -49.500 -49.500
  -6.609 -49.500 -49.500
  -6.607 -49.500 -49.500
  -6.605 -49.500 -49.500
  -6.603 -49.500     NaN
  -6.602 -16.103 -16.103
  -6.600 -49.500 -49.500
  -6.598 -16.306 -17.042
  -6.596 -49.500 -49.500
  -6.594 -49.500 -49.500
