  -8.861 -13.751 -13.751
  -8.599 -13.848 -13.848
  -8.442 -13.998 -13.998
  -8.329 -13.922 -13.922
  -8.239 -13.981 -13.981
  -8.166 -14.172 -14.172
  -8.103 -14.225 -14.225
  -8.048 -14.186 -14.186
  -7.999 -14.002 -14.388
  -7.955 -14.503 -14.503
  -7.916 -14.360 -14.360
  -7.879 -14.358 -14.358
  -7.846 -14.318 -14.528
  -7.815 -14.247 -14.568
  -7.786 -14.556 -14.556
  -7.758 -14.385 -14.594
  -7.733 -14.611 -14.611
  -7.709 -14.548 -14.735
  -7.686 -14.577 -14.577
  -7.664 -14.531 -14.853
  -7.643 -14.846 -14.846
  -7.624 -14.699 -14.955
  -7.605 -14.723 -14.723
  -7.586 -14.993 -14.993
  -7.569 -14.435 -14.859
  -7.552 -14.535 -15.153
  -7.536 -14.648 -14.959
  -7.521 -14.788 -14.788
  -7.506 -14.800 -15.075
  -7.491 -14.780 -15.045
  -7.477 -15.102 -15.102
  -7.464 -14.983 -14.983
  -7.451 -15.016 -15.016
  -7.438 -15.246 -15.246
  -7.425 -14.852 -15.119
  -7.413 -15.158 -15.158
  -7.401 -14.584 -14.796
  -7.390 -15.144 -15.144
  -7.379 -15.078 -15.078
  -7.368 -14.576 -15.154
  -7.357 -15.010 -15.309
  -7.347 -15.217 -15.426
  -7.337 -15.234 -15.517
  -7.327 -15.306 -15.482
  -7.317 -15.149 -15.448
  -7.308 -15.270 -15.467
  -7.299 -15.388 -15.649
  -7.290 -15.534 -15.534
  -7.281 -14.987 -15.188
  -7.272 -15.233 -15.233
  -7.264 -15.379 -15.608
  -7.255 -15.241 -15.445
  -7.247 -15.221 -15.400
  -7.239 -15.639 -15.639
  -7.231 -15.651 -15.978
  -7.223 -15.363 -15.363
  -7.216 -15.198 -15.559
  -7.208 -15.263 -15.263
  -7.201 -14.272 -15.134
  -7.194 -15.309 -15.309
  -7.187 -15.622 -15.794
  -7.180 -15.448 -15.448
  -7.173 -15.392 -15.717
  -7.166 -15.316 -15.627
  -7.159 -15.377 -15.786
  -7.153 -15.715 -15.715
  -7.146 -15.489 -15.868
  -7.140 -15.734 -15.734
  -7.133 -14.977 -15.563
  -7.127 -15.507 -15.923
  -7.121 -15.624 -15.624
  -7.115 -14.728 -15.699
  -7.109 -15.852 -15.852
  -7.103 -15.771 -15.942
  -7.098 -15.644 -16.063
  -7.092 -15.406 -15.643
  -7.086 -15.775 -15.946
  -7.081 -15.287 -15.803
  -7.075 -15.288 -15.508
  -7.070 -15.330 -15.602
  -7.064 -15.167 -15.826
  -7.059 -15.049 -15.573
  -7.054 -15.715 -15.715
  -7.049 -15.738 -15.919
  -7.043 -15.201 -15.865
  -7.038 -15.906 -16.175
  -7.033 -16.136 -16.136
  -7.029 -16.144 -16.330
  -7.024 -15.470 -15.470
  -7.019 -14.843 -16.003
  -7.014 -15.164 -15.884
  -7.009 -15.775 -15.775
  -7.005 -16.172 -16.172
  -7.000 -15.834 -16.208
  -6.995 -15.049 -15.211
  -6.991 -15.595 -15.891
  -6.986 -16.233 -16.233
  -6.982 -14.667 -15.213
  -6.978 -15.950 -15.950
  -6.973 -15.966 -16.188
  -6.969 -15.476 -16.292
  -6.965 -15.619 -16.361
  -6.961 -15.327 -16.269
  -6.956 -16.084 -16.307
  -6.952 -16.013 -16.013
  -6.948 -15.673 -16.141
  -6.944 -16.167 -16.167
  -6.940 -16.065 -16.349
  -6.936 -15.818 -16.027
  -6.932 -15.899 -16.300
  -6.928 -15.510 -15.844
  -6.924 -15.508 -15.712
  -6.920 -15.688 -15.688
  -6.917 -15.651 -16.037
  -6.913 -16.193 -16.435
  -6.909 -15.601 -15.902
  -6.905 -49.500     NaN
  -6.902 -15.834 -16.580
  -6.898 -15.912 -49.500
  -6.894 -16.085 -17.068
  -6.891 -16.304 -49.500
  -6.887 -15.169 -16.401
  -6.884 -15.354 -15.771
  -6.880 -15.999 -16.221
  -6.877 -16.798 -17.047
  -6.873 -16.292 -16.292
  -6.870 -16.208 -16.208
  -6.867 -15.875 -16.224
  -6.863 -15.732 -16.221
  -6.860 -49.500     NaN
  -6.857 -16.189 -16.460
  -6.853 -49.500     NaN
  -6.850 -15.465 -16.503
  -6.847 -16.330 -16.901
  -6.844 -15.866 -16.706
  -6.840 -16.520 -16.677
  -6.837 -16.841 -17.151
  -6.834 -49.500     NaN
  -6.831 -16.077 -16.077
  -6.828 -16.586 -49.500
  -6.825 -15.294 -16.421
  -6.822 -16.435 -16.589
  -6.819 -15.488 -16.404
  -6.816 -15.936 -16.388
  -6.813 -49.500     NaN
  -6.810 -16.579 -49.500
  -6.807 -17.131 -49.500
  -6.804 -16.264 -16.477
  -6.801 -16.920 -49.500
  -6.798 -15.987 -49.500
  -6.795 -16.077 -16.444
  -6.792 -16.650 -49.500
  -6.789 -16.002 -16.180
  -6.787 -16.279 -16.491
  -6.784 -16.809 -17.189
  -6.781 -16.293 -16.839
  -6.778 -16.044 -49.500
  -6.775 -15.289 -15.930
  -6.773 -49.500     NaN
  -6.770 -49.500     NaN
  -6.767 -49.500 -49.500
  -6.765 -49.500     NaN
  -6.762 -49.500     NaN
  -6.759 -16.778 -49.500
  -6.757 -16.689 -17.021
  -6.754 -16.755 -17.018
  -6.751 -15.976 -49.500
  -6.749 -15.361 -15.993
  -6.746 -16.471 -16.785
  -6.744 -15.640 -49.500
  -6.741 -49.500     NaN
  -6.739 -15.970 -16.201
  -6.736 -16.694 -16.694
  -6.734 -49.500     NaN
  -6.731 -15.783 -49.500
  -6.729 -15.721 -16.107
  -6.726 -15.647 -16.940
  -6.724 -16.253 -16.601
  -6.721 -14.976 -14.976
  -6.719 -15.594 -16.741
  -6.717 -49.500 -49.500
  -6.714 -15.601 -16.901
  -6.712 -16.826 -49.500
  -6.709 -16.567 -49.500
  -6.707 -16.286 -49.500
  -6.705 -49.500 -49.500
  -6.702 -16.150 -17.051
  -6.700 -16.534 -49.500
  -6.698 -15.694 -16.646
  -6.696 -49.500     NaN
  -6.693 -49.500 -49.500
  -6.691 -16.653 -49.500
  -6.689 -49.500 -49.500
  -6.687 -49.500     NaN
  -6.684 -49.500     NaN
  -6.682 -49.500     NaN
  -6.680 -49.500 -49.500
  -6.678 -16.392 -16.629
  -6.675 -16.335 -16.681
  -6.673 -16.383 -16.577
  -6.671 -49.500     NaN
  -6.669 -49.500     NaN
  -6.667 -16.296 -16.296
  -6.665 -49.500     NaN
  -6.663 -15.485 -16.365
  -6.661 -15.948 -15.948
  -6.658 -16.410 -16.577
  -6.656 -49.500 -49.500
  -6.654 -49.500     NaN
  -6.652 -49.500 -49.500
  -6.650 -49.500     NaN
  -6.648 -16.019 -49.500
  -6.646 -49.500 -49.500
  -6.644 -16.566 -49.500
  -6.642 -16.328 -49.500
  -6.640 -49.500     NaN
  -6.638 -49.500 -49.500
  -6.636 -15.894 -49.500
  -6.634 -49.500 -49.500
  -6.632 -16.426 -49.500
  -6.630 -49.500     NaN
  -6.628 -49.500 -49.500
  -6.626 -49.500 -49.500
  -6.624 -49.500 -49.500
  -6.622 -49.500 -49.500
  -6.620 -16.382 -49.500
  -6.618 -49.500     NaN
  -6.617 -49.500 -49.500
  -6.615 -16.994 -49.500
  -6.613 -49.500     NaN
  -6.611 -49.500     NaN
  -6.609 -49.500 -49.500
  -6.607 -49.500     NaN
  -6.605 -49.500 -49.500
  -6.603 -49.500     NaN
  -6.602 -49.500 -49.500
  -6.600 -49.500 -49.500
  -6.598 -49.500 -49.500
  -6.596 -49.500     NaN
  -6.594 -16.291 -16.530
