  -8.861 -13.785 -13.785
  -8.599 -13.856 -13.856
  -8.442 -13.975 -13.975
  -8.329 -14.004 -14.004
  -8.239 -14.128 -14.128
  -8.166 -13.938 -13.938
  -8.103 -13.948 -14.136
  -8.048 -14.339 -14.339
  -7.999 -14.261 -14.261
  -7.955 -14.367 -14.367
  -7.916 -14.537 -14.537
  -7.879 -14.361 -14.579
  -7.846 -14.550 -14.550
  -7.815 -13.877 -14.078
  -7.786 -14.588 -14.588
  -7.758 -14.497 -14.684
  -7.733 -14.934 -14.934
  -7.709 -14.597 -14.597
  -7.686 -14.455 -14.733
  -7.664 -14.302 -14.453
  -7.643 -14.631 -14.631
  -7.624 -14.821 -14.821
  -7.605 -14.325 -14.325
  -7.586 -15.001 -15.001
  -7.569 -14.792 -14.792
  -7.552 -14.889 -14.889
  -7.536 -14.953 -14.953
  -7.521 -15.097 -15.097
  -7.506 -14.841 -14.841
  -7.491 -14.906 -14.906
  -7.477 -15.025 -15.025
  -7.464 -14.848 -15.000
  -7.451 -15.121 -15.121
  -7.438 -15.014 -15.014
  -7.425 -14.952 -14.952
  -7.413 -15.038 -15.038
  -7.401 -14.927 -15.416
  -7.390 -15.232 -15.232
  -7.379 -15.363 -15.363
  -7.368 -14.844 -14.844
  -7.357 -15.256 -15.256
  -7.347 -14.471 -15.012
  -7.337 -14.759 -15.003
  -7.327 -15.077 -15.266
  -7.317 -15.375 -15.375
  -7.308 -14.962 -15.440
  -7.299 -14.557 -15.162
  -7.290 -14.408 -14.646
  -7.281 -15.283 -15.283
  -7.272 -15.490 -15.490
  -7.264 -15.163 -15.677
  -7.255 -15.474 -15.474
  -7.247 -15.042 -15.363
  -7.239 -14.600 -15.439
  -7.231 -14.611 -15.299
  -7.223 -15.656 -15.656
  -7.216 -15.305 -15.305
  -7.208 -15.548 -15.548
  -7.201 -15.448 -15.805
  -7.194 -15.500 -15.500
  -7.187 -15.567 -15.783
  -7.180 -15.456 -15.813
  -7.173 -15.765 -15.765
  -7.166 -15.276 -15.454
  -7.159 -15.865 -15.865
  -7.153 -15.121 -15.644
  -7.146 -15.807 -15.807
  -7.140 -15.968 -15.968
  -7.133 -15.527 -15.885
  -7.127 -15.077 -15.669
  -7.121 -13.844 -15.615
  -7.115 -15.982 -15.982
  -7.109 -15.211 -15.211
  -7.103 -14.941 -15.829
  -7.098 -15.750 -16.035
  -7.092 -15.711 -15.711
  -7.086 -15.807 -15.807
  -7.081 -15.626 -15.804
  -7.075 -15.437 -15.616
  -7.070 -15.344 -16.174
  -7.064 -15.557 -15.936
  -7.059 -15.306 -15.306
  -7.054 -15.199 -16.179
  -7.049 -15.911 -15.911
  -7.043 -15.602 -15.818
  -7.038 -15.973 -16.125
  -7.033 -15.821 -16.129
  -7.029 -15.735 -16.021
  -7.024 -15.551 -15.839
  -7.019 -15.861 -16.271
  -7.014 -15.489 -15.641
  -7.009 -15.546 -16.189
  -7.005 -15.634 -15.891
  -7.000 -16.022 -16.407
  -6.995 -15.570 -16.083
  -6.991 -15.686 -15.856
  -6.986 -15.526 -15.526
  -6.982 -15.842 -16.298
  -6.978 -16.173 -16.332
  -6.973 -15.283 -15.283
  -6.969 -15.648 -15.804
  -6.965 -16.075 -16.075
  -6.961 -14.970 -15.125
  -6.956 -16.399 -16.399
  -6.952 -15.047 -15.261
  -6.948 -15.304 -16.278
  -6.944 -16.347 -16.915
  -6.940 -16.085 -16.308
  -6.936 -15.848 -16.153
  -6.932 -16.306 -16.539
  -6.928 -16.564 -16.564
  -6.924 -15.219 -16.295
  -6.920 -15.785 -15.785
  -6.917 -16.429 -17.238
  -6.913 -16.110 -16.110
  -6.909 -14.926 -15.463
  -6.905 -16.369 -16.703
  -6.902 -15.605 -16.164
  -6.898 -15.149 -16.081
  -6.894 -16.706 -16.958
  -6.891 -15.992 -16.507
  -6.887 -15.794 -16.113
  -6.884 -16.011 -16.280
  -6.880 -15.784 -15.784
  -6.877 -15.662 -15.892
  -6.873 -16.624 -16.922
  -6.870 -16.820 -17.107
  -6.867 -16.356 -16.677
  -6.863 -15.324 -15.755
  -6.860 -15.258 -16.555
  -6.857 -14.766 -16.464
  -6.853 -16.009 -16.755
  -6.850 -16.058 -16.327
  -6.847 -15.856 -16.024
  -6.844 -16.355 -16.574
  -6.840 -16.177 -49.500
  -6.837 -16.460 -16.792
  -6.834 -15.844 -16.472
  -6.831 -14.942 -16.717
  -6.828 -16.039 -16.632
  -6.825 -16.487 -16.925
  -6.822 -15.678 -16.051
  -6.819 -49.500     NaN
  -6.816 -15.655 -16.214
  -6.813 -16.054 -16.263
  -6.810 -16.332 -16.506
  -6.807 -16.761 -17.030
  -6.804 -49.500     NaN
  -6.801 -15.727 -16.049
  -6.798 -16.025 -16.560
  -6.795 -16.024 -49.500
  -6.792 -16.001 -16.690
  -6.789 -16.276 -17.190
  -6.787 -16.172 -16.475
  -6.784 -49.500     NaN
  -6.781 -16.698 -49.500
  -6.778 -16.050 -16.291
  -6.775 -49.500     NaN
  -6.773 -16.587 -16.901
  -6.770 -16.096 -16.248
  -6.767 -15.924 -15.924
  -6.765 -14.983 -16.471
  -6.762 -16.646 -16.808
  -6.759 -49.500     NaN
  -6.757 -16.544 -49.500
  -6.754 -16.363 -16.672
  -6.751 -49.500 -49.500
  -6.749 -49.500     NaN
  -6.746 -16.502 -17.047
  -6.744 -16.466 -16.466
  -6.741 -16.264 -17.201
  -6.739 -49.500     NaN
  -6.736 -15.887 -49.500
  -6.734 -16.465 -16.790
  -6.731 -16.501 -49.500
  -6.729 -15.997 -49.500
  -6.726 -49.500     NaN
  -6.724 -15.445 -16.375
  -6.721 -14.735 -49.500
  -6.719 -15.427 -49.500
  -6.717 -16.457 -17.242
  -6.714 -16.443 -49.500
  -6.712 -15.757 -16.029
  -6.709 -49.500     NaN
  -6.707 -49.500 -49.500
  -6.705 -16.263 -49.500
  -6.702 -16.379 -49.500
  -6.700 -16.443 -49.500
  -6.698 -16.212 -16.212
  -6.696 -16.240 -16.457
  -6.693 -15.973 -49.500
  -6.691 -49.500     NaN
  -6.689 -49.500     NaN
  -6.687 -49.500     NaN
  -6.684 -16.334 -16.627
  -6.682 -49.500     NaN
  -6.680 -16.545 -16.867
  -6.678 -49.500 -49.500
  -6.675 -49.500 -49.500
  -6.673 -16.597 -49.500
  -6.671 -49.500     NaN
  -6.669 -15.872 -15.872
  -6.667 -16.871 -49.500
  -6.665 -49.500     NaN
  -6.663 -16.571 -49.500
  -6.661 -16.641 -16.641
  -6.658 -49.500     NaN
  -6.656 -49.500     NaN
  -6.654 -16.572 -49.500
  -6.652 -16.440 -49.500
  -6.650 -49.500 -49.500
  -6.648 -15.339 -15.906
  -6.646 -16.111 -49.500
  -6.644 -49.500     NaN
  -6.642 -17.034 -49.500
  -6.640 -49.500 -49.500
  -6.638 -49.500     NaN
  -6.636 -16.411 -49.500
  -6.634 -16.022 -16.251
  -6.632 -15.836 -15.836
  -6.630 -15.255 -49.500
  -6.628 -49.500 -49.500
  -6.626 -49.500 -49.500
  -6.624 -49.500     NaN
  -6.622 -49.500 -49.500
  -6.620 -49.500 -49.500
  -6.618 -49.500     NaN
  -6.617 -49.500     NaN
  -6.615 -49.500 -49.500
  -6.613 -16.109 -49.500
  -6.611 -49.500 -49.500
  -6.609 -49.500 -49.500
  -6.607 -16.903 -16.903
  -6.605 -49.500 -49.500
  -6.603 -49.500 -49.500
  -6.602 -49.500 -49.500
  -6.600 -49.500 -49.500
  -6.598 -49.500 -49.500
  -6.596 -49.500 -49.500
  -6.594 -16.925 -16.925
