  -8.861 -13.776 -13.776
  -8.599 -13.872 -13.872
  -8.442 -13.974 -13.974
  -8.329 -14.028 -14.028
  -8.239 -14.147 -14.147
  -8.166 -14.126 -14.126
  -8.103 -14.178 -14.178
  -8.048 -14.269 -14.269
  -7.999 -14.291 -14.291
  -7.955 -14.410 -14.410
  -7.916 -14.206 -14.394
  -7.879 -14.152 -14.152
  -7.846 -14.626 -14.626
  -7.815 -14.439 -14.439
  -7.786 -14.460 -14.621
  -7.758 -14.493 -14.681
  -7.733 -14.539 -14.824
  -7.709 -14.613 -14.613
  -7.686 -14.493 -14.493
  -7.664 -14.780 -14.780
  -7.643 -14.381 -14.858
  -7.624 -14.812 -14.812
  -7.605 -14.584 -14.918
  -7.586 -14.827 -14.827
  -7.569 -14.703 -14.703
  -7.552 -14.885 -14.885
  -7.536 -15.015 -15.015
  -7.521 -14.870 -14.870
  -7.506 -15.070 -15.070
  -7.491 -15.135 -15.135
  -7.477 -14.902 -14.902
  -7.464 -15.128 -15.128
  -7.451 -15.082 -15.082
  -7.438 -15.044 -15.044
  -7.425 -15.056 -15.056
  -7.413 -15.298 -15.298
  -7.401 -15.075 -15.075
  -7.390 -15.132 -15.132
  -7.379 -15.305 -15.305
  -7.368 -15.283 -15.283
  -7.357 -15.256 -15.256
  -7.347 -15.313 -15.313
  -7.337 -14.641 -14.641
  -7.327 -15.406 -15.406
  -7.317 -15.322 -15.322
  -7.308 -15.450 -15.635
  -7.299 -15.189 -15.189
  -7.290 -15.416 -15.416
  -7.281 -15.647 -15.647
  -7.272 -15.489 -15.489
  -7.264 -15.164 -15.519
  -7.255 -15.023 -15.542
  -7.247 -15.589 -15.589
  -7.239 -14.751 -15.167
  -7.231 -15.204 -15.439
  -7.223 -15.813 -15.813
  -7.216 -14.663 -15.790
  -7.208 -15.317 -15.317
  -7.201 -15.049 -15.688
  -7.194 -15.758 -15.758
  -7.187 -15.647 -15.647
  -7.180 -15.540 -15.540
  -7.173 -15.815 -15.815
  -7.166 -15.676 -15.869
  -7.159 -15.669 -15.840
  -7.153 -15.550 -15.840
  -7.146 -15.625 -15.625
  -7.140 -15.644 -15.810
  -7.133 -15.893 -15.893
  -7.127 -15.574 -15.982
  -7.121 -15.667 -15.667
  -7.115 -15.568 -15.773
  -7.109 -15.159 -15.612
  -7.103 -15.594 -15.594
  -7.098 -14.385 -15.411
  -7.092 -15.106 -15.388
  -7.086 -15.207 -15.373
  -7.081 -15.873 -16.063
  -7.075 -15.891 -15.891
  -7.070 -15.792 -15.792
  -7.064 -15.728 -15.728
  -7.059 -15.965 -15.965
  -7.054 -16.072 -16.321
  -7.049 -15.699 -15.699
  -7.043 -15.291 -15.523
  -7.038 -15.915 -16.264
  -7.033 -15.829 -16.058
  -7.029 -16.118 -16.118
  -7.024 -15.764 -15.764
  -7.019 -15.414 -15.414
  -7.014 -16.136 -16.136
  -7.009 -15.854 -16.117
  -7.005 -16.074 -16.074
  -7.000 -16.150 -16.150
  -6.995 -14.648 -16.277
  -6.991 -14.220 -16.374
  -6.986 -15.231 -15.991
  -6.982 -15.419 -15.814
  -6.978 -15.895 -16.124
  -6.973 -15.842 -15.842
  -6.969 -15.469 -15.986
  -6.965 -15.928 -16.528
  -6.961 -15.215 -16.093
  -6.956 -16.321 -16.321
  -6.952 -15.938 -16.116
  -6.948 -15.962 -16.231
  -6.944 -15.266 -15.458
  -6.940 -15.905 -16.094
  -6.936 -16.385 -16.385
  -6.932 -16.423 -16.628
  -6.928 -15.857 -16.090
  -6.924 -15.715 -16.596
  -6.920 -16.109 -16.263
  -6.917 -16.349 -16.349
  -6.913 -16.211 -16.424
  -6.909 -16.017 -16.176
  -6.905 -16.070 -16.523
  -6.902 -15.362 -15.572
  -6.898 -16.733 -16.733
  -6.894 -16.032 -16.032
  -6.891 -16.801 -49.500
  -6.887 -16.220 -16.392
  -6.884 -15.959 -16.297
  -6.880 -16.212 -16.369
  -6.877 -15.920 -16.147
  -6.873 -16.244 -16.244
  -6.870 -15.779 -16.961
  -6.867 -15.925 -16.296
  -6.863 -15.660 -16.950
  -6.860 -16.533 -16.710
  -6.857 -15.646 -15.993
  -6.853 -16.634 -49.500
  -6.850 -15.645 -16.526
  -6.847 -16.715 -49.500
  -6.844 -15.563 -16.812
  -6.840 -16.600 -49.500
  -6.837 -15.832 -15.832
  -6.834 -16.373 -16.549
  -6.831 -16.360 -16.756
  -6.828 -16.260 -49.500
  -6.825 -15.791 -15.791
  -6.822 -49.500     NaN
  -6.819 -16.091 -17.024
  -6.816 -15.808 -16.023
  -6.813 -16.455 -16.682
  -6.810 -49.500     NaN
  -6.807 -16.468 -16.854
  -6.804 -16.099 -16.099
  -6.801 -49.500     NaN
  -6.798 -15.651 -15.915
  -6.795 -15.908 -16.101
  -6.792 -49.500     NaN
  -6.789 -16.966 -49.500
  -6.787 -49.500     NaN
  -6.784 -16.104 -16.447
  -6.781 -15.963 -15.963
  -6.778 -17.039 -49.500
  -6.775 -16.361 -16.361
  -6.773 -15.410 -49.500
  -6.770 -17.110 -49.500
  -6.767 -16.862 -49.500
  -6.765 -49.500     NaN
  -6.762 -16.894 -49.500
  -6.759 -16.498 -49.500
  -6.757 -49.500 -49.500
  -6.754 -49.500     NaN
  -6.751 -16.410 -16.727
  -6.749 -15.714 -16.577
  -6.746 -16.153 -16.905
  -6.744 -15.789 -16.035
  -6.741 -16.938 -49.500
  -6.739 -16.708 -49.500
  -6.736 -16.716 -16.716
  -6.734 -49.500     NaN
  -6.731 -49.500     NaN
  -6.729 -49.500     NaN
  -6.726 -49.500     NaN
  -6.724 -49.500 -49.500
  -6.721 -49.500     NaN
  -6.719 -49.500     NaN
  -6.717 -16.047 -17.231
  -6.714 -49.500 -49.500
  -6.712 -15.647 -16.466
  -6.709 -16.329 -16.803
  -6.707 -49.500     NaN
  -6.705 -15.861 -16.110
  -6.702 -49.500 -49.500
  -6.700 -16.365 -49.500
  -6.698 -15.901 -16.939
  -6.696 -49.500     NaN
  -6.693 -49.500 -49.500
  -6.691 -16.920 -17.243
  -6.689 -16.335 -49.500
  -6.687 -16.142 -49.500
  -6.684 -16.874 -49.500
  -6.682 -15.777 -17.002
  -6.680 -15.995 -15.995
  -6.678 -49.500     NaN
  -6.675 -49.500 -49.500
  -6.673 -49.500 -49.500
  -6.671 -15.988 -16.344
  -6.669 -49.500     NaN
  -6.667 -49.500     NaN
  -6.665 -15.325 -15.325
  -6.663 -49.500     NaN
  -6.661 -49.500     NaN
  -6.658 -49.500     NaN
  -6.656 -49.500     NaN
  -6.654 -49.500     NaN
  -6.652 -16.519 -49.500
  -6.650 -16.317 -16.317
  -6.648 -49.500 -49.500
  -6.646 -49.500 -49.500
  -6.644 -15.919 -15.919
  -6.642 -49.500 -49.500
  -6.640 -49.500     NaN
  -6.638 -16.058 -16.058
  -6.636 -49.500     NaN
  -6.634 -49.500     NaN
  -6.632 -16.542 -49.500
  -6.630 -49.500     NaN
  -6.628 -49.500 -49.500
  -6.626 -16.516 -16.812
  -6.624 -49.500     NaN
  -6.622 -49.500     NaN
  -6.620 -49.500     NaN
  -6.618 -16.939 -49.500
  -6.617 -15.058 -49.500
  -6.615 -16.714 -49.500
  -6.613 -49.500 -49.500
  -6.611 -49.500     NaN
  -6.609 -49.500     NaN
  -6.607 -16.452 -16.452
  -6.605 -15.999 -15.999
  -6.603 -15.844 -16.157
  -6.602 -49.500 -49.500
  -6.600 -49.500     NaN
  -6.598 -49.500     NaN
  -6.596 -16.376 -49.500
  -6.594 -49.500 -49.500
