  -8.861 -13.786 -13.786
  -8.599 -13.919 -13.919
  -8.442 -13.977 -13.977
  -8.329 -14.087 -14.087
  -8.239 -14.062 -14.062
  -8.166 -14.250 -14.250
  -8.103 -14.101 -14.101
  -8.048 -13.481 -14.281
  -7.999 -14.094 -14.272
  -7.955 -14.326 -14.326
  -7.916 -14.457 -14.457
  -7.879 -14.115 -14.387
  -7.846 -14.046 -14.526
  -7.815 -14.301 -14.517
  -7.786 -14.420 -14.682
  -7.758 -14.512 -14.512
  -7.733 -14.645 -14.645
  -7.709 -14.746 -14.746
  -7.686 -14.687 -14.687
  -7.664 -14.854 -14.854
  -7.643 -14.446 -14.615
  -7.624 -14.778 -14.778
  -7.605 -14.442 -14.906
  -7.586 -14.587 -14.777
  -7.569 -14.494 -14.903
  -7.552 -14.571 -14.770
  -7.536 -14.930 -14.930
  -7.521 -14.358 -14.972
  -7.506 -14.850 -14.850
  -7.491 -14.717 -14.962
  -7.477 -15.084 -15.084
  -7.464 -15.186 -15.186
  -7.451 -15.096 -15.096
  -7.438 -14.824 -15.077
  -7.425 -14.844 -14.844
  -7.413 -15.185 -15.185
  -7.401 -15.086 -15.086
  -7.390 -15.144 -15.144
  -7.379 -14.788 -14.984
  -7.368 -15.290 -15.290
  -7.357 -15.016 -15.197
  -7.347 -15.149 -15.513
  -7.337 -14.696 -15.158
  -7.327 -14.715 -15.444
  -7.317 -15.521 -15.521
  -7.308 -15.238 -15.238
  -7.299 -14.919 -14.919
  -7.290 -14.730 -14.925
  -7.281 -14.916 -15.461
  -7.272 -14.898 -15.245
  -7.264 -15.176 -15.657
  -7.255 -15.590 -15.775
  -7.247 -15.151 -15.316
  -7.239 -14.882 -15.434
  -7.231 -15.189 -15.495
  -7.223 -15.665 -15.665
  -7.216 -14.971 -14.971
  -7.208 -15.139 -15.476
  -7.201 -15.513 -15.513
  -7.194 -15.120 -15.120
  -7.187 -15.084 -15.322
  -7.180 -15.491 -15.491
  -7.173 -15.259 -15.834
  -7.166 -15.552 -15.743
  -7.159 -14.427 -15.234
  -7.153 -15.861 -15.861
  -7.146 -15.731 -15.731
  -7.140 -14.916 -15.690
  -7.133 -15.914 -15.914
  -7.127 -15.593 -15.593
  -7.121 -15.484 -15.712
  -7.115 -15.503 -15.910
  -7.109 -15.773 -15.773
  -7.103 -14.743 -15.838
  -7.098 -15.089 -15.755
  -7.092 -15.192 -15.192
  -7.086 -15.701 -15.701
  -7.081 -15.514 -15.721
  -7.075 -15.557 -16.000
  -7.070 -15.907 -15.907
  -7.064 -14.983 -15.652
  -7.059 -16.002 -16.002
  -7.054 -15.523 -15.523
  -7.049 -16.156 -16.156
  -7.043 -15.298 -15.631
  -7.038 -16.258 -16.522
  -7.033 -15.364 -15.870
  -7.029 -15.522 -16.007
  -7.024 -15.578 -15.766
  -7.019 -15.443 -15.749
  -7.014 -16.014 -16.619
  -7.009 -15.959 -15.959
  -7.005 -15.357 -16.019
  -7.000 -15.043 -15.573
  -6.995 -15.921 -15.921
  -6.991 -15.459 -16.149
  -6.986 -15.879 -16.432
  -6.982 -15.336 -16.018
  -6.978 -16.143 -16.143
  -6.973 -15.822 -16.114
  -6.969 -15.655 -16.159
  -6.965 -15.403 -15.951
  -6.961 -16.011 -16.439
  -6.956 -15.721 -15.916
  -6.952 -16.285 -16.285
  -6.948 -15.597 -15.931
  -6.944 -15.113 -15.813
  -6.940 -15.752 -16.008
  -6.936 -15.851 -16.190
  -6.932 -16.136 -16.345
  -6.928 -14.913 -16.506
  -6.924 -16.490 -16.719
  -6.920 -23.217 -23.217
  -6.917 -15.939 -16.099
  -6.913 -15.811 -16.227
  -6.909 -16.134 -16.599
  -6.905 -16.761 -17.053
  -6.902 -16.477 -16.477
  -6.898 -16.999 -16.999
  -6.894 -15.873 -16.028
  -6.891 -15.657 -15.863
  -6.887 -16.492 -16.492
  -6.884 -15.451 -16.771
  -6.880 -16.178 -16.715
  -6.877 -16.491 -16.491
  -6.873 -16.333 -16.528
  -6.870 -16.241 -16.422
  -6.867 -16.784 -16.945
  -6.863 -16.125 -16.415
  -6.860 -16.295 -17.360
  -6.857 -15.523 -16.557
  -6.853 -16.582 -16.837
  -6.850 -15.576 -16.418
  -6.847 -16.869 -17.148
  -6.844 -16.279 -49.500
  -6.840 -16.667 -49.500
  -6.837 -16.352 -16.754
  -6.834 -16.185 -49.500
  -6.831 -15.996 -16.179
  -6.828 -49.500     NaN
  -6.825 -15.862 -16.033
  -6.822 -16.533 -49.500
  -6.819 -16.234 -16.406
  -6.816 -16.324 -49.500
  -6.813 -17.170 -49.500
  -6.810 -16.278 -16.278
  -6.807 -49.500     NaN
  -6.804 -15.294 -16.225
  -6.801 -15.832 -16.336
  -6.798 -49.500     NaN
  -6.795 -16.624 -49.500
  -6.792 -14.726 -16.850
  -6.789 -16.321 -16.549
  -6.787 -16.808 -49.500
  -6.784 -49.500     NaN
  -6.781 -16.924 -49.500
  -6.778 -49.500 -49.500
  -6.775 -49.500     NaN
  -6.773 -49.500     NaN
  -6.770 -17.025 -49.500
  -6.767 -16.063 -49.500
  -6.765 -16.350 -16.350
  -6.762 -16.301 -16.301
  -6.759 -16.454 -49.500
  -6.757 -16.587 -16.821
  -6.754 -16.531 -49.500
  -6.751 -16.621 -16.621
  -6.749 -49.500     NaN
  -6.746 -16.466 -49.500
  -6.744 -16.546 -49.500
  -6.741 -16.073 -49.500
  -6.739 -49.500     NaN
  -6.736 -16.806 -49.500
  -6.734 -16.171 -16.946
  -6.731 -16.630 -49.500
  -6.729 -16.413 -49.500
  -6.726 -16.419 -16.419
  -6.724 -16.601 -49.500
  -6.721 -15.744 -49.500
  -6.719 -49.500     NaN
  -6.717 -49.500 -49.500
  -6.714 -16.367 -16.585
  -6.712 -15.724 -16.194
  -6.709 -16.674 -49.500
  -6.707 -49.500     NaN
  -6.705 -17.061 -49.500
  -6.702 -17.056 -49.500
  -6.700 -16.118 -16.537
  -6.698 -16.659 -49.500
  -6.696 -49.500 -49.500
  -6.693 -16.803 -49.500
  -6.691 -49.500 -49.500
  -6.689 -16.144 -49.500
  -6.687 -49.500     NaN
  -6.684 -16.847 -49.500
  -6.682 -15.976 -49.500
  -6.680 -49.500 -49.500
  -6.678 -16.378 -49.500
  -6.675 -16.561 -16.721
  -6.673 -49.500     NaN
  -6.671 -16.275 -49.500
  -6.669 -49.500     NaN
  -6.667 -16.549 -16.847
  -6.665 -17.128 -49.500
  -6.663 -16.323 -16.576
  -6.661 -49.500 -49.500
  -6.658 -49.500 -49.500
  -6.656 -16.629 -16.629
  -6.654 -15.226 -16.549
  -6.652 -16.355 -16.519
  -6.650 -49.500 -49.500
  -6.648 -16.176 -49.500
  -6.646 -16.576 -16.576
  -6.644 -16.580 -16.580
  -6.642 -15.718 -49.500
  -6.640 -15.952 -49.500
  -6.638 -15.659 -49.500
  -6.636 -49.500     NaN
  -6.634 -16.515 -49.500
  -6.632 -16.401 -49.500
  -6.630 -49.500 -49.500
  -6.628 -16.348 -49.500
  -6.626 -16.007 -16.523
  -6.624 -49.500 -49.500
  -6.622 -16.424 -16.720
  -6.620 -16.957 -49.500
  -6.618 -49.500 -49.500
  -6.617 -49.500 -49.500
  -6.615 -49.500 -49.500
  -6.613 -49.500 -49.500
  -6.611 -49.500 -49.500
  -6.609 -16.070 -49.500
  -6.607 -49.500 -49.500
  -6.605 -49.500 -49.500
  -6.603 -49.500 -49.500
  -6.602 -49.500 -49.500
  -6.600 -49.500 -49.500
  -6.598 -16.516 -49.500
  -6.596 -16.098 -16.812
  -6.594 -49.500 -49.500
