  -8.861 -13.757 -13.757
  -8.599 -13.910 -13.910
  -8.442 -13.973 -13.973
  -8.329 -14.082 -14.082
  -8.239 -14.155 -14.155
  -8.166 -14.237 -14.237
  -8.103 -14.167 -14.167
  -8.048 -14.335 -14.335
  -7.999 -14.290 -14.290
  -7.955 -14.343 -14.343
  -7.916 -14.330 -14.330
  -7.879 -14.590 -14.590
  -7.846 -14.686 -14.686
  -7.815 -14.615 -14.615
  -7.786 -14.404 -14.663
  -7.758 -14.536 -14.536
  -7.733 -14.695 -14.695
  -7.709 -14.622 -14.622
  -7.686 -14.549 -14.549
  -7.664 -14.806 -14.806
  -7.643 -14.582 -14.789
  -7.624 -14.963 -14.963
  -7.605 -14.954 -14.954
  -7.586 -14.465 -14.896
  -7.569 -14.251 -15.007
  -7.552 -14.765 -14.765
  -7.536 -15.153 -15.153
  -7.521 -14.729 -14.729
  -7.506 -14.950 -14.950
  -7.491 -14.588 -14.588
  -7.477 -15.183 -15.183
  -7.464 -14.579 -15.258
  -7.451 -15.041 -15.041
  -7.438 -14.820 -14.820
  -7.425 -15.045 -15.217
  -7.413 -15.102 -15.102
  -7.401 -15.015 -15.015
  -7.390 -14.782 -15.267
  -7.379 -15.102 -15.363
  -7.368 -15.299 -15.299
  -7.357 -14.485 -14.728
  -7.347 -14.589 -15.240
  -7.337 -14.731 -14.939
  -7.327 -15.426 -15.426
  -7.317 -14.944 -15.334
  -7.308 -14.616 -15.258
  -7.299 -15.239 -15.239
  -7.290 -15.001 -15.466
  -7.281 -15.220 -15.487
  -7.272 -15.164 -15.446
  -7.264 -15.407 -15.591
  -7.255 -15.259 -15.538
  -7.247 -15.505 -15.505
  -7.239 -15.486 -15.486
  -7.231 -15.455 -15.762
  -7.223 -14.541 -14.737
  -7.216 -15.942 -15.942
  -7.208 -15.226 -15.670
  -7.201 -15.606 -15.606
  -7.194 -15.708 -15.916
  -7.187 -16.064 -16.064
  -7.180 -15.374 -15.796
  -7.173 -15.558 -15.558
  -7.166 -15.368 -15.588
  -7.159 -15.796 -15.967
  -7.153 -14.429 -15.409
  -7.146 -15.338 -15.803
  -7.140 -15.809 -15.809
  -7.133 -15.166 -15.575
  -7.127 -15.230 -15.230
  -7.121 -15.079 -15.796
  -7.115 -15.568 -15.746
  -7.109 -15.543 -15.932
  -7.103 -15.794 -15.794
  -7.098 -15.838 -16.014
  -7.092 -15.851 -15.851
  -7.086 -15.044 -15.241
  -7.081 -15.782 -16.227
  -7.075 -14.441 -15.956
  -7.070 -15.124 -15.558
  -7.064 -15.925 -16.331
  -7.059 -15.341 -15.743
  -7.054 -15.733 -16.183
  -7.049 -15.402 -15.881
  -7.043 -14.780 -16.021
  -7.038 -15.606 -15.898
  -7.033 -15.419 -15.786
  -7.029 -15.268 -15.606
  -7.024 -15.754 -15.991
  -7.019 -15.896 -15.896
  -7.014 -15.733 -15.733
  -7.009 -14.932 -15.669
  -7.005 -15.753 -16.167
  -7.000 -16.037 -16.037
  -6.995 -16.432 -16.589
  -6.991 -15.383 -15.814
  -6.986 -16.259 -16.416
  -6.982 -16.064 -16.064
  -6.978 -16.049 -16.049
  -6.973 -15.836 -16.310
  -6.969 -15.246 -16.254
  -6.965 -15.657 -15.809
  -6.961 -16.513 -16.513
  -6.956 -16.111 -16.354
  -6.952 -15.553 -16.506
  -6.948 -15.365 -15.980
  -6.944 -15.959 -15.959
  -6.940 -16.306 -16.306
  -6.936 -16.073 -16.073
  -6.932 -15.219 -15.694
  -6.928 -16.304 -16.519
  -6.924 -16.068 -16.068
  -6.920 -16.152 -16.152
  -6.917 -16.684 -22.964
  -6.913 -16.163 -16.163
  -6.909 -16.309 -16.562
  -6.905 -15.953 -16.105
  -6.902 -16.130 -16.130
  -6.898 -17.053 -49.500
  -6.894 -15.618 -16.393
  -6.891 -16.559 -16.782
  -6.887 -15.137 -15.778
  -6.884 -15.263 -16.279
  -6.880 -16.784 -49.500
  -6.877 -15.963 -16.312
  -6.873 -16.341 -16.341
  -6.870 -15.350 -16.478
  -6.867 -16.342 -16.642
  -6.863 -16.110 -16.588
  -6.860 -16.699 -49.500
  -6.857 -16.541 -49.500
  -6.853 -16.498 -17.009
  -6.850 -16.514 -16.723
  -6.847 -15.338 -16.384
  -6.844 -49.500     NaN
  -6.840 -16.674 -49.500
  -6.837 -16.458 -17.337
  -6.834 -16.256 -16.256
  -6.831 -15.860 -16.257
  -6.828 -14.765 -15.983
  -6.825 -14.573 -16.529
  -6.822 -49.500     NaN
  -6.819 -15.905 -16.113
  -6.816 -15.842 -16.236
  -6.813 -15.175 -16.058
  -6.810 -16.008 -16.008
  -6.807 -16.121 -49.500
  -6.804 -16.220 -16.902
  -6.801 -15.535 -49.500
  -6.798 -15.842 -16.951
  -6.795 -49.500     NaN
  -6.792 -16.206 -16.711
  -6.789 -16.418 -49.500
  -6.787 -49.500     NaN
  -6.784 -15.166 -16.468
  -6.781 -16.354 -49.500
  -6.778 -15.781 -16.368
  -6.775 -16.361 -16.899
  -6.773 -16.622 -16.971
  -6.770 -16.398 -49.500
  -6.767 -16.564 -49.500
  -6.765 -16.568 -16.725
  -6.762 -16.810 -17.093
  -6.759 -49.500     NaN
  -6.757 -16.480 -16.903
  -6.754 -16.712 -49.500
  -6.751 -16.656 -49.500
  -6.749 -16.883 -49.500
  -6.746 -16.216 -16.504
  -6.744 -49.500 -49.500
  -6.741 -16.522 -49.500
  -6.739 -49.500     NaN
  -6.736 -15.276 -16.557
  -6.734 -16.497 -49.500
  -6.731 -16.763 -16.962
  -6.729 -49.500     NaN
  -6.726 -16.025 -16.025
  -6.724 -49.500     NaN
  -6.721 -16.318 -16.727
  -6.719 -16.283 -49.500
  -6.717 -15.514 -15.514
  -6.714 -49.500     NaN
  -6.712 -49.500     NaN
  -6.709 -16.518 -16.712
  -6.707 -49.500 -49.500
  -6.705 -49.500     NaN
  -6.702 -49.500     NaN
  -6.700 -16.590 -16.824
  -6.698 -15.809 -49.500
  -6.696 -49.500 -49.500
  -6.693 -49.500 -49.500
  -6.691 -16.808 -49.500
  -6.689 -49.500     NaN
  -6.687 -16.727 -49.500
  -6.684 -16.647 -49.500
  -6.682 -16.359 -49.500
  -6.680 -16.897 -49.500
  -6.678 -16.254 -16.254
  -6.675 -16.600 -49.500
  -6.673 -49.500 -49.500
  -6.671 -16.294 -49.500
  -6.669 -16.544 -49.500
  -6.667 -49.500     NaN
  -6.665 -49.500     NaN
  -6.663 -49.500     NaN
  -6.661 -49.500 -49.500
  -6.658 -49.500     NaN
  -6.656 -15.000 -49.500
  -6.654 -49.500 -49.500
  -6.652 -16.533 -49.500
  -6.650 -16.373 -16.593
  -6.648 -15.316 -49.500
  -6.646 -49.500     NaN
  -6.644 -49.500     NaN
  -6.642 -49.500 -49.500
  -6.640 -49.500     NaN
  -6.638 -49.500 -49.500
  -6.636 -49.500 -49.500
  -6.634 -16.118 -49.500
  -6.632 -16.321 -16.321
  -6.630 -49.500     NaN
  -6.628 -16.125 -16.125
  -6.626 -15.435 -15.435
  -6.624 -16.012 -16.996
  -6.622 -49.500     NaN
  -6.620 -49.500     NaN
  -6.618 -49.500 -49.500
  -6.617 -49.500 -49.500
  -6.615 -16.704 -49.500
  -6.613 -15.486 -16.746
  -6.611 -49.500 -49.500
  -6.609 -49.500 -49.500
  -6.607 -15.802 -49.500
  -6.605 -16.801 -49.500
  -6.603 -16.916 -49.500
  -6.602 -15.700 -15.700
  -6.600 -49.500 -49.500
  -6.598 -49.500 -49.500
  -6.596 -49.500 -49.500
  -6.594 -49.500 -49.500
