  -8.861 -13.781 -13.781
  -8.599 -13.908 -13.908
  -8.442 -13.900 -13.900
  -8.329 -14.077 -14.077
  -8.239 -14.134 -14.134
  -8.166 -14.170 -14.170
  -8.103 -14.196 -14.196
  -8.048 -14.319 -14.319
  -7.999 -14.391 -14.391
  -7.955 -14.157 -14.388
  -7.916 -14.394 -14.394
  -7.879 -14.435 -14.435
  -7.846 -14.334 -14.334
  -7.815 -14.430 -14.430
  -7.786 -14.565 -14.565
  -7.758 -14.620 -14.620
  -7.733 -14.683 -14.683
  -7.709 -14.781 -14.781
  -7.686 -14.775 -14.775
  -7.664 -14.520 -14.769
  -7.643 -14.847 -14.847
  -7.624 -14.741 -14.741
  -7.605 -14.550 -14.550
  -7.586 -14.904 -14.904
  -7.569 -15.012 -15.012
  -7.552 -14.852 -14.852
  -7.536 -14.918 -14.918
  -7.521 -15.010 -15.010
  -7.506 -15.113 -15.113
  -7.491 -14.512 -14.822
  -7.477 -14.980 -15.168
  -7.464 -14.676 -14.975
  -7.451 -15.081 -15.314
  -7.438 -14.843 -15.108
  -7.425 -15.351 -15.351
  -7.413 -15.064 -15.269
  -7.401 -15.255 -15.255
  -7.390 -15.244 -15.244
  -7.379 -15.177 -15.177
  -7.368 -15.243 -15.243
  -7.357 -15.173 -15.388
  -7.347 -15.022 -15.022
  -7.337 -14.940 -15.494
  -7.327 -15.278 -15.278
  -7.317 -15.383 -15.383
  -7.308 -14.363 -14.897
  -7.299 -14.925 -14.925
  -7.290 -15.081 -15.513
  -7.281 -15.019 -15.176
  -7.272 -15.283 -15.472
  -7.264 -15.560 -15.560
  -7.255 -15.035 -15.312
  -7.247 -15.468 -15.468
  -7.239 -14.682 -15.575
  -7.231 -14.969 -15.265
  -7.223 -15.575 -15.865
  -7.216 -15.355 -15.355
  -7.208 -15.296 -15.296
  -7.201 -15.254 -15.475
  -7.194 -15.186 -15.186
  -7.187 -14.341 -15.894
  -7.180 -15.958 -15.958
  -7.173 -15.675 -15.675
  -7.166 -14.974 -15.543
  -7.159 -15.585 -15.585
  -7.153 -15.488 -15.488
  -7.146 -15.858 -16.041
  -7.140 -15.616 -15.616
  -7.133 -15.373 -15.538
  -7.127 -15.250 -15.872
  -7.121 -15.251 -15.668
  -7.115 -15.900 -15.900
  -7.109 -15.301 -16.023
  -7.103 -15.279 -15.279
  -7.098 -15.011 -15.775
  -7.092 -15.228 -15.972
  -7.086 -15.188 -16.098
  -7.081 -15.394 -15.861
  -7.075 -15.790 -15.790
  -7.070 -15.830 -15.998
  -7.064 -15.572 -15.818
  -7.059 -14.967 -15.664
  -7.054 -14.922 -15.382
  -7.049 -15.093 -16.158
  -7.043 -15.952 -15.952
  -7.038 -16.370 -16.370
  -7.033 -15.334 -15.798
  -7.029 -15.926 -15.926
  -7.024 -16.073 -16.073
  -7.019 -16.028 -16.237
  -7.014 -16.201 -16.201
  -7.009 -15.805 -16.115
  -7.005 -15.836 -16.145
  -7.000 -16.239 -16.468
  -6.995 -15.705 -15.988
  -6.991 -15.473 -15.731
  -6.986 -15.904 -16.291
  -6.982 -16.086 -16.086
  -6.978 -16.455 -16.455
  -6.973 -16.089 -16.089
  -6.969 -15.949 -16.186
  -6.965 -14.264 -15.566
  -6.961 -15.138 -15.628
  -6.956 -16.164 -16.164
  -6.952 -16.262 -16.262
  -6.948 -16.060 -16.567
  -6.944 -15.819 -16.691
  -6.940 -15.658 -15.883
  -6.936 -15.917 -16.836
  -6.932 -16.125 -16.125
  -6.928 -16.460 -16.460
  -6.924 -16.011 -16.408
  -6.920 -15.620 -16.693
  -6.917 -16.125 -16.125
  -6.913 -16.265 -16.708
  -6.909 -15.405 -15.942
  -6.905 -15.162 -15.492
  -6.902 -16.005 -16.291
  -6.898 -15.947 -16.228
  -6.894 -15.997 -15.997
  -6.891 -16.267 -16.469
  -6.887 -16.186 -16.369
  -6.884 -16.257 -16.658
  -6.880 -15.798 -16.299
  -6.877 -15.044 -16.332
  -6.873 -17.177 -49.500
  -6.870 -16.188 -16.516
  -6.867 -16.059 -16.297
  -6.863 -15.836 -16.438
  -6.860 -15.653 -16.139
  -6.857 -16.878 -49.500
  -6.853 -15.615 -16.573
  -6.850 -16.490 -17.199
  -6.847 -16.334 -16.506
  -6.844 -16.360 -16.360
  -6.840 -49.500     NaN
  -6.837 -16.835 -49.500
  -6.834 -16.042 -16.307
  -6.831 -16.026 -49.500
  -6.828 -16.027 -16.280
  -6.825 -16.068 -16.068
  -6.822 -16.277 -16.625
  -6.819 -16.475 -16.679
  -6.816 -15.676 -16.569
  -6.813 -16.236 -49.500
  -6.810 -16.739 -16.975
  -6.807 -16.546 -49.500
  -6.804 -16.793 -17.013
  -6.801 -17.126 -49.500
  -6.798 -15.903 -15.903
  -6.795 -15.954 -16.453
  -6.792 -15.863 -49.500
  -6.789 -16.375 -16.697
  -6.787 -16.109 -16.922
  -6.784 -16.020 -16.411
  -6.781 -16.432 -49.500
  -6.778 -16.473 -49.500
  -6.775 -16.523 -16.935
  -6.773 -17.071 -49.500
  -6.770 -16.090 -49.500
  -6.767 -15.734 -49.500
  -6.765 -49.500     NaN
  -6.762 -15.204 -16.232
  -6.759 -16.640 -16.974
  -6.757 -16.150 -16.372
  -6.754 -15.516 -16.013
  -6.751 -16.414 -16.908
  -6.749 -16.682 -49.500
  -6.746 -16.618 -49.500
  -6.744 -15.648 -15.848
  -6.741 -49.500 -49.500
  -6.739 -16.993 -49.500
  -6.736 -16.453 -49.500
  -6.734 -15.874 -49.500
  -6.731 -49.500     NaN
  -6.729 -16.524 -16.717
  -6.726 -49.500 -49.500
  -6.724 -16.111 -16.485
  -6.721 -49.500     NaN
  -6.719 -16.895 -49.500
  -6.717 -16.181 -16.548
  -6.714 -15.006 -16.137
  -6.712 -16.250 -16.427
  -6.709 -49.500     NaN
  -6.707 -49.500 -49.500
  -6.705 -15.988 -16.253
  -6.702 -16.553 -49.500
  -6.700 -15.710 -16.052
  -6.698 -15.127 -16.621
  -6.696 -15.496 -15.920
  -6.693 -49.500     NaN
  -6.691 -16.994 -49.500
  -6.689 -49.500     NaN
  -6.687 -49.500     NaN
  -6.684 -15.197 -49.500
  -6.682 -16.545 -49.500
  -6.680 -14.871 -16.136
  -6.678 -49.500     NaN
  -6.675 -16.291 -16.291
  -6.673 -49.500     NaN
  -6.671 -49.500     NaN
  -6.669 -16.433 -16.938
  -6.667 -16.427 -49.500
  -6.665 -49.500 -49.500
  -6.663 -16.108 -49.500
  -6.661 -49.500     NaN
  -6.658 -49.500     NaN
  -6.656 -49.500     NaN
  -6.654 -49.500 -49.500
  -6.652 -49.500     NaN
  -6.650 -15.889 -49.500
  -6.648 -16.759 -16.759
  -6.646 -49.500     NaN
  -6.644 -49.500     NaN
  -6.642 -49.500     NaN
  -6.640 -49.500 -49.500
  -6.638 -17.050 -17.050
  -6.636 -49.500 -49.500
  -6.634 -16.920 -49.500
  -6.632 -49.500     NaN
  -6.630 -15.664 -16.690
  -6.628 -49.500 -49.500
  -6.626 -49.500     NaN
  -6.624 -49.500 -49.500
  -6.622 -49.500 -49.500
  -6.620 -49.500 -49.500
  -6.618 -16.703 -49.500
  -6.617 -49.500     NaN
  -6.615 -49.500 -49.500
  -6.613 -49.500     NaN
  -6.611 -15.752 -49.500
  -6.609 -49.500 -49.500
  -6.607 -15.134 -49.500
  -6.605 -49.500 -49.500
  -6.603 -16.371 -49.500
  -6.602 -49.500     NaN
  -6.600 -49.500 -49.500
  -6.598 -49.500     NaN
  -6.596 -49.500     NaN
  -6.594 -49.500 -49.500
