  -8.861 -13.736 -13.736
  -8.599 -13.841 -13.841
  -8.442 -14.028 -14.028
  -8.329 -14.069 -14.069
  -8.239 -14.173 -14.173
  -8.166 -14.120 -14.120
  -8.103 -14.153 -14.153
  -8.048 -14.218 -14.218
  -7.999 -14.311 -14.311
  -7.955 -14.394 -14.394
  -7.916 -14.065 -14.363
  -7.879 -14.255 -14.559
  -7.846 -14.344 -14.344
  -7.815 -14.428 -14.582
  -7.786 -14.597 -14.781
  -7.758 -14.089 -14.830
  -7.733 -14.675 -14.675
  -7.709 -14.721 -14.721
  -7.686 -14.224 -14.658
  -7.664 -14.814 -14.814
  -7.643 -14.881 -14.881
  -7.624 -14.826 -14.826
  -7.605 -14.749 -14.749
  -7.586 -14.837 -14.837
  -7.569 -14.820 -14.820
  -7.552 -14.866 -14.866
  -7.536 -14.771 -14.992
  -7.521 -14.924 -15.109
  -7.506 -14.921 -14.921
  -7.491 -15.100 -15.100
  -7.477 -15.005 -15.005
  -7.464 -15.024 -15.248
  -7.451 -14.634 -14.634
  -7.438 -15.090 -15.389
  -7.425 -14.828 -15.195
  -7.413 -15.125 -15.447
  -7.401 -15.147 -15.147
  -7.390 -15.344 -15.344
  -7.379 -14.875 -15.471
  -7.368 -15.493 -15.493
  -7.357 -15.126 -15.526
  -7.347 -13.894 -15.091
  -7.337 -15.171 -15.171
  -7.327 -15.353 -15.353
  -7.317 -15.317 -15.317
  -7.308 -15.410 -15.410
  -7.299 -15.496 -15.496
  -7.290 -15.171 -15.349
  -7.281 -15.259 -15.259
  -7.272 -14.411 -15.286
  -7.264 -15.241 -15.536
  -7.255 -15.344 -15.589
  -7.247 -14.712 -15.216
  -7.239 -15.617 -15.617
  -7.231 -15.662 -15.662
  -7.223 -15.726 -15.726
  -7.216 -15.069 -15.508
  -7.208 -14.764 -15.695
  -7.201 -15.931 -15.931
  -7.194 -15.495 -15.495
  -7.187 -15.686 -15.686
  -7.180 -14.422 -15.568
  -7.173 -15.447 -15.447
  -7.166 -15.610 -15.610
  -7.159 -15.552 -15.552
  -7.153 -15.261 -15.697
  -7.146 -15.544 -15.544
  -7.140 -14.667 -15.473
  -7.133 -15.747 -15.906
  -7.127 -15.856 -15.856
  -7.121 -15.610 -15.610
  -7.115 -16.223 -16.223
  -7.109 -15.671 -15.835
  -7.103 -15.826 -16.032
  -7.098 -15.560 -15.766
  -7.092 -15.730 -15.917
  -7.086 -16.275 -16.275
  -7.081 -15.879 -16.170
  -7.075 -15.464 -15.658
  -7.070 -15.439 -15.595
  -7.064 -15.532 -15.532
  -7.059 -15.391 -15.925
  -7.054 -15.658 -15.658
  -7.049 -15.811 -16.058
  -7.043 -15.771 -15.939
  -7.038 -16.007 -16.266
  -7.033 -15.841 -15.841
  -7.029 -15.238 -15.458
  -7.024 -16.181 -16.181
  -7.019 -15.760 -16.105
  -7.014 -15.956 -15.956
  -7.009 -16.022 -16.022
  -7.005 -16.513 -16.513
  -7.000 -15.995 -16.160
  -6.995 -15.787 -15.787
  -6.991 -15.816 -15.816
  -6.986 -15.757 -16.076
  -6.982 -16.447 -16.640
  -6.978 -15.709 -15.709
  -6.973 -15.371 -16.088
  -6.969 -15.198 -15.891
  -6.965 -16.139 -16.139
  -6.961 -16.196 -16.403
  -6.956 -15.079 -16.480
  -6.952 -16.024 -16.024
  -6.948 -15.247 -16.066
  -6.944 -16.117 -16.418
  -6.940 -16.331 -16.490
  -6.936 -13.907 -15.275
  -6.932 -16.044 -16.044
  -6.928 -16.306 -16.520
  -6.924 -15.456 -15.772
  -6.920 -15.892 -16.293
  -6.917 -15.928 -16.098
  -6.913 -15.935 -16.107
  -6.909 -15.357 -16.063
  -6.905 -15.714 -15.924
  -6.902 -16.472 -16.866
  -6.898 -16.258 -16.438
  -6.894 -15.969 -16.360
  -6.891 -15.823 -16.401
  -6.887 -16.166 -16.533
  -6.884 -16.643 -16.643
  -6.880 -16.188 -16.188
  -6.877 -15.019 -16.028
  -6.873 -15.680 -16.346
  -6.870 -15.865 -16.192
  -6.867 -16.804 -17.242
  -6.863 -16.416 -16.416
  -6.860 -16.524 -17.281
  -6.857 -15.361 -16.293
  -6.853 -16.134 -16.301
  -6.850 -16.273 -16.273
  -6.847 -49.500 -49.500
  -6.844 -16.574 -16.823
  -6.840 -15.920 -16.138
  -6.837 -16.164 -16.382
  -6.834 -49.500 -49.500
  -6.831 -16.053 -16.053
  -6.828 -15.960 -16.141
  -6.825 -16.062 -16.253
  -6.822 -49.500     NaN
  -6.819 -16.660 -17.186
  -6.816 -15.844 -16.420
  -6.813 -16.947 -49.500
  -6.810 -16.716 -17.308
  -6.807 -15.852 -16.166
  -6.804 -49.500     NaN
  -6.801 -16.150 -16.550
  -6.798 -17.219 -17.219
  -6.795 -16.127 -16.405
  -6.792 -16.090 -16.918
  -6.789 -17.067 -49.500
  -6.787 -17.053 -49.500
  -6.784 -16.532 -16.532
  -6.781 -16.044 -16.584
  -6.778 -15.579 -16.704
  -6.775 -16.033 -16.427
  -6.773 -16.136 -49.500
  -6.770 -16.307 -17.204
  -6.767 -49.500     NaN
  -6.765 -16.583 -49.500
  -6.762 -49.500     NaN
  -6.759 -15.701 -16.581
  -6.757 -16.640 -17.201
  -6.754 -16.092 -49.500
  -6.751 -15.882 -16.982
  -6.749 -49.500     NaN
  -6.746 -49.500     NaN
  -6.744 -16.631 -16.907
  -6.741 -15.577 -49.500
  -6.739 -49.500     NaN
  -6.736 -16.429 -49.500
  -6.734 -49.500     NaN
  -6.731 -16.571 -49.500
  -6.729 -16.235 -49.500
  -6.726 -15.570 -16.452
  -6.724 -16.327 -16.598
  -6.721 -15.915 -16.111
  -6.719 -16.270 -49.500
  -6.717 -15.590 -16.689
  -6.714 -16.825 -49.500
  -6.712 -16.313 -16.313
  -6.709 -16.547 -16.825
  -6.707 -16.808 -49.500
  -6.705 -15.565 -49.500
  -6.702 -16.268 -49.500
  -6.700 -16.110 -49.500
  -6.698 -15.795 -49.500
  -6.696 -15.902 -49.500
  -6.693 -16.866 -49.500
  -6.691 -16.416 -49.500
  -6.689 -16.707 -49.500
  -6.687 -15.897 -49.500
  -6.684 -16.448 -16.616
  -6.682 -15.051 -49.500
  -6.680 -49.500     NaN
  -6.678 -15.639 -16.602
  -6.675 -49.500 -49.500
  -6.673 -16.059 -49.500
  -6.671 -16.800 -16.800
  -6.669 -49.500 -49.500
  -6.667 -49.500 -49.500
  -6.665 -16.023 -16.177
  -6.663 -49.500 -49.500
  -6.661 -49.500 -49.500
  -6.658 -15.736 -49.500
  -6.656 -16.625 -49.500
  -6.654 -49.500     NaN
  -6.652 -15.191 -16.372
  -6.650 -49.500 -49.500
  -6.648 -16.782 -49.500
  -6.646 -16.325 -16.722
  -6.644 -16.450 -49.500
  -6.642 -49.500     NaN
  -6.640 -16.777 -49.500
  -6.638 -16.102 -16.102
  -6.636 -49.500 -49.500
  -6.634 -49.500     NaN
  -6.632 -49.500 -49.500
  -6.630 -49.500 -49.500
  -6.628 -49.500 -49.500
  -6.626 -49.500     NaN
  -6.624 -16.287 -16.714
  -6.622 -16.456 -49.500
  -6.620 -49.500 -49.500
  -6.618 -49.500     NaN
  -6.617 -49.500 -49.500
  -6.615 -15.593 -16.122
  -6.613 -49.500 -49.500
  -6.611 -49.500 -49.500
  -6.609 -49.500     NaN
  -6.607 -49.500 -49.500
  -6.605 -49.500 -49.500
  -6.603 -16.700 -49.500
  -6.602 -15.710 -15.710
  -6.600 -49.500 -49.500
  -6.598 -49.500 -49.500
  -6.596 -16.512 -16.861
  -6.594 -49.500     NaN
