  -8.861 -13.689 -13.689
  -8.599 -13.906 -13.906
  -8.442 -13.879 -13.879
  -8.329 -14.151 -14.151
  -8.239 -14.056 -14.056
  -8.166 -14.191 -14.191
  -8.103 -13.992 -14.180
  -8.048 -14.191 -14.191
  -7.999 -14.266 -14.266
  -7.955 -14.407 -14.407
  -7.916 -14.371 -14.371
  -7.879 -14.460 -14.460
  -7.846 -14.481 -14.481
  -7.815 -14.545 -14.545
  -7.786 -14.610 -14.610
  -7.758 -14.527 -14.527
  -7.733 -14.532 -14.727
  -7.709 -14.535 -14.535
  -7.686 -14.609 -14.773
  -7.664 -14.878 -14.878
  -7.643 -14.666 -14.666
  -7.624 -14.745 -14.920
  -7.605 -14.755 -14.952
  -7.586 -14.839 -14.839
  -7.569 -14.837 -14.837
  -7.552 -14.861 -14.861
  -7.536 -14.649 -14.649
  -7.521 -14.963 -14.963
  -7.506 -14.818 -14.818
  -7.491 -15.026 -15.026
  -7.477 -14.339 -14.549
  -7.464 -14.752 -14.908
  -7.451 -14.777 -15.017
  -7.438 -14.568 -14.568
  -7.425 -15.305 -15.305
  -7.413 -15.067 -15.230
  -7.401 -15.080 -15.080
  -7.390 -14.870 -15.230
  -7.379 -15.231 -15.403
  -7.368 -15.381 -15.381
  -7.357 -15.338 -15.338
  -7.347 -14.997 -14.997
  -7.337 -15.089 -15.089
  -7.327 -15.306 -15.306
  -7.317 -15.205 -15.493
  -7.308 -15.079 -15.079
  -7.299 -15.071 -15.278
  -7.290 -14.548 -15.101
  -7.281 -14.690 -15.269
  -7.272 -15.042 -15.225
  -7.264 -15.444 -15.444
  -7.255 -14.150 -15.652
  -7.247 -15.478 -15.478
  -7.239 -15.431 -15.587
  -7.231 -15.199 -15.487
  -7.223 -15.233 -15.233
  -7.216 -15.069 -15.387
  -7.208 -15.393 -15.393
  -7.201 -15.451 -15.451
  -7.194 -15.514 -15.514
  -7.187 -14.155 -15.288
  -7.180 -15.500 -15.500
  -7.173 -14.908 -15.825
  -7.166 -15.738 -15.890
  -7.159 -15.440 -15.598
  -7.153 -15.077 -15.451
  -7.146 -15.560 -16.094
  -7.140 -15.302 -15.302
  -7.133 -15.714 -15.714
  -7.127 -15.852 -15.852
  -7.121 -15.416 -15.679
  -7.115 -15.586 -15.877
  -7.109 -15.751 -15.979
  -7.103 -15.661 -15.661
  -7.098 -16.065 -16.065
  -7.092 -15.694 -16.019
  -7.086 -15.336 -16.158
  -7.081 -15.401 -15.963
  -7.075 -14.685 -15.547
  -7.070 -14.362 -16.011
  -7.064 -15.554 -15.783
  -7.059 -15.867 -16.227
  -7.054 -14.272 -16.075
  -7.049 -15.301 -16.005
  -7.043 -15.701 -15.910
  -7.038 -15.000 -16.107
  -7.033 -15.694 -16.292
  -7.029 -14.177 -15.971
  -7.024 -15.881 -16.111
  -7.019 -15.789 -15.955
  -7.014 -15.838 -16.025
  -7.009 -15.327 -15.327
  -7.005 -14.438 -15.810
  -7.000 -15.960 -15.960
  -6.995 -16.086 -16.388
  -6.991 -15.630 -15.630
  -6.986 -15.694 -16.067
  -6.982 -15.942 -15.942
  -6.978 -15.272 -16.280
  -6.973 -16.016 -16.261
  -6.969 -15.302 -16.043
  -6.965 -15.484 -15.765
  -6.961 -15.824 -15.824
  -6.956 -16.339 -16.339
  -6.952 -15.862 -16.295
  -6.948 -15.903 -16.069
  -6.944 -15.595 -16.162
  -6.940 -15.922 -16.123
  -6.936 -15.798 -16.603
  -6.932 -16.359 -16.576
  -6.928 -15.724 -16.045
  -6.924 -15.979 -16.845
  -6.920 -15.924 -16.482
  -6.917 -16.580 -16.763
  -6.913 -16.344 -16.501
  -6.909 -15.819 -16.005
  -6.905 -15.892 -16.402
  -6.902 -15.987 -16.444
  -6.898 -16.097 -16.097
  -6.894 -15.909 -16.144
  -6.891 -15.251 -16.344
  -6.887 -16.028 -16.303
  -6.884 -15.919 -16.165
  -6.880 -15.740 -16.131
  -6.877 -15.923 -16.898
  -6.873 -15.899 -16.253
  -6.870 -15.775 -16.002
  -6.867 -16.070 -16.246
  -6.863 -15.856 -16.930
  -6.860 -16.200 -16.831
  -6.857 -15.410 -16.424
  -6.853 -16.848 -49.500
  -6.850 -16.193 -16.388
  -6.847 -15.431 -16.397
  -6.844 -15.771 -16.398
  -6.840 -17.196 -49.500
  -6.837 -16.591 -49.500
  -6.834 -15.633 -17.460
  -6.831 -49.500     NaN
  -6.828 -16.349 -16.940
  -6.825 -49.500     NaN
  -6.822 -16.220 -16.779
  -6.819 -16.839 -49.500
  -6.816 -16.302 -16.547
  -6.813 -15.714 -16.492
  -6.810 -15.911 -16.260
  -6.807 -16.412 -16.673
  -6.804 -15.799 -16.767
  -6.801 -15.700 -49.500
  -6.798 -16.133 -16.133
  -6.795 -49.500     NaN
  -6.792 -49.500     NaN
  -6.789 -49.500     NaN
  -6.787 -16.153 -49.500
  -6.784 -16.199 -16.563
  -6.781 -16.503 -16.753
  -6.778 -16.806 -17.274
  -6.775 -17.315 -49.500
  -6.773 -16.656 -49.500
  -6.770 -16.147 -16.707
  -6.767 -16.463 -16.690
  -6.765 -15.959 -16.722
  -6.762 -16.200 -16.415
  -6.759 -16.567 -49.500
  -6.757 -16.210 -49.500
  -6.754 -16.119 -49.500
  -6.751 -16.225 -49.500
  -6.749 -49.500     NaN
  -6.746 -16.309 -16.541
  -6.744 -16.092 -16.493
  -6.741 -16.304 -49.500
  -6.739 -16.127 -16.339
  -6.736 -49.500     NaN
  -6.734 -15.481 -49.500
  -6.731 -16.998 -49.500
  -6.729 -49.500 -49.500
  -6.726 -49.500     NaN
  -6.724 -49.500 -49.500
  -6.721 -16.891 -49.500
  -6.719 -16.816 -17.015
  -6.717 -15.958 -17.234
  -6.714 -16.982 -49.500
  -6.712 -16.337 -49.500
  -6.709 -16.700 -49.500
  -6.707 -16.630 -49.500
  -6.705 -16.000 -16.315
  -6.702 -49.500     NaN
  -6.700 -17.068 -49.500
  -6.698 -49.500     NaN
  -6.696 -16.586 -49.500
  -6.693 -15.712 -49.500
  -6.691 -49.500 -49.500
  -6.689 -16.402 -49.500
  -6.687 -49.500 -49.500
  -6.684 -49.500 -49.500
  -6.682 -16.188 -49.500
  -6.680 -49.500     NaN
  -6.678 -15.994 -16.899
  -6.675 -49.500 -49.500
  -6.673 -16.298 -49.500
  -6.671 -16.349 -49.500
  -6.669 -49.500 -49.500
  -6.667 -15.930 -16.615
  -6.665 -15.707 -49.500
  -6.663 -16.830 -49.500
  -6.661 -16.522 -49.500
  -6.658 -16.766 -49.500
  -6.656 -49.500 -49.500
  -6.654 -49.500     NaN
  -6.652 -16.122 -16.824
  -6.650 -16.311 -16.311
  -6.648 -16.062 -16.524
  -6.646 -49.500 -49.500
  -6.644 -49.500 -49.500
  -6.642 -16.350 -49.500
  -6.640 -49.500     NaN
  -6.638 -49.500 -49.500
  -6.636 -16.659 -16.659
  -6.634 -49.500 -49.500
  -6.632 -17.199 -49.500
  -6.630 -49.500 -49.500
  -6.628 -49.500 -49.500
  -6.626 -49.500     NaN
  -6.624 -16.483 -49.500
  -6.622 -49.500 -49.500
  -6.620 -49.500     NaN
  -6.618 -49.500     NaN
  -6.617 -16.710 -49.500
  -6.615 -16.090 -49.500
  -6.613 -49.500 -49.500
  -6.611 -49.500 -49.500
  -6.609 -49.500     NaN
  -6.607 -49.500 -49.500
  -6.605 -49.500     NaN
  -6.603 -16.186 -49.500
  -6.602 -16.238 -49.500
  -6.600 -16.154 -16.154
  -6.598 -49.500 -49.500
  -6.596 -49.500 -49.500
  -6.594 -15.706 -15.924
