  -8.861 -13.782 -13.782
  -8.599 -13.921 -13.921
  -8.442 -13.994 -13.994
  -8.329 -14.064 -14.064
  -8.239 -14.141 -14.141
  -8.166 -14.120 -14.120
  -8.103 -14.330 -14.330
  -8.048 -14.356 -14.356
  -7.999 -14.275 -14.451
  -7.955 -14.218 -14.218
  -7.916 -14.387 -14.387
  -7.879 -14.509 -14.509
  -7.846 -14.206 -14.429
  -7.815 -14.581 -14.581
  -7.786 -14.506 -14.681
  -7.758 -14.308 -14.308
  -7.733 -14.628 -14.628
  -7.709 -14.802 -14.802
  -7.686 -14.510 -14.510
  -7.664 -14.689 -14.689
  -7.643 -14.794 -14.794
  -7.624 -14.782 -14.960
  -7.605 -14.916 -14.916
  -7.586 -14.688 -14.688
  -7.569 -14.951 -14.951
  -7.552 -15.007 -15.007
  -7.536 -14.819 -14.819
  -7.521 -14.932 -14.932
  -7.506 -15.128 -15.128
  -7.491 -14.932 -15.139
  -7.477 -14.982 -14.982
  -7.464 -15.178 -15.178
  -7.451 -14.827 -15.167
  -7.438 -15.093 -15.093
  -7.425 -15.019 -15.019
  -7.413 -14.632 -15.113
  -7.401 -15.064 -15.378
  -7.390 -14.922 -15.080
  -7.379 -15.056 -15.267
  -7.368 -15.133 -15.594
  -7.357 -14.921 -15.085
  -7.347 -15.367 -15.367
  -7.337 -14.999 -15.284
  -7.327 -15.265 -15.265
  -7.317 -15.030 -15.030
  -7.308 -15.480 -15.480
  -7.299 -15.237 -15.399
  -7.290 -14.724 -15.523
  -7.281 -15.206 -15.466
  -7.272 -15.005 -15.305
  -7.264 -15.354 -15.666
  -7.255 -15.298 -15.458
  -7.247 -15.271 -15.271
  -7.239 -15.402 -15.567
  -7.231 -15.440 -15.656
  -7.223 -15.176 -15.176
  -7.216 -15.239 -15.468
  -7.208 -15.449 -15.657
  -7.201 -15.512 -15.512
  -7.194 -15.618 -15.618
  -7.187 -15.358 -15.539
  -7.180 -14.936 -15.444
  -7.173 -15.325 -15.510
  -7.166 -15.192 -15.715
  -7.159 -16.016 -16.016
  -7.153 -14.967 -15.299
  -7.146 -15.881 -16.041
  -7.140 -15.531 -15.742
  -7.133 -15.445 -15.614
  -7.127 -15.624 -15.874
  -7.121 -15.561 -15.561
  -7.115 -14.403 -15.441
  -7.109 -15.258 -15.258
  -7.103 -15.650 -16.216
  -7.098 -15.359 -15.359
  -7.092 -15.340 -15.564
  -7.086 -15.936 -15.936
  -7.081 -15.888 -16.103
  -7.075 -15.622 -15.810
  -7.070 -16.194 -16.194
  -7.064 -15.912 -16.137
  -7.059 -15.292 -15.516
  -7.054 -16.134 -16.134
  -7.049 -15.566 -16.121
  -7.043 -15.992 -15.992
  -7.038 -15.557 -15.869
  -7.033 -15.673 -15.987
  -7.029 -15.898 -16.073
  -7.024 -15.775 -15.987
  -7.019 -15.832 -16.190
  -7.014 -15.779 -16.340
  -7.009 -15.178 -16.331
  -7.005 -15.809 -16.034
  -7.000 -15.924 -15.924
  -6.995 -16.311 -16.563
  -6.991 -14.811 -15.144
  -6.986 -15.968 -16.440
  -6.982 -16.113 -16.113
  -6.978 -15.963 -16.184
  -6.973 -16.123 -16.372
  -6.969 -15.638 -16.186
  -6.965 -15.290 -16.239
  -6.961 -15.745 -15.968
  -6.956 -15.838 -16.054
  -6.952 -15.781 -15.781
  -6.948 -16.259 -16.441
  -6.944 -15.739 -16.177
  -6.940 -15.951 -15.951
  -6.936 -15.155 -15.671
  -6.932 -16.549 -16.549
  -6.928 -16.293 -16.618
  -6.924 -15.428 -16.226
  -6.920 -16.725 -16.725
  -6.917 -16.136 -16.136
  -6.913 -16.429 -16.429
  -6.909 -16.025 -17.053
  -6.905 -16.640 -16.640
  -6.902 -15.875 -16.494
  -6.898 -14.714 -14.877
  -6.894 -15.860 -49.500
  -6.891 -16.136 -16.436
  -6.887 -15.301 -15.659
  -6.884 -15.603 -16.482
  -6.880 -16.277 -16.644
  -6.877 -15.935 -16.485
  -6.873 -15.965 -16.257
  -6.870 -16.301 -16.671
  -6.867 -16.134 -16.792
  -6.863 -16.094 -16.363
  -6.860 -16.237 -16.237
  -6.857 -15.654 -16.275
  -6.853 -16.329 -17.073
  -6.850 -15.307 -15.532
  -6.847 -15.567 -16.051
  -6.844 -15.698 -16.026
  -6.840 -49.500     NaN
  -6.837 -16.028 -16.372
  -6.834 -15.051 -16.004
  -6.831 -15.967 -16.239
  -6.828 -15.719 -16.460
  -6.825 -15.910 -17.123
  -6.822 -17.073 -49.500
  -6.819 -15.735 -16.010
  -6.816 -15.974 -15.974
  -6.813 -15.879 -16.310
  -6.810 -15.801 -17.044
  -6.807 -16.011 -16.503
  -6.804 -15.482 -16.235
  -6.801 -16.708 -17.134
  -6.798 -15.724 -16.195
  -6.795 -14.562 -15.530
  -6.792 -16.134 -16.509
  -6.789 -17.005 -49.500
  -6.787 -49.500     NaN
  -6.784 -49.500     NaN
  -6.781 -16.787 -16.787
  -6.778 -16.306 -49.500
  -6.775 -16.083 -16.083
  -6.773 -16.728 -49.500
  -6.770 -16.562 -49.500
  -6.767 -49.500     NaN
  -6.765 -15.668 -16.630
  -6.762 -15.969 -16.461
  -6.759 -16.427 -16.636
  -6.757 -16.721 -49.500
  -6.754 -49.500     NaN
  -6.751 -15.909 -16.112
  -6.749 -49.500     NaN
  -6.746 -16.569 -49.500
  -6.744 -15.958 -16.604
  -6.741 -15.774 -16.241
  -6.739 -16.950 -49.500
  -6.736 -15.171 -16.721
  -6.734 -49.500 -49.500
  -6.731 -16.225 -16.225
  -6.729 -16.511 -16.511
  -6.726 -14.853 -16.831
  -6.724 -49.500     NaN
  -6.721 -49.500 -49.500
  -6.719 -49.500 -49.500
  -6.717 -49.500     NaN
  -6.714 -15.834 -16.315
  -6.712 -49.500     NaN
  -6.709 -15.879 -49.500
  -6.707 -15.792 -49.500
  -6.705 -49.500     NaN
  -6.702 -49.500     NaN
  -6.700 -16.502 -49.500
  -6.698 -15.903 -16.428
  -6.696 -49.500     NaN
  -6.693 -15.203 -49.500
  -6.691 -49.500 -49.500
  -6.689 -15.697 -16.421
  -6.687 -16.472 -16.472
  -6.684 -15.723 -49.500
  -6.682 -16.198 -49.500
  -6.680 -16.612 -49.500
  -6.678 -16.029 -49.500
  -6.675 -49.500     NaN
  -6.673 -49.500     NaN
  -6.671 -16.284 -16.681
  -6.669 -16.145 -16.145
  -6.667 -49.500 -49.500
  -6.665 -49.500     NaN
  -6.663 -49.500     NaN
  -6.661 -16.856 -49.500
  -6.658 -49.500 -49.500
  -6.656 -49.500 -49.500
  -6.654 -49.500 -49.500
  -6.652 -49.500 -49.500
  -6.650 -49.500 -49.500
  -6.648 -16.433 -49.500
  -6.646 -15.725 -49.500
  -6.644 -16.018 -49.500
  -6.642 -49.500 -49.500
  -6.640 -49.500     NaN
  -6.638 -49.500     NaN
  -6.636 -16.554 -49.500
  -6.634 -49.500     NaN
  -6.632 -49.500 -49.500
  -6.630 -15.307 -49.500
  -6.628 -16.904 -16.904
  -6.626 -49.500 -49.500
  -6.624 -49.500 -49.500
  -6.622 -49.500 -49.500
  -6.620 -49.500     NaN
  -6.618 -49.500 -49.500
  -6.617 -49.500     NaN
  -6.615 -49.500 -49.500
  -6.613 -49.500 -49.500
  -6.611 -16.300 -16.300
  -6.609 -15.987 -16.161
  -6.607 -16.709 -16.709
  -6.605 -49.500     NaN
  -6.603 -49.500 -49.500
  -6.602 -49.500 -49.500
  -6.600 -16.159 -49.500
  -6.598 -16.974 -49.500
  -6.596 -49.500     NaN
  -6.594 -49.500 -49.500
