  -8.861 -13.760 -13.760
  -8.599 -13.874 -13.874
  -8.442 -13.982 -13.982
  -8.329 -14.073 -14.073
  -8.239 -14.084 -14.084
  -8.166 -14.208 -14.208
  -8.103 -14.162 -14.162
  -8.048 -14.295 -14.295
  -7.999 -14.289 -14.474
  -7.955 -14.131 -14.337
  -7.916 -14.343 -14.343
  -7.879 -14.563 -14.563
  -7.846 -14.577 -14.577
  -7.815 -14.699 -14.699
  -7.786 -14.165 -14.589
  -7.758 -14.388 -14.715
  -7.733 -14.771 -14.771
  -7.709 -14.649 -14.649
  -7.686 -14.866 -14.866
  -7.664 -14.725 -14.725
  -7.643 -14.756 -14.907
  -7.624 -14.944 -14.944
  -7.605 -14.759 -14.759
  -7.586 -14.764 -14.764
  -7.569 -14.945 -15.207
  -7.552 -14.733 -14.918
  -7.536 -15.027 -15.027
  -7.521 -15.000 -15.000
  -7.506 -14.633 -14.861
  -7.491 -14.460 -15.086
  -7.477 -14.876 -15.190
  -7.464 -14.437 -14.991
  -7.451 -15.021 -15.233
  -7.438 -15.067 -15.067
  -7.425 -15.326 -15.326
  -7.413 -14.424 -15.052
  -7.401 -15.282 -15.466
  -7.390 -14.649 -14.923
  -7.379 -14.912 -15.092
  -7.368 -14.868 -14.868
  -7.357 -15.089 -15.089
  -7.347 -15.048 -15.455
  -7.337 -15.020 -15.383
  -7.327 -15.231 -15.231
  -7.317 -15.321 -15.321
  -7.308 -15.432 -15.432
  -7.299 -15.333 -15.333
  -7.290 -15.115 -15.368
  -7.281 -15.246 -15.246
  -7.272 -15.357 -15.570
  -7.264 -15.045 -15.482
  -7.255 -15.498 -15.498
  -7.247 -15.291 -15.291
  -7.239 -15.435 -15.435
  -7.231 -14.879 -15.831
  -7.223 -15.070 -15.525
  -7.216 -15.297 -15.735
  -7.208 -15.377 -15.856
  -7.201 -15.492 -15.775
  -7.194 -15.479 -15.479
  -7.187 -15.425 -15.425
  -7.180 -15.246 -15.565
  -7.173 -15.425 -15.425
  -7.166 -15.477 -15.705
  -7.159 -15.473 -15.629
  -7.153 -15.665 -16.022
  -7.146 -14.470 -15.499
  -7.140 -15.561 -15.561
  -7.133 -15.172 -15.690
  -7.127 -15.535 -15.535
  -7.121 -15.810 -15.962
  -7.115 -15.595 -15.811
  -7.109 -15.011 -15.725
  -7.103 -16.040 -16.040
  -7.098 -15.756 -15.756
  -7.092 -15.227 -15.434
  -7.086 -15.565 -15.884
  -7.081 -15.488 -15.895
  -7.075 -15.660 -15.952
  -7.070 -15.988 -15.988
  -7.064 -15.702 -15.702
  -7.059 -15.777 -16.157
  -7.054 -13.726 -15.340
  -7.049 -15.470 -15.663
  -7.043 -15.216 -15.493
  -7.038 -15.939 -16.277
  -7.033 -15.714 -16.055
  -7.029 -15.898 -16.054
  -7.024 -15.814 -16.077
  -7.019 -16.292 -16.478
  -7.014 -14.864 -15.365
  -7.009 -16.120 -16.290
  -7.005 -15.147 -15.485
  -7.000 -16.019 -16.019
  -6.995 -16.690 -16.690
  -6.991 -15.782 -15.983
  -6.986 -15.923 -15.923
  -6.982 -15.704 -16.109
  -6.978 -15.633 -15.825
  -6.973 -15.901 -16.246
  -6.969 -14.835 -15.714
  -6.965 -14.923 -15.472
  -6.961 -16.365 -16.365
  -6.956 -15.082 -16.388
  -6.952 -16.021 -16.021
  -6.948 -16.269 -16.269
  -6.944 -16.524 -16.774
  -6.940 -15.860 -16.174
  -6.936 -15.681 -15.681
  -6.932 -16.107 -16.495
  -6.928 -15.383 -16.006
  -6.924 -15.910 -16.222
  -6.920 -16.077 -16.236
  -6.917 -15.971 -16.252
  -6.913 -15.554 -16.280
  -6.909 -16.179 -16.396
  -6.905 -15.963 -16.274
  -6.902 -16.474 -16.632
  -6.898 -15.988 -16.179
  -6.894 -14.440 -16.025
  -6.891 -15.575 -16.354
  -6.887 -15.001 -16.018
  -6.884 -16.601 -16.855
  -6.880 -15.904 -16.084
  -6.877 -15.724 -16.138
  -6.873 -16.467 -16.467
  -6.870 -15.768 -17.030
  -6.867 -16.361 -17.076
  -6.863 -15.763 -15.918
  -6.860 -17.025 -49.500
  -6.857 -15.521 -17.121
  -6.853 -15.833 -15.833
  -6.850 -16.558 -49.500
  -6.847 -16.817 -49.500
  -6.844 -49.500     NaN
  -6.840 -15.933 -16.158
  -6.837 -16.721 -17.073
  -6.834 -16.514 -49.500
  -6.831 -16.218 -16.839
  -6.828 -16.402 -16.558
  -6.825 -15.837 -16.199
  -6.822 -16.364 -16.895
  -6.819 -16.408 -16.575
  -6.816 -16.868 -49.500
  -6.813 -16.316 -49.500
  -6.810 -16.721 -16.887
  -6.807 -16.023 -16.468
  -6.804 -15.692 -16.221
  -6.801 -16.078 -16.611
  -6.798 -16.434 -16.705
  -6.795 -49.500     NaN
  -6.792 -16.629 -16.780
  -6.789 -16.205 -16.205
  -6.787 -15.664 -15.913
  -6.784 -16.270 -49.500
  -6.781 -15.962 -16.728
  -6.778 -16.178 -49.500
  -6.775 -15.682 -16.109
  -6.773 -15.903 -16.093
  -6.770 -15.836 -15.836
  -6.767 -16.839 -49.500
  -6.765 -49.500 -49.500
  -6.762 -15.307 -16.315
  -6.759 -16.764 -49.500
  -6.757 -15.199 -16.445
  -6.754 -16.134 -16.623
  -6.751 -16.814 -49.500
  -6.749 -15.621 -16.194
  -6.746 -15.701 -16.509
  -6.744 -16.401 -49.500
  -6.741 -16.863 -49.500
  -6.739 -49.500     NaN
  -6.736 -49.500     NaN
  -6.734 -49.500     NaN
  -6.731 -17.102 -49.500
  -6.729 -16.197 -16.351
  -6.726 -16.571 -16.884
  -6.724 -49.500     NaN
  -6.721 -16.565 -49.500
  -6.719 -16.035 -49.500
  -6.717 -49.500 -49.500
  -6.714 -49.500 -49.500
  -6.712 -16.509 -49.500
  -6.709 -16.688 -49.500
  -6.707 -15.629 -15.795
  -6.705 -16.349 -49.500
  -6.702 -49.500     NaN
  -6.700 -16.201 -16.557
  -6.698 -16.619 -16.619
  -6.696 -16.110 -49.500
  -6.693 -49.500 -49.500
  -6.691 -49.500     NaN
  -6.689 -49.500 -49.500
  -6.687 -49.500     NaN
  -6.684 -16.840 -16.840
  -6.682 -49.500 -49.500
  -6.680 -49.500 -49.500
  -6.678 -15.772 -16.048
  -6.675 -49.500     NaN
  -6.673 -49.500     NaN
  -6.671 -49.500 -49.500
  -6.669 -49.500     NaN
  -6.667 -15.877 -49.500
  -6.665 -49.500     NaN
  -6.663 -49.500     NaN
  -6.661 -16.483 -16.752
  -6.658 -16.472 -49.500
  -6.656 -49.500 -49.500
  -6.654 -49.500 -49.500
  -6.652 -49.500     NaN
  -6.650 -49.500 -49.500
  -6.648 -15.396 -49.500
  -6.646 -49.500     NaN
  -6.644 -16.722 -49.500
  -6.642 -15.818 -15.818
  -6.640 -16.069 -16.069
  -6.638 -16.874 -49.500
  -6.636 -16.612 -49.500
  -6.634 -16.662 -16.877
  -6.632 -15.880 -49.500
  -6.630 -16.476 -16.476
  -6.628 -16.564 -49.500
  -6.626 -16.802 -49.500
  -6.624 -49.500 -49.500
  -6.622 -49.500 -49.500
  -6.620 -49.500 -49.500
  -6.618 -49.500 -49.500
  -6.617 -49.500 -49.500
  -6.615 -49.500     NaN
  -6.613 -16.549 -16.549
  -6.611 -49.500 -49.500
  -6.609 -49.500 -49.500
  -6.607 -49.500     NaN
  -6.605 -49.500 -49.500
  -6.603 -49.500     NaN
  -6.602 -16.540 -49.500
  -6.600 -49.500     NaN
  -6.598 -49.500 -49.500
  -6.596 -49.500 -49.500
  -6.594 -49.500 -49.500
