  -8.861 -13.721 -13.721
  -8.599 -13.902 -13.902
  -8.442 -13.999 -13.999
  -8.329 -14.119 -14.119
  -8.239 -14.168 -14.168
  -8.166 -14.084 -14.084
  -8.103 -14.243 -14.243
  -8.048 -14.334 -14.334
  -7.999 -14.307 -14.307
  -7.955 -14.207 -14.391
  -7.916 -14.315 -14.315
  -7.879 -13.796 -14.324
  -7.846 -14.572 -14.572
  -7.815 -14.413 -14.413
  -7.786 -14.539 -14.539
  -7.758 -14.439 -14.439
  -7.733 -14.507 -14.507
  -7.709 -14.708 -14.708
  -7.686 -14.867 -14.867
  -7.664 -14.590 -14.590
  -7.643 -14.856 -14.856
  -7.624 -14.864 -14.864
  -7.605 -14.660 -14.660
  -7.586 -14.863 -14.863
  -7.569 -14.632 -14.984
  -7.552 -15.012 -15.012
  -7.536 -14.563 -15.030
  -7.521 -14.865 -14.865
  -7.506 -15.030 -15.030
  -7.491 -15.021 -15.021
  -7.477 -14.864 -14.864
  -7.464 -14.491 -14.769
  -7.451 -15.153 -15.153
  -7.438 -15.413 -15.413
  -7.425 -15.078 -15.078
  -7.413 -15.299 -15.299
  -7.401 -15.204 -15.204
  -7.390 -14.801 -15.349
  -7.379 -14.807 -15.016
  -7.368 -14.454 -15.183
  -7.357 -15.329 -15.481
  -7.347 -15.446 -15.446
  -7.337 -15.126 -15.126
  -7.327 -15.154 -15.154
  -7.317 -15.114 -15.331
  -7.308 -14.733 -15.235
  -7.299 -15.243 -15.412
  -7.290 -14.693 -15.252
  -7.281 -14.269 -14.558
  -7.272 -15.307 -15.307
  -7.264 -14.076 -15.525
  -7.255 -15.459 -15.726
  -7.247 -15.373 -15.373
  -7.239 -15.035 -15.252
  -7.231 -15.698 -15.698
  -7.223 -15.228 -15.443
  -7.216 -15.164 -15.497
  -7.208 -15.347 -15.347
  -7.201 -14.971 -15.773
  -7.194 -15.444 -15.600
  -7.187 -15.362 -15.362
  -7.180 -15.698 -15.698
  -7.173 -15.640 -15.808
  -7.166 -15.474 -15.474
  -7.159 -15.958 -15.958
  -7.153 -14.753 -15.593
  -7.146 -15.646 -15.891
  -7.140 -15.726 -15.726
  -7.133 -15.553 -15.762
  -7.127 -15.705 -15.705
  -7.121 -14.808 -15.382
  -7.115 -15.457 -15.649
  -7.109 -15.771 -15.771
  -7.103 -15.539 -16.023
  -7.098 -15.435 -15.622
  -7.092 -15.867 -16.028
  -7.086 -15.587 -15.842
  -7.081 -15.689 -16.010
  -7.075 -15.152 -15.535
  -7.070 -14.890 -15.188
  -7.064 -15.405 -15.651
  -7.059 -14.114 -15.725
  -7.054 -15.055 -16.038
  -7.049 -16.106 -16.106
  -7.043 -16.087 -16.087
  -7.038 -15.940 -15.940
  -7.033 -15.920 -15.920
  -7.029 -15.810 -16.090
  -7.024 -15.666 -15.666
  -7.019 -16.167 -16.167
  -7.014 -15.251 -15.251
  -7.009 -15.660 -16.029
  -7.005 -16.077 -16.077
  -7.000 -16.020 -16.171
  -6.995 -15.314 -16.034
  -6.991 -15.898 -16.244
  -6.986 -16.241 -16.241
  -6.982 -16.087 -16.087
  -6.978 -15.844 -16.036
  -6.973 -15.859 -15.859
  -6.969 -15.755 -16.309
  -6.965 -16.732 -16.900
  -6.961 -16.250 -16.455
  -6.956 -15.490 -15.490
  -6.952 -15.562 -15.562
  -6.948 -16.140 -16.342
  -6.944 -16.115 -16.300
  -6.940 -16.295 -16.513
  -6.936 -15.978 -16.183
  -6.932 -16.273 -16.443
  -6.928 -16.029 -16.214
  -6.924 -15.997 -16.166
  -6.920 -16.612 -16.819
  -6.917 -16.069 -16.435
  -6.913 -16.003 -16.003
  -6.909 -16.850 -17.055
  -6.905 -15.284 -16.126
  -6.902 -15.963 -16.186
  -6.898 -16.078 -16.564
  -6.894 -14.702 -16.412
  -6.891 -16.391 -16.735
  -6.887 -15.827 -16.126
  -6.884 -16.447 -16.797
  -6.880 -15.965 -16.258
  -6.877 -16.550 -16.706
  -6.873 -16.005 -16.005
  -6.870 -16.231 -16.490
  -6.867 -16.830 -17.030
  -6.863 -15.405 -15.634
  -6.860 -14.038 -16.498
  -6.857 -16.316 -16.600
  -6.853 -15.906 -16.189
  -6.850 -16.332 -16.804
  -6.847 -16.321 -16.321
  -6.844 -16.158 -16.364
  -6.840 -49.500     NaN
  -6.837 -16.858 -49.500
  -6.834 -15.866 -16.916
  -6.831 -16.026 -16.269
  -6.828 -49.500     NaN
  -6.825 -49.500     NaN
  -6.822 -16.637 -16.938
  -6.819 -16.453 -16.617
  -6.816 -16.368 -16.697
  -6.813 -15.588 -16.379
  -6.810 -15.848 -16.069
  -6.807 -16.690 -49.500
  -6.804 -15.905 -49.500
  -6.801 -16.489 -16.489
  -6.798 -16.241 -49.500
  -6.795 -15.437 -15.820
  -6.792 -16.414 -16.414
  -6.789 -16.371 -49.500
  -6.787 -16.352 -16.713
  -6.784 -15.705 -16.479
  -6.781 -16.205 -16.628
  -6.778 -49.500     NaN
  -6.775 -16.328 -49.500
  -6.773 -49.500 -49.500
  -6.770 -16.110 -16.635
  -6.767 -16.474 -16.700
  -6.765 -49.500 -49.500
  -6.762 -16.025 -49.500
  -6.759 -16.820 -17.146
  -6.757 -15.971 -49.500
  -6.754 -16.208 -16.643
  -6.751 -16.108 -16.304
  -6.749 -49.500     NaN
  -6.746 -16.513 -16.692
  -6.744 -15.643 -49.500
  -6.741 -49.500     NaN
  -6.739 -16.994 -49.500
  -6.736 -15.803 -15.958
  -6.734 -49.500     NaN
  -6.731 -49.500     NaN
  -6.729 -49.500 -49.500
  -6.726 -16.704 -49.500
  -6.724 -17.084 -49.500
  -6.721 -16.453 -49.500
  -6.719 -49.500 -49.500
  -6.717 -49.500     NaN
  -6.714 -14.600 -16.801
  -6.712 -49.500     NaN
  -6.709 -49.500     NaN
  -6.707 -49.500     NaN
  -6.705 -15.962 -49.500
  -6.702 -16.917 -49.500
  -6.700 -16.233 -16.712
  -6.698 -49.500     NaN
  -6.696 -16.581 -49.500
  -6.693 -49.500 -49.500
  -6.691 -15.711 -49.500
  -6.689 -16.674 -49.500
  -6.687 -49.500 -49.500
  -6.684 -49.500 -49.500
  -6.682 -49.500 -49.500
  -6.680 -16.659 -49.500
  -6.678 -15.860 -49.500
  -6.675 -49.500 -49.500
  -6.673 -49.500     NaN
  -6.671 -49.500 -49.500
  -6.669 -16.292 -49.500
  -6.667 -15.243 -49.500
  -6.665 -49.500 -49.500
  -6.663 -49.500     NaN
  -6.661 -49.500 -49.500
  -6.658 -15.910 -15.910
  -6.656 -15.076 -15.076
  -6.654 -49.500     NaN
  -6.652 -14.079 -49.500
  -6.650 -16.868 -49.500
  -6.648 -16.474 -16.663
  -6.646 -49.500 -49.500
  -6.644 -16.549 -49.500
  -6.642 -49.500 -49.500
  -6.640 -16.833 -49.500
  -6.638 -49.500 -49.500
  -6.636 -49.500     NaN
  -6.634 -16.460 -16.460
  -6.632 -49.500 -49.500
  -6.630 -49.500     NaN
  -6.628 -49.500 -49.500
  -6.626 -16.588 -49.500
  -6.624 -49.500     NaN
  -6.622 -16.484 -16.484
  -6.620 -49.500     NaN
  -6.618 -49.500 -49.500
  -6.617 -49.500     NaN
  -6.615 -15.966 -49.500
  -6.613 -49.500     NaN
  -6.611 -49.500 -49.500
  -6.609 -16.493 -49.500
  -6.607 -49.500 -49.500
  -6.605 -49.500     NaN
  -6.603 -49.500 -49.500
  -6.602 -16.631 -49.500
  -6.600 -49.500     NaN
  -6.598 -16.128 -49.500
  -6.596 -49.500 -49.500
  -6.594 -15.960 -15.960
