  -8.861 -13.787 -13.787
  -8.599 -13.820 -13.820
  -8.442 -13.971 -13.971
  -8.329 -14.073 -14.073
  -8.239 -14.200 -14.200
  -8.166 -14.140 -14.140
  -8.103 -14.273 -14.273
  -8.048 -14.109 -14.267
  -7.999 -14.397 -14.397
  -7.955 -14.311 -14.311
  -7.916 -14.493 -14.493
  -7.879 -14.501 -14.501
  -7.846 -14.472 -14.472
  -7.815 -14.378 -14.378
  -7.786 -14.479 -14.479
  -7.758 -14.198 -14.522
  -7.733 -14.633 -14.633
  -7.709 -14.655 -14.655
  -7.686 -14.813 -14.813
  -7.664 -14.716 -14.716
  -7.643 -14.619 -14.619
  -7.624 -15.019 -15.019
  -7.605 -14.743 -14.932
  -7.586 -14.800 -14.800
  -7.569 -14.837 -14.837
  -7.552 -14.639 -14.997
  -7.536 -14.879 -14.879
  -7.521 -14.719 -14.969
  -7.506 -15.080 -15.080
  -7.491 -14.813 -14.813
  -7.477 -15.088 -15.088
  -7.464 -14.938 -14.938
  -7.451 -14.778 -15.111
  -7.438 -15.180 -15.180
  -7.425 -14.843 -15.330
  -7.413 -14.841 -15.423
  -7.401 -15.030 -15.197
  -7.390 -15.157 -15.157
  -7.379 -15.141 -15.141
  -7.368 -15.217 -15.217
  -7.357 -15.235 -15.235
  -7.347 -15.621 -15.621
  -7.337 -14.879 -15.503
  -7.327 -15.073 -15.284
  -7.317 -15.235 -15.434
  -7.308 -15.476 -15.476
  -7.299 -15.288 -15.288
  -7.290 -15.366 -15.554
  -7.281 -14.943 -15.158
  -7.272 -15.415 -15.415
  -7.264 -15.471 -15.471
  -7.255 -14.971 -15.185
  -7.247 -15.523 -15.769
  -7.239 -15.494 -15.494
  -7.231 -15.789 -15.789
  -7.223 -15.011 -15.219
  -7.216 -15.339 -15.339
  -7.208 -15.383 -15.580
  -7.201 -15.804 -15.804
  -7.194 -15.151 -15.545
  -7.187 -15.112 -15.691
  -7.180 -15.394 -15.394
  -7.173 -14.453 -15.508
  -7.166 -15.541 -15.710
  -7.159 -15.230 -15.578
  -7.153 -15.294 -15.931
  -7.146 -15.748 -15.748
  -7.140 -15.225 -15.378
  -7.133 -15.525 -15.719
  -7.127 -15.377 -15.555
  -7.121 -15.936 -15.936
  -7.115 -15.736 -15.736
  -7.109 -15.619 -15.619
  -7.103 -15.507 -16.068
  -7.098 -15.945 -15.945
  -7.092 -15.202 -15.398
  -7.086 -16.107 -16.107
  -7.081 -15.813 -15.813
  -7.075 -16.053 -16.053
  -7.070 -15.802 -15.802
  -7.064 -15.961 -16.157
  -7.059 -16.085 -16.085
  -7.054 -16.556 -16.556
  -7.049 -15.424 -15.865
  -7.043 -15.123 -16.008
  -7.038 -15.567 -15.567
  -7.033 -16.297 -16.297
  -7.029 -15.921 -16.328
  -7.024 -15.929 -15.929
  -7.019 -15.439 -15.680
  -7.014 -15.835 -16.051
  -7.009 -15.840 -15.840
  -7.005 -16.275 -16.275
  -7.000 -15.167 -15.926
  -6.995 -16.166 -16.390
  -6.991 -15.698 -15.978
  -6.986 -15.509 -15.909
  -6.982 -16.076 -16.505
  -6.978 -16.049 -16.049
  -6.973 -16.300 -16.300
  -6.969 -15.785 -16.206
  -6.965 -16.054 -16.362
  -6.961 -14.604 -16.208
  -6.956 -15.532 -15.844
  -6.952 -16.265 -16.504
  -6.948 -15.722 -16.131
  -6.944 -16.096 -16.096
  -6.940 -16.256 -16.256
  -6.936 -16.722 -16.888
  -6.932 -16.067 -16.067
  -6.928 -15.578 -16.215
  -6.924 -16.143 -16.334
  -6.920 -15.935 -16.381
  -6.917 -16.327 -16.327
  -6.913 -16.451 -17.114
  -6.909 -16.134 -16.493
  -6.905 -16.374 -23.088
  -6.902 -16.561 -16.946
  -6.898 -16.050 -16.050
  -6.894 -16.199 -16.465
  -6.891 -16.087 -16.490
  -6.887 -16.535 -17.029
  -6.884 -16.186 -16.186
  -6.880 -16.757 -17.067
  -6.877 -15.325 -15.542
  -6.873 -16.256 -16.590
  -6.870 -16.104 -16.104
  -6.867 -16.314 -16.636
  -6.863 -15.697 -15.697
  -6.860 -16.340 -16.827
  -6.857 -16.395 -16.933
  -6.853 -14.995 -16.694
  -6.850 -15.788 -16.373
  -6.847 -16.305 -16.305
  -6.844 -16.094 -17.153
  -6.840 -16.144 -16.144
  -6.837 -16.011 -16.319
  -6.834 -16.328 -16.625
  -6.831 -16.636 -16.940
  -6.828 -16.639 -17.297
  -6.825 -16.022 -16.591
  -6.822 -16.166 -49.500
  -6.819 -16.407 -16.407
  -6.816 -16.062 -16.470
  -6.813 -15.889 -16.872
  -6.810 -16.430 -49.500
  -6.807 -16.450 -16.450
  -6.804 -16.087 -16.087
  -6.801 -16.531 -16.912
  -6.798 -16.063 -16.063
  -6.795 -49.500     NaN
  -6.792 -16.101 -49.500
  -6.789 -16.463 -16.652
  -6.787 -49.500     NaN
  -6.784 -49.500     NaN
  -6.781 -15.803 -16.498
  -6.778 -16.295 -16.724
  -6.775 -17.111 -49.500
  -6.773 -16.342 -16.640
  -6.770 -49.500     NaN
  -6.767 -49.500     NaN
  -6.765 -49.500     NaN
  -6.762 -49.500     NaN
  -6.759 -49.500     NaN
  -6.757 -16.062 -17.139
  -6.754 -16.539 -16.539
  -6.751 -49.500 -49.500
  -6.749 -16.267 -16.886
  -6.746 -16.668 -16.881
  -6.744 -16.748 -49.500
  -6.741 -49.500     NaN
  -6.739 -16.105 -49.500
  -6.736 -16.942 -49.500
  -6.734 -49.500     NaN
  -6.731 -16.327 -49.500
  -6.729 -15.109 -16.886
  -6.726 -15.669 -15.669
  -6.724 -49.500     NaN
  -6.721 -49.500 -49.500
  -6.719 -49.500     NaN
  -6.717 -49.500     NaN
  -6.714 -16.602 -16.602
  -6.712 -15.703 -15.899
  -6.709 -49.500 -49.500
  -6.707 -16.621 -49.500
  -6.705 -15.104 -16.388
  -6.702 -49.500     NaN
  -6.700 -16.579 -49.500
  -6.698 -14.389 -49.500
  -6.696 -16.141 -49.500
  -6.693 -49.500     NaN
  -6.691 -16.518 -49.500
  -6.689 -15.876 -16.468
  -6.687 -16.336 -49.500
  -6.684 -16.271 -49.500
  -6.682 -16.815 -16.815
  -6.680 -15.640 -49.500
  -6.678 -14.722 -16.082
  -6.675 -16.474 -49.500
  -6.673 -49.500 -49.500
  -6.671 -49.500     NaN
  -6.669 -15.992 -49.500
  -6.667 -16.113 -49.500
  -6.665 -49.500 -49.500
  -6.663 -49.500 -49.500
  -6.661 -49.500     NaN
  -6.658 -16.003 -49.500
  -6.656 -49.500 -49.500
  -6.654 -16.671 -16.671
  -6.652 -16.279 -49.500
  -6.650 -49.500     NaN
  -6.648 -49.500     NaN
  -6.646 -16.365 -16.365
  -6.644 -49.500     NaN
  -6.642 -16.172 -49.500
  -6.640 -49.500     NaN
  -6.638 -15.982 -49.500
  -6.636 -49.500     NaN
  -6.634 -16.045 -49.500
  -6.632 -49.500 -49.500
  -6.630 -49.500 -49.500
  -6.628 -49.500     NaN
  -6.626 -16.858 -16.858
  -6.624 -15.132 -49.500
  -6.622 -15.627 -49.500
  -6.620 -49.500 -49.500
  -6.618 -49.500 -49.500
  -6.617 -16.447 -49.500
  -6.615 -49.500     NaN
  -6.613 -49.500 -49.500
  -6.611 -49.500 -49.500
  -6.609 -49.500 -49.500
  -6.607 -16.405 -16.779
  -6.605 -16.828 -49.500
  -6.603 -49.500 -49.500
  -6.602 -49.500 -49.500
  -6.600 -49.500     NaN
  -6.598 -49.500 -49.500
  -6.596 -15.733 -16.459
  -6.594 -16.677 -49.500
