  -8.861 -14.260 -14.260
  -8.599 -14.391 -14.391
  -8.442 -14.422 -14.422
  -8.329 -14.515 -14.515
  -8.239 -14.565 -14.565
  -8.166 -14.587 -14.587
  -8.103 -14.364 -14.616
  -8.048 -14.619 -14.619
  -7.999 -14.578 -14.578
  -7.955 -14.821 -14.821
  -7.916 -14.710 -14.710
  -7.879 -14.727 -14.727
  -7.846 -14.858 -14.858
  -7.815 -14.815 -14.815
  -7.786 -14.856 -14.856
  -7.758 -14.978 -14.978
  -7.733 -14.937 -14.937
  -7.709 -14.343 -15.027
  -7.686 -14.967 -15.130
  -7.664 -15.049 -15.049
  -7.643 -15.140 -15.140
  -7.624 -14.994 -14.994
  -7.605 -15.160 -15.160
  -7.586 -15.089 -15.089
  -7.569 -14.484 -15.002
  -7.552 -15.265 -15.265
  -7.536 -15.241 -15.241
  -7.521 -14.864 -15.165
  -7.506 -15.249 -15.249
  -7.491 -15.035 -15.035
  -7.477 -15.198 -15.198
  -7.464 -14.949 -14.949
  -7.451 -15.087 -15.249
  -7.438 -15.249 -15.249
  -7.425 -15.439 -15.439
  -7.413 -14.959 -15.114
  -7.401 -15.399 -15.399
  -7.390 -15.028 -15.241
  -7.379 -14.996 -15.445
  -7.368 -15.264 -15.556
  -7.357 -14.924 -15.426
  -7.347 -14.601 -15.017
  -7.337 -15.041 -15.401
  -7.327 -15.273 -15.273
  -7.317 -15.290 -15.290
  -7.308 -15.235 -15.235
  -7.299 -15.266 -15.266
  -7.290 -15.201 -15.600
  -7.281 -15.395 -15.395
  -7.272 -15.491 -15.823
  -7.264 -15.450 -15.450
  -7.255 -15.341 -15.341
  -7.247 -15.656 -15.656
  -7.239 -15.666 -15.666
  -7.231 -15.123 -15.490
  -7.223 -15.724 -15.724
  -7.216 -15.388 -15.550
  -7.208 -15.631 -15.631
  -7.201 -15.177 -16.014
  -7.194 -15.436 -15.727
  -7.187 -14.646 -15.856
  -7.180 -15.570 -15.881
  -7.173 -15.583 -15.583
  -7.166 -15.719 -15.719
  -7.159 -15.338 -15.553
  -7.153 -13.680 -16.108
  -7.146 -15.785 -15.953
  -7.140 -15.992 -15.992
  -7.133 -15.834 -15.834
  -7.127 -14.981 -15.381
  -7.121 -15.574 -16.282
  -7.115 -15.711 -16.073
  -7.109 -15.593 -15.811
  -7.103 -15.802 -15.802
  -7.098 -16.051 -16.240
  -7.092 -15.778 -16.258
  -7.086 -15.280 -15.720
  -7.081 -15.696 -16.061
  -7.075 -15.580 -15.918
  -7.070 -15.822 -16.128
  -7.064 -16.133 -16.133
  -7.059 -16.000 -16.164
  -7.054 -15.916 -15.916
  -7.049 -15.814 -16.009
  -7.043 -15.872 -16.054
  -7.038 -15.875 -15.875
  -7.033 -16.164 -16.324
  -7.029 -15.730 -15.730
  -7.024 -16.419 -16.585
  -7.019 -16.100 -16.271
  -7.014 -14.958 -15.672
  -7.009 -15.790 -16.049
  -7.005 -15.270 -16.244
  -7.000 -16.292 -16.549
  -6.995 -16.219 -16.397
  -6.991 -15.886 -16.126
  -6.986 -16.272 -16.272
  -6.982 -16.015 -16.174
  -6.978 -15.935 -16.138
  -6.973 -16.011 -16.225
  -6.969 -15.537 -15.833
  -6.965 -15.161 -15.795
  -6.961 -16.815 -17.310
  -6.956 -16.128 -16.605
  -6.952 -16.297 -16.297
  -6.948 -16.537 -16.693
  -6.944 -16.688 -16.919
  -6.940 -15.812 -16.444
  -6.936 -16.362 -16.646
  -6.932 -16.201 -16.465
  -6.928 -15.740 -49.500
  -6.924 -16.023 -16.230
  -6.920 -15.578 -16.537
  -6.917 -15.663 -16.414
  -6.913 -13.932 -16.415
  -6.909 -16.229 -16.384
  -6.905 -15.874 -16.334
  -6.902 -16.375 -17.404
  -6.898 -16.484 -22.019
  -6.894 -16.013 -16.248
  -6.891 -15.434 -15.850
  -6.887 -17.056 -49.500
  -6.884 -15.738 -16.445
  -6.880 -16.000 -16.443
  -6.877 -16.609 -16.831
  -6.873 -16.787 -49.500
  -6.870 -16.353 -16.638
  -6.867 -16.460 -16.780
  -6.863 -17.013 -49.500
  -6.860 -16.270 -17.109
  -6.857 -16.308 -16.570
  -6.853 -16.086 -49.500
  -6.850 -16.234 -16.642
  -6.847 -15.281 -15.945
  -6.844 -16.232 -16.661
  -6.840 -16.701 -49.500
  -6.837 -15.453 -16.448
  -6.834 -16.467 -16.929
  -6.831 -15.659 -16.511
  -6.828 -16.030 -16.517
  -6.825 -16.018 -16.813
  -6.822 -15.599 -49.500
  -6.819 -15.235 -15.793
  -6.816 -15.772 -16.283
  -6.813 -15.988 -16.378
  -6.810 -49.500     NaN
  -6.807 -49.500     NaN
  -6.804 -16.243 -49.500
  -6.801 -49.500     NaN
  -6.798 -49.500     NaN
  -6.795 -16.202 -49.500
  -6.792 -16.747 -49.500
  -6.789 -16.698 -17.048
  -6.787 -49.500     NaN
  -6.784 -16.736 -49.500
  -6.781 -16.301 -16.476
  -6.778 -15.808 -16.731
  -6.775 -15.862 -16.124
  -6.773 -49.500     NaN
  -6.770 -16.302 -16.456
  -6.767 -16.659 -17.078
  -6.765 -49.500     NaN
  -6.762 -16.204 -49.500
  -6.759 -49.500 -49.500
  -6.757 -15.492 -16.560
  -6.754 -15.897 -15.897
  -6.751 -15.921 -49.500
  -6.749 -16.337 -16.550
  -6.746 -15.752 -49.500
  -6.744 -49.500     NaN
  -6.741 -15.182 -49.500
  -6.739 -49.500     NaN
  -6.736 -16.527 -49.500
  -6.734 -49.500     NaN
  -6.731 -16.172 -49.500
  -6.729 -17.170 -17.170
  -6.726 -49.500     NaN
  -6.724 -49.500 -49.500
  -6.721 -16.577 -49.500
  -6.719 -15.479 -49.500
  -6.717 -49.500     NaN
  -6.714 -49.500     NaN
  -6.712 -49.500 -49.500
  -6.709 -16.007 -16.007
  -6.707 -49.500 -49.500
  -6.705 -15.862 -49.500
  -6.702 -16.721 -49.500
  -6.700 -49.500     NaN
  -6.698 -49.500     NaN
  -6.696 -15.490 -15.490
  -6.693 -49.500     NaN
  -6.691 -16.353 -16.727
  -6.689 -16.227 -49.500
  -6.687 -15.537 -16.642
  -6.684 -16.374 -16.630
  -6.682 -16.044 -49.500
  -6.680 -49.500     NaN
  -6.678 -49.500 -49.500
  -6.675 -16.626 -49.500
  -6.673 -15.890 -15.890
  -6.671 -15.862 -15.862
  -6.669 -49.500 -49.500
  -6.667 -49.500 -49.500
  -6.665 -49.500 -49.500
  -6.663 -49.500     NaN
  -6.661 -49.500 -49.500
  -6.658 -16.498 -49.500
  -6.656 -15.695 -15.695
  -6.654 -49.500 -49.500
  -6.652 -16.133 -49.500
  -6.650 -15.624 -16.265
  -6.648 -49.500 -49.500
  -6.646 -49.500 -49.500
  -6.644 -49.500 -49.500
  -6.642 -16.032 -16.242
  -6.640 -49.500 -49.500
  -6.638 -49.500     NaN
  -6.636 -49.500 -49.500
  -6.634 -15.763 -15.763
  -6.632 -16.539 -49.500
  -6.630 -49.500     NaN
  -6.628 -49.500 -49.500
  -6.626 -49.500 -49.500
  -6.624 -16.597 -16.597
  -6.622 -49.500 -49.500
  -6.620 -49.500 -49.500
  -6.618 -15.865 -15.865
  -6.617 -49.500     NaN
  -6.615 -16.413 -16.413
  -6.613 -49.500 -49.500
  -6.611 -16.673 -16.673
  -6.609 -49.500 -49.500
  -6.607 -16.376 -49.500
  -6.605 -49.500 -49.500
  -6.603 -49.500 -49.500
  -6.602 -49.500 -49.500
  -6.600 -49.500 -49.500
  -6.598 -15.759 -15.759
  -6.596 -49.500 -49.500
  -6.594 -49.500     NaN
