  -8.861 -14.263 -14.263
  -8.599 -14.310 -14.310
  -8.442 -14.460 -14.460
  -8.329 -14.529 -14.529
  -8.239 -14.524 -14.524
  -8.166 -14.569 -14.569
  -8.103 -14.619 -14.619
  -8.048 -14.726 -14.726
  -7.999 -14.743 -14.743
  -7.955 -14.777 -14.777
  -7.916 -14.866 -14.866
  -7.879 -14.703 -14.703
  -7.846 -14.014 -14.943
  -7.815 -14.818 -14.818
  -7.786 -14.285 -14.892
  -7.758 -14.836 -14.836
  -7.733 -15.038 -15.038
  -7.709 -15.108 -15.108
  -7.686 -15.030 -15.030
  -7.664 -14.924 -14.924
  -7.643 -14.865 -14.865
  -7.624 -15.189 -15.189
  -7.605 -15.048 -15.048
  -7.586 -15.184 -15.184
  -7.569 -15.031 -15.031
  -7.552 -14.998 -14.998
  -7.536 -15.143 -15.143
  -7.521 -14.975 -15.249
  -7.506 -15.318 -15.318
  -7.491 -15.220 -15.220
  -7.477 -15.165 -15.336
  -7.464 -15.179 -15.179
  -7.451 -15.089 -15.089
  -7.438 -15.159 -15.159
  -7.425 -15.331 -15.331
  -7.413 -15.246 -15.246
  -7.401 -15.267 -15.267
  -7.390 -15.221 -15.221
  -7.379 -15.508 -15.508
  -7.368 -15.374 -15.374
  -7.357 -15.192 -15.192
  -7.347 -15.206 -15.377
  -7.337 -15.002 -15.002
  -7.327 -15.582 -15.582
  -7.317 -15.267 -15.492
  -7.308 -15.053 -15.421
  -7.299 -15.595 -15.595
  -7.290 -15.554 -15.554
  -7.281 -15.065 -15.788
  -7.272 -15.174 -15.758
  -7.264 -15.662 -15.662
  -7.255 -15.479 -15.675
  -7.247 -15.728 -15.728
  -7.239 -15.805 -15.805
  -7.231 -15.250 -15.663
  -7.223 -14.333 -15.444
  -7.216 -15.509 -15.509
  -7.208 -15.873 -15.873
  -7.201 -15.771 -15.771
  -7.194 -15.854 -15.854
  -7.187 -15.720 -15.720
  -7.180 -15.255 -15.820
  -7.173 -15.842 -15.842
  -7.166 -15.553 -15.553
  -7.159 -14.954 -15.912
  -7.153 -15.961 -15.961
  -7.146 -15.736 -15.736
  -7.140 -15.623 -15.854
  -7.133 -16.227 -16.227
  -7.127 -15.975 -15.975
  -7.121 -15.692 -15.982
  -7.115 -15.558 -15.819
  -7.109 -15.523 -15.523
  -7.103 -15.698 -16.171
  -7.098 -15.422 -15.664
  -7.092 -15.799 -15.953
  -7.086 -15.738 -16.009
  -7.081 -15.478 -16.250
  -7.075 -16.043 -16.043
  -7.070 -15.795 -15.795
  -7.064 -16.105 -16.291
  -7.059 -15.093 -15.726
  -7.054 -15.868 -16.277
  -7.049 -16.361 -16.361
  -7.043 -15.964 -15.964
  -7.038 -15.861 -16.037
  -7.033 -15.056 -15.631
  -7.029 -16.132 -16.368
  -7.024 -16.014 -16.176
  -7.019 -16.000 -16.000
  -7.014 -15.527 -15.832
  -7.009 -16.037 -16.408
  -7.005 -16.150 -16.370
  -7.000 -16.189 -16.189
  -6.995 -16.065 -16.065
  -6.991 -15.990 -15.990
  -6.986 -15.957 -16.126
  -6.982 -16.380 -16.606
  -6.978 -14.982 -15.857
  -6.973 -16.183 -16.183
  -6.969 -15.908 -16.275
  -6.965 -15.632 -15.632
  -6.961 -14.492 -16.559
  -6.956 -15.775 -15.775
  -6.952 -16.280 -16.280
  -6.948 -16.150 -16.328
  -6.944 -16.568 -22.621
  -6.940 -16.249 -16.249
  -6.936 -16.831 -49.500
  -6.932 -16.029 -16.266
  -6.928 -15.940 -15.940
  -6.924 -15.925 -16.100
  -6.920 -15.943 -16.586
  -6.917 -16.784 -17.101
  -6.913 -15.565 -16.904
  -6.909 -16.450 -16.450
  -6.905 -16.148 -17.076
  -6.902 -15.961 -16.311
  -6.898 -15.551 -16.143
  -6.894 -15.777 -16.000
  -6.891 -16.383 -16.579
  -6.887 -15.638 -16.489
  -6.884 -16.990 -49.500
  -6.880 -15.354 -16.084
  -6.877 -16.158 -16.390
  -6.873 -16.430 -17.258
  -6.870 -16.452 -16.680
  -6.867 -15.937 -16.093
  -6.863 -16.306 -16.544
  -6.860 -16.632 -17.133
  -6.857 -15.290 -16.122
  -6.853 -16.383 -16.591
  -6.850 -16.765 -49.500
  -6.847 -15.697 -15.911
  -6.844 -16.302 -49.500
  -6.840 -16.483 -49.500
  -6.837 -16.112 -16.906
  -6.834 -16.477 -17.009
  -6.831 -49.500 -49.500
  -6.828 -16.685 -49.500
  -6.825 -16.705 -49.500
  -6.822 -49.500     NaN
  -6.819 -16.736 -49.500
  -6.816 -16.985 -49.500
  -6.813 -16.444 -16.968
  -6.810 -16.553 -49.500
  -6.807 -49.500     NaN
  -6.804 -49.500 -49.500
  -6.801 -16.489 -16.489
  -6.798 -15.588 -16.136
  -6.795 -16.502 -49.500
  -6.792 -16.162 -16.848
  -6.789 -49.500 -49.500
  -6.787 -16.705 -49.500
  -6.784 -49.500     NaN
  -6.781 -49.500     NaN
  -6.778 -15.358 -16.223
  -6.775 -49.500 -49.500
  -6.773 -16.195 -49.500
  -6.770 -17.095 -49.500
  -6.767 -16.942 -49.500
  -6.765 -16.536 -49.500
  -6.762 -16.331 -49.500
  -6.759 -16.485 -49.500
  -6.757 -49.500     NaN
  -6.754 -16.104 -49.500
  -6.751 -15.914 -49.500
  -6.749 -49.500 -49.500
  -6.746 -16.019 -49.500
  -6.744 -49.500     NaN
  -6.741 -16.757 -49.500
  -6.739 -16.468 -49.500
  -6.736 -16.659 -49.500
  -6.734 -16.404 -49.500
  -6.731 -49.500 -49.500
  -6.729 -16.812 -16.986
  -6.726 -49.500     NaN
  -6.724 -16.772 -49.500
  -6.721 -49.500 -49.500
  -6.719 -49.500 -49.500
  -6.717 -16.480 -16.850
  -6.714 -16.439 -16.879
  -6.712 -15.850 -16.722
  -6.709 -15.856 -16.216
  -6.707 -49.500     NaN
  -6.705 -16.942 -49.500
  -6.702 -16.316 -49.500
  -6.700 -49.500 -49.500
  -6.698 -16.655 -49.500
  -6.696 -16.334 -49.500
  -6.693 -16.088 -49.500
  -6.691 -16.748 -16.748
  -6.689 -49.500 -49.500
  -6.687 -49.500 -49.500
  -6.684 -16.495 -49.500
  -6.682 -16.188 -16.499
  -6.680 -16.509 -49.500
  -6.678 -15.809 -49.500
  -6.675 -49.500     NaN
  -6.673 -49.500 -49.500
  -6.671 -16.163 -16.163
  -6.669 -49.500 -49.500
  -6.667 -49.500 -49.500
  -6.665 -16.802 -49.500
  -6.663 -16.616 -49.500
  -6.661 -49.500 -49.500
  -6.658 -49.500 -49.500
  -6.656 -49.500 -49.500
  -6.654 -16.420 -16.611
  -6.652 -49.500     NaN
  -6.650 -49.500 -49.500
  -6.648 -49.500 -49.500
  -6.646 -16.000 -16.206
  -6.644 -16.655 -16.655
  -6.642 -16.426 -49.500
  -6.640 -49.500 -49.500
  -6.638 -49.500 -49.500
  -6.636 -49.500 -49.500
  -6.634 -49.500 -49.500
  -6.632 -16.763 -49.500
  -6.630 -49.500     NaN
  -6.628 -49.500 -49.500
  -6.626 -49.500 -49.500
  -6.624 -49.500     NaN
  -6.622 -49.500     NaN
  -6.620 -16.031 -16.031
  -6.618 -16.088 -49.500
  -6.617 -15.477 -49.500
  -6.615 -49.500 -49.500
  -6.613 -49.500     NaN
  -6.611 -49.500 -49.500
  -6.609 -15.543 -49.500
  -6.607 -49.500 -49.500
  -6.605 -49.500 -49.500
  -6.603 -49.500 -49.500
  -6.602 -49.500     NaN
  -6.600 -49.500     NaN
  -6.598 -49.500 -49.500
  -6.596 -16.063 -16.063
  -6.594 -49.500 -49.500
