  -8.861 -14.253 -14.253
  -8.599 -14.350 -14.350
  -8.442 -14.455 -14.455
  -8.329 -14.526 -14.526
  -8.239 -14.543 -14.543
  -8.166 -14.617 -14.617
  -8.103 -14.525 -14.525
  -8.048 -14.577 -14.577
  -7.999 -14.684 -14.684
  -7.955 -14.809 -14.809
  -7.916 -14.755 -14.755
  -7.879 -14.786 -14.786
  -7.846 -14.799 -14.799
  -7.815 -14.765 -14.765
  -7.786 -14.843 -14.843
  -7.758 -14.480 -14.670
  -7.733 -14.903 -14.903
  -7.709 -15.008 -15.008
  -7.686 -15.071 -15.071
  -7.664 -15.080 -15.080
  -7.643 -14.985 -14.985
  -7.624 -15.056 -15.056
  -7.605 -14.934 -15.114
  -7.586 -15.167 -15.167
  -7.569 -15.163 -15.163
  -7.552 -14.966 -14.966
  -7.536 -15.157 -15.157
  -7.521 -15.305 -15.305
  -7.506 -15.453 -15.453
  -7.491 -15.278 -15.278
  -7.477 -15.347 -15.347
  -7.464 -15.217 -15.217
  -7.451 -15.188 -15.188
  -7.438 -15.148 -15.497
  -7.425 -15.099 -15.338
  -7.413 -15.048 -15.275
  -7.401 -15.549 -15.549
  -7.390 -14.999 -15.178
  -7.379 -15.638 -15.638
  -7.368 -15.329 -15.329
  -7.357 -14.866 -15.073
  -7.347 -14.644 -15.370
  -7.337 -15.324 -15.490
  -7.327 -15.407 -15.407
  -7.317 -15.415 -15.415
  -7.308 -15.433 -15.433
  -7.299 -15.025 -15.520
  -7.290 -14.876 -15.489
  -7.281 -15.522 -15.522
  -7.272 -15.460 -15.460
  -7.264 -15.745 -15.745
  -7.255 -15.674 -15.674
  -7.247 -15.640 -15.640
  -7.239 -15.550 -15.550
  -7.231 -15.422 -15.585
  -7.223 -15.590 -15.795
  -7.216 -15.619 -15.619
  -7.208 -15.463 -15.638
  -7.201 -15.293 -15.293
  -7.194 -15.509 -15.971
  -7.187 -15.673 -15.887
  -7.180 -15.786 -15.995
  -7.173 -14.986 -15.293
  -7.166 -15.709 -16.024
  -7.159 -15.561 -15.776
  -7.153 -15.963 -15.963
  -7.146 -16.148 -16.148
  -7.140 -15.203 -15.859
  -7.133 -15.684 -16.068
  -7.127 -15.848 -15.848
  -7.121 -15.648 -15.868
  -7.115 -15.678 -15.953
  -7.109 -15.890 -15.890
  -7.103 -15.756 -15.756
  -7.098 -15.399 -15.995
  -7.092 -15.862 -15.862
  -7.086 -16.039 -16.039
  -7.081 -15.816 -15.816
  -7.075 -15.777 -15.777
  -7.070 -14.916 -16.018
  -7.064 -15.608 -15.910
  -7.059 -15.740 -15.740
  -7.054 -15.784 -15.938
  -7.049 -15.881 -15.881
  -7.043 -16.421 -16.608
  -7.038 -16.192 -16.407
  -7.033 -15.869 -16.102
  -7.029 -15.416 -16.312
  -7.024 -16.177 -16.177
  -7.019 -15.843 -15.843
  -7.014 -15.868 -16.084
  -7.009 -16.154 -16.154
  -7.005 -16.246 -16.246
  -7.000 -15.633 -16.542
  -6.995 -16.125 -16.315
  -6.991 -16.086 -16.086
  -6.986 -15.828 -15.828
  -6.982 -16.766 -17.042
  -6.978 -16.088 -16.088
  -6.973 -15.783 -16.806
  -6.969 -16.151 -16.399
  -6.965 -15.830 -16.299
  -6.961 -16.361 -16.361
  -6.956 -16.015 -16.015
  -6.952 -16.686 -22.042
  -6.948 -16.280 -16.810
  -6.944 -16.699 -49.500
  -6.940 -16.665 -16.885
  -6.936 -16.095 -16.095
  -6.932 -16.241 -16.241
  -6.928 -15.258 -15.702
  -6.924 -15.635 -15.859
  -6.920 -16.642 -16.883
  -6.917 -16.361 -16.537
  -6.913 -16.508 -16.704
  -6.909 -16.236 -16.236
  -6.905 -16.553 -16.553
  -6.902 -16.620 -16.931
  -6.898 -16.186 -16.490
  -6.894 -15.975 -16.959
  -6.891 -16.207 -16.691
  -6.887 -16.071 -16.314
  -6.884 -15.953 -16.186
  -6.880 -16.583 -16.794
  -6.877 -16.257 -16.793
  -6.873 -17.212 -49.500
  -6.870 -16.177 -16.177
  -6.867 -15.655 -17.238
  -6.863 -16.206 -16.206
  -6.860 -17.398 -49.500
  -6.857 -16.273 -16.527
  -6.853 -16.166 -49.500
  -6.850 -15.538 -16.120
  -6.847 -16.512 -17.205
  -6.844 -16.098 -16.277
  -6.840 -16.874 -49.500
  -6.837 -16.441 -16.988
  -6.834 -15.397 -16.014
  -6.831 -15.707 -16.140
  -6.828 -16.325 -16.695
  -6.825 -16.471 -49.500
  -6.822 -15.972 -16.233
  -6.819 -49.500     NaN
  -6.816 -16.717 -17.007
  -6.813 -16.948 -49.500
  -6.810 -16.009 -17.242
  -6.807 -16.197 -16.445
  -6.804 -49.500     NaN
  -6.801 -16.116 -49.500
  -6.798 -16.689 -49.500
  -6.795 -16.975 -49.500
  -6.792 -16.056 -16.737
  -6.789 -15.890 -15.890
  -6.787 -15.953 -16.382
  -6.784 -49.500     NaN
  -6.781 -49.500 -49.500
  -6.778 -49.500     NaN
  -6.775 -16.424 -16.424
  -6.773 -15.373 -49.500
  -6.770 -16.355 -16.627
  -6.767 -15.845 -16.129
  -6.765 -16.693 -49.500
  -6.762 -16.136 -49.500
  -6.759 -16.367 -49.500
  -6.757 -15.924 -15.924
  -6.754 -49.500     NaN
  -6.751 -16.355 -49.500
  -6.749 -16.322 -16.716
  -6.746 -16.077 -16.722
  -6.744 -49.500     NaN
  -6.741 -17.041 -49.500
  -6.739 -49.500     NaN
  -6.736 -49.500     NaN
  -6.734 -16.553 -49.500
  -6.731 -16.261 -16.261
  -6.729 -49.500     NaN
  -6.726 -15.124 -15.652
  -6.724 -49.500 -49.500
  -6.721 -49.500     NaN
  -6.719 -49.500 -49.500
  -6.717 -16.325 -16.761
  -6.714 -16.341 -49.500
  -6.712 -49.500     NaN
  -6.709 -16.901 -49.500
  -6.707 -16.064 -49.500
  -6.705 -16.114 -16.305
  -6.702 -16.902 -49.500
  -6.700 -49.500     NaN
  -6.698 -49.500 -49.500
  -6.696 -16.877 -49.500
  -6.693 -49.500     NaN
  -6.691 -15.936 -49.500
  -6.689 -49.500     NaN
  -6.687 -16.602 -49.500
  -6.684 -49.500     NaN
  -6.682 -49.500 -49.500
  -6.680 -49.500 -49.500
  -6.678 -49.500 -49.500
  -6.675 -16.427 -49.500
  -6.673 -15.645 -15.645
  -6.671 -49.500 -49.500
  -6.669 -16.249 -49.500
  -6.667 -49.500 -49.500
  -6.665 -16.330 -16.520
  -6.663 -49.500 -49.500
  -6.661 -49.500     NaN
  -6.658 -49.500     NaN
  -6.656 -49.500 -49.500
  -6.654 -49.500     NaN
  -6.652 -16.650 -49.500
  -6.650 -15.786 -15.786
  -6.648 -49.500     NaN
  -6.646 -15.651 -49.500
  -6.644 -49.500 -49.500
  -6.642 -49.500     NaN
  -6.640 -49.500     NaN
  -6.638 -15.933 -15.933
  -6.636 -16.794 -49.500
  -6.634 -49.500 -49.500
  -6.632 -49.500 -49.500
  -6.630 -49.500 -49.500
  -6.628 -49.500 -49.500
  -6.626 -49.500 -49.500
  -6.624 -49.500     NaN
  -6.622 -49.500 -49.500
  -6.620 -49.500 -49.500
  -6.618 -49.500 -49.500
  -6.617 -15.951 -15.951
  -6.615 -49.500 -49.500
  -6.613 -16.313 -49.500
  -6.611 -49.500 -49.500
  -6.609 -16.134 -16.134
  -6.607 -49.500 -49.500
  -6.605 -49.500 -49.500
  -6.603 -16.164 -16.164
  -6.602 -49.500     NaN
  -6.600 -16.145 -49.500
  -6.598 -49.500 -49.500
  -6.596 -49.500 -49.500
  -6.594 -49.500 -49.500
