  -8.861 -14.263 -14.263
  -8.599 -14.369 -14.369
  -8.442 -14.463 -14.463
  -8.329 -14.503 -14.503
  -8.239 -14.580 -14.580
  -8.166 -14.622 -14.622
  -8.103 -14.597 -14.597
  -8.048 -14.670 -14.670
  -7.999 -14.584 -14.584
  -7.955 -14.617 -14.617
  -7.916 -14.798 -14.798
  -7.879 -14.805 -14.805
  -7.846 -14.594 -14.787
  -7.815 -14.821 -14.821
  -7.786 -14.963 -14.963
  -7.758 -14.935 -14.935
  -7.733 -15.090 -15.090
  -7.709 -14.930 -14.930
  -7.686 -14.761 -14.761
  -7.664 -15.059 -15.059
  -7.643 -15.052 -15.052
  -7.624 -14.991 -14.991
  -7.605 -14.851 -15.006
  -7.586 -15.317 -15.317
  -7.569 -15.135 -15.135
  -7.552 -15.261 -15.261
  -7.536 -15.282 -15.282
  -7.521 -15.272 -15.272
  -7.506 -15.168 -15.168
  -7.491 -15.262 -15.262
  -7.477 -14.844 -15.183
  -7.464 -15.191 -15.451
  -7.451 -15.408 -15.408
  -7.438 -14.905 -15.268
  -7.425 -15.114 -15.319
  -7.413 -15.406 -15.406
  -7.401 -15.153 -15.153
  -7.390 -15.404 -15.404
  -7.379 -15.035 -15.272
  -7.368 -15.554 -15.554
  -7.357 -15.265 -15.418
  -7.347 -15.491 -15.491
  -7.337 -15.218 -15.218
  -7.327 -15.229 -15.229
  -7.317 -15.492 -15.492
  -7.308 -15.642 -15.642
  -7.299 -15.679 -15.679
  -7.290 -14.898 -15.419
  -7.281 -15.586 -15.586
  -7.272 -15.559 -15.559
  -7.264 -15.269 -15.568
  -7.255 -15.591 -15.591
  -7.247 -15.187 -15.187
  -7.239 -15.411 -15.411
  -7.231 -15.671 -15.671
  -7.223 -15.302 -15.599
  -7.216 -15.230 -15.509
  -7.208 -15.717 -15.717
  -7.201 -15.539 -15.717
  -7.194 -15.520 -15.520
  -7.187 -15.382 -15.999
  -7.180 -15.252 -15.731
  -7.173 -15.535 -15.703
  -7.166 -15.129 -15.628
  -7.159 -15.645 -15.902
  -7.153 -15.659 -15.832
  -7.146 -15.926 -15.926
  -7.140 -15.562 -15.983
  -7.133 -15.836 -16.120
  -7.127 -15.502 -15.884
  -7.121 -15.258 -15.420
  -7.115 -16.115 -16.115
  -7.109 -15.831 -15.831
  -7.103 -15.606 -15.856
  -7.098 -16.115 -16.390
  -7.092 -15.461 -15.461
  -7.086 -15.858 -15.858
  -7.081 -15.581 -15.836
  -7.075 -15.562 -15.817
  -7.070 -16.082 -16.278
  -7.064 -15.877 -15.877
  -7.059 -15.503 -16.059
  -7.054 -15.814 -15.814
  -7.049 -16.319 -16.319
  -7.043 -15.359 -15.803
  -7.038 -15.533 -16.086
  -7.033 -16.058 -16.058
  -7.029 -15.882 -16.468
  -7.024 -15.740 -16.013
  -7.019 -15.740 -16.033
  -7.014 -16.018 -16.564
  -7.009 -15.503 -15.988
  -7.005 -15.973 -16.160
  -7.000 -15.329 -15.852
  -6.995 -16.037 -16.191
  -6.991 -15.925 -16.278
  -6.986 -15.653 -16.020
  -6.982 -16.158 -16.158
  -6.978 -15.806 -15.806
  -6.973 -15.748 -16.019
  -6.969 -15.628 -15.954
  -6.965 -15.834 -16.163
  -6.961 -17.314 -22.296
  -6.956 -16.028 -16.352
  -6.952 -16.221 -16.528
  -6.948 -14.646 -16.098
  -6.944 -15.741 -15.936
  -6.940 -15.528 -16.008
  -6.936 -15.554 -16.668
  -6.932 -16.228 -16.630
  -6.928 -15.977 -16.271
  -6.924 -16.233 -16.911
  -6.920 -16.443 -16.606
  -6.917 -16.369 -16.706
  -6.913 -16.224 -16.224
  -6.909 -15.491 -15.783
  -6.905 -15.159 -15.984
  -6.902 -17.027 -49.500
  -6.898 -16.111 -16.317
  -6.894 -15.797 -16.406
  -6.891 -17.325 -49.500
  -6.887 -16.321 -16.618
  -6.884 -16.119 -16.522
  -6.880 -16.658 -49.500
  -6.877 -16.337 -16.648
  -6.873 -16.411 -16.812
  -6.870 -16.746 -17.253
  -6.867 -16.488 -16.794
  -6.863 -15.741 -15.741
  -6.860 -17.114 -49.500
  -6.857 -16.059 -16.323
  -6.853 -16.721 -16.873
  -6.850 -16.150 -16.330
  -6.847 -15.993 -16.174
  -6.844 -16.363 -16.561
  -6.840 -15.759 -16.647
  -6.837 -16.920 -17.078
  -6.834 -49.500     NaN
  -6.831 -16.164 -16.672
  -6.828 -16.526 -16.859
  -6.825 -16.552 -16.717
  -6.822 -16.206 -16.478
  -6.819 -15.625 -15.815
  -6.816 -16.393 -16.595
  -6.813 -15.819 -16.287
  -6.810 -15.476 -49.500
  -6.807 -16.403 -49.500
  -6.804 -49.500     NaN
  -6.801 -16.365 -49.500
  -6.798 -17.216 -49.500
  -6.795 -15.918 -49.500
  -6.792 -16.763 -49.500
  -6.789 -16.207 -49.500
  -6.787 -17.106 -49.500
  -6.784 -49.500     NaN
  -6.781 -16.484 -16.484
  -6.778 -16.895 -49.500
  -6.775 -16.351 -49.500
  -6.773 -17.261 -49.500
  -6.770 -16.060 -16.448
  -6.767 -16.059 -16.508
  -6.765 -16.493 -49.500
  -6.762 -16.493 -49.500
  -6.759 -16.226 -16.608
  -6.757 -49.500     NaN
  -6.754 -16.970 -17.187
  -6.751 -16.358 -16.538
  -6.749 -16.893 -49.500
  -6.746 -49.500 -49.500
  -6.744 -49.500     NaN
  -6.741 -49.500     NaN
  -6.739 -15.764 -16.896
  -6.736 -49.500     NaN
  -6.734 -15.921 -15.921
  -6.731 -49.500     NaN
  -6.729 -49.500 -49.500
  -6.726 -49.500 -49.500
  -6.724 -15.918 -16.351
  -6.721 -16.968 -49.500
  -6.719 -16.270 -16.437
  -6.717 -16.981 -49.500
  -6.714 -16.230 -49.500
  -6.712 -16.730 -49.500
  -6.709 -16.542 -49.500
  -6.707 -49.500 -49.500
  -6.705 -16.534 -49.500
  -6.702 -49.500 -49.500
  -6.700 -49.500 -49.500
  -6.698 -16.699 -49.500
  -6.696 -15.166 -49.500
  -6.693 -16.849 -49.500
  -6.691 -49.500 -49.500
  -6.689 -49.500     NaN
  -6.687 -49.500     NaN
  -6.684 -16.390 -49.500
  -6.682 -49.500 -49.500
  -6.680 -16.475 -49.500
  -6.678 -49.500 -49.500
  -6.675 -15.271 -16.456
  -6.673 -49.500     NaN
  -6.671 -15.282 -49.500
  -6.669 -49.500 -49.500
  -6.667 -15.913 -49.500
  -6.665 -49.500     NaN
  -6.663 -16.591 -49.500
  -6.661 -16.036 -49.500
  -6.658 -49.500 -49.500
  -6.656 -49.500 -49.500
  -6.654 -16.388 -16.388
  -6.652 -49.500     NaN
  -6.650 -49.500 -49.500
  -6.648 -49.500 -49.500
  -6.646 -15.567 -49.500
  -6.644 -49.500 -49.500
  -6.642 -49.500 -49.500
  -6.640 -15.591 -49.500
  -6.638 -49.500 -49.500
  -6.636 -16.404 -49.500
  -6.634 -49.500     NaN
  -6.632 -49.500 -49.500
  -6.630 -49.500 -49.500
  -6.628 -49.500 -49.500
  -6.626 -49.500     NaN
  -6.624 -49.500 -49.500
  -6.622 -49.500 -49.500
  -6.620 -49.500 -49.500
  -6.618 -15.687 -16.730
  -6.617 -49.500 -49.500
  -6.615 -49.500 -49.500
  -6.613 -49.500 -49.500
  -6.611 -49.500 -49.500
  -6.609 -49.500 -49.500
  -6.607 -16.228 -16.228
  -6.605 -49.500 -49.500
  -6.603 -49.500 -49.500
  -6.602 -49.500     NaN
  -6.600 -49.500 -49.500
  -6.598 -49.500 -49.500
  -6.596 -49.500 -49.500
  -6.594 -49.500     NaN
