  -8.861 -14.251 -14.251
  -8.599 -14.388 -14.388
  -8.442 -14.460 -14.460
  -8.329 -14.479 -14.479
  -8.239 -14.575 -14.575
  -8.166 -14.515 -14.515
  -8.103 -14.674 -14.674
  -8.048 -14.607 -14.607
  -7.999 -14.628 -14.628
  -7.955 -14.789 -14.789
  -7.916 -14.790 -14.790
  -7.879 -14.956 -14.956
  -7.846 -14.411 -14.773
  -7.815 -14.885 -14.885
  -7.786 -14.894 -14.894
  -7.758 -14.776 -14.946
  -7.733 -14.886 -14.886
  -7.709 -14.939 -14.939
  -7.686 -14.916 -14.916
  -7.664 -14.811 -14.811
  -7.643 -14.935 -15.114
  -7.624 -14.968 -14.968
  -7.605 -15.053 -15.053
  -7.586 -15.212 -15.212
  -7.569 -15.157 -15.157
  -7.552 -15.234 -15.234
  -7.536 -15.118 -15.118
  -7.521 -14.780 -15.142
  -7.506 -15.383 -15.383
  -7.491 -15.105 -15.105
  -7.477 -15.220 -15.220
  -7.464 -15.356 -15.356
  -7.451 -14.746 -15.253
  -7.438 -15.282 -15.282
  -7.425 -15.353 -15.353
  -7.413 -15.109 -15.109
  -7.401 -15.064 -15.233
  -7.390 -14.803 -14.971
  -7.379 -15.508 -15.508
  -7.368 -15.392 -15.392
  -7.357 -15.449 -15.641
  -7.347 -15.461 -15.461
  -7.337 -15.486 -15.486
  -7.327 -15.254 -15.504
  -7.317 -15.575 -15.575
  -7.308 -15.244 -15.501
  -7.299 -15.060 -15.510
  -7.290 -15.283 -15.283
  -7.281 -15.291 -15.291
  -7.272 -15.247 -15.510
  -7.264 -14.885 -15.168
  -7.255 -15.212 -15.379
  -7.247 -15.380 -15.565
  -7.239 -15.450 -15.670
  -7.231 -15.290 -15.610
  -7.223 -15.272 -15.545
  -7.216 -15.739 -15.908
  -7.208 -15.359 -15.566
  -7.201 -15.645 -15.645
  -7.194 -15.678 -15.678
  -7.187 -15.895 -15.895
  -7.180 -15.252 -15.551
  -7.173 -15.764 -15.958
  -7.166 -15.914 -16.066
  -7.159 -15.504 -15.682
  -7.153 -15.803 -15.803
  -7.146 -14.906 -15.672
  -7.140 -15.386 -15.799
  -7.133 -15.900 -15.900
  -7.127 -15.732 -15.732
  -7.121 -16.467 -16.467
  -7.115 -15.782 -15.782
  -7.109 -16.056 -16.056
  -7.103 -15.142 -15.345
  -7.098 -15.777 -16.025
  -7.092 -15.739 -16.080
  -7.086 -15.869 -15.869
  -7.081 -16.005 -16.168
  -7.075 -15.878 -16.066
  -7.070 -15.867 -16.112
  -7.064 -16.001 -16.001
  -7.059 -16.476 -16.719
  -7.054 -15.568 -15.568
  -7.049 -16.134 -16.397
  -7.043 -15.727 -16.049
  -7.038 -16.326 -16.326
  -7.033 -15.793 -16.034
  -7.029 -15.820 -16.354
  -7.024 -16.216 -16.390
  -7.019 -15.977 -16.143
  -7.014 -15.960 -15.960
  -7.009 -16.208 -16.459
  -7.005 -16.715 -16.715
  -7.000 -15.850 -16.167
  -6.995 -15.827 -15.827
  -6.991 -15.871 -16.208
  -6.986 -15.566 -16.560
  -6.982 -15.916 -16.122
  -6.978 -16.409 -16.409
  -6.973 -16.161 -16.584
  -6.969 -15.824 -16.179
  -6.965 -15.261 -15.575
  -6.961 -16.564 -16.794
  -6.956 -16.110 -16.279
  -6.952 -15.578 -16.209
  -6.948 -15.926 -16.571
  -6.944 -16.480 -16.480
  -6.940 -16.183 -16.385
  -6.936 -15.688 -16.214
  -6.932 -15.855 -16.012
  -6.928 -15.641 -15.824
  -6.924 -16.386 -16.386
  -6.920 -15.116 -16.335
  -6.917 -15.867 -16.078
  -6.913 -16.214 -16.371
  -6.909 -15.985 -15.985
  -6.905 -15.782 -16.724
  -6.902 -17.276 -22.582
  -6.898 -16.339 -16.652
  -6.894 -15.293 -16.242
  -6.891 -16.206 -16.825
  -6.887 -15.734 -16.536
  -6.884 -15.974 -16.345
  -6.880 -15.143 -16.012
  -6.877 -16.181 -16.828
  -6.873 -15.837 -16.042
  -6.870 -16.834 -17.149
  -6.867 -16.269 -49.500
  -6.863 -16.571 -16.939
  -6.860 -16.731 -16.968
  -6.857 -16.302 -17.004
  -6.853 -15.286 -16.105
  -6.850 -16.458 -49.500
  -6.847 -16.156 -16.495
  -6.844 -49.500     NaN
  -6.840 -16.192 -16.464
  -6.837 -16.753 -49.500
  -6.834 -16.443 -49.500
  -6.831 -49.500     NaN
  -6.828 -17.063 -49.500
  -6.825 -15.399 -16.499
  -6.822 -15.677 -49.500
  -6.819 -16.717 -16.929
  -6.816 -16.593 -16.749
  -6.813 -15.523 -49.500
  -6.810 -16.053 -49.500
  -6.807 -49.500     NaN
  -6.804 -49.500     NaN
  -6.801 -16.690 -16.907
  -6.798 -16.153 -16.153
  -6.795 -15.965 -49.500
  -6.792 -16.931 -16.931
  -6.789 -49.500     NaN
  -6.787 -16.701 -49.500
  -6.784 -15.824 -16.115
  -6.781 -16.170 -16.323
  -6.778 -16.703 -49.500
  -6.775 -16.505 -49.500
  -6.773 -49.500     NaN
  -6.770 -16.279 -16.551
  -6.767 -16.146 -16.571
  -6.765 -49.500     NaN
  -6.762 -16.820 -17.007
  -6.759 -15.712 -16.520
  -6.757 -49.500     NaN
  -6.754 -49.500     NaN
  -6.751 -15.830 -49.500
  -6.749 -49.500 -49.500
  -6.746 -49.500     NaN
  -6.744 -49.500     NaN
  -6.741 -49.500 -49.500
  -6.739 -49.500     NaN
  -6.736 -16.387 -49.500
  -6.734 -49.500     NaN
  -6.731 -49.500 -49.500
  -6.729 -16.594 -16.594
  -6.726 -16.401 -16.605
  -6.724 -14.676 -16.410
  -6.721 -49.500     NaN
  -6.719 -49.500     NaN
  -6.717 -49.500     NaN
  -6.714 -17.438 -49.500
  -6.712 -49.500     NaN
  -6.709 -15.900 -16.325
  -6.707 -49.500     NaN
  -6.705 -16.345 -49.500
  -6.702 -49.500     NaN
  -6.700 -15.964 -16.495
  -6.698 -15.978 -15.978
  -6.696 -16.927 -49.500
  -6.693 -16.598 -49.500
  -6.691 -49.500 -49.500
  -6.689 -49.500 -49.500
  -6.687 -15.442 -15.442
  -6.684 -49.500 -49.500
  -6.682 -15.943 -15.943
  -6.680 -49.500     NaN
  -6.678 -16.440 -16.440
  -6.675 -17.226 -49.500
  -6.673 -49.500 -49.500
  -6.671 -49.500     NaN
  -6.669 -15.821 -15.821
  -6.667 -49.500     NaN
  -6.665 -49.500     NaN
  -6.663 -49.500 -49.500
  -6.661 -15.545 -15.545
  -6.658 -49.500 -49.500
  -6.656 -49.500 -49.500
  -6.654 -49.500     NaN
  -6.652 -49.500 -49.500
  -6.650 -49.500 -49.500
  -6.648 -49.500 -49.500
  -6.646 -49.500 -49.500
  -6.644 -16.562 -16.562
  -6.642 -16.240 -16.240
  -6.640 -49.500     NaN
  -6.638 -49.500 -49.500
  -6.636 -49.500 -49.500
  -6.634 -49.500 -49.500
  -6.632 -49.500     NaN
  -6.630 -49.500 -49.500
  -6.628 -49.500     NaN
  -6.626 -49.500 -49.500
  -6.624 -49.500 -49.500
  -6.622 -49.500 -49.500
  -6.620 -16.164 -16.775
  -6.618 -49.500 -49.500
  -6.617 -49.500 -49.500
  -6.615 -49.500 -49.500
  -6.613 -49.500 -49.500
  -6.611 -49.500 -49.500
  -6.609 -49.500 -49.500
  -6.607 -49.500     NaN
  -6.605 -16.104 -49.500
  -6.603 -49.500 -49.500
  -6.602 -16.322 -16.322
  -6.600 -49.500 -49.500
  -6.598 -16.456 -49.500
  -6.596 -49.500 -49.500
  -6.594 -16.547 -16.547
