  -8.861 -14.271 -14.271
  -8.599 -14.357 -14.357
  -8.442 -14.402 -14.402
  -8.329 -14.510 -14.510
  -8.239 -14.520 -14.520
  -8.166 -14.605 -14.605
  -8.103 -14.617 -14.617
  -8.048 -14.606 -14.606
  -7.999 -14.700 -14.700
  -7.955 -14.736 -14.736
  -7.916 -14.766 -14.766
  -7.879 -14.813 -14.813
  -7.846 -14.808 -14.808
  -7.815 -14.670 -14.670
  -7.786 -15.082 -15.082
  -7.758 -14.933 -14.933
  -7.733 -14.961 -14.961
  -7.709 -14.910 -14.910
  -7.686 -14.970 -14.970
  -7.664 -14.941 -14.941
  -7.643 -15.066 -15.066
  -7.624 -14.918 -14.918
  -7.605 -15.017 -15.170
  -7.586 -14.861 -15.074
  -7.569 -14.980 -15.187
  -7.552 -15.176 -15.176
  -7.536 -15.276 -15.276
  -7.521 -15.138 -15.138
  -7.506 -15.358 -15.358
  -7.491 -15.149 -15.337
  -7.477 -15.096 -15.331
  -7.464 -15.263 -15.263
  -7.451 -15.244 -15.244
  -7.438 -15.379 -15.379
  -7.425 -15.502 -15.502
  -7.413 -15.265 -15.265
  -7.401 -15.300 -15.300
  -7.390 -15.326 -15.326
  -7.379 -15.397 -15.397
  -7.368 -15.161 -15.531
  -7.357 -15.159 -15.380
  -7.347 -15.321 -15.613
  -7.337 -15.243 -15.432
  -7.327 -15.115 -15.378
  -7.317 -15.200 -15.399
  -7.308 -15.070 -15.261
  -7.299 -14.986 -15.395
  -7.290 -15.349 -15.514
  -7.281 -15.248 -15.469
  -7.272 -15.484 -15.706
  -7.264 -15.593 -15.593
  -7.255 -15.189 -15.533
  -7.247 -15.294 -15.294
  -7.239 -15.205 -15.484
  -7.231 -15.465 -15.465
  -7.223 -15.527 -15.527
  -7.216 -15.282 -15.685
  -7.208 -15.335 -15.335
  -7.201 -15.664 -16.031
  -7.194 -15.532 -15.532
  -7.187 -15.692 -15.692
  -7.180 -15.519 -15.793
  -7.173 -15.661 -15.661
  -7.166 -15.325 -15.495
  -7.159 -15.698 -15.921
  -7.153 -15.771 -15.972
  -7.146 -15.589 -15.956
  -7.140 -15.959 -15.959
  -7.133 -15.657 -15.657
  -7.127 -15.814 -15.814
  -7.121 -15.602 -15.899
  -7.115 -15.512 -15.886
  -7.109 -15.862 -16.056
  -7.103 -15.517 -15.846
  -7.098 -15.773 -15.988
  -7.092 -15.737 -15.737
  -7.086 -15.912 -15.912
  -7.081 -15.918 -16.125
  -7.075 -15.826 -15.826
  -7.070 -15.380 -15.934
  -7.064 -15.558 -15.558
  -7.059 -16.020 -16.228
  -7.054 -15.731 -15.998
  -7.049 -14.451 -15.063
  -7.043 -15.020 -15.344
  -7.038 -16.076 -16.076
  -7.033 -15.988 -15.988
  -7.029 -15.918 -15.918
  -7.024 -15.545 -15.730
  -7.019 -15.234 -16.365
  -7.014 -15.910 -16.239
  -7.009 -16.261 -16.261
  -7.005 -15.978 -16.280
  -7.000 -16.281 -16.432
  -6.995 -15.804 -16.004
  -6.991 -16.359 -16.359
  -6.986 -16.361 -16.570
  -6.982 -16.005 -16.253
  -6.978 -16.335 -16.729
  -6.973 -15.290 -15.708
  -6.969 -16.452 -16.452
  -6.965 -16.063 -16.466
  -6.961 -15.566 -16.207
  -6.956 -16.541 -16.709
  -6.952 -16.503 -16.813
  -6.948 -16.241 -16.437
  -6.944 -16.057 -16.057
  -6.940 -17.170 -49.500
  -6.936 -16.577 -16.838
  -6.932 -14.609 -15.037
  -6.928 -15.313 -16.103
  -6.924 -16.722 -16.914
  -6.920 -16.163 -16.488
  -6.917 -15.538 -15.726
  -6.913 -16.399 -16.566
  -6.909 -16.270 -16.270
  -6.905 -16.240 -16.802
  -6.902 -16.070 -16.555
  -6.898 -16.490 -17.060
  -6.894 -16.109 -16.109
  -6.891 -16.902 -49.500
  -6.887 -16.057 -16.057
  -6.884 -16.045 -16.237
  -6.880 -16.371 -16.614
  -6.877 -15.907 -16.384
  -6.873 -15.908 -49.500
  -6.870 -15.884 -16.608
  -6.867 -16.211 -49.500
  -6.863 -16.382 -16.540
  -6.860 -16.137 -16.691
  -6.857 -15.500 -16.440
  -6.853 -16.425 -16.425
  -6.850 -15.481 -16.411
  -6.847 -16.238 -16.900
  -6.844 -16.376 -49.500
  -6.840 -49.500     NaN
  -6.837 -17.005 -49.500
  -6.834 -49.500     NaN
  -6.831 -16.271 -16.445
  -6.828 -17.129 -49.500
  -6.825 -16.096 -16.096
  -6.822 -16.462 -49.500
  -6.819 -15.953 -49.500
  -6.816 -16.593 -49.500
  -6.813 -15.696 -15.884
  -6.810 -49.500     NaN
  -6.807 -16.605 -17.124
  -6.804 -49.500 -49.500
  -6.801 -15.674 -49.500
  -6.798 -15.390 -16.216
  -6.795 -17.074 -49.500
  -6.792 -15.771 -16.874
  -6.789 -16.589 -49.500
  -6.787 -16.191 -16.191
  -6.784 -49.500     NaN
  -6.781 -49.500     NaN
  -6.778 -49.500     NaN
  -6.775 -16.667 -49.500
  -6.773 -16.596 -17.029
  -6.770 -49.500 -49.500
  -6.767 -16.381 -49.500
  -6.765 -16.592 -16.818
  -6.762 -16.450 -49.500
  -6.759 -16.086 -16.324
  -6.757 -49.500 -49.500
  -6.754 -17.078 -49.500
  -6.751 -16.792 -49.500
  -6.749 -16.686 -17.174
  -6.746 -15.899 -16.336
  -6.744 -16.575 -49.500
  -6.741 -16.776 -49.500
  -6.739 -16.272 -49.500
  -6.736 -15.970 -16.201
  -6.734 -16.186 -49.500
  -6.731 -49.500     NaN
  -6.729 -16.537 -16.537
  -6.726 -15.608 -16.473
  -6.724 -16.749 -16.749
  -6.721 -49.500 -49.500
  -6.719 -16.224 -49.500
  -6.717 -49.500 -49.500
  -6.714 -16.216 -16.491
  -6.712 -16.459 -49.500
  -6.709 -49.500     NaN
  -6.707 -16.201 -16.520
  -6.705 -49.500 -49.500
  -6.702 -16.893 -49.500
  -6.700 -49.500     NaN
  -6.698 -49.500 -49.500
  -6.696 -49.500     NaN
  -6.693 -16.662 -49.500
  -6.691 -49.500     NaN
  -6.689 -49.500     NaN
  -6.687 -49.500 -49.500
  -6.684 -15.966 -49.500
  -6.682 -15.831 -15.831
  -6.680 -16.235 -49.500
  -6.678 -15.242 -49.500
  -6.675 -49.500 -49.500
  -6.673 -49.500 -49.500
  -6.671 -16.305 -49.500
  -6.669 -16.815 -16.815
  -6.667 -16.305 -16.305
  -6.665 -16.941 -16.941
  -6.663 -16.882 -49.500
  -6.661 -49.500 -49.500
  -6.658 -49.500 -49.500
  -6.656 -49.500 -49.500
  -6.654 -16.029 -49.500
  -6.652 -16.650 -49.500
  -6.650 -49.500     NaN
  -6.648 -49.500 -49.500
  -6.646 -16.860 -49.500
  -6.644 -49.500 -49.500
  -6.642 -16.340 -16.340
  -6.640 -49.500 -49.500
  -6.638 -49.500 -49.500
  -6.636 -49.500 -49.500
  -6.634 -49.500     NaN
  -6.632 -49.500     NaN
  -6.630 -16.549 -49.500
  -6.628 -49.500 -49.500
  -6.626 -49.500     NaN
  -6.624 -49.500 -49.500
  -6.622 -49.500 -49.500
  -6.620 -49.500 -49.500
  -6.618 -49.500 -49.500
  -6.617 -49.500 -49.500
  -6.615 -16.300 -49.500
  -6.613 -14.774 -14.774
  -6.611 -49.500 -49.500
  -6.609 -16.064 -16.064
  -6.607 -49.500 -49.500
  -6.605 -49.500     NaN
  -6.603 -49.500 -49.500
  -6.602 -49.500 -49.500
  -6.600 -49.500 -49.500
  -6.598 -49.500     NaN
  -6.596 -49.500     NaN
  -6.594 -49.500 -49.500
