  -8.861 -14.270 -14.270
  -8.599 -14.327 -14.327
  -8.442 -14.358 -14.358
  -8.329 -14.502 -14.502
  -8.239 -14.541 -14.541
  -8.166 -14.531 -14.531
  -8.103 -14.608 -14.608
  -8.048 -14.621 -14.621
  -7.999 -14.743 -14.743
  -7.955 -14.761 -14.761
  -7.916 -14.602 -14.602
  -7.879 -14.549 -14.716
  -7.846 -14.795 -14.795
  -7.815 -14.751 -14.751
  -7.786 -14.841 -14.841
  -7.758 -14.869 -14.869
  -7.733 -14.909 -14.909
  -7.709 -15.052 -15.052
  -7.686 -14.972 -14.972
  -7.664 -14.821 -14.821
  -7.643 -14.991 -14.991
  -7.624 -14.916 -14.916
  -7.605 -14.904 -15.110
  -7.586 -15.136 -15.136
  -7.569 -15.183 -15.183
  -7.552 -15.335 -15.335
  -7.536 -14.980 -14.980
  -7.521 -15.111 -15.111
  -7.506 -15.140 -15.140
  -7.491 -15.238 -15.238
  -7.477 -15.305 -15.305
  -7.464 -15.213 -15.213
  -7.451 -15.388 -15.388
  -7.438 -15.234 -15.234
  -7.425 -15.050 -15.259
  -7.413 -15.329 -15.329
  -7.401 -15.238 -15.238
  -7.390 -15.052 -15.351
  -7.379 -15.528 -15.528
  -7.368 -15.610 -15.610
  -7.357 -15.311 -15.505
  -7.347 -14.713 -15.375
  -7.337 -15.378 -15.378
  -7.327 -15.503 -15.503
  -7.317 -15.275 -15.275
  -7.308 -15.380 -15.380
  -7.299 -15.233 -15.527
  -7.290 -15.185 -15.729
  -7.281 -15.839 -15.839
  -7.272 -15.361 -15.558
  -7.264 -15.330 -15.628
  -7.255 -15.634 -15.634
  -7.247 -15.379 -15.379
  -7.239 -15.495 -15.853
  -7.231 -15.468 -15.705
  -7.223 -15.144 -15.526
  -7.216 -15.373 -15.373
  -7.208 -15.767 -15.767
  -7.201 -15.533 -15.707
  -7.194 -15.648 -15.648
  -7.187 -15.572 -15.572
  -7.180 -15.683 -15.933
  -7.173 -16.013 -16.013
  -7.166 -15.276 -15.607
  -7.159 -15.255 -15.745
  -7.153 -15.246 -15.246
  -7.146 -15.243 -15.409
  -7.140 -14.545 -15.654
  -7.133 -15.724 -15.724
  -7.127 -15.507 -15.666
  -7.121 -15.808 -15.808
  -7.115 -15.680 -15.680
  -7.109 -16.168 -16.168
  -7.103 -15.211 -15.559
  -7.098 -15.889 -15.889
  -7.092 -15.796 -16.363
  -7.086 -16.186 -16.186
  -7.081 -15.792 -15.792
  -7.075 -15.658 -16.189
  -7.070 -16.006 -16.454
  -7.064 -15.338 -15.599
  -7.059 -15.980 -15.980
  -7.054 -15.690 -15.690
  -7.049 -15.806 -16.032
  -7.043 -15.464 -15.464
  -7.038 -15.816 -15.816
  -7.033 -15.942 -15.942
  -7.029 -15.710 -15.862
  -7.024 -15.621 -15.621
  -7.019 -16.423 -16.423
  -7.014 -15.553 -16.024
  -7.009 -15.620 -15.868
  -7.005 -16.266 -16.787
  -7.000 -15.980 -16.178
  -6.995 -16.182 -16.182
  -6.991 -15.097 -16.136
  -6.986 -16.072 -16.072
  -6.982 -16.374 -16.720
  -6.978 -16.155 -16.349
  -6.973 -15.736 -16.091
  -6.969 -16.010 -16.010
  -6.965 -15.852 -16.018
  -6.961 -15.982 -16.464
  -6.956 -15.925 -16.170
  -6.952 -15.968 -16.374
  -6.948 -16.425 -16.425
  -6.944 -15.802 -16.018
  -6.940 -15.409 -16.039
  -6.936 -16.171 -16.354
  -6.932 -16.798 -17.159
  -6.928 -16.313 -16.313
  -6.924 -15.685 -16.266
  -6.920 -16.056 -49.500
  -6.917 -16.269 -16.475
  -6.913 -15.980 -16.630
  -6.909 -16.527 -16.989
  -6.905 -16.540 -16.892
  -6.902 -16.997 -21.943
  -6.898 -15.803 -16.406
  -6.894 -16.074 -16.277
  -6.891 -16.961 -17.197
  -6.887 -49.500     NaN
  -6.884 -15.808 -16.472
  -6.880 -16.102 -16.511
  -6.877 -15.838 -16.951
  -6.873 -16.137 -16.518
  -6.870 -15.714 -16.289
  -6.867 -15.716 -15.991
  -6.863 -15.805 -16.420
  -6.860 -16.121 -16.535
  -6.857 -16.460 -49.500
  -6.853 -49.500     NaN
  -6.850 -16.392 -49.500
  -6.847 -17.112 -49.500
  -6.844 -16.427 -49.500
  -6.840 -16.759 -49.500
  -6.837 -16.998 -49.500
  -6.834 -49.500     NaN
  -6.831 -49.500 -49.500
  -6.828 -16.765 -49.500
  -6.825 -16.587 -49.500
  -6.822 -49.500     NaN
  -6.819 -49.500     NaN
  -6.816 -16.252 -16.252
  -6.813 -16.566 -16.823
  -6.810 -16.258 -16.564
  -6.807 -16.791 -49.500
  -6.804 -16.399 -49.500
  -6.801 -17.102 -49.500
  -6.798 -16.591 -16.943
  -6.795 -15.763 -49.500
  -6.792 -49.500     NaN
  -6.789 -15.429 -15.975
  -6.787 -16.507 -49.500
  -6.784 -16.361 -16.693
  -6.781 -16.910 -49.500
  -6.778 -16.084 -49.500
  -6.775 -16.369 -17.096
  -6.773 -49.500     NaN
  -6.770 -16.342 -16.803
  -6.767 -49.500 -49.500
  -6.765 -16.653 -16.653
  -6.762 -16.274 -16.817
  -6.759 -49.500 -49.500
  -6.757 -14.895 -49.500
  -6.754 -49.500     NaN
  -6.751 -16.742 -49.500
  -6.749 -15.624 -16.375
  -6.746 -49.500     NaN
  -6.744 -49.500     NaN
  -6.741 -49.500     NaN
  -6.739 -49.500     NaN
  -6.736 -16.143 -49.500
  -6.734 -15.998 -16.249
  -6.731 -16.477 -16.477
  -6.729 -49.500     NaN
  -6.726 -49.500 -49.500
  -6.724 -16.910 -17.145
  -6.721 -15.847 -49.500
  -6.719 -15.701 -49.500
  -6.717 -15.690 -16.512
  -6.714 -15.647 -49.500
  -6.712 -49.500 -49.500
  -6.709 -49.500 -49.500
  -6.707 -49.500 -49.500
  -6.705 -49.500 -49.500
  -6.702 -49.500 -49.500
  -6.700 -49.500     NaN
  -6.698 -49.500 -49.500
  -6.696 -16.180 -49.500
  -6.693 -49.500     NaN
  -6.691 -15.176 -15.176
  -6.689 -16.098 -16.098
  -6.687 -49.500     NaN
  -6.684 -16.865 -49.500
  -6.682 -15.797 -16.686
  -6.680 -49.500 -49.500
  -6.678 -49.500 -49.500
  -6.675 -49.500 -49.500
  -6.673 -49.500     NaN
  -6.671 -16.765 -16.765
  -6.669 -49.500     NaN
  -6.667 -49.500 -49.500
  -6.665 -49.500 -49.500
  -6.663 -49.500 -49.500
  -6.661 -49.500 -49.500
  -6.658 -16.244 -49.500
  -6.656 -49.500 -49.500
  -6.654 -16.388 -49.500
  -6.652 -49.500 -49.500
  -6.650 -16.111 -16.274
  -6.648 -49.500 -49.500
  -6.646 -49.500     NaN
  -6.644 -16.493 -49.500
  -6.642 -16.874 -16.874
  -6.640 -49.500     NaN
  -6.638 -49.500 -49.500
  -6.636 -49.500 -49.500
  -6.634 -49.500 -49.500
  -6.632 -49.500 -49.500
  -6.630 -49.500 -49.500
  -6.628 -16.484 -49.500
  -6.626 -49.500     NaN
  -6.624 -49.500 -49.500
  -6.622 -49.500 -49.500
  -6.620 -49.500     NaN
  -6.618 -49.500 -49.500
  -6.617 -16.433 -49.500
  -6.615 -49.500     NaN
  -6.613 -49.500 -49.500
  -6.611 -16.519 -49.500
  -6.609 -49.500     NaN
  -6.607 -49.500 -49.500
  -6.605 -16.059 -49.500
  -6.603 -16.386 -16.386
  -6.602 -15.683 -16.394
  -6.600 -49.500 -49.500
  -6.598 -16.724 -16.724
  -6.596 -49.500     NaN
  -6.594 -49.500 -49.500
