  -8.861 -14.267 -14.267
  -8.599 -14.342 -14.342
  -8.442 -14.454 -14.454
  -8.329 -14.471 -14.471
  -8.239 -14.451 -14.451
  -8.166 -14.589 -14.589
  -8.103 -14.602 -14.602
  -8.048 -14.742 -14.742
  -7.999 -14.667 -14.667
  -7.955 -14.615 -14.615
  -7.916 -14.830 -14.830
  -7.879 -14.801 -14.801
  -7.846 -14.894 -14.894
  -7.815 -14.382 -14.787
  -7.786 -14.916 -14.916
  -7.758 -14.768 -14.768
  -7.733 -14.891 -14.891
  -7.709 -14.980 -14.980
  -7.686 -15.199 -15.199
  -7.664 -15.076 -15.076
  -7.643 -14.912 -14.912
  -7.624 -14.995 -14.995
  -7.605 -15.011 -15.011
  -7.586 -15.215 -15.215
  -7.569 -14.882 -15.066
  -7.552 -15.103 -15.103
  -7.536 -15.268 -15.268
  -7.521 -15.077 -15.077
  -7.506 -15.236 -15.236
  -7.491 -15.367 -15.367
  -7.477 -15.254 -15.254
  -7.464 -14.936 -14.936
  -7.451 -14.841 -15.366
  -7.438 -14.968 -14.968
  -7.425 -15.405 -15.405
  -7.413 -15.252 -15.252
  -7.401 -15.388 -15.388
  -7.390 -14.680 -14.966
  -7.379 -15.233 -15.233
  -7.368 -15.208 -15.404
  -7.357 -15.474 -15.474
  -7.347 -15.560 -15.560
  -7.337 -15.177 -15.419
  -7.327 -15.530 -15.530
  -7.317 -15.197 -15.197
  -7.308 -15.682 -15.682
  -7.299 -15.448 -15.613
  -7.290 -14.655 -15.578
  -7.281 -15.612 -15.612
  -7.272 -15.062 -15.364
  -7.264 -15.578 -15.578
  -7.255 -15.828 -15.828
  -7.247 -15.490 -15.652
  -7.239 -15.089 -15.250
  -7.231 -15.609 -15.609
  -7.223 -15.448 -15.448
  -7.216 -15.539 -15.827
  -7.208 -15.573 -15.573
  -7.201 -15.926 -15.926
  -7.194 -15.716 -15.716
  -7.187 -15.702 -15.858
  -7.180 -15.419 -15.419
  -7.173 -15.731 -15.731
  -7.166 -15.362 -15.362
  -7.159 -15.984 -15.984
  -7.153 -15.251 -15.452
  -7.146 -15.634 -15.829
  -7.140 -15.518 -15.748
  -7.133 -16.036 -16.036
  -7.127 -15.838 -15.838
  -7.121 -15.949 -15.949
  -7.115 -15.636 -15.933
  -7.109 -15.759 -16.007
  -7.103 -15.419 -15.419
  -7.098 -16.153 -16.328
  -7.092 -15.149 -15.954
  -7.086 -15.891 -15.891
  -7.081 -15.725 -15.944
  -7.075 -15.905 -15.905
  -7.070 -16.117 -16.117
  -7.064 -15.843 -16.204
  -7.059 -15.826 -16.033
  -7.054 -15.793 -16.158
  -7.049 -15.033 -15.886
  -7.043 -15.674 -15.931
  -7.038 -16.456 -16.456
  -7.033 -15.587 -15.988
  -7.029 -15.233 -15.915
  -7.024 -16.167 -16.167
  -7.019 -15.602 -15.930
  -7.014 -15.921 -16.248
  -7.009 -15.427 -16.371
  -7.005 -16.030 -16.250
  -7.000 -16.074 -16.239
  -6.995 -15.839 -16.012
  -6.991 -15.943 -16.667
  -6.986 -15.396 -15.396
  -6.982 -15.930 -15.930
  -6.978 -15.301 -16.555
  -6.973 -15.664 -15.844
  -6.969 -16.070 -16.264
  -6.965 -15.742 -16.258
  -6.961 -16.122 -16.122
  -6.956 -16.259 -49.500
  -6.952 -15.173 -16.004
  -6.948 -16.008 -16.759
  -6.944 -15.923 -15.923
  -6.940 -15.822 -16.156
  -6.936 -16.413 -16.670
  -6.932 -15.364 -16.165
  -6.928 -49.500     NaN
  -6.924 -15.818 -16.548
  -6.920 -16.045 -16.375
  -6.917 -15.972 -16.200
  -6.913 -16.352 -16.657
  -6.909 -16.463 -16.627
  -6.905 -16.979 -17.210
  -6.902 -16.289 -16.289
  -6.898 -16.145 -16.314
  -6.894 -16.346 -16.636
  -6.891 -16.318 -16.599
  -6.887 -16.533 -16.687
  -6.884 -15.291 -15.469
  -6.880 -15.888 -16.596
  -6.877 -16.256 -16.256
  -6.873 -15.501 -15.753
  -6.870 -15.882 -16.107
  -6.867 -49.500     NaN
  -6.863 -16.180 -16.472
  -6.860 -15.878 -16.324
  -6.857 -15.559 -49.500
  -6.853 -16.493 -49.500
  -6.850 -15.768 -16.574
  -6.847 -16.140 -16.328
  -6.844 -17.069 -49.500
  -6.840 -16.720 -49.500
  -6.837 -16.515 -16.515
  -6.834 -49.500     NaN
  -6.831 -16.643 -49.500
  -6.828 -16.656 -16.913
  -6.825 -49.500     NaN
  -6.822 -16.249 -16.445
  -6.819 -16.704 -49.500
  -6.816 -16.955 -17.492
  -6.813 -49.500     NaN
  -6.810 -16.541 -16.932
  -6.807 -49.500     NaN
  -6.804 -15.815 -16.999
  -6.801 -15.882 -49.500
  -6.798 -17.055 -17.308
  -6.795 -16.752 -16.959
  -6.792 -16.191 -49.500
  -6.789 -16.712 -49.500
  -6.787 -16.318 -16.502
  -6.784 -16.126 -16.941
  -6.781 -17.266 -49.500
  -6.778 -16.459 -49.500
  -6.775 -15.197 -15.990
  -6.773 -15.519 -15.691
  -6.770 -15.678 -17.082
  -6.767 -15.864 -16.647
  -6.765 -16.147 -16.677
  -6.762 -15.316 -15.517
  -6.759 -16.318 -49.500
  -6.757 -49.500     NaN
  -6.754 -49.500     NaN
  -6.751 -49.500 -49.500
  -6.749 -49.500     NaN
  -6.746 -16.806 -49.500
  -6.744 -17.163 -49.500
  -6.741 -49.500 -49.500
  -6.739 -14.701 -49.500
  -6.736 -16.631 -49.500
  -6.734 -16.057 -49.500
  -6.731 -15.864 -16.113
  -6.729 -49.500     NaN
  -6.726 -49.500 -49.500
  -6.724 -16.403 -16.403
  -6.721 -16.317 -16.560
  -6.719 -49.500     NaN
  -6.717 -49.500 -49.500
  -6.714 -49.500     NaN
  -6.712 -17.022 -49.500
  -6.709 -16.544 -17.024
  -6.707 -49.500 -49.500
  -6.705 -15.928 -16.088
  -6.702 -16.091 -49.500
  -6.700 -49.500 -49.500
  -6.698 -49.500 -49.500
  -6.696 -49.500 -49.500
  -6.693 -49.500 -49.500
  -6.691 -15.605 -49.500
  -6.689 -15.518 -16.157
  -6.687 -16.676 -49.500
  -6.684 -49.500 -49.500
  -6.682 -49.500 -49.500
  -6.680 -49.500 -49.500
  -6.678 -49.500     NaN
  -6.675 -16.208 -16.208
  -6.673 -49.500     NaN
  -6.671 -49.500     NaN
  -6.669 -49.500     NaN
  -6.667 -15.707 -49.500
  -6.665 -15.924 -15.924
  -6.663 -49.500 -49.500
  -6.661 -49.500 -49.500
  -6.658 -16.792 -49.500
  -6.656 -49.500 -49.500
  -6.654 -49.500 -49.500
  -6.652 -49.500 -49.500
  -6.650 -49.500 -49.500
  -6.648 -49.500     NaN
  -6.646 -49.500 -49.500
  -6.644 -16.092 -49.500
  -6.642 -49.500 -49.500
  -6.640 -49.500 -49.500
  -6.638 -16.747 -49.500
  -6.636 -16.365 -49.500
  -6.634 -49.500 -49.500
  -6.632 -49.500 -49.500
  -6.630 -16.054 -16.054
  -6.628 -49.500     NaN
  -6.626 -49.500 -49.500
  -6.624 -16.941 -16.941
  -6.622 -49.500 -49.500
  -6.620 -49.500 -49.500
  -6.618 -49.500 -49.500
  -6.617 -15.088 -49.500
  -6.615 -49.500     NaN
  -6.613 -49.500 -49.500
  -6.611 -49.500 -49.500
  -6.609 -49.500     NaN
  -6.607 -49.500 -49.500
  -6.605 -49.500 -49.500
  -6.603 -16.841 -49.500
  -6.602 -49.500 -49.500
  -6.600 -49.500 -49.500
  -6.598 -49.500 -49.500
  -6.596 -49.500 -49.500
  -6.594 -49.500 -49.500
