  -8.861 -14.292 -14.292
  -8.599 -14.384 -14.384
  -8.442 -14.437 -14.437
  -8.329 -14.445 -14.445
  -8.239 -14.540 -14.540
  -8.166 -14.583 -14.583
  -8.103 -14.652 -14.652
  -8.048 -14.592 -14.592
  -7.999 -14.696 -14.696
  -7.955 -14.662 -14.662
  -7.916 -14.731 -14.731
  -7.879 -14.816 -14.816
  -7.846 -14.883 -14.883
  -7.815 -14.885 -14.885
  -7.786 -14.597 -14.799
  -7.758 -14.817 -14.817
  -7.733 -14.770 -14.966
  -7.709 -14.728 -14.959
  -7.686 -14.863 -14.863
  -7.664 -15.022 -15.022
  -7.643 -15.069 -15.069
  -7.624 -15.028 -15.028
  -7.605 -14.950 -14.950
  -7.586 -15.210 -15.210
  -7.569 -14.776 -15.138
  -7.552 -15.063 -15.063
  -7.536 -14.903 -15.114
  -7.521 -15.095 -15.252
  -7.506 -15.191 -15.191
  -7.491 -14.905 -15.097
  -7.477 -15.221 -15.221
  -7.464 -14.370 -14.909
  -7.451 -15.194 -15.194
  -7.438 -15.289 -15.289
  -7.425 -15.021 -15.021
  -7.413 -15.062 -15.331
  -7.401 -15.065 -15.328
  -7.390 -15.261 -15.488
  -7.379 -15.481 -15.481
  -7.368 -14.981 -14.981
  -7.357 -15.289 -15.289
  -7.347 -15.413 -15.413
  -7.337 -15.353 -15.529
  -7.327 -15.531 -15.531
  -7.317 -15.451 -15.451
  -7.308 -15.002 -15.002
  -7.299 -15.627 -15.627
  -7.290 -15.447 -15.640
  -7.281 -15.504 -15.504
  -7.272 -15.172 -15.406
  -7.264 -15.372 -15.814
  -7.255 -15.473 -15.473
  -7.247 -15.225 -15.225
  -7.239 -15.605 -15.933
  -7.231 -15.356 -15.786
  -7.223 -15.592 -15.592
  -7.216 -15.138 -15.293
  -7.208 -15.511 -15.777
  -7.201 -15.649 -15.649
  -7.194 -15.828 -15.979
  -7.187 -15.653 -15.653
  -7.180 -15.106 -15.668
  -7.173 -15.827 -15.827
  -7.166 -15.206 -15.769
  -7.159 -15.156 -16.322
  -7.153 -15.865 -16.137
  -7.146 -15.919 -15.919
  -7.140 -15.416 -15.731
  -7.133 -15.923 -15.923
  -7.127 -15.955 -15.955
  -7.121 -16.096 -16.096
  -7.115 -15.380 -15.812
  -7.109 -15.869 -15.869
  -7.103 -15.683 -15.923
  -7.098 -16.285 -16.285
  -7.092 -15.449 -15.656
  -7.086 -15.789 -16.064
  -7.081 -15.638 -15.903
  -7.075 -15.342 -15.796
  -7.070 -15.934 -15.934
  -7.064 -15.436 -16.012
  -7.059 -15.963 -16.117
  -7.054 -15.745 -16.071
  -7.049 -16.006 -16.006
  -7.043 -15.933 -15.933
  -7.038 -15.608 -15.889
  -7.033 -16.013 -16.013
  -7.029 -16.393 -16.393
  -7.024 -15.933 -16.174
  -7.019 -16.250 -16.515
  -7.014 -15.734 -16.513
  -7.009 -16.050 -16.050
  -7.005 -16.610 -17.157
  -7.000 -15.351 -15.927
  -6.995 -15.915 -15.915
  -6.991 -16.119 -16.339
  -6.986 -15.891 -16.374
  -6.982 -15.823 -15.823
  -6.978 -15.411 -15.597
  -6.973 -16.297 -16.297
  -6.969 -15.805 -16.587
  -6.965 -16.016 -16.016
  -6.961 -15.967 -16.739
  -6.956 -16.086 -16.704
  -6.952 -15.716 -15.716
  -6.948 -15.985 -16.172
  -6.944 -16.023 -16.271
  -6.940 -15.325 -16.545
  -6.936 -16.388 -16.684
  -6.932 -15.906 -16.066
  -6.928 -15.663 -16.202
  -6.924 -16.297 -16.453
  -6.920 -15.516 -15.795
  -6.917 -16.090 -16.316
  -6.913 -16.018 -16.436
  -6.909 -15.502 -16.343
  -6.905 -16.076 -16.311
  -6.902 -16.826 -22.844
  -6.898 -16.530 -49.500
  -6.894 -15.388 -16.041
  -6.891 -16.578 -17.231
  -6.887 -16.083 -16.083
  -6.884 -16.231 -16.231
  -6.880 -16.157 -16.592
  -6.877 -15.860 -16.203
  -6.873 -15.780 -15.780
  -6.870 -16.619 -17.093
  -6.867 -16.275 -49.500
  -6.863 -14.620 -49.500
  -6.860 -16.064 -16.359
  -6.857 -49.500     NaN
  -6.853 -15.892 -16.908
  -6.850 -16.618 -49.500
  -6.847 -49.500     NaN
  -6.844 -16.622 -49.500
  -6.840 -16.618 -49.500
  -6.837 -15.620 -16.013
  -6.834 -16.904 -49.500
  -6.831 -15.535 -49.500
  -6.828 -15.306 -16.273
  -6.825 -16.168 -16.535
  -6.822 -16.541 -49.500
  -6.819 -16.222 -16.692
  -6.816 -16.025 -16.690
  -6.813 -16.630 -49.500
  -6.810 -49.500     NaN
  -6.807 -16.421 -49.500
  -6.804 -16.214 -16.515
  -6.801 -16.855 -17.017
  -6.798 -49.500     NaN
  -6.795 -16.224 -49.500
  -6.792 -16.758 -49.500
  -6.789 -16.336 -49.500
  -6.787 -16.144 -16.969
  -6.784 -16.013 -16.788
  -6.781 -15.768 -49.500
  -6.778 -16.482 -17.453
  -6.775 -49.500 -49.500
  -6.773 -16.473 -16.659
  -6.770 -49.500     NaN
  -6.767 -16.807 -49.500
  -6.765 -15.879 -16.251
  -6.762 -15.690 -16.862
  -6.759 -14.573 -49.500
  -6.757 -15.849 -17.203
  -6.754 -16.757 -49.500
  -6.751 -16.725 -49.500
  -6.749 -16.369 -16.790
  -6.746 -16.086 -49.500
  -6.744 -16.633 -49.500
  -6.741 -16.286 -49.500
  -6.739 -16.331 -16.708
  -6.736 -15.880 -16.211
  -6.734 -49.500 -49.500
  -6.731 -16.225 -16.381
  -6.729 -49.500     NaN
  -6.726 -16.378 -49.500
  -6.724 -16.386 -16.799
  -6.721 -16.478 -49.500
  -6.719 -49.500     NaN
  -6.717 -16.717 -49.500
  -6.714 -49.500 -49.500
  -6.712 -16.582 -49.500
  -6.709 -16.139 -49.500
  -6.707 -49.500     NaN
  -6.705 -49.500 -49.500
  -6.702 -49.500 -49.500
  -6.700 -16.610 -49.500
  -6.698 -16.688 -49.500
  -6.696 -49.500     NaN
  -6.693 -15.970 -49.500
  -6.691 -49.500 -49.500
  -6.689 -49.500     NaN
  -6.687 -16.428 -49.500
  -6.684 -49.500     NaN
  -6.682 -16.735 -17.143
  -6.680 -16.769 -16.769
  -6.678 -49.500     NaN
  -6.675 -16.536 -49.500
  -6.673 -49.500     NaN
  -6.671 -49.500 -49.500
  -6.669 -49.500     NaN
  -6.667 -16.716 -49.500
  -6.665 -14.212 -14.212
  -6.663 -16.125 -49.500
  -6.661 -16.748 -16.748
  -6.658 -49.500 -49.500
  -6.656 -15.946 -16.374
  -6.654 -49.500 -49.500
  -6.652 -49.500 -49.500
  -6.650 -49.500     NaN
  -6.648 -49.500 -49.500
  -6.646 -49.500 -49.500
  -6.644 -16.076 -49.500
  -6.642 -49.500 -49.500
  -6.640 -49.500 -49.500
  -6.638 -49.500 -49.500
  -6.636 -15.913 -49.500
  -6.634 -49.500 -49.500
  -6.632 -16.064 -49.500
  -6.630 -49.500 -49.500
  -6.628 -49.500 -49.500
  -6.626 -16.540 -16.540
  -6.624 -49.500 -49.500
  -6.622 -49.500 -49.500
  -6.620 -49.500     NaN
  -6.618 -16.067 -49.500
  -6.617 -49.500 -49.500
  -6.615 -49.500 -49.500
  -6.613 -49.500 -49.500
  -6.611 -49.500 -49.500
  -6.609 -49.500 -49.500
  -6.607 -49.500 -49.500
  -6.605 -49.500 -49.500
  -6.603 -49.500     NaN
  -6.602 -49.500     NaN
  -6.600 -16.584 -49.500
  -6.598 -49.500 -49.500
  -6.596 -49.500 -49.500
  -6.594 -49.500 -49.500
