  -8.861 -14.240 -14.240
  -8.599 -14.352 -14.352
  -8.442 -14.426 -14.426
  -8.329 -14.445 -14.445
  -8.239 -14.595 -14.595
  -8.166 -14.458 -14.458
  -8.103 -14.663 -14.663
  -8.048 -14.687 -14.687
  -7.999 -14.701 -14.701
  -7.955 -14.674 -14.674
  -7.916 -14.760 -14.760
  -7.879 -14.796 -14.796
  -7.846 -14.793 -14.793
  -7.815 -14.802 -14.802
  -7.786 -15.008 -15.008
  -7.758 -14.598 -14.872
  -7.733 -15.027 -15.027
  -7.709 -14.998 -14.998
  -7.686 -14.472 -15.107
  -7.664 -15.067 -15.067
  -7.643 -15.217 -15.217
  -7.624 -15.014 -15.014
  -7.605 -15.238 -15.238
  -7.586 -15.033 -15.033
  -7.569 -15.149 -15.149
  -7.552 -15.168 -15.323
  -7.536 -15.259 -15.259
  -7.521 -15.202 -15.202
  -7.506 -14.967 -15.333
  -7.491 -15.287 -15.287
  -7.477 -15.330 -15.330
  -7.464 -14.992 -15.334
  -7.451 -15.091 -15.252
  -7.438 -15.341 -15.341
  -7.425 -15.185 -15.185
  -7.413 -15.525 -15.525
  -7.401 -15.265 -15.265
  -7.390 -14.759 -14.759
  -7.379 -15.004 -15.218
  -7.368 -15.460 -15.460
  -7.357 -15.346 -15.731
  -7.347 -15.306 -15.306
  -7.337 -15.368 -15.519
  -7.327 -15.493 -15.493
  -7.317 -15.361 -15.361
  -7.308 -15.498 -15.498
  -7.299 -15.198 -15.198
  -7.290 -15.245 -15.489
  -7.281 -15.380 -15.536
  -7.272 -15.286 -15.523
  -7.264 -15.555 -15.555
  -7.255 -15.265 -15.265
  -7.247 -15.898 -15.898
  -7.239 -15.670 -15.670
  -7.231 -15.596 -15.782
  -7.223 -14.777 -15.463
  -7.216 -15.498 -15.498
  -7.208 -15.655 -15.655
  -7.201 -15.332 -15.634
  -7.194 -15.441 -15.441
  -7.187 -15.609 -15.831
  -7.180 -15.857 -15.857
  -7.173 -15.730 -15.730
  -7.166 -15.507 -15.776
  -7.159 -15.782 -15.964
  -7.153 -15.476 -15.627
  -7.146 -15.558 -15.788
  -7.140 -15.839 -15.839
  -7.133 -15.186 -15.807
  -7.127 -15.858 -16.078
  -7.121 -15.517 -15.756
  -7.115 -15.704 -15.704
  -7.109 -15.587 -15.758
  -7.103 -15.803 -15.803
  -7.098 -15.788 -15.788
  -7.092 -15.969 -15.969
  -7.086 -15.562 -16.049
  -7.081 -15.597 -15.597
  -7.075 -15.644 -15.933
  -7.070 -15.750 -16.067
  -7.064 -15.925 -16.117
  -7.059 -15.509 -15.856
  -7.054 -15.906 -16.138
  -7.049 -15.763 -16.001
  -7.043 -15.877 -15.877
  -7.038 -15.840 -15.840
  -7.033 -15.910 -16.166
  -7.029 -16.169 -16.353
  -7.024 -16.109 -16.352
  -7.019 -16.108 -16.108
  -7.014 -16.091 -16.091
  -7.009 -16.097 -16.097
  -7.005 -15.135 -15.775
  -7.000 -15.775 -15.981
  -6.995 -16.020 -16.020
  -6.991 -15.560 -15.966
  -6.986 -15.581 -16.291
  -6.982 -16.365 -16.763
  -6.978 -16.192 -16.407
  -6.973 -16.034 -16.403
  -6.969 -15.241 -16.164
  -6.965 -16.444 -16.640
  -6.961 -16.088 -16.354
  -6.956 -15.950 -15.950
  -6.952 -15.832 -16.031
  -6.948 -15.713 -15.931
  -6.944 -15.933 -16.087
  -6.940 -16.282 -16.635
  -6.936 -15.645 -15.973
  -6.932 -16.032 -16.275
  -6.928 -15.769 -21.820
  -6.924 -15.160 -16.122
  -6.920 -16.506 -16.506
  -6.917 -15.719 -16.004
  -6.913 -15.704 -15.704
  -6.909 -16.330 -16.513
  -6.905 -15.276 -16.357
  -6.902 -16.022 -16.373
  -6.898 -15.920 -16.479
  -6.894 -16.467 -16.467
  -6.891 -22.001 -22.001
  -6.887 -16.260 -17.142
  -6.884 -17.409 -49.500
  -6.880 -15.821 -16.193
  -6.877 -16.377 -16.858
  -6.873 -16.195 -16.195
  -6.870 -49.500 -49.500
  -6.867 -15.283 -15.934
  -6.863 -16.108 -16.285
  -6.860 -16.369 -16.750
  -6.857 -16.456 -16.999
  -6.853 -49.500     NaN
  -6.850 -49.500     NaN
  -6.847 -16.567 -49.500
  -6.844 -16.593 -16.884
  -6.840 -15.670 -49.500
  -6.837 -49.500     NaN
  -6.834 -14.419 -15.312
  -6.831 -49.500     NaN
  -6.828 -15.737 -16.466
  -6.825 -49.500     NaN
  -6.822 -16.539 -49.500
  -6.819 -15.601 -16.491
  -6.816 -14.494 -15.966
  -6.813 -16.471 -16.781
  -6.810 -16.530 -49.500
  -6.807 -49.500     NaN
  -6.804 -16.641 -49.500
  -6.801 -49.500 -49.500
  -6.798 -16.843 -49.500
  -6.795 -16.534 -16.757
  -6.792 -15.953 -16.912
  -6.789 -49.500     NaN
  -6.787 -14.233 -49.500
  -6.784 -49.500     NaN
  -6.781 -16.747 -49.500
  -6.778 -16.562 -49.500
  -6.775 -16.503 -49.500
  -6.773 -16.180 -17.232
  -6.770 -49.500     NaN
  -6.767 -49.500     NaN
  -6.765 -16.388 -16.647
  -6.762 -49.500     NaN
  -6.759 -17.078 -17.078
  -6.757 -49.500     NaN
  -6.754 -16.265 -16.683
  -6.751 -49.500     NaN
  -6.749 -15.921 -16.768
  -6.746 -16.131 -49.500
  -6.744 -49.500     NaN
  -6.741 -16.477 -16.968
  -6.739 -16.690 -49.500
  -6.736 -49.500     NaN
  -6.734 -16.592 -49.500
  -6.731 -16.013 -49.500
  -6.729 -49.500     NaN
  -6.726 -49.500 -49.500
  -6.724 -17.247 -49.500
  -6.721 -16.467 -49.500
  -6.719 -49.500 -49.500
  -6.717 -49.500 -49.500
  -6.714 -49.500     NaN
  -6.712 -15.640 -16.299
  -6.709 -49.500     NaN
  -6.707 -15.917 -16.213
  -6.705 -16.693 -16.913
  -6.702 -49.500     NaN
  -6.700 -16.059 -49.500
  -6.698 -49.500     NaN
  -6.696 -15.871 -16.089
  -6.693 -16.774 -49.500
  -6.691 -49.500     NaN
  -6.689 -15.778 -16.098
  -6.687 -16.858 -49.500
  -6.684 -49.500 -49.500
  -6.682 -49.500     NaN
  -6.680 -49.500     NaN
  -6.678 -49.500     NaN
  -6.675 -49.500 -49.500
  -6.673 -49.500 -49.500
  -6.671 -49.500 -49.500
  -6.669 -49.500     NaN
  -6.667 -49.500 -49.500
  -6.665 -15.926 -49.500
  -6.663 -49.500 -49.500
  -6.661 -49.500 -49.500
  -6.658 -49.500 -49.500
  -6.656 -16.342 -49.500
  -6.654 -49.500     NaN
  -6.652 -16.677 -16.677
  -6.650 -49.500 -49.500
  -6.648 -49.500 -49.500
  -6.646 -49.500 -49.500
  -6.644 -15.621 -49.500
  -6.642 -49.500 -49.500
  -6.640 -49.500 -49.500
  -6.638 -16.256 -49.500
  -6.636 -16.410 -49.500
  -6.634 -49.500 -49.500
  -6.632 -49.500 -49.500
  -6.630 -16.219 -16.219
  -6.628 -49.500 -49.500
  -6.626 -15.561 -49.500
  -6.624 -49.500 -49.500
  -6.622 -16.252 -49.500
  -6.620 -15.743 -15.743
  -6.618 -49.500 -49.500
  -6.617 -49.500     NaN
  -6.615 -16.230 -49.500
  -6.613 -49.500     NaN
  -6.611 -49.500     NaN
  -6.609 -15.642 -15.642
  -6.607 -49.500 -49.500
  -6.605 -49.500 -49.500
  -6.603 -16.398 -16.398
  -6.602 -49.500 -49.500
  -6.600 -49.500     NaN
  -6.598 -49.500 -49.500
  -6.596 -49.500 -49.500
  -6.594 -15.732 -15.732
