  -8.861 -14.262 -14.262
  -8.599 -14.404 -14.404
  -8.442 -14.431 -14.431
  -8.329 -14.474 -14.474
  -8.239 -14.493 -14.493
  -8.166 -14.253 -14.624
  -8.103 -14.521 -14.521
  -8.048 -14.720 -14.720
  -7.999 -14.692 -14.692
  -7.955 -14.698 -14.698
  -7.916 -14.747 -14.747
  -7.879 -14.846 -14.846
  -7.846 -14.845 -14.845
  -7.815 -14.764 -14.764
  -7.786 -14.654 -14.922
  -7.758 -14.733 -14.733
  -7.733 -15.078 -15.078
  -7.709 -14.954 -14.954
  -7.686 -14.970 -14.970
  -7.664 -15.130 -15.130
  -7.643 -15.017 -15.017
  -7.624 -14.998 -14.998
  -7.605 -15.109 -15.109
  -7.586 -15.095 -15.259
  -7.569 -15.036 -15.036
  -7.552 -15.229 -15.229
  -7.536 -15.307 -15.307
  -7.521 -15.281 -15.281
  -7.506 -15.238 -15.238
  -7.491 -15.229 -15.229
  -7.477 -15.166 -15.439
  -7.464 -15.284 -15.284
  -7.451 -14.881 -15.320
  -7.438 -15.312 -15.312
  -7.425 -15.487 -15.487
  -7.413 -15.160 -15.160
  -7.401 -15.306 -15.489
  -7.390 -15.260 -15.429
  -7.379 -14.889 -15.357
  -7.368 -15.597 -15.597
  -7.357 -15.035 -15.035
  -7.347 -15.516 -15.516
  -7.337 -15.543 -15.543
  -7.327 -15.168 -15.446
  -7.317 -15.122 -15.304
  -7.308 -15.332 -15.332
  -7.299 -15.508 -15.508
  -7.290 -15.236 -15.502
  -7.281 -15.487 -15.638
  -7.272 -15.437 -15.437
  -7.264 -15.083 -15.245
  -7.255 -15.616 -15.616
  -7.247 -15.663 -15.663
  -7.239 -15.694 -15.694
  -7.231 -15.741 -15.741
  -7.223 -15.559 -15.559
  -7.216 -15.327 -15.696
  -7.208 -15.400 -15.921
  -7.201 -15.465 -15.465
  -7.194 -15.683 -15.683
  -7.187 -15.695 -15.695
  -7.180 -15.412 -15.412
  -7.173 -15.496 -15.726
  -7.166 -15.840 -16.017
  -7.159 -15.339 -15.339
  -7.153 -15.692 -15.692
  -7.146 -15.894 -15.894
  -7.140 -15.227 -15.705
  -7.133 -15.760 -15.985
  -7.127 -15.947 -15.947
  -7.121 -15.939 -15.939
  -7.115 -16.131 -16.465
  -7.109 -15.779 -15.779
  -7.103 -15.856 -15.856
  -7.098 -16.110 -16.110
  -7.092 -15.859 -15.859
  -7.086 -15.791 -16.021
  -7.081 -15.251 -15.685
  -7.075 -15.772 -15.963
  -7.070 -15.801 -15.801
  -7.064 -15.764 -15.940
  -7.059 -15.711 -15.979
  -7.054 -15.377 -16.030
  -7.049 -16.008 -16.008
  -7.043 -15.907 -15.907
  -7.038 -15.820 -15.820
  -7.033 -15.670 -15.949
  -7.029 -15.562 -16.005
  -7.024 -15.757 -16.219
  -7.019 -15.602 -16.143
  -7.014 -16.093 -16.093
  -7.009 -15.828 -16.170
  -7.005 -16.205 -16.456
  -7.000 -16.317 -16.317
  -6.995 -15.512 -15.895
  -6.991 -15.818 -16.188
  -6.986 -16.031 -16.031
  -6.982 -15.414 -16.306
  -6.978 -16.024 -16.024
  -6.973 -16.058 -16.386
  -6.969 -15.559 -15.770
  -6.965 -15.532 -16.604
  -6.961 -16.116 -16.116
  -6.956 -15.082 -16.001
  -6.952 -16.066 -16.734
  -6.948 -16.326 -16.621
  -6.944 -15.962 -16.957
  -6.940 -16.117 -16.117
  -6.936 -15.971 -16.471
  -6.932 -16.419 -21.611
  -6.928 -16.682 -23.021
  -6.924 -16.023 -16.181
  -6.920 -16.309 -16.579
  -6.917 -22.903 -22.903
  -6.913 -16.047 -16.597
  -6.909 -15.803 -16.003
  -6.905 -14.928 -16.341
  -6.902 -16.223 -16.493
  -6.898 -15.988 -16.283
  -6.894 -16.221 -22.160
  -6.891 -17.426 -22.658
  -6.887 -16.383 -22.092
  -6.884 -15.962 -16.138
  -6.880 -15.736 -16.241
  -6.877 -16.287 -16.440
  -6.873 -16.549 -16.907
  -6.870 -16.533 -16.702
  -6.867 -16.481 -49.500
  -6.863 -16.034 -16.611
  -6.860 -16.076 -16.381
  -6.857 -15.932 -16.485
  -6.853 -16.322 -16.812
  -6.850 -15.931 -49.500
  -6.847 -17.320 -49.500
  -6.844 -15.482 -16.042
  -6.840 -16.163 -16.773
  -6.837 -16.906 -49.500
  -6.834 -16.486 -16.638
  -6.831 -15.996 -16.258
  -6.828 -49.500     NaN
  -6.825 -49.500     NaN
  -6.822 -17.110 -49.500
  -6.819 -16.183 -16.356
  -6.816 -15.678 -16.274
  -6.813 -49.500     NaN
  -6.810 -16.104 -49.500
  -6.807 -15.858 -16.338
  -6.804 -16.088 -49.500
  -6.801 -16.578 -16.829
  -6.798 -49.500     NaN
  -6.795 -17.101 -17.101
  -6.792 -15.999 -49.500
  -6.789 -49.500     NaN
  -6.787 -49.500     NaN
  -6.784 -49.500     NaN
  -6.781 -49.500     NaN
  -6.778 -15.727 -16.193
  -6.775 -16.630 -16.969
  -6.773 -49.500 -49.500
  -6.770 -15.930 -49.500
  -6.767 -16.949 -49.500
  -6.765 -16.101 -49.500
  -6.762 -15.392 -49.500
  -6.759 -16.366 -49.500
  -6.757 -49.500 -49.500
  -6.754 -49.500     NaN
  -6.751 -49.500     NaN
  -6.749 -15.769 -16.270
  -6.746 -49.500     NaN
  -6.744 -16.578 -16.578
  -6.741 -16.173 -49.500
  -6.739 -49.500     NaN
  -6.736 -49.500     NaN
  -6.734 -49.500 -49.500
  -6.731 -16.017 -16.763
  -6.729 -49.500     NaN
  -6.726 -16.430 -16.955
  -6.724 -16.271 -16.476
  -6.721 -16.153 -49.500
  -6.719 -49.500 -49.500
  -6.717 -16.311 -16.645
  -6.714 -16.448 -49.500
  -6.712 -49.500     NaN
  -6.709 -16.358 -16.358
  -6.707 -16.203 -49.500
  -6.705 -49.500 -49.500
  -6.702 -49.500     NaN
  -6.700 -49.500 -49.500
  -6.698 -16.721 -49.500
  -6.696 -49.500 -49.500
  -6.693 -49.500     NaN
  -6.691 -49.500 -49.500
  -6.689 -49.500     NaN
  -6.687 -16.320 -16.320
  -6.684 -16.421 -16.421
  -6.682 -16.649 -49.500
  -6.680 -49.500     NaN
  -6.678 -49.500 -49.500
  -6.675 -49.500 -49.500
  -6.673 -16.672 -16.672
  -6.671 -49.500 -49.500
  -6.669 -15.654 -15.654
  -6.667 -15.158 -49.500
  -6.665 -49.500     NaN
  -6.663 -15.879 -49.500
  -6.661 -15.619 -16.361
  -6.658 -16.199 -49.500
  -6.656 -16.626 -49.500
  -6.654 -49.500     NaN
  -6.652 -49.500 -49.500
  -6.650 -49.500 -49.500
  -6.648 -49.500 -49.500
  -6.646 -16.744 -49.500
  -6.644 -49.500 -49.500
  -6.642 -15.856 -49.500
  -6.640 -15.580 -49.500
  -6.638 -49.500 -49.500
  -6.636 -49.500 -49.500
  -6.634 -49.500     NaN
  -6.632 -49.500     NaN
  -6.630 -15.351 -49.500
  -6.628 -49.500     NaN
  -6.626 -16.761 -16.761
  -6.624 -49.500 -49.500
  -6.622 -16.338 -16.338
  -6.620 -49.500 -49.500
  -6.618 -49.500     NaN
  -6.617 -16.643 -49.500
  -6.615 -49.500     NaN
  -6.613 -49.500 -49.500
  -6.611 -49.500 -49.500
  -6.609 -49.500 -49.500
  -6.607 -49.500 -49.500
  -6.605 -16.197 -16.197
  -6.603 -49.500 -49.500
  -6.602 -16.794 -16.794
  -6.600 -49.500     NaN
  -6.598 -49.500     NaN
  -6.596 -16.502 -16.502
  -6.594 -15.900 -15.900
