  -8.861 -14.220 -14.220
  -8.599 -14.384 -14.384
  -8.442 -14.423 -14.423
  -8.329 -14.487 -14.487
  -8.239 -14.493 -14.493
  -8.166 -14.591 -14.591
  -8.103 -14.655 -14.655
  -8.048 -14.661 -14.661
  -7.999 -14.707 -14.707
  -7.955 -14.700 -14.700
  -7.916 -14.693 -14.693
  -7.879 -14.720 -14.720
  -7.846 -14.848 -14.848
  -7.815 -14.948 -14.948
  -7.786 -14.914 -14.914
  -7.758 -14.901 -14.901
  -7.733 -14.494 -14.660
  -7.709 -14.934 -14.934
  -7.686 -14.934 -14.934
  -7.664 -14.859 -14.859
  -7.643 -14.688 -15.148
  -7.624 -14.951 -15.224
  -7.605 -14.749 -15.071
  -7.586 -14.979 -14.979
  -7.569 -15.132 -15.132
  -7.552 -15.024 -15.182
  -7.536 -14.735 -15.255
  -7.521 -14.934 -14.934
  -7.506 -15.294 -15.294
  -7.491 -15.293 -15.293
  -7.477 -15.333 -15.333
  -7.464 -15.167 -15.318
  -7.451 -15.344 -15.344
  -7.438 -15.268 -15.268
  -7.425 -15.287 -15.287
  -7.413 -15.349 -15.349
  -7.401 -15.056 -15.431
  -7.390 -15.596 -15.596
  -7.379 -15.221 -15.221
  -7.368 -15.194 -15.356
  -7.357 -14.712 -15.347
  -7.347 -15.593 -15.593
  -7.337 -15.264 -15.264
  -7.327 -15.469 -15.469
  -7.317 -15.111 -15.380
  -7.308 -15.251 -15.483
  -7.299 -15.523 -15.523
  -7.290 -15.390 -15.390
  -7.281 -15.499 -15.499
  -7.272 -14.543 -15.749
  -7.264 -15.285 -15.285
  -7.255 -15.264 -15.714
  -7.247 -15.276 -15.441
  -7.239 -15.594 -15.594
  -7.231 -15.473 -15.473
  -7.223 -15.105 -15.621
  -7.216 -15.246 -15.523
  -7.208 -15.524 -15.880
  -7.201 -15.902 -16.083
  -7.194 -15.735 -15.735
  -7.187 -15.348 -15.348
  -7.180 -15.410 -15.695
  -7.173 -15.698 -15.698
  -7.166 -15.883 -15.883
  -7.159 -15.552 -15.552
  -7.153 -15.962 -16.153
  -7.146 -15.236 -15.236
  -7.140 -15.766 -15.766
  -7.133 -15.956 -15.956
  -7.127 -15.426 -15.628
  -7.121 -15.726 -15.901
  -7.115 -15.421 -15.572
  -7.109 -15.478 -15.917
  -7.103 -15.461 -15.716
  -7.098 -15.790 -16.086
  -7.092 -16.037 -16.037
  -7.086 -15.606 -15.993
  -7.081 -15.784 -15.946
  -7.075 -15.428 -15.790
  -7.070 -16.358 -16.358
  -7.064 -15.114 -15.587
  -7.059 -15.857 -16.270
  -7.054 -15.440 -15.840
  -7.049 -15.897 -16.102
  -7.043 -15.715 -15.949
  -7.038 -15.285 -16.113
  -7.033 -15.544 -16.231
  -7.029 -15.536 -15.992
  -7.024 -16.224 -16.224
  -7.019 -15.704 -15.704
  -7.014 -15.993 -16.412
  -7.009 -15.626 -16.018
  -7.005 -15.035 -15.334
  -7.000 -16.239 -16.436
  -6.995 -15.682 -16.066
  -6.991 -16.095 -16.337
  -6.986 -16.166 -16.397
  -6.982 -15.850 -16.331
  -6.978 -16.045 -16.502
  -6.973 -14.955 -15.493
  -6.969 -15.903 -15.903
  -6.965 -16.345 -16.585
  -6.961 -16.269 -16.269
  -6.956 -16.466 -17.020
  -6.952 -16.254 -16.518
  -6.948 -16.283 -16.283
  -6.944 -16.088 -16.243
  -6.940 -15.727 -16.511
  -6.936 -16.327 -16.327
  -6.932 -15.903 -16.400
  -6.928 -15.891 -16.068
  -6.924 -16.035 -16.199
  -6.920 -16.079 -16.249
  -6.917 -15.441 -16.432
  -6.913 -15.919 -17.081
  -6.909 -15.952 -16.179
  -6.905 -14.909 -16.148
  -6.902 -16.067 -16.479
  -6.898 -16.556 -16.940
  -6.894 -15.697 -15.920
  -6.891 -22.502 -22.502
  -6.887 -16.383 -16.534
  -6.884 -16.537 -49.500
  -6.880 -15.986 -16.491
  -6.877 -16.691 -17.138
  -6.873 -16.296 -49.500
  -6.870 -16.466 -16.856
  -6.867 -15.965 -16.701
  -6.863 -16.225 -16.504
  -6.860 -16.251 -17.239
  -6.857 -15.700 -16.360
  -6.853 -16.201 -16.924
  -6.850 -16.685 -49.500
  -6.847 -49.500     NaN
  -6.844 -15.764 -49.500
  -6.840 -16.638 -17.007
  -6.837 -16.666 -49.500
  -6.834 -15.079 -17.055
  -6.831 -16.050 -16.315
  -6.828 -16.081 -16.309
  -6.825 -16.638 -16.792
  -6.822 -15.972 -16.135
  -6.819 -14.912 -16.764
  -6.816 -16.773 -49.500
  -6.813 -16.341 -16.507
  -6.810 -16.130 -16.359
  -6.807 -49.500     NaN
  -6.804 -15.890 -16.637
  -6.801 -17.152 -49.500
  -6.798 -15.955 -16.114
  -6.795 -15.178 -16.253
  -6.792 -16.805 -49.500
  -6.789 -15.679 -16.216
  -6.787 -16.469 -16.694
  -6.784 -15.820 -16.030
  -6.781 -16.100 -16.274
  -6.778 -15.848 -16.307
  -6.775 -49.500     NaN
  -6.773 -16.813 -17.427
  -6.770 -16.748 -49.500
  -6.767 -16.380 -49.500
  -6.765 -16.447 -16.609
  -6.762 -49.500     NaN
  -6.759 -49.500     NaN
  -6.757 -16.311 -49.500
  -6.754 -16.766 -49.500
  -6.751 -49.500 -49.500
  -6.749 -49.500     NaN
  -6.746 -16.415 -16.663
  -6.744 -16.289 -49.500
  -6.741 -16.395 -49.500
  -6.739 -16.671 -49.500
  -6.736 -15.924 -49.500
  -6.734 -16.697 -49.500
  -6.731 -49.500 -49.500
  -6.729 -49.500     NaN
  -6.726 -49.500     NaN
  -6.724 -16.748 -49.500
  -6.721 -49.500     NaN
  -6.719 -49.500     NaN
  -6.717 -49.500     NaN
  -6.714 -49.500 -49.500
  -6.712 -16.521 -16.521
  -6.709 -16.626 -16.974
  -6.707 -16.630 -49.500
  -6.705 -49.500 -49.500
  -6.702 -49.500 -49.500
  -6.700 -49.500 -49.500
  -6.698 -49.500 -49.500
  -6.696 -49.500 -49.500
  -6.693 -49.500 -49.500
  -6.691 -16.221 -16.221
  -6.689 -49.500 -49.500
  -6.687 -49.500 -49.500
  -6.684 -49.500     NaN
  -6.682 -16.338 -16.338
  -6.680 -49.500     NaN
  -6.678 -49.500 -49.500
  -6.675 -16.625 -49.500
  -6.673 -16.753 -49.500
  -6.671 -49.500 -49.500
  -6.669 -16.878 -49.500
  -6.667 -49.500     NaN
  -6.665 -16.500 -49.500
  -6.663 -49.500 -49.500
  -6.661 -49.500     NaN
  -6.658 -49.500     NaN
  -6.656 -17.251 -17.251
  -6.654 -49.500 -49.500
  -6.652 -49.500 -49.500
  -6.650 -15.556 -15.760
  -6.648 -49.500     NaN
  -6.646 -16.085 -49.500
  -6.644 -49.500 -49.500
  -6.642 -49.500 -49.500
  -6.640 -16.607 -49.500
  -6.638 -17.077 -17.077
  -6.636 -49.500     NaN
  -6.634 -49.500 -49.500
  -6.632 -49.500     NaN
  -6.630 -49.500 -49.500
  -6.628 -16.149 -16.149
  -6.626 -49.500     NaN
  -6.624 -49.500 -49.500
  -6.622 -49.500 -49.500
  -6.620 -49.500 -49.500
  -6.618 -49.500 -49.500
  -6.617 -49.500 -49.500
  -6.615 -16.854 -49.500
  -6.613 -49.500 -49.500
  -6.611 -49.500 -49.500
  -6.609 -16.663 -49.500
  -6.607 -49.500 -49.500
  -6.605 -49.500 -49.500
  -6.603 -49.500 -49.500
  -6.602 -49.500 -49.500
  -6.600 -49.500 -49.500
  -6.598 -49.500 -49.500
  -6.596 -49.500 -49.500
  -6.594 -16.580 -16.580
