  -8.861 -14.262 -14.262
  -8.599 -14.355 -14.355
  -8.442 -14.438 -14.438
  -8.329 -14.512 -14.512
  -8.239 -14.544 -14.544
  -8.166 -14.619 -14.619
  -8.103 -14.537 -14.537
  -8.048 -14.598 -14.598
  -7.999 -14.760 -14.760
  -7.955 -14.625 -14.625
  -7.916 -14.835 -14.835
  -7.879 -14.845 -14.845
  -7.846 -14.955 -14.955
  -7.815 -14.890 -14.890
  -7.786 -14.806 -14.806
  -7.758 -14.798 -14.798
  -7.733 -15.017 -15.017
  -7.709 -14.852 -14.852
  -7.686 -15.077 -15.077
  -7.664 -15.005 -15.005
  -7.643 -14.969 -15.128
  -7.624 -15.145 -15.145
  -7.605 -15.244 -15.244
  -7.586 -14.853 -14.853
  -7.569 -14.973 -14.973
  -7.552 -15.218 -15.218
  -7.536 -14.833 -15.314
  -7.521 -15.266 -15.266
  -7.506 -15.155 -15.155
  -7.491 -15.182 -15.367
  -7.477 -15.156 -15.489
  -7.464 -15.014 -15.014
  -7.451 -15.115 -15.301
  -7.438 -15.200 -15.425
  -7.425 -15.085 -15.324
  -7.413 -15.297 -15.297
  -7.401 -15.453 -15.453
  -7.390 -15.411 -15.411
  -7.379 -15.470 -15.470
  -7.368 -15.234 -15.517
  -7.357 -15.326 -15.326
  -7.347 -14.680 -15.270
  -7.337 -15.493 -15.493
  -7.327 -15.441 -15.441
  -7.317 -15.376 -15.376
  -7.308 -14.695 -15.466
  -7.299 -15.300 -15.480
  -7.290 -15.477 -15.477
  -7.281 -15.115 -15.714
  -7.272 -15.224 -15.487
  -7.264 -15.433 -15.679
  -7.255 -14.420 -14.601
  -7.247 -15.504 -15.674
  -7.239 -15.399 -15.399
  -7.231 -15.672 -15.672
  -7.223 -15.636 -15.792
  -7.216 -15.407 -15.407
  -7.208 -15.741 -15.741
  -7.201 -15.346 -15.812
  -7.194 -15.781 -15.781
  -7.187 -15.759 -15.759
  -7.180 -15.680 -15.928
  -7.173 -15.809 -15.809
  -7.166 -15.808 -15.808
  -7.159 -15.532 -15.929
  -7.153 -15.684 -15.684
  -7.146 -15.356 -15.631
  -7.140 -15.976 -15.976
  -7.133 -16.023 -16.023
  -7.127 -15.773 -15.773
  -7.121 -15.834 -15.834
  -7.115 -15.670 -15.670
  -7.109 -15.612 -15.967
  -7.103 -16.095 -16.095
  -7.098 -14.945 -16.089
  -7.092 -15.327 -15.660
  -7.086 -15.122 -15.837
  -7.081 -16.294 -16.294
  -7.075 -15.434 -15.434
  -7.070 -15.854 -16.093
  -7.064 -16.438 -16.438
  -7.059 -15.422 -15.606
  -7.054 -15.579 -15.871
  -7.049 -16.001 -16.001
  -7.043 -15.943 -15.943
  -7.038 -16.070 -16.070
  -7.033 -15.825 -16.161
  -7.029 -15.952 -15.952
  -7.024 -15.772 -16.085
  -7.019 -15.166 -15.972
  -7.014 -15.645 -15.880
  -7.009 -16.144 -16.331
  -7.005 -16.202 -16.202
  -7.000 -16.533 -16.751
  -6.995 -16.275 -16.502
  -6.991 -15.835 -15.835
  -6.986 -15.492 -15.725
  -6.982 -15.848 -16.175
  -6.978 -15.737 -15.737
  -6.973 -15.678 -16.178
  -6.969 -15.011 -15.642
  -6.965 -15.487 -15.763
  -6.961 -15.638 -15.806
  -6.956 -16.254 -16.515
  -6.952 -16.199 -16.199
  -6.948 -15.930 -16.214
  -6.944 -16.285 -16.574
  -6.940 -15.569 -15.722
  -6.936 -15.522 -16.453
  -6.932 -16.485 -16.485
  -6.928 -16.237 -16.786
  -6.924 -15.723 -16.078
  -6.920 -15.697 -15.902
  -6.917 -16.557 -16.939
  -6.913 -16.248 -16.807
  -6.909 -15.796 -16.817
  -6.905 -15.686 -16.365
  -6.902 -16.470 -16.750
  -6.898 -15.953 -16.113
  -6.894 -16.598 -16.896
  -6.891 -15.655 -16.124
  -6.887 -22.082 -22.082
  -6.884 -16.430 -16.930
  -6.880 -15.103 -17.042
  -6.877 -16.239 -16.545
  -6.873 -16.337 -49.500
  -6.870 -16.301 -16.648
  -6.867 -16.867 -49.500
  -6.863 -15.856 -49.500
  -6.860 -49.500     NaN
  -6.857 -15.736 -16.143
  -6.853 -16.019 -16.403
  -6.850 -15.397 -15.870
  -6.847 -15.992 -16.410
  -6.844 -16.339 -49.500
  -6.840 -16.351 -16.598
  -6.837 -15.542 -16.904
  -6.834 -16.353 -16.669
  -6.831 -16.274 -16.751
  -6.828 -17.051 -49.500
  -6.825 -49.500     NaN
  -6.822 -49.500     NaN
  -6.819 -49.500     NaN
  -6.816 -16.536 -49.500
  -6.813 -15.705 -16.717
  -6.810 -15.747 -16.004
  -6.807 -16.235 -16.406
  -6.804 -15.992 -16.426
  -6.801 -16.372 -49.500
  -6.798 -17.006 -49.500
  -6.795 -15.921 -16.115
  -6.792 -49.500     NaN
  -6.789 -15.199 -16.409
  -6.787 -49.500     NaN
  -6.784 -16.305 -16.558
  -6.781 -15.805 -16.827
  -6.778 -49.500     NaN
  -6.775 -49.500 -49.500
  -6.773 -49.500 -49.500
  -6.770 -49.500     NaN
  -6.767 -16.808 -16.992
  -6.765 -16.600 -49.500
  -6.762 -15.225 -16.413
  -6.759 -16.226 -16.593
  -6.757 -49.500     NaN
  -6.754 -16.329 -49.500
  -6.751 -49.500     NaN
  -6.749 -16.100 -49.500
  -6.746 -49.500 -49.500
  -6.744 -15.400 -49.500
  -6.741 -16.286 -16.939
  -6.739 -16.202 -49.500
  -6.736 -16.295 -49.500
  -6.734 -49.500 -49.500
  -6.731 -16.108 -16.108
  -6.729 -16.242 -49.500
  -6.726 -49.500     NaN
  -6.724 -16.677 -49.500
  -6.721 -15.718 -16.486
  -6.719 -49.500 -49.500
  -6.717 -16.086 -49.500
  -6.714 -15.742 -16.269
  -6.712 -16.714 -49.500
  -6.709 -49.500     NaN
  -6.707 -16.120 -16.120
  -6.705 -49.500     NaN
  -6.702 -16.164 -49.500
  -6.700 -49.500 -49.500
  -6.698 -16.548 -49.500
  -6.696 -49.500 -49.500
  -6.693 -49.500     NaN
  -6.691 -16.273 -16.486
  -6.689 -49.500     NaN
  -6.687 -49.500     NaN
  -6.684 -49.500 -49.500
  -6.682 -16.661 -49.500
  -6.680 -49.500 -49.500
  -6.678 -16.394 -16.394
  -6.675 -16.004 -16.004
  -6.673 -49.500     NaN
  -6.671 -49.500 -49.500
  -6.669 -49.500 -49.500
  -6.667 -49.500 -49.500
  -6.665 -49.500     NaN
  -6.663 -16.423 -49.500
  -6.661 -49.500     NaN
  -6.658 -49.500 -49.500
  -6.656 -16.558 -16.558
  -6.654 -16.172 -49.500
  -6.652 -49.500     NaN
  -6.650 -49.500 -49.500
  -6.648 -16.468 -49.500
  -6.646 -49.500 -49.500
  -6.644 -49.500     NaN
  -6.642 -49.500     NaN
  -6.640 -49.500     NaN
  -6.638 -16.069 -49.500
  -6.636 -15.278 -49.500
  -6.634 -49.500     NaN
  -6.632 -49.500 -49.500
  -6.630 -49.500     NaN
  -6.628 -15.993 -49.500
  -6.626 -49.500 -49.500
  -6.624 -49.500 -49.500
  -6.622 -49.500 -49.500
  -6.620 -16.872 -16.872
  -6.618 -16.132 -49.500
  -6.617 -49.500     NaN
  -6.615 -15.606 -49.500
  -6.613 -49.500 -49.500
  -6.611 -16.456 -16.456
  -6.609 -16.373 -49.500
  -6.607 -49.500     NaN
  -6.605 -49.500 -49.500
  -6.603 -49.500 -49.500
  -6.602 -49.500 -49.500
  -6.600 -49.500 -49.500
  -6.598 -15.960 -49.500
  -6.596 -49.500 -49.500
  -6.594 -49.500 -49.500
