  -8.861 -14.268 -14.268
  -8.599 -14.315 -14.315
  -8.442 -14.456 -14.456
  -8.329 -14.544 -14.544
  -8.239 -14.561 -14.561
  -8.166 -14.598 -14.598
  -8.103 -14.571 -14.571
  -8.048 -14.600 -14.600
  -7.999 -14.726 -14.726
  -7.955 -14.778 -14.778
  -7.916 -14.473 -14.672
  -7.879 -14.755 -14.755
  -7.846 -14.822 -14.822
  -7.815 -14.853 -14.853
  -7.786 -14.821 -14.821
  -7.758 -14.903 -14.903
  -7.733 -14.985 -14.985
  -7.709 -14.857 -14.857
  -7.686 -14.841 -15.013
  -7.664 -14.804 -14.804
  -7.643 -15.071 -15.226
  -7.624 -15.029 -15.029
  -7.605 -15.109 -15.109
  -7.586 -15.033 -15.033
  -7.569 -15.129 -15.129
  -7.552 -15.187 -15.187
  -7.536 -15.095 -15.095
  -7.521 -15.304 -15.304
  -7.506 -15.144 -15.144
  -7.491 -14.875 -15.080
  -7.477 -15.361 -15.361
  -7.464 -15.166 -15.166
  -7.451 -15.170 -15.170
  -7.438 -15.247 -15.247
  -7.425 -15.173 -15.350
  -7.413 -14.993 -15.296
  -7.401 -15.235 -15.497
  -7.390 -14.959 -15.155
  -7.379 -15.328 -15.328
  -7.368 -15.161 -15.161
  -7.357 -15.334 -15.334
  -7.347 -15.227 -15.430
  -7.337 -15.383 -15.383
  -7.327 -15.439 -15.613
  -7.317 -15.544 -15.544
  -7.308 -15.327 -15.521
  -7.299 -15.828 -15.828
  -7.290 -15.328 -15.328
  -7.281 -15.651 -15.651
  -7.272 -15.164 -15.317
  -7.264 -14.989 -15.394
  -7.255 -15.203 -15.372
  -7.247 -15.587 -15.587
  -7.239 -15.352 -15.595
  -7.231 -15.575 -15.575
  -7.223 -15.719 -15.719
  -7.216 -15.739 -15.739
  -7.208 -15.247 -15.659
  -7.201 -15.158 -15.445
  -7.194 -15.957 -15.957
  -7.187 -15.534 -15.699
  -7.180 -15.890 -16.062
  -7.173 -15.649 -15.649
  -7.166 -15.623 -15.855
  -7.159 -15.783 -15.783
  -7.153 -15.733 -15.912
  -7.146 -14.949 -15.977
  -7.140 -15.227 -15.552
  -7.133 -15.161 -15.373
  -7.127 -15.401 -15.834
  -7.121 -15.856 -15.856
  -7.115 -15.175 -15.417
  -7.109 -15.993 -16.144
  -7.103 -15.853 -15.853
  -7.098 -15.006 -15.173
  -7.092 -15.156 -15.481
  -7.086 -15.785 -16.149
  -7.081 -16.047 -16.047
  -7.075 -16.067 -16.067
  -7.070 -15.304 -15.650
  -7.064 -16.159 -16.159
  -7.059 -16.426 -16.426
  -7.054 -15.860 -16.092
  -7.049 -15.491 -15.953
  -7.043 -16.146 -16.356
  -7.038 -15.837 -16.014
  -7.033 -16.191 -16.191
  -7.029 -16.099 -16.099
  -7.024 -15.982 -16.347
  -7.019 -15.957 -15.957
  -7.014 -16.209 -16.209
  -7.009 -16.169 -16.325
  -7.005 -15.649 -16.154
  -7.000 -16.461 -16.633
  -6.995 -15.609 -16.303
  -6.991 -15.567 -16.031
  -6.986 -15.353 -15.647
  -6.982 -15.773 -16.128
  -6.978 -15.702 -16.315
  -6.973 -15.781 -16.157
  -6.969 -16.182 -16.393
  -6.965 -15.985 -15.985
  -6.961 -16.155 -17.331
  -6.956 -16.509 -16.827
  -6.952 -15.546 -16.005
  -6.948 -16.312 -16.312
  -6.944 -15.813 -16.112
  -6.940 -15.152 -15.930
  -6.936 -16.195 -16.195
  -6.932 -15.621 -16.049
  -6.928 -15.879 -16.436
  -6.924 -16.539 -16.864
  -6.920 -16.193 -16.751
  -6.917 -16.558 -16.820
  -6.913 -15.520 -16.297
  -6.909 -15.787 -15.787
  -6.905 -16.912 -21.863
  -6.902 -16.769 -49.500
  -6.898 -15.933 -16.316
  -6.894 -15.970 -16.124
  -6.891 -16.181 -16.393
  -6.887 -16.051 -16.421
  -6.884 -16.415 -16.687
  -6.880 -15.704 -15.905
  -6.877 -15.399 -16.028
  -6.873 -49.500     NaN
  -6.870 -16.122 -16.122
  -6.867 -16.441 -16.702
  -6.863 -16.008 -16.204
  -6.860 -17.229 -49.500
  -6.857 -16.015 -49.500
  -6.853 -16.118 -16.358
  -6.850 -16.527 -16.869
  -6.847 -15.337 -16.252
  -6.844 -16.520 -17.073
  -6.840 -49.500     NaN
  -6.837 -15.906 -16.197
  -6.834 -15.172 -15.627
  -6.831 -15.034 -16.526
  -6.828 -16.028 -16.539
  -6.825 -17.407 -49.500
  -6.822 -17.015 -49.500
  -6.819 -16.085 -16.372
  -6.816 -15.954 -16.226
  -6.813 -16.398 -16.999
  -6.810 -16.048 -16.647
  -6.807 -15.588 -49.500
  -6.804 -16.175 -49.500
  -6.801 -16.471 -49.500
  -6.798 -49.500     NaN
  -6.795 -49.500     NaN
  -6.792 -16.165 -16.408
  -6.789 -49.500     NaN
  -6.787 -49.500     NaN
  -6.784 -16.878 -49.500
  -6.781 -49.500     NaN
  -6.778 -49.500     NaN
  -6.775 -15.136 -15.917
  -6.773 -49.500     NaN
  -6.770 -15.744 -16.649
  -6.767 -15.545 -15.967
  -6.765 -17.144 -17.144
  -6.762 -49.500 -49.500
  -6.759 -15.157 -16.169
  -6.757 -49.500     NaN
  -6.754 -17.169 -49.500
  -6.751 -15.808 -15.808
  -6.749 -15.704 -49.500
  -6.746 -49.500     NaN
  -6.744 -16.305 -16.791
  -6.741 -16.438 -49.500
  -6.739 -16.577 -49.500
  -6.736 -16.509 -16.869
  -6.734 -49.500 -49.500
  -6.731 -16.325 -49.500
  -6.729 -15.754 -15.754
  -6.726 -16.470 -49.500
  -6.724 -16.296 -16.296
  -6.721 -49.500     NaN
  -6.719 -49.500 -49.500
  -6.717 -16.425 -49.500
  -6.714 -16.634 -49.500
  -6.712 -14.294 -16.414
  -6.709 -16.755 -49.500
  -6.707 -49.500     NaN
  -6.705 -16.770 -16.770
  -6.702 -16.367 -49.500
  -6.700 -16.270 -49.500
  -6.698 -14.900 -16.798
  -6.696 -16.588 -49.500
  -6.693 -16.950 -49.500
  -6.691 -15.706 -17.040
  -6.689 -16.219 -16.680
  -6.687 -16.191 -49.500
  -6.684 -49.500 -49.500
  -6.682 -49.500     NaN
  -6.680 -15.547 -49.500
  -6.678 -16.752 -49.500
  -6.675 -49.500     NaN
  -6.673 -49.500 -49.500
  -6.671 -49.500 -49.500
  -6.669 -49.500 -49.500
  -6.667 -16.486 -16.486
  -6.665 -49.500     NaN
  -6.663 -49.500 -49.500
  -6.661 -49.500 -49.500
  -6.658 -49.500     NaN
  -6.656 -49.500 -49.500
  -6.654 -49.500     NaN
  -6.652 -49.500     NaN
  -6.650 -16.215 -49.500
  -6.648 -49.500     NaN
  -6.646 -49.500 -49.500
  -6.644 -49.500     NaN
  -6.642 -16.742 -49.500
  -6.640 -49.500 -49.500
  -6.638 -49.500 -49.500
  -6.636 -16.140 -16.140
  -6.634 -49.500 -49.500
  -6.632 -49.500 -49.500
  -6.630 -15.355 -49.500
  -6.628 -49.500     NaN
  -6.626 -16.225 -49.500
  -6.624 -49.500 -49.500
  -6.622 -49.500 -49.500
  -6.620 -49.500 -49.500
  -6.618 -49.500 -49.500
  -6.617 -49.500 -49.500
  -6.615 -49.500 -49.500
  -6.613 -49.500 -49.500
  -6.611 -49.500 -49.500
  -6.609 -49.500 -49.500
  -6.607 -49.500 -49.500
  -6.605 -49.500 -49.500
  -6.603 -15.603 -15.603
  -6.602 -49.500 -49.500
  -6.600 -49.500 -49.500
  -6.598 -16.306 -16.306
  -6.596 -49.500 -49.500
  -6.594 -49.500 -49.500
