  -8.861 -14.265 -14.265
  -8.599 -14.380 -14.380
  -8.442 -14.438 -14.438
  -8.329 -14.469 -14.469
  -8.239 -14.557 -14.557
  -8.166 -14.615 -14.615
  -8.103 -14.664 -14.664
  -8.048 -14.476 -14.476
  -7.999 -14.721 -14.721
  -7.955 -14.655 -14.655
  -7.916 -14.681 -14.681
  -7.879 -14.754 -14.754
  -7.846 -14.786 -14.786
  -7.815 -14.945 -14.945
  -7.786 -14.954 -14.954
  -7.758 -14.879 -14.879
  -7.733 -14.918 -14.918
  -7.709 -14.904 -14.904
  -7.686 -14.994 -14.994
  -7.664 -14.612 -14.612
  -7.643 -15.138 -15.138
  -7.624 -14.883 -15.050
  -7.605 -15.070 -15.070
  -7.586 -15.076 -15.076
  -7.569 -14.879 -15.303
  -7.552 -15.012 -15.195
  -7.536 -15.107 -15.107
  -7.521 -15.119 -15.278
  -7.506 -15.096 -15.096
  -7.491 -15.226 -15.226
  -7.477 -15.335 -15.335
  -7.464 -15.345 -15.345
  -7.451 -15.275 -15.275
  -7.438 -15.167 -15.332
  -7.425 -15.044 -15.044
  -7.413 -14.611 -15.016
  -7.401 -15.106 -15.370
  -7.390 -15.566 -15.566
  -7.379 -15.028 -15.508
  -7.368 -15.569 -15.569
  -7.357 -15.203 -15.482
  -7.347 -15.501 -15.501
  -7.337 -15.593 -15.593
  -7.327 -15.295 -15.495
  -7.317 -15.412 -15.412
  -7.308 -15.312 -15.312
  -7.299 -15.501 -15.501
  -7.290 -14.703 -15.187
  -7.281 -15.459 -15.459
  -7.272 -15.218 -15.218
  -7.264 -15.122 -15.122
  -7.255 -15.609 -15.765
  -7.247 -15.137 -15.312
  -7.239 -15.758 -15.758
  -7.231 -15.409 -15.409
  -7.223 -15.643 -15.848
  -7.216 -15.657 -15.657
  -7.208 -15.034 -15.034
  -7.201 -15.780 -15.780
  -7.194 -15.327 -15.327
  -7.187 -15.558 -15.558
  -7.180 -15.511 -15.717
  -7.173 -15.820 -15.820
  -7.166 -15.411 -15.411
  -7.159 -15.599 -15.599
  -7.153 -15.641 -15.641
  -7.146 -15.124 -15.288
  -7.140 -15.305 -15.832
  -7.133 -15.446 -15.446
  -7.127 -15.568 -15.871
  -7.121 -15.752 -15.944
  -7.115 -15.571 -15.571
  -7.109 -15.564 -15.866
  -7.103 -15.699 -15.901
  -7.098 -15.939 -15.939
  -7.092 -15.460 -15.661
  -7.086 -16.385 -16.385
  -7.081 -15.922 -16.181
  -7.075 -15.407 -16.049
  -7.070 -15.907 -15.907
  -7.064 -15.944 -16.180
  -7.059 -15.112 -16.098
  -7.054 -15.869 -15.869
  -7.049 -16.255 -16.255
  -7.043 -16.300 -16.300
  -7.038 -15.859 -15.859
  -7.033 -15.549 -15.765
  -7.029 -16.297 -16.474
  -7.024 -15.792 -15.792
  -7.019 -15.872 -15.872
  -7.014 -16.169 -16.169
  -7.009 -15.360 -15.786
  -7.005 -16.089 -16.340
  -7.000 -15.880 -15.880
  -6.995 -16.124 -16.437
  -6.991 -15.591 -15.957
  -6.986 -16.457 -16.847
  -6.982 -16.052 -16.052
  -6.978 -15.134 -16.375
  -6.973 -16.043 -16.402
  -6.969 -15.715 -16.204
  -6.965 -16.201 -16.201
  -6.961 -15.771 -15.938
  -6.956 -15.864 -17.202
  -6.952 -16.349 -16.600
  -6.948 -15.337 -16.674
  -6.944 -15.806 -16.225
  -6.940 -16.227 -16.419
  -6.936 -15.868 -16.153
  -6.932 -16.463 -22.317
  -6.928 -16.597 -16.597
  -6.924 -15.903 -16.166
  -6.920 -16.370 -16.745
  -6.917 -16.286 -16.470
  -6.913 -16.409 -16.409
  -6.909 -16.212 -16.639
  -6.905 -16.212 -16.409
  -6.902 -15.748 -15.966
  -6.898 -16.082 -16.082
  -6.894 -15.899 -16.153
  -6.891 -16.573 -22.324
  -6.887 -16.329 -16.626
  -6.884 -16.215 -16.379
  -6.880 -16.287 -16.607
  -6.877 -15.163 -16.650
  -6.873 -16.471 -16.903
  -6.870 -15.617 -16.258
  -6.867 -16.143 -16.993
  -6.863 -16.800 -49.500
  -6.860 -15.895 -16.193
  -6.857 -16.740 -49.500
  -6.853 -49.500 -49.500
  -6.850 -16.131 -16.388
  -6.847 -15.642 -17.036
  -6.844 -16.304 -16.842
  -6.840 -16.374 -16.557
  -6.837 -15.402 -49.500
  -6.834 -16.555 -17.019
  -6.831 -17.010 -49.500
  -6.828 -49.500 -49.500
  -6.825 -49.500     NaN
  -6.822 -16.813 -17.073
  -6.819 -17.160 -49.500
  -6.816 -16.083 -16.826
  -6.813 -16.855 -49.500
  -6.810 -17.039 -49.500
  -6.807 -16.234 -16.491
  -6.804 -49.500     NaN
  -6.801 -16.645 -49.500
  -6.798 -49.500 -49.500
  -6.795 -16.512 -49.500
  -6.792 -16.655 -49.500
  -6.789 -17.272 -49.500
  -6.787 -49.500     NaN
  -6.784 -49.500 -49.500
  -6.781 -14.930 -16.266
  -6.778 -15.275 -15.594
  -6.775 -49.500     NaN
  -6.773 -49.500     NaN
  -6.770 -15.357 -15.357
  -6.767 -16.232 -49.500
  -6.765 -16.314 -49.500
  -6.762 -49.500 -49.500
  -6.759 -49.500     NaN
  -6.757 -16.597 -16.877
  -6.754 -16.694 -49.500
  -6.751 -15.844 -16.055
  -6.749 -16.358 -49.500
  -6.746 -15.634 -49.500
  -6.744 -15.331 -15.839
  -6.741 -49.500 -49.500
  -6.739 -16.971 -49.500
  -6.736 -16.535 -49.500
  -6.734 -16.764 -16.764
  -6.731 -16.130 -16.515
  -6.729 -15.956 -49.500
  -6.726 -49.500     NaN
  -6.724 -49.500     NaN
  -6.721 -15.319 -49.500
  -6.719 -16.225 -49.500
  -6.717 -17.024 -17.024
  -6.714 -16.923 -49.500
  -6.712 -16.271 -49.500
  -6.709 -16.129 -49.500
  -6.707 -49.500 -49.500
  -6.705 -15.831 -49.500
  -6.702 -16.455 -49.500
  -6.700 -49.500     NaN
  -6.698 -49.500 -49.500
  -6.696 -49.500 -49.500
  -6.693 -15.095 -49.500
  -6.691 -49.500 -49.500
  -6.689 -49.500 -49.500
  -6.687 -16.943 -49.500
  -6.684 -16.470 -49.500
  -6.682 -16.656 -49.500
  -6.680 -16.188 -49.500
  -6.678 -16.083 -16.083
  -6.675 -49.500 -49.500
  -6.673 -49.500     NaN
  -6.671 -49.500     NaN
  -6.669 -49.500 -49.500
  -6.667 -16.885 -49.500
  -6.665 -49.500 -49.500
  -6.663 -16.544 -17.142
  -6.661 -49.500     NaN
  -6.658 -16.233 -49.500
  -6.656 -49.500     NaN
  -6.654 -15.913 -49.500
  -6.652 -49.500     NaN
  -6.650 -16.485 -49.500
  -6.648 -49.500 -49.500
  -6.646 -49.500 -49.500
  -6.644 -49.500 -49.500
  -6.642 -16.337 -16.337
  -6.640 -16.755 -49.500
  -6.638 -16.089 -16.089
  -6.636 -16.402 -49.500
  -6.634 -49.500     NaN
  -6.632 -16.057 -16.057
  -6.630 -49.500 -49.500
  -6.628 -16.150 -49.500
  -6.626 -49.500 -49.500
  -6.624 -49.500     NaN
  -6.622 -49.500 -49.500
  -6.620 -49.500 -49.500
  -6.618 -16.618 -49.500
  -6.617 -49.500 -49.500
  -6.615 -49.500 -49.500
  -6.613 -15.934 -15.934
  -6.611 -49.500 -49.500
  -6.609 -16.304 -49.500
  -6.607 -49.500 -49.500
  -6.605 -49.500     NaN
  -6.603 -16.324 -49.500
  -6.602 -49.500     NaN
  -6.600 -15.459 -15.459
  -6.598 -49.500 -49.500
  -6.596 -49.500 -49.500
  -6.594 -49.500     NaN
