  -8.861 -14.262 -14.262
  -8.599 -14.334 -14.334
  -8.442 -14.448 -14.448
  -8.329 -14.511 -14.511
  -8.239 -14.544 -14.544
  -8.166 -14.593 -14.593
  -8.103 -14.590 -14.590
  -8.048 -14.664 -14.664
  -7.999 -14.685 -14.685
  -7.955 -14.568 -14.729
  -7.916 -14.781 -14.781
  -7.879 -14.796 -14.796
  -7.846 -14.792 -14.792
  -7.815 -14.812 -14.812
  -7.786 -14.979 -14.979
  -7.758 -14.746 -14.746
  -7.733 -15.029 -15.029
  -7.709 -14.975 -14.975
  -7.686 -14.985 -14.985
  -7.664 -14.940 -14.940
  -7.643 -14.675 -15.144
  -7.624 -15.140 -15.140
  -7.605 -15.009 -15.174
  -7.586 -15.236 -15.236
  -7.569 -14.976 -14.976
  -7.552 -15.028 -15.028
  -7.536 -14.928 -14.928
  -7.521 -15.268 -15.268
  -7.506 -14.829 -15.300
  -7.491 -15.077 -15.278
  -7.477 -14.998 -15.284
  -7.464 -15.142 -15.142
  -7.451 -14.887 -15.170
  -7.438 -15.114 -15.114
  -7.425 -15.250 -15.250
  -7.413 -15.125 -15.125
  -7.401 -15.254 -15.254
  -7.390 -15.518 -15.518
  -7.379 -15.130 -15.130
  -7.368 -15.236 -15.236
  -7.357 -15.437 -15.592
  -7.347 -15.606 -15.606
  -7.337 -15.420 -15.420
  -7.327 -15.566 -15.566
  -7.317 -15.057 -15.402
  -7.308 -14.837 -15.248
  -7.299 -15.416 -15.416
  -7.290 -15.210 -15.210
  -7.281 -15.385 -15.686
  -7.272 -14.802 -15.044
  -7.264 -15.336 -15.336
  -7.255 -15.511 -15.684
  -7.247 -15.287 -15.570
  -7.239 -15.658 -15.658
  -7.231 -15.288 -15.674
  -7.223 -15.030 -15.551
  -7.216 -15.434 -15.663
  -7.208 -15.764 -15.764
  -7.201 -15.507 -15.507
  -7.194 -15.963 -15.963
  -7.187 -15.563 -15.741
  -7.180 -15.494 -15.763
  -7.173 -15.540 -15.717
  -7.166 -15.086 -15.958
  -7.159 -15.707 -15.707
  -7.153 -15.619 -15.796
  -7.146 -16.066 -16.066
  -7.140 -15.422 -15.622
  -7.133 -15.700 -15.700
  -7.127 -15.874 -15.874
  -7.121 -15.818 -15.818
  -7.115 -15.666 -15.666
  -7.109 -15.604 -15.771
  -7.103 -15.134 -15.349
  -7.098 -15.945 -16.115
  -7.092 -16.077 -16.077
  -7.086 -15.541 -15.771
  -7.081 -15.163 -15.882
  -7.075 -15.772 -16.037
  -7.070 -15.953 -16.137
  -7.064 -15.692 -15.874
  -7.059 -16.090 -16.090
  -7.054 -15.194 -15.369
  -7.049 -15.630 -15.866
  -7.043 -15.721 -15.721
  -7.038 -15.857 -16.201
  -7.033 -15.568 -15.739
  -7.029 -16.249 -16.249
  -7.024 -15.890 -16.259
  -7.019 -16.506 -16.506
  -7.014 -15.788 -15.788
  -7.009 -16.036 -16.036
  -7.005 -15.874 -15.874
  -7.000 -14.995 -16.432
  -6.995 -16.159 -16.625
  -6.991 -16.254 -16.415
  -6.986 -16.034 -16.323
  -6.982 -15.859 -15.859
  -6.978 -15.895 -15.895
  -6.973 -16.370 -16.370
  -6.969 -15.950 -16.276
  -6.965 -16.690 -16.690
  -6.961 -16.036 -16.036
  -6.956 -15.960 -16.269
  -6.952 -16.131 -16.131
  -6.948 -16.272 -16.424
  -6.944 -16.201 -16.443
  -6.940 -15.933 -15.933
  -6.936 -16.128 -16.359
  -6.932 -16.879 -22.684
  -6.928 -16.401 -16.401
  -6.924 -16.173 -22.384
  -6.920 -15.949 -16.200
  -6.917 -15.958 -15.958
  -6.913 -16.621 -16.831
  -6.909 -16.144 -16.490
  -6.905 -15.674 -16.049
  -6.902 -15.818 -16.213
  -6.898 -15.760 -15.760
  -6.894 -15.066 -16.439
  -6.891 -16.216 -16.664
  -6.887 -16.348 -16.535
  -6.884 -16.367 -17.238
  -6.880 -15.980 -16.174
  -6.877 -15.912 -16.070
  -6.873 -16.794 -16.971
  -6.870 -17.123 -49.500
  -6.867 -16.475 -49.500
  -6.863 -49.500     NaN
  -6.860 -16.212 -49.500
  -6.857 -15.808 -16.506
  -6.853 -49.500     NaN
  -6.850 -16.525 -16.525
  -6.847 -15.638 -16.078
  -6.844 -49.500     NaN
  -6.840 -15.921 -16.139
  -6.837 -16.807 -17.131
  -6.834 -49.500     NaN
  -6.831 -16.421 -49.500
  -6.828 -15.481 -15.930
  -6.825 -17.092 -49.500
  -6.822 -15.285 -49.500
  -6.819 -16.278 -16.917
  -6.816 -16.775 -49.500
  -6.813 -16.425 -16.755
  -6.810 -49.500     NaN
  -6.807 -16.038 -49.500
  -6.804 -16.712 -49.500
  -6.801 -49.500     NaN
  -6.798 -15.892 -16.727
  -6.795 -49.500     NaN
  -6.792 -16.078 -16.513
  -6.789 -16.630 -49.500
  -6.787 -16.240 -16.923
  -6.784 -16.643 -49.500
  -6.781 -16.592 -49.500
  -6.778 -49.500 -49.500
  -6.775 -15.740 -49.500
  -6.773 -16.466 -49.500
  -6.770 -15.924 -49.500
  -6.767 -49.500 -49.500
  -6.765 -16.488 -49.500
  -6.762 -16.015 -16.470
  -6.759 -16.688 -49.500
  -6.757 -49.500     NaN
  -6.754 -49.500     NaN
  -6.751 -16.896 -16.896
  -6.749 -49.500     NaN
  -6.746 -16.311 -16.523
  -6.744 -49.500     NaN
  -6.741 -16.457 -49.500
  -6.739 -49.500 -49.500
  -6.736 -49.500 -49.500
  -6.734 -16.092 -16.338
  -6.731 -16.105 -16.257
  -6.729 -16.467 -49.500
  -6.726 -16.474 -49.500
  -6.724 -49.500     NaN
  -6.721 -15.714 -15.714
  -6.719 -49.500     NaN
  -6.717 -49.500 -49.500
  -6.714 -15.973 -49.500
  -6.712 -16.573 -16.573
  -6.709 -15.980 -49.500
  -6.707 -49.500     NaN
  -6.705 -49.500     NaN
  -6.702 -16.553 -49.500
  -6.700 -16.280 -16.839
  -6.698 -49.500 -49.500
  -6.696 -49.500 -49.500
  -6.693 -16.932 -49.500
  -6.691 -49.500     NaN
  -6.689 -16.478 -49.500
  -6.687 -49.500 -49.500
  -6.684 -15.808 -16.759
  -6.682 -17.269 -49.500
  -6.680 -16.408 -49.500
  -6.678 -16.628 -49.500
  -6.675 -49.500 -49.500
  -6.673 -49.500     NaN
  -6.671 -49.500 -49.500
  -6.669 -15.699 -49.500
  -6.667 -49.500 -49.500
  -6.665 -15.808 -49.500
  -6.663 -49.500     NaN
  -6.661 -16.001 -16.168
  -6.658 -49.500 -49.500
  -6.656 -16.535 -49.500
  -6.654 -49.500 -49.500
  -6.652 -16.778 -16.778
  -6.650 -49.500     NaN
  -6.648 -49.500 -49.500
  -6.646 -49.500 -49.500
  -6.644 -49.500 -49.500
  -6.642 -16.426 -16.426
  -6.640 -49.500 -49.500
  -6.638 -16.044 -16.044
  -6.636 -49.500 -49.500
  -6.634 -49.500 -49.500
  -6.632 -49.500     NaN
  -6.630 -16.424 -49.500
  -6.628 -49.500 -49.500
  -6.626 -49.500 -49.500
  -6.624 -16.192 -49.500
  -6.622 -16.408 -16.408
  -6.620 -15.576 -49.500
  -6.618 -49.500     NaN
  -6.617 -49.500 -49.500
  -6.615 -15.730 -49.500
  -6.613 -16.305 -16.305
  -6.611 -49.500 -49.500
  -6.609 -16.897 -49.500
  -6.607 -49.500     NaN
  -6.605 -16.283 -49.500
  -6.603 -49.500 -49.500
  -6.602 -49.500 -49.500
  -6.600 -49.500     NaN
  -6.598 -15.111 -15.111
  -6.596 -15.844 -15.844
  -6.594 -49.500 -49.500
