  -8.861 -14.254 -14.254
  -8.599 -14.371 -14.371
  -8.442 -14.452 -14.452
  -8.329 -14.515 -14.515
  -8.239 -14.465 -14.465
  -8.166 -14.513 -14.513
  -8.103 -14.449 -14.627
  -8.048 -14.577 -14.577
  -7.999 -14.545 -14.545
  -7.955 -14.751 -14.751
  -7.916 -14.791 -14.791
  -7.879 -14.757 -14.757
  -7.846 -14.753 -14.753
  -7.815 -14.860 -14.860
  -7.786 -13.849 -14.891
  -7.758 -14.860 -14.860
  -7.733 -14.998 -14.998
  -7.709 -14.696 -14.920
  -7.686 -14.982 -14.982
  -7.664 -14.952 -14.952
  -7.643 -14.865 -15.034
  -7.624 -14.711 -14.711
  -7.605 -15.123 -15.123
  -7.586 -15.083 -15.083
  -7.569 -15.041 -15.041
  -7.552 -14.888 -15.047
  -7.536 -14.662 -14.813
  -7.521 -15.250 -15.250
  -7.506 -14.953 -15.264
  -7.491 -15.281 -15.281
  -7.477 -14.775 -15.075
  -7.464 -15.124 -15.323
  -7.451 -15.461 -15.461
  -7.438 -15.345 -15.345
  -7.425 -15.109 -15.109
  -7.413 -15.381 -15.381
  -7.401 -15.413 -15.413
  -7.390 -15.406 -15.406
  -7.379 -14.947 -15.452
  -7.368 -15.636 -15.636
  -7.357 -15.214 -15.214
  -7.347 -15.462 -15.462
  -7.337 -15.035 -15.035
  -7.327 -15.328 -15.575
  -7.317 -15.513 -15.513
  -7.308 -14.909 -15.362
  -7.299 -15.455 -15.455
  -7.290 -15.047 -15.223
  -7.281 -14.759 -15.428
  -7.272 -15.563 -15.563
  -7.264 -15.312 -15.312
  -7.255 -15.385 -15.631
  -7.247 -15.576 -15.576
  -7.239 -15.406 -15.607
  -7.231 -15.583 -15.583
  -7.223 -15.772 -15.772
  -7.216 -15.850 -15.850
  -7.208 -15.563 -15.746
  -7.201 -15.800 -15.800
  -7.194 -15.098 -15.716
  -7.187 -15.429 -15.429
  -7.180 -15.432 -15.784
  -7.173 -15.815 -15.815
  -7.166 -15.808 -15.808
  -7.159 -15.529 -15.529
  -7.153 -16.141 -16.141
  -7.146 -15.885 -15.885
  -7.140 -15.477 -15.692
  -7.133 -15.597 -15.597
  -7.127 -15.201 -15.906
  -7.121 -15.199 -15.411
  -7.115 -15.807 -15.807
  -7.109 -16.112 -16.112
  -7.103 -15.680 -15.884
  -7.098 -15.748 -15.991
  -7.092 -15.815 -16.021
  -7.086 -15.837 -16.046
  -7.081 -15.900 -16.127
  -7.075 -15.465 -16.197
  -7.070 -15.502 -15.735
  -7.064 -15.144 -15.959
  -7.059 -16.076 -16.341
  -7.054 -15.818 -15.818
  -7.049 -16.159 -16.159
  -7.043 -15.818 -16.315
  -7.038 -16.257 -16.257
  -7.033 -15.924 -15.924
  -7.029 -15.836 -16.049
  -7.024 -15.737 -15.980
  -7.019 -16.286 -16.286
  -7.014 -15.467 -15.935
  -7.009 -15.458 -15.855
  -7.005 -16.119 -16.318
  -7.000 -15.347 -15.991
  -6.995 -16.151 -16.151
  -6.991 -15.926 -15.926
  -6.986 -15.918 -16.202
  -6.982 -16.394 -16.675
  -6.978 -15.853 -16.155
  -6.973 -15.825 -16.019
  -6.969 -15.814 -16.146
  -6.965 -15.822 -16.094
  -6.961 -15.679 -16.140
  -6.956 -16.535 -16.718
  -6.952 -15.703 -16.045
  -6.948 -15.718 -16.347
  -6.944 -15.947 -17.086
  -6.940 -15.463 -16.292
  -6.936 -15.886 -16.081
  -6.932 -16.271 -16.806
  -6.928 -15.600 -16.117
  -6.924 -16.247 -16.546
  -6.920 -16.188 -16.380
  -6.917 -16.045 -16.784
  -6.913 -16.181 -17.001
  -6.909 -15.913 -16.822
  -6.905 -15.922 -16.090
  -6.902 -16.245 -16.539
  -6.898 -15.519 -16.736
  -6.894 -16.186 -16.617
  -6.891 -16.321 -16.603
  -6.887 -15.554 -15.814
  -6.884 -16.298 -49.500
  -6.880 -49.500     NaN
  -6.877 -15.005 -15.823
  -6.873 -15.725 -16.184
  -6.870 -16.109 -16.425
  -6.867 -15.454 -15.970
  -6.863 -16.032 -17.330
  -6.860 -15.687 -16.307
  -6.857 -16.282 -16.445
  -6.853 -15.912 -16.917
  -6.850 -16.763 -49.500
  -6.847 -49.500     NaN
  -6.844 -16.718 -49.500
  -6.840 -49.500     NaN
  -6.837 -16.760 -49.500
  -6.834 -16.573 -16.946
  -6.831 -16.144 -16.599
  -6.828 -16.409 -49.500
  -6.825 -16.294 -16.694
  -6.822 -16.698 -49.500
  -6.819 -49.500     NaN
  -6.816 -49.500     NaN
  -6.813 -16.071 -16.985
  -6.810 -16.669 -49.500
  -6.807 -15.633 -49.500
  -6.804 -16.263 -49.500
  -6.801 -16.234 -49.500
  -6.798 -15.845 -16.618
  -6.795 -15.130 -49.500
  -6.792 -16.402 -16.402
  -6.789 -16.019 -16.519
  -6.787 -16.168 -16.329
  -6.784 -16.643 -49.500
  -6.781 -16.774 -49.500
  -6.778 -16.463 -49.500
  -6.775 -16.287 -16.958
  -6.773 -49.500     NaN
  -6.770 -14.589 -16.001
  -6.767 -15.393 -16.242
  -6.765 -16.561 -49.500
  -6.762 -16.379 -49.500
  -6.759 -15.991 -49.500
  -6.757 -16.854 -49.500
  -6.754 -49.500 -49.500
  -6.751 -49.500     NaN
  -6.749 -15.131 -49.500
  -6.746 -16.291 -49.500
  -6.744 -16.488 -16.753
  -6.741 -16.767 -49.500
  -6.739 -15.926 -16.725
  -6.736 -16.916 -49.500
  -6.734 -16.431 -49.500
  -6.731 -15.112 -49.500
  -6.729 -49.500 -49.500
  -6.726 -16.238 -49.500
  -6.724 -49.500 -49.500
  -6.721 -16.539 -49.500
  -6.719 -16.917 -49.500
  -6.717 -15.970 -49.500
  -6.714 -49.500 -49.500
  -6.712 -49.500     NaN
  -6.709 -14.278 -15.767
  -6.707 -49.500     NaN
  -6.705 -49.500     NaN
  -6.702 -49.500 -49.500
  -6.700 -16.691 -49.500
  -6.698 -16.388 -49.500
  -6.696 -16.459 -49.500
  -6.693 -49.500     NaN
  -6.691 -16.766 -49.500
  -6.689 -49.500     NaN
  -6.687 -17.099 -49.500
  -6.684 -16.416 -16.416
  -6.682 -49.500 -49.500
  -6.680 -49.500 -49.500
  -6.678 -49.500     NaN
  -6.675 -49.500 -49.500
  -6.673 -16.329 -16.329
  -6.671 -16.118 -49.500
  -6.669 -16.250 -16.250
  -6.667 -49.500 -49.500
  -6.665 -49.500     NaN
  -6.663 -49.500     NaN
  -6.661 -16.924 -49.500
  -6.658 -16.493 -16.493
  -6.656 -16.509 -49.500
  -6.654 -15.666 -15.666
  -6.652 -14.159 -49.500
  -6.650 -49.500     NaN
  -6.648 -49.500     NaN
  -6.646 -49.500 -49.500
  -6.644 -49.500 -49.500
  -6.642 -16.612 -49.500
  -6.640 -49.500 -49.500
  -6.638 -49.500     NaN
  -6.636 -49.500 -49.500
  -6.634 -16.637 -16.637
  -6.632 -16.829 -49.500
  -6.630 -16.761 -49.500
  -6.628 -17.047 -17.047
  -6.626 -15.932 -15.932
  -6.624 -16.591 -49.500
  -6.622 -49.500     NaN
  -6.620 -16.490 -16.490
  -6.618 -49.500     NaN
  -6.617 -49.500 -49.500
  -6.615 -49.500 -49.500
  -6.613 -49.500 -49.500
  -6.611 -15.890 -15.890
  -6.609 -49.500     NaN
  -6.607 -49.500 -49.500
  -6.605 -49.500 -49.500
  -6.603 -15.471 -49.500
  -6.602 -15.291 -15.291
  -6.600 -49.500 -49.500
  -6.598 -49.500 -49.500
  -6.596 -49.500 -49.500
  -6.594 -15.769 -49.500
