  -8.861 -14.260 -14.260
  -8.599 -14.368 -14.368
  -8.442 -14.345 -14.345
  -8.329 -14.438 -14.438
  -8.239 -14.612 -14.612
  -8.166 -14.565 -14.565
  -8.103 -14.636 -14.636
  -8.048 -14.638 -14.638
  -7.999 -14.744 -14.744
  -7.955 -14.518 -14.695
  -7.916 -14.824 -14.824
  -7.879 -14.752 -14.752
  -7.846 -14.845 -14.845
  -7.815 -14.926 -14.926
  -7.786 -14.961 -14.961
  -7.758 -14.963 -14.963
  -7.733 -14.828 -14.828
  -7.709 -15.046 -15.046
  -7.686 -14.739 -14.906
  -7.664 -15.055 -15.055
  -7.643 -15.007 -15.007
  -7.624 -14.430 -15.051
  -7.605 -15.120 -15.120
  -7.586 -15.118 -15.118
  -7.569 -15.005 -15.005
  -7.552 -15.061 -15.061
  -7.536 -15.190 -15.190
  -7.521 -15.088 -15.088
  -7.506 -15.221 -15.221
  -7.491 -15.287 -15.287
  -7.477 -15.137 -15.331
  -7.464 -15.409 -15.409
  -7.451 -15.122 -15.354
  -7.438 -15.388 -15.388
  -7.425 -14.903 -15.299
  -7.413 -15.457 -15.457
  -7.401 -14.868 -15.297
  -7.390 -15.238 -15.397
  -7.379 -15.264 -15.264
  -7.368 -15.365 -15.365
  -7.357 -15.176 -15.176
  -7.347 -14.954 -15.624
  -7.337 -15.464 -15.464
  -7.327 -14.916 -15.581
  -7.317 -15.229 -15.460
  -7.308 -15.061 -15.244
  -7.299 -15.284 -15.284
  -7.290 -15.529 -15.694
  -7.281 -15.336 -15.553
  -7.272 -15.657 -15.657
  -7.264 -15.620 -15.620
  -7.255 -15.057 -15.609
  -7.247 -15.436 -15.436
  -7.239 -15.522 -15.522
  -7.231 -15.554 -15.554
  -7.223 -15.692 -15.893
  -7.216 -15.458 -15.765
  -7.208 -15.296 -15.661
  -7.201 -15.803 -15.803
  -7.194 -15.508 -15.800
  -7.187 -15.596 -15.882
  -7.180 -15.495 -15.495
  -7.173 -15.481 -15.481
  -7.166 -15.384 -15.535
  -7.159 -15.773 -15.773
  -7.153 -15.628 -15.628
  -7.146 -15.822 -15.822
  -7.140 -15.656 -15.656
  -7.133 -15.715 -16.012
  -7.127 -15.330 -15.667
  -7.121 -15.459 -16.011
  -7.115 -15.466 -16.067
  -7.109 -15.795 -15.995
  -7.103 -15.656 -15.656
  -7.098 -16.129 -16.129
  -7.092 -15.760 -15.760
  -7.086 -15.573 -15.573
  -7.081 -16.160 -16.160
  -7.075 -15.489 -16.091
  -7.070 -15.817 -15.817
  -7.064 -15.363 -15.885
  -7.059 -15.906 -15.906
  -7.054 -15.976 -16.129
  -7.049 -16.272 -16.484
  -7.043 -15.786 -16.202
  -7.038 -15.752 -16.144
  -7.033 -15.882 -16.042
  -7.029 -16.000 -16.000
  -7.024 -16.263 -16.263
  -7.019 -15.736 -16.422
  -7.014 -16.055 -16.055
  -7.009 -15.736 -15.898
  -7.005 -15.713 -16.298
  -7.000 -15.919 -15.919
  -6.995 -15.863 -16.310
  -6.991 -16.554 -16.757
  -6.986 -15.690 -16.549
  -6.982 -15.889 -16.304
  -6.978 -15.730 -15.730
  -6.973 -15.524 -15.758
  -6.969 -16.059 -16.366
  -6.965 -16.416 -16.582
  -6.961 -15.867 -16.155
  -6.956 -15.654 -16.734
  -6.952 -15.570 -16.013
  -6.948 -16.069 -16.069
  -6.944 -15.881 -16.286
  -6.940 -16.330 -16.330
  -6.936 -16.480 -16.876
  -6.932 -15.976 -15.976
  -6.928 -15.963 -16.314
  -6.924 -15.598 -16.367
  -6.920 -15.554 -16.303
  -6.917 -16.664 -16.664
  -6.913 -16.598 -16.815
  -6.909 -15.789 -16.359
  -6.905 -16.325 -16.723
  -6.902 -15.563 -15.761
  -6.898 -15.854 -16.434
  -6.894 -17.168 -22.644
  -6.891 -15.623 -16.743
  -6.887 -16.628 -17.410
  -6.884 -15.902 -17.266
  -6.880 -16.582 -17.375
  -6.877 -16.095 -16.427
  -6.873 -16.559 -49.500
  -6.870 -16.491 -16.731
  -6.867 -49.500     NaN
  -6.863 -15.745 -16.448
  -6.860 -16.109 -16.461
  -6.857 -16.100 -16.294
  -6.853 -16.557 -16.960
  -6.850 -16.395 -49.500
  -6.847 -15.968 -16.137
  -6.844 -16.514 -49.500
  -6.840 -16.029 -16.364
  -6.837 -15.497 -15.656
  -6.834 -15.212 -16.536
  -6.831 -15.574 -49.500
  -6.828 -49.500     NaN
  -6.825 -16.932 -16.932
  -6.822 -16.129 -16.643
  -6.819 -16.677 -49.500
  -6.816 -16.481 -16.663
  -6.813 -49.500     NaN
  -6.810 -49.500     NaN
  -6.807 -14.950 -15.689
  -6.804 -15.917 -16.283
  -6.801 -16.613 -49.500
  -6.798 -14.967 -16.595
  -6.795 -16.266 -16.439
  -6.792 -49.500     NaN
  -6.789 -16.852 -49.500
  -6.787 -16.131 -16.510
  -6.784 -16.253 -49.500
  -6.781 -16.017 -16.965
  -6.778 -49.500 -49.500
  -6.775 -49.500     NaN
  -6.773 -49.500     NaN
  -6.770 -16.330 -49.500
  -6.767 -15.486 -49.500
  -6.765 -49.500     NaN
  -6.762 -16.329 -16.329
  -6.759 -16.866 -16.866
  -6.757 -49.500     NaN
  -6.754 -15.934 -16.972
  -6.751 -49.500     NaN
  -6.749 -49.500     NaN
  -6.746 -16.635 -16.635
  -6.744 -49.500     NaN
  -6.741 -16.078 -49.500
  -6.739 -49.500     NaN
  -6.736 -16.468 -16.468
  -6.734 -16.105 -16.105
  -6.731 -16.418 -49.500
  -6.729 -16.667 -49.500
  -6.726 -16.319 -49.500
  -6.724 -49.500     NaN
  -6.721 -49.500     NaN
  -6.719 -49.500     NaN
  -6.717 -16.537 -49.500
  -6.714 -49.500     NaN
  -6.712 -15.521 -15.521
  -6.709 -15.780 -16.104
  -6.707 -49.500     NaN
  -6.705 -49.500     NaN
  -6.702 -49.500 -49.500
  -6.700 -49.500 -49.500
  -6.698 -16.846 -49.500
  -6.696 -49.500     NaN
  -6.693 -16.015 -49.500
  -6.691 -14.823 -14.823
  -6.689 -49.500     NaN
  -6.687 -49.500     NaN
  -6.684 -16.373 -16.373
  -6.682 -49.500     NaN
  -6.680 -16.566 -49.500
  -6.678 -16.675 -16.675
  -6.675 -49.500 -49.500
  -6.673 -16.449 -49.500
  -6.671 -16.647 -49.500
  -6.669 -49.500 -49.500
  -6.667 -49.500 -49.500
  -6.665 -16.217 -49.500
  -6.663 -49.500     NaN
  -6.661 -16.294 -49.500
  -6.658 -16.305 -16.305
  -6.656 -15.845 -49.500
  -6.654 -49.500     NaN
  -6.652 -16.583 -16.583
  -6.650 -49.500 -49.500
  -6.648 -15.563 -49.500
  -6.646 -49.500 -49.500
  -6.644 -16.508 -49.500
  -6.642 -49.500     NaN
  -6.640 -49.500 -49.500
  -6.638 -16.436 -16.436
  -6.636 -17.059 -17.059
  -6.634 -49.500 -49.500
  -6.632 -49.500 -49.500
  -6.630 -16.044 -49.500
  -6.628 -49.500 -49.500
  -6.626 -16.106 -16.106
  -6.624 -49.500 -49.500
  -6.622 -49.500 -49.500
  -6.620 -49.500     NaN
  -6.618 -49.500 -49.500
  -6.617 -49.500 -49.500
  -6.615 -49.500 -49.500
  -6.613 -49.500 -49.500
  -6.611 -49.500     NaN
  -6.609 -49.500 -49.500
  -6.607 -49.500 -49.500
  -6.605 -49.500     NaN
  -6.603 -16.354 -49.500
  -6.602 -49.500 -49.500
  -6.600 -16.399 -16.399
  -6.598 -49.500 -49.500
  -6.596 -49.500 -49.500
  -6.594 -16.599 -49.500
