  -8.861 -14.280 -14.280
  -8.599 -14.379 -14.379
  -8.442 -14.440 -14.440
  -8.329 -14.507 -14.507
  -8.239 -14.530 -14.530
  -8.166 -14.674 -14.674
  -8.103 -14.678 -14.678
  -8.048 -14.704 -14.704
  -7.999 -14.750 -14.750
  -7.955 -14.776 -14.776
  -7.916 -14.773 -14.773
  -7.879 -14.880 -14.880
  -7.846 -14.673 -14.673
  -7.815 -14.519 -14.802
  -7.786 -14.904 -14.904
  -7.758 -14.871 -14.871
  -7.733 -15.024 -15.024
  -7.709 -14.934 -14.934
  -7.686 -14.988 -14.988
  -7.664 -15.056 -15.056
  -7.643 -15.078 -15.078
  -7.624 -14.867 -15.051
  -7.605 -14.839 -15.019
  -7.586 -15.077 -15.077
  -7.569 -14.897 -14.897
  -7.552 -15.015 -15.258
  -7.536 -15.140 -15.140
  -7.521 -15.126 -15.299
  -7.506 -15.186 -15.186
  -7.491 -15.248 -15.248
  -7.477 -15.208 -15.208
  -7.464 -15.413 -15.413
  -7.451 -15.348 -15.348
  -7.438 -15.226 -15.226
  -7.425 -15.061 -15.270
  -7.413 -15.241 -15.241
  -7.401 -15.375 -15.375
  -7.390 -15.373 -15.373
  -7.379 -15.231 -15.231
  -7.368 -15.317 -15.317
  -7.357 -15.535 -15.535
  -7.347 -15.434 -15.434
  -7.337 -14.998 -15.522
  -7.327 -15.410 -15.410
  -7.317 -15.789 -15.789
  -7.308 -15.498 -15.498
  -7.299 -15.559 -15.559
  -7.290 -15.397 -15.685
  -7.281 -15.169 -15.169
  -7.272 -15.613 -15.613
  -7.264 -15.223 -15.741
  -7.255 -15.274 -15.274
  -7.247 -15.492 -15.492
  -7.239 -15.679 -15.679
  -7.231 -15.595 -15.757
  -7.223 -15.596 -15.596
  -7.216 -15.465 -15.465
  -7.208 -15.814 -15.814
  -7.201 -15.370 -15.568
  -7.194 -15.810 -15.810
  -7.187 -15.578 -15.578
  -7.180 -15.929 -15.929
  -7.173 -15.511 -15.511
  -7.166 -15.003 -15.627
  -7.159 -15.740 -15.740
  -7.153 -15.646 -15.877
  -7.146 -15.598 -15.872
  -7.140 -15.224 -15.936
  -7.133 -15.883 -15.883
  -7.127 -15.640 -15.799
  -7.121 -15.928 -15.928
  -7.115 -15.888 -15.888
  -7.109 -16.257 -16.257
  -7.103 -15.915 -16.117
  -7.098 -16.111 -16.111
  -7.092 -15.478 -15.783
  -7.086 -16.227 -16.227
  -7.081 -15.025 -16.073
  -7.075 -16.095 -16.095
  -7.070 -15.622 -15.857
  -7.064 -15.903 -16.062
  -7.059 -16.018 -16.018
  -7.054 -15.143 -15.556
  -7.049 -16.187 -16.187
  -7.043 -15.530 -16.108
  -7.038 -15.753 -16.308
  -7.033 -15.860 -16.319
  -7.029 -15.614 -15.815
  -7.024 -14.619 -15.850
  -7.019 -15.581 -15.893
  -7.014 -15.792 -16.118
  -7.009 -15.932 -16.299
  -7.005 -16.261 -16.261
  -7.000 -15.956 -16.112
  -6.995 -16.203 -16.455
  -6.991 -15.893 -16.046
  -6.986 -16.124 -16.372
  -6.982 -16.324 -16.324
  -6.978 -16.268 -16.268
  -6.973 -16.206 -16.206
  -6.969 -15.945 -16.406
  -6.965 -15.762 -16.093
  -6.961 -16.551 -16.712
  -6.956 -16.015 -16.342
  -6.952 -16.070 -16.247
  -6.948 -15.208 -16.179
  -6.944 -16.344 -16.344
  -6.940 -16.054 -16.253
  -6.936 -16.035 -16.385
  -6.932 -16.548 -21.968
  -6.928 -15.851 -16.738
  -6.924 -16.056 -16.271
  -6.920 -16.614 -16.855
  -6.917 -15.846 -16.098
  -6.913 -15.865 -16.267
  -6.909 -15.476 -16.377
  -6.905 -15.928 -16.732
  -6.902 -16.259 -16.712
  -6.898 -16.483 -16.483
  -6.894 -15.957 -16.161
  -6.891 -15.918 -16.158
  -6.887 -16.097 -16.097
  -6.884 -16.310 -16.542
  -6.880 -17.065 -49.500
  -6.877 -16.414 -16.609
  -6.873 -16.110 -16.375
  -6.870 -15.930 -16.187
  -6.867 -15.739 -49.500
  -6.863 -15.925 -16.249
  -6.860 -16.192 -16.365
  -6.857 -16.647 -49.500
  -6.853 -16.096 -16.096
  -6.850 -16.143 -16.313
  -6.847 -15.769 -16.147
  -6.844 -16.536 -49.500
  -6.840 -16.719 -49.500
  -6.837 -16.319 -49.500
  -6.834 -15.753 -16.394
  -6.831 -49.500 -49.500
  -6.828 -17.203 -49.500
  -6.825 -15.839 -49.500
  -6.822 -49.500     NaN
  -6.819 -16.796 -49.500
  -6.816 -16.556 -49.500
  -6.813 -16.748 -49.500
  -6.810 -16.860 -49.500
  -6.807 -16.405 -16.609
  -6.804 -16.871 -49.500
  -6.801 -16.528 -17.345
  -6.798 -49.500     NaN
  -6.795 -15.947 -16.516
  -6.792 -16.544 -17.080
  -6.789 -15.988 -49.500
  -6.787 -49.500     NaN
  -6.784 -49.500     NaN
  -6.781 -16.329 -16.900
  -6.778 -17.218 -49.500
  -6.775 -16.691 -49.500
  -6.773 -15.584 -16.404
  -6.770 -49.500     NaN
  -6.767 -49.500 -49.500
  -6.765 -16.899 -49.500
  -6.762 -16.045 -49.500
  -6.759 -49.500     NaN
  -6.757 -16.780 -49.500
  -6.754 -49.500     NaN
  -6.751 -16.307 -49.500
  -6.749 -16.446 -49.500
  -6.746 -16.408 -49.500
  -6.744 -49.500     NaN
  -6.741 -15.752 -15.942
  -6.739 -16.415 -17.217
  -6.736 -49.500     NaN
  -6.734 -16.419 -49.500
  -6.731 -49.500     NaN
  -6.729 -17.030 -49.500
  -6.726 -15.307 -49.500
  -6.724 -16.627 -16.627
  -6.721 -49.500     NaN
  -6.719 -49.500     NaN
  -6.717 -49.500     NaN
  -6.714 -16.291 -49.500
  -6.712 -15.554 -15.554
  -6.709 -16.201 -16.201
  -6.707 -49.500 -49.500
  -6.705 -49.500     NaN
  -6.702 -16.415 -16.853
  -6.700 -49.500     NaN
  -6.698 -16.499 -16.828
  -6.696 -16.971 -16.971
  -6.693 -16.000 -49.500
  -6.691 -49.500 -49.500
  -6.689 -16.092 -49.500
  -6.687 -49.500 -49.500
  -6.684 -49.500     NaN
  -6.682 -49.500 -49.500
  -6.680 -49.500 -49.500
  -6.678 -16.776 -49.500
  -6.675 -16.085 -16.085
  -6.673 -49.500 -49.500
  -6.671 -16.087 -16.520
  -6.669 -16.369 -49.500
  -6.667 -49.500     NaN
  -6.665 -49.500 -49.500
  -6.663 -49.500     NaN
  -6.661 -49.500 -49.500
  -6.658 -49.500 -49.500
  -6.656 -49.500     NaN
  -6.654 -16.432 -49.500
  -6.652 -49.500 -49.500
  -6.650 -16.952 -16.952
  -6.648 -14.998 -16.616
  -6.646 -49.500     NaN
  -6.644 -16.466 -49.500
  -6.642 -15.862 -49.500
  -6.640 -16.193 -16.193
  -6.638 -49.500     NaN
  -6.636 -49.500     NaN
  -6.634 -16.901 -16.901
  -6.632 -15.708 -49.500
  -6.630 -49.500     NaN
  -6.628 -49.500 -49.500
  -6.626 -49.500 -49.500
  -6.624 -49.500 -49.500
  -6.622 -16.433 -16.652
  -6.620 -49.500     NaN
  -6.618 -49.500 -49.500
  -6.617 -16.172 -16.172
  -6.615 -16.227 -49.500
  -6.613 -15.942 -15.942
  -6.611 -49.500 -49.500
  -6.609 -49.500 -49.500
  -6.607 -16.280 -49.500
  -6.605 -15.961 -49.500
  -6.603 -16.271 -49.500
  -6.602 -49.500 -49.500
  -6.600 -49.500 -49.500
  -6.598 -49.500 -49.500
  -6.596 -16.294 -49.500
  -6.594 -15.587 -49.500
