  -8.861 -14.240 -14.240
  -8.599 -14.351 -14.351
  -8.442 -14.406 -14.406
  -8.329 -14.522 -14.522
  -8.239 -14.530 -14.530
  -8.166 -14.503 -14.503
  -8.103 -14.508 -14.508
  -8.048 -14.649 -14.649
  -7.999 -14.551 -14.779
  -7.955 -14.711 -14.711
  -7.916 -14.723 -14.723
  -7.879 -14.721 -14.721
  -7.846 -14.806 -14.806
  -7.815 -14.927 -14.927
  -7.786 -14.857 -14.857
  -7.758 -14.779 -14.989
  -7.733 -14.970 -14.970
  -7.709 -14.649 -14.839
  -7.686 -15.047 -15.047
  -7.664 -15.110 -15.110
  -7.643 -14.827 -15.025
  -7.624 -14.787 -14.787
  -7.605 -14.621 -14.847
  -7.586 -15.165 -15.165
  -7.569 -14.844 -14.844
  -7.552 -14.941 -14.941
  -7.536 -14.868 -15.076
  -7.521 -15.142 -15.142
  -7.506 -15.014 -15.170
  -7.491 -14.880 -15.353
  -7.477 -15.158 -15.158
  -7.464 -15.263 -15.263
  -7.451 -15.317 -15.317
  -7.438 -15.387 -15.387
  -7.425 -15.037 -15.037
  -7.413 -15.118 -15.398
  -7.401 -15.459 -15.459
  -7.390 -15.298 -15.298
  -7.379 -15.118 -15.441
  -7.368 -15.398 -15.398
  -7.357 -15.172 -15.373
  -7.347 -15.250 -15.531
  -7.337 -15.553 -15.553
  -7.327 -15.397 -15.397
  -7.317 -15.661 -15.661
  -7.308 -15.292 -15.661
  -7.299 -15.418 -15.579
  -7.290 -15.333 -15.542
  -7.281 -15.315 -15.511
  -7.272 -15.522 -15.750
  -7.264 -15.571 -15.758
  -7.255 -15.192 -15.192
  -7.247 -15.263 -15.694
  -7.239 -15.426 -15.588
  -7.231 -15.709 -15.709
  -7.223 -15.241 -15.420
  -7.216 -15.766 -15.766
  -7.208 -15.938 -15.938
  -7.201 -15.739 -15.739
  -7.194 -14.875 -15.046
  -7.187 -15.316 -15.914
  -7.180 -15.514 -15.514
  -7.173 -15.637 -15.958
  -7.166 -15.720 -15.720
  -7.159 -15.871 -15.871
  -7.153 -15.442 -15.816
  -7.146 -15.642 -15.967
  -7.140 -15.591 -15.907
  -7.133 -15.846 -16.007
  -7.127 -15.939 -15.939
  -7.121 -15.828 -15.828
  -7.115 -16.040 -16.040
  -7.109 -15.698 -16.075
  -7.103 -14.959 -15.650
  -7.098 -15.256 -15.942
  -7.092 -15.138 -15.682
  -7.086 -15.594 -15.885
  -7.081 -15.603 -15.603
  -7.075 -15.901 -16.054
  -7.070 -16.137 -16.137
  -7.064 -15.893 -15.893
  -7.059 -16.126 -16.126
  -7.054 -16.083 -16.423
  -7.049 -15.157 -15.928
  -7.043 -16.072 -16.492
  -7.038 -15.935 -15.935
  -7.033 -16.290 -16.527
  -7.029 -15.858 -15.858
  -7.024 -16.108 -16.108
  -7.019 -15.946 -15.946
  -7.014 -15.382 -16.208
  -7.009 -15.710 -16.221
  -7.005 -15.893 -16.116
  -7.000 -15.732 -16.103
  -6.995 -15.542 -16.330
  -6.991 -16.326 -16.589
  -6.986 -14.798 -15.990
  -6.982 -16.298 -16.461
  -6.978 -15.817 -16.155
  -6.973 -16.045 -16.460
  -6.969 -15.882 -15.882
  -6.965 -15.408 -15.941
  -6.961 -16.388 -16.552
  -6.956 -16.030 -16.187
  -6.952 -16.219 -16.219
  -6.948 -16.225 -16.656
  -6.944 -15.642 -16.229
  -6.940 -15.463 -15.619
  -6.936 -15.850 -16.235
  -6.932 -16.513 -16.860
  -6.928 -16.270 -16.423
  -6.924 -16.035 -16.367
  -6.920 -15.612 -16.167
  -6.917 -16.490 -16.652
  -6.913 -15.808 -16.424
  -6.909 -15.755 -16.107
  -6.905 -15.611 -15.893
  -6.902 -16.047 -16.047
  -6.898 -16.029 -16.187
  -6.894 -16.327 -16.835
  -6.891 -16.116 -16.339
  -6.887 -15.879 -16.110
  -6.884 -15.403 -16.399
  -6.880 -16.599 -16.823
  -6.877 -15.879 -15.879
  -6.873 -17.141 -49.500
  -6.870 -16.509 -16.889
  -6.867 -16.342 -16.611
  -6.863 -16.941 -49.500
  -6.860 -15.758 -16.632
  -6.857 -49.500     NaN
  -6.853 -14.793 -15.985
  -6.850 -16.100 -16.451
  -6.847 -16.662 -16.909
  -6.844 -15.362 -16.085
  -6.840 -16.211 -49.500
  -6.837 -16.437 -49.500
  -6.834 -16.043 -49.500
  -6.831 -49.500 -49.500
  -6.828 -16.560 -17.015
  -6.825 -16.078 -16.360
  -6.822 -16.112 -16.343
  -6.819 -16.604 -17.212
  -6.816 -14.987 -16.842
  -6.813 -16.004 -16.377
  -6.810 -16.588 -16.818
  -6.807 -15.512 -16.128
  -6.804 -16.972 -49.500
  -6.801 -17.046 -49.500
  -6.798 -14.985 -17.199
  -6.795 -49.500     NaN
  -6.792 -16.374 -16.898
  -6.789 -49.500     NaN
  -6.787 -15.155 -49.500
  -6.784 -16.138 -49.500
  -6.781 -16.282 -49.500
  -6.778 -49.500     NaN
  -6.775 -16.169 -49.500
  -6.773 -15.573 -15.750
  -6.770 -16.329 -16.609
  -6.767 -49.500     NaN
  -6.765 -15.929 -49.500
  -6.762 -49.500     NaN
  -6.759 -15.942 -16.728
  -6.757 -49.500     NaN
  -6.754 -15.979 -49.500
  -6.751 -49.500     NaN
  -6.749 -49.500 -49.500
  -6.746 -49.500     NaN
  -6.744 -49.500     NaN
  -6.741 -16.488 -16.488
  -6.739 -16.074 -16.399
  -6.736 -49.500     NaN
  -6.734 -15.816 -16.603
  -6.731 -49.500     NaN
  -6.729 -14.978 -49.500
  -6.726 -49.500 -49.500
  -6.724 -16.891 -49.500
  -6.721 -16.511 -49.500
  -6.719 -15.343 -16.194
  -6.717 -49.500 -49.500
  -6.714 -16.685 -49.500
  -6.712 -49.500     NaN
  -6.709 -16.108 -49.500
  -6.707 -16.844 -49.500
  -6.705 -49.500     NaN
  -6.702 -15.953 -15.953
  -6.700 -49.500     NaN
  -6.698 -49.500 -49.500
  -6.696 -16.375 -49.500
  -6.693 -49.500     NaN
  -6.691 -16.649 -16.985
  -6.689 -16.652 -49.500
  -6.687 -49.500 -49.500
  -6.684 -15.693 -16.668
  -6.682 -49.500 -49.500
  -6.680 -49.500     NaN
  -6.678 -49.500 -49.500
  -6.675 -49.500 -49.500
  -6.673 -14.720 -49.500
  -6.671 -49.500     NaN
  -6.669 -16.212 -49.500
  -6.667 -16.631 -49.500
  -6.665 -16.425 -16.425
  -6.663 -49.500 -49.500
  -6.661 -16.135 -16.368
  -6.658 -49.500 -49.500
  -6.656 -16.115 -49.500
  -6.654 -49.500 -49.500
  -6.652 -16.571 -16.937
  -6.650 -49.500 -49.500
  -6.648 -49.500 -49.500
  -6.646 -16.488 -49.500
  -6.644 -49.500     NaN
  -6.642 -16.482 -16.482
  -6.640 -49.500     NaN
  -6.638 -16.040 -49.500
  -6.636 -49.500     NaN
  -6.634 -49.500 -49.500
  -6.632 -15.659 -15.659
  -6.630 -49.500 -49.500
  -6.628 -49.500 -49.500
  -6.626 -16.002 -16.002
  -6.624 -49.500 -49.500
  -6.622 -16.573 -16.573
  -6.620 -49.500 -49.500
  -6.618 -49.500 -49.500
  -6.617 -49.500 -49.500
  -6.615 -49.500     NaN
  -6.613 -49.500 -49.500
  -6.611 -49.500 -49.500
  -6.609 -16.529 -49.500
  -6.607 -49.500 -49.500
  -6.605 -49.500 -49.500
  -6.603 -49.500 -49.500
  -6.602 -14.737 -49.500
  -6.600 -49.500 -49.500
  -6.598 -16.128 -49.500
  -6.596 -49.500 -49.500
  -6.594 -49.500 -49.500
