  -8.861 -14.243 -14.243
  -8.599 -14.365 -14.365
  -8.442 -14.427 -14.427
  -8.329 -14.475 -14.475
  -8.239 -14.547 -14.547
  -8.166 -14.478 -14.478
  -8.103 -14.636 -14.636
  -8.048 -14.702 -14.702
  -7.999 -14.708 -14.708
  -7.955 -14.728 -14.728
  -7.916 -14.804 -14.804
  -7.879 -14.693 -14.693
  -7.846 -14.908 -14.908
  -7.815 -14.940 -14.940
  -7.786 -14.759 -14.759
  -7.758 -14.948 -14.948
  -7.733 -14.922 -14.922
  -7.709 -15.055 -15.055
  -7.686 -15.062 -15.062
  -7.664 -15.077 -15.077
  -7.643 -15.059 -15.059
  -7.624 -15.250 -15.250
  -7.605 -15.190 -15.190
  -7.586 -15.100 -15.100
  -7.569 -15.222 -15.401
  -7.552 -15.123 -15.123
  -7.536 -15.060 -15.060
  -7.521 -15.125 -15.125
  -7.506 -15.311 -15.311
  -7.491 -15.278 -15.278
  -7.477 -15.019 -15.260
  -7.464 -15.139 -15.139
  -7.451 -14.884 -15.093
  -7.438 -15.322 -15.322
  -7.425 -15.291 -15.291
  -7.413 -15.206 -15.206
  -7.401 -15.267 -15.463
  -7.390 -15.451 -15.451
  -7.379 -15.137 -15.321
  -7.368 -15.306 -15.306
  -7.357 -15.518 -15.518
  -7.347 -15.585 -15.585
  -7.337 -14.890 -15.354
  -7.327 -15.505 -15.505
  -7.317 -15.362 -15.362
  -7.308 -15.289 -15.451
  -7.299 -15.507 -15.507
  -7.290 -15.417 -15.417
  -7.281 -15.575 -15.575
  -7.272 -15.338 -15.782
  -7.264 -15.476 -15.476
  -7.255 -14.780 -15.572
  -7.247 -15.536 -15.699
  -7.239 -15.491 -15.491
  -7.231 -15.695 -15.846
  -7.223 -15.450 -15.756
  -7.216 -15.679 -15.679
  -7.208 -15.342 -15.501
  -7.201 -14.544 -15.748
  -7.194 -14.813 -15.352
  -7.187 -15.651 -15.651
  -7.180 -15.334 -15.587
  -7.173 -15.969 -15.969
  -7.166 -15.594 -15.795
  -7.159 -15.981 -15.981
  -7.153 -15.687 -15.687
  -7.146 -15.735 -15.735
  -7.140 -15.820 -15.820
  -7.133 -15.759 -15.759
  -7.127 -15.685 -15.987
  -7.121 -15.237 -15.443
  -7.115 -15.489 -15.764
  -7.109 -15.384 -15.384
  -7.103 -16.007 -16.007
  -7.098 -15.562 -15.786
  -7.092 -15.807 -16.056
  -7.086 -14.764 -15.819
  -7.081 -15.723 -16.534
  -7.075 -15.815 -16.275
  -7.070 -15.817 -16.026
  -7.064 -16.273 -16.273
  -7.059 -15.667 -15.861
  -7.054 -15.976 -15.976
  -7.049 -15.853 -16.068
  -7.043 -16.358 -16.358
  -7.038 -16.536 -16.536
  -7.033 -15.607 -15.854
  -7.029 -15.848 -16.230
  -7.024 -16.000 -16.000
  -7.019 -15.965 -16.504
  -7.014 -15.186 -16.165
  -7.009 -15.502 -15.824
  -7.005 -15.822 -15.978
  -7.000 -15.763 -15.974
  -6.995 -16.034 -16.034
  -6.991 -15.543 -15.698
  -6.986 -15.691 -15.913
  -6.982 -16.272 -16.424
  -6.978 -16.401 -16.401
  -6.973 -15.915 -16.074
  -6.969 -16.117 -16.537
  -6.965 -15.989 -16.234
  -6.961 -16.152 -16.876
  -6.956 -16.154 -16.154
  -6.952 -16.125 -16.480
  -6.948 -16.129 -16.129
  -6.944 -15.512 -17.124
  -6.940 -16.150 -16.574
  -6.936 -15.655 -16.572
  -6.932 -16.282 -16.282
  -6.928 -15.778 -16.201
  -6.924 -16.590 -16.868
  -6.920 -15.510 -15.510
  -6.917 -15.817 -15.817
  -6.913 -15.840 -16.195
  -6.909 -16.869 -17.101
  -6.905 -15.875 -16.337
  -6.902 -15.664 -16.080
  -6.898 -16.283 -16.283
  -6.894 -16.594 -16.924
  -6.891 -16.352 -16.352
  -6.887 -16.908 -17.089
  -6.884 -16.464 -16.670
  -6.880 -16.089 -16.517
  -6.877 -16.245 -16.245
  -6.873 -17.145 -49.500
  -6.870 -16.064 -16.254
  -6.867 -16.237 -17.014
  -6.863 -16.746 -16.923
  -6.860 -15.556 -16.644
  -6.857 -16.628 -16.628
  -6.853 -16.261 -16.439
  -6.850 -15.909 -49.500
  -6.847 -15.983 -49.500
  -6.844 -16.065 -49.500
  -6.840 -15.464 -16.157
  -6.837 -16.222 -49.500
  -6.834 -15.808 -49.500
  -6.831 -17.164 -49.500
  -6.828 -49.500     NaN
  -6.825 -16.303 -49.500
  -6.822 -16.228 -16.393
  -6.819 -15.306 -17.001
  -6.816 -16.533 -49.500
  -6.813 -15.656 -16.077
  -6.810 -16.346 -16.614
  -6.807 -15.547 -49.500
  -6.804 -49.500     NaN
  -6.801 -15.789 -15.789
  -6.798 -15.612 -17.054
  -6.795 -16.584 -49.500
  -6.792 -16.062 -16.420
  -6.789 -16.002 -49.500
  -6.787 -15.672 -16.207
  -6.784 -16.567 -16.567
  -6.781 -16.315 -49.500
  -6.778 -16.044 -16.242
  -6.775 -16.925 -49.500
  -6.773 -16.814 -17.029
  -6.770 -16.045 -16.212
  -6.767 -16.476 -49.500
  -6.765 -49.500     NaN
  -6.762 -49.500 -49.500
  -6.759 -15.922 -16.942
  -6.757 -49.500     NaN
  -6.754 -16.311 -49.500
  -6.751 -16.490 -16.777
  -6.749 -49.500     NaN
  -6.746 -16.590 -49.500
  -6.744 -15.289 -16.388
  -6.741 -49.500 -49.500
  -6.739 -17.049 -49.500
  -6.736 -49.500     NaN
  -6.734 -49.500     NaN
  -6.731 -49.500 -49.500
  -6.729 -49.500 -49.500
  -6.726 -49.500     NaN
  -6.724 -15.936 -15.936
  -6.721 -49.500     NaN
  -6.719 -16.743 -49.500
  -6.717 -49.500     NaN
  -6.714 -49.500 -49.500
  -6.712 -16.061 -49.500
  -6.709 -49.500 -49.500
  -6.707 -15.638 -49.500
  -6.705 -16.538 -16.843
  -6.702 -49.500     NaN
  -6.700 -49.500     NaN
  -6.698 -49.500     NaN
  -6.696 -49.500 -49.500
  -6.693 -16.467 -49.500
  -6.691 -16.101 -16.695
  -6.689 -15.833 -16.843
  -6.687 -49.500     NaN
  -6.684 -49.500     NaN
  -6.682 -49.500     NaN
  -6.680 -15.698 -16.251
  -6.678 -49.500     NaN
  -6.675 -49.500 -49.500
  -6.673 -49.500     NaN
  -6.671 -49.500     NaN
  -6.669 -49.500 -49.500
  -6.667 -49.500 -49.500
  -6.665 -49.500 -49.500
  -6.663 -49.500     NaN
  -6.661 -49.500 -49.500
  -6.658 -16.241 -49.500
  -6.656 -49.500     NaN
  -6.654 -16.052 -16.052
  -6.652 -49.500 -49.500
  -6.650 -49.500     NaN
  -6.648 -49.500 -49.500
  -6.646 -49.500     NaN
  -6.644 -16.274 -16.274
  -6.642 -49.500     NaN
  -6.640 -49.500 -49.500
  -6.638 -15.755 -49.500
  -6.636 -16.663 -49.500
  -6.634 -49.500 -49.500
  -6.632 -16.563 -16.563
  -6.630 -49.500 -49.500
  -6.628 -16.081 -16.081
  -6.626 -49.500 -49.500
  -6.624 -49.500 -49.500
  -6.622 -49.500 -49.500
  -6.620 -49.500 -49.500
  -6.618 -16.189 -16.189
  -6.617 -49.500 -49.500
  -6.615 -49.500     NaN
  -6.613 -16.207 -49.500
  -6.611 -49.500 -49.500
  -6.609 -49.500 -49.500
  -6.607 -49.500 -49.500
  -6.605 -49.500     NaN
  -6.603 -49.500     NaN
  -6.602 -49.500 -49.500
  -6.600 -49.500 -49.500
  -6.598 -49.500 -49.500
  -6.596 -49.500     NaN
  -6.594 -49.500 -49.500
