  -8.861 -14.242 -14.242
  -8.599 -14.360 -14.360
  -8.442 -14.406 -14.406
  -8.329 -14.487 -14.487
  -8.239 -14.546 -14.546
  -8.166 -14.590 -14.590
  -8.103 -14.662 -14.662
  -8.048 -14.699 -14.699
  -7.999 -14.125 -14.667
  -7.955 -14.573 -14.573
  -7.916 -14.634 -14.634
  -7.879 -14.735 -14.735
  -7.846 -14.907 -14.907
  -7.815 -14.847 -14.847
  -7.786 -13.687 -14.840
  -7.758 -15.028 -15.028
  -7.733 -14.970 -14.970
  -7.709 -14.916 -14.916
  -7.686 -15.056 -15.056
  -7.664 -14.729 -14.924
  -7.643 -14.724 -14.876
  -7.624 -15.044 -15.044
  -7.605 -14.963 -14.963
  -7.586 -15.074 -15.074
  -7.569 -14.885 -14.885
  -7.552 -15.073 -15.073
  -7.536 -15.139 -15.139
  -7.521 -15.121 -15.121
  -7.506 -14.869 -14.869
  -7.491 -15.044 -15.355
  -7.477 -15.297 -15.297
  -7.464 -15.427 -15.427
  -7.451 -15.236 -15.236
  -7.438 -15.169 -15.384
  -7.425 -15.247 -15.247
  -7.413 -15.006 -15.192
  -7.401 -15.502 -15.502
  -7.390 -15.398 -15.398
  -7.379 -15.012 -15.350
  -7.368 -14.948 -15.423
  -7.357 -15.362 -15.362
  -7.347 -14.943 -15.148
  -7.337 -15.160 -15.703
  -7.327 -15.477 -15.477
  -7.317 -15.628 -15.628
  -7.308 -15.254 -15.411
  -7.299 -15.476 -15.476
  -7.290 -15.624 -15.624
  -7.281 -15.570 -15.828
  -7.272 -15.343 -15.639
  -7.264 -15.575 -15.575
  -7.255 -15.484 -15.687
  -7.247 -15.406 -15.693
  -7.239 -15.666 -15.666
  -7.231 -15.725 -15.725
  -7.223 -15.540 -15.694
  -7.216 -15.156 -15.458
  -7.208 -15.547 -15.926
  -7.201 -14.945 -15.732
  -7.194 -15.139 -15.712
  -7.187 -15.329 -15.329
  -7.180 -15.855 -15.855
  -7.173 -15.453 -15.645
  -7.166 -15.596 -15.824
  -7.159 -15.217 -15.447
  -7.153 -15.032 -15.968
  -7.146 -15.563 -15.563
  -7.140 -15.754 -15.931
  -7.133 -15.717 -15.717
  -7.127 -15.285 -15.859
  -7.121 -14.440 -15.744
  -7.115 -15.724 -16.058
  -7.109 -15.268 -15.543
  -7.103 -15.982 -15.982
  -7.098 -15.475 -15.714
  -7.092 -14.990 -15.160
  -7.086 -16.241 -16.511
  -7.081 -15.778 -15.778
  -7.075 -16.387 -16.603
  -7.070 -15.635 -15.869
  -7.064 -15.468 -16.228
  -7.059 -15.946 -15.946
  -7.054 -15.663 -15.835
  -7.049 -14.962 -15.932
  -7.043 -15.512 -15.512
  -7.038 -15.432 -15.957
  -7.033 -15.212 -16.121
  -7.029 -15.979 -16.234
  -7.024 -15.386 -15.693
  -7.019 -15.814 -15.981
  -7.014 -16.480 -16.480
  -7.009 -15.780 -16.238
  -7.005 -15.938 -17.105
  -7.000 -15.442 -15.954
  -6.995 -16.147 -16.448
  -6.991 -15.921 -15.921
  -6.986 -15.966 -16.222
  -6.982 -16.119 -16.294
  -6.978 -15.904 -16.090
  -6.973 -16.493 -16.493
  -6.969 -16.464 -17.079
  -6.965 -15.709 -16.004
  -6.961 -16.091 -16.334
  -6.956 -16.107 -16.107
  -6.952 -15.671 -16.390
  -6.948 -16.296 -16.296
  -6.944 -16.923 -49.500
  -6.940 -16.200 -16.359
  -6.936 -16.034 -16.354
  -6.932 -16.298 -16.602
  -6.928 -15.415 -15.756
  -6.924 -16.318 -16.318
  -6.920 -16.200 -16.619
  -6.917 -16.344 -16.665
  -6.913 -16.629 -16.797
  -6.909 -15.914 -16.096
  -6.905 -15.796 -16.345
  -6.902 -16.472 -16.945
  -6.898 -16.532 -16.969
  -6.894 -16.117 -16.712
  -6.891 -16.103 -16.485
  -6.887 -16.176 -16.176
  -6.884 -17.247 -49.500
  -6.880 -16.490 -16.690
  -6.877 -16.625 -17.015
  -6.873 -16.250 -16.423
  -6.870 -16.369 -16.798
  -6.867 -16.245 -16.971
  -6.863 -14.935 -16.043
  -6.860 -15.819 -16.613
  -6.857 -16.575 -49.500
  -6.853 -16.808 -17.315
  -6.850 -16.371 -16.634
  -6.847 -16.316 -49.500
  -6.844 -15.657 -15.836
  -6.840 -49.500     NaN
  -6.837 -15.951 -16.255
  -6.834 -16.599 -49.500
  -6.831 -49.500     NaN
  -6.828 -16.220 -16.452
  -6.825 -16.273 -16.453
  -6.822 -16.384 -49.500
  -6.819 -16.646 -17.206
  -6.816 -15.506 -16.659
  -6.813 -16.870 -49.500
  -6.810 -16.016 -16.627
  -6.807 -16.340 -16.627
  -6.804 -49.500     NaN
  -6.801 -16.397 -49.500
  -6.798 -16.568 -49.500
  -6.795 -16.112 -16.754
  -6.792 -49.500     NaN
  -6.789 -16.035 -16.518
  -6.787 -16.331 -16.996
  -6.784 -49.500     NaN
  -6.781 -15.675 -17.110
  -6.778 -15.767 -16.577
  -6.775 -16.535 -49.500
  -6.773 -49.500 -49.500
  -6.770 -49.500     NaN
  -6.767 -16.136 -16.357
  -6.765 -49.500     NaN
  -6.762 -49.500     NaN
  -6.759 -16.381 -16.926
  -6.757 -16.636 -17.153
  -6.754 -15.429 -15.845
  -6.751 -49.500     NaN
  -6.749 -49.500     NaN
  -6.746 -15.773 -16.066
  -6.744 -49.500 -49.500
  -6.741 -14.866 -16.449
  -6.739 -49.500     NaN
  -6.736 -49.500     NaN
  -6.734 -49.500 -49.500
  -6.731 -49.500 -49.500
  -6.729 -49.500     NaN
  -6.726 -15.379 -16.640
  -6.724 -49.500     NaN
  -6.721 -16.292 -16.477
  -6.719 -49.500     NaN
  -6.717 -15.849 -15.849
  -6.714 -16.901 -49.500
  -6.712 -15.352 -16.539
  -6.709 -49.500 -49.500
  -6.707 -16.409 -16.659
  -6.705 -16.356 -16.356
  -6.702 -16.089 -49.500
  -6.700 -15.112 -15.807
  -6.698 -49.500 -49.500
  -6.696 -49.500     NaN
  -6.693 -49.500     NaN
  -6.691 -16.670 -49.500
  -6.689 -16.213 -49.500
  -6.687 -49.500 -49.500
  -6.684 -49.500 -49.500
  -6.682 -49.500     NaN
  -6.680 -16.484 -49.500
  -6.678 -49.500 -49.500
  -6.675 -49.500 -49.500
  -6.673 -16.003 -49.500
  -6.671 -49.500 -49.500
  -6.669 -16.703 -49.500
  -6.667 -16.080 -16.080
  -6.665 -15.633 -49.500
  -6.663 -49.500 -49.500
  -6.661 -49.500 -49.500
  -6.658 -15.528 -49.500
  -6.656 -49.500     NaN
  -6.654 -16.444 -49.500
  -6.652 -16.356 -16.356
  -6.650 -49.500 -49.500
  -6.648 -49.500     NaN
  -6.646 -49.500 -49.500
  -6.644 -49.500 -49.500
  -6.642 -49.500     NaN
  -6.640 -49.500 -49.500
  -6.638 -49.500 -49.500
  -6.636 -49.500 -49.500
  -6.634 -49.500 -49.500
  -6.632 -49.500     NaN
  -6.630 -49.500 -49.500
  -6.628 -49.500     NaN
  -6.626 -15.779 -15.779
  -6.624 -49.500     NaN
  -6.622 -49.500 -49.500
  -6.620 -49.500     NaN
  -6.618 -49.500 -49.500
  -6.617 -49.500 -49.500
  -6.615 -49.500 -49.500
  -6.613 -49.500 -49.500
  -6.611 -16.202 -16.202
  -6.609 -17.022 -17.022
  -6.607 -49.500 -49.500
  -6.605 -49.500 -49.500
  -6.603 -16.721 -49.500
  -6.602 -16.477 -49.500
  -6.600 -49.500 -49.500
  -6.598 -49.500     NaN
  -6.596 -16.596 -49.500
  -6.594 -16.745 -16.745
