  -8.861 -14.271 -14.271
  -8.599 -14.362 -14.362
  -8.442 -14.467 -14.467
  -8.329 -14.520 -14.520
  -8.239 -14.501 -14.501
  -8.166 -14.594 -14.594
  -8.103 -14.430 -14.587
  -8.048 -14.617 -14.617
  -7.999 -14.481 -14.481
  -7.955 -14.782 -14.782
  -7.916 -14.690 -14.690
  -7.879 -14.550 -14.714
  -7.846 -14.897 -14.897
  -7.815 -14.812 -14.812
  -7.786 -14.705 -14.705
  -7.758 -14.587 -14.966
  -7.733 -14.993 -14.993
  -7.709 -14.605 -14.785
  -7.686 -14.853 -14.853
  -7.664 -15.052 -15.052
  -7.643 -15.120 -15.120
  -7.624 -14.849 -15.130
  -7.605 -15.125 -15.125
  -7.586 -15.109 -15.109
  -7.569 -15.025 -15.025
  -7.552 -14.924 -15.147
  -7.536 -14.989 -15.182
  -7.521 -15.170 -15.330
  -7.506 -14.833 -15.329
  -7.491 -15.203 -15.203
  -7.477 -15.253 -15.253
  -7.464 -15.063 -15.361
  -7.451 -15.046 -15.202
  -7.438 -15.171 -15.171
  -7.425 -15.299 -15.299
  -7.413 -15.298 -15.298
  -7.401 -15.467 -15.467
  -7.390 -15.519 -15.519
  -7.379 -14.963 -15.358
  -7.368 -15.476 -15.476
  -7.357 -15.356 -15.356
  -7.347 -15.481 -15.481
  -7.337 -15.098 -15.450
  -7.327 -15.604 -15.889
  -7.317 -15.667 -15.667
  -7.308 -15.204 -15.204
  -7.299 -15.413 -15.413
  -7.290 -15.231 -15.538
  -7.281 -15.477 -15.477
  -7.272 -15.382 -15.382
  -7.264 -15.606 -15.606
  -7.255 -15.157 -15.157
  -7.247 -15.606 -15.814
  -7.239 -15.464 -15.791
  -7.231 -15.840 -15.840
  -7.223 -15.607 -15.607
  -7.216 -15.539 -15.776
  -7.208 -15.439 -15.439
  -7.201 -15.300 -15.300
  -7.194 -15.783 -15.783
  -7.187 -15.898 -15.898
  -7.180 -15.615 -15.615
  -7.173 -15.590 -15.775
  -7.166 -15.924 -15.924
  -7.159 -15.326 -15.489
  -7.153 -15.685 -15.685
  -7.146 -15.427 -15.603
  -7.140 -15.496 -15.496
  -7.133 -15.819 -15.819
  -7.127 -15.327 -15.915
  -7.121 -15.289 -15.468
  -7.115 -15.945 -16.164
  -7.109 -15.623 -15.784
  -7.103 -16.110 -16.274
  -7.098 -15.348 -15.563
  -7.092 -16.095 -16.095
  -7.086 -15.507 -15.949
  -7.081 -15.144 -15.481
  -7.075 -15.923 -16.130
  -7.070 -15.839 -16.133
  -7.064 -15.796 -16.195
  -7.059 -15.761 -16.066
  -7.054 -15.871 -15.871
  -7.049 -15.069 -15.756
  -7.043 -16.158 -16.158
  -7.038 -15.809 -15.981
  -7.033 -16.323 -16.563
  -7.029 -16.064 -16.064
  -7.024 -15.869 -16.229
  -7.019 -15.733 -15.929
  -7.014 -16.242 -16.242
  -7.009 -16.450 -16.450
  -7.005 -15.816 -16.103
  -7.000 -15.155 -15.948
  -6.995 -15.952 -15.952
  -6.991 -16.670 -16.670
  -6.986 -15.522 -15.684
  -6.982 -15.787 -15.970
  -6.978 -15.678 -15.896
  -6.973 -15.645 -15.883
  -6.969 -15.475 -16.290
  -6.965 -15.775 -15.775
  -6.961 -16.274 -16.274
  -6.956 -15.676 -16.286
  -6.952 -16.080 -16.320
  -6.948 -16.607 -16.607
  -6.944 -16.057 -16.470
  -6.940 -16.326 -16.647
  -6.936 -15.850 -15.850
  -6.932 -16.399 -16.693
  -6.928 -15.097 -16.036
  -6.924 -16.140 -16.311
  -6.920 -15.970 -15.970
  -6.917 -16.571 -16.902
  -6.913 -15.806 -15.980
  -6.909 -16.018 -16.233
  -6.905 -14.424 -17.114
  -6.902 -15.463 -16.144
  -6.898 -15.626 -15.921
  -6.894 -15.535 -16.419
  -6.891 -16.252 -16.454
  -6.887 -16.389 -16.615
  -6.884 -16.516 -16.783
  -6.880 -15.356 -15.533
  -6.877 -16.269 -16.506
  -6.873 -15.598 -16.246
  -6.870 -16.213 -16.382
  -6.867 -15.990 -16.522
  -6.863 -16.755 -49.500
  -6.860 -16.390 -16.555
  -6.857 -15.260 -49.500
  -6.853 -15.651 -16.555
  -6.850 -16.023 -16.180
  -6.847 -16.765 -49.500
  -6.844 -49.500     NaN
  -6.840 -16.268 -16.268
  -6.837 -16.348 -16.348
  -6.834 -17.268 -49.500
  -6.831 -16.354 -16.918
  -6.828 -16.392 -16.392
  -6.825 -16.758 -16.924
  -6.822 -16.180 -16.904
  -6.819 -16.216 -16.448
  -6.816 -16.040 -16.971
  -6.813 -16.245 -49.500
  -6.810 -16.834 -17.111
  -6.807 -49.500     NaN
  -6.804 -16.072 -16.303
  -6.801 -15.548 -16.422
  -6.798 -16.101 -16.353
  -6.795 -49.500     NaN
  -6.792 -49.500     NaN
  -6.789 -15.302 -49.500
  -6.787 -15.950 -16.301
  -6.784 -17.029 -49.500
  -6.781 -15.652 -16.856
  -6.778 -49.500     NaN
  -6.775 -15.448 -15.962
  -6.773 -49.500     NaN
  -6.770 -16.265 -49.500
  -6.767 -16.799 -49.500
  -6.765 -16.190 -16.464
  -6.762 -16.724 -49.500
  -6.759 -16.275 -16.501
  -6.757 -15.947 -16.372
  -6.754 -49.500     NaN
  -6.751 -49.500     NaN
  -6.749 -15.619 -16.121
  -6.746 -49.500 -49.500
  -6.744 -16.492 -49.500
  -6.741 -16.513 -49.500
  -6.739 -15.703 -16.865
  -6.736 -16.222 -49.500
  -6.734 -49.500 -49.500
  -6.731 -49.500     NaN
  -6.729 -49.500     NaN
  -6.726 -49.500 -49.500
  -6.724 -16.358 -49.500
  -6.721 -16.809 -16.809
  -6.719 -49.500 -49.500
  -6.717 -49.500     NaN
  -6.714 -16.390 -16.577
  -6.712 -49.500 -49.500
  -6.709 -16.515 -49.500
  -6.707 -16.768 -49.500
  -6.705 -49.500 -49.500
  -6.702 -49.500     NaN
  -6.700 -49.500 -49.500
  -6.698 -49.500     NaN
  -6.696 -49.500     NaN
  -6.693 -49.500     NaN
  -6.691 -49.500     NaN
  -6.689 -49.500     NaN
  -6.687 -16.481 -49.500
  -6.684 -15.541 -49.500
  -6.682 -16.609 -49.500
  -6.680 -49.500     NaN
  -6.678 -15.594 -15.594
  -6.675 -49.500     NaN
  -6.673 -15.266 -49.500
  -6.671 -49.500 -49.500
  -6.669 -49.500 -49.500
  -6.667 -49.500     NaN
  -6.665 -15.824 -15.824
  -6.663 -49.500 -49.500
  -6.661 -49.500     NaN
  -6.658 -49.500 -49.500
  -6.656 -15.509 -16.288
  -6.654 -16.080 -16.415
  -6.652 -16.095 -16.095
  -6.650 -49.500     NaN
  -6.648 -49.500 -49.500
  -6.646 -16.246 -16.246
  -6.644 -49.500 -49.500
  -6.642 -49.500     NaN
  -6.640 -49.500     NaN
  -6.638 -49.500 -49.500
  -6.636 -16.637 -49.500
  -6.634 -49.500 -49.500
  -6.632 -49.500 -49.500
  -6.630 -49.500 -49.500
  -6.628 -49.500     NaN
  -6.626 -16.766 -16.766
  -6.624 -49.500 -49.500
  -6.622 -49.500 -49.500
  -6.620 -49.500 -49.500
  -6.618 -16.262 -16.262
  -6.617 -49.500 -49.500
  -6.615 -49.500     NaN
  -6.613 -49.500 -49.500
  -6.611 -16.120 -49.500
  -6.609 -49.500 -49.500
  -6.607 -16.598 -16.598
  -6.605 -49.500 -49.500
  -6.603 -49.500     NaN
  -6.602 -16.444 -16.444
  -6.600 -49.500 -49.500
  -6.598 -49.500 -49.500
  -6.596 -49.500 -49.500
  -6.594 -49.500 -49.500
