  -8.861 -14.233 -14.233
  -8.599 -14.368 -14.368
  -8.442 -14.368 -14.368
  -8.329 -14.478 -14.478
  -8.239 -14.542 -14.542
  -8.166 -14.636 -14.636
  -8.103 -14.590 -14.590
  -8.048 -14.666 -14.666
  -7.999 -14.713 -14.713
  -7.955 -14.790 -14.790
  -7.916 -14.715 -14.715
  -7.879 -14.777 -14.777
  -7.846 -14.562 -14.878
  -7.815 -14.897 -14.897
  -7.786 -14.852 -14.852
  -7.758 -15.027 -15.027
  -7.733 -14.995 -14.995
  -7.709 -14.954 -14.954
  -7.686 -14.863 -14.863
  -7.664 -14.994 -14.994
  -7.643 -14.969 -14.969
  -7.624 -15.227 -15.227
  -7.605 -15.087 -15.087
  -7.586 -14.763 -15.032
  -7.569 -14.917 -14.917
  -7.552 -15.195 -15.195
  -7.536 -15.071 -15.071
  -7.521 -15.001 -15.317
  -7.506 -15.060 -15.274
  -7.491 -15.159 -15.159
  -7.477 -14.876 -15.356
  -7.464 -14.987 -14.987
  -7.451 -15.439 -15.439
  -7.438 -15.286 -15.286
  -7.425 -15.340 -15.535
  -7.413 -15.241 -15.241
  -7.401 -15.356 -15.356
  -7.390 -15.413 -15.413
  -7.379 -15.357 -15.357
  -7.368 -15.335 -15.335
  -7.357 -14.890 -15.466
  -7.347 -15.348 -15.348
  -7.337 -15.406 -15.406
  -7.327 -15.614 -15.614
  -7.317 -15.372 -15.372
  -7.308 -15.490 -15.490
  -7.299 -15.542 -15.542
  -7.290 -15.549 -15.549
  -7.281 -15.423 -15.646
  -7.272 -15.763 -15.763
  -7.264 -15.506 -15.506
  -7.255 -15.266 -15.497
  -7.247 -15.579 -15.579
  -7.239 -15.682 -15.682
  -7.231 -15.722 -15.722
  -7.223 -14.953 -15.701
  -7.216 -15.120 -15.709
  -7.208 -15.717 -15.717
  -7.201 -14.694 -15.547
  -7.194 -15.323 -15.476
  -7.187 -15.348 -15.540
  -7.180 -15.846 -15.846
  -7.173 -16.013 -16.013
  -7.166 -15.346 -15.670
  -7.159 -15.523 -15.697
  -7.153 -15.228 -15.868
  -7.146 -15.860 -15.860
  -7.140 -16.056 -16.056
  -7.133 -14.737 -15.540
  -7.127 -15.832 -15.832
  -7.121 -15.149 -15.354
  -7.115 -15.721 -15.721
  -7.109 -15.664 -16.084
  -7.103 -16.332 -16.492
  -7.098 -15.818 -15.818
  -7.092 -15.033 -15.907
  -7.086 -15.644 -15.856
  -7.081 -15.320 -15.742
  -7.075 -15.631 -15.866
  -7.070 -15.996 -15.996
  -7.064 -16.019 -16.019
  -7.059 -15.874 -15.874
  -7.054 -15.979 -15.979
  -7.049 -15.506 -15.703
  -7.043 -15.224 -16.007
  -7.038 -15.545 -15.751
  -7.033 -16.155 -16.155
  -7.029 -15.551 -16.035
  -7.024 -15.989 -16.179
  -7.019 -16.754 -16.754
  -7.014 -15.759 -16.361
  -7.009 -16.262 -16.262
  -7.005 -15.270 -15.830
  -7.000 -15.390 -15.905
  -6.995 -15.863 -16.136
  -6.991 -15.823 -16.112
  -6.986 -16.240 -16.240
  -6.982 -15.882 -16.064
  -6.978 -15.846 -16.239
  -6.973 -16.007 -16.296
  -6.969 -15.922 -16.206
  -6.965 -16.251 -16.692
  -6.961 -16.213 -16.213
  -6.956 -15.846 -16.147
  -6.952 -16.049 -16.239
  -6.948 -15.761 -15.961
  -6.944 -16.334 -16.611
  -6.940 -15.462 -16.083
  -6.936 -15.840 -16.046
  -6.932 -16.508 -16.508
  -6.928 -16.100 -16.600
  -6.924 -16.517 -16.699
  -6.920 -16.210 -16.210
  -6.917 -16.147 -16.352
  -6.913 -15.745 -16.089
  -6.909 -15.333 -15.950
  -6.905 -15.661 -15.818
  -6.902 -15.872 -16.107
  -6.898 -16.590 -22.427
  -6.894 -16.058 -16.488
  -6.891 -15.710 -16.093
  -6.887 -15.925 -22.110
  -6.884 -16.762 -49.500
  -6.880 -15.977 -16.819
  -6.877 -15.207 -15.976
  -6.873 -16.432 -16.624
  -6.870 -16.119 -16.451
  -6.867 -16.460 -17.000
  -6.863 -16.278 -16.580
  -6.860 -15.810 -16.027
  -6.857 -17.107 -49.500
  -6.853 -15.982 -16.315
  -6.850 -15.705 -49.500
  -6.847 -16.046 -49.500
  -6.844 -16.356 -16.725
  -6.840 -15.218 -15.852
  -6.837 -16.961 -49.500
  -6.834 -15.937 -49.500
  -6.831 -15.712 -15.881
  -6.828 -15.772 -15.922
  -6.825 -15.978 -17.127
  -6.822 -49.500     NaN
  -6.819 -16.899 -49.500
  -6.816 -16.014 -16.014
  -6.813 -17.246 -49.500
  -6.810 -16.460 -49.500
  -6.807 -16.780 -49.500
  -6.804 -16.687 -16.875
  -6.801 -16.020 -16.590
  -6.798 -16.555 -16.712
  -6.795 -16.053 -16.283
  -6.792 -17.179 -49.500
  -6.789 -49.500 -49.500
  -6.787 -16.323 -49.500
  -6.784 -15.860 -17.349
  -6.781 -49.500     NaN
  -6.778 -15.896 -16.472
  -6.775 -17.058 -49.500
  -6.773 -16.401 -16.632
  -6.770 -49.500     NaN
  -6.767 -49.500     NaN
  -6.765 -16.831 -49.500
  -6.762 -49.500     NaN
  -6.759 -49.500     NaN
  -6.757 -15.295 -16.577
  -6.754 -49.500 -49.500
  -6.751 -16.694 -49.500
  -6.749 -16.150 -16.305
  -6.746 -16.268 -16.514
  -6.744 -16.423 -49.500
  -6.741 -49.500     NaN
  -6.739 -15.720 -16.381
  -6.736 -49.500     NaN
  -6.734 -16.702 -49.500
  -6.731 -16.863 -49.500
  -6.729 -17.062 -49.500
  -6.726 -16.598 -16.822
  -6.724 -16.446 -49.500
  -6.721 -49.500     NaN
  -6.719 -16.162 -49.500
  -6.717 -49.500 -49.500
  -6.714 -16.700 -49.500
  -6.712 -16.155 -16.445
  -6.709 -49.500 -49.500
  -6.707 -49.500     NaN
  -6.705 -16.208 -16.208
  -6.702 -49.500 -49.500
  -6.700 -15.886 -15.886
  -6.698 -49.500     NaN
  -6.696 -15.549 -15.749
  -6.693 -49.500     NaN
  -6.691 -49.500     NaN
  -6.689 -16.271 -16.271
  -6.687 -15.568 -49.500
  -6.684 -49.500     NaN
  -6.682 -16.091 -49.500
  -6.680 -49.500 -49.500
  -6.678 -49.500     NaN
  -6.675 -49.500 -49.500
  -6.673 -15.741 -16.294
  -6.671 -49.500 -49.500
  -6.669 -49.500 -49.500
  -6.667 -49.500 -49.500
  -6.665 -49.500     NaN
  -6.663 -49.500     NaN
  -6.661 -49.500 -49.500
  -6.658 -49.500 -49.500
  -6.656 -16.302 -16.302
  -6.654 -49.500 -49.500
  -6.652 -49.500     NaN
  -6.650 -49.500     NaN
  -6.648 -15.731 -16.023
  -6.646 -16.239 -16.239
  -6.644 -15.963 -15.963
  -6.642 -49.500 -49.500
  -6.640 -49.500 -49.500
  -6.638 -49.500 -49.500
  -6.636 -49.500 -49.500
  -6.634 -49.500 -49.500
  -6.632 -49.500     NaN
  -6.630 -49.500 -49.500
  -6.628 -49.500     NaN
  -6.626 -49.500     NaN
  -6.624 -16.457 -16.457
  -6.622 -16.212 -49.500
  -6.620 -49.500 -49.500
  -6.618 -49.500 -49.500
  -6.617 -16.201 -16.201
  -6.615 -49.500 -49.500
  -6.613 -16.777 -49.500
  -6.611 -49.500 -49.500
  -6.609 -49.500     NaN
  -6.607 -49.500     NaN
  -6.605 -49.500 -49.500
  -6.603 -49.500     NaN
  -6.602 -49.500 -49.500
  -6.600 -15.779 -15.779
  -6.598 -16.167 -49.500
  -6.596 -49.500 -49.500
  -6.594 -49.500 -49.500
