  -8.861 -14.274 -14.274
  -8.599 -14.386 -14.386
  -8.442 -14.444 -14.444
  -8.329 -14.479 -14.479
  -8.239 -14.585 -14.585
  -8.166 -14.603 -14.603
  -8.103 -14.651 -14.651
  -8.048 -14.638 -14.638
  -7.999 -14.663 -14.663
  -7.955 -14.787 -14.787
  -7.916 -14.778 -14.778
  -7.879 -14.806 -14.806
  -7.846 -14.852 -14.852
  -7.815 -14.764 -14.935
  -7.786 -14.834 -14.834
  -7.758 -14.785 -14.976
  -7.733 -14.900 -14.900
  -7.709 -14.975 -14.975
  -7.686 -15.006 -15.006
  -7.664 -14.813 -15.049
  -7.643 -14.527 -15.019
  -7.624 -15.029 -15.203
  -7.605 -14.853 -15.056
  -7.586 -15.088 -15.088
  -7.569 -15.106 -15.106
  -7.552 -15.040 -15.040
  -7.536 -15.063 -15.063
  -7.521 -15.102 -15.102
  -7.506 -15.012 -15.012
  -7.491 -15.070 -15.070
  -7.477 -15.113 -15.113
  -7.464 -15.191 -15.191
  -7.451 -15.212 -15.393
  -7.438 -15.346 -15.346
  -7.425 -14.938 -15.386
  -7.413 -15.387 -15.387
  -7.401 -15.229 -15.229
  -7.390 -15.180 -15.450
  -7.379 -15.094 -15.094
  -7.368 -15.406 -15.406
  -7.357 -15.211 -15.422
  -7.347 -15.663 -15.663
  -7.337 -15.471 -15.681
  -7.327 -15.313 -15.313
  -7.317 -14.987 -15.331
  -7.308 -15.525 -15.525
  -7.299 -15.068 -15.068
  -7.290 -15.567 -15.567
  -7.281 -15.635 -15.635
  -7.272 -15.455 -15.674
  -7.264 -15.461 -15.667
  -7.255 -15.586 -15.586
  -7.247 -15.221 -15.488
  -7.239 -15.542 -15.698
  -7.231 -15.895 -15.895
  -7.223 -15.569 -15.755
  -7.216 -15.500 -15.769
  -7.208 -15.729 -15.884
  -7.201 -15.575 -15.575
  -7.194 -15.687 -15.843
  -7.187 -15.279 -15.279
  -7.180 -15.560 -15.750
  -7.173 -15.743 -15.743
  -7.166 -15.910 -16.100
  -7.159 -15.667 -15.667
  -7.153 -15.847 -15.847
  -7.146 -15.812 -15.812
  -7.140 -15.380 -15.680
  -7.133 -15.282 -15.526
  -7.127 -15.878 -15.878
  -7.121 -15.990 -15.990
  -7.115 -16.133 -16.133
  -7.109 -15.840 -15.840
  -7.103 -15.882 -16.093
  -7.098 -15.573 -15.987
  -7.092 -15.536 -15.985
  -7.086 -15.712 -15.944
  -7.081 -15.879 -16.041
  -7.075 -15.653 -15.825
  -7.070 -15.921 -16.118
  -7.064 -16.045 -16.235
  -7.059 -15.370 -15.530
  -7.054 -15.995 -15.995
  -7.049 -16.144 -16.310
  -7.043 -16.081 -16.362
  -7.038 -15.729 -15.729
  -7.033 -16.077 -16.077
  -7.029 -15.670 -16.298
  -7.024 -15.832 -16.355
  -7.019 -16.184 -16.463
  -7.014 -16.116 -16.116
  -7.009 -15.357 -16.494
  -7.005 -15.553 -15.754
  -7.000 -16.103 -16.103
  -6.995 -15.839 -16.077
  -6.991 -16.010 -16.292
  -6.986 -16.217 -16.499
  -6.982 -15.780 -16.587
  -6.978 -16.431 -16.431
  -6.973 -15.672 -15.832
  -6.969 -15.766 -16.166
  -6.965 -16.230 -16.230
  -6.961 -16.638 -16.638
  -6.956 -15.797 -15.974
  -6.952 -16.175 -17.303
  -6.948 -15.912 -16.295
  -6.944 -16.408 -16.408
  -6.940 -16.582 -16.582
  -6.936 -15.174 -16.143
  -6.932 -16.720 -16.958
  -6.928 -14.744 -15.941
  -6.924 -15.415 -21.888
  -6.920 -16.094 -16.665
  -6.917 -16.510 -22.352
  -6.913 -15.873 -16.164
  -6.909 -16.628 -17.176
  -6.905 -15.990 -16.454
  -6.902 -16.381 -16.381
  -6.898 -16.059 -16.059
  -6.894 -15.666 -16.307
  -6.891 -16.541 -49.500
  -6.887 -15.954 -15.954
  -6.884 -17.223 -49.500
  -6.880 -16.411 -16.908
  -6.877 -16.429 -16.623
  -6.873 -16.715 -16.878
  -6.870 -49.500     NaN
  -6.867 -16.096 -49.500
  -6.863 -16.548 -49.500
  -6.860 -16.274 -16.609
  -6.857 -16.482 -49.500
  -6.853 -15.139 -16.101
  -6.850 -15.532 -17.053
  -6.847 -15.905 -49.500
  -6.844 -16.171 -49.500
  -6.840 -16.289 -16.694
  -6.837 -16.162 -16.487
  -6.834 -16.204 -16.383
  -6.831 -15.942 -16.304
  -6.828 -16.817 -49.500
  -6.825 -15.887 -49.500
  -6.822 -49.500     NaN
  -6.819 -16.310 -49.500
  -6.816 -16.738 -49.500
  -6.813 -49.500     NaN
  -6.810 -16.432 -16.698
  -6.807 -49.500     NaN
  -6.804 -15.894 -16.487
  -6.801 -16.049 -16.559
  -6.798 -15.444 -16.673
  -6.795 -16.827 -49.500
  -6.792 -16.512 -17.158
  -6.789 -16.741 -49.500
  -6.787 -16.524 -49.500
  -6.784 -15.984 -16.148
  -6.781 -16.490 -49.500
  -6.778 -16.406 -49.500
  -6.775 -16.887 -49.500
  -6.773 -14.739 -16.561
  -6.770 -15.634 -16.351
  -6.767 -16.949 -49.500
  -6.765 -16.425 -16.851
  -6.762 -16.298 -16.549
  -6.759 -16.765 -49.500
  -6.757 -15.537 -15.792
  -6.754 -49.500 -49.500
  -6.751 -16.396 -16.635
  -6.749 -16.573 -16.741
  -6.746 -16.946 -17.217
  -6.744 -16.409 -49.500
  -6.741 -49.500     NaN
  -6.739 -16.317 -16.317
  -6.736 -49.500     NaN
  -6.734 -16.075 -49.500
  -6.731 -49.500     NaN
  -6.729 -49.500 -49.500
  -6.726 -49.500     NaN
  -6.724 -49.500     NaN
  -6.721 -16.826 -49.500
  -6.719 -16.403 -49.500
  -6.717 -16.826 -49.500
  -6.714 -49.500     NaN
  -6.712 -16.773 -16.773
  -6.709 -49.500     NaN
  -6.707 -16.426 -49.500
  -6.705 -49.500     NaN
  -6.702 -16.942 -49.500
  -6.700 -16.442 -49.500
  -6.698 -49.500     NaN
  -6.696 -49.500     NaN
  -6.693 -49.500 -49.500
  -6.691 -49.500 -49.500
  -6.689 -49.500     NaN
  -6.687 -49.500     NaN
  -6.684 -49.500 -49.500
  -6.682 -49.500     NaN
  -6.680 -49.500     NaN
  -6.678 -15.747 -15.747
  -6.675 -16.597 -49.500
  -6.673 -49.500 -49.500
  -6.671 -16.552 -49.500
  -6.669 -49.500     NaN
  -6.667 -49.500 -49.500
  -6.665 -16.237 -49.500
  -6.663 -16.402 -49.500
  -6.661 -49.500 -49.500
  -6.658 -16.414 -49.500
  -6.656 -17.071 -17.071
  -6.654 -49.500 -49.500
  -6.652 -16.393 -49.500
  -6.650 -49.500 -49.500
  -6.648 -15.898 -49.500
  -6.646 -49.500     NaN
  -6.644 -15.547 -49.500
  -6.642 -16.715 -49.500
  -6.640 -16.424 -49.500
  -6.638 -15.946 -15.946
  -6.636 -49.500 -49.500
  -6.634 -16.538 -49.500
  -6.632 -49.500 -49.500
  -6.630 -49.500 -49.500
  -6.628 -49.500 -49.500
  -6.626 -16.068 -49.500
  -6.624 -15.823 -16.305
  -6.622 -15.741 -15.741
  -6.620 -49.500     NaN
  -6.618 -49.500 -49.500
  -6.617 -16.092 -16.092
  -6.615 -49.500 -49.500
  -6.613 -49.500 -49.500
  -6.611 -49.500 -49.500
  -6.609 -49.500 -49.500
  -6.607 -49.500 -49.500
  -6.605 -49.500 -49.500
  -6.603 -49.500 -49.500
  -6.602 -49.500 -49.500
  -6.600 -49.500 -49.500
  -6.598 -49.500 -49.500
  -6.596 -49.500     NaN
  -6.594 -16.697 -49.500
