  -8.861 -14.255 -14.255
  -8.599 -14.400 -14.400
  -8.442 -14.457 -14.457
  -8.329 -14.433 -14.433
  -8.239 -14.570 -14.570
  -8.166 -14.490 -14.490
  -8.103 -14.644 -14.644
  -8.048 -14.652 -14.652
  -7.999 -14.793 -14.793
  -7.955 -14.745 -14.745
  -7.916 -14.661 -14.661
  -7.879 -14.850 -14.850
  -7.846 -14.851 -14.851
  -7.815 -14.893 -14.893
  -7.786 -14.889 -14.889
  -7.758 -14.945 -14.945
  -7.733 -15.025 -15.025
  -7.709 -14.946 -15.152
  -7.686 -15.035 -15.035
  -7.664 -15.082 -15.082
  -7.643 -14.917 -14.917
  -7.624 -15.026 -15.026
  -7.605 -15.075 -15.075
  -7.586 -15.000 -15.000
  -7.569 -15.181 -15.181
  -7.552 -15.248 -15.248
  -7.536 -15.074 -15.074
  -7.521 -15.103 -15.103
  -7.506 -14.932 -15.129
  -7.491 -15.492 -15.492
  -7.477 -14.886 -15.350
  -7.464 -15.130 -15.337
  -7.451 -15.100 -15.100
  -7.438 -15.314 -15.314
  -7.425 -15.440 -15.440
  -7.413 -15.169 -15.169
  -7.401 -14.963 -15.358
  -7.390 -15.436 -15.436
  -7.379 -15.447 -15.447
  -7.368 -15.302 -15.497
  -7.357 -15.408 -15.408
  -7.347 -15.363 -15.534
  -7.337 -15.541 -15.541
  -7.327 -15.537 -15.537
  -7.317 -15.617 -15.617
  -7.308 -15.022 -15.547
  -7.299 -15.468 -15.651
  -7.290 -15.598 -15.598
  -7.281 -15.628 -15.628
  -7.272 -15.417 -15.417
  -7.264 -14.961 -15.588
  -7.255 -15.130 -15.733
  -7.247 -15.430 -15.619
  -7.239 -15.132 -15.412
  -7.231 -15.520 -15.520
  -7.223 -15.733 -15.733
  -7.216 -15.664 -15.664
  -7.208 -15.817 -15.817
  -7.201 -15.576 -15.576
  -7.194 -14.987 -15.438
  -7.187 -15.566 -15.566
  -7.180 -15.684 -15.684
  -7.173 -15.786 -15.786
  -7.166 -15.955 -16.106
  -7.159 -15.687 -15.687
  -7.153 -15.771 -15.771
  -7.146 -15.881 -15.881
  -7.140 -15.759 -15.759
  -7.133 -15.796 -15.978
  -7.127 -15.495 -15.687
  -7.121 -15.950 -16.217
  -7.115 -15.519 -15.519
  -7.109 -15.456 -16.092
  -7.103 -14.956 -15.574
  -7.098 -15.352 -15.932
  -7.092 -15.944 -15.944
  -7.086 -15.772 -15.772
  -7.081 -15.992 -16.202
  -7.075 -15.215 -15.655
  -7.070 -15.695 -16.150
  -7.064 -15.971 -15.971
  -7.059 -16.059 -16.260
  -7.054 -15.333 -15.563
  -7.049 -16.381 -16.381
  -7.043 -16.216 -16.216
  -7.038 -15.616 -15.798
  -7.033 -15.932 -15.932
  -7.029 -15.598 -15.868
  -7.024 -15.255 -15.708
  -7.019 -16.370 -16.566
  -7.014 -15.400 -15.668
  -7.009 -15.696 -15.869
  -7.005 -16.459 -16.640
  -7.000 -16.559 -16.559
  -6.995 -15.946 -16.301
  -6.991 -15.976 -16.195
  -6.986 -15.843 -16.086
  -6.982 -16.337 -16.932
  -6.978 -16.129 -16.518
  -6.973 -16.321 -16.498
  -6.969 -15.946 -16.383
  -6.965 -15.131 -16.257
  -6.961 -16.255 -16.454
  -6.956 -16.137 -16.572
  -6.952 -15.968 -16.138
  -6.948 -16.713 -22.001
  -6.944 -15.587 -16.160
  -6.940 -16.537 -16.937
  -6.936 -15.465 -16.393
  -6.932 -15.744 -16.050
  -6.928 -15.971 -16.240
  -6.924 -16.161 -16.161
  -6.920 -15.708 -17.232
  -6.917 -15.700 -16.263
  -6.913 -16.211 -16.429
  -6.909 -16.148 -16.148
  -6.905 -16.226 -16.422
  -6.902 -16.229 -16.392
  -6.898 -15.594 -16.139
  -6.894 -15.861 -16.029
  -6.891 -15.788 -16.640
  -6.887 -15.751 -49.500
  -6.884 -16.309 -16.768
  -6.880 -15.611 -15.781
  -6.877 -16.047 -16.239
  -6.873 -16.068 -16.229
  -6.870 -15.470 -15.742
  -6.867 -16.397 -16.690
  -6.863 -15.552 -49.500
  -6.860 -16.525 -49.500
  -6.857 -16.651 -49.500
  -6.853 -16.626 -49.500
  -6.850 -16.697 -49.500
  -6.847 -16.751 -16.934
  -6.844 -15.924 -16.451
  -6.840 -16.759 -17.125
  -6.837 -15.994 -15.994
  -6.834 -49.500     NaN
  -6.831 -16.261 -16.597
  -6.828 -16.174 -16.457
  -6.825 -17.373 -49.500
  -6.822 -16.239 -16.811
  -6.819 -17.202 -49.500
  -6.816 -49.500     NaN
  -6.813 -16.152 -16.744
  -6.810 -15.888 -16.238
  -6.807 -16.361 -16.580
  -6.804 -16.405 -16.567
  -6.801 -17.063 -49.500
  -6.798 -49.500     NaN
  -6.795 -49.500     NaN
  -6.792 -49.500     NaN
  -6.789 -16.870 -49.500
  -6.787 -16.411 -16.797
  -6.784 -49.500     NaN
  -6.781 -15.878 -16.560
  -6.778 -16.089 -16.505
  -6.775 -49.500     NaN
  -6.773 -15.891 -15.891
  -6.770 -16.734 -49.500
  -6.767 -49.500     NaN
  -6.765 -16.395 -49.500
  -6.762 -17.335 -49.500
  -6.759 -16.813 -49.500
  -6.757 -16.369 -49.500
  -6.754 -16.469 -16.469
  -6.751 -15.436 -15.823
  -6.749 -15.438 -15.896
  -6.746 -15.446 -15.808
  -6.744 -16.164 -16.615
  -6.741 -49.500 -49.500
  -6.739 -16.973 -49.500
  -6.736 -49.500     NaN
  -6.734 -49.500 -49.500
  -6.731 -49.500     NaN
  -6.729 -49.500     NaN
  -6.726 -16.176 -16.436
  -6.724 -17.018 -49.500
  -6.721 -16.102 -49.500
  -6.719 -49.500 -49.500
  -6.717 -15.562 -15.562
  -6.714 -16.924 -49.500
  -6.712 -15.974 -16.134
  -6.709 -49.500     NaN
  -6.707 -15.985 -15.985
  -6.705 -16.412 -16.412
  -6.702 -49.500     NaN
  -6.700 -16.684 -49.500
  -6.698 -49.500     NaN
  -6.696 -16.552 -49.500
  -6.693 -49.500 -49.500
  -6.691 -16.615 -49.500
  -6.689 -49.500 -49.500
  -6.687 -49.500 -49.500
  -6.684 -49.500     NaN
  -6.682 -16.159 -49.500
  -6.680 -49.500     NaN
  -6.678 -49.500     NaN
  -6.675 -49.500     NaN
  -6.673 -49.500 -49.500
  -6.671 -49.500 -49.500
  -6.669 -49.500     NaN
  -6.667 -49.500 -49.500
  -6.665 -16.769 -16.769
  -6.663 -49.500     NaN
  -6.661 -16.401 -16.401
  -6.658 -15.694 -15.911
  -6.656 -49.500 -49.500
  -6.654 -49.500 -49.500
  -6.652 -49.500 -49.500
  -6.650 -17.146 -49.500
  -6.648 -15.741 -49.500
  -6.646 -49.500 -49.500
  -6.644 -16.434 -49.500
  -6.642 -49.500 -49.500
  -6.640 -49.500 -49.500
  -6.638 -16.051 -49.500
  -6.636 -49.500 -49.500
  -6.634 -49.500 -49.500
  -6.632 -49.500 -49.500
  -6.630 -49.500     NaN
  -6.628 -49.500 -49.500
  -6.626 -15.904 -15.904
  -6.624 -16.496 -49.500
  -6.622 -49.500 -49.500
  -6.620 -49.500 -49.500
  -6.618 -16.592 -16.592
  -6.617 -49.500 -49.500
  -6.615 -16.613 -49.500
  -6.613 -49.500 -49.500
  -6.611 -15.654 -49.500
  -6.609 -15.277 -15.277
  -6.607 -49.500     NaN
  -6.605 -49.500 -49.500
  -6.603 -49.500     NaN
  -6.602 -49.500 -49.500
  -6.600 -49.500     NaN
  -6.598 -49.500 -49.500
  -6.596 -49.500 -49.500
  -6.594 -49.500     NaN
