  -8.861 -14.263 -14.263
  -8.599 -14.382 -14.382
  -8.442 -14.373 -14.373
  -8.329 -14.492 -14.492
  -8.239 -14.540 -14.540
  -8.166 -14.623 -14.623
  -8.103 -14.360 -14.360
  -8.048 -14.507 -14.507
  -7.999 -14.687 -14.687
  -7.955 -14.437 -14.694
  -7.916 -14.692 -14.692
  -7.879 -14.870 -14.870
  -7.846 -14.798 -14.798
  -7.815 -14.805 -14.805
  -7.786 -15.050 -15.050
  -7.758 -14.615 -14.917
  -7.733 -14.943 -14.943
  -7.709 -14.897 -14.897
  -7.686 -14.985 -14.985
  -7.664 -15.103 -15.103
  -7.643 -14.875 -14.875
  -7.624 -15.090 -15.090
  -7.605 -14.979 -14.979
  -7.586 -15.227 -15.227
  -7.569 -15.039 -15.200
  -7.552 -15.040 -15.040
  -7.536 -15.019 -15.203
  -7.521 -15.029 -15.029
  -7.506 -14.990 -14.990
  -7.491 -14.425 -15.009
  -7.477 -15.323 -15.323
  -7.464 -15.391 -15.391
  -7.451 -14.924 -15.437
  -7.438 -14.572 -15.196
  -7.425 -15.432 -15.432
  -7.413 -15.224 -15.224
  -7.401 -15.262 -15.262
  -7.390 -15.358 -15.358
  -7.379 -14.368 -14.728
  -7.368 -15.582 -15.582
  -7.357 -15.495 -15.495
  -7.347 -15.375 -15.375
  -7.337 -15.117 -15.270
  -7.327 -15.314 -15.314
  -7.317 -15.464 -15.615
  -7.308 -14.937 -15.571
  -7.299 -15.152 -15.474
  -7.290 -15.197 -15.586
  -7.281 -15.431 -15.696
  -7.272 -15.636 -15.636
  -7.264 -15.722 -15.722
  -7.255 -15.353 -15.353
  -7.247 -15.479 -15.479
  -7.239 -15.096 -15.250
  -7.231 -15.796 -15.796
  -7.223 -15.266 -15.488
  -7.216 -15.895 -15.895
  -7.208 -15.920 -15.920
  -7.201 -15.494 -15.494
  -7.194 -15.245 -15.525
  -7.187 -15.908 -15.908
  -7.180 -15.625 -15.625
  -7.173 -14.998 -15.177
  -7.166 -15.991 -15.991
  -7.159 -14.665 -15.535
  -7.153 -15.757 -15.757
  -7.146 -15.237 -15.507
  -7.140 -15.821 -15.821
  -7.133 -15.751 -16.097
  -7.127 -14.768 -15.871
  -7.121 -15.733 -15.938
  -7.115 -15.511 -16.245
  -7.109 -15.519 -15.519
  -7.103 -15.695 -15.910
  -7.098 -15.677 -15.677
  -7.092 -16.108 -16.108
  -7.086 -16.487 -16.487
  -7.081 -15.467 -15.640
  -7.075 -15.191 -16.122
  -7.070 -15.465 -15.745
  -7.064 -15.365 -15.973
  -7.059 -15.706 -16.151
  -7.054 -15.376 -15.732
  -7.049 -15.131 -15.289
  -7.043 -15.801 -15.801
  -7.038 -15.073 -15.487
  -7.033 -15.807 -16.140
  -7.029 -16.096 -16.320
  -7.024 -15.863 -15.863
  -7.019 -16.228 -16.228
  -7.014 -15.972 -16.214
  -7.009 -16.202 -16.540
  -7.005 -16.006 -16.170
  -7.000 -15.928 -16.265
  -6.995 -15.879 -15.879
  -6.991 -16.101 -16.376
  -6.986 -15.327 -15.772
  -6.982 -16.144 -16.375
  -6.978 -16.708 -16.708
  -6.973 -15.965 -16.344
  -6.969 -16.645 -16.645
  -6.965 -15.962 -16.265
  -6.961 -16.365 -16.531
  -6.956 -15.831 -16.490
  -6.952 -15.892 -16.044
  -6.948 -16.309 -16.309
  -6.944 -16.197 -16.439
  -6.940 -16.358 -16.533
  -6.936 -16.039 -16.227
  -6.932 -15.866 -16.312
  -6.928 -15.553 -16.482
  -6.924 -14.780 -16.402
  -6.920 -15.577 -16.203
  -6.917 -15.952 -16.463
  -6.913 -15.709 -16.493
  -6.909 -14.904 -16.047
  -6.905 -15.423 -16.067
  -6.902 -15.916 -15.916
  -6.898 -16.091 -16.432
  -6.894 -15.759 -15.963
  -6.891 -15.380 -15.961
  -6.887 -16.509 -16.709
  -6.884 -16.541 -16.541
  -6.880 -16.591 -17.022
  -6.877 -49.500     NaN
  -6.873 -16.054 -16.494
  -6.870 -16.265 -16.724
  -6.867 -16.041 -16.041
  -6.863 -14.922 -15.763
  -6.860 -16.810 -49.500
  -6.857 -16.129 -16.424
  -6.853 -16.726 -17.164
  -6.850 -15.913 -16.596
  -6.847 -17.188 -49.500
  -6.844 -16.808 -49.500
  -6.840 -16.266 -16.266
  -6.837 -16.393 -16.549
  -6.834 -16.092 -16.489
  -6.831 -16.137 -16.137
  -6.828 -15.456 -49.500
  -6.825 -16.707 -49.500
  -6.822 -16.535 -49.500
  -6.819 -16.412 -16.791
  -6.816 -16.404 -49.500
  -6.813 -49.500     NaN
  -6.810 -16.659 -49.500
  -6.807 -16.015 -16.209
  -6.804 -16.786 -49.500
  -6.801 -49.500     NaN
  -6.798 -16.627 -49.500
  -6.795 -15.701 -16.100
  -6.792 -16.399 -49.500
  -6.789 -16.071 -17.020
  -6.787 -16.596 -16.781
  -6.784 -49.500 -49.500
  -6.781 -16.537 -16.797
  -6.778 -15.565 -16.225
  -6.775 -49.500     NaN
  -6.773 -15.411 -16.568
  -6.770 -16.810 -49.500
  -6.767 -16.053 -16.626
  -6.765 -49.500 -49.500
  -6.762 -15.875 -49.500
  -6.759 -16.316 -16.662
  -6.757 -15.907 -16.292
  -6.754 -15.998 -16.262
  -6.751 -49.500 -49.500
  -6.749 -15.433 -15.666
  -6.746 -16.185 -49.500
  -6.744 -49.500 -49.500
  -6.741 -49.500     NaN
  -6.739 -49.500     NaN
  -6.736 -16.619 -16.619
  -6.734 -15.880 -49.500
  -6.731 -49.500 -49.500
  -6.729 -49.500     NaN
  -6.726 -16.079 -16.322
  -6.724 -16.114 -49.500
  -6.721 -49.500     NaN
  -6.719 -49.500     NaN
  -6.717 -15.423 -16.531
  -6.714 -15.875 -16.344
  -6.712 -16.060 -49.500
  -6.709 -49.500     NaN
  -6.707 -49.500 -49.500
  -6.705 -15.504 -49.500
  -6.702 -15.283 -49.500
  -6.700 -49.500     NaN
  -6.698 -16.931 -49.500
  -6.696 -16.317 -49.500
  -6.693 -49.500 -49.500
  -6.691 -16.684 -49.500
  -6.689 -16.150 -49.500
  -6.687 -49.500 -49.500
  -6.684 -49.500     NaN
  -6.682 -49.500     NaN
  -6.680 -16.528 -49.500
  -6.678 -16.660 -49.500
  -6.675 -49.500 -49.500
  -6.673 -49.500     NaN
  -6.671 -49.500 -49.500
  -6.669 -16.614 -16.614
  -6.667 -49.500 -49.500
  -6.665 -15.382 -16.077
  -6.663 -49.500 -49.500
  -6.661 -49.500 -49.500
  -6.658 -49.500     NaN
  -6.656 -49.500 -49.500
  -6.654 -49.500 -49.500
  -6.652 -49.500 -49.500
  -6.650 -49.500 -49.500
  -6.648 -49.500     NaN
  -6.646 -49.500     NaN
  -6.644 -16.586 -49.500
  -6.642 -49.500 -49.500
  -6.640 -49.500     NaN
  -6.638 -49.500 -49.500
  -6.636 -49.500 -49.500
  -6.634 -49.500 -49.500
  -6.632 -49.500 -49.500
  -6.630 -16.476 -16.476
  -6.628 -49.500     NaN
  -6.626 -49.500     NaN
  -6.624 -49.500 -49.500
  -6.622 -15.747 -15.747
  -6.620 -49.500 -49.500
  -6.618 -16.451 -16.451
  -6.617 -49.500     NaN
  -6.615 -15.809 -16.213
  -6.613 -16.676 -16.676
  -6.611 -16.186 -16.186
  -6.609 -49.500 -49.500
  -6.607 -49.500 -49.500
  -6.605 -49.500 -49.500
  -6.603 -49.500     NaN
  -6.602 -49.500 -49.500
  -6.600 -49.500     NaN
  -6.598 -49.500     NaN
  -6.596 -49.500 -49.500
  -6.594 -49.500 -49.500
