  -8.861 -14.282 -14.282
  -8.599 -14.388 -14.388
  -8.442 -14.417 -14.417
  -8.329 -14.504 -14.504
  -8.239 -14.561 -14.561
  -8.166 -14.529 -14.529
  -8.103 -14.669 -14.669
  -8.048 -14.606 -14.606
  -7.999 -14.714 -14.714
  -7.955 -14.693 -14.693
  -7.916 -14.849 -14.849
  -7.879 -14.694 -14.694
  -7.846 -14.840 -14.840
  -7.815 -14.538 -14.892
  -7.786 -14.852 -14.852
  -7.758 -14.895 -14.895
  -7.733 -15.075 -15.075
  -7.709 -14.963 -14.963
  -7.686 -15.157 -15.157
  -7.664 -14.845 -14.845
  -7.643 -15.003 -15.003
  -7.624 -14.986 -14.986
  -7.605 -14.996 -14.996
  -7.586 -14.686 -14.907
  -7.569 -15.204 -15.204
  -7.552 -15.134 -15.134
  -7.536 -15.274 -15.274
  -7.521 -15.178 -15.178
  -7.506 -15.192 -15.192
  -7.491 -15.150 -15.150
  -7.477 -15.327 -15.327
  -7.464 -15.083 -15.083
  -7.451 -15.197 -15.197
  -7.438 -14.929 -15.187
  -7.425 -15.284 -15.284
  -7.413 -15.413 -15.413
  -7.401 -15.170 -15.387
  -7.390 -15.215 -15.215
  -7.379 -15.266 -15.266
  -7.368 -15.356 -15.356
  -7.357 -15.423 -15.423
  -7.347 -15.527 -15.527
  -7.337 -15.371 -15.371
  -7.327 -15.444 -15.444
  -7.317 -14.923 -14.923
  -7.308 -15.259 -15.259
  -7.299 -15.200 -15.550
  -7.290 -15.136 -15.645
  -7.281 -15.446 -15.620
  -7.272 -15.334 -15.658
  -7.264 -15.462 -15.462
  -7.255 -15.581 -15.581
  -7.247 -15.463 -15.644
  -7.239 -15.885 -15.885
  -7.231 -15.615 -15.615
  -7.223 -15.699 -15.699
  -7.216 -15.715 -15.715
  -7.208 -15.575 -15.575
  -7.201 -15.657 -15.657
  -7.194 -15.141 -15.742
  -7.187 -15.978 -15.978
  -7.180 -14.995 -15.538
  -7.173 -15.814 -15.814
  -7.166 -15.740 -15.740
  -7.159 -15.535 -15.535
  -7.153 -15.522 -15.689
  -7.146 -15.563 -15.563
  -7.140 -15.773 -15.773
  -7.133 -15.730 -15.893
  -7.127 -15.831 -15.831
  -7.121 -15.735 -15.968
  -7.115 -15.169 -15.660
  -7.109 -15.232 -15.619
  -7.103 -16.085 -16.085
  -7.098 -15.698 -16.019
  -7.092 -15.450 -16.104
  -7.086 -15.946 -15.946
  -7.081 -15.808 -16.052
  -7.075 -15.143 -15.701
  -7.070 -15.582 -15.771
  -7.064 -15.686 -15.686
  -7.059 -14.719 -15.934
  -7.054 -15.254 -15.649
  -7.049 -16.024 -16.024
  -7.043 -15.490 -16.021
  -7.038 -15.017 -15.943
  -7.033 -15.875 -15.875
  -7.029 -16.378 -16.378
  -7.024 -16.213 -16.213
  -7.019 -15.624 -15.624
  -7.014 -15.816 -16.429
  -7.009 -14.953 -15.975
  -7.005 -16.186 -16.186
  -7.000 -15.452 -16.310
  -6.995 -15.357 -15.870
  -6.991 -15.493 -15.874
  -6.986 -16.075 -16.484
  -6.982 -16.239 -16.650
  -6.978 -16.079 -16.079
  -6.973 -15.917 -15.917
  -6.969 -15.898 -16.283
  -6.965 -15.879 -16.337
  -6.961 -15.907 -16.491
  -6.956 -15.393 -15.804
  -6.952 -16.672 -22.046
  -6.948 -16.397 -16.648
  -6.944 -16.167 -16.167
  -6.940 -15.966 -16.289
  -6.936 -16.314 -16.708
  -6.932 -15.857 -16.204
  -6.928 -15.403 -15.644
  -6.924 -16.217 -16.539
  -6.920 -16.289 -16.481
  -6.917 -16.056 -16.782
  -6.913 -16.492 -16.695
  -6.909 -16.079 -16.079
  -6.905 -15.887 -16.323
  -6.902 -15.897 -16.504
  -6.898 -16.484 -16.706
  -6.894 -15.867 -16.424
  -6.891 -15.513 -16.031
  -6.887 -15.706 -15.884
  -6.884 -15.898 -16.072
  -6.880 -16.755 -49.500
  -6.877 -16.638 -49.500
  -6.873 -16.143 -16.143
  -6.870 -16.466 -17.176
  -6.867 -16.288 -49.500
  -6.863 -49.500     NaN
  -6.860 -16.645 -16.800
  -6.857 -16.456 -49.500
  -6.853 -16.488 -17.013
  -6.850 -16.181 -16.746
  -6.847 -15.881 -16.619
  -6.844 -16.247 -16.247
  -6.840 -49.500     NaN
  -6.837 -16.193 -16.422
  -6.834 -16.649 -17.070
  -6.831 -16.329 -16.522
  -6.828 -49.500     NaN
  -6.825 -16.179 -49.500
  -6.822 -16.085 -16.608
  -6.819 -15.735 -17.108
  -6.816 -16.038 -16.311
  -6.813 -17.014 -49.500
  -6.810 -49.500     NaN
  -6.807 -17.113 -49.500
  -6.804 -15.982 -16.178
  -6.801 -16.311 -16.311
  -6.798 -49.500     NaN
  -6.795 -16.944 -49.500
  -6.792 -16.861 -49.500
  -6.789 -16.169 -17.113
  -6.787 -49.500     NaN
  -6.784 -49.500     NaN
  -6.781 -16.163 -16.447
  -6.778 -16.433 -49.500
  -6.775 -49.500 -49.500
  -6.773 -49.500     NaN
  -6.770 -49.500     NaN
  -6.767 -49.500     NaN
  -6.765 -49.500     NaN
  -6.762 -49.500     NaN
  -6.759 -16.522 -49.500
  -6.757 -15.783 -16.015
  -6.754 -49.500 -49.500
  -6.751 -16.475 -16.679
  -6.749 -16.493 -16.875
  -6.746 -16.933 -49.500
  -6.744 -16.593 -49.500
  -6.741 -15.861 -49.500
  -6.739 -15.543 -49.500
  -6.736 -49.500 -49.500
  -6.734 -16.629 -16.783
  -6.731 -49.500 -49.500
  -6.729 -16.708 -49.500
  -6.726 -49.500     NaN
  -6.724 -16.177 -16.375
  -6.721 -16.747 -49.500
  -6.719 -49.500     NaN
  -6.717 -16.096 -16.311
  -6.714 -49.500 -49.500
  -6.712 -16.847 -49.500
  -6.709 -15.900 -49.500
  -6.707 -49.500 -49.500
  -6.705 -49.500 -49.500
  -6.702 -17.249 -49.500
  -6.700 -16.824 -49.500
  -6.698 -49.500 -49.500
  -6.696 -15.316 -16.320
  -6.693 -49.500 -49.500
  -6.691 -16.750 -17.148
  -6.689 -49.500     NaN
  -6.687 -49.500 -49.500
  -6.684 -49.500 -49.500
  -6.682 -16.719 -49.500
  -6.680 -49.500     NaN
  -6.678 -15.986 -16.505
  -6.675 -49.500 -49.500
  -6.673 -16.065 -16.065
  -6.671 -49.500 -49.500
  -6.669 -16.164 -16.826
  -6.667 -16.602 -49.500
  -6.665 -49.500     NaN
  -6.663 -49.500     NaN
  -6.661 -16.446 -16.446
  -6.658 -16.478 -16.478
  -6.656 -16.731 -16.731
  -6.654 -49.500 -49.500
  -6.652 -49.500     NaN
  -6.650 -15.786 -16.674
  -6.648 -16.116 -16.116
  -6.646 -49.500 -49.500
  -6.644 -49.500 -49.500
  -6.642 -16.167 -49.500
  -6.640 -49.500 -49.500
  -6.638 -49.500 -49.500
  -6.636 -15.039 -49.500
  -6.634 -49.500     NaN
  -6.632 -49.500 -49.500
  -6.630 -16.383 -16.383
  -6.628 -49.500 -49.500
  -6.626 -16.612 -16.612
  -6.624 -49.500 -49.500
  -6.622 -49.500 -49.500
  -6.620 -49.500     NaN
  -6.618 -16.600 -49.500
  -6.617 -49.500 -49.500
  -6.615 -49.500 -49.500
  -6.613 -49.500     NaN
  -6.611 -49.500 -49.500
  -6.609 -49.500 -49.500
  -6.607 -49.500 -49.500
  -6.605 -49.500     NaN
  -6.603 -49.500 -49.500
  -6.602 -16.057 -16.057
  -6.600 -49.500 -49.500
  -6.598 -49.500 -49.500
  -6.596 -16.123 -16.123
  -6.594 -49.500     NaN
