  -8.861 -14.258 -14.258
  -8.599 -14.344 -14.344
  -8.442 -14.423 -14.423
  -8.329 -14.522 -14.522
  -8.239 -14.537 -14.537
  -8.166 -14.632 -14.632
  -8.103 -14.590 -14.590
  -8.048 -14.627 -14.627
  -7.999 -14.653 -14.653
  -7.955 -14.673 -14.673
  -7.916 -14.836 -14.836
  -7.879 -14.924 -14.924
  -7.846 -14.863 -14.863
  -7.815 -14.778 -14.778
  -7.786 -14.964 -14.964
  -7.758 -14.933 -14.933
  -7.733 -14.997 -14.997
  -7.709 -14.898 -14.898
  -7.686 -14.903 -14.903
  -7.664 -15.118 -15.118
  -7.643 -15.047 -15.047
  -7.624 -14.958 -14.958
  -7.605 -14.968 -14.968
  -7.586 -15.145 -15.145
  -7.569 -15.109 -15.109
  -7.552 -15.166 -15.166
  -7.536 -15.181 -15.181
  -7.521 -15.328 -15.328
  -7.506 -15.118 -15.118
  -7.491 -15.135 -15.135
  -7.477 -14.830 -15.288
  -7.464 -15.158 -15.158
  -7.451 -15.290 -15.290
  -7.438 -14.860 -15.285
  -7.425 -14.776 -15.182
  -7.413 -15.572 -15.572
  -7.401 -15.212 -15.386
  -7.390 -15.433 -15.433
  -7.379 -15.194 -15.194
  -7.368 -15.461 -15.461
  -7.357 -15.359 -15.359
  -7.347 -15.383 -15.383
  -7.337 -15.126 -15.126
  -7.327 -15.573 -15.573
  -7.317 -15.130 -15.688
  -7.308 -15.507 -15.507
  -7.299 -15.551 -15.551
  -7.290 -15.418 -15.626
  -7.281 -15.246 -15.411
  -7.272 -15.525 -15.525
  -7.264 -15.420 -15.420
  -7.255 -15.379 -15.379
  -7.247 -15.138 -15.824
  -7.239 -15.493 -15.696
  -7.231 -15.152 -15.426
  -7.223 -15.493 -15.796
  -7.216 -15.577 -15.577
  -7.208 -15.479 -15.479
  -7.201 -15.151 -15.535
  -7.194 -15.407 -15.639
  -7.187 -15.670 -15.670
  -7.180 -15.765 -15.765
  -7.173 -14.715 -15.225
  -7.166 -15.569 -15.929
  -7.159 -16.028 -16.190
  -7.153 -15.528 -15.528
  -7.146 -15.689 -15.689
  -7.140 -15.731 -15.976
  -7.133 -16.136 -16.136
  -7.127 -15.543 -15.741
  -7.121 -15.753 -15.753
  -7.115 -15.824 -15.984
  -7.109 -15.668 -15.977
  -7.103 -15.561 -15.986
  -7.098 -15.340 -15.645
  -7.092 -16.147 -16.147
  -7.086 -16.070 -16.258
  -7.081 -16.016 -16.016
  -7.075 -15.638 -15.638
  -7.070 -15.991 -15.991
  -7.064 -16.438 -16.438
  -7.059 -15.068 -16.261
  -7.054 -15.860 -16.164
  -7.049 -16.037 -16.037
  -7.043 -16.289 -16.289
  -7.038 -15.638 -15.638
  -7.033 -15.916 -16.164
  -7.029 -16.041 -16.041
  -7.024 -16.280 -16.551
  -7.019 -15.687 -15.881
  -7.014 -15.299 -16.049
  -7.009 -16.124 -16.124
  -7.005 -16.216 -16.216
  -7.000 -16.003 -16.003
  -6.995 -15.390 -16.323
  -6.991 -15.676 -15.895
  -6.986 -15.559 -15.920
  -6.982 -16.035 -16.396
  -6.978 -16.289 -16.446
  -6.973 -15.812 -15.974
  -6.969 -16.262 -16.262
  -6.965 -15.901 -16.123
  -6.961 -15.687 -16.280
  -6.956 -16.135 -16.325
  -6.952 -16.115 -16.285
  -6.948 -16.428 -16.428
  -6.944 -15.790 -15.790
  -6.940 -15.239 -15.697
  -6.936 -16.159 -16.671
  -6.932 -15.608 -16.346
  -6.928 -15.861 -16.145
  -6.924 -16.542 -16.542
  -6.920 -16.071 -16.245
  -6.917 -16.405 -16.615
  -6.913 -16.188 -16.782
  -6.909 -16.239 -16.239
  -6.905 -16.235 -16.636
  -6.902 -16.311 -16.543
  -6.898 -16.285 -16.725
  -6.894 -15.826 -15.986
  -6.891 -16.667 -16.870
  -6.887 -15.599 -16.118
  -6.884 -16.964 -17.324
  -6.880 -15.964 -16.235
  -6.877 -49.500     NaN
  -6.873 -16.649 -49.500
  -6.870 -15.081 -15.801
  -6.867 -17.139 -49.500
  -6.863 -16.150 -16.438
  -6.860 -16.135 -16.135
  -6.857 -16.126 -16.785
  -6.853 -15.902 -16.247
  -6.850 -16.001 -16.493
  -6.847 -16.253 -16.414
  -6.844 -16.569 -16.825
  -6.840 -16.670 -49.500
  -6.837 -14.814 -17.047
  -6.834 -15.973 -16.194
  -6.831 -15.947 -49.500
  -6.828 -16.648 -16.890
  -6.825 -49.500     NaN
  -6.822 -15.604 -15.604
  -6.819 -16.437 -49.500
  -6.816 -17.095 -49.500
  -6.813 -16.454 -16.744
  -6.810 -15.837 -16.205
  -6.807 -15.570 -17.065
  -6.804 -15.878 -49.500
  -6.801 -15.822 -16.020
  -6.798 -17.021 -49.500
  -6.795 -16.599 -16.770
  -6.792 -16.450 -49.500
  -6.789 -16.026 -49.500
  -6.787 -49.500     NaN
  -6.784 -16.155 -16.155
  -6.781 -49.500     NaN
  -6.778 -16.312 -16.475
  -6.775 -16.764 -49.500
  -6.773 -16.074 -16.362
  -6.770 -16.878 -49.500
  -6.767 -16.854 -49.500
  -6.765 -49.500     NaN
  -6.762 -15.846 -16.161
  -6.759 -49.500     NaN
  -6.757 -49.500 -49.500
  -6.754 -16.258 -16.424
  -6.751 -16.886 -49.500
  -6.749 -17.024 -49.500
  -6.746 -49.500     NaN
  -6.744 -16.638 -49.500
  -6.741 -49.500     NaN
  -6.739 -49.500 -49.500
  -6.736 -15.419 -49.500
  -6.734 -49.500 -49.500
  -6.731 -49.500 -49.500
  -6.729 -49.500 -49.500
  -6.726 -15.991 -49.500
  -6.724 -49.500     NaN
  -6.721 -16.043 -49.500
  -6.719 -15.801 -49.500
  -6.717 -16.614 -16.614
  -6.714 -49.500     NaN
  -6.712 -16.749 -49.500
  -6.709 -49.500     NaN
  -6.707 -49.500 -49.500
  -6.705 -49.500     NaN
  -6.702 -16.663 -16.663
  -6.700 -15.451 -16.868
  -6.698 -16.447 -49.500
  -6.696 -49.500     NaN
  -6.693 -15.963 -16.720
  -6.691 -49.500     NaN
  -6.689 -49.500 -49.500
  -6.687 -16.658 -49.500
  -6.684 -49.500 -49.500
  -6.682 -49.500     NaN
  -6.680 -15.986 -16.428
  -6.678 -16.340 -16.340
  -6.675 -49.500     NaN
  -6.673 -49.500     NaN
  -6.671 -49.500 -49.500
  -6.669 -16.349 -16.349
  -6.667 -49.500     NaN
  -6.665 -49.500 -49.500
  -6.663 -49.500     NaN
  -6.661 -15.711 -16.040
  -6.658 -49.500     NaN
  -6.656 -49.500     NaN
  -6.654 -49.500     NaN
  -6.652 -49.500 -49.500
  -6.650 -15.915 -49.500
  -6.648 -49.500 -49.500
  -6.646 -49.500     NaN
  -6.644 -16.178 -16.178
  -6.642 -49.500 -49.500
  -6.640 -49.500     NaN
  -6.638 -49.500 -49.500
  -6.636 -49.500 -49.500
  -6.634 -49.500 -49.500
  -6.632 -49.500 -49.500
  -6.630 -16.642 -49.500
  -6.628 -16.307 -16.307
  -6.626 -49.500 -49.500
  -6.624 -49.500 -49.500
  -6.622 -16.192 -49.500
  -6.620 -49.500     NaN
  -6.618 -49.500 -49.500
  -6.617 -49.500     NaN
  -6.615 -16.361 -49.500
  -6.613 -49.500 -49.500
  -6.611 -49.500     NaN
  -6.609 -49.500 -49.500
  -6.607 -49.500 -49.500
  -6.605 -49.500     NaN
  -6.603 -49.500 -49.500
  -6.602 -49.500     NaN
  -6.600 -49.500 -49.500
  -6.598 -16.730 -49.500
  -6.596 -15.535 -15.535
  -6.594 -15.672 -49.500
