  -8.861 -14.271 -14.271
  -8.599 -14.376 -14.376
  -8.442 -14.403 -14.403
  -8.329 -14.408 -14.408
  -8.239 -14.519 -14.519
  -8.166 -14.623 -14.623
  -8.103 -14.658 -14.658
  -8.048 -14.670 -14.670
  -7.999 -14.748 -14.748
  -7.955 -14.694 -14.694
  -7.916 -14.816 -14.816
  -7.879 -14.731 -14.731
  -7.846 -14.741 -14.741
  -7.815 -14.788 -14.788
  -7.786 -14.881 -14.881
  -7.758 -14.953 -14.953
  -7.733 -14.850 -14.850
  -7.709 -15.132 -15.132
  -7.686 -15.033 -15.033
  -7.664 -15.029 -15.029
  -7.643 -15.060 -15.060
  -7.624 -14.798 -15.028
  -7.605 -14.492 -15.016
  -7.586 -15.110 -15.110
  -7.569 -15.105 -15.105
  -7.552 -15.001 -15.001
  -7.536 -15.035 -15.035
  -7.521 -15.055 -15.328
  -7.506 -15.176 -15.176
  -7.491 -15.391 -15.391
  -7.477 -15.367 -15.367
  -7.464 -15.005 -15.005
  -7.451 -15.227 -15.227
  -7.438 -15.306 -15.306
  -7.425 -15.346 -15.346
  -7.413 -15.000 -15.584
  -7.401 -15.308 -15.308
  -7.390 -15.329 -15.511
  -7.379 -15.094 -15.340
  -7.368 -14.840 -15.490
  -7.357 -15.393 -15.393
  -7.347 -15.464 -15.464
  -7.337 -15.243 -15.243
  -7.327 -15.467 -15.467
  -7.317 -15.146 -15.381
  -7.308 -15.640 -15.640
  -7.299 -15.178 -15.478
  -7.290 -15.663 -15.663
  -7.281 -15.589 -15.589
  -7.272 -15.818 -15.818
  -7.264 -15.153 -15.378
  -7.255 -15.316 -15.838
  -7.247 -15.405 -15.563
  -7.239 -15.770 -15.770
  -7.231 -15.762 -15.762
  -7.223 -14.781 -15.563
  -7.216 -15.773 -15.773
  -7.208 -15.550 -15.550
  -7.201 -15.588 -15.839
  -7.194 -15.418 -15.598
  -7.187 -15.762 -15.762
  -7.180 -15.946 -15.946
  -7.173 -15.888 -15.888
  -7.166 -15.073 -15.800
  -7.159 -15.714 -15.714
  -7.153 -15.842 -15.842
  -7.146 -15.314 -15.806
  -7.140 -15.362 -15.766
  -7.133 -15.324 -15.477
  -7.127 -15.684 -15.684
  -7.121 -15.955 -15.955
  -7.115 -15.873 -15.873
  -7.109 -15.586 -15.826
  -7.103 -15.412 -15.678
  -7.098 -15.350 -15.515
  -7.092 -15.729 -15.729
  -7.086 -15.576 -15.576
  -7.081 -15.116 -15.650
  -7.075 -15.923 -16.158
  -7.070 -15.766 -15.933
  -7.064 -15.150 -15.725
  -7.059 -15.546 -16.309
  -7.054 -14.941 -15.896
  -7.049 -15.909 -16.144
  -7.043 -15.809 -15.809
  -7.038 -15.921 -16.079
  -7.033 -15.562 -15.730
  -7.029 -16.055 -16.055
  -7.024 -15.108 -15.523
  -7.019 -15.225 -15.822
  -7.014 -16.150 -16.349
  -7.009 -15.928 -16.108
  -7.005 -16.021 -16.365
  -7.000 -15.238 -16.301
  -6.995 -15.963 -15.963
  -6.991 -15.570 -15.921
  -6.986 -15.678 -16.189
  -6.982 -16.045 -16.293
  -6.978 -16.380 -16.546
  -6.973 -16.181 -16.181
  -6.969 -15.607 -15.891
  -6.965 -16.327 -16.546
  -6.961 -15.943 -16.209
  -6.956 -16.297 -16.297
  -6.952 -16.390 -16.390
  -6.948 -16.500 -16.818
  -6.944 -15.278 -16.037
  -6.940 -15.906 -16.323
  -6.936 -15.805 -15.805
  -6.932 -15.975 -15.975
  -6.928 -15.778 -16.327
  -6.924 -16.366 -16.524
  -6.920 -16.865 -17.253
  -6.917 -15.511 -15.955
  -6.913 -15.918 -16.584
  -6.909 -15.614 -16.223
  -6.905 -15.700 -15.895
  -6.902 -15.720 -15.881
  -6.898 -16.367 -16.667
  -6.894 -15.251 -16.520
  -6.891 -15.366 -16.605
  -6.887 -16.099 -16.099
  -6.884 -16.043 -16.628
  -6.880 -16.540 -16.540
  -6.877 -15.788 -15.956
  -6.873 -16.074 -17.114
  -6.870 -49.500     NaN
  -6.867 -15.933 -16.101
  -6.863 -16.125 -16.605
  -6.860 -15.969 -16.522
  -6.857 -16.710 -17.014
  -6.853 -16.408 -16.634
  -6.850 -16.330 -49.500
  -6.847 -15.796 -16.775
  -6.844 -49.500     NaN
  -6.840 -16.568 -49.500
  -6.837 -16.167 -17.200
  -6.834 -49.500     NaN
  -6.831 -49.500     NaN
  -6.828 -16.668 -49.500
  -6.825 -15.957 -16.132
  -6.822 -15.994 -16.388
  -6.819 -16.366 -17.133
  -6.816 -16.334 -16.791
  -6.813 -16.000 -49.500
  -6.810 -14.900 -15.526
  -6.807 -16.583 -49.500
  -6.804 -49.500     NaN
  -6.801 -16.406 -16.406
  -6.798 -49.500     NaN
  -6.795 -49.500     NaN
  -6.792 -15.818 -16.005
  -6.789 -15.793 -16.023
  -6.787 -15.900 -49.500
  -6.784 -16.211 -49.500
  -6.781 -49.500     NaN
  -6.778 -16.094 -17.209
  -6.775 -16.427 -17.017
  -6.773 -16.114 -49.500
  -6.770 -15.360 -49.500
  -6.767 -16.420 -16.420
  -6.765 -16.726 -49.500
  -6.762 -16.526 -17.253
  -6.759 -16.555 -49.500
  -6.757 -15.541 -49.500
  -6.754 -16.389 -49.500
  -6.751 -15.951 -49.500
  -6.749 -16.565 -49.500
  -6.746 -16.184 -16.712
  -6.744 -16.701 -16.701
  -6.741 -49.500     NaN
  -6.739 -49.500     NaN
  -6.736 -49.500     NaN
  -6.734 -16.308 -49.500
  -6.731 -49.500 -49.500
  -6.729 -49.500     NaN
  -6.726 -16.074 -49.500
  -6.724 -16.395 -49.500
  -6.721 -49.500     NaN
  -6.719 -49.500 -49.500
  -6.717 -49.500 -49.500
  -6.714 -49.500     NaN
  -6.712 -49.500     NaN
  -6.709 -49.500     NaN
  -6.707 -49.500 -49.500
  -6.705 -16.830 -16.830
  -6.702 -49.500     NaN
  -6.700 -49.500     NaN
  -6.698 -49.500 -49.500
  -6.696 -16.775 -49.500
  -6.693 -49.500     NaN
  -6.691 -49.500 -49.500
  -6.689 -49.500     NaN
  -6.687 -49.500     NaN
  -6.684 -49.500     NaN
  -6.682 -49.500 -49.500
  -6.680 -49.500     NaN
  -6.678 -49.500     NaN
  -6.675 -49.500 -49.500
  -6.673 -16.573 -49.500
  -6.671 -15.870 -15.870
  -6.669 -16.352 -16.352
  -6.667 -49.500 -49.500
  -6.665 -49.500     NaN
  -6.663 -49.500 -49.500
  -6.661 -49.500 -49.500
  -6.658 -49.500 -49.500
  -6.656 -16.798 -49.500
  -6.654 -49.500 -49.500
  -6.652 -15.780 -49.500
  -6.650 -49.500     NaN
  -6.648 -16.754 -16.754
  -6.646 -49.500 -49.500
  -6.644 -16.062 -16.062
  -6.642 -16.051 -49.500
  -6.640 -16.492 -16.492
  -6.638 -16.588 -49.500
  -6.636 -49.500     NaN
  -6.634 -49.500 -49.500
  -6.632 -16.814 -49.500
  -6.630 -49.500 -49.500
  -6.628 -16.837 -49.500
  -6.626 -49.500 -49.500
  -6.624 -16.654 -16.654
  -6.622 -49.500 -49.500
  -6.620 -49.500 -49.500
  -6.618 -16.676 -49.500
  -6.617 -49.500 -49.500
  -6.615 -14.618 -14.618
  -6.613 -49.500 -49.500
  -6.611 -15.796 -15.796
  -6.609 -49.500     NaN
  -6.607 -15.271 -15.271
  -6.605 -49.500 -49.500
  -6.603 -15.959 -15.959
  -6.602 -49.500 -49.500
  -6.600 -49.500 -49.500
  -6.598 -49.500 -49.500
  -6.596 -49.500 -49.500
  -6.594 -49.500 -49.500
