  -8.861 -14.282 -14.282
  -8.599 -14.329 -14.329
  -8.442 -14.430 -14.430
  -8.329 -14.495 -14.495
  -8.239 -14.495 -14.495
  -8.166 -14.502 -14.502
  -8.103 -14.577 -14.577
  -8.048 -14.692 -14.692
  -7.999 -14.625 -14.625
  -7.955 -14.637 -14.637
  -7.916 -14.786 -14.786
  -7.879 -14.849 -14.849
  -7.846 -14.893 -14.893
  -7.815 -14.714 -14.935
  -7.786 -14.880 -14.880
  -7.758 -14.999 -14.999
  -7.733 -15.056 -15.056
  -7.709 -14.851 -14.851
  -7.686 -14.649 -14.884
  -7.664 -14.842 -15.172
  -7.643 -14.613 -14.871
  -7.624 -15.099 -15.099
  -7.605 -15.000 -15.000
  -7.586 -14.937 -15.129
  -7.569 -15.088 -15.088
  -7.552 -15.171 -15.171
  -7.536 -15.171 -15.171
  -7.521 -14.970 -14.970
  -7.506 -15.315 -15.315
  -7.491 -14.956 -15.277
  -7.477 -15.257 -15.257
  -7.464 -14.928 -15.242
  -7.451 -15.284 -15.284
  -7.438 -15.143 -15.143
  -7.425 -15.213 -15.213
  -7.413 -15.298 -15.298
  -7.401 -15.437 -15.437
  -7.390 -15.253 -15.253
  -7.379 -14.890 -15.378
  -7.368 -15.396 -15.396
  -7.357 -15.566 -15.566
  -7.347 -15.115 -15.362
  -7.337 -15.428 -15.428
  -7.327 -15.057 -15.217
  -7.317 -15.449 -15.449
  -7.308 -15.453 -15.453
  -7.299 -15.694 -15.694
  -7.290 -14.830 -15.495
  -7.281 -15.612 -15.612
  -7.272 -15.613 -15.765
  -7.264 -15.629 -15.629
  -7.255 -15.572 -15.572
  -7.247 -15.359 -15.546
  -7.239 -14.877 -15.694
  -7.231 -15.785 -15.785
  -7.223 -15.343 -15.343
  -7.216 -15.708 -15.708
  -7.208 -15.393 -15.786
  -7.201 -15.898 -15.898
  -7.194 -15.778 -15.778
  -7.187 -15.345 -15.549
  -7.180 -15.326 -15.503
  -7.173 -15.778 -15.778
  -7.166 -15.990 -15.990
  -7.159 -15.252 -16.195
  -7.153 -14.825 -15.606
  -7.146 -15.583 -15.583
  -7.140 -15.535 -15.535
  -7.133 -15.380 -15.648
  -7.127 -15.778 -15.778
  -7.121 -15.489 -15.798
  -7.115 -15.166 -15.540
  -7.109 -15.061 -15.782
  -7.103 -15.859 -15.859
  -7.098 -16.059 -16.059
  -7.092 -15.804 -15.804
  -7.086 -15.858 -16.015
  -7.081 -16.001 -16.001
  -7.075 -16.056 -16.477
  -7.070 -15.898 -15.898
  -7.064 -15.007 -15.881
  -7.059 -16.182 -16.417
  -7.054 -15.407 -15.806
  -7.049 -16.158 -16.158
  -7.043 -15.955 -15.955
  -7.038 -15.352 -16.120
  -7.033 -15.970 -16.243
  -7.029 -16.135 -16.135
  -7.024 -16.076 -16.239
  -7.019 -16.038 -16.333
  -7.014 -15.571 -15.752
  -7.009 -16.439 -16.618
  -7.005 -15.766 -15.921
  -7.000 -15.885 -16.394
  -6.995 -16.163 -16.163
  -6.991 -16.002 -16.002
  -6.986 -15.999 -16.256
  -6.982 -16.051 -16.217
  -6.978 -16.379 -16.539
  -6.973 -15.788 -15.788
  -6.969 -15.689 -16.249
  -6.965 -16.058 -16.058
  -6.961 -15.915 -15.915
  -6.956 -16.298 -16.587
  -6.952 -16.033 -16.652
  -6.948 -16.190 -16.523
  -6.944 -15.943 -16.518
  -6.940 -16.191 -17.039
  -6.936 -16.783 -17.142
  -6.932 -16.685 -16.872
  -6.928 -16.135 -16.671
  -6.924 -15.856 -16.168
  -6.920 -15.933 -16.327
  -6.917 -15.968 -16.493
  -6.913 -16.066 -16.275
  -6.909 -15.851 -16.004
  -6.905 -16.957 -17.197
  -6.902 -16.350 -16.542
  -6.898 -15.876 -15.876
  -6.894 -16.775 -49.500
  -6.891 -15.907 -16.469
  -6.887 -16.573 -16.573
  -6.884 -16.008 -16.388
  -6.880 -16.459 -16.620
  -6.877 -15.903 -16.282
  -6.873 -16.053 -16.270
  -6.870 -17.166 -49.500
  -6.867 -49.500     NaN
  -6.863 -16.663 -49.500
  -6.860 -16.231 -16.430
  -6.857 -16.737 -16.933
  -6.853 -16.179 -16.386
  -6.850 -49.500     NaN
  -6.847 -16.124 -16.452
  -6.844 -15.574 -16.487
  -6.840 -16.219 -16.498
  -6.837 -15.674 -16.642
  -6.834 -15.968 -16.313
  -6.831 -16.639 -16.794
  -6.828 -16.016 -16.016
  -6.825 -17.048 -49.500
  -6.822 -49.500     NaN
  -6.819 -16.570 -16.952
  -6.816 -15.755 -49.500
  -6.813 -49.500     NaN
  -6.810 -49.500     NaN
  -6.807 -16.293 -16.498
  -6.804 -16.065 -17.083
  -6.801 -49.500     NaN
  -6.798 -49.500     NaN
  -6.795 -16.526 -49.500
  -6.792 -16.643 -17.121
  -6.789 -49.500     NaN
  -6.787 -15.141 -15.842
  -6.784 -49.500     NaN
  -6.781 -49.500     NaN
  -6.778 -15.803 -16.204
  -6.775 -49.500     NaN
  -6.773 -16.429 -49.500
  -6.770 -49.500 -49.500
  -6.767 -16.735 -49.500
  -6.765 -16.694 -49.500
  -6.762 -49.500     NaN
  -6.759 -49.500     NaN
  -6.757 -17.001 -49.500
  -6.754 -17.186 -49.500
  -6.751 -16.153 -16.460
  -6.749 -49.500     NaN
  -6.746 -16.017 -16.461
  -6.744 -15.822 -15.822
  -6.741 -17.045 -17.045
  -6.739 -16.909 -49.500
  -6.736 -16.985 -49.500
  -6.734 -49.500 -49.500
  -6.731 -15.596 -16.081
  -6.729 -49.500 -49.500
  -6.726 -16.479 -49.500
  -6.724 -49.500     NaN
  -6.721 -15.979 -16.614
  -6.719 -49.500 -49.500
  -6.717 -16.262 -16.262
  -6.714 -16.209 -16.812
  -6.712 -49.500     NaN
  -6.709 -15.426 -16.970
  -6.707 -49.500 -49.500
  -6.705 -49.500 -49.500
  -6.702 -49.500 -49.500
  -6.700 -15.927 -15.927
  -6.698 -49.500 -49.500
  -6.696 -16.434 -16.809
  -6.693 -16.138 -49.500
  -6.691 -49.500 -49.500
  -6.689 -15.725 -49.500
  -6.687 -49.500     NaN
  -6.684 -16.660 -17.037
  -6.682 -16.390 -49.500
  -6.680 -16.268 -16.268
  -6.678 -15.873 -16.291
  -6.675 -49.500     NaN
  -6.673 -15.412 -16.588
  -6.671 -49.500 -49.500
  -6.669 -49.500 -49.500
  -6.667 -49.500 -49.500
  -6.665 -49.500     NaN
  -6.663 -16.531 -49.500
  -6.661 -16.499 -16.873
  -6.658 -49.500     NaN
  -6.656 -49.500     NaN
  -6.654 -49.500 -49.500
  -6.652 -49.500 -49.500
  -6.650 -49.500     NaN
  -6.648 -15.824 -15.824
  -6.646 -49.500     NaN
  -6.644 -49.500 -49.500
  -6.642 -49.500     NaN
  -6.640 -49.500     NaN
  -6.638 -49.500     NaN
  -6.636 -49.500 -49.500
  -6.634 -16.451 -16.451
  -6.632 -16.232 -16.232
  -6.630 -49.500 -49.500
  -6.628 -49.500 -49.500
  -6.626 -15.499 -15.499
  -6.624 -49.500 -49.500
  -6.622 -16.309 -49.500
  -6.620 -49.500 -49.500
  -6.618 -49.500 -49.500
  -6.617 -49.500     NaN
  -6.615 -49.500 -49.500
  -6.613 -49.500 -49.500
  -6.611 -15.043 -15.043
  -6.609 -16.569 -49.500
  -6.607 -49.500 -49.500
  -6.605 -49.500 -49.500
  -6.603 -49.500 -49.500
  -6.602 -49.500 -49.500
  -6.600 -49.500 -49.500
  -6.598 -49.500 -49.500
  -6.596 -49.500 -49.500
  -6.594 -49.500 -49.500
