  -8.861 -14.268 -14.268
  -8.599 -14.385 -14.385
  -8.442 -14.465 -14.465
  -8.329 -14.502 -14.502
  -8.239 -14.569 -14.569
  -8.166 -14.611 -14.611
  -8.103 -14.641 -14.641
  -8.048 -14.669 -14.669
  -7.999 -14.762 -14.762
  -7.955 -14.792 -14.792
  -7.916 -14.858 -14.858
  -7.879 -14.874 -14.874
  -7.846 -14.859 -14.859
  -7.815 -14.900 -14.900
  -7.786 -14.912 -14.912
  -7.758 -14.947 -14.947
  -7.733 -14.962 -14.962
  -7.709 -14.925 -14.925
  -7.686 -14.997 -14.997
  -7.664 -15.031 -15.031
  -7.643 -15.071 -15.071
  -7.624 -15.081 -15.081
  -7.605 -15.106 -15.106
  -7.586 -15.072 -15.072
  -7.569 -15.083 -15.083
  -7.552 -15.287 -15.287
  -7.536 -14.833 -15.036
  -7.521 -15.104 -15.358
  -7.506 -15.119 -15.119
  -7.491 -15.309 -15.309
  -7.477 -15.312 -15.312
  -7.464 -15.263 -15.263
  -7.451 -15.189 -15.189
  -7.438 -14.998 -15.303
  -7.425 -15.360 -15.360
  -7.413 -15.307 -15.307
  -7.401 -14.914 -15.214
  -7.390 -15.346 -15.346
  -7.379 -15.250 -15.250
  -7.368 -15.454 -15.454
  -7.357 -15.470 -15.470
  -7.347 -14.963 -15.476
  -7.337 -15.511 -15.511
  -7.327 -15.518 -15.518
  -7.317 -15.203 -15.443
  -7.308 -15.380 -15.619
  -7.299 -15.324 -15.604
  -7.290 -15.063 -15.063
  -7.281 -15.682 -15.682
  -7.272 -15.228 -15.383
  -7.264 -15.421 -15.421
  -7.255 -15.269 -15.269
  -7.247 -15.360 -15.360
  -7.239 -15.088 -15.486
  -7.231 -15.530 -15.705
  -7.223 -15.387 -15.616
  -7.216 -15.390 -15.614
  -7.208 -15.104 -15.302
  -7.201 -15.471 -15.471
  -7.194 -15.075 -15.588
  -7.187 -15.572 -15.572
  -7.180 -15.228 -15.455
  -7.173 -15.561 -15.561
  -7.166 -15.592 -15.592
  -7.159 -15.410 -15.652
  -7.153 -15.226 -15.514
  -7.146 -15.639 -15.812
  -7.140 -15.414 -15.578
  -7.133 -15.825 -15.982
  -7.127 -14.959 -15.449
  -7.121 -15.794 -15.967
  -7.115 -15.317 -15.666
  -7.109 -15.580 -15.989
  -7.103 -15.890 -15.890
  -7.098 -15.235 -15.679
  -7.092 -15.592 -15.794
  -7.086 -16.020 -16.244
  -7.081 -15.955 -15.955
  -7.075 -15.730 -16.040
  -7.070 -15.519 -15.687
  -7.064 -16.023 -16.178
  -7.059 -15.831 -15.987
  -7.054 -15.739 -15.958
  -7.049 -16.152 -16.152
  -7.043 -15.866 -16.023
  -7.038 -15.796 -15.971
  -7.033 -16.151 -16.309
  -7.029 -15.540 -16.049
  -7.024 -15.978 -16.167
  -7.019 -16.130 -16.444
  -7.014 -16.316 -16.664
  -7.009 -15.458 -15.626
  -7.005 -16.030 -16.030
  -7.000 -16.122 -16.122
  -6.995 -15.790 -15.790
  -6.991 -15.731 -16.025
  -6.986 -16.267 -16.642
  -6.982 -16.022 -16.022
  -6.978 -15.154 -16.112
  -6.973 -15.604 -15.942
  -6.969 -15.934 -15.934
  -6.965 -16.465 -16.465
  -6.961 -15.953 -16.194
  -6.956 -15.781 -16.016
  -6.952 -16.022 -16.237
  -6.948 -16.239 -16.608
  -6.944 -16.189 -16.432
  -6.940 -15.634 -15.634
  -6.936 -15.994 -16.392
  -6.932 -15.593 -16.432
  -6.928 -15.854 -16.252
  -6.924 -16.393 -22.201
  -6.920 -16.542 -16.715
  -6.917 -16.281 -16.597
  -6.913 -16.331 -16.614
  -6.909 -16.518 -16.518
  -6.905 -16.135 -16.135
  -6.902 -16.373 -16.373
  -6.898 -16.072 -16.401
  -6.894 -16.078 -16.272
  -6.891 -16.359 -16.525
  -6.887 -16.214 -16.753
  -6.884 -17.316 -49.500
  -6.880 -16.542 -49.500
  -6.877 -49.500     NaN
  -6.873 -16.309 -16.507
  -6.870 -16.308 -16.485
  -6.867 -15.833 -15.833
  -6.863 -16.753 -49.500
  -6.860 -15.560 -49.500
  -6.857 -16.286 -16.755
  -6.853 -49.500 -49.500
  -6.850 -15.818 -16.076
  -6.847 -16.188 -16.908
  -6.844 -16.194 -16.774
  -6.840 -16.149 -16.317
  -6.837 -16.152 -16.604
  -6.834 -16.392 -49.500
  -6.831 -16.663 -16.922
  -6.828 -16.117 -16.466
  -6.825 -16.703 -17.281
  -6.822 -15.695 -49.500
  -6.819 -16.520 -17.287
  -6.816 -49.500     NaN
  -6.813 -16.765 -49.500
  -6.810 -15.736 -15.902
  -6.807 -16.601 -49.500
  -6.804 -15.502 -15.502
  -6.801 -16.254 -16.722
  -6.798 -16.475 -49.500
  -6.795 -16.220 -16.623
  -6.792 -15.879 -16.299
  -6.789 -16.232 -49.500
  -6.787 -49.500     NaN
  -6.784 -16.856 -49.500
  -6.781 -16.478 -16.635
  -6.778 -16.671 -49.500
  -6.775 -16.193 -16.385
  -6.773 -49.500     NaN
  -6.770 -16.179 -16.500
  -6.767 -16.655 -17.041
  -6.765 -49.500     NaN
  -6.762 -49.500     NaN
  -6.759 -16.279 -17.215
  -6.757 -16.169 -16.169
  -6.754 -15.005 -49.500
  -6.751 -16.464 -16.723
  -6.749 -49.500     NaN
  -6.746 -16.147 -16.147
  -6.744 -16.079 -16.079
  -6.741 -49.500 -49.500
  -6.739 -16.647 -49.500
  -6.736 -16.200 -16.853
  -6.734 -49.500     NaN
  -6.731 -49.500 -49.500
  -6.729 -16.061 -49.500
  -6.726 -16.356 -16.926
  -6.724 -49.500     NaN
  -6.721 -49.500     NaN
  -6.719 -49.500     NaN
  -6.717 -49.500 -49.500
  -6.714 -49.500     NaN
  -6.712 -15.958 -49.500
  -6.709 -49.500 -49.500
  -6.707 -15.634 -15.634
  -6.705 -49.500     NaN
  -6.702 -49.500 -49.500
  -6.700 -16.650 -16.650
  -6.698 -15.994 -15.994
  -6.696 -16.479 -16.479
  -6.693 -49.500 -49.500
  -6.691 -16.079 -49.500
  -6.689 -15.625 -49.500
  -6.687 -16.316 -49.500
  -6.684 -15.973 -49.500
  -6.682 -49.500 -49.500
  -6.680 -49.500     NaN
  -6.678 -49.500     NaN
  -6.675 -15.776 -49.500
  -6.673 -16.376 -16.376
  -6.671 -15.761 -49.500
  -6.669 -49.500     NaN
  -6.667 -15.864 -16.172
  -6.665 -49.500     NaN
  -6.663 -49.500     NaN
  -6.661 -49.500 -49.500
  -6.658 -49.500 -49.500
  -6.656 -49.500 -49.500
  -6.654 -49.500 -49.500
  -6.652 -49.500 -49.500
  -6.650 -16.663 -49.500
  -6.648 -49.500     NaN
  -6.646 -49.500 -49.500
  -6.644 -49.500 -49.500
  -6.642 -49.500     NaN
  -6.640 -49.500     NaN
  -6.638 -49.500 -49.500
  -6.636 -49.500 -49.500
  -6.634 -49.500     NaN
  -6.632 -49.500 -49.500
  -6.630 -49.500 -49.500
  -6.628 -49.500     NaN
  -6.626 -16.263 -16.263
  -6.624 -15.941 -15.941
  -6.622 -49.500     NaN
  -6.620 -15.848 -49.500
  -6.618 -49.500 -49.500
  -6.617 -49.500 -49.500
  -6.615 -16.529 -16.529
  -6.613 -15.975 -49.500
  -6.611 -49.500     NaN
  -6.609 -16.803 -16.803
  -6.607 -16.472 -16.472
  -6.605 -49.500 -49.500
  -6.603 -49.500 -49.500
  -6.602 -49.500 -49.500
  -6.600 -49.500 -49.500
  -6.598 -49.500 -49.500
  -6.596 -49.500     NaN
  -6.594 -49.500 -49.500
