  -8.861 -14.270 -14.270
  -8.599 -14.366 -14.366
  -8.442 -14.457 -14.457
  -8.329 -14.495 -14.495
  -8.239 -14.580 -14.580
  -8.166 -14.644 -14.644
  -8.103 -14.391 -14.606
  -8.048 -14.715 -14.715
  -7.999 -14.653 -14.653
  -7.955 -14.740 -14.740
  -7.916 -14.635 -14.635
  -7.879 -14.677 -14.677
  -7.846 -14.833 -14.833
  -7.815 -14.736 -14.736
  -7.786 -14.648 -14.857
  -7.758 -14.955 -14.955
  -7.733 -14.951 -14.951
  -7.709 -14.806 -14.806
  -7.686 -14.795 -14.795
  -7.664 -14.849 -14.849
  -7.643 -14.777 -14.777
  -7.624 -15.098 -15.098
  -7.605 -14.826 -14.826
  -7.586 -14.525 -14.814
  -7.569 -15.148 -15.148
  -7.552 -14.955 -15.171
  -7.536 -15.325 -15.325
  -7.521 -15.138 -15.138
  -7.506 -15.329 -15.329
  -7.491 -14.990 -15.280
  -7.477 -15.193 -15.193
  -7.464 -15.149 -15.149
  -7.451 -15.304 -15.304
  -7.438 -15.164 -15.164
  -7.425 -15.092 -15.092
  -7.413 -15.094 -15.329
  -7.401 -15.205 -15.205
  -7.390 -15.042 -15.042
  -7.379 -15.112 -15.112
  -7.368 -15.239 -15.446
  -7.357 -15.082 -15.082
  -7.347 -15.313 -15.313
  -7.337 -15.407 -15.407
  -7.327 -15.581 -15.581
  -7.317 -14.776 -15.374
  -7.308 -15.561 -15.561
  -7.299 -15.457 -15.618
  -7.290 -15.628 -15.628
  -7.281 -15.668 -15.668
  -7.272 -15.561 -15.561
  -7.264 -15.300 -15.300
  -7.255 -15.513 -15.513
  -7.247 -15.532 -15.738
  -7.239 -15.717 -15.717
  -7.231 -15.471 -15.471
  -7.223 -15.742 -15.742
  -7.216 -15.525 -15.728
  -7.208 -15.837 -15.837
  -7.201 -15.528 -15.789
  -7.194 -15.480 -15.633
  -7.187 -15.656 -15.656
  -7.180 -15.692 -15.692
  -7.173 -15.685 -15.685
  -7.166 -15.877 -15.877
  -7.159 -14.835 -15.370
  -7.153 -15.458 -15.749
  -7.146 -15.305 -15.305
  -7.140 -14.988 -15.276
  -7.133 -15.786 -15.786
  -7.127 -15.622 -15.904
  -7.121 -15.684 -16.084
  -7.115 -15.775 -15.991
  -7.109 -15.886 -16.175
  -7.103 -15.838 -16.017
  -7.098 -15.736 -15.736
  -7.092 -15.797 -15.797
  -7.086 -15.794 -16.159
  -7.081 -16.049 -16.049
  -7.075 -15.952 -16.209
  -7.070 -16.129 -16.129
  -7.064 -14.415 -16.051
  -7.059 -15.326 -16.178
  -7.054 -15.623 -15.890
  -7.049 -15.230 -15.524
  -7.043 -16.147 -16.449
  -7.038 -15.326 -15.796
  -7.033 -15.557 -16.009
  -7.029 -15.632 -16.112
  -7.024 -15.613 -15.968
  -7.019 -15.726 -15.726
  -7.014 -16.265 -16.728
  -7.009 -16.011 -16.262
  -7.005 -15.804 -15.972
  -7.000 -16.284 -16.284
  -6.995 -15.839 -15.839
  -6.991 -15.828 -15.828
  -6.986 -15.740 -16.371
  -6.982 -15.871 -16.171
  -6.978 -16.798 -17.098
  -6.973 -16.263 -16.587
  -6.969 -15.540 -16.133
  -6.965 -16.009 -16.441
  -6.961 -16.120 -16.383
  -6.956 -15.945 -16.165
  -6.952 -14.836 -15.158
  -6.948 -16.222 -16.391
  -6.944 -16.507 -16.507
  -6.940 -15.919 -16.395
  -6.936 -15.756 -16.131
  -6.932 -16.426 -17.129
  -6.928 -16.195 -16.346
  -6.924 -15.538 -15.886
  -6.920 -15.152 -16.749
  -6.917 -15.933 -16.090
  -6.913 -15.824 -21.247
  -6.909 -22.713 -22.713
  -6.905 -15.903 -15.903
  -6.902 -16.354 -16.889
  -6.898 -16.555 -16.717
  -6.894 -15.851 -16.064
  -6.891 -15.802 -16.252
  -6.887 -15.679 -16.354
  -6.884 -16.373 -17.047
  -6.880 -15.635 -16.420
  -6.877 -15.926 -16.785
  -6.873 -16.142 -16.443
  -6.870 -16.335 -16.584
  -6.867 -15.901 -16.490
  -6.863 -15.813 -15.813
  -6.860 -16.389 -17.005
  -6.857 -16.993 -49.500
  -6.853 -16.353 -49.500
  -6.850 -17.015 -49.500
  -6.847 -16.443 -49.500
  -6.844 -16.238 -16.905
  -6.840 -15.970 -16.123
  -6.837 -16.016 -16.764
  -6.834 -15.598 -16.350
  -6.831 -15.594 -17.184
  -6.828 -17.000 -49.500
  -6.825 -16.386 -49.500
  -6.822 -16.565 -49.500
  -6.819 -16.070 -49.500
  -6.816 -16.539 -49.500
  -6.813 -16.551 -49.500
  -6.810 -16.090 -16.320
  -6.807 -16.106 -16.828
  -6.804 -49.500     NaN
  -6.801 -15.597 -16.283
  -6.798 -16.391 -49.500
  -6.795 -16.514 -49.500
  -6.792 -15.887 -16.099
  -6.789 -16.083 -49.500
  -6.787 -49.500     NaN
  -6.784 -49.500     NaN
  -6.781 -49.500     NaN
  -6.778 -15.755 -16.722
  -6.775 -15.547 -16.214
  -6.773 -49.500     NaN
  -6.770 -16.531 -49.500
  -6.767 -15.998 -16.377
  -6.765 -49.500     NaN
  -6.762 -16.025 -16.224
  -6.759 -16.048 -16.319
  -6.757 -16.176 -49.500
  -6.754 -49.500     NaN
  -6.751 -16.193 -16.414
  -6.749 -49.500     NaN
  -6.746 -16.471 -49.500
  -6.744 -16.679 -17.135
  -6.741 -15.971 -49.500
  -6.739 -49.500     NaN
  -6.736 -49.500     NaN
  -6.734 -15.464 -15.650
  -6.731 -49.500     NaN
  -6.729 -16.446 -49.500
  -6.726 -49.500 -49.500
  -6.724 -49.500     NaN
  -6.721 -49.500     NaN
  -6.719 -49.500 -49.500
  -6.717 -49.500     NaN
  -6.714 -49.500 -49.500
  -6.712 -16.508 -16.508
  -6.709 -16.146 -16.146
  -6.707 -49.500     NaN
  -6.705 -16.962 -49.500
  -6.702 -15.916 -16.126
  -6.700 -15.276 -16.382
  -6.698 -16.767 -49.500
  -6.696 -15.750 -15.750
  -6.693 -49.500     NaN
  -6.691 -49.500     NaN
  -6.689 -16.454 -49.500
  -6.687 -49.500 -49.500
  -6.684 -49.500 -49.500
  -6.682 -49.500 -49.500
  -6.680 -16.326 -49.500
  -6.678 -49.500     NaN
  -6.675 -49.500     NaN
  -6.673 -49.500     NaN
  -6.671 -16.579 -49.500
  -6.669 -49.500     NaN
  -6.667 -49.500 -49.500
  -6.665 -49.500     NaN
  -6.663 -49.500 -49.500
  -6.661 -16.394 -16.394
  -6.658 -49.500     NaN
  -6.656 -16.389 -49.500
  -6.654 -49.500     NaN
  -6.652 -15.657 -15.657
  -6.650 -49.500 -49.500
  -6.648 -49.500 -49.500
  -6.646 -16.266 -16.417
  -6.644 -49.500 -49.500
  -6.642 -49.500 -49.500
  -6.640 -49.500     NaN
  -6.638 -49.500 -49.500
  -6.636 -49.500 -49.500
  -6.634 -49.500 -49.500
  -6.632 -16.328 -16.328
  -6.630 -49.500 -49.500
  -6.628 -16.815 -16.815
  -6.626 -15.875 -16.171
  -6.624 -49.500     NaN
  -6.622 -49.500 -49.500
  -6.620 -49.500     NaN
  -6.618 -49.500 -49.500
  -6.617 -49.500 -49.500
  -6.615 -49.500 -49.500
  -6.613 -49.500 -49.500
  -6.611 -14.987 -16.137
  -6.609 -49.500 -49.500
  -6.607 -16.453 -16.733
  -6.605 -49.500 -49.500
  -6.603 -16.392 -16.392
  -6.602 -49.500 -49.500
  -6.600 -16.097 -49.500
  -6.598 -49.500 -49.500
  -6.596 -15.740 -15.740
  -6.594 -49.500 -49.500
