  -8.861 -14.252 -14.252
  -8.599 -14.383 -14.383
  -8.442 -14.426 -14.426
  -8.329 -14.502 -14.502
  -8.239 -14.536 -14.536
  -8.166 -14.577 -14.577
  -8.103 -14.611 -14.611
  -8.048 -14.679 -14.679
  -7.999 -14.727 -14.727
  -7.955 -14.673 -14.673
  -7.916 -14.734 -14.734
  -7.879 -14.905 -14.905
  -7.846 -14.818 -14.818
  -7.815 -14.872 -14.872
  -7.786 -14.854 -14.854
  -7.758 -14.945 -14.945
  -7.733 -15.015 -15.015
  -7.709 -14.827 -14.827
  -7.686 -14.692 -14.692
  -7.664 -15.035 -15.035
  -7.643 -15.025 -15.025
  -7.624 -14.960 -14.960
  -7.605 -14.997 -15.178
  -7.586 -14.707 -15.203
  -7.569 -15.246 -15.246
  -7.552 -15.196 -15.370
  -7.536 -15.084 -15.084
  -7.521 -15.190 -15.190
  -7.506 -15.210 -15.210
  -7.491 -15.012 -15.226
  -7.477 -15.104 -15.104
  -7.464 -15.153 -15.153
  -7.451 -15.215 -15.215
  -7.438 -15.319 -15.319
  -7.425 -15.221 -15.221
  -7.413 -15.280 -15.280
  -7.401 -15.116 -15.303
  -7.390 -15.345 -15.345
  -7.379 -14.991 -15.145
  -7.368 -15.334 -15.334
  -7.357 -15.394 -15.596
  -7.347 -15.498 -15.498
  -7.337 -15.213 -15.542
  -7.327 -15.242 -15.402
  -7.317 -15.726 -15.726
  -7.308 -15.667 -15.667
  -7.299 -15.271 -15.505
  -7.290 -15.624 -15.624
  -7.281 -15.790 -15.790
  -7.272 -15.176 -15.565
  -7.264 -15.344 -15.344
  -7.255 -15.267 -15.526
  -7.247 -15.416 -15.731
  -7.239 -15.487 -15.643
  -7.231 -15.614 -15.614
  -7.223 -15.607 -15.607
  -7.216 -15.221 -15.643
  -7.208 -15.538 -15.538
  -7.201 -15.692 -15.692
  -7.194 -15.529 -15.529
  -7.187 -15.586 -15.586
  -7.180 -15.503 -15.818
  -7.173 -15.740 -15.740
  -7.166 -15.931 -15.931
  -7.159 -15.411 -15.676
  -7.153 -15.594 -15.746
  -7.146 -15.588 -15.588
  -7.140 -15.573 -15.825
  -7.133 -15.624 -15.624
  -7.127 -15.839 -15.839
  -7.121 -16.089 -16.089
  -7.115 -15.311 -15.627
  -7.109 -15.738 -16.020
  -7.103 -15.987 -15.987
  -7.098 -15.710 -15.710
  -7.092 -15.377 -15.536
  -7.086 -15.934 -15.934
  -7.081 -15.996 -16.573
  -7.075 -16.315 -16.315
  -7.070 -15.478 -16.016
  -7.064 -16.042 -16.042
  -7.059 -15.926 -15.926
  -7.054 -15.760 -15.913
  -7.049 -15.702 -16.138
  -7.043 -15.782 -16.002
  -7.038 -15.311 -15.977
  -7.033 -15.828 -16.052
  -7.029 -15.622 -16.190
  -7.024 -15.746 -16.115
  -7.019 -15.988 -16.241
  -7.014 -15.891 -16.184
  -7.009 -15.260 -16.281
  -7.005 -15.889 -16.247
  -7.000 -16.385 -16.682
  -6.995 -15.797 -16.049
  -6.991 -16.091 -16.247
  -6.986 -16.357 -16.357
  -6.982 -16.112 -16.112
  -6.978 -15.737 -15.896
  -6.973 -15.501 -15.889
  -6.969 -16.495 -16.495
  -6.965 -16.645 -16.901
  -6.961 -16.350 -16.350
  -6.956 -16.047 -16.572
  -6.952 -16.145 -16.145
  -6.948 -15.911 -16.179
  -6.944 -16.186 -16.498
  -6.940 -16.220 -16.371
  -6.936 -15.677 -16.309
  -6.932 -16.252 -16.844
  -6.928 -16.199 -16.467
  -6.924 -16.632 -16.937
  -6.920 -16.440 -49.500
  -6.917 -15.749 -15.994
  -6.913 -16.994 -49.500
  -6.909 -16.179 -16.713
  -6.905 -16.023 -22.507
  -6.902 -14.633 -16.442
  -6.898 -15.592 -15.945
  -6.894 -16.201 -16.487
  -6.891 -16.354 -16.527
  -6.887 -14.636 -16.082
  -6.884 -15.669 -16.796
  -6.880 -15.368 -15.806
  -6.877 -49.500 -49.500
  -6.873 -16.142 -17.111
  -6.870 -16.240 -49.500
  -6.867 -16.356 -49.500
  -6.863 -15.689 -16.098
  -6.860 -17.062 -49.500
  -6.857 -16.551 -49.500
  -6.853 -15.918 -16.227
  -6.850 -16.905 -49.500
  -6.847 -15.311 -49.500
  -6.844 -17.029 -17.438
  -6.840 -15.931 -16.845
  -6.837 -16.257 -49.500
  -6.834 -16.001 -16.356
  -6.831 -15.554 -15.554
  -6.828 -17.024 -17.315
  -6.825 -16.210 -16.426
  -6.822 -49.500     NaN
  -6.819 -49.500     NaN
  -6.816 -16.523 -16.849
  -6.813 -16.171 -49.500
  -6.810 -16.449 -16.681
  -6.807 -15.640 -15.840
  -6.804 -16.486 -16.832
  -6.801 -16.724 -49.500
  -6.798 -14.913 -49.500
  -6.795 -16.468 -49.500
  -6.792 -16.177 -49.500
  -6.789 -16.342 -16.499
  -6.787 -49.500     NaN
  -6.784 -16.480 -49.500
  -6.781 -15.427 -16.034
  -6.778 -16.438 -16.937
  -6.775 -15.967 -16.353
  -6.773 -16.303 -16.509
  -6.770 -16.983 -49.500
  -6.767 -16.197 -17.079
  -6.765 -15.973 -49.500
  -6.762 -15.996 -16.395
  -6.759 -17.173 -49.500
  -6.757 -49.500 -49.500
  -6.754 -15.734 -15.951
  -6.751 -49.500     NaN
  -6.749 -16.457 -49.500
  -6.746 -49.500 -49.500
  -6.744 -16.349 -16.516
  -6.741 -16.498 -49.500
  -6.739 -16.418 -16.701
  -6.736 -49.500 -49.500
  -6.734 -49.500     NaN
  -6.731 -49.500 -49.500
  -6.729 -49.500     NaN
  -6.726 -15.783 -49.500
  -6.724 -49.500 -49.500
  -6.721 -16.866 -49.500
  -6.719 -49.500     NaN
  -6.717 -16.383 -49.500
  -6.714 -16.788 -49.500
  -6.712 -49.500 -49.500
  -6.709 -49.500     NaN
  -6.707 -17.032 -49.500
  -6.705 -49.500     NaN
  -6.702 -49.500 -49.500
  -6.700 -17.035 -49.500
  -6.698 -16.722 -49.500
  -6.696 -15.923 -15.923
  -6.693 -49.500 -49.500
  -6.691 -16.574 -49.500
  -6.689 -49.500     NaN
  -6.687 -49.500 -49.500
  -6.684 -49.500 -49.500
  -6.682 -49.500 -49.500
  -6.680 -49.500 -49.500
  -6.678 -49.500 -49.500
  -6.675 -15.769 -16.556
  -6.673 -49.500 -49.500
  -6.671 -16.509 -49.500
  -6.669 -49.500 -49.500
  -6.667 -49.500     NaN
  -6.665 -16.679 -16.679
  -6.663 -49.500     NaN
  -6.661 -49.500 -49.500
  -6.658 -16.899 -49.500
  -6.656 -16.285 -16.285
  -6.654 -49.500 -49.500
  -6.652 -49.500 -49.500
  -6.650 -49.500     NaN
  -6.648 -49.500 -49.500
  -6.646 -15.700 -16.671
  -6.644 -49.500     NaN
  -6.642 -49.500     NaN
  -6.640 -16.473 -49.500
  -6.638 -16.899 -16.899
  -6.636 -15.679 -49.500
  -6.634 -16.041 -16.041
  -6.632 -16.649 -49.500
  -6.630 -49.500     NaN
  -6.628 -49.500     NaN
  -6.626 -49.500     NaN
  -6.624 -49.500 -49.500
  -6.622 -15.685 -15.685
  -6.620 -49.500 -49.500
  -6.618 -49.500 -49.500
  -6.617 -49.500 -49.500
  -6.615 -15.784 -15.784
  -6.613 -49.500 -49.500
  -6.611 -49.500 -49.500
  -6.609 -49.500 -49.500
  -6.607 -49.500 -49.500
  -6.605 -16.432 -49.500
  -6.603 -16.368 -49.500
  -6.602 -16.491 -16.491
  -6.600 -49.500     NaN
  -6.598 -49.500     NaN
  -6.596 -49.500 -49.500
  -6.594 -15.817 -49.500
