  -8.861 -14.263 -14.263
  -8.599 -14.377 -14.377
  -8.442 -14.455 -14.455
  -8.329 -14.471 -14.471
  -8.239 -14.352 -14.583
  -8.166 -14.563 -14.563
  -8.103 -14.615 -14.615
  -8.048 -14.665 -14.665
  -7.999 -14.672 -14.672
  -7.955 -14.725 -14.725
  -7.916 -14.854 -14.854
  -7.879 -14.803 -14.803
  -7.846 -14.818 -14.818
  -7.815 -14.803 -14.803
  -7.786 -14.926 -14.926
  -7.758 -14.992 -14.992
  -7.733 -14.853 -14.853
  -7.709 -14.933 -14.933
  -7.686 -14.834 -15.002
  -7.664 -15.142 -15.142
  -7.643 -14.980 -14.980
  -7.624 -14.955 -14.955
  -7.605 -14.904 -14.904
  -7.586 -14.431 -15.207
  -7.569 -15.167 -15.167
  -7.552 -15.105 -15.105
  -7.536 -14.939 -15.209
  -7.521 -14.898 -15.085
  -7.506 -14.948 -15.161
  -7.491 -15.223 -15.223
  -7.477 -15.360 -15.360
  -7.464 -15.204 -15.204
  -7.451 -15.116 -15.116
  -7.438 -15.168 -15.168
  -7.425 -14.717 -15.427
  -7.413 -15.252 -15.480
  -7.401 -15.424 -15.424
  -7.390 -15.247 -15.247
  -7.379 -15.403 -15.403
  -7.368 -15.055 -15.239
  -7.357 -15.127 -15.415
  -7.347 -15.281 -15.440
  -7.337 -15.254 -15.254
  -7.327 -15.254 -15.673
  -7.317 -15.608 -15.608
  -7.308 -15.445 -15.445
  -7.299 -15.188 -15.359
  -7.290 -15.804 -15.804
  -7.281 -15.520 -15.520
  -7.272 -15.351 -15.703
  -7.264 -15.405 -15.405
  -7.255 -15.164 -15.164
  -7.247 -15.561 -15.733
  -7.239 -15.471 -15.471
  -7.231 -15.313 -15.546
  -7.223 -15.458 -15.881
  -7.216 -15.783 -15.783
  -7.208 -15.600 -15.890
  -7.201 -15.128 -15.617
  -7.194 -14.899 -15.480
  -7.187 -15.324 -15.720
  -7.180 -15.611 -15.611
  -7.173 -15.280 -15.475
  -7.166 -15.709 -15.709
  -7.159 -15.198 -15.892
  -7.153 -15.745 -15.925
  -7.146 -15.963 -15.963
  -7.140 -15.209 -15.591
  -7.133 -15.574 -15.574
  -7.127 -15.437 -15.623
  -7.121 -15.779 -15.779
  -7.115 -15.814 -15.814
  -7.109 -15.090 -15.882
  -7.103 -15.594 -15.851
  -7.098 -16.025 -16.222
  -7.092 -15.912 -16.138
  -7.086 -15.668 -15.668
  -7.081 -14.828 -15.824
  -7.075 -15.610 -15.890
  -7.070 -15.323 -15.627
  -7.064 -15.871 -15.871
  -7.059 -15.924 -16.297
  -7.054 -15.911 -16.131
  -7.049 -16.006 -16.006
  -7.043 -15.884 -16.079
  -7.038 -15.950 -15.950
  -7.033 -16.081 -16.374
  -7.029 -15.961 -16.205
  -7.024 -14.926 -16.257
  -7.019 -15.916 -15.916
  -7.014 -16.262 -16.262
  -7.009 -16.057 -16.057
  -7.005 -15.727 -15.900
  -7.000 -15.785 -15.785
  -6.995 -16.146 -16.537
  -6.991 -16.022 -16.210
  -6.986 -15.350 -16.144
  -6.982 -16.071 -16.279
  -6.978 -15.846 -16.417
  -6.973 -16.136 -16.433
  -6.969 -15.994 -16.239
  -6.965 -15.268 -15.686
  -6.961 -15.999 -16.183
  -6.956 -17.476 -49.500
  -6.952 -15.762 -16.855
  -6.948 -15.984 -16.219
  -6.944 -15.727 -16.189
  -6.940 -15.578 -15.578
  -6.936 -16.471 -16.623
  -6.932 -15.603 -15.603
  -6.928 -15.812 -16.025
  -6.924 -15.508 -16.561
  -6.920 -49.500 -49.500
  -6.917 -16.375 -16.375
  -6.913 -15.529 -16.051
  -6.909 -16.684 -17.141
  -6.905 -15.917 -16.156
  -6.902 -15.769 -16.164
  -6.898 -16.188 -16.648
  -6.894 -15.700 -15.700
  -6.891 -15.536 -16.020
  -6.887 -15.860 -16.572
  -6.884 -15.813 -16.975
  -6.880 -16.422 -49.500
  -6.877 -16.051 -16.511
  -6.873 -49.500     NaN
  -6.870 -16.879 -49.500
  -6.867 -15.446 -16.825
  -6.863 -16.640 -49.500
  -6.860 -16.390 -16.642
  -6.857 -16.591 -17.120
  -6.853 -49.500     NaN
  -6.850 -16.238 -16.488
  -6.847 -16.675 -49.500
  -6.844 -49.500     NaN
  -6.840 -16.530 -16.805
  -6.837 -15.908 -16.070
  -6.834 -15.917 -15.917
  -6.831 -16.096 -17.072
  -6.828 -16.736 -17.135
  -6.825 -16.196 -49.500
  -6.822 -49.500     NaN
  -6.819 -49.500     NaN
  -6.816 -16.139 -49.500
  -6.813 -16.501 -16.695
  -6.810 -16.224 -16.224
  -6.807 -16.637 -49.500
  -6.804 -16.761 -49.500
  -6.801 -16.144 -16.385
  -6.798 -16.973 -49.500
  -6.795 -16.938 -49.500
  -6.792 -16.486 -49.500
  -6.789 -16.893 -49.500
  -6.787 -16.568 -49.500
  -6.784 -15.499 -49.500
  -6.781 -15.557 -16.853
  -6.778 -16.566 -49.500
  -6.775 -16.596 -16.764
  -6.773 -16.930 -49.500
  -6.770 -49.500     NaN
  -6.767 -49.500     NaN
  -6.765 -16.392 -16.675
  -6.762 -49.500 -49.500
  -6.759 -49.500     NaN
  -6.757 -16.492 -16.993
  -6.754 -49.500     NaN
  -6.751 -15.504 -49.500
  -6.749 -49.500 -49.500
  -6.746 -15.419 -16.677
  -6.744 -15.477 -15.860
  -6.741 -16.550 -16.550
  -6.739 -15.995 -16.776
  -6.736 -16.610 -16.998
  -6.734 -49.500     NaN
  -6.731 -16.061 -49.500
  -6.729 -16.651 -49.500
  -6.726 -49.500     NaN
  -6.724 -49.500     NaN
  -6.721 -49.500     NaN
  -6.719 -15.351 -49.500
  -6.717 -49.500 -49.500
  -6.714 -49.500 -49.500
  -6.712 -49.500     NaN
  -6.709 -15.794 -16.181
  -6.707 -49.500 -49.500
  -6.705 -49.500     NaN
  -6.702 -15.154 -16.418
  -6.700 -49.500     NaN
  -6.698 -49.500 -49.500
  -6.696 -49.500 -49.500
  -6.693 -49.500 -49.500
  -6.691 -49.500     NaN
  -6.689 -49.500 -49.500
  -6.687 -49.500     NaN
  -6.684 -16.566 -49.500
  -6.682 -16.615 -49.500
  -6.680 -49.500 -49.500
  -6.678 -16.325 -16.871
  -6.675 -16.021 -16.196
  -6.673 -16.383 -49.500
  -6.671 -49.500     NaN
  -6.669 -16.209 -16.460
  -6.667 -49.500     NaN
  -6.665 -49.500     NaN
  -6.663 -49.500     NaN
  -6.661 -49.500 -49.500
  -6.658 -15.641 -49.500
  -6.656 -49.500 -49.500
  -6.654 -49.500     NaN
  -6.652 -16.149 -16.337
  -6.650 -16.317 -16.317
  -6.648 -16.464 -16.636
  -6.646 -17.224 -49.500
  -6.644 -49.500 -49.500
  -6.642 -49.500 -49.500
  -6.640 -49.500 -49.500
  -6.638 -16.068 -16.068
  -6.636 -49.500 -49.500
  -6.634 -49.500 -49.500
  -6.632 -49.500     NaN
  -6.630 -49.500     NaN
  -6.628 -49.500 -49.500
  -6.626 -16.194 -16.194
  -6.624 -16.388 -49.500
  -6.622 -16.347 -16.347
  -6.620 -49.500 -49.500
  -6.618 -49.500 -49.500
  -6.617 -49.500 -49.500
  -6.615 -49.500 -49.500
  -6.613 -49.500 -49.500
  -6.611 -16.276 -49.500
  -6.609 -49.500 -49.500
  -6.607 -49.500 -49.500
  -6.605 -16.670 -49.500
  -6.603 -49.500 -49.500
  -6.602 -49.500 -49.500
  -6.600 -49.500 -49.500
  -6.598 -49.500 -49.500
  -6.596 -49.500 -49.500
  -6.594 -49.500 -49.500
