  -8.861 -14.263 -14.263
  -8.599 -14.365 -14.365
  -8.442 -14.427 -14.427
  -8.329 -14.463 -14.463
  -8.239 -14.539 -14.539
  -8.166 -14.664 -14.664
  -8.103 -14.630 -14.630
  -8.048 -14.757 -14.757
  -7.999 -14.750 -14.750
  -7.955 -14.693 -14.693
  -7.916 -14.630 -14.630
  -7.879 -14.876 -14.876
  -7.846 -14.809 -14.809
  -7.815 -14.790 -14.790
  -7.786 -14.957 -14.957
  -7.758 -14.710 -14.710
  -7.733 -14.760 -14.760
  -7.709 -14.723 -15.034
  -7.686 -14.883 -14.883
  -7.664 -14.873 -14.873
  -7.643 -14.774 -14.774
  -7.624 -14.959 -14.959
  -7.605 -14.640 -15.009
  -7.586 -14.753 -15.107
  -7.569 -15.091 -15.091
  -7.552 -15.085 -15.085
  -7.536 -15.128 -15.296
  -7.521 -15.148 -15.148
  -7.506 -15.058 -15.058
  -7.491 -15.131 -15.131
  -7.477 -15.342 -15.342
  -7.464 -14.610 -15.484
  -7.451 -15.529 -15.529
  -7.438 -15.123 -15.308
  -7.425 -15.330 -15.330
  -7.413 -15.253 -15.253
  -7.401 -14.713 -15.314
  -7.390 -15.413 -15.413
  -7.379 -15.462 -15.462
  -7.368 -15.413 -15.413
  -7.357 -15.266 -15.266
  -7.347 -14.996 -15.241
  -7.337 -15.498 -15.498
  -7.327 -15.251 -15.251
  -7.317 -15.487 -15.487
  -7.308 -15.250 -15.421
  -7.299 -14.788 -15.082
  -7.290 -15.357 -15.522
  -7.281 -14.518 -15.469
  -7.272 -15.345 -15.611
  -7.264 -15.466 -15.644
  -7.255 -15.155 -15.731
  -7.247 -15.470 -15.470
  -7.239 -15.674 -15.674
  -7.231 -15.526 -15.881
  -7.223 -15.629 -15.629
  -7.216 -15.731 -16.028
  -7.208 -15.396 -15.750
  -7.201 -15.552 -15.552
  -7.194 -15.445 -15.445
  -7.187 -15.588 -15.777
  -7.180 -15.691 -15.870
  -7.173 -15.777 -15.777
  -7.166 -15.786 -15.939
  -7.159 -15.329 -15.493
  -7.153 -15.520 -15.720
  -7.146 -15.384 -15.660
  -7.140 -15.473 -15.908
  -7.133 -15.852 -15.852
  -7.127 -15.490 -15.855
  -7.121 -15.923 -15.923
  -7.115 -15.684 -16.143
  -7.109 -15.358 -15.988
  -7.103 -15.876 -15.876
  -7.098 -15.814 -15.985
  -7.092 -15.965 -16.137
  -7.086 -15.643 -15.937
  -7.081 -15.654 -15.915
  -7.075 -15.851 -16.013
  -7.070 -16.118 -16.338
  -7.064 -16.151 -16.151
  -7.059 -15.867 -15.867
  -7.054 -15.377 -15.923
  -7.049 -15.286 -16.277
  -7.043 -15.965 -16.224
  -7.038 -15.702 -16.284
  -7.033 -15.414 -16.140
  -7.029 -16.062 -16.062
  -7.024 -15.559 -15.862
  -7.019 -15.744 -15.964
  -7.014 -16.262 -16.512
  -7.009 -15.487 -15.738
  -7.005 -15.946 -16.099
  -7.000 -16.123 -16.123
  -6.995 -16.088 -16.088
  -6.991 -16.193 -16.193
  -6.986 -15.876 -16.428
  -6.982 -15.783 -16.012
  -6.978 -15.182 -16.068
  -6.973 -16.379 -16.379
  -6.969 -15.165 -16.468
  -6.965 -15.394 -16.622
  -6.961 -16.063 -16.063
  -6.956 -16.225 -16.225
  -6.952 -15.391 -15.727
  -6.948 -15.704 -16.282
  -6.944 -16.223 -16.819
  -6.940 -16.784 -16.784
  -6.936 -16.177 -16.410
  -6.932 -16.282 -16.282
  -6.928 -17.167 -49.500
  -6.924 -15.641 -16.101
  -6.920 -16.040 -16.311
  -6.917 -16.363 -16.363
  -6.913 -15.742 -16.086
  -6.909 -16.593 -16.830
  -6.905 -16.854 -49.500
  -6.902 -17.226 -49.500
  -6.898 -16.245 -16.654
  -6.894 -15.819 -16.035
  -6.891 -16.352 -49.500
  -6.887 -15.414 -15.723
  -6.884 -15.111 -16.872
  -6.880 -15.937 -16.091
  -6.877 -16.203 -16.354
  -6.873 -16.021 -16.660
  -6.870 -16.407 -16.795
  -6.867 -16.115 -17.136
  -6.863 -49.500     NaN
  -6.860 -16.471 -49.500
  -6.857 -16.635 -49.500
  -6.853 -49.500     NaN
  -6.850 -16.690 -49.500
  -6.847 -16.358 -49.500
  -6.844 -15.971 -16.298
  -6.840 -16.275 -16.536
  -6.837 -16.189 -16.766
  -6.834 -16.118 -16.513
  -6.831 -16.045 -16.315
  -6.828 -15.446 -16.138
  -6.825 -16.311 -49.500
  -6.822 -16.743 -16.923
  -6.819 -16.547 -49.500
  -6.816 -17.032 -49.500
  -6.813 -16.305 -16.730
  -6.810 -16.074 -17.233
  -6.807 -16.165 -16.866
  -6.804 -14.454 -16.678
  -6.801 -16.057 -16.378
  -6.798 -16.928 -49.500
  -6.795 -49.500     NaN
  -6.792 -17.086 -49.500
  -6.789 -16.729 -16.964
  -6.787 -16.519 -49.500
  -6.784 -16.438 -16.749
  -6.781 -49.500     NaN
  -6.778 -15.477 -15.956
  -6.775 -15.709 -49.500
  -6.773 -16.182 -16.439
  -6.770 -16.352 -17.239
  -6.767 -49.500     NaN
  -6.765 -16.095 -49.500
  -6.762 -16.015 -49.500
  -6.759 -15.837 -16.183
  -6.757 -16.560 -49.500
  -6.754 -16.051 -16.051
  -6.751 -16.724 -49.500
  -6.749 -16.506 -16.777
  -6.746 -16.127 -49.500
  -6.744 -16.899 -49.500
  -6.741 -15.412 -16.424
  -6.739 -49.500     NaN
  -6.736 -49.500 -49.500
  -6.734 -15.368 -15.880
  -6.731 -16.070 -16.812
  -6.729 -49.500     NaN
  -6.726 -15.465 -49.500
  -6.724 -15.838 -49.500
  -6.721 -49.500     NaN
  -6.719 -49.500     NaN
  -6.717 -49.500 -49.500
  -6.714 -49.500     NaN
  -6.712 -49.500     NaN
  -6.709 -49.500     NaN
  -6.707 -49.500     NaN
  -6.705 -49.500     NaN
  -6.702 -49.500 -49.500
  -6.700 -49.500 -49.500
  -6.698 -49.500 -49.500
  -6.696 -15.368 -49.500
  -6.693 -49.500 -49.500
  -6.691 -16.416 -16.416
  -6.689 -49.500     NaN
  -6.687 -16.573 -16.882
  -6.684 -16.295 -49.500
  -6.682 -49.500 -49.500
  -6.680 -16.385 -16.385
  -6.678 -14.779 -49.500
  -6.675 -15.716 -49.500
  -6.673 -16.204 -16.204
  -6.671 -49.500 -49.500
  -6.669 -49.500     NaN
  -6.667 -49.500 -49.500
  -6.665 -49.500 -49.500
  -6.663 -49.500 -49.500
  -6.661 -49.500 -49.500
  -6.658 -15.961 -49.500
  -6.656 -16.225 -16.225
  -6.654 -49.500     NaN
  -6.652 -49.500 -49.500
  -6.650 -16.068 -49.500
  -6.648 -49.500 -49.500
  -6.646 -49.500 -49.500
  -6.644 -49.500 -49.500
  -6.642 -49.500 -49.500
  -6.640 -49.500 -49.500
  -6.638 -16.467 -49.500
  -6.636 -16.163 -17.054
  -6.634 -49.500 -49.500
  -6.632 -16.150 -16.302
  -6.630 -49.500 -49.500
  -6.628 -49.500 -49.500
  -6.626 -49.500 -49.500
  -6.624 -16.374 -16.374
  -6.622 -49.500 -49.500
  -6.620 -49.500     NaN
  -6.618 -15.807 -49.500
  -6.617 -49.500 -49.500
  -6.615 -16.130 -16.841
  -6.613 -49.500 -49.500
  -6.611 -49.500 -49.500
  -6.609 -49.500 -49.500
  -6.607 -16.791 -49.500
  -6.605 -49.500 -49.500
  -6.603 -49.500     NaN
  -6.602 -49.500 -49.500
  -6.600 -49.500 -49.500
  -6.598 -49.500 -49.500
  -6.596 -16.251 -16.251
  -6.594 -49.500 -49.500
