  -8.861 -14.229 -14.229
  -8.599 -14.346 -14.346
  -8.442 -14.474 -14.474
  -8.329 -14.534 -14.534
  -8.239 -14.400 -14.400
  -8.166 -14.510 -14.510
  -8.103 -14.633 -14.633
  -8.048 -14.737 -14.737
  -7.999 -14.688 -14.688
  -7.955 -14.704 -14.704
  -7.916 -14.767 -14.767
  -7.879 -14.871 -14.871
  -7.846 -14.819 -14.819
  -7.815 -14.824 -14.824
  -7.786 -14.583 -14.858
  -7.758 -14.870 -14.870
  -7.733 -14.546 -14.904
  -7.709 -14.843 -15.028
  -7.686 -15.062 -15.062
  -7.664 -15.134 -15.134
  -7.643 -14.894 -14.894
  -7.624 -15.139 -15.139
  -7.605 -15.229 -15.229
  -7.586 -15.007 -15.222
  -7.569 -15.262 -15.262
  -7.552 -15.009 -15.009
  -7.536 -15.172 -15.172
  -7.521 -15.220 -15.220
  -7.506 -15.182 -15.182
  -7.491 -15.018 -15.018
  -7.477 -14.967 -14.967
  -7.464 -15.236 -15.236
  -7.451 -15.104 -15.104
  -7.438 -15.323 -15.491
  -7.425 -15.100 -15.287
  -7.413 -14.923 -15.248
  -7.401 -15.037 -15.501
  -7.390 -15.301 -15.301
  -7.379 -14.744 -15.402
  -7.368 -15.505 -15.505
  -7.357 -14.930 -15.318
  -7.347 -15.526 -15.526
  -7.337 -15.465 -15.465
  -7.327 -15.589 -15.589
  -7.317 -14.874 -15.150
  -7.308 -15.539 -15.539
  -7.299 -15.412 -15.412
  -7.290 -15.432 -15.611
  -7.281 -15.575 -15.575
  -7.272 -15.751 -15.751
  -7.264 -15.524 -15.524
  -7.255 -15.771 -15.771
  -7.247 -15.651 -15.651
  -7.239 -15.538 -15.538
  -7.231 -15.803 -15.803
  -7.223 -14.800 -15.536
  -7.216 -14.681 -15.702
  -7.208 -15.661 -15.661
  -7.201 -15.070 -15.449
  -7.194 -15.518 -15.518
  -7.187 -15.579 -15.741
  -7.180 -15.519 -15.519
  -7.173 -15.766 -15.766
  -7.166 -15.758 -15.928
  -7.159 -15.654 -15.911
  -7.153 -15.506 -15.790
  -7.146 -15.877 -15.877
  -7.140 -15.572 -15.572
  -7.133 -15.661 -15.661
  -7.127 -15.607 -16.014
  -7.121 -15.201 -15.201
  -7.115 -14.534 -15.739
  -7.109 -15.461 -15.877
  -7.103 -15.775 -15.775
  -7.098 -15.345 -16.219
  -7.092 -15.764 -16.008
  -7.086 -15.909 -16.061
  -7.081 -15.979 -15.979
  -7.075 -16.192 -16.347
  -7.070 -16.111 -16.111
  -7.064 -15.290 -15.683
  -7.059 -15.839 -16.136
  -7.054 -15.690 -15.690
  -7.049 -15.155 -15.635
  -7.043 -16.128 -16.128
  -7.038 -15.163 -15.533
  -7.033 -15.981 -16.191
  -7.029 -15.212 -15.918
  -7.024 -16.136 -16.136
  -7.019 -15.751 -15.751
  -7.014 -15.812 -15.812
  -7.009 -15.504 -15.927
  -7.005 -15.174 -16.099
  -7.000 -16.095 -16.363
  -6.995 -15.385 -16.814
  -6.991 -15.909 -16.198
  -6.986 -15.370 -16.001
  -6.982 -15.543 -16.102
  -6.978 -16.273 -16.273
  -6.973 -16.295 -16.295
  -6.969 -16.179 -16.431
  -6.965 -16.274 -16.510
  -6.961 -16.436 -16.614
  -6.956 -15.913 -15.913
  -6.952 -16.418 -16.747
  -6.948 -15.408 -16.207
  -6.944 -15.981 -16.319
  -6.940 -15.890 -16.767
  -6.936 -16.738 -16.933
  -6.932 -15.617 -15.822
  -6.928 -14.960 -16.361
  -6.924 -16.098 -16.098
  -6.920 -16.291 -16.941
  -6.917 -16.769 -16.769
  -6.913 -15.947 -16.143
  -6.909 -15.948 -17.115
  -6.905 -15.669 -16.678
  -6.902 -16.035 -16.035
  -6.898 -16.116 -16.273
  -6.894 -16.510 -16.726
  -6.891 -16.204 -16.204
  -6.887 -15.923 -16.334
  -6.884 -17.473 -49.500
  -6.880 -16.173 -16.387
  -6.877 -16.307 -16.489
  -6.873 -16.393 -16.564
  -6.870 -16.722 -49.500
  -6.867 -15.612 -49.500
  -6.863 -16.549 -16.700
  -6.860 -16.202 -49.500
  -6.857 -16.426 -16.784
  -6.853 -15.471 -16.245
  -6.850 -16.513 -49.500
  -6.847 -16.341 -16.341
  -6.844 -15.929 -16.445
  -6.840 -16.048 -49.500
  -6.837 -15.887 -16.300
  -6.834 -16.068 -49.500
  -6.831 -16.984 -49.500
  -6.828 -16.523 -16.722
  -6.825 -16.290 -49.500
  -6.822 -16.485 -16.485
  -6.819 -16.109 -16.566
  -6.816 -15.578 -16.218
  -6.813 -49.500     NaN
  -6.810 -49.500     NaN
  -6.807 -16.015 -16.015
  -6.804 -15.841 -16.324
  -6.801 -15.915 -16.688
  -6.798 -16.958 -49.500
  -6.795 -49.500 -49.500
  -6.792 -16.539 -16.791
  -6.789 -16.032 -16.740
  -6.787 -16.223 -16.450
  -6.784 -17.403 -49.500
  -6.781 -16.513 -17.027
  -6.778 -49.500     NaN
  -6.775 -16.699 -49.500
  -6.773 -49.500     NaN
  -6.770 -49.500     NaN
  -6.767 -16.471 -49.500
  -6.765 -49.500     NaN
  -6.762 -15.988 -15.988
  -6.759 -16.783 -49.500
  -6.757 -16.557 -49.500
  -6.754 -49.500     NaN
  -6.751 -16.088 -16.523
  -6.749 -15.795 -15.989
  -6.746 -17.027 -49.500
  -6.744 -16.862 -49.500
  -6.741 -16.495 -49.500
  -6.739 -49.500 -49.500
  -6.736 -49.500 -49.500
  -6.734 -49.500     NaN
  -6.731 -16.644 -49.500
  -6.729 -16.080 -16.699
  -6.726 -49.500     NaN
  -6.724 -49.500     NaN
  -6.721 -16.662 -49.500
  -6.719 -49.500     NaN
  -6.717 -16.172 -16.794
  -6.714 -16.618 -49.500
  -6.712 -49.500 -49.500
  -6.709 -49.500 -49.500
  -6.707 -16.332 -49.500
  -6.705 -16.320 -16.673
  -6.702 -16.046 -49.500
  -6.700 -15.887 -16.130
  -6.698 -16.503 -49.500
  -6.696 -15.969 -49.500
  -6.693 -16.301 -49.500
  -6.691 -15.964 -49.500
  -6.689 -16.521 -49.500
  -6.687 -49.500 -49.500
  -6.684 -16.968 -16.968
  -6.682 -49.500 -49.500
  -6.680 -16.031 -49.500
  -6.678 -16.008 -17.051
  -6.675 -49.500 -49.500
  -6.673 -49.500 -49.500
  -6.671 -49.500 -49.500
  -6.669 -49.500     NaN
  -6.667 -49.500 -49.500
  -6.665 -49.500     NaN
  -6.663 -49.500 -49.500
  -6.661 -49.500     NaN
  -6.658 -49.500 -49.500
  -6.656 -49.500 -49.500
  -6.654 -49.500     NaN
  -6.652 -16.111 -16.485
  -6.650 -49.500 -49.500
  -6.648 -49.500 -49.500
  -6.646 -16.421 -49.500
  -6.644 -49.500 -49.500
  -6.642 -49.500 -49.500
  -6.640 -15.722 -49.500
  -6.638 -49.500 -49.500
  -6.636 -49.500 -49.500
  -6.634 -16.433 -49.500
  -6.632 -15.707 -16.750
  -6.630 -49.500 -49.500
  -6.628 -49.500     NaN
  -6.626 -49.500 -49.500
  -6.624 -49.500 -49.500
  -6.622 -49.500     NaN
  -6.620 -15.656 -49.500
  -6.618 -16.414 -16.414
  -6.617 -49.500     NaN
  -6.615 -49.500     NaN
  -6.613 -49.500     NaN
  -6.611 -49.500 -49.500
  -6.609 -49.500     NaN
  -6.607 -49.500 -49.500
  -6.605 -16.458 -16.458
  -6.603 -49.500 -49.500
  -6.602 -16.777 -16.777
  -6.600 -49.500 -49.500
  -6.598 -49.500 -49.500
  -6.596 -49.500 -49.500
  -6.594 -49.500 -49.500
