  -8.861 -14.256 -14.256
  -8.599 -14.360 -14.360
  -8.442 -14.428 -14.428
  -8.329 -14.466 -14.466
  -8.239 -14.465 -14.465
  -8.166 -14.642 -14.642
  -8.103 -14.605 -14.605
  -8.048 -14.712 -14.712
  -7.999 -14.597 -14.597
  -7.955 -14.778 -14.778
  -7.916 -14.721 -14.721
  -7.879 -14.718 -14.718
  -7.846 -14.618 -14.813
  -7.815 -14.929 -14.929
  -7.786 -14.861 -14.861
  -7.758 -14.823 -14.993
  -7.733 -14.960 -14.960
  -7.709 -14.855 -14.855
  -7.686 -15.034 -15.034
  -7.664 -14.861 -14.861
  -7.643 -15.137 -15.137
  -7.624 -15.008 -15.008
  -7.605 -15.196 -15.196
  -7.586 -15.206 -15.206
  -7.569 -15.032 -15.032
  -7.552 -15.116 -15.116
  -7.536 -15.067 -15.318
  -7.521 -15.006 -15.186
  -7.506 -15.166 -15.166
  -7.491 -15.348 -15.348
  -7.477 -15.104 -15.104
  -7.464 -15.466 -15.466
  -7.451 -15.312 -15.312
  -7.438 -15.395 -15.395
  -7.425 -15.381 -15.381
  -7.413 -15.325 -15.494
  -7.401 -15.508 -15.508
  -7.390 -15.281 -15.281
  -7.379 -14.963 -15.360
  -7.368 -15.408 -15.408
  -7.357 -14.789 -15.485
  -7.347 -15.374 -15.574
  -7.337 -15.630 -15.630
  -7.327 -15.358 -15.358
  -7.317 -15.100 -15.326
  -7.308 -15.214 -15.369
  -7.299 -15.487 -15.487
  -7.290 -15.483 -15.483
  -7.281 -15.624 -15.624
  -7.272 -15.634 -15.634
  -7.264 -15.604 -15.919
  -7.255 -14.973 -15.257
  -7.247 -15.830 -15.830
  -7.239 -15.220 -15.746
  -7.231 -15.610 -15.610
  -7.223 -15.336 -15.566
  -7.216 -15.538 -15.859
  -7.208 -15.472 -15.472
  -7.201 -15.821 -15.821
  -7.194 -15.310 -15.669
  -7.187 -15.456 -15.456
  -7.180 -15.345 -15.501
  -7.173 -15.489 -15.923
  -7.166 -15.340 -15.723
  -7.159 -15.613 -15.613
  -7.153 -15.890 -15.890
  -7.146 -15.636 -15.850
  -7.140 -15.457 -15.619
  -7.133 -15.726 -15.726
  -7.127 -15.424 -15.694
  -7.121 -15.617 -15.870
  -7.115 -14.918 -15.683
  -7.109 -15.386 -15.809
  -7.103 -15.724 -15.909
  -7.098 -15.581 -15.733
  -7.092 -15.905 -15.905
  -7.086 -15.956 -16.210
  -7.081 -16.355 -16.355
  -7.075 -14.904 -16.312
  -7.070 -15.212 -15.758
  -7.064 -15.992 -16.144
  -7.059 -15.447 -15.717
  -7.054 -16.162 -16.162
  -7.049 -15.805 -15.805
  -7.043 -15.791 -15.791
  -7.038 -16.111 -16.111
  -7.033 -16.131 -16.391
  -7.029 -16.091 -16.369
  -7.024 -15.946 -15.946
  -7.019 -15.666 -16.326
  -7.014 -16.317 -16.317
  -7.009 -15.813 -16.798
  -7.005 -16.245 -16.245
  -7.000 -16.256 -16.256
  -6.995 -15.919 -15.919
  -6.991 -15.871 -15.871
  -6.986 -15.728 -16.472
  -6.982 -16.299 -16.299
  -6.978 -16.128 -16.404
  -6.973 -15.853 -15.853
  -6.969 -16.083 -16.083
  -6.965 -16.049 -16.527
  -6.961 -15.865 -16.092
  -6.956 -16.290 -16.290
  -6.952 -16.516 -16.849
  -6.948 -16.044 -16.263
  -6.944 -16.366 -16.366
  -6.940 -15.689 -16.126
  -6.936 -16.065 -16.419
  -6.932 -16.607 -17.132
  -6.928 -15.658 -15.892
  -6.924 -15.217 -15.931
  -6.920 -16.641 -17.070
  -6.917 -15.948 -16.367
  -6.913 -16.285 -17.244
  -6.909 -16.155 -16.627
  -6.905 -15.670 -16.411
  -6.902 -16.373 -17.299
  -6.898 -16.247 -16.489
  -6.894 -16.250 -16.441
  -6.891 -16.090 -16.251
  -6.887 -16.603 -16.603
  -6.884 -16.097 -16.277
  -6.880 -15.790 -16.459
  -6.877 -16.354 -49.500
  -6.873 -15.557 -16.359
  -6.870 -16.277 -16.901
  -6.867 -16.841 -49.500
  -6.863 -16.218 -16.590
  -6.860 -15.580 -16.266
  -6.857 -15.973 -16.373
  -6.853 -49.500     NaN
  -6.850 -16.729 -49.500
  -6.847 -15.481 -15.720
  -6.844 -16.091 -16.271
  -6.840 -16.282 -16.796
  -6.837 -15.461 -15.785
  -6.834 -16.887 -49.500
  -6.831 -15.226 -49.500
  -6.828 -15.857 -16.706
  -6.825 -16.795 -49.500
  -6.822 -15.712 -16.016
  -6.819 -15.852 -16.570
  -6.816 -16.590 -49.500
  -6.813 -16.217 -16.563
  -6.810 -16.102 -49.500
  -6.807 -49.500     NaN
  -6.804 -16.949 -49.500
  -6.801 -16.849 -49.500
  -6.798 -49.500     NaN
  -6.795 -16.407 -49.500
  -6.792 -15.524 -49.500
  -6.789 -16.297 -16.862
  -6.787 -16.351 -16.754
  -6.784 -16.618 -16.958
  -6.781 -15.631 -16.818
  -6.778 -15.941 -15.941
  -6.775 -16.452 -16.657
  -6.773 -49.500     NaN
  -6.770 -16.790 -49.500
  -6.767 -49.500     NaN
  -6.765 -15.662 -16.087
  -6.762 -15.829 -49.500
  -6.759 -16.688 -49.500
  -6.757 -16.591 -49.500
  -6.754 -49.500     NaN
  -6.751 -16.704 -49.500
  -6.749 -15.930 -16.785
  -6.746 -49.500 -49.500
  -6.744 -49.500     NaN
  -6.741 -49.500 -49.500
  -6.739 -15.613 -49.500
  -6.736 -49.500 -49.500
  -6.734 -49.500 -49.500
  -6.731 -16.523 -16.982
  -6.729 -49.500 -49.500
  -6.726 -49.500 -49.500
  -6.724 -49.500 -49.500
  -6.721 -16.148 -49.500
  -6.719 -49.500     NaN
  -6.717 -16.036 -16.226
  -6.714 -16.504 -17.277
  -6.712 -49.500     NaN
  -6.709 -49.500     NaN
  -6.707 -16.336 -49.500
  -6.705 -49.500     NaN
  -6.702 -49.500 -49.500
  -6.700 -49.500     NaN
  -6.698 -49.500 -49.500
  -6.696 -16.403 -16.403
  -6.693 -15.777 -15.777
  -6.691 -49.500     NaN
  -6.689 -49.500 -49.500
  -6.687 -16.005 -16.650
  -6.684 -49.500 -49.500
  -6.682 -17.218 -49.500
  -6.680 -49.500 -49.500
  -6.678 -16.386 -49.500
  -6.675 -15.627 -49.500
  -6.673 -49.500 -49.500
  -6.671 -49.500     NaN
  -6.669 -16.238 -16.432
  -6.667 -16.642 -16.642
  -6.665 -49.500 -49.500
  -6.663 -49.500 -49.500
  -6.661 -49.500     NaN
  -6.658 -49.500     NaN
  -6.656 -49.500 -49.500
  -6.654 -16.623 -49.500
  -6.652 -16.263 -49.500
  -6.650 -49.500 -49.500
  -6.648 -49.500     NaN
  -6.646 -49.500 -49.500
  -6.644 -15.432 -15.432
  -6.642 -16.230 -49.500
  -6.640 -16.477 -49.500
  -6.638 -49.500 -49.500
  -6.636 -49.500 -49.500
  -6.634 -49.500 -49.500
  -6.632 -49.500 -49.500
  -6.630 -16.445 -16.445
  -6.628 -16.330 -49.500
  -6.626 -49.500 -49.500
  -6.624 -15.443 -49.500
  -6.622 -17.115 -17.115
  -6.620 -49.500 -49.500
  -6.618 -49.500     NaN
  -6.617 -16.283 -49.500
  -6.615 -49.500 -49.500
  -6.613 -49.500 -49.500
  -6.611 -49.500 -49.500
  -6.609 -49.500     NaN
  -6.607 -16.829 -49.500
  -6.605 -49.500 -49.500
  -6.603 -49.500 -49.500
  -6.602 -49.500     NaN
  -6.600 -15.845 -15.845
  -6.598 -49.500 -49.500
  -6.596 -49.500 -49.500
  -6.594 -17.119 -49.500
