  -8.861 -14.285 -14.285
  -8.599 -14.394 -14.394
  -8.442 -14.432 -14.432
  -8.329 -14.460 -14.460
  -8.239 -14.574 -14.574
  -8.166 -14.488 -14.488
  -8.103 -14.647 -14.647
  -8.048 -14.670 -14.670
  -7.999 -14.496 -14.674
  -7.955 -14.746 -14.746
  -7.916 -14.721 -14.721
  -7.879 -14.761 -14.761
  -7.846 -14.884 -14.884
  -7.815 -14.854 -14.854
  -7.786 -14.862 -14.862
  -7.758 -14.916 -14.916
  -7.733 -15.025 -15.025
  -7.709 -14.907 -14.907
  -7.686 -14.989 -14.989
  -7.664 -14.876 -14.876
  -7.643 -14.999 -14.999
  -7.624 -14.787 -14.787
  -7.605 -14.958 -15.157
  -7.586 -14.986 -14.986
  -7.569 -15.094 -15.094
  -7.552 -15.070 -15.070
  -7.536 -15.220 -15.220
  -7.521 -15.223 -15.223
  -7.506 -15.010 -15.010
  -7.491 -15.183 -15.183
  -7.477 -15.220 -15.220
  -7.464 -14.949 -15.259
  -7.451 -15.474 -15.474
  -7.438 -15.355 -15.355
  -7.425 -15.319 -15.319
  -7.413 -15.323 -15.323
  -7.401 -15.206 -15.206
  -7.390 -15.402 -15.402
  -7.379 -14.925 -15.431
  -7.368 -15.235 -15.235
  -7.357 -15.363 -15.363
  -7.347 -15.618 -15.618
  -7.337 -15.117 -15.626
  -7.327 -15.523 -15.523
  -7.317 -15.308 -15.489
  -7.308 -15.583 -15.583
  -7.299 -14.707 -15.634
  -7.290 -15.093 -15.467
  -7.281 -15.326 -15.623
  -7.272 -15.303 -15.657
  -7.264 -15.429 -15.701
  -7.255 -15.471 -15.471
  -7.247 -15.740 -15.740
  -7.239 -15.529 -15.877
  -7.231 -15.120 -15.567
  -7.223 -15.343 -15.343
  -7.216 -15.462 -15.739
  -7.208 -15.778 -15.778
  -7.201 -15.541 -15.731
  -7.194 -15.678 -15.678
  -7.187 -15.659 -15.846
  -7.180 -15.529 -15.702
  -7.173 -15.648 -15.648
  -7.166 -15.426 -15.651
  -7.159 -15.683 -15.937
  -7.153 -15.162 -15.753
  -7.146 -15.761 -15.761
  -7.140 -15.696 -15.696
  -7.133 -15.470 -15.659
  -7.127 -15.320 -15.636
  -7.121 -15.297 -15.965
  -7.115 -16.084 -16.084
  -7.109 -15.372 -16.128
  -7.103 -15.921 -15.921
  -7.098 -15.455 -15.455
  -7.092 -15.758 -16.147
  -7.086 -16.122 -16.122
  -7.081 -15.409 -15.686
  -7.075 -15.599 -15.599
  -7.070 -15.230 -15.631
  -7.064 -15.654 -16.146
  -7.059 -15.906 -16.288
  -7.054 -15.011 -15.343
  -7.049 -15.777 -15.777
  -7.043 -14.252 -16.143
  -7.038 -15.225 -15.459
  -7.033 -15.528 -16.191
  -7.029 -16.267 -16.606
  -7.024 -15.807 -16.010
  -7.019 -16.339 -16.527
  -7.014 -15.945 -16.168
  -7.009 -15.841 -15.841
  -7.005 -15.916 -15.916
  -7.000 -15.340 -16.171
  -6.995 -16.786 -22.714
  -6.991 -15.879 -16.788
  -6.986 -15.796 -16.434
  -6.982 -15.326 -16.079
  -6.978 -15.932 -16.181
  -6.973 -15.980 -15.980
  -6.969 -15.960 -16.452
  -6.965 -16.113 -16.876
  -6.961 -15.993 -16.307
  -6.956 -15.751 -15.908
  -6.952 -16.119 -16.575
  -6.948 -16.155 -22.941
  -6.944 -16.254 -16.254
  -6.940 -15.946 -16.252
  -6.936 -15.802 -16.053
  -6.932 -15.933 -16.203
  -6.928 -16.561 -16.720
  -6.924 -15.816 -15.988
  -6.920 -15.726 -16.005
  -6.917 -15.471 -15.471
  -6.913 -15.503 -15.908
  -6.909 -16.856 -17.150
  -6.905 -15.516 -16.263
  -6.902 -15.768 -16.377
  -6.898 -15.736 -15.736
  -6.894 -16.750 -16.750
  -6.891 -16.215 -16.500
  -6.887 -16.575 -17.281
  -6.884 -16.114 -16.450
  -6.880 -49.500     NaN
  -6.877 -15.850 -16.102
  -6.873 -15.956 -16.195
  -6.870 -15.843 -15.843
  -6.867 -15.915 -16.595
  -6.863 -16.608 -17.294
  -6.860 -49.500     NaN
  -6.857 -16.242 -16.675
  -6.853 -15.855 -15.855
  -6.850 -49.500     NaN
  -6.847 -16.015 -16.178
  -6.844 -15.679 -49.500
  -6.840 -15.721 -16.174
  -6.837 -15.795 -16.500
  -6.834 -17.207 -49.500
  -6.831 -49.500     NaN
  -6.828 -16.816 -49.500
  -6.825 -16.126 -16.404
  -6.822 -49.500     NaN
  -6.819 -16.832 -17.067
  -6.816 -16.251 -49.500
  -6.813 -15.363 -49.500
  -6.810 -16.061 -49.500
  -6.807 -49.500     NaN
  -6.804 -49.500     NaN
  -6.801 -16.765 -49.500
  -6.798 -16.684 -49.500
  -6.795 -16.429 -16.757
  -6.792 -49.500 -49.500
  -6.789 -16.585 -49.500
  -6.787 -16.380 -16.634
  -6.784 -15.875 -49.500
  -6.781 -49.500     NaN
  -6.778 -15.712 -16.889
  -6.775 -49.500     NaN
  -6.773 -49.500     NaN
  -6.770 -15.783 -49.500
  -6.767 -16.035 -49.500
  -6.765 -16.116 -16.116
  -6.762 -17.026 -49.500
  -6.759 -15.795 -16.418
  -6.757 -16.325 -49.500
  -6.754 -15.331 -15.995
  -6.751 -15.086 -16.187
  -6.749 -16.265 -16.557
  -6.746 -15.902 -15.902
  -6.744 -15.644 -15.936
  -6.741 -49.500     NaN
  -6.739 -16.008 -16.655
  -6.736 -16.786 -49.500
  -6.734 -16.390 -49.500
  -6.731 -16.574 -49.500
  -6.729 -15.701 -16.841
  -6.726 -16.051 -16.051
  -6.724 -15.964 -49.500
  -6.721 -49.500 -49.500
  -6.719 -49.500 -49.500
  -6.717 -49.500 -49.500
  -6.714 -16.225 -16.225
  -6.712 -49.500 -49.500
  -6.709 -16.049 -16.049
  -6.707 -15.172 -49.500
  -6.705 -16.023 -49.500
  -6.702 -16.434 -49.500
  -6.700 -49.500 -49.500
  -6.698 -16.545 -49.500
  -6.696 -16.454 -49.500
  -6.693 -49.500     NaN
  -6.691 -16.146 -49.500
  -6.689 -16.475 -49.500
  -6.687 -49.500     NaN
  -6.684 -16.505 -49.500
  -6.682 -49.500 -49.500
  -6.680 -15.038 -15.988
  -6.678 -49.500     NaN
  -6.675 -49.500 -49.500
  -6.673 -49.500     NaN
  -6.671 -49.500 -49.500
  -6.669 -49.500     NaN
  -6.667 -49.500 -49.500
  -6.665 -15.969 -15.969
  -6.663 -49.500     NaN
  -6.661 -49.500     NaN
  -6.658 -16.641 -16.641
  -6.656 -16.550 -16.832
  -6.654 -49.500 -49.500
  -6.652 -15.899 -49.500
  -6.650 -49.500     NaN
  -6.648 -49.500     NaN
  -6.646 -16.681 -49.500
  -6.644 -16.734 -49.500
  -6.642 -49.500 -49.500
  -6.640 -49.500 -49.500
  -6.638 -49.500     NaN
  -6.636 -16.051 -49.500
  -6.634 -49.500 -49.500
  -6.632 -16.595 -16.595
  -6.630 -49.500     NaN
  -6.628 -49.500 -49.500
  -6.626 -49.500 -49.500
  -6.624 -49.500 -49.500
  -6.622 -49.500     NaN
  -6.620 -49.500 -49.500
  -6.618 -16.953 -49.500
  -6.617 -49.500     NaN
  -6.615 -49.500 -49.500
  -6.613 -49.500 -49.500
  -6.611 -49.500 -49.500
  -6.609 -49.500 -49.500
  -6.607 -16.299 -16.299
  -6.605 -15.399 -49.500
  -6.603 -14.752 -14.752
  -6.602 -49.500     NaN
  -6.600 -49.500 -49.500
  -6.598 -16.702 -49.500
  -6.596 -49.500 -49.500
  -6.594 -49.500 -49.500
