  -8.861 -14.264 -14.264
  -8.599 -14.370 -14.370
  -8.442 -14.290 -14.290
  -8.329 -14.522 -14.522
  -8.239 -14.358 -14.358
  -8.166 -14.605 -14.605
  -8.103 -14.658 -14.658
  -8.048 -14.728 -14.728
  -7.999 -14.645 -14.645
  -7.955 -14.742 -14.742
  -7.916 -14.850 -14.850
  -7.879 -14.676 -14.676
  -7.846 -14.818 -14.818
  -7.815 -14.863 -14.863
  -7.786 -14.927 -14.927
  -7.758 -14.968 -14.968
  -7.733 -14.927 -14.927
  -7.709 -14.859 -14.859
  -7.686 -14.685 -14.857
  -7.664 -15.022 -15.022
  -7.643 -14.928 -14.928
  -7.624 -14.810 -14.972
  -7.605 -15.155 -15.155
  -7.586 -14.827 -15.112
  -7.569 -15.050 -15.050
  -7.552 -15.148 -15.148
  -7.536 -15.148 -15.148
  -7.521 -14.985 -15.278
  -7.506 -15.267 -15.267
  -7.491 -15.060 -15.060
  -7.477 -15.273 -15.273
  -7.464 -15.124 -15.124
  -7.451 -15.263 -15.263
  -7.438 -15.301 -15.301
  -7.425 -15.480 -15.480
  -7.413 -15.535 -15.535
  -7.401 -15.157 -15.389
  -7.390 -14.815 -14.979
  -7.379 -15.276 -15.276
  -7.368 -15.591 -15.591
  -7.357 -15.256 -15.256
  -7.347 -15.220 -15.456
  -7.337 -15.404 -15.404
  -7.327 -15.426 -15.426
  -7.317 -15.648 -15.648
  -7.308 -15.228 -15.593
  -7.299 -15.431 -15.733
  -7.290 -15.695 -15.695
  -7.281 -15.200 -15.419
  -7.272 -15.296 -15.593
  -7.264 -15.437 -15.647
  -7.255 -15.425 -15.642
  -7.247 -15.185 -15.185
  -7.239 -15.595 -15.595
  -7.231 -15.866 -16.089
  -7.223 -15.360 -15.360
  -7.216 -15.820 -15.820
  -7.208 -15.367 -15.367
  -7.201 -15.577 -15.577
  -7.194 -15.634 -15.634
  -7.187 -15.167 -15.167
  -7.180 -15.804 -15.804
  -7.173 -15.925 -15.925
  -7.166 -15.755 -15.755
  -7.159 -15.402 -15.402
  -7.153 -15.174 -15.579
  -7.146 -15.565 -15.750
  -7.140 -15.553 -15.553
  -7.133 -15.777 -15.777
  -7.127 -15.707 -15.707
  -7.121 -15.870 -15.870
  -7.115 -15.933 -15.933
  -7.109 -15.847 -16.140
  -7.103 -15.544 -16.116
  -7.098 -15.460 -15.727
  -7.092 -14.892 -16.048
  -7.086 -15.397 -15.629
  -7.081 -16.005 -16.159
  -7.075 -15.870 -16.030
  -7.070 -14.708 -15.808
  -7.064 -15.815 -16.055
  -7.059 -15.243 -15.243
  -7.054 -15.674 -15.979
  -7.049 -15.882 -15.882
  -7.043 -16.392 -16.392
  -7.038 -15.937 -15.937
  -7.033 -15.751 -15.751
  -7.029 -16.305 -16.575
  -7.024 -16.051 -16.051
  -7.019 -15.806 -15.961
  -7.014 -15.986 -15.986
  -7.009 -15.773 -15.976
  -7.005 -16.230 -16.230
  -7.000 -16.261 -16.433
  -6.995 -15.834 -16.048
  -6.991 -16.489 -16.489
  -6.986 -15.941 -16.509
  -6.982 -15.936 -15.936
  -6.978 -16.253 -16.253
  -6.973 -16.047 -16.295
  -6.969 -16.215 -16.458
  -6.965 -16.597 -21.416
  -6.961 -15.247 -16.509
  -6.956 -16.371 -16.582
  -6.952 -15.136 -16.503
  -6.948 -16.619 -16.833
  -6.944 -15.843 -15.843
  -6.940 -15.724 -16.105
  -6.936 -16.041 -16.207
  -6.932 -15.976 -16.184
  -6.928 -15.702 -15.702
  -6.924 -15.561 -16.153
  -6.920 -15.278 -16.003
  -6.917 -15.656 -15.811
  -6.913 -16.056 -16.515
  -6.909 -15.815 -16.537
  -6.905 -16.394 -17.236
  -6.902 -15.549 -16.163
  -6.898 -16.568 -16.776
  -6.894 -15.684 -15.943
  -6.891 -16.264 -16.768
  -6.887 -16.143 -16.143
  -6.884 -16.604 -17.016
  -6.880 -15.260 -49.500
  -6.877 -14.947 -15.982
  -6.873 -15.783 -16.295
  -6.870 -49.500     NaN
  -6.867 -16.909 -17.230
  -6.863 -15.849 -16.461
  -6.860 -16.668 -16.934
  -6.857 -15.956 -16.705
  -6.853 -49.500     NaN
  -6.850 -16.091 -16.793
  -6.847 -15.821 -49.500
  -6.844 -15.980 -16.191
  -6.840 -16.200 -16.815
  -6.837 -16.115 -49.500
  -6.834 -15.686 -15.981
  -6.831 -16.289 -16.795
  -6.828 -15.650 -49.500
  -6.825 -16.524 -17.159
  -6.822 -15.994 -16.284
  -6.819 -15.223 -16.372
  -6.816 -16.114 -16.964
  -6.813 -16.712 -49.500
  -6.810 -16.150 -16.798
  -6.807 -16.061 -16.482
  -6.804 -49.500     NaN
  -6.801 -16.242 -49.500
  -6.798 -15.870 -16.372
  -6.795 -15.952 -16.521
  -6.792 -16.455 -49.500
  -6.789 -16.053 -16.306
  -6.787 -49.500     NaN
  -6.784 -49.500     NaN
  -6.781 -16.122 -49.500
  -6.778 -16.570 -49.500
  -6.775 -17.253 -49.500
  -6.773 -16.009 -16.242
  -6.770 -16.306 -49.500
  -6.767 -16.066 -16.597
  -6.765 -49.500 -49.500
  -6.762 -49.500 -49.500
  -6.759 -49.500     NaN
  -6.757 -16.619 -16.881
  -6.754 -17.083 -49.500
  -6.751 -49.500     NaN
  -6.749 -16.283 -16.283
  -6.746 -16.256 -49.500
  -6.744 -15.727 -49.500
  -6.741 -15.326 -15.894
  -6.739 -16.412 -49.500
  -6.736 -49.500 -49.500
  -6.734 -17.057 -49.500
  -6.731 -16.343 -49.500
  -6.729 -49.500     NaN
  -6.726 -16.304 -16.924
  -6.724 -49.500 -49.500
  -6.721 -15.766 -15.766
  -6.719 -49.500     NaN
  -6.717 -49.500 -49.500
  -6.714 -49.500     NaN
  -6.712 -49.500     NaN
  -6.709 -16.285 -49.500
  -6.707 -49.500 -49.500
  -6.705 -49.500     NaN
  -6.702 -49.500     NaN
  -6.700 -49.500     NaN
  -6.698 -49.500     NaN
  -6.696 -49.500 -49.500
  -6.693 -49.500     NaN
  -6.691 -49.500 -49.500
  -6.689 -49.500 -49.500
  -6.687 -14.922 -15.930
  -6.684 -16.445 -49.500
  -6.682 -49.500 -49.500
  -6.680 -49.500 -49.500
  -6.678 -49.500     NaN
  -6.675 -15.964 -49.500
  -6.673 -16.156 -49.500
  -6.671 -49.500     NaN
  -6.669 -49.500     NaN
  -6.667 -16.591 -49.500
  -6.665 -49.500 -49.500
  -6.663 -15.156 -15.156
  -6.661 -16.630 -49.500
  -6.658 -49.500 -49.500
  -6.656 -15.821 -49.500
  -6.654 -16.119 -16.567
  -6.652 -16.644 -49.500
  -6.650 -16.542 -49.500
  -6.648 -16.265 -16.265
  -6.646 -15.807 -49.500
  -6.644 -49.500 -49.500
  -6.642 -49.500     NaN
  -6.640 -49.500     NaN
  -6.638 -16.451 -49.500
  -6.636 -49.500 -49.500
  -6.634 -16.984 -16.984
  -6.632 -49.500     NaN
  -6.630 -49.500     NaN
  -6.628 -49.500 -49.500
  -6.626 -49.500     NaN
  -6.624 -49.500 -49.500
  -6.622 -16.620 -16.620
  -6.620 -49.500     NaN
  -6.618 -49.500 -49.500
  -6.617 -15.650 -16.953
  -6.615 -49.500 -49.500
  -6.613 -16.163 -16.163
  -6.611 -16.591 -49.500
  -6.609 -49.500 -49.500
  -6.607 -49.500     NaN
  -6.605 -16.146 -16.146
  -6.603 -16.217 -16.217
  -6.602 -49.500 -49.500
  -6.600 -49.500 -49.500
  -6.598 -16.627 -16.627
  -6.596 -49.500 -49.500
  -6.594 -49.500 -49.500
