  -8.861 -14.271 -14.271
  -8.599 -14.234 -14.234
  -8.442 -14.462 -14.462
  -8.329 -14.518 -14.518
  -8.239 -14.559 -14.559
  -8.166 -14.625 -14.625
  -8.103 -14.706 -14.706
  -8.048 -14.722 -14.722
  -7.999 -14.672 -14.672
  -7.955 -14.816 -14.816
  -7.916 -14.766 -14.766
  -7.879 -14.684 -14.684
  -7.846 -14.884 -14.884
  -7.815 -14.792 -14.792
  -7.786 -14.926 -14.926
  -7.758 -14.771 -14.771
  -7.733 -15.071 -15.071
  -7.709 -15.041 -15.041
  -7.686 -14.981 -14.981
  -7.664 -14.843 -14.843
  -7.643 -14.958 -14.958
  -7.624 -15.060 -15.060
  -7.605 -15.085 -15.239
  -7.586 -15.113 -15.113
  -7.569 -15.022 -15.022
  -7.552 -15.209 -15.209
  -7.536 -15.079 -15.079
  -7.521 -14.806 -15.172
  -7.506 -15.069 -15.069
  -7.491 -15.083 -15.259
  -7.477 -14.949 -14.949
  -7.464 -15.256 -15.256
  -7.451 -15.391 -15.391
  -7.438 -15.213 -15.213
  -7.425 -15.237 -15.237
  -7.413 -15.424 -15.424
  -7.401 -15.069 -15.316
  -7.390 -15.490 -15.490
  -7.379 -15.381 -15.381
  -7.368 -15.453 -15.453
  -7.357 -15.328 -15.328
  -7.347 -15.242 -15.242
  -7.337 -15.023 -15.298
  -7.327 -15.456 -15.456
  -7.317 -15.142 -15.531
  -7.308 -15.557 -15.557
  -7.299 -15.276 -15.276
  -7.290 -15.413 -15.413
  -7.281 -15.192 -15.349
  -7.272 -15.571 -15.571
  -7.264 -15.230 -15.415
  -7.255 -14.684 -15.600
  -7.247 -15.517 -15.676
  -7.239 -15.052 -15.417
  -7.231 -15.816 -15.816
  -7.223 -15.839 -15.839
  -7.216 -15.603 -15.603
  -7.208 -15.016 -15.177
  -7.201 -15.140 -15.564
  -7.194 -15.636 -15.636
  -7.187 -15.488 -16.010
  -7.180 -15.737 -15.737
  -7.173 -15.612 -15.800
  -7.166 -15.822 -15.822
  -7.159 -15.159 -15.325
  -7.153 -15.460 -15.460
  -7.146 -15.131 -16.207
  -7.140 -15.961 -15.961
  -7.133 -16.016 -16.016
  -7.127 -15.918 -15.918
  -7.121 -15.528 -15.966
  -7.115 -15.418 -15.670
  -7.109 -15.867 -15.867
  -7.103 -15.600 -15.600
  -7.098 -15.699 -15.699
  -7.092 -15.690 -15.914
  -7.086 -15.843 -16.480
  -7.081 -15.921 -16.201
  -7.075 -15.821 -16.037
  -7.070 -15.745 -16.096
  -7.064 -16.125 -16.125
  -7.059 -15.859 -16.157
  -7.054 -16.033 -16.033
  -7.049 -15.349 -15.740
  -7.043 -15.091 -15.441
  -7.038 -15.747 -16.161
  -7.033 -15.786 -15.977
  -7.029 -15.897 -16.095
  -7.024 -16.328 -16.520
  -7.019 -15.472 -16.076
  -7.014 -15.580 -16.231
  -7.009 -16.332 -16.332
  -7.005 -16.301 -16.301
  -7.000 -15.168 -15.737
  -6.995 -16.478 -16.628
  -6.991 -16.216 -16.216
  -6.986 -14.772 -16.230
  -6.982 -15.865 -16.049
  -6.978 -15.692 -15.936
  -6.973 -16.177 -16.177
  -6.969 -16.058 -16.459
  -6.965 -15.211 -16.633
  -6.961 -15.755 -16.304
  -6.956 -15.895 -15.895
  -6.952 -15.915 -16.078
  -6.948 -15.756 -16.049
  -6.944 -16.119 -16.573
  -6.940 -15.193 -16.050
  -6.936 -15.131 -15.945
  -6.932 -16.138 -16.138
  -6.928 -16.200 -16.462
  -6.924 -16.878 -22.140
  -6.920 -15.992 -16.561
  -6.917 -15.335 -16.270
  -6.913 -16.303 -16.459
  -6.909 -15.966 -16.736
  -6.905 -16.079 -16.079
  -6.902 -16.145 -16.317
  -6.898 -16.113 -16.576
  -6.894 -15.673 -49.500
  -6.891 -49.500     NaN
  -6.887 -16.345 -16.530
  -6.884 -16.160 -16.432
  -6.880 -16.090 -16.415
  -6.877 -17.160 -49.500
  -6.873 -16.594 -17.107
  -6.870 -16.455 -16.691
  -6.867 -49.500     NaN
  -6.863 -16.761 -49.500
  -6.860 -15.628 -16.651
  -6.857 -16.224 -16.774
  -6.853 -49.500     NaN
  -6.850 -16.168 -16.718
  -6.847 -15.893 -16.227
  -6.844 -16.044 -49.500
  -6.840 -16.597 -49.500
  -6.837 -16.280 -16.716
  -6.834 -16.389 -16.625
  -6.831 -16.952 -49.500
  -6.828 -15.829 -16.385
  -6.825 -16.231 -16.555
  -6.822 -15.422 -16.676
  -6.819 -16.043 -16.312
  -6.816 -16.513 -49.500
  -6.813 -17.176 -49.500
  -6.810 -16.105 -16.550
  -6.807 -49.500     NaN
  -6.804 -15.435 -16.203
  -6.801 -49.500     NaN
  -6.798 -14.943 -15.726
  -6.795 -49.500     NaN
  -6.792 -49.500     NaN
  -6.789 -49.500     NaN
  -6.787 -16.263 -16.455
  -6.784 -16.634 -49.500
  -6.781 -49.500     NaN
  -6.778 -15.655 -16.430
  -6.775 -49.500     NaN
  -6.773 -16.096 -49.500
  -6.770 -16.141 -49.500
  -6.767 -16.151 -16.470
  -6.765 -49.500 -49.500
  -6.762 -15.603 -16.631
  -6.759 -15.882 -16.564
  -6.757 -16.523 -49.500
  -6.754 -16.169 -49.500
  -6.751 -15.647 -49.500
  -6.749 -49.500     NaN
  -6.746 -16.142 -16.460
  -6.744 -16.666 -16.666
  -6.741 -16.694 -16.694
  -6.739 -16.372 -16.769
  -6.736 -49.500     NaN
  -6.734 -16.034 -16.206
  -6.731 -49.500     NaN
  -6.729 -16.578 -49.500
  -6.726 -49.500     NaN
  -6.724 -49.500     NaN
  -6.721 -16.539 -16.910
  -6.719 -49.500 -49.500
  -6.717 -15.438 -16.485
  -6.714 -49.500     NaN
  -6.712 -49.500     NaN
  -6.709 -49.500     NaN
  -6.707 -49.500     NaN
  -6.705 -15.592 -15.592
  -6.702 -49.500 -49.500
  -6.700 -16.391 -49.500
  -6.698 -15.987 -49.500
  -6.696 -16.106 -16.389
  -6.693 -49.500 -49.500
  -6.691 -49.500     NaN
  -6.689 -16.365 -49.500
  -6.687 -15.759 -49.500
  -6.684 -49.500 -49.500
  -6.682 -49.500     NaN
  -6.680 -49.500     NaN
  -6.678 -15.945 -15.945
  -6.675 -16.227 -49.500
  -6.673 -16.177 -16.177
  -6.671 -49.500 -49.500
  -6.669 -49.500     NaN
  -6.667 -49.500 -49.500
  -6.665 -49.500 -49.500
  -6.663 -49.500 -49.500
  -6.661 -49.500     NaN
  -6.658 -49.500     NaN
  -6.656 -49.500     NaN
  -6.654 -49.500 -49.500
  -6.652 -16.136 -49.500
  -6.650 -16.558 -16.558
  -6.648 -49.500 -49.500
  -6.646 -16.061 -49.500
  -6.644 -49.500 -49.500
  -6.642 -49.500 -49.500
  -6.640 -17.064 -49.500
  -6.638 -49.500 -49.500
  -6.636 -49.500     NaN
  -6.634 -15.675 -49.500
  -6.632 -49.500 -49.500
  -6.630 -49.500 -49.500
  -6.628 -49.500 -49.500
  -6.626 -49.500 -49.500
  -6.624 -49.500 -49.500
  -6.622 -15.880 -15.880
  -6.620 -49.500 -49.500
  -6.618 -17.182 -17.182
  -6.617 -49.500 -49.500
  -6.615 -49.500 -49.500
  -6.613 -49.500     NaN
  -6.611 -16.397 -16.397
  -6.609 -49.500 -49.500
  -6.607 -49.500 -49.500
  -6.605 -16.094 -49.500
  -6.603 -49.500 -49.500
  -6.602 -49.500 -49.500
  -6.600 -49.500     NaN
  -6.598 -49.500 -49.500
  -6.596 -49.500 -49.500
  -6.594 -49.500 -49.500
