  -8.861 -14.253 -14.253
  -8.599 -14.360 -14.360
  -8.442 -14.442 -14.442
  -8.329 -14.507 -14.507
  -8.239 -14.551 -14.551
  -8.166 -14.594 -14.594
  -8.103 -14.654 -14.654
  -8.048 -14.706 -14.706
  -7.999 -14.774 -14.774
  -7.955 -14.737 -14.737
  -7.916 -14.716 -14.716
  -7.879 -14.837 -14.837
  -7.846 -14.785 -14.785
  -7.815 -14.816 -14.987
  -7.786 -14.932 -14.932
  -7.758 -14.536 -14.762
  -7.733 -14.862 -14.862
  -7.709 -14.844 -14.844
  -7.686 -14.951 -14.951
  -7.664 -14.713 -15.032
  -7.643 -14.948 -14.948
  -7.624 -15.083 -15.083
  -7.605 -14.749 -15.021
  -7.586 -14.898 -15.055
  -7.569 -14.989 -15.145
  -7.552 -14.929 -14.929
  -7.536 -15.254 -15.254
  -7.521 -15.194 -15.194
  -7.506 -15.222 -15.222
  -7.491 -15.511 -15.511
  -7.477 -15.232 -15.232
  -7.464 -15.352 -15.352
  -7.451 -15.041 -15.285
  -7.438 -14.981 -15.366
  -7.425 -15.249 -15.405
  -7.413 -15.309 -15.309
  -7.401 -14.935 -14.935
  -7.390 -15.382 -15.382
  -7.379 -15.395 -15.395
  -7.368 -15.194 -15.194
  -7.357 -15.640 -15.640
  -7.347 -15.172 -15.372
  -7.337 -15.298 -15.298
  -7.327 -15.163 -15.163
  -7.317 -15.462 -15.462
  -7.308 -15.109 -15.369
  -7.299 -15.432 -15.681
  -7.290 -15.419 -15.419
  -7.281 -15.420 -15.420
  -7.272 -15.402 -15.599
  -7.264 -15.538 -15.538
  -7.255 -15.172 -15.765
  -7.247 -15.593 -15.752
  -7.239 -15.693 -15.693
  -7.231 -15.391 -15.722
  -7.223 -14.796 -15.053
  -7.216 -15.553 -15.553
  -7.208 -15.697 -15.697
  -7.201 -14.592 -15.811
  -7.194 -15.445 -15.653
  -7.187 -15.145 -15.586
  -7.180 -15.910 -15.910
  -7.173 -15.580 -15.862
  -7.166 -15.409 -15.742
  -7.159 -14.961 -15.365
  -7.153 -15.747 -15.971
  -7.146 -15.747 -15.747
  -7.140 -15.519 -15.684
  -7.133 -15.771 -15.771
  -7.127 -15.930 -15.930
  -7.121 -15.986 -15.986
  -7.115 -15.860 -16.021
  -7.109 -15.628 -15.956
  -7.103 -15.298 -15.686
  -7.098 -16.265 -16.437
  -7.092 -15.748 -15.748
  -7.086 -16.088 -16.088
  -7.081 -16.656 -16.912
  -7.075 -15.819 -15.819
  -7.070 -15.933 -16.088
  -7.064 -15.466 -15.841
  -7.059 -15.994 -16.266
  -7.054 -16.086 -16.086
  -7.049 -15.573 -15.825
  -7.043 -15.766 -15.939
  -7.038 -16.274 -16.488
  -7.033 -15.531 -15.828
  -7.029 -16.049 -16.049
  -7.024 -16.286 -16.584
  -7.019 -15.545 -15.713
  -7.014 -16.360 -16.360
  -7.009 -16.483 -16.483
  -7.005 -15.907 -15.907
  -7.000 -16.272 -16.272
  -6.995 -15.644 -16.250
  -6.991 -15.674 -15.828
  -6.986 -16.175 -16.385
  -6.982 -15.913 -16.175
  -6.978 -15.308 -16.133
  -6.973 -15.799 -16.451
  -6.969 -14.902 -15.496
  -6.965 -15.888 -16.274
  -6.961 -15.325 -15.993
  -6.956 -15.775 -16.627
  -6.952 -15.944 -16.875
  -6.948 -15.271 -16.238
  -6.944 -15.172 -15.339
  -6.940 -16.101 -16.850
  -6.936 -15.954 -16.110
  -6.932 -16.873 -17.074
  -6.928 -16.054 -16.054
  -6.924 -15.651 -15.994
  -6.920 -15.647 -16.254
  -6.917 -16.145 -16.448
  -6.913 -16.084 -16.401
  -6.909 -16.069 -16.226
  -6.905 -16.574 -16.897
  -6.902 -15.654 -16.996
  -6.898 -16.330 -16.330
  -6.894 -15.305 -16.364
  -6.891 -16.546 -16.830
  -6.887 -15.941 -16.435
  -6.884 -16.398 -16.618
  -6.880 -16.002 -16.002
  -6.877 -16.185 -16.854
  -6.873 -15.966 -16.238
  -6.870 -16.440 -16.674
  -6.867 -16.567 -16.905
  -6.863 -16.494 -49.500
  -6.860 -16.388 -49.500
  -6.857 -15.953 -15.953
  -6.853 -16.167 -16.890
  -6.850 -16.175 -17.423
  -6.847 -49.500 -49.500
  -6.844 -16.404 -17.154
  -6.840 -16.729 -16.886
  -6.837 -15.967 -16.471
  -6.834 -15.950 -49.500
  -6.831 -16.761 -49.500
  -6.828 -16.626 -49.500
  -6.825 -16.451 -49.500
  -6.822 -15.949 -16.244
  -6.819 -15.987 -16.450
  -6.816 -16.040 -49.500
  -6.813 -16.008 -49.500
  -6.810 -17.046 -49.500
  -6.807 -16.296 -16.570
  -6.804 -49.500     NaN
  -6.801 -16.317 -49.500
  -6.798 -49.500     NaN
  -6.795 -16.657 -16.861
  -6.792 -16.265 -16.550
  -6.789 -15.895 -49.500
  -6.787 -16.589 -49.500
  -6.784 -17.090 -49.500
  -6.781 -49.500     NaN
  -6.778 -16.471 -49.500
  -6.775 -16.044 -16.631
  -6.773 -16.715 -49.500
  -6.770 -49.500     NaN
  -6.767 -49.500     NaN
  -6.765 -16.096 -16.776
  -6.762 -49.500     NaN
  -6.759 -16.868 -49.500
  -6.757 -15.214 -15.214
  -6.754 -16.787 -17.056
  -6.751 -49.500 -49.500
  -6.749 -15.764 -15.764
  -6.746 -13.787 -15.810
  -6.744 -49.500     NaN
  -6.741 -49.500 -49.500
  -6.739 -49.500     NaN
  -6.736 -16.964 -49.500
  -6.734 -16.345 -16.569
  -6.731 -49.500     NaN
  -6.729 -49.500     NaN
  -6.726 -15.962 -15.962
  -6.724 -15.541 -49.500
  -6.721 -14.912 -16.403
  -6.719 -16.194 -49.500
  -6.717 -16.409 -16.838
  -6.714 -16.622 -49.500
  -6.712 -49.500 -49.500
  -6.709 -49.500     NaN
  -6.707 -16.286 -16.590
  -6.705 -15.290 -49.500
  -6.702 -49.500     NaN
  -6.700 -15.897 -16.573
  -6.698 -49.500     NaN
  -6.696 -49.500     NaN
  -6.693 -49.500 -49.500
  -6.691 -16.702 -49.500
  -6.689 -49.500 -49.500
  -6.687 -49.500 -49.500
  -6.684 -49.500 -49.500
  -6.682 -49.500 -49.500
  -6.680 -49.500     NaN
  -6.678 -16.049 -16.262
  -6.675 -49.500     NaN
  -6.673 -15.926 -15.926
  -6.671 -49.500 -49.500
  -6.669 -15.254 -49.500
  -6.667 -15.933 -49.500
  -6.665 -15.994 -49.500
  -6.663 -49.500 -49.500
  -6.661 -16.475 -16.475
  -6.658 -49.500 -49.500
  -6.656 -49.500     NaN
  -6.654 -49.500 -49.500
  -6.652 -49.500     NaN
  -6.650 -49.500     NaN
  -6.648 -49.500 -49.500
  -6.646 -49.500     NaN
  -6.644 -16.172 -49.500
  -6.642 -49.500 -49.500
  -6.640 -49.500     NaN
  -6.638 -49.500     NaN
  -6.636 -16.115 -16.115
  -6.634 -49.500 -49.500
  -6.632 -49.500     NaN
  -6.630 -49.500 -49.500
  -6.628 -49.500 -49.500
  -6.626 -16.166 -16.166
  -6.624 -49.500 -49.500
  -6.622 -49.500     NaN
  -6.620 -49.500 -49.500
  -6.618 -49.500 -49.500
  -6.617 -49.500 -49.500
  -6.615 -49.500     NaN
  -6.613 -49.500 -49.500
  -6.611 -49.500 -49.500
  -6.609 -16.184 -49.500
  -6.607 -49.500 -49.500
  -6.605 -14.578 -14.578
  -6.603 -49.500     NaN
  -6.602 -49.500 -49.500
  -6.600 -16.036 -16.036
  -6.598 -49.500 -49.500
  -6.596 -16.672 -16.672
  -6.594 -49.500 -49.500
