  -8.861 -14.278 -14.278
  -8.599 -14.349 -14.349
  -8.442 -14.430 -14.430
  -8.329 -14.457 -14.457
  -8.239 -14.589 -14.589
  -8.166 -14.589 -14.589
  -8.103 -14.641 -14.641
  -8.048 -14.623 -14.623
  -7.999 -14.663 -14.663
  -7.955 -14.729 -14.729
  -7.916 -14.777 -14.777
  -7.879 -14.851 -14.851
  -7.846 -14.903 -14.903
  -7.815 -14.922 -14.922
  -7.786 -14.800 -14.800
  -7.758 -15.069 -15.069
  -7.733 -14.889 -14.889
  -7.709 -14.894 -14.894
  -7.686 -14.943 -14.943
  -7.664 -14.816 -14.816
  -7.643 -14.832 -14.832
  -7.624 -14.718 -15.048
  -7.605 -15.133 -15.133
  -7.586 -15.195 -15.195
  -7.569 -15.043 -15.043
  -7.552 -15.058 -15.058
  -7.536 -14.932 -14.932
  -7.521 -15.148 -15.148
  -7.506 -14.978 -14.978
  -7.491 -15.287 -15.287
  -7.477 -15.222 -15.222
  -7.464 -15.375 -15.375
  -7.451 -15.217 -15.217
  -7.438 -15.105 -15.105
  -7.425 -15.061 -15.305
  -7.413 -15.105 -15.360
  -7.401 -15.384 -15.384
  -7.390 -14.975 -15.361
  -7.379 -14.952 -15.256
  -7.368 -15.260 -15.260
  -7.357 -15.360 -15.360
  -7.347 -15.601 -15.601
  -7.337 -15.122 -15.284
  -7.327 -15.149 -15.375
  -7.317 -15.177 -15.345
  -7.308 -15.712 -15.712
  -7.299 -15.451 -15.451
  -7.290 -15.370 -15.370
  -7.281 -15.482 -15.482
  -7.272 -15.115 -15.729
  -7.264 -14.891 -15.495
  -7.255 -15.365 -15.365
  -7.247 -15.604 -15.860
  -7.239 -15.220 -15.220
  -7.231 -15.607 -15.607
  -7.223 -15.661 -15.661
  -7.216 -14.944 -15.452
  -7.208 -15.716 -15.716
  -7.201 -15.609 -15.823
  -7.194 -15.878 -15.878
  -7.187 -15.225 -15.544
  -7.180 -15.953 -15.953
  -7.173 -15.835 -16.006
  -7.166 -15.900 -15.900
  -7.159 -15.948 -15.948
  -7.153 -15.471 -15.953
  -7.146 -15.726 -15.726
  -7.140 -15.280 -15.908
  -7.133 -15.244 -15.820
  -7.127 -15.864 -16.053
  -7.121 -15.852 -16.075
  -7.115 -15.503 -15.654
  -7.109 -15.716 -15.881
  -7.103 -16.112 -16.112
  -7.098 -15.311 -15.979
  -7.092 -15.640 -15.908
  -7.086 -15.885 -15.885
  -7.081 -15.944 -16.188
  -7.075 -15.638 -15.922
  -7.070 -16.137 -16.137
  -7.064 -15.751 -15.913
  -7.059 -15.609 -15.819
  -7.054 -15.417 -15.898
  -7.049 -15.685 -15.685
  -7.043 -15.482 -15.806
  -7.038 -15.282 -15.935
  -7.033 -15.953 -16.447
  -7.029 -15.437 -15.600
  -7.024 -15.556 -15.834
  -7.019 -16.077 -16.253
  -7.014 -15.775 -16.002
  -7.009 -15.663 -15.861
  -7.005 -16.013 -16.519
  -7.000 -15.954 -16.318
  -6.995 -16.010 -16.220
  -6.991 -15.686 -16.009
  -6.986 -15.959 -16.453
  -6.982 -15.995 -16.180
  -6.978 -16.190 -16.190
  -6.973 -16.090 -16.090
  -6.969 -15.478 -15.640
  -6.965 -15.407 -16.257
  -6.961 -16.468 -16.844
  -6.956 -16.189 -16.189
  -6.952 -14.958 -15.215
  -6.948 -17.326 -23.055
  -6.944 -15.793 -16.384
  -6.940 -16.132 -17.088
  -6.936 -14.835 -22.378
  -6.932 -15.845 -16.005
  -6.928 -16.012 -16.492
  -6.924 -16.255 -16.459
  -6.920 -16.724 -16.954
  -6.917 -15.675 -16.977
  -6.913 -15.811 -16.114
  -6.909 -15.688 -16.158
  -6.905 -15.801 -15.801
  -6.902 -16.334 -16.512
  -6.898 -15.774 -16.917
  -6.894 -16.186 -17.003
  -6.891 -15.807 -15.807
  -6.887 -16.816 -17.057
  -6.884 -15.979 -15.979
  -6.880 -16.329 -16.576
  -6.877 -16.379 -16.379
  -6.873 -15.689 -16.178
  -6.870 -16.446 -49.500
  -6.867 -15.896 -15.896
  -6.863 -16.122 -16.333
  -6.860 -16.604 -16.864
  -6.857 -16.989 -17.279
  -6.853 -16.438 -17.186
  -6.850 -16.202 -16.711
  -6.847 -16.036 -16.196
  -6.844 -16.611 -16.910
  -6.840 -16.425 -16.761
  -6.837 -15.241 -16.572
  -6.834 -16.310 -49.500
  -6.831 -16.353 -16.628
  -6.828 -16.199 -49.500
  -6.825 -16.205 -49.500
  -6.822 -15.897 -16.109
  -6.819 -49.500     NaN
  -6.816 -16.272 -16.439
  -6.813 -49.500     NaN
  -6.810 -16.357 -49.500
  -6.807 -16.476 -49.500
  -6.804 -15.610 -15.778
  -6.801 -17.045 -49.500
  -6.798 -16.401 -16.716
  -6.795 -16.351 -16.936
  -6.792 -49.500 -49.500
  -6.789 -15.507 -15.912
  -6.787 -16.678 -49.500
  -6.784 -49.500     NaN
  -6.781 -49.500     NaN
  -6.778 -49.500     NaN
  -6.775 -16.954 -49.500
  -6.773 -49.500     NaN
  -6.770 -16.436 -49.500
  -6.767 -16.392 -49.500
  -6.765 -49.500     NaN
  -6.762 -49.500     NaN
  -6.759 -15.732 -49.500
  -6.757 -16.081 -49.500
  -6.754 -16.920 -49.500
  -6.751 -49.500     NaN
  -6.749 -17.028 -49.500
  -6.746 -49.500 -49.500
  -6.744 -16.955 -49.500
  -6.741 -16.388 -16.598
  -6.739 -16.801 -49.500
  -6.736 -49.500 -49.500
  -6.734 -16.305 -49.500
  -6.731 -16.873 -49.500
  -6.729 -16.018 -16.018
  -6.726 -49.500 -49.500
  -6.724 -49.500     NaN
  -6.721 -16.865 -49.500
  -6.719 -49.500     NaN
  -6.717 -15.754 -16.674
  -6.714 -15.816 -16.376
  -6.712 -49.500     NaN
  -6.709 -49.500     NaN
  -6.707 -49.500 -49.500
  -6.705 -49.500 -49.500
  -6.702 -49.500     NaN
  -6.700 -49.500 -49.500
  -6.698 -16.386 -16.593
  -6.696 -16.362 -16.570
  -6.693 -15.615 -15.877
  -6.691 -49.500 -49.500
  -6.689 -15.801 -16.279
  -6.687 -16.521 -16.521
  -6.684 -15.573 -49.500
  -6.682 -17.062 -17.062
  -6.680 -49.500 -49.500
  -6.678 -16.762 -49.500
  -6.675 -16.715 -49.500
  -6.673 -49.500     NaN
  -6.671 -16.294 -16.831
  -6.669 -49.500     NaN
  -6.667 -16.719 -16.719
  -6.665 -49.500 -49.500
  -6.663 -49.500 -49.500
  -6.661 -49.500     NaN
  -6.658 -49.500 -49.500
  -6.656 -49.500 -49.500
  -6.654 -49.500     NaN
  -6.652 -49.500 -49.500
  -6.650 -49.500     NaN
  -6.648 -49.500     NaN
  -6.646 -16.795 -49.500
  -6.644 -49.500 -49.500
  -6.642 -16.306 -49.500
  -6.640 -49.500     NaN
  -6.638 -16.232 -16.232
  -6.636 -16.158 -16.329
  -6.634 -49.500     NaN
  -6.632 -49.500     NaN
  -6.630 -49.500     NaN
  -6.628 -49.500 -49.500
  -6.626 -16.523 -16.523
  -6.624 -49.500     NaN
  -6.622 -49.500 -49.500
  -6.620 -49.500     NaN
  -6.618 -49.500 -49.500
  -6.617 -16.131 -49.500
  -6.615 -49.500 -49.500
  -6.613 -49.500 -49.500
  -6.611 -15.764 -15.764
  -6.609 -15.856 -49.500
  -6.607 -49.500 -49.500
  -6.605 -15.147 -15.712
  -6.603 -49.500 -49.500
  -6.602 -49.500 -49.500
  -6.600 -49.500     NaN
  -6.598 -16.507 -49.500
  -6.596 -49.500     NaN
  -6.594 -49.500 -49.500
