  -8.861 -14.265 -14.265
  -8.599 -14.379 -14.379
  -8.442 -14.446 -14.446
  -8.329 -14.530 -14.530
  -8.239 -14.530 -14.530
  -8.166 -14.589 -14.589
  -8.103 -14.675 -14.675
  -8.048 -14.612 -14.612
  -7.999 -14.715 -14.715
  -7.955 -14.732 -14.732
  -7.916 -14.817 -14.817
  -7.879 -14.845 -14.845
  -7.846 -14.665 -14.845
  -7.815 -14.826 -14.826
  -7.786 -14.937 -14.937
  -7.758 -14.821 -14.821
  -7.733 -14.864 -14.864
  -7.709 -14.832 -14.832
  -7.686 -14.863 -14.863
  -7.664 -14.999 -14.999
  -7.643 -14.946 -14.946
  -7.624 -15.118 -15.118
  -7.605 -15.340 -15.340
  -7.586 -15.000 -15.000
  -7.569 -15.056 -15.056
  -7.552 -14.845 -15.059
  -7.536 -15.125 -15.125
  -7.521 -14.831 -15.014
  -7.506 -14.983 -14.983
  -7.491 -15.133 -15.360
  -7.477 -14.571 -15.153
  -7.464 -15.258 -15.258
  -7.451 -15.128 -15.128
  -7.438 -15.295 -15.295
  -7.425 -15.191 -15.465
  -7.413 -15.328 -15.328
  -7.401 -15.232 -15.389
  -7.390 -15.535 -15.535
  -7.379 -15.501 -15.501
  -7.368 -15.057 -15.057
  -7.357 -15.109 -15.307
  -7.347 -15.662 -15.662
  -7.337 -15.175 -15.536
  -7.327 -15.410 -15.410
  -7.317 -15.409 -15.409
  -7.308 -15.063 -15.355
  -7.299 -15.323 -15.545
  -7.290 -15.601 -15.601
  -7.281 -15.710 -15.710
  -7.272 -15.474 -15.474
  -7.264 -15.476 -15.786
  -7.255 -15.504 -15.504
  -7.247 -15.959 -15.959
  -7.239 -15.151 -15.336
  -7.231 -15.733 -15.733
  -7.223 -15.759 -15.759
  -7.216 -15.725 -15.725
  -7.208 -15.471 -15.471
  -7.201 -15.069 -15.401
  -7.194 -15.859 -15.859
  -7.187 -15.745 -15.745
  -7.180 -15.598 -15.598
  -7.173 -15.761 -15.761
  -7.166 -15.397 -15.851
  -7.159 -15.681 -15.681
  -7.153 -16.093 -16.093
  -7.146 -15.649 -15.649
  -7.140 -15.824 -16.022
  -7.133 -15.844 -16.008
  -7.127 -15.443 -15.617
  -7.121 -15.913 -15.913
  -7.115 -16.076 -16.256
  -7.109 -15.888 -15.888
  -7.103 -15.915 -15.915
  -7.098 -15.640 -15.640
  -7.092 -15.418 -15.418
  -7.086 -16.063 -16.507
  -7.081 -15.500 -15.710
  -7.075 -15.555 -15.778
  -7.070 -15.206 -15.696
  -7.064 -15.706 -15.882
  -7.059 -15.410 -15.847
  -7.054 -15.568 -16.052
  -7.049 -15.836 -15.996
  -7.043 -15.949 -16.189
  -7.038 -15.510 -15.962
  -7.033 -15.831 -16.226
  -7.029 -15.560 -16.141
  -7.024 -15.868 -15.868
  -7.019 -16.473 -16.473
  -7.014 -16.030 -16.309
  -7.009 -15.692 -16.317
  -7.005 -15.689 -15.937
  -7.000 -15.171 -15.780
  -6.995 -15.569 -16.289
  -6.991 -15.794 -16.400
  -6.986 -15.959 -16.163
  -6.982 -16.270 -16.502
  -6.978 -15.215 -15.464
  -6.973 -15.942 -16.130
  -6.969 -15.835 -16.086
  -6.965 -15.758 -15.926
  -6.961 -14.349 -15.943
  -6.956 -15.136 -15.714
  -6.952 -15.958 -16.260
  -6.948 -16.309 -16.496
  -6.944 -15.601 -16.263
  -6.940 -15.679 -15.902
  -6.936 -16.448 -16.850
  -6.932 -16.227 -16.380
  -6.928 -16.167 -16.452
  -6.924 -16.376 -22.857
  -6.920 -15.984 -15.984
  -6.917 -16.208 -16.540
  -6.913 -16.466 -16.792
  -6.909 -16.121 -16.411
  -6.905 -22.335 -22.335
  -6.902 -15.533 -16.399
  -6.898 -22.742 -22.742
  -6.894 -16.181 -16.413
  -6.891 -16.191 -16.397
  -6.887 -16.163 -16.163
  -6.884 -16.445 -16.715
  -6.880 -16.569 -49.500
  -6.877 -16.701 -49.500
  -6.873 -16.214 -49.500
  -6.870 -16.856 -17.138
  -6.867 -15.658 -15.873
  -6.863 -16.547 -16.547
  -6.860 -16.286 -49.500
  -6.857 -16.931 -49.500
  -6.853 -15.598 -17.062
  -6.850 -17.014 -49.500
  -6.847 -16.481 -16.681
  -6.844 -16.403 -17.105
  -6.840 -16.542 -16.874
  -6.837 -15.859 -16.374
  -6.834 -15.665 -15.835
  -6.831 -15.989 -16.590
  -6.828 -16.027 -16.317
  -6.825 -15.003 -49.500
  -6.822 -16.562 -16.820
  -6.819 -15.586 -16.573
  -6.816 -49.500     NaN
  -6.813 -16.557 -16.557
  -6.810 -49.500     NaN
  -6.807 -49.500     NaN
  -6.804 -49.500     NaN
  -6.801 -49.500     NaN
  -6.798 -16.890 -49.500
  -6.795 -15.979 -49.500
  -6.792 -16.447 -49.500
  -6.789 -16.459 -17.039
  -6.787 -16.575 -49.500
  -6.784 -49.500     NaN
  -6.781 -15.452 -49.500
  -6.778 -16.803 -49.500
  -6.775 -15.892 -16.436
  -6.773 -16.570 -16.757
  -6.770 -16.843 -17.084
  -6.767 -16.154 -49.500
  -6.765 -16.301 -49.500
  -6.762 -16.353 -16.849
  -6.759 -16.734 -16.734
  -6.757 -49.500     NaN
  -6.754 -16.005 -16.197
  -6.751 -49.500     NaN
  -6.749 -49.500 -49.500
  -6.746 -15.624 -16.116
  -6.744 -15.661 -16.363
  -6.741 -49.500     NaN
  -6.739 -15.911 -15.911
  -6.736 -49.500     NaN
  -6.734 -49.500     NaN
  -6.731 -16.246 -16.246
  -6.729 -16.813 -49.500
  -6.726 -15.729 -16.393
  -6.724 -16.054 -49.500
  -6.721 -49.500 -49.500
  -6.719 -49.500     NaN
  -6.717 -49.500 -49.500
  -6.714 -49.500     NaN
  -6.712 -49.500     NaN
  -6.709 -16.152 -16.152
  -6.707 -16.292 -49.500
  -6.705 -16.195 -49.500
  -6.702 -16.082 -16.082
  -6.700 -49.500 -49.500
  -6.698 -49.500 -49.500
  -6.696 -16.063 -16.563
  -6.693 -16.064 -16.064
  -6.691 -16.487 -16.798
  -6.689 -15.715 -15.715
  -6.687 -49.500 -49.500
  -6.684 -49.500     NaN
  -6.682 -16.583 -17.013
  -6.680 -49.500     NaN
  -6.678 -49.500     NaN
  -6.675 -49.500     NaN
  -6.673 -49.500     NaN
  -6.671 -49.500 -49.500
  -6.669 -49.500     NaN
  -6.667 -49.500 -49.500
  -6.665 -16.567 -16.726
  -6.663 -49.500 -49.500
  -6.661 -49.500     NaN
  -6.658 -16.709 -16.709
  -6.656 -49.500 -49.500
  -6.654 -16.185 -16.379
  -6.652 -16.242 -16.242
  -6.650 -49.500 -49.500
  -6.648 -49.500     NaN
  -6.646 -49.500     NaN
  -6.644 -49.500 -49.500
  -6.642 -49.500 -49.500
  -6.640 -16.420 -16.420
  -6.638 -16.152 -16.152
  -6.636 -49.500 -49.500
  -6.634 -49.500     NaN
  -6.632 -16.668 -49.500
  -6.630 -16.459 -16.459
  -6.628 -16.127 -16.579
  -6.626 -16.661 -16.661
  -6.624 -16.597 -49.500
  -6.622 -49.500 -49.500
  -6.620 -16.265 -49.500
  -6.618 -49.500 -49.500
  -6.617 -49.500 -49.500
  -6.615 -49.500 -49.500
  -6.613 -15.931 -49.500
  -6.611 -49.500 -49.500
  -6.609 -49.500 -49.500
  -6.607 -49.500 -49.500
  -6.605 -16.278 -49.500
  -6.603 -16.184 -16.698
  -6.602 -15.894 -15.894
  -6.600 -49.500 -49.500
  -6.598 -49.500 -49.500
  -6.596 -16.482 -49.500
  -6.594 -49.500 -49.500
