  -8.861 -14.280 -14.280
  -8.599 -14.342 -14.342
  -8.442 -14.469 -14.469
  -8.329 -14.466 -14.466
  -8.239 -14.520 -14.520
  -8.166 -14.587 -14.587
  -8.103 -14.593 -14.593
  -8.048 -14.697 -14.697
  -7.999 -14.624 -14.624
  -7.955 -14.778 -14.778
  -7.916 -14.723 -14.723
  -7.879 -14.781 -14.781
  -7.846 -14.853 -14.853
  -7.815 -14.947 -14.947
  -7.786 -14.679 -14.679
  -7.758 -14.938 -14.938
  -7.733 -14.962 -14.962
  -7.709 -14.971 -14.971
  -7.686 -15.109 -15.109
  -7.664 -15.040 -15.040
  -7.643 -14.941 -15.123
  -7.624 -15.088 -15.088
  -7.605 -15.116 -15.116
  -7.586 -15.130 -15.130
  -7.569 -14.924 -15.152
  -7.552 -15.011 -15.011
  -7.536 -15.234 -15.234
  -7.521 -15.219 -15.219
  -7.506 -14.946 -14.946
  -7.491 -15.260 -15.260
  -7.477 -15.083 -15.083
  -7.464 -15.261 -15.261
  -7.451 -15.447 -15.447
  -7.438 -14.838 -15.054
  -7.425 -15.193 -15.429
  -7.413 -15.179 -15.399
  -7.401 -15.351 -15.351
  -7.390 -15.052 -15.214
  -7.379 -15.360 -15.360
  -7.368 -14.967 -15.314
  -7.357 -15.372 -15.372
  -7.347 -15.217 -15.396
  -7.337 -15.419 -15.419
  -7.327 -15.452 -15.683
  -7.317 -15.579 -15.579
  -7.308 -15.404 -15.404
  -7.299 -15.522 -15.522
  -7.290 -15.598 -15.598
  -7.281 -15.512 -15.512
  -7.272 -15.585 -15.766
  -7.264 -14.805 -15.607
  -7.255 -15.771 -15.771
  -7.247 -15.445 -15.445
  -7.239 -15.077 -15.421
  -7.231 -15.950 -15.950
  -7.223 -15.667 -15.846
  -7.216 -15.845 -15.845
  -7.208 -15.526 -15.678
  -7.201 -15.775 -15.978
  -7.194 -15.554 -15.554
  -7.187 -15.778 -15.778
  -7.180 -15.767 -15.767
  -7.173 -15.657 -15.657
  -7.166 -15.546 -15.730
  -7.159 -15.716 -15.881
  -7.153 -15.714 -15.714
  -7.146 -15.751 -15.751
  -7.140 -15.809 -15.809
  -7.133 -15.881 -15.881
  -7.127 -15.846 -15.846
  -7.121 -15.588 -15.990
  -7.115 -15.499 -15.737
  -7.109 -15.397 -15.815
  -7.103 -14.710 -15.797
  -7.098 -15.626 -15.626
  -7.092 -15.884 -15.884
  -7.086 -16.012 -16.165
  -7.081 -16.079 -16.079
  -7.075 -15.909 -15.909
  -7.070 -14.691 -15.869
  -7.064 -15.285 -15.536
  -7.059 -15.820 -15.820
  -7.054 -15.924 -16.087
  -7.049 -16.107 -16.107
  -7.043 -15.704 -15.704
  -7.038 -15.615 -16.074
  -7.033 -16.178 -16.372
  -7.029 -15.926 -16.103
  -7.024 -15.429 -16.016
  -7.019 -15.201 -16.010
  -7.014 -15.915 -16.091
  -7.009 -15.948 -16.122
  -7.005 -15.017 -15.819
  -7.000 -15.869 -15.869
  -6.995 -15.573 -15.983
  -6.991 -16.130 -16.130
  -6.986 -15.222 -15.967
  -6.982 -15.481 -15.962
  -6.978 -15.625 -15.904
  -6.973 -16.269 -16.462
  -6.969 -16.058 -16.317
  -6.965 -16.553 -16.741
  -6.961 -17.010 -22.865
  -6.956 -15.908 -16.188
  -6.952 -16.077 -16.077
  -6.948 -15.222 -16.085
  -6.944 -16.353 -16.353
  -6.940 -15.669 -15.888
  -6.936 -15.777 -16.598
  -6.932 -15.567 -15.795
  -6.928 -16.321 -16.571
  -6.924 -15.895 -16.203
  -6.920 -15.456 -15.920
  -6.917 -15.393 -15.999
  -6.913 -15.996 -16.147
  -6.909 -16.418 -16.692
  -6.905 -16.019 -16.019
  -6.902 -15.412 -16.781
  -6.898 -15.908 -16.485
  -6.894 -16.105 -16.300
  -6.891 -16.051 -16.253
  -6.887 -15.647 -16.612
  -6.884 -15.554 -16.726
  -6.880 -16.577 -16.809
  -6.877 -49.500     NaN
  -6.873 -15.726 -16.449
  -6.870 -16.553 -49.500
  -6.867 -16.748 -17.061
  -6.863 -16.520 -16.875
  -6.860 -16.167 -17.010
  -6.857 -15.160 -16.482
  -6.853 -16.301 -16.675
  -6.850 -16.009 -16.490
  -6.847 -16.110 -16.944
  -6.844 -15.494 -16.059
  -6.840 -15.958 -16.475
  -6.837 -15.765 -15.984
  -6.834 -49.500     NaN
  -6.831 -49.500     NaN
  -6.828 -49.500     NaN
  -6.825 -16.072 -17.116
  -6.822 -16.305 -16.522
  -6.819 -16.661 -16.839
  -6.816 -16.484 -49.500
  -6.813 -17.020 -49.500
  -6.810 -16.594 -16.876
  -6.807 -16.819 -49.500
  -6.804 -49.500     NaN
  -6.801 -16.674 -49.500
  -6.798 -16.074 -49.500
  -6.795 -16.224 -16.494
  -6.792 -16.572 -49.500
  -6.789 -49.500     NaN
  -6.787 -49.500     NaN
  -6.784 -49.500     NaN
  -6.781 -16.038 -49.500
  -6.778 -14.640 -16.119
  -6.775 -15.745 -16.247
  -6.773 -15.772 -16.100
  -6.770 -49.500 -49.500
  -6.767 -15.908 -16.290
  -6.765 -49.500     NaN
  -6.762 -16.745 -16.745
  -6.759 -16.384 -49.500
  -6.757 -16.315 -49.500
  -6.754 -16.745 -49.500
  -6.751 -49.500     NaN
  -6.749 -49.500     NaN
  -6.746 -16.506 -49.500
  -6.744 -15.749 -49.500
  -6.741 -16.155 -16.155
  -6.739 -49.500     NaN
  -6.736 -49.500 -49.500
  -6.734 -17.013 -49.500
  -6.731 -15.905 -49.500
  -6.729 -16.027 -16.790
  -6.726 -49.500     NaN
  -6.724 -49.500     NaN
  -6.721 -16.098 -16.787
  -6.719 -49.500     NaN
  -6.717 -16.280 -16.704
  -6.714 -49.500     NaN
  -6.712 -16.409 -49.500
  -6.709 -16.676 -49.500
  -6.707 -49.500     NaN
  -6.705 -15.849 -49.500
  -6.702 -49.500 -49.500
  -6.700 -16.704 -49.500
  -6.698 -49.500     NaN
  -6.696 -49.500     NaN
  -6.693 -15.988 -16.543
  -6.691 -49.500     NaN
  -6.689 -16.496 -49.500
  -6.687 -49.500 -49.500
  -6.684 -49.500     NaN
  -6.682 -49.500 -49.500
  -6.680 -49.500     NaN
  -6.678 -15.913 -49.500
  -6.675 -49.500 -49.500
  -6.673 -16.509 -16.509
  -6.671 -15.489 -49.500
  -6.669 -49.500     NaN
  -6.667 -15.445 -16.167
  -6.665 -16.476 -17.255
  -6.663 -49.500     NaN
  -6.661 -49.500 -49.500
  -6.658 -16.605 -49.500
  -6.656 -16.470 -49.500
  -6.654 -49.500 -49.500
  -6.652 -49.500     NaN
  -6.650 -49.500 -49.500
  -6.648 -15.095 -49.500
  -6.646 -16.521 -16.521
  -6.644 -16.878 -49.500
  -6.642 -16.373 -16.373
  -6.640 -49.500 -49.500
  -6.638 -49.500     NaN
  -6.636 -49.500 -49.500
  -6.634 -15.622 -15.622
  -6.632 -49.500 -49.500
  -6.630 -49.500 -49.500
  -6.628 -49.500 -49.500
  -6.626 -49.500 -49.500
  -6.624 -16.133 -16.133
  -6.622 -49.500 -49.500
  -6.620 -49.500     NaN
  -6.618 -15.347 -15.347
  -6.617 -49.500 -49.500
  -6.615 -16.845 -16.845
  -6.613 -49.500 -49.500
  -6.611 -49.500 -49.500
  -6.609 -49.500 -49.500
  -6.607 -49.500 -49.500
  -6.605 -49.500 -49.500
  -6.603 -49.500 -49.500
  -6.602 -49.500 -49.500
  -6.600 -16.747 -49.500
  -6.598 -49.500 -49.500
  -6.596 -49.500 -49.500
  -6.594 -49.500     NaN
