  -8.861 -14.244 -14.244
  -8.599 -14.370 -14.370
  -8.442 -14.452 -14.452
  -8.329 -14.532 -14.532
  -8.239 -14.534 -14.534
  -8.166 -14.505 -14.505
  -8.103 -14.614 -14.614
  -8.048 -14.539 -14.742
  -7.999 -14.453 -14.716
  -7.955 -14.697 -14.697
  -7.916 -14.670 -14.670
  -7.879 -14.709 -14.709
  -7.846 -14.866 -14.866
  -7.815 -14.872 -14.872
  -7.786 -14.931 -14.931
  -7.758 -14.982 -14.982
  -7.733 -14.801 -14.801
  -7.709 -14.976 -14.976
  -7.686 -14.955 -14.955
  -7.664 -15.098 -15.098
  -7.643 -15.197 -15.197
  -7.624 -15.046 -15.046
  -7.605 -15.045 -15.045
  -7.586 -14.878 -15.030
  -7.569 -14.999 -15.229
  -7.552 -15.129 -15.129
  -7.536 -15.330 -15.330
  -7.521 -15.089 -15.089
  -7.506 -14.604 -15.048
  -7.491 -15.208 -15.208
  -7.477 -15.037 -15.308
  -7.464 -15.195 -15.361
  -7.451 -15.390 -15.390
  -7.438 -15.004 -15.171
  -7.425 -15.170 -15.340
  -7.413 -15.380 -15.380
  -7.401 -15.158 -15.158
  -7.390 -15.246 -15.246
  -7.379 -15.308 -15.308
  -7.368 -15.363 -15.532
  -7.357 -15.359 -15.359
  -7.347 -14.829 -14.829
  -7.337 -15.331 -15.331
  -7.327 -15.570 -15.570
  -7.317 -15.550 -15.550
  -7.308 -15.564 -15.743
  -7.299 -15.521 -15.521
  -7.290 -15.479 -15.479
  -7.281 -15.502 -15.502
  -7.272 -15.239 -15.404
  -7.264 -15.275 -15.275
  -7.255 -15.168 -15.564
  -7.247 -15.634 -15.634
  -7.239 -15.479 -15.954
  -7.231 -15.576 -15.576
  -7.223 -15.526 -15.743
  -7.216 -15.709 -15.709
  -7.208 -15.625 -15.886
  -7.201 -15.458 -15.623
  -7.194 -15.360 -15.672
  -7.187 -15.616 -15.834
  -7.180 -15.798 -15.798
  -7.173 -15.676 -15.676
  -7.166 -15.781 -15.781
  -7.159 -14.882 -15.684
  -7.153 -15.452 -15.605
  -7.146 -15.943 -15.943
  -7.140 -15.528 -16.145
  -7.133 -14.887 -14.887
  -7.127 -15.703 -15.703
  -7.121 -15.996 -15.996
  -7.115 -15.581 -16.043
  -7.109 -15.229 -15.470
  -7.103 -15.229 -16.293
  -7.098 -15.753 -15.910
  -7.092 -15.702 -15.858
  -7.086 -16.036 -16.389
  -7.081 -15.319 -16.051
  -7.075 -15.200 -16.015
  -7.070 -16.159 -16.159
  -7.064 -15.667 -15.824
  -7.059 -15.801 -15.971
  -7.054 -16.347 -16.529
  -7.049 -16.415 -16.415
  -7.043 -15.190 -15.387
  -7.038 -15.230 -15.817
  -7.033 -15.523 -15.523
  -7.029 -16.412 -16.412
  -7.024 -15.982 -15.982
  -7.019 -15.149 -15.976
  -7.014 -15.238 -15.392
  -7.009 -15.727 -15.986
  -7.005 -16.310 -16.310
  -7.000 -15.601 -16.200
  -6.995 -15.348 -15.594
  -6.991 -16.405 -16.625
  -6.986 -15.535 -16.130
  -6.982 -15.696 -15.696
  -6.978 -16.254 -16.254
  -6.973 -15.445 -16.198
  -6.969 -16.158 -16.158
  -6.965 -14.956 -15.858
  -6.961 -15.605 -15.871
  -6.956 -15.895 -16.075
  -6.952 -16.295 -16.540
  -6.948 -16.597 -16.755
  -6.944 -16.113 -16.282
  -6.940 -15.915 -16.099
  -6.936 -15.608 -16.156
  -6.932 -15.599 -16.040
  -6.928 -16.464 -17.059
  -6.924 -15.771 -16.061
  -6.920 -17.022 -17.273
  -6.917 -16.411 -16.576
  -6.913 -15.944 -16.410
  -6.909 -15.134 -15.856
  -6.905 -15.654 -16.320
  -6.902 -17.245 -22.683
  -6.898 -22.687 -22.687
  -6.894 -16.760 -16.760
  -6.891 -15.590 -16.005
  -6.887 -15.871 -16.072
  -6.884 -16.238 -16.442
  -6.880 -15.953 -16.128
  -6.877 -16.912 -49.500
  -6.873 -15.764 -16.246
  -6.870 -17.170 -49.500
  -6.867 -16.760 -49.500
  -6.863 -16.755 -49.500
  -6.860 -49.500     NaN
  -6.857 -16.367 -16.551
  -6.853 -16.111 -16.410
  -6.850 -16.625 -49.500
  -6.847 -16.381 -16.808
  -6.844 -16.313 -16.608
  -6.840 -16.141 -16.583
  -6.837 -49.500     NaN
  -6.834 -17.068 -49.500
  -6.831 -16.122 -16.122
  -6.828 -16.798 -49.500
  -6.825 -15.258 -16.169
  -6.822 -16.878 -17.326
  -6.819 -15.728 -16.626
  -6.816 -16.262 -49.500
  -6.813 -16.789 -49.500
  -6.810 -16.030 -16.192
  -6.807 -15.952 -16.794
  -6.804 -16.350 -49.500
  -6.801 -15.441 -16.492
  -6.798 -16.441 -49.500
  -6.795 -15.993 -16.433
  -6.792 -16.712 -49.500
  -6.789 -15.250 -16.834
  -6.787 -49.500 -49.500
  -6.784 -49.500     NaN
  -6.781 -16.326 -49.500
  -6.778 -16.291 -49.500
  -6.775 -49.500     NaN
  -6.773 -16.912 -17.225
  -6.770 -49.500     NaN
  -6.767 -16.034 -16.953
  -6.765 -15.669 -15.918
  -6.762 -16.126 -16.358
  -6.759 -16.654 -49.500
  -6.757 -16.513 -16.842
  -6.754 -49.500     NaN
  -6.751 -49.500     NaN
  -6.749 -16.337 -49.500
  -6.746 -17.038 -49.500
  -6.744 -49.500 -49.500
  -6.741 -49.500     NaN
  -6.739 -16.488 -49.500
  -6.736 -16.547 -49.500
  -6.734 -49.500     NaN
  -6.731 -16.575 -49.500
  -6.729 -16.406 -16.406
  -6.726 -16.814 -17.210
  -6.724 -16.289 -49.500
  -6.721 -16.612 -49.500
  -6.719 -49.500 -49.500
  -6.717 -16.066 -49.500
  -6.714 -16.322 -16.928
  -6.712 -16.928 -49.500
  -6.709 -15.557 -49.500
  -6.707 -49.500 -49.500
  -6.705 -16.546 -49.500
  -6.702 -49.500 -49.500
  -6.700 -49.500     NaN
  -6.698 -49.500 -49.500
  -6.696 -49.500 -49.500
  -6.693 -16.366 -16.366
  -6.691 -15.414 -49.500
  -6.689 -16.243 -16.243
  -6.687 -16.160 -16.510
  -6.684 -49.500     NaN
  -6.682 -49.500 -49.500
  -6.680 -49.500     NaN
  -6.678 -49.500 -49.500
  -6.675 -16.301 -49.500
  -6.673 -49.500     NaN
  -6.671 -49.500     NaN
  -6.669 -16.265 -16.265
  -6.667 -16.461 -49.500
  -6.665 -15.712 -16.960
  -6.663 -49.500 -49.500
  -6.661 -15.757 -49.500
  -6.658 -49.500 -49.500
  -6.656 -49.500 -49.500
  -6.654 -49.500     NaN
  -6.652 -49.500     NaN
  -6.650 -49.500     NaN
  -6.648 -49.500 -49.500
  -6.646 -49.500 -49.500
  -6.644 -49.500 -49.500
  -6.642 -49.500 -49.500
  -6.640 -49.500     NaN
  -6.638 -15.711 -49.500
  -6.636 -49.500 -49.500
  -6.634 -49.500 -49.500
  -6.632 -49.500 -49.500
  -6.630 -15.909 -49.500
  -6.628 -49.500     NaN
  -6.626 -49.500     NaN
  -6.624 -49.500 -49.500
  -6.622 -16.533 -16.533
  -6.620 -49.500     NaN
  -6.618 -16.412 -49.500
  -6.617 -16.544 -16.544
  -6.615 -49.500 -49.500
  -6.613 -49.500 -49.500
  -6.611 -49.500 -49.500
  -6.609 -16.416 -49.500
  -6.607 -49.500     NaN
  -6.605 -15.591 -16.604
  -6.603 -16.705 -16.705
  -6.602 -49.500 -49.500
  -6.600 -16.423 -16.423
  -6.598 -49.500     NaN
  -6.596 -16.427 -49.500
  -6.594 -49.500 -49.500
