  -8.861 -14.270 -14.270
  -8.599 -14.318 -14.318
  -8.442 -14.452 -14.452
  -8.329 -14.492 -14.492
  -8.239 -14.471 -14.471
  -8.166 -14.611 -14.611
  -8.103 -14.524 -14.524
  -8.048 -14.699 -14.699
  -7.999 -14.667 -14.667
  -7.955 -14.609 -14.609
  -7.916 -14.812 -14.812
  -7.879 -14.641 -14.641
  -7.846 -14.848 -14.848
  -7.815 -14.942 -14.942
  -7.786 -14.828 -14.828
  -7.758 -14.935 -14.935
  -7.733 -14.891 -14.891
  -7.709 -14.949 -14.949
  -7.686 -14.902 -14.902
  -7.664 -14.939 -14.939
  -7.643 -14.847 -14.847
  -7.624 -15.092 -15.092
  -7.605 -15.154 -15.154
  -7.586 -15.120 -15.120
  -7.569 -15.217 -15.217
  -7.552 -15.001 -15.001
  -7.536 -14.800 -15.115
  -7.521 -15.005 -15.005
  -7.506 -15.241 -15.241
  -7.491 -15.262 -15.262
  -7.477 -15.239 -15.239
  -7.464 -15.238 -15.238
  -7.451 -15.280 -15.280
  -7.438 -15.091 -15.255
  -7.425 -15.366 -15.366
  -7.413 -15.171 -15.344
  -7.401 -15.568 -15.568
  -7.390 -15.463 -15.463
  -7.379 -15.379 -15.379
  -7.368 -15.309 -15.309
  -7.357 -15.504 -15.692
  -7.347 -14.796 -15.146
  -7.337 -14.999 -15.371
  -7.327 -15.549 -15.549
  -7.317 -14.887 -14.887
  -7.308 -15.482 -15.641
  -7.299 -15.311 -15.311
  -7.290 -15.479 -15.479
  -7.281 -15.183 -15.183
  -7.272 -15.613 -15.613
  -7.264 -15.547 -15.547
  -7.255 -15.553 -15.709
  -7.247 -15.377 -15.583
  -7.239 -15.316 -15.648
  -7.231 -15.348 -15.348
  -7.223 -15.829 -15.829
  -7.216 -15.132 -15.523
  -7.208 -15.641 -15.801
  -7.201 -15.626 -15.792
  -7.194 -15.705 -15.921
  -7.187 -15.614 -16.104
  -7.180 -15.528 -15.793
  -7.173 -15.641 -15.641
  -7.166 -15.946 -16.135
  -7.159 -15.667 -15.667
  -7.153 -15.635 -15.868
  -7.146 -14.661 -15.722
  -7.140 -15.686 -15.848
  -7.133 -15.898 -15.898
  -7.127 -15.764 -16.010
  -7.121 -15.450 -15.654
  -7.115 -15.911 -16.142
  -7.109 -15.529 -15.779
  -7.103 -15.381 -15.895
  -7.098 -16.129 -16.129
  -7.092 -16.057 -16.057
  -7.086 -15.747 -15.747
  -7.081 -15.850 -16.088
  -7.075 -16.045 -16.045
  -7.070 -15.273 -15.897
  -7.064 -15.788 -16.010
  -7.059 -15.511 -15.702
  -7.054 -15.666 -16.056
  -7.049 -15.856 -15.856
  -7.043 -15.736 -15.736
  -7.038 -15.939 -15.939
  -7.033 -15.733 -16.625
  -7.029 -15.792 -15.792
  -7.024 -15.978 -15.978
  -7.019 -16.410 -16.410
  -7.014 -15.858 -16.203
  -7.009 -15.875 -15.875
  -7.005 -15.821 -16.110
  -7.000 -15.746 -15.958
  -6.995 -16.431 -16.431
  -6.991 -15.856 -16.102
  -6.986 -16.050 -16.206
  -6.982 -15.524 -15.758
  -6.978 -16.303 -16.466
  -6.973 -15.882 -16.265
  -6.969 -16.121 -16.444
  -6.965 -16.162 -16.441
  -6.961 -15.873 -15.873
  -6.956 -16.116 -16.625
  -6.952 -16.534 -17.033
  -6.948 -16.405 -16.405
  -6.944 -49.500     NaN
  -6.940 -15.951 -16.418
  -6.936 -16.291 -16.506
  -6.932 -15.351 -17.052
  -6.928 -15.940 -16.132
  -6.924 -15.810 -16.031
  -6.920 -15.493 -16.386
  -6.917 -16.513 -16.812
  -6.913 -16.809 -17.348
  -6.909 -16.142 -16.519
  -6.905 -15.616 -49.500
  -6.902 -17.256 -49.500
  -6.898 -15.653 -15.805
  -6.894 -16.019 -16.019
  -6.891 -16.757 -16.757
  -6.887 -16.522 -16.714
  -6.884 -16.051 -16.458
  -6.880 -15.853 -16.369
  -6.877 -16.487 -16.819
  -6.873 -15.829 -49.500
  -6.870 -16.746 -49.500
  -6.867 -49.500     NaN
  -6.863 -16.844 -17.098
  -6.860 -16.287 -16.463
  -6.857 -16.313 -49.500
  -6.853 -15.887 -16.359
  -6.850 -15.295 -15.894
  -6.847 -15.445 -16.234
  -6.844 -15.493 -15.826
  -6.840 -16.312 -16.545
  -6.837 -16.102 -16.504
  -6.834 -49.500     NaN
  -6.831 -15.759 -15.987
  -6.828 -16.507 -49.500
  -6.825 -16.919 -49.500
  -6.822 -16.427 -16.619
  -6.819 -49.500     NaN
  -6.816 -15.809 -16.088
  -6.813 -15.599 -49.500
  -6.810 -17.544 -49.500
  -6.807 -16.247 -16.403
  -6.804 -49.500     NaN
  -6.801 -16.545 -49.500
  -6.798 -16.648 -49.500
  -6.795 -16.061 -16.270
  -6.792 -15.813 -15.975
  -6.789 -15.748 -15.909
  -6.787 -16.101 -49.500
  -6.784 -16.499 -16.499
  -6.781 -16.838 -49.500
  -6.778 -16.458 -16.458
  -6.775 -16.004 -16.417
  -6.773 -49.500     NaN
  -6.770 -17.189 -49.500
  -6.767 -16.426 -17.130
  -6.765 -49.500     NaN
  -6.762 -16.133 -16.554
  -6.759 -15.582 -49.500
  -6.757 -49.500     NaN
  -6.754 -16.449 -49.500
  -6.751 -16.221 -16.573
  -6.749 -16.592 -16.818
  -6.746 -15.847 -16.659
  -6.744 -49.500     NaN
  -6.741 -49.500 -49.500
  -6.739 -49.500     NaN
  -6.736 -16.684 -49.500
  -6.734 -16.514 -49.500
  -6.731 -16.091 -49.500
  -6.729 -15.411 -16.749
  -6.726 -49.500 -49.500
  -6.724 -49.500     NaN
  -6.721 -49.500     NaN
  -6.719 -49.500     NaN
  -6.717 -49.500     NaN
  -6.714 -15.686 -49.500
  -6.712 -49.500     NaN
  -6.709 -49.500 -49.500
  -6.707 -49.500     NaN
  -6.705 -16.313 -49.500
  -6.702 -49.500 -49.500
  -6.700 -49.500 -49.500
  -6.698 -49.500 -49.500
  -6.696 -49.500 -49.500
  -6.693 -49.500     NaN
  -6.691 -16.489 -49.500
  -6.689 -49.500 -49.500
  -6.687 -16.871 -49.500
  -6.684 -49.500 -49.500
  -6.682 -49.500     NaN
  -6.680 -49.500     NaN
  -6.678 -15.915 -49.500
  -6.675 -49.500 -49.500
  -6.673 -49.500     NaN
  -6.671 -49.500     NaN
  -6.669 -15.782 -16.235
  -6.667 -49.500 -49.500
  -6.665 -49.500 -49.500
  -6.663 -16.372 -49.500
  -6.661 -49.500     NaN
  -6.658 -49.500 -49.500
  -6.656 -49.500 -49.500
  -6.654 -16.636 -49.500
  -6.652 -49.500 -49.500
  -6.650 -15.949 -15.949
  -6.648 -16.620 -49.500
  -6.646 -49.500 -49.500
  -6.644 -49.500 -49.500
  -6.642 -49.500     NaN
  -6.640 -49.500 -49.500
  -6.638 -16.469 -49.500
  -6.636 -15.915 -16.309
  -6.634 -49.500 -49.500
  -6.632 -49.500 -49.500
  -6.630 -16.651 -49.500
  -6.628 -49.500 -49.500
  -6.626 -49.500 -49.500
  -6.624 -16.451 -16.451
  -6.622 -16.521 -49.500
  -6.620 -49.500 -49.500
  -6.618 -49.500 -49.500
  -6.617 -49.500 -49.500
  -6.615 -49.500 -49.500
  -6.613 -49.500 -49.500
  -6.611 -49.500 -49.500
  -6.609 -49.500 -49.500
  -6.607 -16.555 -49.500
  -6.605 -49.500 -49.500
  -6.603 -49.500 -49.500
  -6.602 -49.500 -49.500
  -6.600 -49.500 -49.500
  -6.598 -16.553 -49.500
  -6.596 -49.500     NaN
  -6.594 -49.500 -49.500
