  -8.861 -14.277 -14.277
  -8.599 -14.257 -14.257
  -8.442 -14.456 -14.456
  -8.329 -14.533 -14.533
  -8.239 -14.483 -14.483
  -8.166 -14.540 -14.540
  -8.103 -14.619 -14.619
  -8.048 -14.646 -14.646
  -7.999 -14.715 -14.715
  -7.955 -14.779 -14.779
  -7.916 -14.681 -14.681
  -7.879 -14.675 -14.675
  -7.846 -14.872 -14.872
  -7.815 -14.927 -14.927
  -7.786 -14.993 -14.993
  -7.758 -14.873 -14.873
  -7.733 -14.796 -14.796
  -7.709 -14.851 -14.851
  -7.686 -14.882 -14.882
  -7.664 -14.876 -15.064
  -7.643 -14.954 -14.954
  -7.624 -14.972 -14.972
  -7.605 -15.218 -15.218
  -7.586 -15.022 -15.022
  -7.569 -14.941 -15.173
  -7.552 -15.216 -15.216
  -7.536 -15.185 -15.185
  -7.521 -15.284 -15.284
  -7.506 -15.075 -15.075
  -7.491 -14.875 -15.061
  -7.477 -15.216 -15.216
  -7.464 -15.058 -15.258
  -7.451 -15.134 -15.314
  -7.438 -15.335 -15.335
  -7.425 -14.971 -15.229
  -7.413 -15.394 -15.394
  -7.401 -15.600 -15.600
  -7.390 -15.362 -15.362
  -7.379 -15.387 -15.387
  -7.368 -15.262 -15.428
  -7.357 -14.560 -15.174
  -7.347 -15.236 -15.419
  -7.337 -15.561 -15.561
  -7.327 -15.333 -15.333
  -7.317 -15.091 -15.547
  -7.308 -15.588 -15.588
  -7.299 -15.515 -15.675
  -7.290 -15.698 -15.698
  -7.281 -15.818 -15.818
  -7.272 -15.557 -15.557
  -7.264 -14.899 -15.354
  -7.255 -15.361 -15.361
  -7.247 -14.346 -15.599
  -7.239 -15.722 -15.722
  -7.231 -15.351 -15.351
  -7.223 -15.567 -15.840
  -7.216 -15.326 -15.812
  -7.208 -15.146 -15.744
  -7.201 -15.767 -15.767
  -7.194 -15.319 -15.698
  -7.187 -15.732 -15.732
  -7.180 -15.537 -15.537
  -7.173 -15.296 -15.930
  -7.166 -15.719 -15.719
  -7.159 -14.752 -15.672
  -7.153 -15.874 -15.874
  -7.146 -15.602 -15.602
  -7.140 -14.986 -15.261
  -7.133 -15.912 -16.092
  -7.127 -15.918 -15.918
  -7.121 -15.706 -16.319
  -7.115 -15.609 -15.775
  -7.109 -15.937 -16.111
  -7.103 -15.157 -15.861
  -7.098 -15.634 -15.816
  -7.092 -15.774 -16.092
  -7.086 -15.728 -15.728
  -7.081 -15.670 -15.872
  -7.075 -15.543 -16.402
  -7.070 -16.037 -16.037
  -7.064 -15.804 -15.804
  -7.059 -15.303 -15.628
  -7.054 -15.971 -16.169
  -7.049 -16.155 -16.155
  -7.043 -16.009 -16.292
  -7.038 -15.890 -16.255
  -7.033 -15.524 -15.868
  -7.029 -15.935 -16.473
  -7.024 -15.968 -15.968
  -7.019 -16.277 -16.277
  -7.014 -15.637 -15.637
  -7.009 -15.919 -16.153
  -7.005 -15.754 -16.045
  -7.000 -15.395 -16.216
  -6.995 -16.023 -16.023
  -6.991 -16.309 -16.534
  -6.986 -15.437 -16.030
  -6.982 -16.107 -16.107
  -6.978 -16.200 -16.200
  -6.973 -15.452 -16.035
  -6.969 -15.718 -15.718
  -6.965 -15.593 -16.370
  -6.961 -15.974 -16.126
  -6.956 -15.420 -15.582
  -6.952 -16.250 -16.432
  -6.948 -15.530 -15.754
  -6.944 -16.253 -16.710
  -6.940 -16.211 -16.558
  -6.936 -16.952 -49.500
  -6.932 -16.140 -16.140
  -6.928 -22.733 -22.733
  -6.924 -15.888 -16.297
  -6.920 -15.861 -16.302
  -6.917 -15.072 -16.369
  -6.913 -15.113 -16.313
  -6.909 -15.411 -15.599
  -6.905 -15.885 -16.262
  -6.902 -16.435 -17.078
  -6.898 -16.327 -16.492
  -6.894 -16.066 -16.226
  -6.891 -16.226 -16.930
  -6.887 -15.995 -16.195
  -6.884 -16.549 -16.715
  -6.880 -16.079 -16.368
  -6.877 -16.526 -17.067
  -6.873 -15.925 -16.550
  -6.870 -16.675 -49.500
  -6.867 -16.827 -16.827
  -6.863 -16.525 -17.391
  -6.860 -16.159 -16.667
  -6.857 -16.177 -16.492
  -6.853 -49.500 -49.500
  -6.850 -16.216 -16.539
  -6.847 -16.501 -16.746
  -6.844 -16.610 -16.906
  -6.840 -49.500     NaN
  -6.837 -16.468 -49.500
  -6.834 -16.080 -49.500
  -6.831 -15.917 -16.276
  -6.828 -16.144 -16.651
  -6.825 -16.606 -16.904
  -6.822 -16.678 -49.500
  -6.819 -16.096 -16.096
  -6.816 -16.423 -49.500
  -6.813 -15.982 -49.500
  -6.810 -49.500     NaN
  -6.807 -15.602 -15.791
  -6.804 -49.500     NaN
  -6.801 -15.159 -15.633
  -6.798 -15.965 -17.093
  -6.795 -15.619 -16.029
  -6.792 -15.821 -15.989
  -6.789 -16.033 -16.033
  -6.787 -16.138 -49.500
  -6.784 -16.536 -49.500
  -6.781 -49.500 -49.500
  -6.778 -49.500     NaN
  -6.775 -49.500     NaN
  -6.773 -49.500     NaN
  -6.770 -49.500     NaN
  -6.767 -15.988 -16.329
  -6.765 -16.189 -16.516
  -6.762 -15.874 -49.500
  -6.759 -49.500 -49.500
  -6.757 -49.500     NaN
  -6.754 -49.500 -49.500
  -6.751 -15.953 -16.516
  -6.749 -16.031 -16.325
  -6.746 -49.500     NaN
  -6.744 -16.359 -49.500
  -6.741 -16.669 -49.500
  -6.739 -16.475 -49.500
  -6.736 -49.500     NaN
  -6.734 -14.892 -14.892
  -6.731 -14.958 -16.652
  -6.729 -49.500     NaN
  -6.726 -49.500     NaN
  -6.724 -16.461 -49.500
  -6.721 -49.500 -49.500
  -6.719 -49.500 -49.500
  -6.717 -49.500     NaN
  -6.714 -16.591 -16.591
  -6.712 -17.021 -49.500
  -6.709 -49.500 -49.500
  -6.707 -49.500     NaN
  -6.705 -15.828 -49.500
  -6.702 -15.946 -16.618
  -6.700 -49.500 -49.500
  -6.698 -16.001 -16.155
  -6.696 -49.500     NaN
  -6.693 -15.719 -16.553
  -6.691 -49.500 -49.500
  -6.689 -16.280 -49.500
  -6.687 -49.500     NaN
  -6.684 -16.690 -49.500
  -6.682 -16.410 -49.500
  -6.680 -49.500 -49.500
  -6.678 -49.500 -49.500
  -6.675 -49.500     NaN
  -6.673 -49.500     NaN
  -6.671 -16.539 -49.500
  -6.669 -49.500     NaN
  -6.667 -16.736 -49.500
  -6.665 -49.500     NaN
  -6.663 -49.500     NaN
  -6.661 -49.500 -49.500
  -6.658 -16.199 -16.199
  -6.656 -49.500 -49.500
  -6.654 -49.500     NaN
  -6.652 -49.500 -49.500
  -6.650 -49.500 -49.500
  -6.648 -15.659 -15.659
  -6.646 -16.342 -16.342
  -6.644 -49.500 -49.500
  -6.642 -49.500 -49.500
  -6.640 -16.332 -49.500
  -6.638 -49.500 -49.500
  -6.636 -49.500     NaN
  -6.634 -49.500 -49.500
  -6.632 -49.500     NaN
  -6.630 -15.840 -49.500
  -6.628 -49.500 -49.500
  -6.626 -16.473 -49.500
  -6.624 -49.500 -49.500
  -6.622 -49.500 -49.500
  -6.620 -16.509 -16.509
  -6.618 -49.500 -49.500
  -6.617 -49.500     NaN
  -6.615 -49.500     NaN
  -6.613 -49.500 -49.500
  -6.611 -49.500 -49.500
  -6.609 -16.583 -16.583
  -6.607 -15.928 -49.500
  -6.605 -49.500 -49.500
  -6.603 -49.500 -49.500
  -6.602 -49.500     NaN
  -6.600 -49.500 -49.500
  -6.598 -49.500     NaN
  -6.596 -16.043 -16.043
  -6.594 -49.500 -49.500
