  -8.861 -14.253 -14.253
  -8.599 -14.363 -14.363
  -8.442 -14.429 -14.429
  -8.329 -14.513 -14.513
  -8.239 -14.561 -14.561
  -8.166 -14.493 -14.493
  -8.103 -14.545 -14.545
  -8.048 -14.709 -14.709
  -7.999 -14.745 -14.745
  -7.955 -14.726 -14.726
  -7.916 -14.825 -14.825
  -7.879 -14.747 -14.747
  -7.846 -14.836 -14.836
  -7.815 -14.914 -14.914
  -7.786 -14.928 -14.928
  -7.758 -14.752 -14.752
  -7.733 -14.939 -14.939
  -7.709 -14.969 -14.969
  -7.686 -15.064 -15.064
  -7.664 -14.856 -14.856
  -7.643 -15.082 -15.082
  -7.624 -15.173 -15.173
  -7.605 -14.691 -14.848
  -7.586 -15.118 -15.118
  -7.569 -14.993 -14.993
  -7.552 -15.374 -15.374
  -7.536 -15.113 -15.113
  -7.521 -14.921 -15.295
  -7.506 -15.258 -15.258
  -7.491 -14.955 -14.955
  -7.477 -15.096 -15.323
  -7.464 -15.102 -15.102
  -7.451 -15.271 -15.468
  -7.438 -15.399 -15.399
  -7.425 -14.933 -14.933
  -7.413 -15.398 -15.398
  -7.401 -15.289 -15.445
  -7.390 -15.417 -15.417
  -7.379 -14.657 -14.884
  -7.368 -15.290 -15.511
  -7.357 -15.302 -15.302
  -7.347 -15.416 -15.416
  -7.337 -15.319 -15.540
  -7.327 -15.489 -15.489
  -7.317 -15.175 -15.391
  -7.308 -15.521 -15.709
  -7.299 -15.498 -15.498
  -7.290 -14.468 -15.107
  -7.281 -15.241 -15.241
  -7.272 -15.881 -15.881
  -7.264 -15.517 -15.517
  -7.255 -15.496 -15.496
  -7.247 -15.697 -15.697
  -7.239 -15.868 -15.868
  -7.231 -15.698 -15.698
  -7.223 -15.661 -15.661
  -7.216 -15.079 -15.448
  -7.208 -15.243 -15.466
  -7.201 -15.416 -15.811
  -7.194 -15.019 -15.434
  -7.187 -15.653 -15.653
  -7.180 -15.266 -15.417
  -7.173 -15.924 -15.924
  -7.166 -15.303 -15.557
  -7.159 -15.793 -15.958
  -7.153 -15.725 -15.725
  -7.146 -16.100 -16.100
  -7.140 -15.246 -15.246
  -7.133 -15.263 -15.263
  -7.127 -15.459 -15.712
  -7.121 -15.422 -15.634
  -7.115 -16.175 -16.175
  -7.109 -15.621 -15.621
  -7.103 -15.771 -15.771
  -7.098 -15.886 -15.886
  -7.092 -15.560 -15.870
  -7.086 -16.021 -16.021
  -7.081 -16.060 -16.060
  -7.075 -16.211 -16.211
  -7.070 -16.033 -16.033
  -7.064 -15.076 -16.076
  -7.059 -15.884 -16.119
  -7.054 -16.029 -16.029
  -7.049 -16.162 -16.162
  -7.043 -15.657 -15.890
  -7.038 -15.323 -15.866
  -7.033 -16.134 -16.459
  -7.029 -16.144 -16.144
  -7.024 -15.871 -16.081
  -7.019 -15.363 -15.712
  -7.014 -15.604 -16.184
  -7.009 -16.080 -16.272
  -7.005 -16.287 -16.466
  -7.000 -15.652 -16.133
  -6.995 -16.008 -16.418
  -6.991 -16.125 -16.125
  -6.986 -15.185 -16.045
  -6.982 -15.424 -15.842
  -6.978 -16.471 -16.471
  -6.973 -15.650 -16.140
  -6.969 -16.218 -16.218
  -6.965 -16.329 -16.906
  -6.961 -15.668 -15.990
  -6.956 -15.662 -15.662
  -6.952 -15.694 -16.023
  -6.948 -15.689 -17.166
  -6.944 -16.185 -16.589
  -6.940 -16.180 -16.358
  -6.936 -15.728 -16.354
  -6.932 -15.778 -15.778
  -6.928 -15.522 -16.402
  -6.924 -16.207 -16.582
  -6.920 -15.994 -15.994
  -6.917 -17.027 -49.500
  -6.913 -14.939 -15.933
  -6.909 -16.049 -16.049
  -6.905 -16.444 -17.067
  -6.902 -15.361 -15.722
  -6.898 -15.462 -49.500
  -6.894 -49.500     NaN
  -6.891 -16.391 -16.565
  -6.887 -16.317 -16.317
  -6.884 -16.458 -16.767
  -6.880 -16.051 -16.507
  -6.877 -16.182 -16.498
  -6.873 -16.376 -16.677
  -6.870 -15.970 -16.433
  -6.867 -16.147 -16.323
  -6.863 -49.500     NaN
  -6.860 -16.338 -16.571
  -6.857 -16.642 -49.500
  -6.853 -16.122 -16.611
  -6.850 -16.253 -16.457
  -6.847 -16.595 -49.500
  -6.844 -16.538 -49.500
  -6.840 -16.224 -16.419
  -6.837 -16.484 -16.812
  -6.834 -15.657 -49.500
  -6.831 -17.188 -49.500
  -6.828 -16.534 -16.693
  -6.825 -16.215 -16.378
  -6.822 -15.909 -17.014
  -6.819 -16.039 -16.039
  -6.816 -16.303 -16.670
  -6.813 -15.960 -49.500
  -6.810 -16.533 -49.500
  -6.807 -15.447 -49.500
  -6.804 -16.660 -49.500
  -6.801 -16.748 -49.500
  -6.798 -15.635 -16.248
  -6.795 -15.649 -15.843
  -6.792 -49.500     NaN
  -6.789 -16.024 -49.500
  -6.787 -16.923 -49.500
  -6.784 -49.500     NaN
  -6.781 -49.500     NaN
  -6.778 -16.295 -16.515
  -6.775 -49.500     NaN
  -6.773 -49.500 -49.500
  -6.770 -49.500     NaN
  -6.767 -16.432 -16.432
  -6.765 -15.516 -49.500
  -6.762 -16.069 -49.500
  -6.759 -49.500     NaN
  -6.757 -49.500     NaN
  -6.754 -15.339 -16.212
  -6.751 -16.754 -49.500
  -6.749 -16.299 -16.452
  -6.746 -16.395 -49.500
  -6.744 -16.703 -49.500
  -6.741 -49.500     NaN
  -6.739 -16.551 -49.500
  -6.736 -15.574 -49.500
  -6.734 -49.500     NaN
  -6.731 -15.852 -16.259
  -6.729 -15.955 -16.722
  -6.726 -16.501 -49.500
  -6.724 -49.500 -49.500
  -6.721 -49.500 -49.500
  -6.719 -16.346 -16.346
  -6.717 -16.510 -16.510
  -6.714 -49.500 -49.500
  -6.712 -49.500     NaN
  -6.709 -16.523 -49.500
  -6.707 -15.651 -16.217
  -6.705 -15.123 -16.568
  -6.702 -16.039 -16.515
  -6.700 -16.332 -16.332
  -6.698 -16.143 -49.500
  -6.696 -16.684 -49.500
  -6.693 -16.819 -49.500
  -6.691 -49.500     NaN
  -6.689 -16.410 -16.410
  -6.687 -16.076 -49.500
  -6.684 -16.814 -49.500
  -6.682 -49.500     NaN
  -6.680 -49.500     NaN
  -6.678 -49.500 -49.500
  -6.675 -16.248 -49.500
  -6.673 -49.500 -49.500
  -6.671 -49.500     NaN
  -6.669 -49.500 -49.500
  -6.667 -16.730 -49.500
  -6.665 -49.500     NaN
  -6.663 -16.611 -49.500
  -6.661 -49.500 -49.500
  -6.658 -15.514 -49.500
  -6.656 -49.500 -49.500
  -6.654 -16.629 -16.629
  -6.652 -16.601 -16.601
  -6.650 -16.986 -16.986
  -6.648 -49.500     NaN
  -6.646 -49.500 -49.500
  -6.644 -49.500 -49.500
  -6.642 -49.500 -49.500
  -6.640 -49.500 -49.500
  -6.638 -49.500     NaN
  -6.636 -49.500     NaN
  -6.634 -16.120 -49.500
  -6.632 -49.500 -49.500
  -6.630 -49.500 -49.500
  -6.628 -49.500     NaN
  -6.626 -49.500 -49.500
  -6.624 -49.500 -49.500
  -6.622 -49.500     NaN
  -6.620 -49.500     NaN
  -6.618 -49.500     NaN
  -6.617 -49.500 -49.500
  -6.615 -49.500     NaN
  -6.613 -49.500 -49.500
  -6.611 -16.204 -16.204
  -6.609 -49.500 -49.500
  -6.607 -49.500 -49.500
  -6.605 -16.754 -49.500
  -6.603 -16.512 -49.500
  -6.602 -49.500 -49.500
  -6.600 -49.500 -49.500
  -6.598 -49.500 -49.500
  -6.596 -49.500 -49.500
  -6.594 -49.500 -49.500
