  -8.861 -14.267 -14.267
  -8.599 -14.365 -14.365
  -8.442 -14.458 -14.458
  -8.329 -14.496 -14.496
  -8.239 -14.580 -14.580
  -8.166 -14.576 -14.576
  -8.103 -14.615 -14.615
  -8.048 -14.439 -14.725
  -7.999 -14.772 -14.772
  -7.955 -14.792 -14.792
  -7.916 -14.792 -14.792
  -7.879 -14.923 -14.923
  -7.846 -14.799 -14.799
  -7.815 -14.879 -14.879
  -7.786 -14.899 -14.899
  -7.758 -14.807 -14.807
  -7.733 -15.041 -15.041
  -7.709 -15.001 -15.001
  -7.686 -14.869 -14.869
  -7.664 -14.997 -14.997
  -7.643 -15.079 -15.079
  -7.624 -15.143 -15.143
  -7.605 -15.149 -15.149
  -7.586 -15.130 -15.130
  -7.569 -15.136 -15.136
  -7.552 -15.007 -15.214
  -7.536 -15.259 -15.259
  -7.521 -15.319 -15.319
  -7.506 -15.122 -15.122
  -7.491 -15.121 -15.288
  -7.477 -15.063 -15.264
  -7.464 -15.400 -15.400
  -7.451 -15.282 -15.282
  -7.438 -15.418 -15.418
  -7.425 -15.107 -15.326
  -7.413 -14.754 -15.351
  -7.401 -15.308 -15.308
  -7.390 -15.532 -15.532
  -7.379 -15.152 -15.152
  -7.368 -15.392 -15.392
  -7.357 -15.427 -15.427
  -7.347 -15.541 -15.541
  -7.337 -15.305 -15.305
  -7.327 -15.248 -15.248
  -7.317 -15.161 -15.161
  -7.308 -15.519 -15.519
  -7.299 -14.670 -15.353
  -7.290 -15.726 -15.726
  -7.281 -15.401 -15.586
  -7.272 -15.489 -15.489
  -7.264 -15.458 -15.689
  -7.255 -14.904 -15.627
  -7.247 -15.502 -15.502
  -7.239 -15.909 -15.909
  -7.231 -15.149 -15.149
  -7.223 -15.441 -15.441
  -7.216 -15.548 -15.900
  -7.208 -15.805 -15.805
  -7.201 -15.705 -15.705
  -7.194 -15.211 -15.546
  -7.187 -15.588 -15.588
  -7.180 -15.724 -15.724
  -7.173 -15.712 -15.712
  -7.166 -15.547 -15.783
  -7.159 -15.533 -15.788
  -7.153 -15.373 -15.575
  -7.146 -15.797 -15.797
  -7.140 -15.857 -15.857
  -7.133 -16.046 -16.046
  -7.127 -15.951 -15.951
  -7.121 -15.615 -15.615
  -7.115 -16.155 -16.155
  -7.109 -14.905 -15.171
  -7.103 -15.001 -15.801
  -7.098 -16.134 -16.134
  -7.092 -14.991 -15.536
  -7.086 -15.794 -15.794
  -7.081 -15.867 -15.867
  -7.075 -16.042 -16.323
  -7.070 -15.328 -15.805
  -7.064 -16.452 -16.632
  -7.059 -15.577 -15.906
  -7.054 -16.018 -16.175
  -7.049 -15.822 -15.822
  -7.043 -15.905 -15.905
  -7.038 -15.790 -15.790
  -7.033 -15.922 -16.140
  -7.029 -16.041 -16.231
  -7.024 -16.080 -16.279
  -7.019 -15.617 -16.297
  -7.014 -15.781 -16.013
  -7.009 -15.435 -15.862
  -7.005 -15.949 -16.208
  -7.000 -15.995 -15.995
  -6.995 -16.022 -16.022
  -6.991 -15.623 -16.228
  -6.986 -16.239 -16.459
  -6.982 -15.960 -15.960
  -6.978 -16.403 -16.706
  -6.973 -16.296 -16.296
  -6.969 -16.257 -16.438
  -6.965 -15.559 -15.949
  -6.961 -15.393 -15.827
  -6.956 -15.732 -15.994
  -6.952 -16.336 -16.492
  -6.948 -16.350 -16.503
  -6.944 -15.700 -16.397
  -6.940 -16.758 -17.015
  -6.936 -16.040 -16.429
  -6.932 -15.682 -16.023
  -6.928 -15.875 -16.464
  -6.924 -15.864 -16.461
  -6.920 -15.438 -15.438
  -6.917 -16.004 -16.004
  -6.913 -16.036 -16.406
  -6.909 -16.555 -49.500
  -6.905 -15.303 -16.124
  -6.902 -16.125 -16.307
  -6.898 -15.746 -16.318
  -6.894 -16.538 -16.749
  -6.891 -16.531 -22.358
  -6.887 -16.896 -49.500
  -6.884 -16.390 -16.595
  -6.880 -16.229 -16.464
  -6.877 -15.451 -15.917
  -6.873 -16.020 -49.500
  -6.870 -16.221 -16.387
  -6.867 -15.982 -16.335
  -6.863 -15.785 -17.009
  -6.860 -16.194 -16.803
  -6.857 -16.788 -16.788
  -6.853 -16.534 -49.500
  -6.850 -49.500     NaN
  -6.847 -16.142 -16.619
  -6.844 -16.423 -16.857
  -6.840 -49.500     NaN
  -6.837 -16.350 -16.555
  -6.834 -16.278 -16.558
  -6.831 -49.500     NaN
  -6.828 -17.298 -49.500
  -6.825 -16.050 -16.712
  -6.822 -16.345 -16.345
  -6.819 -49.500     NaN
  -6.816 -16.126 -16.454
  -6.813 -16.610 -16.610
  -6.810 -16.859 -17.035
  -6.807 -16.492 -49.500
  -6.804 -16.579 -49.500
  -6.801 -16.558 -16.713
  -6.798 -16.957 -49.500
  -6.795 -16.624 -49.500
  -6.792 -49.500     NaN
  -6.789 -49.500 -49.500
  -6.787 -15.830 -16.706
  -6.784 -16.238 -16.500
  -6.781 -49.500 -49.500
  -6.778 -49.500     NaN
  -6.775 -16.104 -16.588
  -6.773 -16.220 -49.500
  -6.770 -49.500     NaN
  -6.767 -16.621 -49.500
  -6.765 -15.829 -16.227
  -6.762 -15.871 -49.500
  -6.759 -49.500     NaN
  -6.757 -16.312 -16.312
  -6.754 -16.045 -16.743
  -6.751 -16.605 -49.500
  -6.749 -49.500     NaN
  -6.746 -49.500     NaN
  -6.744 -16.201 -16.403
  -6.741 -49.500     NaN
  -6.739 -16.565 -49.500
  -6.736 -15.491 -15.491
  -6.734 -16.429 -16.429
  -6.731 -16.001 -49.500
  -6.729 -17.056 -49.500
  -6.726 -49.500 -49.500
  -6.724 -16.349 -16.671
  -6.721 -49.500     NaN
  -6.719 -49.500     NaN
  -6.717 -49.500     NaN
  -6.714 -16.518 -16.518
  -6.712 -16.319 -49.500
  -6.709 -16.766 -16.766
  -6.707 -49.500 -49.500
  -6.705 -49.500     NaN
  -6.702 -16.420 -49.500
  -6.700 -49.500 -49.500
  -6.698 -14.593 -15.845
  -6.696 -16.764 -49.500
  -6.693 -49.500 -49.500
  -6.691 -16.412 -49.500
  -6.689 -49.500     NaN
  -6.687 -16.958 -16.958
  -6.684 -49.500     NaN
  -6.682 -16.008 -49.500
  -6.680 -49.500     NaN
  -6.678 -49.500 -49.500
  -6.675 -16.439 -16.439
  -6.673 -16.463 -49.500
  -6.671 -16.290 -16.290
  -6.669 -49.500     NaN
  -6.667 -49.500 -49.500
  -6.665 -49.500     NaN
  -6.663 -49.500     NaN
  -6.661 -49.500     NaN
  -6.658 -49.500 -49.500
  -6.656 -49.500 -49.500
  -6.654 -49.500 -49.500
  -6.652 -15.779 -49.500
  -6.650 -49.500 -49.500
  -6.648 -17.269 -49.500
  -6.646 -49.500 -49.500
  -6.644 -49.500 -49.500
  -6.642 -49.500     NaN
  -6.640 -16.508 -16.508
  -6.638 -49.500 -49.500
  -6.636 -16.530 -49.500
  -6.634 -49.500 -49.500
  -6.632 -49.500 -49.500
  -6.630 -49.500 -49.500
  -6.628 -49.500 -49.500
  -6.626 -49.500 -49.500
  -6.624 -49.500 -49.500
  -6.622 -49.500 -49.500
  -6.620 -49.500 -49.500
  -6.618 -16.248 -16.248
  -6.617 -49.500 -49.500
  -6.615 -49.500 -49.500
  -6.613 -49.500     NaN
  -6.611 -49.500 -49.500
  -6.609 -49.500     NaN
  -6.607 -49.500 -49.500
  -6.605 -49.500 -49.500
  -6.603 -49.500 -49.500
  -6.602 -49.500 -49.500
  -6.600 -49.500     NaN
  -6.598 -15.890 -15.890
  -6.596 -49.500 -49.500
  -6.594 -49.500 -49.500
