  -8.861 -14.260 -14.260
  -8.599 -14.380 -14.380
  -8.442 -14.432 -14.432
  -8.329 -14.402 -14.402
  -8.239 -14.579 -14.579
  -8.166 -14.563 -14.563
  -8.103 -14.693 -14.693
  -8.048 -14.725 -14.725
  -7.999 -14.750 -14.750
  -7.955 -14.760 -14.760
  -7.916 -14.592 -14.808
  -7.879 -14.905 -14.905
  -7.846 -14.342 -14.924
  -7.815 -14.856 -14.856
  -7.786 -14.747 -14.747
  -7.758 -14.898 -14.898
  -7.733 -14.831 -15.012
  -7.709 -14.933 -14.933
  -7.686 -14.915 -14.915
  -7.664 -15.125 -15.125
  -7.643 -15.027 -15.027
  -7.624 -14.939 -14.939
  -7.605 -15.071 -15.071
  -7.586 -15.230 -15.230
  -7.569 -15.178 -15.178
  -7.552 -15.182 -15.182
  -7.536 -14.960 -15.202
  -7.521 -15.099 -15.099
  -7.506 -15.266 -15.266
  -7.491 -15.238 -15.238
  -7.477 -15.207 -15.388
  -7.464 -15.268 -15.268
  -7.451 -15.238 -15.238
  -7.438 -15.216 -15.216
  -7.425 -15.139 -15.446
  -7.413 -15.226 -15.480
  -7.401 -15.555 -15.555
  -7.390 -15.188 -15.188
  -7.379 -15.317 -15.556
  -7.368 -15.437 -15.437
  -7.357 -14.929 -15.409
  -7.347 -15.048 -15.400
  -7.337 -15.257 -15.257
  -7.327 -14.773 -14.955
  -7.317 -15.515 -15.515
  -7.308 -15.351 -15.605
  -7.299 -15.297 -15.297
  -7.290 -15.788 -15.788
  -7.281 -15.309 -15.309
  -7.272 -15.309 -15.576
  -7.264 -15.675 -15.675
  -7.255 -15.576 -15.576
  -7.247 -15.881 -15.881
  -7.239 -14.961 -15.492
  -7.231 -14.855 -15.381
  -7.223 -15.809 -15.809
  -7.216 -15.606 -15.606
  -7.208 -15.086 -15.468
  -7.201 -15.494 -15.672
  -7.194 -15.319 -15.652
  -7.187 -15.776 -15.776
  -7.180 -15.569 -15.569
  -7.173 -15.311 -15.545
  -7.166 -15.555 -15.555
  -7.159 -15.802 -15.965
  -7.153 -15.784 -15.947
  -7.146 -15.378 -15.378
  -7.140 -15.556 -15.556
  -7.133 -15.569 -15.569
  -7.127 -15.413 -15.817
  -7.121 -15.581 -15.581
  -7.115 -15.311 -15.471
  -7.109 -15.655 -15.811
  -7.103 -15.513 -15.513
  -7.098 -15.210 -15.589
  -7.092 -15.413 -15.573
  -7.086 -15.850 -16.062
  -7.081 -15.809 -16.065
  -7.075 -15.768 -15.768
  -7.070 -16.195 -16.195
  -7.064 -15.450 -15.759
  -7.059 -15.740 -15.740
  -7.054 -15.642 -16.495
  -7.049 -15.888 -15.888
  -7.043 -15.858 -16.021
  -7.038 -15.989 -16.145
  -7.033 -15.305 -15.906
  -7.029 -15.930 -15.930
  -7.024 -15.492 -16.190
  -7.019 -15.779 -15.779
  -7.014 -15.398 -15.847
  -7.009 -16.047 -16.047
  -7.005 -15.662 -15.662
  -7.000 -15.685 -16.011
  -6.995 -16.337 -16.621
  -6.991 -15.765 -15.765
  -6.986 -16.381 -16.381
  -6.982 -16.283 -16.283
  -6.978 -16.179 -16.179
  -6.973 -15.974 -16.238
  -6.969 -16.129 -16.387
  -6.965 -15.926 -15.926
  -6.961 -16.586 -16.586
  -6.956 -15.790 -16.268
  -6.952 -15.825 -16.920
  -6.948 -16.561 -16.848
  -6.944 -15.993 -16.505
  -6.940 -14.961 -17.100
  -6.936 -15.853 -16.296
  -6.932 -15.765 -16.022
  -6.928 -15.844 -16.123
  -6.924 -15.212 -15.566
  -6.920 -15.496 -15.700
  -6.917 -15.894 -16.327
  -6.913 -15.875 -15.875
  -6.909 -16.002 -16.421
  -6.905 -16.088 -22.539
  -6.902 -16.016 -16.280
  -6.898 -16.230 -16.393
  -6.894 -16.298 -49.500
  -6.891 -17.021 -22.565
  -6.887 -16.028 -16.490
  -6.884 -16.236 -16.958
  -6.880 -15.859 -16.504
  -6.877 -15.759 -49.500
  -6.873 -16.113 -16.448
  -6.870 -15.736 -15.922
  -6.867 -16.166 -16.757
  -6.863 -15.574 -49.500
  -6.860 -16.749 -49.500
  -6.857 -16.529 -16.529
  -6.853 -15.632 -17.059
  -6.850 -16.465 -16.632
  -6.847 -16.267 -16.419
  -6.844 -49.500     NaN
  -6.840 -15.268 -49.500
  -6.837 -16.699 -16.905
  -6.834 -17.071 -49.500
  -6.831 -16.243 -16.864
  -6.828 -16.748 -49.500
  -6.825 -15.691 -16.390
  -6.822 -16.167 -16.368
  -6.819 -15.550 -16.287
  -6.816 -15.851 -49.500
  -6.813 -15.324 -16.787
  -6.810 -49.500     NaN
  -6.807 -16.334 -49.500
  -6.804 -16.129 -49.500
  -6.801 -15.406 -16.077
  -6.798 -16.643 -16.859
  -6.795 -16.011 -17.177
  -6.792 -16.331 -16.763
  -6.789 -49.500     NaN
  -6.787 -16.429 -49.500
  -6.784 -15.855 -16.143
  -6.781 -16.291 -16.799
  -6.778 -16.713 -49.500
  -6.775 -49.500     NaN
  -6.773 -16.483 -16.768
  -6.770 -49.500 -49.500
  -6.767 -15.717 -49.500
  -6.765 -16.166 -16.166
  -6.762 -49.500     NaN
  -6.759 -17.144 -49.500
  -6.757 -15.044 -16.117
  -6.754 -49.500     NaN
  -6.751 -49.500     NaN
  -6.749 -49.500     NaN
  -6.746 -49.500     NaN
  -6.744 -49.500     NaN
  -6.741 -49.500     NaN
  -6.739 -16.292 -16.744
  -6.736 -16.481 -49.500
  -6.734 -16.640 -49.500
  -6.731 -15.447 -15.447
  -6.729 -16.561 -49.500
  -6.726 -15.904 -16.603
  -6.724 -49.500     NaN
  -6.721 -16.485 -49.500
  -6.719 -16.345 -49.500
  -6.717 -49.500     NaN
  -6.714 -16.388 -49.500
  -6.712 -15.576 -49.500
  -6.709 -17.189 -49.500
  -6.707 -16.088 -16.088
  -6.705 -49.500     NaN
  -6.702 -15.932 -49.500
  -6.700 -16.355 -49.500
  -6.698 -15.536 -15.536
  -6.696 -15.669 -15.669
  -6.693 -16.623 -49.500
  -6.691 -49.500 -49.500
  -6.689 -49.500     NaN
  -6.687 -15.582 -49.500
  -6.684 -49.500 -49.500
  -6.682 -16.231 -49.500
  -6.680 -16.509 -49.500
  -6.678 -49.500 -49.500
  -6.675 -16.516 -49.500
  -6.673 -49.500 -49.500
  -6.671 -49.500     NaN
  -6.669 -16.068 -16.068
  -6.667 -49.500     NaN
  -6.665 -16.201 -16.676
  -6.663 -15.200 -49.500
  -6.661 -49.500 -49.500
  -6.658 -49.500 -49.500
  -6.656 -49.500 -49.500
  -6.654 -16.463 -49.500
  -6.652 -49.500 -49.500
  -6.650 -49.500 -49.500
  -6.648 -49.500     NaN
  -6.646 -15.797 -49.500
  -6.644 -49.500 -49.500
  -6.642 -49.500 -49.500
  -6.640 -49.500 -49.500
  -6.638 -49.500     NaN
  -6.636 -49.500 -49.500
  -6.634 -49.500 -49.500
  -6.632 -49.500 -49.500
  -6.630 -49.500 -49.500
  -6.628 -49.500 -49.500
  -6.626 -15.447 -49.500
  -6.624 -16.243 -49.500
  -6.622 -49.500 -49.500
  -6.620 -49.500 -49.500
  -6.618 -49.500 -49.500
  -6.617 -16.729 -16.729
  -6.615 -49.500 -49.500
  -6.613 -49.500 -49.500
  -6.611 -16.852 -49.500
  -6.609 -49.500     NaN
  -6.607 -49.500 -49.500
  -6.605 -49.500 -49.500
  -6.603 -16.279 -49.500
  -6.602 -49.500 -49.500
  -6.600 -49.500 -49.500
  -6.598 -16.181 -16.181
  -6.596 -49.500 -49.500
  -6.594 -49.500     NaN
