  -8.861 -14.271 -14.271
  -8.599 -14.376 -14.376
  -8.442 -14.459 -14.459
  -8.329 -14.476 -14.476
  -8.239 -14.564 -14.564
  -8.166 -14.586 -14.586
  -8.103 -14.535 -14.535
  -8.048 -14.610 -14.610
  -7.999 -14.572 -14.572
  -7.955 -14.800 -14.800
  -7.916 -14.705 -14.705
  -7.879 -14.793 -14.793
  -7.846 -14.742 -14.742
  -7.815 -14.892 -14.892
  -7.786 -14.755 -14.906
  -7.758 -14.987 -14.987
  -7.733 -14.866 -14.866
  -7.709 -14.699 -14.986
  -7.686 -14.717 -14.990
  -7.664 -15.103 -15.103
  -7.643 -14.840 -15.078
  -7.624 -15.079 -15.079
  -7.605 -15.074 -15.074
  -7.586 -14.951 -14.951
  -7.569 -15.208 -15.208
  -7.552 -15.257 -15.257
  -7.536 -14.753 -14.912
  -7.521 -15.316 -15.316
  -7.506 -15.048 -15.048
  -7.491 -15.271 -15.271
  -7.477 -14.570 -14.846
  -7.464 -15.143 -15.578
  -7.451 -15.285 -15.285
  -7.438 -14.852 -15.219
  -7.425 -15.005 -15.156
  -7.413 -15.317 -15.317
  -7.401 -15.250 -15.469
  -7.390 -15.374 -15.374
  -7.379 -15.088 -15.444
  -7.368 -15.564 -15.564
  -7.357 -15.467 -15.467
  -7.347 -15.242 -15.242
  -7.337 -14.845 -15.095
  -7.327 -14.852 -15.497
  -7.317 -15.616 -15.616
  -7.308 -15.558 -15.558
  -7.299 -15.318 -15.489
  -7.290 -15.569 -15.569
  -7.281 -15.632 -15.783
  -7.272 -15.378 -15.378
  -7.264 -15.552 -15.552
  -7.255 -15.534 -15.534
  -7.247 -15.615 -15.783
  -7.239 -15.593 -15.593
  -7.231 -15.828 -15.828
  -7.223 -15.710 -15.710
  -7.216 -15.447 -15.814
  -7.208 -15.574 -15.807
  -7.201 -15.548 -15.548
  -7.194 -15.584 -15.584
  -7.187 -15.784 -15.784
  -7.180 -15.563 -15.563
  -7.173 -15.803 -15.803
  -7.166 -15.566 -15.566
  -7.159 -15.094 -15.635
  -7.153 -15.778 -16.015
  -7.146 -15.797 -16.099
  -7.140 -14.823 -15.946
  -7.133 -15.960 -15.960
  -7.127 -15.565 -15.998
  -7.121 -15.581 -15.581
  -7.115 -15.956 -16.183
  -7.109 -16.024 -16.240
  -7.103 -15.153 -15.345
  -7.098 -15.799 -15.799
  -7.092 -15.973 -15.973
  -7.086 -15.052 -15.702
  -7.081 -15.485 -15.704
  -7.075 -16.015 -16.198
  -7.070 -16.103 -16.103
  -7.064 -16.067 -16.067
  -7.059 -15.904 -16.164
  -7.054 -15.859 -16.111
  -7.049 -15.287 -15.629
  -7.043 -15.883 -16.147
  -7.038 -15.907 -15.907
  -7.033 -15.989 -15.989
  -7.029 -15.349 -15.986
  -7.024 -15.800 -16.334
  -7.019 -15.541 -16.253
  -7.014 -15.409 -15.959
  -7.009 -15.842 -15.842
  -7.005 -15.795 -16.199
  -7.000 -15.742 -15.967
  -6.995 -16.122 -16.507
  -6.991 -16.034 -16.215
  -6.986 -16.116 -16.348
  -6.982 -15.670 -16.179
  -6.978 -16.542 -16.542
  -6.973 -14.818 -15.822
  -6.969 -16.411 -16.567
  -6.965 -15.825 -16.147
  -6.961 -16.047 -16.047
  -6.956 -15.928 -16.192
  -6.952 -15.990 -15.990
  -6.948 -16.217 -16.420
  -6.944 -15.782 -15.958
  -6.940 -16.133 -16.133
  -6.936 -16.460 -16.667
  -6.932 -15.535 -16.364
  -6.928 -16.071 -16.071
  -6.924 -16.854 -17.025
  -6.920 -16.252 -16.252
  -6.917 -15.699 -15.857
  -6.913 -15.689 -16.072
  -6.909 -21.614 -21.614
  -6.905 -16.408 -16.587
  -6.902 -16.028 -22.986
  -6.898 -16.171 -49.500
  -6.894 -15.724 -15.919
  -6.891 -16.003 -16.343
  -6.887 -15.439 -16.079
  -6.884 -15.986 -16.676
  -6.880 -16.537 -16.954
  -6.877 -16.359 -16.359
  -6.873 -15.940 -16.232
  -6.870 -15.703 -16.679
  -6.867 -16.476 -49.500
  -6.863 -16.064 -16.866
  -6.860 -16.099 -16.099
  -6.857 -15.490 -16.382
  -6.853 -16.313 -16.466
  -6.850 -16.267 -16.911
  -6.847 -15.460 -16.395
  -6.844 -17.156 -49.500
  -6.840 -16.116 -16.465
  -6.837 -49.500     NaN
  -6.834 -16.424 -16.889
  -6.831 -49.500     NaN
  -6.828 -17.000 -49.500
  -6.825 -49.500     NaN
  -6.822 -49.500     NaN
  -6.819 -16.240 -16.412
  -6.816 -16.468 -16.998
  -6.813 -16.200 -16.860
  -6.810 -16.874 -49.500
  -6.807 -16.766 -49.500
  -6.804 -49.500     NaN
  -6.801 -15.988 -16.215
  -6.798 -49.500     NaN
  -6.795 -17.118 -49.500
  -6.792 -16.451 -16.451
  -6.789 -49.500     NaN
  -6.787 -15.698 -49.500
  -6.784 -49.500 -49.500
  -6.781 -16.208 -16.409
  -6.778 -16.496 -16.985
  -6.775 -49.500     NaN
  -6.773 -16.889 -49.500
  -6.770 -16.917 -49.500
  -6.767 -49.500     NaN
  -6.765 -49.500     NaN
  -6.762 -49.500     NaN
  -6.759 -49.500 -49.500
  -6.757 -17.086 -49.500
  -6.754 -16.436 -16.436
  -6.751 -16.299 -16.845
  -6.749 -49.500     NaN
  -6.746 -16.669 -49.500
  -6.744 -15.926 -16.092
  -6.741 -16.819 -49.500
  -6.739 -14.723 -16.856
  -6.736 -16.069 -17.022
  -6.734 -49.500     NaN
  -6.731 -15.947 -16.507
  -6.729 -15.810 -49.500
  -6.726 -16.788 -49.500
  -6.724 -49.500 -49.500
  -6.721 -16.337 -16.518
  -6.719 -15.691 -49.500
  -6.717 -16.488 -16.961
  -6.714 -49.500 -49.500
  -6.712 -49.500 -49.500
  -6.709 -49.500 -49.500
  -6.707 -15.985 -15.985
  -6.705 -49.500 -49.500
  -6.702 -49.500     NaN
  -6.700 -15.892 -49.500
  -6.698 -15.804 -49.500
  -6.696 -49.500 -49.500
  -6.693 -49.500     NaN
  -6.691 -16.307 -49.500
  -6.689 -49.500     NaN
  -6.687 -16.669 -49.500
  -6.684 -49.500 -49.500
  -6.682 -49.500     NaN
  -6.680 -16.093 -16.788
  -6.678 -49.500     NaN
  -6.675 -16.569 -49.500
  -6.673 -49.500 -49.500
  -6.671 -49.500     NaN
  -6.669 -49.500 -49.500
  -6.667 -15.729 -16.746
  -6.665 -16.020 -16.467
  -6.663 -16.996 -49.500
  -6.661 -15.964 -15.964
  -6.658 -49.500 -49.500
  -6.656 -49.500 -49.500
  -6.654 -16.382 -49.500
  -6.652 -16.405 -49.500
  -6.650 -49.500     NaN
  -6.648 -16.160 -49.500
  -6.646 -49.500 -49.500
  -6.644 -49.500 -49.500
  -6.642 -49.500 -49.500
  -6.640 -49.500     NaN
  -6.638 -49.500     NaN
  -6.636 -14.963 -49.500
  -6.634 -49.500 -49.500
  -6.632 -16.942 -16.942
  -6.630 -49.500 -49.500
  -6.628 -15.783 -16.438
  -6.626 -49.500 -49.500
  -6.624 -49.500     NaN
  -6.622 -16.621 -16.621
  -6.620 -16.132 -16.132
  -6.618 -49.500     NaN
  -6.617 -49.500     NaN
  -6.615 -49.500 -49.500
  -6.613 -49.500 -49.500
  -6.611 -49.500 -49.500
  -6.609 -49.500     NaN
  -6.607 -15.354 -16.724
  -6.605 -49.500 -49.500
  -6.603 -49.500 -49.500
  -6.602 -16.728 -16.728
  -6.600 -49.500 -49.500
  -6.598 -49.500 -49.500
  -6.596 -49.500 -49.500
  -6.594 -49.500 -49.500
