  -8.861 -14.240 -14.240
  -8.599 -14.342 -14.342
  -8.442 -14.455 -14.455
  -8.329 -14.497 -14.497
  -8.239 -14.567 -14.567
  -8.166 -14.542 -14.542
  -8.103 -14.697 -14.697
  -8.048 -14.672 -14.672
  -7.999 -14.710 -14.710
  -7.955 -14.728 -14.728
  -7.916 -14.809 -14.809
  -7.879 -14.900 -14.900
  -7.846 -14.823 -14.823
  -7.815 -14.917 -14.917
  -7.786 -14.734 -14.972
  -7.758 -14.797 -14.797
  -7.733 -14.941 -14.941
  -7.709 -15.071 -15.071
  -7.686 -15.004 -15.004
  -7.664 -15.005 -15.005
  -7.643 -15.112 -15.112
  -7.624 -14.768 -15.154
  -7.605 -14.814 -14.989
  -7.586 -15.129 -15.129
  -7.569 -15.229 -15.229
  -7.552 -14.976 -15.233
  -7.536 -15.065 -15.065
  -7.521 -15.152 -15.152
  -7.506 -15.077 -15.077
  -7.491 -15.429 -15.429
  -7.477 -15.425 -15.425
  -7.464 -15.012 -15.295
  -7.451 -15.250 -15.250
  -7.438 -15.123 -15.123
  -7.425 -15.367 -15.367
  -7.413 -15.305 -15.305
  -7.401 -15.375 -15.375
  -7.390 -15.114 -15.387
  -7.379 -15.337 -15.337
  -7.368 -15.229 -15.229
  -7.357 -15.111 -15.309
  -7.347 -14.942 -15.202
  -7.337 -14.951 -14.951
  -7.327 -15.631 -15.631
  -7.317 -15.468 -15.628
  -7.308 -14.926 -15.134
  -7.299 -15.557 -15.557
  -7.290 -15.306 -15.306
  -7.281 -15.182 -15.386
  -7.272 -15.452 -15.452
  -7.264 -15.246 -15.398
  -7.255 -15.564 -15.564
  -7.247 -14.958 -15.737
  -7.239 -15.763 -15.763
  -7.231 -15.485 -15.485
  -7.223 -15.863 -15.863
  -7.216 -15.732 -15.732
  -7.208 -15.199 -15.551
  -7.201 -15.566 -15.566
  -7.194 -15.357 -15.539
  -7.187 -14.802 -15.778
  -7.180 -15.554 -15.743
  -7.173 -15.932 -15.932
  -7.166 -15.574 -15.574
  -7.159 -15.555 -15.848
  -7.153 -15.849 -15.849
  -7.146 -15.900 -15.900
  -7.140 -15.917 -15.917
  -7.133 -15.918 -16.174
  -7.127 -15.157 -15.402
  -7.121 -15.556 -15.707
  -7.115 -15.184 -15.515
  -7.109 -15.947 -15.947
  -7.103 -15.290 -15.567
  -7.098 -15.933 -15.933
  -7.092 -15.580 -15.900
  -7.086 -15.362 -15.662
  -7.081 -15.921 -15.921
  -7.075 -15.946 -15.946
  -7.070 -15.942 -15.942
  -7.064 -15.014 -15.207
  -7.059 -15.675 -15.977
  -7.054 -16.242 -16.242
  -7.049 -16.006 -16.372
  -7.043 -15.653 -15.988
  -7.038 -15.813 -15.813
  -7.033 -15.736 -15.736
  -7.029 -15.262 -15.262
  -7.024 -15.996 -15.996
  -7.019 -15.987 -16.152
  -7.014 -15.663 -16.232
  -7.009 -15.771 -16.321
  -7.005 -15.800 -16.497
  -7.000 -15.776 -15.776
  -6.995 -15.629 -15.953
  -6.991 -15.311 -15.657
  -6.986 -16.075 -16.248
  -6.982 -16.167 -16.372
  -6.978 -15.662 -15.855
  -6.973 -16.390 -16.390
  -6.969 -15.545 -16.053
  -6.965 -16.416 -16.610
  -6.961 -15.723 -15.929
  -6.956 -16.312 -16.537
  -6.952 -15.834 -16.425
  -6.948 -15.957 -16.288
  -6.944 -16.510 -16.510
  -6.940 -16.840 -23.241
  -6.936 -15.177 -16.294
  -6.932 -16.128 -16.280
  -6.928 -15.726 -15.964
  -6.924 -16.154 -16.317
  -6.920 -16.128 -16.374
  -6.917 -15.307 -16.020
  -6.913 -16.603 -16.814
  -6.909 -16.272 -16.493
  -6.905 -16.411 -16.811
  -6.902 -16.956 -49.500
  -6.898 -15.684 -16.025
  -6.894 -15.554 -16.232
  -6.891 -15.248 -15.733
  -6.887 -15.979 -16.711
  -6.884 -15.732 -16.613
  -6.880 -16.645 -16.830
  -6.877 -49.500     NaN
  -6.873 -15.680 -16.332
  -6.870 -16.330 -16.510
  -6.867 -16.394 -49.500
  -6.863 -15.043 -15.800
  -6.860 -16.238 -16.523
  -6.857 -16.972 -49.500
  -6.853 -16.170 -49.500
  -6.850 -16.409 -49.500
  -6.847 -16.344 -16.344
  -6.844 -15.817 -49.500
  -6.840 -16.002 -16.258
  -6.837 -15.945 -49.500
  -6.834 -15.889 -16.667
  -6.831 -16.326 -16.540
  -6.828 -16.499 -49.500
  -6.825 -49.500     NaN
  -6.822 -16.999 -49.500
  -6.819 -16.716 -49.500
  -6.816 -49.500     NaN
  -6.813 -16.376 -16.624
  -6.810 -16.191 -16.366
  -6.807 -15.891 -16.682
  -6.804 -49.500     NaN
  -6.801 -15.363 -15.553
  -6.798 -15.532 -49.500
  -6.795 -15.276 -15.276
  -6.792 -16.053 -49.500
  -6.789 -16.341 -16.601
  -6.787 -49.500 -49.500
  -6.784 -49.500     NaN
  -6.781 -16.370 -16.370
  -6.778 -16.612 -49.500
  -6.775 -15.795 -16.145
  -6.773 -16.934 -49.500
  -6.770 -15.226 -15.710
  -6.767 -16.801 -16.801
  -6.765 -49.500     NaN
  -6.762 -16.224 -16.477
  -6.759 -16.438 -16.850
  -6.757 -15.448 -15.623
  -6.754 -16.693 -49.500
  -6.751 -14.791 -49.500
  -6.749 -16.498 -49.500
  -6.746 -49.500     NaN
  -6.744 -49.500     NaN
  -6.741 -16.008 -16.008
  -6.739 -16.145 -16.668
  -6.736 -49.500     NaN
  -6.734 -49.500 -49.500
  -6.731 -49.500     NaN
  -6.729 -16.051 -49.500
  -6.726 -49.500     NaN
  -6.724 -16.858 -49.500
  -6.721 -16.542 -49.500
  -6.719 -49.500 -49.500
  -6.717 -49.500     NaN
  -6.714 -16.287 -49.500
  -6.712 -49.500     NaN
  -6.709 -16.130 -49.500
  -6.707 -49.500     NaN
  -6.705 -49.500     NaN
  -6.702 -49.500 -49.500
  -6.700 -16.389 -49.500
  -6.698 -16.727 -49.500
  -6.696 -16.102 -49.500
  -6.693 -49.500     NaN
  -6.691 -16.726 -49.500
  -6.689 -15.417 -15.417
  -6.687 -49.500 -49.500
  -6.684 -49.500     NaN
  -6.682 -16.739 -16.739
  -6.680 -17.122 -17.122
  -6.678 -16.813 -49.500
  -6.675 -15.782 -49.500
  -6.673 -16.450 -49.500
  -6.671 -49.500     NaN
  -6.669 -49.500 -49.500
  -6.667 -49.500 -49.500
  -6.665 -16.037 -16.037
  -6.663 -15.491 -15.491
  -6.661 -16.195 -49.500
  -6.658 -14.988 -49.500
  -6.656 -49.500     NaN
  -6.654 -14.939 -16.257
  -6.652 -49.500 -49.500
  -6.650 -49.500     NaN
  -6.648 -49.500 -49.500
  -6.646 -49.500     NaN
  -6.644 -15.524 -16.258
  -6.642 -49.500 -49.500
  -6.640 -49.500 -49.500
  -6.638 -16.981 -49.500
  -6.636 -49.500     NaN
  -6.634 -16.715 -49.500
  -6.632 -17.165 -17.165
  -6.630 -16.334 -16.334
  -6.628 -49.500 -49.500
  -6.626 -49.500 -49.500
  -6.624 -49.500 -49.500
  -6.622 -15.421 -15.421
  -6.620 -49.500 -49.500
  -6.618 -49.500 -49.500
  -6.617 -16.215 -49.500
  -6.615 -49.500     NaN
  -6.613 -16.386 -49.500
  -6.611 -49.500 -49.500
  -6.609 -49.500 -49.500
  -6.607 -49.500     NaN
  -6.605 -49.500 -49.500
  -6.603 -49.500 -49.500
  -6.602 -49.500 -49.500
  -6.600 -49.500 -49.500
  -6.598 -49.500 -49.500
  -6.596 -49.500     NaN
  -6.594 -49.500 -49.500
