  -8.861 -14.267 -14.267
  -8.599 -14.383 -14.383
  -8.442 -14.446 -14.446
  -8.329 -14.483 -14.483
  -8.239 -14.608 -14.608
  -8.166 -14.606 -14.606
  -8.103 -14.618 -14.618
  -8.048 -14.675 -14.675
  -7.999 -14.660 -14.660
  -7.955 -14.714 -14.714
  -7.916 -14.716 -14.716
  -7.879 -14.756 -14.756
  -7.846 -14.837 -14.837
  -7.815 -14.932 -14.932
  -7.786 -14.532 -14.806
  -7.758 -15.008 -15.008
  -7.733 -15.013 -15.013
  -7.709 -14.974 -14.974
  -7.686 -15.120 -15.120
  -7.664 -15.049 -15.049
  -7.643 -14.814 -14.814
  -7.624 -15.063 -15.063
  -7.605 -15.162 -15.162
  -7.586 -15.210 -15.210
  -7.569 -14.946 -14.946
  -7.552 -14.910 -14.910
  -7.536 -15.194 -15.194
  -7.521 -14.927 -15.216
  -7.506 -15.172 -15.172
  -7.491 -15.328 -15.328
  -7.477 -14.860 -14.860
  -7.464 -15.001 -15.001
  -7.451 -15.552 -15.552
  -7.438 -15.036 -15.189
  -7.425 -15.219 -15.219
  -7.413 -15.186 -15.186
  -7.401 -15.362 -15.362
  -7.390 -15.138 -15.307
  -7.379 -15.433 -15.433
  -7.368 -15.539 -15.539
  -7.357 -15.486 -15.486
  -7.347 -15.320 -15.483
  -7.337 -15.482 -15.726
  -7.327 -14.703 -15.125
  -7.317 -14.995 -15.474
  -7.308 -15.152 -15.152
  -7.299 -15.490 -15.490
  -7.290 -15.637 -15.637
  -7.281 -15.472 -15.718
  -7.272 -15.459 -15.744
  -7.264 -15.463 -15.631
  -7.255 -15.672 -15.672
  -7.247 -15.053 -15.545
  -7.239 -15.515 -15.515
  -7.231 -15.608 -15.608
  -7.223 -15.238 -15.404
  -7.216 -14.672 -14.955
  -7.208 -15.189 -15.451
  -7.201 -14.703 -15.612
  -7.194 -15.503 -15.866
  -7.187 -15.343 -15.688
  -7.180 -15.891 -15.891
  -7.173 -14.314 -15.780
  -7.166 -15.476 -15.476
  -7.159 -15.406 -15.845
  -7.153 -15.589 -15.589
  -7.146 -14.973 -15.883
  -7.140 -15.417 -15.731
  -7.133 -15.138 -15.357
  -7.127 -15.792 -15.964
  -7.121 -15.181 -15.894
  -7.115 -15.077 -15.615
  -7.109 -15.457 -15.457
  -7.103 -15.830 -15.993
  -7.098 -15.561 -15.948
  -7.092 -16.330 -16.330
  -7.086 -15.647 -16.059
  -7.081 -16.086 -16.086
  -7.075 -15.966 -15.966
  -7.070 -15.402 -15.579
  -7.064 -15.830 -15.830
  -7.059 -15.511 -16.052
  -7.054 -15.271 -15.524
  -7.049 -15.476 -15.803
  -7.043 -16.108 -16.108
  -7.038 -15.698 -15.853
  -7.033 -16.599 -16.599
  -7.029 -15.782 -16.064
  -7.024 -16.106 -16.392
  -7.019 -16.232 -16.232
  -7.014 -15.721 -15.721
  -7.009 -15.413 -17.001
  -7.005 -16.164 -16.339
  -7.000 -15.782 -16.285
  -6.995 -16.106 -16.106
  -6.991 -15.852 -16.302
  -6.986 -16.042 -16.240
  -6.982 -16.262 -16.422
  -6.978 -16.007 -16.227
  -6.973 -16.236 -16.418
  -6.969 -16.221 -16.386
  -6.965 -15.777 -15.777
  -6.961 -16.020 -16.180
  -6.956 -15.809 -15.809
  -6.952 -16.244 -16.244
  -6.948 -16.294 -16.294
  -6.944 -16.261 -16.418
  -6.940 -15.114 -15.276
  -6.936 -15.682 -15.872
  -6.932 -16.232 -16.449
  -6.928 -15.497 -16.621
  -6.924 -16.103 -16.804
  -6.920 -16.972 -17.277
  -6.917 -15.350 -15.634
  -6.913 -16.371 -16.667
  -6.909 -16.406 -16.606
  -6.905 -15.972 -16.343
  -6.902 -16.036 -16.036
  -6.898 -16.441 -16.676
  -6.894 -16.605 -17.237
  -6.891 -15.793 -16.245
  -6.887 -16.059 -16.425
  -6.884 -16.019 -16.206
  -6.880 -15.665 -16.058
  -6.877 -16.010 -16.316
  -6.873 -16.935 -49.500
  -6.870 -15.242 -15.656
  -6.867 -16.823 -49.500
  -6.863 -16.349 -16.630
  -6.860 -16.380 -17.000
  -6.857 -16.695 -17.032
  -6.853 -16.193 -49.500
  -6.850 -16.163 -16.163
  -6.847 -16.623 -49.500
  -6.844 -16.714 -49.500
  -6.840 -15.654 -49.500
  -6.837 -16.601 -49.500
  -6.834 -15.048 -16.013
  -6.831 -16.256 -16.660
  -6.828 -49.500     NaN
  -6.825 -49.500     NaN
  -6.822 -14.376 -15.315
  -6.819 -16.332 -16.686
  -6.816 -49.500     NaN
  -6.813 -15.999 -16.668
  -6.810 -16.688 -49.500
  -6.807 -16.848 -49.500
  -6.804 -16.302 -16.890
  -6.801 -16.646 -16.848
  -6.798 -15.624 -16.082
  -6.795 -16.403 -49.500
  -6.792 -16.362 -49.500
  -6.789 -16.205 -16.433
  -6.787 -16.443 -16.857
  -6.784 -16.274 -49.500
  -6.781 -15.866 -16.491
  -6.778 -49.500     NaN
  -6.775 -15.183 -49.500
  -6.773 -14.855 -49.500
  -6.770 -16.416 -16.614
  -6.767 -15.902 -16.153
  -6.765 -16.354 -16.612
  -6.762 -15.803 -49.500
  -6.759 -49.500 -49.500
  -6.757 -49.500     NaN
  -6.754 -16.696 -49.500
  -6.751 -49.500 -49.500
  -6.749 -16.349 -16.349
  -6.746 -49.500     NaN
  -6.744 -16.284 -49.500
  -6.741 -49.500     NaN
  -6.739 -16.556 -49.500
  -6.736 -15.747 -15.747
  -6.734 -49.500 -49.500
  -6.731 -16.040 -49.500
  -6.729 -16.297 -16.457
  -6.726 -15.257 -15.568
  -6.724 -16.424 -49.500
  -6.721 -49.500     NaN
  -6.719 -49.500     NaN
  -6.717 -49.500 -49.500
  -6.714 -16.513 -49.500
  -6.712 -16.257 -16.673
  -6.709 -16.622 -49.500
  -6.707 -49.500 -49.500
  -6.705 -49.500     NaN
  -6.702 -49.500     NaN
  -6.700 -49.500     NaN
  -6.698 -16.583 -16.800
  -6.696 -49.500 -49.500
  -6.693 -49.500     NaN
  -6.691 -49.500 -49.500
  -6.689 -49.500 -49.500
  -6.687 -49.500 -49.500
  -6.684 -49.500 -49.500
  -6.682 -49.500     NaN
  -6.680 -49.500     NaN
  -6.678 -49.500 -49.500
  -6.675 -49.500 -49.500
  -6.673 -49.500 -49.500
  -6.671 -16.735 -49.500
  -6.669 -16.786 -16.786
  -6.667 -16.074 -16.074
  -6.665 -49.500     NaN
  -6.663 -16.189 -49.500
  -6.661 -49.500 -49.500
  -6.658 -49.500 -49.500
  -6.656 -16.399 -49.500
  -6.654 -49.500 -49.500
  -6.652 -49.500     NaN
  -6.650 -16.060 -16.060
  -6.648 -49.500 -49.500
  -6.646 -15.127 -49.500
  -6.644 -16.778 -16.778
  -6.642 -15.120 -49.500
  -6.640 -16.561 -49.500
  -6.638 -49.500 -49.500
  -6.636 -49.500     NaN
  -6.634 -16.238 -16.442
  -6.632 -49.500     NaN
  -6.630 -16.557 -49.500
  -6.628 -16.443 -16.443
  -6.626 -16.185 -16.547
  -6.624 -16.118 -49.500
  -6.622 -16.049 -16.049
  -6.620 -49.500 -49.500
  -6.618 -49.500     NaN
  -6.617 -16.424 -49.500
  -6.615 -49.500 -49.500
  -6.613 -49.500     NaN
  -6.611 -49.500 -49.500
  -6.609 -16.179 -49.500
  -6.607 -49.500     NaN
  -6.605 -49.500     NaN
  -6.603 -49.500 -49.500
  -6.602 -49.500 -49.500
  -6.600 -49.500 -49.500
  -6.598 -49.500     NaN
  -6.596 -49.500 -49.500
  -6.594 -49.500 -49.500
