  -8.861 -14.238 -14.238
  -8.599 -14.372 -14.372
  -8.442 -14.376 -14.376
  -8.329 -14.494 -14.494
  -8.239 -14.579 -14.579
  -8.166 -14.515 -14.515
  -8.103 -14.644 -14.644
  -8.048 -14.594 -14.594
  -7.999 -14.784 -14.784
  -7.955 -14.803 -14.803
  -7.916 -14.615 -14.615
  -7.879 -14.809 -14.809
  -7.846 -14.787 -14.787
  -7.815 -14.798 -14.798
  -7.786 -14.876 -14.876
  -7.758 -14.763 -14.763
  -7.733 -14.793 -15.005
  -7.709 -14.964 -14.964
  -7.686 -15.068 -15.068
  -7.664 -14.945 -14.945
  -7.643 -15.034 -15.034
  -7.624 -14.927 -14.927
  -7.605 -14.714 -15.028
  -7.586 -14.739 -14.912
  -7.569 -15.131 -15.131
  -7.552 -15.008 -15.164
  -7.536 -15.036 -15.252
  -7.521 -15.052 -15.052
  -7.506 -14.657 -15.257
  -7.491 -14.874 -15.222
  -7.477 -15.056 -15.056
  -7.464 -15.451 -15.451
  -7.451 -15.127 -15.298
  -7.438 -15.081 -15.337
  -7.425 -14.985 -15.254
  -7.413 -15.175 -15.419
  -7.401 -15.169 -15.169
  -7.390 -15.036 -15.489
  -7.379 -15.153 -15.153
  -7.368 -15.170 -15.170
  -7.357 -15.368 -15.522
  -7.347 -15.115 -15.115
  -7.337 -15.512 -15.512
  -7.327 -15.453 -15.453
  -7.317 -15.219 -15.579
  -7.308 -15.388 -15.388
  -7.299 -15.173 -15.173
  -7.290 -15.453 -15.453
  -7.281 -15.571 -15.571
  -7.272 -14.679 -15.601
  -7.264 -15.698 -15.698
  -7.255 -15.413 -15.565
  -7.247 -15.666 -15.666
  -7.239 -15.776 -16.030
  -7.231 -14.880 -15.155
  -7.223 -15.392 -15.615
  -7.216 -15.632 -15.826
  -7.208 -15.443 -15.662
  -7.201 -15.008 -15.511
  -7.194 -14.994 -15.849
  -7.187 -15.620 -15.620
  -7.180 -15.838 -15.838
  -7.173 -15.924 -15.924
  -7.166 -14.651 -15.466
  -7.159 -15.274 -15.485
  -7.153 -15.743 -15.894
  -7.146 -15.226 -15.698
  -7.140 -15.885 -15.885
  -7.133 -15.360 -15.999
  -7.127 -15.597 -15.597
  -7.121 -15.731 -15.731
  -7.115 -16.034 -16.317
  -7.109 -15.865 -16.106
  -7.103 -16.040 -16.040
  -7.098 -15.881 -15.881
  -7.092 -14.963 -16.088
  -7.086 -16.031 -16.031
  -7.081 -15.731 -15.731
  -7.075 -15.802 -16.132
  -7.070 -15.664 -15.896
  -7.064 -15.418 -15.418
  -7.059 -15.704 -15.704
  -7.054 -16.262 -16.262
  -7.049 -16.061 -16.061
  -7.043 -16.105 -16.321
  -7.038 -15.885 -16.440
  -7.033 -15.682 -15.682
  -7.029 -15.968 -16.158
  -7.024 -15.575 -15.862
  -7.019 -15.568 -15.967
  -7.014 -15.776 -15.972
  -7.009 -15.676 -15.893
  -7.005 -15.597 -16.163
  -7.000 -15.949 -15.949
  -6.995 -16.295 -16.295
  -6.991 -16.121 -16.272
  -6.986 -16.097 -16.097
  -6.982 -15.760 -16.287
  -6.978 -15.952 -15.952
  -6.973 -16.190 -16.190
  -6.969 -15.713 -16.329
  -6.965 -16.128 -16.327
  -6.961 -16.847 -49.500
  -6.956 -15.366 -16.002
  -6.952 -15.822 -16.131
  -6.948 -15.619 -15.923
  -6.944 -15.289 -15.933
  -6.940 -15.762 -16.390
  -6.936 -15.907 -16.469
  -6.932 -16.136 -16.302
  -6.928 -15.614 -16.142
  -6.924 -15.563 -16.215
  -6.920 -16.164 -16.164
  -6.917 -15.879 -16.438
  -6.913 -16.167 -49.500
  -6.909 -15.717 -15.928
  -6.905 -14.820 -16.216
  -6.902 -16.503 -16.841
  -6.898 -16.617 -16.882
  -6.894 -16.110 -16.405
  -6.891 -15.803 -16.863
  -6.887 -14.923 -15.310
  -6.884 -16.664 -17.148
  -6.880 -16.034 -16.467
  -6.877 -16.334 -17.041
  -6.873 -15.864 -16.322
  -6.870 -15.623 -16.239
  -6.867 -16.347 -16.347
  -6.863 -17.108 -49.500
  -6.860 -16.339 -16.504
  -6.857 -15.996 -16.343
  -6.853 -49.500     NaN
  -6.850 -15.924 -16.105
  -6.847 -15.352 -16.368
  -6.844 -15.902 -16.503
  -6.840 -16.489 -49.500
  -6.837 -15.829 -16.101
  -6.834 -16.243 -16.545
  -6.831 -16.013 -16.251
  -6.828 -49.500     NaN
  -6.825 -16.155 -16.405
  -6.822 -49.500     NaN
  -6.819 -15.923 -16.100
  -6.816 -16.112 -16.112
  -6.813 -16.069 -16.366
  -6.810 -16.277 -16.599
  -6.807 -15.587 -16.003
  -6.804 -15.937 -16.155
  -6.801 -15.726 -49.500
  -6.798 -15.262 -16.133
  -6.795 -15.708 -49.500
  -6.792 -16.159 -16.357
  -6.789 -16.678 -49.500
  -6.787 -49.500     NaN
  -6.784 -16.617 -49.500
  -6.781 -16.574 -16.776
  -6.778 -15.346 -15.346
  -6.775 -16.608 -49.500
  -6.773 -16.262 -16.649
  -6.770 -16.139 -49.500
  -6.767 -49.500     NaN
  -6.765 -16.166 -16.349
  -6.762 -49.500 -49.500
  -6.759 -16.176 -16.885
  -6.757 -49.500     NaN
  -6.754 -49.500 -49.500
  -6.751 -49.500     NaN
  -6.749 -15.304 -49.500
  -6.746 -49.500     NaN
  -6.744 -16.031 -16.031
  -6.741 -49.500 -49.500
  -6.739 -49.500     NaN
  -6.736 -16.358 -49.500
  -6.734 -16.748 -49.500
  -6.731 -49.500 -49.500
  -6.729 -49.500 -49.500
  -6.726 -15.388 -15.388
  -6.724 -49.500     NaN
  -6.721 -49.500     NaN
  -6.719 -15.890 -49.500
  -6.717 -49.500     NaN
  -6.714 -49.500     NaN
  -6.712 -16.207 -16.471
  -6.709 -15.833 -15.833
  -6.707 -15.802 -49.500
  -6.705 -49.500 -49.500
  -6.702 -49.500     NaN
  -6.700 -49.500 -49.500
  -6.698 -16.003 -16.224
  -6.696 -49.500 -49.500
  -6.693 -16.701 -49.500
  -6.691 -17.089 -49.500
  -6.689 -17.047 -49.500
  -6.687 -16.475 -49.500
  -6.684 -16.485 -49.500
  -6.682 -17.342 -49.500
  -6.680 -16.312 -49.500
  -6.678 -16.579 -49.500
  -6.675 -16.253 -49.500
  -6.673 -49.500     NaN
  -6.671 -49.500     NaN
  -6.669 -16.254 -16.254
  -6.667 -49.500 -49.500
  -6.665 -49.500 -49.500
  -6.663 -49.500     NaN
  -6.661 -49.500 -49.500
  -6.658 -49.500 -49.500
  -6.656 -49.500     NaN
  -6.654 -49.500     NaN
  -6.652 -49.500     NaN
  -6.650 -49.500 -49.500
  -6.648 -49.500 -49.500
  -6.646 -49.500     NaN
  -6.644 -16.548 -16.548
  -6.642 -49.500 -49.500
  -6.640 -49.500     NaN
  -6.638 -49.500 -49.500
  -6.636 -49.500 -49.500
  -6.634 -49.500 -49.500
  -6.632 -49.500 -49.500
  -6.630 -49.500     NaN
  -6.628 -49.500     NaN
  -6.626 -49.500     NaN
  -6.624 -49.500     NaN
  -6.622 -16.410 -16.410
  -6.620 -49.500     NaN
  -6.618 -49.500 -49.500
  -6.617 -16.745 -16.745
  -6.615 -49.500     NaN
  -6.613 -49.500     NaN
  -6.611 -49.500 -49.500
  -6.609 -49.500 -49.500
  -6.607 -15.865 -15.865
  -6.605 -49.500 -49.500
  -6.603 -49.500 -49.500
  -6.602 -49.500 -49.500
  -6.600 -49.500     NaN
  -6.598 -49.500 -49.500
  -6.596 -49.500 -49.500
  -6.594 -15.949 -15.949
