  -8.861 -14.256 -14.256
  -8.599 -14.349 -14.349
  -8.442 -14.441 -14.441
  -8.329 -14.504 -14.504
  -8.239 -14.470 -14.470
  -8.166 -14.562 -14.562
  -8.103 -14.585 -14.585
  -8.048 -14.692 -14.692
  -7.999 -14.737 -14.737
  -7.955 -14.478 -14.842
  -7.916 -14.662 -14.662
  -7.879 -14.656 -14.656
  -7.846 -14.815 -14.815
  -7.815 -14.894 -14.894
  -7.786 -14.828 -14.828
  -7.758 -14.845 -14.845
  -7.733 -14.976 -14.976
  -7.709 -14.494 -14.983
  -7.686 -14.660 -14.936
  -7.664 -15.021 -15.021
  -7.643 -15.056 -15.056
  -7.624 -14.989 -14.989
  -7.605 -15.171 -15.171
  -7.586 -14.924 -15.234
  -7.569 -15.199 -15.199
  -7.552 -15.235 -15.235
  -7.536 -15.300 -15.300
  -7.521 -14.612 -14.612
  -7.506 -15.111 -15.289
  -7.491 -15.047 -15.210
  -7.477 -15.124 -15.124
  -7.464 -15.167 -15.167
  -7.451 -15.118 -15.370
  -7.438 -15.083 -15.337
  -7.425 -14.419 -15.511
  -7.413 -14.977 -14.977
  -7.401 -15.232 -15.232
  -7.390 -15.152 -15.152
  -7.379 -15.533 -15.533
  -7.368 -15.373 -15.373
  -7.357 -15.295 -15.295
  -7.347 -15.528 -15.528
  -7.337 -15.461 -15.461
  -7.327 -15.333 -15.333
  -7.317 -15.349 -15.349
  -7.308 -15.271 -15.449
  -7.299 -15.551 -15.551
  -7.290 -15.433 -15.777
  -7.281 -15.569 -15.569
  -7.272 -15.646 -15.646
  -7.264 -15.453 -15.719
  -7.255 -15.267 -15.550
  -7.247 -15.756 -15.756
  -7.239 -15.736 -15.736
  -7.231 -15.138 -15.138
  -7.223 -15.690 -15.690
  -7.216 -15.040 -15.274
  -7.208 -15.704 -15.704
  -7.201 -15.441 -15.441
  -7.194 -15.834 -15.834
  -7.187 -15.700 -15.931
  -7.180 -15.349 -15.540
  -7.173 -15.293 -15.293
  -7.166 -15.716 -15.880
  -7.159 -15.419 -15.743
  -7.153 -15.504 -15.673
  -7.146 -15.647 -15.647
  -7.140 -15.382 -15.711
  -7.133 -15.886 -15.886
  -7.127 -15.957 -16.207
  -7.121 -15.012 -15.206
  -7.115 -15.811 -15.811
  -7.109 -15.733 -15.997
  -7.103 -15.811 -15.811
  -7.098 -15.512 -16.046
  -7.092 -15.634 -16.189
  -7.086 -15.277 -16.115
  -7.081 -16.043 -16.043
  -7.075 -15.908 -15.908
  -7.070 -16.077 -16.077
  -7.064 -16.122 -16.122
  -7.059 -15.986 -15.986
  -7.054 -15.702 -15.702
  -7.049 -15.979 -15.979
  -7.043 -15.959 -15.959
  -7.038 -16.465 -16.465
  -7.033 -15.086 -15.975
  -7.029 -16.513 -16.513
  -7.024 -15.604 -15.801
  -7.019 -15.391 -15.559
  -7.014 -15.818 -16.126
  -7.009 -15.508 -16.084
  -7.005 -16.298 -16.298
  -7.000 -15.542 -15.710
  -6.995 -16.134 -16.134
  -6.991 -16.070 -16.413
  -6.986 -16.191 -16.641
  -6.982 -15.563 -16.637
  -6.978 -15.562 -15.747
  -6.973 -15.797 -16.179
  -6.969 -15.745 -16.437
  -6.965 -15.666 -16.028
  -6.961 -15.968 -16.168
  -6.956 -16.254 -16.495
  -6.952 -15.988 -16.481
  -6.948 -15.202 -15.961
  -6.944 -16.761 -49.500
  -6.940 -16.284 -16.472
  -6.936 -16.202 -16.202
  -6.932 -15.443 -16.004
  -6.928 -16.340 -16.340
  -6.924 -16.400 -16.400
  -6.920 -16.201 -16.201
  -6.917 -15.673 -16.217
  -6.913 -16.182 -16.935
  -6.909 -15.680 -16.366
  -6.905 -16.310 -16.545
  -6.902 -16.267 -16.267
  -6.898 -16.760 -49.500
  -6.894 -14.563 -16.425
  -6.891 -16.604 -16.604
  -6.887 -16.675 -17.020
  -6.884 -15.638 -16.693
  -6.880 -16.365 -16.516
  -6.877 -16.251 -16.452
  -6.873 -16.622 -16.969
  -6.870 -16.535 -16.961
  -6.867 -15.350 -15.899
  -6.863 -15.423 -16.627
  -6.860 -16.261 -16.970
  -6.857 -15.763 -16.376
  -6.853 -16.113 -16.935
  -6.850 -16.250 -16.432
  -6.847 -16.104 -16.895
  -6.844 -16.261 -16.422
  -6.840 -15.452 -16.104
  -6.837 -16.918 -49.500
  -6.834 -16.146 -16.310
  -6.831 -16.260 -49.500
  -6.828 -16.683 -49.500
  -6.825 -16.513 -16.740
  -6.822 -16.882 -49.500
  -6.819 -49.500     NaN
  -6.816 -16.637 -16.918
  -6.813 -16.633 -49.500
  -6.810 -16.692 -16.912
  -6.807 -16.157 -17.003
  -6.804 -49.500     NaN
  -6.801 -16.080 -16.591
  -6.798 -16.647 -49.500
  -6.795 -16.554 -16.554
  -6.792 -16.389 -49.500
  -6.789 -15.836 -16.474
  -6.787 -49.500     NaN
  -6.784 -15.740 -16.114
  -6.781 -16.793 -49.500
  -6.778 -49.500     NaN
  -6.775 -15.368 -15.665
  -6.773 -49.500     NaN
  -6.770 -49.500 -49.500
  -6.767 -15.684 -49.500
  -6.765 -16.868 -49.500
  -6.762 -15.589 -49.500
  -6.759 -15.551 -15.985
  -6.757 -49.500     NaN
  -6.754 -16.272 -16.634
  -6.751 -49.500 -49.500
  -6.749 -16.174 -16.439
  -6.746 -49.500     NaN
  -6.744 -49.500 -49.500
  -6.741 -49.500     NaN
  -6.739 -49.500     NaN
  -6.736 -17.174 -49.500
  -6.734 -49.500     NaN
  -6.731 -49.500     NaN
  -6.729 -16.206 -16.206
  -6.726 -15.629 -15.803
  -6.724 -16.474 -49.500
  -6.721 -49.500 -49.500
  -6.719 -16.304 -49.500
  -6.717 -16.677 -49.500
  -6.714 -16.023 -49.500
  -6.712 -49.500     NaN
  -6.709 -49.500     NaN
  -6.707 -16.083 -16.083
  -6.705 -16.099 -16.394
  -6.702 -49.500     NaN
  -6.700 -16.842 -49.500
  -6.698 -16.401 -49.500
  -6.696 -49.500 -49.500
  -6.693 -16.766 -49.500
  -6.691 -16.032 -16.688
  -6.689 -49.500 -49.500
  -6.687 -16.568 -49.500
  -6.684 -49.500     NaN
  -6.682 -15.785 -16.938
  -6.680 -49.500     NaN
  -6.678 -16.351 -16.351
  -6.675 -49.500     NaN
  -6.673 -49.500 -49.500
  -6.671 -16.537 -49.500
  -6.669 -49.500     NaN
  -6.667 -49.500     NaN
  -6.665 -15.401 -16.156
  -6.663 -16.682 -49.500
  -6.661 -49.500     NaN
  -6.658 -16.500 -49.500
  -6.656 -16.290 -49.500
  -6.654 -49.500     NaN
  -6.652 -49.500 -49.500
  -6.650 -49.500 -49.500
  -6.648 -49.500     NaN
  -6.646 -49.500     NaN
  -6.644 -49.500 -49.500
  -6.642 -49.500 -49.500
  -6.640 -49.500 -49.500
  -6.638 -16.366 -16.366
  -6.636 -49.500 -49.500
  -6.634 -49.500 -49.500
  -6.632 -16.151 -16.151
  -6.630 -49.500 -49.500
  -6.628 -49.500 -49.500
  -6.626 -49.500 -49.500
  -6.624 -16.262 -16.262
  -6.622 -49.500     NaN
  -6.620 -49.500 -49.500
  -6.618 -49.500 -49.500
  -6.617 -16.330 -49.500
  -6.615 -49.500 -49.500
  -6.613 -15.144 -15.144
  -6.611 -49.500     NaN
  -6.609 -49.500     NaN
  -6.607 -49.500     NaN
  -6.605 -49.500 -49.500
  -6.603 -49.500 -49.500
  -6.602 -49.500 -49.500
  -6.600 -16.555 -49.500
  -6.598 -49.500 -49.500
  -6.596 -49.500 -49.500
  -6.594 -49.500 -49.500
