  -8.861 -14.277 -14.277
  -8.599 -14.348 -14.348
  -8.442 -14.453 -14.453
  -8.329 -14.519 -14.519
  -8.239 -14.455 -14.455
  -8.166 -14.592 -14.592
  -8.103 -14.604 -14.604
  -8.048 -14.691 -14.691
  -7.999 -14.738 -14.738
  -7.955 -14.746 -14.746
  -7.916 -14.731 -14.731
  -7.879 -14.574 -14.873
  -7.846 -14.527 -14.877
  -7.815 -14.849 -14.849
  -7.786 -14.926 -14.926
  -7.758 -14.660 -14.990
  -7.733 -14.862 -14.862
  -7.709 -14.954 -14.954
  -7.686 -15.049 -15.049
  -7.664 -15.060 -15.060
  -7.643 -14.949 -14.949
  -7.624 -14.966 -14.966
  -7.605 -15.121 -15.121
  -7.586 -14.859 -15.062
  -7.569 -14.623 -14.623
  -7.552 -15.079 -15.079
  -7.536 -15.019 -15.019
  -7.521 -15.021 -15.021
  -7.506 -15.396 -15.396
  -7.491 -15.098 -15.098
  -7.477 -15.238 -15.409
  -7.464 -15.160 -15.325
  -7.451 -15.340 -15.499
  -7.438 -15.446 -15.446
  -7.425 -15.020 -15.020
  -7.413 -15.497 -15.497
  -7.401 -15.224 -15.388
  -7.390 -15.232 -15.232
  -7.379 -15.609 -15.609
  -7.368 -15.411 -15.411
  -7.357 -15.123 -15.284
  -7.347 -15.334 -15.334
  -7.337 -15.025 -15.498
  -7.327 -15.339 -15.710
  -7.317 -15.152 -15.516
  -7.308 -15.737 -15.737
  -7.299 -15.832 -15.832
  -7.290 -15.159 -15.470
  -7.281 -15.486 -15.486
  -7.272 -15.479 -15.479
  -7.264 -15.560 -15.560
  -7.255 -15.283 -15.567
  -7.247 -15.566 -15.566
  -7.239 -15.389 -15.600
  -7.231 -15.549 -15.549
  -7.223 -15.660 -15.660
  -7.216 -15.547 -15.547
  -7.208 -15.839 -15.839
  -7.201 -14.936 -15.655
  -7.194 -15.689 -15.689
  -7.187 -15.684 -15.684
  -7.180 -15.533 -15.533
  -7.173 -15.490 -15.490
  -7.166 -15.445 -15.445
  -7.159 -15.325 -15.730
  -7.153 -15.730 -15.889
  -7.146 -15.791 -16.102
  -7.140 -15.278 -15.888
  -7.133 -15.823 -15.823
  -7.127 -15.175 -15.795
  -7.121 -16.007 -16.007
  -7.115 -16.013 -16.171
  -7.109 -15.782 -16.123
  -7.103 -14.869 -15.384
  -7.098 -15.589 -16.013
  -7.092 -15.579 -15.770
  -7.086 -15.525 -15.942
  -7.081 -15.974 -15.974
  -7.075 -15.135 -16.062
  -7.070 -16.026 -16.226
  -7.064 -15.614 -15.614
  -7.059 -16.116 -16.116
  -7.054 -15.745 -15.898
  -7.049 -15.891 -15.891
  -7.043 -15.809 -15.990
  -7.038 -15.454 -16.383
  -7.033 -16.177 -16.177
  -7.029 -16.120 -16.120
  -7.024 -16.279 -16.512
  -7.019 -16.243 -16.454
  -7.014 -15.630 -15.630
  -7.009 -16.422 -16.422
  -7.005 -16.046 -16.046
  -7.000 -15.580 -17.030
  -6.995 -15.710 -15.710
  -6.991 -15.929 -15.929
  -6.986 -16.086 -16.332
  -6.982 -14.947 -16.130
  -6.978 -15.605 -16.299
  -6.973 -15.975 -16.192
  -6.969 -15.620 -16.562
  -6.965 -15.895 -16.102
  -6.961 -16.150 -16.571
  -6.956 -16.455 -16.642
  -6.952 -15.794 -16.048
  -6.948 -15.977 -16.280
  -6.944 -16.339 -16.605
  -6.940 -15.699 -16.159
  -6.936 -15.844 -16.336
  -6.932 -15.667 -16.000
  -6.928 -16.112 -16.285
  -6.924 -16.427 -16.828
  -6.920 -15.608 -16.018
  -6.917 -15.977 -16.137
  -6.913 -16.365 -16.895
  -6.909 -15.838 -49.500
  -6.905 -15.804 -16.187
  -6.902 -16.507 -16.785
  -6.898 -16.680 -16.908
  -6.894 -15.966 -15.966
  -6.891 -16.651 -16.814
  -6.887 -15.776 -16.538
  -6.884 -16.519 -17.038
  -6.880 -16.008 -16.446
  -6.877 -16.193 -16.417
  -6.873 -16.347 -16.765
  -6.870 -49.500     NaN
  -6.867 -16.083 -16.373
  -6.863 -15.678 -16.436
  -6.860 -16.558 -16.558
  -6.857 -16.810 -17.127
  -6.853 -16.763 -17.008
  -6.850 -15.878 -16.848
  -6.847 -16.092 -16.426
  -6.844 -16.247 -16.577
  -6.840 -16.357 -49.500
  -6.837 -15.305 -16.431
  -6.834 -16.634 -16.819
  -6.831 -15.464 -16.117
  -6.828 -16.715 -16.715
  -6.825 -16.203 -16.203
  -6.822 -16.247 -16.408
  -6.819 -15.902 -15.902
  -6.816 -49.500     NaN
  -6.813 -17.099 -49.500
  -6.810 -15.713 -16.364
  -6.807 -15.126 -49.500
  -6.804 -15.754 -16.697
  -6.801 -49.500     NaN
  -6.798 -49.500     NaN
  -6.795 -49.500     NaN
  -6.792 -15.931 -16.547
  -6.789 -16.585 -49.500
  -6.787 -16.952 -49.500
  -6.784 -15.762 -49.500
  -6.781 -49.500     NaN
  -6.778 -49.500     NaN
  -6.775 -49.500     NaN
  -6.773 -49.500     NaN
  -6.770 -16.309 -16.685
  -6.767 -16.351 -49.500
  -6.765 -16.114 -49.500
  -6.762 -49.500     NaN
  -6.759 -16.232 -16.607
  -6.757 -17.012 -49.500
  -6.754 -15.276 -15.497
  -6.751 -15.784 -16.519
  -6.749 -15.990 -16.544
  -6.746 -15.581 -16.001
  -6.744 -49.500 -49.500
  -6.741 -16.007 -49.500
  -6.739 -15.324 -15.324
  -6.736 -16.255 -16.255
  -6.734 -49.500 -49.500
  -6.731 -16.269 -49.500
  -6.729 -49.500     NaN
  -6.726 -49.500 -49.500
  -6.724 -49.500 -49.500
  -6.721 -16.025 -49.500
  -6.719 -49.500 -49.500
  -6.717 -16.400 -16.863
  -6.714 -16.503 -49.500
  -6.712 -16.851 -49.500
  -6.709 -49.500     NaN
  -6.707 -15.776 -16.434
  -6.705 -49.500     NaN
  -6.702 -16.163 -16.442
  -6.700 -49.500     NaN
  -6.698 -16.430 -49.500
  -6.696 -49.500     NaN
  -6.693 -49.500     NaN
  -6.691 -49.500 -49.500
  -6.689 -49.500 -49.500
  -6.687 -16.739 -49.500
  -6.684 -15.729 -15.729
  -6.682 -16.582 -16.765
  -6.680 -49.500 -49.500
  -6.678 -49.500 -49.500
  -6.675 -49.500     NaN
  -6.673 -49.500     NaN
  -6.671 -49.500     NaN
  -6.669 -49.500 -49.500
  -6.667 -49.500 -49.500
  -6.665 -49.500 -49.500
  -6.663 -49.500 -49.500
  -6.661 -49.500     NaN
  -6.658 -16.129 -49.500
  -6.656 -16.444 -16.625
  -6.654 -15.788 -49.500
  -6.652 -16.839 -49.500
  -6.650 -49.500 -49.500
  -6.648 -49.500 -49.500
  -6.646 -49.500     NaN
  -6.644 -16.294 -49.500
  -6.642 -49.500     NaN
  -6.640 -49.500 -49.500
  -6.638 -16.276 -16.276
  -6.636 -49.500 -49.500
  -6.634 -16.543 -49.500
  -6.632 -49.500 -49.500
  -6.630 -15.885 -15.885
  -6.628 -49.500 -49.500
  -6.626 -49.500 -49.500
  -6.624 -49.500     NaN
  -6.622 -49.500     NaN
  -6.620 -49.500 -49.500
  -6.618 -49.500 -49.500
  -6.617 -49.500 -49.500
  -6.615 -15.506 -15.506
  -6.613 -16.053 -49.500
  -6.611 -16.573 -16.573
  -6.609 -49.500 -49.500
  -6.607 -49.500     NaN
  -6.605 -49.500 -49.500
  -6.603 -16.683 -16.683
  -6.602 -49.500 -49.500
  -6.600 -16.716 -49.500
  -6.598 -49.500 -49.500
  -6.596 -49.500 -49.500
  -6.594 -15.400 -49.500
