  -8.861 -14.279 -14.279
  -8.599 -14.380 -14.380
  -8.442 -14.423 -14.423
  -8.329 -14.484 -14.484
  -8.239 -14.563 -14.563
  -8.166 -14.518 -14.518
  -8.103 -14.643 -14.643
  -8.048 -14.695 -14.695
  -7.999 -14.413 -14.413
  -7.955 -14.750 -14.750
  -7.916 -14.658 -14.658
  -7.879 -14.867 -14.867
  -7.846 -14.844 -14.844
  -7.815 -14.984 -14.984
  -7.786 -14.953 -14.953
  -7.758 -14.839 -14.839
  -7.733 -14.887 -14.887
  -7.709 -15.061 -15.061
  -7.686 -14.831 -14.831
  -7.664 -14.966 -14.966
  -7.643 -15.053 -15.053
  -7.624 -15.069 -15.069
  -7.605 -15.083 -15.083
  -7.586 -14.901 -14.901
  -7.569 -15.312 -15.312
  -7.552 -15.141 -15.141
  -7.536 -15.295 -15.295
  -7.521 -15.081 -15.247
  -7.506 -15.115 -15.115
  -7.491 -14.993 -14.993
  -7.477 -15.068 -15.068
  -7.464 -15.463 -15.463
  -7.451 -15.203 -15.452
  -7.438 -15.054 -15.340
  -7.425 -14.958 -15.181
  -7.413 -15.256 -15.492
  -7.401 -15.440 -15.440
  -7.390 -15.219 -15.457
  -7.379 -15.294 -15.515
  -7.368 -15.402 -15.402
  -7.357 -15.403 -15.608
  -7.347 -15.356 -15.356
  -7.337 -15.451 -15.615
  -7.327 -15.537 -15.537
  -7.317 -15.445 -15.445
  -7.308 -15.587 -15.587
  -7.299 -15.311 -15.529
  -7.290 -15.557 -15.557
  -7.281 -15.428 -15.428
  -7.272 -15.384 -15.567
  -7.264 -15.260 -15.703
  -7.255 -15.341 -15.341
  -7.247 -15.259 -15.551
  -7.239 -15.515 -15.515
  -7.231 -15.519 -15.700
  -7.223 -15.819 -15.819
  -7.216 -15.603 -15.754
  -7.208 -15.644 -15.800
  -7.201 -15.488 -15.488
  -7.194 -15.565 -15.565
  -7.187 -15.488 -15.766
  -7.180 -15.702 -15.702
  -7.173 -15.323 -15.751
  -7.166 -15.733 -15.733
  -7.159 -15.571 -15.747
  -7.153 -15.648 -15.821
  -7.146 -15.907 -15.907
  -7.140 -16.043 -16.043
  -7.133 -15.613 -15.900
  -7.127 -15.958 -15.958
  -7.121 -15.530 -15.736
  -7.115 -15.840 -15.840
  -7.109 -15.986 -15.986
  -7.103 -15.803 -15.803
  -7.098 -15.376 -15.698
  -7.092 -15.363 -15.718
  -7.086 -15.318 -15.547
  -7.081 -15.731 -15.731
  -7.075 -15.565 -15.805
  -7.070 -15.946 -16.228
  -7.064 -15.532 -15.748
  -7.059 -16.084 -16.372
  -7.054 -15.516 -15.866
  -7.049 -16.116 -16.116
  -7.043 -15.677 -15.677
  -7.038 -14.911 -16.078
  -7.033 -16.017 -16.017
  -7.029 -15.640 -15.823
  -7.024 -16.014 -16.014
  -7.019 -15.921 -16.123
  -7.014 -16.602 -16.602
  -7.009 -15.851 -15.851
  -7.005 -16.253 -16.412
  -7.000 -15.814 -15.814
  -6.995 -14.796 -16.106
  -6.991 -15.839 -16.743
  -6.986 -15.714 -15.900
  -6.982 -15.857 -15.857
  -6.978 -16.181 -16.579
  -6.973 -15.712 -15.920
  -6.969 -15.904 -16.453
  -6.965 -15.785 -16.308
  -6.961 -16.463 -16.777
  -6.956 -16.225 -16.723
  -6.952 -16.308 -17.032
  -6.948 -15.727 -16.507
  -6.944 -14.776 -15.339
  -6.940 -16.933 -16.933
  -6.936 -15.786 -16.176
  -6.932 -15.764 -16.602
  -6.928 -14.925 -16.206
  -6.924 -16.505 -16.505
  -6.920 -16.572 -16.572
  -6.917 -15.668 -15.928
  -6.913 -15.974 -16.352
  -6.909 -15.559 -16.184
  -6.905 -15.653 -15.924
  -6.902 -15.597 -15.762
  -6.898 -15.582 -16.026
  -6.894 -15.853 -15.853
  -6.891 -16.221 -16.221
  -6.887 -15.351 -15.994
  -6.884 -49.500     NaN
  -6.880 -16.721 -17.099
  -6.877 -16.106 -16.314
  -6.873 -49.500     NaN
  -6.870 -16.281 -16.484
  -6.867 -16.382 -16.615
  -6.863 -16.220 -16.602
  -6.860 -16.373 -16.672
  -6.857 -15.768 -16.454
  -6.853 -16.311 -16.533
  -6.850 -16.675 -49.500
  -6.847 -16.365 -16.573
  -6.844 -49.500     NaN
  -6.840 -16.381 -16.739
  -6.837 -16.664 -49.500
  -6.834 -15.583 -16.958
  -6.831 -16.015 -16.602
  -6.828 -16.206 -49.500
  -6.825 -16.409 -49.500
  -6.822 -16.435 -16.974
  -6.819 -16.587 -16.587
  -6.816 -16.252 -49.500
  -6.813 -14.774 -16.420
  -6.810 -16.497 -49.500
  -6.807 -15.398 -49.500
  -6.804 -16.627 -49.500
  -6.801 -16.433 -16.433
  -6.798 -16.365 -16.702
  -6.795 -49.500     NaN
  -6.792 -16.474 -49.500
  -6.789 -15.998 -16.505
  -6.787 -17.241 -49.500
  -6.784 -17.111 -49.500
  -6.781 -49.500     NaN
  -6.778 -16.189 -49.500
  -6.775 -15.965 -49.500
  -6.773 -16.504 -16.766
  -6.770 -15.868 -49.500
  -6.767 -16.072 -16.333
  -6.765 -16.227 -49.500
  -6.762 -14.796 -16.557
  -6.759 -49.500     NaN
  -6.757 -49.500     NaN
  -6.754 -16.779 -49.500
  -6.751 -49.500 -49.500
  -6.749 -15.919 -16.897
  -6.746 -16.512 -49.500
  -6.744 -49.500 -49.500
  -6.741 -49.500     NaN
  -6.739 -16.228 -16.573
  -6.736 -15.728 -16.003
  -6.734 -49.500 -49.500
  -6.731 -49.500     NaN
  -6.729 -17.094 -49.500
  -6.726 -15.277 -16.038
  -6.724 -49.500 -49.500
  -6.721 -16.409 -16.721
  -6.719 -49.500     NaN
  -6.717 -49.500     NaN
  -6.714 -15.974 -16.684
  -6.712 -16.599 -49.500
  -6.709 -16.330 -49.500
  -6.707 -16.419 -16.419
  -6.705 -16.644 -16.883
  -6.702 -16.368 -49.500
  -6.700 -49.500 -49.500
  -6.698 -16.704 -49.500
  -6.696 -49.500     NaN
  -6.693 -16.798 -16.798
  -6.691 -49.500 -49.500
  -6.689 -49.500     NaN
  -6.687 -49.500     NaN
  -6.684 -16.850 -16.850
  -6.682 -49.500 -49.500
  -6.680 -49.500 -49.500
  -6.678 -49.500 -49.500
  -6.675 -17.082 -49.500
  -6.673 -49.500 -49.500
  -6.671 -49.500 -49.500
  -6.669 -49.500 -49.500
  -6.667 -16.316 -49.500
  -6.665 -49.500 -49.500
  -6.663 -49.500 -49.500
  -6.661 -49.500 -49.500
  -6.658 -16.403 -49.500
  -6.656 -49.500 -49.500
  -6.654 -16.130 -16.130
  -6.652 -49.500     NaN
  -6.650 -15.645 -49.500
  -6.648 -49.500     NaN
  -6.646 -49.500     NaN
  -6.644 -49.500     NaN
  -6.642 -16.484 -49.500
  -6.640 -49.500     NaN
  -6.638 -16.171 -16.171
  -6.636 -49.500     NaN
  -6.634 -49.500     NaN
  -6.632 -15.431 -49.500
  -6.630 -16.388 -49.500
  -6.628 -49.500 -49.500
  -6.626 -49.500 -49.500
  -6.624 -16.419 -16.419
  -6.622 -15.868 -49.500
  -6.620 -49.500 -49.500
  -6.618 -15.904 -49.500
  -6.617 -49.500 -49.500
  -6.615 -49.500 -49.500
  -6.613 -49.500 -49.500
  -6.611 -49.500     NaN
  -6.609 -16.731 -49.500
  -6.607 -49.500 -49.500
  -6.605 -49.500 -49.500
  -6.603 -49.500 -49.500
  -6.602 -49.500 -49.500
  -6.600 -49.500 -49.500
  -6.598 -16.072 -16.072
  -6.596 -49.500 -49.500
  -6.594 -15.447 -16.246
