  -8.861 -14.284 -14.284
  -8.599 -14.353 -14.353
  -8.442 -14.465 -14.465
  -8.329 -14.518 -14.518
  -8.239 -14.539 -14.539
  -8.166 -14.627 -14.627
  -8.103 -14.627 -14.627
  -8.048 -14.633 -14.633
  -7.999 -14.680 -14.680
  -7.955 -14.632 -14.632
  -7.916 -14.638 -14.638
  -7.879 -14.807 -14.807
  -7.846 -14.872 -14.872
  -7.815 -14.590 -14.785
  -7.786 -14.938 -14.938
  -7.758 -14.859 -14.859
  -7.733 -14.909 -14.909
  -7.709 -14.929 -14.929
  -7.686 -15.019 -15.019
  -7.664 -14.930 -14.930
  -7.643 -15.077 -15.077
  -7.624 -14.998 -14.998
  -7.605 -14.836 -14.836
  -7.586 -15.124 -15.124
  -7.569 -15.285 -15.285
  -7.552 -15.188 -15.188
  -7.536 -15.284 -15.284
  -7.521 -15.157 -15.157
  -7.506 -14.888 -15.049
  -7.491 -15.137 -15.137
  -7.477 -15.279 -15.279
  -7.464 -15.099 -15.381
  -7.451 -15.349 -15.349
  -7.438 -15.330 -15.330
  -7.425 -15.125 -15.426
  -7.413 -15.286 -15.286
  -7.401 -15.376 -15.376
  -7.390 -15.225 -15.539
  -7.379 -15.191 -15.491
  -7.368 -15.092 -15.092
  -7.357 -15.241 -15.551
  -7.347 -15.480 -15.480
  -7.337 -15.493 -15.493
  -7.327 -15.504 -15.504
  -7.317 -15.178 -15.450
  -7.308 -15.277 -15.277
  -7.299 -14.955 -15.671
  -7.290 -15.541 -15.541
  -7.281 -15.548 -15.727
  -7.272 -15.703 -15.703
  -7.264 -15.472 -15.472
  -7.255 -15.542 -15.542
  -7.247 -15.463 -15.684
  -7.239 -15.707 -15.707
  -7.231 -15.606 -15.606
  -7.223 -15.599 -15.599
  -7.216 -15.590 -15.773
  -7.208 -15.481 -15.695
  -7.201 -15.547 -15.547
  -7.194 -15.452 -15.607
  -7.187 -15.151 -15.733
  -7.180 -14.988 -15.751
  -7.173 -15.782 -15.782
  -7.166 -15.878 -15.878
  -7.159 -15.573 -15.836
  -7.153 -15.632 -15.632
  -7.146 -15.457 -15.731
  -7.140 -15.878 -15.878
  -7.133 -15.940 -15.940
  -7.127 -15.682 -16.018
  -7.121 -15.443 -15.705
  -7.115 -15.864 -15.864
  -7.109 -16.097 -16.097
  -7.103 -16.051 -16.051
  -7.098 -15.661 -15.661
  -7.092 -16.142 -16.142
  -7.086 -15.599 -15.753
  -7.081 -16.033 -16.033
  -7.075 -15.781 -15.781
  -7.070 -15.906 -15.906
  -7.064 -16.286 -16.509
  -7.059 -15.867 -15.867
  -7.054 -15.655 -15.925
  -7.049 -14.565 -15.453
  -7.043 -15.182 -15.941
  -7.038 -16.160 -16.160
  -7.033 -16.464 -16.464
  -7.029 -15.542 -15.714
  -7.024 -15.987 -15.987
  -7.019 -16.079 -16.369
  -7.014 -16.088 -16.326
  -7.009 -15.820 -16.091
  -7.005 -16.022 -16.022
  -7.000 -15.736 -16.138
  -6.995 -15.502 -15.933
  -6.991 -16.417 -16.581
  -6.986 -16.298 -16.298
  -6.982 -15.304 -16.292
  -6.978 -16.110 -16.613
  -6.973 -16.227 -16.476
  -6.969 -16.302 -16.945
  -6.965 -16.051 -16.051
  -6.961 -16.226 -16.431
  -6.956 -16.055 -16.315
  -6.952 -15.940 -15.940
  -6.948 -16.233 -16.723
  -6.944 -16.272 -16.568
  -6.940 -15.810 -16.263
  -6.936 -16.454 -16.710
  -6.932 -15.645 -15.970
  -6.928 -15.621 -16.296
  -6.924 -15.269 -15.735
  -6.920 -15.905 -16.349
  -6.917 -16.464 -16.464
  -6.913 -16.603 -16.759
  -6.909 -16.489 -16.489
  -6.905 -16.004 -16.004
  -6.902 -15.544 -16.594
  -6.898 -16.147 -16.318
  -6.894 -15.860 -15.860
  -6.891 -16.093 -22.144
  -6.887 -16.337 -21.669
  -6.884 -16.024 -49.500
  -6.880 -16.481 -16.931
  -6.877 -16.306 -49.500
  -6.873 -16.517 -16.859
  -6.870 -16.721 -49.500
  -6.867 -15.241 -15.727
  -6.863 -17.271 -49.500
  -6.860 -16.341 -16.533
  -6.857 -16.236 -16.408
  -6.853 -16.164 -16.164
  -6.850 -16.066 -16.344
  -6.847 -16.513 -16.723
  -6.844 -16.081 -16.316
  -6.840 -16.385 -16.613
  -6.837 -15.764 -16.704
  -6.834 -16.848 -49.500
  -6.831 -16.193 -16.391
  -6.828 -49.500     NaN
  -6.825 -49.500 -49.500
  -6.822 -16.793 -49.500
  -6.819 -16.064 -16.606
  -6.816 -15.954 -49.500
  -6.813 -16.714 -16.891
  -6.810 -15.779 -16.287
  -6.807 -16.172 -16.391
  -6.804 -15.448 -15.674
  -6.801 -15.392 -16.892
  -6.798 -49.500     NaN
  -6.795 -16.309 -49.500
  -6.792 -16.222 -49.500
  -6.789 -16.488 -49.500
  -6.787 -49.500     NaN
  -6.784 -49.500     NaN
  -6.781 -16.137 -49.500
  -6.778 -49.500     NaN
  -6.775 -15.926 -16.580
  -6.773 -16.421 -16.634
  -6.770 -16.729 -16.729
  -6.767 -15.536 -16.552
  -6.765 -15.927 -16.929
  -6.762 -49.500 -49.500
  -6.759 -16.278 -49.500
  -6.757 -16.251 -16.438
  -6.754 -49.500     NaN
  -6.751 -49.500     NaN
  -6.749 -16.194 -16.762
  -6.746 -49.500     NaN
  -6.744 -16.514 -16.514
  -6.741 -16.534 -16.534
  -6.739 -49.500     NaN
  -6.736 -49.500     NaN
  -6.734 -49.500     NaN
  -6.731 -16.256 -49.500
  -6.729 -15.568 -49.500
  -6.726 -16.653 -49.500
  -6.724 -49.500 -49.500
  -6.721 -16.399 -16.399
  -6.719 -49.500     NaN
  -6.717 -49.500     NaN
  -6.714 -49.500 -49.500
  -6.712 -49.500 -49.500
  -6.709 -16.044 -17.136
  -6.707 -16.141 -49.500
  -6.705 -49.500 -49.500
  -6.702 -49.500 -49.500
  -6.700 -16.399 -16.573
  -6.698 -49.500     NaN
  -6.696 -16.305 -49.500
  -6.693 -15.511 -16.321
  -6.691 -49.500 -49.500
  -6.689 -49.500     NaN
  -6.687 -49.500 -49.500
  -6.684 -49.500     NaN
  -6.682 -49.500 -49.500
  -6.680 -17.182 -49.500
  -6.678 -16.551 -49.500
  -6.675 -49.500     NaN
  -6.673 -49.500 -49.500
  -6.671 -49.500 -49.500
  -6.669 -16.769 -49.500
  -6.667 -49.500 -49.500
  -6.665 -49.500     NaN
  -6.663 -16.513 -16.513
  -6.661 -16.463 -49.500
  -6.658 -16.496 -16.496
  -6.656 -16.884 -17.052
  -6.654 -49.500     NaN
  -6.652 -49.500 -49.500
  -6.650 -49.500     NaN
  -6.648 -49.500     NaN
  -6.646 -16.761 -49.500
  -6.644 -49.500 -49.500
  -6.642 -15.961 -49.500
  -6.640 -16.008 -16.202
  -6.638 -49.500 -49.500
  -6.636 -49.500 -49.500
  -6.634 -49.500 -49.500
  -6.632 -49.500 -49.500
  -6.630 -49.500     NaN
  -6.628 -49.500     NaN
  -6.626 -16.365 -49.500
  -6.624 -49.500 -49.500
  -6.622 -49.500 -49.500
  -6.620 -15.970 -49.500
  -6.618 -49.500     NaN
  -6.617 -15.555 -15.555
  -6.615 -49.500     NaN
  -6.613 -16.092 -16.092
  -6.611 -49.500     NaN
  -6.609 -49.500     NaN
  -6.607 -49.500 -49.500
  -6.605 -16.123 -49.500
  -6.603 -49.500 -49.500
  -6.602 -49.500 -49.500
  -6.600 -16.164 -49.500
  -6.598 -49.500     NaN
  -6.596 -49.500 -49.500
  -6.594 -49.500 -49.500
