  -8.861 -14.285 -14.285
  -8.599 -14.335 -14.335
  -8.442 -14.446 -14.446
  -8.329 -14.527 -14.527
  -8.239 -14.525 -14.525
  -8.166 -14.621 -14.621
  -8.103 -14.635 -14.635
  -8.048 -14.698 -14.698
  -7.999 -14.703 -14.703
  -7.955 -14.573 -14.573
  -7.916 -14.861 -14.861
  -7.879 -14.655 -14.655
  -7.846 -14.771 -14.771
  -7.815 -14.442 -14.941
  -7.786 -14.868 -14.868
  -7.758 -14.817 -14.817
  -7.733 -14.386 -14.916
  -7.709 -14.906 -14.906
  -7.686 -14.973 -14.973
  -7.664 -15.044 -15.044
  -7.643 -14.984 -14.984
  -7.624 -14.978 -14.978
  -7.605 -15.072 -15.072
  -7.586 -15.136 -15.136
  -7.569 -15.001 -15.001
  -7.552 -15.122 -15.122
  -7.536 -14.934 -15.249
  -7.521 -14.925 -15.272
  -7.506 -14.979 -15.163
  -7.491 -14.961 -15.183
  -7.477 -15.232 -15.232
  -7.464 -15.240 -15.240
  -7.451 -15.171 -15.171
  -7.438 -15.455 -15.455
  -7.425 -14.876 -15.371
  -7.413 -14.375 -15.464
  -7.401 -15.425 -15.425
  -7.390 -15.491 -15.491
  -7.379 -15.424 -15.424
  -7.368 -15.422 -15.422
  -7.357 -15.511 -15.511
  -7.347 -15.406 -15.406
  -7.337 -15.335 -15.335
  -7.327 -15.563 -15.563
  -7.317 -15.256 -15.471
  -7.308 -15.008 -15.589
  -7.299 -15.570 -15.570
  -7.290 -15.281 -15.281
  -7.281 -15.335 -15.574
  -7.272 -15.282 -15.282
  -7.264 -15.300 -15.496
  -7.255 -15.308 -15.623
  -7.247 -15.817 -15.817
  -7.239 -15.855 -15.855
  -7.231 -15.383 -15.721
  -7.223 -15.562 -15.562
  -7.216 -15.701 -15.701
  -7.208 -15.205 -15.205
  -7.201 -15.431 -15.729
  -7.194 -15.179 -15.686
  -7.187 -15.858 -15.858
  -7.180 -15.778 -15.778
  -7.173 -15.385 -15.624
  -7.166 -15.501 -15.704
  -7.159 -15.792 -15.792
  -7.153 -15.884 -16.039
  -7.146 -15.758 -15.933
  -7.140 -15.503 -15.999
  -7.133 -15.307 -15.762
  -7.127 -15.978 -15.978
  -7.121 -15.735 -15.949
  -7.115 -14.944 -15.117
  -7.109 -16.139 -16.139
  -7.103 -15.855 -16.019
  -7.098 -15.814 -15.814
  -7.092 -16.205 -16.390
  -7.086 -15.926 -15.926
  -7.081 -15.864 -16.050
  -7.075 -15.616 -15.616
  -7.070 -16.059 -16.059
  -7.064 -15.765 -15.765
  -7.059 -16.415 -16.415
  -7.054 -15.535 -15.927
  -7.049 -15.621 -15.825
  -7.043 -16.003 -16.003
  -7.038 -15.705 -16.193
  -7.033 -16.495 -16.495
  -7.029 -16.071 -16.071
  -7.024 -16.164 -16.828
  -7.019 -16.106 -16.405
  -7.014 -15.425 -15.808
  -7.009 -15.827 -16.159
  -7.005 -15.851 -16.022
  -7.000 -16.155 -16.618
  -6.995 -16.237 -16.237
  -6.991 -15.929 -16.466
  -6.986 -16.691 -17.031
  -6.982 -15.707 -15.941
  -6.978 -15.844 -15.844
  -6.973 -15.552 -16.119
  -6.969 -15.811 -16.339
  -6.965 -15.697 -16.509
  -6.961 -15.918 -16.121
  -6.956 -16.173 -16.363
  -6.952 -16.196 -16.196
  -6.948 -15.614 -49.500
  -6.944 -16.418 -16.418
  -6.940 -16.122 -16.540
  -6.936 -15.988 -16.192
  -6.932 -16.541 -16.541
  -6.928 -15.599 -16.261
  -6.924 -15.953 -16.120
  -6.920 -16.099 -16.099
  -6.917 -16.076 -16.076
  -6.913 -15.499 -15.951
  -6.909 -15.840 -15.840
  -6.905 -16.253 -16.253
  -6.902 -49.500     NaN
  -6.898 -16.241 -16.654
  -6.894 -15.630 -15.630
  -6.891 -16.333 -16.333
  -6.887 -16.755 -17.175
  -6.884 -15.763 -16.365
  -6.880 -16.176 -16.518
  -6.877 -16.192 -16.461
  -6.873 -15.948 -16.213
  -6.870 -15.976 -16.545
  -6.867 -16.291 -16.468
  -6.863 -16.503 -49.500
  -6.860 -16.900 -49.500
  -6.857 -16.041 -16.294
  -6.853 -15.810 -16.521
  -6.850 -15.617 -16.699
  -6.847 -16.271 -16.271
  -6.844 -16.055 -16.262
  -6.840 -15.699 -16.485
  -6.837 -49.500     NaN
  -6.834 -16.169 -16.360
  -6.831 -16.049 -16.651
  -6.828 -15.495 -16.890
  -6.825 -16.700 -49.500
  -6.822 -16.266 -16.870
  -6.819 -15.675 -16.555
  -6.816 -16.000 -49.500
  -6.813 -49.500     NaN
  -6.810 -16.476 -49.500
  -6.807 -16.075 -16.501
  -6.804 -49.500     NaN
  -6.801 -16.384 -49.500
  -6.798 -15.842 -49.500
  -6.795 -16.047 -49.500
  -6.792 -16.165 -16.766
  -6.789 -16.813 -49.500
  -6.787 -16.987 -49.500
  -6.784 -15.958 -16.405
  -6.781 -16.815 -49.500
  -6.778 -16.376 -16.725
  -6.775 -16.581 -49.500
  -6.773 -16.308 -16.533
  -6.770 -16.394 -16.833
  -6.767 -15.037 -49.500
  -6.765 -16.524 -16.813
  -6.762 -15.665 -15.966
  -6.759 -49.500     NaN
  -6.757 -16.374 -49.500
  -6.754 -15.917 -49.500
  -6.751 -16.276 -49.500
  -6.749 -15.901 -16.159
  -6.746 -49.500     NaN
  -6.744 -16.125 -16.299
  -6.741 -49.500     NaN
  -6.739 -17.001 -49.500
  -6.736 -49.500     NaN
  -6.734 -16.454 -49.500
  -6.731 -49.500     NaN
  -6.729 -49.500     NaN
  -6.726 -49.500     NaN
  -6.724 -49.500 -49.500
  -6.721 -49.500 -49.500
  -6.719 -49.500     NaN
  -6.717 -49.500     NaN
  -6.714 -16.236 -49.500
  -6.712 -49.500     NaN
  -6.709 -16.331 -49.500
  -6.707 -16.659 -49.500
  -6.705 -49.500     NaN
  -6.702 -14.466 -14.466
  -6.700 -15.898 -49.500
  -6.698 -15.431 -49.500
  -6.696 -16.178 -49.500
  -6.693 -16.279 -49.500
  -6.691 -16.057 -49.500
  -6.689 -49.500 -49.500
  -6.687 -16.496 -16.768
  -6.684 -49.500 -49.500
  -6.682 -49.500     NaN
  -6.680 -49.500     NaN
  -6.678 -49.500 -49.500
  -6.675 -15.449 -16.199
  -6.673 -17.034 -17.034
  -6.671 -15.056 -15.056
  -6.669 -49.500     NaN
  -6.667 -16.540 -16.540
  -6.665 -49.500     NaN
  -6.663 -49.500 -49.500
  -6.661 -16.965 -49.500
  -6.658 -49.500 -49.500
  -6.656 -49.500 -49.500
  -6.654 -49.500 -49.500
  -6.652 -49.500 -49.500
  -6.650 -16.626 -49.500
  -6.648 -49.500     NaN
  -6.646 -49.500 -49.500
  -6.644 -49.500 -49.500
  -6.642 -49.500 -49.500
  -6.640 -16.069 -16.069
  -6.638 -49.500     NaN
  -6.636 -49.500     NaN
  -6.634 -49.500 -49.500
  -6.632 -49.500 -49.500
  -6.630 -49.500 -49.500
  -6.628 -49.500 -49.500
  -6.626 -16.494 -16.494
  -6.624 -49.500 -49.500
  -6.622 -49.500 -49.500
  -6.620 -49.500 -49.500
  -6.618 -15.315 -15.315
  -6.617 -16.244 -16.244
  -6.615 -49.500     NaN
  -6.613 -15.424 -16.084
  -6.611 -15.575 -49.500
  -6.609 -16.207 -49.500
  -6.607 -49.500 -49.500
  -6.605 -49.500 -49.500
  -6.603 -49.500 -49.500
  -6.602 -49.500 -49.500
  -6.600 -49.500 -49.500
  -6.598 -16.603 -16.603
  -6.596 -49.500 -49.500
  -6.594 -49.500 -49.500
