  -8.861 -14.249 -14.249
  -8.599 -14.363 -14.363
  -8.442 -14.469 -14.469
  -8.329 -14.522 -14.522
  -8.239 -14.585 -14.585
  -8.166 -14.498 -14.498
  -8.103 -14.638 -14.638
  -8.048 -14.648 -14.648
  -7.999 -14.716 -14.716
  -7.955 -14.738 -14.738
  -7.916 -14.724 -14.724
  -7.879 -14.829 -14.829
  -7.846 -14.747 -14.747
  -7.815 -14.989 -14.989
  -7.786 -14.888 -14.888
  -7.758 -14.869 -14.869
  -7.733 -14.987 -14.987
  -7.709 -15.032 -15.032
  -7.686 -14.830 -14.830
  -7.664 -15.024 -15.024
  -7.643 -15.194 -15.194
  -7.624 -15.081 -15.081
  -7.605 -15.208 -15.208
  -7.586 -14.906 -14.906
  -7.569 -15.139 -15.139
  -7.552 -15.183 -15.183
  -7.536 -15.050 -15.050
  -7.521 -14.652 -15.223
  -7.506 -14.889 -14.889
  -7.491 -15.283 -15.283
  -7.477 -15.136 -15.136
  -7.464 -15.226 -15.434
  -7.451 -15.321 -15.321
  -7.438 -15.314 -15.314
  -7.425 -15.123 -15.123
  -7.413 -15.068 -15.068
  -7.401 -15.292 -15.292
  -7.390 -15.289 -15.289
  -7.379 -15.375 -15.375
  -7.368 -15.080 -15.080
  -7.357 -15.304 -15.460
  -7.347 -15.041 -15.367
  -7.337 -15.522 -15.522
  -7.327 -15.079 -15.380
  -7.317 -15.546 -15.546
  -7.308 -15.471 -15.471
  -7.299 -15.201 -15.201
  -7.290 -15.083 -15.516
  -7.281 -15.114 -15.519
  -7.272 -15.660 -15.660
  -7.264 -15.399 -15.399
  -7.255 -15.139 -15.139
  -7.247 -15.448 -15.448
  -7.239 -15.550 -15.550
  -7.231 -15.661 -15.661
  -7.223 -15.583 -15.583
  -7.216 -15.640 -15.640
  -7.208 -15.661 -15.813
  -7.201 -15.619 -15.619
  -7.194 -15.577 -15.911
  -7.187 -15.695 -15.695
  -7.180 -15.796 -15.796
  -7.173 -15.245 -15.409
  -7.166 -15.218 -15.500
  -7.159 -15.988 -15.988
  -7.153 -14.942 -15.847
  -7.146 -15.866 -16.147
  -7.140 -15.696 -15.696
  -7.133 -15.858 -15.858
  -7.127 -15.616 -15.813
  -7.121 -15.218 -15.513
  -7.115 -15.084 -15.556
  -7.109 -15.933 -15.933
  -7.103 -15.773 -15.773
  -7.098 -16.081 -16.081
  -7.092 -15.152 -15.871
  -7.086 -15.449 -15.623
  -7.081 -16.045 -16.045
  -7.075 -15.957 -15.957
  -7.070 -15.094 -15.682
  -7.064 -15.524 -15.980
  -7.059 -15.773 -15.773
  -7.054 -15.469 -15.627
  -7.049 -15.426 -15.729
  -7.043 -16.042 -16.201
  -7.038 -15.636 -15.807
  -7.033 -15.973 -16.415
  -7.029 -15.678 -16.248
  -7.024 -16.237 -16.442
  -7.019 -15.147 -15.787
  -7.014 -16.059 -16.381
  -7.009 -15.368 -15.960
  -7.005 -15.124 -16.043
  -7.000 -16.057 -16.240
  -6.995 -16.271 -16.271
  -6.991 -15.836 -15.836
  -6.986 -15.692 -15.912
  -6.982 -15.901 -16.384
  -6.978 -15.872 -16.216
  -6.973 -15.716 -16.324
  -6.969 -15.768 -16.494
  -6.965 -16.072 -16.072
  -6.961 -15.625 -15.934
  -6.956 -16.761 -22.201
  -6.952 -15.787 -16.037
  -6.948 -16.425 -17.163
  -6.944 -15.681 -15.956
  -6.940 -16.293 -16.293
  -6.936 -16.329 -16.750
  -6.932 -16.593 -16.593
  -6.928 -15.516 -16.526
  -6.924 -16.695 -17.139
  -6.920 -16.462 -16.462
  -6.917 -16.234 -17.072
  -6.913 -15.711 -16.331
  -6.909 -15.765 -16.292
  -6.905 -16.588 -16.874
  -6.902 -15.419 -16.122
  -6.898 -49.500     NaN
  -6.894 -16.365 -16.555
  -6.891 -16.540 -16.540
  -6.887 -15.887 -16.674
  -6.884 -16.186 -49.500
  -6.880 -15.675 -16.449
  -6.877 -16.318 -16.469
  -6.873 -16.030 -16.549
  -6.870 -16.432 -16.882
  -6.867 -16.395 -49.500
  -6.863 -16.358 -16.515
  -6.860 -16.263 -16.719
  -6.857 -15.353 -15.525
  -6.853 -15.598 -16.024
  -6.850 -16.435 -49.500
  -6.847 -15.668 -16.218
  -6.844 -15.352 -49.500
  -6.840 -16.733 -17.143
  -6.837 -15.683 -16.542
  -6.834 -16.364 -16.642
  -6.831 -49.500     NaN
  -6.828 -16.574 -49.500
  -6.825 -17.076 -49.500
  -6.822 -16.817 -49.500
  -6.819 -15.376 -15.576
  -6.816 -49.500     NaN
  -6.813 -49.500     NaN
  -6.810 -49.500     NaN
  -6.807 -15.034 -15.996
  -6.804 -49.500     NaN
  -6.801 -15.907 -16.720
  -6.798 -15.689 -16.684
  -6.795 -16.291 -16.615
  -6.792 -14.929 -16.693
  -6.789 -16.225 -49.500
  -6.787 -49.500     NaN
  -6.784 -17.168 -49.500
  -6.781 -16.622 -16.622
  -6.778 -49.500     NaN
  -6.775 -49.500     NaN
  -6.773 -49.500 -49.500
  -6.770 -15.386 -15.386
  -6.767 -15.848 -16.982
  -6.765 -15.856 -49.500
  -6.762 -49.500     NaN
  -6.759 -49.500     NaN
  -6.757 -16.402 -16.402
  -6.754 -15.796 -49.500
  -6.751 -16.410 -49.500
  -6.749 -16.584 -49.500
  -6.746 -16.356 -49.500
  -6.744 -49.500     NaN
  -6.741 -16.626 -49.500
  -6.739 -15.762 -16.745
  -6.736 -15.919 -15.919
  -6.734 -16.558 -16.558
  -6.731 -16.543 -49.500
  -6.729 -16.920 -49.500
  -6.726 -49.500 -49.500
  -6.724 -16.947 -49.500
  -6.721 -49.500     NaN
  -6.719 -49.500 -49.500
  -6.717 -49.500     NaN
  -6.714 -16.477 -16.651
  -6.712 -15.699 -49.500
  -6.709 -49.500 -49.500
  -6.707 -16.091 -16.091
  -6.705 -15.576 -15.876
  -6.702 -16.701 -49.500
  -6.700 -49.500     NaN
  -6.698 -49.500     NaN
  -6.696 -49.500 -49.500
  -6.693 -49.500 -49.500
  -6.691 -49.500 -49.500
  -6.689 -16.444 -49.500
  -6.687 -15.630 -15.630
  -6.684 -49.500 -49.500
  -6.682 -49.500 -49.500
  -6.680 -16.214 -16.214
  -6.678 -16.165 -16.165
  -6.675 -16.339 -49.500
  -6.673 -49.500 -49.500
  -6.671 -49.500     NaN
  -6.669 -16.605 -49.500
  -6.667 -15.473 -49.500
  -6.665 -49.500 -49.500
  -6.663 -16.699 -49.500
  -6.661 -49.500 -49.500
  -6.658 -49.500 -49.500
  -6.656 -16.408 -49.500
  -6.654 -15.968 -49.500
  -6.652 -14.889 -49.500
  -6.650 -16.850 -49.500
  -6.648 -49.500 -49.500
  -6.646 -49.500 -49.500
  -6.644 -49.500 -49.500
  -6.642 -49.500 -49.500
  -6.640 -49.500 -49.500
  -6.638 -16.237 -16.402
  -6.636 -15.805 -49.500
  -6.634 -49.500 -49.500
  -6.632 -16.567 -49.500
  -6.630 -15.992 -49.500
  -6.628 -15.553 -15.553
  -6.626 -49.500     NaN
  -6.624 -49.500 -49.500
  -6.622 -49.500 -49.500
  -6.620 -49.500 -49.500
  -6.618 -15.984 -49.500
  -6.617 -15.879 -49.500
  -6.615 -15.504 -15.504
  -6.613 -49.500 -49.500
  -6.611 -49.500     NaN
  -6.609 -49.500 -49.500
  -6.607 -49.500 -49.500
  -6.605 -15.630 -15.630
  -6.603 -16.692 -16.692
  -6.602 -49.500 -49.500
  -6.600 -16.632 -49.500
  -6.598 -49.500 -49.500
  -6.596 -49.500 -49.500
  -6.594 -49.500 -49.500
