  -8.861 -14.272 -14.272
  -8.599 -14.366 -14.366
  -8.442 -14.462 -14.462
  -8.329 -14.495 -14.495
  -8.239 -14.521 -14.521
  -8.166 -14.531 -14.531
  -8.103 -14.634 -14.634
  -8.048 -14.645 -14.645
  -7.999 -14.681 -14.681
  -7.955 -14.743 -14.743
  -7.916 -14.797 -14.797
  -7.879 -14.551 -14.832
  -7.846 -14.524 -14.845
  -7.815 -14.885 -14.885
  -7.786 -14.927 -14.927
  -7.758 -14.932 -14.932
  -7.733 -14.811 -15.011
  -7.709 -14.964 -14.964
  -7.686 -14.956 -14.956
  -7.664 -14.735 -15.008
  -7.643 -14.941 -15.120
  -7.624 -14.888 -14.888
  -7.605 -15.135 -15.135
  -7.586 -15.056 -15.056
  -7.569 -14.993 -15.201
  -7.552 -14.917 -14.917
  -7.536 -14.776 -15.029
  -7.521 -14.667 -14.820
  -7.506 -15.121 -15.121
  -7.491 -14.788 -15.063
  -7.477 -15.125 -15.125
  -7.464 -15.091 -15.376
  -7.451 -15.280 -15.280
  -7.438 -15.449 -15.449
  -7.425 -15.374 -15.374
  -7.413 -14.634 -15.302
  -7.401 -15.382 -15.382
  -7.390 -14.938 -15.350
  -7.379 -15.058 -15.507
  -7.368 -15.428 -15.428
  -7.357 -15.358 -15.358
  -7.347 -15.540 -15.540
  -7.337 -15.548 -15.548
  -7.327 -15.243 -15.548
  -7.317 -15.226 -15.523
  -7.308 -15.509 -15.509
  -7.299 -15.365 -15.365
  -7.290 -14.916 -15.545
  -7.281 -15.420 -15.612
  -7.272 -15.415 -15.415
  -7.264 -15.244 -15.483
  -7.255 -15.577 -15.577
  -7.247 -14.965 -15.592
  -7.239 -15.572 -15.572
  -7.231 -15.500 -15.500
  -7.223 -15.317 -15.595
  -7.216 -15.228 -15.407
  -7.208 -15.209 -15.605
  -7.201 -15.671 -15.671
  -7.194 -15.635 -15.800
  -7.187 -15.479 -15.810
  -7.180 -15.617 -15.617
  -7.173 -15.364 -15.679
  -7.166 -15.337 -15.881
  -7.159 -15.795 -15.969
  -7.153 -15.761 -15.761
  -7.146 -15.657 -15.920
  -7.140 -15.922 -15.922
  -7.133 -15.708 -15.708
  -7.127 -15.514 -16.076
  -7.121 -14.471 -15.607
  -7.115 -15.156 -15.687
  -7.109 -15.792 -16.040
  -7.103 -16.189 -16.189
  -7.098 -15.200 -15.621
  -7.092 -15.653 -15.965
  -7.086 -15.579 -15.844
  -7.081 -15.608 -15.608
  -7.075 -15.587 -16.060
  -7.070 -15.874 -16.065
  -7.064 -16.700 -16.700
  -7.059 -15.975 -16.231
  -7.054 -16.200 -16.200
  -7.049 -15.798 -15.798
  -7.043 -16.051 -16.051
  -7.038 -15.662 -15.892
  -7.033 -15.644 -16.069
  -7.029 -16.103 -16.103
  -7.024 -15.356 -15.515
  -7.019 -15.851 -15.851
  -7.014 -16.367 -16.367
  -7.009 -15.879 -16.106
  -7.005 -15.575 -15.873
  -7.000 -16.206 -16.206
  -6.995 -16.218 -16.398
  -6.991 -16.157 -16.157
  -6.986 -16.350 -16.350
  -6.982 -16.253 -16.481
  -6.978 -15.340 -16.001
  -6.973 -15.520 -15.677
  -6.969 -16.006 -16.240
  -6.965 -16.048 -16.465
  -6.961 -15.504 -15.663
  -6.956 -15.894 -15.894
  -6.952 -15.875 -16.291
  -6.948 -16.247 -16.428
  -6.944 -15.213 -16.159
  -6.940 -15.627 -15.861
  -6.936 -16.067 -16.615
  -6.932 -15.941 -16.521
  -6.928 -15.528 -16.198
  -6.924 -16.268 -16.717
  -6.920 -15.524 -16.550
  -6.917 -16.217 -16.217
  -6.913 -15.717 -15.960
  -6.909 -16.298 -16.584
  -6.905 -16.368 -16.368
  -6.902 -15.095 -16.817
  -6.898 -16.123 -16.123
  -6.894 -16.652 -16.881
  -6.891 -16.390 -16.390
  -6.887 -15.892 -15.892
  -6.884 -16.100 -16.514
  -6.880 -15.395 -16.042
  -6.877 -15.888 -49.500
  -6.873 -16.428 -17.165
  -6.870 -16.693 -17.139
  -6.867 -15.649 -15.649
  -6.863 -15.828 -49.500
  -6.860 -49.500     NaN
  -6.857 -15.855 -16.683
  -6.853 -15.974 -16.295
  -6.850 -15.583 -15.887
  -6.847 -16.243 -16.984
  -6.844 -15.732 -15.911
  -6.840 -15.286 -49.500
  -6.837 -17.095 -49.500
  -6.834 -17.458 -49.500
  -6.831 -49.500     NaN
  -6.828 -16.051 -16.396
  -6.825 -49.500     NaN
  -6.822 -16.226 -16.226
  -6.819 -16.728 -49.500
  -6.816 -16.180 -17.053
  -6.813 -16.241 -17.285
  -6.810 -16.126 -16.640
  -6.807 -16.442 -17.177
  -6.804 -49.500     NaN
  -6.801 -15.981 -49.500
  -6.798 -49.500     NaN
  -6.795 -16.569 -16.569
  -6.792 -16.575 -16.575
  -6.789 -16.399 -16.763
  -6.787 -16.347 -16.929
  -6.784 -16.469 -49.500
  -6.781 -16.132 -16.530
  -6.778 -49.500     NaN
  -6.775 -17.085 -49.500
  -6.773 -16.404 -16.873
  -6.770 -16.226 -16.720
  -6.767 -15.810 -49.500
  -6.765 -49.500     NaN
  -6.762 -49.500     NaN
  -6.759 -16.481 -16.664
  -6.757 -15.854 -16.172
  -6.754 -15.911 -16.543
  -6.751 -49.500 -49.500
  -6.749 -16.968 -49.500
  -6.746 -16.201 -49.500
  -6.744 -49.500     NaN
  -6.741 -15.878 -16.412
  -6.739 -16.334 -49.500
  -6.736 -16.944 -49.500
  -6.734 -49.500     NaN
  -6.731 -49.500     NaN
  -6.729 -16.028 -49.500
  -6.726 -49.500 -49.500
  -6.724 -16.205 -16.561
  -6.721 -49.500     NaN
  -6.719 -15.202 -49.500
  -6.717 -49.500 -49.500
  -6.714 -16.955 -49.500
  -6.712 -15.880 -16.344
  -6.709 -16.037 -16.826
  -6.707 -49.500 -49.500
  -6.705 -15.498 -49.500
  -6.702 -49.500     NaN
  -6.700 -49.500     NaN
  -6.698 -49.500     NaN
  -6.696 -49.500     NaN
  -6.693 -49.500 -49.500
  -6.691 -16.625 -49.500
  -6.689 -15.778 -17.274
  -6.687 -49.500     NaN
  -6.684 -49.500 -49.500
  -6.682 -49.500 -49.500
  -6.680 -16.907 -49.500
  -6.678 -15.301 -15.301
  -6.675 -49.500 -49.500
  -6.673 -49.500     NaN
  -6.671 -49.500     NaN
  -6.669 -49.500 -49.500
  -6.667 -49.500 -49.500
  -6.665 -16.069 -16.323
  -6.663 -16.290 -16.290
  -6.661 -49.500     NaN
  -6.658 -49.500     NaN
  -6.656 -49.500 -49.500
  -6.654 -49.500 -49.500
  -6.652 -49.500 -49.500
  -6.650 -49.500 -49.500
  -6.648 -49.500 -49.500
  -6.646 -49.500 -49.500
  -6.644 -49.500 -49.500
  -6.642 -49.500     NaN
  -6.640 -49.500 -49.500
  -6.638 -49.500 -49.500
  -6.636 -49.500     NaN
  -6.634 -49.500 -49.500
  -6.632 -49.500     NaN
  -6.630 -49.500 -49.500
  -6.628 -49.500 -49.500
  -6.626 -49.500 -49.500
  -6.624 -49.500     NaN
  -6.622 -49.500 -49.500
  -6.620 -49.500 -49.500
  -6.618 -49.500 -49.500
  -6.617 -49.500     NaN
  -6.615 -49.500 -49.500
  -6.613 -49.500 -49.500
  -6.611 -16.005 -16.005
  -6.609 -49.500 -49.500
  -6.607 -49.500 -49.500
  -6.605 -49.500 -49.500
  -6.603 -16.653 -16.653
  -6.602 -49.500     NaN
  -6.600 -49.500 -49.500
  -6.598 -16.673 -16.673
  -6.596 -16.276 -49.500
  -6.594 -49.500 -49.500
