  -8.861 -14.274 -14.274
  -8.599 -14.351 -14.351
  -8.442 -14.461 -14.461
  -8.329 -14.500 -14.500
  -8.239 -14.573 -14.573
  -8.166 -14.626 -14.626
  -8.103 -14.663 -14.663
  -8.048 -14.666 -14.666
  -7.999 -14.588 -14.588
  -7.955 -14.798 -14.798
  -7.916 -14.808 -14.808
  -7.879 -14.783 -14.783
  -7.846 -14.589 -14.589
  -7.815 -14.852 -14.852
  -7.786 -14.751 -14.751
  -7.758 -14.834 -14.834
  -7.733 -14.842 -14.842
  -7.709 -14.955 -14.955
  -7.686 -15.085 -15.085
  -7.664 -14.965 -14.965
  -7.643 -14.966 -14.966
  -7.624 -15.232 -15.232
  -7.605 -14.767 -15.093
  -7.586 -15.107 -15.107
  -7.569 -15.227 -15.227
  -7.552 -15.085 -15.085
  -7.536 -15.144 -15.144
  -7.521 -15.267 -15.267
  -7.506 -15.182 -15.182
  -7.491 -14.982 -14.982
  -7.477 -15.157 -15.157
  -7.464 -15.337 -15.337
  -7.451 -15.271 -15.271
  -7.438 -15.300 -15.300
  -7.425 -15.396 -15.396
  -7.413 -15.114 -15.114
  -7.401 -14.917 -15.477
  -7.390 -15.287 -15.515
  -7.379 -15.176 -15.176
  -7.368 -15.294 -15.294
  -7.357 -15.429 -15.429
  -7.347 -15.278 -15.540
  -7.337 -15.492 -15.492
  -7.327 -15.445 -15.445
  -7.317 -15.706 -15.706
  -7.308 -15.552 -15.552
  -7.299 -15.459 -15.626
  -7.290 -15.259 -15.259
  -7.281 -15.378 -15.532
  -7.272 -15.587 -15.587
  -7.264 -15.442 -15.442
  -7.255 -15.329 -15.548
  -7.247 -15.505 -15.505
  -7.239 -15.723 -15.908
  -7.231 -15.591 -15.591
  -7.223 -15.411 -15.566
  -7.216 -15.342 -15.714
  -7.208 -15.735 -15.735
  -7.201 -15.238 -15.781
  -7.194 -15.393 -15.393
  -7.187 -15.291 -15.880
  -7.180 -15.516 -15.777
  -7.173 -15.935 -15.935
  -7.166 -15.258 -15.950
  -7.159 -14.912 -15.982
  -7.153 -16.157 -16.157
  -7.146 -14.930 -15.939
  -7.140 -15.686 -15.916
  -7.133 -15.909 -15.909
  -7.127 -15.749 -15.749
  -7.121 -15.728 -15.884
  -7.115 -15.198 -15.657
  -7.109 -15.853 -16.175
  -7.103 -15.962 -15.962
  -7.098 -15.610 -15.803
  -7.092 -15.772 -15.772
  -7.086 -15.562 -15.841
  -7.081 -15.990 -16.188
  -7.075 -15.398 -15.398
  -7.070 -16.039 -16.290
  -7.064 -15.875 -15.875
  -7.059 -15.659 -15.811
  -7.054 -15.644 -15.644
  -7.049 -16.402 -16.579
  -7.043 -16.027 -16.507
  -7.038 -15.290 -15.702
  -7.033 -16.092 -16.257
  -7.029 -15.103 -16.325
  -7.024 -15.732 -16.072
  -7.019 -15.436 -15.877
  -7.014 -15.360 -15.834
  -7.009 -15.869 -16.204
  -7.005 -16.555 -17.175
  -7.000 -15.938 -16.381
  -6.995 -16.384 -16.565
  -6.991 -16.047 -16.047
  -6.986 -16.098 -16.258
  -6.982 -16.053 -16.340
  -6.978 -16.304 -16.493
  -6.973 -15.980 -16.346
  -6.969 -16.312 -16.312
  -6.965 -16.244 -16.244
  -6.961 -16.039 -16.394
  -6.956 -16.060 -16.675
  -6.952 -15.980 -16.356
  -6.948 -15.863 -16.436
  -6.944 -16.086 -16.331
  -6.940 -15.325 -16.370
  -6.936 -16.043 -16.487
  -6.932 -15.898 -16.308
  -6.928 -15.439 -16.256
  -6.924 -15.893 -16.412
  -6.920 -15.978 -15.978
  -6.917 -15.913 -16.537
  -6.913 -22.387 -22.387
  -6.909 -15.201 -15.875
  -6.905 -16.011 -16.700
  -6.902 -15.719 -15.941
  -6.898 -15.330 -15.838
  -6.894 -16.149 -16.149
  -6.891 -15.248 -22.941
  -6.887 -15.645 -16.189
  -6.884 -16.120 -17.037
  -6.880 -16.061 -16.636
  -6.877 -16.391 -16.836
  -6.873 -49.500     NaN
  -6.870 -16.379 -49.500
  -6.867 -15.481 -17.167
  -6.863 -17.180 -49.500
  -6.860 -15.615 -16.147
  -6.857 -16.586 -16.831
  -6.853 -16.537 -16.974
  -6.850 -16.458 -16.735
  -6.847 -16.059 -16.059
  -6.844 -15.408 -16.032
  -6.840 -15.430 -15.840
  -6.837 -15.789 -15.789
  -6.834 -15.633 -49.500
  -6.831 -16.312 -16.312
  -6.828 -16.114 -16.685
  -6.825 -16.650 -49.500
  -6.822 -49.500     NaN
  -6.819 -16.958 -49.500
  -6.816 -15.986 -15.986
  -6.813 -16.256 -16.688
  -6.810 -49.500     NaN
  -6.807 -49.500     NaN
  -6.804 -16.342 -49.500
  -6.801 -15.054 -15.901
  -6.798 -16.113 -16.416
  -6.795 -16.171 -16.326
  -6.792 -49.500     NaN
  -6.789 -49.500     NaN
  -6.787 -16.698 -49.500
  -6.784 -16.088 -16.306
  -6.781 -16.433 -16.857
  -6.778 -17.208 -49.500
  -6.775 -49.500     NaN
  -6.773 -15.733 -49.500
  -6.770 -16.075 -49.500
  -6.767 -16.840 -49.500
  -6.765 -49.500     NaN
  -6.762 -15.197 -49.500
  -6.759 -49.500     NaN
  -6.757 -16.625 -49.500
  -6.754 -15.450 -16.675
  -6.751 -15.654 -49.500
  -6.749 -15.708 -15.958
  -6.746 -15.798 -16.097
  -6.744 -16.436 -49.500
  -6.741 -49.500 -49.500
  -6.739 -15.236 -15.466
  -6.736 -49.500     NaN
  -6.734 -16.412 -49.500
  -6.731 -16.168 -49.500
  -6.729 -16.259 -49.500
  -6.726 -49.500 -49.500
  -6.724 -16.147 -49.500
  -6.721 -49.500     NaN
  -6.719 -16.837 -49.500
  -6.717 -49.500 -49.500
  -6.714 -49.500 -49.500
  -6.712 -49.500 -49.500
  -6.709 -16.039 -16.039
  -6.707 -16.705 -49.500
  -6.705 -49.500     NaN
  -6.702 -16.200 -16.200
  -6.700 -49.500     NaN
  -6.698 -49.500 -49.500
  -6.696 -49.500 -49.500
  -6.693 -16.378 -16.378
  -6.691 -16.107 -49.500
  -6.689 -49.500     NaN
  -6.687 -49.500 -49.500
  -6.684 -49.500 -49.500
  -6.682 -49.500     NaN
  -6.680 -16.299 -16.299
  -6.678 -49.500     NaN
  -6.675 -16.673 -49.500
  -6.673 -49.500 -49.500
  -6.671 -49.500 -49.500
  -6.669 -49.500 -49.500
  -6.667 -49.500 -49.500
  -6.665 -49.500 -49.500
  -6.663 -16.558 -49.500
  -6.661 -15.683 -15.683
  -6.658 -16.235 -49.500
  -6.656 -17.028 -17.028
  -6.654 -49.500 -49.500
  -6.652 -15.274 -16.153
  -6.650 -16.116 -16.371
  -6.648 -49.500 -49.500
  -6.646 -49.500 -49.500
  -6.644 -49.500 -49.500
  -6.642 -16.068 -49.500
  -6.640 -49.500 -49.500
  -6.638 -49.500     NaN
  -6.636 -49.500 -49.500
  -6.634 -49.500 -49.500
  -6.632 -49.500 -49.500
  -6.630 -16.113 -16.113
  -6.628 -49.500 -49.500
  -6.626 -49.500 -49.500
  -6.624 -14.732 -49.500
  -6.622 -49.500 -49.500
  -6.620 -49.500     NaN
  -6.618 -15.921 -49.500
  -6.617 -49.500     NaN
  -6.615 -49.500 -49.500
  -6.613 -16.127 -49.500
  -6.611 -49.500 -49.500
  -6.609 -49.500 -49.500
  -6.607 -49.500     NaN
  -6.605 -49.500 -49.500
  -6.603 -49.500 -49.500
  -6.602 -49.500 -49.500
  -6.600 -49.500 -49.500
  -6.598 -49.500 -49.500
  -6.596 -49.500     NaN
  -6.594 -49.500 -49.500
