  -8.861 -14.241 -14.241
  -8.599 -14.391 -14.391
  -8.442 -14.441 -14.441
  -8.329 -14.483 -14.483
  -8.239 -14.546 -14.546
  -8.166 -14.628 -14.628
  -8.103 -14.583 -14.583
  -8.048 -14.571 -14.571
  -7.999 -14.766 -14.766
  -7.955 -14.711 -14.711
  -7.916 -14.744 -14.744
  -7.879 -14.748 -14.748
  -7.846 -14.702 -14.702
  -7.815 -14.917 -14.917
  -7.786 -14.925 -14.925
  -7.758 -14.903 -14.903
  -7.733 -14.945 -14.945
  -7.709 -14.956 -14.956
  -7.686 -14.863 -14.863
  -7.664 -14.464 -14.955
  -7.643 -14.931 -15.134
  -7.624 -14.988 -14.988
  -7.605 -15.102 -15.102
  -7.586 -15.076 -15.076
  -7.569 -15.074 -15.074
  -7.552 -15.201 -15.201
  -7.536 -15.270 -15.270
  -7.521 -15.152 -15.369
  -7.506 -15.186 -15.186
  -7.491 -15.059 -15.059
  -7.477 -15.135 -15.135
  -7.464 -15.234 -15.234
  -7.451 -15.001 -15.383
  -7.438 -15.072 -15.302
  -7.425 -15.501 -15.501
  -7.413 -15.200 -15.200
  -7.401 -15.434 -15.434
  -7.390 -15.412 -15.412
  -7.379 -15.388 -15.564
  -7.368 -15.294 -15.294
  -7.357 -15.432 -15.432
  -7.347 -15.518 -15.518
  -7.337 -15.325 -15.325
  -7.327 -15.315 -15.515
  -7.317 -15.156 -15.387
  -7.308 -14.611 -15.665
  -7.299 -15.448 -15.448
  -7.290 -15.352 -15.352
  -7.281 -14.965 -15.496
  -7.272 -15.262 -15.522
  -7.264 -15.656 -15.656
  -7.255 -15.583 -15.583
  -7.247 -15.305 -15.673
  -7.239 -15.523 -15.523
  -7.231 -15.228 -15.384
  -7.223 -15.510 -15.510
  -7.216 -15.513 -15.718
  -7.208 -15.628 -15.628
  -7.201 -15.226 -15.591
  -7.194 -15.328 -15.544
  -7.187 -15.884 -15.884
  -7.180 -15.133 -15.373
  -7.173 -15.697 -15.854
  -7.166 -15.705 -15.705
  -7.159 -15.791 -16.149
  -7.153 -15.674 -15.674
  -7.146 -15.800 -15.800
  -7.140 -15.340 -15.913
  -7.133 -14.964 -15.311
  -7.127 -15.647 -15.647
  -7.121 -15.280 -15.752
  -7.115 -15.858 -16.135
  -7.109 -16.134 -16.134
  -7.103 -15.829 -16.127
  -7.098 -15.333 -15.921
  -7.092 -15.835 -16.104
  -7.086 -15.690 -16.050
  -7.081 -15.801 -15.801
  -7.075 -15.771 -16.045
  -7.070 -15.907 -16.121
  -7.064 -15.730 -15.913
  -7.059 -15.858 -15.858
  -7.054 -15.944 -16.291
  -7.049 -15.791 -15.791
  -7.043 -15.376 -15.376
  -7.038 -16.017 -16.017
  -7.033 -15.862 -16.067
  -7.029 -16.134 -16.331
  -7.024 -15.600 -15.600
  -7.019 -16.184 -16.184
  -7.014 -15.789 -15.789
  -7.009 -16.157 -16.311
  -7.005 -15.894 -15.894
  -7.000 -15.698 -16.188
  -6.995 -16.371 -16.937
  -6.991 -15.081 -15.630
  -6.986 -16.631 -16.631
  -6.982 -15.994 -15.994
  -6.978 -15.401 -16.080
  -6.973 -16.435 -16.852
  -6.969 -15.627 -15.978
  -6.965 -15.175 -15.816
  -6.961 -16.258 -16.258
  -6.956 -16.408 -16.986
  -6.952 -15.741 -16.167
  -6.948 -16.144 -16.370
  -6.944 -16.038 -16.191
  -6.940 -16.241 -16.241
  -6.936 -15.722 -15.896
  -6.932 -15.737 -16.069
  -6.928 -16.592 -16.747
  -6.924 -16.664 -22.837
  -6.920 -15.942 -16.253
  -6.917 -16.610 -49.500
  -6.913 -15.924 -16.462
  -6.909 -16.863 -23.309
  -6.905 -15.199 -16.189
  -6.902 -16.448 -16.901
  -6.898 -16.259 -16.552
  -6.894 -16.525 -16.766
  -6.891 -16.268 -16.268
  -6.887 -16.173 -16.173
  -6.884 -16.362 -16.537
  -6.880 -15.911 -16.251
  -6.877 -16.386 -16.551
  -6.873 -16.206 -16.521
  -6.870 -16.115 -16.623
  -6.867 -16.057 -16.400
  -6.863 -15.897 -49.500
  -6.860 -16.303 -16.455
  -6.857 -15.555 -49.500
  -6.853 -16.407 -16.823
  -6.850 -16.469 -16.836
  -6.847 -16.369 -16.369
  -6.844 -16.210 -49.500
  -6.840 -49.500     NaN
  -6.837 -16.138 -16.853
  -6.834 -16.243 -16.746
  -6.831 -15.895 -16.355
  -6.828 -49.500     NaN
  -6.825 -15.985 -16.327
  -6.822 -49.500     NaN
  -6.819 -16.080 -49.500
  -6.816 -16.130 -16.620
  -6.813 -16.592 -49.500
  -6.810 -16.291 -16.550
  -6.807 -49.500     NaN
  -6.804 -16.522 -49.500
  -6.801 -16.194 -16.755
  -6.798 -15.430 -16.447
  -6.795 -49.500     NaN
  -6.792 -15.530 -15.937
  -6.789 -15.433 -15.918
  -6.787 -15.707 -49.500
  -6.784 -15.727 -16.341
  -6.781 -49.500     NaN
  -6.778 -15.915 -49.500
  -6.775 -16.292 -49.500
  -6.773 -15.682 -16.980
  -6.770 -15.907 -16.934
  -6.767 -16.671 -16.931
  -6.765 -49.500 -49.500
  -6.762 -49.500     NaN
  -6.759 -15.028 -15.715
  -6.757 -16.915 -49.500
  -6.754 -16.348 -49.500
  -6.751 -49.500 -49.500
  -6.749 -49.500     NaN
  -6.746 -49.500 -49.500
  -6.744 -49.500     NaN
  -6.741 -16.841 -49.500
  -6.739 -49.500 -49.500
  -6.736 -16.401 -16.644
  -6.734 -49.500 -49.500
  -6.731 -49.500     NaN
  -6.729 -15.887 -16.156
  -6.726 -15.876 -49.500
  -6.724 -49.500     NaN
  -6.721 -49.500     NaN
  -6.719 -15.431 -15.431
  -6.717 -49.500     NaN
  -6.714 -16.473 -49.500
  -6.712 -49.500     NaN
  -6.709 -15.646 -15.646
  -6.707 -49.500     NaN
  -6.705 -15.565 -15.565
  -6.702 -49.500 -49.500
  -6.700 -49.500     NaN
  -6.698 -49.500     NaN
  -6.696 -15.249 -49.500
  -6.693 -16.820 -49.500
  -6.691 -16.358 -16.643
  -6.689 -49.500 -49.500
  -6.687 -15.914 -49.500
  -6.684 -49.500 -49.500
  -6.682 -49.500 -49.500
  -6.680 -16.154 -49.500
  -6.678 -49.500     NaN
  -6.675 -49.500 -49.500
  -6.673 -16.537 -16.537
  -6.671 -16.041 -16.204
  -6.669 -49.500 -49.500
  -6.667 -16.125 -49.500
  -6.665 -16.373 -49.500
  -6.663 -15.676 -49.500
  -6.661 -16.043 -49.500
  -6.658 -49.500     NaN
  -6.656 -49.500     NaN
  -6.654 -16.077 -16.077
  -6.652 -16.495 -49.500
  -6.650 -49.500 -49.500
  -6.648 -49.500 -49.500
  -6.646 -15.801 -49.500
  -6.644 -49.500 -49.500
  -6.642 -15.412 -49.500
  -6.640 -16.008 -16.008
  -6.638 -16.095 -49.500
  -6.636 -49.500     NaN
  -6.634 -16.355 -16.355
  -6.632 -16.125 -16.125
  -6.630 -15.905 -15.905
  -6.628 -49.500 -49.500
  -6.626 -49.500 -49.500
  -6.624 -49.500 -49.500
  -6.622 -16.577 -49.500
  -6.620 -16.640 -49.500
  -6.618 -49.500     NaN
  -6.617 -49.500 -49.500
  -6.615 -49.500 -49.500
  -6.613 -49.500     NaN
  -6.611 -16.174 -49.500
  -6.609 -49.500 -49.500
  -6.607 -17.050 -49.500
  -6.605 -49.500 -49.500
  -6.603 -49.500 -49.500
  -6.602 -49.500 -49.500
  -6.600 -49.500     NaN
  -6.598 -16.421 -49.500
  -6.596 -49.500 -49.500
  -6.594 -49.500 -49.500
