  -8.861 -14.277 -14.277
  -8.599 -14.367 -14.367
  -8.442 -14.444 -14.444
  -8.329 -14.503 -14.503
  -8.239 -14.592 -14.592
  -8.166 -14.612 -14.612
  -8.103 -14.614 -14.614
  -8.048 -14.759 -14.759
  -7.999 -14.588 -14.588
  -7.955 -14.663 -14.663
  -7.916 -14.826 -14.826
  -7.879 -14.839 -14.839
  -7.846 -14.587 -14.785
  -7.815 -14.887 -14.887
  -7.786 -14.861 -14.861
  -7.758 -14.930 -14.930
  -7.733 -14.653 -14.653
  -7.709 -14.728 -14.728
  -7.686 -14.940 -14.940
  -7.664 -14.944 -14.944
  -7.643 -15.059 -15.059
  -7.624 -14.934 -14.934
  -7.605 -14.728 -14.910
  -7.586 -14.958 -14.958
  -7.569 -14.953 -15.210
  -7.552 -14.979 -15.164
  -7.536 -15.081 -15.081
  -7.521 -15.415 -15.415
  -7.506 -15.281 -15.281
  -7.491 -15.279 -15.279
  -7.477 -15.188 -15.188
  -7.464 -15.105 -15.105
  -7.451 -15.332 -15.332
  -7.438 -15.079 -15.508
  -7.425 -15.329 -15.329
  -7.413 -15.320 -15.320
  -7.401 -14.934 -15.475
  -7.390 -15.278 -15.278
  -7.379 -15.423 -15.423
  -7.368 -15.326 -15.326
  -7.357 -15.279 -15.479
  -7.347 -15.192 -15.478
  -7.337 -15.437 -15.437
  -7.327 -15.304 -15.466
  -7.317 -14.663 -15.444
  -7.308 -15.427 -15.427
  -7.299 -15.301 -15.571
  -7.290 -15.577 -15.577
  -7.281 -15.605 -15.605
  -7.272 -15.622 -15.622
  -7.264 -15.432 -15.696
  -7.255 -15.341 -15.341
  -7.247 -15.409 -15.581
  -7.239 -15.149 -15.625
  -7.231 -15.537 -15.537
  -7.223 -15.458 -15.458
  -7.216 -15.394 -15.570
  -7.208 -15.393 -15.793
  -7.201 -14.649 -15.350
  -7.194 -15.324 -15.508
  -7.187 -15.752 -15.916
  -7.180 -15.390 -15.669
  -7.173 -15.899 -15.899
  -7.166 -15.616 -16.036
  -7.159 -15.425 -15.425
  -7.153 -15.636 -15.636
  -7.146 -15.567 -15.801
  -7.140 -15.278 -15.453
  -7.133 -15.297 -15.785
  -7.127 -15.710 -15.710
  -7.121 -15.361 -15.730
  -7.115 -15.995 -15.995
  -7.109 -15.361 -15.693
  -7.103 -15.922 -15.922
  -7.098 -15.828 -15.828
  -7.092 -15.765 -15.949
  -7.086 -16.010 -16.010
  -7.081 -15.388 -16.229
  -7.075 -15.948 -16.187
  -7.070 -15.675 -15.924
  -7.064 -15.192 -15.849
  -7.059 -15.776 -16.052
  -7.054 -16.150 -16.150
  -7.049 -15.761 -15.761
  -7.043 -15.572 -15.967
  -7.038 -15.345 -16.193
  -7.033 -16.151 -16.315
  -7.029 -16.207 -16.207
  -7.024 -15.758 -16.017
  -7.019 -15.997 -16.167
  -7.014 -15.638 -16.083
  -7.009 -14.876 -15.702
  -7.005 -15.247 -16.111
  -7.000 -16.104 -16.104
  -6.995 -15.911 -15.911
  -6.991 -16.131 -16.287
  -6.986 -15.271 -15.558
  -6.982 -15.486 -15.486
  -6.978 -14.878 -15.833
  -6.973 -16.638 -21.781
  -6.969 -16.021 -16.172
  -6.965 -15.942 -16.341
  -6.961 -16.198 -16.198
  -6.956 -15.904 -16.153
  -6.952 -15.750 -15.750
  -6.948 -16.113 -16.318
  -6.944 -16.621 -17.278
  -6.940 -15.971 -16.326
  -6.936 -15.509 -16.064
  -6.932 -16.584 -16.808
  -6.928 -16.221 -16.378
  -6.924 -16.139 -16.467
  -6.920 -16.154 -16.801
  -6.917 -16.028 -16.622
  -6.913 -16.124 -16.124
  -6.909 -16.071 -16.402
  -6.905 -15.959 -16.221
  -6.902 -16.048 -16.493
  -6.898 -16.531 -16.531
  -6.894 -15.965 -16.580
  -6.891 -16.074 -16.290
  -6.887 -14.694 -16.170
  -6.884 -49.500     NaN
  -6.880 -15.756 -16.137
  -6.877 -16.255 -16.255
  -6.873 -16.686 -16.869
  -6.870 -15.866 -16.022
  -6.867 -16.913 -49.500
  -6.863 -15.152 -17.179
  -6.860 -16.881 -49.500
  -6.857 -16.265 -16.265
  -6.853 -16.432 -16.587
  -6.850 -16.577 -49.500
  -6.847 -15.474 -15.943
  -6.844 -16.588 -49.500
  -6.840 -16.817 -49.500
  -6.837 -15.753 -16.070
  -6.834 -15.893 -49.500
  -6.831 -16.751 -49.500
  -6.828 -16.386 -16.705
  -6.825 -15.843 -49.500
  -6.822 -15.828 -15.995
  -6.819 -49.500     NaN
  -6.816 -16.218 -16.415
  -6.813 -16.768 -17.150
  -6.810 -16.826 -49.500
  -6.807 -16.691 -16.691
  -6.804 -16.804 -17.090
  -6.801 -16.350 -16.644
  -6.798 -15.703 -16.157
  -6.795 -16.574 -16.882
  -6.792 -16.355 -49.500
  -6.789 -16.368 -49.500
  -6.787 -49.500 -49.500
  -6.784 -49.500     NaN
  -6.781 -16.469 -49.500
  -6.778 -16.329 -16.532
  -6.775 -16.671 -17.003
  -6.773 -16.337 -49.500
  -6.770 -49.500     NaN
  -6.767 -16.846 -49.500
  -6.765 -16.741 -49.500
  -6.762 -49.500     NaN
  -6.759 -16.385 -49.500
  -6.757 -49.500 -49.500
  -6.754 -49.500     NaN
  -6.751 -16.099 -16.552
  -6.749 -15.805 -16.192
  -6.746 -16.766 -49.500
  -6.744 -16.570 -49.500
  -6.741 -16.474 -49.500
  -6.739 -15.768 -16.536
  -6.736 -15.835 -16.591
  -6.734 -49.500     NaN
  -6.731 -49.500     NaN
  -6.729 -49.500     NaN
  -6.726 -49.500 -49.500
  -6.724 -49.500 -49.500
  -6.721 -15.986 -15.986
  -6.719 -49.500 -49.500
  -6.717 -49.500     NaN
  -6.714 -15.606 -16.795
  -6.712 -49.500     NaN
  -6.709 -16.175 -49.500
  -6.707 -16.263 -16.478
  -6.705 -16.352 -49.500
  -6.702 -49.500 -49.500
  -6.700 -16.430 -16.430
  -6.698 -49.500     NaN
  -6.696 -49.500     NaN
  -6.693 -16.151 -49.500
  -6.691 -16.019 -49.500
  -6.689 -49.500 -49.500
  -6.687 -49.500 -49.500
  -6.684 -49.500 -49.500
  -6.682 -49.500     NaN
  -6.680 -16.884 -49.500
  -6.678 -49.500 -49.500
  -6.675 -49.500 -49.500
  -6.673 -15.823 -16.036
  -6.671 -15.583 -16.274
  -6.669 -16.256 -16.574
  -6.667 -49.500     NaN
  -6.665 -49.500     NaN
  -6.663 -49.500 -49.500
  -6.661 -49.500 -49.500
  -6.658 -49.500     NaN
  -6.656 -49.500 -49.500
  -6.654 -49.500 -49.500
  -6.652 -49.500 -49.500
  -6.650 -16.366 -49.500
  -6.648 -49.500     NaN
  -6.646 -16.075 -16.075
  -6.644 -16.562 -49.500
  -6.642 -49.500     NaN
  -6.640 -49.500 -49.500
  -6.638 -15.787 -49.500
  -6.636 -16.166 -49.500
  -6.634 -16.565 -16.565
  -6.632 -49.500     NaN
  -6.630 -49.500 -49.500
  -6.628 -49.500     NaN
  -6.626 -49.500 -49.500
  -6.624 -49.500 -49.500
  -6.622 -49.500 -49.500
  -6.620 -49.500 -49.500
  -6.618 -49.500 -49.500
  -6.617 -49.500 -49.500
  -6.615 -15.991 -15.991
  -6.613 -49.500     NaN
  -6.611 -49.500     NaN
  -6.609 -16.574 -49.500
  -6.607 -49.500 -49.500
  -6.605 -49.500 -49.500
  -6.603 -49.500 -49.500
  -6.602 -49.500 -49.500
  -6.600 -16.062 -16.062
  -6.598 -49.500 -49.500
  -6.596 -16.489 -16.489
  -6.594 -16.061 -16.061
