  -8.861 -14.276 -14.276
  -8.599 -14.361 -14.361
  -8.442 -14.437 -14.437
  -8.329 -14.508 -14.508
  -8.239 -14.583 -14.583
  -8.166 -14.580 -14.580
  -8.103 -14.674 -14.674
  -8.048 -14.703 -14.703
  -7.999 -14.619 -14.619
  -7.955 -14.731 -14.731
  -7.916 -14.807 -14.807
  -7.879 -14.773 -14.773
  -7.846 -14.760 -14.760
  -7.815 -14.731 -14.731
  -7.786 -14.828 -14.828
  -7.758 -14.885 -14.885
  -7.733 -14.896 -14.896
  -7.709 -14.997 -14.997
  -7.686 -14.873 -15.042
  -7.664 -15.065 -15.065
  -7.643 -14.959 -14.959
  -7.624 -14.956 -14.956
  -7.605 -15.053 -15.053
  -7.586 -15.106 -15.106
  -7.569 -14.964 -14.964
  -7.552 -14.841 -15.090
  -7.536 -15.172 -15.172
  -7.521 -14.991 -15.332
  -7.506 -15.191 -15.191
  -7.491 -15.147 -15.147
  -7.477 -14.939 -14.939
  -7.464 -15.237 -15.237
  -7.451 -14.731 -15.315
  -7.438 -15.312 -15.312
  -7.425 -15.368 -15.368
  -7.413 -15.586 -15.586
  -7.401 -15.225 -15.225
  -7.390 -14.480 -15.140
  -7.379 -15.137 -15.137
  -7.368 -15.154 -15.154
  -7.357 -15.505 -15.505
  -7.347 -15.534 -15.534
  -7.337 -15.519 -15.519
  -7.327 -15.027 -15.489
  -7.317 -15.349 -15.349
  -7.308 -15.375 -15.375
  -7.299 -14.727 -15.281
  -7.290 -14.990 -15.432
  -7.281 -15.496 -15.496
  -7.272 -15.491 -15.491
  -7.264 -14.914 -15.768
  -7.255 -15.391 -15.590
  -7.247 -15.428 -15.428
  -7.239 -15.950 -15.950
  -7.231 -15.739 -15.935
  -7.223 -15.837 -15.837
  -7.216 -15.545 -15.545
  -7.208 -15.604 -15.861
  -7.201 -15.307 -15.612
  -7.194 -15.515 -15.673
  -7.187 -15.648 -15.857
  -7.180 -15.740 -15.740
  -7.173 -15.591 -15.853
  -7.166 -15.385 -15.664
  -7.159 -15.519 -15.519
  -7.153 -15.866 -15.866
  -7.146 -15.938 -15.938
  -7.140 -15.535 -16.045
  -7.133 -15.122 -15.502
  -7.127 -15.590 -15.590
  -7.121 -15.634 -15.634
  -7.115 -15.247 -15.413
  -7.109 -16.146 -16.146
  -7.103 -15.952 -15.952
  -7.098 -15.661 -15.661
  -7.092 -15.452 -15.846
  -7.086 -15.961 -16.112
  -7.081 -15.766 -15.986
  -7.075 -15.742 -15.742
  -7.070 -15.787 -15.787
  -7.064 -15.692 -16.254
  -7.059 -15.577 -16.070
  -7.054 -15.994 -15.994
  -7.049 -15.739 -15.739
  -7.043 -16.011 -16.011
  -7.038 -15.540 -15.932
  -7.033 -15.304 -15.905
  -7.029 -16.470 -16.470
  -7.024 -14.927 -15.351
  -7.019 -16.278 -16.278
  -7.014 -16.091 -16.091
  -7.009 -16.368 -16.731
  -7.005 -15.958 -16.455
  -7.000 -15.744 -16.042
  -6.995 -16.392 -16.392
  -6.991 -14.995 -16.230
  -6.986 -16.342 -16.645
  -6.982 -15.985 -16.231
  -6.978 -16.213 -16.213
  -6.973 -16.276 -16.462
  -6.969 -15.949 -16.103
  -6.965 -14.774 -16.091
  -6.961 -15.538 -15.962
  -6.956 -16.166 -16.678
  -6.952 -16.181 -16.391
  -6.948 -16.266 -16.266
  -6.944 -15.657 -16.167
  -6.940 -16.042 -16.498
  -6.936 -16.224 -16.456
  -6.932 -15.948 -16.541
  -6.928 -15.105 -16.079
  -6.924 -15.910 -16.443
  -6.920 -16.229 -16.441
  -6.917 -16.116 -16.985
  -6.913 -16.825 -17.130
  -6.909 -16.600 -21.895
  -6.905 -15.743 -15.957
  -6.902 -16.767 -16.982
  -6.898 -15.537 -16.377
  -6.894 -15.554 -15.936
  -6.891 -16.406 -49.500
  -6.887 -49.500     NaN
  -6.884 -16.770 -17.094
  -6.880 -17.016 -49.500
  -6.877 -16.599 -16.599
  -6.873 -16.017 -16.730
  -6.870 -15.902 -16.430
  -6.867 -16.610 -16.610
  -6.863 -49.500     NaN
  -6.860 -15.722 -16.393
  -6.857 -15.272 -49.500
  -6.853 -16.509 -16.719
  -6.850 -16.113 -16.446
  -6.847 -15.016 -16.125
  -6.844 -16.456 -17.188
  -6.840 -14.203 -15.697
  -6.837 -16.369 -16.754
  -6.834 -16.247 -16.582
  -6.831 -16.655 -49.500
  -6.828 -15.929 -16.421
  -6.825 -49.500     NaN
  -6.822 -16.190 -49.500
  -6.819 -15.998 -16.574
  -6.816 -16.175 -16.510
  -6.813 -16.247 -16.639
  -6.810 -16.340 -49.500
  -6.807 -16.541 -49.500
  -6.804 -49.500     NaN
  -6.801 -49.500     NaN
  -6.798 -16.217 -16.579
  -6.795 -16.380 -16.561
  -6.792 -49.500     NaN
  -6.789 -16.679 -49.500
  -6.787 -16.545 -16.805
  -6.784 -49.500     NaN
  -6.781 -16.399 -16.822
  -6.778 -15.853 -16.337
  -6.775 -16.342 -49.500
  -6.773 -16.417 -16.649
  -6.770 -15.335 -49.500
  -6.767 -49.500     NaN
  -6.765 -49.500     NaN
  -6.762 -16.755 -49.500
  -6.759 -16.837 -17.450
  -6.757 -49.500     NaN
  -6.754 -15.980 -15.980
  -6.751 -16.652 -49.500
  -6.749 -16.074 -17.102
  -6.746 -49.500     NaN
  -6.744 -49.500 -49.500
  -6.741 -49.500     NaN
  -6.739 -16.080 -49.500
  -6.736 -15.897 -15.897
  -6.734 -16.107 -16.554
  -6.731 -16.415 -16.415
  -6.729 -16.474 -49.500
  -6.726 -49.500     NaN
  -6.724 -15.899 -49.500
  -6.721 -16.876 -49.500
  -6.719 -49.500 -49.500
  -6.717 -16.771 -49.500
  -6.714 -15.737 -49.500
  -6.712 -49.500 -49.500
  -6.709 -16.448 -16.782
  -6.707 -14.695 -14.695
  -6.705 -16.144 -16.430
  -6.702 -49.500     NaN
  -6.700 -16.867 -16.867
  -6.698 -15.547 -15.728
  -6.696 -49.500     NaN
  -6.693 -49.500     NaN
  -6.691 -49.500     NaN
  -6.689 -49.500 -49.500
  -6.687 -16.391 -16.391
  -6.684 -49.500 -49.500
  -6.682 -49.500     NaN
  -6.680 -49.500 -49.500
  -6.678 -49.500 -49.500
  -6.675 -49.500 -49.500
  -6.673 -16.132 -16.132
  -6.671 -49.500 -49.500
  -6.669 -49.500     NaN
  -6.667 -49.500 -49.500
  -6.665 -16.728 -49.500
  -6.663 -16.644 -49.500
  -6.661 -15.463 -49.500
  -6.658 -49.500 -49.500
  -6.656 -49.500 -49.500
  -6.654 -49.500 -49.500
  -6.652 -49.500 -49.500
  -6.650 -16.527 -49.500
  -6.648 -15.612 -49.500
  -6.646 -15.830 -15.830
  -6.644 -16.374 -16.374
  -6.642 -49.500 -49.500
  -6.640 -16.613 -49.500
  -6.638 -49.500     NaN
  -6.636 -49.500 -49.500
  -6.634 -16.411 -16.411
  -6.632 -49.500 -49.500
  -6.630 -49.500 -49.500
  -6.628 -49.500 -49.500
  -6.626 -49.500     NaN
  -6.624 -49.500 -49.500
  -6.622 -16.752 -49.500
  -6.620 -49.500 -49.500
  -6.618 -49.500     NaN
  -6.617 -49.500     NaN
  -6.615 -49.500     NaN
  -6.613 -49.500 -49.500
  -6.611 -16.108 -16.108
  -6.609 -49.500 -49.500
  -6.607 -15.635 -15.635
  -6.605 -49.500     NaN
  -6.603 -49.500 -49.500
  -6.602 -49.500 -49.500
  -6.600 -15.733 -16.096
  -6.598 -49.500     NaN
  -6.596 -15.724 -49.500
  -6.594 -49.500 -49.500
