  -8.861 -14.276 -14.276
  -8.599 -14.369 -14.369
  -8.442 -14.453 -14.453
  -8.329 -14.510 -14.510
  -8.239 -14.610 -14.610
  -8.166 -14.610 -14.610
  -8.103 -14.559 -14.559
  -8.048 -14.665 -14.665
  -7.999 -14.668 -14.668
  -7.955 -14.723 -14.723
  -7.916 -14.657 -14.657
  -7.879 -14.722 -14.722
  -7.846 -14.768 -14.768
  -7.815 -14.623 -14.791
  -7.786 -14.805 -14.805
  -7.758 -14.568 -14.732
  -7.733 -14.710 -14.974
  -7.709 -15.117 -15.117
  -7.686 -14.905 -14.905
  -7.664 -14.946 -14.946
  -7.643 -14.911 -14.911
  -7.624 -15.035 -15.035
  -7.605 -14.915 -14.915
  -7.586 -15.101 -15.101
  -7.569 -14.832 -14.832
  -7.552 -14.996 -14.996
  -7.536 -14.021 -15.201
  -7.521 -15.096 -15.096
  -7.506 -15.122 -15.363
  -7.491 -14.983 -14.983
  -7.477 -15.252 -15.252
  -7.464 -15.276 -15.276
  -7.451 -15.269 -15.269
  -7.438 -15.299 -15.299
  -7.425 -15.359 -15.359
  -7.413 -15.325 -15.325
  -7.401 -15.280 -15.280
  -7.390 -15.305 -15.305
  -7.379 -15.371 -15.371
  -7.368 -15.216 -15.406
  -7.357 -15.412 -15.412
  -7.347 -15.497 -15.497
  -7.337 -15.146 -15.146
  -7.327 -15.421 -15.598
  -7.317 -15.038 -15.232
  -7.308 -15.428 -15.582
  -7.299 -14.761 -15.643
  -7.290 -15.549 -15.549
  -7.281 -15.680 -15.680
  -7.272 -15.490 -15.490
  -7.264 -15.558 -15.558
  -7.255 -15.731 -15.731
  -7.247 -15.735 -15.735
  -7.239 -15.719 -15.719
  -7.231 -15.620 -15.620
  -7.223 -15.661 -15.661
  -7.216 -15.518 -15.680
  -7.208 -15.617 -15.617
  -7.201 -15.629 -15.784
  -7.194 -15.791 -15.791
  -7.187 -15.383 -15.383
  -7.180 -15.474 -15.680
  -7.173 -15.802 -15.802
  -7.166 -15.352 -15.721
  -7.159 -16.074 -16.074
  -7.153 -15.590 -15.793
  -7.146 -14.817 -15.482
  -7.140 -14.828 -15.439
  -7.133 -15.017 -15.444
  -7.127 -15.713 -16.080
  -7.121 -15.571 -15.571
  -7.115 -15.805 -16.063
  -7.109 -15.759 -15.759
  -7.103 -16.121 -16.121
  -7.098 -15.693 -15.843
  -7.092 -15.863 -15.863
  -7.086 -16.071 -16.071
  -7.081 -15.912 -15.912
  -7.075 -15.791 -15.791
  -7.070 -15.900 -15.900
  -7.064 -15.999 -15.999
  -7.059 -15.469 -15.469
  -7.054 -15.911 -15.911
  -7.049 -15.539 -15.752
  -7.043 -15.798 -16.221
  -7.038 -15.581 -15.794
  -7.033 -15.570 -15.905
  -7.029 -16.257 -16.433
  -7.024 -16.231 -16.568
  -7.019 -15.918 -16.190
  -7.014 -15.905 -16.103
  -7.009 -15.748 -16.163
  -7.005 -15.277 -15.954
  -7.000 -16.028 -16.028
  -6.995 -15.693 -16.052
  -6.991 -15.292 -16.034
  -6.986 -15.860 -16.536
  -6.982 -16.139 -16.462
  -6.978 -16.427 -16.682
  -6.973 -16.358 -16.358
  -6.969 -15.978 -15.978
  -6.965 -22.129 -22.129
  -6.961 -15.836 -15.836
  -6.956 -15.919 -16.208
  -6.952 -16.120 -16.394
  -6.948 -16.405 -16.737
  -6.944 -17.079 -22.759
  -6.940 -16.655 -16.811
  -6.936 -15.151 -15.672
  -6.932 -15.985 -16.494
  -6.928 -15.999 -16.326
  -6.924 -15.949 -15.949
  -6.920 -16.164 -16.164
  -6.917 -16.014 -16.173
  -6.913 -16.779 -17.233
  -6.909 -16.602 -16.602
  -6.905 -16.819 -16.987
  -6.902 -16.231 -16.435
  -6.898 -16.235 -16.235
  -6.894 -15.865 -16.083
  -6.891 -16.672 -22.259
  -6.887 -15.989 -16.235
  -6.884 -15.399 -16.248
  -6.880 -15.882 -16.979
  -6.877 -16.060 -16.388
  -6.873 -16.473 -49.500
  -6.870 -15.961 -15.961
  -6.867 -15.931 -16.312
  -6.863 -15.911 -15.911
  -6.860 -16.169 -16.169
  -6.857 -15.585 -16.675
  -6.853 -16.055 -16.407
  -6.850 -16.240 -16.693
  -6.847 -16.354 -16.555
  -6.844 -16.849 -49.500
  -6.840 -15.971 -15.971
  -6.837 -16.735 -49.500
  -6.834 -16.439 -16.849
  -6.831 -16.515 -49.500
  -6.828 -16.482 -49.500
  -6.825 -16.730 -49.500
  -6.822 -15.704 -15.876
  -6.819 -49.500     NaN
  -6.816 -49.500     NaN
  -6.813 -16.831 -49.500
  -6.810 -16.680 -17.034
  -6.807 -15.618 -15.832
  -6.804 -49.500 -49.500
  -6.801 -15.753 -16.915
  -6.798 -16.290 -49.500
  -6.795 -16.603 -49.500
  -6.792 -17.333 -49.500
  -6.789 -16.381 -49.500
  -6.787 -14.881 -15.738
  -6.784 -16.306 -49.500
  -6.781 -49.500     NaN
  -6.778 -16.787 -49.500
  -6.775 -16.347 -49.500
  -6.773 -16.137 -16.137
  -6.770 -16.334 -49.500
  -6.767 -49.500     NaN
  -6.765 -49.500     NaN
  -6.762 -15.811 -16.426
  -6.759 -49.500     NaN
  -6.757 -49.500     NaN
  -6.754 -16.684 -49.500
  -6.751 -49.500     NaN
  -6.749 -16.192 -16.783
  -6.746 -16.516 -16.516
  -6.744 -16.165 -16.419
  -6.741 -49.500     NaN
  -6.739 -49.500     NaN
  -6.736 -15.506 -49.500
  -6.734 -49.500 -49.500
  -6.731 -16.407 -49.500
  -6.729 -49.500     NaN
  -6.726 -49.500     NaN
  -6.724 -16.566 -16.798
  -6.721 -16.824 -49.500
  -6.719 -49.500 -49.500
  -6.717 -49.500     NaN
  -6.714 -15.831 -49.500
  -6.712 -16.588 -16.588
  -6.709 -49.500     NaN
  -6.707 -15.879 -49.500
  -6.705 -49.500     NaN
  -6.702 -15.787 -15.787
  -6.700 -15.172 -16.055
  -6.698 -49.500     NaN
  -6.696 -16.912 -49.500
  -6.693 -49.500 -49.500
  -6.691 -49.500 -49.500
  -6.689 -49.500 -49.500
  -6.687 -49.500 -49.500
  -6.684 -16.150 -16.337
  -6.682 -49.500     NaN
  -6.680 -16.841 -49.500
  -6.678 -16.652 -49.500
  -6.675 -15.840 -49.500
  -6.673 -49.500 -49.500
  -6.671 -16.358 -49.500
  -6.669 -49.500 -49.500
  -6.667 -49.500 -49.500
  -6.665 -15.966 -16.356
  -6.663 -16.090 -49.500
  -6.661 -16.597 -49.500
  -6.658 -16.820 -16.820
  -6.656 -17.090 -49.500
  -6.654 -16.133 -49.500
  -6.652 -49.500 -49.500
  -6.650 -49.500 -49.500
  -6.648 -49.500 -49.500
  -6.646 -49.500 -49.500
  -6.644 -49.500 -49.500
  -6.642 -16.499 -49.500
  -6.640 -16.198 -16.198
  -6.638 -49.500     NaN
  -6.636 -49.500 -49.500
  -6.634 -16.862 -16.862
  -6.632 -49.500 -49.500
  -6.630 -16.663 -49.500
  -6.628 -49.500 -49.500
  -6.626 -49.500 -49.500
  -6.624 -49.500 -49.500
  -6.622 -16.121 -49.500
  -6.620 -49.500 -49.500
  -6.618 -49.500 -49.500
  -6.617 -49.500     NaN
  -6.615 -16.546 -49.500
  -6.613 -49.500 -49.500
  -6.611 -49.500 -49.500
  -6.609 -49.500 -49.500
  -6.607 -49.500 -49.500
  -6.605 -49.500 -49.500
  -6.603 -49.500 -49.500
  -6.602 -49.500 -49.500
  -6.600 -16.417 -49.500
  -6.598 -16.797 -16.797
  -6.596 -49.500 -49.500
  -6.594 -49.500 -49.500
