  -8.861 -14.274 -14.274
  -8.599 -14.335 -14.335
  -8.442 -14.452 -14.452
  -8.329 -14.520 -14.520
  -8.239 -14.494 -14.494
  -8.166 -14.519 -14.519
  -8.103 -14.695 -14.695
  -8.048 -14.635 -14.635
  -7.999 -14.728 -14.728
  -7.955 -14.780 -14.780
  -7.916 -14.821 -14.821
  -7.879 -14.800 -14.800
  -7.846 -14.744 -14.744
  -7.815 -14.839 -14.839
  -7.786 -14.879 -14.879
  -7.758 -14.941 -14.941
  -7.733 -14.983 -14.983
  -7.709 -14.870 -14.870
  -7.686 -15.003 -15.003
  -7.664 -14.949 -14.949
  -7.643 -15.020 -15.020
  -7.624 -14.938 -14.938
  -7.605 -15.060 -15.060
  -7.586 -15.085 -15.085
  -7.569 -15.180 -15.180
  -7.552 -15.193 -15.193
  -7.536 -15.046 -15.046
  -7.521 -15.077 -15.077
  -7.506 -15.318 -15.318
  -7.491 -15.266 -15.266
  -7.477 -15.049 -15.049
  -7.464 -15.312 -15.312
  -7.451 -15.271 -15.271
  -7.438 -15.377 -15.377
  -7.425 -15.252 -15.566
  -7.413 -15.164 -15.434
  -7.401 -15.247 -15.247
  -7.390 -15.251 -15.251
  -7.379 -15.269 -15.269
  -7.368 -15.486 -15.486
  -7.357 -14.625 -15.351
  -7.347 -15.428 -15.428
  -7.337 -14.981 -15.281
  -7.327 -15.410 -15.410
  -7.317 -15.160 -15.330
  -7.308 -15.450 -15.450
  -7.299 -15.194 -15.348
  -7.290 -15.207 -15.388
  -7.281 -15.626 -15.626
  -7.272 -15.320 -15.805
  -7.264 -15.436 -15.825
  -7.255 -15.176 -15.699
  -7.247 -15.335 -15.817
  -7.239 -15.135 -15.517
  -7.231 -15.253 -15.618
  -7.223 -15.580 -15.580
  -7.216 -15.457 -15.457
  -7.208 -15.472 -15.784
  -7.201 -15.602 -15.757
  -7.194 -15.516 -15.516
  -7.187 -15.358 -15.713
  -7.180 -15.745 -15.935
  -7.173 -15.670 -15.670
  -7.166 -15.342 -15.706
  -7.159 -15.918 -15.918
  -7.153 -15.661 -15.824
  -7.146 -15.750 -15.750
  -7.140 -16.196 -16.196
  -7.133 -15.761 -15.761
  -7.127 -15.417 -15.633
  -7.121 -15.839 -15.839
  -7.115 -15.744 -16.017
  -7.109 -15.907 -15.907
  -7.103 -15.908 -15.908
  -7.098 -15.547 -16.042
  -7.092 -16.007 -16.183
  -7.086 -15.182 -15.619
  -7.081 -15.920 -15.920
  -7.075 -15.839 -15.839
  -7.070 -15.697 -15.697
  -7.064 -15.271 -15.568
  -7.059 -16.059 -16.242
  -7.054 -15.757 -15.988
  -7.049 -15.876 -15.876
  -7.043 -15.569 -15.973
  -7.038 -15.188 -15.353
  -7.033 -15.773 -16.094
  -7.029 -15.715 -15.715
  -7.024 -15.850 -16.214
  -7.019 -16.020 -16.191
  -7.014 -16.169 -16.169
  -7.009 -16.094 -16.269
  -7.005 -16.135 -16.383
  -7.000 -15.862 -16.031
  -6.995 -15.110 -15.110
  -6.991 -15.618 -15.886
  -6.986 -15.071 -16.238
  -6.982 -16.603 -49.500
  -6.978 -15.479 -15.879
  -6.973 -15.891 -16.298
  -6.969 -14.821 -15.939
  -6.965 -15.573 -15.748
  -6.961 -15.651 -16.503
  -6.956 -15.184 -16.726
  -6.952 -15.809 -16.217
  -6.948 -16.376 -16.569
  -6.944 -16.275 -16.736
  -6.940 -16.124 -16.372
  -6.936 -16.019 -16.424
  -6.932 -16.073 -16.559
  -6.928 -15.972 -15.972
  -6.924 -16.241 -16.540
  -6.920 -15.679 -16.035
  -6.917 -15.560 -16.274
  -6.913 -16.050 -16.392
  -6.909 -16.133 -16.606
  -6.905 -16.108 -16.577
  -6.902 -16.826 -22.653
  -6.898 -49.500     NaN
  -6.894 -17.274 -49.500
  -6.891 -15.889 -16.352
  -6.887 -16.087 -16.806
  -6.884 -15.787 -15.787
  -6.880 -15.937 -16.157
  -6.877 -16.099 -16.255
  -6.873 -16.516 -16.717
  -6.870 -16.090 -16.254
  -6.867 -16.709 -16.980
  -6.863 -16.074 -16.074
  -6.860 -16.539 -16.959
  -6.857 -16.432 -49.500
  -6.853 -15.790 -49.500
  -6.850 -16.119 -16.565
  -6.847 -16.180 -49.500
  -6.844 -15.674 -15.674
  -6.840 -16.552 -16.552
  -6.837 -15.447 -16.662
  -6.834 -15.612 -16.499
  -6.831 -16.672 -49.500
  -6.828 -16.930 -49.500
  -6.825 -49.500     NaN
  -6.822 -16.958 -17.186
  -6.819 -15.752 -16.882
  -6.816 -16.586 -49.500
  -6.813 -15.869 -16.253
  -6.810 -16.717 -49.500
  -6.807 -16.115 -49.500
  -6.804 -15.771 -49.500
  -6.801 -16.542 -16.984
  -6.798 -49.500 -49.500
  -6.795 -16.234 -16.420
  -6.792 -49.500     NaN
  -6.789 -16.074 -16.290
  -6.787 -49.500     NaN
  -6.784 -15.647 -16.533
  -6.781 -49.500     NaN
  -6.778 -49.500     NaN
  -6.775 -16.083 -16.799
  -6.773 -16.399 -16.820
  -6.770 -16.380 -16.547
  -6.767 -49.500 -49.500
  -6.765 -16.536 -16.720
  -6.762 -49.500     NaN
  -6.759 -16.780 -49.500
  -6.757 -16.284 -16.483
  -6.754 -16.283 -49.500
  -6.751 -49.500     NaN
  -6.749 -17.104 -49.500
  -6.746 -16.197 -49.500
  -6.744 -16.290 -16.290
  -6.741 -16.215 -16.488
  -6.739 -16.472 -49.500
  -6.736 -15.641 -49.500
  -6.734 -49.500     NaN
  -6.731 -49.500     NaN
  -6.729 -49.500 -49.500
  -6.726 -49.500 -49.500
  -6.724 -49.500     NaN
  -6.721 -49.500     NaN
  -6.719 -15.787 -15.787
  -6.717 -49.500     NaN
  -6.714 -49.500     NaN
  -6.712 -49.500     NaN
  -6.709 -49.500 -49.500
  -6.707 -49.500     NaN
  -6.705 -49.500 -49.500
  -6.702 -49.500 -49.500
  -6.700 -16.241 -49.500
  -6.698 -49.500     NaN
  -6.696 -49.500     NaN
  -6.693 -15.947 -49.500
  -6.691 -17.044 -17.044
  -6.689 -15.340 -49.500
  -6.687 -49.500     NaN
  -6.684 -15.898 -15.898
  -6.682 -49.500 -49.500
  -6.680 -49.500 -49.500
  -6.678 -16.913 -49.500
  -6.675 -49.500 -49.500
  -6.673 -49.500 -49.500
  -6.671 -16.452 -49.500
  -6.669 -15.642 -15.642
  -6.667 -49.500     NaN
  -6.665 -49.500 -49.500
  -6.663 -49.500     NaN
  -6.661 -49.500 -49.500
  -6.658 -49.500 -49.500
  -6.656 -49.500     NaN
  -6.654 -49.500 -49.500
  -6.652 -16.719 -49.500
  -6.650 -49.500 -49.500
  -6.648 -49.500 -49.500
  -6.646 -49.500 -49.500
  -6.644 -49.500 -49.500
  -6.642 -15.212 -49.500
  -6.640 -49.500 -49.500
  -6.638 -15.780 -16.028
  -6.636 -15.349 -15.349
  -6.634 -16.591 -49.500
  -6.632 -49.500     NaN
  -6.630 -49.500 -49.500
  -6.628 -16.026 -49.500
  -6.626 -15.626 -15.626
  -6.624 -49.500 -49.500
  -6.622 -49.500 -49.500
  -6.620 -49.500 -49.500
  -6.618 -15.888 -49.500
  -6.617 -49.500 -49.500
  -6.615 -49.500 -49.500
  -6.613 -16.421 -16.421
  -6.611 -49.500     NaN
  -6.609 -49.500 -49.500
  -6.607 -15.601 -16.314
  -6.605 -49.500     NaN
  -6.603 -49.500     NaN
  -6.602 -16.393 -16.393
  -6.600 -49.500 -49.500
  -6.598 -49.500 -49.500
  -6.596 -49.500 -49.500
  -6.594 -49.500 -49.500
