  -8.861 -14.272 -14.272
  -8.599 -14.348 -14.348
  -8.442 -14.432 -14.432
  -8.329 -14.481 -14.481
  -8.239 -14.572 -14.572
  -8.166 -14.603 -14.603
  -8.103 -14.668 -14.668
  -8.048 -14.712 -14.712
  -7.999 -14.740 -14.740
  -7.955 -14.767 -14.767
  -7.916 -14.767 -14.767
  -7.879 -14.838 -14.838
  -7.846 -14.794 -14.794
  -7.815 -14.873 -14.873
  -7.786 -14.721 -14.721
  -7.758 -14.938 -14.938
  -7.733 -14.946 -14.946
  -7.709 -14.862 -14.862
  -7.686 -15.055 -15.055
  -7.664 -14.916 -14.916
  -7.643 -14.979 -14.979
  -7.624 -14.883 -15.115
  -7.605 -15.033 -15.033
  -7.586 -15.159 -15.159
  -7.569 -14.933 -14.933
  -7.552 -15.267 -15.267
  -7.536 -15.102 -15.102
  -7.521 -15.230 -15.230
  -7.506 -15.090 -15.090
  -7.491 -15.094 -15.094
  -7.477 -15.370 -15.370
  -7.464 -15.012 -15.012
  -7.451 -15.204 -15.204
  -7.438 -15.181 -15.416
  -7.425 -15.421 -15.421
  -7.413 -14.474 -15.218
  -7.401 -15.114 -15.345
  -7.390 -15.136 -15.136
  -7.379 -15.119 -15.378
  -7.368 -15.174 -15.174
  -7.357 -15.359 -15.359
  -7.347 -15.358 -15.358
  -7.337 -15.049 -15.457
  -7.327 -15.837 -15.837
  -7.317 -14.962 -15.126
  -7.308 -15.391 -15.391
  -7.299 -15.565 -15.565
  -7.290 -15.398 -15.564
  -7.281 -15.506 -15.506
  -7.272 -15.727 -15.727
  -7.264 -15.048 -15.658
  -7.255 -15.758 -15.758
  -7.247 -15.747 -15.747
  -7.239 -15.156 -15.517
  -7.231 -15.344 -15.583
  -7.223 -15.704 -15.704
  -7.216 -15.310 -15.617
  -7.208 -15.708 -15.943
  -7.201 -15.788 -15.788
  -7.194 -15.508 -15.508
  -7.187 -15.190 -15.389
  -7.180 -15.847 -15.847
  -7.173 -15.666 -15.666
  -7.166 -15.616 -15.827
  -7.159 -15.835 -16.090
  -7.153 -16.066 -16.066
  -7.146 -15.997 -15.997
  -7.140 -15.307 -15.919
  -7.133 -15.653 -15.653
  -7.127 -15.633 -15.633
  -7.121 -15.653 -15.653
  -7.115 -15.719 -15.719
  -7.109 -16.213 -16.213
  -7.103 -15.308 -15.568
  -7.098 -15.847 -15.847
  -7.092 -15.934 -15.934
  -7.086 -15.388 -15.758
  -7.081 -15.949 -15.949
  -7.075 -16.100 -16.100
  -7.070 -14.706 -15.585
  -7.064 -15.854 -16.007
  -7.059 -15.825 -16.099
  -7.054 -15.559 -15.892
  -7.049 -15.053 -16.014
  -7.043 -15.936 -16.211
  -7.038 -15.968 -15.968
  -7.033 -15.871 -15.871
  -7.029 -15.704 -15.704
  -7.024 -15.617 -16.073
  -7.019 -15.518 -15.518
  -7.014 -15.945 -16.315
  -7.009 -16.379 -16.379
  -7.005 -16.453 -16.453
  -7.000 -15.883 -16.107
  -6.995 -15.328 -15.882
  -6.991 -15.896 -16.085
  -6.986 -15.402 -15.952
  -6.982 -16.176 -16.176
  -6.978 -14.968 -16.188
  -6.973 -15.803 -16.559
  -6.969 -16.317 -16.317
  -6.965 -16.043 -16.043
  -6.961 -15.759 -16.066
  -6.956 -16.308 -16.485
  -6.952 -15.984 -16.448
  -6.948 -16.224 -16.484
  -6.944 -15.630 -16.365
  -6.940 -16.011 -16.351
  -6.936 -15.800 -16.289
  -6.932 -16.306 -16.893
  -6.928 -16.417 -16.717
  -6.924 -15.526 -15.792
  -6.920 -16.232 -16.232
  -6.917 -16.028 -16.182
  -6.913 -15.544 -16.281
  -6.909 -16.135 -16.135
  -6.905 -14.870 -16.037
  -6.902 -16.348 -16.733
  -6.898 -16.481 -16.680
  -6.894 -16.712 -49.500
  -6.891 -15.056 -15.383
  -6.887 -16.244 -16.488
  -6.884 -16.366 -49.500
  -6.880 -16.313 -16.809
  -6.877 -16.338 -49.500
  -6.873 -16.229 -16.884
  -6.870 -16.387 -16.686
  -6.867 -49.500     NaN
  -6.863 -16.431 -16.790
  -6.860 -15.959 -16.510
  -6.857 -16.208 -16.361
  -6.853 -15.979 -49.500
  -6.850 -16.099 -16.331
  -6.847 -15.637 -49.500
  -6.844 -16.025 -16.228
  -6.840 -15.515 -16.694
  -6.837 -15.583 -49.500
  -6.834 -16.898 -49.500
  -6.831 -15.765 -16.497
  -6.828 -16.433 -49.500
  -6.825 -16.569 -16.786
  -6.822 -49.500     NaN
  -6.819 -16.153 -17.211
  -6.816 -16.626 -17.162
  -6.813 -15.525 -16.582
  -6.810 -49.500     NaN
  -6.807 -16.684 -16.898
  -6.804 -16.660 -16.932
  -6.801 -16.629 -49.500
  -6.798 -17.066 -49.500
  -6.795 -15.381 -16.399
  -6.792 -15.264 -16.546
  -6.789 -16.815 -49.500
  -6.787 -16.958 -49.500
  -6.784 -49.500     NaN
  -6.781 -15.829 -49.500
  -6.778 -16.108 -16.644
  -6.775 -49.500 -49.500
  -6.773 -16.247 -49.500
  -6.770 -16.744 -49.500
  -6.767 -16.126 -49.500
  -6.765 -16.867 -16.867
  -6.762 -16.370 -49.500
  -6.759 -15.159 -15.982
  -6.757 -16.805 -49.500
  -6.754 -15.950 -16.653
  -6.751 -49.500 -49.500
  -6.749 -49.500     NaN
  -6.746 -49.500     NaN
  -6.744 -49.500     NaN
  -6.741 -15.733 -15.994
  -6.739 -16.455 -49.500
  -6.736 -16.071 -49.500
  -6.734 -49.500     NaN
  -6.731 -16.469 -49.500
  -6.729 -15.925 -16.091
  -6.726 -49.500     NaN
  -6.724 -49.500     NaN
  -6.721 -16.318 -49.500
  -6.719 -16.224 -49.500
  -6.717 -16.345 -49.500
  -6.714 -16.282 -49.500
  -6.712 -16.533 -49.500
  -6.709 -16.629 -49.500
  -6.707 -16.798 -49.500
  -6.705 -16.498 -49.500
  -6.702 -16.120 -49.500
  -6.700 -16.468 -16.641
  -6.698 -16.340 -49.500
  -6.696 -49.500     NaN
  -6.693 -16.704 -16.704
  -6.691 -16.402 -17.027
  -6.689 -49.500 -49.500
  -6.687 -16.287 -49.500
  -6.684 -49.500 -49.500
  -6.682 -49.500 -49.500
  -6.680 -49.500 -49.500
  -6.678 -49.500 -49.500
  -6.675 -49.500 -49.500
  -6.673 -16.703 -49.500
  -6.671 -49.500 -49.500
  -6.669 -49.500     NaN
  -6.667 -16.476 -16.476
  -6.665 -16.748 -49.500
  -6.663 -16.046 -16.700
  -6.661 -15.880 -49.500
  -6.658 -49.500     NaN
  -6.656 -49.500 -49.500
  -6.654 -49.500 -49.500
  -6.652 -16.628 -16.628
  -6.650 -16.668 -16.915
  -6.648 -16.341 -49.500
  -6.646 -16.582 -49.500
  -6.644 -49.500 -49.500
  -6.642 -49.500 -49.500
  -6.640 -49.500 -49.500
  -6.638 -14.860 -16.295
  -6.636 -49.500 -49.500
  -6.634 -49.500     NaN
  -6.632 -49.500 -49.500
  -6.630 -49.500 -49.500
  -6.628 -49.500     NaN
  -6.626 -49.500 -49.500
  -6.624 -49.500 -49.500
  -6.622 -49.500 -49.500
  -6.620 -15.523 -15.523
  -6.618 -49.500 -49.500
  -6.617 -49.500 -49.500
  -6.615 -49.500 -49.500
  -6.613 -49.500     NaN
  -6.611 -15.499 -49.500
  -6.609 -49.500 -49.500
  -6.607 -49.500     NaN
  -6.605 -49.500 -49.500
  -6.603 -15.745 -49.500
  -6.602 -49.500 -49.500
  -6.600 -49.500     NaN
  -6.598 -49.500 -49.500
  -6.596 -49.500 -49.500
  -6.594 -49.500 -49.500
