  -8.861 -14.277 -14.277
  -8.599 -14.330 -14.330
  -8.442 -14.421 -14.421
  -8.329 -14.499 -14.499
  -8.239 -14.572 -14.572
  -8.166 -14.447 -14.447
  -8.103 -14.636 -14.636
  -8.048 -14.657 -14.657
  -7.999 -14.597 -14.597
  -7.955 -14.614 -14.614
  -7.916 -14.757 -14.757
  -7.879 -14.736 -14.736
  -7.846 -14.568 -14.888
  -7.815 -14.666 -14.867
  -7.786 -14.857 -14.857
  -7.758 -14.920 -14.920
  -7.733 -14.895 -14.895
  -7.709 -14.936 -14.936
  -7.686 -14.944 -14.944
  -7.664 -14.472 -14.921
  -7.643 -15.033 -15.033
  -7.624 -15.061 -15.061
  -7.605 -15.057 -15.057
  -7.586 -14.995 -14.995
  -7.569 -14.908 -15.176
  -7.552 -15.050 -15.050
  -7.536 -15.295 -15.295
  -7.521 -14.763 -15.231
  -7.506 -15.179 -15.179
  -7.491 -15.263 -15.263
  -7.477 -15.359 -15.359
  -7.464 -15.048 -15.048
  -7.451 -15.042 -15.042
  -7.438 -14.928 -15.375
  -7.425 -15.105 -15.105
  -7.413 -15.338 -15.338
  -7.401 -15.456 -15.456
  -7.390 -15.205 -15.440
  -7.379 -14.959 -15.362
  -7.368 -15.355 -15.355
  -7.357 -15.394 -15.394
  -7.347 -14.682 -15.396
  -7.337 -15.267 -15.552
  -7.327 -15.408 -15.559
  -7.317 -15.382 -15.382
  -7.308 -15.451 -15.451
  -7.299 -15.224 -15.520
  -7.290 -14.947 -15.174
  -7.281 -15.075 -15.505
  -7.272 -15.349 -15.585
  -7.264 -15.189 -15.477
  -7.255 -15.576 -15.576
  -7.247 -15.281 -15.281
  -7.239 -15.252 -15.457
  -7.231 -15.140 -15.140
  -7.223 -15.583 -15.583
  -7.216 -15.575 -15.575
  -7.208 -15.610 -15.610
  -7.201 -14.810 -15.155
  -7.194 -15.403 -15.557
  -7.187 -15.701 -15.701
  -7.180 -15.593 -15.838
  -7.173 -15.341 -16.085
  -7.166 -15.943 -16.122
  -7.159 -16.093 -16.093
  -7.153 -15.904 -15.904
  -7.146 -15.249 -15.540
  -7.140 -15.161 -15.352
  -7.133 -15.577 -15.821
  -7.127 -15.805 -15.805
  -7.121 -15.108 -15.657
  -7.115 -16.068 -16.068
  -7.109 -15.717 -15.717
  -7.103 -15.617 -15.824
  -7.098 -15.000 -15.944
  -7.092 -16.179 -16.179
  -7.086 -15.683 -15.683
  -7.081 -15.522 -15.522
  -7.075 -16.170 -16.394
  -7.070 -15.431 -15.431
  -7.064 -15.836 -15.836
  -7.059 -15.825 -16.188
  -7.054 -15.843 -16.101
  -7.049 -15.638 -15.834
  -7.043 -15.893 -16.148
  -7.038 -15.774 -15.944
  -7.033 -15.677 -15.896
  -7.029 -15.981 -15.981
  -7.024 -16.178 -16.178
  -7.019 -15.735 -16.024
  -7.014 -15.435 -16.051
  -7.009 -16.159 -16.159
  -7.005 -16.022 -16.022
  -7.000 -16.375 -16.375
  -6.995 -15.796 -16.205
  -6.991 -16.442 -16.649
  -6.986 -16.012 -16.199
  -6.982 -16.304 -16.509
  -6.978 -15.939 -16.468
  -6.973 -15.639 -16.159
  -6.969 -15.939 -15.939
  -6.965 -14.939 -16.016
  -6.961 -15.820 -16.103
  -6.956 -16.084 -16.471
  -6.952 -15.827 -16.040
  -6.948 -16.218 -16.218
  -6.944 -16.101 -16.101
  -6.940 -16.513 -16.513
  -6.936 -16.391 -16.943
  -6.932 -16.007 -16.417
  -6.928 -16.177 -16.333
  -6.924 -16.232 -16.513
  -6.920 -16.221 -17.211
  -6.917 -15.331 -16.324
  -6.913 -16.806 -17.075
  -6.909 -16.204 -16.451
  -6.905 -16.397 -16.827
  -6.902 -16.812 -16.982
  -6.898 -16.037 -16.780
  -6.894 -16.833 -17.275
  -6.891 -16.467 -16.964
  -6.887 -15.465 -16.106
  -6.884 -16.995 -49.500
  -6.880 -16.218 -17.428
  -6.877 -15.615 -16.459
  -6.873 -16.269 -49.500
  -6.870 -16.637 -16.821
  -6.867 -15.014 -16.270
  -6.863 -16.110 -16.375
  -6.860 -15.213 -16.104
  -6.857 -16.618 -16.975
  -6.853 -15.997 -16.493
  -6.850 -16.217 -49.500
  -6.847 -15.964 -16.523
  -6.844 -15.982 -17.178
  -6.840 -15.165 -15.336
  -6.837 -16.029 -16.029
  -6.834 -16.382 -49.500
  -6.831 -15.693 -15.861
  -6.828 -16.602 -17.065
  -6.825 -17.174 -49.500
  -6.822 -16.072 -16.378
  -6.819 -49.500     NaN
  -6.816 -16.048 -16.459
  -6.813 -16.149 -49.500
  -6.810 -16.207 -16.432
  -6.807 -49.500     NaN
  -6.804 -16.300 -17.203
  -6.801 -14.966 -16.415
  -6.798 -49.500     NaN
  -6.795 -49.500     NaN
  -6.792 -16.336 -16.515
  -6.789 -49.500     NaN
  -6.787 -49.500     NaN
  -6.784 -16.787 -17.003
  -6.781 -16.206 -16.206
  -6.778 -16.224 -49.500
  -6.775 -16.005 -49.500
  -6.773 -16.551 -17.206
  -6.770 -49.500     NaN
  -6.767 -49.500 -49.500
  -6.765 -16.358 -16.358
  -6.762 -49.500 -49.500
  -6.759 -15.951 -15.951
  -6.757 -16.134 -17.211
  -6.754 -16.665 -17.165
  -6.751 -49.500     NaN
  -6.749 -49.500     NaN
  -6.746 -49.500     NaN
  -6.744 -49.500     NaN
  -6.741 -16.214 -49.500
  -6.739 -49.500     NaN
  -6.736 -16.850 -49.500
  -6.734 -14.307 -14.525
  -6.731 -16.583 -49.500
  -6.729 -16.074 -49.500
  -6.726 -49.500     NaN
  -6.724 -16.029 -16.029
  -6.721 -16.856 -49.500
  -6.719 -16.232 -16.232
  -6.717 -16.962 -49.500
  -6.714 -49.500     NaN
  -6.712 -49.500 -49.500
  -6.709 -49.500     NaN
  -6.707 -49.500     NaN
  -6.705 -49.500     NaN
  -6.702 -16.220 -16.799
  -6.700 -16.564 -49.500
  -6.698 -49.500     NaN
  -6.696 -49.500 -49.500
  -6.693 -16.324 -16.783
  -6.691 -49.500 -49.500
  -6.689 -49.500     NaN
  -6.687 -15.700 -15.700
  -6.684 -49.500 -49.500
  -6.682 -16.523 -49.500
  -6.680 -49.500 -49.500
  -6.678 -49.500 -49.500
  -6.675 -49.500 -49.500
  -6.673 -49.500 -49.500
  -6.671 -49.500 -49.500
  -6.669 -15.795 -17.019
  -6.667 -49.500     NaN
  -6.665 -49.500     NaN
  -6.663 -49.500 -49.500
  -6.661 -16.459 -49.500
  -6.658 -16.690 -49.500
  -6.656 -49.500 -49.500
  -6.654 -49.500     NaN
  -6.652 -49.500 -49.500
  -6.650 -49.500 -49.500
  -6.648 -16.120 -16.120
  -6.646 -49.500     NaN
  -6.644 -49.500 -49.500
  -6.642 -49.500 -49.500
  -6.640 -16.151 -49.500
  -6.638 -16.293 -16.293
  -6.636 -49.500 -49.500
  -6.634 -16.217 -49.500
  -6.632 -49.500 -49.500
  -6.630 -49.500 -49.500
  -6.628 -16.548 -49.500
  -6.626 -16.172 -49.500
  -6.624 -49.500 -49.500
  -6.622 -16.193 -49.500
  -6.620 -49.500     NaN
  -6.618 -15.690 -17.080
  -6.617 -49.500 -49.500
  -6.615 -49.500     NaN
  -6.613 -49.500 -49.500
  -6.611 -49.500     NaN
  -6.609 -16.113 -49.500
  -6.607 -15.620 -15.620
  -6.605 -16.651 -16.651
  -6.603 -49.500 -49.500
  -6.602 -49.500     NaN
  -6.600 -49.500     NaN
  -6.598 -49.500 -49.500
  -6.596 -15.789 -49.500
  -6.594 -16.064 -16.064
