  -8.861 -14.282 -14.282
  -8.599 -14.358 -14.358
  -8.442 -14.425 -14.425
  -8.329 -14.509 -14.509
  -8.239 -14.575 -14.575
  -8.166 -14.576 -14.576
  -8.103 -14.650 -14.650
  -8.048 -14.652 -14.652
  -7.999 -14.747 -14.747
  -7.955 -14.722 -14.722
  -7.916 -14.830 -14.830
  -7.879 -14.812 -14.812
  -7.846 -14.860 -14.860
  -7.815 -14.926 -14.926
  -7.786 -14.949 -14.949
  -7.758 -14.987 -14.987
  -7.733 -14.863 -14.863
  -7.709 -15.030 -15.030
  -7.686 -14.993 -14.993
  -7.664 -15.042 -15.042
  -7.643 -14.699 -15.004
  -7.624 -15.101 -15.101
  -7.605 -14.786 -15.105
  -7.586 -15.146 -15.146
  -7.569 -15.216 -15.216
  -7.552 -15.162 -15.162
  -7.536 -15.086 -15.086
  -7.521 -15.059 -15.313
  -7.506 -14.845 -15.098
  -7.491 -15.311 -15.311
  -7.477 -15.131 -15.131
  -7.464 -15.140 -15.356
  -7.451 -14.809 -15.311
  -7.438 -15.345 -15.345
  -7.425 -15.156 -15.156
  -7.413 -15.121 -15.121
  -7.401 -15.298 -15.298
  -7.390 -15.149 -15.149
  -7.379 -15.249 -15.510
  -7.368 -15.332 -15.332
  -7.357 -15.327 -15.489
  -7.347 -15.315 -15.315
  -7.337 -15.626 -15.626
  -7.327 -15.227 -15.227
  -7.317 -15.257 -15.257
  -7.308 -15.407 -15.407
  -7.299 -15.061 -15.242
  -7.290 -15.000 -15.402
  -7.281 -15.456 -15.456
  -7.272 -15.565 -15.565
  -7.264 -15.068 -15.550
  -7.255 -15.457 -15.633
  -7.247 -15.568 -15.568
  -7.239 -15.316 -15.506
  -7.231 -15.520 -15.520
  -7.223 -15.018 -15.550
  -7.216 -15.458 -15.616
  -7.208 -15.415 -15.693
  -7.201 -15.644 -15.644
  -7.194 -15.851 -15.851
  -7.187 -15.533 -15.734
  -7.180 -15.507 -15.756
  -7.173 -15.203 -15.652
  -7.166 -15.477 -15.793
  -7.159 -15.444 -15.444
  -7.153 -15.367 -15.367
  -7.146 -15.525 -15.701
  -7.140 -15.599 -15.599
  -7.133 -15.816 -15.816
  -7.127 -16.146 -16.146
  -7.121 -15.071 -15.603
  -7.115 -15.528 -15.837
  -7.109 -15.778 -16.195
  -7.103 -15.538 -15.717
  -7.098 -15.559 -15.559
  -7.092 -15.500 -16.261
  -7.086 -15.932 -15.932
  -7.081 -15.885 -16.104
  -7.075 -16.409 -16.409
  -7.070 -15.909 -16.141
  -7.064 -16.013 -16.406
  -7.059 -16.245 -16.245
  -7.054 -16.068 -16.068
  -7.049 -15.791 -16.008
  -7.043 -15.554 -16.117
  -7.038 -16.277 -16.277
  -7.033 -15.874 -16.158
  -7.029 -15.479 -15.707
  -7.024 -15.768 -15.946
  -7.019 -15.826 -15.826
  -7.014 -16.257 -16.507
  -7.009 -15.874 -16.142
  -7.005 -15.870 -16.080
  -7.000 -16.225 -16.225
  -6.995 -16.234 -16.234
  -6.991 -15.675 -15.675
  -6.986 -16.111 -16.111
  -6.982 -16.060 -16.060
  -6.978 -16.636 -16.793
  -6.973 -16.525 -16.525
  -6.969 -16.433 -16.821
  -6.965 -16.084 -16.339
  -6.961 -15.938 -16.231
  -6.956 -15.850 -16.122
  -6.952 -16.042 -16.286
  -6.948 -15.672 -15.858
  -6.944 -15.973 -16.256
  -6.940 -15.967 -16.255
  -6.936 -16.388 -16.707
  -6.932 -14.853 -16.126
  -6.928 -16.294 -16.597
  -6.924 -15.601 -16.841
  -6.920 -15.542 -15.713
  -6.917 -17.146 -20.951
  -6.913 -15.906 -16.158
  -6.909 -16.278 -16.811
  -6.905 -16.399 -16.639
  -6.902 -15.826 -16.777
  -6.898 -16.851 -49.500
  -6.894 -22.763 -22.763
  -6.891 -16.219 -16.754
  -6.887 -15.538 -16.371
  -6.884 -15.810 -16.336
  -6.880 -16.624 -16.958
  -6.877 -15.861 -16.368
  -6.873 -15.792 -16.310
  -6.870 -16.121 -16.272
  -6.867 -15.726 -15.970
  -6.863 -15.862 -16.375
  -6.860 -16.247 -16.412
  -6.857 -15.892 -49.500
  -6.853 -16.500 -49.500
  -6.850 -16.764 -49.500
  -6.847 -49.500     NaN
  -6.844 -16.391 -49.500
  -6.840 -49.500 -49.500
  -6.837 -16.491 -49.500
  -6.834 -16.169 -16.357
  -6.831 -15.878 -16.156
  -6.828 -16.126 -16.471
  -6.825 -16.749 -49.500
  -6.822 -16.315 -16.315
  -6.819 -16.341 -49.500
  -6.816 -49.500     NaN
  -6.813 -16.184 -16.601
  -6.810 -16.792 -49.500
  -6.807 -16.666 -49.500
  -6.804 -16.355 -16.511
  -6.801 -16.205 -16.381
  -6.798 -49.500     NaN
  -6.795 -15.868 -49.500
  -6.792 -16.129 -49.500
  -6.789 -49.500     NaN
  -6.787 -16.881 -49.500
  -6.784 -17.008 -49.500
  -6.781 -15.980 -16.133
  -6.778 -49.500     NaN
  -6.775 -15.583 -16.299
  -6.773 -49.500     NaN
  -6.770 -16.275 -16.720
  -6.767 -49.500     NaN
  -6.765 -49.500     NaN
  -6.762 -16.392 -16.392
  -6.759 -49.500     NaN
  -6.757 -49.500     NaN
  -6.754 -15.728 -16.297
  -6.751 -15.818 -16.169
  -6.749 -15.810 -49.500
  -6.746 -16.440 -16.789
  -6.744 -15.884 -49.500
  -6.741 -16.247 -16.796
  -6.739 -49.500     NaN
  -6.736 -16.460 -49.500
  -6.734 -49.500     NaN
  -6.731 -15.946 -49.500
  -6.729 -49.500     NaN
  -6.726 -49.500 -49.500
  -6.724 -49.500     NaN
  -6.721 -16.283 -16.283
  -6.719 -16.012 -16.012
  -6.717 -49.500     NaN
  -6.714 -49.500     NaN
  -6.712 -49.500 -49.500
  -6.709 -16.904 -49.500
  -6.707 -16.068 -16.360
  -6.705 -49.500     NaN
  -6.702 -49.500 -49.500
  -6.700 -49.500 -49.500
  -6.698 -16.574 -49.500
  -6.696 -16.878 -16.878
  -6.693 -15.685 -49.500
  -6.691 -49.500 -49.500
  -6.689 -49.500     NaN
  -6.687 -16.244 -16.244
  -6.684 -49.500     NaN
  -6.682 -16.405 -49.500
  -6.680 -16.894 -16.894
  -6.678 -16.501 -49.500
  -6.675 -16.635 -49.500
  -6.673 -16.371 -49.500
  -6.671 -49.500     NaN
  -6.669 -15.941 -49.500
  -6.667 -16.434 -49.500
  -6.665 -49.500     NaN
  -6.663 -16.718 -16.718
  -6.661 -16.881 -49.500
  -6.658 -49.500     NaN
  -6.656 -49.500 -49.500
  -6.654 -49.500     NaN
  -6.652 -49.500 -49.500
  -6.650 -49.500 -49.500
  -6.648 -49.500 -49.500
  -6.646 -49.500     NaN
  -6.644 -15.262 -15.262
  -6.642 -49.500 -49.500
  -6.640 -49.500 -49.500
  -6.638 -49.500 -49.500
  -6.636 -49.500 -49.500
  -6.634 -16.117 -49.500
  -6.632 -15.972 -49.500
  -6.630 -49.500 -49.500
  -6.628 -16.566 -16.566
  -6.626 -15.675 -17.053
  -6.624 -49.500 -49.500
  -6.622 -16.448 -16.448
  -6.620 -49.500 -49.500
  -6.618 -49.500 -49.500
  -6.617 -16.566 -16.813
  -6.615 -14.691 -49.500
  -6.613 -49.500 -49.500
  -6.611 -49.500 -49.500
  -6.609 -49.500 -49.500
  -6.607 -16.687 -49.500
  -6.605 -16.815 -16.815
  -6.603 -49.500     NaN
  -6.602 -49.500 -49.500
  -6.600 -49.500 -49.500
  -6.598 -49.500 -49.500
  -6.596 -49.500 -49.500
  -6.594 -16.503 -49.500
