  -8.861 -14.271 -14.271
  -8.599 -14.356 -14.356
  -8.442 -14.243 -14.439
  -8.329 -14.521 -14.521
  -8.239 -14.417 -14.417
  -8.166 -14.582 -14.582
  -8.103 -14.605 -14.605
  -8.048 -14.510 -14.510
  -7.999 -14.645 -14.645
  -7.955 -14.755 -14.755
  -7.916 -14.698 -14.698
  -7.879 -14.778 -14.778
  -7.846 -14.853 -14.853
  -7.815 -14.810 -14.810
  -7.786 -14.775 -14.931
  -7.758 -14.824 -14.824
  -7.733 -14.914 -14.914
  -7.709 -15.013 -15.013
  -7.686 -14.841 -14.841
  -7.664 -14.956 -15.159
  -7.643 -14.888 -14.888
  -7.624 -14.802 -14.802
  -7.605 -15.064 -15.064
  -7.586 -14.775 -15.100
  -7.569 -15.157 -15.157
  -7.552 -14.994 -14.994
  -7.536 -15.035 -15.035
  -7.521 -15.260 -15.260
  -7.506 -15.146 -15.146
  -7.491 -15.225 -15.225
  -7.477 -15.063 -15.379
  -7.464 -15.242 -15.242
  -7.451 -15.106 -15.279
  -7.438 -15.354 -15.354
  -7.425 -15.388 -15.388
  -7.413 -15.272 -15.272
  -7.401 -15.125 -15.125
  -7.390 -14.986 -15.137
  -7.379 -15.332 -15.332
  -7.368 -15.182 -15.182
  -7.357 -15.515 -15.515
  -7.347 -15.378 -15.378
  -7.337 -15.327 -15.327
  -7.327 -15.416 -15.416
  -7.317 -15.234 -15.488
  -7.308 -15.466 -15.466
  -7.299 -15.294 -15.294
  -7.290 -14.737 -15.476
  -7.281 -15.242 -15.574
  -7.272 -15.510 -15.689
  -7.264 -15.366 -15.366
  -7.255 -15.494 -15.494
  -7.247 -15.527 -15.699
  -7.239 -14.717 -15.358
  -7.231 -15.648 -15.648
  -7.223 -15.291 -15.524
  -7.216 -15.443 -15.754
  -7.208 -15.685 -15.685
  -7.201 -15.488 -15.488
  -7.194 -16.051 -16.051
  -7.187 -15.855 -15.855
  -7.180 -15.631 -15.631
  -7.173 -15.311 -15.311
  -7.166 -15.679 -15.679
  -7.159 -15.861 -15.861
  -7.153 -15.728 -15.728
  -7.146 -15.573 -15.573
  -7.140 -15.290 -15.760
  -7.133 -15.661 -15.661
  -7.127 -15.682 -15.682
  -7.121 -15.189 -15.745
  -7.115 -15.877 -15.877
  -7.109 -15.538 -15.827
  -7.103 -15.864 -16.199
  -7.098 -15.775 -16.606
  -7.092 -15.019 -15.691
  -7.086 -15.858 -15.858
  -7.081 -15.566 -15.799
  -7.075 -15.741 -15.741
  -7.070 -15.576 -15.798
  -7.064 -15.641 -15.951
  -7.059 -16.214 -16.214
  -7.054 -15.787 -15.787
  -7.049 -15.753 -15.753
  -7.043 -15.245 -15.978
  -7.038 -15.895 -15.895
  -7.033 -15.668 -15.960
  -7.029 -15.349 -15.562
  -7.024 -16.307 -16.307
  -7.019 -16.112 -16.112
  -7.014 -16.022 -16.022
  -7.009 -15.838 -15.838
  -7.005 -15.348 -16.308
  -7.000 -15.954 -16.174
  -6.995 -15.852 -16.024
  -6.991 -16.053 -16.252
  -6.986 -15.900 -15.900
  -6.982 -16.063 -16.232
  -6.978 -16.439 -16.439
  -6.973 -15.947 -15.947
  -6.969 -16.307 -16.480
  -6.965 -16.139 -16.139
  -6.961 -16.159 -16.452
  -6.956 -15.650 -16.266
  -6.952 -16.411 -16.411
  -6.948 -16.610 -23.091
  -6.944 -15.783 -16.007
  -6.940 -16.782 -16.933
  -6.936 -16.199 -16.451
  -6.932 -16.183 -16.379
  -6.928 -15.940 -15.940
  -6.924 -16.167 -16.508
  -6.920 -15.380 -16.986
  -6.917 -16.217 -16.372
  -6.913 -16.591 -16.764
  -6.909 -16.676 -17.238
  -6.905 -15.774 -16.060
  -6.902 -15.281 -16.222
  -6.898 -15.952 -16.297
  -6.894 -16.135 -16.135
  -6.891 -15.518 -16.055
  -6.887 -15.718 -16.307
  -6.884 -16.226 -16.683
  -6.880 -49.500     NaN
  -6.877 -49.500     NaN
  -6.873 -49.500     NaN
  -6.870 -16.363 -16.520
  -6.867 -17.121 -49.500
  -6.863 -15.564 -16.216
  -6.860 -15.693 -15.851
  -6.857 -16.215 -16.784
  -6.853 -16.606 -16.821
  -6.850 -49.500     NaN
  -6.847 -16.576 -49.500
  -6.844 -16.603 -17.196
  -6.840 -16.492 -49.500
  -6.837 -16.725 -16.877
  -6.834 -16.180 -16.619
  -6.831 -17.107 -49.500
  -6.828 -17.024 -17.207
  -6.825 -15.725 -49.500
  -6.822 -14.944 -16.043
  -6.819 -15.888 -16.374
  -6.816 -15.953 -16.822
  -6.813 -16.658 -49.500
  -6.810 -16.777 -16.937
  -6.807 -16.643 -16.916
  -6.804 -49.500 -49.500
  -6.801 -16.413 -16.766
  -6.798 -16.886 -49.500
  -6.795 -16.508 -49.500
  -6.792 -15.749 -16.563
  -6.789 -49.500     NaN
  -6.787 -15.980 -16.133
  -6.784 -16.446 -16.802
  -6.781 -16.777 -49.500
  -6.778 -15.806 -49.500
  -6.775 -16.439 -49.500
  -6.773 -16.525 -17.021
  -6.770 -15.501 -15.501
  -6.767 -49.500     NaN
  -6.765 -15.640 -15.911
  -6.762 -16.913 -49.500
  -6.759 -49.500     NaN
  -6.757 -49.500 -49.500
  -6.754 -49.500     NaN
  -6.751 -49.500     NaN
  -6.749 -49.500     NaN
  -6.746 -16.788 -49.500
  -6.744 -16.491 -49.500
  -6.741 -49.500     NaN
  -6.739 -49.500     NaN
  -6.736 -16.933 -49.500
  -6.734 -16.612 -49.500
  -6.731 -17.016 -49.500
  -6.729 -15.575 -49.500
  -6.726 -16.029 -16.213
  -6.724 -49.500     NaN
  -6.721 -16.447 -49.500
  -6.719 -16.145 -49.500
  -6.717 -15.927 -15.927
  -6.714 -17.086 -17.086
  -6.712 -49.500 -49.500
  -6.709 -49.500 -49.500
  -6.707 -16.462 -49.500
  -6.705 -49.500 -49.500
  -6.702 -16.367 -49.500
  -6.700 -16.279 -49.500
  -6.698 -16.112 -49.500
  -6.696 -49.500     NaN
  -6.693 -49.500     NaN
  -6.691 -49.500 -49.500
  -6.689 -49.500 -49.500
  -6.687 -49.500     NaN
  -6.684 -49.500     NaN
  -6.682 -49.500     NaN
  -6.680 -16.184 -16.184
  -6.678 -49.500 -49.500
  -6.675 -49.500     NaN
  -6.673 -16.366 -49.500
  -6.671 -49.500     NaN
  -6.669 -49.500     NaN
  -6.667 -49.500 -49.500
  -6.665 -49.500 -49.500
  -6.663 -49.500 -49.500
  -6.661 -49.500     NaN
  -6.658 -49.500 -49.500
  -6.656 -49.500 -49.500
  -6.654 -49.500 -49.500
  -6.652 -49.500 -49.500
  -6.650 -49.500 -49.500
  -6.648 -49.500 -49.500
  -6.646 -16.831 -49.500
  -6.644 -49.500 -49.500
  -6.642 -16.566 -16.734
  -6.640 -49.500 -49.500
  -6.638 -15.795 -16.111
  -6.636 -15.278 -49.500
  -6.634 -16.465 -49.500
  -6.632 -49.500 -49.500
  -6.630 -49.500     NaN
  -6.628 -49.500 -49.500
  -6.626 -49.500 -49.500
  -6.624 -16.757 -49.500
  -6.622 -16.737 -49.500
  -6.620 -49.500 -49.500
  -6.618 -16.080 -16.080
  -6.617 -49.500 -49.500
  -6.615 -49.500 -49.500
  -6.613 -15.616 -49.500
  -6.611 -49.500 -49.500
  -6.609 -49.500 -49.500
  -6.607 -49.500 -49.500
  -6.605 -49.500 -49.500
  -6.603 -15.759 -15.759
  -6.602 -49.500     NaN
  -6.600 -49.500 -49.500
  -6.598 -49.500     NaN
  -6.596 -49.500     NaN
  -6.594 -49.500 -49.500
