  -8.861 -14.276 -14.276
  -8.599 -14.370 -14.370
  -8.442 -14.426 -14.426
  -8.329 -14.494 -14.494
  -8.239 -14.549 -14.549
  -8.166 -14.597 -14.597
  -8.103 -14.650 -14.650
  -8.048 -14.732 -14.732
  -7.999 -14.719 -14.719
  -7.955 -14.775 -14.775
  -7.916 -14.723 -14.723
  -7.879 -14.775 -14.775
  -7.846 -14.723 -14.893
  -7.815 -14.759 -14.759
  -7.786 -14.891 -14.891
  -7.758 -14.864 -14.864
  -7.733 -15.051 -15.051
  -7.709 -15.038 -15.038
  -7.686 -14.826 -14.826
  -7.664 -14.948 -14.948
  -7.643 -15.061 -15.061
  -7.624 -15.174 -15.174
  -7.605 -14.942 -14.942
  -7.586 -14.966 -14.966
  -7.569 -15.023 -15.023
  -7.552 -14.907 -14.907
  -7.536 -15.211 -15.383
  -7.521 -15.131 -15.131
  -7.506 -15.203 -15.203
  -7.491 -15.104 -15.104
  -7.477 -15.172 -15.172
  -7.464 -15.236 -15.236
  -7.451 -15.313 -15.313
  -7.438 -15.237 -15.237
  -7.425 -15.419 -15.419
  -7.413 -15.139 -15.139
  -7.401 -15.285 -15.285
  -7.390 -15.277 -15.277
  -7.379 -15.399 -15.399
  -7.368 -15.345 -15.345
  -7.357 -15.480 -15.480
  -7.347 -15.376 -15.376
  -7.337 -14.853 -15.251
  -7.327 -15.217 -15.373
  -7.317 -14.935 -15.212
  -7.308 -15.506 -15.506
  -7.299 -15.461 -15.461
  -7.290 -15.352 -15.352
  -7.281 -15.631 -15.631
  -7.272 -15.571 -15.571
  -7.264 -15.715 -15.715
  -7.255 -15.325 -15.636
  -7.247 -15.991 -15.991
  -7.239 -15.424 -15.645
  -7.231 -15.565 -15.727
  -7.223 -15.473 -15.647
  -7.216 -15.552 -15.552
  -7.208 -15.633 -15.633
  -7.201 -15.456 -15.456
  -7.194 -15.378 -15.378
  -7.187 -15.473 -15.941
  -7.180 -15.134 -15.796
  -7.173 -15.735 -15.735
  -7.166 -15.721 -15.942
  -7.159 -15.625 -15.625
  -7.153 -15.706 -15.706
  -7.146 -15.955 -15.955
  -7.140 -15.857 -15.857
  -7.133 -15.515 -15.515
  -7.127 -15.672 -15.672
  -7.121 -15.412 -15.932
  -7.115 -15.673 -15.673
  -7.109 -15.551 -15.756
  -7.103 -15.985 -16.211
  -7.098 -15.849 -15.849
  -7.092 -16.028 -16.028
  -7.086 -15.247 -15.951
  -7.081 -15.653 -15.653
  -7.075 -16.077 -16.077
  -7.070 -15.935 -15.935
  -7.064 -15.187 -15.671
  -7.059 -15.914 -15.914
  -7.054 -16.119 -16.365
  -7.049 -16.071 -16.071
  -7.043 -15.290 -15.695
  -7.038 -15.719 -15.719
  -7.033 -15.840 -15.840
  -7.029 -15.527 -15.848
  -7.024 -16.050 -16.227
  -7.019 -16.169 -16.363
  -7.014 -15.811 -16.376
  -7.009 -15.329 -15.553
  -7.005 -15.952 -16.264
  -7.000 -15.668 -16.092
  -6.995 -16.076 -16.320
  -6.991 -16.000 -16.377
  -6.986 -15.466 -16.034
  -6.982 -16.433 -16.433
  -6.978 -16.431 -16.625
  -6.973 -15.518 -16.126
  -6.969 -15.667 -16.075
  -6.965 -15.806 -16.437
  -6.961 -16.053 -16.356
  -6.956 -16.117 -16.628
  -6.952 -16.009 -16.009
  -6.948 -16.200 -16.430
  -6.944 -15.538 -15.916
  -6.940 -16.304 -16.525
  -6.936 -15.500 -15.783
  -6.932 -15.986 -16.194
  -6.928 -16.383 -16.584
  -6.924 -16.122 -16.318
  -6.920 -16.573 -16.734
  -6.917 -16.430 -16.430
  -6.913 -16.068 -17.108
  -6.909 -15.967 -16.236
  -6.905 -16.208 -16.208
  -6.902 -14.878 -49.500
  -6.898 -15.685 -16.024
  -6.894 -16.063 -16.376
  -6.891 -16.176 -16.396
  -6.887 -16.877 -49.500
  -6.884 -16.247 -16.444
  -6.880 -16.291 -16.291
  -6.877 -15.973 -16.721
  -6.873 -15.983 -16.696
  -6.870 -16.053 -16.349
  -6.867 -16.806 -49.500
  -6.863 -16.375 -16.762
  -6.860 -15.292 -16.628
  -6.857 -16.546 -16.822
  -6.853 -16.669 -16.931
  -6.850 -16.415 -49.500
  -6.847 -16.235 -16.235
  -6.844 -16.258 -16.456
  -6.840 -16.325 -16.483
  -6.837 -17.291 -49.500
  -6.834 -15.408 -16.901
  -6.831 -16.665 -49.500
  -6.828 -49.500     NaN
  -6.825 -49.500 -49.500
  -6.822 -16.486 -49.500
  -6.819 -16.278 -16.647
  -6.816 -16.283 -16.793
  -6.813 -16.366 -17.007
  -6.810 -16.309 -49.500
  -6.807 -16.084 -16.707
  -6.804 -16.596 -49.500
  -6.801 -49.500     NaN
  -6.798 -14.873 -16.720
  -6.795 -16.660 -16.841
  -6.792 -16.892 -49.500
  -6.789 -16.692 -49.500
  -6.787 -16.194 -16.542
  -6.784 -16.765 -16.765
  -6.781 -16.560 -16.799
  -6.778 -16.216 -16.424
  -6.775 -49.500 -49.500
  -6.773 -49.500     NaN
  -6.770 -15.890 -16.612
  -6.767 -49.500     NaN
  -6.765 -49.500     NaN
  -6.762 -49.500     NaN
  -6.759 -16.900 -49.500
  -6.757 -49.500     NaN
  -6.754 -16.575 -49.500
  -6.751 -16.796 -49.500
  -6.749 -49.500     NaN
  -6.746 -49.500     NaN
  -6.744 -16.251 -16.468
  -6.741 -17.132 -49.500
  -6.739 -16.164 -16.164
  -6.736 -16.382 -49.500
  -6.734 -49.500     NaN
  -6.731 -15.992 -15.992
  -6.729 -49.500     NaN
  -6.726 -16.484 -16.667
  -6.724 -15.522 -16.448
  -6.721 -16.284 -16.284
  -6.719 -16.621 -16.817
  -6.717 -49.500     NaN
  -6.714 -49.500 -49.500
  -6.712 -16.193 -16.858
  -6.709 -49.500     NaN
  -6.707 -49.500 -49.500
  -6.705 -49.500 -49.500
  -6.702 -16.830 -49.500
  -6.700 -49.500 -49.500
  -6.698 -17.039 -49.500
  -6.696 -49.500 -49.500
  -6.693 -49.500     NaN
  -6.691 -16.486 -49.500
  -6.689 -15.962 -49.500
  -6.687 -49.500 -49.500
  -6.684 -49.500 -49.500
  -6.682 -49.500     NaN
  -6.680 -16.329 -49.500
  -6.678 -49.500 -49.500
  -6.675 -49.500     NaN
  -6.673 -49.500     NaN
  -6.671 -49.500 -49.500
  -6.669 -49.500 -49.500
  -6.667 -17.029 -17.029
  -6.665 -49.500 -49.500
  -6.663 -49.500 -49.500
  -6.661 -49.500     NaN
  -6.658 -16.006 -49.500
  -6.656 -16.241 -16.241
  -6.654 -15.248 -16.809
  -6.652 -49.500     NaN
  -6.650 -49.500     NaN
  -6.648 -49.500 -49.500
  -6.646 -49.500 -49.500
  -6.644 -49.500 -49.500
  -6.642 -49.500 -49.500
  -6.640 -16.009 -16.671
  -6.638 -15.971 -15.971
  -6.636 -14.619 -49.500
  -6.634 -49.500 -49.500
  -6.632 -49.500 -49.500
  -6.630 -16.791 -49.500
  -6.628 -16.462 -49.500
  -6.626 -49.500 -49.500
  -6.624 -16.778 -49.500
  -6.622 -49.500 -49.500
  -6.620 -17.027 -17.027
  -6.618 -16.272 -49.500
  -6.617 -49.500     NaN
  -6.615 -49.500 -49.500
  -6.613 -49.500 -49.500
  -6.611 -16.128 -49.500
  -6.609 -15.678 -49.500
  -6.607 -49.500     NaN
  -6.605 -49.500 -49.500
  -6.603 -49.500 -49.500
  -6.602 -49.500 -49.500
  -6.600 -49.500 -49.500
  -6.598 -49.500 -49.500
  -6.596 -16.944 -49.500
  -6.594 -16.622 -49.500
