  -8.861 -14.274 -14.274
  -8.599 -14.363 -14.363
  -8.442 -14.338 -14.338
  -8.329 -14.503 -14.503
  -8.239 -14.580 -14.580
  -8.166 -14.611 -14.611
  -8.103 -14.663 -14.663
  -8.048 -14.678 -14.678
  -7.999 -14.619 -14.619
  -7.955 -14.801 -14.801
  -7.916 -14.750 -14.750
  -7.879 -14.841 -14.841
  -7.846 -14.655 -14.655
  -7.815 -14.901 -14.901
  -7.786 -14.870 -14.870
  -7.758 -14.850 -14.850
  -7.733 -14.827 -14.981
  -7.709 -14.662 -14.888
  -7.686 -15.018 -15.018
  -7.664 -14.940 -14.940
  -7.643 -14.935 -14.935
  -7.624 -15.069 -15.069
  -7.605 -15.048 -15.048
  -7.586 -15.060 -15.060
  -7.569 -14.675 -15.096
  -7.552 -15.201 -15.201
  -7.536 -14.889 -15.216
  -7.521 -15.171 -15.171
  -7.506 -15.177 -15.177
  -7.491 -15.093 -15.093
  -7.477 -15.230 -15.230
  -7.464 -15.089 -15.252
  -7.451 -15.182 -15.182
  -7.438 -15.435 -15.594
  -7.425 -15.494 -15.494
  -7.413 -15.244 -15.244
  -7.401 -14.650 -14.991
  -7.390 -15.283 -15.283
  -7.379 -15.556 -15.556
  -7.368 -15.520 -15.520
  -7.357 -15.218 -15.385
  -7.347 -15.533 -15.533
  -7.337 -15.573 -15.573
  -7.327 -15.615 -15.615
  -7.317 -15.073 -15.547
  -7.308 -15.582 -15.582
  -7.299 -14.830 -15.574
  -7.290 -15.625 -15.625
  -7.281 -15.570 -15.570
  -7.272 -15.051 -15.051
  -7.264 -15.312 -15.312
  -7.255 -15.472 -15.472
  -7.247 -15.524 -15.524
  -7.239 -15.311 -15.801
  -7.231 -15.733 -15.733
  -7.223 -15.186 -15.473
  -7.216 -15.903 -15.903
  -7.208 -15.790 -15.958
  -7.201 -15.231 -15.391
  -7.194 -15.047 -15.765
  -7.187 -15.418 -15.418
  -7.180 -15.315 -15.869
  -7.173 -15.811 -15.811
  -7.166 -15.095 -15.300
  -7.159 -15.600 -15.789
  -7.153 -15.859 -15.859
  -7.146 -15.763 -15.763
  -7.140 -16.015 -16.167
  -7.133 -15.937 -15.937
  -7.127 -15.852 -16.067
  -7.121 -15.507 -15.778
  -7.115 -15.843 -15.843
  -7.109 -15.964 -15.964
  -7.103 -15.494 -15.823
  -7.098 -15.343 -15.804
  -7.092 -15.977 -15.977
  -7.086 -15.307 -15.585
  -7.081 -15.015 -15.578
  -7.075 -15.508 -16.068
  -7.070 -16.183 -16.434
  -7.064 -15.929 -16.093
  -7.059 -15.168 -16.149
  -7.054 -15.899 -16.225
  -7.049 -15.616 -15.863
  -7.043 -15.331 -15.487
  -7.038 -16.052 -16.260
  -7.033 -16.147 -16.147
  -7.029 -15.711 -15.943
  -7.024 -14.629 -15.613
  -7.019 -15.601 -16.370
  -7.014 -15.412 -16.105
  -7.009 -15.748 -16.154
  -7.005 -15.999 -16.224
  -7.000 -15.948 -16.102
  -6.995 -16.140 -16.140
  -6.991 -15.877 -16.119
  -6.986 -16.168 -16.432
  -6.982 -15.865 -16.149
  -6.978 -15.723 -15.958
  -6.973 -15.536 -15.536
  -6.969 -16.094 -16.411
  -6.965 -16.563 -16.916
  -6.961 -16.014 -16.426
  -6.956 -15.664 -16.135
  -6.952 -16.269 -16.449
  -6.948 -16.204 -16.204
  -6.944 -15.880 -16.080
  -6.940 -16.007 -16.007
  -6.936 -15.034 -16.314
  -6.932 -16.035 -16.343
  -6.928 -15.365 -15.544
  -6.924 -16.147 -16.617
  -6.920 -16.271 -17.068
  -6.917 -16.449 -16.449
  -6.913 -15.950 -15.950
  -6.909 -21.180 -21.180
  -6.905 -16.480 -17.245
  -6.902 -16.421 -16.608
  -6.898 -16.196 -16.357
  -6.894 -14.702 -15.449
  -6.891 -15.896 -16.231
  -6.887 -16.185 -16.650
  -6.884 -16.362 -16.530
  -6.880 -16.414 -16.414
  -6.877 -16.402 -49.500
  -6.873 -16.421 -49.500
  -6.870 -16.279 -16.542
  -6.867 -49.500     NaN
  -6.863 -15.398 -15.905
  -6.860 -16.703 -49.500
  -6.857 -16.593 -16.870
  -6.853 -15.844 -16.006
  -6.850 -16.199 -16.576
  -6.847 -16.229 -16.229
  -6.844 -15.745 -16.162
  -6.840 -15.692 -15.886
  -6.837 -16.626 -16.626
  -6.834 -16.665 -16.821
  -6.831 -15.961 -16.307
  -6.828 -16.197 -16.197
  -6.825 -15.483 -16.229
  -6.822 -49.500     NaN
  -6.819 -15.353 -15.882
  -6.816 -16.274 -16.274
  -6.813 -16.502 -16.502
  -6.810 -16.636 -16.894
  -6.807 -16.714 -17.085
  -6.804 -15.874 -16.405
  -6.801 -16.104 -16.295
  -6.798 -15.278 -15.567
  -6.795 -16.985 -49.500
  -6.792 -49.500     NaN
  -6.789 -49.500     NaN
  -6.787 -49.500     NaN
  -6.784 -49.500 -49.500
  -6.781 -15.987 -16.300
  -6.778 -15.927 -49.500
  -6.775 -15.999 -49.500
  -6.773 -49.500     NaN
  -6.770 -49.500 -49.500
  -6.767 -16.024 -49.500
  -6.765 -49.500     NaN
  -6.762 -15.745 -49.500
  -6.759 -49.500     NaN
  -6.757 -16.325 -16.818
  -6.754 -16.242 -49.500
  -6.751 -16.803 -49.500
  -6.749 -49.500     NaN
  -6.746 -49.500     NaN
  -6.744 -49.500     NaN
  -6.741 -16.648 -16.648
  -6.739 -49.500 -49.500
  -6.736 -49.500 -49.500
  -6.734 -49.500 -49.500
  -6.731 -49.500     NaN
  -6.729 -49.500 -49.500
  -6.726 -49.500 -49.500
  -6.724 -49.500     NaN
  -6.721 -49.500     NaN
  -6.719 -16.230 -16.446
  -6.717 -49.500     NaN
  -6.714 -16.941 -49.500
  -6.712 -49.500     NaN
  -6.709 -15.655 -15.655
  -6.707 -16.571 -16.571
  -6.705 -16.316 -49.500
  -6.702 -15.984 -16.452
  -6.700 -15.070 -49.500
  -6.698 -16.352 -49.500
  -6.696 -17.123 -49.500
  -6.693 -49.500 -49.500
  -6.691 -16.351 -49.500
  -6.689 -16.299 -16.299
  -6.687 -16.741 -49.500
  -6.684 -49.500 -49.500
  -6.682 -49.500     NaN
  -6.680 -49.500     NaN
  -6.678 -16.982 -49.500
  -6.675 -49.500 -49.500
  -6.673 -49.500 -49.500
  -6.671 -16.385 -16.385
  -6.669 -49.500     NaN
  -6.667 -16.647 -16.647
  -6.665 -49.500 -49.500
  -6.663 -49.500 -49.500
  -6.661 -49.500     NaN
  -6.658 -49.500 -49.500
  -6.656 -49.500 -49.500
  -6.654 -49.500 -49.500
  -6.652 -16.663 -16.663
  -6.650 -15.863 -49.500
  -6.648 -49.500     NaN
  -6.646 -49.500 -49.500
  -6.644 -49.500 -49.500
  -6.642 -49.500 -49.500
  -6.640 -49.500 -49.500
  -6.638 -49.500 -49.500
  -6.636 -16.226 -49.500
  -6.634 -49.500 -49.500
  -6.632 -16.366 -49.500
  -6.630 -49.500 -49.500
  -6.628 -16.327 -16.327
  -6.626 -49.500 -49.500
  -6.624 -49.500     NaN
  -6.622 -49.500 -49.500
  -6.620 -49.500 -49.500
  -6.618 -15.398 -17.018
  -6.617 -49.500 -49.500
  -6.615 -49.500 -49.500
  -6.613 -49.500 -49.500
  -6.611 -49.500 -49.500
  -6.609 -14.920 -49.500
  -6.607 -49.500 -49.500
  -6.605 -49.500 -49.500
  -6.603 -49.500     NaN
  -6.602 -49.500     NaN
  -6.600 -49.500     NaN
  -6.598 -49.500 -49.500
  -6.596 -49.500     NaN
  -6.594 -15.333 -15.333
