  -8.861 -14.259 -14.259
  -8.599 -14.356 -14.356
  -8.442 -14.430 -14.430
  -8.329 -14.511 -14.511
  -8.239 -14.547 -14.547
  -8.166 -14.623 -14.623
  -8.103 -14.626 -14.626
  -8.048 -14.678 -14.678
  -7.999 -14.631 -14.631
  -7.955 -14.800 -14.800
  -7.916 -14.792 -14.792
  -7.879 -14.758 -14.758
  -7.846 -14.843 -14.843
  -7.815 -14.927 -14.927
  -7.786 -14.914 -14.914
  -7.758 -14.548 -15.036
  -7.733 -14.856 -14.856
  -7.709 -14.955 -14.955
  -7.686 -14.916 -14.916
  -7.664 -15.174 -15.174
  -7.643 -15.037 -15.037
  -7.624 -14.962 -14.962
  -7.605 -14.756 -14.991
  -7.586 -15.245 -15.245
  -7.569 -14.461 -14.994
  -7.552 -14.895 -14.895
  -7.536 -15.196 -15.196
  -7.521 -15.018 -15.018
  -7.506 -14.938 -15.205
  -7.491 -14.997 -14.997
  -7.477 -15.345 -15.345
  -7.464 -14.751 -14.976
  -7.451 -15.360 -15.360
  -7.438 -15.279 -15.279
  -7.425 -15.100 -15.100
  -7.413 -14.425 -15.424
  -7.401 -15.293 -15.293
  -7.390 -15.013 -15.175
  -7.379 -15.308 -15.308
  -7.368 -15.263 -15.263
  -7.357 -15.269 -15.269
  -7.347 -15.313 -15.596
  -7.337 -15.273 -15.558
  -7.327 -15.423 -15.423
  -7.317 -15.740 -15.740
  -7.308 -15.477 -15.477
  -7.299 -15.569 -15.569
  -7.290 -15.147 -15.677
  -7.281 -15.506 -15.506
  -7.272 -15.769 -15.769
  -7.264 -15.607 -15.607
  -7.255 -15.482 -15.645
  -7.247 -15.461 -15.461
  -7.239 -15.360 -15.360
  -7.231 -15.715 -15.715
  -7.223 -15.633 -15.810
  -7.216 -14.823 -15.686
  -7.208 -15.733 -15.733
  -7.201 -15.644 -15.644
  -7.194 -15.256 -15.723
  -7.187 -15.476 -15.665
  -7.180 -15.417 -15.417
  -7.173 -15.753 -15.933
  -7.166 -15.899 -15.899
  -7.159 -15.821 -15.821
  -7.153 -15.985 -15.985
  -7.146 -15.986 -16.142
  -7.140 -15.918 -16.071
  -7.133 -15.812 -15.812
  -7.127 -14.985 -15.273
  -7.121 -15.543 -15.865
  -7.115 -15.416 -15.593
  -7.109 -15.620 -15.878
  -7.103 -16.040 -16.264
  -7.098 -15.492 -15.703
  -7.092 -15.590 -15.827
  -7.086 -15.045 -16.025
  -7.081 -15.762 -15.762
  -7.075 -15.960 -16.172
  -7.070 -16.173 -16.173
  -7.064 -14.222 -15.866
  -7.059 -15.826 -15.826
  -7.054 -16.038 -16.490
  -7.049 -15.970 -16.131
  -7.043 -16.169 -16.169
  -7.038 -15.723 -15.723
  -7.033 -15.759 -15.759
  -7.029 -16.028 -16.322
  -7.024 -15.744 -16.180
  -7.019 -15.983 -15.983
  -7.014 -16.336 -16.336
  -7.009 -15.823 -16.175
  -7.005 -16.327 -16.327
  -7.000 -16.250 -16.250
  -6.995 -16.140 -16.483
  -6.991 -15.677 -15.838
  -6.986 -16.334 -16.334
  -6.982 -15.368 -16.530
  -6.978 -15.871 -16.036
  -6.973 -15.899 -16.119
  -6.969 -16.199 -16.624
  -6.965 -15.800 -16.067
  -6.961 -15.311 -15.633
  -6.956 -15.655 -15.998
  -6.952 -16.055 -16.430
  -6.948 -16.118 -16.748
  -6.944 -16.635 -16.890
  -6.940 -16.006 -16.006
  -6.936 -15.688 -15.875
  -6.932 -16.191 -16.688
  -6.928 -16.122 -16.323
  -6.924 -16.311 -16.311
  -6.920 -16.160 -16.160
  -6.917 -15.793 -16.003
  -6.913 -16.416 -16.590
  -6.909 -16.547 -16.547
  -6.905 -16.436 -16.436
  -6.902 -16.319 -16.476
  -6.898 -16.393 -16.393
  -6.894 -16.015 -16.541
  -6.891 -16.226 -16.385
  -6.887 -49.500     NaN
  -6.884 -16.900 -49.500
  -6.880 -16.320 -16.908
  -6.877 -16.276 -16.492
  -6.873 -15.922 -16.820
  -6.870 -49.500     NaN
  -6.867 -15.799 -16.281
  -6.863 -16.880 -49.500
  -6.860 -15.524 -16.292
  -6.857 -16.564 -16.836
  -6.853 -16.420 -16.744
  -6.850 -16.428 -16.651
  -6.847 -16.422 -16.613
  -6.844 -16.552 -49.500
  -6.840 -16.650 -16.650
  -6.837 -16.047 -16.440
  -6.834 -16.513 -16.801
  -6.831 -16.401 -16.798
  -6.828 -15.205 -16.855
  -6.825 -15.058 -49.500
  -6.822 -16.515 -49.500
  -6.819 -15.759 -15.948
  -6.816 -16.547 -49.500
  -6.813 -16.532 -49.500
  -6.810 -15.663 -49.500
  -6.807 -16.642 -49.500
  -6.804 -15.708 -16.151
  -6.801 -15.822 -16.311
  -6.798 -15.982 -49.500
  -6.795 -15.958 -49.500
  -6.792 -49.500     NaN
  -6.789 -15.520 -16.718
  -6.787 -16.329 -49.500
  -6.784 -16.577 -49.500
  -6.781 -15.321 -16.384
  -6.778 -16.608 -49.500
  -6.775 -49.500     NaN
  -6.773 -16.513 -17.025
  -6.770 -49.500     NaN
  -6.767 -16.641 -16.641
  -6.765 -15.894 -16.114
  -6.762 -15.204 -49.500
  -6.759 -15.757 -16.540
  -6.757 -49.500     NaN
  -6.754 -15.690 -49.500
  -6.751 -49.500     NaN
  -6.749 -16.738 -49.500
  -6.746 -16.057 -16.057
  -6.744 -49.500     NaN
  -6.741 -49.500     NaN
  -6.739 -15.822 -16.495
  -6.736 -49.500     NaN
  -6.734 -16.515 -49.500
  -6.731 -16.149 -49.500
  -6.729 -49.500 -49.500
  -6.726 -16.826 -49.500
  -6.724 -49.500 -49.500
  -6.721 -49.500 -49.500
  -6.719 -49.500     NaN
  -6.717 -49.500     NaN
  -6.714 -16.874 -49.500
  -6.712 -49.500 -49.500
  -6.709 -49.500     NaN
  -6.707 -16.457 -49.500
  -6.705 -16.047 -16.285
  -6.702 -49.500 -49.500
  -6.700 -16.779 -49.500
  -6.698 -49.500 -49.500
  -6.696 -14.998 -49.500
  -6.693 -49.500 -49.500
  -6.691 -49.500 -49.500
  -6.689 -16.601 -49.500
  -6.687 -16.152 -16.584
  -6.684 -14.794 -49.500
  -6.682 -16.710 -49.500
  -6.680 -15.963 -49.500
  -6.678 -49.500 -49.500
  -6.675 -49.500     NaN
  -6.673 -49.500     NaN
  -6.671 -49.500 -49.500
  -6.669 -49.500 -49.500
  -6.667 -49.500     NaN
  -6.665 -49.500 -49.500
  -6.663 -16.381 -49.500
  -6.661 -49.500 -49.500
  -6.658 -49.500 -49.500
  -6.656 -49.500 -49.500
  -6.654 -49.500     NaN
  -6.652 -15.914 -49.500
  -6.650 -49.500 -49.500
  -6.648 -49.500     NaN
  -6.646 -49.500 -49.500
  -6.644 -15.997 -16.685
  -6.642 -16.254 -49.500
  -6.640 -15.682 -16.423
  -6.638 -49.500 -49.500
  -6.636 -16.361 -16.361
  -6.634 -49.500 -49.500
  -6.632 -49.500 -49.500
  -6.630 -49.500 -49.500
  -6.628 -16.389 -16.970
  -6.626 -49.500 -49.500
  -6.624 -49.500 -49.500
  -6.622 -16.742 -16.742
  -6.620 -16.043 -49.500
  -6.618 -16.182 -49.500
  -6.617 -49.500 -49.500
  -6.615 -15.815 -49.500
  -6.613 -49.500     NaN
  -6.611 -16.442 -16.442
  -6.609 -16.367 -49.500
  -6.607 -16.614 -16.614
  -6.605 -49.500 -49.500
  -6.603 -15.423 -15.423
  -6.602 -49.500 -49.500
  -6.600 -49.500     NaN
  -6.598 -49.500     NaN
  -6.596 -49.500 -49.500
  -6.594 -49.500 -49.500
