  -8.861 -14.279 -14.279
  -8.599 -14.343 -14.343
  -8.442 -14.432 -14.432
  -8.329 -14.508 -14.508
  -8.239 -14.586 -14.586
  -8.166 -14.506 -14.506
  -8.103 -14.648 -14.648
  -8.048 -14.552 -14.552
  -7.999 -14.717 -14.717
  -7.955 -14.790 -14.790
  -7.916 -14.806 -14.806
  -7.879 -14.687 -14.687
  -7.846 -14.896 -14.896
  -7.815 -14.760 -14.929
  -7.786 -14.887 -14.887
  -7.758 -14.837 -14.837
  -7.733 -14.911 -14.911
  -7.709 -15.064 -15.064
  -7.686 -15.056 -15.056
  -7.664 -14.616 -15.069
  -7.643 -15.127 -15.127
  -7.624 -14.769 -15.105
  -7.605 -15.117 -15.117
  -7.586 -15.163 -15.163
  -7.569 -15.072 -15.072
  -7.552 -14.926 -15.159
  -7.536 -14.982 -14.982
  -7.521 -15.159 -15.159
  -7.506 -15.213 -15.213
  -7.491 -15.184 -15.184
  -7.477 -14.463 -14.966
  -7.464 -15.298 -15.298
  -7.451 -15.089 -15.344
  -7.438 -15.078 -15.078
  -7.425 -15.354 -15.354
  -7.413 -15.517 -15.517
  -7.401 -15.185 -15.391
  -7.390 -15.390 -15.390
  -7.379 -14.913 -15.504
  -7.368 -15.425 -15.425
  -7.357 -15.529 -15.529
  -7.347 -15.371 -15.371
  -7.337 -15.234 -15.413
  -7.327 -15.209 -15.209
  -7.317 -15.394 -15.394
  -7.308 -15.232 -15.496
  -7.299 -15.240 -15.613
  -7.290 -15.561 -15.561
  -7.281 -15.365 -15.365
  -7.272 -15.668 -15.668
  -7.264 -15.420 -15.611
  -7.255 -15.649 -15.649
  -7.247 -15.038 -15.038
  -7.239 -15.285 -15.505
  -7.231 -15.711 -15.711
  -7.223 -15.357 -15.357
  -7.216 -15.510 -15.810
  -7.208 -15.946 -15.946
  -7.201 -15.894 -15.894
  -7.194 -15.737 -15.737
  -7.187 -15.078 -15.308
  -7.180 -15.504 -15.504
  -7.173 -16.058 -16.058
  -7.166 -15.596 -15.596
  -7.159 -15.595 -15.949
  -7.153 -14.803 -15.790
  -7.146 -15.981 -15.981
  -7.140 -15.643 -15.643
  -7.133 -15.160 -15.703
  -7.127 -15.556 -15.760
  -7.121 -15.611 -15.800
  -7.115 -15.817 -15.817
  -7.109 -15.686 -15.686
  -7.103 -15.834 -15.834
  -7.098 -16.001 -16.315
  -7.092 -15.531 -15.896
  -7.086 -15.985 -15.985
  -7.081 -16.011 -16.011
  -7.075 -15.976 -15.976
  -7.070 -16.025 -16.025
  -7.064 -15.853 -16.071
  -7.059 -15.202 -15.430
  -7.054 -16.155 -16.155
  -7.049 -15.845 -16.088
  -7.043 -15.358 -15.570
  -7.038 -14.671 -15.837
  -7.033 -15.823 -15.978
  -7.029 -15.550 -16.076
  -7.024 -16.294 -16.294
  -7.019 -16.000 -16.000
  -7.014 -16.003 -16.003
  -7.009 -15.538 -15.538
  -7.005 -15.258 -16.019
  -7.000 -16.064 -16.332
  -6.995 -15.733 -16.359
  -6.991 -15.324 -16.172
  -6.986 -15.233 -15.973
  -6.982 -16.051 -16.379
  -6.978 -15.680 -15.858
  -6.973 -16.132 -16.659
  -6.969 -16.318 -16.318
  -6.965 -15.536 -15.725
  -6.961 -16.423 -16.423
  -6.956 -16.163 -16.471
  -6.952 -15.501 -16.302
  -6.948 -16.128 -16.546
  -6.944 -16.305 -16.827
  -6.940 -16.227 -16.227
  -6.936 -15.718 -16.486
  -6.932 -16.087 -16.574
  -6.928 -15.612 -16.079
  -6.924 -16.378 -16.603
  -6.920 -16.167 -16.167
  -6.917 -16.726 -49.500
  -6.913 -16.066 -16.721
  -6.909 -16.014 -16.836
  -6.905 -15.856 -49.500
  -6.902 -15.825 -16.094
  -6.898 -16.385 -16.579
  -6.894 -49.500     NaN
  -6.891 -16.236 -16.402
  -6.887 -15.690 -15.923
  -6.884 -16.579 -49.500
  -6.880 -15.805 -16.583
  -6.877 -16.108 -17.038
  -6.873 -16.171 -16.842
  -6.870 -16.458 -49.500
  -6.867 -16.514 -16.967
  -6.863 -16.242 -49.500
  -6.860 -15.820 -16.033
  -6.857 -16.370 -49.500
  -6.853 -16.516 -17.131
  -6.850 -49.500     NaN
  -6.847 -16.246 -16.401
  -6.844 -15.808 -16.541
  -6.840 -16.420 -49.500
  -6.837 -16.011 -16.529
  -6.834 -16.388 -49.500
  -6.831 -49.500 -49.500
  -6.828 -15.851 -49.500
  -6.825 -17.061 -49.500
  -6.822 -16.481 -16.730
  -6.819 -16.412 -16.646
  -6.816 -16.607 -17.253
  -6.813 -16.413 -16.859
  -6.810 -15.615 -15.933
  -6.807 -16.057 -16.316
  -6.804 -16.650 -16.873
  -6.801 -49.500     NaN
  -6.798 -16.235 -49.500
  -6.795 -49.500     NaN
  -6.792 -16.038 -16.719
  -6.789 -15.969 -16.765
  -6.787 -49.500     NaN
  -6.784 -16.036 -16.316
  -6.781 -16.142 -49.500
  -6.778 -16.664 -49.500
  -6.775 -49.500     NaN
  -6.773 -16.299 -17.066
  -6.770 -16.368 -16.669
  -6.767 -16.231 -49.500
  -6.765 -16.806 -49.500
  -6.762 -15.582 -16.180
  -6.759 -49.500 -49.500
  -6.757 -49.500 -49.500
  -6.754 -16.352 -16.352
  -6.751 -49.500     NaN
  -6.749 -49.500     NaN
  -6.746 -49.500     NaN
  -6.744 -49.500     NaN
  -6.741 -49.500 -49.500
  -6.739 -16.986 -49.500
  -6.736 -49.500 -49.500
  -6.734 -49.500 -49.500
  -6.731 -16.499 -49.500
  -6.729 -16.293 -49.500
  -6.726 -16.031 -16.196
  -6.724 -16.319 -16.581
  -6.721 -16.041 -49.500
  -6.719 -16.534 -49.500
  -6.717 -16.156 -49.500
  -6.714 -16.515 -49.500
  -6.712 -15.140 -15.372
  -6.709 -16.013 -16.616
  -6.707 -49.500 -49.500
  -6.705 -16.664 -49.500
  -6.702 -16.602 -16.602
  -6.700 -16.420 -16.790
  -6.698 -16.038 -16.038
  -6.696 -49.500 -49.500
  -6.693 -49.500 -49.500
  -6.691 -49.500     NaN
  -6.689 -16.320 -49.500
  -6.687 -16.616 -49.500
  -6.684 -49.500     NaN
  -6.682 -15.601 -49.500
  -6.680 -49.500 -49.500
  -6.678 -49.500 -49.500
  -6.675 -49.500 -49.500
  -6.673 -49.500 -49.500
  -6.671 -16.991 -49.500
  -6.669 -49.500 -49.500
  -6.667 -49.500     NaN
  -6.665 -49.500 -49.500
  -6.663 -49.500     NaN
  -6.661 -49.500     NaN
  -6.658 -49.500     NaN
  -6.656 -49.500 -49.500
  -6.654 -17.025 -17.025
  -6.652 -49.500 -49.500
  -6.650 -49.500     NaN
  -6.648 -49.500 -49.500
  -6.646 -49.500     NaN
  -6.644 -49.500     NaN
  -6.642 -49.500 -49.500
  -6.640 -49.500 -49.500
  -6.638 -16.214 -49.500
  -6.636 -49.500     NaN
  -6.634 -49.500 -49.500
  -6.632 -15.307 -15.307
  -6.630 -15.843 -15.843
  -6.628 -16.266 -49.500
  -6.626 -49.500 -49.500
  -6.624 -49.500 -49.500
  -6.622 -49.500 -49.500
  -6.620 -49.500 -49.500
  -6.618 -49.500 -49.500
  -6.617 -49.500     NaN
  -6.615 -49.500 -49.500
  -6.613 -49.500 -49.500
  -6.611 -49.500 -49.500
  -6.609 -49.500 -49.500
  -6.607 -49.500 -49.500
  -6.605 -49.500     NaN
  -6.603 -49.500     NaN
  -6.602 -16.143 -16.143
  -6.600 -49.500 -49.500
  -6.598 -49.500 -49.500
  -6.596 -16.360 -16.360
  -6.594 -49.500     NaN
