  -8.861 -13.835 -13.835
  -8.599 -13.995 -13.995
  -8.442 -14.007 -14.007
  -8.329 -14.038 -14.038
  -8.239 -13.939 -14.144
  -8.166 -14.247 -14.247
  -8.103 -14.198 -14.198
  -8.048 -14.381 -14.381
  -7.999 -14.331 -14.331
  -7.955 -14.431 -14.431
  -7.916 -14.407 -14.407
  -7.879 -14.544 -14.544
  -7.846 -14.552 -14.552
  -7.815 -14.577 -14.577
  -7.786 -14.582 -14.582
  -7.758 -14.556 -14.556
  -7.733 -13.705 -14.729
  -7.709 -14.557 -14.557
  -7.686 -14.472 -14.472
  -7.664 -14.633 -14.786
  -7.643 -14.662 -14.662
  -7.624 -14.538 -14.538
  -7.605 -14.573 -14.573
  -7.586 -14.687 -14.687
  -7.569 -14.691 -14.691
  -7.552 -14.962 -14.962
  -7.536 -14.865 -14.865
  -7.521 -14.865 -14.865
  -7.506 -14.905 -14.905
  -7.491 -14.706 -14.881
  -7.477 -14.773 -14.773
  -7.464 -14.761 -14.761
  -7.451 -14.979 -14.979
  -7.438 -14.580 -14.953
  -7.425 -15.146 -15.146
  -7.413 -14.854 -14.854
  -7.401 -15.195 -15.195
  -7.390 -15.032 -15.202
  -7.379 -14.947 -14.947
  -7.368 -14.968 -15.177
  -7.357 -15.016 -15.016
  -7.347 -14.994 -15.484
  -7.337 -14.747 -15.138
  -7.327 -14.338 -15.397
  -7.317 -15.465 -15.465
  -7.308 -15.188 -15.188
  -7.299 -15.279 -15.279
  -7.290 -15.014 -15.378
  -7.281 -15.296 -15.296
  -7.272 -14.791 -15.185
  -7.264 -15.289 -15.477
  -7.255 -15.419 -15.621
  -7.247 -15.380 -15.380
  -7.239 -15.249 -15.249
  -7.231 -15.455 -15.455
  -7.223 -15.478 -15.478
  -7.216 -14.890 -15.099
  -7.208 -15.403 -15.403
  -7.201 -15.669 -15.669
  -7.194 -14.996 -15.386
  -7.187 -14.872 -15.462
  -7.180 -15.291 -15.457
  -7.173 -15.513 -15.513
  -7.166 -15.465 -15.815
  -7.159 -14.655 -14.655
  -7.153 -15.563 -15.563
  -7.146 -15.248 -15.248
  -7.140 -15.330 -15.330
  -7.133 -14.361 -15.644
  -7.127 -15.556 -15.556
  -7.121 -14.957 -14.957
  -7.115 -14.776 -15.463
  -7.109 -15.778 -15.778
  -7.103 -15.150 -15.646
  -7.098 -15.772 -15.772
  -7.092 -14.573 -15.367
  -7.086 -15.749 -15.749
  -7.081 -15.517 -15.517
  -7.075 -15.867 -15.867
  -7.070 -15.076 -15.429
  -7.064 -15.040 -15.564
  -7.059 -15.112 -15.939
  -7.054 -16.017 -16.017
  -7.049 -15.409 -15.409
  -7.043 -15.457 -15.813
  -7.038 -14.245 -15.739
  -7.033 -15.153 -16.073
  -7.029 -16.102 -16.102
  -7.024 -16.038 -16.264
  -7.019 -16.012 -16.012
  -7.014 -14.818 -15.276
  -7.009 -15.521 -15.772
  -7.005 -15.039 -15.830
  -7.000 -14.409 -15.160
  -6.995 -15.223 -15.784
  -6.991 -15.914 -16.234
  -6.986 -15.118 -15.602
  -6.982 -15.729 -16.145
  -6.978 -14.511 -15.284
  -6.973 -15.608 -15.608
  -6.969 -15.582 -16.428
  -6.965 -15.621 -16.000
  -6.961 -15.781 -16.019
  -6.956 -15.933 -15.933
  -6.952 -15.916 -15.916
  -6.948 -15.290 -16.086
  -6.944 -15.693 -15.906
  -6.940 -15.506 -16.164
  -6.936 -15.340 -16.361
  -6.932 -16.194 -16.194
  -6.928 -15.877 -16.146
  -6.924 -14.889 -16.293
  -6.920 -16.173 -16.173
  -6.917 -15.887 -16.093
  -6.913 -16.096 -16.096
  -6.909 -16.480 -16.480
  -6.905 -16.186 -16.186
  -6.902 -15.604 -16.078
  -6.898 -15.493 -16.382
  -6.894 -16.369 -16.571
  -6.891 -16.316 -16.316
  -6.887 -16.042 -16.042
  -6.884 -15.800 -17.310
  -6.880 -16.030 -16.644
  -6.877 -16.490 -16.699
  -6.873 -15.978 -16.459
  -6.870 -15.589 -15.949
  -6.867 -16.108 -16.108
  -6.863 -15.358 -15.910
  -6.860 -16.034 -16.434
  -6.857 -16.189 -16.558
  -6.853 -16.732 -16.732
  -6.850 -16.109 -16.293
  -6.847 -16.686 -16.844
  -6.844 -16.421 -49.500
  -6.840 -15.519 -15.956
  -6.837 -16.233 -16.606
  -6.834 -16.520 -16.709
  -6.831 -15.571 -15.754
  -6.828 -15.500 -16.877
  -6.825 -15.841 -16.191
  -6.822 -15.463 -16.674
  -6.819 -15.782 -16.021
  -6.816 -15.386 -16.281
  -6.813 -15.626 -16.409
  -6.810 -15.666 -16.766
  -6.807 -15.805 -16.450
  -6.804 -49.500     NaN
  -6.801 -16.694 -16.694
  -6.798 -15.855 -16.208
  -6.795 -16.055 -16.410
  -6.792 -15.659 -16.548
  -6.789 -16.178 -16.964
  -6.787 -15.684 -16.684
  -6.784 -16.681 -16.891
  -6.781 -15.788 -49.500
  -6.778 -17.080 -49.500
  -6.775 -16.443 -17.009
  -6.773 -16.839 -49.500
  -6.770 -15.807 -16.126
  -6.767 -49.500     NaN
  -6.765 -15.395 -16.359
  -6.762 -15.283 -15.456
  -6.759 -16.940 -17.210
  -6.757 -16.275 -16.535
  -6.754 -15.835 -16.674
  -6.751 -16.338 -16.587
  -6.749 -16.191 -16.596
  -6.746 -16.056 -16.953
  -6.744 -16.026 -17.174
  -6.741 -49.500     NaN
  -6.739 -15.325 -16.237
  -6.736 -16.640 -49.500
  -6.734 -16.568 -49.500
  -6.731 -16.175 -16.497
  -6.729 -16.326 -49.500
  -6.726 -16.598 -16.792
  -6.724 -15.992 -49.500
  -6.721 -17.031 -49.500
  -6.719 -16.139 -49.500
  -6.717 -15.900 -16.281
  -6.714 -15.955 -16.170
  -6.712 -49.500 -49.500
  -6.709 -15.887 -16.101
  -6.707 -16.787 -49.500
  -6.705 -16.154 -16.756
  -6.702 -16.924 -49.500
  -6.700 -49.500     NaN
  -6.698 -17.038 -49.500
  -6.696 -15.388 -16.273
  -6.693 -16.437 -16.901
  -6.691 -49.500     NaN
  -6.689 -15.451 -16.039
  -6.687 -49.500 -49.500
  -6.684 -17.022 -49.500
  -6.682 -15.104 -49.500
  -6.680 -49.500 -49.500
  -6.678 -49.500     NaN
  -6.675 -17.036 -49.500
  -6.673 -16.754 -49.500
  -6.671 -16.691 -49.500
  -6.669 -16.585 -49.500
  -6.667 -16.535 -49.500
  -6.665 -49.500     NaN
  -6.663 -16.746 -49.500
  -6.661 -49.500 -49.500
  -6.658 -16.518 -16.683
  -6.656 -16.801 -17.140
  -6.654 -49.500     NaN
  -6.652 -49.500 -49.500
  -6.650 -16.101 -16.530
  -6.648 -15.800 -16.403
  -6.646 -16.335 -49.500
  -6.644 -16.251 -49.500
  -6.642 -16.248 -16.451
  -6.640 -16.055 -16.055
  -6.638 -49.500     NaN
  -6.636 -49.500 -49.500
  -6.634 -16.588 -49.500
  -6.632 -49.500 -49.500
  -6.630 -16.692 -49.500
  -6.628 -17.180 -49.500
  -6.626 -49.500     NaN
  -6.624 -16.439 -49.500
  -6.622 -16.848 -49.500
  -6.620 -15.514 -15.941
  -6.618 -14.744 -16.557
  -6.617 -16.210 -49.500
  -6.615 -49.500     NaN
  -6.613 -49.500     NaN
  -6.611 -15.947 -49.500
  -6.609 -49.500     NaN
  -6.607 -14.888 -15.121
  -6.605 -16.264 -49.500
  -6.603 -49.500     NaN
  -6.602 -49.500     NaN
  -6.600 -16.449 -49.500
  -6.598 -49.500 -49.500
  -6.596 -15.357 -49.500
  -6.594 -16.876 -49.500
