  -8.861 -13.839 -13.839
  -8.599 -13.885 -13.885
  -8.442 -14.038 -14.038
  -8.329 -14.089 -14.089
  -8.239 -14.175 -14.175
  -8.166 -14.183 -14.183
  -8.103 -14.261 -14.261
  -8.048 -13.869 -14.205
  -7.999 -14.367 -14.367
  -7.955 -14.351 -14.351
  -7.916 -14.215 -14.412
  -7.879 -14.209 -14.383
  -7.846 -14.517 -14.517
  -7.815 -14.371 -14.371
  -7.786 -14.528 -14.528
  -7.758 -14.473 -14.473
  -7.733 -14.617 -14.617
  -7.709 -14.570 -14.570
  -7.686 -14.695 -14.695
  -7.664 -14.832 -14.832
  -7.643 -14.767 -14.767
  -7.624 -14.771 -14.771
  -7.605 -14.763 -14.763
  -7.586 -14.194 -14.556
  -7.569 -14.579 -14.787
  -7.552 -14.351 -14.351
  -7.536 -14.358 -14.857
  -7.521 -14.835 -14.835
  -7.506 -14.654 -14.654
  -7.491 -14.908 -14.908
  -7.477 -14.490 -14.645
  -7.464 -15.137 -15.137
  -7.451 -14.812 -15.047
  -7.438 -14.835 -15.074
  -7.425 -15.086 -15.086
  -7.413 -14.922 -15.131
  -7.401 -14.635 -14.635
  -7.390 -15.070 -15.070
  -7.379 -14.917 -15.197
  -7.368 -14.501 -15.046
  -7.357 -14.892 -14.892
  -7.347 -14.883 -14.883
  -7.337 -15.184 -15.184
  -7.327 -14.944 -14.944
  -7.317 -15.012 -15.012
  -7.308 -14.920 -15.218
  -7.299 -15.082 -15.535
  -7.290 -14.981 -14.981
  -7.281 -15.099 -15.099
  -7.272 -15.172 -15.449
  -7.264 -14.691 -15.109
  -7.255 -15.460 -15.460
  -7.247 -15.781 -15.781
  -7.239 -15.310 -15.310
  -7.231 -14.918 -15.335
  -7.223 -15.405 -15.654
  -7.216 -15.310 -15.310
  -7.208 -15.336 -15.654
  -7.201 -14.589 -15.107
  -7.194 -14.988 -15.184
  -7.187 -15.042 -15.396
  -7.180 -15.467 -15.467
  -7.173 -14.949 -15.629
  -7.166 -15.153 -15.783
  -7.159 -15.540 -15.540
  -7.153 -15.625 -15.625
  -7.146 -15.349 -15.349
  -7.140 -15.423 -15.669
  -7.133 -15.438 -15.438
  -7.127 -15.750 -15.750
  -7.121 -15.130 -15.292
  -7.115 -14.879 -15.309
  -7.109 -15.809 -15.809
  -7.103 -15.410 -15.691
  -7.098 -15.589 -15.856
  -7.092 -15.637 -15.637
  -7.086 -15.451 -15.850
  -7.081 -15.511 -15.511
  -7.075 -15.691 -15.691
  -7.070 -15.785 -15.785
  -7.064 -14.852 -15.250
  -7.059 -15.913 -15.913
  -7.054 -15.816 -16.022
  -7.049 -15.441 -15.727
  -7.043 -15.833 -16.019
  -7.038 -15.419 -15.606
  -7.033 -15.578 -15.578
  -7.029 -15.214 -15.691
  -7.024 -15.480 -15.777
  -7.019 -15.086 -15.723
  -7.014 -15.196 -15.613
  -7.009 -15.837 -15.837
  -7.005 -15.460 -16.006
  -7.000 -15.447 -15.447
  -6.995 -15.527 -16.209
  -6.991 -15.287 -15.438
  -6.986 -15.679 -15.875
  -6.982 -15.559 -16.122
  -6.978 -16.267 -16.267
  -6.973 -15.240 -15.629
  -6.969 -15.581 -15.797
  -6.965 -16.116 -16.431
  -6.961 -16.115 -16.306
  -6.956 -16.590 -16.590
  -6.952 -15.667 -15.891
  -6.948 -14.762 -15.760
  -6.944 -15.249 -15.698
  -6.940 -15.385 -15.908
  -6.936 -14.929 -16.005
  -6.932 -15.106 -15.955
  -6.928 -15.050 -15.763
  -6.924 -15.996 -16.338
  -6.920 -16.373 -16.373
  -6.917 -15.144 -15.309
  -6.913 -16.359 -16.809
  -6.909 -15.332 -16.228
  -6.905 -15.897 -16.418
  -6.902 -15.595 -15.815
  -6.898 -16.034 -16.034
  -6.894 -15.499 -15.499
  -6.891 -16.400 -16.400
  -6.887 -15.758 -16.072
  -6.884 -15.504 -15.756
  -6.880 -16.414 -16.414
  -6.877 -15.698 -15.948
  -6.873 -15.596 -15.796
  -6.870 -16.217 -16.503
  -6.867 -16.034 -16.352
  -6.863 -16.497 -16.695
  -6.860 -15.907 -16.288
  -6.857 -15.940 -16.384
  -6.853 -16.438 -16.643
  -6.850 -16.529 -16.529
  -6.847 -15.988 -16.255
  -6.844 -15.889 -16.296
  -6.840 -16.486 -16.820
  -6.837 -16.535 -16.535
  -6.834 -16.420 -16.420
  -6.831 -15.756 -16.297
  -6.828 -15.789 -16.028
  -6.825 -15.988 -15.988
  -6.822 -15.643 -16.076
  -6.819 -16.248 -16.568
  -6.816 -16.137 -16.137
  -6.813 -15.774 -16.094
  -6.810 -15.670 -16.160
  -6.807 -16.334 -16.648
  -6.804 -16.214 -16.214
  -6.801 -15.961 -16.385
  -6.798 -16.623 -49.500
  -6.795 -16.111 -16.338
  -6.792 -15.709 -49.500
  -6.789 -16.162 -16.382
  -6.787 -16.459 -16.459
  -6.784 -15.627 -15.944
  -6.781 -15.991 -15.991
  -6.778 -49.500 -49.500
  -6.775 -16.113 -49.500
  -6.773 -16.191 -16.753
  -6.770 -16.103 -16.103
  -6.767 -17.077 -49.500
  -6.765 -16.196 -16.196
  -6.762 -15.346 -15.508
  -6.759 -16.514 -16.723
  -6.757 -15.065 -15.652
  -6.754 -16.315 -49.500
  -6.751 -16.015 -49.500
  -6.749 -49.500 -49.500
  -6.746 -16.975 -49.500
  -6.744 -16.227 -49.500
  -6.741 -49.500 -49.500
  -6.739 -15.821 -49.500
  -6.736 -15.750 -16.454
  -6.734 -49.500     NaN
  -6.731 -15.776 -16.731
  -6.729 -16.239 -16.400
  -6.726 -49.500     NaN
  -6.724 -49.500     NaN
  -6.721 -16.812 -16.964
  -6.719 -16.542 -16.713
  -6.717 -15.887 -49.500
  -6.714 -16.196 -16.462
  -6.712 -49.500 -49.500
  -6.709 -49.500     NaN
  -6.707 -15.391 -16.713
  -6.705 -16.278 -16.735
  -6.702 -16.515 -16.515
  -6.700 -16.744 -17.009
  -6.698 -16.529 -17.112
  -6.696 -15.860 -16.266
  -6.693 -17.195 -49.500
  -6.691 -49.500     NaN
  -6.689 -16.716 -49.500
  -6.687 -49.500 -49.500
  -6.684 -16.552 -16.808
  -6.682 -15.969 -49.500
  -6.680 -16.962 -49.500
  -6.678 -49.500     NaN
  -6.675 -16.050 -49.500
  -6.673 -49.500     NaN
  -6.671 -16.759 -17.017
  -6.669 -49.500     NaN
  -6.667 -16.338 -49.500
  -6.665 -15.924 -49.500
  -6.663 -16.278 -16.753
  -6.661 -16.196 -49.500
  -6.658 -16.689 -49.500
  -6.656 -16.309 -16.939
  -6.654 -16.624 -49.500
  -6.652 -49.500     NaN
  -6.650 -49.500 -49.500
  -6.648 -16.741 -16.936
  -6.646 -16.588 -49.500
  -6.644 -16.869 -49.500
  -6.642 -15.512 -49.500
  -6.640 -16.337 -16.537
  -6.638 -16.539 -16.925
  -6.636 -49.500     NaN
  -6.634 -16.391 -16.580
  -6.632 -49.500     NaN
  -6.630 -15.204 -49.500
  -6.628 -49.500     NaN
  -6.626 -49.500     NaN
  -6.624 -49.500     NaN
  -6.622 -15.965 -15.965
  -6.620 -16.622 -49.500
  -6.618 -49.500 -49.500
  -6.617 -16.223 -49.500
  -6.615 -15.952 -49.500
  -6.613 -17.181 -49.500
  -6.611 -16.092 -49.500
  -6.609 -16.298 -16.498
  -6.607 -49.500     NaN
  -6.605 -49.500     NaN
  -6.603 -49.500     NaN
  -6.602 -49.500 -49.500
  -6.600 -14.697 -49.500
  -6.598 -15.995 -15.995
  -6.596 -49.500     NaN
  -6.594 -49.500 -49.500
