  -8.861 -13.860 -13.860
  -8.599 -13.964 -13.964
  -8.442 -14.063 -14.063
  -8.329 -14.158 -14.158
  -8.239 -14.157 -14.157
  -8.166 -14.216 -14.216
  -8.103 -14.275 -14.275
  -8.048 -14.351 -14.351
  -7.999 -14.276 -14.276
  -7.955 -14.434 -14.434
  -7.916 -14.492 -14.492
  -7.879 -14.414 -14.414
  -7.846 -14.543 -14.543
  -7.815 -14.503 -14.503
  -7.786 -14.128 -14.128
  -7.758 -14.634 -14.634
  -7.733 -14.604 -14.604
  -7.709 -14.762 -14.762
  -7.686 -14.582 -14.582
  -7.664 -14.835 -14.835
  -7.643 -14.703 -14.703
  -7.624 -14.666 -14.666
  -7.605 -14.632 -14.632
  -7.586 -14.434 -14.662
  -7.569 -14.538 -14.717
  -7.552 -14.682 -14.682
  -7.536 -14.523 -14.834
  -7.521 -14.942 -14.942
  -7.506 -14.893 -14.893
  -7.491 -14.897 -14.897
  -7.477 -14.814 -14.814
  -7.464 -14.726 -14.726
  -7.451 -15.036 -15.036
  -7.438 -14.981 -14.981
  -7.425 -15.102 -15.102
  -7.413 -15.025 -15.025
  -7.401 -15.099 -15.250
  -7.390 -15.236 -15.236
  -7.379 -14.881 -15.184
  -7.368 -15.108 -15.108
  -7.357 -15.091 -15.091
  -7.347 -15.021 -15.228
  -7.337 -15.042 -15.042
  -7.327 -15.358 -15.517
  -7.317 -14.612 -14.934
  -7.308 -15.216 -15.216
  -7.299 -15.119 -15.119
  -7.290 -14.923 -15.263
  -7.281 -15.361 -15.361
  -7.272 -15.338 -15.338
  -7.264 -14.926 -15.115
  -7.255 -15.161 -15.373
  -7.247 -14.948 -14.948
  -7.239 -15.144 -15.372
  -7.231 -15.421 -15.421
  -7.223 -15.544 -15.544
  -7.216 -15.354 -15.516
  -7.208 -14.679 -15.404
  -7.201 -15.193 -15.193
  -7.194 -15.027 -15.027
  -7.187 -15.443 -15.443
  -7.180 -14.622 -15.431
  -7.173 -15.584 -15.584
  -7.166 -15.242 -15.398
  -7.159 -15.333 -15.333
  -7.153 -15.380 -15.657
  -7.146 -15.672 -15.672
  -7.140 -14.949 -15.563
  -7.133 -15.035 -15.555
  -7.127 -14.520 -14.902
  -7.121 -15.316 -15.595
  -7.115 -15.451 -15.767
  -7.109 -15.117 -15.353
  -7.103 -15.209 -15.385
  -7.098 -15.803 -15.803
  -7.092 -15.533 -15.803
  -7.086 -15.581 -15.581
  -7.081 -15.548 -15.548
  -7.075 -15.694 -15.899
  -7.070 -15.794 -15.794
  -7.064 -15.398 -15.790
  -7.059 -14.836 -15.483
  -7.054 -14.562 -15.551
  -7.049 -15.372 -15.662
  -7.043 -15.171 -15.511
  -7.038 -15.383 -15.902
  -7.033 -15.790 -15.790
  -7.029 -15.828 -16.283
  -7.024 -15.588 -15.892
  -7.019 -15.607 -15.934
  -7.014 -15.727 -15.727
  -7.009 -15.690 -16.157
  -7.005 -15.929 -16.081
  -7.000 -14.933 -15.730
  -6.995 -16.064 -16.064
  -6.991 -15.551 -16.292
  -6.986 -15.627 -15.827
  -6.982 -15.368 -15.638
  -6.978 -15.087 -15.416
  -6.973 -16.002 -16.002
  -6.969 -13.961 -15.889
  -6.965 -15.740 -15.955
  -6.961 -15.840 -15.840
  -6.956 -15.323 -15.717
  -6.952 -14.802 -15.082
  -6.948 -15.897 -16.071
  -6.944 -15.649 -16.267
  -6.940 -15.942 -16.398
  -6.936 -16.192 -16.376
  -6.932 -15.078 -15.784
  -6.928 -16.268 -16.268
  -6.924 -15.613 -15.792
  -6.920 -16.024 -16.024
  -6.917 -15.861 -16.052
  -6.913 -15.579 -15.768
  -6.909 -15.754 -15.979
  -6.905 -16.465 -16.688
  -6.902 -16.372 -16.372
  -6.898 -15.902 -16.243
  -6.894 -15.237 -16.382
  -6.891 -15.861 -16.287
  -6.887 -16.488 -22.302
  -6.884 -15.671 -15.916
  -6.880 -16.722 -17.016
  -6.877 -15.807 -16.332
  -6.873 -15.366 -16.569
  -6.870 -15.453 -16.422
  -6.867 -16.181 -16.181
  -6.863 -15.390 -15.390
  -6.860 -16.390 -16.570
  -6.857 -16.148 -16.148
  -6.853 -16.144 -16.352
  -6.850 -15.543 -15.543
  -6.847 -15.593 -16.002
  -6.844 -14.833 -16.013
  -6.840 -16.401 -16.401
  -6.837 -16.286 -16.790
  -6.834 -16.119 -16.752
  -6.831 -16.010 -16.345
  -6.828 -16.309 -16.469
  -6.825 -14.961 -16.000
  -6.822 -16.238 -16.422
  -6.819 -16.477 -16.791
  -6.816 -16.500 -16.674
  -6.813 -16.636 -16.788
  -6.810 -15.912 -16.265
  -6.807 -16.638 -16.846
  -6.804 -16.010 -16.185
  -6.801 -17.009 -49.500
  -6.798 -16.202 -16.354
  -6.795 -15.385 -49.500
  -6.792 -15.274 -16.340
  -6.789 -16.106 -17.035
  -6.787 -15.765 -15.920
  -6.784 -16.205 -16.844
  -6.781 -15.645 -16.633
  -6.778 -16.479 -16.479
  -6.775 -15.829 -15.829
  -6.773 -15.984 -16.410
  -6.770 -16.547 -16.868
  -6.767 -16.646 -49.500
  -6.765 -15.843 -16.174
  -6.762 -17.026 -49.500
  -6.759 -49.500 -49.500
  -6.757 -16.351 -16.830
  -6.754 -15.775 -16.408
  -6.751 -16.442 -16.616
  -6.749 -16.932 -49.500
  -6.746 -16.585 -16.818
  -6.744 -16.488 -16.729
  -6.741 -16.046 -16.361
  -6.739 -16.642 -49.500
  -6.736 -15.730 -16.323
  -6.734 -49.500     NaN
  -6.731 -16.493 -16.493
  -6.729 -16.234 -16.412
  -6.726 -16.492 -49.500
  -6.724 -49.500     NaN
  -6.721 -16.486 -16.643
  -6.719 -16.381 -49.500
  -6.717 -16.229 -16.404
  -6.714 -49.500     NaN
  -6.712 -49.500     NaN
  -6.709 -16.512 -17.002
  -6.707 -15.641 -16.444
  -6.705 -16.068 -49.500
  -6.702 -15.965 -16.807
  -6.700 -49.500     NaN
  -6.698 -49.500     NaN
  -6.696 -15.766 -16.397
  -6.693 -49.500     NaN
  -6.691 -16.508 -16.508
  -6.689 -15.777 -49.500
  -6.687 -16.135 -16.792
  -6.684 -16.420 -49.500
  -6.682 -49.500     NaN
  -6.680 -49.500     NaN
  -6.678 -16.459 -16.823
  -6.675 -16.141 -16.714
  -6.673 -15.689 -15.689
  -6.671 -16.099 -49.500
  -6.669 -16.739 -49.500
  -6.667 -16.098 -16.508
  -6.665 -16.049 -49.500
  -6.663 -49.500 -49.500
  -6.661 -49.500     NaN
  -6.658 -16.545 -49.500
  -6.656 -15.387 -16.851
  -6.654 -49.500 -49.500
  -6.652 -49.500 -49.500
  -6.650 -49.500     NaN
  -6.648 -16.474 -49.500
  -6.646 -49.500 -49.500
  -6.644 -15.581 -49.500
  -6.642 -49.500 -49.500
  -6.640 -49.500 -49.500
  -6.638 -15.852 -49.500
  -6.636 -16.392 -49.500
  -6.634 -49.500     NaN
  -6.632 -49.500 -49.500
  -6.630 -49.500     NaN
  -6.628 -16.225 -49.500
  -6.626 -16.431 -49.500
  -6.624 -16.188 -16.495
  -6.622 -16.511 -49.500
  -6.620 -49.500     NaN
  -6.618 -49.500     NaN
  -6.617 -49.500     NaN
  -6.615 -49.500     NaN
  -6.613 -49.500     NaN
  -6.611 -15.741 -49.500
  -6.609 -49.500     NaN
  -6.607 -49.500     NaN
  -6.605 -49.500 -49.500
  -6.603 -49.500 -49.500
  -6.602 -49.500     NaN
  -6.600 -15.552 -49.500
  -6.598 -16.554 -49.500
  -6.596 -49.500     NaN
  -6.594 -15.840 -49.500
