  -8.861 -13.846 -13.846
  -8.599 -13.967 -13.967
  -8.442 -14.014 -14.014
  -8.329 -14.151 -14.151
  -8.239 -14.221 -14.221
  -8.166 -14.180 -14.180
  -8.103 -14.281 -14.281
  -8.048 -14.219 -14.219
  -7.999 -14.358 -14.358
  -7.955 -14.110 -14.373
  -7.916 -14.256 -14.410
  -7.879 -14.375 -14.375
  -7.846 -14.640 -14.640
  -7.815 -14.483 -14.483
  -7.786 -14.564 -14.564
  -7.758 -14.558 -14.711
  -7.733 -14.671 -14.671
  -7.709 -14.407 -14.407
  -7.686 -14.556 -14.720
  -7.664 -14.683 -14.683
  -7.643 -14.571 -14.571
  -7.624 -14.677 -14.677
  -7.605 -14.691 -14.904
  -7.586 -14.777 -14.777
  -7.569 -14.787 -14.787
  -7.552 -14.795 -14.795
  -7.536 -14.762 -14.762
  -7.521 -14.771 -14.771
  -7.506 -14.637 -14.802
  -7.491 -14.650 -14.897
  -7.477 -14.536 -15.001
  -7.464 -14.280 -14.523
  -7.451 -15.137 -15.137
  -7.438 -14.849 -14.849
  -7.425 -14.870 -15.040
  -7.413 -15.078 -15.078
  -7.401 -15.120 -15.120
  -7.390 -14.791 -15.104
  -7.379 -15.103 -15.103
  -7.368 -14.415 -14.922
  -7.357 -15.162 -15.162
  -7.347 -15.196 -15.196
  -7.337 -14.940 -15.303
  -7.327 -15.216 -15.216
  -7.317 -15.277 -15.277
  -7.308 -14.785 -14.785
  -7.299 -14.923 -15.079
  -7.290 -15.092 -15.092
  -7.281 -14.941 -15.212
  -7.272 -15.274 -15.559
  -7.264 -14.865 -15.101
  -7.255 -15.463 -15.463
  -7.247 -15.458 -15.458
  -7.239 -15.604 -15.604
  -7.231 -15.136 -15.299
  -7.223 -15.043 -15.307
  -7.216 -15.267 -15.267
  -7.208 -15.411 -15.411
  -7.201 -15.454 -15.741
  -7.194 -15.470 -15.470
  -7.187 -15.037 -15.338
  -7.180 -15.380 -15.701
  -7.173 -15.292 -15.541
  -7.166 -15.410 -15.410
  -7.159 -15.794 -15.794
  -7.153 -15.531 -15.531
  -7.146 -15.718 -15.718
  -7.140 -15.422 -15.422
  -7.133 -15.267 -15.517
  -7.127 -15.357 -15.357
  -7.121 -15.362 -15.642
  -7.115 -15.818 -15.818
  -7.109 -15.379 -15.620
  -7.103 -15.188 -15.572
  -7.098 -15.317 -15.583
  -7.092 -15.772 -15.772
  -7.086 -14.667 -15.899
  -7.081 -15.394 -15.557
  -7.075 -15.926 -16.143
  -7.070 -15.034 -15.860
  -7.064 -15.574 -15.574
  -7.059 -15.873 -15.873
  -7.054 -15.512 -15.678
  -7.049 -15.931 -15.931
  -7.043 -15.844 -15.844
  -7.038 -15.303 -16.027
  -7.033 -14.960 -15.708
  -7.029 -14.612 -15.303
  -7.024 -15.826 -16.234
  -7.019 -15.579 -15.955
  -7.014 -15.782 -15.978
  -7.009 -15.711 -15.711
  -7.005 -15.349 -15.592
  -7.000 -15.326 -16.321
  -6.995 -15.525 -15.996
  -6.991 -15.438 -15.438
  -6.986 -15.801 -15.801
  -6.982 -15.809 -15.998
  -6.978 -14.792 -16.141
  -6.973 -15.800 -15.800
  -6.969 -15.464 -15.797
  -6.965 -15.766 -15.937
  -6.961 -15.458 -15.458
  -6.956 -15.640 -15.640
  -6.952 -15.331 -15.715
  -6.948 -15.837 -16.026
  -6.944 -15.381 -15.668
  -6.940 -15.991 -16.159
  -6.936 -15.910 -15.910
  -6.932 -16.046 -16.046
  -6.928 -15.665 -16.401
  -6.924 -15.901 -16.358
  -6.920 -15.636 -15.857
  -6.917 -15.385 -15.575
  -6.913 -15.859 -15.859
  -6.909 -16.100 -16.491
  -6.905 -14.870 -16.316
  -6.902 -16.060 -16.329
  -6.898 -15.469 -16.006
  -6.894 -15.182 -15.912
  -6.891 -15.908 -15.908
  -6.887 -16.258 -16.258
  -6.884 -16.254 -16.473
  -6.880 -16.881 -17.278
  -6.877 -15.887 -16.275
  -6.873 -15.899 -15.899
  -6.870 -16.222 -16.396
  -6.867 -15.936 -16.369
  -6.863 -16.470 -17.186
  -6.860 -15.671 -15.959
  -6.857 -16.694 -16.694
  -6.853 -16.317 -16.563
  -6.850 -15.082 -16.365
  -6.847 -16.485 -16.640
  -6.844 -16.337 -16.678
  -6.840 -15.213 -16.293
  -6.837 -15.676 -15.905
  -6.834 -15.883 -15.883
  -6.831 -16.062 -16.737
  -6.828 -15.860 -16.046
  -6.825 -16.720 -16.918
  -6.822 -16.184 -16.384
  -6.819 -15.695 -16.246
  -6.816 -15.974 -16.714
  -6.813 -15.279 -15.994
  -6.810 -16.240 -16.240
  -6.807 -15.604 -16.135
  -6.804 -16.352 -49.500
  -6.801 -17.184 -49.500
  -6.798 -16.438 -16.662
  -6.795 -49.500     NaN
  -6.792 -16.055 -16.288
  -6.789 -16.527 -16.895
  -6.787 -15.827 -16.122
  -6.784 -16.250 -16.250
  -6.781 -15.716 -16.482
  -6.778 -16.632 -16.632
  -6.775 -15.778 -16.867
  -6.773 -16.150 -16.451
  -6.770 -16.220 -16.514
  -6.767 -16.052 -17.041
  -6.765 -15.218 -49.500
  -6.762 -16.348 -49.500
  -6.759 -49.500     NaN
  -6.757 -15.110 -16.338
  -6.754 -49.500 -49.500
  -6.751 -16.509 -16.703
  -6.749 -49.500 -49.500
  -6.746 -15.426 -16.275
  -6.744 -16.223 -16.381
  -6.741 -16.095 -16.095
  -6.739 -16.901 -49.500
  -6.736 -15.762 -17.224
  -6.734 -15.967 -49.500
  -6.731 -49.500 -49.500
  -6.729 -16.445 -49.500
  -6.726 -16.770 -49.500
  -6.724 -49.500     NaN
  -6.721 -16.590 -49.500
  -6.719 -16.602 -49.500
  -6.717 -16.527 -49.500
  -6.714 -16.569 -49.500
  -6.712 -49.500     NaN
  -6.709 -16.085 -49.500
  -6.707 -16.419 -49.500
  -6.705 -16.237 -16.508
  -6.702 -16.064 -16.780
  -6.700 -16.061 -16.216
  -6.698 -16.691 -49.500
  -6.696 -49.500 -49.500
  -6.693 -16.365 -49.500
  -6.691 -16.575 -16.789
  -6.689 -16.077 -16.657
  -6.687 -16.045 -49.500
  -6.684 -15.894 -16.088
  -6.682 -15.931 -16.364
  -6.680 -16.367 -16.586
  -6.678 -49.500 -49.500
  -6.675 -16.443 -49.500
  -6.673 -16.066 -16.301
  -6.671 -16.657 -16.921
  -6.669 -16.184 -16.658
  -6.667 -49.500     NaN
  -6.665 -16.305 -16.559
  -6.663 -16.375 -49.500
  -6.661 -16.205 -16.458
  -6.658 -16.332 -49.500
  -6.656 -15.575 -16.429
  -6.654 -49.500     NaN
  -6.652 -16.450 -49.500
  -6.650 -16.469 -49.500
  -6.648 -15.880 -16.653
  -6.646 -49.500 -49.500
  -6.644 -49.500     NaN
  -6.642 -16.388 -16.557
  -6.640 -15.802 -16.230
  -6.638 -49.500     NaN
  -6.636 -49.500 -49.500
  -6.634 -49.500 -49.500
  -6.632 -16.103 -49.500
  -6.630 -16.311 -16.718
  -6.628 -49.500     NaN
  -6.626 -49.500     NaN
  -6.624 -49.500     NaN
  -6.622 -49.500     NaN
  -6.620 -49.500     NaN
  -6.618 -16.042 -49.500
  -6.617 -49.500     NaN
  -6.615 -16.730 -49.500
  -6.613 -49.500 -49.500
  -6.611 -16.023 -16.023
  -6.609 -49.500     NaN
  -6.607 -16.304 -49.500
  -6.605 -49.500 -49.500
  -6.603 -49.500     NaN
  -6.602 -16.561 -49.500
  -6.600 -49.500     NaN
  -6.598 -15.961 -49.500
  -6.596 -15.535 -49.500
  -6.594 -49.500     NaN
