  -8.861 -13.812 -13.812
  -8.599 -13.975 -13.975
  -8.442 -14.033 -14.033
  -8.329 -14.082 -14.082
  -8.239 -14.189 -14.189
  -8.166 -14.218 -14.218
  -8.103 -14.329 -14.329
  -8.048 -14.331 -14.331
  -7.999 -14.331 -14.331
  -7.955 -14.461 -14.461
  -7.916 -14.359 -14.359
  -7.879 -14.426 -14.426
  -7.846 -14.500 -14.500
  -7.815 -14.473 -14.473
  -7.786 -14.610 -14.610
  -7.758 -14.439 -14.439
  -7.733 -14.484 -14.484
  -7.709 -14.641 -14.641
  -7.686 -14.507 -14.507
  -7.664 -14.823 -14.823
  -7.643 -14.697 -14.697
  -7.624 -14.676 -14.676
  -7.605 -14.844 -14.844
  -7.586 -14.525 -14.755
  -7.569 -14.806 -15.023
  -7.552 -14.861 -14.861
  -7.536 -14.634 -14.793
  -7.521 -14.990 -14.990
  -7.506 -15.065 -15.065
  -7.491 -15.066 -15.066
  -7.477 -15.047 -15.047
  -7.464 -14.876 -14.876
  -7.451 -14.835 -15.142
  -7.438 -14.929 -14.929
  -7.425 -14.899 -15.133
  -7.413 -14.913 -15.069
  -7.401 -14.619 -15.077
  -7.390 -14.209 -14.489
  -7.379 -14.556 -15.302
  -7.368 -15.180 -15.180
  -7.357 -14.960 -14.960
  -7.347 -14.830 -15.058
  -7.337 -15.173 -15.341
  -7.327 -15.233 -15.233
  -7.317 -14.467 -14.650
  -7.308 -15.317 -15.486
  -7.299 -14.606 -14.782
  -7.290 -15.232 -15.232
  -7.281 -15.328 -15.328
  -7.272 -15.042 -15.232
  -7.264 -14.450 -15.069
  -7.255 -15.009 -15.257
  -7.247 -14.784 -15.152
  -7.239 -15.473 -15.473
  -7.231 -15.371 -15.738
  -7.223 -15.140 -15.140
  -7.216 -15.073 -15.248
  -7.208 -14.714 -14.915
  -7.201 -15.270 -15.270
  -7.194 -15.243 -15.597
  -7.187 -15.556 -15.556
  -7.180 -15.349 -15.349
  -7.173 -15.694 -15.694
  -7.166 -15.664 -15.664
  -7.159 -14.754 -15.353
  -7.153 -15.441 -15.721
  -7.146 -14.813 -15.884
  -7.140 -15.402 -15.402
  -7.133 -15.370 -15.370
  -7.127 -15.616 -15.616
  -7.121 -15.254 -15.880
  -7.115 -15.563 -15.751
  -7.109 -14.343 -15.283
  -7.103 -15.365 -15.683
  -7.098 -15.480 -15.689
  -7.092 -15.327 -15.951
  -7.086 -15.433 -15.658
  -7.081 -14.769 -14.932
  -7.075 -15.355 -15.787
  -7.070 -15.594 -15.594
  -7.064 -16.229 -16.229
  -7.059 -14.644 -15.557
  -7.054 -15.378 -15.615
  -7.049 -16.026 -16.256
  -7.043 -15.806 -16.020
  -7.038 -15.272 -15.697
  -7.033 -15.093 -15.274
  -7.029 -15.729 -15.930
  -7.024 -15.538 -15.799
  -7.019 -15.072 -16.002
  -7.014 -16.082 -16.082
  -7.009 -14.965 -15.729
  -7.005 -15.711 -15.711
  -7.000 -15.579 -16.193
  -6.995 -15.970 -15.970
  -6.991 -15.565 -15.565
  -6.986 -15.145 -15.872
  -6.982 -14.730 -15.859
  -6.978 -15.514 -15.990
  -6.973 -15.797 -16.354
  -6.969 -16.128 -16.128
  -6.965 -15.982 -15.982
  -6.961 -15.580 -15.823
  -6.956 -15.719 -15.719
  -6.952 -15.963 -16.146
  -6.948 -15.618 -15.810
  -6.944 -16.038 -16.038
  -6.940 -16.265 -16.265
  -6.936 -15.961 -16.322
  -6.932 -15.609 -15.986
  -6.928 -15.680 -16.043
  -6.924 -16.191 -16.411
  -6.920 -15.980 -15.980
  -6.917 -14.789 -15.112
  -6.913 -16.207 -16.632
  -6.909 -16.085 -16.315
  -6.905 -15.397 -16.301
  -6.902 -16.067 -16.463
  -6.898 -15.851 -16.507
  -6.894 -15.854 -16.064
  -6.891 -15.382 -16.292
  -6.887 -15.880 -16.040
  -6.884 -16.576 -16.791
  -6.880 -15.112 -15.847
  -6.877 -15.801 -16.127
  -6.873 -16.041 -16.193
  -6.870 -16.045 -16.045
  -6.867 -15.754 -16.223
  -6.863 -14.926 -15.801
  -6.860 -16.429 -16.429
  -6.857 -16.332 -16.332
  -6.853 -15.617 -15.617
  -6.850 -16.513 -16.513
  -6.847 -15.538 -16.198
  -6.844 -15.294 -15.464
  -6.840 -16.167 -16.326
  -6.837 -16.081 -49.500
  -6.834 -16.047 -16.261
  -6.831 -15.682 -16.151
  -6.828 -15.853 -16.369
  -6.825 -16.369 -16.522
  -6.822 -16.102 -16.102
  -6.819 -16.622 -16.956
  -6.816 -16.525 -16.766
  -6.813 -16.621 -17.216
  -6.810 -14.612 -15.468
  -6.807 -16.008 -16.008
  -6.804 -16.016 -16.206
  -6.801 -16.124 -16.305
  -6.798 -15.522 -49.500
  -6.795 -16.683 -49.500
  -6.792 -16.730 -16.730
  -6.789 -16.345 -16.770
  -6.787 -15.445 -15.823
  -6.784 -16.431 -16.623
  -6.781 -16.652 -16.999
  -6.778 -16.291 -16.456
  -6.775 -16.674 -16.674
  -6.773 -16.638 -17.203
  -6.770 -49.500     NaN
  -6.767 -16.001 -16.653
  -6.765 -16.545 -16.749
  -6.762 -16.366 -16.558
  -6.759 -15.878 -16.188
  -6.757 -15.390 -16.138
  -6.754 -16.175 -16.702
  -6.751 -15.764 -16.377
  -6.749 -16.141 -16.141
  -6.746 -15.271 -49.500
  -6.744 -17.024 -49.500
  -6.741 -15.485 -16.422
  -6.739 -16.617 -49.500
  -6.736 -16.660 -17.026
  -6.734 -49.500     NaN
  -6.731 -15.654 -15.654
  -6.729 -16.382 -16.557
  -6.726 -49.500     NaN
  -6.724 -16.889 -49.500
  -6.721 -16.326 -16.496
  -6.719 -49.500 -49.500
  -6.717 -16.842 -49.500
  -6.714 -15.422 -15.800
  -6.712 -16.863 -49.500
  -6.709 -16.158 -16.158
  -6.707 -49.500 -49.500
  -6.705 -16.352 -16.515
  -6.702 -15.763 -15.950
  -6.700 -49.500     NaN
  -6.698 -49.500     NaN
  -6.696 -49.500     NaN
  -6.693 -15.500 -15.770
  -6.691 -16.420 -16.578
  -6.689 -16.383 -49.500
  -6.687 -49.500     NaN
  -6.684 -16.516 -49.500
  -6.682 -49.500     NaN
  -6.680 -16.298 -16.298
  -6.678 -16.576 -16.576
  -6.675 -49.500     NaN
  -6.673 -15.899 -16.107
  -6.671 -16.688 -49.500
  -6.669 -49.500     NaN
  -6.667 -49.500     NaN
  -6.665 -49.500     NaN
  -6.663 -49.500     NaN
  -6.661 -49.500     NaN
  -6.658 -49.500 -49.500
  -6.656 -16.485 -49.500
  -6.654 -16.477 -49.500
  -6.652 -49.500     NaN
  -6.650 -14.942 -16.741
  -6.648 -49.500     NaN
  -6.646 -49.500     NaN
  -6.644 -49.500     NaN
  -6.642 -16.329 -49.500
  -6.640 -49.500     NaN
  -6.638 -49.500     NaN
  -6.636 -16.211 -16.455
  -6.634 -49.500     NaN
  -6.632 -16.157 -16.446
  -6.630 -16.702 -49.500
  -6.628 -15.150 -16.440
  -6.626 -49.500 -49.500
  -6.624 -16.271 -49.500
  -6.622 -16.481 -16.803
  -6.620 -49.500     NaN
  -6.618 -16.646 -49.500
  -6.617 -49.500     NaN
  -6.615 -49.500     NaN
  -6.613 -16.566 -49.500
  -6.611 -49.500     NaN
  -6.609 -16.866 -49.500
  -6.607 -15.995 -49.500
  -6.605 -49.500 -49.500
  -6.603 -16.506 -16.506
  -6.602 -15.353 -49.500
  -6.600 -16.590 -49.500
  -6.598 -49.500 -49.500
  -6.596 -49.500     NaN
  -6.594 -49.500 -49.500
