  -8.861 -13.839 -13.839
  -8.599 -13.876 -13.876
  -8.442 -14.025 -14.025
  -8.329 -14.127 -14.127
  -8.239 -14.145 -14.145
  -8.166 -14.218 -14.218
  -8.103 -14.283 -14.283
  -8.048 -14.334 -14.334
  -7.999 -14.328 -14.328
  -7.955 -14.160 -14.466
  -7.916 -14.370 -14.370
  -7.879 -14.627 -14.627
  -7.846 -14.598 -14.598
  -7.815 -14.230 -14.498
  -7.786 -14.698 -14.698
  -7.758 -14.531 -14.531
  -7.733 -14.522 -14.522
  -7.709 -14.466 -14.466
  -7.686 -14.221 -14.593
  -7.664 -14.488 -14.488
  -7.643 -14.710 -14.710
  -7.624 -14.374 -14.636
  -7.605 -14.755 -14.755
  -7.586 -14.749 -14.749
  -7.569 -14.719 -14.719
  -7.552 -14.744 -14.744
  -7.536 -14.971 -14.971
  -7.521 -14.694 -14.694
  -7.506 -14.877 -14.877
  -7.491 -14.878 -15.047
  -7.477 -14.996 -14.996
  -7.464 -15.061 -15.061
  -7.451 -15.033 -15.033
  -7.438 -14.889 -15.096
  -7.425 -15.203 -15.203
  -7.413 -14.882 -14.882
  -7.401 -14.532 -14.898
  -7.390 -14.766 -14.991
  -7.379 -14.659 -14.659
  -7.368 -15.296 -15.296
  -7.357 -14.670 -14.670
  -7.347 -14.738 -14.932
  -7.337 -15.036 -15.036
  -7.327 -15.197 -15.197
  -7.317 -15.149 -15.377
  -7.308 -15.168 -15.168
  -7.299 -15.335 -15.335
  -7.290 -15.179 -15.506
  -7.281 -15.391 -15.391
  -7.272 -15.204 -15.204
  -7.264 -15.292 -15.292
  -7.255 -15.089 -15.315
  -7.247 -15.041 -15.264
  -7.239 -15.021 -15.235
  -7.231 -15.045 -15.500
  -7.223 -15.517 -15.517
  -7.216 -15.319 -15.319
  -7.208 -15.278 -15.278
  -7.201 -15.478 -15.478
  -7.194 -15.433 -15.433
  -7.187 -14.839 -15.044
  -7.180 -15.298 -15.298
  -7.173 -14.134 -14.547
  -7.166 -15.486 -15.718
  -7.159 -15.021 -15.435
  -7.153 -14.921 -15.429
  -7.146 -15.006 -15.197
  -7.140 -15.699 -15.893
  -7.133 -15.578 -15.578
  -7.127 -15.615 -15.615
  -7.121 -15.268 -15.605
  -7.115 -15.233 -15.404
  -7.109 -15.488 -15.488
  -7.103 -15.597 -15.597
  -7.098 -14.421 -15.443
  -7.092 -14.939 -15.436
  -7.086 -15.186 -15.432
  -7.081 -15.369 -15.799
  -7.075 -15.493 -15.906
  -7.070 -15.684 -15.684
  -7.064 -15.744 -15.744
  -7.059 -15.556 -15.556
  -7.054 -15.129 -15.289
  -7.049 -15.634 -15.634
  -7.043 -15.525 -15.847
  -7.038 -15.153 -15.331
  -7.033 -16.001 -16.001
  -7.029 -15.278 -16.283
  -7.024 -16.271 -16.271
  -7.019 -15.930 -15.930
  -7.014 -15.543 -16.049
  -7.009 -15.958 -15.958
  -7.005 -14.576 -16.182
  -7.000 -15.661 -16.072
  -6.995 -15.377 -15.668
  -6.991 -16.005 -16.005
  -6.986 -15.663 -15.910
  -6.982 -15.862 -16.014
  -6.978 -15.376 -15.963
  -6.973 -16.169 -16.169
  -6.969 -15.920 -16.510
  -6.965 -15.342 -15.919
  -6.961 -15.418 -16.132
  -6.956 -15.548 -15.807
  -6.952 -14.995 -16.513
  -6.948 -15.277 -15.867
  -6.944 -15.932 -16.359
  -6.940 -15.428 -15.833
  -6.936 -15.875 -15.875
  -6.932 -15.788 -16.040
  -6.928 -16.070 -16.070
  -6.924 -16.544 -16.706
  -6.920 -16.319 -16.477
  -6.917 -15.890 -16.353
  -6.913 -15.874 -16.028
  -6.909 -15.891 -16.086
  -6.905 -16.210 -16.370
  -6.902 -16.372 -16.901
  -6.898 -15.798 -16.193
  -6.894 -16.327 -16.327
  -6.891 -15.952 -16.314
  -6.887 -15.539 -15.928
  -6.884 -16.093 -17.160
  -6.880 -14.526 -16.053
  -6.877 -16.100 -16.100
  -6.873 -15.949 -16.624
  -6.870 -14.348 -15.835
  -6.867 -15.822 -16.009
  -6.863 -16.059 -16.718
  -6.860 -15.934 -16.109
  -6.857 -16.179 -16.655
  -6.853 -16.418 -17.081
  -6.850 -16.082 -16.990
  -6.847 -14.702 -16.432
  -6.844 -16.135 -16.383
  -6.840 -16.460 -16.625
  -6.837 -16.237 -16.415
  -6.834 -16.359 -16.359
  -6.831 -16.181 -16.337
  -6.828 -16.498 -16.498
  -6.825 -14.675 -16.428
  -6.822 -15.529 -16.857
  -6.819 -16.144 -16.304
  -6.816 -16.048 -16.551
  -6.813 -49.500     NaN
  -6.810 -17.096 -49.500
  -6.807 -16.053 -16.788
  -6.804 -16.533 -16.756
  -6.801 -16.747 -16.973
  -6.798 -16.382 -16.790
  -6.795 -16.236 -16.236
  -6.792 -49.500     NaN
  -6.789 -49.500     NaN
  -6.787 -15.217 -16.346
  -6.784 -16.840 -17.194
  -6.781 -15.808 -16.035
  -6.778 -16.083 -16.680
  -6.775 -16.096 -16.943
  -6.773 -15.596 -15.957
  -6.770 -15.557 -16.019
  -6.767 -16.324 -16.324
  -6.765 -16.208 -16.208
  -6.762 -16.008 -16.277
  -6.759 -16.529 -16.777
  -6.757 -16.424 -16.944
  -6.754 -15.832 -16.479
  -6.751 -16.335 -16.884
  -6.749 -16.070 -49.500
  -6.746 -16.438 -16.758
  -6.744 -16.662 -17.051
  -6.741 -16.135 -49.500
  -6.739 -15.912 -16.331
  -6.736 -17.342 -49.500
  -6.734 -49.500     NaN
  -6.731 -16.639 -49.500
  -6.729 -49.500     NaN
  -6.726 -15.682 -16.431
  -6.724 -16.009 -16.009
  -6.721 -16.399 -16.851
  -6.719 -49.500     NaN
  -6.717 -16.642 -49.500
  -6.714 -49.500     NaN
  -6.712 -16.079 -16.480
  -6.709 -49.500     NaN
  -6.707 -16.933 -16.933
  -6.705 -16.832 -49.500
  -6.702 -15.605 -15.802
  -6.700 -16.598 -49.500
  -6.698 -16.237 -49.500
  -6.696 -16.781 -49.500
  -6.693 -16.262 -49.500
  -6.691 -15.382 -16.383
  -6.689 -49.500     NaN
  -6.687 -16.119 -16.421
  -6.684 -16.508 -16.954
  -6.682 -49.500 -49.500
  -6.680 -16.308 -49.500
  -6.678 -49.500 -49.500
  -6.675 -49.500 -49.500
  -6.673 -16.445 -16.920
  -6.671 -49.500     NaN
  -6.669 -16.243 -49.500
  -6.667 -16.245 -16.860
  -6.665 -49.500 -49.500
  -6.663 -16.760 -49.500
  -6.661 -49.500     NaN
  -6.658 -16.520 -16.951
  -6.656 -16.537 -16.741
  -6.654 -15.863 -16.518
  -6.652 -16.362 -16.886
  -6.650 -15.882 -16.505
  -6.648 -16.078 -16.244
  -6.646 -16.560 -49.500
  -6.644 -16.837 -49.500
  -6.642 -16.295 -49.500
  -6.640 -49.500 -49.500
  -6.638 -49.500     NaN
  -6.636 -15.763 -16.576
  -6.634 -49.500     NaN
  -6.632 -16.392 -49.500
  -6.630 -16.650 -49.500
  -6.628 -49.500     NaN
  -6.626 -16.185 -49.500
  -6.624 -16.797 -49.500
  -6.622 -49.500     NaN
  -6.620 -16.340 -16.340
  -6.618 -49.500 -49.500
  -6.617 -49.500     NaN
  -6.615 -49.500 -49.500
  -6.613 -16.594 -16.594
  -6.611 -49.500 -49.500
  -6.609 -16.895 -49.500
  -6.607 -49.500 -49.500
  -6.605 -14.231 -49.500
  -6.603 -49.500     NaN
  -6.602 -49.500     NaN
  -6.600 -16.683 -49.500
  -6.598 -16.448 -49.500
  -6.596 -49.500     NaN
  -6.594 -49.500     NaN
