  -8.861 -13.845 -13.845
  -8.599 -13.950 -13.950
  -8.442 -14.015 -14.015
  -8.329 -14.095 -14.095
  -8.239 -14.089 -14.089
  -8.166 -14.247 -14.247
  -8.103 -14.164 -14.164
  -8.048 -14.330 -14.330
  -7.999 -14.335 -14.335
  -7.955 -14.400 -14.400
  -7.916 -14.362 -14.362
  -7.879 -14.165 -14.513
  -7.846 -14.336 -14.336
  -7.815 -14.330 -14.330
  -7.786 -14.504 -14.504
  -7.758 -14.516 -14.516
  -7.733 -14.229 -14.525
  -7.709 -14.350 -14.594
  -7.686 -14.512 -14.512
  -7.664 -14.653 -14.653
  -7.643 -14.485 -14.833
  -7.624 -14.700 -14.700
  -7.605 -14.754 -14.953
  -7.586 -14.721 -14.877
  -7.569 -14.589 -14.789
  -7.552 -14.923 -14.923
  -7.536 -14.847 -15.090
  -7.521 -14.999 -14.999
  -7.506 -14.805 -14.805
  -7.491 -14.803 -14.803
  -7.477 -14.899 -14.899
  -7.464 -14.834 -15.143
  -7.451 -14.657 -14.657
  -7.438 -14.846 -15.099
  -7.425 -15.113 -15.113
  -7.413 -15.073 -15.073
  -7.401 -15.255 -15.255
  -7.390 -15.068 -15.068
  -7.379 -15.089 -15.309
  -7.368 -15.113 -15.113
  -7.357 -15.164 -15.164
  -7.347 -14.966 -15.242
  -7.337 -14.972 -14.972
  -7.327 -14.980 -15.280
  -7.317 -15.279 -15.279
  -7.308 -14.972 -15.285
  -7.299 -15.258 -15.258
  -7.290 -15.311 -15.311
  -7.281 -15.151 -15.325
  -7.272 -15.497 -15.497
  -7.264 -15.271 -15.271
  -7.255 -15.183 -15.183
  -7.247 -15.263 -15.435
  -7.239 -15.327 -15.522
  -7.231 -15.333 -15.333
  -7.223 -15.600 -15.600
  -7.216 -15.113 -15.294
  -7.208 -15.341 -15.341
  -7.201 -14.074 -15.479
  -7.194 -15.554 -15.858
  -7.187 -15.303 -15.582
  -7.180 -14.998 -14.998
  -7.173 -15.129 -15.129
  -7.166 -15.442 -15.656
  -7.159 -14.821 -15.478
  -7.153 -15.434 -15.652
  -7.146 -15.456 -15.456
  -7.140 -15.707 -15.707
  -7.133 -15.465 -15.664
  -7.127 -15.369 -15.369
  -7.121 -15.840 -15.840
  -7.115 -15.376 -15.546
  -7.109 -15.600 -15.600
  -7.103 -15.552 -15.552
  -7.098 -15.076 -15.664
  -7.092 -15.280 -15.654
  -7.086 -15.973 -15.973
  -7.081 -16.003 -16.003
  -7.075 -15.911 -15.911
  -7.070 -15.382 -15.834
  -7.064 -15.587 -15.782
  -7.059 -16.010 -16.010
  -7.054 -15.499 -15.689
  -7.049 -15.839 -15.839
  -7.043 -15.592 -16.011
  -7.038 -15.597 -15.793
  -7.033 -15.775 -16.002
  -7.029 -16.208 -16.208
  -7.024 -16.020 -16.020
  -7.019 -14.744 -15.469
  -7.014 -14.774 -15.335
  -7.009 -15.267 -15.905
  -7.005 -15.880 -15.880
  -7.000 -15.725 -15.888
  -6.995 -15.370 -15.370
  -6.991 -15.684 -15.870
  -6.986 -14.464 -15.577
  -6.982 -15.230 -15.567
  -6.978 -16.274 -16.274
  -6.973 -15.388 -15.984
  -6.969 -15.627 -15.839
  -6.965 -15.976 -15.976
  -6.961 -16.342 -16.342
  -6.956 -15.864 -16.210
  -6.952 -16.097 -16.317
  -6.948 -15.471 -15.705
  -6.944 -15.938 -16.130
  -6.940 -15.658 -15.906
  -6.936 -15.999 -15.999
  -6.932 -15.821 -16.012
  -6.928 -15.680 -15.935
  -6.924 -15.034 -16.363
  -6.920 -16.366 -16.366
  -6.917 -15.651 -16.008
  -6.913 -15.839 -16.024
  -6.909 -15.972 -16.285
  -6.905 -16.218 -16.501
  -6.902 -15.549 -15.852
  -6.898 -15.974 -16.334
  -6.894 -16.332 -16.668
  -6.891 -16.605 -16.861
  -6.887 -15.980 -16.221
  -6.884 -14.907 -16.502
  -6.880 -16.473 -16.770
  -6.877 -16.340 -16.518
  -6.873 -15.550 -15.853
  -6.870 -16.152 -16.374
  -6.867 -16.423 -16.597
  -6.863 -16.047 -16.047
  -6.860 -15.912 -16.219
  -6.857 -14.521 -16.308
  -6.853 -15.871 -16.562
  -6.850 -16.617 -17.043
  -6.847 -15.771 -16.269
  -6.844 -15.480 -16.128
  -6.840 -16.106 -16.284
  -6.837 -15.591 -16.054
  -6.834 -15.679 -15.857
  -6.831 -16.011 -16.410
  -6.828 -16.596 -16.805
  -6.825 -15.561 -16.118
  -6.822 -16.841 -49.500
  -6.819 -16.556 -16.790
  -6.816 -17.172 -49.500
  -6.813 -16.342 -16.342
  -6.810 -16.114 -16.291
  -6.807 -14.493 -16.835
  -6.804 -14.260 -15.830
  -6.801 -16.492 -17.135
  -6.798 -15.935 -16.482
  -6.795 -15.944 -16.343
  -6.792 -16.596 -49.500
  -6.789 -16.020 -16.020
  -6.787 -16.098 -16.098
  -6.784 -15.405 -15.680
  -6.781 -16.687 -16.871
  -6.778 -15.172 -16.919
  -6.775 -16.447 -16.447
  -6.773 -15.789 -16.469
  -6.770 -15.823 -15.823
  -6.767 -16.379 -16.546
  -6.765 -16.684 -49.500
  -6.762 -16.669 -16.912
  -6.759 -17.185 -49.500
  -6.757 -49.500     NaN
  -6.754 -16.090 -16.582
  -6.751 -16.845 -49.500
  -6.749 -15.642 -16.738
  -6.746 -16.631 -49.500
  -6.744 -49.500     NaN
  -6.741 -16.525 -16.715
  -6.739 -16.417 -49.500
  -6.736 -16.944 -17.204
  -6.734 -16.283 -16.642
  -6.731 -16.656 -16.850
  -6.729 -16.182 -16.387
  -6.726 -16.364 -16.595
  -6.724 -16.459 -16.903
  -6.721 -49.500     NaN
  -6.719 -16.762 -49.500
  -6.717 -49.500     NaN
  -6.714 -16.541 -16.885
  -6.712 -49.500     NaN
  -6.709 -16.558 -49.500
  -6.707 -16.749 -49.500
  -6.705 -49.500     NaN
  -6.702 -15.615 -16.282
  -6.700 -49.500 -49.500
  -6.698 -16.266 -16.540
  -6.696 -15.939 -16.422
  -6.693 -16.037 -16.037
  -6.691 -49.500 -49.500
  -6.689 -16.279 -49.500
  -6.687 -15.045 -16.626
  -6.684 -16.535 -49.500
  -6.682 -16.860 -49.500
  -6.680 -15.478 -16.993
  -6.678 -16.755 -49.500
  -6.675 -16.321 -16.951
  -6.673 -16.033 -16.193
  -6.671 -49.500     NaN
  -6.669 -16.709 -17.003
  -6.667 -49.500     NaN
  -6.665 -15.775 -49.500
  -6.663 -49.500     NaN
  -6.661 -16.844 -49.500
  -6.658 -49.500     NaN
  -6.656 -16.772 -49.500
  -6.654 -49.500 -49.500
  -6.652 -49.500 -49.500
  -6.650 -49.500     NaN
  -6.648 -16.507 -16.937
  -6.646 -16.067 -49.500
  -6.644 -16.108 -49.500
  -6.642 -16.358 -16.358
  -6.640 -49.500     NaN
  -6.638 -49.500 -49.500
  -6.636 -49.500     NaN
  -6.634 -16.206 -16.626
  -6.632 -49.500 -49.500
  -6.630 -49.500     NaN
  -6.628 -16.513 -49.500
  -6.626 -16.543 -49.500
  -6.624 -49.500     NaN
  -6.622 -16.066 -49.500
  -6.620 -15.973 -16.891
  -6.618 -15.056 -16.304
  -6.617 -16.982 -49.500
  -6.615 -49.500 -49.500
  -6.613 -16.106 -16.327
  -6.611 -16.698 -49.500
  -6.609 -49.500 -49.500
  -6.607 -16.442 -49.500
  -6.605 -49.500     NaN
  -6.603 -49.500     NaN
  -6.602 -49.500     NaN
  -6.600 -49.500 -49.500
  -6.598 -49.500 -49.500
  -6.596 -16.038 -16.307
  -6.594 -16.324 -49.500
