  -8.861 -13.842 -13.842
  -8.599 -13.955 -13.955
  -8.442 -14.035 -14.035
  -8.329 -14.147 -14.147
  -8.239 -14.189 -14.189
  -8.166 -14.187 -14.187
  -8.103 -14.125 -14.125
  -8.048 -14.333 -14.333
  -7.999 -14.362 -14.362
  -7.955 -14.381 -14.381
  -7.916 -14.392 -14.392
  -7.879 -14.372 -14.372
  -7.846 -14.354 -14.354
  -7.815 -14.207 -14.522
  -7.786 -14.443 -14.443
  -7.758 -14.528 -14.528
  -7.733 -14.409 -14.409
  -7.709 -14.690 -14.690
  -7.686 -14.522 -14.522
  -7.664 -14.710 -14.710
  -7.643 -14.738 -14.738
  -7.624 -14.495 -14.805
  -7.605 -14.371 -14.707
  -7.586 -14.706 -14.706
  -7.569 -14.957 -14.957
  -7.552 -14.546 -14.823
  -7.536 -14.850 -14.850
  -7.521 -14.944 -14.944
  -7.506 -14.831 -14.831
  -7.491 -14.730 -14.730
  -7.477 -15.041 -15.041
  -7.464 -14.615 -14.615
  -7.451 -14.848 -15.087
  -7.438 -15.124 -15.124
  -7.425 -15.013 -15.013
  -7.413 -14.676 -14.829
  -7.401 -14.569 -15.096
  -7.390 -14.533 -14.945
  -7.379 -14.623 -14.808
  -7.368 -15.066 -15.066
  -7.357 -15.048 -15.048
  -7.347 -15.353 -15.353
  -7.337 -14.865 -15.183
  -7.327 -14.201 -14.858
  -7.317 -15.109 -15.109
  -7.308 -15.305 -15.485
  -7.299 -15.119 -15.119
  -7.290 -15.126 -15.311
  -7.281 -15.372 -15.372
  -7.272 -14.624 -15.342
  -7.264 -14.442 -14.917
  -7.255 -14.796 -15.383
  -7.247 -15.338 -15.338
  -7.239 -15.379 -15.379
  -7.231 -15.210 -15.210
  -7.223 -15.153 -15.464
  -7.216 -14.553 -14.989
  -7.208 -15.375 -15.375
  -7.201 -15.474 -15.474
  -7.194 -14.908 -15.086
  -7.187 -15.695 -15.695
  -7.180 -15.429 -15.429
  -7.173 -15.023 -15.023
  -7.166 -15.640 -15.640
  -7.159 -15.103 -15.103
  -7.153 -15.314 -15.314
  -7.146 -15.543 -15.543
  -7.140 -15.202 -15.718
  -7.133 -15.532 -15.700
  -7.127 -15.532 -15.532
  -7.121 -14.963 -15.648
  -7.115 -15.639 -15.639
  -7.109 -15.720 -15.720
  -7.103 -15.385 -15.548
  -7.098 -15.289 -16.007
  -7.092 -15.350 -15.764
  -7.086 -15.521 -15.697
  -7.081 -15.235 -15.756
  -7.075 -15.673 -15.673
  -7.070 -16.005 -16.005
  -7.064 -14.266 -14.461
  -7.059 -15.893 -15.893
  -7.054 -15.434 -15.988
  -7.049 -14.679 -15.565
  -7.043 -15.572 -15.572
  -7.038 -15.232 -15.387
  -7.033 -15.650 -16.227
  -7.029 -15.905 -16.083
  -7.024 -15.763 -16.179
  -7.019 -15.881 -16.050
  -7.014 -15.818 -16.191
  -7.009 -15.942 -15.942
  -7.005 -15.909 -16.269
  -7.000 -15.890 -15.890
  -6.995 -15.690 -15.851
  -6.991 -15.315 -15.853
  -6.986 -15.521 -15.807
  -6.982 -15.468 -15.691
  -6.978 -15.731 -15.951
  -6.973 -16.029 -16.029
  -6.969 -16.198 -16.198
  -6.965 -15.193 -15.438
  -6.961 -15.872 -16.046
  -6.956 -16.209 -16.209
  -6.952 -15.812 -16.078
  -6.948 -16.868 -17.144
  -6.944 -15.742 -15.954
  -6.940 -16.154 -16.452
  -6.936 -14.617 -14.901
  -6.932 -15.750 -15.921
  -6.928 -15.811 -15.811
  -6.924 -15.497 -16.382
  -6.920 -15.829 -16.269
  -6.917 -15.716 -16.210
  -6.913 -16.176 -16.412
  -6.909 -15.004 -15.656
  -6.905 -15.755 -16.404
  -6.902 -16.087 -16.248
  -6.898 -15.977 -16.337
  -6.894 -15.492 -15.823
  -6.891 -15.191 -16.204
  -6.887 -14.938 -16.027
  -6.884 -15.106 -15.362
  -6.880 -15.646 -16.363
  -6.877 -15.975 -15.975
  -6.873 -15.842 -15.842
  -6.870 -16.399 -16.561
  -6.867 -16.020 -16.020
  -6.863 -15.435 -15.969
  -6.860 -14.946 -15.886
  -6.857 -16.214 -16.732
  -6.853 -16.013 -16.169
  -6.850 -16.499 -16.499
  -6.847 -15.378 -16.394
  -6.844 -16.337 -16.844
  -6.840 -16.743 -49.500
  -6.837 -16.098 -16.545
  -6.834 -14.733 -16.213
  -6.831 -16.249 -16.454
  -6.828 -49.500     NaN
  -6.825 -16.052 -16.327
  -6.822 -49.500     NaN
  -6.819 -14.911 -16.004
  -6.816 -16.290 -16.463
  -6.813 -15.253 -15.712
  -6.810 -16.010 -16.214
  -6.807 -16.256 -16.256
  -6.804 -16.876 -49.500
  -6.801 -15.811 -15.998
  -6.798 -16.019 -16.987
  -6.795 -16.166 -16.462
  -6.792 -16.385 -16.956
  -6.789 -16.301 -16.502
  -6.787 -16.186 -16.186
  -6.784 -16.517 -17.161
  -6.781 -49.500     NaN
  -6.778 -16.211 -16.378
  -6.775 -15.580 -16.890
  -6.773 -16.488 -49.500
  -6.770 -16.595 -16.772
  -6.767 -16.401 -16.401
  -6.765 -49.500     NaN
  -6.762 -16.117 -16.341
  -6.759 -16.229 -16.529
  -6.757 -15.972 -16.259
  -6.754 -16.385 -16.905
  -6.751 -16.385 -49.500
  -6.749 -16.325 -16.486
  -6.746 -16.175 -16.559
  -6.744 -15.910 -16.303
  -6.741 -49.500 -49.500
  -6.739 -16.422 -16.422
  -6.736 -15.868 -16.257
  -6.734 -49.500     NaN
  -6.731 -16.165 -17.026
  -6.729 -15.579 -16.052
  -6.726 -15.929 -17.102
  -6.724 -16.464 -16.464
  -6.721 -16.906 -49.500
  -6.719 -15.956 -49.500
  -6.717 -49.500 -49.500
  -6.714 -16.426 -16.694
  -6.712 -15.769 -16.756
  -6.709 -49.500     NaN
  -6.707 -15.632 -16.102
  -6.705 -15.910 -16.529
  -6.702 -17.026 -49.500
  -6.700 -49.500     NaN
  -6.698 -49.500 -49.500
  -6.696 -49.500 -49.500
  -6.693 -16.880 -49.500
  -6.691 -15.893 -49.500
  -6.689 -16.573 -16.872
  -6.687 -15.880 -16.331
  -6.684 -49.500     NaN
  -6.682 -16.808 -49.500
  -6.680 -16.906 -49.500
  -6.678 -16.503 -49.500
  -6.675 -15.961 -16.606
  -6.673 -14.846 -15.839
  -6.671 -16.894 -49.500
  -6.669 -16.334 -49.500
  -6.667 -49.500     NaN
  -6.665 -16.929 -49.500
  -6.663 -49.500     NaN
  -6.661 -49.500 -49.500
  -6.658 -49.500     NaN
  -6.656 -49.500 -49.500
  -6.654 -16.409 -17.045
  -6.652 -49.500 -49.500
  -6.650 -16.176 -16.701
  -6.648 -49.500 -49.500
  -6.646 -16.724 -49.500
  -6.644 -15.956 -15.956
  -6.642 -49.500     NaN
  -6.640 -16.100 -49.500
  -6.638 -16.147 -49.500
  -6.636 -49.500 -49.500
  -6.634 -49.500     NaN
  -6.632 -16.683 -49.500
  -6.630 -49.500 -49.500
  -6.628 -16.119 -49.500
  -6.626 -16.819 -49.500
  -6.624 -49.500 -49.500
  -6.622 -16.143 -16.469
  -6.620 -49.500     NaN
  -6.618 -16.220 -49.500
  -6.617 -16.528 -49.500
  -6.615 -49.500     NaN
  -6.613 -16.255 -49.500
  -6.611 -49.500     NaN
  -6.609 -16.328 -16.328
  -6.607 -49.500     NaN
  -6.605 -16.209 -49.500
  -6.603 -15.758 -16.315
  -6.602 -49.500 -49.500
  -6.600 -49.500     NaN
  -6.598 -49.500     NaN
  -6.596 -16.253 -16.253
  -6.594 -16.622 -49.500
