  -8.861 -13.823 -13.823
  -8.599 -13.943 -13.943
  -8.442 -14.004 -14.004
  -8.329 -13.990 -13.990
  -8.239 -14.154 -14.154
  -8.166 -14.175 -14.175
  -8.103 -14.186 -14.186
  -8.048 -14.286 -14.286
  -7.999 -14.290 -14.290
  -7.955 -14.457 -14.457
  -7.916 -14.368 -14.368
  -7.879 -14.430 -14.430
  -7.846 -14.360 -14.360
  -7.815 -14.477 -14.477
  -7.786 -14.570 -14.570
  -7.758 -14.616 -14.616
  -7.733 -14.651 -14.651
  -7.709 -14.693 -14.693
  -7.686 -14.363 -14.610
  -7.664 -14.653 -14.653
  -7.643 -14.595 -14.785
  -7.624 -14.644 -14.644
  -7.605 -14.572 -14.792
  -7.586 -14.926 -14.926
  -7.569 -14.838 -14.838
  -7.552 -14.716 -14.716
  -7.536 -14.467 -14.859
  -7.521 -14.795 -14.795
  -7.506 -14.227 -14.922
  -7.491 -14.855 -14.855
  -7.477 -14.870 -14.870
  -7.464 -15.015 -15.015
  -7.451 -14.908 -14.908
  -7.438 -14.882 -14.882
  -7.425 -14.988 -14.988
  -7.413 -14.962 -15.180
  -7.401 -14.897 -15.089
  -7.390 -15.079 -15.079
  -7.379 -15.270 -15.270
  -7.368 -14.458 -14.657
  -7.357 -14.928 -14.928
  -7.347 -15.095 -15.095
  -7.337 -14.828 -15.185
  -7.327 -15.330 -15.330
  -7.317 -15.022 -15.022
  -7.308 -15.141 -15.141
  -7.299 -15.336 -15.336
  -7.290 -15.211 -15.399
  -7.281 -15.492 -15.492
  -7.272 -15.089 -15.089
  -7.264 -15.371 -15.371
  -7.255 -15.156 -15.156
  -7.247 -14.702 -14.939
  -7.239 -15.331 -15.331
  -7.231 -14.867 -15.074
  -7.223 -15.350 -15.350
  -7.216 -14.431 -14.671
  -7.208 -15.134 -15.134
  -7.201 -15.049 -15.049
  -7.194 -15.205 -15.205
  -7.187 -15.151 -15.666
  -7.180 -15.136 -15.136
  -7.173 -15.580 -15.760
  -7.166 -15.342 -15.570
  -7.159 -15.204 -15.204
  -7.153 -15.126 -15.359
  -7.146 -15.347 -15.347
  -7.140 -15.701 -15.701
  -7.133 -15.928 -15.928
  -7.127 -15.466 -15.866
  -7.121 -15.748 -15.921
  -7.115 -15.825 -15.986
  -7.109 -14.980 -14.980
  -7.103 -14.942 -15.314
  -7.098 -15.332 -15.796
  -7.092 -15.563 -15.563
  -7.086 -14.424 -14.895
  -7.081 -15.379 -15.633
  -7.075 -15.204 -15.647
  -7.070 -15.270 -15.513
  -7.064 -15.114 -15.694
  -7.059 -15.553 -15.724
  -7.054 -16.018 -16.018
  -7.049 -15.962 -15.962
  -7.043 -15.581 -15.989
  -7.038 -15.173 -15.565
  -7.033 -15.619 -15.619
  -7.029 -15.636 -15.874
  -7.024 -15.670 -15.670
  -7.019 -15.554 -15.554
  -7.014 -15.297 -15.849
  -7.009 -15.653 -15.812
  -7.005 -16.115 -16.115
  -7.000 -15.815 -15.966
  -6.995 -15.604 -15.604
  -6.991 -16.182 -16.182
  -6.986 -15.571 -15.571
  -6.982 -15.897 -16.068
  -6.978 -15.574 -15.574
  -6.973 -15.306 -15.829
  -6.969 -15.577 -15.928
  -6.965 -15.657 -15.657
  -6.961 -15.208 -15.955
  -6.956 -15.454 -15.712
  -6.952 -15.520 -15.907
  -6.948 -16.125 -16.125
  -6.944 -15.841 -15.841
  -6.940 -16.112 -16.466
  -6.936 -15.848 -16.418
  -6.932 -15.392 -15.859
  -6.928 -15.293 -15.829
  -6.924 -15.672 -15.672
  -6.920 -15.960 -15.960
  -6.917 -15.382 -16.037
  -6.913 -15.397 -15.732
  -6.909 -16.195 -16.602
  -6.905 -16.419 -16.615
  -6.902 -15.999 -16.198
  -6.898 -15.667 -16.107
  -6.894 -15.716 -15.872
  -6.891 -16.372 -16.372
  -6.887 -16.276 -16.276
  -6.884 -15.951 -16.277
  -6.880 -16.150 -16.150
  -6.877 -16.324 -16.324
  -6.873 -15.714 -16.414
  -6.870 -16.846 -17.002
  -6.867 -16.139 -16.372
  -6.863 -16.152 -16.152
  -6.860 -16.458 -16.458
  -6.857 -16.092 -16.483
  -6.853 -15.741 -16.037
  -6.850 -16.635 -16.795
  -6.847 -16.378 -16.554
  -6.844 -16.809 -17.283
  -6.840 -15.950 -16.275
  -6.837 -15.978 -15.978
  -6.834 -16.550 -16.550
  -6.831 -16.310 -16.654
  -6.828 -16.187 -16.385
  -6.825 -16.127 -16.433
  -6.822 -49.500     NaN
  -6.819 -16.957 -49.500
  -6.816 -15.875 -16.314
  -6.813 -15.991 -16.459
  -6.810 -16.250 -16.250
  -6.807 -15.542 -16.645
  -6.804 -16.161 -17.013
  -6.801 -16.309 -16.740
  -6.798 -15.403 -16.060
  -6.795 -16.150 -16.392
  -6.792 -16.208 -16.440
  -6.789 -15.881 -16.662
  -6.787 -16.089 -16.414
  -6.784 -15.812 -49.500
  -6.781 -15.798 -16.906
  -6.778 -16.819 -49.500
  -6.775 -16.057 -16.309
  -6.773 -16.350 -16.350
  -6.770 -15.281 -16.168
  -6.767 -16.016 -16.255
  -6.765 -16.056 -17.132
  -6.762 -16.582 -49.500
  -6.759 -16.260 -16.535
  -6.757 -16.618 -16.618
  -6.754 -16.408 -16.578
  -6.751 -15.961 -16.119
  -6.749 -16.645 -49.500
  -6.746 -16.924 -17.118
  -6.744 -16.567 -49.500
  -6.741 -16.786 -49.500
  -6.739 -16.325 -16.491
  -6.736 -16.410 -16.410
  -6.734 -16.690 -49.500
  -6.731 -49.500     NaN
  -6.729 -15.843 -15.843
  -6.726 -17.082 -49.500
  -6.724 -15.578 -16.538
  -6.721 -49.500     NaN
  -6.719 -16.104 -16.693
  -6.717 -49.500     NaN
  -6.714 -15.801 -16.232
  -6.712 -16.869 -49.500
  -6.709 -15.628 -49.500
  -6.707 -15.989 -16.982
  -6.705 -16.075 -49.500
  -6.702 -16.128 -49.500
  -6.700 -15.353 -15.353
  -6.698 -16.647 -49.500
  -6.696 -16.555 -49.500
  -6.693 -49.500     NaN
  -6.691 -15.827 -49.500
  -6.689 -16.349 -16.634
  -6.687 -49.500     NaN
  -6.684 -16.961 -49.500
  -6.682 -15.943 -16.405
  -6.680 -15.996 -16.411
  -6.678 -15.641 -16.557
  -6.675 -16.443 -49.500
  -6.673 -49.500     NaN
  -6.671 -16.020 -16.020
  -6.669 -49.500 -49.500
  -6.667 -16.818 -49.500
  -6.665 -49.500 -49.500
  -6.663 -16.565 -49.500
  -6.661 -16.420 -16.685
  -6.658 -16.290 -16.658
  -6.656 -16.023 -16.329
  -6.654 -16.484 -49.500
  -6.652 -16.171 -49.500
  -6.650 -49.500 -49.500
  -6.648 -16.120 -49.500
  -6.646 -15.987 -49.500
  -6.644 -15.858 -49.500
  -6.642 -49.500     NaN
  -6.640 -16.493 -49.500
  -6.638 -16.408 -16.620
  -6.636 -16.702 -17.082
  -6.634 -16.559 -49.500
  -6.632 -49.500     NaN
  -6.630 -49.500 -49.500
  -6.628 -16.445 -16.445
  -6.626 -16.418 -49.500
  -6.624 -15.887 -49.500
  -6.622 -15.509 -49.500
  -6.620 -16.574 -49.500
  -6.618 -15.884 -15.884
  -6.617 -49.500 -49.500
  -6.615 -16.297 -16.536
  -6.613 -49.500     NaN
  -6.611 -15.829 -49.500
  -6.609 -16.317 -49.500
  -6.607 -49.500     NaN
  -6.605 -49.500     NaN
  -6.603 -49.500 -49.500
  -6.602 -49.500     NaN
  -6.600 -49.500 -49.500
  -6.598 -16.297 -49.500
  -6.596 -49.500     NaN
  -6.594 -49.500 -49.500
