  -8.861 -13.829 -13.829
  -8.599 -13.931 -13.931
  -8.442 -14.020 -14.020
  -8.329 -14.140 -14.140
  -8.239 -14.131 -14.131
  -8.166 -14.223 -14.223
  -8.103 -14.232 -14.232
  -8.048 -14.400 -14.400
  -7.999 -14.299 -14.299
  -7.955 -14.417 -14.417
  -7.916 -14.382 -14.382
  -7.879 -14.476 -14.476
  -7.846 -14.580 -14.580
  -7.815 -14.574 -14.574
  -7.786 -14.495 -14.495
  -7.758 -14.492 -14.492
  -7.733 -14.683 -14.683
  -7.709 -14.387 -14.387
  -7.686 -14.333 -14.582
  -7.664 -14.580 -14.580
  -7.643 -14.578 -14.578
  -7.624 -14.665 -14.665
  -7.605 -14.672 -14.672
  -7.586 -14.910 -14.910
  -7.569 -14.755 -14.755
  -7.552 -14.778 -14.778
  -7.536 -14.820 -14.820
  -7.521 -14.804 -14.804
  -7.506 -14.816 -14.816
  -7.491 -14.936 -14.936
  -7.477 -14.693 -15.123
  -7.464 -14.263 -15.003
  -7.451 -14.879 -14.879
  -7.438 -15.042 -15.042
  -7.425 -14.576 -14.845
  -7.413 -14.779 -15.139
  -7.401 -14.778 -14.778
  -7.390 -14.870 -14.870
  -7.379 -14.495 -14.758
  -7.368 -15.331 -15.331
  -7.357 -15.075 -15.075
  -7.347 -14.892 -15.059
  -7.337 -14.702 -15.042
  -7.327 -14.855 -15.574
  -7.317 -15.249 -15.249
  -7.308 -15.193 -15.432
  -7.299 -15.240 -15.240
  -7.290 -15.182 -15.397
  -7.281 -14.800 -15.322
  -7.272 -14.831 -15.313
  -7.264 -13.875 -14.239
  -7.255 -14.890 -15.285
  -7.247 -14.964 -15.354
  -7.239 -15.620 -15.620
  -7.231 -15.079 -15.473
  -7.223 -14.669 -14.986
  -7.216 -15.288 -15.448
  -7.208 -15.058 -15.368
  -7.201 -15.476 -15.476
  -7.194 -15.277 -15.277
  -7.187 -15.610 -15.610
  -7.180 -15.418 -15.418
  -7.173 -15.470 -15.470
  -7.166 -15.238 -15.405
  -7.159 -15.449 -15.634
  -7.153 -15.265 -15.265
  -7.146 -15.002 -15.506
  -7.140 -15.875 -15.875
  -7.133 -15.696 -15.876
  -7.127 -15.616 -15.616
  -7.121 -15.572 -15.572
  -7.115 -15.128 -15.348
  -7.109 -15.447 -15.447
  -7.103 -15.492 -15.762
  -7.098 -15.689 -15.958
  -7.092 -15.454 -15.454
  -7.086 -15.250 -15.401
  -7.081 -15.794 -15.794
  -7.075 -15.600 -15.771
  -7.070 -15.719 -15.719
  -7.064 -14.741 -15.629
  -7.059 -15.683 -15.857
  -7.054 -15.913 -15.913
  -7.049 -15.565 -15.565
  -7.043 -15.969 -16.148
  -7.038 -15.523 -15.674
  -7.033 -15.972 -15.972
  -7.029 -15.562 -15.910
  -7.024 -15.881 -15.881
  -7.019 -15.584 -15.584
  -7.014 -15.438 -15.598
  -7.009 -15.239 -15.675
  -7.005 -15.160 -15.751
  -7.000 -15.664 -15.891
  -6.995 -15.604 -15.853
  -6.991 -16.158 -16.158
  -6.986 -15.236 -16.361
  -6.982 -15.098 -15.467
  -6.978 -14.294 -15.157
  -6.973 -16.188 -16.188
  -6.969 -15.897 -16.070
  -6.965 -15.660 -16.505
  -6.961 -15.057 -16.154
  -6.956 -15.371 -15.583
  -6.952 -16.224 -16.430
  -6.948 -15.711 -16.206
  -6.944 -14.612 -16.658
  -6.940 -15.469 -15.943
  -6.936 -15.664 -16.133
  -6.932 -15.928 -16.110
  -6.928 -15.901 -16.097
  -6.924 -15.584 -15.848
  -6.920 -16.131 -16.478
  -6.917 -15.928 -15.928
  -6.913 -15.749 -15.976
  -6.909 -16.299 -16.299
  -6.905 -15.805 -16.000
  -6.902 -15.579 -15.910
  -6.898 -15.819 -16.254
  -6.894 -15.648 -16.053
  -6.891 -16.188 -16.385
  -6.887 -15.735 -16.170
  -6.884 -15.283 -16.040
  -6.880 -16.603 -16.753
  -6.877 -16.465 -16.465
  -6.873 -16.302 -16.592
  -6.870 -15.983 -16.392
  -6.867 -16.000 -16.000
  -6.863 -16.661 -16.882
  -6.860 -16.347 -16.721
  -6.857 -16.644 -17.225
  -6.853 -16.539 -16.839
  -6.850 -15.886 -16.177
  -6.847 -16.156 -16.555
  -6.844 -15.792 -15.792
  -6.840 -49.500 -49.500
  -6.837 -15.325 -16.093
  -6.834 -16.255 -16.255
  -6.831 -16.343 -16.519
  -6.828 -15.882 -16.103
  -6.825 -16.152 -16.751
  -6.822 -15.979 -16.258
  -6.819 -16.404 -16.614
  -6.816 -15.642 -15.642
  -6.813 -16.163 -16.163
  -6.810 -49.500     NaN
  -6.807 -15.038 -15.478
  -6.804 -16.156 -16.664
  -6.801 -16.000 -16.000
  -6.798 -49.500     NaN
  -6.795 -14.624 -16.298
  -6.792 -16.098 -16.775
  -6.789 -16.185 -16.855
  -6.787 -16.016 -16.502
  -6.784 -15.813 -16.718
  -6.781 -15.446 -16.472
  -6.778 -15.503 -15.692
  -6.775 -16.196 -16.682
  -6.773 -49.500     NaN
  -6.770 -16.069 -16.613
  -6.767 -15.974 -16.751
  -6.765 -16.419 -16.616
  -6.762 -16.457 -49.500
  -6.759 -16.165 -16.315
  -6.757 -15.622 -49.500
  -6.754 -15.333 -49.500
  -6.751 -16.607 -49.500
  -6.749 -16.123 -16.525
  -6.746 -16.490 -49.500
  -6.744 -15.746 -49.500
  -6.741 -49.500     NaN
  -6.739 -49.500     NaN
  -6.736 -16.041 -16.438
  -6.734 -15.954 -49.500
  -6.731 -15.480 -49.500
  -6.729 -15.625 -15.889
  -6.726 -16.869 -49.500
  -6.724 -15.730 -16.167
  -6.721 -17.063 -49.500
  -6.719 -16.669 -49.500
  -6.717 -15.534 -16.188
  -6.714 -16.589 -49.500
  -6.712 -15.759 -15.949
  -6.709 -49.500     NaN
  -6.707 -49.500     NaN
  -6.705 -16.213 -16.792
  -6.702 -16.167 -49.500
  -6.700 -14.984 -14.984
  -6.698 -16.740 -16.918
  -6.696 -16.262 -16.262
  -6.693 -16.266 -16.784
  -6.691 -16.611 -16.801
  -6.689 -16.069 -16.941
  -6.687 -16.065 -49.500
  -6.684 -16.269 -16.715
  -6.682 -16.391 -16.748
  -6.680 -49.500 -49.500
  -6.678 -16.316 -49.500
  -6.675 -49.500 -49.500
  -6.673 -16.688 -49.500
  -6.671 -49.500     NaN
  -6.669 -15.424 -15.712
  -6.667 -16.753 -49.500
  -6.665 -49.500 -49.500
  -6.663 -49.500 -49.500
  -6.661 -16.872 -49.500
  -6.658 -16.575 -49.500
  -6.656 -16.868 -49.500
  -6.654 -16.367 -49.500
  -6.652 -16.503 -17.095
  -6.650 -49.500     NaN
  -6.648 -49.500     NaN
  -6.646 -16.617 -16.617
  -6.644 -16.135 -16.465
  -6.642 -15.075 -16.721
  -6.640 -15.883 -49.500
  -6.638 -49.500 -49.500
  -6.636 -49.500 -49.500
  -6.634 -49.500 -49.500
  -6.632 -49.500 -49.500
  -6.630 -49.500     NaN
  -6.628 -16.585 -49.500
  -6.626 -16.777 -16.777
  -6.624 -49.500     NaN
  -6.622 -16.383 -49.500
  -6.620 -49.500     NaN
  -6.618 -16.564 -49.500
  -6.617 -49.500     NaN
  -6.615 -16.709 -49.500
  -6.613 -16.564 -49.500
  -6.611 -15.401 -16.311
  -6.609 -16.400 -49.500
  -6.607 -16.092 -16.473
  -6.605 -16.832 -49.500
  -6.603 -49.500 -49.500
  -6.602 -49.500     NaN
  -6.600 -49.500     NaN
  -6.598 -16.139 -16.139
  -6.596 -49.500 -49.500
  -6.594 -49.500     NaN
