  -8.861 -13.834 -13.834
  -8.599 -13.982 -13.982
  -8.442 -13.965 -13.965
  -8.329 -14.094 -14.094
  -8.239 -14.173 -14.173
  -8.166 -14.201 -14.201
  -8.103 -14.296 -14.296
  -8.048 -14.231 -14.231
  -7.999 -14.382 -14.382
  -7.955 -14.226 -14.226
  -7.916 -14.424 -14.424
  -7.879 -14.394 -14.394
  -7.846 -14.046 -14.399
  -7.815 -14.507 -14.507
  -7.786 -14.372 -14.372
  -7.758 -14.501 -14.501
  -7.733 -14.369 -14.369
  -7.709 -14.595 -14.595
  -7.686 -14.643 -14.643
  -7.664 -14.502 -14.502
  -7.643 -14.344 -14.614
  -7.624 -14.737 -14.737
  -7.605 -14.283 -14.912
  -7.586 -15.069 -15.069
  -7.569 -14.698 -14.698
  -7.552 -14.413 -14.572
  -7.536 -14.619 -14.778
  -7.521 -14.640 -14.959
  -7.506 -14.857 -14.857
  -7.491 -14.959 -14.959
  -7.477 -14.823 -15.057
  -7.464 -15.000 -15.173
  -7.451 -14.997 -14.997
  -7.438 -15.032 -15.200
  -7.425 -15.012 -15.012
  -7.413 -14.984 -14.984
  -7.401 -14.164 -14.890
  -7.390 -14.935 -14.935
  -7.379 -15.042 -15.042
  -7.368 -15.268 -15.268
  -7.357 -14.632 -14.823
  -7.347 -14.960 -15.250
  -7.337 -14.884 -15.066
  -7.327 -15.153 -15.153
  -7.317 -15.392 -15.392
  -7.308 -15.120 -15.120
  -7.299 -14.873 -15.031
  -7.290 -15.123 -15.123
  -7.281 -15.246 -15.402
  -7.272 -15.204 -15.204
  -7.264 -15.411 -15.411
  -7.255 -15.257 -15.257
  -7.247 -15.530 -15.530
  -7.239 -15.180 -15.477
  -7.231 -15.558 -15.558
  -7.223 -14.301 -15.212
  -7.216 -15.209 -15.209
  -7.208 -15.087 -15.535
  -7.201 -15.270 -15.699
  -7.194 -15.457 -15.457
  -7.187 -14.950 -15.397
  -7.180 -15.157 -15.481
  -7.173 -14.877 -15.583
  -7.166 -15.215 -15.443
  -7.159 -15.441 -15.441
  -7.153 -15.828 -15.828
  -7.146 -15.476 -15.691
  -7.140 -15.250 -15.443
  -7.133 -14.699 -15.426
  -7.127 -15.722 -15.722
  -7.121 -15.744 -15.744
  -7.115 -14.031 -14.935
  -7.109 -15.541 -15.541
  -7.103 -15.184 -15.397
  -7.098 -15.330 -15.330
  -7.092 -15.414 -15.650
  -7.086 -14.984 -15.355
  -7.081 -16.077 -16.077
  -7.075 -16.147 -16.147
  -7.070 -15.668 -15.668
  -7.064 -15.386 -15.631
  -7.059 -15.875 -15.875
  -7.054 -15.559 -15.967
  -7.049 -15.262 -15.695
  -7.043 -15.591 -15.832
  -7.038 -15.730 -15.884
  -7.033 -15.732 -15.732
  -7.029 -15.274 -15.425
  -7.024 -16.229 -16.229
  -7.019 -15.289 -15.449
  -7.014 -16.029 -16.029
  -7.009 -15.098 -15.967
  -7.005 -16.033 -16.033
  -7.000 -15.928 -15.928
  -6.995 -13.936 -15.564
  -6.991 -16.086 -16.086
  -6.986 -14.955 -15.588
  -6.982 -15.894 -15.894
  -6.978 -15.443 -15.443
  -6.973 -15.947 -15.947
  -6.969 -15.161 -15.681
  -6.965 -15.815 -16.511
  -6.961 -15.452 -15.934
  -6.956 -15.854 -16.105
  -6.952 -15.783 -16.200
  -6.948 -15.911 -15.911
  -6.944 -16.042 -16.042
  -6.940 -16.152 -16.317
  -6.936 -15.245 -15.491
  -6.932 -15.964 -15.964
  -6.928 -15.959 -16.111
  -6.924 -16.319 -16.580
  -6.920 -16.036 -16.254
  -6.917 -16.318 -16.561
  -6.913 -15.877 -16.208
  -6.909 -15.727 -15.963
  -6.905 -16.006 -16.487
  -6.902 -16.482 -16.658
  -6.898 -15.946 -16.601
  -6.894 -16.049 -16.393
  -6.891 -15.724 -16.648
  -6.887 -15.559 -15.719
  -6.884 -14.760 -15.211
  -6.880 -16.109 -16.109
  -6.877 -15.945 -15.945
  -6.873 -15.669 -16.235
  -6.870 -16.297 -16.531
  -6.867 -15.565 -15.565
  -6.863 -15.986 -15.986
  -6.860 -15.552 -16.011
  -6.857 -15.401 -15.961
  -6.853 -16.211 -16.638
  -6.850 -15.545 -16.176
  -6.847 -16.170 -16.374
  -6.844 -16.599 -16.821
  -6.840 -16.109 -16.467
  -6.837 -15.598 -15.778
  -6.834 -15.743 -16.120
  -6.831 -16.038 -16.343
  -6.828 -14.924 -15.828
  -6.825 -16.757 -17.229
  -6.822 -16.606 -17.028
  -6.819 -16.280 -16.527
  -6.816 -16.153 -49.500
  -6.813 -16.359 -16.541
  -6.810 -16.352 -16.892
  -6.807 -16.375 -16.375
  -6.804 -15.812 -16.207
  -6.801 -15.540 -16.534
  -6.798 -16.548 -16.738
  -6.795 -16.302 -16.538
  -6.792 -16.000 -16.461
  -6.789 -15.914 -16.257
  -6.787 -15.776 -16.486
  -6.784 -16.460 -16.460
  -6.781 -15.846 -16.075
  -6.778 -16.646 -49.500
  -6.775 -16.503 -16.729
  -6.773 -16.481 -16.690
  -6.770 -16.187 -16.187
  -6.767 -16.169 -16.873
  -6.765 -14.970 -16.139
  -6.762 -16.266 -16.266
  -6.759 -16.556 -49.500
  -6.757 -16.227 -16.227
  -6.754 -16.690 -16.861
  -6.751 -15.710 -49.500
  -6.749 -16.335 -16.743
  -6.746 -16.396 -16.563
  -6.744 -16.711 -17.059
  -6.741 -16.755 -49.500
  -6.739 -15.913 -16.632
  -6.736 -15.102 -16.458
  -6.734 -16.523 -16.905
  -6.731 -49.500     NaN
  -6.729 -16.517 -49.500
  -6.726 -15.720 -16.653
  -6.724 -16.425 -16.639
  -6.721 -15.835 -16.001
  -6.719 -16.663 -49.500
  -6.717 -16.801 -17.008
  -6.714 -16.581 -16.917
  -6.712 -16.102 -16.686
  -6.709 -16.318 -16.870
  -6.707 -16.435 -16.596
  -6.705 -15.661 -15.661
  -6.702 -16.801 -49.500
  -6.700 -49.500     NaN
  -6.698 -16.290 -16.451
  -6.696 -49.500 -49.500
  -6.693 -49.500     NaN
  -6.691 -16.267 -16.564
  -6.689 -16.325 -49.500
  -6.687 -15.714 -16.394
  -6.684 -16.030 -49.500
  -6.682 -15.948 -16.404
  -6.680 -16.238 -49.500
  -6.678 -15.743 -16.868
  -6.675 -16.272 -16.769
  -6.673 -49.500     NaN
  -6.671 -49.500 -49.500
  -6.669 -15.789 -16.439
  -6.667 -16.257 -49.500
  -6.665 -49.500     NaN
  -6.663 -49.500 -49.500
  -6.661 -49.500 -49.500
  -6.658 -49.500     NaN
  -6.656 -16.290 -16.673
  -6.654 -49.500     NaN
  -6.652 -49.500 -49.500
  -6.650 -16.005 -49.500
  -6.648 -16.625 -16.625
  -6.646 -16.695 -16.890
  -6.644 -49.500     NaN
  -6.642 -49.500 -49.500
  -6.640 -16.431 -16.607
  -6.638 -49.500     NaN
  -6.636 -49.500     NaN
  -6.634 -49.500     NaN
  -6.632 -49.500     NaN
  -6.630 -49.500     NaN
  -6.628 -49.500     NaN
  -6.626 -16.432 -17.042
  -6.624 -49.500     NaN
  -6.622 -49.500 -49.500
  -6.620 -16.468 -49.500
  -6.618 -49.500 -49.500
  -6.617 -16.409 -16.669
  -6.615 -49.500 -49.500
  -6.613 -49.500     NaN
  -6.611 -16.081 -49.500
  -6.609 -16.713 -49.500
  -6.607 -49.500     NaN
  -6.605 -16.400 -49.500
  -6.603 -49.500 -49.500
  -6.602 -15.479 -16.210
  -6.600 -49.500 -49.500
  -6.598 -49.500     NaN
  -6.596 -16.593 -49.500
  -6.594 -15.990 -49.500
