  -8.861 -13.811 -13.811
  -8.599 -13.985 -13.985
  -8.442 -14.014 -14.014
  -8.329 -14.126 -14.126
  -8.239 -14.190 -14.190
  -8.166 -14.262 -14.262
  -8.103 -14.289 -14.289
  -8.048 -14.290 -14.290
  -7.999 -14.309 -14.309
  -7.955 -14.375 -14.375
  -7.916 -14.384 -14.384
  -7.879 -14.519 -14.519
  -7.846 -14.647 -14.647
  -7.815 -14.191 -14.466
  -7.786 -14.584 -14.584
  -7.758 -14.542 -14.542
  -7.733 -14.667 -14.667
  -7.709 -14.613 -14.613
  -7.686 -14.635 -14.635
  -7.664 -14.669 -14.669
  -7.643 -14.592 -14.592
  -7.624 -14.392 -14.392
  -7.605 -14.570 -14.570
  -7.586 -14.222 -14.509
  -7.569 -14.540 -14.540
  -7.552 -14.549 -14.549
  -7.536 -14.707 -14.868
  -7.521 -14.715 -14.715
  -7.506 -14.851 -15.023
  -7.491 -14.864 -14.864
  -7.477 -14.813 -14.813
  -7.464 -14.999 -14.999
  -7.451 -14.964 -14.964
  -7.438 -14.883 -14.883
  -7.425 -15.053 -15.053
  -7.413 -14.985 -14.985
  -7.401 -14.446 -14.756
  -7.390 -14.900 -14.900
  -7.379 -14.374 -14.813
  -7.368 -14.574 -14.775
  -7.357 -15.187 -15.187
  -7.347 -14.783 -14.971
  -7.337 -15.204 -15.204
  -7.327 -15.142 -15.142
  -7.317 -14.928 -14.928
  -7.308 -15.287 -15.610
  -7.299 -15.237 -15.411
  -7.290 -14.718 -15.139
  -7.281 -15.290 -15.290
  -7.272 -14.902 -15.147
  -7.264 -14.888 -15.248
  -7.255 -15.150 -15.150
  -7.247 -15.211 -15.389
  -7.239 -15.246 -15.246
  -7.231 -15.483 -15.483
  -7.223 -15.481 -15.481
  -7.216 -15.101 -15.272
  -7.208 -15.354 -15.354
  -7.201 -15.162 -15.442
  -7.194 -15.421 -15.611
  -7.187 -14.725 -15.539
  -7.180 -15.221 -15.221
  -7.173 -14.948 -15.155
  -7.166 -15.397 -15.811
  -7.159 -15.013 -15.174
  -7.153 -15.086 -15.435
  -7.146 -15.499 -15.499
  -7.140 -15.291 -15.451
  -7.133 -15.488 -15.488
  -7.127 -15.304 -15.733
  -7.121 -15.088 -15.088
  -7.115 -15.867 -15.867
  -7.109 -15.762 -15.762
  -7.103 -15.235 -15.635
  -7.098 -15.534 -15.809
  -7.092 -15.287 -15.665
  -7.086 -16.075 -16.075
  -7.081 -15.714 -15.714
  -7.075 -15.508 -15.702
  -7.070 -15.795 -15.795
  -7.064 -15.601 -15.601
  -7.059 -15.959 -15.959
  -7.054 -15.642 -15.642
  -7.049 -15.329 -15.667
  -7.043 -15.955 -15.955
  -7.038 -15.309 -15.575
  -7.033 -15.576 -16.268
  -7.029 -15.585 -15.585
  -7.024 -16.049 -16.218
  -7.019 -15.393 -15.750
  -7.014 -14.678 -16.105
  -7.009 -15.280 -15.747
  -7.005 -15.180 -15.946
  -7.000 -16.051 -16.051
  -6.995 -15.471 -15.690
  -6.991 -15.176 -15.672
  -6.986 -15.711 -16.197
  -6.982 -15.983 -16.208
  -6.978 -16.008 -16.272
  -6.973 -15.435 -15.874
  -6.969 -15.345 -15.741
  -6.965 -16.276 -16.276
  -6.961 -15.191 -15.922
  -6.956 -14.727 -16.011
  -6.952 -15.176 -16.112
  -6.948 -16.084 -16.299
  -6.944 -15.940 -16.106
  -6.940 -16.609 -16.609
  -6.936 -15.658 -15.957
  -6.932 -15.463 -15.658
  -6.928 -15.166 -16.272
  -6.924 -16.215 -16.215
  -6.920 -15.971 -15.971
  -6.917 -15.761 -16.195
  -6.913 -15.154 -16.082
  -6.909 -16.304 -16.304
  -6.905 -16.029 -16.295
  -6.902 -15.851 -16.094
  -6.898 -16.238 -16.238
  -6.894 -16.404 -16.404
  -6.891 -16.351 -16.851
  -6.887 -15.902 -16.151
  -6.884 -16.458 -16.766
  -6.880 -15.462 -16.295
  -6.877 -15.907 -16.068
  -6.873 -15.502 -15.841
  -6.870 -16.565 -16.565
  -6.867 -15.871 -16.348
  -6.863 -16.062 -16.238
  -6.860 -15.698 -16.504
  -6.857 -15.784 -16.005
  -6.853 -15.809 -16.338
  -6.850 -16.545 -16.976
  -6.847 -14.703 -16.059
  -6.844 -15.952 -16.119
  -6.840 -15.900 -16.500
  -6.837 -16.842 -49.500
  -6.834 -16.213 -16.484
  -6.831 -15.495 -16.197
  -6.828 -16.253 -16.253
  -6.825 -16.656 -49.500
  -6.822 -16.251 -16.251
  -6.819 -16.364 -16.774
  -6.816 -16.025 -16.433
  -6.813 -16.269 -16.997
  -6.810 -16.278 -16.278
  -6.807 -16.365 -16.737
  -6.804 -16.132 -16.291
  -6.801 -16.363 -16.888
  -6.798 -15.274 -16.277
  -6.795 -15.194 -15.794
  -6.792 -15.641 -16.189
  -6.789 -16.118 -16.513
  -6.787 -15.288 -16.126
  -6.784 -16.439 -16.705
  -6.781 -16.165 -16.467
  -6.778 -16.676 -17.110
  -6.775 -15.890 -16.146
  -6.773 -16.400 -49.500
  -6.770 -16.308 -16.611
  -6.767 -16.662 -16.662
  -6.765 -16.314 -49.500
  -6.762 -15.862 -16.156
  -6.759 -16.049 -49.500
  -6.757 -15.659 -49.500
  -6.754 -15.906 -16.206
  -6.751 -16.743 -49.500
  -6.749 -16.163 -16.978
  -6.746 -49.500     NaN
  -6.744 -15.873 -16.092
  -6.741 -16.807 -17.042
  -6.739 -15.761 -15.962
  -6.736 -16.495 -49.500
  -6.734 -16.889 -49.500
  -6.731 -16.441 -49.500
  -6.729 -16.378 -16.378
  -6.726 -16.649 -49.500
  -6.724 -16.547 -16.784
  -6.721 -16.067 -49.500
  -6.719 -16.339 -16.567
  -6.717 -15.836 -16.289
  -6.714 -15.752 -16.434
  -6.712 -16.809 -49.500
  -6.709 -49.500     NaN
  -6.707 -16.222 -16.630
  -6.705 -49.500     NaN
  -6.702 -15.984 -16.224
  -6.700 -16.242 -16.522
  -6.698 -16.360 -16.669
  -6.696 -16.269 -16.537
  -6.693 -16.220 -16.220
  -6.691 -16.095 -16.698
  -6.689 -49.500     NaN
  -6.687 -16.614 -16.986
  -6.684 -16.498 -49.500
  -6.682 -16.584 -49.500
  -6.680 -16.678 -49.500
  -6.678 -49.500     NaN
  -6.675 -49.500     NaN
  -6.673 -16.471 -49.500
  -6.671 -49.500 -49.500
  -6.669 -16.478 -17.059
  -6.667 -16.514 -49.500
  -6.665 -16.546 -49.500
  -6.663 -49.500     NaN
  -6.661 -49.500 -49.500
  -6.658 -49.500     NaN
  -6.656 -49.500     NaN
  -6.654 -15.662 -16.267
  -6.652 -16.199 -49.500
  -6.650 -49.500     NaN
  -6.648 -16.115 -16.891
  -6.646 -49.500 -49.500
  -6.644 -49.500 -49.500
  -6.642 -16.586 -49.500
  -6.640 -49.500     NaN
  -6.638 -49.500 -49.500
  -6.636 -16.322 -49.500
  -6.634 -49.500     NaN
  -6.632 -16.534 -49.500
  -6.630 -16.821 -49.500
  -6.628 -14.861 -14.861
  -6.626 -49.500     NaN
  -6.624 -16.314 -16.748
  -6.622 -16.014 -16.014
  -6.620 -49.500 -49.500
  -6.618 -16.537 -49.500
  -6.617 -49.500 -49.500
  -6.615 -49.500 -49.500
  -6.613 -49.500     NaN
  -6.611 -49.500 -49.500
  -6.609 -49.500 -49.500
  -6.607 -49.500 -49.500
  -6.605 -49.500 -49.500
  -6.603 -49.500 -49.500
  -6.602 -49.500 -49.500
  -6.600 -49.500 -49.500
  -6.598 -16.697 -49.500
  -6.596 -49.500 -49.500
  -6.594 -15.440 -49.500
