  -8.861 -13.782 -13.782
  -8.599 -13.922 -13.922
  -8.442 -13.952 -13.952
  -8.329 -14.089 -14.089
  -8.239 -14.120 -14.120
  -8.166 -14.155 -14.155
  -8.103 -14.123 -14.123
  -8.048 -14.203 -14.203
  -7.999 -14.386 -14.386
  -7.955 -14.393 -14.393
  -7.916 -13.856 -14.378
  -7.879 -14.330 -14.330
  -7.846 -14.314 -14.594
  -7.815 -14.482 -14.482
  -7.786 -14.621 -14.621
  -7.758 -14.631 -14.631
  -7.733 -14.488 -14.652
  -7.709 -14.696 -14.696
  -7.686 -14.668 -14.668
  -7.664 -14.581 -14.581
  -7.643 -14.462 -14.462
  -7.624 -14.677 -14.677
  -7.605 -14.466 -14.466
  -7.586 -14.652 -14.652
  -7.569 -14.881 -14.881
  -7.552 -14.713 -14.713
  -7.536 -14.645 -14.645
  -7.521 -14.692 -14.938
  -7.506 -14.900 -14.900
  -7.491 -14.638 -15.087
  -7.477 -14.848 -14.848
  -7.464 -14.688 -14.849
  -7.451 -14.501 -14.862
  -7.438 -14.867 -15.096
  -7.425 -15.186 -15.186
  -7.413 -14.981 -14.981
  -7.401 -14.872 -15.209
  -7.390 -15.003 -15.003
  -7.379 -15.051 -15.051
  -7.368 -14.993 -15.149
  -7.357 -14.992 -15.163
  -7.347 -15.018 -15.018
  -7.337 -14.735 -15.083
  -7.327 -15.027 -15.027
  -7.317 -14.802 -14.802
  -7.308 -14.959 -15.281
  -7.299 -14.602 -15.008
  -7.290 -14.846 -15.231
  -7.281 -15.149 -15.325
  -7.272 -14.829 -15.027
  -7.264 -15.459 -15.459
  -7.255 -15.194 -15.194
  -7.247 -14.767 -15.050
  -7.239 -15.326 -15.326
  -7.231 -15.237 -15.507
  -7.223 -15.526 -15.526
  -7.216 -15.476 -15.476
  -7.208 -15.097 -15.491
  -7.201 -15.560 -15.560
  -7.194 -15.181 -15.438
  -7.187 -15.624 -15.624
  -7.180 -15.510 -15.510
  -7.173 -15.376 -15.376
  -7.166 -14.891 -15.668
  -7.159 -14.885 -15.160
  -7.153 -15.483 -15.483
  -7.146 -14.555 -15.299
  -7.140 -14.916 -15.618
  -7.133 -15.828 -15.828
  -7.127 -15.496 -15.952
  -7.121 -15.479 -15.746
  -7.115 -15.868 -15.868
  -7.109 -15.107 -15.311
  -7.103 -14.035 -14.406
  -7.098 -15.085 -15.256
  -7.092 -15.621 -15.621
  -7.086 -15.585 -15.906
  -7.081 -15.869 -15.869
  -7.075 -15.555 -15.555
  -7.070 -15.749 -15.985
  -7.064 -15.624 -15.824
  -7.059 -15.284 -15.658
  -7.054 -15.404 -15.871
  -7.049 -15.877 -15.877
  -7.043 -15.153 -15.788
  -7.038 -15.515 -15.775
  -7.033 -15.467 -15.705
  -7.029 -14.752 -15.608
  -7.024 -15.709 -15.914
  -7.019 -15.532 -15.889
  -7.014 -15.291 -15.780
  -7.009 -15.689 -15.689
  -7.005 -14.651 -14.845
  -7.000 -15.556 -16.226
  -6.995 -15.953 -15.953
  -6.991 -15.733 -15.987
  -6.986 -15.645 -15.976
  -6.982 -15.920 -15.920
  -6.978 -16.021 -16.021
  -6.973 -15.743 -15.913
  -6.969 -16.215 -16.215
  -6.965 -15.692 -15.692
  -6.961 -15.890 -15.890
  -6.956 -15.808 -16.216
  -6.952 -16.077 -16.524
  -6.948 -16.067 -16.333
  -6.944 -15.942 -16.114
  -6.940 -16.108 -16.517
  -6.936 -15.528 -15.727
  -6.932 -15.797 -15.977
  -6.928 -15.997 -16.211
  -6.924 -16.223 -16.223
  -6.920 -15.708 -15.708
  -6.917 -16.103 -16.103
  -6.913 -16.138 -16.290
  -6.909 -15.609 -15.915
  -6.905 -16.441 -16.684
  -6.902 -15.792 -15.792
  -6.898 -15.846 -16.129
  -6.894 -15.938 -16.171
  -6.891 -16.189 -16.189
  -6.887 -15.159 -16.167
  -6.884 -15.866 -16.346
  -6.880 -15.376 -16.367
  -6.877 -15.718 -16.510
  -6.873 -16.305 -16.502
  -6.870 -15.949 -16.347
  -6.867 -16.477 -16.477
  -6.863 -15.858 -15.858
  -6.860 -16.184 -16.184
  -6.857 -16.432 -16.640
  -6.853 -15.726 -15.726
  -6.850 -15.363 -16.326
  -6.847 -15.676 -16.719
  -6.844 -15.745 -16.455
  -6.840 -15.862 -16.231
  -6.837 -16.222 -16.429
  -6.834 -16.251 -16.599
  -6.831 -16.046 -16.339
  -6.828 -16.560 -16.804
  -6.825 -15.742 -16.083
  -6.822 -15.377 -16.778
  -6.819 -15.310 -16.269
  -6.816 -15.841 -16.374
  -6.813 -15.503 -15.962
  -6.810 -16.185 -16.410
  -6.807 -14.783 -16.467
  -6.804 -16.685 -16.868
  -6.801 -15.911 -16.547
  -6.798 -15.805 -16.355
  -6.795 -16.873 -17.272
  -6.792 -16.378 -16.634
  -6.789 -16.087 -16.669
  -6.787 -15.127 -16.619
  -6.784 -16.704 -16.876
  -6.781 -15.713 -16.319
  -6.778 -17.119 -49.500
  -6.775 -15.982 -15.982
  -6.773 -16.506 -16.875
  -6.770 -15.537 -16.636
  -6.767 -16.296 -17.019
  -6.765 -16.375 -16.993
  -6.762 -15.811 -49.500
  -6.759 -15.949 -16.311
  -6.757 -15.947 -15.947
  -6.754 -15.957 -16.113
  -6.751 -16.407 -16.618
  -6.749 -16.837 -49.500
  -6.746 -16.610 -16.610
  -6.744 -16.532 -16.956
  -6.741 -15.777 -16.121
  -6.739 -49.500     NaN
  -6.736 -15.185 -15.998
  -6.734 -15.762 -15.762
  -6.731 -49.500     NaN
  -6.729 -16.460 -16.460
  -6.726 -15.599 -49.500
  -6.724 -15.374 -16.693
  -6.721 -16.907 -49.500
  -6.719 -16.682 -16.945
  -6.717 -15.859 -15.859
  -6.714 -49.500     NaN
  -6.712 -15.937 -16.868
  -6.709 -15.869 -16.590
  -6.707 -49.500 -49.500
  -6.705 -16.136 -16.331
  -6.702 -49.500     NaN
  -6.700 -17.025 -49.500
  -6.698 -16.690 -49.500
  -6.696 -49.500     NaN
  -6.693 -16.180 -49.500
  -6.691 -16.765 -16.926
  -6.689 -49.500 -49.500
  -6.687 -16.177 -49.500
  -6.684 -16.609 -16.799
  -6.682 -16.168 -16.348
  -6.680 -16.000 -16.191
  -6.678 -15.968 -16.243
  -6.675 -49.500     NaN
  -6.673 -16.664 -49.500
  -6.671 -49.500     NaN
  -6.669 -49.500     NaN
  -6.667 -16.337 -49.500
  -6.665 -16.408 -16.705
  -6.663 -49.500 -49.500
  -6.661 -49.500 -49.500
  -6.658 -49.500     NaN
  -6.656 -49.500     NaN
  -6.654 -16.416 -16.953
  -6.652 -16.868 -49.500
  -6.650 -16.777 -16.984
  -6.648 -17.179 -49.500
  -6.646 -16.558 -49.500
  -6.644 -49.500     NaN
  -6.642 -16.385 -49.500
  -6.640 -16.252 -49.500
  -6.638 -16.034 -49.500
  -6.636 -17.011 -49.500
  -6.634 -16.343 -16.577
  -6.632 -16.050 -49.500
  -6.630 -16.151 -49.500
  -6.628 -16.806 -49.500
  -6.626 -49.500     NaN
  -6.624 -16.107 -16.534
  -6.622 -49.500 -49.500
  -6.620 -49.500     NaN
  -6.618 -49.500 -49.500
  -6.617 -49.500     NaN
  -6.615 -49.500     NaN
  -6.613 -49.500 -49.500
  -6.611 -16.287 -16.658
  -6.609 -16.610 -49.500
  -6.607 -49.500     NaN
  -6.605 -49.500 -49.500
  -6.603 -49.500     NaN
  -6.602 -49.500     NaN
  -6.600 -16.570 -49.500
  -6.598 -49.500     NaN
  -6.596 -16.892 -49.500
  -6.594 -16.595 -16.595
