  -8.861 -13.835 -13.835
  -8.599 -13.943 -13.943
  -8.442 -14.012 -14.012
  -8.329 -14.072 -14.072
  -8.239 -14.036 -14.036
  -8.166 -14.212 -14.212
  -8.103 -14.186 -14.186
  -8.048 -14.426 -14.426
  -7.999 -14.330 -14.330
  -7.955 -14.263 -14.263
  -7.916 -14.184 -14.431
  -7.879 -14.545 -14.545
  -7.846 -14.565 -14.565
  -7.815 -14.208 -14.208
  -7.786 -14.397 -14.570
  -7.758 -14.590 -14.590
  -7.733 -14.670 -14.670
  -7.709 -14.497 -14.497
  -7.686 -14.631 -14.631
  -7.664 -14.767 -14.767
  -7.643 -14.628 -14.628
  -7.624 -14.814 -14.814
  -7.605 -14.770 -14.770
  -7.586 -14.399 -14.399
  -7.569 -14.770 -14.957
  -7.552 -14.949 -14.949
  -7.536 -14.772 -14.772
  -7.521 -14.954 -14.954
  -7.506 -15.040 -15.040
  -7.491 -14.729 -14.729
  -7.477 -14.783 -14.783
  -7.464 -14.913 -15.137
  -7.451 -14.925 -14.925
  -7.438 -14.790 -14.790
  -7.425 -14.736 -14.736
  -7.413 -14.683 -14.937
  -7.401 -14.695 -14.982
  -7.390 -14.992 -14.992
  -7.379 -14.906 -15.139
  -7.368 -15.172 -15.365
  -7.357 -14.480 -15.024
  -7.347 -14.909 -14.909
  -7.337 -14.982 -14.982
  -7.327 -15.031 -15.215
  -7.317 -13.783 -15.191
  -7.308 -14.880 -15.400
  -7.299 -15.047 -15.047
  -7.290 -14.612 -15.109
  -7.281 -14.766 -15.237
  -7.272 -15.174 -15.174
  -7.264 -15.125 -15.289
  -7.255 -15.495 -15.495
  -7.247 -15.526 -15.526
  -7.239 -14.958 -15.347
  -7.231 -15.197 -15.421
  -7.223 -15.257 -15.257
  -7.216 -15.569 -15.569
  -7.208 -15.416 -15.416
  -7.201 -14.881 -15.052
  -7.194 -14.965 -15.619
  -7.187 -14.464 -14.826
  -7.180 -15.214 -15.472
  -7.173 -14.891 -14.891
  -7.166 -14.707 -14.917
  -7.159 -14.816 -15.060
  -7.153 -15.256 -15.641
  -7.146 -15.478 -15.478
  -7.140 -14.872 -15.270
  -7.133 -15.684 -15.684
  -7.127 -15.563 -15.563
  -7.121 -15.610 -15.610
  -7.115 -15.347 -15.544
  -7.109 -14.360 -15.441
  -7.103 -15.543 -15.873
  -7.098 -15.583 -15.831
  -7.092 -15.066 -15.852
  -7.086 -15.474 -15.474
  -7.081 -15.699 -15.957
  -7.075 -15.907 -15.907
  -7.070 -15.683 -15.683
  -7.064 -15.147 -15.545
  -7.059 -15.796 -16.090
  -7.054 -15.636 -15.896
  -7.049 -15.129 -15.835
  -7.043 -16.081 -16.081
  -7.038 -16.019 -16.019
  -7.033 -14.930 -16.038
  -7.029 -15.121 -15.376
  -7.024 -15.989 -15.989
  -7.019 -15.669 -16.324
  -7.014 -14.330 -15.513
  -7.009 -15.521 -15.886
  -7.005 -15.852 -16.077
  -7.000 -15.691 -15.691
  -6.995 -15.979 -16.135
  -6.991 -15.627 -15.881
  -6.986 -15.811 -15.811
  -6.982 -16.145 -16.145
  -6.978 -15.956 -16.109
  -6.973 -16.028 -16.182
  -6.969 -15.840 -16.166
  -6.965 -16.049 -16.214
  -6.961 -16.321 -16.321
  -6.956 -16.208 -16.208
  -6.952 -15.873 -16.102
  -6.948 -16.110 -16.332
  -6.944 -15.735 -15.735
  -6.940 -16.013 -16.186
  -6.936 -15.603 -15.821
  -6.932 -15.848 -15.848
  -6.928 -15.258 -15.918
  -6.924 -14.970 -15.756
  -6.920 -15.422 -15.725
  -6.917 -16.066 -16.066
  -6.913 -16.088 -16.088
  -6.909 -16.272 -16.475
  -6.905 -16.036 -16.263
  -6.902 -15.370 -15.916
  -6.898 -15.810 -15.810
  -6.894 -15.997 -15.997
  -6.891 -15.660 -16.126
  -6.887 -16.225 -16.225
  -6.884 -16.333 -16.735
  -6.880 -14.875 -15.833
  -6.877 -16.554 -16.554
  -6.873 -15.700 -16.268
  -6.870 -16.322 -16.565
  -6.867 -16.337 -16.605
  -6.863 -16.434 -16.434
  -6.860 -16.745 -17.145
  -6.857 -16.249 -16.438
  -6.853 -15.352 -15.823
  -6.850 -16.252 -16.252
  -6.847 -16.174 -16.174
  -6.844 -16.388 -16.388
  -6.840 -16.234 -16.234
  -6.837 -15.757 -16.605
  -6.834 -16.385 -16.621
  -6.831 -16.221 -16.376
  -6.828 -16.544 -16.886
  -6.825 -16.388 -16.539
  -6.822 -16.138 -16.380
  -6.819 -16.168 -16.427
  -6.816 -16.408 -16.722
  -6.813 -16.259 -16.435
  -6.810 -16.537 -16.738
  -6.807 -16.821 -49.500
  -6.804 -16.157 -16.347
  -6.801 -15.998 -16.259
  -6.798 -15.336 -15.902
  -6.795 -14.761 -15.426
  -6.792 -16.593 -17.076
  -6.789 -15.705 -16.023
  -6.787 -16.190 -16.190
  -6.784 -15.213 -16.305
  -6.781 -14.481 -16.327
  -6.778 -15.790 -15.970
  -6.775 -17.242 -49.500
  -6.773 -16.761 -49.500
  -6.770 -16.372 -16.646
  -6.767 -15.642 -17.165
  -6.765 -16.611 -16.839
  -6.762 -15.584 -16.431
  -6.759 -15.283 -15.946
  -6.757 -15.827 -16.522
  -6.754 -49.500     NaN
  -6.751 -15.778 -16.505
  -6.749 -16.631 -49.500
  -6.746 -15.596 -15.847
  -6.744 -49.500     NaN
  -6.741 -16.895 -49.500
  -6.739 -15.913 -16.514
  -6.736 -16.490 -16.657
  -6.734 -49.500     NaN
  -6.731 -16.217 -49.500
  -6.729 -16.168 -49.500
  -6.726 -15.432 -16.599
  -6.724 -16.309 -49.500
  -6.721 -49.500 -49.500
  -6.719 -15.070 -49.500
  -6.717 -16.530 -16.711
  -6.714 -15.857 -16.066
  -6.712 -16.699 -16.970
  -6.709 -15.617 -16.927
  -6.707 -16.251 -16.552
  -6.705 -49.500     NaN
  -6.702 -16.806 -49.500
  -6.700 -16.122 -16.712
  -6.698 -16.654 -49.500
  -6.696 -16.945 -16.945
  -6.693 -14.971 -16.886
  -6.691 -16.131 -16.403
  -6.689 -16.562 -49.500
  -6.687 -16.707 -49.500
  -6.684 -16.542 -16.797
  -6.682 -16.263 -49.500
  -6.680 -16.231 -49.500
  -6.678 -16.963 -49.500
  -6.675 -49.500     NaN
  -6.673 -15.922 -16.585
  -6.671 -49.500     NaN
  -6.669 -15.959 -49.500
  -6.667 -49.500     NaN
  -6.665 -49.500     NaN
  -6.663 -15.836 -49.500
  -6.661 -49.500     NaN
  -6.658 -49.500     NaN
  -6.656 -49.500     NaN
  -6.654 -16.645 -49.500
  -6.652 -16.629 -49.500
  -6.650 -16.729 -49.500
  -6.648 -49.500 -49.500
  -6.646 -15.736 -16.538
  -6.644 -15.786 -16.468
  -6.642 -49.500     NaN
  -6.640 -15.702 -49.500
  -6.638 -49.500     NaN
  -6.636 -15.963 -16.463
  -6.634 -15.051 -16.996
  -6.632 -16.112 -49.500
  -6.630 -15.887 -49.500
  -6.628 -49.500     NaN
  -6.626 -16.750 -49.500
  -6.624 -49.500 -49.500
  -6.622 -49.500 -49.500
  -6.620 -16.247 -16.890
  -6.618 -15.976 -16.310
  -6.617 -15.988 -49.500
  -6.615 -14.877 -16.889
  -6.613 -49.500 -49.500
  -6.611 -49.500     NaN
  -6.609 -16.204 -16.657
  -6.607 -49.500     NaN
  -6.605 -49.500 -49.500
  -6.603 -49.500 -49.500
  -6.602 -16.083 -16.287
  -6.600 -49.500 -49.500
  -6.598 -49.500     NaN
  -6.596 -16.343 -49.500
  -6.594 -15.908 -49.500
