  -8.861 -13.853 -13.853
  -8.599 -13.914 -13.914
  -8.442 -13.982 -13.982
  -8.329 -13.982 -13.982
  -8.239 -14.146 -14.146
  -8.166 -14.173 -14.173
  -8.103 -14.279 -14.279
  -8.048 -14.352 -14.352
  -7.999 -14.341 -14.341
  -7.955 -14.336 -14.336
  -7.916 -14.459 -14.459
  -7.879 -14.507 -14.507
  -7.846 -14.432 -14.432
  -7.815 -14.557 -14.557
  -7.786 -14.399 -14.399
  -7.758 -14.527 -14.527
  -7.733 -14.563 -14.563
  -7.709 -14.704 -14.704
  -7.686 -14.469 -14.621
  -7.664 -14.252 -14.565
  -7.643 -14.853 -14.853
  -7.624 -14.541 -14.707
  -7.605 -14.860 -14.860
  -7.586 -14.655 -14.655
  -7.569 -14.932 -14.932
  -7.552 -14.712 -14.712
  -7.536 -14.933 -14.933
  -7.521 -14.753 -14.753
  -7.506 -14.685 -15.005
  -7.491 -14.501 -14.882
  -7.477 -14.783 -14.783
  -7.464 -14.928 -14.928
  -7.451 -15.103 -15.103
  -7.438 -15.194 -15.194
  -7.425 -15.320 -15.320
  -7.413 -14.620 -14.923
  -7.401 -14.740 -14.970
  -7.390 -15.037 -15.037
  -7.379 -14.606 -14.824
  -7.368 -14.998 -15.152
  -7.357 -15.167 -15.167
  -7.347 -15.179 -15.179
  -7.337 -14.983 -15.345
  -7.327 -14.410 -14.805
  -7.317 -14.938 -15.306
  -7.308 -14.990 -15.420
  -7.299 -15.126 -15.126
  -7.290 -14.991 -14.991
  -7.281 -15.135 -15.334
  -7.272 -14.886 -15.140
  -7.264 -15.246 -15.405
  -7.255 -14.770 -15.410
  -7.247 -15.097 -15.373
  -7.239 -14.968 -15.139
  -7.231 -15.535 -15.535
  -7.223 -15.224 -15.224
  -7.216 -14.987 -15.508
  -7.208 -14.978 -15.510
  -7.201 -15.385 -15.561
  -7.194 -15.241 -15.417
  -7.187 -15.447 -15.447
  -7.180 -14.845 -15.342
  -7.173 -15.175 -15.579
  -7.166 -15.306 -15.306
  -7.159 -15.159 -15.350
  -7.153 -15.536 -15.536
  -7.146 -15.112 -15.346
  -7.140 -15.554 -15.891
  -7.133 -15.049 -15.543
  -7.127 -15.253 -15.608
  -7.121 -15.717 -15.717
  -7.115 -15.433 -15.433
  -7.109 -15.339 -15.791
  -7.103 -15.454 -15.671
  -7.098 -15.628 -15.628
  -7.092 -15.693 -15.693
  -7.086 -15.678 -15.678
  -7.081 -15.651 -15.651
  -7.075 -15.225 -15.225
  -7.070 -15.288 -15.288
  -7.064 -15.144 -15.490
  -7.059 -15.185 -15.584
  -7.054 -15.062 -15.712
  -7.049 -15.191 -15.563
  -7.043 -15.719 -16.096
  -7.038 -15.702 -15.702
  -7.033 -15.656 -15.833
  -7.029 -15.519 -15.519
  -7.024 -15.109 -15.763
  -7.019 -15.075 -15.737
  -7.014 -15.439 -15.658
  -7.009 -14.895 -15.117
  -7.005 -14.236 -15.621
  -7.000 -15.876 -15.876
  -6.995 -15.553 -16.000
  -6.991 -16.109 -16.109
  -6.986 -14.644 -15.070
  -6.982 -16.209 -16.366
  -6.978 -16.195 -16.525
  -6.973 -15.774 -15.774
  -6.969 -14.994 -15.716
  -6.965 -16.080 -16.080
  -6.961 -14.919 -15.747
  -6.956 -16.280 -16.280
  -6.952 -15.597 -16.327
  -6.948 -15.926 -16.127
  -6.944 -15.676 -16.229
  -6.940 -15.149 -16.016
  -6.936 -15.858 -16.095
  -6.932 -16.470 -16.687
  -6.928 -16.170 -16.720
  -6.924 -15.437 -15.760
  -6.920 -15.438 -16.008
  -6.917 -16.191 -16.191
  -6.913 -16.275 -16.275
  -6.909 -16.029 -16.268
  -6.905 -15.864 -15.864
  -6.902 -15.937 -16.151
  -6.898 -16.079 -16.079
  -6.894 -15.448 -15.730
  -6.891 -16.060 -16.357
  -6.887 -15.908 -16.257
  -6.884 -15.883 -16.049
  -6.880 -15.569 -16.362
  -6.877 -16.143 -16.317
  -6.873 -15.277 -16.116
  -6.870 -15.109 -16.218
  -6.867 -15.858 -16.341
  -6.863 -15.384 -49.500
  -6.860 -15.791 -15.791
  -6.857 -16.248 -16.580
  -6.853 -16.218 -16.218
  -6.850 -16.305 -16.738
  -6.847 -15.989 -15.989
  -6.844 -15.677 -15.834
  -6.840 -16.446 -16.909
  -6.837 -15.864 -16.021
  -6.834 -15.552 -15.811
  -6.831 -16.214 -16.214
  -6.828 -16.185 -16.339
  -6.825 -16.164 -16.543
  -6.822 -15.514 -16.860
  -6.819 -16.244 -16.244
  -6.816 -15.107 -15.778
  -6.813 -14.815 -14.974
  -6.810 -16.584 -16.792
  -6.807 -15.897 -16.490
  -6.804 -15.308 -15.538
  -6.801 -16.275 -16.275
  -6.798 -16.225 -16.506
  -6.795 -16.534 -17.103
  -6.792 -16.550 -16.813
  -6.789 -49.500     NaN
  -6.787 -15.357 -15.855
  -6.784 -16.133 -49.500
  -6.781 -16.800 -49.500
  -6.778 -16.263 -16.672
  -6.775 -16.241 -16.707
  -6.773 -15.951 -16.511
  -6.770 -14.925 -16.255
  -6.767 -15.290 -16.350
  -6.765 -16.225 -16.840
  -6.762 -16.028 -16.398
  -6.759 -16.052 -16.522
  -6.757 -16.584 -49.500
  -6.754 -16.608 -16.608
  -6.751 -16.170 -16.419
  -6.749 -15.840 -16.829
  -6.746 -16.723 -49.500
  -6.744 -16.215 -16.367
  -6.741 -15.684 -16.359
  -6.739 -49.500     NaN
  -6.736 -16.347 -16.613
  -6.734 -15.629 -15.958
  -6.731 -16.401 -16.574
  -6.729 -49.500     NaN
  -6.726 -16.702 -16.886
  -6.724 -15.677 -16.053
  -6.721 -15.718 -15.984
  -6.719 -16.987 -49.500
  -6.717 -49.500     NaN
  -6.714 -15.863 -49.500
  -6.712 -49.500     NaN
  -6.709 -14.813 -14.813
  -6.707 -49.500 -49.500
  -6.705 -16.295 -49.500
  -6.702 -14.983 -16.158
  -6.700 -14.812 -16.549
  -6.698 -16.249 -16.249
  -6.696 -15.822 -16.499
  -6.693 -15.043 -15.630
  -6.691 -49.500     NaN
  -6.689 -15.837 -49.500
  -6.687 -49.500 -49.500
  -6.684 -16.139 -49.500
  -6.682 -16.985 -49.500
  -6.680 -16.815 -49.500
  -6.678 -16.067 -16.596
  -6.675 -15.920 -49.500
  -6.673 -16.680 -49.500
  -6.671 -16.044 -16.044
  -6.669 -16.829 -49.500
  -6.667 -16.477 -49.500
  -6.665 -15.841 -49.500
  -6.663 -15.941 -16.266
  -6.661 -49.500     NaN
  -6.658 -16.134 -49.500
  -6.656 -14.763 -49.500
  -6.654 -16.789 -49.500
  -6.652 -49.500     NaN
  -6.650 -49.500     NaN
  -6.648 -49.500     NaN
  -6.646 -15.825 -49.500
  -6.644 -16.160 -49.500
  -6.642 -49.500     NaN
  -6.640 -49.500 -49.500
  -6.638 -49.500     NaN
  -6.636 -49.500 -49.500
  -6.634 -49.500     NaN
  -6.632 -16.819 -16.819
  -6.630 -16.097 -49.500
  -6.628 -49.500 -49.500
  -6.626 -16.714 -49.500
  -6.624 -16.218 -49.500
  -6.622 -16.208 -16.208
  -6.620 -49.500 -49.500
  -6.618 -15.275 -15.778
  -6.617 -16.802 -49.500
  -6.615 -49.500     NaN
  -6.613 -49.500 -49.500
  -6.611 -16.320 -16.485
  -6.609 -49.500     NaN
  -6.607 -16.298 -16.572
  -6.605 -49.500     NaN
  -6.603 -49.500 -49.500
  -6.602 -49.500 -49.500
  -6.600 -49.500     NaN
  -6.598 -49.500     NaN
  -6.596 -16.595 -49.500
  -6.594 -49.500 -49.500
