  -8.861 -13.813 -13.813
  -8.599 -13.834 -13.834
  -8.442 -14.069 -14.069
  -8.329 -14.052 -14.052
  -8.239 -14.175 -14.175
  -8.166 -14.195 -14.195
  -8.103 -14.294 -14.294
  -8.048 -14.255 -14.255
  -7.999 -14.282 -14.282
  -7.955 -14.279 -14.279
  -7.916 -14.398 -14.398
  -7.879 -14.412 -14.412
  -7.846 -14.522 -14.522
  -7.815 -14.420 -14.420
  -7.786 -14.438 -14.598
  -7.758 -14.604 -14.604
  -7.733 -14.367 -14.367
  -7.709 -14.500 -14.754
  -7.686 -14.624 -14.624
  -7.664 -14.749 -14.749
  -7.643 -14.589 -14.589
  -7.624 -14.597 -14.597
  -7.605 -14.125 -14.766
  -7.586 -14.666 -14.861
  -7.569 -14.852 -14.852
  -7.552 -14.804 -14.804
  -7.536 -15.052 -15.052
  -7.521 -14.905 -14.905
  -7.506 -14.789 -14.789
  -7.491 -14.762 -14.762
  -7.477 -14.906 -14.906
  -7.464 -15.110 -15.110
  -7.451 -14.949 -15.111
  -7.438 -14.659 -15.268
  -7.425 -14.682 -14.868
  -7.413 -14.751 -14.751
  -7.401 -14.948 -14.948
  -7.390 -15.004 -15.004
  -7.379 -14.502 -14.735
  -7.368 -15.022 -15.022
  -7.357 -14.952 -15.240
  -7.347 -15.033 -15.033
  -7.337 -15.432 -15.432
  -7.327 -14.948 -15.143
  -7.317 -15.273 -15.273
  -7.308 -15.012 -15.300
  -7.299 -14.489 -15.074
  -7.290 -15.147 -15.376
  -7.281 -14.755 -15.038
  -7.272 -14.563 -15.143
  -7.264 -14.612 -15.142
  -7.255 -15.435 -15.586
  -7.247 -14.674 -15.377
  -7.239 -15.329 -15.513
  -7.231 -15.060 -15.304
  -7.223 -14.931 -15.132
  -7.216 -14.599 -14.803
  -7.208 -15.159 -15.159
  -7.201 -14.788 -15.139
  -7.194 -15.576 -15.576
  -7.187 -15.374 -15.374
  -7.180 -15.295 -15.295
  -7.173 -15.724 -15.724
  -7.166 -15.566 -15.566
  -7.159 -15.355 -15.355
  -7.153 -14.852 -15.696
  -7.146 -15.123 -15.734
  -7.140 -15.819 -15.819
  -7.133 -14.853 -15.782
  -7.127 -14.837 -15.192
  -7.121 -14.676 -15.261
  -7.115 -15.495 -15.776
  -7.109 -14.871 -15.794
  -7.103 -15.404 -15.810
  -7.098 -15.766 -15.766
  -7.092 -14.607 -15.370
  -7.086 -15.274 -15.710
  -7.081 -14.814 -15.509
  -7.075 -15.374 -15.809
  -7.070 -15.696 -15.696
  -7.064 -15.487 -15.487
  -7.059 -15.671 -15.895
  -7.054 -15.910 -15.910
  -7.049 -15.612 -15.766
  -7.043 -15.738 -15.980
  -7.038 -15.193 -15.811
  -7.033 -15.701 -15.972
  -7.029 -15.014 -15.188
  -7.024 -15.545 -15.726
  -7.019 -14.584 -16.110
  -7.014 -15.803 -16.041
  -7.009 -15.214 -15.884
  -7.005 -15.864 -16.134
  -7.000 -15.626 -15.900
  -6.995 -15.824 -15.998
  -6.991 -15.563 -15.853
  -6.986 -16.173 -16.398
  -6.982 -16.007 -16.007
  -6.978 -16.007 -16.169
  -6.973 -15.873 -16.260
  -6.969 -16.148 -16.148
  -6.965 -15.953 -15.953
  -6.961 -15.019 -15.381
  -6.956 -15.684 -16.056
  -6.952 -15.974 -15.974
  -6.948 -16.034 -16.188
  -6.944 -16.079 -16.079
  -6.940 -16.173 -16.173
  -6.936 -15.860 -16.054
  -6.932 -14.830 -15.409
  -6.928 -15.670 -15.942
  -6.924 -14.657 -15.092
  -6.920 -15.862 -16.036
  -6.917 -15.771 -15.771
  -6.913 -15.410 -16.145
  -6.909 -16.405 -16.405
  -6.905 -16.258 -16.258
  -6.902 -15.714 -16.172
  -6.898 -16.160 -16.360
  -6.894 -16.541 -17.082
  -6.891 -15.620 -16.125
  -6.887 -15.856 -16.692
  -6.884 -15.591 -15.890
  -6.880 -16.069 -16.320
  -6.877 -14.070 -15.366
  -6.873 -16.310 -16.310
  -6.870 -15.829 -15.983
  -6.867 -13.363 -15.936
  -6.863 -15.352 -15.590
  -6.860 -15.950 -16.838
  -6.857 -14.795 -14.967
  -6.853 -16.862 -16.862
  -6.850 -15.958 -16.160
  -6.847 -16.147 -16.147
  -6.844 -16.462 -16.462
  -6.840 -16.124 -16.397
  -6.837 -16.579 -16.805
  -6.834 -49.500     NaN
  -6.831 -16.533 -16.533
  -6.828 -16.519 -16.695
  -6.825 -15.979 -16.202
  -6.822 -16.768 -49.500
  -6.819 -15.606 -15.932
  -6.816 -16.214 -16.774
  -6.813 -16.151 -16.151
  -6.810 -16.128 -16.411
  -6.807 -15.400 -17.096
  -6.804 -17.135 -49.500
  -6.801 -15.844 -15.844
  -6.798 -16.701 -49.500
  -6.795 -15.651 -15.857
  -6.792 -15.864 -16.518
  -6.789 -16.528 -16.722
  -6.787 -16.186 -16.337
  -6.784 -16.326 -16.548
  -6.781 -15.225 -16.474
  -6.778 -16.074 -16.697
  -6.775 -16.477 -16.477
  -6.773 -15.297 -16.236
  -6.770 -15.923 -16.098
  -6.767 -16.907 -49.500
  -6.765 -15.961 -16.444
  -6.762 -15.358 -15.942
  -6.759 -16.737 -17.101
  -6.757 -15.454 -16.900
  -6.754 -16.247 -49.500
  -6.751 -16.575 -49.500
  -6.749 -16.624 -16.937
  -6.746 -16.298 -17.001
  -6.744 -16.427 -16.619
  -6.741 -15.760 -16.324
  -6.739 -16.659 -16.659
  -6.736 -16.857 -49.500
  -6.734 -16.197 -16.485
  -6.731 -49.500 -49.500
  -6.729 -16.129 -16.615
  -6.726 -15.946 -16.383
  -6.724 -16.156 -17.171
  -6.721 -49.500     NaN
  -6.719 -16.878 -49.500
  -6.717 -49.500     NaN
  -6.714 -16.122 -16.631
  -6.712 -16.085 -16.364
  -6.709 -16.324 -16.746
  -6.707 -49.500     NaN
  -6.705 -16.445 -49.500
  -6.702 -16.069 -49.500
  -6.700 -16.054 -49.500
  -6.698 -16.057 -49.500
  -6.696 -49.500     NaN
  -6.693 -16.962 -49.500
  -6.691 -16.784 -49.500
  -6.689 -16.909 -49.500
  -6.687 -16.721 -49.500
  -6.684 -49.500     NaN
  -6.682 -49.500     NaN
  -6.680 -16.249 -16.639
  -6.678 -49.500 -49.500
  -6.675 -16.234 -16.814
  -6.673 -16.379 -49.500
  -6.671 -49.500     NaN
  -6.669 -16.582 -49.500
  -6.667 -16.251 -49.500
  -6.665 -49.500 -49.500
  -6.663 -17.001 -49.500
  -6.661 -49.500     NaN
  -6.658 -15.841 -49.500
  -6.656 -16.115 -16.115
  -6.654 -16.885 -49.500
  -6.652 -15.792 -15.960
  -6.650 -16.487 -49.500
  -6.648 -16.115 -16.491
  -6.646 -16.051 -16.538
  -6.644 -16.555 -49.500
  -6.642 -49.500     NaN
  -6.640 -49.500 -49.500
  -6.638 -49.500     NaN
  -6.636 -49.500 -49.500
  -6.634 -16.351 -49.500
  -6.632 -16.884 -49.500
  -6.630 -49.500 -49.500
  -6.628 -49.500 -49.500
  -6.626 -15.942 -16.462
  -6.624 -49.500     NaN
  -6.622 -15.650 -49.500
  -6.620 -49.500 -49.500
  -6.618 -49.500     NaN
  -6.617 -15.874 -49.500
  -6.615 -15.126 -15.126
  -6.613 -16.421 -49.500
  -6.611 -16.379 -17.108
  -6.609 -16.133 -49.500
  -6.607 -16.365 -49.500
  -6.605 -49.500     NaN
  -6.603 -16.550 -49.500
  -6.602 -16.249 -49.500
  -6.600 -15.958 -17.160
  -6.598 -49.500 -49.500
  -6.596 -49.500     NaN
  -6.594 -49.500     NaN
