  -8.861 -13.860 -13.860
  -8.599 -13.987 -13.987
  -8.442 -13.975 -13.975
  -8.329 -14.090 -14.090
  -8.239 -14.218 -14.218
  -8.166 -14.230 -14.230
  -8.103 -14.198 -14.198
  -8.048 -14.193 -14.193
  -7.999 -14.130 -14.130
  -7.955 -14.296 -14.296
  -7.916 -14.506 -14.506
  -7.879 -14.556 -14.556
  -7.846 -14.369 -14.369
  -7.815 -14.397 -14.397
  -7.786 -14.539 -14.539
  -7.758 -14.586 -14.586
  -7.733 -14.502 -14.502
  -7.709 -14.758 -14.758
  -7.686 -14.717 -14.717
  -7.664 -14.525 -14.525
  -7.643 -14.627 -14.786
  -7.624 -14.585 -14.802
  -7.605 -14.550 -14.722
  -7.586 -14.790 -14.790
  -7.569 -14.742 -14.742
  -7.552 -14.723 -14.723
  -7.536 -14.760 -14.760
  -7.521 -14.518 -14.839
  -7.506 -14.551 -14.827
  -7.491 -14.829 -14.829
  -7.477 -14.824 -14.824
  -7.464 -14.628 -15.018
  -7.451 -14.859 -14.859
  -7.438 -14.872 -14.872
  -7.425 -15.047 -15.047
  -7.413 -14.917 -15.115
  -7.401 -14.755 -14.994
  -7.390 -15.141 -15.321
  -7.379 -14.682 -14.900
  -7.368 -15.092 -15.092
  -7.357 -15.404 -15.404
  -7.347 -15.160 -15.160
  -7.337 -15.053 -15.227
  -7.327 -15.122 -15.122
  -7.317 -15.153 -15.335
  -7.308 -15.221 -15.221
  -7.299 -15.188 -15.367
  -7.290 -15.097 -15.097
  -7.281 -15.220 -15.220
  -7.272 -15.203 -15.203
  -7.264 -15.406 -15.406
  -7.255 -15.030 -15.030
  -7.247 -14.945 -14.945
  -7.239 -15.013 -15.278
  -7.231 -15.595 -15.595
  -7.223 -15.535 -15.535
  -7.216 -15.447 -15.447
  -7.208 -15.425 -15.821
  -7.201 -14.918 -15.672
  -7.194 -15.073 -15.073
  -7.187 -15.745 -15.745
  -7.180 -15.552 -15.552
  -7.173 -15.695 -15.695
  -7.166 -14.720 -15.640
  -7.159 -15.134 -15.134
  -7.153 -15.076 -15.762
  -7.146 -13.295 -15.572
  -7.140 -15.409 -15.409
  -7.133 -14.744 -15.461
  -7.127 -15.082 -15.672
  -7.121 -15.404 -15.733
  -7.115 -15.216 -15.216
  -7.109 -15.699 -15.699
  -7.103 -15.697 -15.697
  -7.098 -15.503 -15.503
  -7.092 -15.014 -15.205
  -7.086 -15.552 -15.552
  -7.081 -15.047 -15.545
  -7.075 -15.646 -16.031
  -7.070 -15.852 -15.852
  -7.064 -14.894 -15.197
  -7.059 -14.999 -15.264
  -7.054 -15.707 -15.957
  -7.049 -15.518 -16.117
  -7.043 -15.660 -15.860
  -7.038 -14.773 -15.726
  -7.033 -15.358 -15.766
  -7.029 -15.353 -15.666
  -7.024 -15.697 -15.849
  -7.019 -15.757 -16.307
  -7.014 -15.607 -15.607
  -7.009 -15.031 -15.866
  -7.005 -14.669 -16.045
  -7.000 -16.131 -16.131
  -6.995 -15.682 -15.927
  -6.991 -15.031 -15.640
  -6.986 -14.989 -15.942
  -6.982 -15.496 -16.104
  -6.978 -14.803 -16.301
  -6.973 -15.613 -15.942
  -6.969 -16.083 -16.083
  -6.965 -15.712 -15.712
  -6.961 -15.811 -16.092
  -6.956 -16.010 -16.010
  -6.952 -16.261 -16.496
  -6.948 -15.682 -16.058
  -6.944 -15.982 -15.982
  -6.940 -16.068 -16.068
  -6.936 -15.109 -16.149
  -6.932 -16.034 -16.034
  -6.928 -16.404 -16.595
  -6.924 -15.103 -15.717
  -6.920 -15.434 -15.899
  -6.917 -15.939 -16.098
  -6.913 -15.619 -15.881
  -6.909 -16.347 -16.519
  -6.905 -16.126 -16.126
  -6.902 -15.901 -15.901
  -6.898 -16.035 -16.035
  -6.894 -14.882 -15.603
  -6.891 -15.492 -15.650
  -6.887 -15.437 -15.918
  -6.884 -14.693 -16.229
  -6.880 -15.000 -15.917
  -6.877 -15.986 -16.139
  -6.873 -15.370 -16.487
  -6.870 -16.659 -17.030
  -6.867 -15.976 -16.363
  -6.863 -16.262 -16.262
  -6.860 -16.406 -16.569
  -6.857 -15.499 -16.713
  -6.853 -16.175 -16.581
  -6.850 -15.826 -16.315
  -6.847 -15.669 -15.669
  -6.844 -15.683 -16.127
  -6.840 -15.760 -16.337
  -6.837 -16.377 -16.786
  -6.834 -15.512 -16.088
  -6.831 -15.314 -15.660
  -6.828 -15.512 -15.693
  -6.825 -15.950 -15.950
  -6.822 -15.358 -16.324
  -6.819 -17.017 -49.500
  -6.816 -15.638 -15.879
  -6.813 -15.496 -15.656
  -6.810 -16.086 -16.086
  -6.807 -15.411 -15.953
  -6.804 -16.300 -16.300
  -6.801 -49.500     NaN
  -6.798 -16.665 -49.500
  -6.795 -16.076 -16.403
  -6.792 -14.300 -16.579
  -6.789 -14.443 -16.504
  -6.787 -16.543 -16.543
  -6.784 -16.602 -17.098
  -6.781 -49.500     NaN
  -6.778 -16.063 -16.525
  -6.775 -15.623 -16.541
  -6.773 -16.433 -16.630
  -6.770 -16.141 -16.380
  -6.767 -15.933 -16.428
  -6.765 -17.124 -49.500
  -6.762 -49.500     NaN
  -6.759 -16.509 -16.679
  -6.757 -16.293 -49.500
  -6.754 -15.271 -16.087
  -6.751 -16.139 -16.292
  -6.749 -16.228 -16.570
  -6.746 -15.923 -16.309
  -6.744 -49.500     NaN
  -6.741 -16.116 -16.438
  -6.739 -16.383 -49.500
  -6.736 -16.272 -16.272
  -6.734 -15.912 -16.371
  -6.731 -16.627 -16.907
  -6.729 -16.311 -16.932
  -6.726 -16.295 -16.512
  -6.724 -15.095 -16.326
  -6.721 -49.500     NaN
  -6.719 -16.771 -49.500
  -6.717 -16.382 -49.500
  -6.714 -49.500     NaN
  -6.712 -16.073 -49.500
  -6.709 -15.780 -16.497
  -6.707 -49.500     NaN
  -6.705 -49.500     NaN
  -6.702 -16.969 -49.500
  -6.700 -49.500 -49.500
  -6.698 -16.053 -16.832
  -6.696 -15.536 -16.648
  -6.693 -15.861 -49.500
  -6.691 -16.616 -49.500
  -6.689 -49.500 -49.500
  -6.687 -49.500 -49.500
  -6.684 -16.986 -49.500
  -6.682 -15.449 -49.500
  -6.680 -15.997 -49.500
  -6.678 -16.592 -17.112
  -6.675 -15.527 -16.019
  -6.673 -16.889 -49.500
  -6.671 -16.745 -49.500
  -6.669 -49.500     NaN
  -6.667 -16.138 -49.500
  -6.665 -49.500 -49.500
  -6.663 -15.590 -15.590
  -6.661 -14.989 -49.500
  -6.658 -16.323 -49.500
  -6.656 -49.500     NaN
  -6.654 -16.505 -49.500
  -6.652 -16.476 -16.862
  -6.650 -15.984 -16.395
  -6.648 -15.761 -49.500
  -6.646 -16.743 -49.500
  -6.644 -16.278 -49.500
  -6.642 -15.967 -15.967
  -6.640 -49.500     NaN
  -6.638 -49.500     NaN
  -6.636 -49.500 -49.500
  -6.634 -49.500 -49.500
  -6.632 -49.500     NaN
  -6.630 -49.500     NaN
  -6.628 -49.500 -49.500
  -6.626 -16.363 -49.500
  -6.624 -15.555 -49.500
  -6.622 -16.503 -49.500
  -6.620 -49.500     NaN
  -6.618 -49.500 -49.500
  -6.617 -16.752 -49.500
  -6.615 -16.733 -49.500
  -6.613 -49.500 -49.500
  -6.611 -49.500     NaN
  -6.609 -16.160 -49.500
  -6.607 -16.825 -16.825
  -6.605 -49.500     NaN
  -6.603 -49.500     NaN
  -6.602 -49.500 -49.500
  -6.600 -49.500 -49.500
  -6.598 -16.731 -16.731
  -6.596 -49.500     NaN
  -6.594 -49.500 -49.500
