  -8.861 -13.828 -13.828
  -8.599 -13.961 -13.961
  -8.442 -13.997 -13.997
  -8.329 -14.116 -14.116
  -8.239 -14.172 -14.172
  -8.166 -14.264 -14.264
  -8.103 -14.200 -14.200
  -8.048 -14.317 -14.317
  -7.999 -14.403 -14.403
  -7.955 -14.062 -14.351
  -7.916 -14.199 -14.359
  -7.879 -14.401 -14.401
  -7.846 -14.501 -14.501
  -7.815 -14.627 -14.627
  -7.786 -14.630 -14.630
  -7.758 -14.700 -14.700
  -7.733 -14.650 -14.650
  -7.709 -14.558 -14.558
  -7.686 -14.661 -14.661
  -7.664 -14.600 -14.600
  -7.643 -14.571 -14.724
  -7.624 -14.584 -14.772
  -7.605 -14.770 -14.770
  -7.586 -14.681 -14.681
  -7.569 -14.558 -14.558
  -7.552 -14.635 -14.635
  -7.536 -14.669 -14.838
  -7.521 -14.420 -14.966
  -7.506 -14.947 -14.947
  -7.491 -14.833 -15.004
  -7.477 -14.993 -15.156
  -7.464 -14.668 -14.668
  -7.451 -14.634 -14.634
  -7.438 -14.937 -14.937
  -7.425 -15.079 -15.079
  -7.413 -14.997 -14.997
  -7.401 -14.892 -14.892
  -7.390 -14.820 -15.209
  -7.379 -15.014 -15.014
  -7.368 -14.997 -14.997
  -7.357 -14.952 -15.172
  -7.347 -15.066 -15.238
  -7.337 -14.230 -14.957
  -7.327 -15.105 -15.294
  -7.317 -15.077 -15.282
  -7.308 -14.819 -14.819
  -7.299 -15.217 -15.217
  -7.290 -15.467 -15.467
  -7.281 -14.840 -15.051
  -7.272 -15.169 -15.405
  -7.264 -15.109 -15.378
  -7.255 -15.287 -15.287
  -7.247 -15.515 -15.515
  -7.239 -15.096 -15.096
  -7.231 -15.127 -15.326
  -7.223 -15.032 -15.271
  -7.216 -15.526 -15.526
  -7.208 -15.413 -15.594
  -7.201 -14.756 -15.429
  -7.194 -14.926 -15.277
  -7.187 -15.528 -15.735
  -7.180 -15.374 -15.374
  -7.173 -15.629 -15.629
  -7.166 -15.531 -15.531
  -7.159 -15.675 -15.921
  -7.153 -14.539 -15.039
  -7.146 -15.396 -15.396
  -7.140 -15.558 -15.558
  -7.133 -15.313 -15.313
  -7.127 -15.568 -15.726
  -7.121 -15.091 -15.672
  -7.115 -16.020 -16.020
  -7.109 -15.561 -16.140
  -7.103 -15.569 -15.569
  -7.098 -15.353 -15.663
  -7.092 -15.355 -15.620
  -7.086 -14.867 -15.627
  -7.081 -14.978 -15.152
  -7.075 -15.963 -15.963
  -7.070 -15.655 -15.655
  -7.064 -15.220 -15.523
  -7.059 -15.740 -15.740
  -7.054 -14.768 -15.444
  -7.049 -15.130 -15.683
  -7.043 -16.212 -16.212
  -7.038 -15.733 -15.733
  -7.033 -15.358 -15.521
  -7.029 -14.429 -15.172
  -7.024 -15.990 -15.990
  -7.019 -14.633 -15.778
  -7.014 -15.600 -15.824
  -7.009 -15.365 -16.077
  -7.005 -16.065 -16.275
  -7.000 -15.912 -15.912
  -6.995 -15.019 -15.019
  -6.991 -15.900 -15.900
  -6.986 -14.554 -15.004
  -6.982 -15.821 -15.821
  -6.978 -15.453 -15.794
  -6.973 -15.265 -15.634
  -6.969 -16.187 -16.187
  -6.965 -15.406 -16.044
  -6.961 -15.504 -16.082
  -6.956 -16.249 -16.497
  -6.952 -16.043 -16.800
  -6.948 -15.639 -15.941
  -6.944 -14.805 -15.829
  -6.940 -16.032 -16.183
  -6.936 -16.205 -16.373
  -6.932 -16.045 -16.225
  -6.928 -15.903 -16.141
  -6.924 -15.020 -15.604
  -6.920 -15.350 -16.411
  -6.917 -15.890 -16.105
  -6.913 -16.203 -16.525
  -6.909 -15.741 -16.109
  -6.905 -15.353 -16.074
  -6.902 -16.222 -16.562
  -6.898 -16.243 -16.243
  -6.894 -15.800 -15.997
  -6.891 -16.282 -16.282
  -6.887 -15.773 -16.294
  -6.884 -16.058 -16.318
  -6.880 -16.130 -16.603
  -6.877 -16.211 -16.211
  -6.873 -16.024 -16.312
  -6.870 -16.800 -17.155
  -6.867 -15.900 -15.900
  -6.863 -16.043 -16.043
  -6.860 -16.279 -16.725
  -6.857 -16.717 -16.717
  -6.853 -16.698 -17.530
  -6.850 -16.303 -16.573
  -6.847 -16.052 -16.052
  -6.844 -16.277 -16.512
  -6.840 -15.645 -15.907
  -6.837 -16.078 -16.712
  -6.834 -15.872 -16.035
  -6.831 -15.974 -16.390
  -6.828 -16.546 -16.546
  -6.825 -16.253 -16.468
  -6.822 -16.507 -16.686
  -6.819 -49.500     NaN
  -6.816 -16.510 -17.226
  -6.813 -15.854 -16.625
  -6.810 -49.500     NaN
  -6.807 -16.566 -16.977
  -6.804 -16.260 -16.427
  -6.801 -16.196 -16.382
  -6.798 -16.451 -16.681
  -6.795 -15.495 -16.225
  -6.792 -16.851 -49.500
  -6.789 -15.429 -16.409
  -6.787 -49.500     NaN
  -6.784 -15.696 -49.500
  -6.781 -15.554 -16.127
  -6.778 -15.906 -16.081
  -6.775 -15.910 -16.112
  -6.773 -49.500     NaN
  -6.770 -49.500     NaN
  -6.767 -16.564 -16.829
  -6.765 -15.557 -16.828
  -6.762 -15.364 -15.681
  -6.759 -16.562 -16.856
  -6.757 -16.469 -16.873
  -6.754 -16.031 -16.391
  -6.751 -16.467 -16.666
  -6.749 -16.706 -49.500
  -6.746 -16.602 -16.970
  -6.744 -16.930 -49.500
  -6.741 -16.005 -16.172
  -6.739 -15.956 -15.956
  -6.736 -15.842 -49.500
  -6.734 -15.339 -16.448
  -6.731 -16.165 -16.912
  -6.729 -15.454 -16.282
  -6.726 -49.500     NaN
  -6.724 -15.911 -16.073
  -6.721 -16.189 -16.831
  -6.719 -16.332 -16.701
  -6.717 -16.874 -49.500
  -6.714 -17.029 -17.359
  -6.712 -49.500     NaN
  -6.709 -16.144 -16.704
  -6.707 -49.500     NaN
  -6.705 -16.266 -16.825
  -6.702 -49.500 -49.500
  -6.700 -16.368 -16.651
  -6.698 -16.180 -49.500
  -6.696 -49.500     NaN
  -6.693 -16.665 -49.500
  -6.691 -16.514 -49.500
  -6.689 -16.066 -16.663
  -6.687 -16.608 -16.608
  -6.684 -16.654 -49.500
  -6.682 -49.500     NaN
  -6.680 -15.963 -16.724
  -6.678 -16.220 -49.500
  -6.675 -16.824 -49.500
  -6.673 -16.452 -16.693
  -6.671 -49.500     NaN
  -6.669 -16.855 -49.500
  -6.667 -16.112 -16.544
  -6.665 -49.500     NaN
  -6.663 -16.428 -16.428
  -6.661 -16.452 -49.500
  -6.658 -49.500 -49.500
  -6.656 -16.370 -16.607
  -6.654 -16.414 -16.601
  -6.652 -49.500     NaN
  -6.650 -16.453 -49.500
  -6.648 -16.113 -17.084
  -6.646 -49.500     NaN
  -6.644 -49.500     NaN
  -6.642 -16.350 -16.350
  -6.640 -15.788 -49.500
  -6.638 -17.123 -49.500
  -6.636 -16.176 -16.176
  -6.634 -49.500     NaN
  -6.632 -15.934 -15.934
  -6.630 -16.055 -16.207
  -6.628 -49.500 -49.500
  -6.626 -49.500 -49.500
  -6.624 -14.792 -14.792
  -6.622 -16.598 -16.598
  -6.620 -49.500 -49.500
  -6.618 -49.500     NaN
  -6.617 -49.500 -49.500
  -6.615 -16.306 -49.500
  -6.613 -49.500 -49.500
  -6.611 -49.500 -49.500
  -6.609 -49.500 -49.500
  -6.607 -49.500 -49.500
  -6.605 -49.500 -49.500
  -6.603 -16.045 -16.292
  -6.602 -16.726 -49.500
  -6.600 -16.581 -49.500
  -6.598 -15.372 -49.500
  -6.596 -49.500 -49.500
  -6.594 -49.500 -49.500
