  -8.861 -13.846 -13.846
  -8.599 -13.936 -13.936
  -8.442 -14.054 -14.054
  -8.329 -14.076 -14.076
  -8.239 -14.174 -14.174
  -8.166 -14.092 -14.092
  -8.103 -14.272 -14.272
  -8.048 -14.356 -14.356
  -7.999 -14.401 -14.401
  -7.955 -14.428 -14.428
  -7.916 -14.445 -14.445
  -7.879 -14.487 -14.487
  -7.846 -14.529 -14.529
  -7.815 -14.422 -14.422
  -7.786 -14.656 -14.656
  -7.758 -14.631 -14.631
  -7.733 -14.469 -14.469
  -7.709 -14.664 -14.664
  -7.686 -14.344 -14.528
  -7.664 -14.525 -14.525
  -7.643 -14.455 -14.455
  -7.624 -14.793 -14.793
  -7.605 -14.864 -14.864
  -7.586 -14.765 -14.765
  -7.569 -14.662 -14.662
  -7.552 -14.883 -14.883
  -7.536 -14.750 -14.951
  -7.521 -14.855 -14.855
  -7.506 -14.768 -14.768
  -7.491 -14.912 -14.912
  -7.477 -14.453 -14.453
  -7.464 -14.677 -14.989
  -7.451 -14.375 -15.174
  -7.438 -14.888 -14.888
  -7.425 -15.192 -15.192
  -7.413 -14.952 -14.952
  -7.401 -15.029 -15.029
  -7.390 -14.897 -14.897
  -7.379 -15.095 -15.306
  -7.368 -14.970 -15.136
  -7.357 -14.943 -15.204
  -7.347 -15.309 -15.309
  -7.337 -15.048 -15.319
  -7.327 -14.526 -15.265
  -7.317 -14.992 -14.992
  -7.308 -15.290 -15.290
  -7.299 -14.879 -15.212
  -7.290 -15.169 -15.169
  -7.281 -15.279 -15.279
  -7.272 -15.416 -15.416
  -7.264 -14.930 -15.170
  -7.255 -14.918 -15.083
  -7.247 -15.398 -15.398
  -7.239 -15.047 -15.498
  -7.231 -15.081 -15.081
  -7.223 -15.560 -15.560
  -7.216 -15.269 -15.269
  -7.208 -15.271 -15.583
  -7.201 -15.116 -15.404
  -7.194 -15.367 -15.367
  -7.187 -15.752 -15.752
  -7.180 -15.665 -15.665
  -7.173 -15.107 -15.746
  -7.166 -15.370 -15.730
  -7.159 -15.551 -15.736
  -7.153 -14.846 -14.846
  -7.146 -15.467 -15.467
  -7.140 -14.919 -15.638
  -7.133 -15.148 -15.703
  -7.127 -15.687 -15.850
  -7.121 -15.426 -15.426
  -7.115 -14.634 -15.466
  -7.109 -15.352 -15.786
  -7.103 -15.501 -15.861
  -7.098 -15.606 -15.606
  -7.092 -15.897 -16.063
  -7.086 -14.876 -15.706
  -7.081 -15.652 -15.652
  -7.075 -15.700 -15.700
  -7.070 -15.110 -15.567
  -7.064 -15.663 -15.663
  -7.059 -15.877 -15.877
  -7.054 -14.510 -15.876
  -7.049 -15.668 -15.903
  -7.043 -15.489 -15.650
  -7.038 -15.673 -15.673
  -7.033 -15.575 -15.996
  -7.029 -15.087 -15.710
  -7.024 -15.269 -15.476
  -7.019 -15.631 -15.631
  -7.014 -14.689 -15.699
  -7.009 -15.610 -15.765
  -7.005 -16.098 -16.098
  -7.000 -16.439 -16.439
  -6.995 -15.383 -16.019
  -6.991 -15.533 -16.088
  -6.986 -15.515 -15.816
  -6.982 -16.157 -16.443
  -6.978 -15.511 -16.158
  -6.973 -15.538 -15.538
  -6.969 -15.310 -15.653
  -6.965 -16.059 -16.059
  -6.961 -14.937 -16.124
  -6.956 -15.838 -16.087
  -6.952 -16.002 -16.002
  -6.948 -15.959 -15.959
  -6.944 -15.565 -15.876
  -6.940 -16.194 -16.194
  -6.936 -15.314 -15.598
  -6.932 -16.093 -16.093
  -6.928 -15.723 -15.723
  -6.924 -15.974 -15.974
  -6.920 -16.284 -16.284
  -6.917 -15.700 -15.853
  -6.913 -16.449 -16.449
  -6.909 -16.499 -16.938
  -6.905 -15.899 -15.899
  -6.902 -16.323 -16.323
  -6.898 -15.629 -15.851
  -6.894 -15.611 -16.083
  -6.891 -15.974 -15.974
  -6.887 -16.138 -16.310
  -6.884 -15.823 -16.011
  -6.880 -16.302 -16.555
  -6.877 -16.065 -16.502
  -6.873 -14.973 -15.434
  -6.870 -16.125 -16.125
  -6.867 -15.569 -15.569
  -6.863 -15.654 -16.118
  -6.860 -15.571 -15.571
  -6.857 -16.550 -16.766
  -6.853 -16.127 -16.127
  -6.850 -16.239 -16.239
  -6.847 -15.747 -15.747
  -6.844 -15.661 -15.661
  -6.840 -16.471 -16.637
  -6.837 -16.578 -17.115
  -6.834 -15.666 -16.332
  -6.831 -15.779 -16.242
  -6.828 -16.504 -16.504
  -6.825 -16.030 -16.606
  -6.822 -16.298 -16.749
  -6.819 -15.610 -15.954
  -6.816 -16.252 -16.585
  -6.813 -15.125 -15.871
  -6.810 -16.018 -16.628
  -6.807 -15.608 -15.983
  -6.804 -16.209 -16.590
  -6.801 -16.156 -16.156
  -6.798 -16.392 -16.392
  -6.795 -15.691 -15.982
  -6.792 -16.199 -16.199
  -6.789 -16.303 -16.568
  -6.787 -16.062 -49.500
  -6.784 -17.116 -49.500
  -6.781 -16.763 -49.500
  -6.778 -15.003 -15.163
  -6.775 -16.146 -16.348
  -6.773 -16.265 -17.007
  -6.770 -15.952 -16.297
  -6.767 -49.500     NaN
  -6.765 -16.628 -16.628
  -6.762 -15.084 -49.500
  -6.759 -15.623 -16.616
  -6.757 -16.870 -49.500
  -6.754 -16.901 -17.214
  -6.751 -16.144 -16.385
  -6.749 -16.272 -16.602
  -6.746 -16.334 -16.788
  -6.744 -49.500     NaN
  -6.741 -16.215 -49.500
  -6.739 -49.500     NaN
  -6.736 -16.086 -16.086
  -6.734 -49.500     NaN
  -6.731 -15.430 -16.514
  -6.729 -49.500     NaN
  -6.726 -16.357 -16.569
  -6.724 -16.763 -17.225
  -6.721 -15.918 -16.445
  -6.719 -15.929 -16.175
  -6.717 -16.837 -49.500
  -6.714 -16.353 -49.500
  -6.712 -49.500     NaN
  -6.709 -15.639 -16.120
  -6.707 -17.173 -49.500
  -6.705 -16.849 -49.500
  -6.702 -16.088 -16.637
  -6.700 -16.392 -16.545
  -6.698 -16.068 -49.500
  -6.696 -16.357 -16.357
  -6.693 -17.116 -49.500
  -6.691 -16.439 -16.884
  -6.689 -49.500 -49.500
  -6.687 -49.500     NaN
  -6.684 -16.315 -16.522
  -6.682 -16.241 -16.708
  -6.680 -16.752 -49.500
  -6.678 -15.937 -17.057
  -6.675 -49.500     NaN
  -6.673 -16.292 -49.500
  -6.671 -16.308 -17.044
  -6.669 -15.744 -49.500
  -6.667 -49.500 -49.500
  -6.665 -16.477 -49.500
  -6.663 -16.763 -49.500
  -6.661 -49.500 -49.500
  -6.658 -16.154 -49.500
  -6.656 -17.229 -49.500
  -6.654 -15.832 -16.087
  -6.652 -49.500     NaN
  -6.650 -49.500     NaN
  -6.648 -16.790 -49.500
  -6.646 -16.283 -16.456
  -6.644 -49.500     NaN
  -6.642 -49.500 -49.500
  -6.640 -49.500     NaN
  -6.638 -49.500 -49.500
  -6.636 -49.500     NaN
  -6.634 -49.500 -49.500
  -6.632 -16.933 -49.500
  -6.630 -15.588 -16.589
  -6.628 -49.500     NaN
  -6.626 -49.500     NaN
  -6.624 -49.500 -49.500
  -6.622 -49.500     NaN
  -6.620 -49.500     NaN
  -6.618 -49.500 -49.500
  -6.617 -15.990 -49.500
  -6.615 -49.500     NaN
  -6.613 -16.752 -49.500
  -6.611 -49.500 -49.500
  -6.609 -15.603 -16.659
  -6.607 -16.907 -49.500
  -6.605 -16.272 -16.272
  -6.603 -49.500     NaN
  -6.602 -49.500     NaN
  -6.600 -16.256 -49.500
  -6.598 -49.500     NaN
  -6.596 -49.500 -49.500
  -6.594 -15.830 -49.500
