  -8.861 -13.824 -13.824
  -8.599 -13.971 -13.971
  -8.442 -14.059 -14.059
  -8.329 -14.132 -14.132
  -8.239 -14.172 -14.172
  -8.166 -14.237 -14.237
  -8.103 -13.944 -14.251
  -8.048 -14.387 -14.387
  -7.999 -14.389 -14.389
  -7.955 -14.320 -14.320
  -7.916 -14.519 -14.519
  -7.879 -14.224 -14.411
  -7.846 -14.480 -14.480
  -7.815 -14.587 -14.587
  -7.786 -14.500 -14.500
  -7.758 -14.288 -14.504
  -7.733 -14.452 -14.452
  -7.709 -14.418 -14.668
  -7.686 -14.750 -14.750
  -7.664 -14.579 -14.579
  -7.643 -14.827 -14.827
  -7.624 -14.381 -14.787
  -7.605 -14.440 -14.743
  -7.586 -14.603 -14.603
  -7.569 -14.781 -14.781
  -7.552 -14.577 -14.773
  -7.536 -14.930 -14.930
  -7.521 -14.948 -14.948
  -7.506 -14.618 -14.841
  -7.491 -14.959 -14.959
  -7.477 -14.907 -15.069
  -7.464 -14.727 -14.987
  -7.451 -15.012 -15.012
  -7.438 -15.111 -15.111
  -7.425 -15.080 -15.080
  -7.413 -14.773 -14.931
  -7.401 -15.103 -15.103
  -7.390 -14.906 -14.906
  -7.379 -14.647 -15.081
  -7.368 -15.219 -15.219
  -7.357 -15.156 -15.156
  -7.347 -14.787 -14.787
  -7.337 -15.097 -15.248
  -7.327 -14.548 -15.098
  -7.317 -15.102 -15.380
  -7.308 -14.748 -14.901
  -7.299 -15.072 -15.263
  -7.290 -14.679 -15.071
  -7.281 -15.065 -15.065
  -7.272 -15.395 -15.395
  -7.264 -15.341 -15.341
  -7.255 -15.192 -15.192
  -7.247 -15.002 -15.322
  -7.239 -15.150 -15.150
  -7.231 -14.915 -15.461
  -7.223 -15.425 -15.425
  -7.216 -15.487 -15.656
  -7.208 -15.272 -15.763
  -7.201 -15.634 -15.634
  -7.194 -15.190 -15.190
  -7.187 -15.629 -15.629
  -7.180 -14.640 -15.036
  -7.173 -15.408 -15.408
  -7.166 -14.715 -15.501
  -7.159 -15.396 -15.396
  -7.153 -15.363 -15.693
  -7.146 -15.535 -15.535
  -7.140 -15.451 -15.636
  -7.133 -15.245 -15.245
  -7.127 -15.657 -15.657
  -7.121 -15.759 -15.759
  -7.115 -14.843 -15.173
  -7.109 -15.011 -15.284
  -7.103 -15.760 -15.760
  -7.098 -15.801 -15.801
  -7.092 -15.367 -15.545
  -7.086 -15.065 -15.415
  -7.081 -15.381 -15.759
  -7.075 -15.560 -16.128
  -7.070 -14.627 -15.557
  -7.064 -15.436 -15.436
  -7.059 -15.515 -15.888
  -7.054 -15.748 -15.984
  -7.049 -15.250 -15.413
  -7.043 -14.985 -15.514
  -7.038 -15.443 -15.771
  -7.033 -15.862 -16.099
  -7.029 -15.488 -15.752
  -7.024 -15.087 -15.676
  -7.019 -15.149 -15.334
  -7.014 -15.474 -15.683
  -7.009 -16.034 -16.034
  -7.005 -15.829 -15.829
  -7.000 -16.280 -16.280
  -6.995 -15.705 -15.923
  -6.991 -16.014 -16.014
  -6.986 -15.258 -15.944
  -6.982 -15.986 -15.986
  -6.978 -16.019 -16.019
  -6.973 -15.891 -15.891
  -6.969 -15.884 -16.221
  -6.965 -15.757 -16.022
  -6.961 -15.738 -15.951
  -6.956 -15.797 -15.797
  -6.952 -15.064 -15.804
  -6.948 -15.952 -15.952
  -6.944 -15.788 -15.788
  -6.940 -15.248 -15.614
  -6.936 -15.509 -16.085
  -6.932 -15.770 -15.770
  -6.928 -15.738 -16.253
  -6.924 -15.854 -15.854
  -6.920 -16.174 -16.174
  -6.917 -15.504 -15.970
  -6.913 -15.779 -16.153
  -6.909 -16.284 -16.499
  -6.905 -15.352 -16.246
  -6.902 -13.666 -15.589
  -6.898 -15.509 -15.764
  -6.894 -15.151 -16.352
  -6.891 -15.475 -15.815
  -6.887 -16.412 -16.598
  -6.884 -14.984 -16.169
  -6.880 -16.235 -16.235
  -6.877 -15.454 -16.991
  -6.873 -16.234 -16.482
  -6.870 -15.988 -16.266
  -6.867 -16.297 -16.297
  -6.863 -15.555 -16.507
  -6.860 -15.708 -15.708
  -6.857 -15.959 -15.959
  -6.853 -16.412 -16.878
  -6.850 -16.207 -16.381
  -6.847 -16.275 -16.759
  -6.844 -15.991 -16.262
  -6.840 -16.591 -16.749
  -6.837 -15.873 -15.873
  -6.834 -15.657 -15.839
  -6.831 -16.564 -16.564
  -6.828 -16.617 -16.617
  -6.825 -16.313 -16.917
  -6.822 -16.084 -16.379
  -6.819 -16.445 -16.659
  -6.816 -16.264 -16.482
  -6.813 -16.486 -16.486
  -6.810 -16.097 -16.484
  -6.807 -16.008 -16.008
  -6.804 -15.089 -15.627
  -6.801 -16.856 -49.500
  -6.798 -16.271 -49.500
  -6.795 -15.585 -15.894
  -6.792 -15.775 -16.012
  -6.789 -16.581 -16.794
  -6.787 -16.246 -49.500
  -6.784 -16.688 -16.882
  -6.781 -15.965 -16.377
  -6.778 -16.368 -49.500
  -6.775 -49.500     NaN
  -6.773 -16.902 -49.500
  -6.770 -49.500     NaN
  -6.767 -15.351 -16.143
  -6.765 -16.092 -49.500
  -6.762 -16.332 -16.534
  -6.759 -15.955 -49.500
  -6.757 -16.200 -16.473
  -6.754 -16.573 -49.500
  -6.751 -16.057 -16.568
  -6.749 -15.638 -16.172
  -6.746 -16.426 -49.500
  -6.744 -16.600 -49.500
  -6.741 -16.157 -49.500
  -6.739 -15.741 -16.404
  -6.736 -16.241 -49.500
  -6.734 -16.684 -17.011
  -6.731 -16.159 -16.603
  -6.729 -15.224 -15.534
  -6.726 -16.665 -16.823
  -6.724 -16.839 -49.500
  -6.721 -49.500     NaN
  -6.719 -49.500     NaN
  -6.717 -16.258 -49.500
  -6.714 -15.632 -49.500
  -6.712 -16.419 -16.665
  -6.709 -16.689 -16.928
  -6.707 -14.871 -49.500
  -6.705 -49.500     NaN
  -6.702 -49.500     NaN
  -6.700 -16.773 -49.500
  -6.698 -16.345 -16.548
  -6.696 -16.075 -49.500
  -6.693 -14.971 -16.267
  -6.691 -16.348 -16.348
  -6.689 -15.867 -16.224
  -6.687 -49.500     NaN
  -6.684 -17.109 -49.500
  -6.682 -16.111 -16.111
  -6.680 -16.212 -16.963
  -6.678 -49.500     NaN
  -6.675 -16.807 -16.807
  -6.673 -16.926 -49.500
  -6.671 -16.487 -49.500
  -6.669 -16.430 -49.500
  -6.667 -17.073 -49.500
  -6.665 -49.500     NaN
  -6.663 -49.500 -49.500
  -6.661 -49.500 -49.500
  -6.658 -17.074 -49.500
  -6.656 -15.779 -49.500
  -6.654 -49.500     NaN
  -6.652 -15.531 -16.025
  -6.650 -49.500 -49.500
  -6.648 -15.759 -16.146
  -6.646 -16.198 -49.500
  -6.644 -49.500 -49.500
  -6.642 -49.500     NaN
  -6.640 -49.500 -49.500
  -6.638 -49.500     NaN
  -6.636 -49.500     NaN
  -6.634 -15.479 -15.479
  -6.632 -16.369 -49.500
  -6.630 -16.610 -49.500
  -6.628 -15.776 -16.066
  -6.626 -49.500 -49.500
  -6.624 -49.500     NaN
  -6.622 -16.286 -16.828
  -6.620 -16.805 -49.500
  -6.618 -16.209 -49.500
  -6.617 -49.500     NaN
  -6.615 -16.895 -16.895
  -6.613 -15.959 -49.500
  -6.611 -16.237 -16.415
  -6.609 -16.473 -49.500
  -6.607 -49.500     NaN
  -6.605 -15.691 -16.725
  -6.603 -16.294 -16.294
  -6.602 -15.228 -16.645
  -6.600 -15.567 -16.336
  -6.598 -16.444 -16.444
  -6.596 -16.205 -49.500
  -6.594 -49.500     NaN
