  -8.861 -13.824 -13.824
  -8.599 -13.949 -13.949
  -8.442 -14.030 -14.030
  -8.329 -14.160 -14.160
  -8.239 -14.177 -14.177
  -8.166 -14.169 -14.169
  -8.103 -14.287 -14.287
  -8.048 -14.339 -14.339
  -7.999 -14.400 -14.400
  -7.955 -14.365 -14.365
  -7.916 -14.382 -14.382
  -7.879 -14.512 -14.512
  -7.846 -14.400 -14.400
  -7.815 -14.250 -14.408
  -7.786 -14.386 -14.386
  -7.758 -14.333 -14.512
  -7.733 -14.691 -14.691
  -7.709 -14.527 -14.527
  -7.686 -14.729 -14.729
  -7.664 -14.601 -14.801
  -7.643 -14.773 -14.773
  -7.624 -14.542 -14.542
  -7.605 -14.670 -14.670
  -7.586 -14.718 -14.881
  -7.569 -14.762 -14.762
  -7.552 -14.544 -14.544
  -7.536 -14.910 -14.910
  -7.521 -14.621 -14.621
  -7.506 -14.874 -14.874
  -7.491 -14.627 -14.627
  -7.477 -14.919 -14.919
  -7.464 -14.840 -14.840
  -7.451 -14.834 -14.834
  -7.438 -14.636 -14.856
  -7.425 -15.003 -15.003
  -7.413 -15.057 -15.057
  -7.401 -15.067 -15.067
  -7.390 -15.082 -15.245
  -7.379 -14.992 -14.992
  -7.368 -15.160 -15.160
  -7.357 -15.120 -15.309
  -7.347 -15.356 -15.356
  -7.337 -14.865 -15.017
  -7.327 -15.301 -15.301
  -7.317 -15.198 -15.198
  -7.308 -14.961 -15.295
  -7.299 -15.273 -15.273
  -7.290 -15.062 -15.062
  -7.281 -14.615 -15.308
  -7.272 -15.112 -15.112
  -7.264 -14.822 -14.822
  -7.255 -14.851 -15.216
  -7.247 -14.504 -15.362
  -7.239 -15.408 -15.408
  -7.231 -15.067 -15.235
  -7.223 -15.163 -15.338
  -7.216 -15.458 -15.458
  -7.208 -14.867 -15.358
  -7.201 -15.436 -15.436
  -7.194 -14.969 -15.543
  -7.187 -14.848 -15.296
  -7.180 -14.751 -15.243
  -7.173 -15.170 -15.170
  -7.166 -15.148 -15.148
  -7.159 -15.269 -15.269
  -7.153 -14.997 -15.239
  -7.146 -15.118 -15.118
  -7.140 -15.497 -15.662
  -7.133 -15.319 -15.598
  -7.127 -15.275 -15.522
  -7.121 -15.371 -15.371
  -7.115 -15.979 -15.979
  -7.109 -15.518 -15.847
  -7.103 -15.030 -15.784
  -7.098 -15.858 -15.858
  -7.092 -15.702 -15.702
  -7.086 -15.207 -15.671
  -7.081 -15.462 -15.850
  -7.075 -15.408 -15.649
  -7.070 -15.432 -15.646
  -7.064 -15.418 -15.912
  -7.059 -15.600 -15.600
  -7.054 -15.785 -16.075
  -7.049 -15.683 -15.683
  -7.043 -15.741 -15.955
  -7.038 -15.372 -15.526
  -7.033 -15.078 -15.521
  -7.029 -15.669 -15.915
  -7.024 -15.297 -15.812
  -7.019 -15.132 -15.709
  -7.014 -16.212 -16.212
  -7.009 -15.203 -15.382
  -7.005 -15.833 -16.045
  -7.000 -15.315 -15.560
  -6.995 -15.560 -15.874
  -6.991 -15.571 -15.571
  -6.986 -16.082 -16.082
  -6.982 -15.108 -16.308
  -6.978 -15.311 -16.062
  -6.973 -15.221 -15.409
  -6.969 -15.125 -15.925
  -6.965 -15.776 -16.207
  -6.961 -15.870 -15.870
  -6.956 -15.363 -15.885
  -6.952 -15.724 -15.724
  -6.948 -15.819 -15.819
  -6.944 -14.934 -16.156
  -6.940 -15.814 -16.027
  -6.936 -15.772 -15.772
  -6.932 -15.818 -16.019
  -6.928 -15.896 -16.179
  -6.924 -16.067 -16.283
  -6.920 -16.286 -16.735
  -6.917 -16.002 -16.173
  -6.913 -15.823 -15.989
  -6.909 -15.236 -16.022
  -6.905 -16.247 -16.401
  -6.902 -15.725 -16.441
  -6.898 -15.660 -15.844
  -6.894 -15.551 -15.921
  -6.891 -15.484 -17.230
  -6.887 -15.092 -15.546
  -6.884 -15.766 -15.766
  -6.880 -14.381 -16.258
  -6.877 -16.083 -16.547
  -6.873 -15.597 -16.047
  -6.870 -15.850 -15.850
  -6.867 -15.531 -16.313
  -6.863 -15.051 -16.183
  -6.860 -15.983 -16.306
  -6.857 -15.328 -15.482
  -6.853 -16.459 -16.708
  -6.850 -16.558 -16.719
  -6.847 -15.866 -16.026
  -6.844 -15.902 -15.902
  -6.840 -15.379 -15.930
  -6.837 -15.546 -15.721
  -6.834 -15.205 -16.663
  -6.831 -15.609 -16.101
  -6.828 -16.753 -16.946
  -6.825 -16.065 -16.568
  -6.822 -15.983 -15.983
  -6.819 -16.176 -16.408
  -6.816 -16.566 -16.566
  -6.813 -49.500     NaN
  -6.810 -16.347 -16.504
  -6.807 -16.880 -17.113
  -6.804 -16.770 -49.500
  -6.801 -14.783 -16.166
  -6.798 -16.102 -16.331
  -6.795 -16.149 -16.587
  -6.792 -15.642 -16.049
  -6.789 -15.969 -16.186
  -6.787 -14.984 -16.560
  -6.784 -16.281 -49.500
  -6.781 -15.971 -16.411
  -6.778 -16.760 -16.760
  -6.775 -15.106 -15.934
  -6.773 -16.810 -49.500
  -6.770 -49.500     NaN
  -6.767 -16.548 -49.500
  -6.765 -16.143 -16.143
  -6.762 -16.179 -16.499
  -6.759 -16.701 -49.500
  -6.757 -16.299 -49.500
  -6.754 -16.073 -49.500
  -6.751 -15.593 -16.740
  -6.749 -16.368 -16.526
  -6.746 -16.333 -16.790
  -6.744 -15.745 -16.681
  -6.741 -16.146 -16.488
  -6.739 -49.500 -49.500
  -6.736 -16.707 -17.184
  -6.734 -49.500     NaN
  -6.731 -16.665 -49.500
  -6.729 -16.048 -16.579
  -6.726 -16.628 -17.058
  -6.724 -15.646 -16.798
  -6.721 -16.202 -16.202
  -6.719 -16.258 -49.500
  -6.717 -15.896 -49.500
  -6.714 -16.258 -49.500
  -6.712 -15.504 -16.380
  -6.709 -15.742 -16.158
  -6.707 -17.090 -49.500
  -6.705 -16.566 -16.886
  -6.702 -16.699 -49.500
  -6.700 -49.500 -49.500
  -6.698 -15.355 -49.500
  -6.696 -15.983 -16.501
  -6.693 -16.096 -16.623
  -6.691 -16.687 -49.500
  -6.689 -16.805 -49.500
  -6.687 -16.722 -16.955
  -6.684 -16.527 -49.500
  -6.682 -49.500     NaN
  -6.680 -17.070 -49.500
  -6.678 -15.737 -49.500
  -6.675 -16.105 -49.500
  -6.673 -16.254 -16.407
  -6.671 -16.207 -49.500
  -6.669 -49.500     NaN
  -6.667 -15.960 -16.311
  -6.665 -16.622 -16.867
  -6.663 -49.500 -49.500
  -6.661 -16.821 -49.500
  -6.658 -15.737 -16.194
  -6.656 -16.532 -49.500
  -6.654 -49.500 -49.500
  -6.652 -15.955 -17.051
  -6.650 -16.516 -49.500
  -6.648 -49.500 -49.500
  -6.646 -16.333 -49.500
  -6.644 -16.685 -16.685
  -6.642 -49.500     NaN
  -6.640 -16.126 -49.500
  -6.638 -49.500     NaN
  -6.636 -49.500     NaN
  -6.634 -16.861 -49.500
  -6.632 -15.842 -49.500
  -6.630 -16.294 -49.500
  -6.628 -16.164 -16.688
  -6.626 -16.510 -49.500
  -6.624 -49.500 -49.500
  -6.622 -49.500 -49.500
  -6.620 -16.392 -49.500
  -6.618 -15.455 -16.541
  -6.617 -49.500 -49.500
  -6.615 -16.008 -49.500
  -6.613 -16.129 -49.500
  -6.611 -16.549 -49.500
  -6.609 -49.500     NaN
  -6.607 -15.903 -49.500
  -6.605 -16.451 -49.500
  -6.603 -17.014 -49.500
  -6.602 -49.500     NaN
  -6.600 -16.509 -49.500
  -6.598 -16.193 -49.500
  -6.596 -16.543 -49.500
  -6.594 -16.306 -49.500
