  -8.861 -13.744 -13.744
  -8.599 -13.916 -13.916
  -8.442 -14.008 -14.008
  -8.329 -14.147 -14.147
  -8.239 -14.175 -14.175
  -8.166 -14.079 -14.079
  -8.103 -14.277 -14.277
  -8.048 -14.330 -14.330
  -7.999 -14.289 -14.289
  -7.955 -14.406 -14.406
  -7.916 -14.340 -14.340
  -7.879 -14.506 -14.506
  -7.846 -14.543 -14.543
  -7.815 -14.586 -14.586
  -7.786 -14.526 -14.526
  -7.758 -14.582 -14.582
  -7.733 -14.508 -14.664
  -7.709 -14.688 -14.688
  -7.686 -14.673 -14.673
  -7.664 -13.861 -14.653
  -7.643 -14.697 -14.697
  -7.624 -14.545 -14.545
  -7.605 -14.522 -14.768
  -7.586 -14.839 -14.839
  -7.569 -14.264 -14.645
  -7.552 -14.652 -14.807
  -7.536 -14.686 -14.849
  -7.521 -14.947 -14.947
  -7.506 -15.096 -15.096
  -7.491 -14.748 -14.748
  -7.477 -14.741 -14.741
  -7.464 -14.925 -14.925
  -7.451 -14.930 -14.930
  -7.438 -15.096 -15.096
  -7.425 -14.931 -14.931
  -7.413 -14.988 -14.988
  -7.401 -14.905 -14.905
  -7.390 -15.106 -15.106
  -7.379 -14.879 -14.879
  -7.368 -15.099 -15.099
  -7.357 -14.797 -15.231
  -7.347 -14.882 -14.882
  -7.337 -15.046 -15.285
  -7.327 -15.244 -15.244
  -7.317 -15.240 -15.240
  -7.308 -15.066 -15.347
  -7.299 -14.575 -15.347
  -7.290 -14.677 -15.004
  -7.281 -14.989 -14.989
  -7.272 -15.153 -15.153
  -7.264 -15.196 -15.465
  -7.255 -15.525 -15.525
  -7.247 -15.159 -15.572
  -7.239 -15.040 -15.040
  -7.231 -14.856 -15.238
  -7.223 -14.897 -15.305
  -7.216 -15.311 -15.311
  -7.208 -14.799 -15.046
  -7.201 -15.297 -15.297
  -7.194 -15.362 -15.362
  -7.187 -15.777 -15.777
  -7.180 -14.939 -15.354
  -7.173 -15.741 -15.741
  -7.166 -15.300 -15.613
  -7.159 -15.153 -15.380
  -7.153 -15.329 -15.517
  -7.146 -15.063 -15.496
  -7.140 -15.495 -15.707
  -7.133 -15.252 -15.618
  -7.127 -15.724 -15.901
  -7.121 -15.245 -15.245
  -7.115 -15.166 -15.475
  -7.109 -15.692 -15.939
  -7.103 -15.195 -15.453
  -7.098 -15.412 -15.412
  -7.092 -15.420 -15.818
  -7.086 -14.819 -15.094
  -7.081 -15.276 -15.464
  -7.075 -15.112 -15.570
  -7.070 -15.888 -15.888
  -7.064 -15.253 -15.893
  -7.059 -14.840 -15.060
  -7.054 -15.373 -15.634
  -7.049 -15.573 -16.125
  -7.043 -15.753 -15.940
  -7.038 -14.249 -15.744
  -7.033 -15.336 -15.336
  -7.029 -15.721 -15.721
  -7.024 -15.760 -15.932
  -7.019 -15.478 -15.922
  -7.014 -14.786 -15.698
  -7.009 -15.089 -15.858
  -7.005 -15.177 -15.963
  -7.000 -15.756 -15.756
  -6.995 -15.729 -15.729
  -6.991 -15.191 -15.783
  -6.986 -14.668 -15.339
  -6.982 -16.288 -16.288
  -6.978 -15.427 -15.427
  -6.973 -16.236 -16.496
  -6.969 -15.384 -16.218
  -6.965 -15.677 -15.840
  -6.961 -15.553 -16.077
  -6.956 -15.416 -15.416
  -6.952 -15.640 -15.918
  -6.948 -16.013 -16.013
  -6.944 -15.617 -15.617
  -6.940 -16.024 -16.024
  -6.936 -14.258 -15.690
  -6.932 -15.686 -15.686
  -6.928 -16.027 -16.258
  -6.924 -15.624 -16.065
  -6.920 -15.939 -16.416
  -6.917 -14.752 -15.942
  -6.913 -15.905 -16.101
  -6.909 -15.803 -16.429
  -6.905 -15.951 -16.319
  -6.902 -15.966 -16.644
  -6.898 -15.483 -16.607
  -6.894 -15.797 -16.270
  -6.891 -16.071 -16.071
  -6.887 -16.031 -16.317
  -6.884 -16.008 -16.327
  -6.880 -15.431 -15.826
  -6.877 -16.019 -16.326
  -6.873 -16.127 -16.299
  -6.870 -15.815 -16.882
  -6.867 -16.038 -16.381
  -6.863 -16.208 -16.208
  -6.860 -16.233 -16.437
  -6.857 -16.477 -16.477
  -6.853 -16.389 -16.699
  -6.850 -16.286 -17.259
  -6.847 -15.480 -16.124
  -6.844 -15.901 -16.101
  -6.840 -16.425 -17.164
  -6.837 -16.720 -49.500
  -6.834 -16.123 -16.123
  -6.831 -15.713 -15.876
  -6.828 -16.199 -16.497
  -6.825 -16.391 -16.614
  -6.822 -16.731 -17.033
  -6.819 -16.157 -16.157
  -6.816 -16.414 -16.951
  -6.813 -16.591 -16.803
  -6.810 -16.357 -16.357
  -6.807 -15.239 -16.869
  -6.804 -16.069 -16.266
  -6.801 -16.627 -16.627
  -6.798 -15.965 -16.489
  -6.795 -15.225 -15.938
  -6.792 -15.570 -15.999
  -6.789 -16.215 -16.627
  -6.787 -15.782 -16.202
  -6.784 -16.977 -49.500
  -6.781 -14.062 -15.666
  -6.778 -16.246 -16.989
  -6.775 -16.318 -16.861
  -6.773 -16.600 -16.920
  -6.770 -16.356 -49.500
  -6.767 -49.500     NaN
  -6.765 -16.345 -49.500
  -6.762 -15.806 -16.743
  -6.759 -16.649 -49.500
  -6.757 -14.899 -15.176
  -6.754 -16.550 -16.859
  -6.751 -16.513 -49.500
  -6.749 -15.379 -15.732
  -6.746 -15.418 -16.998
  -6.744 -49.500     NaN
  -6.741 -16.194 -16.697
  -6.739 -16.148 -16.455
  -6.736 -16.546 -49.500
  -6.734 -16.054 -16.412
  -6.731 -15.345 -16.061
  -6.729 -16.516 -49.500
  -6.726 -15.671 -16.831
  -6.724 -14.560 -16.382
  -6.721 -16.159 -16.369
  -6.719 -16.277 -16.961
  -6.717 -49.500 -49.500
  -6.714 -15.602 -49.500
  -6.712 -49.500 -49.500
  -6.709 -15.906 -16.317
  -6.707 -16.107 -17.053
  -6.705 -49.500     NaN
  -6.702 -16.698 -16.698
  -6.700 -16.587 -16.587
  -6.698 -16.821 -49.500
  -6.696 -16.836 -49.500
  -6.693 -16.665 -16.907
  -6.691 -16.283 -16.509
  -6.689 -49.500     NaN
  -6.687 -15.723 -16.505
  -6.684 -16.399 -16.988
  -6.682 -49.500     NaN
  -6.680 -16.074 -16.291
  -6.678 -49.500     NaN
  -6.675 -16.680 -49.500
  -6.673 -49.500     NaN
  -6.671 -15.505 -49.500
  -6.669 -16.303 -16.303
  -6.667 -16.221 -16.525
  -6.665 -15.354 -17.223
  -6.663 -16.045 -49.500
  -6.661 -16.820 -49.500
  -6.658 -49.500     NaN
  -6.656 -15.558 -49.500
  -6.654 -49.500 -49.500
  -6.652 -17.004 -49.500
  -6.650 -49.500     NaN
  -6.648 -16.505 -49.500
  -6.646 -49.500     NaN
  -6.644 -49.500     NaN
  -6.642 -16.334 -16.555
  -6.640 -49.500 -49.500
  -6.638 -16.215 -49.500
  -6.636 -49.500 -49.500
  -6.634 -49.500     NaN
  -6.632 -49.500     NaN
  -6.630 -16.082 -49.500
  -6.628 -49.500     NaN
  -6.626 -49.500     NaN
  -6.624 -16.810 -49.500
  -6.622 -16.469 -49.500
  -6.620 -49.500     NaN
  -6.618 -49.500 -49.500
  -6.617 -49.500 -49.500
  -6.615 -14.872 -16.483
  -6.613 -49.500     NaN
  -6.611 -16.700 -49.500
  -6.609 -17.083 -49.500
  -6.607 -16.735 -49.500
  -6.605 -49.500 -49.500
  -6.603 -16.043 -49.500
  -6.602 -49.500 -49.500
  -6.600 -16.826 -49.500
  -6.598 -49.500 -49.500
  -6.596 -49.500 -49.500
  -6.594 -16.236 -16.236
