  -8.861 -13.842 -13.842
  -8.599 -13.973 -13.973
  -8.442 -14.023 -14.023
  -8.329 -14.079 -14.079
  -8.239 -14.118 -14.118
  -8.166 -14.198 -14.198
  -8.103 -14.285 -14.285
  -8.048 -14.330 -14.330
  -7.999 -14.351 -14.351
  -7.955 -14.400 -14.400
  -7.916 -14.320 -14.320
  -7.879 -14.244 -14.244
  -7.846 -14.491 -14.491
  -7.815 -14.545 -14.545
  -7.786 -14.480 -14.480
  -7.758 -14.578 -14.578
  -7.733 -14.665 -14.665
  -7.709 -14.304 -14.461
  -7.686 -14.699 -14.699
  -7.664 -14.599 -14.599
  -7.643 -14.589 -14.589
  -7.624 -14.775 -14.775
  -7.605 -14.879 -14.879
  -7.586 -14.660 -14.849
  -7.569 -14.599 -14.599
  -7.552 -14.877 -14.877
  -7.536 -14.791 -14.791
  -7.521 -15.210 -15.210
  -7.506 -14.897 -14.897
  -7.491 -14.960 -14.960
  -7.477 -14.839 -14.839
  -7.464 -14.916 -14.916
  -7.451 -14.862 -14.862
  -7.438 -15.040 -15.040
  -7.425 -14.476 -14.829
  -7.413 -14.846 -15.219
  -7.401 -15.050 -15.050
  -7.390 -15.121 -15.121
  -7.379 -14.598 -14.598
  -7.368 -14.999 -14.999
  -7.357 -15.001 -15.222
  -7.347 -14.972 -15.362
  -7.337 -14.684 -15.219
  -7.327 -15.119 -15.369
  -7.317 -15.168 -15.168
  -7.308 -15.244 -15.244
  -7.299 -15.106 -15.106
  -7.290 -15.374 -15.374
  -7.281 -15.096 -15.307
  -7.272 -15.008 -15.221
  -7.264 -15.443 -15.443
  -7.255 -15.047 -15.047
  -7.247 -15.489 -15.489
  -7.239 -15.225 -15.529
  -7.231 -15.549 -15.708
  -7.223 -14.682 -15.381
  -7.216 -14.990 -15.235
  -7.208 -15.313 -15.313
  -7.201 -15.412 -15.412
  -7.194 -14.769 -15.271
  -7.187 -15.187 -15.515
  -7.180 -15.378 -15.378
  -7.173 -15.573 -15.573
  -7.166 -15.452 -15.722
  -7.159 -15.110 -15.702
  -7.153 -15.502 -15.661
  -7.146 -14.381 -15.737
  -7.140 -15.863 -15.863
  -7.133 -14.953 -15.699
  -7.127 -15.405 -15.665
  -7.121 -15.656 -15.656
  -7.115 -15.510 -15.736
  -7.109 -14.349 -15.154
  -7.103 -14.355 -15.417
  -7.098 -15.514 -15.514
  -7.092 -15.965 -15.965
  -7.086 -15.819 -15.819
  -7.081 -15.128 -15.761
  -7.075 -15.783 -15.783
  -7.070 -15.501 -15.501
  -7.064 -15.241 -15.619
  -7.059 -15.741 -15.741
  -7.054 -13.919 -15.769
  -7.049 -15.289 -15.560
  -7.043 -16.019 -16.019
  -7.038 -15.784 -15.784
  -7.033 -16.066 -16.066
  -7.029 -15.428 -15.787
  -7.024 -15.630 -16.108
  -7.019 -15.825 -15.825
  -7.014 -15.750 -15.750
  -7.009 -14.861 -15.361
  -7.005 -16.030 -16.030
  -7.000 -15.714 -15.982
  -6.995 -15.782 -15.782
  -6.991 -15.656 -16.256
  -6.986 -15.942 -16.174
  -6.982 -15.390 -15.552
  -6.978 -14.621 -15.924
  -6.973 -14.930 -15.230
  -6.969 -16.110 -16.110
  -6.965 -15.518 -15.796
  -6.961 -15.735 -15.896
  -6.956 -15.790 -15.790
  -6.952 -16.092 -16.805
  -6.948 -15.901 -16.052
  -6.944 -16.337 -16.337
  -6.940 -15.812 -15.963
  -6.936 -16.139 -16.408
  -6.932 -16.120 -16.120
  -6.928 -15.258 -16.013
  -6.924 -16.400 -16.731
  -6.920 -16.084 -16.084
  -6.917 -15.897 -16.221
  -6.913 -16.170 -16.368
  -6.909 -16.265 -16.739
  -6.905 -14.872 -15.759
  -6.902 -15.579 -15.775
  -6.898 -15.900 -15.900
  -6.894 -15.612 -15.612
  -6.891 -15.979 -15.979
  -6.887 -15.728 -15.951
  -6.884 -15.806 -15.806
  -6.880 -15.482 -16.204
  -6.877 -14.857 -15.583
  -6.873 -16.431 -16.431
  -6.870 -16.110 -16.110
  -6.867 -16.142 -16.392
  -6.863 -15.416 -15.579
  -6.860 -16.825 -17.148
  -6.857 -16.258 -16.463
  -6.853 -16.172 -16.414
  -6.850 -16.197 -16.390
  -6.847 -15.343 -16.365
  -6.844 -15.338 -49.500
  -6.840 -16.417 -16.417
  -6.837 -14.994 -16.291
  -6.834 -16.087 -16.326
  -6.831 -16.083 -16.472
  -6.828 -16.074 -16.237
  -6.825 -15.803 -16.498
  -6.822 -15.853 -16.039
  -6.819 -16.318 -16.846
  -6.816 -16.660 -16.660
  -6.813 -16.231 -16.231
  -6.810 -14.849 -15.733
  -6.807 -16.624 -17.158
  -6.804 -15.836 -15.836
  -6.801 -15.830 -16.558
  -6.798 -15.726 -16.156
  -6.795 -15.970 -16.475
  -6.792 -16.284 -16.726
  -6.789 -15.175 -49.500
  -6.787 -16.288 -16.461
  -6.784 -16.179 -16.468
  -6.781 -15.851 -16.417
  -6.778 -16.097 -16.254
  -6.775 -15.871 -16.172
  -6.773 -15.473 -16.368
  -6.770 -16.298 -16.705
  -6.767 -15.877 -16.111
  -6.765 -15.797 -16.422
  -6.762 -16.273 -16.564
  -6.759 -15.862 -16.456
  -6.757 -15.339 -17.093
  -6.754 -16.083 -16.407
  -6.751 -49.500     NaN
  -6.749 -49.500     NaN
  -6.746 -49.500     NaN
  -6.744 -17.145 -49.500
  -6.741 -17.000 -49.500
  -6.739 -16.273 -16.273
  -6.736 -15.272 -16.286
  -6.734 -49.500     NaN
  -6.731 -16.441 -16.754
  -6.729 -16.441 -49.500
  -6.726 -16.196 -16.378
  -6.724 -16.505 -16.991
  -6.721 -16.638 -49.500
  -6.719 -16.606 -49.500
  -6.717 -49.500     NaN
  -6.714 -16.759 -49.500
  -6.712 -16.408 -49.500
  -6.709 -49.500     NaN
  -6.707 -16.180 -16.406
  -6.705 -16.127 -16.356
  -6.702 -16.358 -49.500
  -6.700 -16.181 -49.500
  -6.698 -49.500     NaN
  -6.696 -49.500     NaN
  -6.693 -16.291 -49.500
  -6.691 -15.491 -16.144
  -6.689 -15.850 -49.500
  -6.687 -49.500     NaN
  -6.684 -49.500     NaN
  -6.682 -49.500     NaN
  -6.680 -16.075 -49.500
  -6.678 -16.860 -49.500
  -6.675 -49.500     NaN
  -6.673 -15.517 -15.517
  -6.671 -16.070 -16.070
  -6.669 -16.113 -49.500
  -6.667 -16.520 -16.701
  -6.665 -49.500 -49.500
  -6.663 -15.563 -15.563
  -6.661 -49.500     NaN
  -6.658 -49.500     NaN
  -6.656 -49.500     NaN
  -6.654 -49.500     NaN
  -6.652 -16.366 -16.689
  -6.650 -49.500 -49.500
  -6.648 -16.550 -16.830
  -6.646 -49.500     NaN
  -6.644 -15.709 -16.056
  -6.642 -49.500     NaN
  -6.640 -49.500     NaN
  -6.638 -16.690 -16.690
  -6.636 -16.071 -16.909
  -6.634 -49.500 -49.500
  -6.632 -16.909 -49.500
  -6.630 -17.091 -49.500
  -6.628 -15.932 -49.500
  -6.626 -16.308 -49.500
  -6.624 -16.316 -49.500
  -6.622 -16.684 -49.500
  -6.620 -16.706 -16.706
  -6.618 -49.500 -49.500
  -6.617 -49.500 -49.500
  -6.615 -49.500     NaN
  -6.613 -15.809 -15.972
  -6.611 -16.889 -49.500
  -6.609 -16.806 -49.500
  -6.607 -49.500 -49.500
  -6.605 -49.500 -49.500
  -6.603 -49.500     NaN
  -6.602 -16.543 -16.543
  -6.600 -49.500 -49.500
  -6.598 -16.036 -17.043
  -6.596 -49.500 -49.500
  -6.594 -16.386 -49.500
