  -8.861 -13.810 -13.810
  -8.599 -13.926 -13.926
  -8.442 -13.962 -13.962
  -8.329 -14.130 -14.130
  -8.239 -14.134 -14.134
  -8.166 -14.222 -14.222
  -8.103 -14.244 -14.244
  -8.048 -14.383 -14.383
  -7.999 -14.320 -14.320
  -7.955 -14.418 -14.418
  -7.916 -14.399 -14.399
  -7.879 -14.455 -14.455
  -7.846 -14.593 -14.593
  -7.815 -14.530 -14.530
  -7.786 -14.546 -14.546
  -7.758 -14.369 -14.613
  -7.733 -14.497 -14.497
  -7.709 -14.527 -14.527
  -7.686 -14.434 -14.434
  -7.664 -14.785 -14.785
  -7.643 -14.513 -14.513
  -7.624 -14.508 -14.690
  -7.605 -14.816 -14.816
  -7.586 -14.619 -14.827
  -7.569 -14.891 -14.891
  -7.552 -14.776 -14.776
  -7.536 -14.611 -14.611
  -7.521 -14.861 -14.861
  -7.506 -14.856 -14.856
  -7.491 -14.924 -14.924
  -7.477 -14.865 -14.865
  -7.464 -15.068 -15.068
  -7.451 -14.759 -14.759
  -7.438 -14.781 -14.781
  -7.425 -15.108 -15.108
  -7.413 -15.031 -15.031
  -7.401 -14.949 -15.133
  -7.390 -15.001 -15.001
  -7.379 -15.159 -15.159
  -7.368 -14.953 -14.953
  -7.357 -15.075 -15.075
  -7.347 -14.511 -15.201
  -7.337 -15.300 -15.300
  -7.327 -15.019 -15.019
  -7.317 -15.171 -15.171
  -7.308 -15.296 -15.296
  -7.299 -15.107 -15.107
  -7.290 -15.502 -15.502
  -7.281 -14.994 -15.154
  -7.272 -14.547 -15.330
  -7.264 -15.428 -15.428
  -7.255 -15.184 -15.412
  -7.247 -15.183 -15.183
  -7.239 -15.065 -15.276
  -7.231 -15.143 -15.143
  -7.223 -15.665 -15.665
  -7.216 -14.877 -15.124
  -7.208 -15.351 -15.351
  -7.201 -15.388 -15.388
  -7.194 -14.933 -15.317
  -7.187 -15.800 -15.800
  -7.180 -15.599 -15.599
  -7.173 -15.399 -15.399
  -7.166 -14.802 -15.157
  -7.159 -15.703 -15.863
  -7.153 -14.981 -15.699
  -7.146 -15.172 -15.172
  -7.140 -15.029 -15.247
  -7.133 -15.660 -15.660
  -7.127 -15.426 -15.426
  -7.121 -15.511 -15.511
  -7.115 -15.862 -15.862
  -7.109 -15.143 -15.526
  -7.103 -15.576 -15.576
  -7.098 -15.564 -15.564
  -7.092 -15.446 -15.770
  -7.086 -15.553 -15.847
  -7.081 -15.504 -15.504
  -7.075 -15.668 -15.668
  -7.070 -15.631 -15.784
  -7.064 -15.311 -15.311
  -7.059 -16.047 -16.047
  -7.054 -15.603 -15.603
  -7.049 -15.243 -15.521
  -7.043 -15.663 -15.663
  -7.038 -15.962 -15.962
  -7.033 -15.793 -15.793
  -7.029 -15.711 -16.068
  -7.024 -15.640 -15.849
  -7.019 -15.283 -15.869
  -7.014 -15.834 -16.057
  -7.009 -14.816 -15.438
  -7.005 -15.792 -15.792
  -7.000 -15.778 -16.107
  -6.995 -15.212 -15.556
  -6.991 -15.761 -15.954
  -6.986 -15.997 -15.997
  -6.982 -15.719 -15.878
  -6.978 -14.744 -14.917
  -6.973 -15.465 -15.690
  -6.969 -15.237 -15.871
  -6.965 -15.869 -16.137
  -6.961 -15.505 -15.806
  -6.956 -15.225 -16.114
  -6.952 -15.766 -15.766
  -6.948 -15.888 -15.888
  -6.944 -15.973 -15.973
  -6.940 -15.572 -15.761
  -6.936 -16.094 -16.262
  -6.932 -14.790 -15.932
  -6.928 -16.144 -16.144
  -6.924 -15.488 -15.833
  -6.920 -15.699 -15.699
  -6.917 -16.346 -16.642
  -6.913 -15.311 -15.558
  -6.909 -16.161 -16.161
  -6.905 -16.078 -16.416
  -6.902 -16.164 -16.389
  -6.898 -16.358 -16.358
  -6.894 -16.045 -16.241
  -6.891 -16.297 -16.297
  -6.887 -15.956 -16.829
  -6.884 -15.806 -15.962
  -6.880 -15.882 -16.155
  -6.877 -16.486 -16.672
  -6.873 -15.708 -15.888
  -6.870 -15.841 -16.326
  -6.867 -15.748 -15.951
  -6.863 -16.071 -16.071
  -6.860 -16.588 -16.979
  -6.857 -16.363 -16.567
  -6.853 -16.049 -49.500
  -6.850 -15.834 -16.841
  -6.847 -14.951 -16.145
  -6.844 -15.823 -15.976
  -6.840 -16.472 -16.648
  -6.837 -15.775 -16.135
  -6.834 -16.548 -16.548
  -6.831 -15.827 -16.419
  -6.828 -16.297 -16.643
  -6.825 -16.429 -16.429
  -6.822 -15.915 -16.070
  -6.819 -15.858 -15.858
  -6.816 -16.423 -16.423
  -6.813 -16.686 -49.500
  -6.810 -16.433 -16.721
  -6.807 -16.197 -16.197
  -6.804 -16.183 -16.353
  -6.801 -16.294 -49.500
  -6.798 -16.898 -49.500
  -6.795 -16.087 -49.500
  -6.792 -16.204 -16.749
  -6.789 -15.439 -16.541
  -6.787 -16.106 -16.552
  -6.784 -16.413 -16.814
  -6.781 -16.522 -17.025
  -6.778 -15.515 -16.820
  -6.775 -15.793 -16.729
  -6.773 -15.851 -16.749
  -6.770 -16.106 -16.649
  -6.767 -16.668 -49.500
  -6.765 -16.345 -16.666
  -6.762 -15.923 -15.923
  -6.759 -15.833 -16.522
  -6.757 -15.839 -16.554
  -6.754 -16.623 -49.500
  -6.751 -16.048 -16.370
  -6.749 -49.500     NaN
  -6.746 -14.398 -16.117
  -6.744 -16.597 -49.500
  -6.741 -17.032 -49.500
  -6.739 -14.134 -16.783
  -6.736 -16.200 -49.500
  -6.734 -16.291 -16.445
  -6.731 -15.923 -16.169
  -6.729 -16.657 -49.500
  -6.726 -15.884 -16.268
  -6.724 -15.637 -15.856
  -6.721 -16.529 -17.230
  -6.719 -14.823 -15.847
  -6.717 -49.500     NaN
  -6.714 -16.458 -16.688
  -6.712 -15.875 -16.230
  -6.709 -49.500     NaN
  -6.707 -49.500     NaN
  -6.705 -16.982 -49.500
  -6.702 -49.500     NaN
  -6.700 -15.770 -16.046
  -6.698 -15.656 -16.217
  -6.696 -16.087 -49.500
  -6.693 -15.963 -16.141
  -6.691 -15.820 -16.279
  -6.689 -49.500     NaN
  -6.687 -15.910 -49.500
  -6.684 -16.648 -16.858
  -6.682 -16.467 -49.500
  -6.680 -49.500     NaN
  -6.678 -49.500 -49.500
  -6.675 -16.470 -49.500
  -6.673 -49.500     NaN
  -6.671 -16.546 -49.500
  -6.669 -16.341 -17.128
  -6.667 -16.008 -16.814
  -6.665 -49.500 -49.500
  -6.663 -49.500 -49.500
  -6.661 -16.393 -16.555
  -6.658 -16.333 -16.333
  -6.656 -49.500 -49.500
  -6.654 -49.500     NaN
  -6.652 -16.301 -16.846
  -6.650 -16.435 -16.798
  -6.648 -16.976 -49.500
  -6.646 -15.640 -49.500
  -6.644 -49.500 -49.500
  -6.642 -49.500     NaN
  -6.640 -15.208 -49.500
  -6.638 -49.500 -49.500
  -6.636 -49.500     NaN
  -6.634 -16.692 -49.500
  -6.632 -16.639 -17.108
  -6.630 -49.500     NaN
  -6.628 -49.500     NaN
  -6.626 -16.344 -16.344
  -6.624 -16.853 -49.500
  -6.622 -15.739 -17.083
  -6.620 -15.149 -16.931
  -6.618 -15.048 -16.596
  -6.617 -49.500 -49.500
  -6.615 -49.500     NaN
  -6.613 -49.500     NaN
  -6.611 -49.500     NaN
  -6.609 -49.500     NaN
  -6.607 -49.500     NaN
  -6.605 -15.611 -49.500
  -6.603 -16.595 -49.500
  -6.602 -49.500     NaN
  -6.600 -49.500 -49.500
  -6.598 -49.500     NaN
  -6.596 -49.500 -49.500
  -6.594 -49.500     NaN
