  -8.861 -13.847 -13.847
  -8.599 -13.983 -13.983
  -8.442 -14.062 -14.062
  -8.329 -14.061 -14.061
  -8.239 -14.160 -14.160
  -8.166 -14.245 -14.245
  -8.103 -14.261 -14.261
  -8.048 -14.361 -14.361
  -7.999 -14.312 -14.312
  -7.955 -14.303 -14.303
  -7.916 -14.516 -14.516
  -7.879 -14.452 -14.452
  -7.846 -14.459 -14.459
  -7.815 -14.610 -14.610
  -7.786 -14.510 -14.510
  -7.758 -14.630 -14.630
  -7.733 -14.598 -14.598
  -7.709 -14.585 -14.585
  -7.686 -14.451 -14.617
  -7.664 -14.823 -14.823
  -7.643 -14.231 -14.852
  -7.624 -14.565 -14.565
  -7.605 -14.446 -14.686
  -7.586 -14.622 -14.622
  -7.569 -14.541 -14.541
  -7.552 -14.629 -14.803
  -7.536 -14.712 -14.712
  -7.521 -14.901 -14.901
  -7.506 -14.843 -14.843
  -7.491 -14.709 -14.709
  -7.477 -14.869 -14.869
  -7.464 -14.885 -14.885
  -7.451 -14.961 -15.113
  -7.438 -14.668 -14.668
  -7.425 -14.903 -14.903
  -7.413 -14.791 -14.958
  -7.401 -14.362 -14.877
  -7.390 -14.440 -15.283
  -7.379 -14.730 -14.932
  -7.368 -15.000 -15.000
  -7.357 -15.147 -15.367
  -7.347 -15.097 -15.097
  -7.337 -14.936 -14.936
  -7.327 -15.431 -15.431
  -7.317 -14.955 -14.955
  -7.308 -14.954 -15.144
  -7.299 -15.287 -15.287
  -7.290 -14.792 -15.379
  -7.281 -15.571 -15.571
  -7.272 -15.242 -15.242
  -7.264 -15.240 -15.462
  -7.255 -15.248 -15.449
  -7.247 -15.477 -15.477
  -7.239 -14.435 -15.328
  -7.231 -14.962 -15.494
  -7.223 -15.036 -15.458
  -7.216 -15.283 -15.283
  -7.208 -15.174 -15.174
  -7.201 -15.242 -15.242
  -7.194 -15.335 -15.536
  -7.187 -15.203 -15.644
  -7.180 -15.760 -15.760
  -7.173 -14.609 -15.785
  -7.166 -15.655 -15.655
  -7.159 -15.748 -15.748
  -7.153 -15.545 -15.545
  -7.146 -14.838 -15.042
  -7.140 -15.551 -15.706
  -7.133 -15.415 -15.415
  -7.127 -14.699 -15.194
  -7.121 -14.615 -14.797
  -7.115 -14.660 -15.108
  -7.109 -15.414 -15.670
  -7.103 -15.671 -15.671
  -7.098 -15.785 -15.785
  -7.092 -15.443 -15.610
  -7.086 -15.788 -15.788
  -7.081 -15.098 -15.866
  -7.075 -15.662 -15.873
  -7.070 -15.825 -15.825
  -7.064 -14.655 -14.879
  -7.059 -16.178 -16.178
  -7.054 -15.427 -16.061
  -7.049 -15.643 -15.855
  -7.043 -15.444 -15.604
  -7.038 -15.521 -15.686
  -7.033 -15.502 -15.980
  -7.029 -15.645 -15.947
  -7.024 -15.592 -15.816
  -7.019 -15.506 -15.806
  -7.014 -15.475 -15.713
  -7.009 -15.256 -15.820
  -7.005 -15.010 -15.913
  -7.000 -15.398 -15.878
  -6.995 -15.450 -15.912
  -6.991 -14.952 -15.413
  -6.986 -15.730 -15.948
  -6.982 -15.173 -15.480
  -6.978 -16.015 -16.262
  -6.973 -15.845 -16.048
  -6.969 -15.803 -16.161
  -6.965 -16.405 -16.405
  -6.961 -16.381 -16.381
  -6.956 -16.170 -16.170
  -6.952 -15.370 -15.612
  -6.948 -15.814 -16.090
  -6.944 -15.488 -15.701
  -6.940 -16.086 -16.327
  -6.936 -15.826 -15.826
  -6.932 -15.683 -15.901
  -6.928 -15.440 -16.098
  -6.924 -15.860 -16.444
  -6.920 -15.802 -15.802
  -6.917 -15.938 -16.397
  -6.913 -14.889 -16.044
  -6.909 -15.965 -16.191
  -6.905 -15.849 -16.231
  -6.902 -16.130 -16.456
  -6.898 -16.222 -17.022
  -6.894 -15.640 -15.994
  -6.891 -15.292 -16.083
  -6.887 -15.816 -16.157
  -6.884 -15.939 -16.157
  -6.880 -15.811 -15.999
  -6.877 -16.140 -16.375
  -6.873 -15.032 -15.577
  -6.870 -15.140 -15.689
  -6.867 -16.451 -16.742
  -6.863 -15.960 -15.960
  -6.860 -16.274 -16.470
  -6.857 -15.327 -16.034
  -6.853 -16.610 -17.112
  -6.850 -15.733 -16.313
  -6.847 -15.921 -16.447
  -6.844 -15.164 -16.005
  -6.840 -15.807 -15.988
  -6.837 -15.637 -49.500
  -6.834 -15.994 -15.994
  -6.831 -49.500     NaN
  -6.828 -16.782 -17.331
  -6.825 -15.989 -16.164
  -6.822 -14.886 -15.898
  -6.819 -16.816 -17.191
  -6.816 -15.724 -16.464
  -6.813 -16.283 -16.623
  -6.810 -15.974 -16.529
  -6.807 -16.217 -49.500
  -6.804 -15.999 -15.999
  -6.801 -49.500     NaN
  -6.798 -15.614 -16.046
  -6.795 -16.394 -16.634
  -6.792 -16.085 -16.327
  -6.789 -16.306 -16.505
  -6.787 -16.026 -16.624
  -6.784 -15.829 -16.168
  -6.781 -16.348 -16.348
  -6.778 -16.559 -17.403
  -6.775 -16.212 -49.500
  -6.773 -15.950 -16.304
  -6.770 -15.897 -16.247
  -6.767 -16.321 -16.472
  -6.765 -16.361 -17.265
  -6.762 -15.070 -16.130
  -6.759 -15.476 -16.131
  -6.757 -17.083 -49.500
  -6.754 -14.619 -16.135
  -6.751 -17.144 -49.500
  -6.749 -16.422 -16.711
  -6.746 -49.500     NaN
  -6.744 -15.870 -16.284
  -6.741 -16.645 -49.500
  -6.739 -49.500     NaN
  -6.736 -16.232 -16.559
  -6.734 -16.630 -16.630
  -6.731 -16.806 -17.117
  -6.729 -16.618 -16.873
  -6.726 -15.925 -16.998
  -6.724 -16.782 -17.009
  -6.721 -16.262 -16.495
  -6.719 -16.025 -49.500
  -6.717 -15.685 -16.291
  -6.714 -16.456 -16.775
  -6.712 -49.500     NaN
  -6.709 -49.500     NaN
  -6.707 -16.715 -16.715
  -6.705 -16.686 -49.500
  -6.702 -15.676 -16.665
  -6.700 -15.947 -15.947
  -6.698 -16.204 -49.500
  -6.696 -16.377 -16.565
  -6.693 -16.391 -16.574
  -6.691 -16.044 -49.500
  -6.689 -49.500 -49.500
  -6.687 -49.500     NaN
  -6.684 -49.500     NaN
  -6.682 -16.377 -49.500
  -6.680 -16.195 -49.500
  -6.678 -16.307 -49.500
  -6.675 -16.496 -49.500
  -6.673 -16.351 -49.500
  -6.671 -16.025 -49.500
  -6.669 -17.155 -49.500
  -6.667 -16.615 -49.500
  -6.665 -16.370 -49.500
  -6.663 -16.750 -49.500
  -6.661 -15.796 -17.086
  -6.658 -16.671 -17.102
  -6.656 -16.622 -49.500
  -6.654 -16.406 -16.728
  -6.652 -16.458 -49.500
  -6.650 -16.370 -16.370
  -6.648 -49.500 -49.500
  -6.646 -17.016 -49.500
  -6.644 -16.211 -16.735
  -6.642 -49.500     NaN
  -6.640 -16.371 -49.500
  -6.638 -49.500     NaN
  -6.636 -16.658 -49.500
  -6.634 -49.500 -49.500
  -6.632 -15.949 -49.500
  -6.630 -16.078 -16.078
  -6.628 -49.500 -49.500
  -6.626 -49.500     NaN
  -6.624 -15.315 -49.500
  -6.622 -49.500     NaN
  -6.620 -16.641 -49.500
  -6.618 -16.730 -49.500
  -6.617 -49.500     NaN
  -6.615 -49.500     NaN
  -6.613 -49.500 -49.500
  -6.611 -15.386 -49.500
  -6.609 -49.500 -49.500
  -6.607 -16.168 -16.433
  -6.605 -49.500 -49.500
  -6.603 -16.499 -16.499
  -6.602 -49.500     NaN
  -6.600 -49.500     NaN
  -6.598 -15.963 -16.351
  -6.596 -15.090 -15.090
  -6.594 -15.801 -16.397
