  -8.861 -13.834 -13.834
  -8.599 -13.967 -13.967
  -8.442 -14.026 -14.026
  -8.329 -13.996 -13.996
  -8.239 -14.154 -14.154
  -8.166 -14.169 -14.169
  -8.103 -14.258 -14.258
  -8.048 -14.341 -14.341
  -7.999 -14.333 -14.333
  -7.955 -14.328 -14.328
  -7.916 -14.444 -14.444
  -7.879 -14.458 -14.458
  -7.846 -14.499 -14.499
  -7.815 -14.513 -14.513
  -7.786 -14.374 -14.374
  -7.758 -14.699 -14.699
  -7.733 -14.515 -14.515
  -7.709 -14.557 -14.557
  -7.686 -14.408 -14.826
  -7.664 -14.261 -14.261
  -7.643 -14.745 -14.745
  -7.624 -14.696 -14.696
  -7.605 -14.767 -14.767
  -7.586 -14.971 -14.971
  -7.569 -14.158 -14.877
  -7.552 -14.811 -14.811
  -7.536 -14.414 -14.565
  -7.521 -14.803 -14.803
  -7.506 -14.962 -14.962
  -7.491 -15.037 -15.037
  -7.477 -15.161 -15.161
  -7.464 -14.406 -14.956
  -7.451 -14.731 -14.886
  -7.438 -14.958 -14.958
  -7.425 -14.765 -15.161
  -7.413 -14.774 -15.208
  -7.401 -15.037 -15.248
  -7.390 -15.187 -15.187
  -7.379 -15.016 -15.016
  -7.368 -14.945 -14.945
  -7.357 -14.895 -15.132
  -7.347 -15.051 -15.470
  -7.337 -15.114 -15.295
  -7.327 -15.171 -15.171
  -7.317 -14.872 -14.872
  -7.308 -14.430 -14.993
  -7.299 -15.422 -15.422
  -7.290 -14.575 -14.772
  -7.281 -15.107 -15.107
  -7.272 -14.908 -15.372
  -7.264 -14.894 -14.894
  -7.255 -14.309 -15.195
  -7.247 -14.580 -14.854
  -7.239 -14.518 -14.786
  -7.231 -15.464 -15.464
  -7.223 -15.232 -15.418
  -7.216 -15.147 -15.364
  -7.208 -15.622 -15.622
  -7.201 -14.687 -15.280
  -7.194 -15.548 -15.713
  -7.187 -15.450 -15.450
  -7.180 -15.708 -15.708
  -7.173 -15.205 -15.556
  -7.166 -15.606 -15.787
  -7.159 -15.181 -15.545
  -7.153 -15.475 -15.889
  -7.146 -15.646 -15.803
  -7.140 -15.251 -15.754
  -7.133 -14.993 -15.400
  -7.127 -14.481 -14.682
  -7.121 -15.038 -15.530
  -7.115 -15.527 -15.527
  -7.109 -15.677 -15.677
  -7.103 -14.810 -15.621
  -7.098 -15.740 -15.740
  -7.092 -15.772 -15.772
  -7.086 -15.649 -15.826
  -7.081 -15.412 -15.866
  -7.075 -15.939 -15.939
  -7.070 -15.186 -15.788
  -7.064 -16.063 -16.063
  -7.059 -15.063 -15.371
  -7.054 -15.531 -15.886
  -7.049 -15.324 -15.483
  -7.043 -15.747 -15.959
  -7.038 -15.741 -15.741
  -7.033 -15.852 -16.010
  -7.029 -15.491 -15.915
  -7.024 -15.661 -16.032
  -7.019 -15.868 -16.023
  -7.014 -15.466 -15.843
  -7.009 -15.823 -15.823
  -7.005 -15.865 -15.865
  -7.000 -15.816 -15.816
  -6.995 -15.567 -15.567
  -6.991 -15.627 -15.936
  -6.986 -15.976 -15.976
  -6.982 -15.262 -16.177
  -6.978 -15.271 -15.806
  -6.973 -15.434 -15.669
  -6.969 -16.123 -16.324
  -6.965 -15.452 -16.146
  -6.961 -15.870 -16.202
  -6.956 -16.275 -16.523
  -6.952 -15.777 -15.947
  -6.948 -15.806 -16.155
  -6.944 -16.179 -16.179
  -6.940 -16.294 -16.294
  -6.936 -16.260 -16.260
  -6.932 -15.306 -16.098
  -6.928 -16.183 -16.183
  -6.924 -15.980 -16.352
  -6.920 -15.326 -16.171
  -6.917 -16.042 -16.216
  -6.913 -16.221 -16.221
  -6.909 -16.589 -16.764
  -6.905 -16.226 -16.226
  -6.902 -15.901 -15.901
  -6.898 -15.885 -16.072
  -6.894 -15.091 -15.882
  -6.891 -16.568 -16.792
  -6.887 -15.868 -15.868
  -6.884 -15.938 -15.938
  -6.880 -14.411 -16.094
  -6.877 -15.120 -15.696
  -6.873 -16.225 -16.416
  -6.870 -15.672 -16.187
  -6.867 -16.295 -16.295
  -6.863 -16.480 -16.480
  -6.860 -16.295 -16.295
  -6.857 -15.782 -16.204
  -6.853 -16.273 -16.492
  -6.850 -15.768 -16.139
  -6.847 -16.097 -16.341
  -6.844 -16.897 -16.897
  -6.840 -15.471 -16.019
  -6.837 -16.011 -16.332
  -6.834 -16.455 -16.670
  -6.831 -16.749 -16.998
  -6.828 -15.769 -16.317
  -6.825 -16.832 -49.500
  -6.822 -15.893 -16.566
  -6.819 -16.161 -16.635
  -6.816 -16.273 -16.520
  -6.813 -16.204 -16.433
  -6.810 -16.851 -17.206
  -6.807 -16.307 -16.603
  -6.804 -16.199 -16.731
  -6.801 -16.341 -16.586
  -6.798 -16.274 -16.562
  -6.795 -16.023 -16.174
  -6.792 -16.007 -16.460
  -6.789 -16.568 -16.772
  -6.787 -49.500     NaN
  -6.784 -16.192 -16.359
  -6.781 -15.987 -15.987
  -6.778 -49.500     NaN
  -6.775 -15.478 -16.002
  -6.773 -16.139 -16.139
  -6.770 -16.683 -49.500
  -6.767 -16.297 -16.603
  -6.765 -16.450 -16.450
  -6.762 -16.391 -49.500
  -6.759 -16.562 -16.562
  -6.757 -16.434 -16.785
  -6.754 -15.873 -49.500
  -6.751 -49.500     NaN
  -6.749 -16.188 -16.188
  -6.746 -16.420 -49.500
  -6.744 -16.402 -16.782
  -6.741 -15.748 -15.964
  -6.739 -16.341 -16.546
  -6.736 -16.367 -16.535
  -6.734 -14.924 -49.500
  -6.731 -16.582 -17.034
  -6.729 -15.777 -15.936
  -6.726 -15.927 -16.361
  -6.724 -15.985 -16.155
  -6.721 -16.636 -16.864
  -6.719 -16.406 -16.896
  -6.717 -16.413 -49.500
  -6.714 -49.500     NaN
  -6.712 -16.067 -16.574
  -6.709 -16.477 -49.500
  -6.707 -16.292 -16.619
  -6.705 -49.500 -49.500
  -6.702 -16.502 -49.500
  -6.700 -16.098 -16.257
  -6.698 -16.158 -16.855
  -6.696 -16.359 -16.511
  -6.693 -15.958 -16.741
  -6.691 -16.024 -16.510
  -6.689 -49.500 -49.500
  -6.687 -15.978 -49.500
  -6.684 -16.414 -17.189
  -6.682 -16.364 -49.500
  -6.680 -17.085 -49.500
  -6.678 -15.758 -16.761
  -6.675 -15.713 -16.427
  -6.673 -49.500     NaN
  -6.671 -49.500 -49.500
  -6.669 -15.615 -16.525
  -6.667 -16.086 -16.936
  -6.665 -49.500     NaN
  -6.663 -16.862 -49.500
  -6.661 -49.500     NaN
  -6.658 -16.949 -49.500
  -6.656 -49.500     NaN
  -6.654 -16.345 -49.500
  -6.652 -16.497 -16.773
  -6.650 -16.511 -49.500
  -6.648 -16.185 -49.500
  -6.646 -14.678 -14.865
  -6.644 -17.222 -49.500
  -6.642 -15.569 -49.500
  -6.640 -49.500     NaN
  -6.638 -49.500     NaN
  -6.636 -14.815 -49.500
  -6.634 -15.725 -49.500
  -6.632 -16.743 -49.500
  -6.630 -15.755 -16.143
  -6.628 -16.679 -17.003
  -6.626 -16.485 -49.500
  -6.624 -16.462 -16.645
  -6.622 -49.500 -49.500
  -6.620 -49.500 -49.500
  -6.618 -16.225 -16.654
  -6.617 -49.500     NaN
  -6.615 -49.500     NaN
  -6.613 -49.500 -49.500
  -6.611 -49.500     NaN
  -6.609 -49.500 -49.500
  -6.607 -16.005 -16.005
  -6.605 -49.500 -49.500
  -6.603 -16.212 -16.212
  -6.602 -49.500     NaN
  -6.600 -16.481 -16.873
  -6.598 -49.500 -49.500
  -6.596 -49.500     NaN
  -6.594 -16.623 -49.500
