  -8.861 -13.846 -13.846
  -8.599 -13.996 -13.996
  -8.442 -14.079 -14.079
  -8.329 -14.134 -14.134
  -8.239 -14.198 -14.198
  -8.166 -14.248 -14.248
  -8.103 -14.315 -14.315
  -8.048 -14.357 -14.357
  -7.999 -14.016 -14.171
  -7.955 -14.431 -14.431
  -7.916 -14.504 -14.504
  -7.879 -14.395 -14.395
  -7.846 -14.378 -14.378
  -7.815 -14.453 -14.453
  -7.786 -14.552 -14.552
  -7.758 -14.344 -14.344
  -7.733 -14.661 -14.661
  -7.709 -14.677 -14.677
  -7.686 -14.450 -14.450
  -7.664 -14.821 -14.821
  -7.643 -14.760 -14.760
  -7.624 -14.728 -14.728
  -7.605 -14.809 -14.809
  -7.586 -14.742 -14.918
  -7.569 -14.355 -14.663
  -7.552 -14.584 -14.876
  -7.536 -14.878 -14.878
  -7.521 -14.869 -14.869
  -7.506 -14.711 -14.945
  -7.491 -14.847 -15.104
  -7.477 -14.826 -14.826
  -7.464 -14.491 -14.811
  -7.451 -14.893 -14.893
  -7.438 -14.335 -15.201
  -7.425 -14.780 -14.780
  -7.413 -14.891 -14.891
  -7.401 -14.707 -15.246
  -7.390 -14.780 -14.780
  -7.379 -15.138 -15.138
  -7.368 -15.186 -15.186
  -7.357 -15.185 -15.347
  -7.347 -15.180 -15.180
  -7.337 -15.211 -15.211
  -7.327 -15.469 -15.469
  -7.317 -15.343 -15.343
  -7.308 -14.771 -14.771
  -7.299 -15.201 -15.201
  -7.290 -15.054 -15.054
  -7.281 -15.493 -15.493
  -7.272 -15.117 -15.117
  -7.264 -15.296 -15.607
  -7.255 -15.308 -15.308
  -7.247 -15.261 -15.261
  -7.239 -15.246 -15.471
  -7.231 -14.836 -15.307
  -7.223 -14.468 -14.799
  -7.216 -15.052 -15.398
  -7.208 -15.477 -15.477
  -7.201 -15.572 -15.572
  -7.194 -15.140 -15.140
  -7.187 -15.382 -15.382
  -7.180 -15.363 -15.363
  -7.173 -15.789 -15.789
  -7.166 -15.045 -15.217
  -7.159 -14.859 -15.158
  -7.153 -14.931 -15.097
  -7.146 -15.535 -15.535
  -7.140 -15.154 -15.154
  -7.133 -15.327 -15.484
  -7.127 -15.560 -15.560
  -7.121 -15.341 -15.689
  -7.115 -15.333 -15.530
  -7.109 -14.679 -15.652
  -7.103 -15.660 -15.660
  -7.098 -15.371 -15.745
  -7.092 -15.474 -15.748
  -7.086 -15.183 -15.183
  -7.081 -15.547 -15.702
  -7.075 -15.559 -15.736
  -7.070 -15.739 -15.739
  -7.064 -15.386 -15.687
  -7.059 -15.402 -15.580
  -7.054 -15.050 -15.449
  -7.049 -15.514 -15.514
  -7.043 -14.786 -15.391
  -7.038 -15.755 -16.027
  -7.033 -15.896 -15.896
  -7.029 -15.289 -15.733
  -7.024 -15.787 -15.787
  -7.019 -15.286 -15.286
  -7.014 -15.856 -15.856
  -7.009 -16.052 -16.052
  -7.005 -15.559 -16.104
  -7.000 -16.101 -16.101
  -6.995 -15.630 -15.630
  -6.991 -15.949 -16.110
  -6.986 -15.749 -15.749
  -6.982 -15.345 -15.615
  -6.978 -16.366 -16.366
  -6.973 -15.370 -15.370
  -6.969 -15.635 -15.635
  -6.965 -15.918 -15.918
  -6.961 -15.859 -16.053
  -6.956 -15.615 -15.962
  -6.952 -15.845 -16.390
  -6.948 -15.687 -15.923
  -6.944 -14.936 -15.755
  -6.940 -15.920 -15.920
  -6.936 -15.387 -15.948
  -6.932 -15.621 -15.852
  -6.928 -14.845 -15.903
  -6.924 -15.940 -16.373
  -6.920 -16.490 -16.658
  -6.917 -16.083 -16.083
  -6.913 -16.304 -16.304
  -6.909 -16.343 -16.513
  -6.905 -15.414 -16.229
  -6.902 -22.526 -22.526
  -6.898 -15.427 -15.427
  -6.894 -15.520 -16.240
  -6.891 -16.422 -16.799
  -6.887 -16.129 -16.461
  -6.884 -15.359 -15.896
  -6.880 -15.660 -15.851
  -6.877 -15.689 -15.867
  -6.873 -15.532 -15.969
  -6.870 -15.962 -15.962
  -6.867 -15.301 -16.901
  -6.863 -16.524 -16.524
  -6.860 -15.397 -15.829
  -6.857 -16.066 -16.066
  -6.853 -15.607 -16.292
  -6.850 -14.498 -15.253
  -6.847 -16.457 -16.805
  -6.844 -15.635 -15.843
  -6.840 -16.551 -49.500
  -6.837 -15.941 -16.162
  -6.834 -16.812 -16.812
  -6.831 -16.085 -16.943
  -6.828 -16.394 -16.701
  -6.825 -15.956 -17.049
  -6.822 -16.274 -16.544
  -6.819 -16.168 -16.613
  -6.816 -16.055 -16.303
  -6.813 -15.978 -16.794
  -6.810 -16.698 -17.073
  -6.807 -15.707 -16.470
  -6.804 -16.292 -16.507
  -6.801 -16.667 -49.500
  -6.798 -16.064 -16.462
  -6.795 -16.152 -16.336
  -6.792 -15.984 -17.081
  -6.789 -15.806 -16.309
  -6.787 -15.945 -16.126
  -6.784 -16.908 -49.500
  -6.781 -49.500     NaN
  -6.778 -16.625 -16.991
  -6.775 -49.500     NaN
  -6.773 -15.355 -15.355
  -6.770 -16.069 -16.377
  -6.767 -16.307 -16.568
  -6.765 -16.246 -16.603
  -6.762 -16.924 -49.500
  -6.759 -16.671 -49.500
  -6.757 -16.083 -16.334
  -6.754 -16.112 -16.331
  -6.751 -15.384 -16.757
  -6.749 -15.991 -16.187
  -6.746 -15.677 -16.216
  -6.744 -15.429 -49.500
  -6.741 -16.234 -16.584
  -6.739 -16.262 -16.601
  -6.736 -16.162 -17.097
  -6.734 -16.219 -16.536
  -6.731 -16.718 -49.500
  -6.729 -16.641 -16.968
  -6.726 -15.593 -49.500
  -6.724 -16.762 -49.500
  -6.721 -15.984 -15.984
  -6.719 -16.470 -16.762
  -6.717 -16.948 -49.500
  -6.714 -49.500     NaN
  -6.712 -16.009 -16.558
  -6.709 -16.181 -16.714
  -6.707 -16.206 -16.823
  -6.705 -16.468 -16.721
  -6.702 -16.301 -16.301
  -6.700 -15.161 -49.500
  -6.698 -16.281 -49.500
  -6.696 -16.658 -49.500
  -6.693 -16.868 -49.500
  -6.691 -49.500 -49.500
  -6.689 -16.499 -49.500
  -6.687 -15.830 -49.500
  -6.684 -16.117 -16.801
  -6.682 -16.057 -49.500
  -6.680 -16.772 -49.500
  -6.678 -16.338 -16.338
  -6.675 -49.500     NaN
  -6.673 -15.352 -17.045
  -6.671 -16.127 -16.127
  -6.669 -15.825 -16.456
  -6.667 -49.500 -49.500
  -6.665 -16.392 -49.500
  -6.663 -15.883 -49.500
  -6.661 -16.421 -16.636
  -6.658 -16.617 -49.500
  -6.656 -49.500     NaN
  -6.654 -16.546 -16.797
  -6.652 -15.355 -16.176
  -6.650 -49.500     NaN
  -6.648 -49.500     NaN
  -6.646 -15.119 -49.500
  -6.644 -49.500 -49.500
  -6.642 -16.359 -49.500
  -6.640 -16.350 -16.518
  -6.638 -49.500 -49.500
  -6.636 -16.151 -49.500
  -6.634 -49.500 -49.500
  -6.632 -49.500     NaN
  -6.630 -49.500     NaN
  -6.628 -16.213 -16.213
  -6.626 -49.500 -49.500
  -6.624 -49.500 -49.500
  -6.622 -49.500     NaN
  -6.620 -49.500 -49.500
  -6.618 -15.523 -49.500
  -6.617 -49.500     NaN
  -6.615 -49.500     NaN
  -6.613 -16.725 -49.500
  -6.611 -49.500 -49.500
  -6.609 -49.500 -49.500
  -6.607 -16.822 -49.500
  -6.605 -49.500     NaN
  -6.603 -49.500     NaN
  -6.602 -16.341 -49.500
  -6.600 -16.532 -16.532
  -6.598 -49.500 -49.500
  -6.596 -49.500     NaN
  -6.594 -49.500 -49.500
