  -8.861 -13.808 -13.808
  -8.599 -13.966 -13.966
  -8.442 -14.067 -14.067
  -8.329 -14.061 -14.061
  -8.239 -14.161 -14.161
  -8.166 -14.273 -14.273
  -8.103 -14.232 -14.232
  -8.048 -14.073 -14.288
  -7.999 -14.260 -14.260
  -7.955 -14.329 -14.329
  -7.916 -14.426 -14.426
  -7.879 -14.402 -14.402
  -7.846 -14.394 -14.394
  -7.815 -14.503 -14.503
  -7.786 -14.593 -14.593
  -7.758 -14.395 -14.602
  -7.733 -14.719 -14.719
  -7.709 -14.670 -14.670
  -7.686 -14.372 -14.661
  -7.664 -14.504 -14.718
  -7.643 -14.140 -14.666
  -7.624 -14.601 -14.790
  -7.605 -14.752 -14.752
  -7.586 -14.990 -14.990
  -7.569 -14.665 -14.827
  -7.552 -14.738 -14.933
  -7.536 -14.745 -14.745
  -7.521 -14.890 -14.890
  -7.506 -14.942 -14.942
  -7.491 -14.855 -14.855
  -7.477 -15.089 -15.089
  -7.464 -14.924 -14.924
  -7.451 -15.001 -15.001
  -7.438 -14.518 -15.160
  -7.425 -15.155 -15.155
  -7.413 -15.149 -15.149
  -7.401 -15.054 -15.054
  -7.390 -15.013 -15.013
  -7.379 -14.538 -15.270
  -7.368 -14.710 -14.710
  -7.357 -15.042 -15.042
  -7.347 -14.778 -14.967
  -7.337 -15.116 -15.439
  -7.327 -15.058 -15.058
  -7.317 -14.490 -14.759
  -7.308 -15.455 -15.455
  -7.299 -14.779 -15.020
  -7.290 -15.149 -15.465
  -7.281 -15.403 -15.599
  -7.272 -15.302 -15.510
  -7.264 -14.969 -14.969
  -7.255 -15.172 -15.172
  -7.247 -14.968 -15.253
  -7.239 -14.988 -14.988
  -7.231 -15.442 -15.442
  -7.223 -14.956 -14.956
  -7.216 -15.281 -15.281
  -7.208 -15.357 -15.530
  -7.201 -15.178 -15.412
  -7.194 -15.514 -15.514
  -7.187 -15.277 -15.277
  -7.180 -15.055 -15.414
  -7.173 -15.452 -15.623
  -7.166 -15.790 -15.790
  -7.159 -14.757 -15.451
  -7.153 -14.889 -15.407
  -7.146 -14.915 -15.309
  -7.140 -14.833 -15.422
  -7.133 -15.155 -15.372
  -7.127 -15.606 -15.606
  -7.121 -15.215 -15.808
  -7.115 -15.455 -15.455
  -7.109 -15.331 -15.535
  -7.103 -15.584 -15.584
  -7.098 -15.743 -15.743
  -7.092 -15.597 -15.597
  -7.086 -15.179 -15.760
  -7.081 -15.230 -15.230
  -7.075 -15.082 -15.526
  -7.070 -15.919 -15.919
  -7.064 -16.020 -16.020
  -7.059 -15.541 -15.802
  -7.054 -15.365 -15.365
  -7.049 -16.264 -16.442
  -7.043 -14.795 -15.268
  -7.038 -15.775 -16.050
  -7.033 -15.905 -15.905
  -7.029 -15.322 -15.322
  -7.024 -15.955 -16.151
  -7.019 -15.675 -15.934
  -7.014 -15.675 -15.836
  -7.009 -15.538 -15.738
  -7.005 -15.878 -15.878
  -7.000 -15.669 -15.999
  -6.995 -15.434 -15.858
  -6.991 -15.784 -16.027
  -6.986 -15.145 -15.304
  -6.982 -15.157 -15.733
  -6.978 -16.059 -16.059
  -6.973 -15.742 -16.083
  -6.969 -15.096 -15.418
  -6.965 -15.246 -15.936
  -6.961 -15.107 -15.394
  -6.956 -16.081 -16.081
  -6.952 -15.119 -15.962
  -6.948 -15.810 -16.003
  -6.944 -16.007 -16.168
  -6.940 -15.225 -15.225
  -6.936 -14.411 -16.065
  -6.932 -16.187 -16.187
  -6.928 -15.621 -15.791
  -6.924 -15.795 -15.795
  -6.920 -16.136 -16.318
  -6.917 -15.938 -15.938
  -6.913 -15.077 -15.969
  -6.909 -15.234 -15.661
  -6.905 -16.213 -16.611
  -6.902 -16.318 -16.318
  -6.898 -16.449 -16.449
  -6.894 -15.905 -16.100
  -6.891 -16.588 -16.588
  -6.887 -16.343 -16.343
  -6.884 -16.054 -16.838
  -6.880 -16.162 -16.162
  -6.877 -16.117 -16.314
  -6.873 -16.323 -49.500
  -6.870 -16.427 -16.645
  -6.867 -15.807 -16.114
  -6.863 -16.197 -16.579
  -6.860 -15.866 -16.359
  -6.857 -15.168 -16.578
  -6.853 -16.159 -16.159
  -6.850 -14.541 -15.849
  -6.847 -16.040 -16.040
  -6.844 -16.396 -16.396
  -6.840 -16.426 -16.426
  -6.837 -15.880 -16.319
  -6.834 -49.500     NaN
  -6.831 -15.778 -16.024
  -6.828 -15.346 -16.144
  -6.825 -15.801 -15.801
  -6.822 -15.872 -16.095
  -6.819 -16.025 -16.025
  -6.816 -16.125 -16.583
  -6.813 -16.737 -17.062
  -6.810 -15.613 -16.078
  -6.807 -15.950 -16.216
  -6.804 -16.694 -16.866
  -6.801 -16.040 -16.431
  -6.798 -16.538 -16.715
  -6.795 -16.060 -16.413
  -6.792 -16.251 -16.816
  -6.789 -16.470 -16.858
  -6.787 -16.153 -16.432
  -6.784 -16.465 -16.772
  -6.781 -49.500     NaN
  -6.778 -16.420 -49.500
  -6.775 -15.794 -16.207
  -6.773 -16.107 -16.323
  -6.770 -16.006 -49.500
  -6.767 -49.500     NaN
  -6.765 -16.712 -49.500
  -6.762 -16.179 -17.051
  -6.759 -16.765 -17.009
  -6.757 -16.517 -16.886
  -6.754 -16.301 -16.542
  -6.751 -14.449 -16.167
  -6.749 -15.762 -16.031
  -6.746 -49.500     NaN
  -6.744 -16.270 -16.429
  -6.741 -15.599 -16.330
  -6.739 -16.732 -49.500
  -6.736 -16.491 -49.500
  -6.734 -15.559 -16.343
  -6.731 -16.506 -49.500
  -6.729 -16.918 -49.500
  -6.726 -16.288 -16.511
  -6.724 -16.535 -16.852
  -6.721 -16.281 -16.693
  -6.719 -15.745 -16.398
  -6.717 -16.064 -16.437
  -6.714 -49.500     NaN
  -6.712 -16.270 -16.640
  -6.709 -49.500     NaN
  -6.707 -15.851 -49.500
  -6.705 -16.511 -49.500
  -6.702 -17.142 -49.500
  -6.700 -16.414 -49.500
  -6.698 -15.865 -49.500
  -6.696 -16.267 -17.074
  -6.693 -16.341 -16.588
  -6.691 -49.500 -49.500
  -6.689 -16.882 -16.882
  -6.687 -14.452 -16.380
  -6.684 -16.233 -16.471
  -6.682 -16.921 -49.500
  -6.680 -15.990 -49.500
  -6.678 -49.500 -49.500
  -6.675 -16.370 -49.500
  -6.673 -16.352 -16.352
  -6.671 -49.500     NaN
  -6.669 -49.500     NaN
  -6.667 -16.757 -49.500
  -6.665 -16.673 -49.500
  -6.663 -16.164 -16.734
  -6.661 -49.500     NaN
  -6.658 -15.378 -16.757
  -6.656 -16.167 -49.500
  -6.654 -49.500     NaN
  -6.652 -49.500     NaN
  -6.650 -49.500 -49.500
  -6.648 -15.884 -16.066
  -6.646 -16.683 -49.500
  -6.644 -15.637 -15.637
  -6.642 -16.577 -49.500
  -6.640 -16.460 -16.682
  -6.638 -16.445 -16.736
  -6.636 -16.606 -49.500
  -6.634 -15.563 -16.242
  -6.632 -16.943 -49.500
  -6.630 -15.908 -16.405
  -6.628 -15.999 -49.500
  -6.626 -49.500 -49.500
  -6.624 -16.634 -49.500
  -6.622 -49.500     NaN
  -6.620 -16.508 -17.026
  -6.618 -49.500     NaN
  -6.617 -16.510 -16.510
  -6.615 -49.500     NaN
  -6.613 -16.093 -16.843
  -6.611 -16.383 -49.500
  -6.609 -49.500     NaN
  -6.607 -49.500     NaN
  -6.605 -16.546 -49.500
  -6.603 -16.679 -49.500
  -6.602 -16.204 -49.500
  -6.600 -16.038 -49.500
  -6.598 -16.302 -49.500
  -6.596 -49.500 -49.500
  -6.594 -49.500     NaN
