  -8.861 -13.850 -13.850
  -8.599 -13.951 -13.951
  -8.442 -14.003 -14.003
  -8.329 -14.150 -14.150
  -8.239 -14.157 -14.157
  -8.166 -14.202 -14.202
  -8.103 -14.280 -14.280
  -8.048 -14.303 -14.303
  -7.999 -14.176 -14.341
  -7.955 -14.382 -14.382
  -7.916 -14.394 -14.394
  -7.879 -14.554 -14.554
  -7.846 -14.575 -14.575
  -7.815 -14.479 -14.479
  -7.786 -14.520 -14.520
  -7.758 -14.658 -14.658
  -7.733 -14.216 -14.589
  -7.709 -14.694 -14.694
  -7.686 -14.634 -14.634
  -7.664 -14.551 -14.551
  -7.643 -14.728 -14.728
  -7.624 -14.790 -14.790
  -7.605 -14.789 -14.789
  -7.586 -14.756 -14.756
  -7.569 -14.778 -14.778
  -7.552 -14.856 -14.856
  -7.536 -14.699 -14.893
  -7.521 -14.621 -14.621
  -7.506 -14.920 -14.920
  -7.491 -14.176 -14.614
  -7.477 -14.809 -14.809
  -7.464 -15.105 -15.105
  -7.451 -15.098 -15.098
  -7.438 -15.170 -15.170
  -7.425 -14.714 -14.924
  -7.413 -14.965 -14.965
  -7.401 -14.799 -14.959
  -7.390 -15.070 -15.070
  -7.379 -15.227 -15.227
  -7.368 -14.606 -14.863
  -7.357 -15.033 -15.033
  -7.347 -14.954 -14.954
  -7.337 -14.961 -15.117
  -7.327 -14.515 -14.792
  -7.317 -14.970 -15.405
  -7.308 -14.981 -15.285
  -7.299 -15.121 -15.440
  -7.290 -15.288 -15.288
  -7.281 -15.181 -15.438
  -7.272 -15.382 -15.554
  -7.264 -15.382 -15.382
  -7.255 -14.715 -15.234
  -7.247 -15.190 -15.190
  -7.239 -15.490 -15.490
  -7.231 -15.296 -15.296
  -7.223 -15.337 -15.337
  -7.216 -15.418 -15.418
  -7.208 -14.812 -14.812
  -7.201 -15.197 -15.591
  -7.194 -15.245 -15.245
  -7.187 -15.380 -15.380
  -7.180 -15.535 -15.535
  -7.173 -15.556 -15.556
  -7.166 -15.278 -15.770
  -7.159 -14.944 -15.434
  -7.153 -15.710 -15.710
  -7.146 -15.478 -15.708
  -7.140 -14.770 -15.060
  -7.133 -15.553 -15.553
  -7.127 -15.701 -15.701
  -7.121 -15.247 -15.548
  -7.115 -15.702 -15.702
  -7.109 -15.725 -15.950
  -7.103 -15.611 -15.822
  -7.098 -15.792 -16.042
  -7.092 -14.886 -15.438
  -7.086 -15.270 -15.510
  -7.081 -15.500 -15.500
  -7.075 -15.789 -15.789
  -7.070 -15.894 -15.894
  -7.064 -15.696 -15.934
  -7.059 -15.475 -15.743
  -7.054 -15.761 -15.934
  -7.049 -15.665 -15.665
  -7.043 -15.374 -15.604
  -7.038 -15.263 -15.881
  -7.033 -15.950 -16.153
  -7.029 -16.073 -16.284
  -7.024 -15.767 -15.950
  -7.019 -15.212 -15.447
  -7.014 -15.979 -16.201
  -7.009 -16.089 -16.089
  -7.005 -15.383 -15.383
  -7.000 -15.915 -15.915
  -6.995 -15.740 -15.926
  -6.991 -15.872 -16.140
  -6.986 -15.510 -15.510
  -6.982 -15.705 -15.897
  -6.978 -16.166 -16.166
  -6.973 -16.195 -16.365
  -6.969 -15.635 -15.837
  -6.965 -15.445 -15.987
  -6.961 -15.903 -15.903
  -6.956 -16.016 -16.016
  -6.952 -15.920 -15.920
  -6.948 -16.130 -16.370
  -6.944 -15.345 -15.922
  -6.940 -15.257 -15.789
  -6.936 -15.304 -15.594
  -6.932 -15.799 -16.270
  -6.928 -15.541 -15.878
  -6.924 -16.213 -16.213
  -6.920 -15.020 -15.793
  -6.917 -16.089 -16.289
  -6.913 -15.860 -15.860
  -6.909 -16.413 -16.722
  -6.905 -16.006 -16.461
  -6.902 -15.186 -16.010
  -6.898 -16.129 -16.129
  -6.894 -15.301 -16.046
  -6.891 -15.440 -16.017
  -6.887 -15.457 -16.561
  -6.884 -16.065 -16.065
  -6.880 -15.703 -16.113
  -6.877 -16.553 -16.553
  -6.873 -16.412 -16.412
  -6.870 -15.805 -15.957
  -6.867 -15.604 -15.882
  -6.863 -16.710 -16.887
  -6.860 -16.285 -16.285
  -6.857 -15.806 -16.046
  -6.853 -16.360 -16.360
  -6.850 -14.505 -16.487
  -6.847 -16.015 -16.981
  -6.844 -15.687 -16.499
  -6.840 -15.771 -16.865
  -6.837 -15.897 -16.223
  -6.834 -15.473 -16.168
  -6.831 -16.117 -16.505
  -6.828 -15.822 -16.480
  -6.825 -16.022 -16.205
  -6.822 -15.925 -16.522
  -6.819 -16.129 -16.284
  -6.816 -16.635 -49.500
  -6.813 -16.308 -16.487
  -6.810 -16.244 -16.244
  -6.807 -16.138 -16.350
  -6.804 -15.578 -16.067
  -6.801 -16.704 -16.862
  -6.798 -49.500     NaN
  -6.795 -49.500     NaN
  -6.792 -15.422 -16.245
  -6.789 -16.590 -49.500
  -6.787 -15.436 -16.627
  -6.784 -15.643 -15.643
  -6.781 -16.183 -16.685
  -6.778 -16.071 -16.406
  -6.775 -16.061 -16.646
  -6.773 -16.560 -49.500
  -6.770 -49.500     NaN
  -6.767 -15.270 -16.372
  -6.765 -15.485 -15.987
  -6.762 -16.086 -16.305
  -6.759 -17.183 -49.500
  -6.757 -15.953 -49.500
  -6.754 -16.324 -16.631
  -6.751 -49.500     NaN
  -6.749 -16.103 -16.458
  -6.746 -16.389 -16.389
  -6.744 -15.766 -16.368
  -6.741 -16.516 -49.500
  -6.739 -15.736 -15.933
  -6.736 -16.167 -16.684
  -6.734 -15.509 -49.500
  -6.731 -49.500     NaN
  -6.729 -17.004 -49.500
  -6.726 -16.709 -49.500
  -6.724 -15.635 -49.500
  -6.721 -49.500     NaN
  -6.719 -16.298 -16.639
  -6.717 -16.907 -49.500
  -6.714 -16.814 -49.500
  -6.712 -16.581 -49.500
  -6.709 -16.833 -49.500
  -6.707 -49.500     NaN
  -6.705 -15.866 -15.866
  -6.702 -49.500     NaN
  -6.700 -16.591 -17.316
  -6.698 -16.325 -16.522
  -6.696 -16.122 -16.122
  -6.693 -16.027 -16.530
  -6.691 -16.657 -49.500
  -6.689 -16.135 -16.589
  -6.687 -16.501 -49.500
  -6.684 -49.500     NaN
  -6.682 -15.482 -16.221
  -6.680 -16.093 -16.473
  -6.678 -16.315 -16.315
  -6.675 -15.137 -15.928
  -6.673 -16.511 -16.511
  -6.671 -16.583 -16.817
  -6.669 -16.596 -49.500
  -6.667 -49.500     NaN
  -6.665 -16.139 -49.500
  -6.663 -49.500     NaN
  -6.661 -16.076 -16.076
  -6.658 -15.921 -49.500
  -6.656 -16.795 -49.500
  -6.654 -16.400 -49.500
  -6.652 -49.500 -49.500
  -6.650 -49.500     NaN
  -6.648 -49.500     NaN
  -6.646 -15.989 -49.500
  -6.644 -49.500     NaN
  -6.642 -49.500     NaN
  -6.640 -49.500     NaN
  -6.638 -49.500     NaN
  -6.636 -16.371 -49.500
  -6.634 -16.706 -49.500
  -6.632 -14.814 -49.500
  -6.630 -16.440 -16.625
  -6.628 -49.500 -49.500
  -6.626 -15.660 -16.748
  -6.624 -16.515 -49.500
  -6.622 -16.398 -49.500
  -6.620 -49.500 -49.500
  -6.618 -16.238 -49.500
  -6.617 -49.500     NaN
  -6.615 -49.500     NaN
  -6.613 -16.732 -49.500
  -6.611 -16.259 -49.500
  -6.609 -49.500     NaN
  -6.607 -16.578 -49.500
  -6.605 -49.500     NaN
  -6.603 -49.500     NaN
  -6.602 -49.500     NaN
  -6.600 -14.790 -16.245
  -6.598 -16.163 -49.500
  -6.596 -49.500 -49.500
  -6.594 -15.535 -49.500
