  -8.861 -13.836 -13.836
  -8.599 -13.972 -13.972
  -8.442 -14.057 -14.057
  -8.329 -14.082 -14.082
  -8.239 -14.189 -14.189
  -8.166 -14.236 -14.236
  -8.103 -14.219 -14.219
  -8.048 -14.204 -14.204
  -7.999 -14.357 -14.357
  -7.955 -14.462 -14.462
  -7.916 -14.423 -14.423
  -7.879 -14.581 -14.581
  -7.846 -14.511 -14.511
  -7.815 -14.550 -14.550
  -7.786 -14.603 -14.603
  -7.758 -14.499 -14.499
  -7.733 -14.608 -14.608
  -7.709 -14.586 -14.586
  -7.686 -14.547 -14.547
  -7.664 -14.695 -14.695
  -7.643 -14.860 -14.860
  -7.624 -14.833 -14.833
  -7.605 -14.520 -14.520
  -7.586 -14.523 -14.861
  -7.569 -14.522 -14.725
  -7.552 -14.890 -14.890
  -7.536 -14.973 -14.973
  -7.521 -14.828 -14.828
  -7.506 -14.639 -14.953
  -7.491 -15.014 -15.014
  -7.477 -14.943 -14.943
  -7.464 -14.931 -14.931
  -7.451 -15.245 -15.245
  -7.438 -14.807 -14.807
  -7.425 -14.853 -14.853
  -7.413 -14.492 -14.666
  -7.401 -15.104 -15.257
  -7.390 -15.152 -15.152
  -7.379 -15.062 -15.062
  -7.368 -14.998 -15.214
  -7.357 -15.145 -15.145
  -7.347 -15.040 -15.040
  -7.337 -14.972 -14.972
  -7.327 -14.762 -14.762
  -7.317 -15.143 -15.504
  -7.308 -14.562 -15.399
  -7.299 -15.466 -15.466
  -7.290 -15.020 -15.020
  -7.281 -14.537 -15.194
  -7.272 -15.448 -15.448
  -7.264 -15.096 -15.271
  -7.255 -14.903 -15.385
  -7.247 -15.175 -15.447
  -7.239 -15.004 -15.243
  -7.231 -15.758 -15.758
  -7.223 -15.095 -15.629
  -7.216 -15.157 -15.157
  -7.208 -15.389 -15.389
  -7.201 -15.206 -15.206
  -7.194 -15.317 -15.695
  -7.187 -15.333 -15.688
  -7.180 -14.823 -15.743
  -7.173 -15.329 -15.483
  -7.166 -14.370 -15.655
  -7.159 -15.706 -15.706
  -7.153 -15.498 -15.767
  -7.146 -14.725 -15.392
  -7.140 -15.388 -16.007
  -7.133 -15.294 -15.294
  -7.127 -15.726 -15.726
  -7.121 -14.746 -15.374
  -7.115 -15.031 -15.482
  -7.109 -15.466 -15.896
  -7.103 -14.744 -15.269
  -7.098 -15.371 -15.371
  -7.092 -15.324 -15.840
  -7.086 -15.605 -15.605
  -7.081 -15.888 -15.888
  -7.075 -15.208 -15.511
  -7.070 -15.530 -15.868
  -7.064 -15.659 -15.833
  -7.059 -15.414 -15.909
  -7.054 -15.399 -15.552
  -7.049 -15.630 -15.630
  -7.043 -15.917 -15.917
  -7.038 -14.671 -15.373
  -7.033 -14.946 -15.366
  -7.029 -15.417 -15.674
  -7.024 -15.916 -15.916
  -7.019 -15.955 -15.955
  -7.014 -15.368 -15.576
  -7.009 -15.525 -15.682
  -7.005 -15.316 -15.973
  -7.000 -16.167 -16.167
  -6.995 -14.957 -15.562
  -6.991 -15.234 -15.422
  -6.986 -15.487 -15.828
  -6.982 -16.092 -16.092
  -6.978 -15.811 -16.165
  -6.973 -16.006 -16.006
  -6.969 -14.380 -15.996
  -6.965 -15.908 -16.103
  -6.961 -16.336 -16.675
  -6.956 -15.319 -16.234
  -6.952 -15.594 -16.016
  -6.948 -15.330 -15.804
  -6.944 -15.805 -15.805
  -6.940 -16.303 -16.748
  -6.936 -15.155 -15.590
  -6.932 -15.076 -15.938
  -6.928 -16.043 -16.043
  -6.924 -16.198 -16.198
  -6.920 -16.244 -16.244
  -6.917 -15.913 -15.913
  -6.913 -16.731 -16.731
  -6.909 -15.960 -16.213
  -6.905 -16.083 -16.311
  -6.902 -15.759 -16.066
  -6.898 -15.814 -15.814
  -6.894 -15.878 -16.032
  -6.891 -16.255 -16.255
  -6.887 -15.847 -16.115
  -6.884 -15.784 -16.174
  -6.880 -16.312 -16.500
  -6.877 -16.180 -16.448
  -6.873 -15.980 -16.318
  -6.870 -15.614 -16.115
  -6.867 -16.116 -16.730
  -6.863 -16.449 -16.449
  -6.860 -15.287 -16.388
  -6.857 -15.745 -16.817
  -6.853 -16.101 -16.365
  -6.850 -14.260 -15.555
  -6.847 -15.988 -16.605
  -6.844 -16.573 -16.829
  -6.840 -16.057 -16.423
  -6.837 -15.836 -16.066
  -6.834 -16.721 -16.908
  -6.831 -16.065 -16.065
  -6.828 -15.647 -16.050
  -6.825 -14.640 -15.684
  -6.822 -16.780 -17.256
  -6.819 -16.071 -16.240
  -6.816 -16.075 -16.373
  -6.813 -16.387 -16.387
  -6.810 -16.353 -16.540
  -6.807 -16.593 -16.909
  -6.804 -14.741 -16.227
  -6.801 -16.181 -16.181
  -6.798 -16.428 -16.849
  -6.795 -17.438 -49.500
  -6.792 -15.637 -16.952
  -6.789 -16.525 -16.525
  -6.787 -16.331 -16.696
  -6.784 -16.466 -49.500
  -6.781 -16.395 -17.197
  -6.778 -15.921 -16.086
  -6.775 -16.086 -16.975
  -6.773 -16.536 -16.738
  -6.770 -16.297 -16.767
  -6.767 -49.500     NaN
  -6.765 -15.004 -16.403
  -6.762 -16.090 -16.543
  -6.759 -15.831 -16.048
  -6.757 -16.392 -49.500
  -6.754 -15.843 -16.903
  -6.751 -16.633 -17.105
  -6.749 -16.214 -16.524
  -6.746 -16.288 -16.472
  -6.744 -16.445 -16.959
  -6.741 -16.002 -16.002
  -6.739 -16.894 -49.500
  -6.736 -16.207 -16.839
  -6.734 -15.661 -16.231
  -6.731 -16.492 -49.500
  -6.729 -49.500     NaN
  -6.726 -49.500 -49.500
  -6.724 -16.428 -49.500
  -6.721 -15.833 -49.500
  -6.719 -49.500     NaN
  -6.717 -16.473 -16.818
  -6.714 -16.454 -16.645
  -6.712 -16.143 -16.402
  -6.709 -49.500     NaN
  -6.707 -16.749 -49.500
  -6.705 -16.008 -49.500
  -6.702 -16.105 -16.265
  -6.700 -49.500     NaN
  -6.698 -49.500     NaN
  -6.696 -15.568 -49.500
  -6.693 -15.887 -49.500
  -6.691 -15.888 -15.888
  -6.689 -16.203 -16.398
  -6.687 -16.300 -16.889
  -6.684 -49.500     NaN
  -6.682 -15.684 -16.255
  -6.680 -49.500     NaN
  -6.678 -49.500     NaN
  -6.675 -16.491 -16.491
  -6.673 -16.831 -49.500
  -6.671 -16.134 -16.518
  -6.669 -16.518 -16.709
  -6.667 -16.458 -16.743
  -6.665 -15.961 -16.533
  -6.663 -49.500     NaN
  -6.661 -14.739 -49.500
  -6.658 -15.919 -16.729
  -6.656 -15.281 -16.096
  -6.654 -49.500 -49.500
  -6.652 -16.535 -49.500
  -6.650 -49.500 -49.500
  -6.648 -16.433 -16.880
  -6.646 -16.625 -16.625
  -6.644 -49.500 -49.500
  -6.642 -16.792 -49.500
  -6.640 -49.500 -49.500
  -6.638 -49.500 -49.500
  -6.636 -49.500 -49.500
  -6.634 -15.948 -16.448
  -6.632 -16.804 -17.037
  -6.630 -16.358 -16.514
  -6.628 -49.500     NaN
  -6.626 -49.500     NaN
  -6.624 -16.218 -49.500
  -6.622 -49.500 -49.500
  -6.620 -49.500     NaN
  -6.618 -16.186 -16.468
  -6.617 -49.500     NaN
  -6.615 -16.399 -16.688
  -6.613 -49.500     NaN
  -6.611 -49.500     NaN
  -6.609 -49.500 -49.500
  -6.607 -16.613 -49.500
  -6.605 -16.707 -49.500
  -6.603 -49.500 -49.500
  -6.602 -49.500 -49.500
  -6.600 -15.319 -49.500
  -6.598 -49.500 -49.500
  -6.596 -49.500 -49.500
  -6.594 -16.328 -49.500
