  -8.861 -13.839 -13.839
  -8.599 -13.921 -13.921
  -8.442 -14.007 -14.007
  -8.329 -13.989 -13.989
  -8.239 -14.168 -14.168
  -8.166 -14.286 -14.286
  -8.103 -14.069 -14.069
  -8.048 -14.244 -14.244
  -7.999 -14.273 -14.273
  -7.955 -14.069 -14.431
  -7.916 -14.479 -14.479
  -7.879 -14.522 -14.522
  -7.846 -14.587 -14.587
  -7.815 -14.401 -14.401
  -7.786 -14.648 -14.648
  -7.758 -14.555 -14.555
  -7.733 -14.585 -14.585
  -7.709 -14.551 -14.710
  -7.686 -14.705 -14.705
  -7.664 -14.592 -14.592
  -7.643 -14.680 -14.680
  -7.624 -14.876 -14.876
  -7.605 -14.930 -14.930
  -7.586 -14.770 -14.770
  -7.569 -14.813 -14.813
  -7.552 -14.505 -14.705
  -7.536 -14.480 -14.805
  -7.521 -14.896 -14.896
  -7.506 -14.098 -15.010
  -7.491 -14.617 -14.617
  -7.477 -15.060 -15.060
  -7.464 -14.273 -14.676
  -7.451 -14.919 -14.919
  -7.438 -14.412 -14.811
  -7.425 -14.736 -15.134
  -7.413 -14.862 -15.122
  -7.401 -15.110 -15.383
  -7.390 -15.137 -15.137
  -7.379 -14.896 -14.896
  -7.368 -15.056 -15.431
  -7.357 -14.679 -15.046
  -7.347 -15.293 -15.293
  -7.337 -15.152 -15.152
  -7.327 -15.293 -15.496
  -7.317 -14.557 -14.788
  -7.308 -15.416 -15.416
  -7.299 -15.202 -15.202
  -7.290 -14.949 -14.949
  -7.281 -15.225 -15.225
  -7.272 -15.375 -15.375
  -7.264 -15.532 -15.532
  -7.255 -15.433 -15.433
  -7.247 -15.285 -15.285
  -7.239 -14.682 -15.284
  -7.231 -15.204 -15.204
  -7.223 -15.242 -15.242
  -7.216 -15.296 -15.296
  -7.208 -15.698 -15.698
  -7.201 -15.139 -15.290
  -7.194 -15.739 -15.739
  -7.187 -15.167 -15.167
  -7.180 -15.204 -15.444
  -7.173 -15.507 -15.507
  -7.166 -15.378 -15.535
  -7.159 -15.349 -15.534
  -7.153 -15.412 -15.412
  -7.146 -15.141 -15.309
  -7.140 -15.587 -15.587
  -7.133 -15.497 -15.650
  -7.127 -15.556 -15.556
  -7.121 -14.654 -15.477
  -7.115 -15.902 -15.902
  -7.109 -14.972 -15.491
  -7.103 -15.782 -15.782
  -7.098 -15.728 -15.728
  -7.092 -15.563 -15.563
  -7.086 -15.023 -15.242
  -7.081 -14.933 -15.389
  -7.075 -15.722 -15.722
  -7.070 -15.420 -15.420
  -7.064 -15.301 -15.301
  -7.059 -14.908 -15.081
  -7.054 -15.546 -15.546
  -7.049 -15.516 -15.516
  -7.043 -15.282 -15.680
  -7.038 -15.698 -15.888
  -7.033 -15.583 -15.583
  -7.029 -15.864 -15.864
  -7.024 -15.711 -15.711
  -7.019 -15.220 -15.541
  -7.014 -14.050 -15.949
  -7.009 -16.008 -16.008
  -7.005 -15.673 -15.673
  -7.000 -15.548 -15.829
  -6.995 -15.560 -15.560
  -6.991 -15.947 -15.947
  -6.986 -16.046 -16.046
  -6.982 -15.231 -15.541
  -6.978 -16.222 -16.222
  -6.973 -15.618 -15.999
  -6.969 -15.692 -15.848
  -6.965 -16.003 -16.003
  -6.961 -16.290 -16.599
  -6.956 -15.900 -16.098
  -6.952 -15.459 -15.704
  -6.948 -15.430 -15.967
  -6.944 -15.646 -15.646
  -6.940 -15.169 -15.469
  -6.936 -15.984 -16.195
  -6.932 -15.456 -15.854
  -6.928 -16.190 -16.190
  -6.924 -16.097 -16.536
  -6.920 -15.599 -16.330
  -6.917 -15.399 -15.649
  -6.913 -15.432 -15.861
  -6.909 -15.826 -15.826
  -6.905 -15.957 -15.957
  -6.902 -15.953 -16.258
  -6.898 -16.400 -16.400
  -6.894 -15.921 -16.151
  -6.891 -16.523 -16.523
  -6.887 -16.018 -16.215
  -6.884 -15.915 -16.218
  -6.880 -14.969 -15.643
  -6.877 -16.202 -16.821
  -6.873 -15.771 -16.256
  -6.870 -15.608 -16.361
  -6.867 -15.491 -15.970
  -6.863 -15.861 -49.500
  -6.860 -15.090 -15.787
  -6.857 -14.809 -16.515
  -6.853 -16.119 -16.275
  -6.850 -16.120 -16.412
  -6.847 -15.671 -16.079
  -6.844 -15.719 -16.365
  -6.840 -15.298 -16.276
  -6.837 -16.326 -16.611
  -6.834 -16.549 -49.500
  -6.831 -16.625 -17.004
  -6.828 -16.155 -16.713
  -6.825 -16.633 -49.500
  -6.822 -15.890 -16.746
  -6.819 -16.406 -16.560
  -6.816 -16.595 -16.758
  -6.813 -16.289 -16.594
  -6.810 -16.140 -16.140
  -6.807 -16.653 -16.995
  -6.804 -14.695 -16.823
  -6.801 -16.676 -17.013
  -6.798 -15.028 -16.455
  -6.795 -16.880 -49.500
  -6.792 -16.363 -16.563
  -6.789 -15.013 -16.245
  -6.787 -15.268 -15.848
  -6.784 -15.381 -15.911
  -6.781 -16.288 -16.449
  -6.778 -15.777 -16.572
  -6.775 -16.118 -16.292
  -6.773 -16.223 -17.221
  -6.770 -16.290 -16.504
  -6.767 -16.447 -16.902
  -6.765 -16.294 -16.559
  -6.762 -16.546 -49.500
  -6.759 -49.500     NaN
  -6.757 -16.263 -16.704
  -6.754 -15.641 -17.013
  -6.751 -16.606 -16.851
  -6.749 -16.116 -16.456
  -6.746 -16.415 -16.569
  -6.744 -16.203 -49.500
  -6.741 -16.489 -49.500
  -6.739 -16.201 -49.500
  -6.736 -14.565 -16.274
  -6.734 -16.784 -49.500
  -6.731 -49.500 -49.500
  -6.729 -15.765 -15.765
  -6.726 -15.101 -16.158
  -6.724 -49.500     NaN
  -6.721 -16.174 -49.500
  -6.719 -16.418 -16.795
  -6.717 -15.576 -16.048
  -6.714 -16.378 -49.500
  -6.712 -49.500 -49.500
  -6.709 -16.003 -16.180
  -6.707 -16.772 -17.124
  -6.705 -15.944 -49.500
  -6.702 -17.004 -49.500
  -6.700 -49.500     NaN
  -6.698 -16.317 -16.709
  -6.696 -16.686 -16.930
  -6.693 -16.662 -49.500
  -6.691 -16.938 -49.500
  -6.689 -49.500     NaN
  -6.687 -15.814 -16.216
  -6.684 -16.573 -49.500
  -6.682 -16.634 -49.500
  -6.680 -16.613 -49.500
  -6.678 -15.512 -49.500
  -6.675 -16.298 -16.859
  -6.673 -49.500     NaN
  -6.671 -16.754 -49.500
  -6.669 -15.907 -49.500
  -6.667 -49.500     NaN
  -6.665 -49.500 -49.500
  -6.663 -16.709 -16.950
  -6.661 -49.500 -49.500
  -6.658 -15.984 -16.381
  -6.656 -49.500     NaN
  -6.654 -16.770 -49.500
  -6.652 -16.853 -49.500
  -6.650 -15.189 -16.473
  -6.648 -49.500     NaN
  -6.646 -16.639 -16.816
  -6.644 -16.098 -16.098
  -6.642 -16.325 -49.500
  -6.640 -49.500     NaN
  -6.638 -49.500     NaN
  -6.636 -49.500 -49.500
  -6.634 -49.500     NaN
  -6.632 -15.425 -49.500
  -6.630 -49.500 -49.500
  -6.628 -16.707 -49.500
  -6.626 -16.157 -16.936
  -6.624 -49.500 -49.500
  -6.622 -49.500     NaN
  -6.620 -15.404 -49.500
  -6.618 -49.500 -49.500
  -6.617 -49.500     NaN
  -6.615 -49.500 -49.500
  -6.613 -49.500     NaN
  -6.611 -15.477 -49.500
  -6.609 -49.500 -49.500
  -6.607 -49.500 -49.500
  -6.605 -16.156 -16.382
  -6.603 -16.363 -49.500
  -6.602 -15.696 -49.500
  -6.600 -16.302 -49.500
  -6.598 -15.799 -15.799
  -6.596 -49.500     NaN
  -6.594 -49.500 -49.500
