  -8.861 -13.847 -13.847
  -8.599 -13.972 -13.972
  -8.442 -14.060 -14.060
  -8.329 -14.039 -14.039
  -8.239 -14.166 -14.166
  -8.166 -14.213 -14.213
  -8.103 -14.242 -14.242
  -8.048 -14.270 -14.270
  -7.999 -14.293 -14.293
  -7.955 -14.388 -14.388
  -7.916 -14.499 -14.499
  -7.879 -14.486 -14.486
  -7.846 -14.440 -14.440
  -7.815 -14.443 -14.443
  -7.786 -14.465 -14.465
  -7.758 -14.530 -14.530
  -7.733 -14.448 -14.448
  -7.709 -14.647 -14.647
  -7.686 -14.384 -14.557
  -7.664 -14.630 -14.793
  -7.643 -14.761 -14.761
  -7.624 -14.636 -14.636
  -7.605 -14.687 -14.687
  -7.586 -14.665 -14.665
  -7.569 -14.632 -14.809
  -7.552 -14.729 -14.729
  -7.536 -14.848 -14.848
  -7.521 -14.983 -14.983
  -7.506 -14.358 -14.716
  -7.491 -14.528 -14.952
  -7.477 -14.951 -14.951
  -7.464 -14.842 -14.842
  -7.451 -14.802 -15.114
  -7.438 -15.138 -15.138
  -7.425 -14.311 -14.605
  -7.413 -15.225 -15.225
  -7.401 -14.936 -14.936
  -7.390 -14.962 -15.130
  -7.379 -14.954 -14.954
  -7.368 -14.660 -14.660
  -7.357 -14.700 -15.413
  -7.347 -14.972 -14.972
  -7.337 -15.112 -15.362
  -7.327 -14.669 -14.874
  -7.317 -14.872 -15.431
  -7.308 -15.016 -15.188
  -7.299 -15.464 -15.464
  -7.290 -14.984 -15.167
  -7.281 -15.417 -15.417
  -7.272 -15.339 -15.339
  -7.264 -14.740 -14.899
  -7.255 -15.224 -15.397
  -7.247 -15.507 -15.507
  -7.239 -15.312 -15.531
  -7.231 -14.813 -15.329
  -7.223 -15.137 -15.137
  -7.216 -15.219 -15.219
  -7.208 -15.480 -15.480
  -7.201 -15.599 -15.599
  -7.194 -15.624 -15.624
  -7.187 -15.615 -15.615
  -7.180 -15.529 -15.529
  -7.173 -15.207 -15.562
  -7.166 -15.155 -15.363
  -7.159 -15.478 -15.742
  -7.153 -14.819 -15.311
  -7.146 -15.520 -15.520
  -7.140 -15.035 -15.610
  -7.133 -15.892 -15.892
  -7.127 -15.569 -15.777
  -7.121 -14.918 -14.918
  -7.115 -15.513 -15.719
  -7.109 -15.814 -15.972
  -7.103 -15.411 -15.643
  -7.098 -15.445 -15.445
  -7.092 -15.853 -15.853
  -7.086 -15.452 -15.452
  -7.081 -15.285 -15.285
  -7.075 -15.006 -15.006
  -7.070 -14.730 -15.719
  -7.064 -15.263 -15.886
  -7.059 -15.682 -15.682
  -7.054 -15.229 -15.645
  -7.049 -15.533 -15.807
  -7.043 -15.769 -16.109
  -7.038 -15.393 -15.905
  -7.033 -16.021 -16.021
  -7.029 -15.656 -15.656
  -7.024 -16.018 -16.018
  -7.019 -15.867 -15.867
  -7.014 -16.194 -16.746
  -7.009 -15.885 -15.885
  -7.005 -15.279 -16.229
  -7.000 -15.815 -16.041
  -6.995 -15.405 -15.569
  -6.991 -15.088 -15.675
  -6.986 -14.393 -15.927
  -6.982 -15.935 -15.935
  -6.978 -15.685 -15.685
  -6.973 -15.632 -16.044
  -6.969 -15.914 -15.914
  -6.965 -15.551 -15.551
  -6.961 -15.691 -15.876
  -6.956 -15.324 -15.576
  -6.952 -15.895 -15.895
  -6.948 -15.775 -15.775
  -6.944 -15.762 -15.986
  -6.940 -15.627 -15.807
  -6.936 -15.282 -16.106
  -6.932 -16.294 -16.294
  -6.928 -14.866 -15.960
  -6.924 -16.023 -16.023
  -6.920 -16.242 -16.242
  -6.917 -15.790 -15.980
  -6.913 -15.581 -16.257
  -6.909 -15.660 -16.159
  -6.905 -15.446 -15.749
  -6.902 -15.792 -16.166
  -6.898 -15.990 -16.354
  -6.894 -15.746 -16.322
  -6.891 -16.345 -16.541
  -6.887 -16.165 -16.466
  -6.884 -15.696 -16.129
  -6.880 -16.255 -16.419
  -6.877 -16.478 -16.663
  -6.873 -15.899 -16.091
  -6.870 -16.281 -16.281
  -6.867 -15.490 -16.039
  -6.863 -15.622 -16.128
  -6.860 -16.480 -16.675
  -6.857 -15.933 -16.142
  -6.853 -15.525 -16.125
  -6.850 -15.077 -17.374
  -6.847 -15.333 -16.606
  -6.844 -16.767 -16.767
  -6.840 -15.947 -16.126
  -6.837 -15.783 -16.026
  -6.834 -16.012 -16.437
  -6.831 -15.352 -15.752
  -6.828 -15.720 -16.394
  -6.825 -16.231 -16.745
  -6.822 -15.922 -16.678
  -6.819 -16.642 -16.899
  -6.816 -15.476 -16.243
  -6.813 -16.161 -16.360
  -6.810 -16.269 -16.455
  -6.807 -16.646 -17.259
  -6.804 -16.102 -16.659
  -6.801 -15.565 -16.407
  -6.798 -16.423 -16.620
  -6.795 -16.162 -16.737
  -6.792 -15.809 -16.133
  -6.789 -15.772 -16.586
  -6.787 -16.228 -16.429
  -6.784 -16.345 -16.504
  -6.781 -16.153 -16.306
  -6.778 -49.500     NaN
  -6.775 -16.362 -16.533
  -6.773 -16.207 -16.683
  -6.770 -16.151 -16.623
  -6.767 -15.375 -16.276
  -6.765 -49.500     NaN
  -6.762 -15.912 -16.473
  -6.759 -16.076 -16.479
  -6.757 -49.500     NaN
  -6.754 -16.374 -49.500
  -6.751 -16.276 -49.500
  -6.749 -16.144 -16.521
  -6.746 -17.248 -49.500
  -6.744 -49.500     NaN
  -6.741 -15.228 -16.066
  -6.739 -15.166 -17.173
  -6.736 -16.153 -16.396
  -6.734 -15.363 -15.815
  -6.731 -16.440 -16.660
  -6.729 -16.438 -49.500
  -6.726 -49.500     NaN
  -6.724 -49.500     NaN
  -6.721 -16.339 -16.886
  -6.719 -15.827 -16.418
  -6.717 -16.197 -16.459
  -6.714 -16.156 -16.156
  -6.712 -16.245 -16.601
  -6.709 -15.812 -49.500
  -6.707 -16.071 -16.779
  -6.705 -16.263 -17.187
  -6.702 -49.500 -49.500
  -6.700 -15.808 -16.709
  -6.698 -49.500 -49.500
  -6.696 -16.435 -16.757
  -6.693 -49.500     NaN
  -6.691 -16.470 -49.500
  -6.689 -16.947 -49.500
  -6.687 -16.453 -49.500
  -6.684 -16.690 -16.856
  -6.682 -16.161 -16.161
  -6.680 -16.426 -16.426
  -6.678 -14.685 -16.899
  -6.675 -49.500     NaN
  -6.673 -15.195 -49.500
  -6.671 -16.115 -16.783
  -6.669 -17.052 -49.500
  -6.667 -16.259 -49.500
  -6.665 -16.088 -16.567
  -6.663 -49.500     NaN
  -6.661 -49.500 -49.500
  -6.658 -16.297 -16.766
  -6.656 -49.500     NaN
  -6.654 -16.463 -49.500
  -6.652 -49.500 -49.500
  -6.650 -49.500     NaN
  -6.648 -49.500 -49.500
  -6.646 -16.187 -16.371
  -6.644 -49.500     NaN
  -6.642 -49.500     NaN
  -6.640 -16.971 -49.500
  -6.638 -16.362 -49.500
  -6.636 -16.067 -49.500
  -6.634 -49.500 -49.500
  -6.632 -49.500 -49.500
  -6.630 -16.434 -16.434
  -6.628 -16.891 -49.500
  -6.626 -16.632 -16.860
  -6.624 -15.699 -16.922
  -6.622 -49.500 -49.500
  -6.620 -49.500 -49.500
  -6.618 -16.975 -16.975
  -6.617 -49.500     NaN
  -6.615 -16.469 -49.500
  -6.613 -16.111 -49.500
  -6.611 -16.142 -16.742
  -6.609 -15.925 -49.500
  -6.607 -16.462 -49.500
  -6.605 -49.500 -49.500
  -6.603 -49.500 -49.500
  -6.602 -49.500 -49.500
  -6.600 -16.548 -49.500
  -6.598 -15.976 -16.409
  -6.596 -16.259 -16.833
  -6.594 -49.500     NaN
