  -8.861 -13.853 -13.853
  -8.599 -13.974 -13.974
  -8.442 -14.039 -14.039
  -8.329 -14.112 -14.112
  -8.239 -14.185 -14.185
  -8.166 -14.139 -14.139
  -8.103 -14.033 -14.208
  -8.048 -14.284 -14.284
  -7.999 -14.310 -14.310
  -7.955 -14.391 -14.391
  -7.916 -14.291 -14.291
  -7.879 -14.365 -14.562
  -7.846 -14.606 -14.606
  -7.815 -14.467 -14.467
  -7.786 -13.925 -14.486
  -7.758 -14.625 -14.625
  -7.733 -14.243 -14.630
  -7.709 -14.670 -14.670
  -7.686 -14.659 -14.659
  -7.664 -14.870 -14.870
  -7.643 -14.792 -14.792
  -7.624 -14.426 -14.426
  -7.605 -14.618 -14.842
  -7.586 -14.906 -14.906
  -7.569 -14.800 -14.800
  -7.552 -14.918 -14.918
  -7.536 -14.779 -14.779
  -7.521 -14.685 -14.685
  -7.506 -14.936 -14.936
  -7.491 -14.949 -14.949
  -7.477 -13.959 -14.812
  -7.464 -14.583 -14.922
  -7.451 -15.081 -15.081
  -7.438 -15.103 -15.103
  -7.425 -14.974 -14.974
  -7.413 -14.880 -14.880
  -7.401 -15.100 -15.100
  -7.390 -15.131 -15.131
  -7.379 -14.971 -14.971
  -7.368 -15.356 -15.356
  -7.357 -15.323 -15.323
  -7.347 -15.035 -15.035
  -7.337 -14.552 -14.718
  -7.327 -15.299 -15.299
  -7.317 -14.912 -15.169
  -7.308 -14.640 -14.909
  -7.299 -15.118 -15.118
  -7.290 -14.899 -15.152
  -7.281 -15.370 -15.529
  -7.272 -14.982 -15.218
  -7.264 -15.364 -15.521
  -7.255 -15.172 -15.479
  -7.247 -15.161 -15.315
  -7.239 -14.908 -15.396
  -7.231 -15.447 -15.447
  -7.223 -15.216 -15.582
  -7.216 -14.813 -15.323
  -7.208 -14.941 -15.154
  -7.201 -15.281 -15.281
  -7.194 -15.815 -15.815
  -7.187 -15.334 -15.334
  -7.180 -14.876 -15.050
  -7.173 -15.498 -15.498
  -7.166 -15.716 -15.716
  -7.159 -15.032 -15.214
  -7.153 -15.581 -15.867
  -7.146 -14.891 -15.064
  -7.140 -14.674 -15.355
  -7.133 -15.389 -15.576
  -7.127 -15.270 -15.270
  -7.121 -14.883 -15.312
  -7.115 -15.700 -15.700
  -7.109 -14.941 -15.640
  -7.103 -15.397 -15.589
  -7.098 -15.319 -15.670
  -7.092 -14.520 -15.292
  -7.086 -15.250 -15.250
  -7.081 -15.765 -15.765
  -7.075 -15.425 -15.425
  -7.070 -15.645 -15.921
  -7.064 -16.191 -16.191
  -7.059 -15.083 -15.270
  -7.054 -15.170 -15.484
  -7.049 -14.922 -15.765
  -7.043 -15.715 -15.715
  -7.038 -15.027 -15.903
  -7.033 -15.982 -15.982
  -7.029 -15.896 -15.896
  -7.024 -15.407 -15.568
  -7.019 -15.599 -15.599
  -7.014 -15.696 -16.039
  -7.009 -15.419 -15.653
  -7.005 -15.637 -16.043
  -7.000 -14.498 -16.034
  -6.995 -15.500 -15.792
  -6.991 -15.683 -16.307
  -6.986 -16.312 -16.312
  -6.982 -15.982 -15.982
  -6.978 -16.210 -16.210
  -6.973 -16.153 -16.565
  -6.969 -15.655 -16.055
  -6.965 -15.942 -16.436
  -6.961 -15.324 -15.792
  -6.956 -15.988 -15.988
  -6.952 -15.256 -15.725
  -6.948 -15.552 -16.117
  -6.944 -15.647 -16.136
  -6.940 -15.660 -15.813
  -6.936 -15.794 -15.794
  -6.932 -15.544 -16.555
  -6.928 -15.968 -16.503
  -6.924 -15.489 -15.642
  -6.920 -15.956 -15.956
  -6.917 -15.419 -15.603
  -6.913 -15.202 -15.582
  -6.909 -13.677 -15.605
  -6.905 -16.015 -16.281
  -6.902 -15.855 -16.006
  -6.898 -16.234 -16.516
  -6.894 -16.001 -16.157
  -6.891 -15.490 -16.059
  -6.887 -15.966 -16.392
  -6.884 -15.833 -16.369
  -6.880 -15.998 -16.405
  -6.877 -16.101 -49.500
  -6.873 -16.508 -16.508
  -6.870 -16.459 -16.613
  -6.867 -15.912 -16.697
  -6.863 -15.943 -15.943
  -6.860 -16.358 -16.532
  -6.857 -15.856 -16.241
  -6.853 -16.439 -16.826
  -6.850 -16.069 -16.268
  -6.847 -15.549 -16.483
  -6.844 -16.438 -16.693
  -6.840 -15.563 -15.920
  -6.837 -16.270 -16.588
  -6.834 -15.992 -16.196
  -6.831 -16.331 -16.331
  -6.828 -16.493 -16.493
  -6.825 -15.893 -15.893
  -6.822 -49.500     NaN
  -6.819 -15.860 -16.393
  -6.816 -16.492 -16.706
  -6.813 -16.363 -16.600
  -6.810 -16.609 -16.909
  -6.807 -15.560 -16.474
  -6.804 -16.125 -16.317
  -6.801 -15.864 -16.659
  -6.798 -16.712 -16.712
  -6.795 -16.576 -16.861
  -6.792 -49.500     NaN
  -6.789 -16.775 -17.072
  -6.787 -15.311 -16.161
  -6.784 -16.257 -16.749
  -6.781 -16.396 -16.396
  -6.778 -49.500     NaN
  -6.775 -16.522 -16.998
  -6.773 -15.844 -16.424
  -6.770 -16.135 -16.440
  -6.767 -15.978 -49.500
  -6.765 -15.896 -16.224
  -6.762 -15.929 -16.915
  -6.759 -15.193 -16.736
  -6.757 -16.530 -16.783
  -6.754 -49.500     NaN
  -6.751 -14.774 -49.500
  -6.749 -16.861 -17.018
  -6.746 -15.508 -16.373
  -6.744 -15.517 -16.662
  -6.741 -16.170 -16.331
  -6.739 -16.803 -49.500
  -6.736 -16.114 -16.757
  -6.734 -16.352 -16.950
  -6.731 -16.086 -16.789
  -6.729 -49.500     NaN
  -6.726 -49.500     NaN
  -6.724 -16.094 -16.564
  -6.721 -49.500     NaN
  -6.719 -16.464 -16.644
  -6.717 -14.505 -16.008
  -6.714 -15.571 -16.076
  -6.712 -16.727 -49.500
  -6.709 -49.500     NaN
  -6.707 -16.116 -16.926
  -6.705 -16.249 -16.433
  -6.702 -16.732 -49.500
  -6.700 -16.719 -16.719
  -6.698 -15.971 -16.122
  -6.696 -16.366 -16.832
  -6.693 -16.442 -16.708
  -6.691 -16.194 -49.500
  -6.689 -16.127 -16.445
  -6.687 -16.037 -16.037
  -6.684 -49.500     NaN
  -6.682 -17.038 -49.500
  -6.680 -16.064 -16.992
  -6.678 -16.556 -17.139
  -6.675 -49.500 -49.500
  -6.673 -49.500     NaN
  -6.671 -16.177 -16.177
  -6.669 -49.500     NaN
  -6.667 -49.500     NaN
  -6.665 -16.259 -16.963
  -6.663 -49.500     NaN
  -6.661 -49.500 -49.500
  -6.658 -49.500     NaN
  -6.656 -16.536 -16.936
  -6.654 -49.500     NaN
  -6.652 -49.500     NaN
  -6.650 -49.500 -49.500
  -6.648 -17.246 -17.246
  -6.646 -16.783 -49.500
  -6.644 -49.500     NaN
  -6.642 -16.155 -16.155
  -6.640 -49.500 -49.500
  -6.638 -15.420 -49.500
  -6.636 -49.500     NaN
  -6.634 -49.500     NaN
  -6.632 -16.675 -49.500
  -6.630 -49.500     NaN
  -6.628 -16.331 -16.685
  -6.626 -49.500     NaN
  -6.624 -16.836 -16.836
  -6.622 -16.097 -49.500
  -6.620 -49.500     NaN
  -6.618 -49.500     NaN
  -6.617 -16.572 -49.500
  -6.615 -16.303 -16.774
  -6.613 -16.858 -49.500
  -6.611 -16.327 -49.500
  -6.609 -49.500 -49.500
  -6.607 -49.500     NaN
  -6.605 -49.500 -49.500
  -6.603 -49.500     NaN
  -6.602 -16.712 -49.500
  -6.600 -16.416 -16.416
  -6.598 -49.500     NaN
  -6.596 -49.500     NaN
  -6.594 -16.796 -49.500
