  -8.861 -13.842 -13.842
  -8.599 -13.950 -13.950
  -8.442 -13.640 -14.032
  -8.329 -14.126 -14.126
  -8.239 -14.166 -14.166
  -8.166 -14.175 -14.175
  -8.103 -14.230 -14.230
  -8.048 -14.200 -14.200
  -7.999 -14.244 -14.244
  -7.955 -14.432 -14.432
  -7.916 -14.497 -14.497
  -7.879 -14.552 -14.552
  -7.846 -14.484 -14.484
  -7.815 -14.479 -14.479
  -7.786 -14.272 -14.649
  -7.758 -14.598 -14.598
  -7.733 -14.583 -14.583
  -7.709 -14.699 -14.699
  -7.686 -14.602 -14.602
  -7.664 -14.727 -14.727
  -7.643 -14.613 -14.803
  -7.624 -14.773 -14.773
  -7.605 -14.699 -14.699
  -7.586 -14.809 -14.960
  -7.569 -14.593 -14.788
  -7.552 -14.843 -14.843
  -7.536 -14.722 -14.722
  -7.521 -14.792 -14.792
  -7.506 -14.561 -14.977
  -7.491 -14.491 -14.706
  -7.477 -14.780 -14.780
  -7.464 -14.889 -14.889
  -7.451 -14.574 -14.574
  -7.438 -14.969 -14.969
  -7.425 -15.013 -15.013
  -7.413 -14.845 -14.845
  -7.401 -14.686 -14.991
  -7.390 -14.384 -14.931
  -7.379 -15.151 -15.151
  -7.368 -15.145 -15.145
  -7.357 -14.964 -14.964
  -7.347 -15.067 -15.274
  -7.337 -14.998 -15.311
  -7.327 -14.805 -15.000
  -7.317 -15.318 -15.318
  -7.308 -15.066 -15.066
  -7.299 -14.993 -15.347
  -7.290 -15.051 -15.303
  -7.281 -15.201 -15.387
  -7.272 -14.994 -14.994
  -7.264 -14.327 -15.257
  -7.255 -15.122 -15.610
  -7.247 -15.136 -15.434
  -7.239 -15.310 -15.310
  -7.231 -15.282 -15.552
  -7.223 -15.333 -15.582
  -7.216 -15.672 -15.672
  -7.208 -15.395 -15.395
  -7.201 -15.500 -15.500
  -7.194 -14.833 -15.004
  -7.187 -14.999 -15.582
  -7.180 -15.038 -15.369
  -7.173 -15.029 -15.454
  -7.166 -15.441 -15.441
  -7.159 -15.714 -15.714
  -7.153 -15.113 -15.355
  -7.146 -15.546 -15.759
  -7.140 -15.487 -15.726
  -7.133 -14.501 -14.870
  -7.127 -15.038 -15.360
  -7.121 -15.376 -15.822
  -7.115 -15.110 -15.292
  -7.109 -15.597 -15.812
  -7.103 -15.393 -15.665
  -7.098 -15.732 -15.732
  -7.092 -15.076 -15.535
  -7.086 -14.937 -15.130
  -7.081 -15.582 -16.083
  -7.075 -15.867 -15.867
  -7.070 -15.870 -15.870
  -7.064 -15.431 -15.669
  -7.059 -15.533 -15.533
  -7.054 -14.232 -15.115
  -7.049 -15.596 -15.596
  -7.043 -15.203 -15.784
  -7.038 -15.854 -15.854
  -7.033 -15.860 -15.860
  -7.029 -14.897 -14.897
  -7.024 -15.001 -15.785
  -7.019 -15.647 -15.877
  -7.014 -16.195 -16.359
  -7.009 -15.551 -15.551
  -7.005 -15.381 -15.732
  -7.000 -15.740 -16.021
  -6.995 -15.070 -15.731
  -6.991 -15.287 -15.838
  -6.986 -15.538 -15.821
  -6.982 -16.008 -16.008
  -6.978 -15.672 -15.672
  -6.973 -15.763 -15.763
  -6.969 -15.761 -15.761
  -6.965 -16.222 -16.478
  -6.961 -15.714 -16.092
  -6.956 -15.696 -16.091
  -6.952 -16.089 -16.089
  -6.948 -15.783 -15.783
  -6.944 -14.767 -16.124
  -6.940 -15.788 -15.788
  -6.936 -16.680 -22.676
  -6.932 -15.767 -16.334
  -6.928 -15.740 -15.912
  -6.924 -16.296 -16.507
  -6.920 -16.226 -16.226
  -6.917 -15.686 -15.922
  -6.913 -16.320 -16.529
  -6.909 -15.708 -16.705
  -6.905 -16.055 -16.271
  -6.902 -16.128 -16.128
  -6.898 -16.173 -16.445
  -6.894 -14.896 -15.352
  -6.891 -14.775 -15.540
  -6.887 -16.390 -16.390
  -6.884 -15.827 -16.242
  -6.880 -15.322 -15.750
  -6.877 -15.067 -16.008
  -6.873 -15.944 -16.557
  -6.870 -15.853 -16.233
  -6.867 -16.117 -16.365
  -6.863 -16.647 -16.983
  -6.860 -16.195 -16.195
  -6.857 -16.453 -16.949
  -6.853 -16.251 -16.588
  -6.850 -16.130 -16.130
  -6.847 -15.536 -16.020
  -6.844 -16.618 -17.040
  -6.840 -16.641 -16.837
  -6.837 -16.387 -16.538
  -6.834 -16.286 -16.812
  -6.831 -16.245 -17.307
  -6.828 -15.998 -16.866
  -6.825 -16.132 -16.132
  -6.822 -16.004 -16.337
  -6.819 -17.170 -49.500
  -6.816 -15.672 -16.236
  -6.813 -15.721 -15.916
  -6.810 -16.612 -49.500
  -6.807 -16.119 -16.276
  -6.804 -16.041 -16.041
  -6.801 -15.972 -16.280
  -6.798 -15.658 -15.854
  -6.795 -15.829 -16.419
  -6.792 -16.979 -49.500
  -6.789 -16.059 -16.298
  -6.787 -14.852 -16.197
  -6.784 -16.613 -16.828
  -6.781 -15.543 -16.316
  -6.778 -15.324 -16.521
  -6.775 -49.500     NaN
  -6.773 -16.030 -16.200
  -6.770 -15.928 -16.104
  -6.767 -15.899 -16.333
  -6.765 -16.067 -16.282
  -6.762 -16.725 -49.500
  -6.759 -16.051 -16.434
  -6.757 -16.286 -16.731
  -6.754 -16.141 -16.437
  -6.751 -49.500     NaN
  -6.749 -16.370 -49.500
  -6.746 -15.690 -16.195
  -6.744 -16.708 -49.500
  -6.741 -16.432 -16.739
  -6.739 -16.349 -16.505
  -6.736 -17.000 -49.500
  -6.734 -16.673 -16.826
  -6.731 -17.024 -49.500
  -6.729 -15.719 -16.492
  -6.726 -49.500     NaN
  -6.724 -16.180 -16.977
  -6.721 -16.390 -16.767
  -6.719 -16.392 -16.636
  -6.717 -16.025 -16.370
  -6.714 -16.033 -49.500
  -6.712 -16.082 -49.500
  -6.709 -16.467 -49.500
  -6.707 -15.783 -15.947
  -6.705 -49.500     NaN
  -6.702 -49.500     NaN
  -6.700 -15.572 -16.004
  -6.698 -49.500     NaN
  -6.696 -15.422 -15.637
  -6.693 -16.109 -16.576
  -6.691 -15.266 -15.909
  -6.689 -15.831 -16.508
  -6.687 -16.834 -49.500
  -6.684 -14.704 -49.500
  -6.682 -16.574 -16.853
  -6.680 -16.244 -49.500
  -6.678 -15.278 -49.500
  -6.675 -16.627 -49.500
  -6.673 -17.015 -49.500
  -6.671 -49.500     NaN
  -6.669 -16.605 -49.500
  -6.667 -15.130 -49.500
  -6.665 -16.665 -49.500
  -6.663 -49.500 -49.500
  -6.661 -14.630 -14.908
  -6.658 -16.689 -49.500
  -6.656 -49.500 -49.500
  -6.654 -49.500     NaN
  -6.652 -49.500 -49.500
  -6.650 -16.957 -49.500
  -6.648 -49.500 -49.500
  -6.646 -16.410 -49.500
  -6.644 -49.500     NaN
  -6.642 -16.043 -49.500
  -6.640 -49.500 -49.500
  -6.638 -16.238 -16.461
  -6.636 -49.500     NaN
  -6.634 -16.416 -16.631
  -6.632 -49.500 -49.500
  -6.630 -49.500 -49.500
  -6.628 -49.500     NaN
  -6.626 -15.918 -16.649
  -6.624 -49.500 -49.500
  -6.622 -16.443 -16.722
  -6.620 -16.341 -16.768
  -6.618 -49.500 -49.500
  -6.617 -49.500     NaN
  -6.615 -16.496 -49.500
  -6.613 -49.500     NaN
  -6.611 -16.951 -49.500
  -6.609 -16.169 -16.169
  -6.607 -16.504 -49.500
  -6.605 -49.500 -49.500
  -6.603 -49.500     NaN
  -6.602 -49.500 -49.500
  -6.600 -49.500     NaN
  -6.598 -49.500     NaN
  -6.596 -15.799 -49.500
  -6.594 -14.881 -49.500
