  -8.861 -13.843 -13.843
  -8.599 -13.962 -13.962
  -8.442 -13.990 -13.990
  -8.329 -13.939 -14.124
  -8.239 -14.135 -14.135
  -8.166 -14.199 -14.199
  -8.103 -14.180 -14.180
  -8.048 -14.262 -14.262
  -7.999 -14.400 -14.400
  -7.955 -14.396 -14.396
  -7.916 -14.366 -14.366
  -7.879 -14.221 -14.221
  -7.846 -14.430 -14.430
  -7.815 -14.548 -14.548
  -7.786 -14.549 -14.549
  -7.758 -14.427 -14.616
  -7.733 -14.576 -14.576
  -7.709 -14.624 -14.624
  -7.686 -14.372 -14.372
  -7.664 -14.722 -14.722
  -7.643 -14.645 -14.645
  -7.624 -14.878 -14.878
  -7.605 -14.728 -14.728
  -7.586 -14.720 -14.720
  -7.569 -14.165 -14.473
  -7.552 -14.950 -14.950
  -7.536 -14.388 -14.388
  -7.521 -14.924 -14.924
  -7.506 -15.012 -15.012
  -7.491 -15.174 -15.174
  -7.477 -15.069 -15.069
  -7.464 -14.606 -14.803
  -7.451 -14.699 -14.887
  -7.438 -14.911 -14.911
  -7.425 -14.997 -15.185
  -7.413 -14.928 -14.928
  -7.401 -14.475 -14.958
  -7.390 -14.974 -15.283
  -7.379 -14.755 -14.913
  -7.368 -14.847 -14.847
  -7.357 -14.715 -14.886
  -7.347 -15.291 -15.291
  -7.337 -15.055 -15.055
  -7.327 -15.488 -15.488
  -7.317 -14.763 -15.159
  -7.308 -15.283 -15.283
  -7.299 -15.423 -15.423
  -7.290 -15.167 -15.167
  -7.281 -15.128 -15.457
  -7.272 -15.259 -15.259
  -7.264 -14.978 -14.978
  -7.255 -15.203 -15.203
  -7.247 -15.218 -15.395
  -7.239 -15.340 -15.340
  -7.231 -15.258 -15.446
  -7.223 -15.550 -15.550
  -7.216 -15.388 -15.388
  -7.208 -15.363 -15.363
  -7.201 -15.389 -15.389
  -7.194 -15.686 -15.686
  -7.187 -15.500 -15.500
  -7.180 -15.270 -15.506
  -7.173 -15.526 -15.526
  -7.166 -15.310 -15.580
  -7.159 -15.075 -15.426
  -7.153 -15.620 -15.620
  -7.146 -15.234 -15.234
  -7.140 -15.245 -15.499
  -7.133 -15.498 -15.671
  -7.127 -15.103 -15.708
  -7.121 -15.734 -15.734
  -7.115 -15.360 -15.610
  -7.109 -15.311 -15.510
  -7.103 -14.957 -15.260
  -7.098 -15.253 -15.903
  -7.092 -15.252 -15.658
  -7.086 -15.673 -15.673
  -7.081 -15.497 -15.835
  -7.075 -15.911 -15.911
  -7.070 -15.275 -15.835
  -7.064 -15.974 -15.974
  -7.059 -14.488 -15.646
  -7.054 -14.985 -15.956
  -7.049 -15.650 -15.650
  -7.043 -15.582 -15.752
  -7.038 -15.612 -16.163
  -7.033 -15.402 -15.402
  -7.029 -15.514 -15.675
  -7.024 -14.748 -15.461
  -7.019 -16.147 -16.147
  -7.014 -15.562 -15.562
  -7.009 -15.985 -15.985
  -7.005 -15.884 -15.884
  -7.000 -15.619 -15.619
  -6.995 -15.146 -15.891
  -6.991 -15.128 -16.155
  -6.986 -16.239 -16.239
  -6.982 -15.159 -15.870
  -6.978 -15.696 -15.904
  -6.973 -16.273 -16.542
  -6.969 -14.708 -16.186
  -6.965 -15.909 -16.084
  -6.961 -15.908 -15.908
  -6.956 -15.303 -15.610
  -6.952 -15.905 -15.905
  -6.948 -15.907 -16.239
  -6.944 -14.622 -14.959
  -6.940 -16.063 -16.063
  -6.936 -15.231 -15.738
  -6.932 -16.042 -16.311
  -6.928 -15.855 -15.855
  -6.924 -15.257 -16.159
  -6.920 -16.151 -16.151
  -6.917 -14.812 -15.911
  -6.913 -15.701 -16.165
  -6.909 -16.156 -16.156
  -6.905 -16.628 -16.628
  -6.902 -16.034 -16.614
  -6.898 -16.242 -16.242
  -6.894 -16.083 -16.292
  -6.891 -16.279 -16.279
  -6.887 -14.880 -16.224
  -6.884 -16.459 -16.630
  -6.880 -15.324 -15.939
  -6.877 -15.122 -16.299
  -6.873 -15.853 -16.289
  -6.870 -15.562 -16.224
  -6.867 -16.775 -17.069
  -6.863 -15.438 -15.723
  -6.860 -14.874 -16.571
  -6.857 -15.010 -16.023
  -6.853 -15.421 -16.407
  -6.850 -16.091 -16.091
  -6.847 -15.709 -16.105
  -6.844 -15.303 -16.199
  -6.840 -16.253 -16.447
  -6.837 -16.276 -16.491
  -6.834 -16.361 -16.565
  -6.831 -15.945 -16.687
  -6.828 -15.905 -16.109
  -6.825 -16.095 -16.338
  -6.822 -15.513 -16.556
  -6.819 -14.525 -15.471
  -6.816 -16.222 -16.512
  -6.813 -16.184 -16.641
  -6.810 -15.756 -15.947
  -6.807 -16.494 -49.500
  -6.804 -16.426 -16.642
  -6.801 -15.150 -16.986
  -6.798 -16.358 -16.529
  -6.795 -16.755 -49.500
  -6.792 -15.348 -15.968
  -6.789 -49.500     NaN
  -6.787 -15.553 -16.145
  -6.784 -16.394 -16.579
  -6.781 -16.571 -16.931
  -6.778 -16.278 -16.438
  -6.775 -16.372 -16.654
  -6.773 -16.407 -16.800
  -6.770 -15.673 -16.110
  -6.767 -16.399 -16.640
  -6.765 -16.808 -49.500
  -6.762 -16.517 -49.500
  -6.759 -16.500 -49.500
  -6.757 -15.475 -49.500
  -6.754 -49.500     NaN
  -6.751 -15.577 -16.323
  -6.749 -16.153 -16.153
  -6.746 -16.026 -16.026
  -6.744 -16.532 -49.500
  -6.741 -15.099 -15.307
  -6.739 -16.426 -16.842
  -6.736 -16.880 -49.500
  -6.734 -16.675 -16.893
  -6.731 -16.882 -49.500
  -6.729 -16.896 -49.500
  -6.726 -16.202 -16.693
  -6.724 -16.343 -49.500
  -6.721 -49.500     NaN
  -6.719 -16.475 -49.500
  -6.717 -16.110 -17.240
  -6.714 -16.513 -17.139
  -6.712 -16.803 -49.500
  -6.709 -16.300 -16.600
  -6.707 -15.954 -49.500
  -6.705 -17.081 -49.500
  -6.702 -49.500     NaN
  -6.700 -49.500     NaN
  -6.698 -15.248 -15.248
  -6.696 -16.667 -17.015
  -6.693 -16.315 -16.767
  -6.691 -15.991 -49.500
  -6.689 -16.282 -49.500
  -6.687 -15.990 -16.288
  -6.684 -16.840 -49.500
  -6.682 -16.080 -49.500
  -6.680 -15.559 -16.473
  -6.678 -15.884 -16.492
  -6.675 -16.845 -49.500
  -6.673 -17.263 -49.500
  -6.671 -49.500 -49.500
  -6.669 -16.697 -49.500
  -6.667 -16.449 -16.449
  -6.665 -16.483 -16.889
  -6.663 -16.246 -49.500
  -6.661 -16.251 -17.069
  -6.658 -16.404 -16.599
  -6.656 -49.500     NaN
  -6.654 -15.837 -17.151
  -6.652 -49.500     NaN
  -6.650 -49.500 -49.500
  -6.648 -49.500 -49.500
  -6.646 -16.278 -16.694
  -6.644 -49.500     NaN
  -6.642 -16.397 -49.500
  -6.640 -16.550 -49.500
  -6.638 -15.513 -15.513
  -6.636 -16.239 -49.500
  -6.634 -49.500 -49.500
  -6.632 -16.421 -17.029
  -6.630 -49.500     NaN
  -6.628 -49.500 -49.500
  -6.626 -16.916 -49.500
  -6.624 -49.500     NaN
  -6.622 -49.500     NaN
  -6.620 -49.500     NaN
  -6.618 -16.155 -16.155
  -6.617 -49.500     NaN
  -6.615 -49.500     NaN
  -6.613 -49.500     NaN
  -6.611 -49.500 -49.500
  -6.609 -15.710 -49.500
  -6.607 -49.500 -49.500
  -6.605 -16.500 -49.500
  -6.603 -49.500 -49.500
  -6.602 -15.784 -49.500
  -6.600 -16.354 -49.500
  -6.598 -49.500     NaN
  -6.596 -49.500     NaN
  -6.594 -15.447 -15.447
