  -8.861 -13.823 -13.823
  -8.599 -13.919 -13.919
  -8.442 -14.014 -14.014
  -8.329 -14.127 -14.127
  -8.239 -14.174 -14.174
  -8.166 -14.172 -14.172
  -8.103 -14.247 -14.247
  -8.048 -14.309 -14.309
  -7.999 -14.419 -14.419
  -7.955 -14.377 -14.377
  -7.916 -14.314 -14.314
  -7.879 -14.405 -14.405
  -7.846 -14.442 -14.442
  -7.815 -14.633 -14.633
  -7.786 -14.676 -14.676
  -7.758 -14.558 -14.558
  -7.733 -14.459 -14.459
  -7.709 -14.427 -14.427
  -7.686 -14.630 -14.630
  -7.664 -14.426 -14.664
  -7.643 -14.664 -14.664
  -7.624 -14.952 -14.952
  -7.605 -14.660 -14.852
  -7.586 -14.641 -14.641
  -7.569 -14.777 -14.777
  -7.552 -14.716 -14.716
  -7.536 -14.770 -14.770
  -7.521 -14.856 -14.856
  -7.506 -14.924 -15.079
  -7.491 -14.973 -14.973
  -7.477 -14.939 -15.108
  -7.464 -14.844 -14.844
  -7.451 -14.651 -14.651
  -7.438 -15.036 -15.036
  -7.425 -14.841 -15.039
  -7.413 -14.946 -15.218
  -7.401 -15.147 -15.147
  -7.390 -15.031 -15.031
  -7.379 -14.502 -15.052
  -7.368 -14.859 -15.159
  -7.357 -14.977 -15.352
  -7.347 -14.785 -14.785
  -7.337 -14.923 -14.923
  -7.327 -14.468 -15.230
  -7.317 -14.221 -14.943
  -7.308 -15.035 -15.375
  -7.299 -15.024 -15.024
  -7.290 -15.074 -15.336
  -7.281 -15.401 -15.401
  -7.272 -14.576 -15.225
  -7.264 -14.800 -15.029
  -7.255 -14.970 -14.970
  -7.247 -15.310 -15.310
  -7.239 -14.952 -15.285
  -7.231 -15.305 -15.305
  -7.223 -15.691 -15.691
  -7.216 -15.756 -15.756
  -7.208 -14.966 -15.460
  -7.201 -15.321 -15.594
  -7.194 -15.363 -15.363
  -7.187 -15.662 -15.662
  -7.180 -15.571 -15.571
  -7.173 -15.291 -15.589
  -7.166 -15.374 -15.544
  -7.159 -15.206 -15.405
  -7.153 -15.062 -15.545
  -7.146 -15.022 -15.725
  -7.140 -15.703 -15.703
  -7.133 -14.949 -15.653
  -7.127 -15.443 -15.594
  -7.121 -15.653 -15.653
  -7.115 -14.877 -15.490
  -7.109 -15.302 -15.302
  -7.103 -15.470 -16.021
  -7.098 -15.301 -15.890
  -7.092 -14.921 -15.326
  -7.086 -15.507 -15.842
  -7.081 -14.025 -15.938
  -7.075 -15.063 -15.505
  -7.070 -15.562 -15.562
  -7.064 -15.527 -15.785
  -7.059 -15.667 -15.939
  -7.054 -14.708 -15.285
  -7.049 -15.253 -15.440
  -7.043 -15.361 -15.517
  -7.038 -15.648 -15.648
  -7.033 -15.042 -15.199
  -7.029 -16.033 -16.206
  -7.024 -15.959 -15.959
  -7.019 -15.666 -15.666
  -7.014 -15.692 -15.869
  -7.009 -15.810 -15.810
  -7.005 -15.419 -15.974
  -7.000 -15.917 -15.917
  -6.995 -14.979 -15.214
  -6.991 -15.421 -15.677
  -6.986 -15.198 -15.459
  -6.982 -15.736 -15.736
  -6.978 -15.134 -15.419
  -6.973 -15.616 -15.616
  -6.969 -15.515 -15.515
  -6.965 -15.796 -15.988
  -6.961 -15.379 -15.606
  -6.956 -15.887 -15.887
  -6.952 -15.930 -16.164
  -6.948 -15.634 -15.634
  -6.944 -15.304 -15.841
  -6.940 -16.272 -16.272
  -6.936 -16.246 -16.246
  -6.932 -15.837 -16.166
  -6.928 -15.996 -16.288
  -6.924 -16.062 -16.273
  -6.920 -16.197 -16.373
  -6.917 -15.753 -15.753
  -6.913 -16.158 -16.310
  -6.909 -15.807 -16.193
  -6.905 -15.363 -15.947
  -6.902 -16.030 -16.236
  -6.898 -15.216 -16.128
  -6.894 -16.909 -17.341
  -6.891 -15.234 -16.121
  -6.887 -16.340 -16.880
  -6.884 -15.116 -15.880
  -6.880 -15.762 -17.263
  -6.877 -15.921 -16.233
  -6.873 -15.924 -16.348
  -6.870 -15.471 -15.893
  -6.867 -16.058 -16.576
  -6.863 -15.806 -16.162
  -6.860 -15.660 -15.660
  -6.857 -14.870 -16.411
  -6.853 -16.366 -16.618
  -6.850 -16.189 -16.189
  -6.847 -15.602 -16.181
  -6.844 -16.439 -16.618
  -6.840 -16.060 -16.060
  -6.837 -15.893 -16.101
  -6.834 -16.288 -16.462
  -6.831 -16.870 -17.175
  -6.828 -16.514 -16.514
  -6.825 -16.692 -49.500
  -6.822 -16.677 -16.998
  -6.819 -16.152 -16.430
  -6.816 -16.381 -16.573
  -6.813 -15.998 -16.310
  -6.810 -15.882 -16.697
  -6.807 -15.671 -15.964
  -6.804 -16.609 -49.500
  -6.801 -16.176 -16.593
  -6.798 -16.454 -49.500
  -6.795 -15.750 -16.070
  -6.792 -16.339 -16.339
  -6.789 -16.464 -16.623
  -6.787 -49.500     NaN
  -6.784 -15.419 -15.846
  -6.781 -16.000 -16.301
  -6.778 -15.574 -15.807
  -6.775 -16.420 -16.614
  -6.773 -16.206 -16.709
  -6.770 -16.135 -16.637
  -6.767 -16.474 -16.679
  -6.765 -16.712 -49.500
  -6.762 -16.333 -16.499
  -6.759 -16.410 -49.500
  -6.757 -16.894 -49.500
  -6.754 -16.232 -16.437
  -6.751 -16.029 -16.029
  -6.749 -16.467 -16.683
  -6.746 -16.119 -16.660
  -6.744 -16.453 -16.896
  -6.741 -15.888 -16.245
  -6.739 -16.452 -16.452
  -6.736 -15.935 -16.548
  -6.734 -16.512 -49.500
  -6.731 -14.947 -16.255
  -6.729 -16.337 -16.500
  -6.726 -16.783 -49.500
  -6.724 -16.613 -16.801
  -6.721 -16.600 -16.816
  -6.719 -49.500     NaN
  -6.717 -16.470 -49.500
  -6.714 -49.500     NaN
  -6.712 -16.429 -49.500
  -6.709 -16.296 -49.500
  -6.707 -16.059 -16.059
  -6.705 -49.500     NaN
  -6.702 -15.480 -16.089
  -6.700 -16.605 -49.500
  -6.698 -49.500     NaN
  -6.696 -16.558 -49.500
  -6.693 -16.141 -49.500
  -6.691 -49.500 -49.500
  -6.689 -16.867 -49.500
  -6.687 -16.632 -49.500
  -6.684 -16.551 -16.752
  -6.682 -15.293 -16.070
  -6.680 -16.723 -16.879
  -6.678 -49.500     NaN
  -6.675 -16.136 -17.249
  -6.673 -16.306 -49.500
  -6.671 -15.342 -17.097
  -6.669 -49.500     NaN
  -6.667 -49.500     NaN
  -6.665 -49.500     NaN
  -6.663 -49.500     NaN
  -6.661 -16.555 -16.769
  -6.658 -16.795 -17.004
  -6.656 -16.462 -16.651
  -6.654 -16.238 -49.500
  -6.652 -16.581 -49.500
  -6.650 -49.500     NaN
  -6.648 -16.306 -16.592
  -6.646 -49.500 -49.500
  -6.644 -15.286 -49.500
  -6.642 -49.500 -49.500
  -6.640 -16.506 -16.774
  -6.638 -49.500     NaN
  -6.636 -15.995 -49.500
  -6.634 -49.500     NaN
  -6.632 -49.500     NaN
  -6.630 -49.500 -49.500
  -6.628 -49.500 -49.500
  -6.626 -49.500     NaN
  -6.624 -49.500 -49.500
  -6.622 -49.500     NaN
  -6.620 -49.500 -49.500
  -6.618 -16.052 -49.500
  -6.617 -49.500 -49.500
  -6.615 -15.695 -16.520
  -6.613 -49.500     NaN
  -6.611 -16.352 -16.692
  -6.609 -49.500 -49.500
  -6.607 -49.500     NaN
  -6.605 -49.500 -49.500
  -6.603 -16.172 -49.500
  -6.602 -49.500 -49.500
  -6.600 -49.500 -49.500
  -6.598 -49.500     NaN
  -6.596 -16.263 -49.500
  -6.594 -49.500     NaN
