  -8.861 -13.847 -13.847
  -8.599 -13.980 -13.980
  -8.442 -13.831 -13.984
  -8.329 -14.153 -14.153
  -8.239 -14.194 -14.194
  -8.166 -14.132 -14.132
  -8.103 -14.292 -14.292
  -8.048 -14.282 -14.282
  -7.999 -14.367 -14.367
  -7.955 -14.414 -14.414
  -7.916 -14.439 -14.439
  -7.879 -14.414 -14.414
  -7.846 -14.419 -14.419
  -7.815 -14.506 -14.506
  -7.786 -14.645 -14.645
  -7.758 -14.681 -14.681
  -7.733 -14.476 -14.476
  -7.709 -14.678 -14.678
  -7.686 -14.700 -14.700
  -7.664 -14.699 -14.699
  -7.643 -14.777 -14.777
  -7.624 -14.757 -14.757
  -7.605 -14.770 -14.770
  -7.586 -14.678 -14.678
  -7.569 -14.511 -14.511
  -7.552 -14.860 -14.860
  -7.536 -14.833 -14.833
  -7.521 -15.030 -15.030
  -7.506 -14.557 -14.724
  -7.491 -14.695 -15.017
  -7.477 -15.090 -15.090
  -7.464 -14.804 -14.804
  -7.451 -14.946 -14.946
  -7.438 -14.746 -15.023
  -7.425 -14.766 -14.766
  -7.413 -15.215 -15.215
  -7.401 -14.625 -14.850
  -7.390 -14.588 -15.088
  -7.379 -14.942 -15.158
  -7.368 -15.013 -15.013
  -7.357 -14.940 -15.159
  -7.347 -14.367 -14.625
  -7.337 -14.836 -14.836
  -7.327 -15.035 -15.035
  -7.317 -15.005 -15.005
  -7.308 -15.298 -15.298
  -7.299 -15.202 -15.382
  -7.290 -15.108 -15.108
  -7.281 -15.041 -15.041
  -7.272 -14.687 -15.145
  -7.264 -15.609 -15.609
  -7.255 -15.108 -15.260
  -7.247 -15.255 -15.255
  -7.239 -15.125 -15.302
  -7.231 -15.225 -15.608
  -7.223 -15.386 -15.631
  -7.216 -15.168 -15.388
  -7.208 -15.155 -15.491
  -7.201 -15.509 -15.509
  -7.194 -15.291 -15.723
  -7.187 -15.414 -15.414
  -7.180 -15.673 -15.673
  -7.173 -15.495 -15.495
  -7.166 -15.668 -15.668
  -7.159 -15.399 -15.567
  -7.153 -15.563 -15.563
  -7.146 -15.617 -15.993
  -7.140 -15.511 -15.799
  -7.133 -15.439 -15.644
  -7.127 -15.499 -15.717
  -7.121 -15.695 -15.695
  -7.115 -15.411 -15.411
  -7.109 -15.381 -15.563
  -7.103 -15.536 -15.536
  -7.098 -15.409 -15.603
  -7.092 -15.028 -15.599
  -7.086 -14.708 -15.340
  -7.081 -15.807 -15.807
  -7.075 -15.549 -15.549
  -7.070 -15.837 -15.837
  -7.064 -15.670 -15.670
  -7.059 -15.974 -16.161
  -7.054 -15.604 -15.604
  -7.049 -15.306 -15.551
  -7.043 -15.934 -16.169
  -7.038 -16.359 -16.359
  -7.033 -14.781 -15.895
  -7.029 -15.939 -16.171
  -7.024 -15.940 -16.175
  -7.019 -15.378 -15.730
  -7.014 -15.644 -15.940
  -7.009 -15.627 -15.808
  -7.005 -15.437 -15.437
  -7.000 -15.534 -16.077
  -6.995 -15.310 -15.612
  -6.991 -15.785 -16.088
  -6.986 -15.824 -15.978
  -6.982 -15.783 -15.783
  -6.978 -15.801 -16.136
  -6.973 -16.138 -16.290
  -6.969 -15.840 -16.151
  -6.965 -16.050 -16.050
  -6.961 -15.523 -15.523
  -6.956 -16.284 -16.531
  -6.952 -15.812 -15.976
  -6.948 -16.067 -16.067
  -6.944 -15.578 -15.744
  -6.940 -15.989 -16.335
  -6.936 -15.613 -15.613
  -6.932 -15.809 -16.039
  -6.928 -16.091 -16.091
  -6.924 -15.558 -16.251
  -6.920 -14.599 -16.144
  -6.917 -15.485 -15.933
  -6.913 -16.513 -16.683
  -6.909 -15.334 -15.685
  -6.905 -15.767 -16.048
  -6.902 -16.348 -16.348
  -6.898 -15.853 -16.299
  -6.894 -15.337 -16.527
  -6.891 -16.626 -16.626
  -6.887 -16.088 -16.402
  -6.884 -16.001 -16.001
  -6.880 -15.903 -16.149
  -6.877 -16.028 -16.293
  -6.873 -16.377 -16.377
  -6.870 -16.259 -16.259
  -6.867 -16.310 -16.496
  -6.863 -15.828 -16.368
  -6.860 -15.623 -15.897
  -6.857 -14.784 -15.761
  -6.853 -16.416 -16.683
  -6.850 -16.215 -16.462
  -6.847 -16.023 -16.177
  -6.844 -17.120 -49.500
  -6.840 -16.504 -16.691
  -6.837 -15.639 -15.853
  -6.834 -15.797 -16.304
  -6.831 -16.500 -49.500
  -6.828 -16.413 -16.907
  -6.825 -15.683 -16.555
  -6.822 -16.056 -16.056
  -6.819 -16.395 -16.588
  -6.816 -16.027 -16.510
  -6.813 -16.617 -16.617
  -6.810 -16.065 -16.278
  -6.807 -16.048 -16.262
  -6.804 -15.309 -16.428
  -6.801 -15.640 -16.054
  -6.798 -15.521 -49.500
  -6.795 -16.199 -16.546
  -6.792 -15.889 -16.104
  -6.789 -14.884 -15.561
  -6.787 -16.258 -16.532
  -6.784 -14.838 -15.478
  -6.781 -49.500     NaN
  -6.778 -16.476 -16.718
  -6.775 -16.326 -16.481
  -6.773 -16.605 -16.943
  -6.770 -15.661 -16.822
  -6.767 -49.500     NaN
  -6.765 -16.512 -16.677
  -6.762 -49.500     NaN
  -6.759 -16.621 -49.500
  -6.757 -16.119 -16.423
  -6.754 -16.453 -49.500
  -6.751 -15.539 -15.808
  -6.749 -16.577 -49.500
  -6.746 -16.699 -49.500
  -6.744 -16.924 -17.198
  -6.741 -16.210 -16.576
  -6.739 -16.615 -49.500
  -6.736 -16.462 -16.745
  -6.734 -16.499 -16.703
  -6.731 -16.512 -49.500
  -6.729 -16.930 -49.500
  -6.726 -15.197 -16.632
  -6.724 -16.396 -49.500
  -6.721 -49.500     NaN
  -6.719 -16.070 -16.576
  -6.717 -16.093 -17.183
  -6.714 -16.217 -16.785
  -6.712 -17.128 -49.500
  -6.709 -14.731 -16.584
  -6.707 -16.091 -49.500
  -6.705 -16.654 -49.500
  -6.702 -16.656 -49.500
  -6.700 -16.355 -49.500
  -6.698 -16.202 -49.500
  -6.696 -16.515 -49.500
  -6.693 -17.068 -49.500
  -6.691 -49.500     NaN
  -6.689 -49.500     NaN
  -6.687 -16.415 -16.726
  -6.684 -15.950 -16.183
  -6.682 -16.522 -49.500
  -6.680 -15.788 -16.380
  -6.678 -15.503 -49.500
  -6.675 -16.548 -49.500
  -6.673 -16.800 -49.500
  -6.671 -16.398 -49.500
  -6.669 -15.586 -49.500
  -6.667 -49.500     NaN
  -6.665 -49.500     NaN
  -6.663 -16.563 -16.722
  -6.661 -16.211 -49.500
  -6.658 -49.500     NaN
  -6.656 -49.500     NaN
  -6.654 -16.064 -49.500
  -6.652 -49.500     NaN
  -6.650 -15.775 -49.500
  -6.648 -16.554 -16.872
  -6.646 -49.500 -49.500
  -6.644 -16.509 -16.509
  -6.642 -49.500 -49.500
  -6.640 -16.013 -16.510
  -6.638 -49.500 -49.500
  -6.636 -15.694 -15.911
  -6.634 -16.052 -16.229
  -6.632 -16.300 -49.500
  -6.630 -15.372 -16.378
  -6.628 -16.566 -49.500
  -6.626 -16.217 -49.500
  -6.624 -16.430 -49.500
  -6.622 -49.500     NaN
  -6.620 -15.006 -49.500
  -6.618 -49.500     NaN
  -6.617 -16.215 -16.215
  -6.615 -49.500 -49.500
  -6.613 -16.825 -49.500
  -6.611 -49.500 -49.500
  -6.609 -49.500     NaN
  -6.607 -49.500 -49.500
  -6.605 -49.500     NaN
  -6.603 -49.500 -49.500
  -6.602 -49.500 -49.500
  -6.600 -16.722 -49.500
  -6.598 -49.500 -49.500
  -6.596 -16.416 -49.500
  -6.594 -15.954 -15.954
