  -8.861 -13.838 -13.838
  -8.599 -13.951 -13.951
  -8.442 -14.015 -14.015
  -8.329 -14.095 -14.095
  -8.239 -14.179 -14.179
  -8.166 -14.235 -14.235
  -8.103 -14.207 -14.207
  -8.048 -14.216 -14.216
  -7.999 -14.338 -14.338
  -7.955 -14.423 -14.423
  -7.916 -14.510 -14.510
  -7.879 -14.312 -14.312
  -7.846 -14.565 -14.565
  -7.815 -14.648 -14.648
  -7.786 -14.631 -14.631
  -7.758 -14.553 -14.553
  -7.733 -14.731 -14.731
  -7.709 -14.769 -14.769
  -7.686 -14.606 -14.606
  -7.664 -14.831 -14.831
  -7.643 -14.648 -14.648
  -7.624 -14.753 -14.753
  -7.605 -14.841 -14.841
  -7.586 -14.668 -14.668
  -7.569 -14.850 -14.850
  -7.552 -14.862 -14.862
  -7.536 -14.669 -14.669
  -7.521 -14.786 -14.786
  -7.506 -14.902 -14.902
  -7.491 -14.684 -14.884
  -7.477 -15.134 -15.134
  -7.464 -15.042 -15.042
  -7.451 -14.589 -15.020
  -7.438 -14.227 -14.946
  -7.425 -15.040 -15.040
  -7.413 -14.691 -15.077
  -7.401 -15.083 -15.083
  -7.390 -15.179 -15.179
  -7.379 -14.640 -14.859
  -7.368 -14.895 -14.895
  -7.357 -15.190 -15.352
  -7.347 -15.154 -15.154
  -7.337 -14.984 -14.984
  -7.327 -15.055 -15.055
  -7.317 -14.951 -14.951
  -7.308 -15.019 -15.175
  -7.299 -14.890 -15.129
  -7.290 -15.385 -15.385
  -7.281 -14.971 -14.971
  -7.272 -15.136 -15.518
  -7.264 -15.350 -15.350
  -7.255 -15.224 -15.224
  -7.247 -15.271 -15.438
  -7.239 -15.469 -15.469
  -7.231 -15.337 -15.576
  -7.223 -14.964 -15.191
  -7.216 -15.488 -15.488
  -7.208 -15.289 -15.473
  -7.201 -15.232 -15.232
  -7.194 -15.391 -15.391
  -7.187 -15.628 -15.628
  -7.180 -15.391 -15.391
  -7.173 -15.817 -15.817
  -7.166 -15.013 -15.435
  -7.159 -15.261 -15.597
  -7.153 -14.995 -15.153
  -7.146 -15.417 -15.580
  -7.140 -15.232 -15.576
  -7.133 -14.998 -15.453
  -7.127 -15.668 -15.668
  -7.121 -15.540 -15.540
  -7.115 -15.296 -15.485
  -7.109 -15.618 -15.618
  -7.103 -14.812 -15.082
  -7.098 -15.803 -15.803
  -7.092 -15.758 -15.758
  -7.086 -14.746 -15.257
  -7.081 -15.078 -15.646
  -7.075 -15.546 -15.546
  -7.070 -15.732 -15.732
  -7.064 -15.186 -15.416
  -7.059 -15.506 -16.101
  -7.054 -15.227 -15.511
  -7.049 -15.762 -15.762
  -7.043 -15.610 -15.610
  -7.038 -15.123 -15.781
  -7.033 -15.686 -15.686
  -7.029 -15.658 -15.658
  -7.024 -15.071 -15.555
  -7.019 -15.819 -15.819
  -7.014 -15.928 -15.928
  -7.009 -15.685 -15.685
  -7.005 -15.544 -15.901
  -7.000 -15.897 -15.897
  -6.995 -15.560 -15.840
  -6.991 -15.001 -15.450
  -6.986 -15.794 -16.025
  -6.982 -15.297 -15.648
  -6.978 -15.555 -15.824
  -6.973 -14.697 -15.133
  -6.969 -16.210 -16.210
  -6.965 -15.903 -15.903
  -6.961 -15.632 -15.854
  -6.956 -15.776 -16.093
  -6.952 -15.682 -15.682
  -6.948 -15.629 -15.895
  -6.944 -15.692 -16.017
  -6.940 -16.167 -16.167
  -6.936 -15.986 -15.986
  -6.932 -15.520 -15.728
  -6.928 -16.113 -16.113
  -6.924 -15.513 -16.022
  -6.920 -16.264 -16.456
  -6.917 -16.368 -16.368
  -6.913 -15.042 -15.593
  -6.909 -16.476 -16.652
  -6.905 -16.159 -16.159
  -6.902 -16.070 -16.388
  -6.898 -15.615 -16.193
  -6.894 -16.009 -16.009
  -6.891 -16.307 -16.307
  -6.887 -15.649 -15.846
  -6.884 -16.160 -16.160
  -6.880 -15.885 -15.885
  -6.877 -16.702 -17.109
  -6.873 -15.805 -17.069
  -6.870 -15.902 -16.102
  -6.867 -15.969 -16.304
  -6.863 -16.348 -16.348
  -6.860 -16.044 -16.044
  -6.857 -15.753 -15.975
  -6.853 -15.669 -16.105
  -6.850 -16.013 -16.863
  -6.847 -16.327 -16.562
  -6.844 -15.865 -16.421
  -6.840 -15.686 -16.091
  -6.837 -16.457 -16.853
  -6.834 -15.801 -15.801
  -6.831 -15.908 -16.278
  -6.828 -16.612 -17.049
  -6.825 -14.839 -16.083
  -6.822 -15.929 -16.895
  -6.819 -15.997 -16.364
  -6.816 -15.479 -15.985
  -6.813 -15.870 -16.913
  -6.810 -15.684 -16.345
  -6.807 -15.891 -16.707
  -6.804 -16.504 -16.665
  -6.801 -16.193 -16.193
  -6.798 -15.557 -15.739
  -6.795 -15.587 -16.072
  -6.792 -16.449 -16.680
  -6.789 -16.013 -16.391
  -6.787 -16.015 -16.015
  -6.784 -14.350 -16.977
  -6.781 -15.725 -16.366
  -6.778 -16.443 -16.663
  -6.775 -49.500     NaN
  -6.773 -17.033 -49.500
  -6.770 -16.440 -16.988
  -6.767 -16.874 -49.500
  -6.765 -16.705 -17.069
  -6.762 -16.111 -16.440
  -6.759 -15.541 -16.554
  -6.757 -16.447 -49.500
  -6.754 -49.500     NaN
  -6.751 -16.354 -16.825
  -6.749 -14.494 -16.495
  -6.746 -16.448 -16.767
  -6.744 -49.500     NaN
  -6.741 -16.269 -16.269
  -6.739 -16.660 -49.500
  -6.736 -16.086 -16.903
  -6.734 -14.949 -16.544
  -6.731 -17.036 -17.036
  -6.729 -16.138 -16.138
  -6.726 -16.209 -16.755
  -6.724 -16.221 -16.221
  -6.721 -16.896 -49.500
  -6.719 -14.712 -16.661
  -6.717 -14.664 -15.665
  -6.714 -16.075 -49.500
  -6.712 -15.971 -49.500
  -6.709 -49.500 -49.500
  -6.707 -16.217 -16.540
  -6.705 -16.891 -17.200
  -6.702 -15.690 -16.057
  -6.700 -49.500     NaN
  -6.698 -16.492 -17.081
  -6.696 -16.185 -16.656
  -6.693 -49.500     NaN
  -6.691 -16.727 -16.944
  -6.689 -49.500     NaN
  -6.687 -49.500     NaN
  -6.684 -49.500 -49.500
  -6.682 -16.629 -49.500
  -6.680 -16.899 -49.500
  -6.678 -49.500     NaN
  -6.675 -16.239 -49.500
  -6.673 -49.500 -49.500
  -6.671 -49.500     NaN
  -6.669 -49.500 -49.500
  -6.667 -15.557 -16.570
  -6.665 -16.633 -49.500
  -6.663 -16.261 -16.538
  -6.661 -49.500 -49.500
  -6.658 -16.470 -49.500
  -6.656 -49.500     NaN
  -6.654 -49.500 -49.500
  -6.652 -49.500     NaN
  -6.650 -16.228 -16.635
  -6.648 -49.500     NaN
  -6.646 -16.555 -49.500
  -6.644 -16.334 -49.500
  -6.642 -49.500     NaN
  -6.640 -49.500     NaN
  -6.638 -49.500     NaN
  -6.636 -15.746 -49.500
  -6.634 -49.500 -49.500
  -6.632 -16.990 -49.500
  -6.630 -16.496 -49.500
  -6.628 -16.223 -49.500
  -6.626 -16.274 -16.645
  -6.624 -16.927 -49.500
  -6.622 -49.500 -49.500
  -6.620 -16.446 -49.500
  -6.618 -49.500 -49.500
  -6.617 -49.500     NaN
  -6.615 -49.500     NaN
  -6.613 -49.500     NaN
  -6.611 -15.782 -49.500
  -6.609 -49.500     NaN
  -6.607 -16.429 -49.500
  -6.605 -16.583 -49.500
  -6.603 -49.500     NaN
  -6.602 -49.500     NaN
  -6.600 -49.500 -49.500
  -6.598 -16.272 -16.272
  -6.596 -49.500     NaN
  -6.594 -17.198 -49.500
