  -8.861 -13.813 -13.813
  -8.599 -13.968 -13.968
  -8.442 -14.068 -14.068
  -8.329 -14.145 -14.145
  -8.239 -14.094 -14.094
  -8.166 -14.193 -14.193
  -8.103 -14.124 -14.124
  -8.048 -14.302 -14.302
  -7.999 -14.367 -14.367
  -7.955 -14.349 -14.349
  -7.916 -14.360 -14.360
  -7.879 -14.403 -14.403
  -7.846 -14.510 -14.510
  -7.815 -14.472 -14.472
  -7.786 -14.546 -14.546
  -7.758 -14.442 -14.442
  -7.733 -14.710 -14.710
  -7.709 -14.567 -14.567
  -7.686 -14.630 -14.630
  -7.664 -14.546 -14.546
  -7.643 -14.785 -14.785
  -7.624 -14.845 -14.845
  -7.605 -14.833 -14.833
  -7.586 -14.449 -14.712
  -7.569 -14.424 -14.424
  -7.552 -14.800 -14.800
  -7.536 -14.867 -14.867
  -7.521 -14.831 -14.831
  -7.506 -14.851 -15.047
  -7.491 -15.008 -15.008
  -7.477 -14.846 -14.846
  -7.464 -14.924 -14.924
  -7.451 -14.722 -15.063
  -7.438 -14.959 -14.959
  -7.425 -15.007 -15.007
  -7.413 -14.995 -14.995
  -7.401 -15.070 -15.070
  -7.390 -14.583 -15.118
  -7.379 -14.580 -14.828
  -7.368 -15.129 -15.129
  -7.357 -14.798 -15.075
  -7.347 -14.917 -15.103
  -7.337 -15.442 -15.442
  -7.327 -14.464 -15.119
  -7.317 -14.964 -15.221
  -7.308 -14.780 -15.199
  -7.299 -15.179 -15.179
  -7.290 -14.434 -15.305
  -7.281 -15.148 -15.148
  -7.272 -15.264 -15.264
  -7.264 -15.213 -15.213
  -7.255 -14.274 -15.351
  -7.247 -14.988 -14.988
  -7.239 -15.542 -15.542
  -7.231 -15.044 -15.458
  -7.223 -15.240 -15.574
  -7.216 -14.948 -14.948
  -7.208 -15.657 -15.657
  -7.201 -15.154 -15.511
  -7.194 -15.444 -15.444
  -7.187 -14.653 -14.823
  -7.180 -15.354 -15.530
  -7.173 -15.579 -15.781
  -7.166 -15.727 -15.727
  -7.159 -15.564 -15.564
  -7.153 -15.635 -15.845
  -7.146 -15.342 -15.752
  -7.140 -15.448 -15.448
  -7.133 -15.269 -15.444
  -7.127 -15.605 -15.770
  -7.121 -14.976 -15.228
  -7.115 -15.508 -15.508
  -7.109 -15.820 -15.820
  -7.103 -14.983 -14.983
  -7.098 -15.523 -15.523
  -7.092 -15.285 -15.489
  -7.086 -15.699 -15.699
  -7.081 -15.980 -16.144
  -7.075 -14.680 -15.831
  -7.070 -16.008 -16.008
  -7.064 -14.913 -15.570
  -7.059 -15.609 -15.784
  -7.054 -15.308 -15.548
  -7.049 -15.737 -15.737
  -7.043 -16.065 -16.065
  -7.038 -15.955 -15.955
  -7.033 -15.887 -15.887
  -7.029 -15.119 -15.518
  -7.024 -15.728 -15.946
  -7.019 -15.526 -15.526
  -7.014 -15.961 -15.961
  -7.009 -15.679 -15.973
  -7.005 -16.067 -16.067
  -7.000 -15.787 -15.787
  -6.995 -15.430 -15.941
  -6.991 -15.708 -15.909
  -6.986 -15.345 -16.043
  -6.982 -16.359 -16.359
  -6.978 -15.749 -16.037
  -6.973 -15.342 -15.924
  -6.969 -15.891 -16.325
  -6.965 -15.811 -16.238
  -6.961 -15.779 -15.779
  -6.956 -16.000 -16.000
  -6.952 -16.568 -16.568
  -6.948 -15.487 -16.217
  -6.944 -15.719 -16.103
  -6.940 -15.501 -15.501
  -6.936 -15.994 -15.994
  -6.932 -15.837 -16.064
  -6.928 -16.044 -16.308
  -6.924 -15.270 -16.098
  -6.920 -16.266 -16.266
  -6.917 -16.089 -16.544
  -6.913 -15.493 -16.302
  -6.909 -15.994 -16.416
  -6.905 -15.998 -15.998
  -6.902 -15.977 -16.800
  -6.898 -15.264 -15.713
  -6.894 -16.491 -16.491
  -6.891 -16.185 -16.388
  -6.887 -16.282 -16.463
  -6.884 -15.649 -16.312
  -6.880 -15.751 -16.116
  -6.877 -16.177 -16.413
  -6.873 -16.379 -17.022
  -6.870 -15.201 -15.643
  -6.867 -15.451 -16.046
  -6.863 -15.996 -15.996
  -6.860 -15.451 -15.959
  -6.857 -16.193 -16.452
  -6.853 -16.597 -49.500
  -6.850 -15.510 -16.305
  -6.847 -15.966 -16.271
  -6.844 -16.617 -17.262
  -6.840 -16.084 -16.084
  -6.837 -15.356 -15.356
  -6.834 -16.256 -16.538
  -6.831 -15.711 -16.390
  -6.828 -15.659 -15.855
  -6.825 -16.507 -16.754
  -6.822 -15.910 -16.323
  -6.819 -15.927 -16.618
  -6.816 -16.606 -49.500
  -6.813 -15.213 -16.199
  -6.810 -15.802 -16.123
  -6.807 -15.979 -16.173
  -6.804 -16.214 -16.550
  -6.801 -16.075 -16.424
  -6.798 -15.605 -15.954
  -6.795 -16.553 -16.731
  -6.792 -17.380 -49.500
  -6.789 -16.552 -17.089
  -6.787 -16.318 -16.509
  -6.784 -49.500 -49.500
  -6.781 -16.016 -16.314
  -6.778 -16.580 -17.331
  -6.775 -16.384 -16.594
  -6.773 -16.550 -16.760
  -6.770 -16.843 -49.500
  -6.767 -16.627 -49.500
  -6.765 -16.495 -16.658
  -6.762 -16.109 -16.560
  -6.759 -15.885 -16.720
  -6.757 -16.105 -16.105
  -6.754 -16.329 -49.500
  -6.751 -49.500 -49.500
  -6.749 -15.593 -16.677
  -6.746 -16.405 -16.764
  -6.744 -16.348 -17.202
  -6.741 -16.069 -16.295
  -6.739 -15.706 -16.596
  -6.736 -16.547 -16.799
  -6.734 -14.205 -16.787
  -6.731 -16.240 -16.240
  -6.729 -49.500     NaN
  -6.726 -16.373 -16.554
  -6.724 -49.500     NaN
  -6.721 -49.500     NaN
  -6.719 -16.107 -16.422
  -6.717 -16.421 -49.500
  -6.714 -16.658 -16.865
  -6.712 -16.490 -49.500
  -6.709 -17.106 -49.500
  -6.707 -15.046 -15.300
  -6.705 -16.155 -49.500
  -6.702 -49.500 -49.500
  -6.700 -16.704 -49.500
  -6.698 -49.500     NaN
  -6.696 -49.500     NaN
  -6.693 -16.685 -49.500
  -6.691 -49.500     NaN
  -6.689 -16.398 -49.500
  -6.687 -15.524 -15.862
  -6.684 -16.515 -49.500
  -6.682 -16.620 -49.500
  -6.680 -49.500     NaN
  -6.678 -16.724 -49.500
  -6.675 -16.207 -49.500
  -6.673 -49.500     NaN
  -6.671 -15.940 -16.567
  -6.669 -16.618 -16.618
  -6.667 -16.121 -16.534
  -6.665 -49.500     NaN
  -6.663 -17.087 -17.087
  -6.661 -49.500     NaN
  -6.658 -16.231 -16.590
  -6.656 -15.839 -16.005
  -6.654 -49.500     NaN
  -6.652 -16.045 -49.500
  -6.650 -16.893 -49.500
  -6.648 -49.500 -49.500
  -6.646 -16.482 -49.500
  -6.644 -15.748 -15.748
  -6.642 -49.500     NaN
  -6.640 -49.500     NaN
  -6.638 -15.667 -49.500
  -6.636 -49.500     NaN
  -6.634 -16.969 -49.500
  -6.632 -49.500     NaN
  -6.630 -49.500     NaN
  -6.628 -16.355 -16.355
  -6.626 -15.288 -49.500
  -6.624 -49.500 -49.500
  -6.622 -17.035 -49.500
  -6.620 -49.500     NaN
  -6.618 -49.500     NaN
  -6.617 -49.500     NaN
  -6.615 -49.500 -49.500
  -6.613 -16.287 -16.287
  -6.611 -16.944 -49.500
  -6.609 -16.571 -49.500
  -6.607 -17.127 -49.500
  -6.605 -16.841 -49.500
  -6.603 -15.857 -16.653
  -6.602 -16.664 -49.500
  -6.600 -16.211 -49.500
  -6.598 -49.500     NaN
  -6.596 -15.662 -49.500
  -6.594 -49.500     NaN
