  -8.861 -13.861 -13.861
  -8.599 -13.970 -13.970
  -8.442 -14.055 -14.055
  -8.329 -13.930 -13.930
  -8.239 -14.157 -14.157
  -8.166 -14.271 -14.271
  -8.103 -14.283 -14.283
  -8.048 -14.390 -14.390
  -7.999 -14.474 -14.474
  -7.955 -14.448 -14.448
  -7.916 -14.346 -14.346
  -7.879 -14.329 -14.329
  -7.846 -14.467 -14.467
  -7.815 -14.515 -14.515
  -7.786 -14.288 -14.455
  -7.758 -14.690 -14.690
  -7.733 -14.482 -14.482
  -7.709 -14.407 -14.675
  -7.686 -14.573 -14.573
  -7.664 -14.543 -14.543
  -7.643 -14.737 -14.737
  -7.624 -14.725 -14.725
  -7.605 -14.628 -14.628
  -7.586 -14.937 -14.937
  -7.569 -14.695 -14.695
  -7.552 -14.745 -14.745
  -7.536 -14.830 -14.830
  -7.521 -15.002 -15.002
  -7.506 -14.986 -14.986
  -7.491 -15.015 -15.015
  -7.477 -14.518 -14.831
  -7.464 -14.690 -14.690
  -7.451 -14.785 -15.139
  -7.438 -14.967 -14.967
  -7.425 -14.857 -14.857
  -7.413 -15.219 -15.219
  -7.401 -14.717 -14.915
  -7.390 -15.175 -15.175
  -7.379 -14.989 -14.989
  -7.368 -14.993 -15.148
  -7.357 -14.752 -14.987
  -7.347 -15.047 -15.047
  -7.337 -15.174 -15.174
  -7.327 -15.068 -15.483
  -7.317 -14.578 -14.578
  -7.308 -15.056 -15.056
  -7.299 -14.993 -15.258
  -7.290 -15.250 -15.250
  -7.281 -14.968 -14.968
  -7.272 -14.903 -15.250
  -7.264 -14.820 -15.119
  -7.255 -15.491 -15.491
  -7.247 -15.334 -15.630
  -7.239 -15.460 -15.460
  -7.231 -15.135 -15.291
  -7.223 -15.027 -15.218
  -7.216 -15.224 -15.440
  -7.208 -15.275 -15.527
  -7.201 -15.098 -15.855
  -7.194 -14.460 -15.412
  -7.187 -15.336 -15.499
  -7.180 -15.456 -15.696
  -7.173 -15.022 -15.368
  -7.166 -15.092 -15.614
  -7.159 -15.670 -15.670
  -7.153 -15.575 -15.742
  -7.146 -14.879 -15.214
  -7.140 -15.779 -15.779
  -7.133 -15.648 -15.648
  -7.127 -15.240 -15.476
  -7.121 -14.547 -15.392
  -7.115 -14.763 -15.239
  -7.109 -15.833 -15.833
  -7.103 -15.255 -15.653
  -7.098 -16.012 -16.012
  -7.092 -15.587 -15.996
  -7.086 -14.648 -15.166
  -7.081 -15.521 -15.744
  -7.075 -15.551 -15.551
  -7.070 -15.374 -15.633
  -7.064 -15.421 -15.421
  -7.059 -15.497 -15.732
  -7.054 -15.773 -15.773
  -7.049 -15.485 -15.485
  -7.043 -15.759 -15.759
  -7.038 -15.301 -15.475
  -7.033 -15.745 -15.745
  -7.029 -15.412 -16.126
  -7.024 -15.734 -15.888
  -7.019 -15.273 -15.643
  -7.014 -15.931 -15.931
  -7.009 -15.496 -15.991
  -7.005 -15.615 -15.954
  -7.000 -16.278 -16.278
  -6.995 -14.965 -15.346
  -6.991 -15.788 -15.788
  -6.986 -16.100 -16.100
  -6.982 -15.395 -15.565
  -6.978 -15.685 -15.858
  -6.973 -15.257 -15.639
  -6.969 -15.730 -15.985
  -6.965 -15.887 -15.887
  -6.961 -15.754 -15.754
  -6.956 -15.547 -15.547
  -6.952 -15.562 -15.994
  -6.948 -16.158 -16.158
  -6.944 -15.971 -15.971
  -6.940 -15.217 -15.617
  -6.936 -16.174 -16.174
  -6.932 -15.456 -16.074
  -6.928 -15.324 -15.498
  -6.924 -15.366 -15.539
  -6.920 -15.588 -15.953
  -6.917 -16.016 -16.191
  -6.913 -15.204 -15.690
  -6.909 -15.852 -16.099
  -6.905 -16.218 -16.218
  -6.902 -15.114 -15.761
  -6.898 -15.973 -16.292
  -6.894 -16.095 -17.110
  -6.891 -16.098 -16.360
  -6.887 -16.468 -16.759
  -6.884 -15.774 -16.354
  -6.880 -15.663 -16.067
  -6.877 -16.257 -16.257
  -6.873 -15.946 -16.199
  -6.870 -16.036 -16.036
  -6.867 -15.293 -15.729
  -6.863 -16.705 -16.705
  -6.860 -16.648 -49.500
  -6.857 -15.785 -16.241
  -6.853 -16.587 -16.830
  -6.850 -16.001 -16.220
  -6.847 -15.929 -15.929
  -6.844 -16.435 -16.587
  -6.840 -16.161 -17.208
  -6.837 -15.423 -15.934
  -6.834 -16.328 -16.608
  -6.831 -17.142 -49.500
  -6.828 -15.884 -16.884
  -6.825 -16.539 -49.500
  -6.822 -16.279 -16.279
  -6.819 -15.842 -16.676
  -6.816 -16.388 -16.645
  -6.813 -16.079 -16.571
  -6.810 -17.179 -49.500
  -6.807 -16.409 -16.409
  -6.804 -15.963 -16.534
  -6.801 -15.772 -16.063
  -6.798 -16.266 -16.894
  -6.795 -16.420 -16.420
  -6.792 -16.473 -49.500
  -6.789 -49.500     NaN
  -6.787 -16.787 -17.063
  -6.784 -16.750 -49.500
  -6.781 -49.500     NaN
  -6.778 -49.500     NaN
  -6.775 -16.046 -16.691
  -6.773 -16.977 -49.500
  -6.770 -16.000 -16.705
  -6.767 -16.515 -16.725
  -6.765 -16.353 -16.655
  -6.762 -16.262 -49.500
  -6.759 -15.369 -15.980
  -6.757 -17.125 -49.500
  -6.754 -49.500     NaN
  -6.751 -16.341 -16.603
  -6.749 -16.327 -16.671
  -6.746 -16.334 -49.500
  -6.744 -16.214 -16.214
  -6.741 -15.921 -16.291
  -6.739 -15.874 -16.341
  -6.736 -16.322 -17.280
  -6.734 -16.618 -16.781
  -6.731 -16.888 -49.500
  -6.729 -49.500     NaN
  -6.726 -16.011 -16.294
  -6.724 -16.055 -16.966
  -6.721 -16.543 -16.543
  -6.719 -16.099 -16.344
  -6.717 -16.231 -16.399
  -6.714 -16.786 -49.500
  -6.712 -16.457 -49.500
  -6.709 -15.677 -16.029
  -6.707 -15.789 -16.157
  -6.705 -49.500 -49.500
  -6.702 -15.580 -16.213
  -6.700 -16.727 -17.135
  -6.698 -49.500     NaN
  -6.696 -16.280 -49.500
  -6.693 -15.982 -49.500
  -6.691 -15.493 -16.852
  -6.689 -15.391 -16.229
  -6.687 -49.500     NaN
  -6.684 -15.890 -17.012
  -6.682 -16.530 -16.687
  -6.680 -15.278 -49.500
  -6.678 -17.052 -49.500
  -6.675 -15.942 -16.256
  -6.673 -16.789 -49.500
  -6.671 -15.973 -49.500
  -6.669 -16.066 -49.500
  -6.667 -49.500     NaN
  -6.665 -49.500 -49.500
  -6.663 -16.593 -49.500
  -6.661 -49.500     NaN
  -6.658 -49.500     NaN
  -6.656 -16.268 -16.268
  -6.654 -16.145 -16.684
  -6.652 -49.500 -49.500
  -6.650 -49.500     NaN
  -6.648 -16.066 -49.500
  -6.646 -16.488 -16.805
  -6.644 -49.500 -49.500
  -6.642 -16.770 -49.500
  -6.640 -49.500     NaN
  -6.638 -49.500 -49.500
  -6.636 -17.028 -49.500
  -6.634 -16.580 -16.814
  -6.632 -49.500 -49.500
  -6.630 -16.056 -49.500
  -6.628 -16.407 -49.500
  -6.626 -49.500 -49.500
  -6.624 -49.500 -49.500
  -6.622 -17.032 -49.500
  -6.620 -15.095 -49.500
  -6.618 -15.632 -17.136
  -6.617 -16.253 -49.500
  -6.615 -49.500 -49.500
  -6.613 -49.500     NaN
  -6.611 -16.473 -49.500
  -6.609 -15.725 -16.681
  -6.607 -49.500 -49.500
  -6.605 -15.662 -15.840
  -6.603 -16.011 -16.195
  -6.602 -49.500     NaN
  -6.600 -16.180 -16.468
  -6.598 -49.500     NaN
  -6.596 -49.500     NaN
  -6.594 -49.500     NaN
