  -8.861 -13.843 -13.843
  -8.599 -13.925 -13.925
  -8.442 -14.038 -14.038
  -8.329 -13.995 -13.995
  -8.239 -14.186 -14.186
  -8.166 -14.191 -14.191
  -8.103 -14.330 -14.330
  -8.048 -14.251 -14.251
  -7.999 -14.232 -14.232
  -7.955 -14.371 -14.371
  -7.916 -14.318 -14.318
  -7.879 -14.514 -14.514
  -7.846 -14.386 -14.386
  -7.815 -14.533 -14.533
  -7.786 -14.576 -14.576
  -7.758 -14.671 -14.671
  -7.733 -14.673 -14.673
  -7.709 -14.519 -14.717
  -7.686 -14.629 -14.629
  -7.664 -14.442 -14.442
  -7.643 -14.739 -14.739
  -7.624 -14.758 -14.758
  -7.605 -14.635 -14.635
  -7.586 -14.801 -14.801
  -7.569 -14.575 -14.575
  -7.552 -14.661 -14.819
  -7.536 -14.547 -14.547
  -7.521 -14.580 -14.915
  -7.506 -14.902 -14.902
  -7.491 -14.653 -14.838
  -7.477 -15.143 -15.143
  -7.464 -14.630 -14.911
  -7.451 -14.885 -14.885
  -7.438 -14.365 -14.938
  -7.425 -14.831 -14.831
  -7.413 -15.089 -15.089
  -7.401 -15.109 -15.109
  -7.390 -14.721 -15.156
  -7.379 -15.208 -15.208
  -7.368 -15.102 -15.317
  -7.357 -14.904 -15.095
  -7.347 -14.917 -14.917
  -7.337 -15.118 -15.118
  -7.327 -15.288 -15.288
  -7.317 -15.156 -15.156
  -7.308 -15.372 -15.372
  -7.299 -15.211 -15.211
  -7.290 -14.390 -15.057
  -7.281 -15.341 -15.559
  -7.272 -15.134 -15.134
  -7.264 -14.308 -14.570
  -7.255 -15.317 -15.317
  -7.247 -15.404 -15.404
  -7.239 -15.331 -15.331
  -7.231 -14.790 -15.509
  -7.223 -15.178 -15.178
  -7.216 -15.236 -15.490
  -7.208 -15.546 -15.546
  -7.201 -14.989 -15.641
  -7.194 -15.148 -15.332
  -7.187 -15.378 -15.378
  -7.180 -14.762 -14.933
  -7.173 -15.313 -15.618
  -7.166 -15.425 -15.679
  -7.159 -15.718 -15.718
  -7.153 -15.627 -15.627
  -7.146 -15.256 -15.430
  -7.140 -15.686 -15.851
  -7.133 -15.302 -15.510
  -7.127 -14.745 -15.711
  -7.121 -15.705 -15.705
  -7.115 -15.209 -15.919
  -7.109 -15.443 -15.443
  -7.103 -15.732 -16.007
  -7.098 -16.002 -16.002
  -7.092 -14.724 -15.535
  -7.086 -15.481 -15.655
  -7.081 -15.455 -15.615
  -7.075 -14.999 -15.597
  -7.070 -15.575 -16.138
  -7.064 -15.269 -15.942
  -7.059 -15.647 -15.647
  -7.054 -15.848 -15.848
  -7.049 -15.268 -15.447
  -7.043 -15.672 -15.672
  -7.038 -15.746 -16.108
  -7.033 -15.479 -15.866
  -7.029 -15.944 -16.100
  -7.024 -15.446 -15.838
  -7.019 -15.362 -16.158
  -7.014 -15.890 -16.242
  -7.009 -16.065 -16.234
  -7.005 -15.203 -15.637
  -7.000 -16.039 -16.222
  -6.995 -15.864 -15.864
  -6.991 -15.169 -15.637
  -6.986 -15.931 -15.931
  -6.982 -16.298 -16.558
  -6.978 -16.024 -16.024
  -6.973 -15.689 -16.167
  -6.969 -14.524 -15.867
  -6.965 -15.534 -15.811
  -6.961 -15.908 -15.908
  -6.956 -16.292 -16.444
  -6.952 -16.031 -16.031
  -6.948 -15.444 -15.693
  -6.944 -16.191 -16.191
  -6.940 -15.299 -15.905
  -6.936 -15.133 -15.903
  -6.932 -15.546 -15.744
  -6.928 -15.331 -16.429
  -6.924 -16.166 -16.320
  -6.920 -15.852 -16.049
  -6.917 -16.054 -16.054
  -6.913 -16.272 -16.784
  -6.909 -15.851 -16.018
  -6.905 -16.175 -16.450
  -6.902 -16.240 -16.240
  -6.898 -15.512 -15.662
  -6.894 -14.440 -15.045
  -6.891 -16.178 -16.178
  -6.887 -14.676 -15.978
  -6.884 -15.548 -16.414
  -6.880 -15.224 -16.591
  -6.877 -15.461 -16.183
  -6.873 -15.724 -16.048
  -6.870 -16.406 -16.613
  -6.867 -16.281 -16.281
  -6.863 -15.556 -16.631
  -6.860 -16.540 -16.540
  -6.857 -16.619 -16.619
  -6.853 -15.665 -15.994
  -6.850 -16.203 -16.203
  -6.847 -14.753 -15.788
  -6.844 -16.127 -16.500
  -6.840 -16.439 -16.618
  -6.837 -17.161 -49.500
  -6.834 -16.765 -49.500
  -6.831 -16.278 -16.278
  -6.828 -16.409 -16.409
  -6.825 -16.509 -16.967
  -6.822 -16.433 -16.724
  -6.819 -16.008 -16.454
  -6.816 -16.298 -16.664
  -6.813 -15.989 -16.788
  -6.810 -16.226 -16.468
  -6.807 -16.167 -16.167
  -6.804 -16.291 -16.719
  -6.801 -16.721 -16.950
  -6.798 -16.298 -16.751
  -6.795 -15.970 -17.170
  -6.792 -16.432 -16.684
  -6.789 -16.052 -16.265
  -6.787 -15.590 -16.100
  -6.784 -16.778 -49.500
  -6.781 -16.166 -16.166
  -6.778 -16.477 -16.477
  -6.775 -16.857 -49.500
  -6.773 -15.831 -16.500
  -6.770 -15.181 -16.143
  -6.767 -15.653 -16.076
  -6.765 -16.381 -16.886
  -6.762 -16.809 -49.500
  -6.759 -15.778 -15.943
  -6.757 -15.743 -16.748
  -6.754 -15.916 -16.633
  -6.751 -16.629 -49.500
  -6.749 -16.159 -16.434
  -6.746 -16.403 -49.500
  -6.744 -16.426 -49.500
  -6.741 -49.500     NaN
  -6.739 -16.383 -16.608
  -6.736 -16.438 -16.644
  -6.734 -16.897 -49.500
  -6.731 -15.916 -16.694
  -6.729 -49.500     NaN
  -6.726 -16.776 -16.776
  -6.724 -16.861 -49.500
  -6.721 -16.298 -16.657
  -6.719 -16.728 -49.500
  -6.717 -15.558 -16.057
  -6.714 -16.707 -17.234
  -6.712 -16.479 -49.500
  -6.709 -15.191 -15.479
  -6.707 -16.006 -16.357
  -6.705 -49.500     NaN
  -6.702 -15.298 -16.239
  -6.700 -16.921 -49.500
  -6.698 -16.027 -16.791
  -6.696 -16.668 -49.500
  -6.693 -15.753 -15.753
  -6.691 -16.521 -49.500
  -6.689 -16.068 -49.500
  -6.687 -16.532 -16.957
  -6.684 -49.500 -49.500
  -6.682 -49.500     NaN
  -6.680 -16.064 -49.500
  -6.678 -16.328 -16.328
  -6.675 -16.527 -16.812
  -6.673 -49.500     NaN
  -6.671 -49.500     NaN
  -6.669 -49.500 -49.500
  -6.667 -16.616 -16.899
  -6.665 -15.972 -16.832
  -6.663 -49.500     NaN
  -6.661 -49.500 -49.500
  -6.658 -49.500 -49.500
  -6.656 -15.922 -49.500
  -6.654 -49.500 -49.500
  -6.652 -15.985 -49.500
  -6.650 -15.270 -15.270
  -6.648 -16.490 -16.802
  -6.646 -16.457 -16.963
  -6.644 -49.500     NaN
  -6.642 -16.230 -16.468
  -6.640 -16.239 -49.500
  -6.638 -49.500     NaN
  -6.636 -16.269 -16.269
  -6.634 -15.828 -16.082
  -6.632 -15.557 -16.992
  -6.630 -49.500 -49.500
  -6.628 -16.668 -49.500
  -6.626 -14.409 -14.409
  -6.624 -15.877 -49.500
  -6.622 -16.558 -49.500
  -6.620 -16.546 -16.872
  -6.618 -16.409 -49.500
  -6.617 -17.078 -49.500
  -6.615 -49.500     NaN
  -6.613 -16.229 -49.500
  -6.611 -15.764 -49.500
  -6.609 -49.500     NaN
  -6.607 -16.434 -49.500
  -6.605 -16.313 -49.500
  -6.603 -16.227 -49.500
  -6.602 -49.500 -49.500
  -6.600 -16.797 -49.500
  -6.598 -49.500 -49.500
  -6.596 -49.500     NaN
  -6.594 -16.078 -49.500
