  -8.861 -13.857 -13.857
  -8.599 -13.886 -13.886
  -8.442 -13.980 -13.980
  -8.329 -14.105 -14.105
  -8.239 -14.211 -14.211
  -8.166 -14.200 -14.200
  -8.103 -14.264 -14.264
  -8.048 -14.316 -14.316
  -7.999 -14.024 -14.311
  -7.955 -14.277 -14.277
  -7.916 -14.400 -14.400
  -7.879 -14.508 -14.508
  -7.846 -14.504 -14.504
  -7.815 -14.694 -14.694
  -7.786 -14.423 -14.423
  -7.758 -14.492 -14.492
  -7.733 -14.444 -14.637
  -7.709 -14.405 -14.405
  -7.686 -14.702 -14.702
  -7.664 -14.771 -14.771
  -7.643 -14.729 -14.729
  -7.624 -14.643 -14.643
  -7.605 -14.780 -14.780
  -7.586 -14.847 -14.847
  -7.569 -14.798 -14.798
  -7.552 -14.939 -14.939
  -7.536 -14.740 -14.740
  -7.521 -14.769 -14.769
  -7.506 -14.925 -14.925
  -7.491 -14.881 -14.881
  -7.477 -14.808 -15.086
  -7.464 -14.879 -14.879
  -7.451 -14.832 -14.832
  -7.438 -15.004 -15.004
  -7.425 -15.232 -15.232
  -7.413 -15.050 -15.050
  -7.401 -14.800 -15.105
  -7.390 -15.233 -15.233
  -7.379 -14.955 -14.955
  -7.368 -14.153 -15.119
  -7.357 -15.336 -15.336
  -7.347 -14.861 -15.117
  -7.337 -15.131 -15.131
  -7.327 -15.122 -15.122
  -7.317 -15.108 -15.108
  -7.308 -15.344 -15.344
  -7.299 -14.628 -15.182
  -7.290 -15.055 -15.055
  -7.281 -15.380 -15.546
  -7.272 -14.949 -14.949
  -7.264 -15.417 -15.417
  -7.255 -14.988 -14.988
  -7.247 -14.750 -14.750
  -7.239 -14.939 -14.939
  -7.231 -14.957 -15.240
  -7.223 -15.586 -15.586
  -7.216 -14.693 -15.362
  -7.208 -15.348 -15.565
  -7.201 -14.736 -15.025
  -7.194 -15.395 -15.395
  -7.187 -15.087 -15.635
  -7.180 -15.073 -15.734
  -7.173 -15.538 -15.538
  -7.166 -15.158 -15.328
  -7.159 -14.936 -15.613
  -7.153 -15.838 -15.838
  -7.146 -15.439 -15.613
  -7.140 -15.131 -15.466
  -7.133 -15.832 -15.832
  -7.127 -15.285 -15.584
  -7.121 -15.433 -15.433
  -7.115 -15.667 -15.667
  -7.109 -15.811 -15.811
  -7.103 -15.618 -15.618
  -7.098 -15.387 -15.696
  -7.092 -15.343 -15.526
  -7.086 -15.687 -15.687
  -7.081 -15.795 -15.795
  -7.075 -15.341 -15.681
  -7.070 -14.999 -15.700
  -7.064 -15.991 -15.991
  -7.059 -15.702 -15.879
  -7.054 -15.417 -15.745
  -7.049 -15.745 -15.745
  -7.043 -15.828 -16.008
  -7.038 -15.284 -15.480
  -7.033 -15.639 -15.911
  -7.029 -16.019 -16.019
  -7.024 -15.366 -16.114
  -7.019 -15.741 -16.269
  -7.014 -15.694 -15.961
  -7.009 -16.207 -16.207
  -7.005 -16.051 -16.051
  -7.000 -16.121 -16.121
  -6.995 -15.767 -15.767
  -6.991 -15.214 -15.505
  -6.986 -15.450 -15.450
  -6.982 -16.159 -16.471
  -6.978 -15.966 -16.223
  -6.973 -15.023 -15.829
  -6.969 -15.829 -15.829
  -6.965 -15.882 -15.882
  -6.961 -15.210 -15.627
  -6.956 -15.473 -15.725
  -6.952 -16.012 -16.012
  -6.948 -16.078 -16.353
  -6.944 -15.853 -16.484
  -6.940 -15.892 -15.892
  -6.936 -15.878 -16.236
  -6.932 -15.533 -16.003
  -6.928 -15.951 -16.221
  -6.924 -16.306 -16.464
  -6.920 -15.640 -16.218
  -6.917 -15.683 -15.907
  -6.913 -15.783 -16.182
  -6.909 -15.719 -15.984
  -6.905 -15.732 -15.895
  -6.902 -15.818 -16.128
  -6.898 -15.901 -16.107
  -6.894 -15.588 -15.789
  -6.891 -15.712 -16.038
  -6.887 -15.895 -15.895
  -6.884 -15.732 -15.931
  -6.880 -15.948 -16.431
  -6.877 -15.841 -16.119
  -6.873 -15.801 -16.224
  -6.870 -15.663 -16.027
  -6.867 -16.665 -16.938
  -6.863 -15.996 -16.391
  -6.860 -15.991 -15.991
  -6.857 -16.032 -16.032
  -6.853 -16.067 -16.067
  -6.850 -16.563 -16.719
  -6.847 -15.744 -16.342
  -6.844 -15.919 -16.383
  -6.840 -16.284 -16.284
  -6.837 -15.312 -15.690
  -6.834 -16.062 -16.270
  -6.831 -15.357 -16.339
  -6.828 -14.753 -15.835
  -6.825 -16.356 -16.631
  -6.822 -15.618 -16.199
  -6.819 -16.271 -16.271
  -6.816 -16.228 -16.228
  -6.813 -49.500     NaN
  -6.810 -15.685 -16.638
  -6.807 -14.284 -16.449
  -6.804 -16.531 -16.710
  -6.801 -15.581 -16.069
  -6.798 -15.867 -16.069
  -6.795 -16.041 -16.236
  -6.792 -15.050 -15.240
  -6.789 -15.990 -49.500
  -6.787 -14.565 -16.166
  -6.784 -15.993 -15.993
  -6.781 -15.371 -16.785
  -6.778 -15.547 -17.139
  -6.775 -15.731 -16.040
  -6.773 -49.500 -49.500
  -6.770 -49.500     NaN
  -6.767 -49.500     NaN
  -6.765 -16.587 -16.587
  -6.762 -15.848 -15.848
  -6.759 -15.977 -16.165
  -6.757 -16.448 -16.689
  -6.754 -15.505 -15.748
  -6.751 -49.500     NaN
  -6.749 -16.315 -49.500
  -6.746 -16.563 -16.847
  -6.744 -49.500 -49.500
  -6.741 -16.773 -49.500
  -6.739 -16.299 -16.656
  -6.736 -16.312 -49.500
  -6.734 -16.431 -16.861
  -6.731 -16.080 -16.609
  -6.729 -16.452 -49.500
  -6.726 -16.702 -49.500
  -6.724 -16.777 -49.500
  -6.721 -49.500     NaN
  -6.719 -16.304 -16.593
  -6.717 -16.222 -16.790
  -6.714 -15.865 -16.353
  -6.712 -16.174 -16.174
  -6.709 -49.500     NaN
  -6.707 -16.196 -49.500
  -6.705 -15.495 -16.136
  -6.702 -15.973 -49.500
  -6.700 -16.936 -49.500
  -6.698 -49.500     NaN
  -6.696 -16.810 -49.500
  -6.693 -49.500     NaN
  -6.691 -16.128 -16.128
  -6.689 -16.469 -17.061
  -6.687 -15.944 -16.278
  -6.684 -16.793 -16.793
  -6.682 -16.036 -16.390
  -6.680 -49.500 -49.500
  -6.678 -16.462 -16.462
  -6.675 -16.585 -16.950
  -6.673 -16.728 -49.500
  -6.671 -49.500 -49.500
  -6.669 -49.500 -49.500
  -6.667 -17.185 -49.500
  -6.665 -49.500     NaN
  -6.663 -49.500     NaN
  -6.661 -49.500 -49.500
  -6.658 -15.926 -16.596
  -6.656 -49.500     NaN
  -6.654 -16.340 -49.500
  -6.652 -49.500     NaN
  -6.650 -49.500 -49.500
  -6.648 -16.056 -49.500
  -6.646 -49.500     NaN
  -6.644 -49.500 -49.500
  -6.642 -16.378 -16.378
  -6.640 -16.325 -16.501
  -6.638 -16.673 -49.500
  -6.636 -49.500     NaN
  -6.634 -16.771 -49.500
  -6.632 -17.115 -17.115
  -6.630 -16.710 -49.500
  -6.628 -49.500 -49.500
  -6.626 -16.467 -16.690
  -6.624 -16.722 -49.500
  -6.622 -49.500     NaN
  -6.620 -49.500     NaN
  -6.618 -16.371 -49.500
  -6.617 -49.500     NaN
  -6.615 -49.500     NaN
  -6.613 -16.163 -16.333
  -6.611 -49.500 -49.500
  -6.609 -49.500     NaN
  -6.607 -16.165 -16.165
  -6.605 -16.695 -49.500
  -6.603 -49.500     NaN
  -6.602 -49.500     NaN
  -6.600 -16.355 -16.355
  -6.598 -16.410 -16.637
  -6.596 -16.215 -16.817
  -6.594 -49.500 -49.500
