  -8.861 -13.844 -13.844
  -8.599 -14.013 -14.013
  -8.442 -13.946 -13.946
  -8.329 -14.146 -14.146
  -8.239 -14.113 -14.113
  -8.166 -14.241 -14.241
  -8.103 -14.333 -14.333
  -8.048 -14.251 -14.251
  -7.999 -14.292 -14.292
  -7.955 -14.275 -14.275
  -7.916 -14.399 -14.399
  -7.879 -14.403 -14.403
  -7.846 -14.562 -14.562
  -7.815 -14.507 -14.507
  -7.786 -14.323 -14.323
  -7.758 -14.553 -14.553
  -7.733 -14.601 -14.601
  -7.709 -14.601 -14.601
  -7.686 -14.394 -14.584
  -7.664 -14.791 -14.791
  -7.643 -14.735 -14.917
  -7.624 -14.295 -14.636
  -7.605 -14.711 -14.711
  -7.586 -14.739 -14.739
  -7.569 -14.549 -14.810
  -7.552 -15.000 -15.000
  -7.536 -14.564 -14.784
  -7.521 -14.429 -14.687
  -7.506 -14.327 -14.327
  -7.491 -14.759 -14.922
  -7.477 -14.746 -14.982
  -7.464 -14.954 -15.154
  -7.451 -14.754 -14.966
  -7.438 -14.878 -14.878
  -7.425 -14.464 -15.176
  -7.413 -14.905 -15.093
  -7.401 -15.084 -15.084
  -7.390 -14.760 -15.036
  -7.379 -15.161 -15.161
  -7.368 -15.288 -15.288
  -7.357 -15.034 -15.034
  -7.347 -14.811 -15.052
  -7.337 -14.686 -14.896
  -7.327 -15.423 -15.423
  -7.317 -15.424 -15.424
  -7.308 -14.333 -15.237
  -7.299 -15.060 -15.232
  -7.290 -15.273 -15.273
  -7.281 -15.050 -15.313
  -7.272 -15.303 -15.303
  -7.264 -14.846 -15.341
  -7.255 -15.439 -15.439
  -7.247 -14.943 -15.124
  -7.239 -14.899 -15.086
  -7.231 -15.418 -15.418
  -7.223 -15.138 -15.468
  -7.216 -15.473 -15.473
  -7.208 -15.526 -15.526
  -7.201 -15.405 -15.405
  -7.194 -15.270 -15.475
  -7.187 -15.556 -15.556
  -7.180 -14.791 -15.236
  -7.173 -15.444 -15.607
  -7.166 -15.005 -15.326
  -7.159 -15.011 -15.298
  -7.153 -15.550 -15.858
  -7.146 -15.840 -15.840
  -7.140 -15.421 -15.421
  -7.133 -15.216 -15.594
  -7.127 -15.688 -15.951
  -7.121 -15.238 -15.594
  -7.115 -15.080 -15.479
  -7.109 -14.748 -15.537
  -7.103 -15.184 -15.357
  -7.098 -15.448 -15.448
  -7.092 -15.375 -15.375
  -7.086 -15.319 -15.818
  -7.081 -16.147 -16.147
  -7.075 -15.127 -15.619
  -7.070 -15.888 -15.888
  -7.064 -14.904 -15.859
  -7.059 -15.301 -15.870
  -7.054 -15.335 -15.829
  -7.049 -15.312 -15.862
  -7.043 -14.758 -15.985
  -7.038 -15.273 -15.273
  -7.033 -15.809 -15.980
  -7.029 -15.471 -15.686
  -7.024 -15.537 -15.537
  -7.019 -14.994 -15.457
  -7.014 -15.696 -15.863
  -7.009 -15.825 -16.093
  -7.005 -16.158 -16.158
  -7.000 -14.993 -15.371
  -6.995 -15.305 -15.769
  -6.991 -15.706 -15.706
  -6.986 -15.828 -15.828
  -6.982 -15.379 -16.303
  -6.978 -15.856 -15.856
  -6.973 -15.833 -16.215
  -6.969 -15.399 -15.933
  -6.965 -16.190 -16.560
  -6.961 -16.120 -16.288
  -6.956 -15.993 -15.993
  -6.952 -15.431 -15.823
  -6.948 -15.802 -16.033
  -6.944 -16.356 -16.356
  -6.940 -15.888 -15.888
  -6.936 -16.108 -16.108
  -6.932 -15.754 -15.754
  -6.928 -15.165 -15.318
  -6.924 -15.697 -15.697
  -6.920 -15.874 -15.874
  -6.917 -16.026 -16.026
  -6.913 -15.710 -15.988
  -6.909 -15.207 -15.904
  -6.905 -16.429 -16.429
  -6.902 -15.998 -16.641
  -6.898 -15.254 -16.154
  -6.894 -16.110 -16.435
  -6.891 -16.155 -16.438
  -6.887 -15.760 -16.648
  -6.884 -15.418 -15.824
  -6.880 -15.705 -15.705
  -6.877 -14.879 -15.666
  -6.873 -16.420 -16.420
  -6.870 -16.060 -17.016
  -6.867 -16.024 -16.193
  -6.863 -16.226 -16.226
  -6.860 -16.092 -16.267
  -6.857 -15.505 -16.443
  -6.853 -15.811 -16.229
  -6.850 -14.755 -15.690
  -6.847 -16.732 -49.500
  -6.844 -49.500     NaN
  -6.840 -15.172 -15.597
  -6.837 -16.218 -16.218
  -6.834 -14.972 -16.516
  -6.831 -15.663 -16.325
  -6.828 -16.321 -16.687
  -6.825 -15.826 -15.826
  -6.822 -16.385 -16.571
  -6.819 -16.302 -16.630
  -6.816 -15.889 -16.085
  -6.813 -15.590 -16.317
  -6.810 -14.110 -16.572
  -6.807 -15.037 -17.137
  -6.804 -16.255 -16.647
  -6.801 -14.996 -16.152
  -6.798 -16.081 -16.239
  -6.795 -16.984 -49.500
  -6.792 -16.433 -16.714
  -6.789 -15.967 -16.302
  -6.787 -16.462 -16.462
  -6.784 -15.634 -16.071
  -6.781 -16.876 -49.500
  -6.778 -49.500 -49.500
  -6.775 -15.044 -16.883
  -6.773 -14.902 -16.642
  -6.770 -15.746 -16.728
  -6.767 -16.267 -16.699
  -6.765 -16.205 -16.409
  -6.762 -15.722 -16.329
  -6.759 -15.799 -16.186
  -6.757 -16.664 -49.500
  -6.754 -16.394 -16.643
  -6.751 -15.957 -16.500
  -6.749 -15.772 -16.022
  -6.746 -15.770 -16.682
  -6.744 -16.633 -16.928
  -6.741 -49.500     NaN
  -6.739 -15.167 -16.053
  -6.736 -49.500     NaN
  -6.734 -14.896 -15.611
  -6.731 -16.700 -17.134
  -6.729 -16.349 -49.500
  -6.726 -15.286 -17.271
  -6.724 -16.436 -16.617
  -6.721 -15.956 -16.689
  -6.719 -16.552 -16.723
  -6.717 -16.510 -49.500
  -6.714 -49.500     NaN
  -6.712 -16.923 -49.500
  -6.709 -15.936 -16.496
  -6.707 -16.384 -16.804
  -6.705 -15.007 -15.472
  -6.702 -15.581 -49.500
  -6.700 -49.500 -49.500
  -6.698 -49.500     NaN
  -6.696 -16.535 -16.788
  -6.693 -17.111 -49.500
  -6.691 -49.500     NaN
  -6.689 -16.621 -49.500
  -6.687 -16.012 -16.457
  -6.684 -16.602 -49.500
  -6.682 -49.500     NaN
  -6.680 -16.455 -49.500
  -6.678 -16.101 -16.483
  -6.675 -49.500 -49.500
  -6.673 -16.735 -16.932
  -6.671 -15.911 -49.500
  -6.669 -49.500     NaN
  -6.667 -16.831 -17.206
  -6.665 -16.013 -49.500
  -6.663 -49.500     NaN
  -6.661 -49.500 -49.500
  -6.658 -49.500     NaN
  -6.656 -16.512 -16.903
  -6.654 -49.500     NaN
  -6.652 -16.112 -16.112
  -6.650 -16.056 -49.500
  -6.648 -49.500 -49.500
  -6.646 -16.444 -16.444
  -6.644 -49.500     NaN
  -6.642 -49.500     NaN
  -6.640 -16.628 -49.500
  -6.638 -16.077 -49.500
  -6.636 -16.379 -16.543
  -6.634 -49.500 -49.500
  -6.632 -49.500 -49.500
  -6.630 -16.528 -49.500
  -6.628 -15.981 -16.542
  -6.626 -49.500 -49.500
  -6.624 -16.083 -16.383
  -6.622 -16.714 -16.714
  -6.620 -49.500     NaN
  -6.618 -49.500     NaN
  -6.617 -49.500     NaN
  -6.615 -49.500     NaN
  -6.613 -49.500     NaN
  -6.611 -49.500     NaN
  -6.609 -49.500     NaN
  -6.607 -49.500     NaN
  -6.605 -16.188 -49.500
  -6.603 -49.500     NaN
  -6.602 -49.500     NaN
  -6.600 -16.497 -16.497
  -6.598 -49.500 -49.500
  -6.596 -16.004 -16.004
  -6.594 -49.500     NaN
