  -8.861 -13.846 -13.846
  -8.599 -13.888 -13.888
  -8.442 -14.020 -14.020
  -8.329 -14.066 -14.066
  -8.239 -14.169 -14.169
  -8.166 -14.278 -14.278
  -8.103 -14.206 -14.206
  -8.048 -14.293 -14.293
  -7.999 -14.313 -14.313
  -7.955 -14.380 -14.380
  -7.916 -14.407 -14.407
  -7.879 -14.400 -14.400
  -7.846 -14.564 -14.564
  -7.815 -14.359 -14.359
  -7.786 -14.449 -14.449
  -7.758 -14.360 -14.628
  -7.733 -14.394 -14.394
  -7.709 -14.610 -14.610
  -7.686 -14.664 -14.664
  -7.664 -14.310 -14.575
  -7.643 -14.429 -14.608
  -7.624 -14.695 -14.695
  -7.605 -14.411 -14.411
  -7.586 -14.674 -14.674
  -7.569 -14.767 -14.767
  -7.552 -14.598 -14.973
  -7.536 -14.989 -14.989
  -7.521 -14.891 -14.891
  -7.506 -15.049 -15.049
  -7.491 -14.610 -14.610
  -7.477 -15.058 -15.058
  -7.464 -14.779 -14.779
  -7.451 -14.960 -14.960
  -7.438 -14.917 -14.917
  -7.425 -14.988 -14.988
  -7.413 -15.098 -15.098
  -7.401 -15.031 -15.031
  -7.390 -14.681 -15.045
  -7.379 -15.030 -15.202
  -7.368 -14.989 -15.163
  -7.357 -14.890 -15.367
  -7.347 -15.122 -15.122
  -7.337 -14.969 -15.154
  -7.327 -14.321 -14.805
  -7.317 -15.242 -15.242
  -7.308 -14.905 -14.905
  -7.299 -15.022 -15.212
  -7.290 -15.325 -15.325
  -7.281 -15.491 -15.491
  -7.272 -14.549 -14.828
  -7.264 -15.110 -15.447
  -7.255 -15.463 -15.463
  -7.247 -15.450 -15.450
  -7.239 -15.435 -15.435
  -7.231 -15.469 -15.643
  -7.223 -15.434 -15.434
  -7.216 -15.697 -15.697
  -7.208 -15.672 -15.672
  -7.201 -15.338 -15.338
  -7.194 -15.257 -15.257
  -7.187 -15.273 -15.273
  -7.180 -15.502 -15.502
  -7.173 -15.327 -15.512
  -7.166 -15.675 -15.675
  -7.159 -13.758 -15.213
  -7.153 -15.345 -15.345
  -7.146 -15.887 -15.887
  -7.140 -15.333 -15.333
  -7.133 -14.837 -15.110
  -7.127 -15.070 -15.070
  -7.121 -15.746 -15.746
  -7.115 -15.458 -15.884
  -7.109 -15.488 -15.810
  -7.103 -14.885 -15.198
  -7.098 -15.607 -15.607
  -7.092 -15.025 -15.458
  -7.086 -15.226 -15.226
  -7.081 -15.765 -15.765
  -7.075 -15.930 -15.930
  -7.070 -14.867 -15.534
  -7.064 -15.675 -15.675
  -7.059 -15.534 -15.891
  -7.054 -15.892 -16.046
  -7.049 -15.693 -15.693
  -7.043 -15.976 -15.976
  -7.038 -15.712 -15.868
  -7.033 -15.406 -15.662
  -7.029 -14.847 -15.724
  -7.024 -15.680 -15.680
  -7.019 -15.803 -15.803
  -7.014 -15.483 -15.670
  -7.009 -15.283 -15.283
  -7.005 -16.121 -16.121
  -7.000 -15.749 -15.928
  -6.995 -15.407 -16.328
  -6.991 -15.070 -15.714
  -6.986 -15.733 -15.926
  -6.982 -15.852 -16.080
  -6.978 -14.542 -15.553
  -6.973 -15.737 -16.052
  -6.969 -15.542 -15.915
  -6.965 -15.983 -15.983
  -6.961 -15.739 -15.739
  -6.956 -15.071 -15.780
  -6.952 -15.555 -15.927
  -6.948 -15.563 -16.347
  -6.944 -16.537 -16.719
  -6.940 -15.880 -16.118
  -6.936 -15.274 -16.089
  -6.932 -16.032 -16.032
  -6.928 -15.709 -15.964
  -6.924 -15.743 -15.930
  -6.920 -16.073 -16.344
  -6.917 -16.047 -16.047
  -6.913 -16.035 -16.238
  -6.909 -15.656 -15.899
  -6.905 -15.725 -16.312
  -6.902 -16.302 -16.514
  -6.898 -16.879 -49.500
  -6.894 -15.749 -16.238
  -6.891 -16.193 -16.193
  -6.887 -16.142 -16.142
  -6.884 -15.436 -15.915
  -6.880 -15.836 -15.836
  -6.877 -16.011 -16.011
  -6.873 -15.837 -16.511
  -6.870 -14.913 -15.990
  -6.867 -15.571 -16.341
  -6.863 -16.249 -16.249
  -6.860 -15.836 -15.836
  -6.857 -14.686 -16.180
  -6.853 -16.045 -16.420
  -6.850 -15.677 -16.445
  -6.847 -16.948 -17.153
  -6.844 -15.510 -16.048
  -6.840 -16.405 -16.405
  -6.837 -15.405 -16.164
  -6.834 -16.595 -16.871
  -6.831 -16.032 -16.324
  -6.828 -16.171 -16.381
  -6.825 -16.147 -16.312
  -6.822 -16.368 -16.657
  -6.819 -16.419 -16.921
  -6.816 -16.092 -16.760
  -6.813 -15.810 -16.063
  -6.810 -49.500     NaN
  -6.807 -15.968 -16.222
  -6.804 -15.098 -15.382
  -6.801 -17.110 -49.500
  -6.798 -15.804 -15.804
  -6.795 -16.016 -16.304
  -6.792 -16.381 -16.381
  -6.789 -15.787 -16.040
  -6.787 -16.669 -16.669
  -6.784 -16.731 -49.500
  -6.781 -16.401 -16.401
  -6.778 -16.112 -16.659
  -6.775 -16.579 -16.579
  -6.773 -16.833 -49.500
  -6.770 -15.988 -16.520
  -6.767 -49.500     NaN
  -6.765 -16.585 -49.500
  -6.762 -15.931 -16.097
  -6.759 -16.345 -49.500
  -6.757 -16.187 -16.461
  -6.754 -16.489 -16.671
  -6.751 -16.603 -49.500
  -6.749 -16.114 -16.515
  -6.746 -49.500     NaN
  -6.744 -16.598 -49.500
  -6.741 -15.818 -16.030
  -6.739 -16.345 -16.765
  -6.736 -16.645 -16.813
  -6.734 -16.206 -16.721
  -6.731 -16.038 -16.683
  -6.729 -49.500     NaN
  -6.726 -16.422 -16.605
  -6.724 -16.785 -49.500
  -6.721 -15.739 -16.507
  -6.719 -16.361 -49.500
  -6.717 -49.500 -49.500
  -6.714 -15.714 -16.391
  -6.712 -16.362 -16.602
  -6.709 -16.368 -49.500
  -6.707 -49.500     NaN
  -6.705 -15.866 -16.451
  -6.702 -16.427 -49.500
  -6.700 -16.693 -49.500
  -6.698 -16.214 -16.214
  -6.696 -15.409 -15.854
  -6.693 -49.500     NaN
  -6.691 -16.699 -16.897
  -6.689 -16.200 -16.443
  -6.687 -16.308 -16.930
  -6.684 -14.946 -16.816
  -6.682 -16.758 -49.500
  -6.680 -49.500     NaN
  -6.678 -49.500 -49.500
  -6.675 -16.930 -17.114
  -6.673 -16.084 -49.500
  -6.671 -15.289 -49.500
  -6.669 -16.526 -49.500
  -6.667 -15.951 -16.115
  -6.665 -16.609 -17.166
  -6.663 -16.146 -17.057
  -6.661 -49.500     NaN
  -6.658 -15.559 -49.500
  -6.656 -16.221 -49.500
  -6.654 -49.500 -49.500
  -6.652 -49.500 -49.500
  -6.650 -15.317 -49.500
  -6.648 -49.500 -49.500
  -6.646 -49.500 -49.500
  -6.644 -16.044 -16.349
  -6.642 -49.500 -49.500
  -6.640 -49.500 -49.500
  -6.638 -49.500     NaN
  -6.636 -16.717 -49.500
  -6.634 -15.981 -16.668
  -6.632 -16.799 -16.999
  -6.630 -49.500     NaN
  -6.628 -16.280 -49.500
  -6.626 -16.202 -49.500
  -6.624 -49.500 -49.500
  -6.622 -49.500     NaN
  -6.620 -16.265 -16.457
  -6.618 -16.131 -49.500
  -6.617 -15.787 -16.935
  -6.615 -17.091 -49.500
  -6.613 -16.340 -49.500
  -6.611 -49.500     NaN
  -6.609 -49.500 -49.500
  -6.607 -49.500 -49.500
  -6.605 -16.233 -16.656
  -6.603 -16.317 -49.500
  -6.602 -49.500     NaN
  -6.600 -49.500     NaN
  -6.598 -49.500 -49.500
  -6.596 -49.500 -49.500
  -6.594 -49.500     NaN
