  -8.861 -13.812 -13.812
  -8.599 -13.987 -13.987
  -8.442 -14.069 -14.069
  -8.329 -14.099 -14.099
  -8.239 -14.184 -14.184
  -8.166 -14.215 -14.215
  -8.103 -14.311 -14.311
  -8.048 -14.245 -14.245
  -7.999 -14.401 -14.401
  -7.955 -14.467 -14.467
  -7.916 -13.995 -14.209
  -7.879 -14.414 -14.414
  -7.846 -14.342 -14.342
  -7.815 -14.324 -14.324
  -7.786 -14.488 -14.488
  -7.758 -14.645 -14.645
  -7.733 -14.420 -14.743
  -7.709 -14.311 -14.467
  -7.686 -14.618 -14.618
  -7.664 -14.848 -14.848
  -7.643 -14.736 -14.736
  -7.624 -14.778 -14.778
  -7.605 -14.615 -14.615
  -7.586 -14.180 -14.551
  -7.569 -14.579 -14.579
  -7.552 -14.698 -14.698
  -7.536 -14.391 -14.749
  -7.521 -15.039 -15.039
  -7.506 -14.874 -14.874
  -7.491 -14.458 -14.673
  -7.477 -14.976 -14.976
  -7.464 -14.819 -15.127
  -7.451 -15.003 -15.003
  -7.438 -14.982 -14.982
  -7.425 -14.976 -14.976
  -7.413 -15.094 -15.094
  -7.401 -14.306 -14.824
  -7.390 -14.825 -15.160
  -7.379 -14.856 -15.016
  -7.368 -15.048 -15.209
  -7.357 -14.989 -15.191
  -7.347 -14.361 -14.765
  -7.337 -14.720 -15.036
  -7.327 -15.177 -15.359
  -7.317 -15.029 -15.276
  -7.308 -14.955 -14.955
  -7.299 -15.190 -15.190
  -7.290 -15.128 -15.128
  -7.281 -15.068 -15.458
  -7.272 -15.430 -15.430
  -7.264 -14.952 -15.138
  -7.255 -15.314 -15.314
  -7.247 -15.351 -15.351
  -7.239 -14.725 -15.115
  -7.231 -15.456 -15.651
  -7.223 -15.303 -15.303
  -7.216 -15.183 -15.392
  -7.208 -15.597 -15.597
  -7.201 -15.509 -15.509
  -7.194 -15.263 -15.263
  -7.187 -15.329 -15.481
  -7.180 -15.331 -15.525
  -7.173 -15.266 -15.521
  -7.166 -15.034 -15.411
  -7.159 -15.755 -15.755
  -7.153 -15.603 -15.603
  -7.146 -15.686 -15.686
  -7.140 -15.543 -15.543
  -7.133 -15.533 -15.533
  -7.127 -15.881 -15.881
  -7.121 -15.439 -15.439
  -7.115 -15.530 -15.530
  -7.109 -15.463 -15.731
  -7.103 -15.463 -15.463
  -7.098 -15.940 -16.102
  -7.092 -15.728 -15.728
  -7.086 -15.066 -15.066
  -7.081 -14.597 -15.512
  -7.075 -15.824 -15.824
  -7.070 -15.612 -15.612
  -7.064 -15.723 -16.011
  -7.059 -15.437 -15.702
  -7.054 -15.613 -16.037
  -7.049 -15.434 -15.934
  -7.043 -15.495 -15.495
  -7.038 -15.283 -15.833
  -7.033 -15.341 -15.341
  -7.029 -15.883 -16.127
  -7.024 -15.546 -15.853
  -7.019 -15.259 -15.561
  -7.014 -15.659 -15.896
  -7.009 -15.732 -15.732
  -7.005 -15.934 -15.934
  -7.000 -15.653 -15.892
  -6.995 -15.871 -16.110
  -6.991 -15.596 -16.291
  -6.986 -16.116 -16.311
  -6.982 -14.899 -15.795
  -6.978 -15.814 -16.254
  -6.973 -15.835 -16.242
  -6.969 -16.075 -16.075
  -6.965 -15.878 -15.878
  -6.961 -15.277 -15.538
  -6.956 -16.061 -16.302
  -6.952 -15.213 -15.559
  -6.948 -16.050 -16.294
  -6.944 -15.744 -16.110
  -6.940 -16.336 -16.336
  -6.936 -15.523 -15.523
  -6.932 -15.956 -15.956
  -6.928 -15.862 -15.862
  -6.924 -15.354 -15.636
  -6.920 -16.306 -16.957
  -6.917 -15.893 -16.731
  -6.913 -15.836 -16.313
  -6.909 -15.753 -15.915
  -6.905 -15.298 -15.951
  -6.902 -15.377 -16.374
  -6.898 -16.107 -16.267
  -6.894 -15.382 -15.940
  -6.891 -15.629 -15.956
  -6.887 -15.926 -16.403
  -6.884 -16.190 -16.190
  -6.880 -16.072 -16.259
  -6.877 -16.142 -16.142
  -6.873 -16.439 -16.813
  -6.870 -15.965 -16.132
  -6.867 -15.393 -15.671
  -6.863 -14.452 -15.981
  -6.860 -14.527 -15.738
  -6.857 -16.309 -16.561
  -6.853 -16.412 -16.581
  -6.850 -16.275 -16.628
  -6.847 -16.238 -16.238
  -6.844 -15.693 -16.011
  -6.840 -15.930 -16.125
  -6.837 -16.774 -17.141
  -6.834 -15.616 -15.848
  -6.831 -15.415 -15.824
  -6.828 -16.302 -16.455
  -6.825 -15.536 -16.244
  -6.822 -15.934 -16.216
  -6.819 -16.096 -16.292
  -6.816 -15.445 -15.965
  -6.813 -16.334 -16.334
  -6.810 -17.037 -17.229
  -6.807 -15.452 -16.266
  -6.804 -15.973 -16.482
  -6.801 -16.095 -16.278
  -6.798 -16.297 -16.899
  -6.795 -16.330 -16.330
  -6.792 -15.825 -16.049
  -6.789 -16.494 -16.837
  -6.787 -49.500     NaN
  -6.784 -16.049 -16.237
  -6.781 -15.676 -16.288
  -6.778 -15.838 -16.292
  -6.775 -16.990 -49.500
  -6.773 -15.808 -49.500
  -6.770 -17.345 -49.500
  -6.767 -15.669 -15.669
  -6.765 -16.115 -16.764
  -6.762 -15.752 -16.767
  -6.759 -16.442 -16.794
  -6.757 -15.941 -16.168
  -6.754 -16.006 -16.247
  -6.751 -16.108 -16.497
  -6.749 -16.718 -49.500
  -6.746 -49.500     NaN
  -6.744 -16.596 -49.500
  -6.741 -49.500     NaN
  -6.739 -16.842 -49.500
  -6.736 -15.469 -16.727
  -6.734 -16.425 -17.421
  -6.731 -15.776 -16.260
  -6.729 -15.777 -49.500
  -6.726 -49.500     NaN
  -6.724 -15.658 -49.500
  -6.721 -49.500     NaN
  -6.719 -16.776 -17.091
  -6.717 -16.650 -49.500
  -6.714 -16.490 -49.500
  -6.712 -49.500 -49.500
  -6.709 -15.279 -16.426
  -6.707 -49.500     NaN
  -6.705 -16.538 -16.752
  -6.702 -16.715 -49.500
  -6.700 -16.683 -49.500
  -6.698 -49.500     NaN
  -6.696 -49.500     NaN
  -6.693 -16.528 -49.500
  -6.691 -15.931 -16.808
  -6.689 -49.500 -49.500
  -6.687 -49.500     NaN
  -6.684 -49.500     NaN
  -6.682 -49.500     NaN
  -6.680 -16.400 -49.500
  -6.678 -49.500     NaN
  -6.675 -16.336 -49.500
  -6.673 -16.576 -16.734
  -6.671 -16.201 -49.500
  -6.669 -16.264 -16.264
  -6.667 -49.500 -49.500
  -6.665 -16.149 -49.500
  -6.663 -15.806 -16.862
  -6.661 -15.103 -15.103
  -6.658 -16.578 -16.578
  -6.656 -49.500 -49.500
  -6.654 -49.500 -49.500
  -6.652 -16.187 -16.783
  -6.650 -16.349 -16.546
  -6.648 -49.500     NaN
  -6.646 -49.500     NaN
  -6.644 -16.443 -16.795
  -6.642 -49.500     NaN
  -6.640 -15.618 -15.618
  -6.638 -15.967 -49.500
  -6.636 -15.929 -16.325
  -6.634 -16.068 -16.277
  -6.632 -17.156 -49.500
  -6.630 -49.500 -49.500
  -6.628 -49.500 -49.500
  -6.626 -15.845 -16.556
  -6.624 -15.942 -49.500
  -6.622 -16.688 -49.500
  -6.620 -17.023 -17.023
  -6.618 -16.339 -16.668
  -6.617 -49.500     NaN
  -6.615 -49.500 -49.500
  -6.613 -15.768 -49.500
  -6.611 -16.030 -49.500
  -6.609 -16.426 -49.500
  -6.607 -15.661 -49.500
  -6.605 -49.500 -49.500
  -6.603 -16.379 -49.500
  -6.602 -49.500     NaN
  -6.600 -16.401 -49.500
  -6.598 -15.803 -49.500
  -6.596 -16.212 -49.500
  -6.594 -49.500     NaN
