  -8.861 -13.844 -13.844
  -8.599 -13.969 -13.969
  -8.442 -13.975 -13.975
  -8.329 -14.131 -14.131
  -8.239 -14.222 -14.222
  -8.166 -14.238 -14.238
  -8.103 -14.326 -14.326
  -8.048 -14.338 -14.338
  -7.999 -14.181 -14.181
  -7.955 -14.415 -14.415
  -7.916 -14.346 -14.346
  -7.879 -14.621 -14.621
  -7.846 -14.288 -14.288
  -7.815 -14.286 -14.524
  -7.786 -14.548 -14.548
  -7.758 -14.567 -14.567
  -7.733 -14.543 -14.543
  -7.709 -14.447 -14.635
  -7.686 -14.831 -14.831
  -7.664 -14.534 -14.534
  -7.643 -14.421 -14.421
  -7.624 -14.815 -14.815
  -7.605 -14.665 -14.665
  -7.586 -14.127 -14.785
  -7.569 -14.953 -14.953
  -7.552 -14.889 -14.889
  -7.536 -14.820 -14.820
  -7.521 -14.750 -14.750
  -7.506 -14.609 -14.868
  -7.491 -14.881 -14.881
  -7.477 -14.884 -14.884
  -7.464 -15.067 -15.067
  -7.451 -14.995 -14.995
  -7.438 -14.945 -14.945
  -7.425 -14.874 -14.874
  -7.413 -14.862 -14.862
  -7.401 -14.828 -14.828
  -7.390 -14.526 -14.854
  -7.379 -15.094 -15.274
  -7.368 -14.964 -15.121
  -7.357 -14.737 -15.200
  -7.347 -15.243 -15.243
  -7.337 -15.201 -15.201
  -7.327 -14.860 -14.860
  -7.317 -14.884 -14.884
  -7.308 -14.688 -15.213
  -7.299 -15.322 -15.322
  -7.290 -14.198 -14.656
  -7.281 -15.127 -15.127
  -7.272 -15.256 -15.256
  -7.264 -14.907 -15.295
  -7.255 -14.701 -15.458
  -7.247 -15.356 -15.356
  -7.239 -15.290 -15.503
  -7.231 -14.723 -15.043
  -7.223 -15.196 -15.523
  -7.216 -15.081 -15.366
  -7.208 -15.016 -15.016
  -7.201 -15.282 -15.282
  -7.194 -15.129 -15.845
  -7.187 -15.578 -15.578
  -7.180 -15.694 -15.694
  -7.173 -15.302 -15.526
  -7.166 -15.424 -15.652
  -7.159 -14.675 -15.217
  -7.153 -15.553 -15.553
  -7.146 -15.353 -15.774
  -7.140 -15.302 -15.505
  -7.133 -15.402 -15.562
  -7.127 -14.570 -15.645
  -7.121 -14.676 -15.340
  -7.115 -15.160 -15.652
  -7.109 -15.285 -15.673
  -7.103 -15.638 -15.638
  -7.098 -15.220 -15.647
  -7.092 -15.030 -15.268
  -7.086 -15.570 -15.741
  -7.081 -14.953 -15.819
  -7.075 -15.706 -16.092
  -7.070 -15.215 -15.387
  -7.064 -14.653 -15.870
  -7.059 -14.931 -15.994
  -7.054 -15.683 -15.683
  -7.049 -15.665 -16.139
  -7.043 -16.072 -16.072
  -7.038 -15.201 -15.201
  -7.033 -14.872 -15.609
  -7.029 -15.575 -16.087
  -7.024 -15.911 -15.911
  -7.019 -15.672 -15.860
  -7.014 -15.536 -15.695
  -7.009 -15.795 -16.021
  -7.005 -15.971 -15.971
  -7.000 -16.053 -16.053
  -6.995 -15.381 -15.381
  -6.991 -15.715 -15.986
  -6.986 -15.167 -15.849
  -6.982 -15.622 -15.938
  -6.978 -15.746 -16.144
  -6.973 -15.956 -15.956
  -6.969 -16.125 -16.125
  -6.965 -15.070 -15.750
  -6.961 -15.573 -15.996
  -6.956 -15.732 -15.965
  -6.952 -15.458 -15.811
  -6.948 -15.538 -16.431
  -6.944 -16.260 -16.260
  -6.940 -15.917 -15.917
  -6.936 -16.104 -16.529
  -6.932 -15.856 -16.303
  -6.928 -15.067 -16.236
  -6.924 -15.269 -15.507
  -6.920 -15.325 -15.633
  -6.917 -15.883 -16.480
  -6.913 -15.704 -15.904
  -6.909 -15.758 -15.758
  -6.905 -15.951 -16.329
  -6.902 -15.919 -16.330
  -6.898 -15.991 -16.180
  -6.894 -16.195 -16.195
  -6.891 -15.884 -16.040
  -6.887 -15.762 -16.340
  -6.884 -15.804 -15.804
  -6.880 -16.379 -16.379
  -6.877 -16.051 -16.051
  -6.873 -15.656 -16.538
  -6.870 -15.411 -15.595
  -6.867 -16.274 -16.585
  -6.863 -15.175 -15.919
  -6.860 -16.191 -16.514
  -6.857 -15.413 -16.015
  -6.853 -15.784 -15.784
  -6.850 -15.841 -16.007
  -6.847 -15.238 -15.545
  -6.844 -15.642 -16.165
  -6.840 -14.794 -16.757
  -6.837 -15.730 -15.730
  -6.834 -15.859 -16.442
  -6.831 -15.354 -15.714
  -6.828 -16.704 -17.326
  -6.825 -15.727 -16.377
  -6.822 -15.741 -15.922
  -6.819 -16.129 -16.366
  -6.816 -16.287 -16.287
  -6.813 -16.192 -16.192
  -6.810 -15.940 -15.940
  -6.807 -15.549 -15.757
  -6.804 -15.914 -16.573
  -6.801 -15.859 -16.310
  -6.798 -15.696 -16.270
  -6.795 -16.081 -16.282
  -6.792 -49.500     NaN
  -6.789 -15.816 -16.788
  -6.787 -14.923 -16.219
  -6.784 -16.354 -16.568
  -6.781 -16.780 -17.078
  -6.778 -49.500     NaN
  -6.775 -15.768 -16.724
  -6.773 -16.113 -17.035
  -6.770 -49.500     NaN
  -6.767 -16.123 -16.342
  -6.765 -16.462 -16.619
  -6.762 -16.166 -16.166
  -6.759 -16.518 -16.917
  -6.757 -16.922 -49.500
  -6.754 -16.303 -16.743
  -6.751 -16.268 -16.709
  -6.749 -16.630 -49.500
  -6.746 -15.710 -16.481
  -6.744 -16.077 -49.500
  -6.741 -15.878 -16.509
  -6.739 -16.174 -16.594
  -6.736 -49.500     NaN
  -6.734 -17.078 -49.500
  -6.731 -16.438 -16.879
  -6.729 -16.526 -49.500
  -6.726 -16.391 -16.564
  -6.724 -16.644 -49.500
  -6.721 -16.591 -16.591
  -6.719 -16.347 -16.536
  -6.717 -49.500     NaN
  -6.714 -15.633 -16.592
  -6.712 -16.356 -16.797
  -6.709 -16.972 -49.500
  -6.707 -14.010 -16.525
  -6.705 -15.638 -16.633
  -6.702 -16.527 -16.527
  -6.700 -49.500 -49.500
  -6.698 -16.793 -49.500
  -6.696 -49.500     NaN
  -6.693 -16.344 -16.344
  -6.691 -15.649 -16.149
  -6.689 -15.280 -49.500
  -6.687 -49.500     NaN
  -6.684 -15.322 -16.728
  -6.682 -49.500 -49.500
  -6.680 -15.516 -16.620
  -6.678 -49.500     NaN
  -6.675 -15.265 -16.151
  -6.673 -15.715 -49.500
  -6.671 -49.500     NaN
  -6.669 -16.313 -49.500
  -6.667 -49.500 -49.500
  -6.665 -17.164 -49.500
  -6.663 -49.500     NaN
  -6.661 -16.174 -49.500
  -6.658 -16.718 -17.066
  -6.656 -49.500 -49.500
  -6.654 -49.500 -49.500
  -6.652 -16.395 -16.395
  -6.650 -49.500     NaN
  -6.648 -16.335 -49.500
  -6.646 -15.649 -49.500
  -6.644 -49.500     NaN
  -6.642 -16.327 -16.620
  -6.640 -15.187 -16.393
  -6.638 -49.500     NaN
  -6.636 -49.500 -49.500
  -6.634 -16.454 -49.500
  -6.632 -49.500     NaN
  -6.630 -16.557 -49.500
  -6.628 -16.862 -49.500
  -6.626 -16.137 -49.500
  -6.624 -49.500     NaN
  -6.622 -49.500 -49.500
  -6.620 -49.500 -49.500
  -6.618 -49.500 -49.500
  -6.617 -16.616 -16.945
  -6.615 -17.019 -49.500
  -6.613 -49.500     NaN
  -6.611 -49.500 -49.500
  -6.609 -49.500     NaN
  -6.607 -15.228 -16.046
  -6.605 -16.825 -16.825
  -6.603 -16.143 -16.337
  -6.602 -16.117 -16.562
  -6.600 -49.500     NaN
  -6.598 -49.500 -49.500
  -6.596 -49.500     NaN
  -6.594 -15.860 -49.500
