  -8.861 -13.826 -13.826
  -8.599 -13.958 -13.958
  -8.442 -14.029 -14.029
  -8.329 -14.053 -14.053
  -8.239 -14.155 -14.155
  -8.166 -14.203 -14.203
  -8.103 -14.349 -14.349
  -8.048 -14.264 -14.264
  -7.999 -14.098 -14.298
  -7.955 -14.332 -14.332
  -7.916 -14.273 -14.273
  -7.879 -14.447 -14.447
  -7.846 -14.467 -14.467
  -7.815 -14.405 -14.405
  -7.786 -14.160 -14.450
  -7.758 -14.601 -14.601
  -7.733 -14.185 -14.513
  -7.709 -14.685 -14.685
  -7.686 -14.699 -14.699
  -7.664 -14.811 -14.811
  -7.643 -13.587 -14.678
  -7.624 -14.551 -14.833
  -7.605 -14.730 -14.730
  -7.586 -14.784 -14.784
  -7.569 -14.835 -14.835
  -7.552 -14.406 -14.699
  -7.536 -14.849 -14.849
  -7.521 -14.942 -14.942
  -7.506 -14.872 -14.872
  -7.491 -14.992 -14.992
  -7.477 -14.869 -14.869
  -7.464 -15.108 -15.108
  -7.451 -14.626 -14.925
  -7.438 -14.812 -14.812
  -7.425 -14.892 -14.892
  -7.413 -14.812 -15.034
  -7.401 -14.921 -14.921
  -7.390 -15.043 -15.043
  -7.379 -15.249 -15.249
  -7.368 -15.084 -15.289
  -7.357 -14.835 -14.999
  -7.347 -15.201 -15.381
  -7.337 -15.241 -15.412
  -7.327 -15.009 -15.193
  -7.317 -15.075 -15.075
  -7.308 -15.300 -15.300
  -7.299 -14.908 -15.134
  -7.290 -15.194 -15.436
  -7.281 -15.326 -15.326
  -7.272 -15.209 -15.374
  -7.264 -15.233 -15.233
  -7.255 -15.572 -15.572
  -7.247 -15.147 -15.351
  -7.239 -15.510 -15.722
  -7.231 -15.276 -15.528
  -7.223 -15.476 -15.476
  -7.216 -15.206 -15.386
  -7.208 -14.838 -15.053
  -7.201 -15.529 -15.529
  -7.194 -15.179 -15.179
  -7.187 -15.334 -15.731
  -7.180 -15.047 -15.047
  -7.173 -15.581 -15.581
  -7.166 -15.603 -15.603
  -7.159 -15.683 -15.683
  -7.153 -14.967 -15.357
  -7.146 -15.041 -15.602
  -7.140 -14.897 -15.306
  -7.133 -15.311 -15.311
  -7.127 -15.336 -15.336
  -7.121 -15.896 -15.896
  -7.115 -15.809 -15.809
  -7.109 -15.195 -15.468
  -7.103 -15.339 -15.593
  -7.098 -15.317 -16.108
  -7.092 -15.498 -15.741
  -7.086 -15.528 -15.694
  -7.081 -15.370 -15.370
  -7.075 -15.653 -15.814
  -7.070 -15.896 -15.896
  -7.064 -15.061 -15.628
  -7.059 -15.549 -15.549
  -7.054 -15.812 -15.812
  -7.049 -15.607 -15.777
  -7.043 -15.504 -15.504
  -7.038 -14.891 -15.299
  -7.033 -15.544 -15.544
  -7.029 -16.041 -16.041
  -7.024 -16.043 -16.043
  -7.019 -15.605 -16.127
  -7.014 -15.575 -15.874
  -7.009 -15.857 -16.138
  -7.005 -15.780 -15.780
  -7.000 -15.275 -15.858
  -6.995 -15.565 -16.121
  -6.991 -15.608 -15.950
  -6.986 -16.144 -16.144
  -6.982 -15.791 -15.958
  -6.978 -15.582 -15.582
  -6.973 -16.063 -16.224
  -6.969 -15.222 -15.405
  -6.965 -16.234 -16.234
  -6.961 -15.428 -16.043
  -6.956 -14.679 -15.771
  -6.952 -15.919 -15.919
  -6.948 -16.304 -16.304
  -6.944 -15.922 -15.922
  -6.940 -16.599 -16.599
  -6.936 -14.757 -15.784
  -6.932 -16.395 -16.395
  -6.928 -15.913 -15.913
  -6.924 -16.307 -16.307
  -6.920 -16.055 -16.055
  -6.917 -15.546 -15.784
  -6.913 -15.952 -15.952
  -6.909 -15.816 -15.976
  -6.905 -15.449 -15.653
  -6.902 -15.390 -15.590
  -6.898 -16.513 -16.790
  -6.894 -14.937 -15.813
  -6.891 -16.233 -16.427
  -6.887 -15.994 -15.994
  -6.884 -16.395 -16.395
  -6.880 -15.803 -15.803
  -6.877 -16.303 -16.575
  -6.873 -15.115 -15.818
  -6.870 -15.762 -15.762
  -6.867 -15.370 -16.516
  -6.863 -16.104 -16.543
  -6.860 -15.002 -15.578
  -6.857 -15.691 -15.855
  -6.853 -16.309 -16.698
  -6.850 -16.121 -16.405
  -6.847 -15.505 -15.883
  -6.844 -15.925 -49.500
  -6.840 -15.854 -49.500
  -6.837 -16.356 -16.567
  -6.834 -16.706 -49.500
  -6.831 -16.152 -16.335
  -6.828 -16.278 -16.278
  -6.825 -16.731 -16.916
  -6.822 -16.130 -16.375
  -6.819 -16.816 -17.480
  -6.816 -14.967 -16.067
  -6.813 -14.764 -16.709
  -6.810 -16.341 -16.650
  -6.807 -16.503 -16.503
  -6.804 -15.731 -16.645
  -6.801 -17.281 -49.500
  -6.798 -16.224 -16.379
  -6.795 -16.168 -16.652
  -6.792 -16.249 -16.605
  -6.789 -16.253 -49.500
  -6.787 -16.465 -16.881
  -6.784 -16.231 -16.461
  -6.781 -15.559 -16.309
  -6.778 -16.156 -16.548
  -6.775 -16.385 -16.663
  -6.773 -16.116 -16.365
  -6.770 -16.285 -16.530
  -6.767 -15.672 -16.219
  -6.765 -15.756 -16.505
  -6.762 -16.237 -17.233
  -6.759 -17.134 -49.500
  -6.757 -16.940 -49.500
  -6.754 -16.675 -49.500
  -6.751 -16.038 -16.335
  -6.749 -16.176 -16.860
  -6.746 -14.926 -16.450
  -6.744 -16.792 -49.500
  -6.741 -16.135 -16.366
  -6.739 -16.037 -49.500
  -6.736 -15.535 -15.800
  -6.734 -16.215 -16.702
  -6.731 -16.612 -49.500
  -6.729 -15.801 -16.682
  -6.726 -16.492 -16.978
  -6.724 -49.500     NaN
  -6.721 -49.500 -49.500
  -6.719 -16.188 -16.358
  -6.717 -49.500     NaN
  -6.714 -16.033 -16.995
  -6.712 -15.746 -49.500
  -6.709 -16.890 -49.500
  -6.707 -49.500     NaN
  -6.705 -49.500 -49.500
  -6.702 -15.189 -16.668
  -6.700 -15.755 -16.659
  -6.698 -16.179 -16.471
  -6.696 -16.029 -16.595
  -6.693 -49.500     NaN
  -6.691 -16.376 -16.664
  -6.689 -49.500     NaN
  -6.687 -15.515 -49.500
  -6.684 -16.653 -16.843
  -6.682 -16.524 -16.834
  -6.680 -49.500     NaN
  -6.678 -15.971 -15.971
  -6.675 -15.991 -17.011
  -6.673 -16.299 -49.500
  -6.671 -17.189 -49.500
  -6.669 -16.547 -16.547
  -6.667 -16.210 -16.210
  -6.665 -16.578 -49.500
  -6.663 -49.500     NaN
  -6.661 -49.500     NaN
  -6.658 -16.372 -16.372
  -6.656 -49.500 -49.500
  -6.654 -16.097 -16.881
  -6.652 -16.502 -49.500
  -6.650 -16.413 -49.500
  -6.648 -49.500 -49.500
  -6.646 -16.958 -49.500
  -6.644 -16.743 -16.909
  -6.642 -16.611 -49.500
  -6.640 -17.070 -49.500
  -6.638 -49.500 -49.500
  -6.636 -49.500 -49.500
  -6.634 -15.968 -16.888
  -6.632 -16.131 -49.500
  -6.630 -16.573 -49.500
  -6.628 -15.281 -49.500
  -6.626 -49.500     NaN
  -6.624 -49.500     NaN
  -6.622 -49.500     NaN
  -6.620 -16.247 -49.500
  -6.618 -16.019 -16.529
  -6.617 -16.244 -49.500
  -6.615 -49.500 -49.500
  -6.613 -49.500 -49.500
  -6.611 -49.500 -49.500
  -6.609 -16.156 -49.500
  -6.607 -16.505 -16.891
  -6.605 -49.500     NaN
  -6.603 -49.500     NaN
  -6.602 -16.944 -49.500
  -6.600 -49.500     NaN
  -6.598 -49.500     NaN
  -6.596 -49.500     NaN
  -6.594 -16.797 -49.500
