  -8.861 -13.758 -13.758
  -8.599 -13.889 -13.889
  -8.442 -14.040 -14.040
  -8.329 -14.131 -14.131
  -8.239 -14.190 -14.190
  -8.166 -14.207 -14.207
  -8.103 -14.250 -14.250
  -8.048 -14.082 -14.258
  -7.999 -14.191 -14.191
  -7.955 -14.422 -14.422
  -7.916 -14.407 -14.407
  -7.879 -14.538 -14.538
  -7.846 -14.436 -14.603
  -7.815 -14.471 -14.471
  -7.786 -14.426 -14.426
  -7.758 -14.588 -14.588
  -7.733 -14.502 -14.502
  -7.709 -14.524 -14.524
  -7.686 -14.553 -14.553
  -7.664 -14.614 -14.614
  -7.643 -14.647 -14.647
  -7.624 -14.860 -14.860
  -7.605 -14.776 -14.776
  -7.586 -14.798 -14.798
  -7.569 -14.730 -14.933
  -7.552 -14.543 -14.543
  -7.536 -14.928 -14.928
  -7.521 -14.703 -14.703
  -7.506 -14.962 -14.962
  -7.491 -14.820 -14.820
  -7.477 -14.980 -14.980
  -7.464 -15.011 -15.011
  -7.451 -14.944 -14.944
  -7.438 -14.746 -14.955
  -7.425 -14.896 -14.896
  -7.413 -14.725 -14.934
  -7.401 -14.737 -14.737
  -7.390 -14.851 -15.032
  -7.379 -14.748 -14.901
  -7.368 -15.075 -15.075
  -7.357 -15.187 -15.187
  -7.347 -15.286 -15.286
  -7.337 -15.094 -15.094
  -7.327 -14.820 -15.093
  -7.317 -14.886 -15.136
  -7.308 -15.348 -15.348
  -7.299 -15.028 -15.229
  -7.290 -15.345 -15.345
  -7.281 -15.163 -15.163
  -7.272 -15.112 -15.112
  -7.264 -15.032 -15.415
  -7.255 -14.702 -15.395
  -7.247 -15.157 -15.352
  -7.239 -15.221 -15.221
  -7.231 -14.496 -15.009
  -7.223 -15.240 -15.240
  -7.216 -15.459 -15.459
  -7.208 -15.296 -15.296
  -7.201 -15.145 -15.368
  -7.194 -15.251 -15.251
  -7.187 -15.681 -15.681
  -7.180 -15.604 -15.604
  -7.173 -15.442 -15.442
  -7.166 -15.636 -15.636
  -7.159 -15.282 -15.564
  -7.153 -14.534 -15.193
  -7.146 -15.629 -15.629
  -7.140 -15.625 -15.625
  -7.133 -15.783 -15.783
  -7.127 -14.646 -14.965
  -7.121 -15.640 -15.640
  -7.115 -15.665 -15.665
  -7.109 -15.330 -15.511
  -7.103 -15.140 -15.710
  -7.098 -15.555 -15.810
  -7.092 -15.640 -15.791
  -7.086 -15.676 -15.676
  -7.081 -15.837 -15.837
  -7.075 -15.573 -15.999
  -7.070 -14.945 -15.530
  -7.064 -15.890 -15.890
  -7.059 -15.251 -15.539
  -7.054 -15.620 -15.801
  -7.049 -15.501 -15.501
  -7.043 -16.020 -16.020
  -7.038 -15.463 -15.463
  -7.033 -16.091 -16.091
  -7.029 -15.317 -15.317
  -7.024 -15.059 -15.649
  -7.019 -15.212 -15.212
  -7.014 -15.805 -16.035
  -7.009 -15.303 -15.501
  -7.005 -15.290 -16.106
  -7.000 -15.869 -16.163
  -6.995 -15.417 -16.043
  -6.991 -16.011 -16.011
  -6.986 -15.602 -15.961
  -6.982 -15.776 -16.319
  -6.978 -15.186 -16.008
  -6.973 -16.012 -16.012
  -6.969 -15.014 -15.586
  -6.965 -16.284 -16.284
  -6.961 -16.267 -16.267
  -6.956 -15.842 -16.054
  -6.952 -15.437 -16.034
  -6.948 -15.677 -16.215
  -6.944 -15.170 -16.254
  -6.940 -15.738 -16.160
  -6.936 -16.104 -16.312
  -6.932 -15.718 -15.718
  -6.928 -14.315 -15.898
  -6.924 -15.060 -15.876
  -6.920 -16.028 -16.028
  -6.917 -16.510 -16.736
  -6.913 -15.716 -15.716
  -6.909 -15.818 -16.198
  -6.905 -15.695 -16.174
  -6.902 -15.458 -15.846
  -6.898 -15.211 -15.999
  -6.894 -15.513 -15.694
  -6.891 -15.928 -16.135
  -6.887 -15.560 -15.712
  -6.884 -15.605 -16.308
  -6.880 -16.049 -16.049
  -6.877 -16.440 -16.740
  -6.873 -16.682 -16.891
  -6.870 -16.656 -17.130
  -6.867 -15.981 -16.427
  -6.863 -16.358 -16.358
  -6.860 -16.372 -16.372
  -6.857 -16.138 -16.319
  -6.853 -16.470 -16.649
  -6.850 -16.069 -16.069
  -6.847 -16.264 -16.724
  -6.844 -15.986 -15.986
  -6.840 -16.346 -16.669
  -6.837 -16.291 -16.291
  -6.834 -16.011 -16.172
  -6.831 -16.367 -16.702
  -6.828 -16.195 -16.823
  -6.825 -16.122 -16.122
  -6.822 -16.197 -16.197
  -6.819 -16.756 -49.500
  -6.816 -16.402 -16.702
  -6.813 -15.773 -16.275
  -6.810 -16.476 -16.903
  -6.807 -16.870 -16.870
  -6.804 -16.407 -16.696
  -6.801 -16.184 -16.347
  -6.798 -15.160 -16.450
  -6.795 -16.727 -17.159
  -6.792 -16.097 -16.588
  -6.789 -16.273 -16.554
  -6.787 -16.358 -16.898
  -6.784 -15.766 -16.181
  -6.781 -49.500     NaN
  -6.778 -15.990 -16.351
  -6.775 -15.864 -16.211
  -6.773 -16.038 -16.354
  -6.770 -16.067 -16.430
  -6.767 -49.500     NaN
  -6.765 -49.500     NaN
  -6.762 -16.546 -16.704
  -6.759 -16.396 -49.500
  -6.757 -15.740 -15.740
  -6.754 -15.777 -15.932
  -6.751 -16.340 -49.500
  -6.749 -15.746 -16.442
  -6.746 -15.341 -49.500
  -6.744 -16.203 -16.414
  -6.741 -17.240 -49.500
  -6.739 -15.836 -16.053
  -6.736 -16.963 -49.500
  -6.734 -16.166 -17.087
  -6.731 -16.111 -16.342
  -6.729 -49.500     NaN
  -6.726 -16.176 -16.373
  -6.724 -49.500     NaN
  -6.721 -15.982 -16.789
  -6.719 -15.730 -49.500
  -6.717 -16.786 -49.500
  -6.714 -16.002 -16.677
  -6.712 -16.074 -16.074
  -6.709 -16.835 -17.042
  -6.707 -16.255 -16.737
  -6.705 -16.810 -49.500
  -6.702 -16.747 -49.500
  -6.700 -17.286 -49.500
  -6.698 -17.150 -49.500
  -6.696 -16.356 -16.633
  -6.693 -16.849 -17.073
  -6.691 -16.318 -16.472
  -6.689 -49.500     NaN
  -6.687 -15.980 -17.000
  -6.684 -49.500     NaN
  -6.682 -15.819 -49.500
  -6.680 -16.401 -16.649
  -6.678 -16.374 -49.500
  -6.675 -49.500     NaN
  -6.673 -49.500 -49.500
  -6.671 -49.500     NaN
  -6.669 -16.242 -16.563
  -6.667 -49.500     NaN
  -6.665 -15.824 -17.216
  -6.663 -16.135 -49.500
  -6.661 -15.939 -49.500
  -6.658 -16.218 -16.470
  -6.656 -14.850 -14.850
  -6.654 -16.374 -16.612
  -6.652 -15.997 -49.500
  -6.650 -16.899 -49.500
  -6.648 -49.500 -49.500
  -6.646 -15.824 -16.271
  -6.644 -49.500     NaN
  -6.642 -16.579 -49.500
  -6.640 -16.182 -16.182
  -6.638 -49.500     NaN
  -6.636 -16.321 -16.321
  -6.634 -14.779 -15.419
  -6.632 -49.500     NaN
  -6.630 -49.500     NaN
  -6.628 -15.709 -15.896
  -6.626 -49.500     NaN
  -6.624 -49.500     NaN
  -6.622 -15.115 -16.004
  -6.620 -49.500     NaN
  -6.618 -16.806 -17.012
  -6.617 -49.500     NaN
  -6.615 -49.500     NaN
  -6.613 -49.500 -49.500
  -6.611 -49.500     NaN
  -6.609 -49.500     NaN
  -6.607 -16.578 -16.834
  -6.605 -49.500 -49.500
  -6.603 -49.500     NaN
  -6.602 -49.500     NaN
  -6.600 -15.752 -16.664
  -6.598 -49.500     NaN
  -6.596 -49.500     NaN
  -6.594 -49.500 -49.500
