  -8.861 -13.839 -13.839
  -8.599 -13.955 -13.955
  -8.442 -14.044 -14.044
  -8.329 -14.003 -14.003
  -8.239 -14.190 -14.190
  -8.166 -14.269 -14.269
  -8.103 -14.223 -14.223
  -8.048 -14.283 -14.283
  -7.999 -14.227 -14.227
  -7.955 -14.347 -14.347
  -7.916 -14.452 -14.452
  -7.879 -14.422 -14.422
  -7.846 -14.317 -14.317
  -7.815 -14.592 -14.592
  -7.786 -14.482 -14.482
  -7.758 -14.645 -14.645
  -7.733 -14.432 -14.432
  -7.709 -14.436 -14.639
  -7.686 -14.684 -14.684
  -7.664 -14.595 -14.595
  -7.643 -14.734 -14.734
  -7.624 -14.481 -14.679
  -7.605 -14.415 -14.753
  -7.586 -14.742 -14.742
  -7.569 -14.806 -14.806
  -7.552 -14.741 -14.741
  -7.536 -14.652 -14.652
  -7.521 -14.775 -14.775
  -7.506 -14.870 -14.870
  -7.491 -14.940 -14.940
  -7.477 -14.862 -14.862
  -7.464 -15.287 -15.287
  -7.451 -15.057 -15.276
  -7.438 -14.387 -14.983
  -7.425 -14.827 -14.827
  -7.413 -14.802 -14.970
  -7.401 -14.799 -15.012
  -7.390 -14.986 -14.986
  -7.379 -15.110 -15.110
  -7.368 -15.244 -15.244
  -7.357 -14.900 -15.091
  -7.347 -15.013 -15.013
  -7.337 -15.062 -15.316
  -7.327 -15.261 -15.454
  -7.317 -14.655 -14.948
  -7.308 -15.216 -15.216
  -7.299 -14.947 -15.112
  -7.290 -15.075 -15.338
  -7.281 -15.472 -15.472
  -7.272 -15.273 -15.273
  -7.264 -14.873 -15.165
  -7.255 -14.884 -15.278
  -7.247 -15.342 -15.342
  -7.239 -15.162 -15.162
  -7.231 -15.247 -15.512
  -7.223 -15.705 -15.705
  -7.216 -15.125 -15.407
  -7.208 -15.545 -15.545
  -7.201 -15.098 -15.568
  -7.194 -15.195 -15.435
  -7.187 -15.234 -15.234
  -7.180 -15.469 -15.469
  -7.173 -15.413 -15.609
  -7.166 -15.201 -15.395
  -7.159 -15.210 -15.377
  -7.153 -15.159 -15.375
  -7.146 -15.328 -15.503
  -7.140 -14.596 -15.377
  -7.133 -15.590 -15.590
  -7.127 -15.683 -15.683
  -7.121 -15.699 -15.699
  -7.115 -15.265 -15.453
  -7.109 -15.707 -15.707
  -7.103 -15.373 -15.373
  -7.098 -15.944 -15.944
  -7.092 -15.728 -15.728
  -7.086 -15.681 -15.681
  -7.081 -15.384 -15.850
  -7.075 -15.246 -15.666
  -7.070 -15.739 -15.739
  -7.064 -14.978 -15.174
  -7.059 -15.479 -15.810
  -7.054 -15.243 -15.457
  -7.049 -14.440 -14.982
  -7.043 -14.985 -15.801
  -7.038 -15.651 -15.825
  -7.033 -14.806 -15.841
  -7.029 -14.799 -15.738
  -7.024 -15.024 -15.318
  -7.019 -15.858 -16.051
  -7.014 -16.102 -16.102
  -7.009 -15.643 -15.643
  -7.005 -15.322 -15.493
  -7.000 -15.798 -16.070
  -6.995 -15.904 -15.904
  -6.991 -14.274 -14.822
  -6.986 -14.046 -15.060
  -6.982 -15.318 -15.318
  -6.978 -15.202 -15.712
  -6.973 -15.911 -15.911
  -6.969 -15.204 -15.554
  -6.965 -15.996 -16.156
  -6.961 -15.378 -15.601
  -6.956 -15.934 -16.096
  -6.952 -16.090 -16.350
  -6.948 -15.263 -15.635
  -6.944 -15.722 -16.094
  -6.940 -15.992 -15.992
  -6.936 -16.015 -16.346
  -6.932 -16.069 -16.069
  -6.928 -16.294 -16.294
  -6.924 -16.578 -16.578
  -6.920 -16.026 -16.026
  -6.917 -15.847 -16.000
  -6.913 -15.739 -16.114
  -6.909 -15.864 -16.922
  -6.905 -16.049 -16.049
  -6.902 -15.752 -15.920
  -6.898 -15.212 -15.415
  -6.894 -16.197 -16.566
  -6.891 -15.956 -16.436
  -6.887 -15.852 -16.439
  -6.884 -15.310 -16.405
  -6.880 -14.565 -16.726
  -6.877 -15.899 -16.576
  -6.873 -15.256 -15.617
  -6.870 -15.205 -15.896
  -6.867 -15.367 -15.708
  -6.863 -16.050 -16.050
  -6.860 -15.682 -16.457
  -6.857 -15.348 -15.636
  -6.853 -16.041 -16.041
  -6.850 -15.831 -16.210
  -6.847 -15.478 -15.648
  -6.844 -15.143 -16.624
  -6.840 -15.611 -15.941
  -6.837 -16.268 -16.268
  -6.834 -15.627 -16.323
  -6.831 -16.091 -16.091
  -6.828 -16.296 -16.577
  -6.825 -15.947 -15.947
  -6.822 -16.601 -16.797
  -6.819 -15.609 -15.609
  -6.816 -15.894 -16.098
  -6.813 -15.532 -16.401
  -6.810 -49.500     NaN
  -6.807 -16.180 -16.743
  -6.804 -16.405 -16.561
  -6.801 -16.595 -17.091
  -6.798 -16.532 -16.753
  -6.795 -16.431 -17.151
  -6.792 -16.407 -16.407
  -6.789 -16.212 -16.497
  -6.787 -15.707 -16.090
  -6.784 -15.470 -15.470
  -6.781 -16.585 -16.826
  -6.778 -16.327 -16.995
  -6.775 -15.934 -16.330
  -6.773 -16.447 -49.500
  -6.770 -16.105 -16.381
  -6.767 -16.076 -16.483
  -6.765 -49.500     NaN
  -6.762 -16.303 -16.303
  -6.759 -16.239 -16.773
  -6.757 -16.411 -16.411
  -6.754 -15.092 -15.788
  -6.751 -15.775 -16.067
  -6.749 -15.432 -16.648
  -6.746 -49.500 -49.500
  -6.744 -16.199 -16.388
  -6.741 -16.919 -49.500
  -6.739 -15.816 -16.289
  -6.736 -15.656 -15.989
  -6.734 -15.242 -16.350
  -6.731 -15.449 -49.500
  -6.729 -16.852 -49.500
  -6.726 -49.500     NaN
  -6.724 -49.500     NaN
  -6.721 -15.829 -16.269
  -6.719 -16.321 -16.571
  -6.717 -16.301 -16.757
  -6.714 -16.470 -49.500
  -6.712 -16.016 -49.500
  -6.709 -16.748 -49.500
  -6.707 -16.094 -16.292
  -6.705 -16.605 -49.500
  -6.702 -16.395 -49.500
  -6.700 -15.680 -16.924
  -6.698 -16.424 -49.500
  -6.696 -16.934 -49.500
  -6.693 -16.648 -16.981
  -6.691 -16.782 -49.500
  -6.689 -49.500 -49.500
  -6.687 -15.748 -15.954
  -6.684 -16.931 -17.143
  -6.682 -49.500     NaN
  -6.680 -16.656 -49.500
  -6.678 -49.500     NaN
  -6.675 -49.500     NaN
  -6.673 -16.240 -16.660
  -6.671 -15.435 -49.500
  -6.669 -15.752 -16.099
  -6.667 -49.500 -49.500
  -6.665 -49.500     NaN
  -6.663 -15.401 -15.810
  -6.661 -15.579 -16.935
  -6.658 -17.034 -49.500
  -6.656 -15.938 -49.500
  -6.654 -16.275 -49.500
  -6.652 -49.500     NaN
  -6.650 -16.248 -16.248
  -6.648 -16.574 -49.500
  -6.646 -16.891 -49.500
  -6.644 -49.500 -49.500
  -6.642 -16.616 -49.500
  -6.640 -16.456 -49.500
  -6.638 -49.500 -49.500
  -6.636 -15.666 -49.500
  -6.634 -15.814 -49.500
  -6.632 -16.423 -49.500
  -6.630 -16.652 -49.500
  -6.628 -16.548 -49.500
  -6.626 -49.500 -49.500
  -6.624 -16.482 -49.500
  -6.622 -16.805 -49.500
  -6.620 -16.236 -17.020
  -6.618 -16.286 -49.500
  -6.617 -49.500     NaN
  -6.615 -49.500     NaN
  -6.613 -49.500 -49.500
  -6.611 -16.998 -49.500
  -6.609 -16.145 -49.500
  -6.607 -15.535 -15.535
  -6.605 -49.500     NaN
  -6.603 -49.500     NaN
  -6.602 -49.500 -49.500
  -6.600 -49.500     NaN
  -6.598 -49.500     NaN
  -6.596 -49.500 -49.500
  -6.594 -49.500 -49.500
