  -8.861 -13.853 -13.853
  -8.599 -13.961 -13.961
  -8.442 -14.026 -14.026
  -8.329 -14.091 -14.091
  -8.239 -14.181 -14.181
  -8.166 -14.215 -14.215
  -8.103 -14.300 -14.300
  -8.048 -14.273 -14.273
  -7.999 -14.308 -14.308
  -7.955 -14.374 -14.374
  -7.916 -14.351 -14.351
  -7.879 -14.339 -14.339
  -7.846 -14.373 -14.627
  -7.815 -14.535 -14.535
  -7.786 -14.375 -14.375
  -7.758 -14.354 -14.589
  -7.733 -14.293 -14.617
  -7.709 -14.392 -14.392
  -7.686 -14.638 -14.638
  -7.664 -14.611 -14.611
  -7.643 -14.655 -14.655
  -7.624 -14.760 -14.760
  -7.605 -14.685 -14.685
  -7.586 -14.580 -14.580
  -7.569 -14.889 -14.889
  -7.552 -14.905 -14.905
  -7.536 -14.792 -14.792
  -7.521 -14.777 -14.777
  -7.506 -14.895 -14.895
  -7.491 -15.068 -15.068
  -7.477 -14.874 -14.874
  -7.464 -14.826 -14.826
  -7.451 -14.794 -14.794
  -7.438 -14.892 -14.892
  -7.425 -15.408 -15.408
  -7.413 -14.992 -15.250
  -7.401 -15.026 -15.026
  -7.390 -14.873 -14.873
  -7.379 -14.904 -14.904
  -7.368 -14.148 -15.287
  -7.357 -15.225 -15.225
  -7.347 -15.044 -15.236
  -7.337 -15.461 -15.461
  -7.327 -14.662 -14.974
  -7.317 -14.833 -15.074
  -7.308 -15.215 -15.215
  -7.299 -14.891 -14.891
  -7.290 -14.899 -15.282
  -7.281 -15.452 -15.452
  -7.272 -15.216 -15.216
  -7.264 -14.935 -15.134
  -7.255 -15.144 -15.348
  -7.247 -15.297 -15.297
  -7.239 -15.575 -15.575
  -7.231 -15.205 -15.205
  -7.223 -15.431 -15.431
  -7.216 -15.417 -15.417
  -7.208 -15.394 -15.394
  -7.201 -15.154 -15.154
  -7.194 -15.199 -15.199
  -7.187 -15.049 -15.049
  -7.180 -15.073 -15.250
  -7.173 -14.931 -15.273
  -7.166 -15.021 -15.362
  -7.159 -15.623 -15.623
  -7.153 -15.170 -15.405
  -7.146 -14.555 -14.923
  -7.140 -15.556 -15.723
  -7.133 -15.194 -15.536
  -7.127 -15.292 -15.292
  -7.121 -15.567 -15.567
  -7.115 -15.895 -15.895
  -7.109 -15.685 -15.918
  -7.103 -15.183 -15.339
  -7.098 -15.601 -15.766
  -7.092 -15.329 -15.712
  -7.086 -15.555 -15.555
  -7.081 -14.617 -15.767
  -7.075 -16.051 -16.051
  -7.070 -15.943 -15.943
  -7.064 -15.664 -15.843
  -7.059 -15.133 -15.612
  -7.054 -15.455 -15.455
  -7.049 -15.209 -15.757
  -7.043 -14.934 -15.808
  -7.038 -15.877 -15.877
  -7.033 -14.779 -15.765
  -7.029 -15.321 -15.321
  -7.024 -14.720 -15.817
  -7.019 -15.300 -15.582
  -7.014 -15.299 -15.507
  -7.009 -16.062 -16.062
  -7.005 -15.665 -15.665
  -7.000 -16.025 -16.542
  -6.995 -15.453 -15.772
  -6.991 -15.583 -16.262
  -6.986 -15.839 -15.839
  -6.982 -15.951 -15.951
  -6.978 -15.797 -16.171
  -6.973 -16.024 -16.235
  -6.969 -15.778 -15.778
  -6.965 -16.082 -16.249
  -6.961 -14.966 -15.254
  -6.956 -16.314 -16.314
  -6.952 -16.101 -16.334
  -6.948 -15.770 -16.013
  -6.944 -16.028 -16.238
  -6.940 -15.744 -16.239
  -6.936 -15.005 -15.842
  -6.932 -16.062 -16.062
  -6.928 -16.042 -16.333
  -6.924 -15.834 -15.834
  -6.920 -15.394 -16.270
  -6.917 -15.315 -16.472
  -6.913 -15.228 -15.730
  -6.909 -16.305 -16.305
  -6.905 -16.188 -16.188
  -6.902 -15.506 -16.234
  -6.898 -15.615 -15.834
  -6.894 -15.367 -16.138
  -6.891 -16.299 -16.299
  -6.887 -16.203 -16.203
  -6.884 -16.606 -16.606
  -6.880 -15.755 -16.437
  -6.877 -14.571 -16.518
  -6.873 -16.366 -16.584
  -6.870 -15.900 -15.900
  -6.867 -16.099 -16.099
  -6.863 -16.235 -16.651
  -6.860 -15.967 -16.166
  -6.857 -16.236 -16.417
  -6.853 -16.176 -16.176
  -6.850 -15.903 -16.333
  -6.847 -17.016 -49.500
  -6.844 -16.259 -16.444
  -6.840 -15.950 -16.591
  -6.837 -16.088 -16.257
  -6.834 -16.502 -16.936
  -6.831 -15.728 -16.161
  -6.828 -16.300 -16.455
  -6.825 -16.157 -16.533
  -6.822 -16.077 -49.500
  -6.819 -16.240 -16.240
  -6.816 -16.195 -16.483
  -6.813 -15.979 -16.131
  -6.810 -16.031 -16.262
  -6.807 -16.068 -16.307
  -6.804 -15.665 -15.934
  -6.801 -16.571 -16.785
  -6.798 -16.293 -16.893
  -6.795 -16.395 -16.648
  -6.792 -15.857 -16.232
  -6.789 -15.733 -16.372
  -6.787 -16.674 -49.500
  -6.784 -15.845 -16.113
  -6.781 -16.864 -49.500
  -6.778 -16.392 -49.500
  -6.775 -16.255 -16.607
  -6.773 -16.341 -16.696
  -6.770 -15.513 -49.500
  -6.767 -16.066 -16.486
  -6.765 -16.866 -49.500
  -6.762 -15.350 -16.347
  -6.759 -15.495 -15.887
  -6.757 -15.968 -16.496
  -6.754 -16.503 -16.988
  -6.751 -16.146 -16.361
  -6.749 -15.621 -16.653
  -6.746 -49.500     NaN
  -6.744 -16.101 -16.633
  -6.741 -16.111 -16.730
  -6.739 -49.500     NaN
  -6.736 -16.898 -17.173
  -6.734 -15.848 -16.489
  -6.731 -49.500     NaN
  -6.729 -16.809 -49.500
  -6.726 -16.565 -49.500
  -6.724 -15.502 -16.202
  -6.721 -16.155 -16.642
  -6.719 -15.849 -17.420
  -6.717 -49.500 -49.500
  -6.714 -49.500     NaN
  -6.712 -49.500     NaN
  -6.709 -49.500     NaN
  -6.707 -16.581 -16.858
  -6.705 -16.297 -16.649
  -6.702 -16.866 -17.116
  -6.700 -16.493 -16.788
  -6.698 -49.500     NaN
  -6.696 -16.883 -17.048
  -6.693 -49.500 -49.500
  -6.691 -16.333 -16.657
  -6.689 -49.500 -49.500
  -6.687 -16.693 -16.909
  -6.684 -16.071 -16.370
  -6.682 -16.512 -16.738
  -6.680 -16.466 -49.500
  -6.678 -15.507 -15.754
  -6.675 -15.545 -16.004
  -6.673 -15.834 -16.730
  -6.671 -49.500 -49.500
  -6.669 -16.022 -49.500
  -6.667 -16.309 -16.309
  -6.665 -16.127 -16.807
  -6.663 -49.500     NaN
  -6.661 -16.110 -16.390
  -6.658 -49.500 -49.500
  -6.656 -14.767 -49.500
  -6.654 -16.266 -49.500
  -6.652 -15.515 -16.087
  -6.650 -16.154 -49.500
  -6.648 -16.628 -49.500
  -6.646 -16.854 -49.500
  -6.644 -49.500     NaN
  -6.642 -49.500     NaN
  -6.640 -49.500 -49.500
  -6.638 -49.500     NaN
  -6.636 -49.500 -49.500
  -6.634 -49.500     NaN
  -6.632 -14.865 -49.500
  -6.630 -49.500     NaN
  -6.628 -16.029 -49.500
  -6.626 -16.996 -49.500
  -6.624 -16.295 -17.002
  -6.622 -49.500 -49.500
  -6.620 -49.500     NaN
  -6.618 -49.500 -49.500
  -6.617 -16.774 -16.774
  -6.615 -49.500 -49.500
  -6.613 -49.500 -49.500
  -6.611 -49.500 -49.500
  -6.609 -49.500 -49.500
  -6.607 -49.500     NaN
  -6.605 -16.816 -49.500
  -6.603 -49.500 -49.500
  -6.602 -16.295 -49.500
  -6.600 -16.067 -16.695
  -6.598 -49.500     NaN
  -6.596 -15.447 -49.500
  -6.594 -16.724 -49.500
