  -8.861 -13.836 -13.836
  -8.599 -13.967 -13.967
  -8.442 -13.976 -13.976
  -8.329 -13.952 -13.952
  -8.239 -14.091 -14.091
  -8.166 -14.216 -14.216
  -8.103 -14.234 -14.234
  -8.048 -14.336 -14.336
  -7.999 -14.393 -14.393
  -7.955 -14.367 -14.367
  -7.916 -14.429 -14.429
  -7.879 -14.433 -14.433
  -7.846 -14.241 -14.241
  -7.815 -14.544 -14.544
  -7.786 -14.403 -14.403
  -7.758 -14.564 -14.564
  -7.733 -14.635 -14.635
  -7.709 -14.626 -14.626
  -7.686 -14.550 -14.550
  -7.664 -14.556 -14.556
  -7.643 -14.381 -14.597
  -7.624 -14.781 -14.781
  -7.605 -14.709 -14.872
  -7.586 -14.943 -14.943
  -7.569 -14.872 -14.872
  -7.552 -14.911 -14.911
  -7.536 -14.639 -14.812
  -7.521 -14.963 -14.963
  -7.506 -14.666 -15.024
  -7.491 -15.026 -15.026
  -7.477 -14.842 -15.100
  -7.464 -14.756 -14.963
  -7.451 -15.063 -15.063
  -7.438 -14.862 -14.862
  -7.425 -15.113 -15.113
  -7.413 -15.147 -15.147
  -7.401 -14.990 -14.990
  -7.390 -14.858 -14.858
  -7.379 -14.920 -14.920
  -7.368 -15.099 -15.376
  -7.357 -15.000 -15.287
  -7.347 -15.099 -15.275
  -7.337 -14.347 -15.287
  -7.327 -15.064 -15.258
  -7.317 -15.175 -15.175
  -7.308 -15.315 -15.315
  -7.299 -15.302 -15.302
  -7.290 -15.336 -15.336
  -7.281 -15.386 -15.386
  -7.272 -15.063 -15.435
  -7.264 -15.648 -15.648
  -7.255 -15.141 -15.367
  -7.247 -14.955 -15.229
  -7.239 -15.156 -15.412
  -7.231 -14.170 -15.514
  -7.223 -15.347 -15.347
  -7.216 -14.783 -15.533
  -7.208 -15.013 -15.013
  -7.201 -14.634 -14.879
  -7.194 -15.296 -15.665
  -7.187 -15.853 -15.853
  -7.180 -14.528 -14.971
  -7.173 -14.447 -14.893
  -7.166 -14.550 -15.664
  -7.159 -15.086 -15.356
  -7.153 -15.723 -15.723
  -7.146 -15.523 -15.679
  -7.140 -15.134 -15.421
  -7.133 -14.981 -15.449
  -7.127 -15.334 -15.334
  -7.121 -15.322 -15.744
  -7.115 -15.624 -15.871
  -7.109 -15.688 -15.953
  -7.103 -15.402 -15.633
  -7.098 -15.281 -15.607
  -7.092 -15.614 -15.614
  -7.086 -15.874 -15.874
  -7.081 -15.062 -15.251
  -7.075 -15.387 -15.835
  -7.070 -15.050 -15.465
  -7.064 -15.181 -15.588
  -7.059 -15.955 -15.955
  -7.054 -15.328 -15.897
  -7.049 -14.443 -15.776
  -7.043 -15.842 -15.842
  -7.038 -16.089 -16.089
  -7.033 -15.907 -15.907
  -7.029 -15.536 -15.793
  -7.024 -15.932 -16.220
  -7.019 -14.953 -15.145
  -7.014 -15.708 -15.708
  -7.009 -16.077 -16.077
  -7.005 -15.892 -16.128
  -7.000 -16.161 -16.384
  -6.995 -15.533 -15.885
  -6.991 -15.757 -16.245
  -6.986 -16.016 -16.016
  -6.982 -14.774 -16.115
  -6.978 -15.775 -15.775
  -6.973 -15.839 -15.839
  -6.969 -15.533 -15.979
  -6.965 -15.835 -16.047
  -6.961 -16.094 -16.314
  -6.956 -16.405 -16.405
  -6.952 -15.386 -15.917
  -6.948 -16.059 -16.059
  -6.944 -15.570 -15.894
  -6.940 -15.389 -15.389
  -6.936 -15.590 -15.590
  -6.932 -16.080 -16.274
  -6.928 -16.085 -16.085
  -6.924 -15.658 -15.861
  -6.920 -16.262 -16.748
  -6.917 -15.709 -16.042
  -6.913 -16.464 -16.644
  -6.909 -16.228 -16.520
  -6.905 -15.823 -16.066
  -6.902 -16.032 -16.355
  -6.898 -15.393 -15.932
  -6.894 -16.086 -16.247
  -6.891 -16.225 -16.582
  -6.887 -16.122 -16.122
  -6.884 -14.644 -16.639
  -6.880 -15.581 -16.024
  -6.877 -15.717 -16.196
  -6.873 -15.991 -16.186
  -6.870 -16.013 -16.167
  -6.867 -16.486 -17.186
  -6.863 -16.175 -16.175
  -6.860 -16.016 -16.199
  -6.857 -15.733 -16.001
  -6.853 -15.712 -15.712
  -6.850 -16.201 -16.633
  -6.847 -16.423 -16.423
  -6.844 -15.290 -16.099
  -6.840 -16.420 -16.614
  -6.837 -16.339 -16.834
  -6.834 -15.895 -16.658
  -6.831 -15.994 -15.994
  -6.828 -16.424 -16.589
  -6.825 -15.228 -16.085
  -6.822 -15.442 -15.675
  -6.819 -16.981 -17.149
  -6.816 -16.179 -16.411
  -6.813 -16.205 -16.359
  -6.810 -15.761 -16.177
  -6.807 -16.224 -16.641
  -6.804 -16.032 -16.032
  -6.801 -16.349 -16.526
  -6.798 -16.338 -16.555
  -6.795 -16.054 -16.472
  -6.792 -16.844 -17.235
  -6.789 -16.186 -16.357
  -6.787 -16.478 -16.975
  -6.784 -16.577 -16.796
  -6.781 -15.362 -15.746
  -6.778 -16.368 -16.818
  -6.775 -16.619 -16.619
  -6.773 -15.819 -16.090
  -6.770 -16.394 -17.013
  -6.767 -16.398 -49.500
  -6.765 -16.408 -17.088
  -6.762 -16.386 -16.386
  -6.759 -16.233 -16.432
  -6.757 -15.810 -16.209
  -6.754 -16.143 -49.500
  -6.751 -16.617 -16.819
  -6.749 -15.854 -16.534
  -6.746 -15.008 -15.893
  -6.744 -16.261 -16.650
  -6.741 -49.500     NaN
  -6.739 -49.500 -49.500
  -6.736 -16.179 -17.241
  -6.734 -15.743 -16.317
  -6.731 -16.747 -49.500
  -6.729 -49.500     NaN
  -6.726 -16.313 -49.500
  -6.724 -16.491 -16.491
  -6.721 -16.100 -49.500
  -6.719 -15.910 -16.462
  -6.717 -49.500     NaN
  -6.714 -15.978 -16.413
  -6.712 -16.528 -17.006
  -6.709 -49.500 -49.500
  -6.707 -49.500     NaN
  -6.705 -16.074 -16.232
  -6.702 -16.436 -49.500
  -6.700 -16.501 -49.500
  -6.698 -49.500 -49.500
  -6.696 -14.574 -16.938
  -6.693 -16.296 -16.575
  -6.691 -49.500     NaN
  -6.689 -49.500     NaN
  -6.687 -15.473 -16.614
  -6.684 -16.326 -49.500
  -6.682 -16.358 -16.998
  -6.680 -16.130 -49.500
  -6.678 -49.500     NaN
  -6.675 -16.390 -16.390
  -6.673 -16.794 -49.500
  -6.671 -49.500 -49.500
  -6.669 -16.409 -16.670
  -6.667 -49.500     NaN
  -6.665 -49.500     NaN
  -6.663 -16.825 -49.500
  -6.661 -16.138 -17.024
  -6.658 -49.500     NaN
  -6.656 -14.973 -49.500
  -6.654 -16.525 -49.500
  -6.652 -49.500     NaN
  -6.650 -16.504 -49.500
  -6.648 -14.689 -16.231
  -6.646 -15.568 -49.500
  -6.644 -16.319 -16.319
  -6.642 -16.398 -49.500
  -6.640 -15.633 -16.477
  -6.638 -49.500     NaN
  -6.636 -15.096 -15.719
  -6.634 -16.478 -16.478
  -6.632 -49.500 -49.500
  -6.630 -16.657 -16.657
  -6.628 -49.500 -49.500
  -6.626 -16.562 -49.500
  -6.624 -16.611 -49.500
  -6.622 -49.500     NaN
  -6.620 -49.500 -49.500
  -6.618 -49.500 -49.500
  -6.617 -49.500 -49.500
  -6.615 -16.148 -49.500
  -6.613 -49.500     NaN
  -6.611 -16.673 -49.500
  -6.609 -16.139 -49.500
  -6.607 -49.500     NaN
  -6.605 -16.314 -16.314
  -6.603 -49.500     NaN
  -6.602 -49.500 -49.500
  -6.600 -49.500     NaN
  -6.598 -17.127 -49.500
  -6.596 -49.500     NaN
  -6.594 -16.941 -49.500
