  -8.861 -13.834 -13.834
  -8.599 -13.946 -13.946
  -8.442 -13.867 -13.867
  -8.329 -14.066 -14.066
  -8.239 -14.191 -14.191
  -8.166 -14.111 -14.111
  -8.103 -14.296 -14.296
  -8.048 -14.202 -14.202
  -7.999 -14.171 -14.171
  -7.955 -14.397 -14.397
  -7.916 -14.585 -14.585
  -7.879 -14.473 -14.473
  -7.846 -14.504 -14.504
  -7.815 -13.839 -14.391
  -7.786 -14.609 -14.609
  -7.758 -14.643 -14.643
  -7.733 -14.406 -14.406
  -7.709 -14.646 -14.646
  -7.686 -14.645 -14.645
  -7.664 -14.700 -14.700
  -7.643 -14.469 -14.777
  -7.624 -14.584 -14.584
  -7.605 -14.795 -14.795
  -7.586 -14.677 -14.677
  -7.569 -14.715 -14.715
  -7.552 -14.987 -14.987
  -7.536 -14.673 -14.673
  -7.521 -14.830 -14.830
  -7.506 -14.863 -14.863
  -7.491 -14.905 -14.905
  -7.477 -14.919 -14.919
  -7.464 -14.578 -14.957
  -7.451 -14.942 -14.942
  -7.438 -14.831 -14.996
  -7.425 -15.238 -15.238
  -7.413 -15.023 -15.023
  -7.401 -15.142 -15.142
  -7.390 -15.000 -15.287
  -7.379 -14.329 -14.950
  -7.368 -14.585 -14.746
  -7.357 -14.940 -14.940
  -7.347 -15.063 -15.324
  -7.337 -15.191 -15.191
  -7.327 -15.148 -15.472
  -7.317 -14.831 -15.091
  -7.308 -14.897 -15.123
  -7.299 -15.117 -15.117
  -7.290 -15.137 -15.137
  -7.281 -15.314 -15.314
  -7.272 -15.181 -15.181
  -7.264 -15.105 -15.362
  -7.255 -15.341 -15.341
  -7.247 -15.194 -15.393
  -7.239 -14.814 -15.354
  -7.231 -14.631 -15.283
  -7.223 -15.390 -15.679
  -7.216 -15.284 -15.284
  -7.208 -15.581 -15.581
  -7.201 -14.976 -15.198
  -7.194 -15.285 -15.285
  -7.187 -15.526 -15.526
  -7.180 -15.329 -15.526
  -7.173 -15.543 -15.543
  -7.166 -14.905 -15.098
  -7.159 -14.354 -15.128
  -7.153 -15.407 -15.407
  -7.146 -15.610 -15.610
  -7.140 -14.997 -15.233
  -7.133 -15.553 -15.553
  -7.127 -15.568 -15.568
  -7.121 -15.125 -15.690
  -7.115 -15.575 -15.575
  -7.109 -15.492 -15.492
  -7.103 -15.599 -15.783
  -7.098 -15.929 -15.929
  -7.092 -15.337 -15.639
  -7.086 -15.747 -15.982
  -7.081 -15.665 -15.665
  -7.075 -14.859 -15.756
  -7.070 -15.849 -15.849
  -7.064 -15.154 -15.914
  -7.059 -15.082 -15.581
  -7.054 -15.884 -15.884
  -7.049 -15.490 -15.800
  -7.043 -15.748 -15.748
  -7.038 -15.815 -15.815
  -7.033 -15.730 -15.730
  -7.029 -15.595 -15.897
  -7.024 -16.015 -16.015
  -7.019 -15.770 -15.770
  -7.014 -15.517 -15.765
  -7.009 -15.049 -15.481
  -7.005 -16.014 -16.014
  -7.000 -15.749 -15.924
  -6.995 -15.541 -15.833
  -6.991 -15.402 -15.909
  -6.986 -15.680 -15.680
  -6.982 -15.175 -15.600
  -6.978 -15.148 -15.651
  -6.973 -16.049 -16.049
  -6.969 -15.955 -15.955
  -6.965 -15.768 -15.976
  -6.961 -15.293 -15.961
  -6.956 -15.507 -15.925
  -6.952 -15.497 -16.044
  -6.948 -16.368 -16.368
  -6.944 -15.183 -16.004
  -6.940 -15.796 -15.971
  -6.936 -16.239 -16.391
  -6.932 -16.084 -16.288
  -6.928 -15.790 -15.981
  -6.924 -15.466 -16.028
  -6.920 -16.014 -16.014
  -6.917 -15.170 -16.259
  -6.913 -15.753 -15.942
  -6.909 -15.998 -15.998
  -6.905 -16.354 -16.509
  -6.902 -15.913 -15.913
  -6.898 -16.110 -16.368
  -6.894 -16.186 -16.186
  -6.891 -15.789 -16.156
  -6.887 -15.883 -16.420
  -6.884 -15.932 -16.238
  -6.880 -15.892 -15.892
  -6.877 -16.496 -16.496
  -6.873 -15.699 -49.500
  -6.870 -15.886 -16.239
  -6.867 -16.242 -16.242
  -6.863 -15.912 -16.097
  -6.860 -16.118 -16.285
  -6.857 -15.880 -16.447
  -6.853 -15.870 -16.179
  -6.850 -16.351 -16.657
  -6.847 -16.009 -16.273
  -6.844 -15.571 -15.797
  -6.840 -15.611 -15.878
  -6.837 -15.316 -15.316
  -6.834 -16.367 -16.598
  -6.831 -15.889 -15.889
  -6.828 -16.459 -16.674
  -6.825 -15.752 -16.294
  -6.822 -16.736 -16.892
  -6.819 -16.534 -16.834
  -6.816 -16.355 -16.613
  -6.813 -16.060 -16.319
  -6.810 -16.270 -16.598
  -6.807 -16.433 -16.610
  -6.804 -15.855 -16.121
  -6.801 -15.970 -16.540
  -6.798 -49.500     NaN
  -6.795 -15.911 -16.085
  -6.792 -49.500     NaN
  -6.789 -49.500 -49.500
  -6.787 -16.080 -16.469
  -6.784 -15.413 -16.591
  -6.781 -15.672 -15.886
  -6.778 -16.220 -16.466
  -6.775 -16.323 -16.581
  -6.773 -15.761 -16.191
  -6.770 -15.873 -16.059
  -6.767 -16.471 -16.626
  -6.765 -15.867 -16.198
  -6.762 -15.533 -16.065
  -6.759 -17.013 -49.500
  -6.757 -16.418 -16.658
  -6.754 -16.377 -16.586
  -6.751 -16.366 -16.544
  -6.749 -16.765 -49.500
  -6.746 -16.286 -16.623
  -6.744 -16.376 -16.656
  -6.741 -16.655 -16.940
  -6.739 -16.289 -16.675
  -6.736 -15.959 -16.148
  -6.734 -49.500     NaN
  -6.731 -49.500     NaN
  -6.729 -16.308 -49.500
  -6.726 -16.062 -17.169
  -6.724 -16.358 -16.609
  -6.721 -15.737 -16.693
  -6.719 -16.447 -16.606
  -6.717 -16.759 -49.500
  -6.714 -15.870 -17.139
  -6.712 -49.500     NaN
  -6.709 -49.500     NaN
  -6.707 -16.997 -49.500
  -6.705 -16.417 -16.615
  -6.702 -15.638 -15.638
  -6.700 -16.434 -49.500
  -6.698 -49.500     NaN
  -6.696 -16.135 -17.029
  -6.693 -49.500     NaN
  -6.691 -16.163 -16.503
  -6.689 -16.129 -16.719
  -6.687 -49.500     NaN
  -6.684 -16.967 -49.500
  -6.682 -16.288 -17.165
  -6.680 -16.521 -16.686
  -6.678 -16.251 -49.500
  -6.675 -15.936 -49.500
  -6.673 -15.335 -16.676
  -6.671 -16.302 -17.191
  -6.669 -16.240 -16.594
  -6.667 -16.365 -49.500
  -6.665 -49.500     NaN
  -6.663 -16.431 -49.500
  -6.661 -16.621 -49.500
  -6.658 -16.777 -49.500
  -6.656 -15.740 -49.500
  -6.654 -49.500 -49.500
  -6.652 -16.602 -49.500
  -6.650 -15.108 -49.500
  -6.648 -49.500     NaN
  -6.646 -16.364 -49.500
  -6.644 -15.910 -15.910
  -6.642 -49.500     NaN
  -6.640 -16.436 -16.436
  -6.638 -49.500 -49.500
  -6.636 -49.500     NaN
  -6.634 -49.500     NaN
  -6.632 -49.500     NaN
  -6.630 -15.907 -16.100
  -6.628 -16.302 -16.302
  -6.626 -49.500     NaN
  -6.624 -16.362 -49.500
  -6.622 -16.040 -49.500
  -6.620 -15.593 -49.500
  -6.618 -49.500 -49.500
  -6.617 -49.500     NaN
  -6.615 -16.574 -49.500
  -6.613 -16.519 -49.500
  -6.611 -15.875 -16.135
  -6.609 -49.500 -49.500
  -6.607 -49.500     NaN
  -6.605 -15.991 -16.431
  -6.603 -49.500 -49.500
  -6.602 -16.776 -49.500
  -6.600 -15.903 -49.500
  -6.598 -16.675 -49.500
  -6.596 -49.500     NaN
  -6.594 -49.500     NaN
