  -8.861 -13.832 -13.832
  -8.599 -13.951 -13.951
  -8.442 -14.030 -14.030
  -8.329 -14.126 -14.126
  -8.239 -14.193 -14.193
  -8.166 -14.198 -14.198
  -8.103 -14.263 -14.263
  -8.048 -14.343 -14.343
  -7.999 -14.414 -14.414
  -7.955 -14.445 -14.445
  -7.916 -14.010 -14.433
  -7.879 -14.585 -14.585
  -7.846 -14.367 -14.534
  -7.815 -14.616 -14.616
  -7.786 -14.462 -14.462
  -7.758 -14.348 -14.566
  -7.733 -14.490 -14.490
  -7.709 -14.586 -14.586
  -7.686 -14.111 -14.758
  -7.664 -14.393 -14.735
  -7.643 -14.613 -14.825
  -7.624 -14.656 -14.656
  -7.605 -14.818 -14.818
  -7.586 -14.715 -14.715
  -7.569 -14.776 -14.776
  -7.552 -14.558 -14.747
  -7.536 -14.556 -14.556
  -7.521 -14.890 -14.890
  -7.506 -14.782 -14.782
  -7.491 -14.892 -14.892
  -7.477 -14.640 -14.640
  -7.464 -14.970 -14.970
  -7.451 -14.817 -14.817
  -7.438 -14.913 -15.068
  -7.425 -15.211 -15.211
  -7.413 -14.482 -14.988
  -7.401 -14.974 -14.974
  -7.390 -15.173 -15.173
  -7.379 -14.605 -15.128
  -7.368 -14.660 -15.059
  -7.357 -14.583 -15.170
  -7.347 -15.350 -15.350
  -7.337 -14.970 -15.373
  -7.327 -15.062 -15.251
  -7.317 -14.991 -14.991
  -7.308 -15.261 -15.261
  -7.299 -14.696 -14.918
  -7.290 -15.004 -15.004
  -7.281 -14.620 -15.447
  -7.272 -14.904 -14.904
  -7.264 -14.988 -15.154
  -7.255 -15.237 -15.237
  -7.247 -15.643 -15.643
  -7.239 -15.286 -15.454
  -7.231 -15.177 -15.436
  -7.223 -15.143 -15.562
  -7.216 -14.800 -15.016
  -7.208 -14.886 -15.345
  -7.201 -15.415 -15.607
  -7.194 -15.229 -15.229
  -7.187 -15.251 -15.414
  -7.180 -15.081 -15.081
  -7.173 -15.295 -15.514
  -7.166 -15.213 -15.636
  -7.159 -15.071 -15.413
  -7.153 -15.420 -15.652
  -7.146 -15.266 -15.688
  -7.140 -15.762 -15.762
  -7.133 -15.474 -15.676
  -7.127 -15.321 -15.321
  -7.121 -15.410 -15.589
  -7.115 -15.809 -15.809
  -7.109 -15.257 -15.501
  -7.103 -15.469 -15.706
  -7.098 -15.551 -15.551
  -7.092 -14.377 -15.284
  -7.086 -14.789 -15.161
  -7.081 -15.242 -15.678
  -7.075 -15.602 -16.018
  -7.070 -15.468 -15.668
  -7.064 -15.226 -15.422
  -7.059 -15.078 -15.791
  -7.054 -15.256 -15.878
  -7.049 -15.734 -15.734
  -7.043 -15.612 -15.769
  -7.038 -15.771 -16.057
  -7.033 -15.554 -15.554
  -7.029 -15.852 -15.852
  -7.024 -15.607 -16.029
  -7.019 -15.192 -15.192
  -7.014 -15.562 -15.792
  -7.009 -16.058 -16.058
  -7.005 -15.783 -15.783
  -7.000 -14.974 -15.505
  -6.995 -15.654 -15.824
  -6.991 -16.024 -16.024
  -6.986 -14.699 -15.949
  -6.982 -16.107 -16.107
  -6.978 -15.042 -16.014
  -6.973 -15.860 -16.031
  -6.969 -16.398 -16.398
  -6.965 -15.287 -15.622
  -6.961 -16.010 -16.010
  -6.956 -15.791 -16.025
  -6.952 -15.635 -15.635
  -6.948 -16.291 -16.291
  -6.944 -15.864 -15.864
  -6.940 -15.743 -15.970
  -6.936 -16.092 -16.092
  -6.932 -14.476 -16.222
  -6.928 -15.369 -15.369
  -6.924 -15.874 -15.874
  -6.920 -15.051 -16.486
  -6.917 -15.974 -16.318
  -6.913 -15.285 -15.597
  -6.909 -16.151 -16.151
  -6.905 -15.781 -15.781
  -6.902 -16.035 -16.551
  -6.898 -16.214 -16.368
  -6.894 -16.394 -16.670
  -6.891 -16.313 -16.313
  -6.887 -15.166 -16.209
  -6.884 -13.967 -14.728
  -6.880 -16.474 -16.474
  -6.877 -16.002 -16.002
  -6.873 -16.005 -16.005
  -6.870 -16.264 -16.897
  -6.867 -15.646 -16.281
  -6.863 -16.131 -16.131
  -6.860 -16.392 -16.392
  -6.857 -16.305 -16.305
  -6.853 -16.496 -16.496
  -6.850 -14.820 -16.509
  -6.847 -16.272 -16.272
  -6.844 -16.374 -16.712
  -6.840 -16.624 -16.775
  -6.837 -16.641 -16.641
  -6.834 -14.720 -15.720
  -6.831 -15.112 -15.316
  -6.828 -16.484 -16.773
  -6.825 -15.536 -17.077
  -6.822 -15.913 -16.083
  -6.819 -16.654 -16.913
  -6.816 -16.001 -16.532
  -6.813 -17.302 -49.500
  -6.810 -17.334 -49.500
  -6.807 -16.387 -49.500
  -6.804 -16.896 -49.500
  -6.801 -15.924 -16.230
  -6.798 -16.053 -16.386
  -6.795 -15.995 -16.758
  -6.792 -15.320 -16.256
  -6.789 -15.773 -15.952
  -6.787 -16.027 -16.250
  -6.784 -16.147 -16.567
  -6.781 -16.175 -16.471
  -6.778 -49.500     NaN
  -6.775 -16.507 -16.674
  -6.773 -15.976 -49.500
  -6.770 -15.666 -16.448
  -6.767 -15.680 -16.348
  -6.765 -16.506 -16.664
  -6.762 -16.229 -16.938
  -6.759 -16.410 -16.607
  -6.757 -16.009 -16.666
  -6.754 -16.451 -49.500
  -6.751 -16.429 -16.429
  -6.749 -16.242 -16.242
  -6.746 -16.479 -49.500
  -6.744 -16.529 -49.500
  -6.741 -15.803 -16.553
  -6.739 -16.668 -49.500
  -6.736 -49.500     NaN
  -6.734 -16.259 -16.975
  -6.731 -15.560 -16.314
  -6.729 -16.084 -16.084
  -6.726 -16.415 -49.500
  -6.724 -15.606 -15.606
  -6.721 -49.500     NaN
  -6.719 -49.500     NaN
  -6.717 -15.637 -16.937
  -6.714 -16.641 -49.500
  -6.712 -16.621 -49.500
  -6.709 -16.113 -16.335
  -6.707 -49.500     NaN
  -6.705 -15.180 -16.036
  -6.702 -16.576 -16.848
  -6.700 -16.214 -49.500
  -6.698 -49.500 -49.500
  -6.696 -15.577 -16.527
  -6.693 -16.078 -16.426
  -6.691 -49.500     NaN
  -6.689 -16.201 -16.354
  -6.687 -16.327 -16.327
  -6.684 -16.248 -17.056
  -6.682 -16.577 -49.500
  -6.680 -16.660 -49.500
  -6.678 -16.532 -16.867
  -6.675 -15.933 -49.500
  -6.673 -16.714 -49.500
  -6.671 -16.304 -49.500
  -6.669 -16.850 -49.500
  -6.667 -16.379 -49.500
  -6.665 -17.253 -49.500
  -6.663 -15.397 -49.500
  -6.661 -15.807 -16.201
  -6.658 -15.583 -49.500
  -6.656 -16.471 -16.916
  -6.654 -49.500 -49.500
  -6.652 -15.949 -16.237
  -6.650 -49.500 -49.500
  -6.648 -49.500     NaN
  -6.646 -16.540 -49.500
  -6.644 -49.500 -49.500
  -6.642 -49.500     NaN
  -6.640 -17.051 -49.500
  -6.638 -49.500     NaN
  -6.636 -16.043 -16.043
  -6.634 -49.500 -49.500
  -6.632 -49.500     NaN
  -6.630 -16.474 -49.500
  -6.628 -49.500 -49.500
  -6.626 -15.720 -16.134
  -6.624 -16.672 -16.889
  -6.622 -49.500     NaN
  -6.620 -16.259 -49.500
  -6.618 -16.244 -49.500
  -6.617 -16.324 -16.324
  -6.615 -16.245 -49.500
  -6.613 -14.619 -16.861
  -6.611 -49.500 -49.500
  -6.609 -49.500 -49.500
  -6.607 -16.323 -16.717
  -6.605 -14.574 -49.500
  -6.603 -16.354 -49.500
  -6.602 -49.500     NaN
  -6.600 -49.500     NaN
  -6.598 -16.404 -17.206
  -6.596 -16.471 -49.500
  -6.594 -16.399 -49.500
