  -8.861 -13.857 -13.857
  -8.599 -13.971 -13.971
  -8.442 -14.032 -14.032
  -8.329 -14.149 -14.149
  -8.239 -14.063 -14.063
  -8.166 -14.255 -14.255
  -8.103 -14.262 -14.262
  -8.048 -14.277 -14.277
  -7.999 -14.378 -14.378
  -7.955 -14.394 -14.394
  -7.916 -14.199 -14.387
  -7.879 -14.260 -14.260
  -7.846 -14.414 -14.414
  -7.815 -14.595 -14.595
  -7.786 -14.656 -14.656
  -7.758 -14.538 -14.538
  -7.733 -14.513 -14.513
  -7.709 -14.663 -14.663
  -7.686 -14.532 -14.532
  -7.664 -14.372 -14.594
  -7.643 -14.552 -14.552
  -7.624 -14.703 -14.703
  -7.605 -14.684 -14.684
  -7.586 -14.650 -14.650
  -7.569 -14.537 -14.537
  -7.552 -14.683 -14.683
  -7.536 -14.607 -14.881
  -7.521 -14.699 -14.850
  -7.506 -14.966 -14.966
  -7.491 -14.516 -14.516
  -7.477 -14.813 -14.974
  -7.464 -14.695 -14.865
  -7.451 -14.442 -14.893
  -7.438 -14.675 -14.927
  -7.425 -14.924 -15.093
  -7.413 -14.953 -14.953
  -7.401 -14.679 -15.064
  -7.390 -14.728 -14.979
  -7.379 -15.135 -15.291
  -7.368 -14.878 -15.222
  -7.357 -14.789 -15.092
  -7.347 -14.943 -15.165
  -7.337 -15.215 -15.215
  -7.327 -14.541 -14.943
  -7.317 -14.415 -15.006
  -7.308 -14.470 -15.242
  -7.299 -15.113 -15.113
  -7.290 -14.804 -14.804
  -7.281 -15.074 -15.260
  -7.272 -15.178 -15.178
  -7.264 -15.448 -15.448
  -7.255 -15.224 -15.224
  -7.247 -14.887 -15.138
  -7.239 -15.051 -15.528
  -7.231 -15.473 -15.473
  -7.223 -15.439 -15.439
  -7.216 -15.253 -15.416
  -7.208 -15.732 -15.732
  -7.201 -14.930 -15.267
  -7.194 -14.737 -15.169
  -7.187 -15.485 -15.485
  -7.180 -14.982 -15.235
  -7.173 -15.560 -15.560
  -7.166 -15.036 -15.406
  -7.159 -15.328 -15.596
  -7.153 -14.781 -15.333
  -7.146 -15.462 -15.808
  -7.140 -15.267 -15.494
  -7.133 -15.409 -15.409
  -7.127 -15.230 -15.436
  -7.121 -15.612 -15.920
  -7.115 -15.426 -15.960
  -7.109 -14.101 -15.938
  -7.103 -14.995 -15.329
  -7.098 -15.542 -15.929
  -7.092 -15.768 -16.100
  -7.086 -14.966 -15.590
  -7.081 -15.074 -15.416
  -7.075 -15.735 -15.735
  -7.070 -15.620 -15.620
  -7.064 -15.577 -15.858
  -7.059 -14.959 -15.358
  -7.054 -15.483 -15.713
  -7.049 -15.949 -15.949
  -7.043 -15.391 -15.595
  -7.038 -15.895 -16.100
  -7.033 -15.795 -15.795
  -7.029 -15.919 -16.123
  -7.024 -15.087 -15.602
  -7.019 -14.503 -15.849
  -7.014 -15.252 -15.496
  -7.009 -16.255 -16.255
  -7.005 -15.970 -15.970
  -7.000 -14.443 -15.157
  -6.995 -15.752 -15.920
  -6.991 -15.590 -15.771
  -6.986 -15.599 -15.599
  -6.982 -15.736 -15.938
  -6.978 -15.857 -15.857
  -6.973 -16.310 -16.310
  -6.969 -15.734 -15.996
  -6.965 -15.454 -15.784
  -6.961 -16.300 -16.300
  -6.956 -14.602 -15.377
  -6.952 -15.387 -16.127
  -6.948 -15.756 -15.756
  -6.944 -16.265 -16.265
  -6.940 -15.960 -15.960
  -6.936 -15.442 -16.280
  -6.932 -16.085 -16.085
  -6.928 -15.855 -16.029
  -6.924 -15.792 -15.792
  -6.920 -16.132 -16.132
  -6.917 -15.522 -15.750
  -6.913 -16.084 -16.084
  -6.909 -15.881 -15.881
  -6.905 -16.039 -16.248
  -6.902 -16.123 -16.294
  -6.898 -16.060 -16.060
  -6.894 -16.110 -16.325
  -6.891 -16.184 -16.407
  -6.887 -16.260 -16.988
  -6.884 -16.314 -16.314
  -6.880 -16.500 -16.726
  -6.877 -16.354 -16.566
  -6.873 -15.992 -15.992
  -6.870 -16.190 -16.492
  -6.867 -16.029 -16.755
  -6.863 -15.569 -16.229
  -6.860 -16.096 -16.387
  -6.857 -16.126 -16.346
  -6.853 -15.774 -15.774
  -6.850 -15.285 -16.098
  -6.847 -15.599 -15.779
  -6.844 -16.425 -16.425
  -6.840 -15.299 -15.576
  -6.837 -15.630 -16.044
  -6.834 -15.058 -16.073
  -6.831 -14.910 -16.301
  -6.828 -16.502 -16.502
  -6.825 -16.236 -16.713
  -6.822 -16.860 -17.221
  -6.819 -15.921 -16.213
  -6.816 -16.064 -16.315
  -6.813 -15.732 -17.362
  -6.810 -16.206 -16.206
  -6.807 -16.353 -16.353
  -6.804 -16.159 -16.356
  -6.801 -15.866 -16.147
  -6.798 -16.499 -49.500
  -6.795 -16.650 -17.109
  -6.792 -16.235 -16.677
  -6.789 -49.500     NaN
  -6.787 -16.216 -16.386
  -6.784 -15.937 -16.265
  -6.781 -15.095 -16.258
  -6.778 -16.188 -16.552
  -6.775 -16.549 -16.803
  -6.773 -16.599 -16.891
  -6.770 -16.764 -49.500
  -6.767 -15.004 -16.336
  -6.765 -16.641 -16.641
  -6.762 -15.350 -15.578
  -6.759 -15.651 -16.209
  -6.757 -16.367 -16.697
  -6.754 -16.382 -16.568
  -6.751 -16.234 -16.941
  -6.749 -16.081 -49.500
  -6.746 -15.811 -16.161
  -6.744 -15.652 -15.902
  -6.741 -16.023 -16.545
  -6.739 -16.208 -16.718
  -6.736 -16.061 -16.225
  -6.734 -16.638 -49.500
  -6.731 -16.891 -49.500
  -6.729 -16.705 -49.500
  -6.726 -16.609 -16.912
  -6.724 -16.870 -17.043
  -6.721 -16.056 -16.604
  -6.719 -16.651 -49.500
  -6.717 -17.105 -49.500
  -6.714 -16.152 -16.304
  -6.712 -15.843 -16.710
  -6.709 -15.873 -16.734
  -6.707 -14.977 -16.734
  -6.705 -49.500     NaN
  -6.702 -49.500 -49.500
  -6.700 -16.225 -16.225
  -6.698 -49.500     NaN
  -6.696 -16.459 -49.500
  -6.693 -16.769 -49.500
  -6.691 -15.968 -49.500
  -6.689 -49.500     NaN
  -6.687 -16.868 -49.500
  -6.684 -16.593 -49.500
  -6.682 -16.685 -16.898
  -6.680 -16.953 -49.500
  -6.678 -16.293 -49.500
  -6.675 -49.500     NaN
  -6.673 -49.500     NaN
  -6.671 -49.500     NaN
  -6.669 -49.500     NaN
  -6.667 -16.255 -16.695
  -6.665 -16.400 -49.500
  -6.663 -49.500     NaN
  -6.661 -49.500 -49.500
  -6.658 -15.237 -49.500
  -6.656 -16.087 -16.087
  -6.654 -49.500     NaN
  -6.652 -49.500     NaN
  -6.650 -16.353 -16.590
  -6.648 -16.156 -49.500
  -6.646 -49.500 -49.500
  -6.644 -16.314 -16.314
  -6.642 -49.500     NaN
  -6.640 -49.500 -49.500
  -6.638 -16.507 -49.500
  -6.636 -16.576 -49.500
  -6.634 -49.500 -49.500
  -6.632 -16.177 -16.668
  -6.630 -49.500     NaN
  -6.628 -16.112 -16.387
  -6.626 -49.500 -49.500
  -6.624 -49.500     NaN
  -6.622 -49.500     NaN
  -6.620 -49.500     NaN
  -6.618 -16.466 -49.500
  -6.617 -49.500 -49.500
  -6.615 -49.500 -49.500
  -6.613 -49.500 -49.500
  -6.611 -49.500     NaN
  -6.609 -16.593 -16.772
  -6.607 -49.500 -49.500
  -6.605 -49.500     NaN
  -6.603 -49.500     NaN
  -6.602 -49.500     NaN
  -6.600 -49.500     NaN
  -6.598 -49.500 -49.500
  -6.596 -49.500 -49.500
  -6.594 -16.010 -16.010
