  -8.861 -13.842 -13.842
  -8.599 -13.979 -13.979
  -8.442 -13.925 -13.925
  -8.329 -14.114 -14.114
  -8.239 -14.069 -14.069
  -8.166 -14.233 -14.233
  -8.103 -14.157 -14.157
  -8.048 -14.314 -14.314
  -7.999 -14.324 -14.324
  -7.955 -14.276 -14.276
  -7.916 -14.364 -14.364
  -7.879 -14.471 -14.471
  -7.846 -14.586 -14.586
  -7.815 -14.486 -14.486
  -7.786 -14.722 -14.722
  -7.758 -14.386 -14.386
  -7.733 -14.610 -14.610
  -7.709 -14.635 -14.635
  -7.686 -14.653 -14.653
  -7.664 -14.724 -14.724
  -7.643 -14.498 -14.498
  -7.624 -14.426 -14.598
  -7.605 -14.611 -14.611
  -7.586 -14.305 -14.305
  -7.569 -14.833 -14.833
  -7.552 -14.490 -14.791
  -7.536 -14.943 -14.943
  -7.521 -14.881 -14.881
  -7.506 -14.627 -14.914
  -7.491 -14.990 -14.990
  -7.477 -14.881 -14.881
  -7.464 -14.716 -14.716
  -7.451 -15.039 -15.039
  -7.438 -14.804 -15.065
  -7.425 -14.726 -15.075
  -7.413 -15.069 -15.248
  -7.401 -15.033 -15.033
  -7.390 -15.047 -15.047
  -7.379 -14.965 -14.965
  -7.368 -15.184 -15.184
  -7.357 -15.305 -15.305
  -7.347 -14.765 -14.765
  -7.337 -15.015 -15.015
  -7.327 -15.228 -15.228
  -7.317 -15.378 -15.378
  -7.308 -15.013 -15.013
  -7.299 -14.984 -14.984
  -7.290 -15.169 -15.360
  -7.281 -14.712 -15.216
  -7.272 -15.403 -15.588
  -7.264 -15.469 -15.469
  -7.255 -14.583 -15.213
  -7.247 -14.978 -15.166
  -7.239 -15.447 -15.605
  -7.231 -15.567 -15.567
  -7.223 -15.102 -15.102
  -7.216 -15.299 -15.534
  -7.208 -15.410 -15.410
  -7.201 -15.291 -15.532
  -7.194 -15.607 -15.840
  -7.187 -15.439 -15.439
  -7.180 -15.429 -15.631
  -7.173 -15.631 -15.631
  -7.166 -15.598 -15.598
  -7.159 -15.236 -15.484
  -7.153 -14.851 -15.012
  -7.146 -14.707 -15.830
  -7.140 -14.851 -15.324
  -7.133 -15.635 -15.635
  -7.127 -15.505 -15.505
  -7.121 -15.673 -15.849
  -7.115 -15.295 -15.582
  -7.109 -15.628 -15.789
  -7.103 -14.755 -15.290
  -7.098 -15.763 -15.763
  -7.092 -15.461 -15.461
  -7.086 -15.723 -15.969
  -7.081 -15.790 -15.790
  -7.075 -14.560 -15.657
  -7.070 -15.268 -15.268
  -7.064 -15.295 -15.864
  -7.059 -15.940 -15.940
  -7.054 -15.499 -15.704
  -7.049 -15.691 -15.860
  -7.043 -15.983 -15.983
  -7.038 -15.531 -15.531
  -7.033 -15.227 -15.745
  -7.029 -15.647 -16.191
  -7.024 -15.971 -15.971
  -7.019 -14.613 -14.840
  -7.014 -16.062 -16.062
  -7.009 -14.940 -15.840
  -7.005 -15.592 -16.114
  -7.000 -15.955 -15.955
  -6.995 -15.942 -15.942
  -6.991 -15.923 -16.084
  -6.986 -15.317 -15.617
  -6.982 -15.657 -15.831
  -6.978 -15.936 -15.936
  -6.973 -16.064 -16.064
  -6.969 -15.083 -15.253
  -6.965 -15.425 -15.953
  -6.961 -16.192 -16.192
  -6.956 -16.465 -16.465
  -6.952 -15.431 -15.667
  -6.948 -15.706 -15.858
  -6.944 -15.662 -16.327
  -6.940 -15.733 -16.039
  -6.936 -15.879 -16.349
  -6.932 -15.748 -15.978
  -6.928 -15.551 -16.305
  -6.924 -15.623 -15.939
  -6.920 -15.620 -16.073
  -6.917 -16.087 -16.087
  -6.913 -16.063 -16.353
  -6.909 -16.037 -16.037
  -6.905 -16.115 -16.115
  -6.902 -16.560 -16.717
  -6.898 -15.830 -16.126
  -6.894 -16.169 -16.331
  -6.891 -15.861 -16.294
  -6.887 -16.069 -16.585
  -6.884 -15.649 -15.906
  -6.880 -16.295 -16.295
  -6.877 -16.811 -17.284
  -6.873 -15.573 -16.288
  -6.870 -15.429 -16.099
  -6.867 -16.127 -16.127
  -6.863 -16.720 -17.422
  -6.860 -16.113 -16.113
  -6.857 -15.631 -16.378
  -6.853 -15.358 -15.809
  -6.850 -16.069 -16.069
  -6.847 -16.766 -16.766
  -6.844 -15.775 -16.330
  -6.840 -15.334 -15.845
  -6.837 -15.799 -16.090
  -6.834 -16.352 -16.524
  -6.831 -14.546 -16.220
  -6.828 -15.485 -15.888
  -6.825 -16.148 -16.597
  -6.822 -16.918 -49.500
  -6.819 -16.396 -16.396
  -6.816 -16.009 -16.570
  -6.813 -16.015 -16.770
  -6.810 -15.705 -15.892
  -6.807 -16.605 -49.500
  -6.804 -16.119 -16.412
  -6.801 -49.500     NaN
  -6.798 -16.355 -16.560
  -6.795 -16.138 -16.138
  -6.792 -16.024 -16.246
  -6.789 -16.330 -17.057
  -6.787 -15.277 -16.033
  -6.784 -15.635 -16.153
  -6.781 -49.500     NaN
  -6.778 -16.761 -16.982
  -6.775 -16.446 -16.846
  -6.773 -16.368 -16.523
  -6.770 -16.446 -16.446
  -6.767 -15.539 -16.037
  -6.765 -16.032 -49.500
  -6.762 -16.240 -49.500
  -6.759 -14.571 -16.406
  -6.757 -16.128 -16.786
  -6.754 -16.356 -16.787
  -6.751 -16.511 -16.722
  -6.749 -16.460 -49.500
  -6.746 -15.907 -16.643
  -6.744 -16.247 -16.483
  -6.741 -16.354 -16.634
  -6.739 -16.100 -16.302
  -6.736 -15.153 -49.500
  -6.734 -16.780 -49.500
  -6.731 -16.072 -16.662
  -6.729 -49.500     NaN
  -6.726 -15.823 -16.702
  -6.724 -15.567 -16.571
  -6.721 -16.081 -49.500
  -6.719 -16.512 -16.767
  -6.717 -15.970 -49.500
  -6.714 -16.095 -16.251
  -6.712 -16.335 -49.500
  -6.709 -16.863 -49.500
  -6.707 -16.910 -49.500
  -6.705 -14.068 -16.545
  -6.702 -16.222 -49.500
  -6.700 -16.304 -16.693
  -6.698 -16.825 -49.500
  -6.696 -16.258 -16.432
  -6.693 -49.500     NaN
  -6.691 -15.659 -16.055
  -6.689 -49.500     NaN
  -6.687 -16.527 -17.004
  -6.684 -15.734 -16.427
  -6.682 -16.858 -49.500
  -6.680 -16.867 -49.500
  -6.678 -16.794 -49.500
  -6.675 -49.500 -49.500
  -6.673 -15.242 -16.785
  -6.671 -16.121 -16.365
  -6.669 -14.576 -49.500
  -6.667 -16.719 -49.500
  -6.665 -16.677 -49.500
  -6.663 -16.197 -16.599
  -6.661 -49.500     NaN
  -6.658 -16.947 -49.500
  -6.656 -16.560 -49.500
  -6.654 -16.674 -49.500
  -6.652 -49.500     NaN
  -6.650 -49.500     NaN
  -6.648 -14.692 -16.927
  -6.646 -15.900 -49.500
  -6.644 -16.227 -17.105
  -6.642 -15.428 -15.428
  -6.640 -15.014 -16.704
  -6.638 -49.500     NaN
  -6.636 -49.500     NaN
  -6.634 -16.404 -49.500
  -6.632 -49.500     NaN
  -6.630 -16.139 -49.500
  -6.628 -16.096 -49.500
  -6.626 -15.804 -16.129
  -6.624 -16.248 -49.500
  -6.622 -16.278 -49.500
  -6.620 -17.009 -49.500
  -6.618 -16.437 -49.500
  -6.617 -15.826 -16.309
  -6.615 -49.500     NaN
  -6.613 -16.920 -49.500
  -6.611 -14.195 -49.500
  -6.609 -16.599 -49.500
  -6.607 -49.500     NaN
  -6.605 -16.573 -49.500
  -6.603 -16.784 -49.500
  -6.602 -16.973 -49.500
  -6.600 -49.500 -49.500
  -6.598 -16.319 -49.500
  -6.596 -49.500     NaN
  -6.594 -49.500 -49.500
