  -8.861 -13.829 -13.829
  -8.599 -13.970 -13.970
  -8.442 -14.035 -14.035
  -8.329 -14.150 -14.150
  -8.239 -14.191 -14.191
  -8.166 -14.242 -14.242
  -8.103 -14.336 -14.336
  -8.048 -14.409 -14.409
  -7.999 -14.319 -14.319
  -7.955 -14.221 -14.221
  -7.916 -14.393 -14.393
  -7.879 -14.430 -14.430
  -7.846 -14.371 -14.371
  -7.815 -14.512 -14.512
  -7.786 -14.583 -14.583
  -7.758 -14.538 -14.538
  -7.733 -14.572 -14.572
  -7.709 -14.560 -14.560
  -7.686 -14.649 -14.649
  -7.664 -14.538 -14.538
  -7.643 -14.515 -14.701
  -7.624 -14.668 -14.668
  -7.605 -14.437 -14.634
  -7.586 -14.316 -14.655
  -7.569 -14.745 -14.904
  -7.552 -14.739 -14.739
  -7.536 -14.793 -14.793
  -7.521 -14.661 -14.820
  -7.506 -14.720 -14.909
  -7.491 -14.972 -14.972
  -7.477 -14.635 -14.938
  -7.464 -14.859 -14.859
  -7.451 -14.787 -14.787
  -7.438 -14.955 -14.955
  -7.425 -14.977 -14.977
  -7.413 -14.997 -14.997
  -7.401 -15.186 -15.186
  -7.390 -14.614 -14.974
  -7.379 -15.087 -15.087
  -7.368 -15.002 -15.002
  -7.357 -15.107 -15.107
  -7.347 -15.184 -15.184
  -7.337 -15.146 -15.146
  -7.327 -15.158 -15.158
  -7.317 -15.149 -15.344
  -7.308 -15.317 -15.559
  -7.299 -14.923 -14.923
  -7.290 -15.463 -15.616
  -7.281 -15.052 -15.454
  -7.272 -14.913 -15.502
  -7.264 -15.064 -15.064
  -7.255 -15.511 -15.679
  -7.247 -15.112 -15.294
  -7.239 -15.444 -15.444
  -7.231 -15.381 -15.381
  -7.223 -15.576 -15.576
  -7.216 -15.411 -15.600
  -7.208 -15.174 -15.369
  -7.201 -14.828 -15.024
  -7.194 -15.718 -15.718
  -7.187 -15.713 -15.713
  -7.180 -14.789 -15.307
  -7.173 -14.729 -15.533
  -7.166 -15.480 -15.779
  -7.159 -15.405 -15.405
  -7.153 -15.575 -15.575
  -7.146 -15.333 -15.333
  -7.140 -15.037 -15.263
  -7.133 -15.849 -16.031
  -7.127 -14.820 -15.147
  -7.121 -15.331 -15.711
  -7.115 -14.928 -15.498
  -7.109 -15.408 -15.408
  -7.103 -15.061 -15.319
  -7.098 -15.003 -15.221
  -7.092 -15.717 -16.038
  -7.086 -15.268 -15.591
  -7.081 -15.292 -15.740
  -7.075 -14.812 -15.819
  -7.070 -15.419 -15.791
  -7.064 -14.851 -14.851
  -7.059 -16.071 -16.071
  -7.054 -15.521 -15.707
  -7.049 -15.508 -15.508
  -7.043 -15.485 -15.693
  -7.038 -15.168 -15.734
  -7.033 -15.928 -16.229
  -7.029 -15.437 -15.632
  -7.024 -15.474 -15.786
  -7.019 -15.959 -15.959
  -7.014 -15.393 -15.393
  -7.009 -15.034 -15.599
  -7.005 -15.369 -15.740
  -7.000 -15.406 -16.036
  -6.995 -15.553 -15.934
  -6.991 -15.348 -15.348
  -6.986 -15.966 -16.131
  -6.982 -16.213 -16.213
  -6.978 -15.693 -15.853
  -6.973 -15.125 -16.340
  -6.969 -16.154 -16.154
  -6.965 -16.309 -16.309
  -6.961 -15.930 -15.930
  -6.956 -15.932 -15.932
  -6.952 -15.496 -15.692
  -6.948 -15.586 -15.586
  -6.944 -15.525 -15.525
  -6.940 -15.397 -15.733
  -6.936 -15.685 -15.894
  -6.932 -15.061 -15.670
  -6.928 -15.651 -15.885
  -6.924 -16.303 -16.503
  -6.920 -16.524 -16.721
  -6.917 -16.013 -16.285
  -6.913 -16.348 -16.801
  -6.909 -16.057 -16.057
  -6.905 -15.351 -15.842
  -6.902 -15.702 -15.876
  -6.898 -15.945 -16.149
  -6.894 -15.067 -16.043
  -6.891 -15.755 -16.566
  -6.887 -16.393 -16.393
  -6.884 -16.223 -16.223
  -6.880 -16.313 -16.468
  -6.877 -16.678 -17.115
  -6.873 -16.210 -16.521
  -6.870 -15.606 -16.002
  -6.867 -16.162 -16.384
  -6.863 -15.934 -15.934
  -6.860 -16.493 -16.493
  -6.857 -15.814 -15.984
  -6.853 -16.383 -16.617
  -6.850 -16.172 -16.172
  -6.847 -16.071 -16.273
  -6.844 -16.357 -17.057
  -6.840 -16.563 -17.035
  -6.837 -16.326 -16.483
  -6.834 -15.656 -15.982
  -6.831 -16.954 -49.500
  -6.828 -16.639 -16.854
  -6.825 -16.043 -16.280
  -6.822 -15.985 -16.271
  -6.819 -16.363 -16.790
  -6.816 -16.117 -16.402
  -6.813 -16.499 -16.499
  -6.810 -15.749 -16.103
  -6.807 -15.607 -16.230
  -6.804 -15.969 -15.969
  -6.801 -16.177 -16.485
  -6.798 -16.472 -16.472
  -6.795 -15.913 -16.350
  -6.792 -16.392 -16.695
  -6.789 -16.177 -16.386
  -6.787 -16.841 -49.500
  -6.784 -16.034 -16.272
  -6.781 -16.033 -16.227
  -6.778 -15.542 -49.500
  -6.775 -16.162 -16.162
  -6.773 -14.468 -16.698
  -6.770 -16.902 -49.500
  -6.767 -16.115 -16.915
  -6.765 -15.763 -16.198
  -6.762 -49.500     NaN
  -6.759 -16.301 -16.669
  -6.757 -16.154 -16.916
  -6.754 -16.774 -49.500
  -6.751 -16.545 -16.840
  -6.749 -16.198 -16.373
  -6.746 -16.897 -49.500
  -6.744 -16.570 -16.942
  -6.741 -16.005 -16.363
  -6.739 -49.500     NaN
  -6.736 -49.500     NaN
  -6.734 -49.500 -49.500
  -6.731 -16.064 -16.762
  -6.729 -16.866 -49.500
  -6.726 -16.619 -49.500
  -6.724 -16.326 -16.326
  -6.721 -16.853 -49.500
  -6.719 -16.231 -49.500
  -6.717 -16.967 -49.500
  -6.714 -16.730 -49.500
  -6.712 -16.042 -16.240
  -6.709 -49.500     NaN
  -6.707 -16.674 -49.500
  -6.705 -49.500 -49.500
  -6.702 -16.032 -16.886
  -6.700 -16.126 -16.553
  -6.698 -49.500     NaN
  -6.696 -49.500     NaN
  -6.693 -49.500     NaN
  -6.691 -49.500 -49.500
  -6.689 -16.453 -16.920
  -6.687 -15.081 -15.470
  -6.684 -49.500     NaN
  -6.682 -16.891 -49.500
  -6.680 -16.487 -49.500
  -6.678 -49.500     NaN
  -6.675 -49.500     NaN
  -6.673 -15.772 -16.432
  -6.671 -49.500 -49.500
  -6.669 -16.958 -49.500
  -6.667 -14.994 -14.994
  -6.665 -49.500 -49.500
  -6.663 -49.500     NaN
  -6.661 -49.500 -49.500
  -6.658 -49.500     NaN
  -6.656 -15.329 -17.099
  -6.654 -16.605 -49.500
  -6.652 -16.798 -49.500
  -6.650 -16.232 -16.232
  -6.648 -16.030 -16.353
  -6.646 -16.889 -49.500
  -6.644 -17.023 -49.500
  -6.642 -15.149 -49.500
  -6.640 -49.500     NaN
  -6.638 -15.929 -16.230
  -6.636 -15.990 -16.411
  -6.634 -16.628 -49.500
  -6.632 -49.500 -49.500
  -6.630 -16.806 -49.500
  -6.628 -16.826 -49.500
  -6.626 -49.500 -49.500
  -6.624 -15.935 -16.831
  -6.622 -16.108 -16.391
  -6.620 -16.369 -49.500
  -6.618 -49.500     NaN
  -6.617 -49.500     NaN
  -6.615 -14.810 -49.500
  -6.613 -15.427 -16.239
  -6.611 -15.235 -49.500
  -6.609 -16.488 -49.500
  -6.607 -16.290 -16.698
  -6.605 -15.159 -15.159
  -6.603 -49.500 -49.500
  -6.602 -49.500 -49.500
  -6.600 -15.566 -49.500
  -6.598 -49.500 -49.500
  -6.596 -16.661 -49.500
  -6.594 -16.961 -49.500
