  -8.861 -13.849 -13.849
  -8.599 -13.933 -13.933
  -8.442 -14.044 -14.044
  -8.329 -14.103 -14.103
  -8.239 -14.189 -14.189
  -8.166 -14.167 -14.167
  -8.103 -14.295 -14.295
  -8.048 -14.315 -14.315
  -7.999 -14.072 -14.378
  -7.955 -14.294 -14.294
  -7.916 -14.242 -14.242
  -7.879 -14.586 -14.586
  -7.846 -14.385 -14.385
  -7.815 -14.525 -14.525
  -7.786 -14.620 -14.620
  -7.758 -14.660 -14.660
  -7.733 -14.712 -14.712
  -7.709 -14.677 -14.677
  -7.686 -14.425 -14.592
  -7.664 -14.562 -14.724
  -7.643 -14.702 -14.702
  -7.624 -14.828 -14.828
  -7.605 -14.672 -14.672
  -7.586 -14.877 -14.877
  -7.569 -14.698 -14.927
  -7.552 -14.811 -14.811
  -7.536 -14.298 -14.964
  -7.521 -14.610 -14.828
  -7.506 -14.636 -14.636
  -7.491 -14.827 -14.827
  -7.477 -14.874 -14.874
  -7.464 -14.869 -14.869
  -7.451 -14.887 -14.887
  -7.438 -14.999 -15.167
  -7.425 -14.444 -14.800
  -7.413 -15.028 -15.028
  -7.401 -15.005 -15.188
  -7.390 -14.979 -14.979
  -7.379 -15.063 -15.063
  -7.368 -14.521 -15.152
  -7.357 -14.504 -14.880
  -7.347 -14.491 -15.192
  -7.337 -15.350 -15.350
  -7.327 -14.793 -15.059
  -7.317 -15.403 -15.403
  -7.308 -14.875 -14.875
  -7.299 -14.867 -14.867
  -7.290 -15.322 -15.322
  -7.281 -15.111 -15.342
  -7.272 -14.625 -15.024
  -7.264 -15.319 -15.319
  -7.255 -15.145 -15.145
  -7.247 -15.170 -15.377
  -7.239 -15.530 -15.530
  -7.231 -15.288 -15.635
  -7.223 -15.580 -15.580
  -7.216 -15.243 -15.243
  -7.208 -15.318 -15.318
  -7.201 -15.381 -15.381
  -7.194 -15.565 -15.565
  -7.187 -15.399 -15.566
  -7.180 -15.172 -15.355
  -7.173 -15.143 -15.300
  -7.166 -15.349 -15.349
  -7.159 -14.874 -15.766
  -7.153 -14.918 -15.330
  -7.146 -14.890 -15.376
  -7.140 -15.266 -15.266
  -7.133 -14.672 -15.257
  -7.127 -15.228 -15.451
  -7.121 -15.116 -15.116
  -7.115 -15.543 -15.543
  -7.109 -15.759 -15.759
  -7.103 -15.374 -15.733
  -7.098 -15.212 -15.596
  -7.092 -15.222 -15.539
  -7.086 -15.184 -15.184
  -7.081 -15.412 -15.710
  -7.075 -15.902 -15.902
  -7.070 -15.458 -15.817
  -7.064 -15.445 -15.980
  -7.059 -15.422 -15.422
  -7.054 -15.640 -15.930
  -7.049 -15.255 -15.255
  -7.043 -14.738 -15.549
  -7.038 -14.317 -16.020
  -7.033 -16.105 -16.105
  -7.029 -15.570 -15.721
  -7.024 -15.858 -16.023
  -7.019 -15.693 -15.693
  -7.014 -15.716 -15.923
  -7.009 -16.045 -16.045
  -7.005 -14.914 -15.913
  -7.000 -15.693 -16.160
  -6.995 -15.806 -16.043
  -6.991 -15.461 -15.461
  -6.986 -15.484 -15.752
  -6.982 -16.188 -16.188
  -6.978 -15.806 -15.806
  -6.973 -15.740 -16.446
  -6.969 -16.185 -16.185
  -6.965 -15.650 -15.966
  -6.961 -15.622 -15.887
  -6.956 -15.696 -16.063
  -6.952 -15.059 -15.419
  -6.948 -15.426 -15.426
  -6.944 -15.753 -16.073
  -6.940 -16.271 -16.271
  -6.936 -15.642 -15.872
  -6.932 -14.822 -15.788
  -6.928 -15.863 -16.051
  -6.924 -16.350 -16.350
  -6.920 -15.586 -16.022
  -6.917 -15.418 -15.733
  -6.913 -16.125 -16.496
  -6.909 -15.392 -15.912
  -6.905 -15.812 -16.036
  -6.902 -15.462 -15.743
  -6.898 -15.806 -15.995
  -6.894 -16.100 -16.100
  -6.891 -15.953 -15.953
  -6.887 -15.747 -16.279
  -6.884 -15.685 -15.851
  -6.880 -16.306 -16.306
  -6.877 -15.722 -16.543
  -6.873 -15.849 -16.819
  -6.870 -15.376 -16.243
  -6.867 -15.620 -16.635
  -6.863 -15.979 -16.132
  -6.860 -15.239 -16.212
  -6.857 -15.580 -15.941
  -6.853 -15.086 -16.258
  -6.850 -16.352 -16.352
  -6.847 -16.195 -16.688
  -6.844 -15.809 -16.732
  -6.840 -15.784 -16.516
  -6.837 -15.578 -15.793
  -6.834 -15.876 -16.341
  -6.831 -16.385 -16.385
  -6.828 -13.866 -15.549
  -6.825 -15.983 -16.320
  -6.822 -15.660 -16.397
  -6.819 -16.683 -16.931
  -6.816 -16.526 -16.715
  -6.813 -16.243 -49.500
  -6.810 -16.243 -16.418
  -6.807 -16.216 -16.434
  -6.804 -16.043 -16.202
  -6.801 -16.110 -16.343
  -6.798 -16.706 -16.706
  -6.795 -16.695 -17.037
  -6.792 -16.593 -49.500
  -6.789 -15.237 -49.500
  -6.787 -16.793 -49.500
  -6.784 -16.997 -49.500
  -6.781 -16.434 -16.685
  -6.778 -16.226 -16.565
  -6.775 -16.892 -49.500
  -6.773 -16.003 -16.354
  -6.770 -16.034 -16.436
  -6.767 -15.476 -16.580
  -6.765 -15.804 -49.500
  -6.762 -49.500 -49.500
  -6.759 -16.297 -16.454
  -6.757 -16.129 -16.296
  -6.754 -15.950 -16.158
  -6.751 -16.259 -49.500
  -6.749 -16.428 -49.500
  -6.746 -16.222 -16.506
  -6.744 -15.388 -16.557
  -6.741 -15.607 -49.500
  -6.739 -16.276 -16.276
  -6.736 -15.173 -15.674
  -6.734 -49.500     NaN
  -6.731 -16.494 -16.841
  -6.729 -17.160 -49.500
  -6.726 -15.882 -49.500
  -6.724 -49.500     NaN
  -6.721 -49.500 -49.500
  -6.719 -16.023 -16.695
  -6.717 -49.500     NaN
  -6.714 -16.501 -16.673
  -6.712 -16.725 -49.500
  -6.709 -16.300 -16.488
  -6.707 -49.500     NaN
  -6.705 -16.257 -49.500
  -6.702 -16.686 -49.500
  -6.700 -16.942 -49.500
  -6.698 -16.976 -49.500
  -6.696 -16.414 -16.414
  -6.693 -14.717 -16.217
  -6.691 -16.387 -17.082
  -6.689 -15.510 -16.280
  -6.687 -49.500     NaN
  -6.684 -49.500     NaN
  -6.682 -15.781 -16.219
  -6.680 -49.500     NaN
  -6.678 -49.500     NaN
  -6.675 -49.500     NaN
  -6.673 -49.500     NaN
  -6.671 -16.515 -16.515
  -6.669 -16.417 -16.625
  -6.667 -49.500 -49.500
  -6.665 -49.500     NaN
  -6.663 -16.016 -16.421
  -6.661 -16.061 -16.261
  -6.658 -16.705 -49.500
  -6.656 -15.120 -16.565
  -6.654 -49.500 -49.500
  -6.652 -49.500 -49.500
  -6.650 -49.500     NaN
  -6.648 -49.500 -49.500
  -6.646 -16.208 -49.500
  -6.644 -16.985 -49.500
  -6.642 -49.500     NaN
  -6.640 -16.606 -16.606
  -6.638 -49.500     NaN
  -6.636 -49.500 -49.500
  -6.634 -16.309 -16.701
  -6.632 -15.816 -16.223
  -6.630 -49.500 -49.500
  -6.628 -16.693 -49.500
  -6.626 -16.124 -49.500
  -6.624 -49.500     NaN
  -6.622 -49.500     NaN
  -6.620 -49.500     NaN
  -6.618 -16.422 -49.500
  -6.617 -49.500     NaN
  -6.615 -16.217 -49.500
  -6.613 -49.500     NaN
  -6.611 -49.500     NaN
  -6.609 -16.066 -16.066
  -6.607 -15.528 -49.500
  -6.605 -16.106 -49.500
  -6.603 -15.495 -16.281
  -6.602 -16.403 -16.403
  -6.600 -49.500     NaN
  -6.598 -15.388 -49.500
  -6.596 -16.401 -16.847
  -6.594 -16.095 -16.337
