  -8.861 -13.797 -13.797
  -8.599 -13.969 -13.969
  -8.442 -14.028 -14.028
  -8.329 -14.064 -14.064
  -8.239 -14.181 -14.181
  -8.166 -14.261 -14.261
  -8.103 -13.970 -13.970
  -8.048 -14.244 -14.244
  -7.999 -14.339 -14.339
  -7.955 -14.360 -14.360
  -7.916 -14.164 -14.410
  -7.879 -14.384 -14.384
  -7.846 -14.357 -14.563
  -7.815 -14.427 -14.427
  -7.786 -14.505 -14.505
  -7.758 -14.732 -14.732
  -7.733 -14.542 -14.542
  -7.709 -14.465 -14.638
  -7.686 -14.677 -14.677
  -7.664 -14.498 -14.667
  -7.643 -14.439 -14.439
  -7.624 -14.757 -14.757
  -7.605 -14.868 -14.868
  -7.586 -14.361 -14.688
  -7.569 -14.582 -14.582
  -7.552 -14.966 -14.966
  -7.536 -15.038 -15.038
  -7.521 -14.248 -14.738
  -7.506 -14.768 -14.768
  -7.491 -14.963 -14.963
  -7.477 -14.572 -14.792
  -7.464 -14.994 -14.994
  -7.451 -14.927 -14.927
  -7.438 -14.939 -15.113
  -7.425 -14.999 -14.999
  -7.413 -14.866 -14.866
  -7.401 -15.147 -15.147
  -7.390 -14.889 -14.889
  -7.379 -15.072 -15.072
  -7.368 -14.972 -14.972
  -7.357 -14.902 -15.126
  -7.347 -14.934 -15.245
  -7.337 -15.332 -15.332
  -7.327 -15.075 -15.075
  -7.317 -15.391 -15.391
  -7.308 -15.333 -15.333
  -7.299 -14.630 -15.266
  -7.290 -15.064 -15.293
  -7.281 -15.222 -15.222
  -7.272 -15.189 -15.189
  -7.264 -15.315 -15.315
  -7.255 -14.912 -15.507
  -7.247 -15.337 -15.337
  -7.239 -14.428 -15.138
  -7.231 -15.095 -15.266
  -7.223 -15.364 -15.364
  -7.216 -14.767 -14.929
  -7.208 -14.719 -15.559
  -7.201 -15.181 -15.406
  -7.194 -15.043 -15.312
  -7.187 -15.251 -15.251
  -7.180 -15.424 -15.424
  -7.173 -14.966 -15.634
  -7.166 -14.870 -15.164
  -7.159 -15.494 -15.660
  -7.153 -15.157 -15.382
  -7.146 -15.101 -15.338
  -7.140 -14.769 -15.311
  -7.133 -15.382 -15.382
  -7.127 -15.403 -15.403
  -7.121 -15.387 -15.387
  -7.115 -15.377 -15.689
  -7.109 -15.223 -15.714
  -7.103 -15.878 -15.878
  -7.098 -15.498 -15.735
  -7.092 -15.568 -15.568
  -7.086 -15.694 -15.694
  -7.081 -15.212 -15.409
  -7.075 -15.698 -15.698
  -7.070 -14.064 -15.674
  -7.064 -15.565 -15.847
  -7.059 -15.776 -15.776
  -7.054 -15.215 -15.438
  -7.049 -15.322 -15.848
  -7.043 -15.185 -15.513
  -7.038 -15.775 -15.775
  -7.033 -15.661 -15.848
  -7.029 -15.288 -15.780
  -7.024 -15.331 -15.534
  -7.019 -15.187 -15.665
  -7.014 -16.068 -16.269
  -7.009 -15.865 -15.865
  -7.005 -15.867 -15.867
  -7.000 -15.605 -16.658
  -6.995 -16.162 -16.162
  -6.991 -15.596 -16.058
  -6.986 -16.062 -16.062
  -6.982 -15.436 -15.779
  -6.978 -15.725 -15.940
  -6.973 -16.030 -16.030
  -6.969 -15.770 -16.123
  -6.965 -16.121 -16.121
  -6.961 -15.479 -15.904
  -6.956 -15.348 -16.040
  -6.952 -15.542 -15.935
  -6.948 -15.989 -15.989
  -6.944 -15.321 -16.321
  -6.940 -16.221 -16.221
  -6.936 -15.697 -15.895
  -6.932 -15.999 -16.155
  -6.928 -15.854 -16.071
  -6.924 -15.926 -16.084
  -6.920 -15.073 -15.326
  -6.917 -15.392 -16.056
  -6.913 -16.297 -16.501
  -6.909 -16.038 -16.212
  -6.905 -16.292 -16.584
  -6.902 -15.341 -15.921
  -6.898 -15.830 -16.182
  -6.894 -15.834 -15.834
  -6.891 -16.549 -16.549
  -6.887 -15.820 -16.175
  -6.884 -15.872 -16.196
  -6.880 -16.109 -16.730
  -6.877 -15.505 -16.301
  -6.873 -16.458 -16.458
  -6.870 -16.156 -16.156
  -6.867 -15.713 -16.121
  -6.863 -16.290 -16.474
  -6.860 -15.871 -16.538
  -6.857 -15.684 -16.039
  -6.853 -16.422 -16.422
  -6.850 -15.709 -16.452
  -6.847 -16.079 -16.506
  -6.844 -16.675 -49.500
  -6.840 -16.260 -16.260
  -6.837 -49.500     NaN
  -6.834 -15.764 -16.232
  -6.831 -15.630 -15.630
  -6.828 -16.240 -16.850
  -6.825 -15.636 -16.026
  -6.822 -16.279 -16.547
  -6.819 -15.490 -15.670
  -6.816 -16.883 -49.500
  -6.813 -15.949 -16.983
  -6.810 -16.104 -16.314
  -6.807 -16.602 -16.929
  -6.804 -15.746 -16.061
  -6.801 -14.847 -16.169
  -6.798 -15.951 -16.329
  -6.795 -15.510 -16.408
  -6.792 -16.073 -16.730
  -6.789 -16.615 -16.615
  -6.787 -49.500     NaN
  -6.784 -16.403 -49.500
  -6.781 -15.950 -16.737
  -6.778 -15.353 -16.061
  -6.775 -15.879 -16.642
  -6.773 -15.872 -16.116
  -6.770 -15.657 -49.500
  -6.767 -16.482 -16.832
  -6.765 -15.954 -16.244
  -6.762 -16.243 -16.769
  -6.759 -16.268 -16.663
  -6.757 -15.663 -16.303
  -6.754 -16.412 -49.500
  -6.751 -15.666 -16.361
  -6.749 -16.764 -17.152
  -6.746 -15.047 -15.678
  -6.744 -15.770 -16.641
  -6.741 -16.925 -49.500
  -6.739 -16.122 -16.405
  -6.736 -16.453 -49.500
  -6.734 -15.522 -15.816
  -6.731 -16.661 -49.500
  -6.729 -16.454 -49.500
  -6.726 -49.500 -49.500
  -6.724 -49.500     NaN
  -6.721 -16.014 -16.261
  -6.719 -49.500     NaN
  -6.717 -15.651 -16.458
  -6.714 -16.784 -17.048
  -6.712 -15.684 -17.019
  -6.709 -16.411 -49.500
  -6.707 -16.289 -49.500
  -6.705 -15.703 -16.828
  -6.702 -15.996 -16.738
  -6.700 -16.453 -49.500
  -6.698 -16.389 -49.500
  -6.696 -49.500     NaN
  -6.693 -16.417 -49.500
  -6.691 -49.500     NaN
  -6.689 -49.500 -49.500
  -6.687 -14.587 -49.500
  -6.684 -15.494 -15.681
  -6.682 -49.500     NaN
  -6.680 -16.502 -49.500
  -6.678 -16.666 -16.832
  -6.675 -15.665 -16.381
  -6.673 -49.500     NaN
  -6.671 -16.465 -49.500
  -6.669 -49.500 -49.500
  -6.667 -16.741 -49.500
  -6.665 -16.062 -17.309
  -6.663 -15.624 -15.785
  -6.661 -16.800 -17.094
  -6.658 -16.139 -16.719
  -6.656 -16.921 -49.500
  -6.654 -16.356 -49.500
  -6.652 -15.076 -16.088
  -6.650 -49.500     NaN
  -6.648 -49.500     NaN
  -6.646 -49.500     NaN
  -6.644 -49.500     NaN
  -6.642 -49.500     NaN
  -6.640 -16.264 -49.500
  -6.638 -15.994 -16.317
  -6.636 -16.213 -16.416
  -6.634 -16.249 -49.500
  -6.632 -16.352 -49.500
  -6.630 -49.500 -49.500
  -6.628 -16.087 -49.500
  -6.626 -16.642 -49.500
  -6.624 -15.885 -49.500
  -6.622 -49.500 -49.500
  -6.620 -16.371 -16.371
  -6.618 -16.447 -49.500
  -6.617 -49.500 -49.500
  -6.615 -49.500     NaN
  -6.613 -49.500     NaN
  -6.611 -15.879 -16.589
  -6.609 -16.305 -49.500
  -6.607 -49.500     NaN
  -6.605 -49.500     NaN
  -6.603 -49.500 -49.500
  -6.602 -49.500     NaN
  -6.600 -49.500 -49.500
  -6.598 -15.073 -49.500
  -6.596 -15.699 -49.500
  -6.594 -49.500 -49.500
