  -8.861 -13.858 -13.858
  -8.599 -13.958 -13.958
  -8.442 -14.063 -14.063
  -8.329 -14.064 -14.064
  -8.239 -14.185 -14.185
  -8.166 -14.239 -14.239
  -8.103 -14.093 -14.326
  -8.048 -14.330 -14.330
  -7.999 -14.192 -14.407
  -7.955 -14.269 -14.269
  -7.916 -14.491 -14.491
  -7.879 -14.512 -14.512
  -7.846 -14.455 -14.455
  -7.815 -14.551 -14.551
  -7.786 -14.283 -14.468
  -7.758 -14.516 -14.516
  -7.733 -14.530 -14.530
  -7.709 -14.722 -14.722
  -7.686 -14.768 -14.768
  -7.664 -14.713 -14.713
  -7.643 -14.359 -14.359
  -7.624 -14.806 -14.806
  -7.605 -14.608 -14.608
  -7.586 -14.666 -14.901
  -7.569 -14.742 -14.742
  -7.552 -14.751 -14.751
  -7.536 -14.749 -14.749
  -7.521 -14.466 -14.758
  -7.506 -14.212 -14.674
  -7.491 -15.006 -15.006
  -7.477 -14.584 -14.584
  -7.464 -15.181 -15.181
  -7.451 -14.449 -14.449
  -7.438 -14.922 -14.922
  -7.425 -14.861 -15.020
  -7.413 -14.994 -15.223
  -7.401 -14.794 -15.144
  -7.390 -14.830 -14.993
  -7.379 -13.844 -15.144
  -7.368 -14.910 -14.910
  -7.357 -15.138 -15.138
  -7.347 -15.196 -15.348
  -7.337 -15.131 -15.131
  -7.327 -14.715 -15.324
  -7.317 -15.178 -15.178
  -7.308 -14.795 -15.169
  -7.299 -14.827 -14.985
  -7.290 -15.258 -15.258
  -7.281 -15.237 -15.411
  -7.272 -15.023 -15.177
  -7.264 -15.110 -15.286
  -7.255 -15.096 -15.432
  -7.247 -15.085 -15.263
  -7.239 -15.344 -15.641
  -7.231 -15.481 -15.481
  -7.223 -15.314 -15.314
  -7.216 -15.408 -15.568
  -7.208 -15.261 -15.457
  -7.201 -15.619 -15.619
  -7.194 -15.314 -15.601
  -7.187 -15.343 -15.502
  -7.180 -14.997 -15.380
  -7.173 -14.990 -15.196
  -7.166 -15.490 -15.797
  -7.159 -15.505 -15.505
  -7.153 -15.418 -15.418
  -7.146 -15.427 -15.427
  -7.140 -15.499 -15.734
  -7.133 -15.068 -15.068
  -7.127 -15.477 -15.737
  -7.121 -14.604 -15.546
  -7.115 -15.395 -15.626
  -7.109 -15.525 -15.972
  -7.103 -15.697 -15.697
  -7.098 -15.710 -15.710
  -7.092 -15.290 -15.592
  -7.086 -15.222 -15.590
  -7.081 -15.139 -15.714
  -7.075 -14.911 -15.455
  -7.070 -15.486 -15.752
  -7.064 -15.450 -15.618
  -7.059 -15.492 -15.492
  -7.054 -15.614 -15.614
  -7.049 -15.386 -15.701
  -7.043 -15.065 -15.589
  -7.038 -15.848 -15.848
  -7.033 -15.325 -15.690
  -7.029 -15.844 -15.844
  -7.024 -15.739 -15.903
  -7.019 -15.704 -15.877
  -7.014 -15.473 -15.750
  -7.009 -14.651 -15.486
  -7.005 -16.031 -16.031
  -7.000 -14.241 -15.413
  -6.995 -15.118 -15.118
  -6.991 -15.493 -15.721
  -6.986 -16.148 -16.148
  -6.982 -15.433 -15.633
  -6.978 -15.891 -15.891
  -6.973 -15.711 -15.711
  -6.969 -16.214 -16.214
  -6.965 -15.910 -15.910
  -6.961 -14.639 -14.941
  -6.956 -15.464 -15.795
  -6.952 -15.981 -15.981
  -6.948 -15.851 -16.157
  -6.944 -16.237 -16.237
  -6.940 -16.051 -16.051
  -6.936 -15.501 -16.682
  -6.932 -16.145 -16.145
  -6.928 -15.554 -16.356
  -6.924 -15.930 -16.932
  -6.920 -16.505 -16.694
  -6.917 -15.875 -16.501
  -6.913 -16.297 -16.527
  -6.909 -15.709 -15.863
  -6.905 -16.009 -16.009
  -6.902 -15.566 -15.819
  -6.898 -15.613 -16.697
  -6.894 -15.535 -15.742
  -6.891 -15.437 -16.306
  -6.887 -16.033 -16.212
  -6.884 -16.636 -16.892
  -6.880 -15.610 -16.146
  -6.877 -16.035 -16.321
  -6.873 -15.709 -16.150
  -6.870 -15.685 -16.315
  -6.867 -15.163 -15.693
  -6.863 -15.340 -16.162
  -6.860 -15.113 -16.603
  -6.857 -15.858 -15.858
  -6.853 -16.298 -16.298
  -6.850 -15.691 -16.105
  -6.847 -15.815 -16.400
  -6.844 -15.703 -16.105
  -6.840 -16.115 -16.330
  -6.837 -16.349 -16.571
  -6.834 -15.794 -16.404
  -6.831 -16.585 -16.760
  -6.828 -16.353 -16.353
  -6.825 -15.641 -16.010
  -6.822 -14.840 -15.848
  -6.819 -16.358 -16.358
  -6.816 -49.500     NaN
  -6.813 -15.751 -15.751
  -6.810 -15.803 -16.557
  -6.807 -15.535 -16.154
  -6.804 -49.500     NaN
  -6.801 -16.053 -16.444
  -6.798 -16.165 -16.753
  -6.795 -15.933 -16.598
  -6.792 -15.229 -15.839
  -6.789 -15.984 -16.357
  -6.787 -16.271 -16.642
  -6.784 -16.922 -49.500
  -6.781 -16.246 -16.529
  -6.778 -49.500     NaN
  -6.775 -15.916 -16.514
  -6.773 -16.267 -16.267
  -6.770 -15.979 -16.265
  -6.767 -17.195 -49.500
  -6.765 -15.874 -16.220
  -6.762 -16.275 -49.500
  -6.759 -16.011 -16.545
  -6.757 -16.241 -49.500
  -6.754 -49.500     NaN
  -6.751 -16.591 -49.500
  -6.749 -15.653 -16.047
  -6.746 -16.437 -49.500
  -6.744 -49.500     NaN
  -6.741 -16.358 -49.500
  -6.739 -16.250 -16.905
  -6.736 -49.500     NaN
  -6.734 -16.436 -49.500
  -6.731 -16.532 -17.188
  -6.729 -16.518 -16.879
  -6.726 -49.500     NaN
  -6.724 -16.162 -16.586
  -6.721 -49.500     NaN
  -6.719 -15.354 -16.074
  -6.717 -16.463 -16.659
  -6.714 -17.122 -49.500
  -6.712 -16.104 -49.500
  -6.709 -16.940 -17.141
  -6.707 -16.611 -17.116
  -6.705 -16.972 -49.500
  -6.702 -49.500     NaN
  -6.700 -16.842 -17.172
  -6.698 -15.938 -16.212
  -6.696 -49.500     NaN
  -6.693 -14.820 -15.055
  -6.691 -49.500     NaN
  -6.689 -16.590 -16.949
  -6.687 -16.196 -16.196
  -6.684 -49.500 -49.500
  -6.682 -16.813 -16.813
  -6.680 -16.497 -49.500
  -6.678 -16.062 -49.500
  -6.675 -49.500     NaN
  -6.673 -16.293 -49.500
  -6.671 -49.500     NaN
  -6.669 -16.347 -17.009
  -6.667 -16.298 -16.298
  -6.665 -49.500     NaN
  -6.663 -15.592 -49.500
  -6.661 -16.121 -49.500
  -6.658 -16.544 -49.500
  -6.656 -15.847 -16.734
  -6.654 -15.904 -17.149
  -6.652 -15.762 -16.094
  -6.650 -16.739 -49.500
  -6.648 -49.500 -49.500
  -6.646 -49.500     NaN
  -6.644 -15.796 -49.500
  -6.642 -16.807 -49.500
  -6.640 -49.500 -49.500
  -6.638 -49.500     NaN
  -6.636 -15.455 -16.389
  -6.634 -15.496 -15.496
  -6.632 -49.500     NaN
  -6.630 -16.363 -16.363
  -6.628 -16.020 -16.020
  -6.626 -16.287 -16.550
  -6.624 -49.500 -49.500
  -6.622 -15.928 -49.500
  -6.620 -49.500     NaN
  -6.618 -16.481 -49.500
  -6.617 -49.500     NaN
  -6.615 -15.841 -49.500
  -6.613 -49.500     NaN
  -6.611 -49.500     NaN
  -6.609 -49.500     NaN
  -6.607 -16.268 -49.500
  -6.605 -15.100 -16.362
  -6.603 -16.371 -49.500
  -6.602 -16.412 -49.500
  -6.600 -49.500     NaN
  -6.598 -16.522 -49.500
  -6.596 -49.500     NaN
  -6.594 -49.500 -49.500
