  -8.861 -13.841 -13.841
  -8.599 -13.963 -13.963
  -8.442 -14.015 -14.015
  -8.329 -14.020 -14.020
  -8.239 -14.087 -14.087
  -8.166 -14.200 -14.200
  -8.103 -14.239 -14.239
  -8.048 -14.256 -14.256
  -7.999 -14.314 -14.314
  -7.955 -14.405 -14.405
  -7.916 -14.533 -14.533
  -7.879 -14.506 -14.506
  -7.846 -14.568 -14.568
  -7.815 -14.346 -14.346
  -7.786 -14.511 -14.511
  -7.758 -14.656 -14.656
  -7.733 -14.180 -14.376
  -7.709 -14.362 -14.362
  -7.686 -14.602 -14.602
  -7.664 -14.628 -14.628
  -7.643 -14.508 -14.508
  -7.624 -14.696 -14.696
  -7.605 -14.272 -14.551
  -7.586 -14.979 -14.979
  -7.569 -14.858 -14.858
  -7.552 -14.521 -14.521
  -7.536 -14.773 -14.773
  -7.521 -14.551 -14.737
  -7.506 -14.856 -15.089
  -7.491 -14.527 -14.948
  -7.477 -14.879 -14.879
  -7.464 -14.802 -15.057
  -7.451 -14.520 -14.856
  -7.438 -14.773 -14.773
  -7.425 -14.996 -14.996
  -7.413 -14.645 -14.975
  -7.401 -15.192 -15.192
  -7.390 -15.142 -15.142
  -7.379 -14.589 -14.821
  -7.368 -15.110 -15.110
  -7.357 -14.988 -15.141
  -7.347 -15.168 -15.168
  -7.337 -14.953 -14.953
  -7.327 -14.910 -15.115
  -7.317 -15.059 -15.059
  -7.308 -14.730 -14.730
  -7.299 -15.317 -15.317
  -7.290 -15.071 -15.536
  -7.281 -14.882 -14.882
  -7.272 -15.051 -15.051
  -7.264 -14.990 -15.143
  -7.255 -15.647 -15.647
  -7.247 -15.483 -15.483
  -7.239 -15.527 -15.527
  -7.231 -15.047 -15.047
  -7.223 -15.266 -15.580
  -7.216 -15.559 -15.559
  -7.208 -15.686 -15.686
  -7.201 -15.105 -15.262
  -7.194 -15.539 -15.539
  -7.187 -15.307 -15.545
  -7.180 -15.746 -15.913
  -7.173 -15.185 -15.185
  -7.166 -15.314 -15.314
  -7.159 -15.723 -15.959
  -7.153 -15.430 -15.724
  -7.146 -15.705 -15.877
  -7.140 -15.593 -15.593
  -7.133 -15.118 -15.118
  -7.127 -14.376 -15.465
  -7.121 -15.514 -15.514
  -7.115 -15.324 -15.324
  -7.109 -15.651 -15.651
  -7.103 -15.605 -15.770
  -7.098 -15.794 -15.794
  -7.092 -14.818 -14.818
  -7.086 -15.714 -15.866
  -7.081 -15.793 -15.949
  -7.075 -15.400 -15.400
  -7.070 -15.845 -15.845
  -7.064 -14.641 -14.808
  -7.059 -14.688 -15.854
  -7.054 -15.670 -15.865
  -7.049 -15.676 -15.829
  -7.043 -14.859 -15.203
  -7.038 -15.828 -15.990
  -7.033 -15.624 -15.805
  -7.029 -15.618 -15.837
  -7.024 -15.187 -15.428
  -7.019 -15.390 -15.922
  -7.014 -15.233 -15.574
  -7.009 -15.943 -15.943
  -7.005 -15.258 -15.805
  -7.000 -15.985 -16.325
  -6.995 -15.894 -16.080
  -6.991 -16.135 -16.135
  -6.986 -14.604 -16.470
  -6.982 -15.339 -16.053
  -6.978 -16.008 -16.315
  -6.973 -15.968 -16.130
  -6.969 -16.018 -16.018
  -6.965 -15.779 -15.779
  -6.961 -15.712 -16.165
  -6.956 -15.879 -16.077
  -6.952 -16.313 -16.466
  -6.948 -15.720 -15.720
  -6.944 -15.993 -15.993
  -6.940 -16.194 -16.194
  -6.936 -16.009 -16.009
  -6.932 -16.134 -16.134
  -6.928 -16.099 -16.383
  -6.924 -15.440 -15.440
  -6.920 -15.942 -16.155
  -6.917 -15.909 -15.909
  -6.913 -15.803 -16.251
  -6.909 -16.214 -16.214
  -6.905 -16.008 -16.455
  -6.902 -15.911 -16.094
  -6.898 -16.115 -16.115
  -6.894 -15.874 -15.874
  -6.891 -15.659 -15.909
  -6.887 -15.886 -15.886
  -6.884 -15.899 -16.249
  -6.880 -15.512 -15.512
  -6.877 -16.344 -16.725
  -6.873 -16.282 -16.444
  -6.870 -15.792 -16.722
  -6.867 -16.212 -16.872
  -6.863 -16.239 -17.017
  -6.860 -16.554 -49.500
  -6.857 -15.769 -16.399
  -6.853 -15.373 -16.451
  -6.850 -15.833 -16.082
  -6.847 -16.292 -16.292
  -6.844 -15.795 -16.443
  -6.840 -15.966 -15.966
  -6.837 -15.728 -15.999
  -6.834 -15.563 -16.352
  -6.831 -14.694 -15.547
  -6.828 -16.602 -16.845
  -6.825 -16.070 -16.070
  -6.822 -16.116 -16.355
  -6.819 -49.500     NaN
  -6.816 -16.771 -16.771
  -6.813 -16.525 -16.887
  -6.810 -16.759 -17.052
  -6.807 -15.640 -16.240
  -6.804 -15.552 -16.332
  -6.801 -15.835 -16.599
  -6.798 -15.937 -16.725
  -6.795 -16.174 -16.174
  -6.792 -16.314 -16.314
  -6.789 -15.719 -16.209
  -6.787 -16.663 -16.905
  -6.784 -16.181 -16.515
  -6.781 -16.704 -49.500
  -6.778 -16.610 -49.500
  -6.775 -14.600 -15.805
  -6.773 -16.349 -16.643
  -6.770 -16.862 -49.500
  -6.767 -16.101 -49.500
  -6.765 -16.128 -16.422
  -6.762 -15.411 -15.933
  -6.759 -16.174 -16.898
  -6.757 -15.283 -15.501
  -6.754 -16.475 -16.778
  -6.751 -15.234 -16.617
  -6.749 -15.706 -49.500
  -6.746 -16.361 -16.594
  -6.744 -16.053 -49.500
  -6.741 -16.287 -16.537
  -6.739 -16.370 -16.772
  -6.736 -15.957 -17.259
  -6.734 -16.783 -49.500
  -6.731 -16.944 -49.500
  -6.729 -15.704 -16.235
  -6.726 -49.500     NaN
  -6.724 -16.730 -49.500
  -6.721 -15.800 -16.033
  -6.719 -16.717 -16.991
  -6.717 -49.500     NaN
  -6.714 -49.500 -49.500
  -6.712 -16.352 -49.500
  -6.709 -16.652 -49.500
  -6.707 -49.500 -49.500
  -6.705 -16.523 -16.898
  -6.702 -16.382 -49.500
  -6.700 -49.500     NaN
  -6.698 -16.785 -49.500
  -6.696 -15.893 -16.644
  -6.693 -16.377 -49.500
  -6.691 -16.393 -16.948
  -6.689 -13.943 -49.500
  -6.687 -49.500 -49.500
  -6.684 -16.171 -16.614
  -6.682 -15.934 -15.934
  -6.680 -16.553 -16.553
  -6.678 -49.500     NaN
  -6.675 -16.734 -16.887
  -6.673 -16.725 -49.500
  -6.671 -16.299 -49.500
  -6.669 -16.314 -49.500
  -6.667 -49.500     NaN
  -6.665 -16.788 -49.500
  -6.663 -16.050 -16.466
  -6.661 -16.430 -49.500
  -6.658 -16.256 -16.902
  -6.656 -49.500 -49.500
  -6.654 -49.500     NaN
  -6.652 -16.389 -49.500
  -6.650 -16.466 -16.775
  -6.648 -16.525 -16.730
  -6.646 -49.500 -49.500
  -6.644 -49.500     NaN
  -6.642 -49.500 -49.500
  -6.640 -16.244 -49.500
  -6.638 -49.500     NaN
  -6.636 -16.641 -49.500
  -6.634 -16.855 -49.500
  -6.632 -16.303 -49.500
  -6.630 -49.500 -49.500
  -6.628 -16.253 -49.500
  -6.626 -49.500 -49.500
  -6.624 -15.331 -16.802
  -6.622 -49.500     NaN
  -6.620 -49.500 -49.500
  -6.618 -49.500 -49.500
  -6.617 -16.255 -49.500
  -6.615 -49.500     NaN
  -6.613 -49.500     NaN
  -6.611 -49.500     NaN
  -6.609 -16.580 -49.500
  -6.607 -16.217 -49.500
  -6.605 -16.766 -49.500
  -6.603 -15.814 -49.500
  -6.602 -15.926 -15.926
  -6.600 -49.500 -49.500
  -6.598 -49.500 -49.500
  -6.596 -49.500 -49.500
  -6.594 -16.971 -49.500
