  -8.861 -13.853 -13.853
  -8.599 -13.930 -13.930
  -8.442 -14.104 -14.104
  -8.329 -14.138 -14.138
  -8.239 -14.188 -14.188
  -8.166 -14.167 -14.167
  -8.103 -14.231 -14.231
  -8.048 -14.226 -14.226
  -7.999 -14.339 -14.339
  -7.955 -14.324 -14.324
  -7.916 -14.431 -14.431
  -7.879 -14.366 -14.366
  -7.846 -14.518 -14.518
  -7.815 -14.385 -14.560
  -7.786 -14.426 -14.426
  -7.758 -14.512 -14.512
  -7.733 -14.497 -14.497
  -7.709 -14.403 -14.730
  -7.686 -14.770 -14.770
  -7.664 -14.366 -14.366
  -7.643 -14.842 -14.842
  -7.624 -14.474 -14.474
  -7.605 -14.619 -14.787
  -7.586 -14.861 -14.861
  -7.569 -14.753 -14.753
  -7.552 -14.884 -14.884
  -7.536 -15.022 -15.022
  -7.521 -14.734 -14.994
  -7.506 -14.835 -14.835
  -7.491 -14.469 -14.730
  -7.477 -14.663 -14.663
  -7.464 -14.872 -14.872
  -7.451 -15.033 -15.033
  -7.438 -14.923 -15.131
  -7.425 -14.959 -14.959
  -7.413 -14.851 -14.851
  -7.401 -14.693 -14.961
  -7.390 -15.069 -15.069
  -7.379 -15.135 -15.135
  -7.368 -15.063 -15.063
  -7.357 -15.202 -15.202
  -7.347 -15.207 -15.207
  -7.337 -14.968 -14.968
  -7.327 -15.351 -15.351
  -7.317 -15.033 -15.033
  -7.308 -14.409 -15.557
  -7.299 -15.028 -15.193
  -7.290 -15.103 -15.103
  -7.281 -14.993 -14.993
  -7.272 -15.038 -15.190
  -7.264 -15.061 -15.281
  -7.255 -14.359 -15.459
  -7.247 -15.174 -15.371
  -7.239 -14.400 -14.757
  -7.231 -15.273 -15.273
  -7.223 -15.463 -15.615
  -7.216 -15.372 -15.603
  -7.208 -14.520 -15.325
  -7.201 -15.193 -15.193
  -7.194 -15.215 -15.215
  -7.187 -15.204 -15.580
  -7.180 -15.014 -15.616
  -7.173 -15.162 -15.162
  -7.166 -14.925 -15.283
  -7.159 -15.819 -15.819
  -7.153 -14.884 -15.486
  -7.146 -14.783 -15.759
  -7.140 -15.776 -15.776
  -7.133 -15.311 -15.471
  -7.127 -15.924 -15.924
  -7.121 -15.551 -15.834
  -7.115 -15.817 -15.817
  -7.109 -15.666 -15.834
  -7.103 -15.636 -15.636
  -7.098 -15.516 -15.516
  -7.092 -15.594 -15.594
  -7.086 -15.598 -15.598
  -7.081 -15.376 -15.700
  -7.075 -15.703 -15.703
  -7.070 -15.130 -15.333
  -7.064 -15.460 -15.631
  -7.059 -15.683 -15.683
  -7.054 -15.015 -15.240
  -7.049 -15.282 -15.523
  -7.043 -14.947 -15.541
  -7.038 -15.558 -15.934
  -7.033 -15.615 -15.615
  -7.029 -15.712 -15.712
  -7.024 -14.667 -15.745
  -7.019 -15.590 -15.987
  -7.014 -15.293 -15.830
  -7.009 -15.611 -15.887
  -7.005 -16.044 -16.044
  -7.000 -16.050 -16.050
  -6.995 -15.108 -15.715
  -6.991 -15.795 -15.795
  -6.986 -16.087 -16.436
  -6.982 -15.280 -15.535
  -6.978 -16.181 -16.181
  -6.973 -15.583 -15.777
  -6.969 -15.754 -16.403
  -6.965 -15.783 -16.102
  -6.961 -15.684 -16.058
  -6.956 -16.228 -16.228
  -6.952 -15.608 -15.608
  -6.948 -15.138 -15.451
  -6.944 -15.029 -16.365
  -6.940 -15.270 -15.727
  -6.936 -16.020 -16.020
  -6.932 -15.328 -15.970
  -6.928 -16.154 -16.154
  -6.924 -15.925 -16.265
  -6.920 -15.722 -16.116
  -6.917 -16.180 -16.180
  -6.913 -16.141 -16.297
  -6.909 -16.071 -16.224
  -6.905 -15.979 -16.157
  -6.902 -14.611 -15.891
  -6.898 -15.951 -16.348
  -6.894 -15.936 -16.155
  -6.891 -16.381 -16.575
  -6.887 -15.951 -16.113
  -6.884 -16.286 -16.286
  -6.880 -15.568 -16.525
  -6.877 -15.648 -16.184
  -6.873 -15.744 -15.916
  -6.870 -16.718 -16.904
  -6.867 -16.048 -16.202
  -6.863 -15.466 -15.656
  -6.860 -15.919 -16.101
  -6.857 -15.900 -15.900
  -6.853 -16.141 -16.677
  -6.850 -16.255 -16.760
  -6.847 -16.319 -16.501
  -6.844 -16.164 -16.463
  -6.840 -15.355 -16.575
  -6.837 -16.307 -16.685
  -6.834 -15.990 -15.990
  -6.831 -16.583 -17.194
  -6.828 -49.500 -49.500
  -6.825 -16.282 -16.509
  -6.822 -16.689 -17.248
  -6.819 -16.403 -16.578
  -6.816 -16.592 -16.818
  -6.813 -16.996 -17.428
  -6.810 -16.188 -16.746
  -6.807 -15.617 -16.109
  -6.804 -16.520 -16.908
  -6.801 -16.913 -49.500
  -6.798 -16.497 -17.051
  -6.795 -15.190 -15.858
  -6.792 -15.783 -16.230
  -6.789 -49.500     NaN
  -6.787 -15.499 -16.421
  -6.784 -16.561 -49.500
  -6.781 -16.456 -17.136
  -6.778 -16.401 -16.568
  -6.775 -16.191 -16.563
  -6.773 -16.431 -16.627
  -6.770 -16.308 -16.876
  -6.767 -15.781 -16.142
  -6.765 -15.883 -16.544
  -6.762 -16.049 -16.049
  -6.759 -49.500     NaN
  -6.757 -15.825 -16.956
  -6.754 -16.185 -16.656
  -6.751 -16.099 -16.524
  -6.749 -16.157 -49.500
  -6.746 -49.500     NaN
  -6.744 -15.542 -15.904
  -6.741 -49.500     NaN
  -6.739 -16.393 -16.987
  -6.736 -49.500     NaN
  -6.734 -15.847 -16.515
  -6.731 -15.395 -16.739
  -6.729 -17.007 -49.500
  -6.726 -16.408 -49.500
  -6.724 -16.796 -49.500
  -6.721 -16.633 -49.500
  -6.719 -17.057 -49.500
  -6.717 -49.500 -49.500
  -6.714 -15.747 -15.953
  -6.712 -16.755 -49.500
  -6.709 -16.812 -49.500
  -6.707 -15.986 -16.268
  -6.705 -15.780 -16.912
  -6.702 -16.028 -16.028
  -6.700 -16.420 -16.911
  -6.698 -16.749 -49.500
  -6.696 -49.500 -49.500
  -6.693 -15.779 -15.955
  -6.691 -16.799 -49.500
  -6.689 -16.620 -17.113
  -6.687 -15.756 -16.721
  -6.684 -15.874 -16.090
  -6.682 -16.929 -49.500
  -6.680 -15.835 -15.990
  -6.678 -49.500 -49.500
  -6.675 -15.655 -15.655
  -6.673 -15.797 -15.797
  -6.671 -15.565 -16.965
  -6.669 -49.500 -49.500
  -6.667 -49.500     NaN
  -6.665 -49.500     NaN
  -6.663 -49.500 -49.500
  -6.661 -15.733 -15.733
  -6.658 -15.204 -49.500
  -6.656 -15.616 -16.411
  -6.654 -49.500     NaN
  -6.652 -15.030 -49.500
  -6.650 -49.500     NaN
  -6.648 -16.748 -49.500
  -6.646 -49.500 -49.500
  -6.644 -15.602 -15.930
  -6.642 -16.668 -16.933
  -6.640 -16.547 -49.500
  -6.638 -16.287 -16.567
  -6.636 -16.686 -16.686
  -6.634 -16.189 -49.500
  -6.632 -16.351 -49.500
  -6.630 -49.500     NaN
  -6.628 -15.921 -49.500
  -6.626 -49.500     NaN
  -6.624 -49.500 -49.500
  -6.622 -49.500     NaN
  -6.620 -49.500     NaN
  -6.618 -49.500     NaN
  -6.617 -49.500 -49.500
  -6.615 -16.402 -49.500
  -6.613 -15.995 -49.500
  -6.611 -16.571 -16.571
  -6.609 -16.466 -49.500
  -6.607 -16.696 -49.500
  -6.605 -16.027 -49.500
  -6.603 -15.769 -16.805
  -6.602 -49.500 -49.500
  -6.600 -49.500 -49.500
  -6.598 -49.500     NaN
  -6.596 -49.500     NaN
  -6.594 -49.500     NaN
