  -8.861 -13.842 -13.842
  -8.599 -13.972 -13.972
  -8.442 -13.995 -13.995
  -8.329 -13.830 -14.108
  -8.239 -13.985 -14.191
  -8.166 -14.245 -14.245
  -8.103 -14.339 -14.339
  -8.048 -14.318 -14.318
  -7.999 -14.432 -14.432
  -7.955 -14.378 -14.378
  -7.916 -14.412 -14.412
  -7.879 -14.523 -14.523
  -7.846 -14.542 -14.542
  -7.815 -14.513 -14.513
  -7.786 -14.460 -14.460
  -7.758 -14.603 -14.603
  -7.733 -14.451 -14.451
  -7.709 -14.691 -14.691
  -7.686 -14.670 -14.670
  -7.664 -14.728 -14.728
  -7.643 -14.694 -14.694
  -7.624 -14.726 -14.726
  -7.605 -14.197 -14.684
  -7.586 -14.695 -14.864
  -7.569 -14.236 -14.805
  -7.552 -14.798 -14.798
  -7.536 -14.735 -14.735
  -7.521 -14.760 -14.760
  -7.506 -14.719 -14.719
  -7.491 -14.876 -14.876
  -7.477 -14.791 -15.059
  -7.464 -15.049 -15.049
  -7.451 -15.015 -15.015
  -7.438 -14.833 -15.013
  -7.425 -14.958 -15.204
  -7.413 -15.099 -15.099
  -7.401 -14.593 -15.161
  -7.390 -15.241 -15.520
  -7.379 -15.132 -15.132
  -7.368 -15.160 -15.160
  -7.357 -15.162 -15.379
  -7.347 -15.245 -15.245
  -7.337 -14.862 -15.221
  -7.327 -15.138 -15.138
  -7.317 -14.970 -14.970
  -7.308 -15.394 -15.394
  -7.299 -15.017 -15.221
  -7.290 -15.485 -15.485
  -7.281 -14.782 -15.245
  -7.272 -15.141 -15.141
  -7.264 -15.224 -15.224
  -7.255 -14.907 -14.907
  -7.247 -15.277 -15.429
  -7.239 -15.011 -15.216
  -7.231 -14.984 -15.531
  -7.223 -14.918 -15.384
  -7.216 -15.206 -15.206
  -7.208 -15.378 -15.672
  -7.201 -14.751 -15.126
  -7.194 -15.205 -15.205
  -7.187 -14.874 -15.173
  -7.180 -14.791 -15.600
  -7.173 -15.461 -15.461
  -7.166 -15.124 -15.575
  -7.159 -15.330 -15.653
  -7.153 -15.657 -15.657
  -7.146 -15.717 -15.717
  -7.140 -15.242 -15.803
  -7.133 -16.013 -16.175
  -7.127 -15.353 -15.584
  -7.121 -15.469 -15.642
  -7.115 -15.638 -15.840
  -7.109 -15.187 -15.426
  -7.103 -15.502 -15.502
  -7.098 -15.676 -15.850
  -7.092 -15.624 -16.054
  -7.086 -15.471 -15.808
  -7.081 -15.163 -15.525
  -7.075 -15.158 -15.686
  -7.070 -15.811 -15.811
  -7.064 -15.380 -15.380
  -7.059 -15.650 -15.650
  -7.054 -14.401 -15.448
  -7.049 -15.610 -15.610
  -7.043 -16.158 -16.389
  -7.038 -15.015 -15.400
  -7.033 -15.963 -15.963
  -7.029 -15.222 -15.635
  -7.024 -15.941 -16.151
  -7.019 -15.560 -15.716
  -7.014 -15.660 -15.660
  -7.009 -15.958 -16.118
  -7.005 -15.617 -15.853
  -7.000 -15.554 -15.734
  -6.995 -15.833 -16.156
  -6.991 -15.156 -15.621
  -6.986 -16.496 -16.496
  -6.982 -15.807 -15.807
  -6.978 -15.623 -15.816
  -6.973 -15.827 -15.827
  -6.969 -15.790 -15.790
  -6.965 -14.830 -15.285
  -6.961 -15.979 -16.184
  -6.956 -15.231 -15.540
  -6.952 -16.392 -16.392
  -6.948 -16.173 -16.173
  -6.944 -14.902 -16.136
  -6.940 -16.027 -16.027
  -6.936 -15.923 -15.923
  -6.932 -15.249 -15.819
  -6.928 -16.191 -16.191
  -6.924 -15.709 -15.899
  -6.920 -15.581 -16.669
  -6.917 -15.363 -15.832
  -6.913 -16.234 -16.470
  -6.909 -15.387 -16.125
  -6.905 -16.387 -16.906
  -6.902 -15.482 -16.436
  -6.898 -15.901 -16.357
  -6.894 -15.890 -16.260
  -6.891 -15.166 -15.590
  -6.887 -16.440 -16.612
  -6.884 -14.860 -15.557
  -6.880 -15.804 -16.351
  -6.877 -16.352 -16.907
  -6.873 -15.499 -16.139
  -6.870 -16.147 -49.500
  -6.867 -15.790 -16.237
  -6.863 -16.749 -16.957
  -6.860 -15.440 -15.440
  -6.857 -16.114 -16.114
  -6.853 -15.532 -15.758
  -6.850 -16.382 -16.382
  -6.847 -16.623 -16.815
  -6.844 -16.573 -16.573
  -6.840 -16.102 -16.283
  -6.837 -15.861 -15.861
  -6.834 -15.837 -16.420
  -6.831 -16.556 -16.863
  -6.828 -15.826 -16.078
  -6.825 -16.083 -49.500
  -6.822 -16.102 -16.102
  -6.819 -16.455 -16.455
  -6.816 -15.500 -16.001
  -6.813 -14.807 -15.721
  -6.810 -16.059 -16.355
  -6.807 -16.601 -16.753
  -6.804 -16.487 -16.663
  -6.801 -15.849 -16.268
  -6.798 -16.775 -17.016
  -6.795 -16.255 -16.647
  -6.792 -16.135 -17.209
  -6.789 -16.479 -16.479
  -6.787 -15.760 -16.054
  -6.784 -16.381 -16.588
  -6.781 -16.072 -16.974
  -6.778 -15.744 -16.315
  -6.775 -16.274 -16.546
  -6.773 -16.128 -16.498
  -6.770 -49.500     NaN
  -6.767 -49.500     NaN
  -6.765 -49.500     NaN
  -6.762 -16.906 -17.343
  -6.759 -16.252 -16.593
  -6.757 -16.755 -49.500
  -6.754 -49.500     NaN
  -6.751 -15.961 -16.163
  -6.749 -16.158 -16.354
  -6.746 -16.333 -16.675
  -6.744 -16.259 -16.453
  -6.741 -15.826 -16.111
  -6.739 -16.371 -49.500
  -6.736 -16.573 -16.736
  -6.734 -16.711 -49.500
  -6.731 -16.271 -17.045
  -6.729 -49.500     NaN
  -6.726 -16.770 -49.500
  -6.724 -15.748 -16.045
  -6.721 -15.919 -49.500
  -6.719 -16.092 -16.424
  -6.717 -49.500 -49.500
  -6.714 -49.500 -49.500
  -6.712 -49.500     NaN
  -6.709 -15.955 -16.356
  -6.707 -16.959 -49.500
  -6.705 -16.035 -16.259
  -6.702 -49.500 -49.500
  -6.700 -16.648 -49.500
  -6.698 -15.972 -16.165
  -6.696 -49.500     NaN
  -6.693 -49.500     NaN
  -6.691 -15.654 -49.500
  -6.689 -15.157 -16.684
  -6.687 -16.088 -49.500
  -6.684 -16.524 -16.524
  -6.682 -16.218 -16.482
  -6.680 -49.500     NaN
  -6.678 -15.900 -15.900
  -6.675 -15.603 -16.502
  -6.673 -16.611 -49.500
  -6.671 -16.346 -16.512
  -6.669 -49.500     NaN
  -6.667 -15.358 -15.622
  -6.665 -15.893 -16.921
  -6.663 -16.122 -16.515
  -6.661 -16.205 -16.474
  -6.658 -16.810 -49.500
  -6.656 -16.892 -49.500
  -6.654 -49.500     NaN
  -6.652 -49.500 -49.500
  -6.650 -16.041 -16.230
  -6.648 -16.573 -49.500
  -6.646 -16.206 -16.648
  -6.644 -16.293 -16.660
  -6.642 -16.482 -16.660
  -6.640 -49.500     NaN
  -6.638 -16.517 -16.933
  -6.636 -49.500     NaN
  -6.634 -15.682 -16.868
  -6.632 -49.500 -49.500
  -6.630 -16.183 -49.500
  -6.628 -16.671 -49.500
  -6.626 -49.500 -49.500
  -6.624 -49.500     NaN
  -6.622 -49.500     NaN
  -6.620 -49.500 -49.500
  -6.618 -15.781 -16.757
  -6.617 -49.500     NaN
  -6.615 -49.500     NaN
  -6.613 -16.941 -49.500
  -6.611 -16.581 -16.999
  -6.609 -16.989 -49.500
  -6.607 -49.500     NaN
  -6.605 -49.500 -49.500
  -6.603 -16.132 -49.500
  -6.602 -49.500     NaN
  -6.600 -49.500     NaN
  -6.598 -16.519 -16.519
  -6.596 -15.933 -49.500
  -6.594 -49.500 -49.500
