  -8.861 -13.819 -13.819
  -8.599 -13.953 -13.953
  -8.442 -14.019 -14.019
  -8.329 -14.111 -14.111
  -8.239 -14.162 -14.162
  -8.166 -14.279 -14.279
  -8.103 -14.289 -14.289
  -8.048 -14.299 -14.299
  -7.999 -14.290 -14.290
  -7.955 -14.346 -14.346
  -7.916 -14.392 -14.392
  -7.879 -14.431 -14.431
  -7.846 -13.772 -14.521
  -7.815 -14.506 -14.506
  -7.786 -14.325 -14.325
  -7.758 -14.470 -14.470
  -7.733 -14.513 -14.682
  -7.709 -14.677 -14.677
  -7.686 -14.320 -14.739
  -7.664 -14.541 -14.714
  -7.643 -14.671 -14.864
  -7.624 -14.674 -14.674
  -7.605 -14.816 -14.816
  -7.586 -14.769 -14.949
  -7.569 -14.833 -14.833
  -7.552 -14.905 -14.905
  -7.536 -14.914 -14.914
  -7.521 -14.874 -14.874
  -7.506 -14.698 -14.698
  -7.491 -14.920 -14.920
  -7.477 -14.624 -14.780
  -7.464 -15.099 -15.099
  -7.451 -14.824 -15.099
  -7.438 -14.792 -15.214
  -7.425 -14.656 -14.924
  -7.413 -14.596 -14.596
  -7.401 -15.185 -15.185
  -7.390 -15.055 -15.055
  -7.379 -14.570 -15.055
  -7.368 -15.182 -15.182
  -7.357 -14.972 -14.972
  -7.347 -14.865 -15.029
  -7.337 -14.985 -14.985
  -7.327 -15.231 -15.231
  -7.317 -14.978 -14.978
  -7.308 -15.059 -15.214
  -7.299 -15.062 -15.062
  -7.290 -14.026 -15.101
  -7.281 -14.513 -14.931
  -7.272 -14.772 -15.161
  -7.264 -15.081 -15.373
  -7.255 -15.326 -15.326
  -7.247 -15.189 -15.423
  -7.239 -15.060 -15.399
  -7.231 -15.214 -15.214
  -7.223 -14.458 -14.766
  -7.216 -15.477 -15.477
  -7.208 -14.411 -15.571
  -7.201 -15.287 -15.287
  -7.194 -15.276 -15.276
  -7.187 -14.985 -15.273
  -7.180 -14.844 -15.058
  -7.173 -15.407 -15.606
  -7.166 -15.393 -15.692
  -7.159 -15.001 -15.275
  -7.153 -15.380 -15.630
  -7.146 -15.831 -15.831
  -7.140 -15.805 -15.805
  -7.133 -15.024 -15.649
  -7.127 -14.847 -14.847
  -7.121 -14.922 -15.521
  -7.115 -15.653 -15.653
  -7.109 -15.451 -15.451
  -7.103 -14.952 -15.276
  -7.098 -15.570 -15.570
  -7.092 -15.709 -15.709
  -7.086 -14.946 -15.497
  -7.081 -15.121 -15.620
  -7.075 -15.491 -15.491
  -7.070 -15.439 -15.735
  -7.064 -15.590 -15.590
  -7.059 -14.387 -15.537
  -7.054 -15.492 -15.788
  -7.049 -15.652 -15.803
  -7.043 -15.752 -15.752
  -7.038 -15.623 -15.788
  -7.033 -15.330 -15.773
  -7.029 -16.099 -16.284
  -7.024 -16.165 -16.319
  -7.019 -16.014 -16.014
  -7.014 -14.853 -15.674
  -7.009 -15.298 -15.937
  -7.005 -15.503 -15.503
  -7.000 -15.001 -15.656
  -6.995 -15.838 -16.027
  -6.991 -15.430 -16.113
  -6.986 -16.025 -16.335
  -6.982 -16.177 -16.360
  -6.978 -15.253 -15.253
  -6.973 -15.191 -15.475
  -6.969 -15.827 -16.001
  -6.965 -16.189 -16.189
  -6.961 -15.554 -15.833
  -6.956 -14.902 -15.364
  -6.952 -15.751 -15.908
  -6.948 -14.993 -15.146
  -6.944 -16.318 -16.318
  -6.940 -16.080 -16.259
  -6.936 -16.300 -16.300
  -6.932 -16.228 -16.228
  -6.928 -16.401 -16.629
  -6.924 -15.198 -15.350
  -6.920 -15.968 -16.225
  -6.917 -16.161 -16.161
  -6.913 -16.105 -16.105
  -6.909 -15.770 -15.980
  -6.905 -15.910 -16.280
  -6.902 -15.331 -16.152
  -6.898 -16.023 -16.175
  -6.894 -15.438 -15.613
  -6.891 -16.379 -16.379
  -6.887 -16.662 -16.662
  -6.884 -16.123 -16.123
  -6.880 -15.967 -16.345
  -6.877 -16.499 -16.718
  -6.873 -16.031 -16.031
  -6.870 -16.077 -16.077
  -6.867 -16.887 -17.294
  -6.863 -15.183 -16.148
  -6.860 -16.036 -16.358
  -6.857 -16.004 -16.177
  -6.853 -15.634 -15.852
  -6.850 -16.569 -16.911
  -6.847 -15.920 -16.112
  -6.844 -16.418 -16.778
  -6.840 -15.759 -15.924
  -6.837 -15.684 -16.082
  -6.834 -16.348 -16.715
  -6.831 -16.421 -16.421
  -6.828 -15.186 -15.650
  -6.825 -16.689 -16.918
  -6.822 -15.837 -15.837
  -6.819 -16.417 -16.417
  -6.816 -17.058 -49.500
  -6.813 -49.500     NaN
  -6.810 -15.513 -15.712
  -6.807 -16.295 -16.560
  -6.804 -14.299 -16.374
  -6.801 -16.327 -17.134
  -6.798 -16.793 -49.500
  -6.795 -16.362 -16.585
  -6.792 -16.644 -17.183
  -6.789 -13.916 -16.392
  -6.787 -16.352 -17.098
  -6.784 -15.678 -16.056
  -6.781 -16.726 -16.939
  -6.778 -15.556 -15.814
  -6.775 -15.581 -15.999
  -6.773 -16.116 -49.500
  -6.770 -16.758 -16.973
  -6.767 -16.294 -49.500
  -6.765 -15.983 -16.401
  -6.762 -16.510 -16.510
  -6.759 -16.355 -49.500
  -6.757 -16.608 -49.500
  -6.754 -15.664 -16.292
  -6.751 -16.864 -49.500
  -6.749 -16.525 -16.905
  -6.746 -15.153 -16.311
  -6.744 -15.407 -16.563
  -6.741 -15.461 -17.073
  -6.739 -16.482 -16.692
  -6.736 -16.695 -17.375
  -6.734 -15.693 -15.849
  -6.731 -16.529 -16.681
  -6.729 -49.500     NaN
  -6.726 -16.287 -49.500
  -6.724 -16.357 -49.500
  -6.721 -16.593 -49.500
  -6.719 -16.641 -49.500
  -6.717 -16.459 -49.500
  -6.714 -15.541 -15.752
  -6.712 -15.888 -16.144
  -6.709 -15.885 -16.036
  -6.707 -16.449 -49.500
  -6.705 -15.383 -15.811
  -6.702 -16.208 -49.500
  -6.700 -49.500 -49.500
  -6.698 -16.260 -16.260
  -6.696 -16.767 -49.500
  -6.693 -16.073 -16.243
  -6.691 -14.687 -16.018
  -6.689 -16.242 -16.242
  -6.687 -15.962 -16.125
  -6.684 -16.023 -16.787
  -6.682 -16.420 -49.500
  -6.680 -49.500 -49.500
  -6.678 -49.500     NaN
  -6.675 -16.979 -49.500
  -6.673 -49.500     NaN
  -6.671 -16.665 -17.229
  -6.669 -16.288 -16.288
  -6.667 -16.249 -16.500
  -6.665 -16.644 -49.500
  -6.663 -49.500 -49.500
  -6.661 -49.500     NaN
  -6.658 -49.500     NaN
  -6.656 -49.500     NaN
  -6.654 -49.500     NaN
  -6.652 -49.500     NaN
  -6.650 -16.563 -49.500
  -6.648 -15.764 -16.664
  -6.646 -49.500 -49.500
  -6.644 -16.271 -49.500
  -6.642 -16.963 -49.500
  -6.640 -16.541 -49.500
  -6.638 -49.500 -49.500
  -6.636 -16.573 -49.500
  -6.634 -49.500     NaN
  -6.632 -49.500     NaN
  -6.630 -16.361 -49.500
  -6.628 -49.500 -49.500
  -6.626 -16.741 -49.500
  -6.624 -49.500 -49.500
  -6.622 -16.177 -49.500
  -6.620 -16.685 -49.500
  -6.618 -49.500     NaN
  -6.617 -16.924 -49.500
  -6.615 -15.854 -49.500
  -6.613 -49.500     NaN
  -6.611 -16.819 -16.819
  -6.609 -49.500     NaN
  -6.607 -49.500 -49.500
  -6.605 -49.500     NaN
  -6.603 -49.500 -49.500
  -6.602 -49.500     NaN
  -6.600 -16.754 -49.500
  -6.598 -16.367 -49.500
  -6.596 -16.413 -49.500
  -6.594 -49.500     NaN
