  -8.861 -13.833 -13.833
  -8.599 -13.976 -13.976
  -8.442 -14.052 -14.052
  -8.329 -14.160 -14.160
  -8.239 -14.215 -14.215
  -8.166 -14.242 -14.242
  -8.103 -14.246 -14.246
  -8.048 -14.256 -14.256
  -7.999 -14.377 -14.377
  -7.955 -14.424 -14.424
  -7.916 -14.347 -14.347
  -7.879 -14.474 -14.474
  -7.846 -14.559 -14.559
  -7.815 -14.586 -14.586
  -7.786 -14.460 -14.460
  -7.758 -14.670 -14.670
  -7.733 -14.557 -14.557
  -7.709 -14.353 -14.659
  -7.686 -14.554 -14.554
  -7.664 -14.447 -14.731
  -7.643 -14.757 -14.757
  -7.624 -14.643 -14.643
  -7.605 -14.612 -14.612
  -7.586 -14.464 -14.905
  -7.569 -14.692 -14.692
  -7.552 -14.618 -14.840
  -7.536 -14.940 -14.940
  -7.521 -14.888 -14.888
  -7.506 -15.060 -15.060
  -7.491 -14.851 -14.851
  -7.477 -14.959 -14.959
  -7.464 -14.863 -15.036
  -7.451 -14.753 -14.753
  -7.438 -15.014 -15.014
  -7.425 -14.883 -15.118
  -7.413 -15.075 -15.075
  -7.401 -15.011 -15.167
  -7.390 -14.878 -14.878
  -7.379 -15.055 -15.055
  -7.368 -14.427 -14.427
  -7.357 -15.228 -15.228
  -7.347 -14.833 -14.833
  -7.337 -14.947 -15.135
  -7.327 -14.997 -14.997
  -7.317 -15.020 -15.215
  -7.308 -15.333 -15.333
  -7.299 -14.969 -14.969
  -7.290 -14.492 -15.127
  -7.281 -15.195 -15.195
  -7.272 -15.072 -15.072
  -7.264 -15.506 -15.506
  -7.255 -14.994 -15.249
  -7.247 -15.095 -15.095
  -7.239 -14.681 -15.133
  -7.231 -15.187 -15.408
  -7.223 -15.451 -15.614
  -7.216 -15.124 -15.432
  -7.208 -15.308 -15.308
  -7.201 -15.300 -15.519
  -7.194 -15.011 -15.332
  -7.187 -15.303 -15.524
  -7.180 -15.529 -15.718
  -7.173 -15.180 -15.412
  -7.166 -15.557 -15.756
  -7.159 -15.095 -15.458
  -7.153 -15.328 -15.756
  -7.146 -15.528 -15.528
  -7.140 -14.839 -15.743
  -7.133 -15.463 -15.684
  -7.127 -15.327 -15.684
  -7.121 -15.700 -15.700
  -7.115 -15.450 -15.769
  -7.109 -15.469 -15.660
  -7.103 -15.719 -15.719
  -7.098 -15.818 -16.025
  -7.092 -14.959 -15.259
  -7.086 -15.773 -15.773
  -7.081 -15.398 -15.398
  -7.075 -15.583 -15.583
  -7.070 -15.121 -15.839
  -7.064 -15.555 -15.706
  -7.059 -15.722 -15.722
  -7.054 -15.512 -15.512
  -7.049 -15.650 -15.650
  -7.043 -15.626 -15.919
  -7.038 -15.566 -15.748
  -7.033 -15.339 -15.805
  -7.029 -15.908 -15.908
  -7.024 -15.449 -15.746
  -7.019 -15.990 -16.183
  -7.014 -16.107 -16.107
  -7.009 -15.455 -15.455
  -7.005 -16.093 -16.093
  -7.000 -15.671 -15.671
  -6.995 -15.384 -15.907
  -6.991 -16.043 -16.043
  -6.986 -14.261 -15.687
  -6.982 -15.953 -16.130
  -6.978 -15.586 -16.081
  -6.973 -15.582 -15.582
  -6.969 -15.995 -15.995
  -6.965 -15.453 -15.453
  -6.961 -15.049 -16.072
  -6.956 -15.687 -16.035
  -6.952 -15.940 -15.940
  -6.948 -15.109 -16.118
  -6.944 -15.745 -16.004
  -6.940 -16.163 -16.163
  -6.936 -16.014 -16.273
  -6.932 -15.888 -16.231
  -6.928 -15.400 -15.974
  -6.924 -16.608 -16.608
  -6.920 -15.951 -16.274
  -6.917 -15.372 -16.351
  -6.913 -15.668 -15.999
  -6.909 -15.928 -16.427
  -6.905 -16.249 -16.249
  -6.902 -16.140 -16.515
  -6.898 -15.202 -15.459
  -6.894 -15.755 -15.938
  -6.891 -15.993 -15.993
  -6.887 -16.128 -16.128
  -6.884 -15.456 -15.868
  -6.880 -16.286 -16.286
  -6.877 -15.965 -16.447
  -6.873 -16.038 -16.320
  -6.870 -16.071 -16.071
  -6.867 -15.508 -16.004
  -6.863 -15.652 -16.378
  -6.860 -16.334 -16.334
  -6.857 -16.865 -49.500
  -6.853 -15.771 -16.335
  -6.850 -16.528 -16.528
  -6.847 -15.174 -16.524
  -6.844 -15.029 -16.462
  -6.840 -15.253 -15.735
  -6.837 -16.025 -16.293
  -6.834 -14.983 -16.214
  -6.831 -15.556 -15.747
  -6.828 -15.981 -15.981
  -6.825 -15.593 -49.500
  -6.822 -16.459 -16.915
  -6.819 -15.785 -16.381
  -6.816 -16.049 -16.249
  -6.813 -16.157 -16.530
  -6.810 -15.627 -16.699
  -6.807 -16.577 -16.755
  -6.804 -16.420 -16.594
  -6.801 -15.070 -16.329
  -6.798 -15.386 -15.875
  -6.795 -15.419 -15.887
  -6.792 -15.453 -16.130
  -6.789 -15.594 -16.174
  -6.787 -16.148 -16.412
  -6.784 -16.225 -49.500
  -6.781 -15.859 -16.122
  -6.778 -16.347 -16.347
  -6.775 -16.651 -49.500
  -6.773 -15.909 -16.073
  -6.770 -16.319 -16.665
  -6.767 -16.162 -16.639
  -6.765 -16.534 -16.803
  -6.762 -16.222 -16.510
  -6.759 -15.875 -16.476
  -6.757 -16.102 -49.500
  -6.754 -15.166 -15.677
  -6.751 -15.674 -16.418
  -6.749 -16.182 -16.440
  -6.746 -15.165 -49.500
  -6.744 -16.071 -16.535
  -6.741 -16.183 -16.491
  -6.739 -16.027 -16.382
  -6.736 -15.956 -16.331
  -6.734 -15.972 -16.424
  -6.731 -16.687 -16.951
  -6.729 -49.500     NaN
  -6.726 -49.500     NaN
  -6.724 -15.859 -15.859
  -6.721 -16.206 -16.206
  -6.719 -16.869 -49.500
  -6.717 -15.165 -17.315
  -6.714 -15.173 -15.173
  -6.712 -16.508 -16.692
  -6.709 -16.653 -49.500
  -6.707 -16.674 -16.990
  -6.705 -15.984 -16.344
  -6.702 -15.978 -16.390
  -6.700 -49.500     NaN
  -6.698 -15.045 -17.052
  -6.696 -49.500     NaN
  -6.693 -16.205 -16.538
  -6.691 -16.221 -16.510
  -6.689 -49.500     NaN
  -6.687 -49.500     NaN
  -6.684 -15.347 -15.347
  -6.682 -15.876 -16.829
  -6.680 -49.500 -49.500
  -6.678 -17.026 -49.500
  -6.675 -16.328 -16.963
  -6.673 -16.772 -49.500
  -6.671 -49.500     NaN
  -6.669 -16.467 -49.500
  -6.667 -14.520 -16.623
  -6.665 -15.968 -16.977
  -6.663 -49.500     NaN
  -6.661 -49.500     NaN
  -6.658 -49.500     NaN
  -6.656 -49.500     NaN
  -6.654 -16.272 -16.828
  -6.652 -49.500 -49.500
  -6.650 -49.500     NaN
  -6.648 -49.500     NaN
  -6.646 -49.500     NaN
  -6.644 -16.410 -17.029
  -6.642 -16.503 -49.500
  -6.640 -49.500     NaN
  -6.638 -49.500     NaN
  -6.636 -49.500 -49.500
  -6.634 -16.391 -49.500
  -6.632 -49.500     NaN
  -6.630 -16.087 -49.500
  -6.628 -15.979 -16.528
  -6.626 -49.500     NaN
  -6.624 -49.500     NaN
  -6.622 -49.500     NaN
  -6.620 -49.500     NaN
  -6.618 -49.500 -49.500
  -6.617 -49.500     NaN
  -6.615 -49.500 -49.500
  -6.613 -16.396 -49.500
  -6.611 -49.500     NaN
  -6.609 -16.973 -49.500
  -6.607 -16.394 -16.394
  -6.605 -49.500     NaN
  -6.603 -15.677 -16.020
  -6.602 -16.197 -49.500
  -6.600 -49.500     NaN
  -6.598 -15.984 -16.390
  -6.596 -16.223 -49.500
  -6.594 -49.500     NaN
