  -8.861 -13.844 -13.844
  -8.599 -13.983 -13.983
  -8.442 -14.038 -14.038
  -8.329 -14.144 -14.144
  -8.239 -14.129 -14.129
  -8.166 -14.284 -14.284
  -8.103 -14.264 -14.264
  -8.048 -14.319 -14.319
  -7.999 -14.248 -14.248
  -7.955 -14.259 -14.259
  -7.916 -14.327 -14.327
  -7.879 -14.418 -14.418
  -7.846 -14.367 -14.538
  -7.815 -14.314 -14.555
  -7.786 -14.535 -14.535
  -7.758 -14.524 -14.524
  -7.733 -14.607 -14.607
  -7.709 -14.613 -14.613
  -7.686 -14.587 -14.587
  -7.664 -14.609 -14.609
  -7.643 -14.804 -14.804
  -7.624 -14.571 -14.792
  -7.605 -14.836 -14.836
  -7.586 -14.627 -14.627
  -7.569 -14.908 -14.908
  -7.552 -14.747 -14.747
  -7.536 -14.836 -14.836
  -7.521 -14.838 -14.838
  -7.506 -14.937 -14.937
  -7.491 -14.572 -14.882
  -7.477 -14.475 -14.475
  -7.464 -14.960 -15.116
  -7.451 -14.930 -14.930
  -7.438 -15.135 -15.135
  -7.425 -14.999 -14.999
  -7.413 -14.883 -14.883
  -7.401 -14.912 -14.912
  -7.390 -14.944 -15.121
  -7.379 -14.841 -14.841
  -7.368 -15.023 -15.023
  -7.357 -14.467 -15.194
  -7.347 -15.406 -15.406
  -7.337 -14.777 -14.933
  -7.327 -15.169 -15.169
  -7.317 -15.187 -15.374
  -7.308 -15.275 -15.454
  -7.299 -14.559 -15.159
  -7.290 -14.996 -14.996
  -7.281 -14.380 -14.800
  -7.272 -15.367 -15.367
  -7.264 -15.228 -15.529
  -7.255 -15.187 -15.187
  -7.247 -14.630 -15.416
  -7.239 -14.848 -15.279
  -7.231 -15.560 -15.560
  -7.223 -15.167 -15.466
  -7.216 -14.828 -15.328
  -7.208 -15.546 -15.546
  -7.201 -15.105 -15.438
  -7.194 -15.135 -15.339
  -7.187 -15.305 -15.655
  -7.180 -15.228 -15.486
  -7.173 -14.285 -15.722
  -7.166 -15.003 -15.473
  -7.159 -15.296 -15.296
  -7.153 -15.400 -15.937
  -7.146 -15.671 -15.671
  -7.140 -15.150 -15.334
  -7.133 -15.195 -15.389
  -7.127 -14.364 -14.764
  -7.121 -15.692 -15.877
  -7.115 -15.533 -15.873
  -7.109 -15.849 -15.849
  -7.103 -15.473 -15.473
  -7.098 -14.806 -15.252
  -7.092 -15.519 -15.775
  -7.086 -15.411 -15.813
  -7.081 -15.772 -15.772
  -7.075 -15.466 -15.728
  -7.070 -15.499 -15.663
  -7.064 -15.996 -16.171
  -7.059 -15.616 -15.616
  -7.054 -15.261 -15.416
  -7.049 -15.514 -15.689
  -7.043 -15.733 -15.733
  -7.038 -15.525 -15.810
  -7.033 -16.030 -16.030
  -7.029 -15.864 -16.227
  -7.024 -14.302 -15.304
  -7.019 -15.302 -16.171
  -7.014 -14.827 -15.280
  -7.009 -15.702 -15.888
  -7.005 -15.620 -15.620
  -7.000 -15.874 -15.874
  -6.995 -15.537 -16.032
  -6.991 -15.673 -16.027
  -6.986 -15.356 -15.356
  -6.982 -15.689 -16.305
  -6.978 -15.055 -15.950
  -6.973 -15.851 -16.049
  -6.969 -15.636 -16.425
  -6.965 -15.874 -15.874
  -6.961 -16.142 -16.142
  -6.956 -15.890 -15.890
  -6.952 -15.941 -15.941
  -6.948 -15.629 -16.098
  -6.944 -15.842 -16.341
  -6.940 -15.694 -16.359
  -6.936 -16.141 -16.577
  -6.932 -15.952 -15.952
  -6.928 -15.854 -15.854
  -6.924 -15.459 -16.009
  -6.920 -16.319 -16.319
  -6.917 -16.311 -16.311
  -6.913 -16.614 -16.614
  -6.909 -16.028 -16.358
  -6.905 -15.844 -16.216
  -6.902 -16.406 -17.039
  -6.898 -15.898 -16.334
  -6.894 -15.966 -16.267
  -6.891 -15.853 -16.164
  -6.887 -16.405 -16.639
  -6.884 -16.297 -16.297
  -6.880 -15.234 -16.206
  -6.877 -16.160 -16.160
  -6.873 -15.793 -16.266
  -6.870 -15.670 -16.141
  -6.867 -14.883 -16.150
  -6.863 -15.663 -15.845
  -6.860 -16.387 -16.387
  -6.857 -15.509 -16.070
  -6.853 -15.455 -16.027
  -6.850 -16.202 -16.202
  -6.847 -16.353 -16.507
  -6.844 -16.498 -16.672
  -6.840 -15.504 -16.148
  -6.837 -15.019 -15.893
  -6.834 -15.943 -16.455
  -6.831 -16.374 -16.374
  -6.828 -16.077 -16.336
  -6.825 -15.102 -15.761
  -6.822 -16.473 -16.643
  -6.819 -15.588 -16.019
  -6.816 -16.008 -16.376
  -6.813 -16.080 -16.333
  -6.810 -15.768 -16.417
  -6.807 -15.714 -16.807
  -6.804 -16.303 -16.592
  -6.801 -16.144 -17.299
  -6.798 -14.630 -15.448
  -6.795 -16.137 -16.337
  -6.792 -15.927 -16.107
  -6.789 -15.970 -16.247
  -6.787 -16.264 -16.518
  -6.784 -16.137 -16.353
  -6.781 -16.016 -16.241
  -6.778 -15.388 -15.569
  -6.775 -16.220 -16.467
  -6.773 -16.685 -17.161
  -6.770 -49.500     NaN
  -6.767 -15.569 -15.839
  -6.765 -16.731 -49.500
  -6.762 -16.482 -17.115
  -6.759 -15.798 -16.547
  -6.757 -16.419 -16.419
  -6.754 -49.500     NaN
  -6.751 -16.004 -16.246
  -6.749 -16.296 -49.500
  -6.746 -16.586 -49.500
  -6.744 -49.500     NaN
  -6.741 -15.873 -16.312
  -6.739 -16.935 -49.500
  -6.736 -17.389 -49.500
  -6.734 -49.500     NaN
  -6.731 -16.236 -16.397
  -6.729 -16.543 -49.500
  -6.726 -16.557 -16.803
  -6.724 -16.278 -16.578
  -6.721 -16.670 -16.825
  -6.719 -16.568 -49.500
  -6.717 -16.219 -49.500
  -6.714 -49.500     NaN
  -6.712 -49.500     NaN
  -6.709 -49.500     NaN
  -6.707 -16.753 -49.500
  -6.705 -16.313 -49.500
  -6.702 -16.506 -17.164
  -6.700 -16.004 -16.332
  -6.698 -15.622 -15.991
  -6.696 -15.908 -16.268
  -6.693 -16.233 -16.890
  -6.691 -16.842 -49.500
  -6.689 -49.500     NaN
  -6.687 -17.191 -49.500
  -6.684 -15.924 -16.117
  -6.682 -16.458 -17.002
  -6.680 -16.062 -49.500
  -6.678 -16.568 -16.568
  -6.675 -49.500 -49.500
  -6.673 -15.502 -49.500
  -6.671 -16.382 -16.547
  -6.669 -16.704 -49.500
  -6.667 -16.781 -49.500
  -6.665 -16.870 -49.500
  -6.663 -16.966 -49.500
  -6.661 -16.524 -16.524
  -6.658 -49.500     NaN
  -6.656 -15.867 -49.500
  -6.654 -49.500 -49.500
  -6.652 -16.012 -16.665
  -6.650 -49.500 -49.500
  -6.648 -15.792 -49.500
  -6.646 -16.703 -49.500
  -6.644 -15.812 -49.500
  -6.642 -16.087 -16.314
  -6.640 -15.969 -16.183
  -6.638 -49.500     NaN
  -6.636 -49.500     NaN
  -6.634 -16.656 -49.500
  -6.632 -49.500     NaN
  -6.630 -49.500     NaN
  -6.628 -49.500 -49.500
  -6.626 -16.230 -16.476
  -6.624 -16.469 -49.500
  -6.622 -49.500 -49.500
  -6.620 -16.311 -49.500
  -6.618 -16.182 -16.182
  -6.617 -14.529 -49.500
  -6.615 -49.500 -49.500
  -6.613 -16.538 -49.500
  -6.611 -16.616 -49.500
  -6.609 -49.500     NaN
  -6.607 -15.392 -16.201
  -6.605 -49.500     NaN
  -6.603 -15.029 -16.245
  -6.602 -49.500     NaN
  -6.600 -49.500 -49.500
  -6.598 -49.500     NaN
  -6.596 -16.116 -16.580
  -6.594 -49.500 -49.500
