  -8.861 -13.813 -13.813
  -8.599 -13.972 -13.972
  -8.442 -14.009 -14.009
  -8.329 -14.111 -14.111
  -8.239 -14.066 -14.066
  -8.166 -14.192 -14.192
  -8.103 -14.302 -14.302
  -8.048 -14.256 -14.256
  -7.999 -14.378 -14.378
  -7.955 -14.354 -14.354
  -7.916 -14.311 -14.311
  -7.879 -14.437 -14.437
  -7.846 -14.507 -14.507
  -7.815 -14.472 -14.472
  -7.786 -14.631 -14.631
  -7.758 -14.622 -14.622
  -7.733 -14.684 -14.684
  -7.709 -14.534 -14.534
  -7.686 -14.364 -14.733
  -7.664 -14.300 -14.502
  -7.643 -14.203 -14.535
  -7.624 -14.632 -14.632
  -7.605 -14.502 -14.685
  -7.586 -14.507 -14.817
  -7.569 -14.728 -14.728
  -7.552 -14.805 -14.805
  -7.536 -14.945 -14.945
  -7.521 -14.771 -14.771
  -7.506 -14.374 -14.690
  -7.491 -14.911 -14.911
  -7.477 -14.930 -14.930
  -7.464 -15.075 -15.075
  -7.451 -14.741 -15.168
  -7.438 -14.765 -14.765
  -7.425 -14.917 -14.917
  -7.413 -14.861 -14.861
  -7.401 -14.798 -15.103
  -7.390 -15.122 -15.122
  -7.379 -14.866 -14.866
  -7.368 -15.194 -15.194
  -7.357 -14.685 -15.245
  -7.347 -14.854 -15.426
  -7.337 -14.697 -14.697
  -7.327 -15.336 -15.506
  -7.317 -15.306 -15.306
  -7.308 -15.452 -15.452
  -7.299 -14.706 -15.462
  -7.290 -15.374 -15.374
  -7.281 -14.878 -14.878
  -7.272 -15.109 -15.368
  -7.264 -15.264 -15.264
  -7.255 -15.324 -15.535
  -7.247 -15.007 -15.209
  -7.239 -15.454 -15.629
  -7.231 -15.073 -15.239
  -7.223 -15.432 -15.432
  -7.216 -15.348 -15.348
  -7.208 -14.581 -15.586
  -7.201 -15.355 -15.355
  -7.194 -15.700 -15.700
  -7.187 -15.224 -15.224
  -7.180 -14.855 -15.017
  -7.173 -15.513 -15.736
  -7.166 -15.540 -15.540
  -7.159 -15.256 -15.525
  -7.153 -15.658 -15.658
  -7.146 -14.693 -14.874
  -7.140 -15.314 -15.314
  -7.133 -15.253 -15.635
  -7.127 -15.320 -15.526
  -7.121 -15.320 -15.581
  -7.115 -14.882 -15.574
  -7.109 -15.934 -15.934
  -7.103 -15.514 -15.817
  -7.098 -15.575 -15.772
  -7.092 -15.619 -15.619
  -7.086 -15.241 -15.841
  -7.081 -15.314 -15.572
  -7.075 -15.617 -15.617
  -7.070 -15.198 -15.823
  -7.064 -15.532 -16.038
  -7.059 -14.452 -15.941
  -7.054 -15.262 -15.735
  -7.049 -15.779 -16.023
  -7.043 -15.548 -15.945
  -7.038 -15.027 -15.334
  -7.033 -15.907 -15.907
  -7.029 -15.905 -15.905
  -7.024 -15.453 -15.622
  -7.019 -15.911 -15.911
  -7.014 -15.380 -15.602
  -7.009 -15.973 -15.973
  -7.005 -15.655 -15.805
  -7.000 -14.413 -14.678
  -6.995 -15.632 -15.632
  -6.991 -15.849 -16.301
  -6.986 -15.943 -16.242
  -6.982 -15.292 -16.526
  -6.978 -15.834 -16.025
  -6.973 -16.106 -16.106
  -6.969 -15.701 -15.701
  -6.965 -15.971 -16.171
  -6.961 -15.132 -15.662
  -6.956 -15.375 -16.250
  -6.952 -15.708 -15.708
  -6.948 -15.113 -15.936
  -6.944 -15.282 -16.024
  -6.940 -16.322 -16.762
  -6.936 -14.669 -15.623
  -6.932 -15.792 -15.792
  -6.928 -15.563 -15.766
  -6.924 -15.780 -15.780
  -6.920 -15.882 -16.395
  -6.917 -15.674 -16.049
  -6.913 -16.169 -16.403
  -6.909 -15.610 -15.812
  -6.905 -14.794 -15.640
  -6.902 -16.128 -16.341
  -6.898 -15.805 -16.045
  -6.894 -15.145 -16.505
  -6.891 -14.764 -15.946
  -6.887 -15.991 -15.991
  -6.884 -15.232 -16.663
  -6.880 -16.141 -16.141
  -6.877 -15.557 -16.602
  -6.873 -15.489 -16.001
  -6.870 -14.691 -16.637
  -6.867 -15.830 -15.830
  -6.863 -15.960 -16.913
  -6.860 -16.621 -16.621
  -6.857 -15.712 -16.359
  -6.853 -16.354 -16.677
  -6.850 -16.080 -49.500
  -6.847 -15.292 -16.413
  -6.844 -16.443 -16.443
  -6.840 -15.968 -15.968
  -6.837 -14.809 -16.419
  -6.834 -16.014 -16.578
  -6.831 -15.901 -16.515
  -6.828 -16.431 -16.634
  -6.825 -16.162 -16.453
  -6.822 -16.021 -16.366
  -6.819 -16.215 -16.396
  -6.816 -15.427 -16.730
  -6.813 -16.154 -16.154
  -6.810 -16.199 -16.636
  -6.807 -15.847 -16.129
  -6.804 -16.289 -16.742
  -6.801 -15.697 -16.618
  -6.798 -16.159 -16.372
  -6.795 -16.081 -16.880
  -6.792 -16.164 -16.164
  -6.789 -49.500     NaN
  -6.787 -16.537 -17.376
  -6.784 -15.236 -16.719
  -6.781 -15.740 -16.302
  -6.778 -16.291 -16.715
  -6.775 -15.618 -16.379
  -6.773 -16.795 -17.130
  -6.770 -15.745 -49.500
  -6.767 -16.367 -17.028
  -6.765 -15.894 -16.689
  -6.762 -16.211 -16.565
  -6.759 -49.500     NaN
  -6.757 -49.500     NaN
  -6.754 -16.244 -16.463
  -6.751 -15.539 -16.534
  -6.749 -49.500     NaN
  -6.746 -15.556 -16.605
  -6.744 -16.468 -16.665
  -6.741 -15.807 -15.977
  -6.739 -16.426 -49.500
  -6.736 -17.280 -49.500
  -6.734 -15.932 -16.131
  -6.731 -16.081 -16.252
  -6.729 -16.308 -49.500
  -6.726 -15.652 -16.228
  -6.724 -15.874 -16.516
  -6.721 -16.548 -49.500
  -6.719 -16.091 -16.289
  -6.717 -16.201 -49.500
  -6.714 -49.500     NaN
  -6.712 -16.431 -16.639
  -6.709 -49.500     NaN
  -6.707 -16.003 -49.500
  -6.705 -16.467 -16.794
  -6.702 -16.538 -49.500
  -6.700 -15.615 -16.112
  -6.698 -16.172 -49.500
  -6.696 -49.500 -49.500
  -6.693 -16.313 -16.942
  -6.691 -16.857 -17.079
  -6.689 -49.500     NaN
  -6.687 -49.500 -49.500
  -6.684 -49.500 -49.500
  -6.682 -15.782 -49.500
  -6.680 -49.500     NaN
  -6.678 -16.883 -49.500
  -6.675 -16.123 -16.833
  -6.673 -49.500     NaN
  -6.671 -15.229 -49.500
  -6.669 -15.655 -49.500
  -6.667 -16.043 -16.043
  -6.665 -16.197 -16.383
  -6.663 -15.448 -49.500
  -6.661 -16.532 -49.500
  -6.658 -15.879 -49.500
  -6.656 -49.500 -49.500
  -6.654 -49.500 -49.500
  -6.652 -15.759 -49.500
  -6.650 -49.500     NaN
  -6.648 -49.500     NaN
  -6.646 -16.582 -49.500
  -6.644 -49.500     NaN
  -6.642 -49.500 -49.500
  -6.640 -15.899 -49.500
  -6.638 -49.500 -49.500
  -6.636 -16.554 -49.500
  -6.634 -49.500 -49.500
  -6.632 -49.500 -49.500
  -6.630 -14.950 -14.950
  -6.628 -49.500 -49.500
  -6.626 -49.500 -49.500
  -6.624 -16.766 -49.500
  -6.622 -49.500 -49.500
  -6.620 -49.500     NaN
  -6.618 -49.500     NaN
  -6.617 -49.500     NaN
  -6.615 -16.460 -16.460
  -6.613 -16.245 -16.553
  -6.611 -49.500     NaN
  -6.609 -15.935 -49.500
  -6.607 -49.500     NaN
  -6.605 -49.500 -49.500
  -6.603 -15.521 -49.500
  -6.602 -49.500 -49.500
  -6.600 -16.267 -49.500
  -6.598 -16.699 -49.500
  -6.596 -16.022 -16.022
  -6.594 -15.838 -16.717
