  -8.861 -13.831 -13.831
  -8.599 -13.917 -13.917
  -8.442 -14.040 -14.040
  -8.329 -14.078 -14.078
  -8.239 -14.122 -14.122
  -8.166 -14.040 -14.197
  -8.103 -14.204 -14.204
  -8.048 -14.379 -14.379
  -7.999 -14.133 -14.133
  -7.955 -14.349 -14.349
  -7.916 -14.481 -14.481
  -7.879 -14.348 -14.348
  -7.846 -14.444 -14.444
  -7.815 -13.892 -14.571
  -7.786 -14.621 -14.621
  -7.758 -14.521 -14.521
  -7.733 -14.501 -14.653
  -7.709 -14.562 -14.562
  -7.686 -14.562 -14.562
  -7.664 -14.489 -14.489
  -7.643 -14.874 -14.874
  -7.624 -14.773 -14.773
  -7.605 -14.859 -14.859
  -7.586 -14.977 -14.977
  -7.569 -14.638 -14.638
  -7.552 -14.637 -14.841
  -7.536 -14.538 -14.538
  -7.521 -14.885 -14.885
  -7.506 -14.885 -14.885
  -7.491 -15.064 -15.064
  -7.477 -14.839 -14.839
  -7.464 -14.787 -15.039
  -7.451 -14.326 -14.655
  -7.438 -14.808 -14.808
  -7.425 -15.157 -15.157
  -7.413 -15.057 -15.057
  -7.401 -15.063 -15.063
  -7.390 -15.076 -15.076
  -7.379 -14.868 -15.233
  -7.368 -14.955 -15.251
  -7.357 -15.223 -15.223
  -7.347 -15.001 -15.159
  -7.337 -15.091 -15.091
  -7.327 -15.060 -15.060
  -7.317 -14.637 -14.947
  -7.308 -14.330 -14.782
  -7.299 -15.256 -15.256
  -7.290 -14.257 -15.196
  -7.281 -15.113 -15.113
  -7.272 -14.458 -15.114
  -7.264 -14.723 -15.454
  -7.255 -15.121 -15.121
  -7.247 -15.355 -15.355
  -7.239 -14.671 -14.944
  -7.231 -14.871 -15.166
  -7.223 -14.863 -15.565
  -7.216 -15.276 -15.276
  -7.208 -15.197 -15.197
  -7.201 -15.356 -15.512
  -7.194 -15.432 -15.432
  -7.187 -15.416 -15.596
  -7.180 -15.563 -15.563
  -7.173 -14.906 -15.720
  -7.166 -15.276 -15.757
  -7.159 -14.883 -15.557
  -7.153 -15.078 -15.358
  -7.146 -14.820 -15.129
  -7.140 -15.392 -15.707
  -7.133 -15.593 -15.593
  -7.127 -15.395 -15.395
  -7.121 -15.432 -15.432
  -7.115 -15.696 -15.696
  -7.109 -15.362 -15.362
  -7.103 -15.740 -15.898
  -7.098 -15.240 -15.557
  -7.092 -15.125 -15.468
  -7.086 -15.570 -15.570
  -7.081 -15.540 -15.727
  -7.075 -15.545 -16.012
  -7.070 -15.775 -15.775
  -7.064 -15.606 -16.023
  -7.059 -15.882 -15.882
  -7.054 -15.755 -15.755
  -7.049 -15.081 -15.263
  -7.043 -15.602 -16.068
  -7.038 -14.877 -15.651
  -7.033 -15.773 -15.773
  -7.029 -16.098 -16.098
  -7.024 -15.924 -16.077
  -7.019 -15.974 -15.974
  -7.014 -14.442 -14.783
  -7.009 -14.273 -15.484
  -7.005 -15.653 -16.073
  -7.000 -15.794 -15.794
  -6.995 -15.675 -15.675
  -6.991 -16.059 -16.059
  -6.986 -15.059 -15.514
  -6.982 -15.228 -15.999
  -6.978 -14.971 -15.789
  -6.973 -15.901 -15.901
  -6.969 -15.781 -15.781
  -6.965 -15.228 -15.618
  -6.961 -15.270 -15.564
  -6.956 -15.860 -16.094
  -6.952 -16.422 -16.422
  -6.948 -15.706 -16.276
  -6.944 -15.814 -16.234
  -6.940 -15.450 -15.825
  -6.936 -15.450 -15.653
  -6.932 -15.628 -16.271
  -6.928 -15.084 -15.499
  -6.924 -16.317 -16.317
  -6.920 -15.827 -16.120
  -6.917 -16.107 -16.107
  -6.913 -15.233 -16.039
  -6.909 -14.912 -15.857
  -6.905 -15.677 -16.383
  -6.902 -16.053 -16.242
  -6.898 -15.644 -15.995
  -6.894 -15.588 -16.487
  -6.891 -16.333 -16.592
  -6.887 -15.434 -16.281
  -6.884 -15.835 -16.186
  -6.880 -16.240 -16.240
  -6.877 -16.200 -16.200
  -6.873 -15.196 -15.978
  -6.870 -15.557 -15.870
  -6.867 -15.637 -15.637
  -6.863 -16.042 -16.042
  -6.860 -16.047 -16.259
  -6.857 -16.061 -16.274
  -6.853 -16.555 -16.779
  -6.850 -15.635 -16.454
  -6.847 -15.699 -16.297
  -6.844 -15.234 -16.158
  -6.840 -15.561 -16.128
  -6.837 -15.862 -16.214
  -6.834 -16.279 -16.908
  -6.831 -17.129 -49.500
  -6.828 -15.898 -16.339
  -6.825 -14.972 -16.701
  -6.822 -15.537 -15.978
  -6.819 -16.600 -16.807
  -6.816 -16.100 -16.386
  -6.813 -16.541 -16.693
  -6.810 -17.214 -49.500
  -6.807 -14.840 -15.984
  -6.804 -15.397 -15.636
  -6.801 -16.311 -16.637
  -6.798 -15.582 -15.890
  -6.795 -15.762 -16.701
  -6.792 -16.107 -16.554
  -6.789 -14.811 -15.721
  -6.787 -16.167 -16.167
  -6.784 -16.410 -16.802
  -6.781 -49.500     NaN
  -6.778 -17.115 -49.500
  -6.775 -15.895 -15.895
  -6.773 -16.600 -16.600
  -6.770 -16.631 -49.500
  -6.767 -17.099 -49.500
  -6.765 -16.252 -16.797
  -6.762 -16.731 -16.731
  -6.759 -15.570 -16.000
  -6.757 -15.250 -16.017
  -6.754 -16.488 -16.647
  -6.751 -16.455 -16.644
  -6.749 -49.500     NaN
  -6.746 -15.999 -16.861
  -6.744 -49.500     NaN
  -6.741 -16.324 -49.500
  -6.739 -16.361 -49.500
  -6.736 -16.188 -16.348
  -6.734 -16.524 -17.209
  -6.731 -16.480 -16.933
  -6.729 -16.476 -49.500
  -6.726 -16.590 -17.121
  -6.724 -15.747 -16.304
  -6.721 -16.486 -16.715
  -6.719 -15.008 -49.500
  -6.717 -49.500     NaN
  -6.714 -16.958 -17.131
  -6.712 -16.271 -16.595
  -6.709 -15.258 -16.165
  -6.707 -16.113 -49.500
  -6.705 -15.285 -16.535
  -6.702 -15.858 -16.695
  -6.700 -16.906 -49.500
  -6.698 -16.231 -49.500
  -6.696 -16.019 -16.370
  -6.693 -16.799 -49.500
  -6.691 -16.124 -16.372
  -6.689 -16.527 -49.500
  -6.687 -16.531 -49.500
  -6.684 -16.592 -16.836
  -6.682 -16.858 -17.049
  -6.680 -49.500 -49.500
  -6.678 -16.990 -49.500
  -6.675 -15.282 -16.476
  -6.673 -16.273 -49.500
  -6.671 -49.500     NaN
  -6.669 -49.500     NaN
  -6.667 -49.500     NaN
  -6.665 -49.500 -49.500
  -6.663 -16.467 -49.500
  -6.661 -16.335 -49.500
  -6.658 -16.184 -49.500
  -6.656 -16.155 -16.357
  -6.654 -49.500     NaN
  -6.652 -16.184 -16.802
  -6.650 -16.295 -49.500
  -6.648 -15.846 -49.500
  -6.646 -49.500 -49.500
  -6.644 -49.500 -49.500
  -6.642 -15.188 -15.363
  -6.640 -49.500 -49.500
  -6.638 -49.500 -49.500
  -6.636 -16.344 -49.500
  -6.634 -16.214 -49.500
  -6.632 -49.500     NaN
  -6.630 -49.500 -49.500
  -6.628 -49.500     NaN
  -6.626 -16.048 -49.500
  -6.624 -16.273 -49.500
  -6.622 -49.500 -49.500
  -6.620 -16.740 -49.500
  -6.618 -49.500     NaN
  -6.617 -49.500     NaN
  -6.615 -16.450 -49.500
  -6.613 -49.500 -49.500
  -6.611 -16.863 -49.500
  -6.609 -49.500     NaN
  -6.607 -49.500     NaN
  -6.605 -49.500     NaN
  -6.603 -49.500 -49.500
  -6.602 -49.500 -49.500
  -6.600 -49.500 -49.500
  -6.598 -16.481 -49.500
  -6.596 -16.934 -49.500
  -6.594 -49.500     NaN
